0.0000000000e+00	0	0	500	0	0	0	0	50	500	500	0	500	500	0	
4.7834543401e-01	0	1	500	0	2	4	0	50	500	500	0	500	500	0	
9.9437265137e-01	0	2	498	2	1	10	0	50	500	500	0	500	500	0	
1.4889421540e+00	0	3	497	3	4	8	0	50	500	500	0	500	500	0	
1.9976997950e+00	0	4	497	3	1	10	0	50	500	500	0	500	500	0	
2.4676638057e+00	0	5	496	4	2	7	0	50	500	500	0	500	500	0	
2.9969744799e+00	1	5	493	7	0	7	0	50	500	500	0	500	500	0	
3.4926439712e+00	1	8	491	9	2	8	0	50	500	500	0	500	500	0	
3.9991220929e+00	1	10	493	7	1	5	0	50	500	500	0	500	500	0	
4.4942241670e+00	1	10	489	11	0	6	0	50	500	500	0	500	500	0	
4.9973111957e+00	1	10	492	8	2	5	0	50	500	500	0	500	500	0	
5.4951703812e+00	1	10	492	8	5	9	0	50	500	500	0	500	500	0	
5.9984264237e+00	1	11	493	7	4	8	0	50	500	500	0	500	500	0	
6.4987014847e+00	1	12	492	8	3	9	0	50	500	500	0	500	500	0	
6.9979842094e+00	1	12	490	10	1	13	0	50	500	500	0	500	500	0	
7.4922710544e+00	1	12	487	13	5	7	0	50	500	500	0	500	500	0	
7.9953816242e+00	1	15	489	11	1	10	0	50	500	500	0	500	500	0	
8.4941612759e+00	1	16	483	17	6	8	0	50	500	500	0	500	500	0	
8.9952283714e+00	0	20	480	20	4	8	0	50	500	500	0	500	500	0	
9.4638835737e+00	0	20	480	20	1	6	0	50	500	500	0	500	500	0	
9.9975527539e+00	0	20	478	22	4	7	0	50	500	500	0	500	500	0	
1.0487637327e+01	0	21	477	23	1	5	0	50	500	500	0	500	500	0	
1.0995721024e+01	0	22	471	29	2	8	0	50	500	500	0	500	500	0	
1.1498659231e+01	0	21	468	32	4	3	0	50	500	500	0	500	500	0	
1.1997451955e+01	0	22	466	34	2	8	0	50	500	500	0	500	500	0	
1.2493286393e+01	0	22	462	38	2	6	0	50	500	500	0	500	500	0	
1.2999489873e+01	1	22	470	30	4	6	0	50	500	500	0	500	500	0	
1.3495929405e+01	1	22	469	31	3	5	0	50	500	500	0	500	500	0	
1.3996588554e+01	1	23	474	26	2	5	0	50	500	500	0	500	500	0	
1.4498510192e+01	1	23	469	31	3	7	0	50	500	500	0	500	500	0	
1.4999343226e+01	1	25	471	29	4	6	0	50	500	500	0	500	500	0	
1.5494671694e+01	1	26	458	42	4	5	0	50	500	500	0	500	500	0	
1.5990871218e+01	1	28	459	41	1	9	0	50	500	500	0	500	500	0	
1.6492809935e+01	1	31	453	47	3	6	0	50	500	500	0	500	500	0	
1.6998983422e+01	2	31	449	51	4	5	0	50	500	500	0	500	500	0	
1.7490687543e+01	2	32	445	55	3	4	0	50	500	500	0	500	500	0	
1.7997818225e+01	2	33	436	64	0	15	0	50	500	500	0	500	500	0	
1.8499403009e+01	2	36	432	68	1	12	0	50	500	500	0	500	500	0	
1.8980707843e+01	2	38	436	64	2	6	0	50	500	500	0	500	500	0	
1.9494748857e+01	2	38	435	65	5	9	0	50	500	500	0	500	500	0	
1.9999809898e+01	2	40	419	81	4	4	0	50	500	500	0	500	500	0	
2.0499583425e+01	4	38	414	86	3	10	0	50	500	500	0	500	500	0	
2.0998456915e+01	4	38	408	92	2	4	0	50	500	500	0	500	500	0	
2.1494937563e+01	4	38	394	106	1	3	0	50	500	500	0	500	500	0	
2.1996963665e+01	4	39	390	110	1	11	0	50	500	500	0	500	500	0	
2.2499606638e+01	4	41	400	100	4	7	0	50	500	500	0	500	500	0	
2.2996875214e+01	4	42	385	115	1	2	0	50	500	500	0	500	500	0	
2.3499306203e+01	4	45	383	117	2	7	0	50	500	500	0	500	500	0	
2.3986387705e+01	4	46	389	111	3	6	0	50	500	500	0	500	500	0	
2.4495088967e+01	5	45	374	126	4	7	0	50	500	500	0	500	500	0	
2.4997194875e+01	5	47	355	145	3	9	0	50	500	500	0	500	500	0	
2.5499485635e+01	5	48	340	160	2	6	0	50	500	500	0	500	500	0	
2.5996811398e+01	4	49	326	174	0	15	0	50	500	500	0	500	500	0	
2.6497694613e+01	4	50	327	173	4	6	0	50	500	500	0	500	500	0	
2.6997702816e+01	4	53	321	179	2	4	0	50	500	500	0	500	500	0	
2.7496716207e+01	4	56	302	198	1	3	0	50	500	500	0	500	500	0	
2.7998232567e+01	4	57	298	202	3	4	0	50	500	500	0	500	500	0	
2.8491336692e+01	5	57	297	203	2	8	0	50	500	500	0	500	500	0	
2.8992632101e+01	6	58	281	219	3	9	0	50	500	500	0	500	500	0	
2.9496717785e+01	6	59	278	222	2	11	0	50	500	500	0	500	500	0	
2.9998846062e+01	5	61	261	239	6	7	0	50	500	500	0	500	500	0	
3.0499828583e+01	5	62	242	258	2	8	0	50	500	500	0	500	500	0	
3.0999285438e+01	5	63	228	272	3	8	0	50	500	500	0	500	500	0	
3.1498521136e+01	4	64	211	289	6	6	0	50	500	500	0	500	500	0	
3.1994124569e+01	4	65	205	295	5	11	0	50	500	500	0	500	500	0	
3.2499864422e+01	4	66	202	298	6	14	0	50	500	500	0	500	500	0	
3.2999948840e+01	2	69	192	308	6	10	0	50	500	500	0	500	500	0	
3.3494289578e+01	2	71	175	325	6	10	0	50	500	500	0	500	500	0	
3.3996797301e+01	3	72	160	340	1	7	0	50	500	500	0	500	500	0	
3.4499247422e+01	4	71	147	353	4	11	0	50	500	500	0	500	500	0	
3.4999389996e+01	2	74	144	356	7	10	0	50	500	500	0	500	500	0	
3.5499112980e+01	3	75	144	356	3	7	0	50	500	500	0	500	500	0	
3.5998613374e+01	4	75	138	362	4	6	0	50	500	500	0	500	500	0	
3.6498333787e+01	4	75	137	363	3	8	0	50	500	500	0	500	500	0	
3.6997785098e+01	4	75	129	371	4	6	0	50	500	500	0	500	500	0	
3.7492979292e+01	4	75	121	379	1	6	0	50	500	500	0	500	500	0	
3.7991955452e+01	4	75	114	386	2	8	0	50	500	500	0	500	500	0	
3.8490928583e+01	3	76	101	399	1	8	0	50	500	500	0	500	500	0	
3.8999004429e+01	3	77	97	403	4	7	0	50	500	500	0	500	500	0	
3.9497696951e+01	4	76	94	406	3	6	0	50	500	500	0	500	500	0	
3.9996488906e+01	5	75	83	417	6	7	0	50	500	500	0	500	500	0	
4.0495417971e+01	5	76	83	417	4	4	0	50	500	500	0	500	500	0	
4.0993114866e+01	5	77	71	429	4	8	0	50	500	500	0	500	500	0	
4.1497288731e+01	4	78	91	409	3	10	0	50	500	500	0	500	500	0	
4.1998542132e+01	3	79	75	425	2	11	0	50	500	500	0	500	500	0	
4.2499672316e+01	5	78	72	428	3	6	0	50	500	500	0	500	500	0	
4.2991578567e+01	6	80	67	433	2	8	0	50	500	500	0	500	500	0	
4.3498215966e+01	5	81	69	431	1	11	0	50	500	500	0	500	500	0	
4.3999036525e+01	4	83	58	442	3	2	0	50	500	500	0	500	500	0	
4.4496746870e+01	6	82	65	435	7	4	0	50	500	500	0	500	500	0	
4.4991707466e+01	5	83	64	436	5	8	0	50	500	500	0	500	500	0	
4.5499155168e+01	7	81	64	436	1	13	0	50	500	500	0	500	500	0	
4.5991461458e+01	8	81	78	422	4	6	0	50	500	500	0	500	500	0	
4.6492725883e+01	7	82	73	427	3	5	0	50	500	500	0	500	500	0	
4.6999215896e+01	6	82	85	415	2	4	0	50	500	500	0	500	500	0	
4.7495920784e+01	6	83	75	425	1	4	0	50	500	500	0	500	500	0	
4.7998343943e+01	6	83	71	429	2	8	0	50	500	500	0	500	500	0	
4.8499230150e+01	6	84	69	431	4	9	0	50	500	500	0	500	500	0	
4.8999251284e+01	5	88	59	441	4	11	0	50	500	500	0	500	500	0	
4.9497105090e+01	5	89	54	446	3	12	0	50	500	500	0	500	500	0	
4.9999368076e+01	5	91	48	452	1	8	0	50	500	500	0	500	500	0	
5.0497504785e+01	4	92	38	462	5	7	0	50	500	500	0	500	500	0	
5.0997469750e+01	4	93	47	453	2	8	0	50	500	500	0	500	500	0	
5.1493744119e+01	2	95	43	457	3	15	0	50	500	500	0	500	500	0	
5.1999769654e+01	2	95	46	454	6	12	0	50	500	500	0	500	500	0	
5.2499285231e+01	4	95	34	466	7	5	0	50	500	500	0	500	500	0	
5.2998781678e+01	5	96	40	460	3	8	0	50	500	500	0	500	500	0	
5.3497779574e+01	5	97	46	454	6	8	0	50	500	500	0	500	500	0	
5.3998676038e+01	5	97	51	449	0	8	0	50	500	500	0	500	500	0	
5.4497137554e+01	2	101	57	443	2	4	0	50	500	500	0	500	500	0	
5.4998842031e+01	1	104	33	467	3	6	0	50	500	500	0	500	500	0	
5.5496113114e+01	1	103	36	464	3	7	0	50	500	500	0	500	500	0	
5.5999838996e+01	1	103	34	466	2	3	0	50	500	500	0	500	500	0	
5.6495055171e+01	3	101	37	463	1	6	0	50	500	500	0	500	500	0	
5.6991026108e+01	4	100	42	458	6	4	0	50	500	500	0	500	500	0	
5.7499255659e+01	4	101	44	456	5	6	0	50	500	500	0	500	500	0	
5.7998970678e+01	4	101	57	443	4	10	0	50	500	500	0	500	500	0	
5.8492935879e+01	8	97	53	447	2	5	0	50	500	500	0	500	500	0	
5.8999862861e+01	8	97	53	447	1	7	0	50	500	500	0	500	500	0	
5.9499446151e+01	6	100	28	472	1	10	0	50	500	500	0	500	500	0	
5.9994227903e+01	7	100	19	481	3	7	0	50	500	500	0	500	500	0	
6.0489709928e+01	6	102	28	472	1	3	0	50	500	500	0	500	500	0	
6.0998647608e+01	5	103	29	471	3	7	0	50	500	500	0	500	500	0	
6.1499483070e+01	5	104	37	463	4	10	0	50	500	500	0	500	500	0	
6.1997798945e+01	5	106	31	469	3	11	0	50	500	500	0	500	500	0	
6.2496617268e+01	7	104	41	459	7	7	0	50	500	500	0	500	500	0	
6.2999271542e+01	6	107	32	468	7	10	0	50	500	500	0	500	500	0	
6.3498098132e+01	5	112	30	470	3	7	0	50	500	500	0	500	500	0	
6.3993430658e+01	5	113	41	459	6	2	0	50	500	500	0	500	500	0	
6.4499766901e+01	3	116	35	465	3	3	0	50	500	500	0	500	500	0	
6.4997214877e+01	1	118	38	462	5	6	0	50	500	500	0	500	500	0	
6.5498546370e+01	1	118	28	472	3	9	0	50	500	500	0	500	500	0	
6.5998036080e+01	3	118	28	472	1	6	0	50	500	500	0	500	500	0	
6.6497554514e+01	2	119	29	471	2	11	0	50	500	500	0	500	500	0	
6.6997951575e+01	1	120	29	471	3	3	0	50	500	500	0	500	500	0	
6.7499726168e+01	0	121	28	472	6	11	0	50	500	500	0	500	500	0	
6.7995787050e+01	1	123	17	483	5	8	0	50	500	500	0	500	500	0	
6.8497104430e+01	2	123	27	473	8	2	0	50	500	500	0	500	500	0	
6.8992493753e+01	2	124	25	475	3	7	0	50	500	500	0	500	500	0	
6.9498270758e+01	4	121	31	469	3	13	0	50	500	500	0	500	500	0	
6.9989401116e+01	5	121	26	474	1	6	0	50	500	500	0	500	500	0	
7.0497697302e+01	7	122	21	479	0	5	0	50	500	500	0	500	500	0	
7.0999428060e+01	8	121	23	477	5	4	0	50	500	500	0	500	500	0	
7.1497559168e+01	7	123	31	469	1	6	0	50	500	500	0	500	500	0	
7.1990830808e+01	6	125	30	470	4	6	0	50	500	500	0	500	500	0	
7.2498126535e+01	4	126	33	467	2	6	0	50	500	500	0	500	500	0	
7.2999289335e+01	4	127	32	468	4	5	0	50	500	500	0	500	500	0	
7.3487059068e+01	3	130	22	478	2	8	0	50	500	500	0	500	500	0	
7.3995493106e+01	3	129	21	479	2	6	0	50	500	500	0	500	500	0	
7.4493412175e+01	3	130	22	478	5	3	0	50	500	500	0	500	500	0	
7.4996776456e+01	3	130	16	484	6	4	0	50	500	500	0	500	500	0	
7.5498222444e+01	2	131	21	479	2	12	0	50	500	500	0	500	500	0	
7.5997940800e+01	2	133	22	478	5	5	0	50	500	500	0	500	500	0	
7.6496177412e+01	3	132	30	470	2	5	0	50	500	500	0	500	500	0	
7.6999838299e+01	3	133	32	468	3	5	0	50	500	500	0	500	500	0	
7.7497831591e+01	5	131	29	471	5	6	0	50	500	500	0	500	500	0	
7.7999458808e+01	4	132	24	476	3	7	0	50	500	500	0	500	500	0	
7.8493940755e+01	3	135	24	476	4	3	0	50	500	500	0	500	500	0	
7.8998890922e+01	5	135	32	468	1	3	0	50	500	500	0	500	500	0	
7.9493734580e+01	4	135	31	469	2	2	0	50	500	500	0	500	500	0	
7.9992327850e+01	4	136	25	475	3	6	0	50	500	500	0	500	500	0	
8.0495546085e+01	6	135	40	460	6	6	0	50	500	500	0	500	500	0	
8.0998842595e+01	7	135	25	475	4	6	0	50	500	500	0	500	500	0	
8.1497237230e+01	8	134	27	473	2	3	0	50	500	500	0	500	500	0	
8.1999174095e+01	7	135	24	476	1	11	0	50	500	500	0	500	500	0	
8.2494097989e+01	5	140	22	478	2	10	0	50	500	500	0	500	500	0	
8.2998906110e+01	6	141	18	482	4	4	0	50	500	500	0	500	500	0	
8.3495610558e+01	5	142	14	486	2	7	0	50	500	500	0	500	500	0	
8.3997963506e+01	6	141	28	472	4	7	0	50	500	500	0	500	500	0	
8.4496628099e+01	5	142	35	465	2	6	0	50	500	500	0	500	500	0	
8.4999674373e+01	6	142	24	476	3	5	0	50	500	500	0	500	500	0	
8.5498574783e+01	4	147	29	471	3	15	0	50	500	500	0	500	500	0	
8.5997731583e+01	4	148	19	481	2	8	0	50	500	500	0	500	500	0	
8.6490924559e+01	5	149	19	481	2	8	0	50	500	500	0	500	500	0	
8.6994938598e+01	5	151	34	466	3	12	0	50	500	500	0	500	500	0	
8.7498112335e+01	4	154	17	483	4	7	0	50	500	500	0	500	500	0	
8.7996725183e+01	4	158	20	480	2	6	0	50	500	500	0	500	500	0	
8.8498329433e+01	4	158	17	483	4	4	0	50	500	500	0	500	500	0	
8.8999019975e+01	4	161	31	469	3	4	0	50	500	500	0	500	500	0	
8.9496145267e+01	6	159	23	477	1	7	0	50	500	500	0	500	500	0	
8.9997776343e+01	4	163	21	479	7	7	0	50	500	500	0	500	500	0	
9.0498829233e+01	6	162	24	476	3	6	0	50	500	500	0	500	500	0	
9.0999944887e+01	6	164	19	481	0	9	0	50	500	500	0	500	500	0	
9.1497656413e+01	6	165	21	479	3	5	0	50	500	500	0	500	500	0	
9.1999297677e+01	7	165	15	485	2	7	0	50	500	500	0	500	500	0	
9.2492832537e+01	8	166	17	483	3	7	0	50	500	500	0	500	500	0	
9.2990386720e+01	7	168	18	482	2	9	0	50	500	500	0	500	500	0	
9.3499145051e+01	6	170	20	480	7	5	0	50	500	500	0	500	500	0	
9.3997103838e+01	8	168	13	487	7	6	0	50	500	500	0	500	500	0	
9.4497572597e+01	7	172	14	486	7	4	0	50	500	500	0	500	500	0	
9.4997782981e+01	9	171	14	486	4	5	0	50	500	500	0	500	500	0	
9.5498007007e+01	8	172	9	491	4	1	0	50	500	500	0	500	500	0	
9.5998745994e+01	8	174	20	480	4	2	0	50	500	500	0	500	500	0	
9.6498323901e+01	7	175	14	486	1	4	0	50	500	500	0	500	500	0	
9.6998686756e+01	8	175	11	489	4	8	0	50	500	500	0	500	500	0	
9.7498474255e+01	6	177	19	481	5	7	0	50	500	500	0	500	500	0	
9.7999931738e+01	6	178	18	482	1	12	0	50	500	500	0	500	500	0	
9.8499969757e+01	6	178	10	490	6	4	0	50	500	500	0	500	500	0	
9.8999701513e+01	7	180	19	481	5	6	0	50	500	500	0	500	500	0	
9.9499092607e+01	9	179	20	480	4	3	0	50	500	500	0	500	500	0	
9.9992424484e+01	9	180	21	479	2	6	0	50	500	500	0	500	500	0	
1.0049850300e+02	10	181	14	486	5	7	0	50	500	500	0	500	500	0	
1.0099988672e+02	12	180	14	486	8	6	0	50	500	500	0	500	500	0	
1.0149956610e+02	8	185	18	482	6	7	0	50	500	500	0	500	500	0	
1.0199879844e+02	11	181	15	485	7	10	0	50	500	500	0	500	500	0	
1.0249580881e+02	9	183	11	489	4	7	0	50	500	500	0	500	500	0	
1.0299460167e+02	9	184	9	491	8	6	0	50	500	500	0	500	500	0	
1.0349771350e+02	7	186	15	485	3	4	0	50	500	500	0	500	500	0	
1.0399750563e+02	8	185	10	490	6	2	0	50	500	500	0	500	500	0	
1.0449912133e+02	4	189	13	487	4	7	0	50	500	500	0	500	500	0	
1.0499421459e+02	6	188	18	482	6	10	0	50	500	500	0	500	500	0	
1.0549926806e+02	6	189	14	486	4	16	0	50	500	500	0	500	500	0	
1.0599931399e+02	7	190	24	476	5	8	0	50	500	500	0	500	500	0	
1.0649421591e+02	6	192	18	482	8	2	0	50	500	500	0	500	500	0	
1.0699994884e+02	5	194	22	478	3	2	0	50	500	500	0	500	500	0	
1.0749948170e+02	5	195	12	488	2	10	0	50	500	500	0	500	500	0	
1.0799164640e+02	5	197	18	482	9	5	0	50	500	500	0	500	500	0	
1.0849670654e+02	7	195	21	479	5	3	0	50	500	500	0	500	500	0	
1.0899962353e+02	5	200	12	488	1	6	0	50	500	500	0	500	500	0	
1.0949974830e+02	5	201	17	483	5	4	0	50	500	500	0	500	500	0	
1.0998805514e+02	5	203	15	485	3	7	0	50	500	500	0	500	500	0	
1.1049629574e+02	5	203	12	488	2	6	0	50	500	500	0	500	500	0	
1.1099815097e+02	5	203	14	486	3	7	0	50	500	500	0	500	500	0	
1.1149617925e+02	6	203	19	481	4	5	0	50	500	500	0	500	500	0	
1.1199841363e+02	5	205	12	488	3	6	0	50	500	500	0	500	500	0	
1.1249526230e+02	7	204	19	481	3	7	0	50	500	500	0	500	500	0	
1.1299938039e+02	8	203	18	482	3	6	0	50	500	500	0	500	500	0	
1.1349936525e+02	8	203	9	491	4	9	0	50	500	500	0	500	500	0	
1.1399882348e+02	8	204	15	485	2	7	0	50	500	500	0	500	500	0	
1.1449872286e+02	7	206	14	486	3	6	0	50	500	500	0	500	500	0	
1.1498798483e+02	7	210	14	486	1	3	0	50	500	500	0	500	500	0	
1.1549939759e+02	7	211	8	492	2	6	0	50	500	500	0	500	500	0	
1.1599851919e+02	8	211	15	485	2	5	0	50	500	500	0	500	500	0	
1.1649880115e+02	7	212	15	485	4	5	0	50	500	500	0	500	500	0	
1.1699769446e+02	9	211	12	488	3	2	0	50	500	500	0	500	500	0	
1.1749925331e+02	10	211	20	480	1	10	0	50	500	500	0	500	500	0	
1.1799805602e+02	10	211	16	484	3	6	0	50	500	500	0	500	500	0	
1.1849590336e+02	9	212	19	481	3	9	0	50	500	500	0	500	500	0	
1.1899894592e+02	8	213	10	490	7	5	0	50	500	500	0	500	500	0	
1.1949748274e+02	6	217	6	494	5	10	0	50	500	500	0	500	500	0	
1.1999816447e+02	6	218	12	488	4	8	0	50	500	500	0	500	500	0	
1.2049986000e+02	8	216	9	491	5	7	0	50	500	500	0	500	500	0	
1.2099958557e+02	5	218	15	485	1	10	0	50	500	500	0	500	500	0	
1.2149885351e+02	4	219	15	485	4	9	0	50	500	500	0	500	500	0	
1.2199823524e+02	6	220	13	487	4	8	0	50	500	500	0	500	500	0	
1.2249969842e+02	2	224	10	490	3	3	0	50	500	500	0	500	500	0	
1.2299913298e+02	3	225	10	490	0	4	0	50	500	500	0	500	500	0	
1.2349063397e+02	3	225	17	483	3	4	0	50	500	500	0	500	500	0	
1.2399956213e+02	2	227	6	494	3	8	0	50	500	500	0	500	500	0	
1.2449412780e+02	1	231	12	488	1	4	0	50	500	500	0	500	500	0	
1.2499969885e+02	1	232	12	488	1	5	0	50	500	500	0	500	500	0	
1.2549391004e+02	2	230	13	487	1	10	0	50	500	500	0	500	500	0	
1.2599713281e+02	1	234	13	487	5	4	0	50	500	500	0	500	500	0	
1.2649785779e+02	3	232	13	487	4	6	0	50	500	500	0	500	500	0	
1.2699893007e+02	4	231	7	493	5	3	0	50	500	500	0	500	500	0	
1.2749826386e+02	4	232	3	497	4	5	0	50	500	500	0	500	500	0	
1.2799769611e+02	6	230	8	492	5	7	0	50	500	500	0	500	500	0	
1.2849903493e+02	6	230	8	492	8	7	0	50	500	500	0	500	500	0	
1.2899493918e+02	3	232	15	485	4	2	0	50	500	500	0	500	500	0	
1.2949968782e+02	2	233	11	489	5	7	0	50	500	500	0	500	500	0	
1.2999400638e+02	3	233	15	485	2	4	0	50	500	500	0	500	500	0	
1.3049819598e+02	5	231	17	483	6	6	0	50	500	500	0	500	500	0	
1.3099227421e+02	5	232	8	492	2	4	0	50	500	500	0	500	500	0	
1.3149891866e+02	4	233	8	492	2	4	0	50	500	500	0	500	500	0	
1.3199983220e+02	7	230	8	492	4	7	0	50	500	500	0	500	500	0	
1.3249767673e+02	8	229	9	491	4	6	0	50	500	500	0	500	500	0	
1.3299942439e+02	7	230	13	487	6	6	0	50	500	500	0	500	500	0	
1.3349459063e+02	8	230	17	483	3	11	0	50	500	500	0	500	500	0	
1.3399746054e+02	7	231	10	490	3	4	0	50	500	500	0	500	500	0	
1.3449182292e+02	9	229	14	486	7	4	0	50	500	500	0	500	500	0	
1.3499703228e+02	9	232	21	479	4	4	0	50	500	500	0	500	500	0	
1.3549335764e+02	8	233	19	481	2	4	0	50	500	500	0	500	500	0	
1.3599924758e+02	9	232	7	493	2	7	0	50	500	500	0	500	500	0	
1.3649965804e+02	7	235	18	482	5	8	0	50	500	500	0	500	500	0	
1.3699913873e+02	7	236	9	491	4	7	0	50	500	500	0	500	500	0	
1.3749769112e+02	8	235	16	484	4	7	0	50	500	500	0	500	500	0	
1.3799773661e+02	8	236	7	493	9	6	0	50	500	500	0	500	500	0	
1.3849965321e+02	8	236	18	482	7	8	0	50	500	500	0	500	500	0	
1.3899200114e+02	8	237	13	487	5	9	0	50	500	500	0	500	500	0	
1.3949698231e+02	8	238	18	482	6	8	0	50	500	500	0	500	500	0	
1.3999583518e+02	8	238	14	486	4	7	0	50	500	500	0	500	500	0	
1.4049381811e+02	8	238	10	490	5	5	0	50	500	500	0	500	500	0	
1.4099459354e+02	10	236	14	486	6	7	0	50	500	500	0	500	500	0	
1.4149736897e+02	12	234	12	488	5	8	0	50	500	500	0	500	500	0	
1.4199605610e+02	13	235	18	482	2	7	0	50	500	500	0	500	500	0	
1.4249639316e+02	12	237	19	481	2	6	0	50	500	500	0	500	500	0	
1.4299808674e+02	9	240	13	487	4	6	0	50	500	500	0	500	500	0	
1.4349885451e+02	10	240	11	489	5	8	0	50	500	500	0	500	500	0	
1.4399871988e+02	9	243	9	491	3	10	0	50	500	500	0	500	500	0	
1.4449993649e+02	8	244	12	488	3	5	0	50	500	500	0	500	500	0	
1.4499976927e+02	8	245	7	493	6	4	0	50	500	500	0	500	500	0	
1.4549954798e+02	12	242	9	491	5	7	0	50	500	500	0	500	500	0	
1.4599177847e+02	6	248	13	487	2	11	0	50	500	500	0	500	500	0	
1.4649927067e+02	5	249	5	495	7	7	0	50	500	500	0	500	500	0	
1.4699710214e+02	10	246	13	487	5	7	0	50	500	500	0	500	500	0	
1.4749921112e+02	11	249	15	485	2	10	0	50	500	500	0	500	500	0	
1.4799760565e+02	10	250	11	489	3	4	0	50	500	500	0	500	500	0	
1.4849799483e+02	7	255	11	489	3	8	0	50	500	500	0	500	500	0	
1.4899952885e+02	9	256	16	484	4	5	0	50	500	500	0	500	500	0	
1.4949685128e+02	5	261	11	489	2	3	0	50	500	500	0	500	500	0	
1.4999976154e+02	4	264	9	491	3	4	0	50	500	500	0	500	500	0	
1.5049956530e+02	4	264	11	489	3	5	0	50	500	500	0	500	500	0	
1.5099750442e+02	5	265	6	494	5	4	0	50	500	500	0	500	500	0	
1.5149284226e+02	5	268	14	486	2	6	0	50	500	500	0	500	500	0	
1.5199950103e+02	6	267	8	492	2	7	0	50	500	500	0	500	500	0	
1.5249821864e+02	6	265	9	491	3	9	0	50	500	500	0	500	500	0	
1.5299669697e+02	6	265	12	488	4	7	0	50	500	500	0	500	500	0	
1.5349992356e+02	3	268	14	486	4	3	0	50	500	500	0	500	500	0	
1.5398902888e+02	4	270	8	492	2	3	0	50	500	500	0	500	500	0	
1.5449730523e+02	6	269	4	496	4	4	0	50	500	500	0	500	500	0	
1.5499962803e+02	6	269	11	489	6	5	0	50	500	500	0	500	500	0	
1.5549988817e+02	12	263	6	494	5	6	0	50	500	500	0	500	500	0	
1.5599816133e+02	12	262	11	489	4	8	0	50	500	500	0	500	500	0	
1.5649810993e+02	13	263	10	490	3	8	0	50	500	500	0	500	500	0	
1.5698657511e+02	10	266	9	491	1	6	0	50	500	500	0	500	500	0	
1.5749592752e+02	9	266	11	489	4	4	0	50	500	500	0	500	500	0	
1.5799690132e+02	8	268	11	489	3	3	0	50	500	500	0	500	500	0	
1.5849199690e+02	9	267	11	489	5	4	0	50	500	500	0	500	500	0	
1.5899330833e+02	9	269	13	487	2	5	0	50	500	500	0	500	500	0	
1.5949904540e+02	9	268	14	486	6	4	0	50	500	500	0	500	500	0	
1.5999762139e+02	8	269	13	487	5	7	0	50	500	500	0	500	500	0	
1.6049746386e+02	7	272	5	495	2	7	0	50	500	500	0	500	500	0	
1.6099968078e+02	5	272	8	492	4	6	0	50	500	500	0	500	500	0	
1.6149838440e+02	4	273	6	494	0	4	0	50	500	500	0	500	500	0	
1.6199865565e+02	5	272	10	490	3	3	0	50	500	500	0	500	500	0	
1.6249664496e+02	7	269	5	495	1	7	0	50	500	500	0	500	500	0	
1.6299749029e+02	7	270	11	489	4	6	0	50	500	500	0	500	500	0	
1.6349960971e+02	5	272	9	491	3	4	0	50	500	500	0	500	500	0	
1.6399904754e+02	2	276	5	495	5	6	0	50	500	500	0	500	500	0	
1.6449842337e+02	3	275	9	491	5	4	0	50	500	500	0	500	500	0	
1.6499189245e+02	5	274	13	487	3	4	0	50	500	500	0	500	500	0	
1.6549770119e+02	6	273	13	487	1	6	0	50	500	500	0	500	500	0	
1.6599622660e+02	5	275	11	489	5	6	0	50	500	500	0	500	500	0	
1.6649309688e+02	6	274	9	491	5	7	0	50	500	500	0	500	500	0	
1.6699823986e+02	6	275	10	490	5	9	0	50	500	500	0	500	500	0	
1.6749720095e+02	6	278	6	494	5	6	0	50	500	500	0	500	500	0	
1.6799936904e+02	6	279	11	489	4	12	0	50	500	500	0	500	500	0	
1.6849833376e+02	9	277	12	488	3	4	0	50	500	500	0	500	500	0	
1.6899457032e+02	11	276	10	490	2	5	0	50	500	500	0	500	500	0	
1.6949855182e+02	11	276	16	484	3	4	0	50	500	500	0	500	500	0	
1.6999798819e+02	12	275	7	493	6	5	0	50	500	500	0	500	500	0	
1.7049968719e+02	9	278	12	488	1	4	0	50	500	500	0	500	500	0	
1.7099742644e+02	7	280	10	490	3	6	0	50	500	500	0	500	500	0	
1.7149489537e+02	5	284	9	491	4	5	0	50	500	500	0	500	500	0	
1.7199879785e+02	6	282	4	496	6	2	0	50	500	500	0	500	500	0	
1.7249908950e+02	11	279	9	491	4	7	0	50	500	500	0	500	500	0	
1.7299698716e+02	12	279	10	490	2	3	0	50	500	500	0	500	500	0	
1.7349833425e+02	9	285	5	495	4	5	0	50	500	500	0	500	500	0	
1.7399847885e+02	12	284	11	489	4	9	0	50	500	500	0	500	500	0	
1.7449734716e+02	9	286	13	487	3	9	0	50	500	500	0	500	500	0	
1.7499634300e+02	10	285	7	493	3	12	0	50	500	500	0	500	500	0	
1.7548839047e+02	10	286	11	489	5	5	0	50	500	500	0	500	500	0	
1.7599716913e+02	8	288	16	484	7	4	0	50	500	500	0	500	500	0	
1.7649879638e+02	8	287	8	492	3	5	0	50	500	500	0	500	500	0	
1.7699985083e+02	8	288	8	492	3	2	0	50	500	500	0	500	500	0	
1.7749985055e+02	6	291	13	487	2	6	0	50	500	500	0	500	500	0	
1.7799836765e+02	6	291	10	490	0	9	0	50	500	500	0	500	500	0	
1.7849940070e+02	4	293	9	491	2	7	0	50	500	500	0	500	500	0	
1.7899806119e+02	4	294	10	490	4	1	0	50	500	500	0	500	500	0	
1.7949910649e+02	3	296	11	489	4	4	0	50	500	500	0	500	500	0	
1.7999278231e+02	5	297	8	492	6	3	0	50	500	500	0	500	500	0	
1.8049986933e+02	5	298	13	487	3	6	0	50	500	500	0	500	500	0	
1.8099851545e+02	7	298	7	493	6	7	0	50	500	500	0	500	500	0	
1.8149708657e+02	5	301	12	488	7	7	0	50	500	500	0	500	500	0	
1.8199035485e+02	6	299	8	492	5	6	0	50	500	500	0	500	500	0	
1.8249725310e+02	5	301	7	493	6	3	0	50	500	500	0	500	500	0	
1.8299778968e+02	6	301	10	490	7	8	0	50	500	500	0	500	500	0	
1.8349803321e+02	10	297	7	493	4	4	0	50	500	500	0	500	500	0	
1.8399850549e+02	12	295	11	489	4	4	0	50	500	500	0	500	500	0	
1.8449793563e+02	10	297	9	491	2	10	0	50	500	500	0	500	500	0	
1.8499218348e+02	12	295	6	494	2	8	0	50	500	500	0	500	500	0	
1.8549801000e+02	12	295	10	490	6	8	0	50	500	500	0	500	500	0	
1.8599853923e+02	11	295	9	491	1	8	0	50	500	500	0	500	500	0	
1.8649387916e+02	10	297	7	493	3	10	0	50	500	500	0	500	500	0	
1.8699928552e+02	8	299	11	489	7	7	0	50	500	500	0	500	500	0	
1.8749800128e+02	9	299	7	493	3	7	0	50	500	500	0	500	500	0	
1.8799992915e+02	11	297	5	495	4	4	0	50	500	500	0	500	500	0	
1.8849447637e+02	6	302	5	495	1	7	0	50	500	500	0	500	500	0	
1.8899869381e+02	7	302	7	493	0	5	0	50	500	500	0	500	500	0	
1.8949884322e+02	9	299	12	488	5	9	0	50	500	500	0	500	500	0	
1.8999624918e+02	9	300	7	493	4	8	0	50	500	500	0	500	500	0	
1.9049389963e+02	9	299	2	498	8	6	0	50	500	500	0	500	500	0	
1.9099281451e+02	10	298	9	491	4	6	0	50	500	500	0	500	500	0	
1.9149893279e+02	11	297	15	485	4	5	0	50	500	500	0	500	500	0	
1.9198943614e+02	9	299	5	495	4	5	0	50	500	500	0	500	500	0	
1.9249819184e+02	8	301	9	491	5	8	0	50	500	500	0	500	500	0	
1.9299806473e+02	7	305	6	494	7	5	0	50	500	500	0	500	500	0	
1.9349986518e+02	6	305	9	491	3	10	0	50	500	500	0	500	500	0	
1.9398444195e+02	8	303	4	496	1	3	0	50	500	500	0	500	500	0	
1.9448791862e+02	5	305	7	493	1	4	0	50	500	500	0	500	500	0	
1.9499644855e+02	5	306	9	491	2	3	0	50	500	500	0	500	500	0	
1.9549646556e+02	2	309	6	494	3	5	0	50	500	500	0	500	500	0	
1.9599786335e+02	2	311	14	486	3	5	0	50	500	500	0	500	500	0	
1.9649886640e+02	4	308	6	494	1	5	0	50	500	500	0	500	500	0	
1.9699686666e+02	4	308	11	489	7	5	0	50	500	500	0	500	500	0	
1.9749733060e+02	4	308	10	490	3	7	0	50	500	500	0	500	500	0	
1.9799845530e+02	7	307	6	494	3	7	0	50	500	500	0	500	500	0	
1.9849802952e+02	8	306	12	488	4	4	0	50	500	500	0	500	500	0	
1.9899556315e+02	6	310	11	489	2	4	0	50	500	500	0	500	500	0	
1.9949667725e+02	7	309	6	494	2	4	0	50	500	500	0	500	500	0	
1.9999727130e+02	4	312	8	492	4	3	0	50	500	500	0	500	500	0	
2.0049945976e+02	6	312	8	492	2	4	0	50	500	500	0	500	500	0	
2.0099942373e+02	4	314	8	492	4	4	0	50	500	500	0	500	500	0	
2.0149905754e+02	6	312	7	493	3	8	0	50	500	500	0	500	500	0	
2.0199763279e+02	7	314	12	488	7	8	0	50	500	500	0	500	500	0	
2.0249697785e+02	9	312	10	490	7	10	0	50	500	500	0	500	500	0	
2.0299499599e+02	14	308	10	490	5	7	0	50	500	500	0	500	500	0	
2.0349743874e+02	17	307	7	493	5	4	0	50	500	500	0	500	500	0	
2.0399782736e+02	15	312	4	496	4	4	0	50	500	500	0	500	500	0	
2.0448865795e+02	15	312	9	491	1	9	0	50	500	500	0	500	500	0	
2.0499984056e+02	11	317	12	488	4	7	0	50	500	500	0	500	500	0	
2.0549785408e+02	11	316	7	493	4	6	0	50	500	500	0	500	500	0	
2.0599829383e+02	10	318	6	494	1	4	0	50	500	500	0	500	500	0	
2.0649924034e+02	9	321	8	492	6	4	0	50	500	500	0	500	500	0	
2.0699962178e+02	13	319	15	485	5	8	0	50	500	500	0	500	500	0	
2.0749703242e+02	12	320	10	490	6	9	0	50	500	500	0	500	500	0	
2.0799110660e+02	15	318	8	492	9	4	0	50	500	500	0	500	500	0	
2.0849648061e+02	16	318	7	493	1	9	0	50	500	500	0	500	500	0	
2.0899729843e+02	17	318	7	493	6	9	0	50	500	500	0	500	500	0	
2.0949936254e+02	19	315	5	495	3	6	0	50	500	500	0	500	500	0	
2.0999972784e+02	16	318	6	494	3	4	0	50	500	500	0	500	500	0	
2.1049765514e+02	16	320	8	492	3	4	0	50	500	500	0	500	500	0	
2.1099863508e+02	16	319	7	493	2	5	0	50	500	500	0	500	500	0	
2.1149789066e+02	14	324	12	488	5	4	0	50	500	500	0	500	500	0	
2.1199839861e+02	12	326	6	494	2	4	0	50	500	500	0	500	500	0	
2.1249541210e+02	12	328	9	491	3	4	0	50	500	500	0	500	500	0	
2.1299806482e+02	9	333	4	496	4	8	0	50	500	500	0	500	500	0	
2.1349984661e+02	10	332	10	490	3	11	0	50	500	500	0	500	500	0	
2.1399882574e+02	11	331	12	488	4	9	0	50	500	500	0	500	500	0	
2.1449984035e+02	8	334	11	489	5	7	0	50	500	500	0	500	500	0	
2.1499962582e+02	8	334	9	491	1	5	0	50	500	500	0	500	500	0	
2.1549642401e+02	9	334	5	495	6	7	0	50	500	500	0	500	500	0	
2.1599785209e+02	8	336	10	490	5	5	0	50	500	500	0	500	500	0	
2.1649979201e+02	9	335	12	488	2	7	0	50	500	500	0	500	500	0	
2.1699790168e+02	9	334	5	495	4	6	0	50	500	500	0	500	500	0	
2.1749922823e+02	5	338	6	494	1	8	0	50	500	500	0	500	500	0	
2.1799982215e+02	6	338	8	492	5	5	0	50	500	500	0	500	500	0	
2.1849324165e+02	8	338	8	492	5	6	0	50	500	500	0	500	500	0	
2.1899952679e+02	9	337	2	498	7	5	0	50	500	500	0	500	500	0	
2.1949949386e+02	8	341	6	494	5	7	0	50	500	500	0	500	500	0	
2.1999967766e+02	10	339	12	488	4	6	0	50	500	500	0	500	500	0	
2.2049640202e+02	12	337	8	492	4	4	0	50	500	500	0	500	500	0	
2.2099902612e+02	9	340	6	494	5	6	0	50	500	500	0	500	500	0	
2.2149671540e+02	12	338	6	494	4	4	0	50	500	500	0	500	500	0	
2.2199310080e+02	10	341	4	496	2	5	0	50	500	500	0	500	500	0	
2.2249763537e+02	8	343	6	494	3	9	0	50	500	500	0	500	500	0	
2.2299808220e+02	5	347	9	491	5	2	0	50	500	500	0	500	500	0	
2.2349549996e+02	7	348	8	492	4	4	0	50	500	500	0	500	500	0	
2.2399545872e+02	12	343	5	495	2	6	0	50	500	500	0	500	500	0	
2.2449893431e+02	12	343	5	495	4	3	0	50	500	500	0	500	500	0	
2.2499758979e+02	13	345	11	489	5	3	0	50	500	500	0	500	500	0	
2.2549585736e+02	15	344	6	494	6	4	0	50	500	500	0	500	500	0	
2.2598699833e+02	16	343	10	490	4	7	0	50	500	500	0	500	500	0	
2.2649298925e+02	15	345	8	492	4	1	0	50	500	500	0	500	500	0	
2.2698296595e+02	16	344	8	492	5	5	0	50	500	500	0	500	500	0	
2.2749766614e+02	14	346	5	495	6	3	0	50	500	500	0	500	500	0	
2.2799902784e+02	14	346	5	495	2	11	0	50	500	500	0	500	500	0	
2.2849344042e+02	13	347	7	493	8	6	0	50	500	500	0	500	500	0	
2.2899939752e+02	14	347	7	493	6	7	0	50	500	500	0	500	500	0	
2.2949926478e+02	17	345	6	494	3	7	0	50	500	500	0	500	500	0	
2.2999642799e+02	16	345	6	494	2	7	0	50	500	500	0	500	500	0	
2.3049221595e+02	16	344	7	493	3	6	0	50	500	500	0	500	500	0	
2.3099474114e+02	15	346	8	492	6	2	0	50	500	500	0	500	500	0	
2.3149948862e+02	15	345	8	492	4	3	0	50	500	500	0	500	500	0	
2.3199951415e+02	17	344	5	495	8	6	0	50	500	500	0	500	500	0	
2.3249411775e+02	10	351	10	490	5	1	0	50	500	500	0	500	500	0	
2.3299942788e+02	10	351	5	495	5	7	0	50	500	500	0	500	500	0	
2.3349784386e+02	10	352	4	496	5	7	0	50	500	500	0	500	500	0	
2.3399193536e+02	9	353	8	492	6	7	0	50	500	500	0	500	500	0	
2.3449254062e+02	7	355	5	495	5	5	0	50	500	500	0	500	500	0	
2.3499959276e+02	10	351	7	493	5	8	0	50	500	500	0	500	500	0	
2.3549699389e+02	9	353	8	492	3	13	0	50	500	500	0	500	500	0	
2.3599960214e+02	12	350	4	496	4	12	0	50	500	500	0	500	500	0	
2.3649900848e+02	15	348	2	498	4	5	0	50	500	500	0	500	500	0	
2.3699967852e+02	14	351	5	495	2	5	0	50	500	500	0	500	500	0	
2.3749910660e+02	13	351	10	490	2	7	0	50	500	500	0	500	500	0	
2.3799987790e+02	9	353	12	488	4	6	0	50	500	500	0	500	500	0	
2.3849950158e+02	9	355	8	492	7	8	0	50	500	500	0	500	500	0	
2.3899876822e+02	9	357	11	489	4	6	0	50	500	500	0	500	500	0	
2.3949933378e+02	9	360	12	488	8	8	0	50	500	500	0	500	500	0	
2.3999941421e+02	8	361	4	496	5	7	0	50	500	500	0	500	500	0	
2.4049536987e+02	9	361	9	491	4	8	0	50	500	500	0	500	500	0	
2.4099956040e+02	6	365	9	491	5	6	0	50	500	500	0	500	500	0	
2.4149935805e+02	7	365	6	494	3	4	0	50	500	500	0	500	500	0	
2.4199845491e+02	6	366	6	494	3	3	0	50	500	500	0	500	500	0	
2.4249680647e+02	5	367	6	494	2	3	0	50	500	500	0	500	500	0	
2.4299039932e+02	4	368	5	495	2	8	0	50	500	500	0	500	500	0	
2.4348953278e+02	8	365	11	489	7	8	0	50	500	500	0	500	500	0	
2.4399739044e+02	11	363	8	492	2	7	0	50	500	500	0	500	500	0	
2.4449744063e+02	8	366	6	494	3	7	0	50	500	500	0	500	500	0	
2.4499652484e+02	5	368	6	494	7	5	0	50	500	500	0	500	500	0	
2.4549941234e+02	8	366	6	494	12	11	0	50	500	500	0	500	500	0	
2.4599840952e+02	16	358	9	491	2	6	0	50	500	500	0	500	500	0	
2.4649724007e+02	14	363	8	492	4	6	0	50	500	500	0	500	500	0	
2.4699876900e+02	10	368	12	488	1	9	0	50	500	500	0	500	500	0	
2.4749969710e+02	13	364	4	496	3	7	0	50	500	500	0	500	500	0	
2.4799227582e+02	12	367	7	493	7	2	0	50	500	500	0	500	500	0	
2.4849984517e+02	12	368	5	495	1	6	0	50	500	500	0	500	500	0	
2.4899962770e+02	10	372	3	497	3	5	0	50	500	500	0	500	500	0	
2.4949706397e+02	13	370	8	492	4	3	0	50	500	500	0	500	500	0	
2.4999615275e+02	11	372	4	496	4	5	0	50	500	500	0	500	500	0	
2.5049885659e+02	13	370	4	496	3	6	0	50	500	500	0	500	500	0	
2.5099857587e+02	12	370	9	491	5	5	0	50	500	500	0	500	500	0	
2.5149540515e+02	12	371	1	499	3	3	0	50	500	500	0	500	500	0	
2.5199445958e+02	9	374	9	491	2	1	0	50	500	500	0	500	500	0	
2.5249848135e+02	8	376	9	491	5	1	0	50	500	500	0	500	500	0	
2.5299908425e+02	8	377	10	490	6	5	0	50	500	500	0	500	500	0	
2.5349781111e+02	7	379	9	491	5	5	0	50	500	500	0	500	500	0	
2.5399855161e+02	8	379	8	492	5	4	0	50	500	500	0	500	500	0	
2.5449917162e+02	8	380	5	495	3	1	0	50	500	500	0	500	500	0	
2.5499571802e+02	7	383	4	496	4	3	0	50	500	500	0	500	500	0	
2.5549788753e+02	4	385	9	491	2	7	0	50	500	500	0	500	500	0	
2.5599797012e+02	4	387	5	495	3	7	0	50	500	500	0	500	500	0	
2.5649578861e+02	7	384	8	492	4	8	0	50	500	500	0	500	500	0	
2.5699335827e+02	9	383	9	491	6	8	0	50	500	500	0	500	500	0	
2.5749856542e+02	11	383	7	493	6	5	0	50	500	500	0	500	500	0	
2.5799550407e+02	9	386	3	497	7	7	0	50	500	500	0	500	500	0	
2.5849784739e+02	11	384	2	498	7	5	0	50	500	500	0	500	500	0	
2.5899203874e+02	10	387	3	497	0	4	0	50	500	500	0	500	500	0	
2.5949793163e+02	11	386	5	495	0	9	0	50	500	500	0	500	500	0	
2.5999230817e+02	11	387	6	494	0	5	0	50	500	500	0	500	500	0	
2.6049397331e+02	12	387	7	493	2	3	0	50	500	500	0	500	500	0	
2.6099986909e+02	10	389	11	489	2	3	0	50	500	500	0	500	500	0	
2.6149867934e+02	9	390	6	494	4	3	0	50	500	500	0	500	500	0	
2.6199417126e+02	11	388	4	496	5	5	0	50	500	500	0	500	500	0	
2.6249880180e+02	10	390	6	494	3	8	0	50	500	500	0	500	500	0	
2.6299660930e+02	11	391	6	494	7	9	0	50	500	500	0	500	500	0	
2.6349978096e+02	12	390	8	492	9	6	0	50	500	500	0	500	500	0	
2.6399202326e+02	14	389	3	497	4	8	0	50	500	500	0	500	500	0	
2.6449954505e+02	15	388	5	495	5	12	0	50	500	500	0	500	500	0	
2.6499678181e+02	15	387	8	492	4	8	0	50	500	500	0	500	500	0	
2.6549895946e+02	16	387	6	494	4	4	0	50	500	500	0	500	500	0	
2.6599953297e+02	13	389	8	492	2	7	0	50	500	500	0	500	500	0	
2.6649790276e+02	15	387	4	496	5	2	0	50	500	500	0	500	500	0	
2.6699989446e+02	14	390	9	491	2	7	0	50	500	500	0	500	500	0	
2.6749843480e+02	14	391	6	494	6	5	0	50	500	500	0	500	500	0	
2.6799705986e+02	12	394	5	495	3	4	0	50	500	500	0	500	500	0	
2.6849973409e+02	10	396	5	495	2	4	0	50	500	500	0	500	500	0	
2.6899946527e+02	6	401	4	496	3	6	0	50	500	500	0	500	500	0	
2.6949780303e+02	7	401	6	494	2	4	0	50	500	500	0	500	500	0	
2.6999938419e+02	7	402	5	495	6	6	0	50	500	500	0	500	500	0	
2.7049393701e+02	6	404	4	496	3	3	0	50	500	500	0	500	500	0	
2.7099840500e+02	4	406	6	494	4	9	0	50	500	500	0	500	500	0	
2.7149965222e+02	5	403	9	491	5	10	0	50	500	500	0	500	500	0	
2.7199918282e+02	3	405	6	494	8	1	0	50	500	500	0	500	500	0	
2.7249840351e+02	5	404	5	495	3	11	0	50	500	500	0	500	500	0	
2.7299670403e+02	9	400	9	491	6	5	0	50	500	500	0	500	500	0	
2.7349735624e+02	9	403	4	496	1	5	0	50	500	500	0	500	500	0	
2.7399926942e+02	12	400	5	495	9	9	0	50	500	500	0	500	500	0	
2.7449875579e+02	14	398	5	495	7	5	0	50	500	500	0	500	500	0	
2.7499789736e+02	15	397	4	496	3	8	0	50	500	500	0	500	500	0	
2.7549835756e+02	16	396	7	493	9	3	0	50	500	500	0	500	500	0	
2.7599990972e+02	13	400	5	495	1	5	0	50	500	500	0	500	500	0	
2.7649889962e+02	13	401	9	491	2	6	0	50	500	500	0	500	500	0	
2.7698713962e+02	10	406	6	494	0	9	0	50	500	500	0	500	500	0	
2.7749961915e+02	13	403	6	494	4	10	0	50	500	500	0	500	500	0	
2.7799345890e+02	10	406	5	495	2	9	0	50	500	500	0	500	500	0	
2.7849943875e+02	6	411	7	493	4	11	0	50	500	500	0	500	500	0	
2.7899968528e+02	10	407	9	491	4	5	0	50	500	500	0	500	500	0	
2.7949902370e+02	12	405	3	497	3	4	0	50	500	500	0	500	500	0	
2.7999860164e+02	8	409	5	495	3	4	0	50	500	500	0	500	500	0	
2.8049544454e+02	7	413	4	496	3	3	0	50	500	500	0	500	500	0	
2.8099892762e+02	7	413	6	494	3	4	0	50	500	500	0	500	500	0	
2.8149912775e+02	5	414	8	492	6	5	0	50	500	500	0	500	500	0	
2.8199895446e+02	5	413	6	494	4	6	0	50	500	500	0	500	500	0	
2.8249773206e+02	6	413	3	497	2	3	0	50	500	500	0	500	500	0	
2.8299671261e+02	9	411	6	494	5	6	0	50	500	500	0	500	500	0	
2.8349838766e+02	14	408	4	496	6	7	0	50	500	500	0	500	500	0	
2.8399986573e+02	13	408	4	496	5	12	0	50	500	500	0	500	500	0	
2.8449626371e+02	13	408	8	492	2	6	0	50	500	500	0	500	500	0	
2.8499987038e+02	14	408	4	496	5	12	0	50	500	500	0	500	500	0	
2.8549801101e+02	13	410	14	486	4	9	0	50	500	500	0	500	500	0	
2.8599508464e+02	11	414	5	495	6	6	0	50	500	500	0	500	500	0	
2.8649879013e+02	9	416	8	492	3	7	0	50	500	500	0	500	500	0	
2.8698858606e+02	15	410	8	492	5	7	0	50	500	500	0	500	500	0	
2.8749578778e+02	14	410	5	495	5	6	0	50	500	500	0	500	500	0	
2.8799810439e+02	15	409	7	493	9	6	0	50	500	500	0	500	500	0	
2.8849972193e+02	17	408	12	488	8	5	0	50	500	500	0	500	500	0	
2.8899833444e+02	17	408	8	492	3	5	0	50	500	500	0	500	500	0	
2.8949944354e+02	16	409	5	495	1	9	0	50	500	500	0	500	500	0	
2.8999954733e+02	12	414	7	493	3	2	0	50	500	500	0	500	500	0	
2.9049970499e+02	12	415	11	489	1	5	0	50	500	500	0	500	500	0	
2.9098953905e+02	12	414	7	493	3	4	0	50	500	500	0	500	500	0	
2.9149978531e+02	12	416	4	496	4	5	0	50	500	500	0	500	500	0	
2.9199945064e+02	16	413	2	498	5	7	0	50	500	500	0	500	500	0	
2.9249979091e+02	19	411	8	492	1	8	0	50	500	500	0	500	500	0	
2.9299664261e+02	21	409	6	494	3	4	0	50	500	500	0	500	500	0	
2.9349515337e+02	17	413	6	494	3	9	0	50	500	500	0	500	500	0	
2.9399911634e+02	13	418	5	495	5	3	0	50	500	500	0	500	500	0	
2.9449889230e+02	14	419	6	494	4	5	0	50	500	500	0	500	500	0	
2.9499990112e+02	12	421	2	498	2	9	0	50	500	500	0	500	500	0	
2.9549969437e+02	13	418	6	494	1	10	0	50	500	500	0	500	500	0	
2.9599926882e+02	11	423	4	496	2	5	0	50	500	500	0	500	500	0	
2.9649808045e+02	10	423	7	493	5	3	0	50	500	500	0	500	500	0	
2.9699972964e+02	7	427	6	494	5	5	0	50	500	500	0	500	500	0	
2.9749676686e+02	7	426	3	497	7	8	0	50	500	500	0	500	500	0	
2.9799871174e+02	9	425	6	494	9	5	0	50	500	500	0	500	500	0	
2.9849731200e+02	12	424	9	491	4	6	0	50	500	500	0	500	500	0	
2.9899842375e+02	12	422	8	492	2	5	0	50	500	500	0	500	500	0	
2.9949952675e+02	12	425	6	494	0	5	0	50	500	500	0	500	500	0	
2.9999880117e+02	10	426	9	491	6	5	0	50	500	500	0	500	500	0	
3.0049031010e+02	11	425	8	492	5	7	0	50	500	500	0	500	500	0	
3.0099743794e+02	12	426	14	486	2	11	0	50	500	500	0	500	500	0	
3.0149911321e+02	12	426	8	492	6	8	0	50	500	500	0	500	500	0	
3.0199934726e+02	15	425	8	492	2	6	0	50	500	500	0	500	500	0	
3.0249370294e+02	13	430	5	495	4	3	0	50	500	500	0	500	500	0	
3.0299809897e+02	11	432	8	492	5	6	0	50	500	500	0	500	500	0	
3.0349981065e+02	16	427	6	494	3	5	0	50	500	500	0	500	500	0	
3.0399993216e+02	15	432	8	492	4	5	0	50	500	500	0	500	500	0	
3.0449433528e+02	11	436	5	495	4	2	0	50	500	500	0	500	500	0	
3.0499610993e+02	13	433	4	496	2	5	0	50	500	500	0	500	500	0	
3.0549885220e+02	11	435	7	493	2	11	0	50	500	500	0	500	500	0	
3.0599887999e+02	16	430	4	496	6	4	0	50	500	500	0	500	500	0	
3.0649966073e+02	14	430	8	492	3	8	0	50	500	500	0	500	500	0	
3.0699874968e+02	13	431	5	495	6	6	0	50	500	500	0	500	500	0	
3.0749781652e+02	14	430	6	494	6	6	0	50	500	500	0	500	500	0	
3.0799859844e+02	14	432	10	490	3	7	0	50	500	500	0	500	500	0	
3.0849894212e+02	12	434	5	495	2	3	0	50	500	500	0	500	500	0	
3.0899437255e+02	12	435	8	492	1	5	0	50	500	500	0	500	500	0	
3.0949575101e+02	10	439	3	497	4	7	0	50	500	500	0	500	500	0	
3.0999693937e+02	13	440	6	494	7	9	0	50	500	500	0	500	500	0	
3.1049973208e+02	15	438	7	493	7	3	0	50	500	500	0	500	500	0	
3.1099553257e+02	13	439	8	492	4	4	0	50	500	500	0	500	500	0	
3.1149776565e+02	12	440	3	497	4	8	0	50	500	500	0	500	500	0	
3.1199827322e+02	18	434	6	494	5	7	0	50	500	500	0	500	500	0	
3.1249781148e+02	18	432	5	495	5	5	0	50	500	500	0	500	500	0	
3.1299778730e+02	19	433	5	495	5	9	0	50	500	500	0	500	500	0	
3.1349790205e+02	20	432	10	490	6	4	0	50	500	500	0	500	500	0	
3.1399894179e+02	19	432	7	493	3	5	0	50	500	500	0	500	500	0	
3.1449848570e+02	16	436	3	497	7	4	0	50	500	500	0	500	500	0	
3.1499858691e+02	17	435	3	497	7	7	0	50	500	500	0	500	500	0	
3.1549772966e+02	19	433	4	496	8	8	0	50	500	500	0	500	500	0	
3.1599938711e+02	23	430	11	489	8	8	0	50	500	500	0	500	500	0	
3.1649984743e+02	20	433	3	497	4	12	0	50	500	500	0	500	500	0	
3.1699908356e+02	19	435	6	494	3	10	0	50	500	500	0	500	500	0	
3.1749430053e+02	19	435	3	497	2	6	0	50	500	500	0	500	500	0	
3.1799917191e+02	19	435	3	497	7	14	0	50	500	500	0	500	500	0	
3.1849948464e+02	19	433	7	493	2	7	0	50	500	500	0	500	500	0	
3.1899978679e+02	15	438	5	495	4	6	0	50	500	500	0	500	500	0	
3.1949744332e+02	16	438	4	496	0	7	0	50	500	500	0	500	500	0	
3.1999888130e+02	13	442	6	494	4	9	0	50	500	500	0	500	500	0	
3.2047959403e+02	11	445	7	493	4	1	0	50	500	500	0	500	500	0	
3.2099808111e+02	9	450	1	499	3	5	0	50	500	500	0	500	500	0	
3.2149909338e+02	14	446	2	498	8	4	0	50	500	500	0	500	500	0	
3.2199817877e+02	13	448	5	495	5	3	0	50	500	500	0	500	500	0	
3.2249310830e+02	13	449	5	495	3	7	0	50	500	500	0	500	500	0	
3.2299848553e+02	15	447	3	497	4	3	0	50	500	500	0	500	500	0	
3.2349706851e+02	13	452	11	489	7	3	0	50	500	500	0	500	500	0	
3.2399985973e+02	13	451	6	494	5	4	0	50	500	500	0	500	500	0	
3.2449736049e+02	13	451	8	492	3	10	0	50	500	500	0	500	500	0	
3.2499990231e+02	11	453	7	493	5	2	0	50	500	500	0	500	500	0	
3.2549379604e+02	10	455	5	495	4	7	0	50	500	500	0	500	500	0	
3.2598623463e+02	12	456	4	496	3	4	0	50	500	500	0	500	500	0	
3.2649773458e+02	12	458	7	493	1	9	0	50	500	500	0	500	500	0	
3.2699885193e+02	12	457	5	495	2	5	0	50	500	500	0	500	500	0	
3.2749968789e+02	13	457	10	490	3	9	0	50	500	500	0	500	500	0	
3.2799917518e+02	16	456	9	491	6	4	0	50	500	500	0	500	500	0	
3.2849707719e+02	17	457	7	493	1	4	0	50	500	500	0	500	500	0	
3.2899969978e+02	19	453	10	490	9	6	0	50	500	500	0	500	500	0	
3.2949942402e+02	18	453	8	492	6	4	0	50	500	500	0	500	500	0	
3.2999670570e+02	18	454	8	492	3	14	0	50	500	500	0	500	500	0	
3.3049979772e+02	20	452	10	490	9	8	0	50	500	500	0	500	500	0	
3.3099775669e+02	20	452	5	495	12	7	0	50	500	500	0	500	500	0	
3.3149963134e+02	16	456	5	495	6	6	0	50	500	500	0	500	500	0	
3.3199773262e+02	11	461	8	492	1	7	0	50	500	500	0	500	500	0	
3.3249561393e+02	14	459	9	491	2	8	0	50	500	500	0	500	500	0	
3.3299772603e+02	12	462	3	497	2	7	0	50	500	500	0	500	500	0	
3.3349769032e+02	13	462	11	489	6	8	0	50	500	500	0	500	500	0	
3.3399973276e+02	11	462	3	497	4	6	0	50	500	500	0	500	500	0	
3.3449987145e+02	11	462	4	496	5	4	0	50	500	500	0	500	500	0	
3.3499760297e+02	9	464	9	491	4	1	0	50	500	500	0	500	500	0	
3.3549746944e+02	8	465	6	494	1	5	0	50	500	500	0	500	500	0	
3.3599992503e+02	7	468	5	495	4	4	0	50	500	500	0	500	500	0	
3.3649981199e+02	9	467	6	494	8	4	0	50	500	500	0	500	500	0	
3.3699756383e+02	9	469	4	496	3	8	0	50	500	500	0	500	500	0	
3.3749755534e+02	9	471	4	496	6	4	0	50	500	500	0	500	500	0	
3.3799693540e+02	9	472	2	498	6	9	0	50	500	500	0	500	500	0	
3.3849817033e+02	12	469	4	496	6	8	0	50	500	500	0	500	500	0	
3.3899982903e+02	13	469	3	497	5	9	0	50	500	500	0	500	500	0	
3.3949852390e+02	13	470	8	492	2	5	0	50	500	500	0	500	500	0	
3.3999727852e+02	11	471	4	496	8	2	0	50	500	500	0	500	500	0	
3.4049941877e+02	16	468	7	493	4	10	0	50	500	500	0	500	500	0	
3.4099446351e+02	16	467	9	491	1	8	0	50	500	500	0	500	500	0	
3.4149939061e+02	19	465	6	494	5	5	0	50	500	500	0	500	500	0	
3.4199797744e+02	17	466	4	496	6	4	0	50	500	500	0	500	500	0	
3.4249895573e+02	13	471	7	493	2	7	0	50	500	500	0	500	500	0	
3.4299944828e+02	14	471	6	494	4	4	0	50	500	500	0	500	500	0	
3.4349875564e+02	13	476	6	494	5	8	0	50	500	500	0	500	500	0	
3.4399820154e+02	11	479	10	490	2	8	0	50	500	500	0	500	500	0	
3.4449888461e+02	8	481	7	493	0	4	0	50	500	500	0	500	500	0	
3.4499874651e+02	11	479	5	495	3	3	0	50	500	500	0	500	500	0	
3.4549924240e+02	10	481	5	495	3	8	0	50	500	500	0	500	500	0	
3.4599928122e+02	12	479	4	496	6	4	0	50	500	500	0	500	500	0	
3.4649987465e+02	9	482	5	495	7	6	0	50	500	500	0	500	500	0	
3.4699558096e+02	8	484	7	493	11	5	0	50	500	500	0	500	500	0	
3.4749830543e+02	8	484	3	497	3	8	0	50	500	500	0	500	500	0	
3.4799823603e+02	8	484	7	493	4	4	0	50	500	500	0	500	500	0	
3.4849709498e+02	12	481	2	498	3	7	0	50	500	500	0	500	500	0	
3.4899802587e+02	9	485	0	500	1	7	0	50	500	500	0	500	500	0	
3.4949849604e+02	10	485	6	494	1	7	0	50	500	500	0	500	500	0	
3.4999780824e+02	8	491	5	495	2	7	0	50	500	500	0	500	500	0	
3.5049973933e+02	10	491	10	490	6	6	0	50	500	500	0	500	500	0	
3.5099836166e+02	11	492	3	497	4	3	0	50	500	500	0	500	500	0	
3.5149696931e+02	10	493	6	494	3	6	0	50	500	500	0	500	500	0	
3.5199871375e+02	10	494	2	498	2	8	0	50	500	500	0	500	500	0	
3.5249902102e+02	9	494	8	492	4	2	0	50	500	500	0	500	500	0	
3.5299706108e+02	9	493	8	492	6	6	0	50	500	500	0	500	500	0	
3.5349398095e+02	11	492	4	496	6	9	0	50	500	500	0	500	500	0	
3.5399581825e+02	9	494	3	497	6	6	0	50	500	500	0	500	500	0	
3.5449893464e+02	11	493	2	498	4	8	0	50	500	500	0	500	500	0	
3.5499678929e+02	11	492	4	496	4	5	0	50	500	500	0	500	500	0	
3.5549874134e+02	12	493	10	490	5	5	0	50	500	500	0	500	500	0	
3.5599746445e+02	12	494	3	497	8	7	0	50	500	500	0	500	500	0	
3.5649988298e+02	11	496	2	498	2	6	0	50	500	500	0	500	500	0	
3.5699943513e+02	10	496	9	491	4	4	0	50	500	500	0	500	500	0	
3.5749595667e+02	11	493	4	496	4	5	0	50	500	500	0	500	500	0	
3.5799507807e+02	11	493	4	496	5	4	0	50	500	500	0	500	500	0	
3.5849908942e+02	11	492	5	495	4	4	0	50	500	500	0	500	500	0	
3.5899989158e+02	10	496	3	497	2	8	0	50	500	500	0	500	500	0	
3.5949830641e+02	17	491	5	495	6	5	0	50	500	500	0	500	500	0	
3.5999754269e+02	9	500	5	495	0	8	0	50	500	500	0	500	500	0	
3.6049829530e+02	8	505	8	492	2	7	0	50	500	500	0	500	500	0	
3.6099900923e+02	10	504	8	492	4	11	0	50	500	500	0	500	500	0	
3.6149805782e+02	8	507	10	490	2	9	0	50	500	500	0	500	500	0	
3.6199842431e+02	10	505	1	499	4	12	0	50	500	500	0	500	500	0	
3.6249528447e+02	15	500	5	495	5	7	0	50	500	500	0	500	500	0	
3.6299991615e+02	15	500	3	497	4	8	0	50	500	500	0	500	500	0	
3.6349989289e+02	12	502	2	498	3	10	0	50	500	500	0	500	500	0	
3.6399951220e+02	14	500	6	494	1	9	0	50	500	500	0	500	500	0	
3.6449979842e+02	17	497	10	490	7	4	0	50	500	500	0	500	500	0	
3.6499642402e+02	17	497	3	497	4	3	0	50	500	500	0	500	500	0	
3.6549930118e+02	21	493	4	496	1	7	0	50	500	500	0	500	500	0	
3.6599764176e+02	19	498	9	491	2	11	0	50	500	500	0	500	500	0	
3.6649980241e+02	18	500	4	496	6	8	0	50	500	500	0	500	500	0	
3.6699300424e+02	14	505	3	497	10	2	0	50	500	500	0	500	500	0	
3.6749553187e+02	12	506	5	495	4	7	0	50	500	500	0	500	500	0	
3.6799797484e+02	11	507	7	493	2	9	0	50	500	500	0	500	500	0	
3.6849681145e+02	7	512	2	498	6	6	0	50	500	500	0	500	500	0	
3.6899969546e+02	4	516	4	496	2	8	0	50	500	500	0	500	500	0	
3.6949672077e+02	6	514	8	492	4	6	0	50	500	500	0	500	500	0	
3.6999967292e+02	5	515	6	494	6	9	0	50	500	500	0	500	500	0	
3.7049997016e+02	7	513	5	495	5	10	0	50	500	500	0	500	500	0	
3.7099758067e+02	9	513	2	498	5	7	0	50	500	500	0	500	500	0	
3.7149642861e+02	11	512	3	497	2	5	0	50	500	500	0	500	500	0	
3.7199664474e+02	9	511	5	495	0	3	0	50	500	500	0	500	500	0	
3.7249546257e+02	8	513	3	497	5	2	0	50	500	500	0	500	500	0	
3.7299931902e+02	10	512	2	498	10	5	0	50	500	500	0	500	500	0	
3.7349764171e+02	12	513	3	497	4	8	0	50	500	500	0	500	500	0	
3.7399840378e+02	8	514	2	498	2	5	0	50	500	500	0	500	500	0	
3.7449661283e+02	9	515	6	494	0	7	0	50	500	500	0	500	500	0	
3.7499924228e+02	12	511	8	492	9	2	0	50	500	500	0	500	500	0	
3.7549920934e+02	13	512	5	495	2	5	0	50	500	500	0	500	500	0	
3.7599764391e+02	10	517	3	497	3	5	0	50	500	500	0	500	500	0	
3.7649474951e+02	9	518	12	488	4	3	0	50	500	500	0	500	500	0	
3.7699943794e+02	10	518	6	494	3	4	0	50	500	500	0	500	500	0	
3.7749822375e+02	11	515	3	497	4	3	0	50	500	500	0	500	500	0	
3.7799824298e+02	16	510	3	497	2	6	0	50	500	500	0	500	500	0	
3.7849633624e+02	13	514	4	496	3	3	0	50	500	500	0	500	500	0	
3.7899979041e+02	10	516	5	495	4	5	0	50	500	500	0	500	500	0	
3.7949760289e+02	11	516	8	492	3	4	0	50	500	500	0	500	500	0	
3.7999887838e+02	9	519	3	497	4	4	0	50	500	500	0	500	500	0	
3.8049997505e+02	12	515	6	494	5	7	0	50	500	500	0	500	500	0	
3.8099367628e+02	10	517	4	496	3	4	0	50	500	500	0	500	500	0	
3.8149532987e+02	12	515	5	495	3	3	0	50	500	500	0	500	500	0	
3.8198838306e+02	11	518	6	494	1	4	0	50	500	500	0	500	500	0	
3.8249398591e+02	10	522	4	496	2	4	0	50	500	500	0	500	500	0	
3.8299898371e+02	11	520	3	497	2	8	0	50	500	500	0	500	500	0	
3.8349672441e+02	13	519	5	495	3	7	0	50	500	500	0	500	500	0	
3.8399559450e+02	15	517	2	498	0	11	0	50	500	500	0	500	500	0	
3.8449539887e+02	13	518	3	497	4	7	0	50	500	500	0	500	500	0	
3.8499974629e+02	10	520	7	493	5	6	0	50	500	500	0	500	500	0	
3.8549961531e+02	14	518	5	495	6	8	0	50	500	500	0	500	500	0	
3.8599314435e+02	14	517	3	497	6	6	0	50	500	500	0	500	500	0	
3.8649698923e+02	14	518	3	497	5	3	0	50	500	500	0	500	500	0	
3.8699878548e+02	14	518	9	491	4	8	0	50	500	500	0	500	500	0	
3.8749993013e+02	13	517	5	495	3	2	0	50	500	500	0	500	500	0	
3.8799810147e+02	11	519	2	498	3	7	0	50	500	500	0	500	500	0	
3.8849341558e+02	12	518	4	496	6	8	0	50	500	500	0	500	500	0	
3.8899939560e+02	14	518	7	493	4	8	0	50	500	500	0	500	500	0	
3.8949391695e+02	24	510	4	496	9	8	0	50	500	500	0	500	500	0	
3.8999662020e+02	21	513	5	495	5	10	0	50	500	500	0	500	500	0	
3.9049643123e+02	20	512	5	495	5	12	0	50	500	500	0	500	500	0	
3.9099744648e+02	19	514	5	495	3	7	0	50	500	500	0	500	500	0	
3.9149860170e+02	16	518	10	490	3	7	0	50	500	500	0	500	500	0	
3.9199576038e+02	15	520	10	490	6	5	0	50	500	500	0	500	500	0	
3.9249806703e+02	11	523	5	495	4	4	0	50	500	500	0	500	500	0	
3.9299539854e+02	8	527	9	491	4	8	0	50	500	500	0	500	500	0	
3.9349789546e+02	10	526	5	495	7	10	0	50	500	500	0	500	500	0	
3.9399903777e+02	9	529	8	492	1	11	0	50	500	500	0	500	500	0	
3.9449986656e+02	13	524	3	497	5	6	0	50	500	500	0	500	500	0	
3.9499923406e+02	14	523	5	495	4	6	0	50	500	500	0	500	500	0	
3.9549670161e+02	11	530	2	498	5	5	0	50	500	500	0	500	500	0	
3.9599855595e+02	10	532	12	488	8	6	0	50	500	500	0	500	500	0	
3.9649972016e+02	9	535	5	495	5	8	0	50	500	500	0	500	500	0	
3.9699594159e+02	6	539	6	494	6	4	0	50	500	500	0	500	500	0	
3.9749864508e+02	9	536	5	495	2	5	0	50	500	500	0	500	500	0	
3.9799864949e+02	10	534	5	495	4	8	0	50	500	500	0	500	500	0	
3.9849949947e+02	14	531	5	495	3	12	0	50	500	500	0	500	500	0	
3.9899766974e+02	19	526	5	495	7	5	0	50	500	500	0	500	500	0	
3.9949792216e+02	20	525	6	494	5	5	0	50	500	500	0	500	500	0	
3.9999688100e+02	17	527	6	494	6	6	0	50	500	500	0	500	500	0	
4.0049761290e+02	17	527	4	496	3	4	0	50	500	500	0	500	500	0	
4.0099398933e+02	13	531	3	497	2	7	0	50	500	500	0	500	500	0	
4.0149630550e+02	15	529	5	495	2	7	0	50	500	500	0	500	500	0	
4.0199472370e+02	15	529	5	495	7	7	0	50	500	500	0	500	500	0	
4.0249901352e+02	16	528	6	494	6	1	0	50	500	500	0	500	500	0	
4.0299957850e+02	16	528	3	497	1	3	0	50	500	500	0	500	500	0	
4.0349984834e+02	13	530	6	494	9	6	0	50	500	500	0	500	500	0	
4.0399543591e+02	13	530	0	500	5	6	0	50	500	500	0	500	500	0	
4.0449701711e+02	12	533	3	497	7	5	0	50	500	500	0	500	500	0	
4.0499752370e+02	13	533	8	492	6	9	0	50	500	500	0	500	500	0	
4.0549945390e+02	16	529	3	497	3	4	0	50	500	500	0	500	500	0	
4.0599865886e+02	13	532	7	493	2	4	0	50	500	500	0	500	500	0	
4.0649886627e+02	11	535	8	492	5	4	0	50	500	500	0	500	500	0	
4.0699486713e+02	9	537	9	491	3	5	0	50	500	500	0	500	500	0	
4.0749943533e+02	9	537	5	495	6	4	0	50	500	500	0	500	500	0	
4.0799647324e+02	8	539	11	489	5	3	0	50	500	500	0	500	500	0	
4.0849271201e+02	9	538	11	489	1	4	0	50	500	500	0	500	500	0	
4.0899846163e+02	10	538	5	495	3	6	0	50	500	500	0	500	500	0	
4.0949116444e+02	12	537	1	499	4	5	0	50	500	500	0	500	500	0	
4.0999980941e+02	14	537	2	498	8	4	0	50	500	500	0	500	500	0	
4.1049558738e+02	10	543	7	493	5	5	0	50	500	500	0	500	500	0	
4.1099645388e+02	11	542	0	500	3	6	0	50	500	500	0	500	500	0	
4.1149833521e+02	11	543	7	493	3	7	0	50	500	500	0	500	500	0	
4.1199970867e+02	8	547	4	496	3	9	0	50	500	500	0	500	500	0	
4.1249672075e+02	11	546	10	490	3	4	0	50	500	500	0	500	500	0	
4.1299507856e+02	18	539	2	498	4	3	0	50	500	500	0	500	500	0	
4.1349815646e+02	19	539	2	498	5	3	0	50	500	500	0	500	500	0	
4.1399520392e+02	23	535	4	496	5	5	0	50	500	500	0	500	500	0	
4.1449556722e+02	21	538	2	498	3	3	0	50	500	500	0	500	500	0	
4.1499904495e+02	19	541	5	495	1	4	0	50	500	500	0	500	500	0	
4.1549904484e+02	16	544	2	498	4	6	0	50	500	500	0	500	500	0	
4.1599838506e+02	14	548	5	495	7	7	0	50	500	500	0	500	500	0	
4.1649892105e+02	14	550	7	493	3	5	0	50	500	500	0	500	500	0	
4.1699945395e+02	12	551	4	496	7	5	0	50	500	500	0	500	500	0	
4.1749881101e+02	12	550	2	498	4	6	0	50	500	500	0	500	500	0	
4.1799949356e+02	17	546	6	494	6	10	0	50	500	500	0	500	500	0	
4.1849929092e+02	16	546	4	496	5	8	0	50	500	500	0	500	500	0	
4.1899626337e+02	18	543	8	492	5	7	0	50	500	500	0	500	500	0	
4.1949786984e+02	13	547	1	499	1	6	0	50	500	500	0	500	500	0	
4.1997989779e+02	14	548	2	498	0	4	0	50	500	500	0	500	500	0	
4.2049757644e+02	15	547	4	496	1	3	0	50	500	500	0	500	500	0	
4.2099673100e+02	14	551	3	497	0	5	0	50	500	500	0	500	500	0	
4.2149864159e+02	14	549	4	496	6	9	0	50	500	500	0	500	500	0	
4.2199686980e+02	11	554	8	492	6	6	0	50	500	500	0	500	500	0	
4.2249960454e+02	14	551	5	495	4	9	0	50	500	500	0	500	500	0	
4.2299719343e+02	14	551	3	497	7	6	0	50	500	500	0	500	500	0	
4.2349751348e+02	14	551	6	494	4	7	0	50	500	500	0	500	500	0	
4.2399576889e+02	16	550	5	495	3	4	0	50	500	500	0	500	500	0	
4.2449534235e+02	16	550	3	497	3	2	0	50	500	500	0	500	500	0	
4.2499868286e+02	14	555	3	497	1	9	0	50	500	500	0	500	500	0	
4.2549883366e+02	11	558	5	495	4	7	0	50	500	500	0	500	500	0	
4.2599621914e+02	10	560	2	498	3	4	0	50	500	500	0	500	500	0	
4.2649994910e+02	10	564	5	495	5	6	0	50	500	500	0	500	500	0	
4.2699739193e+02	16	558	3	497	4	9	0	50	500	500	0	500	500	0	
4.2749891137e+02	16	559	4	496	8	2	0	50	500	500	0	500	500	0	
4.2799863602e+02	14	560	4	496	6	0	0	50	500	500	0	500	500	0	
4.2849934779e+02	14	563	5	495	2	8	0	50	500	500	0	500	500	0	
4.2899994539e+02	18	558	2	498	8	5	0	50	500	500	0	500	500	0	
4.2949786179e+02	18	558	3	497	4	7	0	50	500	500	0	500	500	0	
4.2999835544e+02	16	559	5	495	7	6	0	50	500	500	0	500	500	0	
4.3049905499e+02	18	556	14	486	6	4	0	50	500	500	0	500	500	0	
4.3099234168e+02	15	559	5	495	1	6	0	50	500	500	0	500	500	0	
4.3149988703e+02	15	561	4	496	9	6	0	50	500	500	0	500	500	0	
4.3199909614e+02	22	552	11	489	7	9	0	50	500	500	0	500	500	0	
4.3249846047e+02	22	553	1	499	5	6	0	50	500	500	0	500	500	0	
4.3299863381e+02	26	551	5	495	5	10	0	50	500	500	0	500	500	0	
4.3349813067e+02	25	553	6	494	5	10	0	50	500	500	0	500	500	0	
4.3399432944e+02	17	563	5	495	1	8	0	50	500	500	0	500	500	0	
4.3449761945e+02	17	565	5	495	5	4	0	50	500	500	0	500	500	0	
4.3499799273e+02	13	568	5	495	7	7	0	50	500	500	0	500	500	0	
4.3549799929e+02	16	566	5	495	5	5	0	50	500	500	0	500	500	0	
4.3599982058e+02	16	562	5	495	4	8	0	50	500	500	0	500	500	0	
4.3649704669e+02	16	561	2	498	5	8	0	50	500	500	0	500	500	0	
4.3699475681e+02	12	565	2	498	1	3	0	50	500	500	0	500	500	0	
4.3749922630e+02	9	568	6	494	1	2	0	50	500	500	0	500	500	0	
4.3799829086e+02	9	567	6	494	1	4	0	50	500	500	0	500	500	0	
4.3849640056e+02	10	566	3	497	5	6	0	50	500	500	0	500	500	0	
4.3899837013e+02	10	565	6	494	1	4	0	50	500	500	0	500	500	0	
4.3949976820e+02	9	563	2	498	1	6	0	50	500	500	0	500	500	0	
4.3999812222e+02	11	560	8	492	3	6	0	50	500	500	0	500	500	0	
4.4049939798e+02	10	561	3	497	1	4	0	50	500	500	0	500	500	0	
4.4099857228e+02	9	562	4	496	3	4	0	50	500	500	0	500	500	0	
4.4149969262e+02	9	564	8	492	5	2	0	50	500	500	0	500	500	0	
4.4199972915e+02	6	569	6	494	4	2	0	50	500	500	0	500	500	0	
4.4249757949e+02	6	569	5	495	3	4	0	50	500	500	0	500	500	0	
4.4299952409e+02	6	569	3	497	1	4	0	50	500	500	0	500	500	0	
4.4349165515e+02	8	570	4	496	5	4	0	50	500	500	0	500	500	0	
4.4399995400e+02	7	570	4	496	1	3	0	50	500	500	0	500	500	0	
4.4449940521e+02	7	572	6	494	3	8	0	50	500	500	0	500	500	0	
4.4499751026e+02	11	573	2	498	6	7	0	50	500	500	0	500	500	0	
4.4549985474e+02	14	570	1	499	5	8	0	50	500	500	0	500	500	0	
4.4599696619e+02	12	572	7	493	8	2	0	50	500	500	0	500	500	0	
4.4649998887e+02	14	570	1	499	6	7	0	50	500	500	0	500	500	0	
4.4699617853e+02	18	566	6	494	3	2	0	50	500	500	0	500	500	0	
4.4749697932e+02	21	565	6	494	3	5	0	50	500	500	0	500	500	0	
4.4799993846e+02	15	570	7	493	1	2	0	50	500	500	0	500	500	0	
4.4849979491e+02	12	573	3	497	6	9	0	50	500	500	0	500	500	0	
4.4899843671e+02	13	573	6	494	7	7	0	50	500	500	0	500	500	0	
4.4949985559e+02	12	574	6	494	3	3	0	50	500	500	0	500	500	0	
4.4999953069e+02	9	576	6	494	2	3	0	50	500	500	0	500	500	0	
4.5049806586e+02	6	579	6	494	5	2	0	50	500	500	0	500	500	0	
4.5099936722e+02	6	580	3	497	1	5	0	50	500	500	0	500	500	0	
4.5149945115e+02	7	580	3	497	4	7	0	50	500	500	0	500	500	0	
4.5199715982e+02	4	582	5	495	4	7	0	50	500	500	0	500	500	0	
4.5249963227e+02	7	579	6	494	6	7	0	50	500	500	0	500	500	0	
4.5299789609e+02	10	578	2	498	6	9	0	50	500	500	0	500	500	0	
4.5349984955e+02	11	576	4	496	4	10	0	50	500	500	0	500	500	0	
4.5399989654e+02	14	572	5	495	5	6	0	50	500	500	0	500	500	0	
4.5449955701e+02	15	571	6	494	7	5	0	50	500	500	0	500	500	0	
4.5499908741e+02	13	573	3	497	5	7	0	50	500	500	0	500	500	0	
4.5549967053e+02	13	574	7	493	3	6	0	50	500	500	0	500	500	0	
4.5599847122e+02	12	575	12	488	5	4	0	50	500	500	0	500	500	0	
4.5649644492e+02	10	576	5	495	5	2	0	50	500	500	0	500	500	0	
4.5699530810e+02	12	573	1	499	3	3	0	50	500	500	0	500	500	0	
4.5749858980e+02	8	577	1	499	1	8	0	50	500	500	0	500	500	0	
4.5799924427e+02	8	577	6	494	6	2	0	50	500	500	0	500	500	0	
4.5849937681e+02	8	577	3	497	5	4	0	50	500	500	0	500	500	0	
4.5899918501e+02	11	573	6	494	6	7	0	50	500	500	0	500	500	0	
4.5949880839e+02	10	573	1	499	5	7	0	50	500	500	0	500	500	0	
4.5999716536e+02	11	573	2	498	4	5	0	50	500	500	0	500	500	0	
4.6049789543e+02	12	574	5	495	3	8	0	50	500	500	0	500	500	0	
4.6099913069e+02	13	574	6	494	2	6	0	50	500	500	0	500	500	0	
4.6149810059e+02	10	577	5	495	8	2	0	50	500	500	0	500	500	0	
4.6199945915e+02	9	578	6	494	3	5	0	50	500	500	0	500	500	0	
4.6249870387e+02	5	585	4	496	5	6	0	50	500	500	0	500	500	0	
4.6299759277e+02	10	582	1	499	6	5	0	50	500	500	0	500	500	0	
4.6349278442e+02	14	578	3	497	6	8	0	50	500	500	0	500	500	0	
4.6399892977e+02	11	581	3	497	1	5	0	50	500	500	0	500	500	0	
4.6449916601e+02	9	582	5	495	5	8	0	50	500	500	0	500	500	0	
4.6499935498e+02	10	583	4	496	4	11	0	50	500	500	0	500	500	0	
4.6549974647e+02	13	581	5	495	2	5	0	50	500	500	0	500	500	0	
4.6599955294e+02	15	579	9	491	3	3	0	50	500	500	0	500	500	0	
4.6649990000e+02	12	583	5	495	3	3	0	50	500	500	0	500	500	0	
4.6699951534e+02	9	586	2	498	0	4	0	50	500	500	0	500	500	0	
4.6749922137e+02	7	588	4	496	2	4	0	50	500	500	0	500	500	0	
4.6799564242e+02	8	586	5	495	4	5	0	50	500	500	0	500	500	0	
4.6849971622e+02	8	586	4	496	3	6	0	50	500	500	0	500	500	0	
4.6898724382e+02	7	583	7	493	3	4	0	50	500	500	0	500	500	0	
4.6949974894e+02	12	578	4	496	4	4	0	50	500	500	0	500	500	0	
4.6999842981e+02	14	576	0	500	7	6	0	50	500	500	0	500	500	0	
4.7049914441e+02	11	580	3	497	0	8	0	50	500	500	0	500	500	0	
4.7099880774e+02	12	578	3	497	8	3	0	50	500	500	0	500	500	0	
4.7149895186e+02	12	581	1	499	6	6	0	50	500	500	0	500	500	0	
4.7199893665e+02	12	582	3	497	6	6	0	50	500	500	0	500	500	0	
4.7249821962e+02	14	582	7	493	3	4	0	50	500	500	0	500	500	0	
4.7299999099e+02	12	585	4	496	1	6	0	50	500	500	0	500	500	0	
4.7349983146e+02	11	585	1	499	4	9	0	50	500	500	0	500	500	0	
4.7399956501e+02	18	578	3	497	4	3	0	50	500	500	0	500	500	0	
4.7449921376e+02	18	579	5	495	4	11	0	50	500	500	0	500	500	0	
4.7499733603e+02	18	580	6	494	5	10	0	50	500	500	0	500	500	0	
4.7549786649e+02	20	580	4	496	4	7	0	50	500	500	0	500	500	0	
4.7599894729e+02	20	579	5	495	4	11	0	50	500	500	0	500	500	0	
4.7649978365e+02	20	579	3	497	5	8	0	50	500	500	0	500	500	0	
4.7699577336e+02	19	581	3	497	6	3	0	50	500	500	0	500	500	0	
4.7749876054e+02	21	581	2	498	2	5	0	50	500	500	0	500	500	0	
4.7799841895e+02	23	579	2	498	6	6	0	50	500	500	0	500	500	0	
4.7849757741e+02	23	579	3	497	8	3	0	50	500	500	0	500	500	0	
4.7899937435e+02	18	586	4	496	3	9	0	50	500	500	0	500	500	0	
4.7949376251e+02	17	589	7	493	6	5	0	50	500	500	0	500	500	0	
4.7999746281e+02	20	587	2	498	5	5	0	50	500	500	0	500	500	0	
4.8049908992e+02	19	588	6	494	6	7	0	50	500	500	0	500	500	0	
4.8099989209e+02	20	589	3	497	6	9	0	50	500	500	0	500	500	0	
4.8149908691e+02	24	586	6	494	6	8	0	50	500	500	0	500	500	0	
4.8199837482e+02	20	592	5	495	9	7	0	50	500	500	0	500	500	0	
4.8249686118e+02	19	592	3	497	5	7	0	50	500	500	0	500	500	0	
4.8299990928e+02	17	596	3	497	2	8	0	50	500	500	0	500	500	0	
4.8349634396e+02	16	594	3	497	3	5	0	50	500	500	0	500	500	0	
4.8399147170e+02	17	594	6	494	5	3	0	50	500	500	0	500	500	0	
4.8449904955e+02	20	593	4	496	4	6	0	50	500	500	0	500	500	0	
4.8499479695e+02	21	592	4	496	4	6	0	50	500	500	0	500	500	0	
4.8549827671e+02	20	594	2	498	6	5	0	50	500	500	0	500	500	0	
4.8599924026e+02	22	593	4	496	6	6	0	50	500	500	0	500	500	0	
4.8649984253e+02	19	596	5	495	4	10	0	50	500	500	0	500	500	0	
4.8699973008e+02	22	595	7	493	6	4	0	50	500	500	0	500	500	0	
4.8749575364e+02	21	600	6	494	5	6	0	50	500	500	0	500	500	0	
4.8799969830e+02	19	602	3	497	3	9	0	50	500	500	0	500	500	0	
4.8849973331e+02	20	602	10	490	5	7	0	50	500	500	0	500	500	0	
4.8899627574e+02	18	603	2	498	9	6	0	50	500	500	0	500	500	0	
4.8949824719e+02	12	609	1	499	4	3	0	50	500	500	0	500	500	0	
4.8999872386e+02	9	611	5	495	3	4	0	50	500	500	0	500	500	0	
4.9049737746e+02	10	609	6	494	4	4	0	50	500	500	0	500	500	0	
4.9099884258e+02	13	605	4	496	1	9	0	50	500	500	0	500	500	0	
4.9149676575e+02	10	608	4	496	1	9	0	50	500	500	0	500	500	0	
4.9199728036e+02	10	607	5	495	3	6	0	50	500	500	0	500	500	0	
4.9249794784e+02	12	605	4	496	6	8	0	50	500	500	0	500	500	0	
4.9299844356e+02	13	604	7	493	7	5	0	50	500	500	0	500	500	0	
4.9349940344e+02	16	601	6	494	6	2	0	50	500	500	0	500	500	0	
4.9399457900e+02	13	604	0	500	4	6	0	50	500	500	0	500	500	0	
4.9449679020e+02	11	607	4	496	5	7	0	50	500	500	0	500	500	0	
4.9499745919e+02	11	607	8	492	2	7	0	50	500	500	0	500	500	0	
4.9549540067e+02	9	613	1	499	6	1	0	50	500	500	0	500	500	0	
4.9599989622e+02	10	610	2	498	2	5	0	50	500	500	0	500	500	0	
4.9649353884e+02	15	603	5	495	3	4	0	50	500	500	0	500	500	0	
4.9699893777e+02	19	600	3	497	6	9	0	50	500	500	0	500	500	0	
4.9749661478e+02	19	602	2	498	5	4	0	50	500	500	0	500	500	0	
4.9799836815e+02	18	604	3	497	4	5	0	50	500	500	0	500	500	0	
4.9849851806e+02	15	607	7	493	5	6	0	50	500	500	0	500	500	0	
4.9899873474e+02	16	606	7	493	5	6	0	50	500	500	0	500	500	0	
4.9948891605e+02	15	607	6	494	3	4	0	50	500	500	0	500	500	0	
4.9999977140e+02	13	607	2	498	1	8	0	50	500	500	0	500	500	0	
5.0000374728e+02	13	607	2	498	2	7	0	50	500	500	0	500	500	0	
