0.0000000000e+00	0	0	500	0	0	0	0	500	500	500	0	0	0	40	
4.9882731558e-01	0	1	478	22	0	121	0	500	500	500	0	0	0	40	
9.9960358222e-01	0	2	452	48	2	200	0	500	500	500	0	0	0	40	
1.4974706190e+00	1	3	430	70	1	270	0	500	500	500	0	0	0	40	
1.9963901825e+00	2	3	432	68	0	305	0	500	500	500	0	0	0	40	
2.4958482776e+00	2	4	428	72	3	349	0	500	500	500	0	0	0	40	
2.9999268232e+00	2	6	432	68	0	370	0	500	500	500	0	0	0	40	
3.4995201056e+00	4	5	420	80	2	384	0	500	500	500	0	0	0	40	
3.9970642791e+00	6	6	420	80	2	392	0	500	500	500	0	0	0	40	
4.4984948598e+00	6	9	416	84	1	412	0	500	500	500	0	0	0	40	
4.9991598041e+00	6	10	408	92	4	446	0	500	500	500	0	0	0	40	
5.4999535215e+00	9	8	412	88	5	448	0	500	500	500	0	0	0	40	
5.9945306788e+00	10	6	398	102	4	469	0	500	500	500	0	0	0	40	
6.4993089163e+00	11	7	397	103	4	456	0	500	500	500	0	0	0	40	
6.9993479825e+00	13	5	396	104	3	483	0	500	500	500	0	0	0	40	
7.4996937539e+00	12	6	394	106	1	487	0	500	500	500	0	0	0	40	
7.9997042869e+00	13	6	389	111	0	500	0	500	500	500	0	0	0	40	
8.4994678418e+00	14	6	389	111	3	510	0	500	500	500	0	0	0	40	
8.9998486380e+00	15	8	375	125	4	499	0	500	500	500	0	0	0	40	
9.4996419493e+00	16	7	367	133	1	500	0	500	500	500	0	0	0	40	
9.9996082216e+00	16	11	371	129	3	494	0	500	500	500	0	0	0	40	
1.0499895970e+01	18	12	374	126	5	489	0	500	500	500	0	0	0	40	
1.0999218256e+01	16	15	376	124	3	466	0	500	500	500	0	0	0	40	
1.1499950899e+01	17	15	373	127	5	462	0	500	500	500	0	0	0	40	
1.1999818700e+01	19	14	381	119	2	457	0	500	500	500	0	0	0	40	
1.2498238620e+01	22	12	381	119	5	475	0	500	500	500	0	0	0	40	
1.2996519150e+01	21	15	375	125	1	465	0	500	500	500	0	0	0	40	
1.3499767953e+01	23	15	375	125	6	463	0	500	500	500	0	0	0	40	
1.3998467244e+01	28	11	385	115	5	448	0	500	500	500	0	0	0	40	
1.4499085758e+01	30	9	378	122	0	462	0	500	500	500	0	0	0	40	
1.4998467819e+01	31	8	381	119	3	463	0	500	500	500	0	0	0	40	
1.5499537114e+01	30	9	378	122	7	458	0	500	500	500	0	0	0	40	
1.5998586452e+01	30	9	384	116	3	466	0	500	500	500	0	0	0	40	
1.6499254653e+01	31	9	384	116	3	460	0	500	500	500	0	0	0	40	
1.6999778309e+01	34	7	386	114	3	482	0	500	500	500	0	0	0	40	
1.7498650530e+01	34	10	375	125	2	469	0	500	500	500	0	0	0	40	
1.7997917063e+01	36	10	365	135	3	452	0	500	500	500	0	0	0	40	
1.8499926871e+01	38	8	373	127	0	449	0	500	500	500	0	0	0	40	
1.8997863203e+01	39	8	378	122	3	468	0	500	500	500	0	0	0	40	
1.9495665658e+01	39	8	377	123	2	476	0	500	500	500	0	0	0	40	
1.9999283593e+01	39	8	377	123	2	468	0	500	500	500	0	0	0	40	
2.0498201572e+01	40	6	381	119	1	447	0	500	500	500	0	0	0	40	
2.0999495340e+01	38	8	373	127	2	461	0	500	500	500	0	0	0	40	
2.1498141718e+01	40	6	391	109	2	472	0	500	500	500	0	0	0	40	
2.1998754454e+01	41	5	392	108	2	467	0	500	500	500	0	0	0	40	
2.2499670574e+01	41	7	396	104	2	496	0	500	500	500	0	0	0	40	
2.2999358164e+01	39	11	406	94	3	508	0	500	500	500	0	0	0	40	
2.3499987537e+01	38	15	420	80	4	511	0	500	500	500	0	0	0	40	
2.3999386669e+01	41	12	416	84	4	527	0	500	500	500	0	0	0	40	
2.4497147597e+01	44	11	412	88	2	505	0	500	500	500	0	0	0	40	
2.4999545640e+01	46	9	402	98	3	498	0	500	500	500	0	0	0	40	
2.5498348102e+01	47	10	400	100	4	481	0	500	500	500	0	0	0	40	
2.5999376323e+01	47	9	401	99	3	473	0	500	500	500	0	0	0	40	
2.6497993359e+01	47	10	387	113	1	460	0	500	500	500	0	0	0	40	
2.6998476482e+01	48	11	375	125	4	455	0	500	500	500	0	0	0	40	
2.7494044998e+01	46	13	369	131	3	481	0	500	500	500	0	0	0	40	
2.7997679983e+01	47	14	372	128	6	478	0	500	500	500	0	0	0	40	
2.8496319390e+01	50	12	368	132	1	490	0	500	500	500	0	0	0	40	
2.8999725449e+01	51	12	366	134	4	499	0	500	500	500	0	0	0	40	
2.9497327061e+01	50	14	365	135	4	525	0	500	500	500	0	0	0	40	
2.9995258924e+01	49	17	357	143	6	516	0	500	500	500	0	0	0	40	
3.0495838409e+01	49	17	357	143	7	498	0	500	500	500	0	0	0	40	
3.0999472002e+01	52	17	361	139	5	482	0	500	500	500	0	0	0	40	
3.1498003273e+01	53	18	356	144	0	501	0	500	500	500	0	0	0	40	
3.1999998423e+01	56	15	357	143	3	501	0	500	500	500	0	0	0	40	
3.2497043023e+01	55	18	348	152	6	493	0	500	500	500	0	0	0	40	
3.2999022877e+01	58	16	358	142	7	477	0	500	500	500	0	0	0	40	
3.3499911757e+01	60	14	354	146	8	458	0	500	500	500	0	0	0	40	
3.3998637037e+01	64	11	349	151	3	465	0	500	500	500	0	0	0	40	
3.4499865651e+01	63	12	360	140	4	455	0	500	500	500	0	0	0	40	
3.4995792823e+01	61	17	362	138	7	452	0	500	500	500	0	0	0	40	
3.5498501061e+01	60	18	370	130	5	468	0	500	500	500	0	0	0	40	
3.5996596391e+01	59	20	371	129	5	483	0	500	500	500	0	0	0	40	
3.6493707735e+01	65	16	370	130	6	466	0	500	500	500	0	0	0	40	
3.6999310599e+01	67	17	382	118	5	494	0	500	500	500	0	0	0	40	
3.7497088645e+01	68	16	389	111	1	497	0	500	500	500	0	0	0	40	
3.7998838207e+01	66	21	389	111	0	512	0	500	500	500	0	0	0	40	
3.8499084796e+01	67	22	395	105	6	489	0	500	500	500	0	0	0	40	
3.8999551970e+01	70	20	398	102	8	495	0	500	500	500	0	0	0	40	
3.9499185880e+01	68	22	387	113	10	477	0	500	500	500	0	0	0	40	
3.9999494432e+01	69	22	378	122	4	477	0	500	500	500	0	0	0	40	
4.0499507950e+01	67	23	374	126	8	461	0	500	500	500	0	0	0	40	
4.0998329212e+01	71	20	380	120	7	469	0	500	500	500	0	0	0	40	
4.1499976849e+01	75	17	385	115	6	490	0	500	500	500	0	0	0	40	
4.1999542293e+01	73	21	389	111	9	494	0	500	500	500	0	0	0	40	
4.2499772525e+01	72	23	381	119	9	471	0	500	500	500	0	0	0	40	
4.2998980235e+01	72	24	385	115	4	475	0	500	500	500	0	0	0	40	
4.3497093438e+01	74	22	375	125	6	470	0	500	500	500	0	0	0	40	
4.3999981077e+01	76	20	385	115	8	452	0	500	500	500	0	0	0	40	
4.4496357416e+01	74	24	385	115	6	457	0	500	500	500	0	0	0	40	
4.4998456004e+01	80	19	381	119	10	487	0	500	500	500	0	0	0	40	
4.5499850484e+01	82	17	372	128	3	474	0	500	500	500	0	0	0	40	
4.5997022318e+01	81	18	365	135	5	492	0	500	500	500	0	0	0	40	
4.6497133194e+01	80	21	371	129	4	491	0	500	500	500	0	0	0	40	
4.6999283556e+01	81	20	374	126	11	490	0	500	500	500	0	0	0	40	
4.7499155697e+01	84	19	361	139	7	493	0	500	500	500	0	0	0	40	
4.7999505619e+01	83	20	354	146	4	497	0	500	500	500	0	0	0	40	
4.8499223764e+01	87	16	357	143	4	489	0	500	500	500	0	0	0	40	
4.8998811412e+01	85	19	368	132	6	486	0	500	500	500	0	0	0	40	
4.9499374373e+01	83	21	378	122	4	481	0	500	500	500	0	0	0	40	
4.9999677117e+01	87	17	388	112	10	466	0	500	500	500	0	0	0	40	
5.0499546190e+01	84	20	376	124	5	499	0	500	500	500	0	0	0	40	
5.0997435884e+01	87	17	386	114	7	501	0	500	500	500	0	0	0	40	
5.1499308047e+01	84	20	395	105	6	490	0	500	500	500	0	0	0	40	
5.1998479864e+01	85	20	398	102	6	485	0	500	500	500	0	0	0	40	
5.2499268580e+01	88	17	406	94	7	471	0	500	500	500	0	0	0	40	
5.2999243503e+01	87	18	393	107	11	471	0	500	500	500	0	0	0	40	
5.3495884182e+01	91	16	378	122	2	444	0	500	500	500	0	0	0	40	
5.3999833195e+01	88	20	379	121	2	443	0	500	500	500	0	0	0	40	
5.4498841612e+01	86	23	376	124	9	447	0	500	500	500	0	0	0	40	
5.4999984470e+01	86	22	384	116	14	434	0	500	500	500	0	0	0	40	
5.5499118771e+01	85	24	387	113	6	444	0	500	500	500	0	0	0	40	
5.5997822371e+01	89	20	376	124	7	448	0	500	500	500	0	0	0	40	
5.6499929288e+01	89	21	375	125	3	447	0	500	500	500	0	0	0	40	
5.6998840680e+01	93	17	382	118	6	483	0	500	500	500	0	0	0	40	
5.7498096002e+01	92	19	379	121	4	516	0	500	500	500	0	0	0	40	
5.7998502189e+01	94	16	384	116	8	479	0	500	500	500	0	0	0	40	
5.8498750200e+01	93	19	395	105	7	470	0	500	500	500	0	0	0	40	
5.8997739851e+01	90	23	402	98	11	465	0	500	500	500	0	0	0	40	
5.9499257422e+01	96	18	404	96	7	462	0	500	500	500	0	0	0	40	
5.9997599931e+01	93	24	407	93	10	457	0	500	500	500	0	0	0	40	
6.0499683827e+01	95	22	406	94	11	458	0	500	500	500	0	0	0	40	
6.0999970182e+01	94	23	411	89	6	501	0	500	500	500	0	0	0	40	
6.1498265332e+01	94	23	405	95	7	466	0	500	500	500	0	0	0	40	
6.1999266376e+01	95	22	396	104	4	491	0	500	500	500	0	0	0	40	
6.2499150597e+01	93	25	402	98	7	462	0	500	500	500	0	0	0	40	
6.2992778493e+01	95	25	406	94	8	485	0	500	500	500	0	0	0	40	
6.3499272189e+01	100	20	403	97	1	515	0	500	500	500	0	0	0	40	
6.3995263622e+01	102	19	402	98	3	510	0	500	500	500	0	0	0	40	
6.4499745913e+01	100	24	391	109	10	490	0	500	500	500	0	0	0	40	
6.4998651048e+01	101	23	388	112	9	477	0	500	500	500	0	0	0	40	
6.5496751234e+01	96	28	384	116	11	467	0	500	500	500	0	0	0	40	
6.5999754278e+01	103	22	375	125	6	472	0	500	500	500	0	0	0	40	
6.6498894283e+01	95	29	377	123	9	476	0	500	500	500	0	0	0	40	
6.6999910637e+01	103	23	376	124	5	480	0	500	500	500	0	0	0	40	
6.7499036394e+01	106	20	371	129	6	496	0	500	500	500	0	0	0	40	
6.7999579226e+01	102	25	376	124	9	493	0	500	500	500	0	0	0	40	
6.8497592005e+01	105	26	376	124	8	469	0	500	500	500	0	0	0	40	
6.8998625768e+01	103	28	372	128	14	454	0	500	500	500	0	0	0	40	
6.9498526836e+01	102	30	363	137	7	459	0	500	500	500	0	0	0	40	
6.9999276883e+01	105	28	363	137	7	470	0	500	500	500	0	0	0	40	
7.0499220272e+01	103	31	341	159	13	474	0	500	500	500	0	0	0	40	
7.0998425668e+01	109	27	345	155	12	459	0	500	500	500	0	0	0	40	
7.1499697471e+01	114	25	352	148	8	482	0	500	500	500	0	0	0	40	
7.1999235637e+01	119	21	351	149	9	493	0	500	500	500	0	0	0	40	
7.2499900000e+01	114	27	370	130	9	490	0	500	500	500	0	0	0	40	
7.2997792425e+01	113	30	369	131	6	507	0	500	500	500	0	0	0	40	
7.3498610491e+01	116	28	358	142	10	499	0	500	500	500	0	0	0	40	
7.3998886364e+01	116	28	348	152	6	504	0	500	500	500	0	0	0	40	
7.4495157696e+01	119	25	358	142	6	487	0	500	500	500	0	0	0	40	
7.4996490926e+01	120	27	365	135	7	478	0	500	500	500	0	0	0	40	
7.5499858590e+01	127	21	359	141	13	496	0	500	500	500	0	0	0	40	
7.5998142417e+01	127	21	353	147	7	497	0	500	500	500	0	0	0	40	
7.6496915599e+01	131	17	366	134	11	498	0	500	500	500	0	0	0	40	
7.6997653087e+01	132	17	366	134	12	476	0	500	500	500	0	0	0	40	
7.7499740249e+01	122	28	355	145	8	465	0	500	500	500	0	0	0	40	
7.7999561836e+01	117	35	357	143	18	451	0	500	500	500	0	0	0	40	
7.8499549278e+01	119	33	352	148	7	475	0	500	500	500	0	0	0	40	
7.8999364924e+01	123	30	352	148	9	474	0	500	500	500	0	0	0	40	
7.9499359429e+01	120	34	363	137	7	469	0	500	500	500	0	0	0	40	
7.9999393450e+01	118	36	362	138	6	467	0	500	500	500	0	0	0	40	
8.0499715389e+01	121	33	357	143	14	471	0	500	500	500	0	0	0	40	
8.0999794328e+01	117	38	361	139	13	463	0	500	500	500	0	0	0	40	
8.1499530019e+01	123	33	360	140	10	456	0	500	500	500	0	0	0	40	
8.1999928134e+01	122	36	353	147	18	463	0	500	500	500	0	0	0	40	
8.2498986633e+01	125	33	355	145	17	484	0	500	500	500	0	0	0	40	
8.2999339012e+01	123	37	352	148	12	460	0	500	500	500	0	0	0	40	
8.3498166673e+01	122	41	347	153	15	483	0	500	500	500	0	0	0	40	
8.3999595149e+01	120	44	342	158	11	473	0	500	500	500	0	0	0	40	
8.4499824175e+01	116	48	347	153	16	488	0	500	500	500	0	0	0	40	
8.4997307963e+01	112	55	351	149	20	474	0	500	500	500	0	0	0	40	
8.5496651115e+01	120	47	358	142	12	481	0	500	500	500	0	0	0	40	
8.5999802541e+01	121	46	344	156	25	460	0	500	500	500	0	0	0	40	
8.6499312259e+01	125	43	353	147	19	422	0	500	500	500	0	0	0	40	
8.6998975527e+01	127	42	361	139	7	451	0	500	500	500	0	0	0	40	
8.7499843237e+01	128	43	360	140	12	421	0	500	500	500	0	0	0	40	
8.7998888822e+01	122	49	354	146	18	437	0	500	500	500	0	0	0	40	
8.8499722861e+01	122	49	357	143	11	458	0	500	500	500	0	0	0	40	
8.8995876742e+01	126	45	349	151	16	446	0	500	500	500	0	0	0	40	
8.9499535264e+01	132	42	352	148	16	435	0	500	500	500	0	0	0	40	
8.9999111571e+01	137	39	356	144	12	462	0	500	500	500	0	0	0	40	
9.0498381934e+01	140	40	357	143	17	441	0	500	500	500	0	0	0	40	
9.0999227945e+01	144	36	351	149	16	463	0	500	500	500	0	0	0	40	
9.1499663893e+01	148	33	342	158	12	417	0	500	500	500	0	0	0	40	
9.1999009612e+01	149	33	347	153	9	439	0	500	500	500	0	0	0	40	
9.2499571917e+01	147	34	330	170	13	472	0	500	500	500	0	0	0	40	
9.2997118873e+01	148	33	330	170	6	479	0	500	500	500	0	0	0	40	
9.3499837217e+01	146	37	323	177	9	476	0	500	500	500	0	0	0	40	
9.3999908053e+01	140	43	324	176	10	462	0	500	500	500	0	0	0	40	
9.4498420908e+01	138	45	315	185	12	459	0	500	500	500	0	0	0	40	
9.4996118693e+01	140	43	332	168	11	453	0	500	500	500	0	0	0	40	
9.5499100748e+01	133	51	338	162	20	443	0	500	500	500	0	0	0	40	
9.5998180077e+01	129	55	342	158	22	449	0	500	500	500	0	0	0	40	
9.6498681867e+01	134	48	342	158	19	446	0	500	500	500	0	0	0	40	
9.6998742084e+01	133	49	338	162	4	488	0	500	500	500	0	0	0	40	
9.7498237965e+01	134	48	333	167	14	476	0	500	500	500	0	0	0	40	
9.7995830534e+01	138	47	339	161	13	486	0	500	500	500	0	0	0	40	
9.8499141578e+01	148	37	333	167	12	468	0	500	500	500	0	0	0	40	
9.8998829331e+01	147	38	341	159	8	451	0	500	500	500	0	0	0	40	
9.9499637287e+01	144	41	342	158	13	453	0	500	500	500	0	0	0	40	
9.9997765503e+01	144	41	345	155	6	485	0	500	500	500	0	0	0	40	
1.0049860724e+02	151	34	360	140	12	482	0	500	500	500	0	0	0	40	
1.0099688468e+02	149	37	372	128	21	459	0	500	500	500	0	0	0	40	
1.0149986574e+02	146	42	371	129	12	442	0	500	500	500	0	0	0	40	
1.0199946013e+02	145	43	378	122	13	420	0	500	500	500	0	0	0	40	
1.0249473686e+02	149	41	369	131	16	447	0	500	500	500	0	0	0	40	
1.0299961294e+02	146	43	360	140	8	480	0	500	500	500	0	0	0	40	
1.0349966184e+02	148	42	354	146	21	461	0	500	500	500	0	0	0	40	
1.0399885983e+02	149	44	357	143	10	472	0	500	500	500	0	0	0	40	
1.0449757271e+02	151	44	357	143	12	451	0	500	500	500	0	0	0	40	
1.0499853673e+02	146	49	348	152	16	432	0	500	500	500	0	0	0	40	
1.0549872515e+02	149	48	368	132	9	441	0	500	500	500	0	0	0	40	
1.0599923805e+02	146	51	357	143	17	420	0	500	500	500	0	0	0	40	
1.0649675144e+02	146	52	356	144	16	432	0	500	500	500	0	0	0	40	
1.0699749236e+02	146	53	361	139	21	442	0	500	500	500	0	0	0	40	
1.0749972046e+02	146	53	370	130	14	491	0	500	500	500	0	0	0	40	
1.0799985476e+02	151	49	381	119	18	456	0	500	500	500	0	0	0	40	
1.0849964594e+02	151	49	374	126	18	442	0	500	500	500	0	0	0	40	
1.0899968002e+02	154	46	387	113	10	451	0	500	500	500	0	0	0	40	
1.0949992828e+02	156	44	384	116	19	438	0	500	500	500	0	0	0	40	
1.0999877037e+02	157	45	384	116	14	452	0	500	500	500	0	0	0	40	
1.1049818958e+02	158	45	383	117	11	457	0	500	500	500	0	0	0	40	
1.1099999285e+02	160	46	380	120	16	453	0	500	500	500	0	0	0	40	
1.1149974054e+02	164	45	390	110	14	470	0	500	500	500	0	0	0	40	
1.1199913089e+02	165	44	386	114	14	465	0	500	500	500	0	0	0	40	
1.1249743596e+02	168	44	380	120	14	451	0	500	500	500	0	0	0	40	
1.1299912954e+02	169	44	369	131	10	458	0	500	500	500	0	0	0	40	
1.1349803392e+02	166	47	376	124	9	473	0	500	500	500	0	0	0	40	
1.1399917592e+02	172	41	372	128	5	487	0	500	500	500	0	0	0	40	
1.1449909877e+02	169	45	366	134	18	492	0	500	500	500	0	0	0	40	
1.1499769720e+02	171	44	367	133	13	480	0	500	500	500	0	0	0	40	
1.1549938061e+02	170	45	372	128	13	470	0	500	500	500	0	0	0	40	
1.1599964891e+02	175	40	373	127	14	476	0	500	500	500	0	0	0	40	
1.1649762951e+02	182	34	387	113	17	477	0	500	500	500	0	0	0	40	
1.1699999632e+02	176	41	383	117	7	466	0	500	500	500	0	0	0	40	
1.1749919646e+02	178	42	370	130	14	443	0	500	500	500	0	0	0	40	
1.1799966440e+02	182	37	361	139	8	454	0	500	500	500	0	0	0	40	
1.1849970355e+02	174	44	367	133	9	476	0	500	500	500	0	0	0	40	
1.1899870050e+02	179	41	375	125	10	465	0	500	500	500	0	0	0	40	
1.1949905827e+02	183	37	383	117	12	452	0	500	500	500	0	0	0	40	
1.1999808999e+02	189	34	371	129	11	427	0	500	500	500	0	0	0	40	
1.2049966913e+02	188	35	361	139	14	440	0	500	500	500	0	0	0	40	
1.2099730026e+02	182	40	360	140	11	466	0	500	500	500	0	0	0	40	
1.2149847647e+02	181	41	382	118	16	467	0	500	500	500	0	0	0	40	
1.2199814456e+02	176	47	361	139	21	436	0	500	500	500	0	0	0	40	
1.2249731560e+02	173	52	359	141	18	445	0	500	500	500	0	0	0	40	
1.2299881619e+02	175	50	360	140	16	440	0	500	500	500	0	0	0	40	
1.2349841311e+02	174	51	363	137	12	435	0	500	500	500	0	0	0	40	
1.2399963291e+02	172	54	380	120	24	420	0	500	500	500	0	0	0	40	
1.2449782073e+02	176	50	376	124	25	421	0	500	500	500	0	0	0	40	
1.2499986369e+02	172	54	374	126	26	421	0	500	500	500	0	0	0	40	
1.2549987133e+02	168	58	371	129	20	439	0	500	500	500	0	0	0	40	
1.2599987519e+02	168	59	363	137	17	450	0	500	500	500	0	0	0	40	
1.2649864813e+02	161	65	343	157	16	440	0	500	500	500	0	0	0	40	
1.2699954133e+02	158	67	338	162	22	417	0	500	500	500	0	0	0	40	
1.2749809225e+02	161	64	347	153	19	415	0	500	500	500	0	0	0	40	
1.2799870966e+02	165	61	344	156	21	407	0	500	500	500	0	0	0	40	
1.2849983592e+02	177	49	358	142	16	377	0	500	500	500	0	0	0	40	
1.2899775675e+02	180	48	362	138	16	398	0	500	500	500	0	0	0	40	
1.2949766681e+02	182	46	360	140	17	434	0	500	500	500	0	0	0	40	
1.2999988686e+02	178	49	364	136	16	436	0	500	500	500	0	0	0	40	
1.3049983048e+02	182	48	347	153	19	446	0	500	500	500	0	0	0	40	
1.3099918179e+02	178	51	349	151	16	436	0	500	500	500	0	0	0	40	
1.3149896627e+02	189	40	347	153	14	433	0	500	500	500	0	0	0	40	
1.3199898482e+02	182	50	338	162	13	445	0	500	500	500	0	0	0	40	
1.3249648337e+02	185	48	352	148	13	457	0	500	500	500	0	0	0	40	
1.3299891765e+02	185	48	343	157	16	432	0	500	500	500	0	0	0	40	
1.3349996140e+02	186	48	328	172	16	448	0	500	500	500	0	0	0	40	
1.3399813363e+02	183	52	319	181	15	439	0	500	500	500	0	0	0	40	
1.3449650213e+02	183	54	317	183	14	431	0	500	500	500	0	0	0	40	
1.3499682817e+02	188	48	322	178	14	415	0	500	500	500	0	0	0	40	
1.3549909461e+02	186	51	326	174	18	435	0	500	500	500	0	0	0	40	
1.3599966065e+02	186	52	323	177	22	422	0	500	500	500	0	0	0	40	
1.3649961799e+02	186	56	328	172	23	443	0	500	500	500	0	0	0	40	
1.3699751450e+02	186	56	325	175	19	429	0	500	500	500	0	0	0	40	
1.3749976582e+02	185	58	333	167	10	431	0	500	500	500	0	0	0	40	
1.3799916911e+02	185	58	329	171	20	381	0	500	500	500	0	0	0	40	
1.3849968293e+02	187	58	328	172	19	377	0	500	500	500	0	0	0	40	
1.3899945394e+02	183	63	318	182	20	388	0	500	500	500	0	0	0	40	
1.3949954461e+02	176	70	331	169	23	387	0	500	500	500	0	0	0	40	
1.3999953996e+02	176	70	336	164	25	358	0	500	500	500	0	0	0	40	
1.4049867515e+02	174	75	332	168	28	381	0	500	500	500	0	0	0	40	
1.4099926883e+02	184	66	328	172	18	380	0	500	500	500	0	0	0	40	
1.4149974531e+02	184	66	323	177	40	365	0	500	500	500	0	0	0	40	
1.4199854931e+02	181	69	331	169	20	398	0	500	500	500	0	0	0	40	
1.4249765829e+02	186	65	344	156	19	417	0	500	500	500	0	0	0	40	
1.4299880295e+02	186	64	344	156	20	396	0	500	500	500	0	0	0	40	
1.4349723926e+02	190	60	331	169	26	401	0	500	500	500	0	0	0	40	
1.4399944976e+02	187	63	343	157	25	397	0	500	500	500	0	0	0	40	
1.4449916342e+02	183	67	331	169	23	431	0	500	500	500	0	0	0	40	
1.4499977544e+02	185	65	332	168	19	400	0	500	500	500	0	0	0	40	
1.4549858531e+02	194	56	352	148	14	391	0	500	500	500	0	0	0	40	
1.4599998685e+02	197	55	360	140	22	387	0	500	500	500	0	0	0	40	
1.4649587813e+02	202	49	358	142	22	422	0	500	500	500	0	0	0	40	
1.4699881296e+02	203	47	354	146	10	419	0	500	500	500	0	0	0	40	
1.4749883411e+02	199	49	354	146	12	429	0	500	500	500	0	0	0	40	
1.4799824812e+02	199	50	358	142	11	435	0	500	500	500	0	0	0	40	
1.4849847631e+02	198	52	369	131	11	449	0	500	500	500	0	0	0	40	
1.4899998768e+02	201	50	390	110	14	454	0	500	500	500	0	0	0	40	
1.4949904746e+02	198	54	387	113	22	456	0	500	500	500	0	0	0	40	
1.4999813420e+02	203	51	372	128	13	439	0	500	500	500	0	0	0	40	
1.5049889723e+02	203	51	361	139	17	406	0	500	500	500	0	0	0	40	
1.5099805921e+02	202	53	350	150	23	412	0	500	500	500	0	0	0	40	
1.5149458890e+02	197	57	356	144	21	408	0	500	500	500	0	0	0	40	
1.5199977438e+02	193	61	360	140	12	408	0	500	500	500	0	0	0	40	
1.5249767613e+02	203	53	371	129	12	428	0	500	500	500	0	0	0	40	
1.5299719290e+02	208	47	369	131	14	430	0	500	500	500	0	0	0	40	
1.5349751670e+02	210	46	357	143	14	430	0	500	500	500	0	0	0	40	
1.5399871809e+02	210	45	358	142	15	450	0	500	500	500	0	0	0	40	
1.5449971996e+02	207	48	365	135	8	474	0	500	500	500	0	0	0	40	
1.5499978596e+02	209	48	351	149	11	468	0	500	500	500	0	0	0	40	
1.5549879305e+02	209	47	348	152	16	457	0	500	500	500	0	0	0	40	
1.5599961787e+02	208	50	343	157	14	466	0	500	500	500	0	0	0	40	
1.5649951843e+02	208	50	351	149	24	441	0	500	500	500	0	0	0	40	
1.5699741170e+02	205	54	339	161	10	451	0	500	500	500	0	0	0	40	
1.5749966623e+02	196	62	336	164	25	419	0	500	500	500	0	0	0	40	
1.5799988431e+02	192	66	351	149	30	417	0	500	500	500	0	0	0	40	
1.5849762626e+02	190	68	369	131	19	399	0	500	500	500	0	0	0	40	
1.5899912308e+02	197	61	370	130	18	403	0	500	500	500	0	0	0	40	
1.5949580601e+02	200	59	376	124	13	406	0	500	500	500	0	0	0	40	
1.5999988807e+02	203	57	381	119	20	397	0	500	500	500	0	0	0	40	
1.6049948062e+02	207	53	384	116	22	410	0	500	500	500	0	0	0	40	
1.6099941732e+02	205	57	373	127	20	409	0	500	500	500	0	0	0	40	
1.6149998303e+02	208	55	368	132	23	395	0	500	500	500	0	0	0	40	
1.6199999556e+02	205	58	363	137	22	420	0	500	500	500	0	0	0	40	
1.6249913567e+02	206	57	356	144	14	423	0	500	500	500	0	0	0	40	
1.6299885295e+02	210	55	362	138	19	409	0	500	500	500	0	0	0	40	
1.6349737374e+02	213	52	371	129	16	428	0	500	500	500	0	0	0	40	
1.6399990813e+02	208	56	384	116	23	416	0	500	500	500	0	0	0	40	
1.6449911400e+02	209	55	374	126	18	432	0	500	500	500	0	0	0	40	
1.6499700755e+02	211	53	382	118	13	437	0	500	500	500	0	0	0	40	
1.6549885353e+02	221	44	393	107	18	441	0	500	500	500	0	0	0	40	
1.6599844421e+02	225	41	394	106	17	416	0	500	500	500	0	0	0	40	
1.6649866292e+02	228	39	386	114	12	444	0	500	500	500	0	0	0	40	
1.6699991469e+02	230	38	402	98	16	438	0	500	500	500	0	0	0	40	
1.6749851817e+02	226	41	396	104	13	443	0	500	500	500	0	0	0	40	
1.6799941060e+02	228	41	398	102	18	459	0	500	500	500	0	0	0	40	
1.6849949148e+02	232	37	399	101	12	462	0	500	500	500	0	0	0	40	
1.6899943191e+02	232	37	400	100	9	436	0	500	500	500	0	0	0	40	
1.6949965330e+02	232	38	395	105	10	436	0	500	500	500	0	0	0	40	
1.6999853145e+02	234	35	398	102	19	441	0	500	500	500	0	0	0	40	
1.7049979627e+02	240	29	382	118	3	453	0	500	500	500	0	0	0	40	
1.7099971323e+02	238	31	378	122	10	429	0	500	500	500	0	0	0	40	
1.7149940462e+02	230	39	378	122	14	451	0	500	500	500	0	0	0	40	
1.7199991757e+02	227	43	365	135	11	479	0	500	500	500	0	0	0	40	
1.7249928054e+02	230	40	355	145	12	451	0	500	500	500	0	0	0	40	
1.7299955465e+02	221	49	357	143	11	449	0	500	500	500	0	0	0	40	
1.7349935094e+02	214	57	361	139	20	428	0	500	500	500	0	0	0	40	
1.7399824798e+02	214	57	367	133	27	417	0	500	500	500	0	0	0	40	
1.7449840891e+02	214	57	373	127	20	426	0	500	500	500	0	0	0	40	
1.7499908564e+02	219	52	374	126	16	415	0	500	500	500	0	0	0	40	
1.7549919696e+02	221	51	363	137	15	415	0	500	500	500	0	0	0	40	
1.7599972475e+02	223	51	363	137	16	430	0	500	500	500	0	0	0	40	
1.7649953949e+02	211	63	353	147	20	420	0	500	500	500	0	0	0	40	
1.7699639249e+02	209	66	356	144	23	430	0	500	500	500	0	0	0	40	
1.7749603257e+02	211	64	349	151	29	419	0	500	500	500	0	0	0	40	
1.7799965902e+02	213	65	334	166	26	406	0	500	500	500	0	0	0	40	
1.7849769640e+02	208	71	346	154	23	412	0	500	500	500	0	0	0	40	
1.7899935777e+02	216	64	353	147	22	410	0	500	500	500	0	0	0	40	
1.7949969732e+02	222	61	347	153	14	403	0	500	500	500	0	0	0	40	
1.7999833370e+02	227	57	354	146	9	403	0	500	500	500	0	0	0	40	
1.8049939020e+02	230	57	351	149	22	409	0	500	500	500	0	0	0	40	
1.8099972872e+02	230	59	355	145	21	403	0	500	500	500	0	0	0	40	
1.8149981724e+02	228	61	347	153	7	399	0	500	500	500	0	0	0	40	
1.8199963607e+02	227	64	355	145	26	367	0	500	500	500	0	0	0	40	
1.8249869941e+02	221	70	344	156	28	399	0	500	500	500	0	0	0	40	
1.8299990200e+02	216	77	342	158	25	395	0	500	500	500	0	0	0	40	
1.8349952965e+02	213	80	341	159	34	380	0	500	500	500	0	0	0	40	
1.8399784572e+02	209	83	348	152	33	389	0	500	500	500	0	0	0	40	
1.8449928286e+02	207	85	338	162	21	391	0	500	500	500	0	0	0	40	
1.8499969442e+02	206	86	339	161	21	393	0	500	500	500	0	0	0	40	
1.8549904100e+02	216	76	339	161	30	377	0	500	500	500	0	0	0	40	
1.8599979030e+02	212	80	337	163	32	386	0	500	500	500	0	0	0	40	
1.8649945462e+02	209	84	348	152	30	372	0	500	500	500	0	0	0	40	
1.8699967585e+02	204	89	344	156	39	352	0	500	500	500	0	0	0	40	
1.8749933522e+02	209	82	353	147	28	393	0	500	500	500	0	0	0	40	
1.8799885598e+02	209	83	363	137	29	384	0	500	500	500	0	0	0	40	
1.8849940464e+02	215	77	365	135	19	398	0	500	500	500	0	0	0	40	
1.8899979513e+02	213	80	370	130	30	377	0	500	500	500	0	0	0	40	
1.8949897830e+02	217	78	367	133	22	393	0	500	500	500	0	0	0	40	
1.8999988053e+02	213	82	366	134	26	394	0	500	500	500	0	0	0	40	
1.9049900800e+02	219	78	366	134	31	374	0	500	500	500	0	0	0	40	
1.9099957275e+02	226	73	361	139	19	402	0	500	500	500	0	0	0	40	
1.9149943219e+02	231	71	354	146	34	402	0	500	500	500	0	0	0	40	
1.9199970495e+02	228	73	350	150	16	418	0	500	500	500	0	0	0	40	
1.9249850365e+02	226	75	364	136	16	439	0	500	500	500	0	0	0	40	
1.9299942061e+02	223	79	364	136	34	400	0	500	500	500	0	0	0	40	
1.9349991207e+02	232	71	377	123	27	433	0	500	500	500	0	0	0	40	
1.9399823890e+02	239	63	384	116	21	457	0	500	500	500	0	0	0	40	
1.9449855077e+02	238	65	381	119	17	444	0	500	500	500	0	0	0	40	
1.9499990439e+02	243	60	385	115	27	432	0	500	500	500	0	0	0	40	
1.9549900979e+02	246	57	369	131	16	451	0	500	500	500	0	0	0	40	
1.9599926839e+02	241	63	368	132	11	440	0	500	500	500	0	0	0	40	
1.9649778846e+02	241	64	370	130	27	425	0	500	500	500	0	0	0	40	
1.9699968890e+02	241	64	367	133	24	414	0	500	500	500	0	0	0	40	
1.9749868778e+02	242	63	375	125	24	396	0	500	500	500	0	0	0	40	
1.9799953553e+02	237	67	365	135	17	410	0	500	500	500	0	0	0	40	
1.9849838957e+02	244	61	364	136	25	406	0	500	500	500	0	0	0	40	
1.9899875787e+02	250	55	351	149	20	416	0	500	500	500	0	0	0	40	
1.9949925171e+02	251	56	346	154	15	423	0	500	500	500	0	0	0	40	
1.9999814538e+02	250	58	359	141	16	432	0	500	500	500	0	0	0	40	
2.0049959096e+02	246	64	380	120	17	435	0	500	500	500	0	0	0	40	
2.0099944932e+02	255	54	381	119	10	439	0	500	500	500	0	0	0	40	
2.0149864190e+02	257	52	373	127	18	434	0	500	500	500	0	0	0	40	
2.0199969208e+02	244	65	374	126	25	426	0	500	500	500	0	0	0	40	
2.0249881658e+02	246	63	383	117	30	384	0	500	500	500	0	0	0	40	
2.0299920399e+02	245	64	386	114	14	393	0	500	500	500	0	0	0	40	
2.0349903910e+02	240	69	389	111	17	411	0	500	500	500	0	0	0	40	
2.0399953226e+02	244	65	390	110	20	427	0	500	500	500	0	0	0	40	
2.0449973953e+02	249	63	400	100	20	432	0	500	500	500	0	0	0	40	
2.0499892970e+02	255	57	390	110	14	414	0	500	500	500	0	0	0	40	
2.0549896150e+02	261	51	384	116	13	439	0	500	500	500	0	0	0	40	
2.0599936826e+02	260	52	387	113	13	440	0	500	500	500	0	0	0	40	
2.0649914710e+02	262	50	384	116	13	458	0	500	500	500	0	0	0	40	
2.0699929436e+02	266	46	375	125	22	418	0	500	500	500	0	0	0	40	
2.0749415767e+02	263	50	367	133	18	440	0	500	500	500	0	0	0	40	
2.0799950516e+02	263	51	359	141	16	463	0	500	500	500	0	0	0	40	
2.0849642184e+02	260	54	348	152	17	460	0	500	500	500	0	0	0	40	
2.0899739208e+02	257	59	345	155	17	460	0	500	500	500	0	0	0	40	
2.0949737705e+02	264	52	346	154	23	420	0	500	500	500	0	0	0	40	
2.0999910083e+02	265	50	349	151	20	425	0	500	500	500	0	0	0	40	
2.1049952211e+02	263	54	346	154	21	400	0	500	500	500	0	0	0	40	
2.1099971899e+02	256	62	350	150	21	415	0	500	500	500	0	0	0	40	
2.1149969291e+02	260	58	352	148	29	419	0	500	500	500	0	0	0	40	
2.1199962334e+02	246	72	350	150	27	433	0	500	500	500	0	0	0	40	
2.1249997592e+02	236	81	359	141	22	409	0	500	500	500	0	0	0	40	
2.1299902923e+02	237	81	351	149	28	426	0	500	500	500	0	0	0	40	
2.1349983763e+02	242	75	354	146	22	415	0	500	500	500	0	0	0	40	
2.1399880728e+02	243	76	361	139	23	414	0	500	500	500	0	0	0	40	
2.1449920501e+02	246	74	368	132	24	403	0	500	500	500	0	0	0	40	
2.1499992982e+02	249	71	366	134	32	401	0	500	500	500	0	0	0	40	
2.1549853822e+02	244	77	371	129	23	397	0	500	500	500	0	0	0	40	
2.1599814261e+02	244	77	353	147	23	414	0	500	500	500	0	0	0	40	
2.1649781841e+02	245	76	362	138	33	426	0	500	500	500	0	0	0	40	
2.1699993873e+02	243	79	355	145	37	408	0	500	500	500	0	0	0	40	
2.1749986146e+02	240	85	373	127	37	411	0	500	500	500	0	0	0	40	
2.1799869811e+02	247	79	368	132	31	412	0	500	500	500	0	0	0	40	
2.1849837913e+02	249	77	374	126	41	420	0	500	500	500	0	0	0	40	
2.1899995174e+02	253	72	373	127	27	430	0	500	500	500	0	0	0	40	
2.1949916735e+02	252	73	371	129	28	399	0	500	500	500	0	0	0	40	
2.1999924526e+02	255	69	371	129	33	409	0	500	500	500	0	0	0	40	
2.2049995636e+02	255	69	366	134	31	434	0	500	500	500	0	0	0	40	
2.2099989477e+02	260	63	380	120	21	452	0	500	500	500	0	0	0	40	
2.2149816831e+02	261	62	390	110	23	440	0	500	500	500	0	0	0	40	
2.2199862313e+02	258	63	384	116	17	427	0	500	500	500	0	0	0	40	
2.2249893129e+02	255	65	381	119	18	426	0	500	500	500	0	0	0	40	
2.2299995256e+02	255	66	372	128	23	401	0	500	500	500	0	0	0	40	
2.2349969768e+02	243	76	361	139	25	374	0	500	500	500	0	0	0	40	
2.2399763415e+02	244	75	377	123	28	373	0	500	500	500	0	0	0	40	
2.2449979132e+02	244	74	384	116	30	385	0	500	500	500	0	0	0	40	
2.2499964587e+02	251	68	397	103	18	399	0	500	500	500	0	0	0	40	
2.2549985430e+02	257	61	382	118	19	405	0	500	500	500	0	0	0	40	
2.2599951656e+02	258	62	373	127	26	393	0	500	500	500	0	0	0	40	
2.2649998635e+02	257	64	370	130	21	378	0	500	500	500	0	0	0	40	
2.2699885747e+02	256	67	362	138	17	405	0	500	500	500	0	0	0	40	
2.2749837062e+02	257	66	368	132	26	383	0	500	500	500	0	0	0	40	
2.2799884634e+02	262	63	371	129	32	343	0	500	500	500	0	0	0	40	
2.2849952096e+02	260	64	375	125	18	377	0	500	500	500	0	0	0	40	
2.2899885032e+02	256	70	392	108	26	386	0	500	500	500	0	0	0	40	
2.2949851967e+02	261	65	392	108	22	391	0	500	500	500	0	0	0	40	
2.2999902278e+02	264	64	397	103	20	387	0	500	500	500	0	0	0	40	
2.3049987583e+02	266	63	408	92	15	404	0	500	500	500	0	0	0	40	
2.3099465129e+02	272	57	406	94	10	438	0	500	500	500	0	0	0	40	
2.3149693478e+02	270	60	392	108	29	406	0	500	500	500	0	0	0	40	
2.3199917879e+02	275	55	393	107	19	426	0	500	500	500	0	0	0	40	
2.3249972516e+02	268	62	387	113	26	428	0	500	500	500	0	0	0	40	
2.3299969053e+02	270	61	394	106	15	443	0	500	500	500	0	0	0	40	
2.3349995673e+02	271	64	401	99	14	422	0	500	500	500	0	0	0	40	
2.3399992601e+02	279	58	407	93	31	408	0	500	500	500	0	0	0	40	
2.3449965544e+02	284	54	409	91	23	392	0	500	500	500	0	0	0	40	
2.3499960596e+02	284	53	405	95	22	429	0	500	500	500	0	0	0	40	
2.3549965783e+02	280	58	407	93	17	444	0	500	500	500	0	0	0	40	
2.3599984115e+02	284	56	396	104	26	425	0	500	500	500	0	0	0	40	
2.3649895238e+02	277	63	406	94	16	420	0	500	500	500	0	0	0	40	
2.3699740349e+02	281	59	387	113	17	434	0	500	500	500	0	0	0	40	
2.3749802673e+02	288	52	391	109	22	433	0	500	500	500	0	0	0	40	
2.3799987312e+02	286	55	375	125	17	428	0	500	500	500	0	0	0	40	
2.3849943311e+02	287	54	384	116	17	435	0	500	500	500	0	0	0	40	
2.3899659838e+02	287	54	375	125	23	438	0	500	500	500	0	0	0	40	
2.3949954809e+02	281	60	371	129	16	448	0	500	500	500	0	0	0	40	
2.3999594679e+02	278	63	374	126	22	419	0	500	500	500	0	0	0	40	
2.4049874368e+02	284	60	372	128	26	415	0	500	500	500	0	0	0	40	
2.4099890474e+02	280	66	382	118	21	411	0	500	500	500	0	0	0	40	
2.4149818969e+02	287	59	373	127	14	423	0	500	500	500	0	0	0	40	
2.4199810154e+02	286	62	378	122	14	435	0	500	500	500	0	0	0	40	
2.4249795783e+02	291	57	380	120	13	439	0	500	500	500	0	0	0	40	
2.4299837666e+02	293	57	380	120	17	442	0	500	500	500	0	0	0	40	
2.4349986775e+02	290	60	380	120	18	470	0	500	500	500	0	0	0	40	
2.4399891040e+02	288	63	385	115	25	443	0	500	500	500	0	0	0	40	
2.4449966590e+02	287	65	378	122	29	421	0	500	500	500	0	0	0	40	
2.4499948220e+02	288	65	371	129	17	445	0	500	500	500	0	0	0	40	
2.4549894218e+02	294	59	366	134	12	444	0	500	500	500	0	0	0	40	
2.4599852412e+02	293	59	369	131	20	410	0	500	500	500	0	0	0	40	
2.4649829111e+02	291	63	382	118	21	398	0	500	500	500	0	0	0	40	
2.4699755437e+02	291	64	389	111	25	397	0	500	500	500	0	0	0	40	
2.4749886673e+02	291	65	396	104	23	410	0	500	500	500	0	0	0	40	
2.4799885551e+02	288	70	391	109	22	394	0	500	500	500	0	0	0	40	
2.4849935136e+02	283	78	378	122	31	380	0	500	500	500	0	0	0	40	
2.4899938387e+02	285	75	380	120	24	398	0	500	500	500	0	0	0	40	
2.4949977986e+02	285	74	368	132	19	384	0	500	500	500	0	0	0	40	
2.4999751392e+02	286	73	369	131	26	404	0	500	500	500	0	0	0	40	
2.5049931251e+02	283	76	374	126	15	419	0	500	500	500	0	0	0	40	
2.5099963545e+02	281	80	363	137	34	417	0	500	500	500	0	0	0	40	
2.5149938373e+02	282	78	357	143	30	396	0	500	500	500	0	0	0	40	
2.5199687854e+02	275	86	366	134	24	394	0	500	500	500	0	0	0	40	
2.5249874170e+02	277	85	383	117	39	385	0	500	500	500	0	0	0	40	
2.5299998289e+02	286	79	367	133	35	375	0	500	500	500	0	0	0	40	
2.5349930032e+02	280	85	348	152	42	369	0	500	500	500	0	0	0	40	
2.5399827889e+02	284	80	348	152	33	378	0	500	500	500	0	0	0	40	
2.5449920335e+02	279	84	357	143	33	369	0	500	500	500	0	0	0	40	
2.5499823554e+02	285	80	362	138	26	357	0	500	500	500	0	0	0	40	
2.5549971105e+02	288	76	366	134	39	358	0	500	500	500	0	0	0	40	
2.5599752459e+02	276	87	375	125	28	373	0	500	500	500	0	0	0	40	
2.5649984675e+02	283	80	368	132	29	381	0	500	500	500	0	0	0	40	
2.5699892627e+02	284	79	355	145	18	384	0	500	500	500	0	0	0	40	
2.5749828474e+02	268	96	346	154	34	370	0	500	500	500	0	0	0	40	
2.5799950038e+02	271	94	342	158	37	373	0	500	500	500	0	0	0	40	
2.5849987696e+02	268	98	337	163	44	366	0	500	500	500	0	0	0	40	
2.5899851054e+02	277	90	338	162	22	384	0	500	500	500	0	0	0	40	
2.5949982353e+02	265	100	335	165	43	357	0	500	500	500	0	0	0	40	
2.5999696448e+02	268	98	341	159	41	360	0	500	500	500	0	0	0	40	
2.6049988534e+02	255	112	336	164	60	346	0	500	500	500	0	0	0	40	
2.6099985368e+02	247	120	339	161	52	341	0	500	500	500	0	0	0	40	
2.6149921619e+02	247	121	354	146	46	337	0	500	500	500	0	0	0	40	
2.6199714532e+02	255	112	344	156	49	319	0	500	500	500	0	0	0	40	
2.6249956474e+02	243	125	343	157	48	336	0	500	500	500	0	0	0	40	
2.6299804411e+02	240	128	342	158	61	294	0	500	500	500	0	0	0	40	
2.6349943261e+02	244	123	344	156	51	299	0	500	500	500	0	0	0	40	
2.6399698975e+02	251	114	347	153	50	300	0	500	500	500	0	0	0	40	
2.6449956447e+02	251	115	346	154	51	303	0	500	500	500	0	0	0	40	
2.6499907976e+02	257	110	345	155	40	322	0	500	500	500	0	0	0	40	
2.6549878711e+02	264	102	341	159	37	333	0	500	500	500	0	0	0	40	
2.6599774624e+02	255	110	339	161	38	315	0	500	500	500	0	0	0	40	
2.6649853089e+02	257	108	337	163	41	297	0	500	500	500	0	0	0	40	
2.6699889715e+02	251	115	335	165	48	302	0	500	500	500	0	0	0	40	
2.6749834448e+02	251	116	341	159	38	314	0	500	500	500	0	0	0	40	
2.6799922908e+02	257	111	349	151	43	292	0	500	500	500	0	0	0	40	
2.6849907249e+02	265	103	343	157	43	283	0	500	500	500	0	0	0	40	
2.6899850795e+02	264	104	353	147	44	281	0	500	500	500	0	0	0	40	
2.6949941120e+02	259	109	350	150	39	325	0	500	500	500	0	0	0	40	
2.6999757784e+02	254	115	340	160	41	314	0	500	500	500	0	0	0	40	
2.7049924445e+02	255	115	341	159	40	325	0	500	500	500	0	0	0	40	
2.7099922046e+02	253	118	337	163	29	342	0	500	500	500	0	0	0	40	
2.7149981678e+02	270	101	342	158	40	349	0	500	500	500	0	0	0	40	
2.7199961835e+02	266	105	346	154	38	347	0	500	500	500	0	0	0	40	
2.7249865657e+02	271	101	358	142	31	335	0	500	500	500	0	0	0	40	
2.7299950859e+02	276	97	366	134	33	355	0	500	500	500	0	0	0	40	
2.7349821557e+02	272	102	368	132	49	360	0	500	500	500	0	0	0	40	
2.7399979032e+02	273	103	357	143	43	358	0	500	500	500	0	0	0	40	
2.7449985113e+02	274	103	364	136	43	354	0	500	500	500	0	0	0	40	
2.7499799399e+02	282	94	364	136	35	350	0	500	500	500	0	0	0	40	
2.7549728657e+02	286	90	360	140	37	348	0	500	500	500	0	0	0	40	
2.7599862266e+02	291	85	346	154	35	357	0	500	500	500	0	0	0	40	
2.7649986385e+02	289	88	341	159	27	365	0	500	500	500	0	0	0	40	
2.7699497440e+02	287	92	334	166	34	378	0	500	500	500	0	0	0	40	
2.7749930365e+02	283	98	326	174	38	374	0	500	500	500	0	0	0	40	
2.7799780018e+02	280	101	332	168	54	339	0	500	500	500	0	0	0	40	
2.7849840900e+02	271	110	353	147	44	349	0	500	500	500	0	0	0	40	
2.7899969158e+02	268	112	356	144	36	364	0	500	500	500	0	0	0	40	
2.7949885555e+02	276	104	352	148	42	359	0	500	500	500	0	0	0	40	
2.7999981333e+02	277	103	363	137	31	371	0	500	500	500	0	0	0	40	
2.8049901653e+02	275	104	368	132	39	343	0	500	500	500	0	0	0	40	
2.8099962365e+02	279	100	368	132	39	371	0	500	500	500	0	0	0	40	
2.8149977712e+02	290	91	379	121	33	365	0	500	500	500	0	0	0	40	
2.8199984017e+02	296	85	368	132	28	367	0	500	500	500	0	0	0	40	
2.8249965397e+02	291	90	372	128	28	383	0	500	500	500	0	0	0	40	
2.8299899590e+02	293	87	368	132	32	389	0	500	500	500	0	0	0	40	
2.8349954795e+02	302	80	376	124	20	393	0	500	500	500	0	0	0	40	
2.8399903642e+02	299	82	371	129	29	368	0	500	500	500	0	0	0	40	
2.8449930082e+02	297	85	368	132	34	373	0	500	500	500	0	0	0	40	
2.8499961663e+02	295	88	367	133	42	374	0	500	500	500	0	0	0	40	
2.8549891584e+02	293	92	365	135	28	351	0	500	500	500	0	0	0	40	
2.8599965571e+02	297	88	371	129	21	378	0	500	500	500	0	0	0	40	
2.8649793133e+02	304	83	381	119	34	389	0	500	500	500	0	0	0	40	
2.8699723272e+02	313	75	382	118	22	405	0	500	500	500	0	0	0	40	
2.8749939669e+02	308	81	383	117	39	365	0	500	500	500	0	0	0	40	
2.8799727914e+02	310	81	385	115	34	347	0	500	500	500	0	0	0	40	
2.8849878746e+02	314	75	386	114	21	362	0	500	500	500	0	0	0	40	
2.8899885992e+02	312	79	367	133	27	375	0	500	500	500	0	0	0	40	
2.8949948785e+02	318	74	358	142	33	393	0	500	500	500	0	0	0	40	
2.8999907455e+02	312	80	363	137	30	387	0	500	500	500	0	0	0	40	
2.9049979609e+02	309	83	364	136	34	358	0	500	500	500	0	0	0	40	
2.9099803673e+02	311	82	349	151	30	359	0	500	500	500	0	0	0	40	
2.9149920951e+02	309	85	358	142	31	342	0	500	500	500	0	0	0	40	
2.9199962473e+02	311	83	357	143	28	360	0	500	500	500	0	0	0	40	
2.9249826578e+02	313	82	354	146	28	346	0	500	500	500	0	0	0	40	
2.9299933425e+02	310	85	364	136	29	385	0	500	500	500	0	0	0	40	
2.9349954878e+02	307	88	355	145	30	379	0	500	500	500	0	0	0	40	
2.9399719608e+02	310	85	354	146	19	390	0	500	500	500	0	0	0	40	
2.9449981766e+02	311	85	349	151	23	388	0	500	500	500	0	0	0	40	
2.9499975131e+02	312	85	357	143	43	366	0	500	500	500	0	0	0	40	
2.9549833200e+02	305	92	354	146	40	357	0	500	500	500	0	0	0	40	
2.9599997573e+02	299	100	344	156	44	351	0	500	500	500	0	0	0	40	
2.9649920197e+02	316	84	338	162	25	369	0	500	500	500	0	0	0	40	
2.9699903370e+02	314	88	344	156	33	363	0	500	500	500	0	0	0	40	
2.9749947736e+02	304	99	362	138	29	371	0	500	500	500	0	0	0	40	
2.9799956842e+02	301	101	369	131	48	360	0	500	500	500	0	0	0	40	
2.9849952648e+02	286	116	366	134	41	350	0	500	500	500	0	0	0	40	
2.9899914639e+02	285	117	356	144	51	346	0	500	500	500	0	0	0	40	
2.9949802891e+02	284	118	354	146	54	351	0	500	500	500	0	0	0	40	
2.9999980816e+02	282	119	354	146	41	357	0	500	500	500	0	0	0	40	
3.0049987932e+02	301	102	362	138	46	335	0	500	500	500	0	0	0	40	
3.0099997360e+02	305	100	372	128	39	346	0	500	500	500	0	0	0	40	
3.0149791498e+02	313	92	372	128	27	345	0	500	500	500	0	0	0	40	
3.0199937544e+02	322	83	362	138	38	342	0	500	500	500	0	0	0	40	
3.0249942357e+02	322	87	364	136	36	343	0	500	500	500	0	0	0	40	
3.0299961592e+02	322	89	356	144	36	380	0	500	500	500	0	0	0	40	
3.0349767966e+02	322	89	361	139	31	381	0	500	500	500	0	0	0	40	
3.0399923406e+02	325	87	360	140	27	381	0	500	500	500	0	0	0	40	
3.0449979276e+02	327	85	357	143	21	368	0	500	500	500	0	0	0	40	
3.0499848074e+02	320	94	349	151	45	332	0	500	500	500	0	0	0	40	
3.0549973394e+02	316	98	353	147	36	333	0	500	500	500	0	0	0	40	
3.0599995589e+02	313	101	353	147	35	324	0	500	500	500	0	0	0	40	
3.0649995847e+02	314	101	353	147	38	310	0	500	500	500	0	0	0	40	
3.0699987960e+02	308	111	362	138	43	322	0	500	500	500	0	0	0	40	
3.0749985456e+02	312	108	370	130	40	338	0	500	500	500	0	0	0	40	
3.0799986253e+02	320	101	363	137	49	320	0	500	500	500	0	0	0	40	
3.0849616197e+02	325	97	362	138	35	333	0	500	500	500	0	0	0	40	
3.0899962620e+02	330	93	370	130	35	346	0	500	500	500	0	0	0	40	
3.0949748264e+02	336	87	375	125	24	354	0	500	500	500	0	0	0	40	
3.0999930584e+02	341	82	373	127	26	342	0	500	500	500	0	0	0	40	
3.1049938933e+02	338	86	372	128	40	344	0	500	500	500	0	0	0	40	
3.1099820506e+02	339	85	387	113	27	358	0	500	500	500	0	0	0	40	
3.1149956308e+02	337	89	396	104	36	362	0	500	500	500	0	0	0	40	
3.1199932116e+02	337	92	417	83	29	365	0	500	500	500	0	0	0	40	
3.1249924479e+02	339	90	416	84	30	353	0	500	500	500	0	0	0	40	
3.1299976990e+02	345	84	406	94	26	366	0	500	500	500	0	0	0	40	
3.1349816828e+02	345	85	411	89	25	394	0	500	500	500	0	0	0	40	
3.1399842641e+02	353	78	429	71	28	406	0	500	500	500	0	0	0	40	
3.1449992556e+02	357	75	436	64	35	384	0	500	500	500	0	0	0	40	
3.1499973602e+02	359	75	430	70	37	373	0	500	500	500	0	0	0	40	
3.1549659430e+02	366	67	420	80	22	369	0	500	500	500	0	0	0	40	
3.1599927161e+02	370	64	414	86	21	362	0	500	500	500	0	0	0	40	
3.1649928849e+02	367	67	409	91	18	377	0	500	500	500	0	0	0	40	
3.1699936456e+02	362	74	398	102	26	344	0	500	500	500	0	0	0	40	
3.1749758681e+02	368	68	389	111	26	367	0	500	500	500	0	0	0	40	
3.1799875421e+02	368	69	387	113	21	379	0	500	500	500	0	0	0	40	
3.1849867277e+02	362	76	387	113	26	383	0	500	500	500	0	0	0	40	
3.1899949672e+02	362	77	380	120	20	398	0	500	500	500	0	0	0	40	
3.1949832633e+02	355	84	384	116	24	391	0	500	500	500	0	0	0	40	
3.1999952689e+02	356	83	372	128	24	401	0	500	500	500	0	0	0	40	
3.2049857640e+02	361	79	362	138	26	403	0	500	500	500	0	0	0	40	
3.2099805847e+02	353	87	358	142	30	401	0	500	500	500	0	0	0	40	
3.2149994440e+02	353	86	351	149	35	408	0	500	500	500	0	0	0	40	
3.2199903287e+02	344	97	351	149	32	386	0	500	500	500	0	0	0	40	
3.2249990311e+02	346	96	355	145	36	381	0	500	500	500	0	0	0	40	
3.2299987399e+02	347	95	365	135	34	377	0	500	500	500	0	0	0	40	
3.2349996654e+02	350	92	380	120	39	391	0	500	500	500	0	0	0	40	
3.2399814858e+02	342	100	392	108	32	394	0	500	500	500	0	0	0	40	
3.2449925335e+02	351	92	396	104	46	404	0	500	500	500	0	0	0	40	
3.2499976105e+02	354	91	382	118	37	429	0	500	500	500	0	0	0	40	
3.2549900554e+02	348	98	388	112	33	420	0	500	500	500	0	0	0	40	
3.2599896728e+02	350	98	388	112	43	384	0	500	500	500	0	0	0	40	
3.2649635270e+02	347	103	396	104	37	394	0	500	500	500	0	0	0	40	
3.2699966701e+02	346	106	388	112	39	404	0	500	500	500	0	0	0	40	
3.2749799548e+02	357	94	386	114	55	390	0	500	500	500	0	0	0	40	
3.2799931810e+02	365	86	396	104	31	386	0	500	500	500	0	0	0	40	
3.2849854794e+02	366	85	404	96	22	419	0	500	500	500	0	0	0	40	
3.2899986444e+02	371	82	417	83	33	408	0	500	500	500	0	0	0	40	
3.2949895876e+02	369	83	408	92	28	404	0	500	500	500	0	0	0	40	
3.2999874398e+02	372	80	412	88	31	398	0	500	500	500	0	0	0	40	
3.3049894974e+02	375	77	410	90	36	372	0	500	500	500	0	0	0	40	
3.3099994646e+02	373	80	410	90	43	357	0	500	500	500	0	0	0	40	
3.3149821301e+02	374	78	418	82	25	370	0	500	500	500	0	0	0	40	
3.3199795054e+02	385	68	418	82	17	371	0	500	500	500	0	0	0	40	
3.3249903342e+02	380	74	416	84	21	357	0	500	500	500	0	0	0	40	
3.3299653192e+02	384	70	405	95	28	364	0	500	500	500	0	0	0	40	
3.3349730220e+02	384	69	405	95	24	373	0	500	500	500	0	0	0	40	
3.3399973459e+02	390	63	401	99	18	396	0	500	500	500	0	0	0	40	
3.3449888862e+02	384	70	402	98	26	405	0	500	500	500	0	0	0	40	
3.3499991288e+02	386	68	390	110	18	406	0	500	500	500	0	0	0	40	
3.3549857098e+02	387	70	386	114	27	376	0	500	500	500	0	0	0	40	
3.3599926449e+02	382	74	412	88	24	369	0	500	500	500	0	0	0	40	
3.3649992439e+02	373	81	408	92	33	368	0	500	500	500	0	0	0	40	
3.3699997821e+02	379	77	406	94	26	381	0	500	500	500	0	0	0	40	
3.3749892076e+02	377	78	397	103	30	357	0	500	500	500	0	0	0	40	
3.3799976407e+02	377	78	415	85	22	370	0	500	500	500	0	0	0	40	
3.3849964367e+02	377	79	429	71	33	367	0	500	500	500	0	0	0	40	
3.3899888518e+02	381	77	426	74	31	387	0	500	500	500	0	0	0	40	
3.3949986408e+02	380	78	427	73	27	384	0	500	500	500	0	0	0	40	
3.3999961422e+02	382	76	427	73	23	380	0	500	500	500	0	0	0	40	
3.4049941937e+02	381	78	412	88	26	376	0	500	500	500	0	0	0	40	
3.4099862890e+02	392	67	402	98	32	372	0	500	500	500	0	0	0	40	
3.4149887336e+02	391	70	396	104	31	368	0	500	500	500	0	0	0	40	
3.4199876616e+02	397	66	398	102	12	409	0	500	500	500	0	0	0	40	
3.4249895825e+02	389	74	393	107	20	385	0	500	500	500	0	0	0	40	
3.4299773889e+02	395	70	396	104	20	408	0	500	500	500	0	0	0	40	
3.4349894008e+02	400	65	393	107	33	411	0	500	500	500	0	0	0	40	
3.4399944124e+02	393	72	394	106	28	403	0	500	500	500	0	0	0	40	
3.4449844396e+02	388	77	395	105	27	380	0	500	500	500	0	0	0	40	
3.4499860646e+02	389	77	413	87	22	380	0	500	500	500	0	0	0	40	
3.4549676291e+02	392	75	401	99	35	379	0	500	500	500	0	0	0	40	
3.4599864765e+02	387	81	395	105	30	389	0	500	500	500	0	0	0	40	
3.4649868841e+02	391	77	395	105	31	384	0	500	500	500	0	0	0	40	
3.4699858126e+02	388	80	401	99	27	387	0	500	500	500	0	0	0	40	
3.4749909270e+02	387	83	395	105	42	375	0	500	500	500	0	0	0	40	
3.4799954922e+02	399	71	385	115	28	375	0	500	500	500	0	0	0	40	
3.4849979232e+02	401	71	388	112	26	365	0	500	500	500	0	0	0	40	
3.4899961479e+02	391	82	394	106	28	375	0	500	500	500	0	0	0	40	
3.4949795237e+02	395	78	412	88	21	389	0	500	500	500	0	0	0	40	
3.4999939163e+02	394	81	419	81	20	381	0	500	500	500	0	0	0	40	
3.5049814917e+02	398	80	425	75	37	387	0	500	500	500	0	0	0	40	
3.5099966985e+02	399	79	416	84	26	382	0	500	500	500	0	0	0	40	
3.5149942481e+02	404	74	420	80	29	390	0	500	500	500	0	0	0	40	
3.5199995198e+02	406	71	419	81	29	393	0	500	500	500	0	0	0	40	
3.5249755240e+02	413	65	414	86	27	398	0	500	500	500	0	0	0	40	
3.5299969235e+02	418	59	403	97	25	417	0	500	500	500	0	0	0	40	
3.5349844649e+02	415	63	402	98	31	392	0	500	500	500	0	0	0	40	
3.5399951812e+02	416	63	398	102	29	390	0	500	500	500	0	0	0	40	
3.5449983682e+02	417	63	399	101	20	380	0	500	500	500	0	0	0	40	
3.5499976562e+02	407	74	388	112	25	370	0	500	500	500	0	0	0	40	
3.5549914274e+02	405	75	391	109	23	401	0	500	500	500	0	0	0	40	
3.5599964225e+02	402	78	390	110	27	391	0	500	500	500	0	0	0	40	
3.5649806495e+02	396	84	388	112	34	371	0	500	500	500	0	0	0	40	
3.5699933546e+02	402	78	390	110	22	399	0	500	500	500	0	0	0	40	
3.5749957415e+02	408	72	388	112	29	368	0	500	500	500	0	0	0	40	
3.5799931588e+02	411	71	377	123	27	383	0	500	500	500	0	0	0	40	
3.5849927417e+02	414	68	387	113	28	405	0	500	500	500	0	0	0	40	
3.5899930517e+02	406	75	401	99	23	423	0	500	500	500	0	0	0	40	
3.5949902528e+02	411	70	391	109	31	406	0	500	500	500	0	0	0	40	
3.5999961401e+02	411	71	373	127	26	410	0	500	500	500	0	0	0	40	
3.6049900755e+02	413	71	369	131	22	408	0	500	500	500	0	0	0	40	
3.6099968265e+02	418	66	373	127	19	399	0	500	500	500	0	0	0	40	
3.6149982160e+02	416	68	377	123	17	405	0	500	500	500	0	0	0	40	
3.6199670504e+02	420	64	373	127	15	416	0	500	500	500	0	0	0	40	
3.6249981388e+02	412	72	379	121	22	422	0	500	500	500	0	0	0	40	
3.6299983670e+02	413	74	369	131	22	440	0	500	500	500	0	0	0	40	
3.6349802745e+02	409	78	365	135	28	417	0	500	500	500	0	0	0	40	
3.6399633518e+02	417	71	374	126	25	408	0	500	500	500	0	0	0	40	
3.6449985787e+02	418	69	376	124	30	410	0	500	500	500	0	0	0	40	
3.6499875146e+02	416	70	362	138	29	389	0	500	500	500	0	0	0	40	
3.6549935179e+02	415	71	366	134	22	393	0	500	500	500	0	0	0	40	
3.6599932678e+02	414	72	355	145	16	389	0	500	500	500	0	0	0	40	
3.6649950895e+02	405	81	356	144	25	398	0	500	500	500	0	0	0	40	
3.6699593360e+02	408	77	345	155	26	400	0	500	500	500	0	0	0	40	
3.6749938522e+02	405	84	354	146	27	398	0	500	500	500	0	0	0	40	
3.6799955820e+02	405	83	352	148	27	406	0	500	500	500	0	0	0	40	
3.6849939041e+02	388	102	355	145	29	380	0	500	500	500	0	0	0	40	
3.6899691906e+02	389	102	362	138	34	371	0	500	500	500	0	0	0	40	
3.6949873003e+02	391	100	376	124	45	358	0	500	500	500	0	0	0	40	
3.6999787212e+02	394	98	385	115	44	364	0	500	500	500	0	0	0	40	
3.7049952449e+02	398	95	386	114	53	355	0	500	500	500	0	0	0	40	
3.7099889371e+02	393	100	374	126	44	368	0	500	500	500	0	0	0	40	
3.7149924074e+02	401	91	379	121	47	354	0	500	500	500	0	0	0	40	
3.7199988045e+02	401	90	353	147	45	350	0	500	500	500	0	0	0	40	
3.7249709817e+02	403	87	369	131	46	346	0	500	500	500	0	0	0	40	
3.7299871603e+02	399	93	372	128	32	347	0	500	500	500	0	0	0	40	
3.7349803128e+02	398	93	379	121	32	366	0	500	500	500	0	0	0	40	
3.7399984882e+02	393	97	382	118	29	384	0	500	500	500	0	0	0	40	
3.7449990540e+02	394	98	392	108	25	378	0	500	500	500	0	0	0	40	
3.7499992966e+02	399	96	381	119	25	378	0	500	500	500	0	0	0	40	
3.7549918308e+02	406	92	377	123	32	381	0	500	500	500	0	0	0	40	
3.7599693404e+02	408	90	388	112	36	395	0	500	500	500	0	0	0	40	
3.7649951508e+02	409	91	387	113	45	366	0	500	500	500	0	0	0	40	
3.7699974747e+02	418	82	382	118	49	370	0	500	500	500	0	0	0	40	
3.7749941478e+02	433	68	380	120	34	382	0	500	500	500	0	0	0	40	
3.7799866769e+02	428	75	383	117	22	380	0	500	500	500	0	0	0	40	
3.7849908163e+02	423	78	385	115	33	378	0	500	500	500	0	0	0	40	
3.7899800101e+02	417	83	380	120	18	415	0	500	500	500	0	0	0	40	
3.7949993962e+02	417	84	385	115	29	413	0	500	500	500	0	0	0	40	
3.7999964385e+02	417	83	384	116	27	406	0	500	500	500	0	0	0	40	
3.8049932409e+02	412	89	370	130	24	401	0	500	500	500	0	0	0	40	
3.8099990123e+02	419	81	384	116	32	403	0	500	500	500	0	0	0	40	
3.8149973278e+02	427	72	387	113	27	414	0	500	500	500	0	0	0	40	
3.8199992719e+02	424	74	386	114	18	424	0	500	500	500	0	0	0	40	
3.8249957884e+02	425	71	383	117	34	412	0	500	500	500	0	0	0	40	
3.8299969569e+02	430	66	383	117	16	444	0	500	500	500	0	0	0	40	
3.8349624263e+02	432	65	382	118	26	443	0	500	500	500	0	0	0	40	
3.8399755983e+02	437	59	367	133	21	434	0	500	500	500	0	0	0	40	
3.8449905054e+02	431	67	359	141	25	442	0	500	500	500	0	0	0	40	
3.8499782009e+02	424	76	355	145	19	440	0	500	500	500	0	0	0	40	
3.8549946124e+02	424	76	367	133	24	445	0	500	500	500	0	0	0	40	
3.8599950348e+02	422	80	365	135	28	459	0	500	500	500	0	0	0	40	
3.8649956400e+02	430	73	361	139	27	445	0	500	500	500	0	0	0	40	
3.8699939661e+02	430	73	370	130	27	437	0	500	500	500	0	0	0	40	
3.8749915969e+02	430	74	367	133	37	388	0	500	500	500	0	0	0	40	
3.8799906057e+02	426	79	362	138	31	369	0	500	500	500	0	0	0	40	
3.8849850341e+02	413	91	371	129	39	360	0	500	500	500	0	0	0	40	
3.8899962064e+02	413	92	375	125	45	356	0	500	500	500	0	0	0	40	
3.8949915929e+02	413	93	367	133	45	353	0	500	500	500	0	0	0	40	
3.8999940064e+02	408	101	360	140	32	364	0	500	500	500	0	0	0	40	
3.9049734133e+02	400	108	356	144	35	370	0	500	500	500	0	0	0	40	
3.9099891315e+02	402	107	357	143	45	344	0	500	500	500	0	0	0	40	
3.9149894653e+02	403	107	361	139	52	330	0	500	500	500	0	0	0	40	
3.9199949970e+02	405	105	372	128	39	314	0	500	500	500	0	0	0	40	
3.9249502585e+02	402	109	374	126	45	290	0	500	500	500	0	0	0	40	
3.9299773872e+02	401	111	376	124	42	286	0	500	500	500	0	0	0	40	
3.9349999989e+02	398	114	376	124	40	294	0	500	500	500	0	0	0	40	
3.9399948440e+02	398	115	378	122	29	319	0	500	500	500	0	0	0	40	
3.9449984296e+02	397	114	371	129	30	309	0	500	500	500	0	0	0	40	
3.9499983780e+02	390	122	376	124	48	301	0	500	500	500	0	0	0	40	
3.9549852712e+02	387	126	365	135	51	308	0	500	500	500	0	0	0	40	
3.9599890510e+02	395	119	372	128	62	320	0	500	500	500	0	0	0	40	
3.9649833597e+02	386	129	370	130	42	316	0	500	500	500	0	0	0	40	
3.9699823693e+02	387	128	366	134	56	285	0	500	500	500	0	0	0	40	
3.9749944042e+02	391	125	375	125	50	293	0	500	500	500	0	0	0	40	
3.9799868761e+02	393	124	372	128	60	289	0	500	500	500	0	0	0	40	
3.9849999983e+02	391	127	388	112	60	287	0	500	500	500	0	0	0	40	
3.9899987774e+02	390	127	375	125	41	286	0	500	500	500	0	0	0	40	
3.9949735381e+02	390	126	368	132	45	293	0	500	500	500	0	0	0	40	
3.9999742251e+02	387	130	378	122	38	304	0	500	500	500	0	0	0	40	
4.0049905869e+02	382	135	379	121	50	295	0	500	500	500	0	0	0	40	
4.0099977039e+02	393	125	381	119	43	291	0	500	500	500	0	0	0	40	
4.0149523563e+02	393	126	382	118	45	286	0	500	500	500	0	0	0	40	
4.0199868906e+02	389	131	379	121	58	247	0	500	500	500	0	0	0	40	
4.0249985726e+02	386	135	381	119	58	267	0	500	500	500	0	0	0	40	
4.0299985768e+02	387	134	393	107	63	284	0	500	500	500	0	0	0	40	
4.0349903544e+02	398	123	399	101	39	321	0	500	500	500	0	0	0	40	
4.0399880708e+02	406	115	399	101	30	328	0	500	500	500	0	0	0	40	
4.0449993778e+02	410	112	393	107	47	307	0	500	500	500	0	0	0	40	
4.0499859226e+02	408	115	406	94	46	295	0	500	500	500	0	0	0	40	
4.0549887188e+02	408	115	415	85	50	289	0	500	500	500	0	0	0	40	
4.0599901149e+02	411	111	413	87	35	288	0	500	500	500	0	0	0	40	
4.0649836661e+02	412	110	412	88	41	274	0	500	500	500	0	0	0	40	
4.0699956179e+02	414	107	407	93	36	298	0	500	500	500	0	0	0	40	
4.0749384881e+02	417	106	410	90	31	326	0	500	500	500	0	0	0	40	
4.0799967724e+02	425	98	401	99	35	360	0	500	500	500	0	0	0	40	
4.0849953397e+02	422	101	384	116	20	359	0	500	500	500	0	0	0	40	
4.0899935935e+02	428	96	394	106	36	347	0	500	500	500	0	0	0	40	
4.0949996074e+02	433	93	383	117	29	369	0	500	500	500	0	0	0	40	
4.0999981311e+02	441	85	397	103	33	387	0	500	500	500	0	0	0	40	
4.1049852065e+02	439	88	393	107	38	371	0	500	500	500	0	0	0	40	
4.1099836224e+02	454	73	396	104	13	391	0	500	500	500	0	0	0	40	
4.1149995112e+02	456	71	387	113	28	360	0	500	500	500	0	0	0	40	
4.1199975147e+02	445	82	388	112	24	381	0	500	500	500	0	0	0	40	
4.1249861577e+02	450	75	393	107	24	371	0	500	500	500	0	0	0	40	
4.1299873508e+02	450	79	401	99	29	375	0	500	500	500	0	0	0	40	
4.1349979939e+02	449	81	406	94	20	390	0	500	500	500	0	0	0	40	
4.1399936594e+02	446	86	400	100	23	382	0	500	500	500	0	0	0	40	
4.1449988532e+02	449	84	409	91	30	386	0	500	500	500	0	0	0	40	
4.1499974405e+02	446	88	398	102	26	407	0	500	500	500	0	0	0	40	
4.1549934080e+02	448	86	400	100	28	421	0	500	500	500	0	0	0	40	
4.1599980904e+02	448	87	414	86	22	400	0	500	500	500	0	0	0	40	
4.1649983944e+02	445	90	412	88	24	379	0	500	500	500	0	0	0	40	
4.1699922343e+02	446	88	414	86	24	386	0	500	500	500	0	0	0	40	
4.1749865942e+02	451	83	414	86	33	387	0	500	500	500	0	0	0	40	
4.1799807432e+02	454	82	419	81	27	401	0	500	500	500	0	0	0	40	
4.1849852027e+02	454	82	421	79	27	414	0	500	500	500	0	0	0	40	
4.1899889839e+02	454	82	416	84	33	392	0	500	500	500	0	0	0	40	
4.1949679777e+02	462	75	421	79	28	380	0	500	500	500	0	0	0	40	
4.1999923682e+02	469	68	420	80	23	395	0	500	500	500	0	0	0	40	
4.2049995437e+02	468	70	425	75	26	406	0	500	500	500	0	0	0	40	
4.2099997503e+02	467	71	420	80	23	438	0	500	500	500	0	0	0	40	
4.2149963163e+02	464	73	400	100	20	442	0	500	500	500	0	0	0	40	
4.2199894302e+02	468	70	393	107	23	428	0	500	500	500	0	0	0	40	
4.2249924613e+02	459	79	395	105	27	416	0	500	500	500	0	0	0	40	
4.2299926779e+02	457	80	406	94	29	387	0	500	500	500	0	0	0	40	
4.2349865198e+02	459	77	403	97	36	372	0	500	500	500	0	0	0	40	
4.2399847779e+02	459	77	390	110	32	377	0	500	500	500	0	0	0	40	
4.2449946960e+02	465	70	385	115	25	395	0	500	500	500	0	0	0	40	
4.2499966887e+02	458	77	385	115	25	378	0	500	500	500	0	0	0	40	
4.2549955866e+02	460	75	383	117	30	386	0	500	500	500	0	0	0	40	
4.2599903258e+02	461	73	400	100	26	400	0	500	500	500	0	0	0	40	
4.2649971284e+02	457	82	403	97	40	372	0	500	500	500	0	0	0	40	
4.2699947307e+02	460	78	398	102	34	391	0	500	500	500	0	0	0	40	
4.2749981419e+02	466	71	387	113	16	423	0	500	500	500	0	0	0	40	
4.2799965015e+02	461	77	383	117	31	377	0	500	500	500	0	0	0	40	
4.2849880866e+02	459	78	396	104	27	377	0	500	500	500	0	0	0	40	
4.2899881838e+02	464	74	391	109	22	394	0	500	500	500	0	0	0	40	
4.2949950335e+02	467	73	394	106	25	386	0	500	500	500	0	0	0	40	
4.2999964723e+02	458	82	400	100	25	388	0	500	500	500	0	0	0	40	
4.3049932768e+02	465	75	407	93	24	375	0	500	500	500	0	0	0	40	
4.3099954792e+02	468	75	410	90	27	387	0	500	500	500	0	0	0	40	
4.3149965382e+02	467	76	401	99	27	406	0	500	500	500	0	0	0	40	
4.3199862647e+02	472	74	402	98	26	393	0	500	500	500	0	0	0	40	
4.3249839288e+02	472	74	413	87	28	397	0	500	500	500	0	0	0	40	
4.3299875654e+02	479	68	413	87	24	399	0	500	500	500	0	0	0	40	
4.3349906288e+02	476	70	404	96	25	403	0	500	500	500	0	0	0	40	
4.3399990627e+02	486	60	412	88	17	403	0	500	500	500	0	0	0	40	
4.3449979155e+02	485	63	412	88	23	388	0	500	500	500	0	0	0	40	
4.3499973439e+02	488	60	416	84	19	393	0	500	500	500	0	0	0	40	
4.3549914941e+02	492	58	404	96	21	400	0	500	500	500	0	0	0	40	
4.3599944078e+02	493	58	399	101	18	414	0	500	500	500	0	0	0	40	
4.3649996846e+02	492	61	399	101	25	421	0	500	500	500	0	0	0	40	
4.3699962480e+02	488	65	391	109	26	401	0	500	500	500	0	0	0	40	
4.3749915334e+02	489	66	382	118	19	397	0	500	500	500	0	0	0	40	
4.3799950862e+02	490	66	387	113	20	386	0	500	500	500	0	0	0	40	
4.3849822909e+02	487	69	382	118	23	382	0	500	500	500	0	0	0	40	
4.3899944928e+02	482	74	382	118	27	378	0	500	500	500	0	0	0	40	
4.3949907665e+02	473	84	382	118	29	369	0	500	500	500	0	0	0	40	
4.3999990617e+02	478	79	383	117	35	361	0	500	500	500	0	0	0	40	
4.4049991038e+02	475	84	394	106	38	359	0	500	500	500	0	0	0	40	
4.4099859039e+02	476	85	398	102	32	405	0	500	500	500	0	0	0	40	
4.4149815899e+02	475	85	397	103	33	389	0	500	500	500	0	0	0	40	
4.4199647072e+02	481	79	400	100	33	376	0	500	500	500	0	0	0	40	
4.4249821850e+02	475	83	393	107	29	393	0	500	500	500	0	0	0	40	
4.4299979580e+02	480	79	392	108	23	371	0	500	500	500	0	0	0	40	
4.4349969305e+02	483	77	395	105	26	361	0	500	500	500	0	0	0	40	
4.4399799678e+02	480	80	396	104	20	368	0	500	500	500	0	0	0	40	
4.4449907748e+02	481	80	392	108	20	365	0	500	500	500	0	0	0	40	
4.4499928536e+02	476	85	375	125	33	343	0	500	500	500	0	0	0	40	
4.4549801251e+02	475	85	377	123	29	349	0	500	500	500	0	0	0	40	
4.4599971928e+02	475	86	385	115	28	349	0	500	500	500	0	0	0	40	
4.4649909374e+02	474	85	388	112	31	347	0	500	500	500	0	0	0	40	
4.4699986970e+02	477	81	389	111	30	383	0	500	500	500	0	0	0	40	
4.4749866346e+02	469	89	380	120	25	401	0	500	500	500	0	0	0	40	
4.4799996041e+02	478	80	379	121	22	404	0	500	500	500	0	0	0	40	
4.4849974295e+02	470	89	379	121	34	376	0	500	500	500	0	0	0	40	
4.4899749332e+02	464	96	368	132	41	387	0	500	500	500	0	0	0	40	
4.4949999658e+02	453	107	384	116	32	375	0	500	500	500	0	0	0	40	
4.4999951149e+02	453	106	392	108	32	403	0	500	500	500	0	0	0	40	
4.5049948549e+02	458	103	399	101	46	378	0	500	500	500	0	0	0	40	
4.5099911129e+02	469	90	396	104	30	410	0	500	500	500	0	0	0	40	
4.5149699108e+02	466	93	389	111	21	422	0	500	500	500	0	0	0	40	
4.5199999057e+02	466	93	390	110	37	411	0	500	500	500	0	0	0	40	
4.5249991468e+02	470	87	409	91	40	389	0	500	500	500	0	0	0	40	
4.5299903083e+02	478	81	414	86	38	359	0	500	500	500	0	0	0	40	
4.5349853690e+02	474	86	427	73	43	349	0	500	500	500	0	0	0	40	
4.5399975600e+02	480	81	411	89	42	340	0	500	500	500	0	0	0	40	
4.5449717195e+02	482	77	404	96	33	385	0	500	500	500	0	0	0	40	
4.5499942748e+02	487	73	405	95	18	395	0	500	500	500	0	0	0	40	
4.5549913630e+02	488	72	401	99	20	413	0	500	500	500	0	0	0	40	
4.5599926262e+02	481	80	387	113	39	411	0	500	500	500	0	0	0	40	
4.5649895426e+02	478	83	382	118	40	392	0	500	500	500	0	0	0	40	
4.5699962532e+02	479	83	368	132	36	381	0	500	500	500	0	0	0	40	
4.5749938252e+02	475	85	367	133	26	405	0	500	500	500	0	0	0	40	
4.5799887305e+02	472	91	360	140	29	383	0	500	500	500	0	0	0	40	
4.5849967819e+02	468	96	369	131	29	393	0	500	500	500	0	0	0	40	
4.5899948697e+02	464	100	367	133	34	370	0	500	500	500	0	0	0	40	
4.5949501713e+02	469	93	362	138	35	359	0	500	500	500	0	0	0	40	
4.5999823178e+02	470	92	371	129	32	380	0	500	500	500	0	0	0	40	
4.6049915904e+02	476	86	359	141	28	379	0	500	500	500	0	0	0	40	
4.6099955815e+02	470	93	360	140	40	382	0	500	500	500	0	0	0	40	
4.6149709858e+02	464	100	362	138	38	378	0	500	500	500	0	0	0	40	
4.6199954778e+02	468	97	365	135	44	359	0	500	500	500	0	0	0	40	
4.6249895344e+02	463	102	375	125	50	332	0	500	500	500	0	0	0	40	
4.6299781228e+02	467	98	387	113	41	330	0	500	500	500	0	0	0	40	
4.6349998391e+02	471	95	393	107	38	337	0	500	500	500	0	0	0	40	
4.6399999433e+02	472	94	387	113	24	356	0	500	500	500	0	0	0	40	
4.6449637272e+02	472	93	383	117	39	325	0	500	500	500	0	0	0	40	
4.6499983515e+02	474	92	387	113	34	337	0	500	500	500	0	0	0	40	
4.6549935055e+02	471	95	396	104	30	350	0	500	500	500	0	0	0	40	
4.6599660352e+02	460	107	401	99	33	359	0	500	500	500	0	0	0	40	
4.6649724810e+02	461	107	385	115	48	345	0	500	500	500	0	0	0	40	
4.6699985650e+02	476	94	381	119	42	333	0	500	500	500	0	0	0	40	
4.6749993474e+02	475	94	391	109	39	343	0	500	500	500	0	0	0	40	
4.6799776137e+02	467	102	404	96	29	318	0	500	500	500	0	0	0	40	
4.6849935665e+02	463	104	411	89	50	295	0	500	500	500	0	0	0	40	
4.6899995964e+02	462	106	404	96	40	334	0	500	500	500	0	0	0	40	
4.6949888014e+02	474	96	411	89	39	300	0	500	500	500	0	0	0	40	
4.6999938563e+02	470	101	412	88	41	293	0	500	500	500	0	0	0	40	
4.7049753213e+02	474	96	408	92	37	321	0	500	500	500	0	0	0	40	
4.7099996817e+02	476	94	414	86	27	357	0	500	500	500	0	0	0	40	
4.7149972133e+02	480	90	405	95	36	363	0	500	500	500	0	0	0	40	
4.7199937567e+02	473	95	393	107	22	374	0	500	500	500	0	0	0	40	
4.7249929377e+02	478	90	401	99	26	378	0	500	500	500	0	0	0	40	
4.7299942150e+02	479	89	395	105	32	373	0	500	500	500	0	0	0	40	
4.7349837145e+02	477	93	383	117	37	401	0	500	500	500	0	0	0	40	
4.7399925265e+02	474	96	365	135	49	353	0	500	500	500	0	0	0	40	
4.7449675557e+02	474	95	370	130	47	347	0	500	500	500	0	0	0	40	
4.7499440731e+02	467	102	358	142	39	338	0	500	500	500	0	0	0	40	
4.7549946331e+02	472	99	351	149	30	347	0	500	500	500	0	0	0	40	
4.7599964052e+02	471	102	351	149	40	336	0	500	500	500	0	0	0	40	
4.7649576055e+02	475	98	375	125	36	364	0	500	500	500	0	0	0	40	
4.7699818641e+02	471	103	372	128	44	327	0	500	500	500	0	0	0	40	
4.7749884270e+02	459	113	364	136	36	327	0	500	500	500	0	0	0	40	
4.7799951217e+02	450	122	364	136	46	343	0	500	500	500	0	0	0	40	
4.7849868434e+02	455	117	353	147	48	333	0	500	500	500	0	0	0	40	
4.7899963567e+02	466	108	355	145	37	347	0	500	500	500	0	0	0	40	
4.7949973988e+02	463	111	364	136	33	356	0	500	500	500	0	0	0	40	
4.7999959201e+02	460	115	346	154	33	349	0	500	500	500	0	0	0	40	
4.8049916526e+02	468	106	349	151	32	368	0	500	500	500	0	0	0	40	
4.8099812884e+02	470	103	338	162	44	340	0	500	500	500	0	0	0	40	
4.8149994839e+02	454	119	337	163	58	323	0	500	500	500	0	0	0	40	
4.8199954110e+02	460	117	352	148	56	327	0	500	500	500	0	0	0	40	
4.8249923694e+02	454	124	344	156	51	310	0	500	500	500	0	0	0	40	
4.8299930699e+02	452	128	356	144	46	336	0	500	500	500	0	0	0	40	
4.8349898672e+02	445	136	347	153	46	340	0	500	500	500	0	0	0	40	
4.8399957284e+02	440	139	352	148	71	311	0	500	500	500	0	0	0	40	
4.8449628096e+02	444	138	360	140	66	287	0	500	500	500	0	0	0	40	
4.8499982695e+02	442	139	352	148	60	264	0	500	500	500	0	0	0	40	
4.8549972593e+02	439	142	355	145	71	252	0	500	500	500	0	0	0	40	
4.8599951388e+02	441	139	358	142	59	283	0	500	500	500	0	0	0	40	
4.8649945644e+02	443	137	360	140	62	284	0	500	500	500	0	0	0	40	
4.8699922370e+02	444	136	367	133	47	287	0	500	500	500	0	0	0	40	
4.8749826853e+02	445	134	362	138	50	305	0	500	500	500	0	0	0	40	
4.8799943743e+02	447	133	352	148	41	318	0	500	500	500	0	0	0	40	
4.8849961638e+02	444	136	359	141	53	293	0	500	500	500	0	0	0	40	
4.8899918452e+02	445	135	366	134	49	304	0	500	500	500	0	0	0	40	
4.8949976664e+02	441	140	369	131	61	293	0	500	500	500	0	0	0	40	
4.8999954893e+02	448	134	365	135	64	304	0	500	500	500	0	0	0	40	
4.9049979018e+02	454	127	363	137	52	329	0	500	500	500	0	0	0	40	
4.9099983237e+02	460	121	353	147	49	317	0	500	500	500	0	0	0	40	
4.9149903377e+02	462	119	361	139	45	321	0	500	500	500	0	0	0	40	
4.9199906289e+02	462	119	354	146	53	307	0	500	500	500	0	0	0	40	
4.9249999450e+02	459	122	363	137	60	313	0	500	500	500	0	0	0	40	
4.9299949319e+02	453	128	365	135	52	326	0	500	500	500	0	0	0	40	
4.9349983930e+02	458	122	367	133	58	320	0	500	500	500	0	0	0	40	
4.9399974799e+02	461	118	372	128	49	325	0	500	500	500	0	0	0	40	
4.9449999124e+02	453	130	377	123	47	310	0	500	500	500	0	0	0	40	
4.9499990194e+02	450	133	372	128	57	300	0	500	500	500	0	0	0	40	
4.9549984405e+02	441	142	361	139	63	274	0	500	500	500	0	0	0	40	
4.9599858942e+02	444	139	373	127	50	282	0	500	500	500	0	0	0	40	
4.9649964863e+02	443	140	374	126	51	260	0	500	500	500	0	0	0	40	
4.9699908195e+02	441	146	365	135	42	278	0	500	500	500	0	0	0	40	
4.9749938133e+02	439	151	367	133	64	278	0	500	500	500	0	0	0	40	
4.9799865736e+02	439	152	385	115	66	263	0	500	500	500	0	0	0	40	
4.9849979915e+02	446	145	398	102	69	243	0	500	500	500	0	0	0	40	
4.9899957820e+02	450	141	398	102	69	253	0	500	500	500	0	0	0	40	
4.9949991045e+02	452	139	396	104	59	265	0	500	500	500	0	0	0	40	
4.9999794502e+02	460	132	403	97	60	240	0	500	500	500	0	0	0	40	
5.0000011978e+02	460	132	404	96	60	240	0	500	500	500	0	0	0	40	
