0.0000000000e+00	0	0	0	0	0	500	50	0	500	500	500	500	500	0	
4.9905382077e-01	0	0	0	0	32	468	50	0	500	500	500	500	500	0	
9.9940169483e-01	0	0	0	0	28	472	50	0	500	500	500	500	500	0	
1.4947195869e+00	0	2	0	0	45	455	50	0	500	500	500	500	500	0	
1.9989215816e+00	1	1	0	0	40	460	50	0	500	500	500	500	500	0	
2.4993996759e+00	1	1	0	0	29	471	50	0	500	500	500	500	500	0	
2.9981558519e+00	1	1	0	0	31	469	50	0	500	500	500	500	500	0	
3.4974645635e+00	3	1	0	0	37	463	50	0	500	500	500	500	500	0	
3.9966188845e+00	3	1	0	0	41	459	50	0	500	500	500	500	500	0	
4.4970993610e+00	4	5	0	0	27	473	50	0	500	500	500	500	500	0	
4.9979452011e+00	5	4	0	0	46	454	50	0	500	500	500	500	500	0	
5.4999083418e+00	8	2	1	0	33	467	50	0	500	500	500	500	500	0	
5.9972895272e+00	8	3	1	0	36	464	50	0	500	500	500	500	500	0	
6.4996851796e+00	8	3	1	0	51	449	50	0	500	500	500	500	500	0	
6.9980257123e+00	10	4	1	0	50	450	50	0	500	500	500	500	500	0	
7.4975015866e+00	10	5	1	0	50	450	50	0	500	500	500	500	500	0	
7.9922348170e+00	13	5	1	0	39	461	50	0	500	500	500	500	500	0	
8.4992115281e+00	15	4	1	0	46	454	50	0	500	500	500	500	500	0	
8.9998146289e+00	16	5	3	0	45	455	50	0	500	500	500	500	500	0	
9.4967406556e+00	18	3	3	0	43	457	50	0	500	500	500	500	500	0	
9.9991356139e+00	19	3	2	1	37	463	50	0	500	500	500	500	500	0	
1.0498767704e+01	21	1	2	1	28	472	50	0	500	500	500	500	500	0	
1.0996329231e+01	22	1	3	0	33	467	50	0	500	500	500	500	500	0	
1.1498100376e+01	22	2	4	0	28	472	50	0	500	500	500	500	500	0	
1.1999682144e+01	24	1	4	0	42	458	50	0	500	500	500	500	500	0	
1.2497808183e+01	25	1	4	0	30	470	50	0	500	500	500	500	500	0	
1.2990479692e+01	26	1	4	0	37	463	50	0	500	500	500	500	500	0	
1.3495781360e+01	26	1	4	0	36	464	50	0	500	500	500	500	500	0	
1.3997091441e+01	26	2	3	1	40	460	50	0	500	500	500	500	500	0	
1.4498950580e+01	25	3	5	0	51	449	50	0	500	500	500	500	500	0	
1.4996210919e+01	26	3	5	0	56	444	50	0	500	500	500	500	500	0	
1.5494127491e+01	28	3	5	0	45	455	50	0	500	500	500	500	500	0	
1.5992902578e+01	32	0	5	0	40	460	50	0	500	500	500	500	500	0	
1.6497691536e+01	32	1	5	0	49	451	50	0	500	500	500	500	500	0	
1.6999244037e+01	32	3	5	0	51	449	50	0	500	500	500	500	500	0	
1.7497508645e+01	36	1	5	0	73	427	50	0	500	500	500	500	500	0	
1.7996522052e+01	36	1	5	0	39	461	50	0	500	500	500	500	500	0	
1.8497739016e+01	37	1	5	0	43	457	50	0	500	500	500	500	500	0	
1.8996003801e+01	37	5	7	0	29	471	50	0	500	500	500	500	500	0	
1.9497353190e+01	39	3	7	0	36	464	50	0	500	500	500	500	500	0	
1.9994814989e+01	40	3	6	0	34	466	50	0	500	500	500	500	500	0	
2.0499422679e+01	43	2	6	0	30	470	50	0	500	500	500	500	500	0	
2.0999790270e+01	45	3	6	0	30	470	50	0	500	500	500	500	500	0	
2.1497971149e+01	47	4	6	0	37	463	50	0	500	500	500	500	500	0	
2.1998185841e+01	49	4	6	0	35	465	50	0	500	500	500	500	500	0	
2.2498974823e+01	51	4	6	0	50	450	50	0	500	500	500	500	500	0	
2.2994027275e+01	53	3	5	0	40	460	50	0	500	500	500	500	500	0	
2.3498512423e+01	53	3	5	0	49	451	50	0	500	500	500	500	500	0	
2.3999614544e+01	54	3	6	0	36	464	50	0	500	500	500	500	500	0	
2.4497930632e+01	55	3	6	0	30	470	50	0	500	500	500	500	500	0	
2.4999612917e+01	56	4	6	0	49	451	50	0	500	500	500	500	500	0	
2.5499678465e+01	57	3	5	1	45	455	50	0	500	500	500	500	500	0	
2.5997063028e+01	57	3	6	0	47	453	50	0	500	500	500	500	500	0	
2.6499594059e+01	57	4	7	0	30	470	50	0	500	500	500	500	500	0	
2.6996409817e+01	57	4	7	0	37	463	50	0	500	500	500	500	500	0	
2.7497470671e+01	59	2	7	0	33	467	50	0	500	500	500	500	500	0	
2.7997817067e+01	59	4	6	1	31	469	50	0	500	500	500	500	500	0	
2.8499020138e+01	61	4	7	0	43	457	50	0	500	500	500	500	500	0	
2.8998890542e+01	63	3	7	0	55	445	50	0	500	500	500	500	500	0	
2.9499793203e+01	64	4	7	1	25	475	50	0	500	500	500	500	500	0	
2.9999478534e+01	64	4	6	2	31	469	50	0	500	500	500	500	500	0	
3.0496048879e+01	66	2	8	0	20	480	50	0	500	500	500	500	500	0	
3.0996433549e+01	68	2	7	1	30	470	50	0	500	500	500	500	500	0	
3.1493725636e+01	68	5	6	2	44	456	50	0	500	500	500	500	500	0	
3.1993694794e+01	70	3	7	1	28	472	50	0	500	500	500	500	500	0	
3.2496989227e+01	70	4	7	1	35	465	50	0	500	500	500	500	500	0	
3.2998421001e+01	70	6	9	0	36	464	50	0	500	500	500	500	500	0	
3.3498923448e+01	71	5	9	0	59	441	50	0	500	500	500	500	500	0	
3.3997576776e+01	73	3	9	0	61	439	50	0	500	500	500	500	500	0	
3.4496259435e+01	73	4	10	0	41	459	50	0	500	500	500	500	500	0	
3.4999670151e+01	74	5	10	0	48	452	50	0	500	500	500	500	500	0	
3.5496362261e+01	74	6	10	2	36	464	50	0	500	500	500	500	500	0	
3.5995714914e+01	75	6	12	0	37	463	50	0	500	500	500	500	500	0	
3.6499291945e+01	77	4	11	1	57	443	50	0	500	500	500	500	500	0	
3.6997800096e+01	77	5	11	1	35	465	50	0	500	500	500	500	500	0	
3.7498122122e+01	78	5	12	0	32	468	50	0	500	500	500	500	500	0	
3.7995487697e+01	78	7	12	0	33	467	50	0	500	500	500	500	500	0	
3.8493709426e+01	79	6	11	1	48	452	50	0	500	500	500	500	500	0	
3.8999969183e+01	79	6	10	2	45	455	50	0	500	500	500	500	500	0	
3.9496467388e+01	79	7	10	2	39	461	50	0	500	500	500	500	500	0	
3.9996313408e+01	80	7	9	3	38	462	50	0	500	500	500	500	500	0	
4.0496942520e+01	80	7	12	0	38	462	50	0	500	500	500	500	500	0	
4.0999520276e+01	82	5	10	2	31	469	50	0	500	500	500	500	500	0	
4.1496403522e+01	84	3	11	1	53	447	50	0	500	500	500	500	500	0	
4.1999422383e+01	86	2	12	0	39	461	50	0	500	500	500	500	500	0	
4.2499574297e+01	86	3	11	1	44	456	50	0	500	500	500	500	500	0	
4.2998636828e+01	87	2	12	1	43	457	50	0	500	500	500	500	500	0	
4.3499867019e+01	88	2	13	0	36	464	50	0	500	500	500	500	500	0	
4.3994713283e+01	89	2	13	0	36	464	50	0	500	500	500	500	500	0	
4.4490385869e+01	90	4	13	0	35	465	50	0	500	500	500	500	500	0	
4.4994180273e+01	91	4	13	0	26	474	50	0	500	500	500	500	500	0	
4.5498980738e+01	94	2	13	0	43	457	50	0	500	500	500	500	500	0	
4.5999274017e+01	94	4	12	2	42	458	50	0	500	500	500	500	500	0	
4.6498501309e+01	95	3	10	4	31	469	50	0	500	500	500	500	500	0	
4.6999064438e+01	97	1	13	1	25	475	50	0	500	500	500	500	500	0	
4.7499786842e+01	97	2	14	0	27	473	50	0	500	500	500	500	500	0	
4.7999780830e+01	98	2	14	0	38	462	50	0	500	500	500	500	500	0	
4.8499367522e+01	99	3	15	0	48	452	50	0	500	500	500	500	500	0	
4.8999471526e+01	100	2	15	1	51	449	50	0	500	500	500	500	500	0	
4.9497961054e+01	100	3	16	0	53	447	50	0	500	500	500	500	500	0	
4.9992333509e+01	100	3	15	1	64	436	50	0	500	500	500	500	500	0	
5.0497621351e+01	101	3	16	0	49	451	50	0	500	500	500	500	500	0	
5.0994741885e+01	101	4	16	0	47	453	50	0	500	500	500	500	500	0	
5.1497472395e+01	102	6	16	0	32	468	50	0	500	500	500	500	500	0	
5.1998192167e+01	102	5	16	1	40	460	50	0	500	500	500	500	500	0	
5.2495868262e+01	104	4	17	0	38	462	50	0	500	500	500	500	500	0	
5.2998781284e+01	105	6	15	2	31	469	50	0	500	500	500	500	500	0	
5.3499360029e+01	106	5	15	2	38	462	50	0	500	500	500	500	500	0	
5.3997573661e+01	104	5	16	1	51	449	50	0	500	500	500	500	500	0	
5.4499198887e+01	105	5	16	2	34	466	50	0	500	500	500	500	500	0	
5.4999768435e+01	106	5	16	2	27	473	50	0	500	500	500	500	500	0	
5.5498726272e+01	107	4	17	1	46	454	50	0	500	500	500	500	500	0	
5.5998210113e+01	108	4	18	0	39	461	50	0	500	500	500	500	500	0	
5.6499296676e+01	109	3	17	2	46	454	50	0	500	500	500	500	500	0	
5.6997186087e+01	109	5	19	1	31	469	50	0	500	500	500	500	500	0	
5.7498722892e+01	111	4	20	0	38	462	50	0	500	500	500	500	500	0	
5.7998128292e+01	114	2	20	0	43	457	50	0	500	500	500	500	500	0	
5.8497502319e+01	115	2	20	0	39	461	50	0	500	500	500	500	500	0	
5.8999360336e+01	115	2	20	0	43	457	50	0	500	500	500	500	500	0	
5.9499305535e+01	115	3	21	0	39	461	50	0	500	500	500	500	500	0	
5.9999699081e+01	116	3	19	2	38	462	50	0	500	500	500	500	500	0	
6.0497652952e+01	115	4	20	1	32	468	50	0	500	500	500	500	500	0	
6.0996732017e+01	116	4	21	0	45	455	50	0	500	500	500	500	500	0	
6.1497182530e+01	118	3	20	1	45	455	50	0	500	500	500	500	500	0	
6.1999990680e+01	117	6	21	0	39	461	50	0	500	500	500	500	500	0	
6.2498515707e+01	118	6	19	2	16	484	50	0	500	500	500	500	500	0	
6.2998511623e+01	120	5	20	2	39	461	50	0	500	500	500	500	500	0	
6.3499454589e+01	122	4	22	0	44	456	50	0	500	500	500	500	500	0	
6.3992013413e+01	124	2	22	1	44	456	50	0	500	500	500	500	500	0	
6.4495276725e+01	124	4	24	0	29	471	50	0	500	500	500	500	500	0	
6.4998389053e+01	125	4	24	0	29	471	50	0	500	500	500	500	500	0	
6.5498942465e+01	126	4	21	2	25	475	50	0	500	500	500	500	500	0	
6.5996794568e+01	128	3	23	0	33	467	50	0	500	500	500	500	500	0	
6.6497260848e+01	128	3	23	0	25	475	50	0	500	500	500	500	500	0	
6.6995485159e+01	130	2	24	0	22	478	50	0	500	500	500	500	500	0	
6.7497652274e+01	130	3	24	0	38	462	50	0	500	500	500	500	500	0	
6.7995750433e+01	130	5	24	0	47	453	50	0	500	500	500	500	500	0	
6.8498186806e+01	131	5	23	0	50	450	50	0	500	500	500	500	500	0	
6.8998503730e+01	134	4	22	1	42	458	50	0	500	500	500	500	500	0	
6.9498505526e+01	137	2	21	1	40	460	50	0	500	500	500	500	500	0	
6.9994825999e+01	137	3	22	0	53	447	50	0	500	500	500	500	500	0	
7.0498155723e+01	137	4	22	0	40	460	50	0	500	500	500	500	500	0	
7.0998082766e+01	138	4	21	1	45	455	50	0	500	500	500	500	500	0	
7.1497126431e+01	139	3	20	2	32	468	50	0	500	500	500	500	500	0	
7.1998048557e+01	139	4	23	1	46	454	50	0	500	500	500	500	500	0	
7.2496909748e+01	140	4	21	3	43	457	50	0	500	500	500	500	500	0	
7.2999647770e+01	139	5	23	2	37	463	50	0	500	500	500	500	500	0	
7.3497403822e+01	140	5	25	1	52	448	50	0	500	500	500	500	500	0	
7.3999908488e+01	140	6	26	1	46	454	50	0	500	500	500	500	500	0	
7.4493489945e+01	143	4	26	1	45	455	50	0	500	500	500	500	500	0	
7.4997449932e+01	144	4	23	4	50	450	50	0	500	500	500	500	500	0	
7.5499269720e+01	148	2	25	2	53	447	50	0	500	500	500	500	500	0	
7.5999532282e+01	148	2	26	1	40	460	50	0	500	500	500	500	500	0	
7.6497714266e+01	148	1	26	1	38	462	50	0	500	500	500	500	500	0	
7.6990756083e+01	148	2	27	0	35	465	50	0	500	500	500	500	500	0	
7.7498292958e+01	148	3	26	1	47	453	50	0	500	500	500	500	500	0	
7.7999515687e+01	149	4	27	0	29	471	50	0	500	500	500	500	500	0	
7.8492514877e+01	149	7	25	3	35	465	50	0	500	500	500	500	500	0	
7.8999232836e+01	148	8	25	3	46	454	50	0	500	500	500	500	500	0	
7.9498669100e+01	148	9	26	2	36	464	50	0	500	500	500	500	500	0	
7.9997801194e+01	152	5	27	2	33	467	50	0	500	500	500	500	500	0	
8.0492889733e+01	151	8	27	2	33	467	50	0	500	500	500	500	500	0	
8.0999005990e+01	153	7	26	3	34	466	50	0	500	500	500	500	500	0	
8.1495950542e+01	155	7	28	1	32	468	50	0	500	500	500	500	500	0	
8.1996373857e+01	160	2	30	0	45	455	50	0	500	500	500	500	500	0	
8.2498898687e+01	161	2	30	0	28	472	50	0	500	500	500	500	500	0	
8.2998834328e+01	160	3	30	0	31	469	50	0	500	500	500	500	500	0	
8.3497662061e+01	161	3	30	1	37	463	50	0	500	500	500	500	500	0	
8.3999073132e+01	161	3	31	0	39	461	50	0	500	500	500	500	500	0	
8.4498474445e+01	161	4	28	3	61	439	50	0	500	500	500	500	500	0	
8.4999205545e+01	163	3	29	3	51	449	50	0	500	500	500	500	500	0	
8.5498173416e+01	165	3	31	1	58	442	50	0	500	500	500	500	500	0	
8.5999541665e+01	165	5	31	1	45	455	50	0	500	500	500	500	500	0	
8.6496792537e+01	166	4	30	2	38	462	50	0	500	500	500	500	500	0	
8.6998407234e+01	167	5	32	1	46	454	50	0	500	500	500	500	500	0	
8.7496149988e+01	169	5	30	3	35	465	50	0	500	500	500	500	500	0	
8.7997167581e+01	170	6	33	1	36	464	50	0	500	500	500	500	500	0	
8.8496290503e+01	173	4	30	4	33	467	50	0	500	500	500	500	500	0	
8.8999106947e+01	174	4	31	2	29	471	50	0	500	500	500	500	500	0	
8.9498486389e+01	175	4	32	1	34	466	50	0	500	500	500	500	500	0	
8.9997214797e+01	177	4	33	1	29	471	50	0	500	500	500	500	500	0	
9.0496160398e+01	179	4	32	3	35	465	50	0	500	500	500	500	500	0	
9.0999531871e+01	179	4	31	3	40	460	50	0	500	500	500	500	500	0	
9.1498429289e+01	179	4	32	2	45	455	50	0	500	500	500	500	500	0	
9.1999696408e+01	180	5	32	1	35	465	50	0	500	500	500	500	500	0	
9.2496560882e+01	181	5	33	0	32	468	50	0	500	500	500	500	500	0	
9.2999022907e+01	182	6	31	2	35	465	50	0	500	500	500	500	500	0	
9.3497046850e+01	184	5	31	1	33	467	50	0	500	500	500	500	500	0	
9.3996760966e+01	185	6	29	2	39	461	50	0	500	500	500	500	500	0	
9.4494087262e+01	185	6	30	1	28	472	50	0	500	500	500	500	500	0	
9.4998770967e+01	187	4	29	2	31	469	50	0	500	500	500	500	500	0	
9.5499455178e+01	188	5	30	1	41	459	50	0	500	500	500	500	500	0	
9.5997521131e+01	192	2	29	2	45	455	50	0	500	500	500	500	500	0	
9.6496507728e+01	194	0	29	1	50	450	50	0	500	500	500	500	500	0	
9.6993185952e+01	194	3	30	0	40	460	50	0	500	500	500	500	500	0	
9.7497795179e+01	196	4	28	1	47	453	50	0	500	500	500	500	500	0	
9.7999508271e+01	197	2	27	2	31	469	50	0	500	500	500	500	500	0	
9.8497615007e+01	197	3	27	2	42	458	50	0	500	500	500	500	500	0	
9.8996428131e+01	200	3	29	0	58	442	50	0	500	500	500	500	500	0	
9.9496375439e+01	200	3	29	1	54	446	50	0	500	500	500	500	500	0	
9.9996919516e+01	203	3	26	2	56	444	50	0	500	500	500	500	500	0	
1.0049599458e+02	207	2	27	1	36	464	50	0	500	500	500	500	500	0	
1.0099971138e+02	208	4	27	1	23	477	50	0	500	500	500	500	500	0	
1.0149931591e+02	210	2	28	0	41	459	50	0	500	500	500	500	500	0	
1.0199699067e+02	210	3	27	0	40	460	50	0	500	500	500	500	500	0	
1.0249945525e+02	210	5	26	1	57	443	50	0	500	500	500	500	500	0	
1.0299828203e+02	213	2	26	1	51	449	50	0	500	500	500	500	500	0	
1.0349615127e+02	214	3	25	3	58	442	50	0	500	500	500	500	500	0	
1.0399886692e+02	214	4	27	1	48	452	50	0	500	500	500	500	500	0	
1.0449890542e+02	214	5	27	1	31	469	50	0	500	500	500	500	500	0	
1.0499711341e+02	214	3	29	0	42	458	50	0	500	500	500	500	500	0	
1.0549788341e+02	216	3	29	1	30	470	50	0	500	500	500	500	500	0	
1.0599740608e+02	216	5	27	3	45	455	50	0	500	500	500	500	500	0	
1.0649987238e+02	217	7	24	5	25	475	50	0	500	500	500	500	500	0	
1.0699983481e+02	218	7	27	2	33	467	50	0	500	500	500	500	500	0	
1.0749827766e+02	218	7	29	0	40	460	50	0	500	500	500	500	500	0	
1.0799959175e+02	221	4	28	1	36	464	50	0	500	500	500	500	500	0	
1.0849867416e+02	222	7	28	1	33	467	50	0	500	500	500	500	500	0	
1.0899644358e+02	226	5	29	0	35	465	50	0	500	500	500	500	500	0	
1.0949564414e+02	226	5	28	3	52	448	50	0	500	500	500	500	500	0	
1.0999932462e+02	227	5	31	1	48	452	50	0	500	500	500	500	500	0	
1.1049990031e+02	227	5	28	4	44	456	50	0	500	500	500	500	500	0	
1.1099943262e+02	230	4	29	3	39	461	50	0	500	500	500	500	500	0	
1.1149860107e+02	232	3	32	0	37	463	50	0	500	500	500	500	500	0	
1.1199580433e+02	233	2	33	0	39	461	50	0	500	500	500	500	500	0	
1.1249795069e+02	233	2	31	2	28	472	50	0	500	500	500	500	500	0	
1.1299846645e+02	235	1	31	2	44	456	50	0	500	500	500	500	500	0	
1.1349238516e+02	235	1	33	1	32	468	50	0	500	500	500	500	500	0	
1.1399831525e+02	235	5	32	2	46	454	50	0	500	500	500	500	500	0	
1.1449399306e+02	237	4	31	3	29	471	50	0	500	500	500	500	500	0	
1.1499949567e+02	237	5	32	2	28	472	50	0	500	500	500	500	500	0	
1.1549925248e+02	237	5	31	3	38	462	50	0	500	500	500	500	500	0	
1.1599031124e+02	238	4	31	2	39	461	50	0	500	500	500	500	500	0	
1.1649986938e+02	240	4	30	3	42	458	50	0	500	500	500	500	500	0	
1.1699998227e+02	240	6	31	2	38	462	50	0	500	500	500	500	500	0	
1.1749900026e+02	241	5	33	1	21	479	50	0	500	500	500	500	500	0	
1.1799793245e+02	245	1	33	0	22	478	50	0	500	500	500	500	500	0	
1.1849245945e+02	245	1	33	0	45	455	50	0	500	500	500	500	500	0	
1.1899743442e+02	245	1	32	1	28	472	50	0	500	500	500	500	500	0	
1.1949627543e+02	245	1	32	1	41	459	50	0	500	500	500	500	500	0	
1.1999805135e+02	245	0	31	2	49	451	50	0	500	500	500	500	500	0	
1.2049587889e+02	245	0	35	1	56	444	50	0	500	500	500	500	500	0	
1.2099953230e+02	245	1	36	0	35	465	50	0	500	500	500	500	500	0	
1.2149926772e+02	245	1	34	2	21	479	50	0	500	500	500	500	500	0	
1.2199215011e+02	245	2	36	1	20	480	50	0	500	500	500	500	500	0	
1.2249683292e+02	246	1	35	1	36	464	50	0	500	500	500	500	500	0	
1.2299928108e+02	246	2	35	1	36	464	50	0	500	500	500	500	500	0	
1.2349997169e+02	247	3	36	0	45	455	50	0	500	500	500	500	500	0	
1.2399915440e+02	248	4	36	0	33	467	50	0	500	500	500	500	500	0	
1.2449699260e+02	249	3	35	1	41	459	50	0	500	500	500	500	500	0	
1.2499617900e+02	249	3	34	2	44	456	50	0	500	500	500	500	500	0	
1.2549953445e+02	249	5	34	2	47	453	50	0	500	500	500	500	500	0	
1.2599159219e+02	250	5	32	4	31	469	50	0	500	500	500	500	500	0	
1.2649950801e+02	250	6	34	3	52	448	50	0	500	500	500	500	500	0	
1.2699300122e+02	251	6	34	3	45	455	50	0	500	500	500	500	500	0	
1.2749976344e+02	252	7	34	3	39	461	50	0	500	500	500	500	500	0	
1.2799894158e+02	252	7	36	2	45	455	50	0	500	500	500	500	500	0	
1.2849781616e+02	254	5	38	0	36	464	50	0	500	500	500	500	500	0	
1.2899939188e+02	256	5	35	2	33	467	50	0	500	500	500	500	500	0	
1.2949959323e+02	257	4	36	1	42	458	50	0	500	500	500	500	500	0	
1.2999872469e+02	258	4	35	3	24	476	50	0	500	500	500	500	500	0	
1.3049876364e+02	258	4	36	2	41	459	50	0	500	500	500	500	500	0	
1.3099944817e+02	258	5	39	0	39	461	50	0	500	500	500	500	500	0	
1.3149936860e+02	260	3	38	1	42	458	50	0	500	500	500	500	500	0	
1.3199973607e+02	260	4	38	1	40	460	50	0	500	500	500	500	500	0	
1.3249988276e+02	261	6	38	1	37	463	50	0	500	500	500	500	500	0	
1.3299760954e+02	263	5	37	3	30	470	50	0	500	500	500	500	500	0	
1.3349911201e+02	263	7	38	1	38	462	50	0	500	500	500	500	500	0	
1.3399869786e+02	264	7	39	0	37	463	50	0	500	500	500	500	500	0	
1.3449972126e+02	266	5	36	2	38	462	50	0	500	500	500	500	500	0	
1.3499903301e+02	265	5	39	1	42	458	50	0	500	500	500	500	500	0	
1.3549796601e+02	265	4	37	3	40	460	50	0	500	500	500	500	500	0	
1.3599944675e+02	267	4	38	3	32	468	50	0	500	500	500	500	500	0	
1.3649875263e+02	267	3	39	2	38	462	50	0	500	500	500	500	500	0	
1.3699816571e+02	269	1	39	2	30	470	50	0	500	500	500	500	500	0	
1.3749384513e+02	270	1	40	2	30	470	50	0	500	500	500	500	500	0	
1.3799755099e+02	270	1	40	1	34	466	50	0	500	500	500	500	500	0	
1.3849991280e+02	269	1	41	2	26	474	50	0	500	500	500	500	500	0	
1.3899982573e+02	269	1	41	2	47	453	50	0	500	500	500	500	500	0	
1.3949941073e+02	269	3	40	2	36	464	50	0	500	500	500	500	500	0	
1.3999922019e+02	272	2	39	3	37	463	50	0	500	500	500	500	500	0	
1.4049877389e+02	273	3	38	3	34	466	50	0	500	500	500	500	500	0	
1.4099753078e+02	274	2	41	3	39	461	50	0	500	500	500	500	500	0	
1.4149999223e+02	276	1	42	2	56	444	50	0	500	500	500	500	500	0	
1.4199675074e+02	277	1	41	3	43	457	50	0	500	500	500	500	500	0	
1.4249956024e+02	277	1	42	3	31	469	50	0	500	500	500	500	500	0	
1.4299152923e+02	276	2	39	4	29	471	50	0	500	500	500	500	500	0	
1.4349775244e+02	276	2	43	0	23	477	50	0	500	500	500	500	500	0	
1.4399995889e+02	279	1	41	2	37	463	50	0	500	500	500	500	500	0	
1.4449887318e+02	278	1	44	0	36	464	50	0	500	500	500	500	500	0	
1.4499243490e+02	279	0	43	1	36	464	50	0	500	500	500	500	500	0	
1.4549691781e+02	279	1	41	3	41	459	50	0	500	500	500	500	500	0	
1.4599718296e+02	281	0	40	5	34	466	50	0	500	500	500	500	500	0	
1.4649936215e+02	281	0	41	3	49	451	50	0	500	500	500	500	500	0	
1.4699792777e+02	280	5	38	6	26	474	50	0	500	500	500	500	500	0	
1.4749977503e+02	282	4	42	2	20	480	50	0	500	500	500	500	500	0	
1.4799643417e+02	282	4	40	5	27	473	50	0	500	500	500	500	500	0	
1.4849950759e+02	281	5	41	4	44	456	50	0	500	500	500	500	500	0	
1.4899959111e+02	284	3	44	2	43	457	50	0	500	500	500	500	500	0	
1.4949907672e+02	284	3	45	0	34	466	50	0	500	500	500	500	500	0	
1.4999897344e+02	284	6	44	1	39	461	50	0	500	500	500	500	500	0	
1.5049853908e+02	285	5	43	2	37	463	50	0	500	500	500	500	500	0	
1.5099951259e+02	286	5	41	4	31	469	50	0	500	500	500	500	500	0	
1.5149601156e+02	285	6	43	2	31	469	50	0	500	500	500	500	500	0	
1.5199971454e+02	287	4	43	2	42	458	50	0	500	500	500	500	500	0	
1.5249858546e+02	288	3	43	3	39	461	50	0	500	500	500	500	500	0	
1.5299870227e+02	289	3	43	3	39	461	50	0	500	500	500	500	500	0	
1.5349704386e+02	291	4	41	5	39	461	50	0	500	500	500	500	500	0	
1.5399182949e+02	291	4	42	4	51	449	50	0	500	500	500	500	500	0	
1.5449990481e+02	292	4	44	2	54	446	50	0	500	500	500	500	500	0	
1.5499707150e+02	294	5	46	0	28	472	50	0	500	500	500	500	500	0	
1.5549977528e+02	296	4	43	2	53	447	50	0	500	500	500	500	500	0	
1.5599483950e+02	297	3	43	2	29	471	50	0	500	500	500	500	500	0	
1.5649819092e+02	298	4	42	3	35	465	50	0	500	500	500	500	500	0	
1.5699763688e+02	300	4	42	3	47	453	50	0	500	500	500	500	500	0	
1.5749813079e+02	301	4	43	2	37	463	50	0	500	500	500	500	500	0	
1.5799903078e+02	301	5	43	2	39	461	50	0	500	500	500	500	500	0	
1.5849878949e+02	302	5	45	0	56	444	50	0	500	500	500	500	500	0	
1.5899896336e+02	304	5	44	1	62	438	50	0	500	500	500	500	500	0	
1.5949842811e+02	306	5	45	1	53	447	50	0	500	500	500	500	500	0	
1.5999734506e+02	308	3	45	1	38	462	50	0	500	500	500	500	500	0	
1.6049705517e+02	307	3	45	1	46	454	50	0	500	500	500	500	500	0	
1.6099449488e+02	308	2	44	2	29	471	50	0	500	500	500	500	500	0	
1.6149985498e+02	307	3	44	2	50	450	50	0	500	500	500	500	500	0	
1.6199800126e+02	306	5	46	0	37	463	50	0	500	500	500	500	500	0	
1.6249999655e+02	309	4	45	1	40	460	50	0	500	500	500	500	500	0	
1.6299948977e+02	309	3	45	1	27	473	50	0	500	500	500	500	500	0	
1.6349917296e+02	309	4	43	2	42	458	50	0	500	500	500	500	500	0	
1.6399805550e+02	309	3	44	1	43	457	50	0	500	500	500	500	500	0	
1.6449548398e+02	309	4	43	3	41	459	50	0	500	500	500	500	500	0	
1.6499959997e+02	312	4	42	4	42	458	50	0	500	500	500	500	500	0	
1.6549615031e+02	312	4	44	2	46	454	50	0	500	500	500	500	500	0	
1.6599889455e+02	313	3	45	0	50	450	50	0	500	500	500	500	500	0	
1.6649690512e+02	313	4	40	5	33	467	50	0	500	500	500	500	500	0	
1.6699865501e+02	313	4	42	3	20	480	50	0	500	500	500	500	500	0	
1.6749937895e+02	314	4	41	4	24	476	50	0	500	500	500	500	500	0	
1.6799826678e+02	316	3	42	3	28	472	50	0	500	500	500	500	500	0	
1.6849902677e+02	313	3	44	1	34	466	50	0	500	500	500	500	500	0	
1.6899992073e+02	314	3	45	0	45	455	50	0	500	500	500	500	500	0	
1.6949885170e+02	317	1	44	1	29	471	50	0	500	500	500	500	500	0	
1.6999747627e+02	318	0	45	0	41	459	50	0	500	500	500	500	500	0	
1.7049400095e+02	318	0	44	1	41	459	50	0	500	500	500	500	500	0	
1.7099743585e+02	319	2	44	1	33	467	50	0	500	500	500	500	500	0	
1.7149916862e+02	317	4	44	1	37	463	50	0	500	500	500	500	500	0	
1.7199968852e+02	318	3	44	1	26	474	50	0	500	500	500	500	500	0	
1.7249341738e+02	318	3	42	3	43	457	50	0	500	500	500	500	500	0	
1.7299122478e+02	319	3	42	3	39	461	50	0	500	500	500	500	500	0	
1.7349775438e+02	319	5	44	1	50	450	50	0	500	500	500	500	500	0	
1.7399981249e+02	320	4	43	1	42	458	50	0	500	500	500	500	500	0	
1.7449939916e+02	321	3	44	0	36	464	50	0	500	500	500	500	500	0	
1.7499765338e+02	323	3	44	1	51	449	50	0	500	500	500	500	500	0	
1.7549880719e+02	322	3	43	2	55	445	50	0	500	500	500	500	500	0	
1.7599351927e+02	323	2	46	0	48	452	50	0	500	500	500	500	500	0	
1.7649904634e+02	323	3	44	2	45	455	50	0	500	500	500	500	500	0	
1.7699556457e+02	324	2	43	3	41	459	50	0	500	500	500	500	500	0	
1.7749368656e+02	325	2	49	0	53	447	50	0	500	500	500	500	500	0	
1.7799914157e+02	326	1	49	0	41	459	50	0	500	500	500	500	500	0	
1.7849895621e+02	325	2	47	2	32	468	50	0	500	500	500	500	500	0	
1.7899841089e+02	325	4	49	0	62	438	50	0	500	500	500	500	500	0	
1.7949577245e+02	324	5	49	1	44	456	50	0	500	500	500	500	500	0	
1.7999790899e+02	325	4	49	1	32	468	50	0	500	500	500	500	500	0	
1.8049725702e+02	324	5	49	1	43	457	50	0	500	500	500	500	500	0	
1.8099944737e+02	326	2	48	2	39	461	50	0	500	500	500	500	500	0	
1.8149720609e+02	326	2	47	3	32	468	50	0	500	500	500	500	500	0	
1.8199963387e+02	326	2	49	1	47	453	50	0	500	500	500	500	500	0	
1.8249693605e+02	326	1	51	0	37	463	50	0	500	500	500	500	500	0	
1.8299941514e+02	326	3	49	2	53	447	50	0	500	500	500	500	500	0	
1.8349530807e+02	328	1	49	1	44	456	50	0	500	500	500	500	500	0	
1.8399645046e+02	329	2	48	2	45	455	50	0	500	500	500	500	500	0	
1.8449071333e+02	329	2	49	1	28	472	50	0	500	500	500	500	500	0	
1.8499307959e+02	330	2	49	1	36	464	50	0	500	500	500	500	500	0	
1.8549543833e+02	329	2	49	0	33	467	50	0	500	500	500	500	500	0	
1.8599892190e+02	329	0	49	1	34	466	50	0	500	500	500	500	500	0	
1.8649888574e+02	329	0	50	0	27	473	50	0	500	500	500	500	500	0	
1.8699978832e+02	330	1	50	0	31	469	50	0	500	500	500	500	500	0	
1.8749645700e+02	329	1	51	0	33	467	50	0	500	500	500	500	500	0	
1.8799928530e+02	330	0	49	2	39	461	50	0	500	500	500	500	500	0	
1.8849974014e+02	329	0	51	1	34	466	50	0	500	500	500	500	500	0	
1.8899937584e+02	329	1	51	1	37	463	50	0	500	500	500	500	500	0	
1.8948771232e+02	329	1	51	1	24	476	50	0	500	500	500	500	500	0	
1.8999636264e+02	330	2	50	2	23	477	50	0	500	500	500	500	500	0	
1.9049895353e+02	330	2	52	0	28	472	50	0	500	500	500	500	500	0	
1.9099946750e+02	331	1	53	0	35	465	50	0	500	500	500	500	500	0	
1.9149785293e+02	331	1	53	0	30	470	50	0	500	500	500	500	500	0	
1.9199989723e+02	331	1	53	0	50	450	50	0	500	500	500	500	500	0	
1.9249985234e+02	331	1	52	1	55	445	50	0	500	500	500	500	500	0	
1.9299955653e+02	331	2	52	1	32	468	50	0	500	500	500	500	500	0	
1.9349992757e+02	330	4	52	2	44	456	50	0	500	500	500	500	500	0	
1.9399912226e+02	331	3	51	3	33	467	50	0	500	500	500	500	500	0	
1.9449819270e+02	331	3	50	4	32	468	50	0	500	500	500	500	500	0	
1.9499905453e+02	331	4	52	4	53	447	50	0	500	500	500	500	500	0	
1.9549852992e+02	331	5	56	1	37	463	50	0	500	500	500	500	500	0	
1.9599851639e+02	330	7	55	3	30	470	50	0	500	500	500	500	500	0	
1.9649831070e+02	333	5	58	1	52	448	50	0	500	500	500	500	500	0	
1.9699886367e+02	334	5	57	2	47	453	50	0	500	500	500	500	500	0	
1.9749674855e+02	335	5	59	0	51	449	50	0	500	500	500	500	500	0	
1.9799984016e+02	335	7	54	4	53	447	50	0	500	500	500	500	500	0	
1.9849825319e+02	333	8	53	5	35	465	50	0	500	500	500	500	500	0	
1.9899959102e+02	335	7	56	3	37	463	50	0	500	500	500	500	500	0	
1.9949850931e+02	337	6	55	4	44	456	50	0	500	500	500	500	500	0	
1.9999952048e+02	335	7	55	4	42	458	50	0	500	500	500	500	500	0	
2.0049932268e+02	336	7	58	1	41	459	50	0	500	500	500	500	500	0	
2.0099448685e+02	338	6	57	2	33	467	50	0	500	500	500	500	500	0	
2.0149863835e+02	340	5	56	3	32	468	50	0	500	500	500	500	500	0	
2.0199988718e+02	339	7	55	4	33	467	50	0	500	500	500	500	500	0	
2.0249574114e+02	342	5	57	2	34	466	50	0	500	500	500	500	500	0	
2.0299873005e+02	345	3	56	3	48	452	50	0	500	500	500	500	500	0	
2.0349963038e+02	347	1	57	2	41	459	50	0	500	500	500	500	500	0	
2.0399326936e+02	347	2	57	2	49	451	50	0	500	500	500	500	500	0	
2.0449809328e+02	346	3	57	2	41	459	50	0	500	500	500	500	500	0	
2.0499776011e+02	346	3	56	3	28	472	50	0	500	500	500	500	500	0	
2.0549722817e+02	345	4	56	2	27	473	50	0	500	500	500	500	500	0	
2.0599818929e+02	346	3	51	7	35	465	50	0	500	500	500	500	500	0	
2.0649701021e+02	345	2	57	1	39	461	50	0	500	500	500	500	500	0	
2.0699925932e+02	346	3	57	1	41	459	50	0	500	500	500	500	500	0	
2.0748816067e+02	348	1	58	0	37	463	50	0	500	500	500	500	500	0	
2.0799914378e+02	348	3	55	4	35	465	50	0	500	500	500	500	500	0	
2.0849708473e+02	348	4	53	6	28	472	50	0	500	500	500	500	500	0	
2.0899880346e+02	348	5	57	2	34	466	50	0	500	500	500	500	500	0	
2.0949350552e+02	349	5	55	3	47	453	50	0	500	500	500	500	500	0	
2.0999916550e+02	349	7	57	1	24	476	50	0	500	500	500	500	500	0	
2.1049965986e+02	350	5	55	2	28	472	50	0	500	500	500	500	500	0	
2.1099600007e+02	350	5	54	1	26	474	50	0	500	500	500	500	500	0	
2.1149897214e+02	350	7	51	4	34	466	50	0	500	500	500	500	500	0	
2.1199991130e+02	352	5	53	3	34	466	50	0	500	500	500	500	500	0	
2.1249948595e+02	353	4	55	1	40	460	50	0	500	500	500	500	500	0	
2.1299864869e+02	354	4	54	2	37	463	50	0	500	500	500	500	500	0	
2.1349486465e+02	354	4	55	1	32	468	50	0	500	500	500	500	500	0	
2.1399717148e+02	353	5	52	3	42	458	50	0	500	500	500	500	500	0	
2.1449988546e+02	354	6	52	3	53	447	50	0	500	500	500	500	500	0	
2.1499788527e+02	355	5	53	3	54	446	50	0	500	500	500	500	500	0	
2.1549889043e+02	357	3	49	6	45	455	50	0	500	500	500	500	500	0	
2.1599924451e+02	359	4	48	7	37	463	50	0	500	500	500	500	500	0	
2.1649945209e+02	362	3	54	2	39	461	50	0	500	500	500	500	500	0	
2.1699969766e+02	362	3	54	2	50	450	50	0	500	500	500	500	500	0	
2.1749805397e+02	361	4	56	1	38	462	50	0	500	500	500	500	500	0	
2.1799596571e+02	360	4	51	6	29	471	50	0	500	500	500	500	500	0	
2.1849993517e+02	361	5	51	5	41	459	50	0	500	500	500	500	500	0	
2.1899992773e+02	361	4	53	2	45	455	50	0	500	500	500	500	500	0	
2.1949735729e+02	360	4	52	3	22	478	50	0	500	500	500	500	500	0	
2.1999918012e+02	361	4	51	4	37	463	50	0	500	500	500	500	500	0	
2.2049794035e+02	361	3	51	4	64	436	50	0	500	500	500	500	500	0	
2.2099612832e+02	362	4	52	2	55	445	50	0	500	500	500	500	500	0	
2.2149989219e+02	364	3	50	4	40	460	50	0	500	500	500	500	500	0	
2.2199776017e+02	365	2	55	0	38	462	50	0	500	500	500	500	500	0	
2.2249970973e+02	365	2	53	2	29	471	50	0	500	500	500	500	500	0	
2.2299926822e+02	365	2	53	2	35	465	50	0	500	500	500	500	500	0	
2.2349062133e+02	365	3	52	3	22	478	50	0	500	500	500	500	500	0	
2.2399977158e+02	365	4	51	2	30	470	50	0	500	500	500	500	500	0	
2.2449656838e+02	366	3	51	3	50	450	50	0	500	500	500	500	500	0	
2.2499195870e+02	367	3	48	6	32	468	50	0	500	500	500	500	500	0	
2.2549689824e+02	367	3	47	8	28	472	50	0	500	500	500	500	500	0	
2.2599829550e+02	367	3	51	5	43	457	50	0	500	500	500	500	500	0	
2.2649303295e+02	370	3	53	3	39	461	50	0	500	500	500	500	500	0	
2.2699950253e+02	368	3	54	3	36	464	50	0	500	500	500	500	500	0	
2.2749312923e+02	369	2	53	5	42	458	50	0	500	500	500	500	500	0	
2.2799702829e+02	370	3	51	6	56	444	50	0	500	500	500	500	500	0	
2.2849482651e+02	370	6	57	0	35	465	50	0	500	500	500	500	500	0	
2.2899440873e+02	371	5	56	1	39	461	50	0	500	500	500	500	500	0	
2.2949961340e+02	371	8	51	5	44	456	50	0	500	500	500	500	500	0	
2.2999777799e+02	370	11	51	5	31	469	50	0	500	500	500	500	500	0	
2.3049953928e+02	371	10	53	3	40	460	50	0	500	500	500	500	500	0	
2.3099740828e+02	373	7	54	2	37	463	50	0	500	500	500	500	500	0	
2.3149965355e+02	375	4	50	5	45	455	50	0	500	500	500	500	500	0	
2.3199557373e+02	374	4	52	3	39	461	50	0	500	500	500	500	500	0	
2.3249933707e+02	375	5	48	7	47	453	50	0	500	500	500	500	500	0	
2.3299024893e+02	377	4	51	4	51	449	50	0	500	500	500	500	500	0	
2.3349667453e+02	378	4	51	4	43	457	50	0	500	500	500	500	500	0	
2.3399560127e+02	380	3	49	3	43	457	50	0	500	500	500	500	500	0	
2.3449999306e+02	380	3	51	2	39	461	50	0	500	500	500	500	500	0	
2.3499541542e+02	381	2	49	3	33	467	50	0	500	500	500	500	500	0	
2.3549559368e+02	379	4	51	1	26	474	50	0	500	500	500	500	500	0	
2.3599457387e+02	379	5	48	4	34	466	50	0	500	500	500	500	500	0	
2.3649887268e+02	380	5	50	1	38	462	50	0	500	500	500	500	500	0	
2.3699319672e+02	382	4	50	0	39	461	50	0	500	500	500	500	500	0	
2.3749639350e+02	381	3	44	4	43	457	50	0	500	500	500	500	500	0	
2.3799968196e+02	381	3	43	3	48	452	50	0	500	500	500	500	500	0	
2.3849713205e+02	380	3	44	2	38	462	50	0	500	500	500	500	500	0	
2.3899867852e+02	379	4	45	1	40	460	50	0	500	500	500	500	500	0	
2.3949784621e+02	383	3	43	3	42	458	50	0	500	500	500	500	500	0	
2.3999897757e+02	384	3	44	2	35	465	50	0	500	500	500	500	500	0	
2.4049601186e+02	386	1	44	1	29	471	50	0	500	500	500	500	500	0	
2.4099807221e+02	388	3	43	0	43	457	50	0	500	500	500	500	500	0	
2.4149497589e+02	389	3	41	2	45	455	50	0	500	500	500	500	500	0	
2.4199993553e+02	389	4	43	0	32	468	50	0	500	500	500	500	500	0	
2.4249039506e+02	389	5	41	2	28	472	50	0	500	500	500	500	500	0	
2.4299908415e+02	388	8	37	6	25	475	50	0	500	500	500	500	500	0	
2.4349959775e+02	391	5	37	6	40	460	50	0	500	500	500	500	500	0	
2.4398688425e+02	390	6	39	4	35	465	50	0	500	500	500	500	500	0	
2.4449702268e+02	389	7	41	2	28	472	50	0	500	500	500	500	500	0	
2.4499597870e+02	390	7	40	3	34	466	50	0	500	500	500	500	500	0	
2.4549794314e+02	392	5	40	3	28	472	50	0	500	500	500	500	500	0	
2.4599843041e+02	391	7	38	6	45	455	50	0	500	500	500	500	500	0	
2.4649671743e+02	395	3	41	2	53	447	50	0	500	500	500	500	500	0	
2.4699941760e+02	396	2	42	3	42	458	50	0	500	500	500	500	500	0	
2.4749251346e+02	396	2	42	3	38	462	50	0	500	500	500	500	500	0	
2.4799934261e+02	395	2	43	1	37	463	50	0	500	500	500	500	500	0	
2.4849978157e+02	395	3	43	1	32	468	50	0	500	500	500	500	500	0	
2.4899909054e+02	395	4	41	3	39	461	50	0	500	500	500	500	500	0	
2.4949584241e+02	396	4	43	2	45	455	50	0	500	500	500	500	500	0	
2.4999655300e+02	397	3	43	2	36	464	50	0	500	500	500	500	500	0	
2.5049614848e+02	398	4	41	5	40	460	50	0	500	500	500	500	500	0	
2.5099521863e+02	398	6	39	7	35	465	50	0	500	500	500	500	500	0	
2.5149909474e+02	399	5	42	4	28	472	50	0	500	500	500	500	500	0	
2.5199738802e+02	400	6	45	2	51	449	50	0	500	500	500	500	500	0	
2.5249571420e+02	403	5	43	3	42	458	50	0	500	500	500	500	500	0	
2.5299796766e+02	407	4	41	5	48	452	50	0	500	500	500	500	500	0	
2.5349610355e+02	409	3	41	5	48	452	50	0	500	500	500	500	500	0	
2.5399951230e+02	411	2	43	3	36	464	50	0	500	500	500	500	500	0	
2.5449340127e+02	412	1	46	0	35	465	50	0	500	500	500	500	500	0	
2.5499508388e+02	412	1	45	1	62	438	50	0	500	500	500	500	500	0	
2.5549629982e+02	412	3	44	1	37	463	50	0	500	500	500	500	500	0	
2.5599331808e+02	413	2	39	5	35	465	50	0	500	500	500	500	500	0	
2.5649890656e+02	413	6	39	5	53	447	50	0	500	500	500	500	500	0	
2.5699920684e+02	415	6	38	5	35	465	50	0	500	500	500	500	500	0	
2.5749952423e+02	416	7	40	1	32	468	50	0	500	500	500	500	500	0	
2.5799183297e+02	415	6	38	5	29	471	50	0	500	500	500	500	500	0	
2.5849748607e+02	417	5	34	9	35	465	50	0	500	500	500	500	500	0	
2.5899701204e+02	419	3	39	4	23	477	50	0	500	500	500	500	500	0	
2.5949677473e+02	422	2	38	5	33	467	50	0	500	500	500	500	500	0	
2.5998521529e+02	422	2	43	1	34	466	50	0	500	500	500	500	500	0	
2.6049982273e+02	423	1	42	1	26	474	50	0	500	500	500	500	500	0	
2.6099391311e+02	424	1	41	2	36	464	50	0	500	500	500	500	500	0	
2.6149990730e+02	424	0	43	0	35	465	50	0	500	500	500	500	500	0	
2.6199829313e+02	423	0	41	2	32	468	50	0	500	500	500	500	500	0	
2.6249764579e+02	422	1	40	3	25	475	50	0	500	500	500	500	500	0	
2.6299656846e+02	422	2	39	4	33	467	50	0	500	500	500	500	500	0	
2.6349392068e+02	421	3	40	3	47	453	50	0	500	500	500	500	500	0	
2.6399823033e+02	420	3	38	4	55	445	50	0	500	500	500	500	500	0	
2.6449886105e+02	419	4	37	4	54	446	50	0	500	500	500	500	500	0	
2.6499568981e+02	422	3	40	1	41	459	50	0	500	500	500	500	500	0	
2.6549562073e+02	421	4	40	1	50	450	50	0	500	500	500	500	500	0	
2.6599311926e+02	421	4	40	1	41	459	50	0	500	500	500	500	500	0	
2.6649835491e+02	420	5	36	5	39	461	50	0	500	500	500	500	500	0	
2.6699931771e+02	421	4	37	5	40	460	50	0	500	500	500	500	500	0	
2.6749938289e+02	423	3	42	1	38	462	50	0	500	500	500	500	500	0	
2.6799868174e+02	424	4	40	3	37	463	50	0	500	500	500	500	500	0	
2.6849805027e+02	428	1	42	1	48	452	50	0	500	500	500	500	500	0	
2.6899749367e+02	428	1	42	1	38	462	50	0	500	500	500	500	500	0	
2.6949960259e+02	427	1	41	3	41	459	50	0	500	500	500	500	500	0	
2.6999479414e+02	428	1	41	3	50	450	50	0	500	500	500	500	500	0	
2.7049939290e+02	427	2	42	2	46	454	50	0	500	500	500	500	500	0	
2.7099818052e+02	425	3	40	4	44	456	50	0	500	500	500	500	500	0	
2.7149869831e+02	424	3	43	1	43	457	50	0	500	500	500	500	500	0	
2.7199821373e+02	424	3	41	3	40	460	50	0	500	500	500	500	500	0	
2.7249910798e+02	425	2	44	0	38	462	50	0	500	500	500	500	500	0	
2.7299801290e+02	426	2	44	0	46	454	50	0	500	500	500	500	500	0	
2.7349933033e+02	426	2	42	2	36	464	50	0	500	500	500	500	500	0	
2.7399847841e+02	424	5	40	4	37	463	50	0	500	500	500	500	500	0	
2.7449702746e+02	426	3	43	1	35	465	50	0	500	500	500	500	500	0	
2.7499859925e+02	425	3	42	1	45	455	50	0	500	500	500	500	500	0	
2.7549955590e+02	424	3	39	4	52	448	50	0	500	500	500	500	500	0	
2.7599636441e+02	424	4	42	1	42	458	50	0	500	500	500	500	500	0	
2.7649799240e+02	425	5	39	4	48	452	50	0	500	500	500	500	500	0	
2.7699644464e+02	426	5	43	0	36	464	50	0	500	500	500	500	500	0	
2.7749967868e+02	427	4	40	4	47	453	50	0	500	500	500	500	500	0	
2.7799748361e+02	427	5	40	4	45	455	50	0	500	500	500	500	500	0	
2.7849660169e+02	428	4	39	5	39	461	50	0	500	500	500	500	500	0	
2.7899830608e+02	428	4	43	2	24	476	50	0	500	500	500	500	500	0	
2.7949883700e+02	428	5	42	3	24	476	50	0	500	500	500	500	500	0	
2.7999917777e+02	429	3	42	3	42	458	50	0	500	500	500	500	500	0	
2.8049957608e+02	430	2	44	1	40	460	50	0	500	500	500	500	500	0	
2.8099897948e+02	430	2	42	3	42	458	50	0	500	500	500	500	500	0	
2.8149785112e+02	430	1	42	3	33	467	50	0	500	500	500	500	500	0	
2.8199713537e+02	429	2	44	1	43	457	50	0	500	500	500	500	500	0	
2.8249600502e+02	429	2	42	3	39	461	50	0	500	500	500	500	500	0	
2.8299909960e+02	430	5	39	6	39	461	50	0	500	500	500	500	500	0	
2.8349793318e+02	427	7	37	9	47	453	50	0	500	500	500	500	500	0	
2.8399743712e+02	427	7	42	4	41	459	50	0	500	500	500	500	500	0	
2.8449781998e+02	429	6	42	4	62	438	50	0	500	500	500	500	500	0	
2.8499985039e+02	430	4	45	1	42	458	50	0	500	500	500	500	500	0	
2.8549888057e+02	430	3	45	0	35	465	50	0	500	500	500	500	500	0	
2.8599924218e+02	431	2	42	2	36	464	50	0	500	500	500	500	500	0	
2.8649512772e+02	432	1	41	3	42	458	50	0	500	500	500	500	500	0	
2.8699317955e+02	431	2	39	4	28	472	50	0	500	500	500	500	500	0	
2.8749825203e+02	428	3	38	5	34	466	50	0	500	500	500	500	500	0	
2.8799661581e+02	429	2	40	5	41	459	50	0	500	500	500	500	500	0	
2.8849665874e+02	428	1	44	2	47	453	50	0	500	500	500	500	500	0	
2.8899873056e+02	429	0	45	1	29	471	50	0	500	500	500	500	500	0	
2.8949878233e+02	429	1	43	3	46	454	50	0	500	500	500	500	500	0	
2.8999918348e+02	429	1	44	2	66	434	50	0	500	500	500	500	500	0	
2.9049786057e+02	430	1	43	3	48	452	50	0	500	500	500	500	500	0	
2.9099970330e+02	431	1	41	5	43	457	50	0	500	500	500	500	500	0	
2.9149637309e+02	432	0	41	5	28	472	50	0	500	500	500	500	500	0	
2.9199872619e+02	432	0	44	2	37	463	50	0	500	500	500	500	500	0	
2.9249996401e+02	432	0	44	2	34	466	50	0	500	500	500	500	500	0	
2.9299997619e+02	432	1	47	0	39	461	50	0	500	500	500	500	500	0	
2.9349982734e+02	432	2	46	2	29	471	50	0	500	500	500	500	500	0	
2.9399515934e+02	432	3	46	2	35	465	50	0	500	500	500	500	500	0	
2.9449900516e+02	432	4	45	2	38	462	50	0	500	500	500	500	500	0	
2.9499178510e+02	431	5	46	1	44	456	50	0	500	500	500	500	500	0	
2.9549827148e+02	432	5	46	1	49	451	50	0	500	500	500	500	500	0	
2.9599901507e+02	433	4	43	3	41	459	50	0	500	500	500	500	500	0	
2.9649941323e+02	433	4	45	1	48	452	50	0	500	500	500	500	500	0	
2.9699723705e+02	435	3	41	5	50	450	50	0	500	500	500	500	500	0	
2.9749283772e+02	435	3	41	6	42	458	50	0	500	500	500	500	500	0	
2.9799695872e+02	435	6	44	3	35	465	50	0	500	500	500	500	500	0	
2.9849701650e+02	435	5	44	3	33	467	50	0	500	500	500	500	500	0	
2.9899776618e+02	435	6	41	6	37	463	50	0	500	500	500	500	500	0	
2.9949513008e+02	437	5	45	2	42	458	50	0	500	500	500	500	500	0	
2.9999987255e+02	438	4	41	7	29	471	50	0	500	500	500	500	500	0	
3.0049726816e+02	438	4	40	8	38	462	50	0	500	500	500	500	500	0	
3.0099891869e+02	438	5	42	6	46	454	50	0	500	500	500	500	500	0	
3.0149709171e+02	439	5	44	4	42	458	50	0	500	500	500	500	500	0	
3.0199951684e+02	443	2	44	4	42	458	50	0	500	500	500	500	500	0	
3.0249831941e+02	443	2	43	5	33	467	50	0	500	500	500	500	500	0	
3.0299547085e+02	443	2	47	2	34	466	50	0	500	500	500	500	500	0	
3.0349599608e+02	444	2	44	4	33	467	50	0	500	500	500	500	500	0	
3.0399992155e+02	444	2	46	1	39	461	50	0	500	500	500	500	500	0	
3.0449836770e+02	445	3	46	1	24	476	50	0	500	500	500	500	500	0	
3.0499996209e+02	447	3	43	4	35	465	50	0	500	500	500	500	500	0	
3.0549460965e+02	446	3	44	3	43	457	50	0	500	500	500	500	500	0	
3.0599427647e+02	447	2	46	1	37	463	50	0	500	500	500	500	500	0	
3.0649873402e+02	448	4	46	1	40	460	50	0	500	500	500	500	500	0	
3.0699906287e+02	445	5	45	1	25	475	50	0	500	500	500	500	500	0	
3.0749946937e+02	446	6	43	3	45	455	50	0	500	500	500	500	500	0	
3.0799469167e+02	446	6	42	4	37	463	50	0	500	500	500	500	500	0	
3.0849891249e+02	449	4	42	4	36	464	50	0	500	500	500	500	500	0	
3.0899876172e+02	448	5	45	1	31	469	50	0	500	500	500	500	500	0	
3.0949914816e+02	449	5	42	5	35	465	50	0	500	500	500	500	500	0	
3.0999818728e+02	451	3	45	1	29	471	50	0	500	500	500	500	500	0	
3.1049598359e+02	450	4	45	0	37	463	50	0	500	500	500	500	500	0	
3.1099939595e+02	451	2	42	3	30	470	50	0	500	500	500	500	500	0	
3.1149764335e+02	453	2	43	1	40	460	50	0	500	500	500	500	500	0	
3.1199967590e+02	451	3	42	2	48	452	50	0	500	500	500	500	500	0	
3.1249634292e+02	451	5	42	2	38	462	50	0	500	500	500	500	500	0	
3.1299967092e+02	452	4	43	1	41	459	50	0	500	500	500	500	500	0	
3.1349942108e+02	452	6	41	3	48	452	50	0	500	500	500	500	500	0	
3.1399902617e+02	452	6	44	0	46	454	50	0	500	500	500	500	500	0	
3.1449904855e+02	453	6	39	6	44	456	50	0	500	500	500	500	500	0	
3.1499289810e+02	454	7	37	8	40	460	50	0	500	500	500	500	500	0	
3.1549968483e+02	457	7	41	4	47	453	50	0	500	500	500	500	500	0	
3.1599849069e+02	458	7	43	1	44	456	50	0	500	500	500	500	500	0	
3.1649970178e+02	459	6	42	3	49	451	50	0	500	500	500	500	500	0	
3.1699404910e+02	457	9	42	2	57	443	50	0	500	500	500	500	500	0	
3.1749866243e+02	460	5	43	1	58	442	50	0	500	500	500	500	500	0	
3.1799874575e+02	464	2	43	1	46	454	50	0	500	500	500	500	500	0	
3.1849945905e+02	464	2	40	4	43	457	50	0	500	500	500	500	500	0	
3.1899960040e+02	464	2	41	3	43	457	50	0	500	500	500	500	500	0	
3.1949994938e+02	465	2	43	2	48	452	50	0	500	500	500	500	500	0	
3.1999711537e+02	466	1	42	3	37	463	50	0	500	500	500	500	500	0	
3.2049318632e+02	466	1	45	0	33	467	50	0	500	500	500	500	500	0	
3.2099860139e+02	467	0	44	1	38	462	50	0	500	500	500	500	500	0	
3.2149827498e+02	466	1	42	3	37	463	50	0	500	500	500	500	500	0	
3.2199996244e+02	465	2	44	2	47	453	50	0	500	500	500	500	500	0	
3.2249846807e+02	465	2	43	1	31	469	50	0	500	500	500	500	500	0	
3.2299928955e+02	466	2	42	2	41	459	50	0	500	500	500	500	500	0	
3.2349716104e+02	466	3	42	2	49	451	50	0	500	500	500	500	500	0	
3.2399996957e+02	466	5	40	4	58	442	50	0	500	500	500	500	500	0	
3.2449771149e+02	469	3	39	5	40	460	50	0	500	500	500	500	500	0	
3.2499787180e+02	469	3	41	2	57	443	50	0	500	500	500	500	500	0	
3.2549932639e+02	471	2	41	2	49	451	50	0	500	500	500	500	500	0	
3.2599948288e+02	472	1	42	1	44	456	50	0	500	500	500	500	500	0	
3.2649839012e+02	472	1	41	1	45	455	50	0	500	500	500	500	500	0	
3.2699728928e+02	472	1	41	1	54	446	50	0	500	500	500	500	500	0	
3.2749847190e+02	471	2	40	2	46	454	50	0	500	500	500	500	500	0	
3.2799677534e+02	473	1	42	1	47	453	50	0	500	500	500	500	500	0	
3.2849601890e+02	473	2	41	2	42	458	50	0	500	500	500	500	500	0	
3.2899962543e+02	473	3	42	0	30	470	50	0	500	500	500	500	500	0	
3.2949685581e+02	474	3	40	2	41	459	50	0	500	500	500	500	500	0	
3.2999801761e+02	475	2	36	6	40	460	50	0	500	500	500	500	500	0	
3.3049905907e+02	475	3	39	2	56	444	50	0	500	500	500	500	500	0	
3.3099892063e+02	475	4	41	0	46	454	50	0	500	500	500	500	500	0	
3.3149896165e+02	476	3	39	3	37	463	50	0	500	500	500	500	500	0	
3.3199951637e+02	477	3	40	2	31	469	50	0	500	500	500	500	500	0	
3.3249579058e+02	477	3	41	2	29	471	50	0	500	500	500	500	500	0	
3.3299962485e+02	476	4	40	2	39	461	50	0	500	500	500	500	500	0	
3.3349838669e+02	476	5	39	3	30	470	50	0	500	500	500	500	500	0	
3.3399776617e+02	477	4	40	3	31	469	50	0	500	500	500	500	500	0	
3.3449870192e+02	479	3	41	3	45	455	50	0	500	500	500	500	500	0	
3.3499927812e+02	478	5	40	4	45	455	50	0	500	500	500	500	500	0	
3.3549987285e+02	481	2	42	2	42	458	50	0	500	500	500	500	500	0	
3.3599978496e+02	482	1	40	4	39	461	50	0	500	500	500	500	500	0	
3.3649974373e+02	481	3	37	7	41	459	50	0	500	500	500	500	500	0	
3.3699953049e+02	482	4	40	5	46	454	50	0	500	500	500	500	500	0	
3.3749939081e+02	483	2	44	1	38	462	50	0	500	500	500	500	500	0	
3.3799960688e+02	484	5	44	1	50	450	50	0	500	500	500	500	500	0	
3.3849923061e+02	486	3	44	1	53	447	50	0	500	500	500	500	500	0	
3.3899996012e+02	488	2	41	4	47	453	50	0	500	500	500	500	500	0	
3.3949869773e+02	488	3	43	3	41	459	50	0	500	500	500	500	500	0	
3.3999994375e+02	488	5	42	4	39	461	50	0	500	500	500	500	500	0	
3.4049893996e+02	486	7	44	3	41	459	50	0	500	500	500	500	500	0	
3.4099716816e+02	487	8	44	3	29	471	50	0	500	500	500	500	500	0	
3.4149969362e+02	490	6	44	3	38	462	50	0	500	500	500	500	500	0	
3.4199708375e+02	491	5	44	2	49	451	50	0	500	500	500	500	500	0	
3.4249990219e+02	492	4	43	3	53	447	50	0	500	500	500	500	500	0	
3.4299649214e+02	492	3	45	1	28	472	50	0	500	500	500	500	500	0	
3.4349461797e+02	492	3	45	1	32	468	50	0	500	500	500	500	500	0	
3.4399708162e+02	494	2	43	3	34	466	50	0	500	500	500	500	500	0	
3.4449823228e+02	494	4	44	2	37	463	50	0	500	500	500	500	500	0	
3.4499548554e+02	494	5	43	2	48	452	50	0	500	500	500	500	500	0	
3.4549976807e+02	496	3	39	4	34	466	50	0	500	500	500	500	500	0	
3.4599374483e+02	494	4	37	6	32	468	50	0	500	500	500	500	500	0	
3.4649423397e+02	493	6	37	6	34	466	50	0	500	500	500	500	500	0	
3.4699733258e+02	494	5	42	3	34	466	50	0	500	500	500	500	500	0	
3.4749834637e+02	493	5	42	3	40	460	50	0	500	500	500	500	500	0	
3.4799912930e+02	495	5	43	2	29	471	50	0	500	500	500	500	500	0	
3.4849462731e+02	496	3	43	2	32	468	50	0	500	500	500	500	500	0	
3.4899139216e+02	495	4	40	5	32	468	50	0	500	500	500	500	500	0	
3.4949914764e+02	494	3	40	4	20	480	50	0	500	500	500	500	500	0	
3.4999531780e+02	495	2	42	2	51	449	50	0	500	500	500	500	500	0	
3.5049606705e+02	494	3	41	4	35	465	50	0	500	500	500	500	500	0	
3.5099819901e+02	494	5	42	3	30	470	50	0	500	500	500	500	500	0	
3.5149865478e+02	499	2	42	3	37	463	50	0	500	500	500	500	500	0	
3.5199581044e+02	499	2	40	5	37	463	50	0	500	500	500	500	500	0	
3.5249893141e+02	498	3	43	2	44	456	50	0	500	500	500	500	500	0	
3.5299998995e+02	499	4	40	6	38	462	50	0	500	500	500	500	500	0	
3.5349447746e+02	498	5	40	6	41	459	50	0	500	500	500	500	500	0	
3.5399447359e+02	500	4	37	8	35	465	50	0	500	500	500	500	500	0	
3.5449875610e+02	498	6	41	5	43	457	50	0	500	500	500	500	500	0	
3.5499909183e+02	498	6	42	4	38	462	50	0	500	500	500	500	500	0	
3.5549993959e+02	500	5	41	6	36	464	50	0	500	500	500	500	500	0	
3.5599757150e+02	499	7	45	2	35	465	50	0	500	500	500	500	500	0	
3.5649933343e+02	499	6	45	3	59	441	50	0	500	500	500	500	500	0	
3.5699659312e+02	498	8	42	6	45	455	50	0	500	500	500	500	500	0	
3.5749999710e+02	498	7	43	5	50	450	50	0	500	500	500	500	500	0	
3.5799851254e+02	499	5	45	3	37	463	50	0	500	500	500	500	500	0	
3.5849972861e+02	499	6	47	1	45	455	50	0	500	500	500	500	500	0	
3.5899989527e+02	499	6	44	3	43	457	50	0	500	500	500	500	500	0	
3.5948991653e+02	499	7	45	2	50	450	50	0	500	500	500	500	500	0	
3.5998666097e+02	499	6	42	5	46	454	50	0	500	500	500	500	500	0	
3.6049775007e+02	497	7	45	3	59	441	50	0	500	500	500	500	500	0	
3.6099758742e+02	498	6	43	5	25	475	50	0	500	500	500	500	500	0	
3.6149991467e+02	496	6	45	3	49	451	50	0	500	500	500	500	500	0	
3.6199910570e+02	500	3	48	1	41	459	50	0	500	500	500	500	500	0	
3.6249694399e+02	500	4	47	2	33	467	50	0	500	500	500	500	500	0	
3.6299870421e+02	501	3	46	2	48	452	50	0	500	500	500	500	500	0	
3.6349746396e+02	503	1	45	3	42	458	50	0	500	500	500	500	500	0	
3.6399902327e+02	503	1	46	2	24	476	50	0	500	500	500	500	500	0	
3.6449845140e+02	503	1	43	4	34	466	50	0	500	500	500	500	500	0	
3.6499977138e+02	503	3	46	3	42	458	50	0	500	500	500	500	500	0	
3.6549495123e+02	504	3	47	2	44	456	50	0	500	500	500	500	500	0	
3.6599830382e+02	506	1	49	1	55	445	50	0	500	500	500	500	500	0	
3.6649776894e+02	505	2	48	2	46	454	50	0	500	500	500	500	500	0	
3.6699976364e+02	503	3	47	3	47	453	50	0	500	500	500	500	500	0	
3.6749959446e+02	505	1	44	6	33	467	50	0	500	500	500	500	500	0	
3.6799963801e+02	503	3	49	2	31	469	50	0	500	500	500	500	500	0	
3.6849708586e+02	504	4	48	3	22	478	50	0	500	500	500	500	500	0	
3.6899806997e+02	507	1	51	1	27	473	50	0	500	500	500	500	500	0	
3.6949894647e+02	507	1	52	0	36	464	50	0	500	500	500	500	500	0	
3.6999785688e+02	508	0	49	3	39	461	50	0	500	500	500	500	500	0	
3.7049600706e+02	506	2	50	2	35	465	50	0	500	500	500	500	500	0	
3.7099885293e+02	508	1	53	1	33	467	50	0	500	500	500	500	500	0	
3.7149918729e+02	507	3	52	1	39	461	50	0	500	500	500	500	500	0	
3.7199563384e+02	507	4	49	4	32	468	50	0	500	500	500	500	500	0	
3.7249534438e+02	504	6	49	4	27	473	50	0	500	500	500	500	500	0	
3.7299881237e+02	505	7	47	6	47	453	50	0	500	500	500	500	500	0	
3.7349883980e+02	505	7	46	7	34	466	50	0	500	500	500	500	500	0	
3.7399952522e+02	504	8	49	5	60	440	50	0	500	500	500	500	500	0	
3.7449870836e+02	506	7	47	6	49	451	50	0	500	500	500	500	500	0	
3.7499888995e+02	508	6	52	1	55	445	50	0	500	500	500	500	500	0	
3.7549694446e+02	506	6	50	4	38	462	50	0	500	500	500	500	500	0	
3.7599878453e+02	505	7	52	1	27	473	50	0	500	500	500	500	500	0	
3.7649928445e+02	507	4	49	3	28	472	50	0	500	500	500	500	500	0	
3.7699820732e+02	508	4	47	5	40	460	50	0	500	500	500	500	500	0	
3.7749933212e+02	508	3	45	6	33	467	50	0	500	500	500	500	500	0	
3.7799431119e+02	508	4	44	7	46	454	50	0	500	500	500	500	500	0	
3.7849964454e+02	510	2	47	4	27	473	50	0	500	500	500	500	500	0	
3.7899848284e+02	509	2	50	1	38	462	50	0	500	500	500	500	500	0	
3.7949480718e+02	506	6	52	0	36	464	50	0	500	500	500	500	500	0	
3.7999526639e+02	510	3	51	1	45	455	50	0	500	500	500	500	500	0	
3.8049881970e+02	510	5	50	3	37	463	50	0	500	500	500	500	500	0	
3.8099568926e+02	509	4	49	4	40	460	50	0	500	500	500	500	500	0	
3.8149773992e+02	510	2	49	4	39	461	50	0	500	500	500	500	500	0	
3.8199404178e+02	509	2	51	2	28	472	50	0	500	500	500	500	500	0	
3.8249962868e+02	509	4	51	3	36	464	50	0	500	500	500	500	500	0	
3.8299983338e+02	510	5	50	4	43	457	50	0	500	500	500	500	500	0	
3.8349973088e+02	512	3	51	3	37	463	50	0	500	500	500	500	500	0	
3.8399948720e+02	511	4	53	1	43	457	50	0	500	500	500	500	500	0	
3.8449509354e+02	510	4	51	3	32	468	50	0	500	500	500	500	500	0	
3.8499967925e+02	511	6	51	3	37	463	50	0	500	500	500	500	500	0	
3.8549466080e+02	511	7	52	2	42	458	50	0	500	500	500	500	500	0	
3.8599931335e+02	512	6	45	8	43	457	50	0	500	500	500	500	500	0	
3.8649224449e+02	511	7	47	7	26	474	50	0	500	500	500	500	500	0	
3.8698557408e+02	511	6	48	6	29	471	50	0	500	500	500	500	500	0	
3.8749953069e+02	515	2	51	2	40	460	50	0	500	500	500	500	500	0	
3.8799847712e+02	515	4	52	2	41	459	50	0	500	500	500	500	500	0	
3.8849920994e+02	516	3	49	4	41	459	50	0	500	500	500	500	500	0	
3.8899969828e+02	515	4	51	2	28	472	50	0	500	500	500	500	500	0	
3.8949977835e+02	516	4	50	3	52	448	50	0	500	500	500	500	500	0	
3.8999921635e+02	516	5	49	5	48	452	50	0	500	500	500	500	500	0	
3.9049693796e+02	514	7	50	4	49	451	50	0	500	500	500	500	500	0	
3.9099933882e+02	516	7	54	0	40	460	50	0	500	500	500	500	500	0	
3.9149760288e+02	517	5	50	2	40	460	50	0	500	500	500	500	500	0	
3.9199976898e+02	518	6	46	6	28	472	50	0	500	500	500	500	500	0	
3.9249840642e+02	518	6	45	6	32	468	50	0	500	500	500	500	500	0	
3.9299798747e+02	517	10	46	5	27	473	50	0	500	500	500	500	500	0	
3.9349458482e+02	521	6	47	3	35	465	50	0	500	500	500	500	500	0	
3.9399964109e+02	522	6	47	3	51	449	50	0	500	500	500	500	500	0	
3.9449153967e+02	523	5	44	6	32	468	50	0	500	500	500	500	500	0	
3.9499738793e+02	522	7	48	1	25	475	50	0	500	500	500	500	500	0	
3.9549597246e+02	526	3	46	2	38	462	50	0	500	500	500	500	500	0	
3.9599989365e+02	524	3	46	3	37	463	50	0	500	500	500	500	500	0	
3.9648749023e+02	524	3	47	2	45	455	50	0	500	500	500	500	500	0	
3.9699908581e+02	524	3	48	1	50	450	50	0	500	500	500	500	500	0	
3.9749928558e+02	525	2	47	3	35	465	50	0	500	500	500	500	500	0	
3.9799983177e+02	523	3	45	5	46	454	50	0	500	500	500	500	500	0	
3.9849734346e+02	522	2	47	2	51	449	50	0	500	500	500	500	500	0	
3.9899752671e+02	523	1	48	1	37	463	50	0	500	500	500	500	500	0	
3.9949750834e+02	521	2	47	2	47	453	50	0	500	500	500	500	500	0	
3.9999707807e+02	520	3	48	1	64	436	50	0	500	500	500	500	500	0	
4.0049947430e+02	520	3	47	2	47	453	50	0	500	500	500	500	500	0	
4.0099211252e+02	521	3	45	4	34	466	50	0	500	500	500	500	500	0	
4.0149796944e+02	520	4	46	3	39	461	50	0	500	500	500	500	500	0	
4.0199961085e+02	520	4	47	2	35	465	50	0	500	500	500	500	500	0	
4.0249994645e+02	522	3	46	2	37	463	50	0	500	500	500	500	500	0	
4.0299537979e+02	523	5	45	2	36	464	50	0	500	500	500	500	500	0	
4.0349723105e+02	523	5	44	2	55	445	50	0	500	500	500	500	500	0	
4.0399873549e+02	524	8	43	4	42	458	50	0	500	500	500	500	500	0	
4.0448527369e+02	527	5	44	3	45	455	50	0	500	500	500	500	500	0	
4.0499789863e+02	527	5	45	3	48	452	50	0	500	500	500	500	500	0	
4.0549904045e+02	526	7	42	6	40	460	50	0	500	500	500	500	500	0	
4.0599818975e+02	527	6	39	8	41	459	50	0	500	500	500	500	500	0	
4.0649676540e+02	525	7	42	4	43	457	50	0	500	500	500	500	500	0	
4.0699893225e+02	529	3	41	6	56	444	50	0	500	500	500	500	500	0	
4.0749257581e+02	530	3	40	8	48	452	50	0	500	500	500	500	500	0	
4.0799983532e+02	528	4	42	6	58	442	50	0	500	500	500	500	500	0	
4.0849913454e+02	528	4	45	2	66	434	50	0	500	500	500	500	500	0	
4.0899615243e+02	531	6	47	0	44	456	50	0	500	500	500	500	500	0	
4.0949945281e+02	532	7	46	1	46	454	50	0	500	500	500	500	500	0	
4.0999946361e+02	534	5	47	0	38	462	50	0	500	500	500	500	500	0	
4.1049958458e+02	532	8	44	2	34	466	50	0	500	500	500	500	500	0	
4.1099750927e+02	533	6	40	7	57	443	50	0	500	500	500	500	500	0	
4.1149271647e+02	533	7	44	3	45	455	50	0	500	500	500	500	500	0	
4.1199959313e+02	537	4	47	0	49	451	50	0	500	500	500	500	500	0	
4.1249743560e+02	538	2	42	5	41	459	50	0	500	500	500	500	500	0	
4.1299726647e+02	539	1	43	4	43	457	50	0	500	500	500	500	500	0	
4.1349991146e+02	537	3	44	3	52	448	50	0	500	500	500	500	500	0	
4.1399259606e+02	535	4	43	5	39	461	50	0	500	500	500	500	500	0	
4.1449668524e+02	535	4	46	1	46	454	50	0	500	500	500	500	500	0	
4.1499777998e+02	539	5	45	2	39	461	50	0	500	500	500	500	500	0	
4.1549724414e+02	540	5	43	4	44	456	50	0	500	500	500	500	500	0	
4.1599897111e+02	539	6	44	3	44	456	50	0	500	500	500	500	500	0	
4.1649313458e+02	537	7	42	4	33	467	50	0	500	500	500	500	500	0	
4.1699860228e+02	539	5	41	5	32	468	50	0	500	500	500	500	500	0	
4.1749598412e+02	540	6	42	5	41	459	50	0	500	500	500	500	500	0	
4.1799786705e+02	541	7	40	6	30	470	50	0	500	500	500	500	500	0	
4.1849878125e+02	541	7	42	4	35	465	50	0	500	500	500	500	500	0	
4.1899993789e+02	544	6	43	2	42	458	50	0	500	500	500	500	500	0	
4.1949904070e+02	547	3	40	5	46	454	50	0	500	500	500	500	500	0	
4.1999961766e+02	546	3	43	2	48	452	50	0	500	500	500	500	500	0	
4.2049951756e+02	544	5	42	2	34	466	50	0	500	500	500	500	500	0	
4.2099444092e+02	545	5	42	2	45	455	50	0	500	500	500	500	500	0	
4.2149753835e+02	546	6	42	2	55	445	50	0	500	500	500	500	500	0	
4.2199837051e+02	547	5	40	4	43	457	50	0	500	500	500	500	500	0	
4.2249517817e+02	547	6	42	3	27	473	50	0	500	500	500	500	500	0	
4.2299974537e+02	547	6	39	5	39	461	50	0	500	500	500	500	500	0	
4.2349948308e+02	548	7	40	4	48	452	50	0	500	500	500	500	500	0	
4.2399986378e+02	549	7	38	6	49	451	50	0	500	500	500	500	500	0	
4.2449646609e+02	554	4	39	5	30	470	50	0	500	500	500	500	500	0	
4.2499797580e+02	556	3	41	3	34	466	50	0	500	500	500	500	500	0	
4.2549946912e+02	556	5	40	4	41	459	50	0	500	500	500	500	500	0	
4.2599977253e+02	554	7	41	3	53	447	50	0	500	500	500	500	500	0	
4.2649920810e+02	557	4	42	2	24	476	50	0	500	500	500	500	500	0	
4.2699640999e+02	559	5	38	5	40	460	50	0	500	500	500	500	500	0	
4.2749804637e+02	559	4	39	3	56	444	50	0	500	500	500	500	500	0	
4.2799969949e+02	558	4	40	1	44	456	50	0	500	500	500	500	500	0	
4.2849495572e+02	558	6	39	2	32	468	50	0	500	500	500	500	500	0	
4.2899959194e+02	557	7	39	3	28	472	50	0	500	500	500	500	500	0	
4.2949873723e+02	555	7	38	4	28	472	50	0	500	500	500	500	500	0	
4.2999960277e+02	554	9	40	2	26	474	50	0	500	500	500	500	500	0	
4.3049944510e+02	556	7	37	5	53	447	50	0	500	500	500	500	500	0	
4.3099883481e+02	555	9	36	6	50	450	50	0	500	500	500	500	500	0	
4.3149841781e+02	556	9	39	3	29	471	50	0	500	500	500	500	500	0	
4.3199603926e+02	561	5	39	3	37	463	50	0	500	500	500	500	500	0	
4.3249821957e+02	561	5	36	5	32	468	50	0	500	500	500	500	500	0	
4.3299744574e+02	559	8	35	6	27	473	50	0	500	500	500	500	500	0	
4.3349061634e+02	558	10	36	4	26	474	50	0	500	500	500	500	500	0	
4.3399827265e+02	559	10	33	6	42	458	50	0	500	500	500	500	500	0	
4.3449939491e+02	559	11	32	7	24	476	50	0	500	500	500	500	500	0	
4.3499828386e+02	561	8	31	8	38	462	50	0	500	500	500	500	500	0	
4.3549526516e+02	563	6	34	5	39	461	50	0	500	500	500	500	500	0	
4.3599842445e+02	562	6	37	3	41	459	50	0	500	500	500	500	500	0	
4.3649610298e+02	561	7	38	2	38	462	50	0	500	500	500	500	500	0	
4.3699573058e+02	558	9	34	6	44	456	50	0	500	500	500	500	500	0	
4.3749708915e+02	560	10	38	2	41	459	50	0	500	500	500	500	500	0	
4.3799941534e+02	562	7	38	3	50	450	50	0	500	500	500	500	500	0	
4.3849933832e+02	564	7	39	1	42	458	50	0	500	500	500	500	500	0	
4.3899099662e+02	569	4	30	10	27	473	50	0	500	500	500	500	500	0	
4.3949956655e+02	570	5	40	1	34	466	50	0	500	500	500	500	500	0	
4.3999941926e+02	571	5	36	4	44	456	50	0	500	500	500	500	500	0	
4.4049917520e+02	573	3	39	1	41	459	50	0	500	500	500	500	500	0	
4.4099911444e+02	573	3	39	0	50	450	50	0	500	500	500	500	500	0	
4.4149894323e+02	574	4	38	2	36	464	50	0	500	500	500	500	500	0	
4.4199849774e+02	575	4	36	4	29	471	50	0	500	500	500	500	500	0	
4.4249966869e+02	574	6	36	4	40	460	50	0	500	500	500	500	500	0	
4.4299928670e+02	575	7	37	3	46	454	50	0	500	500	500	500	500	0	
4.4349768027e+02	577	6	35	5	41	459	50	0	500	500	500	500	500	0	
4.4399983661e+02	578	8	37	3	32	468	50	0	500	500	500	500	500	0	
4.4449629956e+02	578	8	37	1	34	466	50	0	500	500	500	500	500	0	
4.4499419054e+02	581	6	34	4	30	470	50	0	500	500	500	500	500	0	
4.4549958641e+02	580	7	36	2	41	459	50	0	500	500	500	500	500	0	
4.4599879376e+02	582	5	35	3	38	462	50	0	500	500	500	500	500	0	
4.4649858133e+02	580	6	35	3	37	463	50	0	500	500	500	500	500	0	
4.4699898209e+02	581	5	37	2	51	449	50	0	500	500	500	500	500	0	
4.4749502426e+02	581	7	35	4	31	469	50	0	500	500	500	500	500	0	
4.4799943007e+02	582	8	37	3	29	471	50	0	500	500	500	500	500	0	
4.4849719440e+02	580	7	38	2	36	464	50	0	500	500	500	500	500	0	
4.4899932929e+02	580	8	36	4	34	466	50	0	500	500	500	500	500	0	
4.4949979744e+02	581	12	34	6	25	475	50	0	500	500	500	500	500	0	
4.4999850685e+02	582	12	37	4	50	450	50	0	500	500	500	500	500	0	
4.5049749244e+02	586	8	36	5	47	453	50	0	500	500	500	500	500	0	
4.5099032539e+02	587	6	40	2	56	444	50	0	500	500	500	500	500	0	
4.5149919940e+02	588	7	38	3	26	474	50	0	500	500	500	500	500	0	
4.5199130619e+02	588	8	39	2	39	461	50	0	500	500	500	500	500	0	
4.5249622281e+02	589	9	39	2	36	464	50	0	500	500	500	500	500	0	
4.5299587618e+02	591	9	35	6	35	465	50	0	500	500	500	500	500	0	
4.5349913113e+02	591	9	36	5	43	457	50	0	500	500	500	500	500	0	
4.5399556820e+02	591	10	38	3	25	475	50	0	500	500	500	500	500	0	
4.5449947557e+02	593	8	39	2	37	463	50	0	500	500	500	500	500	0	
4.5499779799e+02	593	7	34	8	43	457	50	0	500	500	500	500	500	0	
4.5549735004e+02	594	7	40	2	47	453	50	0	500	500	500	500	500	0	
4.5599708994e+02	598	3	38	4	37	463	50	0	500	500	500	500	500	0	
4.5649921438e+02	599	3	37	5	41	459	50	0	500	500	500	500	500	0	
4.5699356291e+02	602	0	42	1	30	470	50	0	500	500	500	500	500	0	
4.5749716235e+02	601	2	42	2	38	462	50	0	500	500	500	500	500	0	
4.5799908447e+02	600	3	43	1	38	462	50	0	500	500	500	500	500	0	
4.5849867576e+02	599	5	42	2	28	472	50	0	500	500	500	500	500	0	
4.5899825530e+02	597	6	41	2	33	467	50	0	500	500	500	500	500	0	
4.5949921496e+02	596	6	39	4	40	460	50	0	500	500	500	500	500	0	
4.5999704379e+02	596	5	37	5	44	456	50	0	500	500	500	500	500	0	
4.6049778825e+02	594	6	37	5	50	450	50	0	500	500	500	500	500	0	
4.6099949809e+02	596	4	39	4	45	455	50	0	500	500	500	500	500	0	
4.6149946549e+02	597	3	40	3	44	456	50	0	500	500	500	500	500	0	
4.6199483725e+02	594	7	40	3	46	454	50	0	500	500	500	500	500	0	
4.6249884145e+02	596	3	41	2	48	452	50	0	500	500	500	500	500	0	
4.6299248932e+02	596	2	41	2	33	467	50	0	500	500	500	500	500	0	
4.6349852588e+02	596	2	38	4	56	444	50	0	500	500	500	500	500	0	
4.6399660160e+02	594	5	37	5	44	456	50	0	500	500	500	500	500	0	
4.6449461943e+02	595	3	38	4	37	463	50	0	500	500	500	500	500	0	
4.6499713762e+02	595	2	36	6	37	463	50	0	500	500	500	500	500	0	
4.6549913023e+02	591	2	37	4	47	453	50	0	500	500	500	500	500	0	
4.6599465253e+02	590	3	36	5	42	458	50	0	500	500	500	500	500	0	
4.6649962075e+02	589	4	40	3	44	456	50	0	500	500	500	500	500	0	
4.6699929303e+02	590	4	40	2	25	475	50	0	500	500	500	500	500	0	
4.6749957665e+02	591	4	37	5	47	453	50	0	500	500	500	500	500	0	
4.6799475397e+02	592	3	38	4	37	463	50	0	500	500	500	500	500	0	
4.6849916542e+02	593	2	40	3	43	457	50	0	500	500	500	500	500	0	
4.6899930502e+02	592	7	39	3	33	467	50	0	500	500	500	500	500	0	
4.6949839265e+02	591	7	39	2	36	464	50	0	500	500	500	500	500	0	
4.6999844564e+02	590	7	34	7	49	451	50	0	500	500	500	500	500	0	
4.7049905467e+02	591	7	39	2	28	472	50	0	500	500	500	500	500	0	
4.7099865419e+02	595	6	39	2	42	458	50	0	500	500	500	500	500	0	
4.7149760948e+02	596	6	39	2	45	455	50	0	500	500	500	500	500	0	
4.7199948861e+02	595	7	36	6	39	461	50	0	500	500	500	500	500	0	
4.7249852392e+02	598	5	37	6	29	471	50	0	500	500	500	500	500	0	
4.7299984461e+02	597	6	40	4	48	452	50	0	500	500	500	500	500	0	
4.7349920732e+02	597	7	43	1	51	449	50	0	500	500	500	500	500	0	
4.7399931048e+02	598	5	43	1	51	449	50	0	500	500	500	500	500	0	
4.7449700385e+02	597	6	40	5	43	457	50	0	500	500	500	500	500	0	
4.7499887146e+02	595	9	42	4	38	462	50	0	500	500	500	500	500	0	
4.7549593894e+02	596	7	42	4	25	475	50	0	500	500	500	500	500	0	
4.7599882604e+02	594	9	42	3	31	469	50	0	500	500	500	500	500	0	
4.7649446356e+02	597	5	44	1	43	457	50	0	500	500	500	500	500	0	
4.7699921030e+02	597	6	43	2	41	459	50	0	500	500	500	500	500	0	
4.7749886634e+02	597	5	38	7	32	468	50	0	500	500	500	500	500	0	
4.7799869286e+02	598	4	39	6	36	464	50	0	500	500	500	500	500	0	
4.7849847383e+02	597	6	41	4	38	462	50	0	500	500	500	500	500	0	
4.7897433767e+02	597	7	40	5	35	465	50	0	500	500	500	500	500	0	
4.7949737659e+02	598	5	40	5	35	465	50	0	500	500	500	500	500	0	
4.7999859896e+02	600	4	37	8	38	462	50	0	500	500	500	500	500	0	
4.8049898213e+02	600	5	40	5	38	462	50	0	500	500	500	500	500	0	
4.8099908055e+02	601	4	42	2	53	447	50	0	500	500	500	500	500	0	
4.8149967197e+02	601	3	43	2	51	449	50	0	500	500	500	500	500	0	
4.8199948701e+02	599	2	44	0	35	465	50	0	500	500	500	500	500	0	
4.8249553992e+02	598	3	43	2	43	457	50	0	500	500	500	500	500	0	
4.8299779932e+02	598	5	41	5	39	461	50	0	500	500	500	500	500	0	
4.8348797176e+02	597	8	39	7	36	464	50	0	500	500	500	500	500	0	
4.8399990208e+02	600	5	42	4	41	459	50	0	500	500	500	500	500	0	
4.8449348558e+02	601	6	41	5	48	452	50	0	500	500	500	500	500	0	
4.8499989592e+02	601	6	40	6	41	459	50	0	500	500	500	500	500	0	
4.8549669510e+02	599	7	41	4	48	452	50	0	500	500	500	500	500	0	
4.8599942984e+02	599	8	41	4	53	447	50	0	500	500	500	500	500	0	
4.8649959666e+02	602	6	44	1	50	450	50	0	500	500	500	500	500	0	
4.8699834419e+02	603	6	40	5	53	447	50	0	500	500	500	500	500	0	
4.8749939670e+02	603	6	41	4	26	474	50	0	500	500	500	500	500	0	
4.8799801718e+02	604	5	39	6	31	469	50	0	500	500	500	500	500	0	
4.8849776147e+02	604	6	42	4	35	465	50	0	500	500	500	500	500	0	
4.8899791443e+02	608	4	41	5	31	469	50	0	500	500	500	500	500	0	
4.8949993635e+02	605	6	39	6	29	471	50	0	500	500	500	500	500	0	
4.8999613730e+02	603	10	40	6	37	463	50	0	500	500	500	500	500	0	
4.9049973230e+02	602	12	38	7	36	464	50	0	500	500	500	500	500	0	
4.9099641907e+02	607	7	39	6	47	453	50	0	500	500	500	500	500	0	
4.9149365218e+02	608	6	43	2	53	447	50	0	500	500	500	500	500	0	
4.9199985564e+02	609	6	42	3	51	449	50	0	500	500	500	500	500	0	
4.9249976704e+02	609	7	38	7	34	466	50	0	500	500	500	500	500	0	
4.9299569172e+02	609	7	43	2	45	455	50	0	500	500	500	500	500	0	
4.9349968277e+02	610	9	39	6	36	464	50	0	500	500	500	500	500	0	
4.9399903946e+02	615	6	38	6	33	467	50	0	500	500	500	500	500	0	
4.9449953756e+02	615	6	41	3	33	467	50	0	500	500	500	500	500	0	
4.9499915318e+02	618	4	41	3	28	472	50	0	500	500	500	500	500	0	
4.9549493882e+02	616	6	42	3	28	472	50	0	500	500	500	500	500	0	
4.9599836334e+02	617	5	44	1	45	455	50	0	500	500	500	500	500	0	
4.9649583857e+02	619	3	43	1	43	457	50	0	500	500	500	500	500	0	
4.9699975523e+02	619	3	43	4	51	449	50	0	500	500	500	500	500	0	
4.9749800103e+02	619	3	43	4	55	445	50	0	500	500	500	500	500	0	
4.9799559263e+02	615	4	40	6	32	468	50	0	500	500	500	500	500	0	
4.9849954608e+02	616	5	44	3	34	466	50	0	500	500	500	500	500	0	
4.9899739966e+02	616	4	42	5	43	457	50	0	500	500	500	500	500	0	
4.9949612932e+02	616	4	43	4	36	464	50	0	500	500	500	500	500	0	
4.9999889844e+02	616	4	45	2	50	450	50	0	500	500	500	500	500	0	
5.0000255889e+02	616	4	45	2	49	451	50	0	500	500	500	500	500	0	
