0.0000000000e+00	0	0	500	0	0	0	0	50	500	500	500	500	500	0	
4.9319704255e-01	0	1	499	1	2	6	0	50	500	500	500	500	500	0	
9.9431815948e-01	0	2	500	0	4	7	0	50	500	500	500	500	500	0	
1.4771538289e+00	0	3	500	0	1	5	0	50	500	500	500	500	500	0	
1.9929347453e+00	0	3	500	0	1	7	0	50	500	500	500	500	500	0	
2.4809864631e+00	0	5	498	2	1	8	0	50	500	500	500	500	500	0	
2.9891220411e+00	0	5	495	5	1	12	0	50	500	500	500	500	500	0	
3.4975861305e+00	0	6	494	6	3	5	0	50	500	500	500	500	500	0	
3.9840146853e+00	0	8	500	0	1	5	0	50	500	500	500	500	500	0	
4.4998031412e+00	0	9	495	5	3	6	0	50	500	500	500	500	500	0	
4.9958822131e+00	0	12	493	7	1	12	0	50	500	500	500	500	500	0	
5.4991306146e+00	0	15	487	13	3	9	0	50	500	500	500	500	500	0	
5.9933157669e+00	1	14	489	11	2	13	0	50	500	500	500	500	500	0	
6.4892050111e+00	1	15	490	10	9	5	0	50	500	500	500	500	500	0	
6.9954447675e+00	1	15	491	9	1	10	0	50	500	500	500	500	500	0	
7.4855775585e+00	1	15	491	9	2	8	0	50	500	500	500	500	500	0	
7.9954487534e+00	1	18	494	6	2	7	0	50	500	500	500	500	500	0	
8.4917684641e+00	1	20	490	10	3	5	0	50	500	500	500	500	500	0	
8.9930537907e+00	1	20	486	14	2	6	0	50	500	500	500	500	500	0	
9.4947185980e+00	1	20	482	18	1	4	0	50	500	500	500	500	500	0	
9.9952242526e+00	1	21	483	17	1	5	0	50	500	500	500	500	500	0	
1.0499856547e+01	1	22	481	19	2	8	0	50	500	500	500	500	500	0	
1.0995632175e+01	1	23	477	23	1	7	0	50	500	500	500	500	500	0	
1.1497884847e+01	1	24	472	28	2	8	0	50	500	500	500	500	500	0	
1.1989620037e+01	1	24	476	24	2	11	0	50	500	500	500	500	500	0	
1.2495822550e+01	2	27	481	19	3	7	0	50	500	500	500	500	500	0	
1.2998944903e+01	2	28	477	23	2	10	0	50	500	500	500	500	500	0	
1.3483987457e+01	2	31	468	32	5	11	0	50	500	500	500	500	500	0	
1.3998667330e+01	2	33	483	17	3	7	0	50	500	500	500	500	500	0	
1.4499048923e+01	2	35	481	19	2	4	0	50	500	500	500	500	500	0	
1.4998957530e+01	2	37	472	28	4	6	0	50	500	500	500	500	500	0	
1.5492961393e+01	2	40	463	37	5	9	0	50	500	500	500	500	500	0	
1.5998229967e+01	3	40	470	30	1	4	0	50	500	500	500	500	500	0	
1.6497943871e+01	3	40	461	39	2	1	0	50	500	500	500	500	500	0	
1.6992348835e+01	3	40	456	44	1	5	0	50	500	500	500	500	500	0	
1.7494644619e+01	4	40	463	37	2	8	0	50	500	500	500	500	500	0	
1.7999714752e+01	4	39	455	45	4	10	0	50	500	500	500	500	500	0	
1.8495819533e+01	4	41	455	45	5	8	0	50	500	500	500	500	500	0	
1.8998517589e+01	5	40	461	39	0	13	0	50	500	500	500	500	500	0	
1.9492223191e+01	6	41	454	46	2	15	0	50	500	500	500	500	500	0	
1.9992800013e+01	6	42	457	43	4	5	0	50	500	500	500	500	500	0	
2.0498918361e+01	6	42	450	50	1	5	0	50	500	500	500	500	500	0	
2.0996419491e+01	7	42	449	51	2	6	0	50	500	500	500	500	500	0	
2.1494541007e+01	7	43	447	53	4	7	0	50	500	500	500	500	500	0	
2.1994398506e+01	8	42	442	58	5	8	0	50	500	500	500	500	500	0	
2.2498697850e+01	8	42	440	60	2	11	0	50	500	500	500	500	500	0	
2.2999807983e+01	7	45	432	68	2	7	0	50	500	500	500	500	500	0	
2.3493994411e+01	7	45	424	76	3	8	0	50	500	500	500	500	500	0	
2.3997091872e+01	7	45	422	78	4	9	0	50	500	500	500	500	500	0	
2.4481198600e+01	6	49	423	77	4	14	0	50	500	500	500	500	500	0	
2.4994996748e+01	6	49	424	76	2	5	0	50	500	500	500	500	500	0	
2.5496614908e+01	6	49	423	77	3	6	0	50	500	500	500	500	500	0	
2.5983889633e+01	7	49	428	72	3	4	0	50	500	500	500	500	500	0	
2.6497948200e+01	7	50	430	70	1	7	0	50	500	500	500	500	500	0	
2.6998608661e+01	8	50	428	72	7	4	0	50	500	500	500	500	500	0	
2.7493965185e+01	9	49	423	77	6	5	0	50	500	500	500	500	500	0	
2.7998426145e+01	8	50	426	74	3	5	0	50	500	500	500	500	500	0	
2.8496587066e+01	10	49	435	65	2	3	0	50	500	500	500	500	500	0	
2.8999215743e+01	9	52	425	75	3	14	0	50	500	500	500	500	500	0	
2.9499128195e+01	11	52	415	85	3	13	0	50	500	500	500	500	500	0	
2.9996172679e+01	13	50	424	76	1	9	0	50	500	500	500	500	500	0	
3.0496802065e+01	15	49	415	85	6	7	0	50	500	500	500	500	500	0	
3.0995554001e+01	15	50	422	78	6	9	0	50	500	500	500	500	500	0	
3.1499813241e+01	15	50	410	90	4	4	0	50	500	500	500	500	500	0	
3.1998571638e+01	17	48	412	88	5	9	0	50	500	500	500	500	500	0	
3.2495452709e+01	19	46	416	84	3	8	0	50	500	500	500	500	500	0	
3.2994755081e+01	17	49	407	93	3	7	0	50	500	500	500	500	500	0	
3.3499352769e+01	17	51	427	73	2	7	0	50	500	500	500	500	500	0	
3.3997577749e+01	16	54	428	72	1	4	0	50	500	500	500	500	500	0	
3.4499643987e+01	16	57	420	80	3	9	0	50	500	500	500	500	500	0	
3.4998462234e+01	15	58	426	74	3	6	0	50	500	500	500	500	500	0	
3.5495249299e+01	16	57	421	79	2	10	0	50	500	500	500	500	500	0	
3.5997731228e+01	16	59	412	88	1	7	0	50	500	500	500	500	500	0	
3.6499779204e+01	16	60	417	83	3	7	0	50	500	500	500	500	500	0	
3.6994336203e+01	15	62	407	93	3	8	0	50	500	500	500	500	500	0	
3.7497280620e+01	14	64	398	102	2	8	0	50	500	500	500	500	500	0	
3.7996313111e+01	14	65	374	126	0	5	0	50	500	500	500	500	500	0	
3.8499765254e+01	15	66	370	130	4	6	0	50	500	500	500	500	500	0	
3.8997392759e+01	15	66	371	129	1	6	0	50	500	500	500	500	500	0	
3.9492943315e+01	15	67	356	144	3	4	0	50	500	500	500	500	500	0	
3.9998127951e+01	15	68	352	148	2	5	0	50	500	500	500	500	500	0	
4.0496043716e+01	14	72	355	145	3	4	0	50	500	500	500	500	500	0	
4.0998864001e+01	14	72	363	137	5	6	0	50	500	500	500	500	500	0	
4.1495425258e+01	14	73	347	153	2	7	0	50	500	500	500	500	500	0	
4.1999987922e+01	12	75	341	159	2	6	0	50	500	500	500	500	500	0	
4.2494128642e+01	10	77	349	151	3	11	0	50	500	500	500	500	500	0	
4.2995918522e+01	9	79	341	159	3	7	0	50	500	500	500	500	500	0	
4.3486855122e+01	7	84	318	182	0	4	0	50	500	500	500	500	500	0	
4.3998932509e+01	6	86	294	206	2	11	0	50	500	500	500	500	500	0	
4.4496821549e+01	6	86	257	243	2	10	0	50	500	500	500	500	500	0	
4.4999159681e+01	5	88	264	236	3	5	0	50	500	500	500	500	500	0	
4.5499542101e+01	4	90	262	238	4	4	0	50	500	500	500	500	500	0	
4.5999165761e+01	5	91	231	269	3	3	0	50	500	500	500	500	500	0	
4.6495107484e+01	2	95	226	274	1	9	0	50	500	500	500	500	500	0	
4.6995597373e+01	1	99	210	290	1	5	0	50	500	500	500	500	500	0	
4.7496126372e+01	3	98	195	305	3	2	0	50	500	500	500	500	500	0	
4.7999612964e+01	3	98	189	311	1	12	0	50	500	500	500	500	500	0	
4.8490160527e+01	3	99	168	332	2	8	0	50	500	500	500	500	500	0	
4.8998320537e+01	2	99	165	335	2	6	0	50	500	500	500	500	500	0	
4.9499621428e+01	1	102	156	344	3	7	0	50	500	500	500	500	500	0	
4.9996844935e+01	2	101	154	346	0	11	0	50	500	500	500	500	500	0	
5.0497328637e+01	3	101	139	361	2	8	0	50	500	500	500	500	500	0	
5.0999252245e+01	4	100	143	357	5	12	0	50	500	500	500	500	500	0	
5.1498670187e+01	3	101	134	366	3	6	0	50	500	500	500	500	500	0	
5.1999524693e+01	3	101	133	367	0	7	0	50	500	500	500	500	500	0	
5.2499087224e+01	3	101	126	374	0	5	0	50	500	500	500	500	500	0	
5.2998693921e+01	4	101	129	371	3	9	0	50	500	500	500	500	500	0	
5.3493676182e+01	5	102	99	401	3	10	0	50	500	500	500	500	500	0	
5.3998617276e+01	6	101	103	397	0	10	0	50	500	500	500	500	500	0	
5.4497510786e+01	7	102	98	402	2	7	0	50	500	500	500	500	500	0	
5.4999716407e+01	8	102	80	420	6	6	0	50	500	500	500	500	500	0	
5.5497252574e+01	9	105	81	419	4	8	0	50	500	500	500	500	500	0	
5.5999672024e+01	10	105	94	406	3	11	0	50	500	500	500	500	500	0	
5.6498334522e+01	10	107	95	405	4	9	0	50	500	500	500	500	500	0	
5.6988377447e+01	10	112	85	415	1	9	0	50	500	500	500	500	500	0	
5.7497763989e+01	10	113	90	410	4	7	0	50	500	500	500	500	500	0	
5.7998836924e+01	7	116	93	407	3	5	0	50	500	500	500	500	500	0	
5.8499064484e+01	5	119	63	437	0	4	0	50	500	500	500	500	500	0	
5.8999826911e+01	6	119	50	450	1	3	0	50	500	500	500	500	500	0	
5.9498790646e+01	4	121	39	461	1	9	0	50	500	500	500	500	500	0	
5.9997883406e+01	4	121	69	431	3	8	0	50	500	500	500	500	500	0	
6.0499494861e+01	5	118	67	433	6	5	0	50	500	500	500	500	500	0	
6.0997710269e+01	4	123	68	432	3	6	0	50	500	500	500	500	500	0	
6.1499813799e+01	4	122	68	432	1	11	0	50	500	500	500	500	500	0	
6.1999241415e+01	4	123	78	422	1	9	0	50	500	500	500	500	500	0	
6.2495359930e+01	5	121	63	437	1	5	0	50	500	500	500	500	500	0	
6.2999394026e+01	5	122	70	430	4	10	0	50	500	500	500	500	500	0	
6.3499804283e+01	7	121	66	434	3	9	0	50	500	500	500	500	500	0	
6.3998588256e+01	7	122	70	430	1	15	0	50	500	500	500	500	500	0	
6.4499023891e+01	5	126	61	439	5	4	0	50	500	500	500	500	500	0	
6.4999969219e+01	5	126	55	445	1	8	0	50	500	500	500	500	500	0	
6.5496995017e+01	5	127	53	447	4	10	0	50	500	500	500	500	500	0	
6.5999423596e+01	7	126	51	449	2	15	0	50	500	500	500	500	500	0	
6.6498264964e+01	7	128	51	449	3	4	0	50	500	500	500	500	500	0	
6.6998861462e+01	8	127	67	433	2	7	0	50	500	500	500	500	500	0	
6.7498536375e+01	11	127	58	442	3	7	0	50	500	500	500	500	500	0	
6.7997645042e+01	11	128	49	451	0	7	0	50	500	500	500	500	500	0	
6.8497615710e+01	6	133	56	444	0	4	0	50	500	500	500	500	500	0	
6.8999943633e+01	6	136	60	440	1	8	0	50	500	500	500	500	500	0	
6.9497999244e+01	7	135	63	437	1	7	0	50	500	500	500	500	500	0	
6.9999876920e+01	9	134	76	424	4	10	0	50	500	500	500	500	500	0	
7.0494322694e+01	8	135	89	411	3	6	0	50	500	500	500	500	500	0	
7.0999450186e+01	8	136	64	436	1	7	0	50	500	500	500	500	500	0	
7.1499350855e+01	8	136	48	452	3	12	0	50	500	500	500	500	500	0	
7.1998816889e+01	7	138	63	437	2	11	0	50	500	500	500	500	500	0	
7.2499652826e+01	7	138	62	438	2	6	0	50	500	500	500	500	500	0	
7.2997933458e+01	7	138	51	449	3	8	0	50	500	500	500	500	500	0	
7.3498476396e+01	6	141	57	443	1	11	0	50	500	500	500	500	500	0	
7.3999967551e+01	4	143	55	445	3	8	0	50	500	500	500	500	500	0	
7.4495764947e+01	5	143	62	438	3	11	0	50	500	500	500	500	500	0	
7.4999138705e+01	5	146	49	451	4	12	0	50	500	500	500	500	500	0	
7.5497405994e+01	5	145	54	446	5	4	0	50	500	500	500	500	500	0	
7.5990573435e+01	5	146	36	464	0	14	0	50	500	500	500	500	500	0	
7.6498006625e+01	4	148	35	465	0	6	0	50	500	500	500	500	500	0	
7.6995486597e+01	3	152	43	457	1	7	0	50	500	500	500	500	500	0	
7.7498006855e+01	2	154	56	444	0	11	0	50	500	500	500	500	500	0	
7.7999220922e+01	2	154	39	461	1	10	0	50	500	500	500	500	500	0	
7.8497163990e+01	2	156	45	455	1	11	0	50	500	500	500	500	500	0	
7.8999940163e+01	2	157	44	456	2	5	0	50	500	500	500	500	500	0	
7.9498663124e+01	3	156	38	462	2	8	0	50	500	500	500	500	500	0	
7.9999628956e+01	4	156	34	466	4	6	0	50	500	500	500	500	500	0	
8.0499166765e+01	5	155	35	465	2	5	0	50	500	500	500	500	500	0	
8.0998692317e+01	2	159	26	474	2	6	0	50	500	500	500	500	500	0	
8.1498634684e+01	3	158	30	470	0	9	0	50	500	500	500	500	500	0	
8.1990139283e+01	3	158	39	461	2	10	0	50	500	500	500	500	500	0	
8.2499835867e+01	2	158	24	476	5	9	0	50	500	500	500	500	500	0	
8.2999545128e+01	2	161	29	471	5	5	0	50	500	500	500	500	500	0	
8.3499661014e+01	2	161	30	470	2	14	0	50	500	500	500	500	500	0	
8.3995435861e+01	3	160	29	471	3	10	0	50	500	500	500	500	500	0	
8.4497983092e+01	4	159	34	466	1	6	0	50	500	500	500	500	500	0	
8.4999354405e+01	6	157	42	458	1	2	0	50	500	500	500	500	500	0	
8.5498196331e+01	3	164	59	441	3	5	0	50	500	500	500	500	500	0	
8.5998627170e+01	3	165	54	446	2	6	0	50	500	500	500	500	500	0	
8.6494465446e+01	4	164	41	459	0	7	0	50	500	500	500	500	500	0	
8.6999919639e+01	4	164	45	455	3	9	0	50	500	500	500	500	500	0	
8.7490690014e+01	4	165	43	457	2	8	0	50	500	500	500	500	500	0	
8.7998248093e+01	6	164	24	476	3	5	0	50	500	500	500	500	500	0	
8.8499443389e+01	5	166	34	466	3	8	0	50	500	500	500	500	500	0	
8.8998331388e+01	5	167	25	475	2	7	0	50	500	500	500	500	500	0	
8.9487851080e+01	4	168	28	472	0	3	0	50	500	500	500	500	500	0	
8.9997419862e+01	4	168	41	459	2	6	0	50	500	500	500	500	500	0	
9.0494032188e+01	4	168	36	464	0	3	0	50	500	500	500	500	500	0	
9.0998238396e+01	3	171	32	468	5	3	0	50	500	500	500	500	500	0	
9.1489428631e+01	3	173	35	465	1	7	0	50	500	500	500	500	500	0	
9.1999042637e+01	3	173	31	469	2	10	0	50	500	500	500	500	500	0	
9.2493575918e+01	3	174	35	465	1	6	0	50	500	500	500	500	500	0	
9.2999938192e+01	1	177	38	462	1	6	0	50	500	500	500	500	500	0	
9.3495142845e+01	3	176	37	463	1	2	0	50	500	500	500	500	500	0	
9.3999063483e+01	1	179	34	466	0	7	0	50	500	500	500	500	500	0	
9.4496966991e+01	1	182	23	477	0	13	0	50	500	500	500	500	500	0	
9.4995829672e+01	1	184	33	467	2	11	0	50	500	500	500	500	500	0	
9.5495833744e+01	3	183	28	472	1	11	0	50	500	500	500	500	500	0	
9.5999258521e+01	3	184	34	466	3	7	0	50	500	500	500	500	500	0	
9.6499065019e+01	4	184	23	477	0	8	0	50	500	500	500	500	500	0	
9.6997804360e+01	2	186	22	478	5	6	0	50	500	500	500	500	500	0	
9.7498242928e+01	3	185	31	469	0	5	0	50	500	500	500	500	500	0	
9.7999530184e+01	4	184	22	478	3	4	0	50	500	500	500	500	500	0	
9.8498449729e+01	4	186	23	477	1	6	0	50	500	500	500	500	500	0	
9.8999567901e+01	3	187	37	463	3	7	0	50	500	500	500	500	500	0	
9.9497886781e+01	3	188	28	472	2	8	0	50	500	500	500	500	500	0	
9.9997672500e+01	2	189	18	482	5	8	0	50	500	500	500	500	500	0	
1.0049846193e+02	3	188	31	469	5	10	0	50	500	500	500	500	500	0	
1.0099625377e+02	3	189	36	464	3	4	0	50	500	500	500	500	500	0	
1.0149645012e+02	3	190	38	462	3	1	0	50	500	500	500	500	500	0	
1.0199887338e+02	1	193	30	470	2	10	0	50	500	500	500	500	500	0	
1.0249767619e+02	3	193	28	472	4	8	0	50	500	500	500	500	500	0	
1.0299925777e+02	5	191	19	481	5	14	0	50	500	500	500	500	500	0	
1.0349920253e+02	2	195	24	476	6	10	0	50	500	500	500	500	500	0	
1.0399946630e+02	5	192	27	473	2	12	0	50	500	500	500	500	500	0	
1.0449965952e+02	4	194	29	471	5	8	0	50	500	500	500	500	500	0	
1.0499855859e+02	4	194	23	477	6	10	0	50	500	500	500	500	500	0	
1.0549960142e+02	4	195	34	466	3	11	0	50	500	500	500	500	500	0	
1.0599964214e+02	2	198	34	466	3	7	0	50	500	500	500	500	500	0	
1.0649829867e+02	4	196	31	469	3	7	0	50	500	500	500	500	500	0	
1.0699575944e+02	5	196	32	468	4	6	0	50	500	500	500	500	500	0	
1.0749954632e+02	5	197	19	481	0	5	0	50	500	500	500	500	500	0	
1.0799847954e+02	4	199	30	470	1	6	0	50	500	500	500	500	500	0	
1.0849105500e+02	4	200	20	480	1	5	0	50	500	500	500	500	500	0	
1.0899692776e+02	3	201	21	479	2	9	0	50	500	500	500	500	500	0	
1.0949819178e+02	2	203	30	470	2	6	0	50	500	500	500	500	500	0	
1.0999574120e+02	4	201	34	466	3	7	0	50	500	500	500	500	500	0	
1.1049923479e+02	4	202	26	474	2	5	0	50	500	500	500	500	500	0	
1.1099882764e+02	3	205	25	475	1	5	0	50	500	500	500	500	500	0	
1.1149959237e+02	4	203	39	461	4	6	0	50	500	500	500	500	500	0	
1.1199795263e+02	4	203	36	464	3	7	0	50	500	500	500	500	500	0	
1.1249925200e+02	5	201	24	476	0	8	0	50	500	500	500	500	500	0	
1.1299934438e+02	3	203	15	485	1	4	0	50	500	500	500	500	500	0	
1.1349791030e+02	1	205	24	476	3	6	0	50	500	500	500	500	500	0	
1.1399323810e+02	3	205	24	476	1	9	0	50	500	500	500	500	500	0	
1.1449932081e+02	4	206	23	477	2	12	0	50	500	500	500	500	500	0	
1.1499851119e+02	3	208	27	473	5	14	0	50	500	500	500	500	500	0	
1.1549659107e+02	3	208	23	477	4	12	0	50	500	500	500	500	500	0	
1.1599812893e+02	4	207	34	466	3	8	0	50	500	500	500	500	500	0	
1.1649442878e+02	4	207	22	478	2	13	0	50	500	500	500	500	500	0	
1.1699803043e+02	4	207	25	475	3	8	0	50	500	500	500	500	500	0	
1.1749776984e+02	4	210	27	473	2	8	0	50	500	500	500	500	500	0	
1.1799990886e+02	4	212	18	482	4	6	0	50	500	500	500	500	500	0	
1.1849944567e+02	7	210	34	466	1	6	0	50	500	500	500	500	500	0	
1.1899468601e+02	5	212	25	475	0	7	0	50	500	500	500	500	500	0	
1.1949833673e+02	5	215	35	465	4	8	0	50	500	500	500	500	500	0	
1.1999730543e+02	2	217	29	471	3	5	0	50	500	500	500	500	500	0	
1.2049771753e+02	3	216	17	483	2	5	0	50	500	500	500	500	500	0	
1.2099733032e+02	5	217	20	480	5	4	0	50	500	500	500	500	500	0	
1.2149734463e+02	6	217	27	473	2	5	0	50	500	500	500	500	500	0	
1.2199765144e+02	6	217	33	467	5	7	0	50	500	500	500	500	500	0	
1.2249203840e+02	8	215	24	476	2	9	0	50	500	500	500	500	500	0	
1.2299585885e+02	4	217	29	471	2	6	0	50	500	500	500	500	500	0	
1.2349932977e+02	4	217	33	467	4	10	0	50	500	500	500	500	500	0	
1.2399947551e+02	7	216	34	466	3	7	0	50	500	500	500	500	500	0	
1.2449511270e+02	6	219	26	474	1	3	0	50	500	500	500	500	500	0	
1.2499013771e+02	5	218	26	474	2	4	0	50	500	500	500	500	500	0	
1.2549551091e+02	5	218	28	472	4	4	0	50	500	500	500	500	500	0	
1.2599685257e+02	6	216	20	480	2	6	0	50	500	500	500	500	500	0	
1.2649330746e+02	6	215	24	476	0	9	0	50	500	500	500	500	500	0	
1.2699788371e+02	6	215	28	472	3	4	0	50	500	500	500	500	500	0	
1.2749810857e+02	5	216	30	470	1	8	0	50	500	500	500	500	500	0	
1.2799625341e+02	3	221	28	472	1	7	0	50	500	500	500	500	500	0	
1.2849895352e+02	3	225	28	472	3	9	0	50	500	500	500	500	500	0	
1.2899723952e+02	3	225	18	482	6	6	0	50	500	500	500	500	500	0	
1.2949893829e+02	3	225	20	480	1	6	0	50	500	500	500	500	500	0	
1.2999678229e+02	2	226	28	472	1	8	0	50	500	500	500	500	500	0	
1.3049871561e+02	1	227	32	468	1	7	0	50	500	500	500	500	500	0	
1.3099820441e+02	2	227	21	479	3	2	0	50	500	500	500	500	500	0	
1.3149604091e+02	4	227	31	469	1	5	0	50	500	500	500	500	500	0	
1.3199622412e+02	3	231	25	475	2	3	0	50	500	500	500	500	500	0	
1.3249722128e+02	4	232	10	490	2	8	0	50	500	500	500	500	500	0	
1.3299986682e+02	4	233	21	479	1	8	0	50	500	500	500	500	500	0	
1.3349802319e+02	4	233	16	484	0	4	0	50	500	500	500	500	500	0	
1.3399978845e+02	3	236	13	487	3	6	0	50	500	500	500	500	500	0	
1.3449574487e+02	4	237	10	490	3	7	0	50	500	500	500	500	500	0	
1.3499701488e+02	5	234	18	482	1	11	0	50	500	500	500	500	500	0	
1.3549552284e+02	7	232	13	487	3	9	0	50	500	500	500	500	500	0	
1.3599971119e+02	5	236	20	480	1	12	0	50	500	500	500	500	500	0	
1.3649550075e+02	5	237	29	471	4	15	0	50	500	500	500	500	500	0	
1.3699965299e+02	7	235	33	467	3	3	0	50	500	500	500	500	500	0	
1.3749967735e+02	5	238	24	476	2	9	0	50	500	500	500	500	500	0	
1.3799862738e+02	6	238	12	488	1	7	0	50	500	500	500	500	500	0	
1.3849413931e+02	3	241	10	490	0	4	0	50	500	500	500	500	500	0	
1.3899991820e+02	3	241	15	485	3	2	0	50	500	500	500	500	500	0	
1.3949985732e+02	3	240	20	480	2	2	0	50	500	500	500	500	500	0	
1.3999987052e+02	2	241	22	478	0	6	0	50	500	500	500	500	500	0	
1.4049853303e+02	3	240	16	484	2	6	0	50	500	500	500	500	500	0	
1.4099286122e+02	2	241	15	485	3	5	0	50	500	500	500	500	500	0	
1.4149929804e+02	4	240	24	476	2	7	0	50	500	500	500	500	500	0	
1.4199893819e+02	3	241	15	485	4	14	0	50	500	500	500	500	500	0	
1.4249927917e+02	4	239	30	470	3	7	0	50	500	500	500	500	500	0	
1.4299725118e+02	4	240	17	483	4	10	0	50	500	500	500	500	500	0	
1.4349943406e+02	5	240	15	485	4	8	0	50	500	500	500	500	500	0	
1.4399567638e+02	5	242	14	486	0	12	0	50	500	500	500	500	500	0	
1.4449726357e+02	7	241	12	488	1	6	0	50	500	500	500	500	500	0	
1.4499724481e+02	7	242	20	480	0	10	0	50	500	500	500	500	500	0	
1.4549985932e+02	5	246	25	475	4	5	0	50	500	500	500	500	500	0	
1.4599764988e+02	4	247	21	479	2	9	0	50	500	500	500	500	500	0	
1.4649800522e+02	4	248	27	473	0	6	0	50	500	500	500	500	500	0	
1.4699847528e+02	5	247	20	480	1	8	0	50	500	500	500	500	500	0	
1.4749933724e+02	3	251	15	485	5	7	0	50	500	500	500	500	500	0	
1.4799938836e+02	7	247	16	484	2	5	0	50	500	500	500	500	500	0	
1.4849786699e+02	6	250	16	484	2	8	0	50	500	500	500	500	500	0	
1.4899938506e+02	5	254	12	488	3	13	0	50	500	500	500	500	500	0	
1.4949770427e+02	7	254	18	482	5	8	0	50	500	500	500	500	500	0	
1.4999849748e+02	7	255	20	480	4	5	0	50	500	500	500	500	500	0	
1.5049759482e+02	7	255	16	484	3	6	0	50	500	500	500	500	500	0	
1.5099738417e+02	8	254	22	478	3	11	0	50	500	500	500	500	500	0	
1.5149447859e+02	8	256	11	489	1	9	0	50	500	500	500	500	500	0	
1.5199691288e+02	7	258	26	474	3	7	0	50	500	500	500	500	500	0	
1.5249970423e+02	7	260	8	492	1	13	0	50	500	500	500	500	500	0	
1.5299360356e+02	6	262	18	482	5	8	0	50	500	500	500	500	500	0	
1.5349977264e+02	4	267	23	477	3	5	0	50	500	500	500	500	500	0	
1.5399658047e+02	8	263	18	482	2	8	0	50	500	500	500	500	500	0	
1.5449813606e+02	5	266	19	481	3	3	0	50	500	500	500	500	500	0	
1.5499839903e+02	6	266	27	473	1	1	0	50	500	500	500	500	500	0	
1.5549608376e+02	6	268	17	483	4	3	0	50	500	500	500	500	500	0	
1.5599903304e+02	5	268	23	477	1	9	0	50	500	500	500	500	500	0	
1.5649715895e+02	3	270	17	483	2	7	0	50	500	500	500	500	500	0	
1.5699965649e+02	5	268	21	479	1	11	0	50	500	500	500	500	500	0	
1.5749996634e+02	6	268	21	479	0	8	0	50	500	500	500	500	500	0	
1.5798981764e+02	6	268	18	482	5	9	0	50	500	500	500	500	500	0	
1.5849791744e+02	7	268	16	484	1	5	0	50	500	500	500	500	500	0	
1.5899829040e+02	6	270	14	486	1	4	0	50	500	500	500	500	500	0	
1.5949991173e+02	6	270	10	490	1	4	0	50	500	500	500	500	500	0	
1.5999775234e+02	5	271	19	481	1	2	0	50	500	500	500	500	500	0	
1.6049691182e+02	4	272	19	481	0	5	0	50	500	500	500	500	500	0	
1.6099903157e+02	4	273	13	487	5	3	0	50	500	500	500	500	500	0	
1.6149611659e+02	6	271	16	484	6	7	0	50	500	500	500	500	500	0	
1.6199942672e+02	8	270	22	478	3	7	0	50	500	500	500	500	500	0	
1.6249998393e+02	6	272	17	483	1	9	0	50	500	500	500	500	500	0	
1.6299415132e+02	7	271	14	486	3	10	0	50	500	500	500	500	500	0	
1.6349724933e+02	5	274	28	472	2	8	0	50	500	500	500	500	500	0	
1.6399857777e+02	7	273	22	478	3	5	0	50	500	500	500	500	500	0	
1.6449492134e+02	7	274	14	486	3	11	0	50	500	500	500	500	500	0	
1.6499842587e+02	8	274	14	486	5	5	0	50	500	500	500	500	500	0	
1.6549003543e+02	7	276	16	484	0	5	0	50	500	500	500	500	500	0	
1.6599937790e+02	6	278	17	483	1	9	0	50	500	500	500	500	500	0	
1.6649379352e+02	6	279	18	482	4	13	0	50	500	500	500	500	500	0	
1.6699770283e+02	5	280	18	482	6	15	0	50	500	500	500	500	500	0	
1.6749829023e+02	8	277	15	485	8	11	0	50	500	500	500	500	500	0	
1.6799938287e+02	6	280	13	487	0	9	0	50	500	500	500	500	500	0	
1.6849835266e+02	6	282	19	481	3	8	0	50	500	500	500	500	500	0	
1.6899368701e+02	6	284	20	480	3	7	0	50	500	500	500	500	500	0	
1.6949928650e+02	7	284	19	481	2	7	0	50	500	500	500	500	500	0	
1.6999973070e+02	4	286	18	482	0	13	0	50	500	500	500	500	500	0	
1.7049576592e+02	2	291	17	483	1	5	0	50	500	500	500	500	500	0	
1.7099124449e+02	1	294	9	491	2	1	0	50	500	500	500	500	500	0	
1.7149503620e+02	1	294	10	490	3	6	0	50	500	500	500	500	500	0	
1.7199747747e+02	3	293	13	487	0	8	0	50	500	500	500	500	500	0	
1.7249986569e+02	3	295	15	485	2	6	0	50	500	500	500	500	500	0	
1.7299302002e+02	3	295	18	482	2	8	0	50	500	500	500	500	500	0	
1.7349908996e+02	2	296	22	478	3	5	0	50	500	500	500	500	500	0	
1.7399859897e+02	3	296	14	486	0	4	0	50	500	500	500	500	500	0	
1.7449905746e+02	5	294	20	480	4	5	0	50	500	500	500	500	500	0	
1.7499950169e+02	3	299	13	487	4	10	0	50	500	500	500	500	500	0	
1.7549177251e+02	7	296	13	487	3	7	0	50	500	500	500	500	500	0	
1.7599997388e+02	7	296	16	484	2	8	0	50	500	500	500	500	500	0	
1.7649918177e+02	8	295	22	478	3	9	0	50	500	500	500	500	500	0	
1.7698895126e+02	6	298	17	483	2	5	0	50	500	500	500	500	500	0	
1.7749860414e+02	5	300	16	484	2	4	0	50	500	500	500	500	500	0	
1.7799702765e+02	6	299	21	479	3	7	0	50	500	500	500	500	500	0	
1.7849935708e+02	5	301	20	480	3	7	0	50	500	500	500	500	500	0	
1.7899915226e+02	4	301	22	478	3	6	0	50	500	500	500	500	500	0	
1.7949931199e+02	5	300	18	482	1	5	0	50	500	500	500	500	500	0	
1.7999907649e+02	6	301	16	484	1	6	0	50	500	500	500	500	500	0	
1.8049858835e+02	8	299	9	491	1	5	0	50	500	500	500	500	500	0	
1.8099791661e+02	5	303	17	483	6	4	0	50	500	500	500	500	500	0	
1.8149293432e+02	4	304	12	488	1	8	0	50	500	500	500	500	500	0	
1.8199977371e+02	5	304	17	483	2	2	0	50	500	500	500	500	500	0	
1.8249510707e+02	5	305	12	488	2	6	0	50	500	500	500	500	500	0	
1.8299938181e+02	5	306	18	482	1	9	0	50	500	500	500	500	500	0	
1.8349370923e+02	7	305	19	481	1	3	0	50	500	500	500	500	500	0	
1.8399831843e+02	6	306	14	486	2	9	0	50	500	500	500	500	500	0	
1.8449718053e+02	6	307	13	487	0	11	0	50	500	500	500	500	500	0	
1.8499916188e+02	6	307	11	489	1	7	0	50	500	500	500	500	500	0	
1.8549363201e+02	8	309	9	491	1	8	0	50	500	500	500	500	500	0	
1.8599979025e+02	6	313	15	485	2	10	0	50	500	500	500	500	500	0	
1.8649201482e+02	11	308	10	490	3	7	0	50	500	500	500	500	500	0	
1.8699670077e+02	13	307	21	479	2	11	0	50	500	500	500	500	500	0	
1.8749682820e+02	12	308	26	474	1	6	0	50	500	500	500	500	500	0	
1.8799705227e+02	14	308	22	478	1	8	0	50	500	500	500	500	500	0	
1.8849930418e+02	13	309	15	485	3	9	0	50	500	500	500	500	500	0	
1.8899829178e+02	14	307	6	494	3	7	0	50	500	500	500	500	500	0	
1.8948834508e+02	14	307	8	492	3	5	0	50	500	500	500	500	500	0	
1.8999992813e+02	13	308	15	485	3	4	0	50	500	500	500	500	500	0	
1.9049836497e+02	10	312	18	482	1	19	0	50	500	500	500	500	500	0	
1.9099819243e+02	11	310	9	491	4	7	0	50	500	500	500	500	500	0	
1.9149794652e+02	11	310	14	486	3	10	0	50	500	500	500	500	500	0	
1.9199970994e+02	9	314	15	485	7	8	0	50	500	500	500	500	500	0	
1.9249933993e+02	6	319	17	483	2	7	0	50	500	500	500	500	500	0	
1.9299623476e+02	4	322	14	486	4	7	0	50	500	500	500	500	500	0	
1.9349931797e+02	8	319	7	493	3	3	0	50	500	500	500	500	500	0	
1.9399900792e+02	10	318	18	482	3	4	0	50	500	500	500	500	500	0	
1.9449556619e+02	9	320	10	490	2	7	0	50	500	500	500	500	500	0	
1.9499981159e+02	14	316	11	489	3	7	0	50	500	500	500	500	500	0	
1.9549552800e+02	14	315	20	480	1	10	0	50	500	500	500	500	500	0	
1.9599736576e+02	12	317	15	485	3	6	0	50	500	500	500	500	500	0	
1.9649903462e+02	12	317	17	483	3	6	0	50	500	500	500	500	500	0	
1.9699442228e+02	11	318	13	487	2	2	0	50	500	500	500	500	500	0	
1.9749985035e+02	9	319	4	496	4	5	0	50	500	500	500	500	500	0	
1.9799353905e+02	9	319	20	480	6	10	0	50	500	500	500	500	500	0	
1.9849465212e+02	13	315	13	487	1	5	0	50	500	500	500	500	500	0	
1.9899503952e+02	7	321	11	489	0	13	0	50	500	500	500	500	500	0	
1.9949983995e+02	8	323	18	482	4	7	0	50	500	500	500	500	500	0	
1.9999569478e+02	6	327	13	487	0	12	0	50	500	500	500	500	500	0	
2.0049889092e+02	4	332	13	487	5	8	0	50	500	500	500	500	500	0	
2.0099612326e+02	4	332	8	492	1	9	0	50	500	500	500	500	500	0	
2.0149782943e+02	4	334	18	482	1	7	0	50	500	500	500	500	500	0	
2.0199379999e+02	4	335	16	484	2	3	0	50	500	500	500	500	500	0	
2.0249980765e+02	3	336	10	490	2	7	0	50	500	500	500	500	500	0	
2.0299944156e+02	2	337	9	491	1	10	0	50	500	500	500	500	500	0	
2.0349900871e+02	4	335	16	484	1	14	0	50	500	500	500	500	500	0	
2.0399710562e+02	6	333	12	488	2	6	0	50	500	500	500	500	500	0	
2.0449843481e+02	8	330	11	489	4	6	0	50	500	500	500	500	500	0	
2.0499710840e+02	11	329	14	486	3	9	0	50	500	500	500	500	500	0	
2.0549736884e+02	8	334	21	479	3	6	0	50	500	500	500	500	500	0	
2.0599871450e+02	9	332	9	491	4	6	0	50	500	500	500	500	500	0	
2.0649411482e+02	10	331	18	482	4	3	0	50	500	500	500	500	500	0	
2.0699927322e+02	5	337	10	490	3	9	0	50	500	500	500	500	500	0	
2.0749977492e+02	5	338	11	489	1	6	0	50	500	500	500	500	500	0	
2.0799892859e+02	7	335	10	490	4	1	0	50	500	500	500	500	500	0	
2.0849323074e+02	7	335	11	489	4	13	0	50	500	500	500	500	500	0	
2.0899936045e+02	9	335	19	481	4	7	0	50	500	500	500	500	500	0	
2.0949819863e+02	9	335	8	492	2	9	0	50	500	500	500	500	500	0	
2.0999716690e+02	10	335	11	489	4	11	0	50	500	500	500	500	500	0	
2.1049702642e+02	11	334	10	490	2	5	0	50	500	500	500	500	500	0	
2.1099787295e+02	13	330	11	489	2	6	0	50	500	500	500	500	500	0	
2.1148948472e+02	11	334	11	489	2	10	0	50	500	500	500	500	500	0	
2.1199773319e+02	12	332	15	485	3	8	0	50	500	500	500	500	500	0	
2.1249527614e+02	14	330	10	490	3	3	0	50	500	500	500	500	500	0	
2.1299974548e+02	13	331	13	487	1	5	0	50	500	500	500	500	500	0	
2.1349931027e+02	12	332	11	489	2	8	0	50	500	500	500	500	500	0	
2.1399708927e+02	14	332	14	486	2	8	0	50	500	500	500	500	500	0	
2.1449903192e+02	11	337	14	486	1	8	0	50	500	500	500	500	500	0	
2.1498946302e+02	9	339	10	490	4	6	0	50	500	500	500	500	500	0	
2.1549873208e+02	11	338	13	487	2	8	0	50	500	500	500	500	500	0	
2.1599872844e+02	12	337	11	489	5	8	0	50	500	500	500	500	500	0	
2.1649694186e+02	13	337	9	491	3	11	0	50	500	500	500	500	500	0	
2.1699448221e+02	13	339	12	488	2	8	0	50	500	500	500	500	500	0	
2.1749865818e+02	13	339	15	485	2	9	0	50	500	500	500	500	500	0	
2.1799866785e+02	10	343	10	490	0	5	0	50	500	500	500	500	500	0	
2.1849446588e+02	11	341	12	488	1	6	0	50	500	500	500	500	500	0	
2.1899812380e+02	11	342	14	486	0	9	0	50	500	500	500	500	500	0	
2.1948848507e+02	6	347	5	495	1	2	0	50	500	500	500	500	500	0	
2.1999985306e+02	6	349	8	492	2	7	0	50	500	500	500	500	500	0	
2.2049526606e+02	8	348	13	487	3	10	0	50	500	500	500	500	500	0	
2.2099968359e+02	8	348	15	485	2	14	0	50	500	500	500	500	500	0	
2.2149790912e+02	7	350	15	485	2	13	0	50	500	500	500	500	500	0	
2.2199989261e+02	4	354	11	489	4	9	0	50	500	500	500	500	500	0	
2.2249982856e+02	8	352	11	489	3	10	0	50	500	500	500	500	500	0	
2.2299850261e+02	5	360	9	491	0	10	0	50	500	500	500	500	500	0	
2.2349784697e+02	5	362	12	488	5	9	0	50	500	500	500	500	500	0	
2.2399628685e+02	10	357	9	491	4	8	0	50	500	500	500	500	500	0	
2.2449968804e+02	9	359	9	491	2	9	0	50	500	500	500	500	500	0	
2.2499899210e+02	8	360	17	483	1	5	0	50	500	500	500	500	500	0	
2.2549749717e+02	6	362	14	486	1	6	0	50	500	500	500	500	500	0	
2.2599739882e+02	4	363	14	486	2	8	0	50	500	500	500	500	500	0	
2.2649991620e+02	6	361	11	489	3	8	0	50	500	500	500	500	500	0	
2.2699871866e+02	8	359	19	481	2	11	0	50	500	500	500	500	500	0	
2.2749309893e+02	7	361	15	485	0	10	0	50	500	500	500	500	500	0	
2.2799924409e+02	8	361	9	491	3	7	0	50	500	500	500	500	500	0	
2.2849257234e+02	4	366	18	482	0	13	0	50	500	500	500	500	500	0	
2.2899861538e+02	6	365	14	486	4	4	0	50	500	500	500	500	500	0	
2.2949846940e+02	4	367	12	488	2	7	0	50	500	500	500	500	500	0	
2.2999431652e+02	6	367	11	489	1	7	0	50	500	500	500	500	500	0	
2.3049909786e+02	5	368	18	482	0	2	0	50	500	500	500	500	500	0	
2.3099245748e+02	5	369	12	488	1	8	0	50	500	500	500	500	500	0	
2.3149770924e+02	7	369	12	488	4	9	0	50	500	500	500	500	500	0	
2.3199839259e+02	10	366	14	486	3	7	0	50	500	500	500	500	500	0	
2.3249906526e+02	11	364	8	492	4	11	0	50	500	500	500	500	500	0	
2.3299512688e+02	11	364	15	485	3	17	0	50	500	500	500	500	500	0	
2.3349854160e+02	11	364	11	489	4	6	0	50	500	500	500	500	500	0	
2.3399292415e+02	10	365	14	486	1	2	0	50	500	500	500	500	500	0	
2.3449736612e+02	9	366	8	492	1	7	0	50	500	500	500	500	500	0	
2.3499681013e+02	7	368	11	489	1	5	0	50	500	500	500	500	500	0	
2.3549840648e+02	9	367	12	488	1	15	0	50	500	500	500	500	500	0	
2.3599642491e+02	7	369	14	486	7	9	0	50	500	500	500	500	500	0	
2.3649868501e+02	6	372	9	491	1	10	0	50	500	500	500	500	500	0	
2.3699754801e+02	5	375	8	492	4	8	0	50	500	500	500	500	500	0	
2.3749764645e+02	6	375	19	481	1	8	0	50	500	500	500	500	500	0	
2.3799934366e+02	5	375	3	497	4	6	0	50	500	500	500	500	500	0	
2.3849910760e+02	9	374	12	488	4	12	0	50	500	500	500	500	500	0	
2.3899362062e+02	9	376	9	491	4	4	0	50	500	500	500	500	500	0	
2.3949742495e+02	9	376	5	495	4	12	0	50	500	500	500	500	500	0	
2.3999641436e+02	7	379	9	491	2	14	0	50	500	500	500	500	500	0	
2.4049791922e+02	6	379	5	495	1	12	0	50	500	500	500	500	500	0	
2.4099968715e+02	6	378	8	492	2	15	0	50	500	500	500	500	500	0	
2.4149895767e+02	10	373	11	489	2	10	0	50	500	500	500	500	500	0	
2.4199486223e+02	13	370	19	481	4	11	0	50	500	500	500	500	500	0	
2.4249968203e+02	10	374	11	489	2	8	0	50	500	500	500	500	500	0	
2.4299610496e+02	9	377	9	491	6	9	0	50	500	500	500	500	500	0	
2.4349949445e+02	10	376	9	491	3	15	0	50	500	500	500	500	500	0	
2.4399351117e+02	14	372	12	488	2	13	0	50	500	500	500	500	500	0	
2.4449861871e+02	14	374	6	494	1	14	0	50	500	500	500	500	500	0	
2.4499834832e+02	18	370	16	484	8	5	0	50	500	500	500	500	500	0	
2.4549887108e+02	13	376	6	494	4	6	0	50	500	500	500	500	500	0	
2.4599995008e+02	12	379	19	481	0	13	0	50	500	500	500	500	500	0	
2.4649956882e+02	9	384	7	493	5	9	0	50	500	500	500	500	500	0	
2.4699678674e+02	8	385	11	489	4	11	0	50	500	500	500	500	500	0	
2.4749961676e+02	11	382	10	490	3	11	0	50	500	500	500	500	500	0	
2.4799985149e+02	10	383	8	492	4	7	0	50	500	500	500	500	500	0	
2.4849979264e+02	9	385	10	490	3	8	0	50	500	500	500	500	500	0	
2.4899513503e+02	9	385	7	493	5	10	0	50	500	500	500	500	500	0	
2.4949196769e+02	11	382	12	488	3	8	0	50	500	500	500	500	500	0	
2.4999979479e+02	11	382	8	492	2	6	0	50	500	500	500	500	500	0	
2.5049820383e+02	10	383	9	491	1	4	0	50	500	500	500	500	500	0	
2.5099840980e+02	9	384	10	490	3	10	0	50	500	500	500	500	500	0	
2.5149957190e+02	9	386	11	489	3	5	0	50	500	500	500	500	500	0	
2.5199935971e+02	11	384	14	486	4	7	0	50	500	500	500	500	500	0	
2.5249726759e+02	6	390	5	495	1	11	0	50	500	500	500	500	500	0	
2.5299898081e+02	9	387	6	494	2	6	0	50	500	500	500	500	500	0	
2.5349746180e+02	7	390	7	493	2	12	0	50	500	500	500	500	500	0	
2.5399728719e+02	9	388	18	482	1	9	0	50	500	500	500	500	500	0	
2.5449510909e+02	6	390	7	493	3	9	0	50	500	500	500	500	500	0	
2.5499706228e+02	5	394	8	492	1	11	0	50	500	500	500	500	500	0	
2.5549972861e+02	5	395	9	491	2	10	0	50	500	500	500	500	500	0	
2.5599891065e+02	4	398	9	491	2	11	0	50	500	500	500	500	500	0	
2.5649939603e+02	3	399	12	488	5	3	0	50	500	500	500	500	500	0	
2.5699800087e+02	4	397	13	487	0	11	0	50	500	500	500	500	500	0	
2.5749186566e+02	6	396	6	494	2	8	0	50	500	500	500	500	500	0	
2.5799848818e+02	4	400	10	490	2	11	0	50	500	500	500	500	500	0	
2.5849177849e+02	4	403	8	492	2	5	0	50	500	500	500	500	500	0	
2.5899887300e+02	5	401	13	487	3	3	0	50	500	500	500	500	500	0	
2.5949898186e+02	7	401	15	485	1	5	0	50	500	500	500	500	500	0	
2.5999943026e+02	8	401	5	495	4	6	0	50	500	500	500	500	500	0	
2.6049858006e+02	7	404	13	487	0	6	0	50	500	500	500	500	500	0	
2.6099727972e+02	5	405	5	495	2	7	0	50	500	500	500	500	500	0	
2.6149930422e+02	2	408	11	489	0	10	0	50	500	500	500	500	500	0	
2.6199710832e+02	4	406	9	491	2	6	0	50	500	500	500	500	500	0	
2.6249967832e+02	2	408	11	489	2	5	0	50	500	500	500	500	500	0	
2.6299864471e+02	4	405	14	486	3	5	0	50	500	500	500	500	500	0	
2.6349968266e+02	7	401	12	488	3	10	0	50	500	500	500	500	500	0	
2.6399778389e+02	8	401	14	486	1	7	0	50	500	500	500	500	500	0	
2.6449954361e+02	6	405	7	493	2	3	0	50	500	500	500	500	500	0	
2.6499782354e+02	5	410	7	493	3	6	0	50	500	500	500	500	500	0	
2.6549630341e+02	6	410	13	487	5	10	0	50	500	500	500	500	500	0	
2.6599898887e+02	7	409	8	492	2	13	0	50	500	500	500	500	500	0	
2.6649753747e+02	6	411	7	493	2	12	0	50	500	500	500	500	500	0	
2.6699894601e+02	9	409	7	493	5	8	0	50	500	500	500	500	500	0	
2.6749967162e+02	10	408	6	494	2	11	0	50	500	500	500	500	500	0	
2.6799956430e+02	11	408	9	491	1	11	0	50	500	500	500	500	500	0	
2.6849582618e+02	12	408	6	494	2	9	0	50	500	500	500	500	500	0	
2.6899776131e+02	12	408	9	491	1	8	0	50	500	500	500	500	500	0	
2.6949924218e+02	11	409	14	486	1	9	0	50	500	500	500	500	500	0	
2.6999623251e+02	11	412	6	494	2	6	0	50	500	500	500	500	500	0	
2.7049955092e+02	8	415	8	492	4	6	0	50	500	500	500	500	500	0	
2.7099960622e+02	8	415	7	493	1	14	0	50	500	500	500	500	500	0	
2.7149998337e+02	11	412	7	493	3	7	0	50	500	500	500	500	500	0	
2.7199969283e+02	7	419	9	491	2	11	0	50	500	500	500	500	500	0	
2.7249993131e+02	6	422	9	491	2	16	0	50	500	500	500	500	500	0	
2.7299997076e+02	7	421	9	491	3	9	0	50	500	500	500	500	500	0	
2.7349708010e+02	6	422	5	495	1	8	0	50	500	500	500	500	500	0	
2.7399691246e+02	8	420	17	483	3	8	0	50	500	500	500	500	500	0	
2.7449847578e+02	6	423	12	488	3	12	0	50	500	500	500	500	500	0	
2.7499836098e+02	7	420	10	490	5	13	0	50	500	500	500	500	500	0	
2.7549911722e+02	8	419	11	489	4	15	0	50	500	500	500	500	500	0	
2.7599760378e+02	10	418	8	492	4	13	0	50	500	500	500	500	500	0	
2.7649873613e+02	11	416	6	494	1	5	0	50	500	500	500	500	500	0	
2.7699860827e+02	8	418	7	493	3	4	0	50	500	500	500	500	500	0	
2.7749848623e+02	8	418	14	486	1	7	0	50	500	500	500	500	500	0	
2.7799724748e+02	10	416	12	488	5	7	0	50	500	500	500	500	500	0	
2.7849396489e+02	12	414	7	493	1	9	0	50	500	500	500	500	500	0	
2.7899665883e+02	11	414	11	489	5	11	0	50	500	500	500	500	500	0	
2.7949872803e+02	10	416	10	490	5	10	0	50	500	500	500	500	500	0	
2.7999758863e+02	10	417	9	491	1	5	0	50	500	500	500	500	500	0	
2.8049930691e+02	10	419	12	488	1	4	0	50	500	500	500	500	500	0	
2.8099372636e+02	6	424	6	494	2	5	0	50	500	500	500	500	500	0	
2.8149975677e+02	9	422	11	489	4	11	0	50	500	500	500	500	500	0	
2.8198008866e+02	7	424	8	492	0	7	0	50	500	500	500	500	500	0	
2.8249340868e+02	9	421	10	490	0	13	0	50	500	500	500	500	500	0	
2.8299850316e+02	13	417	9	491	5	4	0	50	500	500	500	500	500	0	
2.8349790397e+02	11	419	8	492	1	5	0	50	500	500	500	500	500	0	
2.8399964559e+02	9	421	11	489	4	9	0	50	500	500	500	500	500	0	
2.8449948237e+02	9	423	11	489	2	6	0	50	500	500	500	500	500	0	
2.8499449085e+02	14	418	4	496	4	7	0	50	500	500	500	500	500	0	
2.8549955138e+02	12	421	4	496	2	10	0	50	500	500	500	500	500	0	
2.8599998801e+02	15	418	9	491	1	11	0	50	500	500	500	500	500	0	
2.8649973191e+02	14	420	17	483	3	10	0	50	500	500	500	500	500	0	
2.8699846332e+02	11	423	6	494	4	7	0	50	500	500	500	500	500	0	
2.8749872178e+02	9	427	9	491	4	11	0	50	500	500	500	500	500	0	
2.8799904373e+02	7	431	11	489	2	9	0	50	500	500	500	500	500	0	
2.8849829870e+02	10	428	15	485	0	8	0	50	500	500	500	500	500	0	
2.8899952562e+02	8	429	12	488	2	8	0	50	500	500	500	500	500	0	
2.8949939707e+02	11	427	13	487	5	5	0	50	500	500	500	500	500	0	
2.8999821622e+02	12	427	9	491	3	9	0	50	500	500	500	500	500	0	
2.9049756903e+02	14	426	6	494	0	4	0	50	500	500	500	500	500	0	
2.9099973023e+02	11	429	8	492	0	12	0	50	500	500	500	500	500	0	
2.9149822279e+02	11	429	5	495	2	6	0	50	500	500	500	500	500	0	
2.9199979047e+02	10	429	15	485	3	8	0	50	500	500	500	500	500	0	
2.9249821797e+02	13	427	13	487	1	6	0	50	500	500	500	500	500	0	
2.9299307964e+02	11	428	7	493	1	11	0	50	500	500	500	500	500	0	
2.9349941164e+02	12	427	9	491	2	4	0	50	500	500	500	500	500	0	
2.9399899371e+02	9	428	6	494	0	11	0	50	500	500	500	500	500	0	
2.9449892021e+02	10	428	14	486	0	7	0	50	500	500	500	500	500	0	
2.9499989412e+02	11	427	9	491	1	3	0	50	500	500	500	500	500	0	
2.9549885774e+02	10	428	13	487	1	8	0	50	500	500	500	500	500	0	
2.9599122381e+02	10	431	9	491	3	6	0	50	500	500	500	500	500	0	
2.9649812403e+02	6	435	7	493	1	8	0	50	500	500	500	500	500	0	
2.9699983169e+02	6	436	14	486	3	7	0	50	500	500	500	500	500	0	
2.9749977463e+02	7	437	13	487	1	11	0	50	500	500	500	500	500	0	
2.9799947192e+02	8	437	10	490	0	6	0	50	500	500	500	500	500	0	
2.9849760069e+02	11	435	9	491	3	11	0	50	500	500	500	500	500	0	
2.9899925269e+02	11	437	7	493	7	12	0	50	500	500	500	500	500	0	
2.9949307597e+02	7	440	9	491	3	12	0	50	500	500	500	500	500	0	
2.9999907794e+02	8	439	6	494	2	6	0	50	500	500	500	500	500	0	
3.0049655365e+02	10	438	7	493	2	7	0	50	500	500	500	500	500	0	
3.0099946571e+02	10	439	8	492	1	10	0	50	500	500	500	500	500	0	
3.0149595944e+02	11	442	6	494	1	6	0	50	500	500	500	500	500	0	
3.0199792920e+02	7	448	6	494	0	6	0	50	500	500	500	500	500	0	
3.0249137967e+02	5	450	7	493	2	5	0	50	500	500	500	500	500	0	
3.0299988758e+02	7	449	12	488	2	10	0	50	500	500	500	500	500	0	
3.0349686482e+02	9	448	3	497	1	9	0	50	500	500	500	500	500	0	
3.0399433305e+02	6	454	10	490	2	11	0	50	500	500	500	500	500	0	
3.0449984937e+02	5	456	8	492	1	8	0	50	500	500	500	500	500	0	
3.0499875725e+02	7	456	12	488	3	8	0	50	500	500	500	500	500	0	
3.0549938090e+02	9	454	8	492	4	9	0	50	500	500	500	500	500	0	
3.0599728991e+02	7	458	8	492	1	6	0	50	500	500	500	500	500	0	
3.0649399989e+02	8	457	4	496	3	8	0	50	500	500	500	500	500	0	
3.0699649538e+02	7	458	13	487	1	9	0	50	500	500	500	500	500	0	
3.0749924648e+02	4	464	6	494	2	9	0	50	500	500	500	500	500	0	
3.0799992507e+02	6	462	11	489	1	2	0	50	500	500	500	500	500	0	
3.0849671263e+02	5	463	10	490	2	10	0	50	500	500	500	500	500	0	
3.0899418509e+02	7	462	6	494	4	6	0	50	500	500	500	500	500	0	
3.0949840166e+02	6	464	14	486	1	9	0	50	500	500	500	500	500	0	
3.0998759940e+02	4	466	3	497	2	6	0	50	500	500	500	500	500	0	
3.1049657727e+02	6	461	8	492	2	6	0	50	500	500	500	500	500	0	
3.1099672463e+02	4	464	6	494	3	9	0	50	500	500	500	500	500	0	
3.1149792705e+02	7	462	7	493	2	6	0	50	500	500	500	500	500	0	
3.1199911433e+02	7	464	12	488	1	12	0	50	500	500	500	500	500	0	
3.1249629073e+02	8	463	10	490	5	4	0	50	500	500	500	500	500	0	
3.1299971255e+02	6	464	12	488	0	4	0	50	500	500	500	500	500	0	
3.1349588676e+02	4	467	8	492	1	6	0	50	500	500	500	500	500	0	
3.1399982308e+02	5	463	9	491	1	6	0	50	500	500	500	500	500	0	
3.1449984825e+02	7	461	2	498	0	10	0	50	500	500	500	500	500	0	
3.1499687571e+02	10	458	9	491	1	4	0	50	500	500	500	500	500	0	
3.1549710160e+02	8	460	16	484	2	8	0	50	500	500	500	500	500	0	
3.1599680923e+02	6	461	8	492	4	6	0	50	500	500	500	500	500	0	
3.1649740706e+02	7	460	12	488	3	8	0	50	500	500	500	500	500	0	
3.1699562461e+02	9	458	11	489	2	8	0	50	500	500	500	500	500	0	
3.1749966498e+02	10	459	12	488	3	11	0	50	500	500	500	500	500	0	
3.1799782129e+02	13	457	8	492	5	12	0	50	500	500	500	500	500	0	
3.1849305776e+02	11	456	5	495	5	10	0	50	500	500	500	500	500	0	
3.1899208425e+02	14	453	13	487	4	11	0	50	500	500	500	500	500	0	
3.1949452498e+02	8	458	17	483	7	11	0	50	500	500	500	500	500	0	
3.1999916497e+02	8	459	13	487	5	10	0	50	500	500	500	500	500	0	
3.2049687872e+02	9	460	9	491	2	11	0	50	500	500	500	500	500	0	
3.2099956389e+02	14	456	15	485	2	13	0	50	500	500	500	500	500	0	
3.2149934274e+02	14	457	4	496	0	13	0	50	500	500	500	500	500	0	
3.2199256846e+02	12	460	9	491	4	5	0	50	500	500	500	500	500	0	
3.2249942637e+02	11	462	9	491	5	9	0	50	500	500	500	500	500	0	
3.2298741788e+02	11	464	7	493	5	8	0	50	500	500	500	500	500	0	
3.2349289717e+02	10	467	8	492	2	6	0	50	500	500	500	500	500	0	
3.2399979139e+02	8	469	7	493	4	8	0	50	500	500	500	500	500	0	
3.2449572473e+02	6	471	7	493	4	6	0	50	500	500	500	500	500	0	
3.2499855078e+02	6	471	12	488	4	5	0	50	500	500	500	500	500	0	
3.2549939477e+02	6	473	7	493	3	6	0	50	500	500	500	500	500	0	
3.2599930955e+02	6	474	10	490	0	10	0	50	500	500	500	500	500	0	
3.2649911446e+02	7	474	15	485	1	9	0	50	500	500	500	500	500	0	
3.2699809665e+02	9	472	9	491	3	8	0	50	500	500	500	500	500	0	
3.2749989342e+02	13	470	3	497	3	3	0	50	500	500	500	500	500	0	
3.2799801564e+02	12	473	12	488	4	4	0	50	500	500	500	500	500	0	
3.2849803910e+02	12	472	13	487	3	6	0	50	500	500	500	500	500	0	
3.2899664782e+02	12	472	13	487	1	6	0	50	500	500	500	500	500	0	
3.2949534392e+02	7	478	14	486	2	8	0	50	500	500	500	500	500	0	
3.2999962430e+02	9	477	5	495	0	7	0	50	500	500	500	500	500	0	
3.3049798745e+02	11	475	7	493	4	4	0	50	500	500	500	500	500	0	
3.3099933988e+02	10	477	9	491	1	5	0	50	500	500	500	500	500	0	
3.3147937181e+02	7	477	2	498	6	3	0	50	500	500	500	500	500	0	
3.3199464859e+02	7	478	6	494	1	7	0	50	500	500	500	500	500	0	
3.3249767347e+02	5	479	10	490	0	5	0	50	500	500	500	500	500	0	
3.3299952889e+02	6	478	5	495	0	10	0	50	500	500	500	500	500	0	
3.3349784843e+02	9	474	5	495	3	11	0	50	500	500	500	500	500	0	
3.3399992967e+02	9	474	6	494	2	10	0	50	500	500	500	500	500	0	
3.3449752549e+02	8	478	10	490	3	5	0	50	500	500	500	500	500	0	
3.3499954847e+02	9	476	2	498	2	8	0	50	500	500	500	500	500	0	
3.3549942036e+02	8	476	9	491	1	7	0	50	500	500	500	500	500	0	
3.3599679452e+02	8	476	14	486	0	6	0	50	500	500	500	500	500	0	
3.3649989789e+02	7	476	8	492	3	4	0	50	500	500	500	500	500	0	
3.3699797474e+02	6	477	8	492	2	4	0	50	500	500	500	500	500	0	
3.3749740443e+02	3	481	10	490	1	7	0	50	500	500	500	500	500	0	
3.3799750732e+02	2	482	14	486	2	12	0	50	500	500	500	500	500	0	
3.3849721108e+02	5	478	7	493	2	11	0	50	500	500	500	500	500	0	
3.3899579580e+02	4	480	10	490	1	8	0	50	500	500	500	500	500	0	
3.3949692668e+02	5	480	8	492	1	11	0	50	500	500	500	500	500	0	
3.3999536653e+02	7	478	7	493	3	8	0	50	500	500	500	500	500	0	
3.4049496296e+02	11	475	7	493	2	7	0	50	500	500	500	500	500	0	
3.4099785566e+02	8	479	5	495	3	6	0	50	500	500	500	500	500	0	
3.4149651289e+02	7	482	9	491	5	6	0	50	500	500	500	500	500	0	
3.4199926387e+02	9	480	6	494	2	5	0	50	500	500	500	500	500	0	
3.4249655085e+02	9	481	7	493	1	9	0	50	500	500	500	500	500	0	
3.4299806073e+02	10	481	10	490	3	3	0	50	500	500	500	500	500	0	
3.4349928146e+02	11	482	8	492	1	10	0	50	500	500	500	500	500	0	
3.4399895882e+02	10	484	12	488	2	9	0	50	500	500	500	500	500	0	
3.4449803996e+02	9	485	5	495	3	10	0	50	500	500	500	500	500	0	
3.4499963175e+02	13	481	10	490	4	2	0	50	500	500	500	500	500	0	
3.4549905004e+02	14	481	11	489	5	2	0	50	500	500	500	500	500	0	
3.4599847077e+02	14	480	9	491	3	8	0	50	500	500	500	500	500	0	
3.4649592427e+02	12	484	8	492	6	12	0	50	500	500	500	500	500	0	
3.4699976540e+02	10	488	21	479	3	9	0	50	500	500	500	500	500	0	
3.4749760104e+02	10	488	4	496	3	14	0	50	500	500	500	500	500	0	
3.4799901393e+02	11	488	11	489	2	6	0	50	500	500	500	500	500	0	
3.4849541960e+02	10	490	4	496	4	5	0	50	500	500	500	500	500	0	
3.4899660639e+02	7	493	10	490	1	3	0	50	500	500	500	500	500	0	
3.4949848907e+02	6	494	6	494	1	6	0	50	500	500	500	500	500	0	
3.4999638990e+02	7	495	7	493	0	5	0	50	500	500	500	500	500	0	
3.5049920572e+02	4	496	5	495	0	6	0	50	500	500	500	500	500	0	
3.5099816182e+02	5	495	4	496	0	9	0	50	500	500	500	500	500	0	
3.5149969191e+02	3	497	7	493	3	6	0	50	500	500	500	500	500	0	
3.5199031568e+02	4	496	9	491	2	8	0	50	500	500	500	500	500	0	
3.5249849148e+02	6	496	5	495	2	1	0	50	500	500	500	500	500	0	
3.5299406478e+02	3	500	10	490	1	3	0	50	500	500	500	500	500	0	
3.5349872613e+02	2	500	10	490	2	4	0	50	500	500	500	500	500	0	
3.5399860038e+02	3	498	13	487	2	5	0	50	500	500	500	500	500	0	
3.5449974024e+02	3	496	7	493	4	15	0	50	500	500	500	500	500	0	
3.5499727455e+02	6	494	8	492	4	6	0	50	500	500	500	500	500	0	
3.5549861334e+02	8	494	4	496	1	10	0	50	500	500	500	500	500	0	
3.5599986097e+02	7	497	9	491	4	9	0	50	500	500	500	500	500	0	
3.5649529605e+02	7	498	12	488	3	8	0	50	500	500	500	500	500	0	
3.5699120731e+02	7	501	3	497	6	8	0	50	500	500	500	500	500	0	
3.5749164506e+02	10	500	6	494	3	8	0	50	500	500	500	500	500	0	
3.5799736633e+02	9	500	2	498	3	7	0	50	500	500	500	500	500	0	
3.5849795050e+02	5	506	11	489	2	6	0	50	500	500	500	500	500	0	
3.5899600889e+02	6	506	4	496	2	8	0	50	500	500	500	500	500	0	
3.5949936424e+02	8	508	6	494	0	10	0	50	500	500	500	500	500	0	
3.5999678739e+02	6	512	7	493	2	8	0	50	500	500	500	500	500	0	
3.6049669616e+02	9	509	7	493	3	2	0	50	500	500	500	500	500	0	
3.6099617772e+02	10	509	7	493	5	11	0	50	500	500	500	500	500	0	
3.6149756543e+02	6	513	3	497	2	11	0	50	500	500	500	500	500	0	
3.6199747660e+02	5	514	12	488	0	13	0	50	500	500	500	500	500	0	
3.6249620053e+02	5	514	5	495	3	6	0	50	500	500	500	500	500	0	
3.6299639988e+02	5	515	7	493	4	5	0	50	500	500	500	500	500	0	
3.6349983003e+02	9	509	10	490	4	3	0	50	500	500	500	500	500	0	
3.6399924411e+02	13	505	13	487	2	8	0	50	500	500	500	500	500	0	
3.6449935592e+02	10	508	8	492	2	8	0	50	500	500	500	500	500	0	
3.6499894977e+02	13	505	5	495	6	5	0	50	500	500	500	500	500	0	
3.6549956275e+02	15	502	10	490	1	14	0	50	500	500	500	500	500	0	
3.6599595887e+02	14	504	7	493	3	12	0	50	500	500	500	500	500	0	
3.6649941830e+02	13	505	9	491	5	12	0	50	500	500	500	500	500	0	
3.6699629554e+02	12	504	6	494	2	15	0	50	500	500	500	500	500	0	
3.6749876493e+02	16	498	6	494	5	10	0	50	500	500	500	500	500	0	
3.6799926387e+02	11	503	4	496	2	6	0	50	500	500	500	500	500	0	
3.6849953606e+02	13	500	5	495	7	3	0	50	500	500	500	500	500	0	
3.6899886491e+02	9	508	11	489	3	9	0	50	500	500	500	500	500	0	
3.6949886850e+02	11	504	5	495	1	6	0	50	500	500	500	500	500	0	
3.6999748940e+02	13	502	3	497	1	8	0	50	500	500	500	500	500	0	
3.7049504465e+02	12	504	8	492	4	3	0	50	500	500	500	500	500	0	
3.7099662547e+02	10	507	7	493	2	8	0	50	500	500	500	500	500	0	
3.7149949641e+02	9	508	11	489	3	9	0	50	500	500	500	500	500	0	
3.7199798526e+02	7	510	4	496	2	11	0	50	500	500	500	500	500	0	
3.7249985575e+02	8	508	13	487	6	11	0	50	500	500	500	500	500	0	
3.7299361419e+02	11	505	8	492	3	12	0	50	500	500	500	500	500	0	
3.7349992127e+02	10	506	8	492	1	8	0	50	500	500	500	500	500	0	
3.7399956496e+02	13	503	9	491	3	7	0	50	500	500	500	500	500	0	
3.7449990046e+02	11	508	7	493	1	8	0	50	500	500	500	500	500	0	
3.7499980976e+02	15	505	6	494	2	8	0	50	500	500	500	500	500	0	
3.7549766663e+02	14	506	6	494	1	6	0	50	500	500	500	500	500	0	
3.7599576302e+02	10	511	2	498	0	13	0	50	500	500	500	500	500	0	
3.7649936282e+02	9	513	4	496	4	13	0	50	500	500	500	500	500	0	
3.7699925355e+02	7	515	7	493	4	7	0	50	500	500	500	500	500	0	
3.7749831324e+02	10	513	10	490	0	6	0	50	500	500	500	500	500	0	
3.7799978488e+02	9	516	11	489	1	2	0	50	500	500	500	500	500	0	
3.7849749138e+02	10	517	12	488	3	5	0	50	500	500	500	500	500	0	
3.7899791366e+02	13	514	12	488	2	10	0	50	500	500	500	500	500	0	
3.7949703122e+02	15	513	11	489	7	5	0	50	500	500	500	500	500	0	
3.7999983321e+02	11	519	9	491	2	3	0	50	500	500	500	500	500	0	
3.8049786553e+02	9	524	14	486	1	8	0	50	500	500	500	500	500	0	
3.8099644439e+02	7	527	10	490	4	8	0	50	500	500	500	500	500	0	
3.8149778330e+02	8	527	10	490	2	6	0	50	500	500	500	500	500	0	
3.8199977330e+02	8	528	8	492	2	11	0	50	500	500	500	500	500	0	
3.8249523496e+02	7	530	8	492	2	5	0	50	500	500	500	500	500	0	
3.8299910840e+02	10	528	10	490	1	9	0	50	500	500	500	500	500	0	
3.8349567796e+02	9	529	3	497	3	8	0	50	500	500	500	500	500	0	
3.8399933590e+02	10	527	11	489	4	4	0	50	500	500	500	500	500	0	
3.8449957928e+02	10	527	6	494	2	5	0	50	500	500	500	500	500	0	
3.8499940441e+02	10	526	11	489	1	9	0	50	500	500	500	500	500	0	
3.8549934323e+02	11	527	10	490	3	10	0	50	500	500	500	500	500	0	
3.8599781397e+02	8	530	5	495	0	7	0	50	500	500	500	500	500	0	
3.8649777494e+02	8	533	3	497	1	4	0	50	500	500	500	500	500	0	
3.8699243311e+02	7	534	12	488	2	9	0	50	500	500	500	500	500	0	
3.8749975053e+02	6	535	7	493	4	5	0	50	500	500	500	500	500	0	
3.8798976693e+02	5	536	12	488	2	6	0	50	500	500	500	500	500	0	
3.8849994184e+02	8	533	6	494	2	9	0	50	500	500	500	500	500	0	
3.8899804425e+02	7	532	18	482	2	10	0	50	500	500	500	500	500	0	
3.8949879476e+02	6	535	7	493	2	11	0	50	500	500	500	500	500	0	
3.8999968905e+02	6	535	4	496	2	8	0	50	500	500	500	500	500	0	
3.9049541874e+02	8	535	4	496	4	5	0	50	500	500	500	500	500	0	
3.9099957789e+02	8	535	9	491	2	12	0	50	500	500	500	500	500	0	
3.9149293389e+02	10	533	6	494	3	9	0	50	500	500	500	500	500	0	
3.9199492695e+02	13	531	14	486	1	9	0	50	500	500	500	500	500	0	
3.9249411180e+02	12	534	6	494	0	12	0	50	500	500	500	500	500	0	
3.9299957809e+02	13	533	11	489	1	9	0	50	500	500	500	500	500	0	
3.9349935575e+02	13	531	9	491	0	11	0	50	500	500	500	500	500	0	
3.9399718377e+02	15	529	6	494	3	6	0	50	500	500	500	500	500	0	
3.9449963096e+02	12	531	8	492	4	7	0	50	500	500	500	500	500	0	
3.9499698667e+02	13	530	8	492	3	8	0	50	500	500	500	500	500	0	
3.9549706714e+02	12	532	7	493	3	4	0	50	500	500	500	500	500	0	
3.9599860990e+02	11	532	8	492	4	10	0	50	500	500	500	500	500	0	
3.9649787935e+02	13	532	7	493	4	14	0	50	500	500	500	500	500	0	
3.9699656697e+02	13	532	4	496	3	7	0	50	500	500	500	500	500	0	
3.9749479094e+02	11	534	7	493	0	13	0	50	500	500	500	500	500	0	
3.9799861429e+02	9	537	6	494	3	10	0	50	500	500	500	500	500	0	
3.9849836593e+02	11	537	6	494	2	6	0	50	500	500	500	500	500	0	
3.9899948296e+02	11	542	5	495	2	8	0	50	500	500	500	500	500	0	
3.9949725823e+02	11	543	4	496	0	9	0	50	500	500	500	500	500	0	
3.9999690598e+02	9	545	7	493	2	9	0	50	500	500	500	500	500	0	
4.0049388820e+02	5	549	4	496	1	5	0	50	500	500	500	500	500	0	
4.0099890166e+02	5	547	8	492	2	7	0	50	500	500	500	500	500	0	
4.0149946278e+02	4	549	8	492	3	9	0	50	500	500	500	500	500	0	
4.0199595890e+02	6	548	7	493	3	9	0	50	500	500	500	500	500	0	
4.0249984099e+02	8	544	9	491	1	7	0	50	500	500	500	500	500	0	
4.0299826146e+02	8	544	3	497	1	7	0	50	500	500	500	500	500	0	
4.0349839886e+02	9	542	4	496	3	6	0	50	500	500	500	500	500	0	
4.0399797285e+02	8	542	9	491	1	7	0	50	500	500	500	500	500	0	
4.0449732249e+02	7	542	4	496	1	12	0	50	500	500	500	500	500	0	
4.0499975894e+02	10	539	5	495	0	8	0	50	500	500	500	500	500	0	
4.0549805699e+02	7	543	12	488	3	1	0	50	500	500	500	500	500	0	
4.0599995245e+02	5	546	7	493	3	7	0	50	500	500	500	500	500	0	
4.0649730357e+02	4	546	5	495	3	10	0	50	500	500	500	500	500	0	
4.0699916622e+02	5	546	6	494	2	6	0	50	500	500	500	500	500	0	
4.0749607646e+02	6	545	10	490	0	8	0	50	500	500	500	500	500	0	
4.0799957435e+02	7	545	12	488	2	5	0	50	500	500	500	500	500	0	
4.0849981778e+02	8	546	7	493	0	7	0	50	500	500	500	500	500	0	
4.0899043569e+02	8	546	4	496	2	1	0	50	500	500	500	500	500	0	
4.0949942673e+02	8	546	6	494	1	7	0	50	500	500	500	500	500	0	
4.0999812380e+02	11	543	6	494	4	6	0	50	500	500	500	500	500	0	
4.1049435158e+02	11	543	2	498	1	9	0	50	500	500	500	500	500	0	
4.1099930089e+02	9	545	9	491	0	6	0	50	500	500	500	500	500	0	
4.1149640011e+02	9	546	5	495	3	5	0	50	500	500	500	500	500	0	
4.1199971321e+02	9	546	5	495	3	2	0	50	500	500	500	500	500	0	
4.1249992692e+02	11	545	7	493	2	7	0	50	500	500	500	500	500	0	
4.1299794156e+02	11	544	8	492	0	7	0	50	500	500	500	500	500	0	
4.1349862657e+02	12	544	7	493	0	5	0	50	500	500	500	500	500	0	
4.1398249949e+02	13	547	3	497	1	7	0	50	500	500	500	500	500	0	
4.1449179199e+02	18	544	8	492	2	8	0	50	500	500	500	500	500	0	
4.1499879989e+02	18	547	6	494	1	14	0	50	500	500	500	500	500	0	
4.1549848216e+02	22	542	4	496	4	11	0	50	500	500	500	500	500	0	
4.1598972816e+02	25	539	7	493	5	7	0	50	500	500	500	500	500	0	
4.1649759096e+02	20	545	9	491	1	11	0	50	500	500	500	500	500	0	
4.1699400415e+02	15	550	8	492	6	12	0	50	500	500	500	500	500	0	
4.1749687575e+02	16	550	7	493	3	11	0	50	500	500	500	500	500	0	
4.1799795489e+02	14	554	9	491	1	6	0	50	500	500	500	500	500	0	
4.1849918206e+02	13	555	4	496	4	5	0	50	500	500	500	500	500	0	
4.1898934277e+02	16	552	7	493	0	9	0	50	500	500	500	500	500	0	
4.1949745386e+02	16	550	14	486	4	4	0	50	500	500	500	500	500	0	
4.1999713224e+02	14	556	6	494	0	5	0	50	500	500	500	500	500	0	
4.2049994414e+02	12	558	7	493	6	7	0	50	500	500	500	500	500	0	
4.2099691198e+02	11	559	4	496	3	6	0	50	500	500	500	500	500	0	
4.2149830708e+02	7	564	11	489	1	8	0	50	500	500	500	500	500	0	
4.2199853080e+02	5	567	8	492	3	5	0	50	500	500	500	500	500	0	
4.2249388673e+02	6	565	7	493	1	8	0	50	500	500	500	500	500	0	
4.2299967350e+02	6	565	5	495	3	11	0	50	500	500	500	500	500	0	
4.2349786373e+02	8	564	8	492	1	7	0	50	500	500	500	500	500	0	
4.2399320372e+02	7	565	7	493	1	5	0	50	500	500	500	500	500	0	
4.2449897402e+02	6	566	12	488	4	9	0	50	500	500	500	500	500	0	
4.2499819359e+02	8	564	8	492	0	6	0	50	500	500	500	500	500	0	
4.2549973380e+02	11	563	9	491	2	11	0	50	500	500	500	500	500	0	
4.2599706243e+02	10	565	5	495	0	8	0	50	500	500	500	500	500	0	
4.2649324908e+02	8	568	9	491	3	8	0	50	500	500	500	500	500	0	
4.2699956434e+02	8	569	6	494	1	6	0	50	500	500	500	500	500	0	
4.2749988801e+02	6	573	8	492	2	7	0	50	500	500	500	500	500	0	
4.2799967684e+02	5	576	3	497	1	8	0	50	500	500	500	500	500	0	
4.2849648286e+02	4	579	4	496	2	11	0	50	500	500	500	500	500	0	
4.2899595413e+02	7	575	7	493	2	12	0	50	500	500	500	500	500	0	
4.2949776382e+02	13	570	9	491	1	10	0	50	500	500	500	500	500	0	
4.2999887066e+02	15	570	5	495	2	8	0	50	500	500	500	500	500	0	
4.3049915796e+02	12	574	6	494	2	6	0	50	500	500	500	500	500	0	
4.3099886006e+02	8	577	9	491	1	4	0	50	500	500	500	500	500	0	
4.3149729719e+02	8	577	5	495	4	3	0	50	500	500	500	500	500	0	
4.3199978378e+02	9	575	7	493	2	7	0	50	500	500	500	500	500	0	
4.3249590170e+02	6	579	7	493	3	7	0	50	500	500	500	500	500	0	
4.3299980620e+02	5	580	11	489	3	8	0	50	500	500	500	500	500	0	
4.3349572343e+02	9	576	9	491	1	8	0	50	500	500	500	500	500	0	
4.3399990653e+02	11	576	9	491	2	12	0	50	500	500	500	500	500	0	
4.3449852892e+02	16	571	14	486	4	5	0	50	500	500	500	500	500	0	
4.3499868123e+02	13	574	5	495	0	9	0	50	500	500	500	500	500	0	
4.3549888917e+02	10	577	6	494	2	6	0	50	500	500	500	500	500	0	
4.3599040495e+02	12	575	6	494	3	7	0	50	500	500	500	500	500	0	
4.3649984536e+02	13	575	9	491	3	13	0	50	500	500	500	500	500	0	
4.3699983942e+02	16	572	5	495	3	10	0	50	500	500	500	500	500	0	
4.3749965658e+02	17	571	11	489	4	9	0	50	500	500	500	500	500	0	
4.3799966465e+02	20	570	5	495	5	14	0	50	500	500	500	500	500	0	
4.3849586326e+02	17	575	2	498	2	9	0	50	500	500	500	500	500	0	
4.3899700462e+02	18	577	3	497	7	5	0	50	500	500	500	500	500	0	
4.3949976409e+02	16	581	7	493	2	8	0	50	500	500	500	500	500	0	
4.3999951919e+02	8	590	5	495	0	14	0	50	500	500	500	500	500	0	
4.4049540416e+02	8	590	4	496	1	13	0	50	500	500	500	500	500	0	
4.4099715469e+02	5	592	8	492	3	11	0	50	500	500	500	500	500	0	
4.4149979015e+02	5	592	4	496	2	11	0	50	500	500	500	500	500	0	
4.4199788795e+02	4	593	5	495	2	6	0	50	500	500	500	500	500	0	
4.4249332559e+02	3	595	5	495	2	5	0	50	500	500	500	500	500	0	
4.4299695783e+02	2	595	4	496	1	3	0	50	500	500	500	500	500	0	
4.4349436837e+02	2	594	4	496	0	5	0	50	500	500	500	500	500	0	
4.4399765256e+02	3	593	4	496	1	7	0	50	500	500	500	500	500	0	
4.4449664561e+02	3	594	6	494	2	8	0	50	500	500	500	500	500	0	
4.4499484084e+02	4	593	6	494	1	7	0	50	500	500	500	500	500	0	
4.4549869241e+02	6	591	2	498	3	8	0	50	500	500	500	500	500	0	
4.4599297207e+02	6	593	7	493	3	7	0	50	500	500	500	500	500	0	
4.4649854905e+02	7	591	12	488	0	10	0	50	500	500	500	500	500	0	
4.4699166894e+02	10	589	3	497	4	11	0	50	500	500	500	500	500	0	
4.4749581423e+02	11	587	8	492	1	10	0	50	500	500	500	500	500	0	
4.4799894077e+02	11	588	7	493	5	7	0	50	500	500	500	500	500	0	
4.4849492828e+02	11	588	8	492	2	6	0	50	500	500	500	500	500	0	
4.4899795965e+02	8	589	4	496	1	9	0	50	500	500	500	500	500	0	
4.4949957826e+02	7	591	5	495	1	10	0	50	500	500	500	500	500	0	
4.4999718209e+02	9	589	5	495	6	9	0	50	500	500	500	500	500	0	
4.5049757359e+02	11	588	7	493	4	9	0	50	500	500	500	500	500	0	
4.5099606762e+02	11	589	4	496	3	6	0	50	500	500	500	500	500	0	
4.5149824955e+02	12	588	8	492	4	5	0	50	500	500	500	500	500	0	
4.5199903097e+02	15	586	1	499	3	8	0	50	500	500	500	500	500	0	
4.5249468727e+02	12	589	11	489	3	8	0	50	500	500	500	500	500	0	
4.5299975876e+02	13	588	1	499	1	10	0	50	500	500	500	500	500	0	
4.5349630332e+02	9	592	8	492	1	4	0	50	500	500	500	500	500	0	
4.5399276191e+02	8	592	5	495	5	3	0	50	500	500	500	500	500	0	
4.5449644050e+02	9	591	8	492	3	13	0	50	500	500	500	500	500	0	
4.5499636076e+02	12	589	14	486	3	10	0	50	500	500	500	500	500	0	
4.5549941709e+02	14	587	8	492	1	13	0	50	500	500	500	500	500	0	
4.5599985295e+02	13	589	8	492	2	5	0	50	500	500	500	500	500	0	
4.5649926402e+02	12	590	12	488	4	4	0	50	500	500	500	500	500	0	
4.5699877304e+02	14	589	7	493	2	10	0	50	500	500	500	500	500	0	
4.5749974578e+02	7	598	6	494	6	5	0	50	500	500	500	500	500	0	
4.5799470208e+02	8	597	2	498	0	8	0	50	500	500	500	500	500	0	
4.5849255542e+02	9	595	6	494	2	10	0	50	500	500	500	500	500	0	
4.5899265610e+02	9	596	5	495	1	7	0	50	500	500	500	500	500	0	
4.5949779990e+02	11	596	4	496	2	7	0	50	500	500	500	500	500	0	
4.5999960843e+02	12	595	10	490	1	9	0	50	500	500	500	500	500	0	
4.6049822971e+02	12	598	6	494	4	5	0	50	500	500	500	500	500	0	
4.6099641154e+02	7	604	4	496	4	10	0	50	500	500	500	500	500	0	
4.6149913735e+02	12	598	3	497	1	13	0	50	500	500	500	500	500	0	
4.6199635375e+02	14	597	10	490	2	12	0	50	500	500	500	500	500	0	
4.6249262994e+02	14	599	5	495	2	9	0	50	500	500	500	500	500	0	
4.6299522407e+02	14	600	6	494	2	7	0	50	500	500	500	500	500	0	
4.6349751495e+02	9	607	11	489	2	4	0	50	500	500	500	500	500	0	
4.6399919716e+02	7	610	6	494	1	5	0	50	500	500	500	500	500	0	
4.6449999181e+02	10	608	7	493	4	13	0	50	500	500	500	500	500	0	
4.6499899486e+02	12	604	5	495	3	5	0	50	500	500	500	500	500	0	
4.6549699590e+02	13	602	5	495	1	7	0	50	500	500	500	500	500	0	
4.6599790301e+02	11	604	7	493	3	3	0	50	500	500	500	500	500	0	
4.6649965613e+02	10	602	8	492	1	4	0	50	500	500	500	500	500	0	
4.6699882712e+02	9	604	9	491	1	5	0	50	500	500	500	500	500	0	
4.6749774585e+02	8	605	8	492	2	8	0	50	500	500	500	500	500	0	
4.6799910315e+02	10	603	5	495	0	7	0	50	500	500	500	500	500	0	
4.6849799750e+02	9	606	9	491	3	10	0	50	500	500	500	500	500	0	
4.6899773400e+02	10	604	8	492	3	11	0	50	500	500	500	500	500	0	
4.6949880986e+02	11	605	5	495	2	9	0	50	500	500	500	500	500	0	
4.6999960870e+02	11	605	8	492	2	8	0	50	500	500	500	500	500	0	
4.7049972538e+02	8	609	3	497	2	11	0	50	500	500	500	500	500	0	
4.7099926265e+02	8	612	4	496	0	13	0	50	500	500	500	500	500	0	
4.7149888669e+02	9	611	5	495	4	4	0	50	500	500	500	500	500	0	
4.7199756316e+02	11	610	7	493	3	8	0	50	500	500	500	500	500	0	
4.7249960327e+02	8	614	3	497	0	8	0	50	500	500	500	500	500	0	
4.7299734028e+02	12	611	10	490	1	7	0	50	500	500	500	500	500	0	
4.7349865275e+02	12	612	8	492	0	2	0	50	500	500	500	500	500	0	
4.7399606088e+02	15	610	6	494	3	7	0	50	500	500	500	500	500	0	
4.7449858069e+02	15	611	8	492	4	8	0	50	500	500	500	500	500	0	
4.7499903431e+02	15	611	5	495	0	8	0	50	500	500	500	500	500	0	
4.7549539092e+02	9	617	6	494	4	6	0	50	500	500	500	500	500	0	
4.7599932641e+02	8	616	7	493	3	8	0	50	500	500	500	500	500	0	
4.7649591147e+02	10	613	6	494	0	6	0	50	500	500	500	500	500	0	
4.7699775450e+02	9	615	6	494	2	4	0	50	500	500	500	500	500	0	
4.7749994453e+02	10	614	11	489	3	6	0	50	500	500	500	500	500	0	
4.7799953754e+02	11	616	4	496	5	8	0	50	500	500	500	500	500	0	
4.7849281750e+02	8	622	5	495	3	5	0	50	500	500	500	500	500	0	
4.7899694807e+02	9	622	9	491	2	4	0	50	500	500	500	500	500	0	
4.7949966986e+02	9	623	11	489	0	6	0	50	500	500	500	500	500	0	
4.7998543702e+02	7	625	7	493	1	4	0	50	500	500	500	500	500	0	
4.8049806681e+02	9	623	4	496	3	4	0	50	500	500	500	500	500	0	
4.8099886073e+02	6	624	7	493	4	9	0	50	500	500	500	500	500	0	
4.8149931883e+02	9	621	1	499	3	14	0	50	500	500	500	500	500	0	
4.8199706280e+02	8	621	5	495	3	12	0	50	500	500	500	500	500	0	
4.8249836477e+02	7	624	2	498	1	10	0	50	500	500	500	500	500	0	
4.8299902570e+02	10	621	7	493	3	7	0	50	500	500	500	500	500	0	
4.8349841281e+02	9	621	3	497	5	8	0	50	500	500	500	500	500	0	
4.8399814033e+02	9	623	7	493	1	10	0	50	500	500	500	500	500	0	
4.8449670766e+02	7	626	6	494	1	4	0	50	500	500	500	500	500	0	
4.8499896998e+02	7	628	5	495	0	3	0	50	500	500	500	500	500	0	
4.8549995653e+02	7	630	6	494	1	9	0	50	500	500	500	500	500	0	
4.8599807120e+02	5	632	1	499	0	3	0	50	500	500	500	500	500	0	
4.8649712120e+02	5	632	6	494	3	8	0	50	500	500	500	500	500	0	
4.8699719942e+02	5	635	10	490	1	4	0	50	500	500	500	500	500	0	
4.8749911178e+02	5	636	5	495	1	10	0	50	500	500	500	500	500	0	
4.8799742683e+02	6	638	4	496	6	4	0	50	500	500	500	500	500	0	
4.8849841966e+02	5	639	4	496	6	5	0	50	500	500	500	500	500	0	
4.8899508103e+02	7	638	7	493	2	5	0	50	500	500	500	500	500	0	
4.8949875909e+02	6	638	8	492	0	8	0	50	500	500	500	500	500	0	
4.8999866279e+02	6	640	11	489	0	11	0	50	500	500	500	500	500	0	
4.9049576743e+02	4	644	6	494	1	3	0	50	500	500	500	500	500	0	
4.9099949852e+02	3	645	8	492	3	4	0	50	500	500	500	500	500	0	
4.9149651236e+02	6	643	9	491	2	4	0	50	500	500	500	500	500	0	
4.9199752081e+02	7	642	5	495	0	6	0	50	500	500	500	500	500	0	
4.9249989083e+02	8	640	11	489	2	9	0	50	500	500	500	500	500	0	
4.9299946560e+02	11	636	4	496	3	10	0	50	500	500	500	500	500	0	
4.9349809694e+02	12	635	4	496	4	5	0	50	500	500	500	500	500	0	
4.9399820119e+02	13	636	10	490	2	8	0	50	500	500	500	500	500	0	
4.9449862295e+02	14	635	6	494	3	8	0	50	500	500	500	500	500	0	
4.9499947493e+02	11	637	4	496	2	6	0	50	500	500	500	500	500	0	
4.9549569026e+02	10	638	4	496	5	6	0	50	500	500	500	500	500	0	
4.9599997105e+02	7	641	5	495	2	6	0	50	500	500	500	500	500	0	
4.9649665958e+02	9	639	4	496	4	7	0	50	500	500	500	500	500	0	
4.9699834156e+02	6	640	8	492	2	5	0	50	500	500	500	500	500	0	
4.9749993600e+02	7	638	1	499	2	9	0	50	500	500	500	500	500	0	
4.9799858850e+02	8	636	9	491	2	4	0	50	500	500	500	500	500	0	
4.9849833605e+02	7	636	4	496	1	9	0	50	500	500	500	500	500	0	
4.9899953248e+02	13	629	8	492	4	6	0	50	500	500	500	500	500	0	
4.9949788142e+02	11	633	11	489	2	7	0	50	500	500	500	500	500	0	
4.9999987946e+02	10	634	15	485	1	9	0	50	500	500	500	500	500	0	
5.0000177640e+02	10	634	14	486	1	9	0	50	500	500	500	500	500	0	
