0.0000000000e+00	0	0	0	0	0	500	500	0	500	500	0	500	500	30	
4.9999012787e-01	0	3	2	1	38	462	500	0	500	500	0	500	500	30	
9.9941728250e-01	0	3	4	3	43	457	500	0	500	500	0	500	500	30	
1.4973073114e+00	3	3	5	4	54	446	500	0	500	500	0	500	500	30	
1.9940969909e+00	3	3	6	4	37	463	500	0	500	500	0	500	500	30	
2.4973414222e+00	4	4	7	3	30	470	500	0	500	500	0	500	500	30	
2.9974842942e+00	6	5	9	7	36	464	500	0	500	500	0	500	500	30	
3.4974772450e+00	7	4	12	8	57	443	500	0	500	500	0	500	500	30	
3.9980643184e+00	7	4	16	5	45	455	500	0	500	500	0	500	500	30	
4.4996754102e+00	8	4	15	8	42	458	500	0	500	500	0	500	500	30	
4.9812130350e+00	8	4	20	6	33	467	500	0	500	500	0	500	500	30	
5.4997977000e+00	10	3	19	8	37	463	500	0	500	500	0	500	500	30	
5.9986464367e+00	11	2	17	11	43	457	500	0	500	500	0	500	500	30	
6.4993734921e+00	11	4	17	14	39	461	500	0	500	500	0	500	500	30	
6.9985101706e+00	12	4	19	14	47	453	500	0	500	500	0	500	500	30	
7.4999274522e+00	13	3	27	9	45	455	500	0	500	500	0	500	500	30	
7.9995455884e+00	15	2	28	11	48	452	500	0	500	500	0	500	500	30	
8.4976974858e+00	17	1	29	12	41	459	500	0	500	500	0	500	500	30	
8.9998999479e+00	17	2	36	9	36	464	500	0	500	500	0	500	500	30	
9.4937310571e+00	22	1	37	10	30	470	500	0	500	500	0	500	500	30	
9.9994584401e+00	21	4	38	11	32	468	500	0	500	500	0	500	500	30	
1.0496625277e+01	22	4	37	13	28	472	500	0	500	500	0	500	500	30	
1.0997995696e+01	24	3	32	18	47	453	500	0	500	500	0	500	500	30	
1.1499392466e+01	25	2	37	14	25	475	500	0	500	500	0	500	500	30	
1.1998831811e+01	26	3	32	20	40	460	500	0	500	500	0	500	500	30	
1.2498218830e+01	26	4	37	15	25	475	500	0	500	500	0	500	500	30	
1.2999796651e+01	26	5	36	19	39	461	500	0	500	500	0	500	500	30	
1.3492953349e+01	28	5	42	14	42	458	500	0	500	500	0	500	500	30	
1.3999822524e+01	30	5	41	18	53	447	500	0	500	500	0	500	500	30	
1.4497642919e+01	32	4	45	16	38	462	500	0	500	500	0	500	500	30	
1.4998927587e+01	33	4	45	16	40	460	500	0	500	500	0	500	500	30	
1.5497695853e+01	35	3	39	22	34	466	500	0	500	500	0	500	500	30	
1.5997094862e+01	34	4	45	17	33	467	500	0	500	500	0	500	500	30	
1.6498908037e+01	35	3	49	15	42	458	500	0	500	500	0	500	500	30	
1.6997246977e+01	36	3	50	18	41	459	500	0	500	500	0	500	500	30	
1.7496731072e+01	37	2	54	17	36	464	500	0	500	500	0	500	500	30	
1.7998168405e+01	37	2	54	19	60	440	500	0	500	500	0	500	500	30	
1.8493591105e+01	37	3	52	23	54	446	500	0	500	500	0	500	500	30	
1.8999014485e+01	37	6	58	17	49	451	500	0	500	500	0	500	500	30	
1.9499791921e+01	39	6	55	23	50	450	500	0	500	500	0	500	500	30	
1.9999748084e+01	44	4	48	30	26	474	500	0	500	500	0	500	500	30	
2.0498893652e+01	45	4	48	27	36	464	500	0	500	500	0	500	500	30	
2.0998716144e+01	47	3	50	26	33	467	500	0	500	500	0	500	500	30	
2.1498963981e+01	47	3	58	20	36	464	500	0	500	500	0	500	500	30	
2.1994887879e+01	46	4	56	23	44	456	500	0	500	500	0	500	500	30	
2.2498353930e+01	49	2	62	18	49	451	500	0	500	500	0	500	500	30	
2.2995710956e+01	49	2	63	18	44	456	500	0	500	500	0	500	500	30	
2.3498412090e+01	49	2	53	31	38	462	500	0	500	500	0	500	500	30	
2.3997881028e+01	50	1	57	31	37	463	500	0	500	500	0	500	500	30	
2.4497373950e+01	51	2	60	29	43	457	500	0	500	500	0	500	500	30	
2.4999683463e+01	50	2	55	34	23	477	500	0	500	500	0	500	500	30	
2.5496007704e+01	47	6	60	32	33	467	500	0	500	500	0	500	500	30	
2.5998075138e+01	47	6	69	22	39	461	500	0	500	500	0	500	500	30	
2.6498725107e+01	48	6	70	26	38	462	500	0	500	500	0	500	500	30	
2.6997584295e+01	48	6	73	24	32	468	500	0	500	500	0	500	500	30	
2.7499969587e+01	50	4	76	25	53	447	500	0	500	500	0	500	500	30	
2.7999096704e+01	52	3	75	29	43	457	500	0	500	500	0	500	500	30	
2.8497416514e+01	52	3	85	26	66	434	500	0	500	500	0	500	500	30	
2.8991465180e+01	52	3	90	20	44	456	500	0	500	500	0	500	500	30	
2.9499148097e+01	53	4	88	23	40	460	500	0	500	500	0	500	500	30	
2.9998426024e+01	52	4	93	20	41	459	500	0	500	500	0	500	500	30	
3.0499378004e+01	53	3	89	26	46	454	500	0	500	500	0	500	500	30	
3.0995358119e+01	52	5	84	31	54	446	500	0	500	500	0	500	500	30	
3.1499442006e+01	53	4	81	36	47	453	500	0	500	500	0	500	500	30	
3.1993700529e+01	55	3	88	34	35	465	500	0	500	500	0	500	500	30	
3.2498174756e+01	54	5	97	26	37	463	500	0	500	500	0	500	500	30	
3.2999353077e+01	55	4	96	28	50	450	500	0	500	500	0	500	500	30	
3.3498604064e+01	57	6	92	33	41	459	500	0	500	500	0	500	500	30	
3.3999126948e+01	57	7	90	37	58	442	500	0	500	500	0	500	500	30	
3.4498993132e+01	56	9	95	36	41	459	500	0	500	500	0	500	500	30	
3.4995244841e+01	59	6	107	24	34	466	500	0	500	500	0	500	500	30	
3.5499181407e+01	58	7	104	29	38	462	500	0	500	500	0	500	500	30	
3.5998005396e+01	62	3	100	33	49	451	500	0	500	500	0	500	500	30	
3.6498880846e+01	62	3	106	27	54	446	500	0	500	500	0	500	500	30	
3.6998767059e+01	63	2	104	29	45	455	500	0	500	500	0	500	500	30	
3.7498999792e+01	65	1	105	30	36	464	500	0	500	500	0	500	500	30	
3.7999316910e+01	66	4	101	32	35	465	500	0	500	500	0	500	500	30	
3.8499441202e+01	66	4	105	29	24	476	500	0	500	500	0	500	500	30	
3.8999359606e+01	66	5	104	33	47	453	500	0	500	500	0	500	500	30	
3.9497079940e+01	66	5	109	31	30	470	500	0	500	500	0	500	500	30	
3.9997848709e+01	67	5	99	39	39	461	500	0	500	500	0	500	500	30	
4.0499936137e+01	69	3	99	41	44	456	500	0	500	500	0	500	500	30	
4.0998423509e+01	67	6	109	32	22	478	500	0	500	500	0	500	500	30	
4.1499453278e+01	66	8	104	35	28	472	500	0	500	500	0	500	500	30	
4.1999928563e+01	66	8	109	28	34	466	500	0	500	500	0	500	500	30	
4.2498656335e+01	66	9	111	29	60	440	500	0	500	500	0	500	500	30	
4.2999909987e+01	63	12	111	32	48	452	500	0	500	500	0	500	500	30	
4.3497613045e+01	65	10	107	35	37	463	500	0	500	500	0	500	500	30	
4.3999251711e+01	67	11	99	44	38	462	500	0	500	500	0	500	500	30	
4.4497212721e+01	68	10	96	44	43	457	500	0	500	500	0	500	500	30	
4.4998396778e+01	69	10	110	33	36	464	500	0	500	500	0	500	500	30	
4.5499814270e+01	72	7	111	34	32	468	500	0	500	500	0	500	500	30	
4.5999877460e+01	71	7	105	41	35	465	500	0	500	500	0	500	500	30	
4.6494910935e+01	70	9	110	39	38	462	500	0	500	500	0	500	500	30	
4.6997529453e+01	73	7	116	33	52	448	500	0	500	500	0	500	500	30	
4.7498724855e+01	74	7	116	35	41	459	500	0	500	500	0	500	500	30	
4.7997773687e+01	72	10	127	26	47	453	500	0	500	500	0	500	500	30	
4.8499953518e+01	75	7	126	27	37	463	500	0	500	500	0	500	500	30	
4.8999771881e+01	74	8	122	33	44	456	500	0	500	500	0	500	500	30	
4.9499880040e+01	74	11	117	39	36	464	500	0	500	500	0	500	500	30	
4.9998616168e+01	78	7	127	31	47	453	500	0	500	500	0	500	500	30	
5.0495852235e+01	79	7	127	31	40	460	500	0	500	500	0	500	500	30	
5.0996655231e+01	81	6	126	35	42	458	500	0	500	500	0	500	500	30	
5.1495263514e+01	79	12	119	45	33	467	500	0	500	500	0	500	500	30	
5.1994723120e+01	80	11	122	43	32	468	500	0	500	500	0	500	500	30	
5.2497525302e+01	80	13	130	35	39	461	500	0	500	500	0	500	500	30	
5.2998277231e+01	83	12	142	27	44	456	500	0	500	500	0	500	500	30	
5.3499500535e+01	87	11	140	33	39	461	500	0	500	500	0	500	500	30	
5.3999539063e+01	87	11	145	29	44	456	500	0	500	500	0	500	500	30	
5.4499720427e+01	91	7	138	37	51	449	500	0	500	500	0	500	500	30	
5.4992756086e+01	91	7	145	30	13	487	500	0	500	500	0	500	500	30	
5.5495705247e+01	95	4	153	22	40	460	500	0	500	500	0	500	500	30	
5.5998265350e+01	97	2	144	31	33	467	500	0	500	500	0	500	500	30	
5.6499936040e+01	97	2	141	35	45	455	500	0	500	500	0	500	500	30	
5.6999580895e+01	96	4	143	38	41	459	500	0	500	500	0	500	500	30	
5.7498096278e+01	95	4	140	42	35	465	500	0	500	500	0	500	500	30	
5.7997554935e+01	95	5	150	34	45	455	500	0	500	500	0	500	500	30	
5.8499643084e+01	96	5	158	28	32	468	500	0	500	500	0	500	500	30	
5.8997378465e+01	98	5	164	23	43	457	500	0	500	500	0	500	500	30	
5.9499573386e+01	99	6	152	32	60	440	500	0	500	500	0	500	500	30	
5.9993893654e+01	100	6	145	40	61	439	500	0	500	500	0	500	500	30	
6.0499781817e+01	101	5	139	45	37	463	500	0	500	500	0	500	500	30	
6.0998574972e+01	102	5	133	53	34	466	500	0	500	500	0	500	500	30	
6.1496683041e+01	100	8	132	53	29	471	500	0	500	500	0	500	500	30	
6.1998719986e+01	99	9	137	52	28	472	500	0	500	500	0	500	500	30	
6.2497922484e+01	98	11	133	56	44	456	500	0	500	500	0	500	500	30	
6.2998512387e+01	97	13	143	49	45	455	500	0	500	500	0	500	500	30	
6.3498728888e+01	102	9	144	51	30	470	500	0	500	500	0	500	500	30	
6.3996571680e+01	98	14	156	44	39	461	500	0	500	500	0	500	500	30	
6.4499763402e+01	96	16	170	31	32	468	500	0	500	500	0	500	500	30	
6.4998187331e+01	99	13	174	29	44	456	500	0	500	500	0	500	500	30	
6.5496477706e+01	100	13	181	27	38	462	500	0	500	500	0	500	500	30	
6.5999401033e+01	102	11	184	24	53	447	500	0	500	500	0	500	500	30	
6.6496101743e+01	105	8	179	34	42	458	500	0	500	500	0	500	500	30	
6.6999479837e+01	109	4	173	41	36	464	500	0	500	500	0	500	500	30	
6.7499465270e+01	105	7	169	45	64	436	500	0	500	500	0	500	500	30	
6.7999547056e+01	105	8	176	40	41	459	500	0	500	500	0	500	500	30	
6.8498811215e+01	105	8	176	41	40	460	500	0	500	500	0	500	500	30	
6.8998378058e+01	106	7	180	35	55	445	500	0	500	500	0	500	500	30	
6.9498740436e+01	109	5	172	45	53	447	500	0	500	500	0	500	500	30	
6.9998901886e+01	109	6	185	34	49	451	500	0	500	500	0	500	500	30	
7.0497953413e+01	110	5	193	31	68	432	500	0	500	500	0	500	500	30	
7.0998619584e+01	112	4	195	32	46	454	500	0	500	500	0	500	500	30	
7.1498321110e+01	111	4	193	38	54	446	500	0	500	500	0	500	500	30	
7.1996763168e+01	112	5	193	39	45	455	500	0	500	500	0	500	500	30	
7.2499994479e+01	114	4	197	38	47	453	500	0	500	500	0	500	500	30	
7.2998863856e+01	110	9	198	39	65	435	500	0	500	500	0	500	500	30	
7.3498879859e+01	111	9	208	32	57	443	500	0	500	500	0	500	500	30	
7.3998721458e+01	112	10	204	36	38	462	500	0	500	500	0	500	500	30	
7.4496857390e+01	111	12	198	44	28	472	500	0	500	500	0	500	500	30	
7.4998888066e+01	114	11	195	46	34	466	500	0	500	500	0	500	500	30	
7.5499373483e+01	117	8	192	49	36	464	500	0	500	500	0	500	500	30	
7.5997449055e+01	120	5	192	55	39	461	500	0	500	500	0	500	500	30	
7.6497664004e+01	121	4	193	56	47	453	500	0	500	500	0	500	500	30	
7.6997632650e+01	121	5	192	61	46	454	500	0	500	500	0	500	500	30	
7.7499008850e+01	118	9	201	52	38	462	500	0	500	500	0	500	500	30	
7.7990234414e+01	118	10	212	39	45	455	500	0	500	500	0	500	500	30	
7.8499717218e+01	117	13	215	40	45	455	500	0	500	500	0	500	500	30	
7.8995447848e+01	120	10	218	38	37	463	500	0	500	500	0	500	500	30	
7.9499136343e+01	120	10	217	44	31	469	500	0	500	500	0	500	500	30	
7.9995659784e+01	121	13	214	46	37	463	500	0	500	500	0	500	500	30	
8.0497607575e+01	118	16	207	52	33	467	500	0	500	500	0	500	500	30	
8.0999622959e+01	120	17	202	61	52	448	500	0	500	500	0	500	500	30	
8.1498982116e+01	119	19	215	50	46	454	500	0	500	500	0	500	500	30	
8.1999829554e+01	126	12	208	57	46	454	500	0	500	500	0	500	500	30	
8.2498993290e+01	126	13	207	59	42	458	500	0	500	500	0	500	500	30	
8.2999996576e+01	128	11	230	37	44	456	500	0	500	500	0	500	500	30	
8.3498234205e+01	129	11	214	55	43	457	500	0	500	500	0	500	500	30	
8.3999046860e+01	130	10	210	60	49	451	500	0	500	500	0	500	500	30	
8.4499867265e+01	126	16	209	64	36	464	500	0	500	500	0	500	500	30	
8.4999528858e+01	127	16	215	56	30	470	500	0	500	500	0	500	500	30	
8.5498607875e+01	133	9	207	64	50	450	500	0	500	500	0	500	500	30	
8.5998414917e+01	132	12	211	61	37	463	500	0	500	500	0	500	500	30	
8.6499680609e+01	134	11	227	46	23	477	500	0	500	500	0	500	500	30	
8.6996850237e+01	135	13	229	49	36	464	500	0	500	500	0	500	500	30	
8.7499374807e+01	135	13	235	42	33	467	500	0	500	500	0	500	500	30	
8.7994095466e+01	140	9	245	29	42	458	500	0	500	500	0	500	500	30	
8.8495828378e+01	140	9	249	28	32	468	500	0	500	500	0	500	500	30	
8.8995505025e+01	140	11	234	44	50	450	500	0	500	500	0	500	500	30	
8.9499077350e+01	143	9	235	44	38	462	500	0	500	500	0	500	500	30	
8.9998191420e+01	149	6	238	39	48	452	500	0	500	500	0	500	500	30	
9.0498971957e+01	151	5	246	31	34	466	500	0	500	500	0	500	500	30	
9.0999380373e+01	152	5	250	30	41	459	500	0	500	500	0	500	500	30	
9.1499137929e+01	152	6	247	31	30	470	500	0	500	500	0	500	500	30	
9.1997550730e+01	149	10	238	42	50	450	500	0	500	500	0	500	500	30	
9.2497112348e+01	150	10	234	48	44	456	500	0	500	500	0	500	500	30	
9.2999060131e+01	150	11	233	51	57	443	500	0	500	500	0	500	500	30	
9.3497857580e+01	151	13	238	48	45	455	500	0	500	500	0	500	500	30	
9.3998934035e+01	155	11	226	62	44	456	500	0	500	500	0	500	500	30	
9.4496162225e+01	150	15	227	63	28	472	500	0	500	500	0	500	500	30	
9.4999457414e+01	151	14	238	54	36	464	500	0	500	500	0	500	500	30	
9.5496226475e+01	151	14	228	63	39	461	500	0	500	500	0	500	500	30	
9.5999261045e+01	150	16	241	52	45	455	500	0	500	500	0	500	500	30	
9.6498982605e+01	153	13	244	50	47	453	500	0	500	500	0	500	500	30	
9.6999784726e+01	151	16	239	55	52	448	500	0	500	500	0	500	500	30	
9.7499961393e+01	153	14	232	64	51	449	500	0	500	500	0	500	500	30	
9.7997602190e+01	151	17	238	59	60	440	500	0	500	500	0	500	500	30	
9.8499279820e+01	154	15	248	49	37	463	500	0	500	500	0	500	500	30	
9.8999584376e+01	158	12	250	48	58	442	500	0	500	500	0	500	500	30	
9.9499073901e+01	161	9	248	50	47	453	500	0	500	500	0	500	500	30	
9.9999716924e+01	160	10	252	48	44	456	500	0	500	500	0	500	500	30	
1.0049587281e+02	159	10	257	42	44	456	500	0	500	500	0	500	500	30	
1.0099984675e+02	158	11	252	48	36	464	500	0	500	500	0	500	500	30	
1.0149207042e+02	158	11	261	42	29	471	500	0	500	500	0	500	500	30	
1.0199870380e+02	159	10	263	40	51	449	500	0	500	500	0	500	500	30	
1.0249903720e+02	162	7	260	40	38	462	500	0	500	500	0	500	500	30	
1.0299918752e+02	158	12	255	48	34	466	500	0	500	500	0	500	500	30	
1.0349753807e+02	162	8	251	54	35	465	500	0	500	500	0	500	500	30	
1.0399979134e+02	162	8	253	52	43	457	500	0	500	500	0	500	500	30	
1.0449635107e+02	159	13	258	48	47	453	500	0	500	500	0	500	500	30	
1.0499986374e+02	163	9	257	52	45	455	500	0	500	500	0	500	500	30	
1.0549906115e+02	160	13	241	66	43	457	500	0	500	500	0	500	500	30	
1.0599937189e+02	159	14	254	54	46	454	500	0	500	500	0	500	500	30	
1.0649753026e+02	157	18	257	53	50	450	500	0	500	500	0	500	500	30	
1.0699927254e+02	164	11	258	51	44	456	500	0	500	500	0	500	500	30	
1.0749508407e+02	161	16	257	54	40	460	500	0	500	500	0	500	500	30	
1.0799631710e+02	160	19	256	56	41	459	500	0	500	500	0	500	500	30	
1.0849370386e+02	164	15	259	53	35	465	500	0	500	500	0	500	500	30	
1.0899877995e+02	167	12	264	47	30	470	500	0	500	500	0	500	500	30	
1.0949688964e+02	166	12	275	38	33	467	500	0	500	500	0	500	500	30	
1.0999792070e+02	162	19	269	47	25	475	500	0	500	500	0	500	500	30	
1.1049982165e+02	167	14	256	61	32	468	500	0	500	500	0	500	500	30	
1.1098863738e+02	168	14	255	63	41	459	500	0	500	500	0	500	500	30	
1.1149757256e+02	166	16	266	53	41	459	500	0	500	500	0	500	500	30	
1.1199932554e+02	163	21	263	57	42	458	500	0	500	500	0	500	500	30	
1.1249754884e+02	172	12	266	56	36	464	500	0	500	500	0	500	500	30	
1.1299776970e+02	167	17	256	68	35	465	500	0	500	500	0	500	500	30	
1.1349893633e+02	169	15	263	62	51	449	500	0	500	500	0	500	500	30	
1.1399861338e+02	173	13	263	61	37	463	500	0	500	500	0	500	500	30	
1.1449989625e+02	174	12	262	61	45	455	500	0	500	500	0	500	500	30	
1.1499629537e+02	175	14	258	67	51	449	500	0	500	500	0	500	500	30	
1.1549883901e+02	174	15	258	69	47	453	500	0	500	500	0	500	500	30	
1.1599971207e+02	169	21	272	56	28	472	500	0	500	500	0	500	500	30	
1.1649671505e+02	171	19	271	58	37	463	500	0	500	500	0	500	500	30	
1.1699984797e+02	170	21	271	60	45	455	500	0	500	500	0	500	500	30	
1.1749600768e+02	172	19	274	60	43	457	500	0	500	500	0	500	500	30	
1.1799835803e+02	175	15	276	58	43	457	500	0	500	500	0	500	500	30	
1.1849968120e+02	178	14	271	61	73	427	500	0	500	500	0	500	500	30	
1.1899824279e+02	178	14	267	62	35	465	500	0	500	500	0	500	500	30	
1.1949649668e+02	179	15	262	67	42	458	500	0	500	500	0	500	500	30	
1.1999929656e+02	185	10	274	61	37	463	500	0	500	500	0	500	500	30	
1.2049716351e+02	188	8	266	67	44	456	500	0	500	500	0	500	500	30	
1.2099853842e+02	188	8	275	59	46	454	500	0	500	500	0	500	500	30	
1.2149949720e+02	186	11	267	68	40	460	500	0	500	500	0	500	500	30	
1.2199808170e+02	187	14	258	78	40	460	500	0	500	500	0	500	500	30	
1.2249978731e+02	184	19	264	77	48	452	500	0	500	500	0	500	500	30	
1.2299892331e+02	184	19	262	77	32	468	500	0	500	500	0	500	500	30	
1.2349904243e+02	186	17	280	61	39	461	500	0	500	500	0	500	500	30	
1.2399845745e+02	186	17	286	53	41	459	500	0	500	500	0	500	500	30	
1.2449997646e+02	187	16	281	55	39	461	500	0	500	500	0	500	500	30	
1.2499827738e+02	190	15	287	51	43	457	500	0	500	500	0	500	500	30	
1.2549920208e+02	188	21	280	57	51	449	500	0	500	500	0	500	500	30	
1.2599854032e+02	188	22	284	56	51	449	500	0	500	500	0	500	500	30	
1.2649870750e+02	196	16	288	52	54	446	500	0	500	500	0	500	500	30	
1.2699838042e+02	197	15	294	45	46	454	500	0	500	500	0	500	500	30	
1.2749763674e+02	201	13	278	61	45	455	500	0	500	500	0	500	500	30	
1.2799856321e+02	200	14	269	71	45	455	500	0	500	500	0	500	500	30	
1.2849947829e+02	193	20	270	75	29	471	500	0	500	500	0	500	500	30	
1.2899941463e+02	193	21	265	79	31	469	500	0	500	500	0	500	500	30	
1.2949951939e+02	193	23	275	74	47	453	500	0	500	500	0	500	500	30	
1.2999872347e+02	190	27	283	67	38	462	500	0	500	500	0	500	500	30	
1.3049891903e+02	195	24	285	66	44	456	500	0	500	500	0	500	500	30	
1.3099944436e+02	193	26	288	66	37	463	500	0	500	500	0	500	500	30	
1.3149722343e+02	199	19	299	57	30	470	500	0	500	500	0	500	500	30	
1.3199953991e+02	201	16	301	54	42	458	500	0	500	500	0	500	500	30	
1.3249997932e+02	198	19	299	57	25	475	500	0	500	500	0	500	500	30	
1.3299859160e+02	199	17	299	58	38	462	500	0	500	500	0	500	500	30	
1.3349977833e+02	204	14	311	49	54	446	500	0	500	500	0	500	500	30	
1.3399695115e+02	206	13	315	43	49	451	500	0	500	500	0	500	500	30	
1.3449876789e+02	207	12	315	42	35	465	500	0	500	500	0	500	500	30	
1.3499711121e+02	207	13	318	39	46	454	500	0	500	500	0	500	500	30	
1.3549920036e+02	205	16	313	46	38	462	500	0	500	500	0	500	500	30	
1.3599731955e+02	202	19	314	45	48	452	500	0	500	500	0	500	500	30	
1.3649559610e+02	200	21	322	36	59	441	500	0	500	500	0	500	500	30	
1.3699944106e+02	202	20	316	41	32	468	500	0	500	500	0	500	500	30	
1.3749857637e+02	204	22	314	43	38	462	500	0	500	500	0	500	500	30	
1.3799912115e+02	206	20	316	43	40	460	500	0	500	500	0	500	500	30	
1.3849770815e+02	209	19	312	49	46	454	500	0	500	500	0	500	500	30	
1.3899879173e+02	211	17	316	46	52	448	500	0	500	500	0	500	500	30	
1.3949647442e+02	211	19	323	40	59	441	500	0	500	500	0	500	500	30	
1.3999921764e+02	215	16	317	47	34	466	500	0	500	500	0	500	500	30	
1.4049749173e+02	214	17	310	53	46	454	500	0	500	500	0	500	500	30	
1.4099780463e+02	213	21	314	53	58	442	500	0	500	500	0	500	500	30	
1.4149998606e+02	220	15	313	56	54	446	500	0	500	500	0	500	500	30	
1.4199948039e+02	222	14	321	51	28	472	500	0	500	500	0	500	500	30	
1.4249862779e+02	220	16	322	50	54	446	500	0	500	500	0	500	500	30	
1.4298531920e+02	219	16	313	58	42	458	500	0	500	500	0	500	500	30	
1.4349775372e+02	220	16	305	65	47	453	500	0	500	500	0	500	500	30	
1.4399997516e+02	224	13	308	62	60	440	500	0	500	500	0	500	500	30	
1.4449952737e+02	223	14	302	69	43	457	500	0	500	500	0	500	500	30	
1.4499675657e+02	222	15	318	52	52	448	500	0	500	500	0	500	500	30	
1.4549871863e+02	220	20	312	61	58	442	500	0	500	500	0	500	500	30	
1.4599915474e+02	220	22	314	61	44	456	500	0	500	500	0	500	500	30	
1.4649994348e+02	221	22	319	54	37	463	500	0	500	500	0	500	500	30	
1.4699868128e+02	220	23	316	58	43	457	500	0	500	500	0	500	500	30	
1.4749985118e+02	218	27	322	53	57	443	500	0	500	500	0	500	500	30	
1.4799884000e+02	218	28	326	48	60	440	500	0	500	500	0	500	500	30	
1.4849756412e+02	224	23	325	52	57	443	500	0	500	500	0	500	500	30	
1.4899994263e+02	227	20	344	34	37	463	500	0	500	500	0	500	500	30	
1.4949474808e+02	231	16	343	38	39	461	500	0	500	500	0	500	500	30	
1.4999829430e+02	236	11	354	29	54	446	500	0	500	500	0	500	500	30	
1.5049941702e+02	239	10	352	31	48	452	500	0	500	500	0	500	500	30	
1.5099964731e+02	240	10	350	33	37	463	500	0	500	500	0	500	500	30	
1.5149941984e+02	240	11	342	41	38	462	500	0	500	500	0	500	500	30	
1.5199909817e+02	240	14	337	44	43	457	500	0	500	500	0	500	500	30	
1.5249878018e+02	241	14	340	43	59	441	500	0	500	500	0	500	500	30	
1.5299749304e+02	244	11	345	39	55	445	500	0	500	500	0	500	500	30	
1.5349848066e+02	249	6	343	39	54	446	500	0	500	500	0	500	500	30	
1.5399956244e+02	247	8	345	39	51	449	500	0	500	500	0	500	500	30	
1.5449845780e+02	242	14	329	53	22	478	500	0	500	500	0	500	500	30	
1.5499969350e+02	243	12	332	52	34	466	500	0	500	500	0	500	500	30	
1.5549781399e+02	243	14	328	54	54	446	500	0	500	500	0	500	500	30	
1.5599531689e+02	240	19	316	67	48	452	500	0	500	500	0	500	500	30	
1.5649704005e+02	237	23	315	69	45	455	500	0	500	500	0	500	500	30	
1.5699865548e+02	240	20	328	55	50	450	500	0	500	500	0	500	500	30	
1.5749697184e+02	242	18	324	57	41	459	500	0	500	500	0	500	500	30	
1.5799884880e+02	245	16	325	53	53	447	500	0	500	500	0	500	500	30	
1.5849953578e+02	249	12	318	59	31	469	500	0	500	500	0	500	500	30	
1.5899914305e+02	249	13	314	63	50	450	500	0	500	500	0	500	500	30	
1.5949749754e+02	251	12	317	59	37	463	500	0	500	500	0	500	500	30	
1.5999919505e+02	247	17	321	57	51	449	500	0	500	500	0	500	500	30	
1.6049948505e+02	250	14	304	74	45	455	500	0	500	500	0	500	500	30	
1.6099937211e+02	245	20	310	70	51	449	500	0	500	500	0	500	500	30	
1.6149805920e+02	250	16	318	61	40	460	500	0	500	500	0	500	500	30	
1.6199721887e+02	240	26	311	67	45	455	500	0	500	500	0	500	500	30	
1.6249440493e+02	246	20	326	52	47	453	500	0	500	500	0	500	500	30	
1.6299808733e+02	246	20	307	66	49	451	500	0	500	500	0	500	500	30	
1.6349967611e+02	251	16	310	61	59	441	500	0	500	500	0	500	500	30	
1.6399824171e+02	254	12	319	55	46	454	500	0	500	500	0	500	500	30	
1.6449993886e+02	253	15	326	52	49	451	500	0	500	500	0	500	500	30	
1.6499876522e+02	253	15	329	51	57	443	500	0	500	500	0	500	500	30	
1.6549883137e+02	257	14	332	51	39	461	500	0	500	500	0	500	500	30	
1.6599988083e+02	259	14	337	45	47	453	500	0	500	500	0	500	500	30	
1.6649905686e+02	261	12	335	46	27	473	500	0	500	500	0	500	500	30	
1.6699765344e+02	262	13	337	45	34	466	500	0	500	500	0	500	500	30	
1.6749950309e+02	264	10	337	46	34	466	500	0	500	500	0	500	500	30	
1.6799808953e+02	266	10	340	45	44	456	500	0	500	500	0	500	500	30	
1.6849378293e+02	267	12	337	51	32	468	500	0	500	500	0	500	500	30	
1.6899858568e+02	268	13	330	59	48	452	500	0	500	500	0	500	500	30	
1.6949937245e+02	265	15	333	54	41	459	500	0	500	500	0	500	500	30	
1.6999753330e+02	266	14	334	54	51	449	500	0	500	500	0	500	500	30	
1.7049838157e+02	266	14	335	51	39	461	500	0	500	500	0	500	500	30	
1.7099885566e+02	265	16	345	42	31	469	500	0	500	500	0	500	500	30	
1.7149842337e+02	264	18	341	47	46	454	500	0	500	500	0	500	500	30	
1.7199895551e+02	264	21	346	43	45	455	500	0	500	500	0	500	500	30	
1.7249619246e+02	270	14	347	43	40	460	500	0	500	500	0	500	500	30	
1.7299712353e+02	272	13	352	41	48	452	500	0	500	500	0	500	500	30	
1.7349942592e+02	270	16	352	39	66	434	500	0	500	500	0	500	500	30	
1.7399737095e+02	275	12	355	38	36	464	500	0	500	500	0	500	500	30	
1.7449997452e+02	272	15	350	46	40	460	500	0	500	500	0	500	500	30	
1.7499992421e+02	269	18	350	47	50	450	500	0	500	500	0	500	500	30	
1.7549875461e+02	271	16	341	56	48	452	500	0	500	500	0	500	500	30	
1.7599782163e+02	271	17	338	59	52	448	500	0	500	500	0	500	500	30	
1.7649763179e+02	265	24	346	52	42	458	500	0	500	500	0	500	500	30	
1.7699244073e+02	264	25	347	50	42	458	500	0	500	500	0	500	500	30	
1.7749910659e+02	270	21	353	45	60	440	500	0	500	500	0	500	500	30	
1.7799711907e+02	272	20	361	38	45	455	500	0	500	500	0	500	500	30	
1.7849882201e+02	277	15	362	32	42	458	500	0	500	500	0	500	500	30	
1.7899906678e+02	275	18	353	41	48	452	500	0	500	500	0	500	500	30	
1.7949871808e+02	278	15	355	42	31	469	500	0	500	500	0	500	500	30	
1.7999467594e+02	280	15	350	47	47	453	500	0	500	500	0	500	500	30	
1.8049985269e+02	281	16	351	47	44	456	500	0	500	500	0	500	500	30	
1.8099842458e+02	277	22	339	55	32	468	500	0	500	500	0	500	500	30	
1.8149861235e+02	280	19	338	54	51	449	500	0	500	500	0	500	500	30	
1.8199956047e+02	279	22	353	40	32	468	500	0	500	500	0	500	500	30	
1.8249711349e+02	285	17	368	30	51	449	500	0	500	500	0	500	500	30	
1.8299957691e+02	289	13	343	50	38	462	500	0	500	500	0	500	500	30	
1.8349983126e+02	286	17	358	39	43	457	500	0	500	500	0	500	500	30	
1.8399584692e+02	290	19	358	39	29	471	500	0	500	500	0	500	500	30	
1.8449865040e+02	288	21	358	38	48	452	500	0	500	500	0	500	500	30	
1.8499960558e+02	291	18	353	45	59	441	500	0	500	500	0	500	500	30	
1.8549983122e+02	292	16	355	40	29	471	500	0	500	500	0	500	500	30	
1.8599838298e+02	291	16	359	35	28	472	500	0	500	500	0	500	500	30	
1.8649943972e+02	290	18	371	26	45	455	500	0	500	500	0	500	500	30	
1.8699911355e+02	295	13	356	40	40	460	500	0	500	500	0	500	500	30	
1.8749969209e+02	297	13	355	44	46	454	500	0	500	500	0	500	500	30	
1.8799999743e+02	296	16	354	44	43	457	500	0	500	500	0	500	500	30	
1.8849877149e+02	297	15	354	45	46	454	500	0	500	500	0	500	500	30	
1.8899729819e+02	297	17	349	51	50	450	500	0	500	500	0	500	500	30	
1.8949892947e+02	298	18	361	42	51	449	500	0	500	500	0	500	500	30	
1.8999919966e+02	298	21	360	49	51	449	500	0	500	500	0	500	500	30	
1.9049924485e+02	300	21	370	39	40	460	500	0	500	500	0	500	500	30	
1.9099797905e+02	306	16	375	39	49	451	500	0	500	500	0	500	500	30	
1.9149685449e+02	310	12	367	48	58	442	500	0	500	500	0	500	500	30	
1.9199977169e+02	308	14	378	39	34	466	500	0	500	500	0	500	500	30	
1.9249344245e+02	307	17	378	42	39	461	500	0	500	500	0	500	500	30	
1.9299911751e+02	309	18	377	46	47	453	500	0	500	500	0	500	500	30	
1.9349841687e+02	306	22	376	50	59	441	500	0	500	500	0	500	500	30	
1.9399826543e+02	306	22	377	49	48	452	500	0	500	500	0	500	500	30	
1.9449732863e+02	303	28	362	66	46	454	500	0	500	500	0	500	500	30	
1.9499678890e+02	304	28	360	68	58	442	500	0	500	500	0	500	500	30	
1.9549279411e+02	305	26	361	66	59	441	500	0	500	500	0	500	500	30	
1.9599963711e+02	309	22	367	60	53	447	500	0	500	500	0	500	500	30	
1.9649947889e+02	310	22	366	62	49	451	500	0	500	500	0	500	500	30	
1.9699700538e+02	303	31	365	66	46	454	500	0	500	500	0	500	500	30	
1.9749971586e+02	307	27	358	73	50	450	500	0	500	500	0	500	500	30	
1.9799793516e+02	312	22	370	65	58	442	500	0	500	500	0	500	500	30	
1.9849642136e+02	311	22	370	61	34	466	500	0	500	500	0	500	500	30	
1.9899972939e+02	310	23	381	52	43	457	500	0	500	500	0	500	500	30	
1.9949892214e+02	307	24	395	38	48	452	500	0	500	500	0	500	500	30	
1.9999927882e+02	313	18	388	44	48	452	500	0	500	500	0	500	500	30	
2.0049992875e+02	313	18	386	47	52	448	500	0	500	500	0	500	500	30	
2.0099949589e+02	310	22	382	51	60	440	500	0	500	500	0	500	500	30	
2.0149993507e+02	302	29	395	40	52	448	500	0	500	500	0	500	500	30	
2.0199978984e+02	305	25	393	41	54	446	500	0	500	500	0	500	500	30	
2.0249713939e+02	304	28	407	29	37	463	500	0	500	500	0	500	500	30	
2.0299523283e+02	308	23	412	26	50	450	500	0	500	500	0	500	500	30	
2.0349614032e+02	305	25	401	36	55	445	500	0	500	500	0	500	500	30	
2.0399962653e+02	304	27	399	40	38	462	500	0	500	500	0	500	500	30	
2.0449955732e+02	306	27	396	43	42	458	500	0	500	500	0	500	500	30	
2.0499901415e+02	310	26	394	45	43	457	500	0	500	500	0	500	500	30	
2.0549864169e+02	316	21	390	46	48	452	500	0	500	500	0	500	500	30	
2.0599912777e+02	315	23	388	43	55	445	500	0	500	500	0	500	500	30	
2.0649746287e+02	319	19	378	53	49	451	500	0	500	500	0	500	500	30	
2.0699868674e+02	323	17	385	45	51	449	500	0	500	500	0	500	500	30	
2.0749762896e+02	318	25	384	46	35	465	500	0	500	500	0	500	500	30	
2.0799389894e+02	318	25	389	40	55	445	500	0	500	500	0	500	500	30	
2.0849738073e+02	323	20	389	39	63	437	500	0	500	500	0	500	500	30	
2.0899744371e+02	327	17	379	52	29	471	500	0	500	500	0	500	500	30	
2.0949940393e+02	328	17	380	52	29	471	500	0	500	500	0	500	500	30	
2.0999853501e+02	325	20	377	53	44	456	500	0	500	500	0	500	500	30	
2.1049834877e+02	325	21	382	51	48	452	500	0	500	500	0	500	500	30	
2.1099992479e+02	328	19	379	55	55	445	500	0	500	500	0	500	500	30	
2.1149649333e+02	327	19	380	54	57	443	500	0	500	500	0	500	500	30	
2.1199874590e+02	325	22	371	63	33	467	500	0	500	500	0	500	500	30	
2.1249649247e+02	324	21	378	58	52	448	500	0	500	500	0	500	500	30	
2.1299761605e+02	324	21	387	55	42	458	500	0	500	500	0	500	500	30	
2.1349618648e+02	330	15	391	52	53	447	500	0	500	500	0	500	500	30	
2.1399897627e+02	330	14	388	54	50	450	500	0	500	500	0	500	500	30	
2.1449840670e+02	321	23	385	57	42	458	500	0	500	500	0	500	500	30	
2.1499937659e+02	322	24	391	53	38	462	500	0	500	500	0	500	500	30	
2.1549711334e+02	333	15	397	45	54	446	500	0	500	500	0	500	500	30	
2.1599993271e+02	337	13	391	52	65	435	500	0	500	500	0	500	500	30	
2.1649850217e+02	334	16	378	63	39	461	500	0	500	500	0	500	500	30	
2.1699800345e+02	336	14	381	57	46	454	500	0	500	500	0	500	500	30	
2.1749588098e+02	329	21	382	56	34	466	500	0	500	500	0	500	500	30	
2.1799875968e+02	331	19	387	52	44	456	500	0	500	500	0	500	500	30	
2.1849953913e+02	330	22	384	56	29	471	500	0	500	500	0	500	500	30	
2.1899773535e+02	335	17	395	42	40	460	500	0	500	500	0	500	500	30	
2.1949885457e+02	335	17	396	42	42	458	500	0	500	500	0	500	500	30	
2.1999878917e+02	328	23	382	55	50	450	500	0	500	500	0	500	500	30	
2.2049457716e+02	333	19	376	61	49	451	500	0	500	500	0	500	500	30	
2.2099756399e+02	336	16	373	64	36	464	500	0	500	500	0	500	500	30	
2.2149946199e+02	338	15	383	50	42	458	500	0	500	500	0	500	500	30	
2.2199910991e+02	341	13	383	49	41	459	500	0	500	500	0	500	500	30	
2.2249910700e+02	340	15	387	45	69	431	500	0	500	500	0	500	500	30	
2.2299846796e+02	341	16	393	41	52	448	500	0	500	500	0	500	500	30	
2.2349970474e+02	339	18	393	41	39	461	500	0	500	500	0	500	500	30	
2.2399834047e+02	340	20	388	46	29	471	500	0	500	500	0	500	500	30	
2.2449981713e+02	342	20	376	58	55	445	500	0	500	500	0	500	500	30	
2.2499497579e+02	342	21	372	57	81	419	500	0	500	500	0	500	500	30	
2.2549994014e+02	341	23	373	57	83	417	500	0	500	500	0	500	500	30	
2.2599993830e+02	341	23	375	54	51	449	500	0	500	500	0	500	500	30	
2.2649908391e+02	348	16	368	60	44	456	500	0	500	500	0	500	500	30	
2.2699976690e+02	342	22	374	52	26	474	500	0	500	500	0	500	500	30	
2.2749870336e+02	345	19	377	51	45	455	500	0	500	500	0	500	500	30	
2.2799928590e+02	347	21	374	55	49	451	500	0	500	500	0	500	500	30	
2.2849795391e+02	344	27	383	46	36	464	500	0	500	500	0	500	500	30	
2.2899945034e+02	348	23	372	56	33	467	500	0	500	500	0	500	500	30	
2.2949968541e+02	346	25	376	50	53	447	500	0	500	500	0	500	500	30	
2.2999816444e+02	345	26	377	50	39	461	500	0	500	500	0	500	500	30	
2.3049893807e+02	350	23	383	48	48	452	500	0	500	500	0	500	500	30	
2.3099900649e+02	352	22	387	42	47	453	500	0	500	500	0	500	500	30	
2.3149909526e+02	353	23	396	37	46	454	500	0	500	500	0	500	500	30	
2.3199359473e+02	358	19	401	30	46	454	500	0	500	500	0	500	500	30	
2.3249616403e+02	361	19	394	38	40	460	500	0	500	500	0	500	500	30	
2.3299935183e+02	361	21	386	44	48	452	500	0	500	500	0	500	500	30	
2.3349956256e+02	355	27	382	48	44	456	500	0	500	500	0	500	500	30	
2.3399808971e+02	357	24	374	55	35	465	500	0	500	500	0	500	500	30	
2.3449405701e+02	358	28	393	37	49	451	500	0	500	500	0	500	500	30	
2.3499907325e+02	362	25	376	53	50	450	500	0	500	500	0	500	500	30	
2.3549955579e+02	361	27	380	50	44	456	500	0	500	500	0	500	500	30	
2.3599958726e+02	364	26	379	53	66	434	500	0	500	500	0	500	500	30	
2.3649957110e+02	363	26	373	58	60	440	500	0	500	500	0	500	500	30	
2.3699904016e+02	369	20	365	63	72	428	500	0	500	500	0	500	500	30	
2.3749973580e+02	369	21	371	59	58	442	500	0	500	500	0	500	500	30	
2.3799958458e+02	361	28	365	64	44	456	500	0	500	500	0	500	500	30	
2.3849909134e+02	356	33	368	63	57	443	500	0	500	500	0	500	500	30	
2.3899915168e+02	356	33	372	61	57	443	500	0	500	500	0	500	500	30	
2.3949782427e+02	361	28	361	72	66	434	500	0	500	500	0	500	500	30	
2.3999957955e+02	358	31	359	74	61	439	500	0	500	500	0	500	500	30	
2.4049870939e+02	360	33	369	63	57	443	500	0	500	500	0	500	500	30	
2.4099809899e+02	366	28	373	63	56	444	500	0	500	500	0	500	500	30	
2.4149924114e+02	374	22	386	52	56	444	500	0	500	500	0	500	500	30	
2.4199956816e+02	373	26	378	58	64	436	500	0	500	500	0	500	500	30	
2.4249899652e+02	376	24	378	60	46	454	500	0	500	500	0	500	500	30	
2.4299953724e+02	377	23	377	62	42	458	500	0	500	500	0	500	500	30	
2.4349865814e+02	378	22	389	51	46	454	500	0	500	500	0	500	500	30	
2.4399975337e+02	375	25	380	60	54	446	500	0	500	500	0	500	500	30	
2.4449968061e+02	372	29	366	72	59	441	500	0	500	500	0	500	500	30	
2.4499822820e+02	370	31	378	59	54	446	500	0	500	500	0	500	500	30	
2.4549932383e+02	369	33	382	58	42	458	500	0	500	500	0	500	500	30	
2.4599938240e+02	369	33	386	54	38	462	500	0	500	500	0	500	500	30	
2.4649851665e+02	365	36	387	51	42	458	500	0	500	500	0	500	500	30	
2.4699847278e+02	368	35	393	46	43	457	500	0	500	500	0	500	500	30	
2.4749826111e+02	371	32	390	49	45	455	500	0	500	500	0	500	500	30	
2.4799988464e+02	366	37	383	57	45	455	500	0	500	500	0	500	500	30	
2.4849973205e+02	374	28	381	61	57	443	500	0	500	500	0	500	500	30	
2.4899916937e+02	378	24	396	49	57	443	500	0	500	500	0	500	500	30	
2.4949691299e+02	377	29	397	49	48	452	500	0	500	500	0	500	500	30	
2.4999539734e+02	383	23	397	52	41	459	500	0	500	500	0	500	500	30	
2.5049907703e+02	386	20	393	53	61	439	500	0	500	500	0	500	500	30	
2.5099716624e+02	389	19	398	51	57	443	500	0	500	500	0	500	500	30	
2.5149906104e+02	392	16	401	45	51	449	500	0	500	500	0	500	500	30	
2.5199956585e+02	393	16	398	47	54	446	500	0	500	500	0	500	500	30	
2.5249641347e+02	395	13	401	48	39	461	500	0	500	500	0	500	500	30	
2.5299803229e+02	395	13	390	57	54	446	500	0	500	500	0	500	500	30	
2.5349931186e+02	397	12	383	66	52	448	500	0	500	500	0	500	500	30	
2.5399878954e+02	389	21	392	58	39	461	500	0	500	500	0	500	500	30	
2.5449903600e+02	387	24	402	47	54	446	500	0	500	500	0	500	500	30	
2.5499728161e+02	390	21	398	52	58	442	500	0	500	500	0	500	500	30	
2.5549850256e+02	392	20	401	49	55	445	500	0	500	500	0	500	500	30	
2.5599970298e+02	395	18	393	58	54	446	500	0	500	500	0	500	500	30	
2.5649847302e+02	388	26	397	53	51	449	500	0	500	500	0	500	500	30	
2.5699833037e+02	386	27	397	55	47	453	500	0	500	500	0	500	500	30	
2.5749656527e+02	385	31	405	48	58	442	500	0	500	500	0	500	500	30	
2.5799896514e+02	386	31	406	44	57	443	500	0	500	500	0	500	500	30	
2.5849608866e+02	385	31	399	47	41	459	500	0	500	500	0	500	500	30	
2.5899980624e+02	394	25	408	40	36	464	500	0	500	500	0	500	500	30	
2.5949632888e+02	396	23	391	57	43	457	500	0	500	500	0	500	500	30	
2.5999898541e+02	399	20	391	58	54	446	500	0	500	500	0	500	500	30	
2.6049755189e+02	402	18	399	50	32	468	500	0	500	500	0	500	500	30	
2.6099975050e+02	403	18	389	59	58	442	500	0	500	500	0	500	500	30	
2.6149750565e+02	404	19	387	60	64	436	500	0	500	500	0	500	500	30	
2.6199910203e+02	405	18	397	59	37	463	500	0	500	500	0	500	500	30	
2.6249927597e+02	406	17	405	52	46	454	500	0	500	500	0	500	500	30	
2.6299874150e+02	403	18	416	41	51	449	500	0	500	500	0	500	500	30	
2.6349898206e+02	401	22	406	49	71	429	500	0	500	500	0	500	500	30	
2.6399996547e+02	401	23	409	49	59	441	500	0	500	500	0	500	500	30	
2.6449940720e+02	401	23	414	48	58	442	500	0	500	500	0	500	500	30	
2.6499940777e+02	404	20	420	40	71	429	500	0	500	500	0	500	500	30	
2.6549879791e+02	402	21	411	49	72	428	500	0	500	500	0	500	500	30	
2.6599495727e+02	400	22	417	45	64	436	500	0	500	500	0	500	500	30	
2.6649999469e+02	402	20	417	47	58	442	500	0	500	500	0	500	500	30	
2.6699960559e+02	405	17	421	42	44	456	500	0	500	500	0	500	500	30	
2.6749638227e+02	410	14	429	36	55	445	500	0	500	500	0	500	500	30	
2.6799933716e+02	406	16	425	41	45	455	500	0	500	500	0	500	500	30	
2.6849809122e+02	406	15	425	41	43	457	500	0	500	500	0	500	500	30	
2.6899967411e+02	407	15	416	49	40	460	500	0	500	500	0	500	500	30	
2.6949966822e+02	402	21	414	51	31	469	500	0	500	500	0	500	500	30	
2.6999715174e+02	406	17	406	58	51	449	500	0	500	500	0	500	500	30	
2.7049828737e+02	402	21	398	66	46	454	500	0	500	500	0	500	500	30	
2.7099984313e+02	398	25	400	65	56	444	500	0	500	500	0	500	500	30	
2.7149784258e+02	396	28	393	68	31	469	500	0	500	500	0	500	500	30	
2.7199876626e+02	394	29	386	75	44	456	500	0	500	500	0	500	500	30	
2.7249795050e+02	396	29	386	73	39	461	500	0	500	500	0	500	500	30	
2.7299906858e+02	394	29	388	71	49	451	500	0	500	500	0	500	500	30	
2.7349283346e+02	404	19	398	60	75	425	500	0	500	500	0	500	500	30	
2.7399818833e+02	406	19	410	49	70	430	500	0	500	500	0	500	500	30	
2.7449558280e+02	407	19	395	60	54	446	500	0	500	500	0	500	500	30	
2.7499767990e+02	406	20	391	67	44	456	500	0	500	500	0	500	500	30	
2.7549851968e+02	408	19	406	55	37	463	500	0	500	500	0	500	500	30	
2.7599825385e+02	411	15	393	67	53	447	500	0	500	500	0	500	500	30	
2.7649932276e+02	401	25	378	82	58	442	500	0	500	500	0	500	500	30	
2.7699810538e+02	405	23	385	74	49	451	500	0	500	500	0	500	500	30	
2.7749887892e+02	405	25	391	69	38	462	500	0	500	500	0	500	500	30	
2.7799780169e+02	403	27	389	69	41	459	500	0	500	500	0	500	500	30	
2.7849870188e+02	405	25	407	53	46	454	500	0	500	500	0	500	500	30	
2.7899863544e+02	405	26	404	54	42	458	500	0	500	500	0	500	500	30	
2.7949912912e+02	406	27	410	49	32	468	500	0	500	500	0	500	500	30	
2.7999724191e+02	412	21	404	62	55	445	500	0	500	500	0	500	500	30	
2.8049906900e+02	415	18	415	50	62	438	500	0	500	500	0	500	500	30	
2.8099667561e+02	411	23	410	57	53	447	500	0	500	500	0	500	500	30	
2.8149673438e+02	412	22	421	45	53	447	500	0	500	500	0	500	500	30	
2.8199842580e+02	410	24	422	41	39	461	500	0	500	500	0	500	500	30	
2.8249777209e+02	408	25	415	51	42	458	500	0	500	500	0	500	500	30	
2.8299864858e+02	408	26	422	44	50	450	500	0	500	500	0	500	500	30	
2.8349969565e+02	412	22	409	57	44	456	500	0	500	500	0	500	500	30	
2.8399956607e+02	408	26	408	59	49	451	500	0	500	500	0	500	500	30	
2.8449977972e+02	408	29	408	59	32	468	500	0	500	500	0	500	500	30	
2.8499714754e+02	411	26	407	61	47	453	500	0	500	500	0	500	500	30	
2.8549963572e+02	411	26	407	59	48	452	500	0	500	500	0	500	500	30	
2.8599861143e+02	407	31	403	60	43	457	500	0	500	500	0	500	500	30	
2.8649962666e+02	411	29	404	56	57	443	500	0	500	500	0	500	500	30	
2.8699779415e+02	413	30	404	51	45	455	500	0	500	500	0	500	500	30	
2.8749984212e+02	414	30	406	51	47	453	500	0	500	500	0	500	500	30	
2.8799945468e+02	416	27	409	54	55	445	500	0	500	500	0	500	500	30	
2.8849923144e+02	418	27	414	48	60	440	500	0	500	500	0	500	500	30	
2.8899804759e+02	423	23	414	47	54	446	500	0	500	500	0	500	500	30	
2.8949968502e+02	428	18	412	49	43	457	500	0	500	500	0	500	500	30	
2.8999949923e+02	427	19	414	52	54	446	500	0	500	500	0	500	500	30	
2.9049983045e+02	423	24	409	52	42	458	500	0	500	500	0	500	500	30	
2.9099733050e+02	422	28	407	55	47	453	500	0	500	500	0	500	500	30	
2.9149855292e+02	425	26	412	51	42	458	500	0	500	500	0	500	500	30	
2.9199458291e+02	429	24	412	51	41	459	500	0	500	500	0	500	500	30	
2.9249815915e+02	432	20	409	51	51	449	500	0	500	500	0	500	500	30	
2.9299996329e+02	432	20	403	58	56	444	500	0	500	500	0	500	500	30	
2.9349964613e+02	433	19	397	63	32	468	500	0	500	500	0	500	500	30	
2.9399908780e+02	429	24	397	62	47	453	500	0	500	500	0	500	500	30	
2.9449811116e+02	431	22	399	57	38	462	500	0	500	500	0	500	500	30	
2.9499818767e+02	438	16	408	50	58	442	500	0	500	500	0	500	500	30	
2.9549963984e+02	436	21	407	51	61	439	500	0	500	500	0	500	500	30	
2.9599897553e+02	436	20	414	41	74	426	500	0	500	500	0	500	500	30	
2.9649954140e+02	437	21	417	40	68	432	500	0	500	500	0	500	500	30	
2.9699807629e+02	441	19	414	45	62	438	500	0	500	500	0	500	500	30	
2.9749889299e+02	440	21	415	46	48	452	500	0	500	500	0	500	500	30	
2.9799838846e+02	435	25	415	46	49	451	500	0	500	500	0	500	500	30	
2.9849658641e+02	433	26	414	44	43	457	500	0	500	500	0	500	500	30	
2.9899964859e+02	436	22	415	46	35	465	500	0	500	500	0	500	500	30	
2.9949690230e+02	436	25	419	42	44	456	500	0	500	500	0	500	500	30	
2.9999916271e+02	438	25	406	52	37	463	500	0	500	500	0	500	500	30	
3.0049995192e+02	440	24	409	49	47	453	500	0	500	500	0	500	500	30	
3.0099923425e+02	441	23	417	40	52	448	500	0	500	500	0	500	500	30	
3.0149554069e+02	438	27	428	32	48	452	500	0	500	500	0	500	500	30	
3.0199975121e+02	440	26	411	49	59	441	500	0	500	500	0	500	500	30	
3.0249980054e+02	437	30	411	52	35	465	500	0	500	500	0	500	500	30	
3.0299647532e+02	442	26	413	55	42	458	500	0	500	500	0	500	500	30	
3.0349984952e+02	440	28	424	46	49	451	500	0	500	500	0	500	500	30	
3.0399619622e+02	446	24	405	66	37	463	500	0	500	500	0	500	500	30	
3.0449797247e+02	449	24	413	61	50	450	500	0	500	500	0	500	500	30	
3.0499932073e+02	448	24	408	64	43	457	500	0	500	500	0	500	500	30	
3.0549921151e+02	457	15	423	48	43	457	500	0	500	500	0	500	500	30	
3.0599939952e+02	457	17	427	44	45	455	500	0	500	500	0	500	500	30	
3.0649889020e+02	457	18	434	40	36	464	500	0	500	500	0	500	500	30	
3.0699965385e+02	454	21	434	42	46	454	500	0	500	500	0	500	500	30	
3.0749982602e+02	458	18	432	47	61	439	500	0	500	500	0	500	500	30	
3.0799774489e+02	460	16	434	47	50	450	500	0	500	500	0	500	500	30	
3.0849547762e+02	465	13	436	44	45	455	500	0	500	500	0	500	500	30	
3.0899578362e+02	463	15	435	47	47	453	500	0	500	500	0	500	500	30	
3.0949969195e+02	462	18	435	44	33	467	500	0	500	500	0	500	500	30	
3.0999536888e+02	462	18	428	51	53	447	500	0	500	500	0	500	500	30	
3.1049954366e+02	461	19	412	66	50	450	500	0	500	500	0	500	500	30	
3.1099843557e+02	453	27	409	69	43	457	500	0	500	500	0	500	500	30	
3.1149850184e+02	456	24	421	58	46	454	500	0	500	500	0	500	500	30	
3.1199861118e+02	458	23	414	68	59	441	500	0	500	500	0	500	500	30	
3.1249925774e+02	457	25	410	70	48	452	500	0	500	500	0	500	500	30	
3.1299986209e+02	454	28	401	79	50	450	500	0	500	500	0	500	500	30	
3.1349911059e+02	457	26	408	71	55	445	500	0	500	500	0	500	500	30	
3.1399946070e+02	453	32	413	69	42	458	500	0	500	500	0	500	500	30	
3.1449886259e+02	451	32	418	66	40	460	500	0	500	500	0	500	500	30	
3.1499872666e+02	446	36	417	64	52	448	500	0	500	500	0	500	500	30	
3.1549920839e+02	448	35	414	66	40	460	500	0	500	500	0	500	500	30	
3.1599888435e+02	452	31	425	56	40	460	500	0	500	500	0	500	500	30	
3.1649929482e+02	456	27	408	67	46	454	500	0	500	500	0	500	500	30	
3.1699967933e+02	455	28	417	56	39	461	500	0	500	500	0	500	500	30	
3.1749868165e+02	457	27	420	52	32	468	500	0	500	500	0	500	500	30	
3.1799703671e+02	463	21	423	50	60	440	500	0	500	500	0	500	500	30	
3.1849958481e+02	467	18	420	57	58	442	500	0	500	500	0	500	500	30	
3.1899949986e+02	467	17	416	58	52	448	500	0	500	500	0	500	500	30	
3.1949858853e+02	466	17	430	43	42	458	500	0	500	500	0	500	500	30	
3.1999941882e+02	469	18	440	33	61	439	500	0	500	500	0	500	500	30	
3.2049972203e+02	471	17	432	40	47	453	500	0	500	500	0	500	500	30	
3.2099840870e+02	472	19	430	43	53	447	500	0	500	500	0	500	500	30	
3.2149948082e+02	473	17	424	45	54	446	500	0	500	500	0	500	500	30	
3.2199962931e+02	473	17	412	55	53	447	500	0	500	500	0	500	500	30	
3.2249498513e+02	472	19	415	54	40	460	500	0	500	500	0	500	500	30	
3.2299998147e+02	472	20	403	68	48	452	500	0	500	500	0	500	500	30	
3.2349962130e+02	472	21	405	64	42	458	500	0	500	500	0	500	500	30	
3.2399904528e+02	467	27	405	65	36	464	500	0	500	500	0	500	500	30	
3.2449970161e+02	475	24	420	48	60	440	500	0	500	500	0	500	500	30	
3.2499775907e+02	476	21	410	53	43	457	500	0	500	500	0	500	500	30	
3.2549879821e+02	474	24	424	42	41	459	500	0	500	500	0	500	500	30	
3.2599903174e+02	475	25	420	46	54	446	500	0	500	500	0	500	500	30	
3.2649695895e+02	489	11	414	54	67	433	500	0	500	500	0	500	500	30	
3.2699944610e+02	482	19	415	55	67	433	500	0	500	500	0	500	500	30	
3.2749678631e+02	484	19	411	58	58	442	500	0	500	500	0	500	500	30	
3.2799651404e+02	485	19	411	57	57	443	500	0	500	500	0	500	500	30	
3.2849785248e+02	481	24	413	51	45	455	500	0	500	500	0	500	500	30	
3.2899868059e+02	482	23	422	45	45	455	500	0	500	500	0	500	500	30	
3.2949546918e+02	485	21	422	44	33	467	500	0	500	500	0	500	500	30	
3.2999857232e+02	481	25	421	47	27	473	500	0	500	500	0	500	500	30	
3.3049941012e+02	480	25	418	49	50	450	500	0	500	500	0	500	500	30	
3.3099966552e+02	483	24	424	46	34	466	500	0	500	500	0	500	500	30	
3.3149973716e+02	486	22	422	50	34	466	500	0	500	500	0	500	500	30	
3.3199834836e+02	486	23	429	44	42	458	500	0	500	500	0	500	500	30	
3.3249994359e+02	489	21	424	50	47	453	500	0	500	500	0	500	500	30	
3.3299908846e+02	491	19	424	49	50	450	500	0	500	500	0	500	500	30	
3.3349965737e+02	484	27	426	47	54	446	500	0	500	500	0	500	500	30	
3.3399973750e+02	487	25	423	52	45	455	500	0	500	500	0	500	500	30	
3.3449710010e+02	490	22	423	53	44	456	500	0	500	500	0	500	500	30	
3.3499986091e+02	493	19	408	65	48	452	500	0	500	500	0	500	500	30	
3.3549965466e+02	491	19	419	52	48	452	500	0	500	500	0	500	500	30	
3.3599937967e+02	495	16	403	64	36	464	500	0	500	500	0	500	500	30	
3.3649859236e+02	493	20	403	65	35	465	500	0	500	500	0	500	500	30	
3.3699985809e+02	490	22	408	59	46	454	500	0	500	500	0	500	500	30	
3.3749946729e+02	491	21	415	51	53	447	500	0	500	500	0	500	500	30	
3.3799620356e+02	492	20	429	40	47	453	500	0	500	500	0	500	500	30	
3.3849868081e+02	488	23	426	41	48	452	500	0	500	500	0	500	500	30	
3.3899962518e+02	489	22	436	34	48	452	500	0	500	500	0	500	500	30	
3.3949947769e+02	494	17	432	41	45	455	500	0	500	500	0	500	500	30	
3.3999766582e+02	489	22	431	43	34	466	500	0	500	500	0	500	500	30	
3.4049940864e+02	479	32	417	57	47	453	500	0	500	500	0	500	500	30	
3.4099938014e+02	484	26	422	50	39	461	500	0	500	500	0	500	500	30	
3.4149851196e+02	490	21	407	64	33	467	500	0	500	500	0	500	500	30	
3.4199893276e+02	489	23	407	63	46	454	500	0	500	500	0	500	500	30	
3.4249883880e+02	495	18	401	72	67	433	500	0	500	500	0	500	500	30	
3.4299736621e+02	496	17	387	82	49	451	500	0	500	500	0	500	500	30	
3.4349717877e+02	486	29	391	75	45	455	500	0	500	500	0	500	500	30	
3.4399992711e+02	488	28	401	62	41	459	500	0	500	500	0	500	500	30	
3.4449829813e+02	487	31	403	60	48	452	500	0	500	500	0	500	500	30	
3.4499947986e+02	487	31	384	77	36	464	500	0	500	500	0	500	500	30	
3.4549974421e+02	490	29	398	63	41	459	500	0	500	500	0	500	500	30	
3.4599974238e+02	496	24	413	49	54	446	500	0	500	500	0	500	500	30	
3.4649580809e+02	496	26	409	51	56	444	500	0	500	500	0	500	500	30	
3.4699870991e+02	490	32	415	44	40	460	500	0	500	500	0	500	500	30	
3.4749953070e+02	498	26	413	47	49	451	500	0	500	500	0	500	500	30	
3.4799925364e+02	498	25	403	55	38	462	500	0	500	500	0	500	500	30	
3.4849902045e+02	492	31	407	47	29	471	500	0	500	500	0	500	500	30	
3.4899935923e+02	496	27	419	35	23	477	500	0	500	500	0	500	500	30	
3.4949930025e+02	496	27	415	42	54	446	500	0	500	500	0	500	500	30	
3.4999753677e+02	501	25	403	51	49	451	500	0	500	500	0	500	500	30	
3.5049649369e+02	505	23	408	47	60	440	500	0	500	500	0	500	500	30	
3.5099969676e+02	506	22	412	44	42	458	500	0	500	500	0	500	500	30	
3.5149855510e+02	510	18	416	41	44	456	500	0	500	500	0	500	500	30	
3.5199841738e+02	502	25	405	51	49	451	500	0	500	500	0	500	500	30	
3.5249949065e+02	501	26	416	44	50	450	500	0	500	500	0	500	500	30	
3.5299774632e+02	503	24	424	39	38	462	500	0	500	500	0	500	500	30	
3.5349880597e+02	505	23	427	36	46	454	500	0	500	500	0	500	500	30	
3.5399911373e+02	507	21	425	39	45	455	500	0	500	500	0	500	500	30	
3.5449956421e+02	509	20	424	40	49	451	500	0	500	500	0	500	500	30	
3.5499876098e+02	511	19	415	49	57	443	500	0	500	500	0	500	500	30	
3.5549834649e+02	509	24	424	43	36	464	500	0	500	500	0	500	500	30	
3.5599728694e+02	514	19	414	53	33	467	500	0	500	500	0	500	500	30	
3.5649790284e+02	509	22	406	60	51	449	500	0	500	500	0	500	500	30	
3.5699906181e+02	502	29	409	57	53	447	500	0	500	500	0	500	500	30	
3.5749618744e+02	507	26	420	48	53	447	500	0	500	500	0	500	500	30	
3.5799971061e+02	509	25	428	37	40	460	500	0	500	500	0	500	500	30	
3.5849783412e+02	513	24	426	39	49	451	500	0	500	500	0	500	500	30	
3.5899894061e+02	515	23	416	48	52	448	500	0	500	500	0	500	500	30	
3.5949866110e+02	516	24	408	54	37	463	500	0	500	500	0	500	500	30	
3.5999926802e+02	509	32	391	68	63	437	500	0	500	500	0	500	500	30	
3.6049802739e+02	505	35	396	67	56	444	500	0	500	500	0	500	500	30	
3.6099933839e+02	503	39	395	69	54	446	500	0	500	500	0	500	500	30	
3.6149715225e+02	509	32	402	64	34	466	500	0	500	500	0	500	500	30	
3.6199793503e+02	507	35	402	62	38	462	500	0	500	500	0	500	500	30	
3.6249892268e+02	510	32	398	65	47	453	500	0	500	500	0	500	500	30	
3.6299996357e+02	517	24	389	77	45	455	500	0	500	500	0	500	500	30	
3.6349994701e+02	516	25	390	78	29	471	500	0	500	500	0	500	500	30	
3.6399980990e+02	511	32	394	71	37	463	500	0	500	500	0	500	500	30	
3.6449903006e+02	511	34	396	67	33	467	500	0	500	500	0	500	500	30	
3.6499977794e+02	517	29	396	66	49	451	500	0	500	500	0	500	500	30	
3.6549968655e+02	523	25	409	52	53	447	500	0	500	500	0	500	500	30	
3.6599673148e+02	523	26	407	53	37	463	500	0	500	500	0	500	500	30	
3.6649964616e+02	520	27	420	40	50	450	500	0	500	500	0	500	500	30	
3.6699890812e+02	521	26	409	51	44	456	500	0	500	500	0	500	500	30	
3.6749796953e+02	523	23	413	50	52	448	500	0	500	500	0	500	500	30	
3.6799996038e+02	521	24	402	62	54	446	500	0	500	500	0	500	500	30	
3.6849968095e+02	521	22	394	73	57	443	500	0	500	500	0	500	500	30	
3.6899999299e+02	519	22	392	73	54	446	500	0	500	500	0	500	500	30	
3.6948293082e+02	512	29	386	80	49	451	500	0	500	500	0	500	500	30	
3.6999928433e+02	506	33	381	82	57	443	500	0	500	500	0	500	500	30	
3.7049899262e+02	509	28	379	82	51	449	500	0	500	500	0	500	500	30	
3.7099986932e+02	500	37	389	74	46	454	500	0	500	500	0	500	500	30	
3.7149874492e+02	502	36	406	56	60	440	500	0	500	500	0	500	500	30	
3.7199973489e+02	514	24	411	55	58	442	500	0	500	500	0	500	500	30	
3.7249912899e+02	511	27	413	56	48	452	500	0	500	500	0	500	500	30	
3.7299728807e+02	512	26	410	62	42	458	500	0	500	500	0	500	500	30	
3.7349905038e+02	514	23	407	66	47	453	500	0	500	500	0	500	500	30	
3.7399889933e+02	514	23	409	67	66	434	500	0	500	500	0	500	500	30	
3.7449941120e+02	509	29	415	60	44	456	500	0	500	500	0	500	500	30	
3.7499915372e+02	513	26	425	51	35	465	500	0	500	500	0	500	500	30	
3.7549935493e+02	513	27	421	52	47	453	500	0	500	500	0	500	500	30	
3.7599969240e+02	519	21	423	50	49	451	500	0	500	500	0	500	500	30	
3.7649882020e+02	516	25	425	48	34	466	500	0	500	500	0	500	500	30	
3.7699828437e+02	519	22	420	57	53	447	500	0	500	500	0	500	500	30	
3.7749863671e+02	517	25	426	50	62	438	500	0	500	500	0	500	500	30	
3.7799942860e+02	516	26	418	58	44	456	500	0	500	500	0	500	500	30	
3.7849714570e+02	516	24	423	54	58	442	500	0	500	500	0	500	500	30	
3.7899912947e+02	520	22	426	49	52	448	500	0	500	500	0	500	500	30	
3.7949828692e+02	524	17	431	43	47	453	500	0	500	500	0	500	500	30	
3.7999789104e+02	523	18	431	43	68	432	500	0	500	500	0	500	500	30	
3.8049750488e+02	528	14	431	44	69	431	500	0	500	500	0	500	500	30	
3.8099994431e+02	528	13	435	42	57	443	500	0	500	500	0	500	500	30	
3.8149697952e+02	526	16	443	34	38	462	500	0	500	500	0	500	500	30	
3.8199989067e+02	525	16	435	42	55	445	500	0	500	500	0	500	500	30	
3.8249635892e+02	519	24	439	41	73	427	500	0	500	500	0	500	500	30	
3.8299860947e+02	519	26	430	51	80	420	500	0	500	500	0	500	500	30	
3.8349802770e+02	516	29	434	47	61	439	500	0	500	500	0	500	500	30	
3.8399999405e+02	515	30	423	58	54	446	500	0	500	500	0	500	500	30	
3.8449556134e+02	518	27	432	51	42	458	500	0	500	500	0	500	500	30	
3.8499828071e+02	521	25	428	52	34	466	500	0	500	500	0	500	500	30	
3.8549587110e+02	526	20	427	54	59	441	500	0	500	500	0	500	500	30	
3.8599835274e+02	521	25	428	51	54	446	500	0	500	500	0	500	500	30	
3.8649933231e+02	528	21	422	57	43	457	500	0	500	500	0	500	500	30	
3.8699902583e+02	524	25	415	61	42	458	500	0	500	500	0	500	500	30	
3.8749755871e+02	521	30	411	63	54	446	500	0	500	500	0	500	500	30	
3.8799921682e+02	520	33	413	64	51	449	500	0	500	500	0	500	500	30	
3.8849813133e+02	521	34	408	68	63	437	500	0	500	500	0	500	500	30	
3.8899846023e+02	526	32	423	51	37	463	500	0	500	500	0	500	500	30	
3.8949948226e+02	525	33	410	63	26	474	500	0	500	500	0	500	500	30	
3.8999835232e+02	529	29	425	50	39	461	500	0	500	500	0	500	500	30	
3.9049927622e+02	533	24	425	53	38	462	500	0	500	500	0	500	500	30	
3.9099769985e+02	536	20	419	59	64	436	500	0	500	500	0	500	500	30	
3.9149987122e+02	533	23	412	65	49	451	500	0	500	500	0	500	500	30	
3.9199919300e+02	533	24	421	57	36	464	500	0	500	500	0	500	500	30	
3.9249971162e+02	534	26	432	46	65	435	500	0	500	500	0	500	500	30	
3.9299994958e+02	537	25	418	58	47	453	500	0	500	500	0	500	500	30	
3.9349538163e+02	540	22	410	69	63	437	500	0	500	500	0	500	500	30	
3.9399760538e+02	541	23	413	68	60	440	500	0	500	500	0	500	500	30	
3.9449930980e+02	545	19	409	72	46	454	500	0	500	500	0	500	500	30	
3.9499724620e+02	543	22	415	67	37	463	500	0	500	500	0	500	500	30	
3.9549981918e+02	540	24	410	67	59	441	500	0	500	500	0	500	500	30	
3.9599998831e+02	538	25	408	69	58	442	500	0	500	500	0	500	500	30	
3.9649848534e+02	530	31	418	58	47	453	500	0	500	500	0	500	500	30	
3.9699818022e+02	531	32	421	57	36	464	500	0	500	500	0	500	500	30	
3.9749992451e+02	526	37	421	58	54	446	500	0	500	500	0	500	500	30	
3.9799686611e+02	532	31	423	60	55	445	500	0	500	500	0	500	500	30	
3.9849981919e+02	527	36	415	74	49	451	500	0	500	500	0	500	500	30	
3.9899830896e+02	528	37	424	66	46	454	500	0	500	500	0	500	500	30	
3.9949971332e+02	538	28	428	65	46	454	500	0	500	500	0	500	500	30	
3.9999928204e+02	538	29	420	73	53	447	500	0	500	500	0	500	500	30	
4.0049949096e+02	541	28	426	61	60	440	500	0	500	500	0	500	500	30	
4.0099929844e+02	543	28	424	61	53	447	500	0	500	500	0	500	500	30	
4.0149907155e+02	543	31	426	60	43	457	500	0	500	500	0	500	500	30	
4.0199935756e+02	544	28	428	60	50	450	500	0	500	500	0	500	500	30	
4.0249473281e+02	544	27	430	58	34	466	500	0	500	500	0	500	500	30	
4.0299999396e+02	546	26	419	68	35	465	500	0	500	500	0	500	500	30	
4.0349967288e+02	553	19	405	84	40	460	500	0	500	500	0	500	500	30	
4.0399928555e+02	550	20	412	78	56	444	500	0	500	500	0	500	500	30	
4.0449957764e+02	544	26	425	67	46	454	500	0	500	500	0	500	500	30	
4.0499987782e+02	539	31	441	53	54	446	500	0	500	500	0	500	500	30	
4.0549877293e+02	541	29	432	61	63	437	500	0	500	500	0	500	500	30	
4.0599548125e+02	546	25	440	55	57	443	500	0	500	500	0	500	500	30	
4.0649936897e+02	549	21	447	49	40	460	500	0	500	500	0	500	500	30	
4.0699885241e+02	545	25	443	52	49	451	500	0	500	500	0	500	500	30	
4.0749983064e+02	540	30	439	60	48	452	500	0	500	500	0	500	500	30	
4.0799985704e+02	538	34	442	58	44	456	500	0	500	500	0	500	500	30	
4.0849949409e+02	538	35	437	64	52	448	500	0	500	500	0	500	500	30	
4.0899930795e+02	542	31	424	77	51	449	500	0	500	500	0	500	500	30	
4.0949964409e+02	538	34	432	69	52	448	500	0	500	500	0	500	500	30	
4.0999980554e+02	537	35	434	65	42	458	500	0	500	500	0	500	500	30	
4.1049934779e+02	539	33	444	54	54	446	500	0	500	500	0	500	500	30	
4.1099820028e+02	547	25	452	48	51	449	500	0	500	500	0	500	500	30	
4.1149914963e+02	546	27	443	55	57	443	500	0	500	500	0	500	500	30	
4.1199874567e+02	543	30	433	67	47	453	500	0	500	500	0	500	500	30	
4.1249612189e+02	542	32	423	75	50	450	500	0	500	500	0	500	500	30	
4.1299880193e+02	541	35	439	56	59	441	500	0	500	500	0	500	500	30	
4.1349900185e+02	545	33	429	61	56	444	500	0	500	500	0	500	500	30	
4.1399559011e+02	547	31	435	54	61	439	500	0	500	500	0	500	500	30	
4.1449988403e+02	547	31	423	65	55	445	500	0	500	500	0	500	500	30	
4.1499994569e+02	550	28	419	67	50	450	500	0	500	500	0	500	500	30	
4.1549956514e+02	549	28	413	70	54	446	500	0	500	500	0	500	500	30	
4.1599716710e+02	546	31	421	63	75	425	500	0	500	500	0	500	500	30	
4.1649843984e+02	548	29	420	62	59	441	500	0	500	500	0	500	500	30	
4.1699914682e+02	552	26	429	55	45	455	500	0	500	500	0	500	500	30	
4.1749996495e+02	557	22	427	57	62	438	500	0	500	500	0	500	500	30	
4.1799885747e+02	556	25	421	60	56	444	500	0	500	500	0	500	500	30	
4.1849963447e+02	554	26	424	57	49	451	500	0	500	500	0	500	500	30	
4.1899875072e+02	550	30	419	61	25	475	500	0	500	500	0	500	500	30	
4.1949993391e+02	555	24	417	64	38	462	500	0	500	500	0	500	500	30	
4.1999795898e+02	556	23	424	58	41	459	500	0	500	500	0	500	500	30	
4.2049964685e+02	549	31	425	56	44	456	500	0	500	500	0	500	500	30	
4.2099988428e+02	552	30	424	57	42	458	500	0	500	500	0	500	500	30	
4.2149980659e+02	555	28	441	45	36	464	500	0	500	500	0	500	500	30	
4.2199963406e+02	555	28	430	56	57	443	500	0	500	500	0	500	500	30	
4.2249799474e+02	554	28	429	54	66	434	500	0	500	500	0	500	500	30	
4.2299999486e+02	560	24	429	52	53	447	500	0	500	500	0	500	500	30	
4.2349992336e+02	562	21	431	51	45	455	500	0	500	500	0	500	500	30	
4.2399967942e+02	555	29	426	57	43	457	500	0	500	500	0	500	500	30	
4.2449980091e+02	555	29	431	53	66	434	500	0	500	500	0	500	500	30	
4.2499819789e+02	553	30	429	56	56	444	500	0	500	500	0	500	500	30	
4.2549945950e+02	555	28	433	53	67	433	500	0	500	500	0	500	500	30	
4.2599910132e+02	560	24	438	48	40	460	500	0	500	500	0	500	500	30	
4.2649430088e+02	558	25	437	49	41	459	500	0	500	500	0	500	500	30	
4.2699954937e+02	560	24	427	58	56	444	500	0	500	500	0	500	500	30	
4.2749971992e+02	563	22	434	54	59	441	500	0	500	500	0	500	500	30	
4.2799908220e+02	558	26	437	51	48	452	500	0	500	500	0	500	500	30	
4.2849840584e+02	562	22	436	51	32	468	500	0	500	500	0	500	500	30	
4.2899902223e+02	556	29	438	52	47	453	500	0	500	500	0	500	500	30	
4.2949686767e+02	558	27	441	52	61	439	500	0	500	500	0	500	500	30	
4.2999807938e+02	564	23	446	50	45	455	500	0	500	500	0	500	500	30	
4.3049891399e+02	566	21	439	56	59	441	500	0	500	500	0	500	500	30	
4.3099967737e+02	566	21	452	42	37	463	500	0	500	500	0	500	500	30	
4.3149702319e+02	565	23	456	38	59	441	500	0	500	500	0	500	500	30	
4.3199989337e+02	562	28	452	45	60	440	500	0	500	500	0	500	500	30	
4.3249617995e+02	564	26	458	42	45	455	500	0	500	500	0	500	500	30	
4.3299973366e+02	564	26	458	40	43	457	500	0	500	500	0	500	500	30	
4.3349892868e+02	560	30	446	54	39	461	500	0	500	500	0	500	500	30	
4.3399681512e+02	566	25	443	57	35	465	500	0	500	500	0	500	500	30	
4.3449263574e+02	571	21	447	55	40	460	500	0	500	500	0	500	500	30	
4.3499958650e+02	566	27	439	62	56	444	500	0	500	500	0	500	500	30	
4.3549917497e+02	566	26	438	62	50	450	500	0	500	500	0	500	500	30	
4.3599851571e+02	567	26	443	56	50	450	500	0	500	500	0	500	500	30	
4.3649921370e+02	571	23	444	57	44	456	500	0	500	500	0	500	500	30	
4.3699898636e+02	572	21	456	44	48	452	500	0	500	500	0	500	500	30	
4.3749951182e+02	566	27	441	55	59	441	500	0	500	500	0	500	500	30	
4.3799938441e+02	563	29	429	66	53	447	500	0	500	500	0	500	500	30	
4.3849984132e+02	564	28	437	59	60	440	500	0	500	500	0	500	500	30	
4.3899865180e+02	566	29	446	51	50	450	500	0	500	500	0	500	500	30	
4.3949813329e+02	570	24	437	58	46	454	500	0	500	500	0	500	500	30	
4.3999987308e+02	570	24	433	62	53	447	500	0	500	500	0	500	500	30	
4.4049686228e+02	567	28	431	62	46	454	500	0	500	500	0	500	500	30	
4.4099774463e+02	567	28	427	64	68	432	500	0	500	500	0	500	500	30	
4.4149689461e+02	574	22	433	57	57	443	500	0	500	500	0	500	500	30	
4.4199978486e+02	577	20	428	59	32	468	500	0	500	500	0	500	500	30	
4.4249839485e+02	576	21	425	62	47	453	500	0	500	500	0	500	500	30	
4.4299711024e+02	573	24	418	68	63	437	500	0	500	500	0	500	500	30	
4.4349783993e+02	574	23	414	71	66	434	500	0	500	500	0	500	500	30	
4.4399690040e+02	574	23	419	65	68	432	500	0	500	500	0	500	500	30	
4.4449945684e+02	572	27	431	55	58	442	500	0	500	500	0	500	500	30	
4.4499847207e+02	573	26	429	58	52	448	500	0	500	500	0	500	500	30	
4.4549989796e+02	579	22	430	57	49	451	500	0	500	500	0	500	500	30	
4.4599973147e+02	576	25	433	56	32	468	500	0	500	500	0	500	500	30	
4.4649826485e+02	579	22	426	66	39	461	500	0	500	500	0	500	500	30	
4.4699919665e+02	581	21	422	71	72	428	500	0	500	500	0	500	500	30	
4.4749854135e+02	586	16	421	72	68	432	500	0	500	500	0	500	500	30	
4.4799909718e+02	584	20	426	64	61	439	500	0	500	500	0	500	500	30	
4.4849765387e+02	584	20	447	48	45	455	500	0	500	500	0	500	500	30	
4.4899771810e+02	585	19	433	63	34	466	500	0	500	500	0	500	500	30	
4.4949779992e+02	579	24	427	69	55	445	500	0	500	500	0	500	500	30	
4.4999486162e+02	577	27	419	78	49	451	500	0	500	500	0	500	500	30	
4.5049958762e+02	571	33	419	79	52	448	500	0	500	500	0	500	500	30	
4.5099727948e+02	562	44	420	82	44	456	500	0	500	500	0	500	500	30	
4.5149982251e+02	565	42	413	89	45	455	500	0	500	500	0	500	500	30	
4.5199716989e+02	567	40	414	85	36	464	500	0	500	500	0	500	500	30	
4.5249784074e+02	563	43	425	73	45	455	500	0	500	500	0	500	500	30	
4.5299747976e+02	564	41	425	70	45	455	500	0	500	500	0	500	500	30	
4.5349636717e+02	566	41	421	75	60	440	500	0	500	500	0	500	500	30	
4.5399644189e+02	567	40	425	72	40	460	500	0	500	500	0	500	500	30	
4.5449936812e+02	563	45	434	64	44	456	500	0	500	500	0	500	500	30	
4.5499953359e+02	573	34	453	46	49	451	500	0	500	500	0	500	500	30	
4.5549879691e+02	580	28	456	45	52	448	500	0	500	500	0	500	500	30	
4.5599792249e+02	581	28	455	45	45	455	500	0	500	500	0	500	500	30	
4.5649986438e+02	585	25	444	52	49	451	500	0	500	500	0	500	500	30	
4.5699906485e+02	585	26	452	44	48	452	500	0	500	500	0	500	500	30	
4.5749649621e+02	582	29	446	47	49	451	500	0	500	500	0	500	500	30	
4.5799949781e+02	588	24	441	53	50	450	500	0	500	500	0	500	500	30	
4.5849943161e+02	588	24	436	56	61	439	500	0	500	500	0	500	500	30	
4.5899930261e+02	586	26	438	58	46	454	500	0	500	500	0	500	500	30	
4.5949871216e+02	588	25	440	60	52	448	500	0	500	500	0	500	500	30	
4.5999914585e+02	585	29	442	60	47	453	500	0	500	500	0	500	500	30	
4.6049956501e+02	579	34	440	62	58	442	500	0	500	500	0	500	500	30	
4.6099913506e+02	581	32	441	61	56	444	500	0	500	500	0	500	500	30	
4.6149876237e+02	581	33	452	50	62	438	500	0	500	500	0	500	500	30	
4.6199764465e+02	582	33	449	51	65	435	500	0	500	500	0	500	500	30	
4.6249920468e+02	587	29	455	49	53	447	500	0	500	500	0	500	500	30	
4.6299953763e+02	592	23	450	54	51	449	500	0	500	500	0	500	500	30	
4.6349641495e+02	588	26	449	53	59	441	500	0	500	500	0	500	500	30	
4.6399914441e+02	593	22	449	46	58	442	500	0	500	500	0	500	500	30	
4.6449406768e+02	589	27	440	56	64	436	500	0	500	500	0	500	500	30	
4.6499971548e+02	590	26	450	51	55	445	500	0	500	500	0	500	500	30	
4.6549779137e+02	584	33	453	48	47	453	500	0	500	500	0	500	500	30	
4.6599862681e+02	589	29	444	58	47	453	500	0	500	500	0	500	500	30	
4.6649807909e+02	588	29	440	61	48	452	500	0	500	500	0	500	500	30	
4.6699533035e+02	590	27	441	61	50	450	500	0	500	500	0	500	500	30	
4.6749876286e+02	588	30	451	54	50	450	500	0	500	500	0	500	500	30	
4.6799940090e+02	588	30	443	61	70	430	500	0	500	500	0	500	500	30	
4.6849672089e+02	585	31	446	56	52	448	500	0	500	500	0	500	500	30	
4.6899967704e+02	580	34	442	60	51	449	500	0	500	500	0	500	500	30	
4.6949916748e+02	583	30	453	49	44	456	500	0	500	500	0	500	500	30	
4.6999858007e+02	587	30	440	62	54	446	500	0	500	500	0	500	500	30	
4.7049884787e+02	593	24	441	64	34	466	500	0	500	500	0	500	500	30	
4.7099986305e+02	595	23	444	60	32	468	500	0	500	500	0	500	500	30	
4.7149988897e+02	593	25	439	64	46	454	500	0	500	500	0	500	500	30	
4.7199991624e+02	591	27	446	57	48	452	500	0	500	500	0	500	500	30	
4.7249856941e+02	586	31	443	59	49	451	500	0	500	500	0	500	500	30	
4.7299915076e+02	586	30	444	61	44	456	500	0	500	500	0	500	500	30	
4.7349887052e+02	590	27	444	60	41	459	500	0	500	500	0	500	500	30	
4.7399958173e+02	589	28	447	60	49	451	500	0	500	500	0	500	500	30	
4.7449991264e+02	591	27	454	56	50	450	500	0	500	500	0	500	500	30	
4.7499774821e+02	591	27	450	61	55	445	500	0	500	500	0	500	500	30	
4.7549998075e+02	588	29	447	62	46	454	500	0	500	500	0	500	500	30	
4.7599880770e+02	591	27	454	56	51	449	500	0	500	500	0	500	500	30	
4.7649792560e+02	590	28	459	51	48	452	500	0	500	500	0	500	500	30	
4.7699825100e+02	591	30	458	54	57	443	500	0	500	500	0	500	500	30	
4.7749653597e+02	592	31	453	56	45	455	500	0	500	500	0	500	500	30	
4.7799419930e+02	591	33	467	45	35	465	500	0	500	500	0	500	500	30	
4.7849937795e+02	598	25	466	45	59	441	500	0	500	500	0	500	500	30	
4.7899852150e+02	598	25	460	53	39	461	500	0	500	500	0	500	500	30	
4.7949841862e+02	602	20	461	53	46	454	500	0	500	500	0	500	500	30	
4.7999868428e+02	600	21	458	55	48	452	500	0	500	500	0	500	500	30	
4.8049464418e+02	602	19	459	56	48	452	500	0	500	500	0	500	500	30	
4.8099880936e+02	600	23	461	54	59	441	500	0	500	500	0	500	500	30	
4.8149749103e+02	603	22	467	46	65	435	500	0	500	500	0	500	500	30	
4.8199800352e+02	603	22	457	56	69	431	500	0	500	500	0	500	500	30	
4.8249919848e+02	605	19	464	50	40	460	500	0	500	500	0	500	500	30	
4.8299782986e+02	607	16	462	49	48	452	500	0	500	500	0	500	500	30	
4.8349877581e+02	608	16	461	48	46	454	500	0	500	500	0	500	500	30	
4.8399885874e+02	605	18	448	62	50	450	500	0	500	500	0	500	500	30	
4.8449879528e+02	604	18	446	62	45	455	500	0	500	500	0	500	500	30	
4.8499852876e+02	594	29	451	58	42	458	500	0	500	500	0	500	500	30	
4.8549761630e+02	590	35	448	65	56	444	500	0	500	500	0	500	500	30	
4.8599750692e+02	598	26	445	68	68	432	500	0	500	500	0	500	500	30	
4.8649711216e+02	592	31	452	63	56	444	500	0	500	500	0	500	500	30	
4.8699920912e+02	590	33	459	57	61	439	500	0	500	500	0	500	500	30	
4.8749778595e+02	589	35	465	49	65	435	500	0	500	500	0	500	500	30	
4.8799948475e+02	595	30	470	43	63	437	500	0	500	500	0	500	500	30	
4.8849929332e+02	602	25	471	41	50	450	500	0	500	500	0	500	500	30	
4.8899931932e+02	603	26	473	41	40	460	500	0	500	500	0	500	500	30	
4.8949990615e+02	602	26	481	34	58	442	500	0	500	500	0	500	500	30	
4.8999859617e+02	601	27	472	39	47	453	500	0	500	500	0	500	500	30	
4.9049711242e+02	610	19	467	43	77	423	500	0	500	500	0	500	500	30	
4.9099580493e+02	610	20	465	42	63	437	500	0	500	500	0	500	500	30	
4.9149955694e+02	613	17	464	44	26	474	500	0	500	500	0	500	500	30	
4.9199945406e+02	610	20	463	47	47	453	500	0	500	500	0	500	500	30	
4.9249994027e+02	609	22	468	43	47	453	500	0	500	500	0	500	500	30	
4.9299869874e+02	607	24	457	49	58	442	500	0	500	500	0	500	500	30	
4.9349960154e+02	612	19	445	61	43	457	500	0	500	500	0	500	500	30	
4.9399763644e+02	610	21	438	64	61	439	500	0	500	500	0	500	500	30	
4.9449850153e+02	609	24	446	56	48	452	500	0	500	500	0	500	500	30	
4.9499637324e+02	609	23	444	56	37	463	500	0	500	500	0	500	500	30	
4.9549893073e+02	606	26	435	64	56	444	500	0	500	500	0	500	500	30	
4.9599879787e+02	607	25	454	48	41	459	500	0	500	500	0	500	500	30	
4.9649494143e+02	605	25	456	46	45	455	500	0	500	500	0	500	500	30	
4.9699947995e+02	613	20	459	44	61	439	500	0	500	500	0	500	500	30	
4.9749549488e+02	614	19	463	41	70	430	500	0	500	500	0	500	500	30	
4.9799870639e+02	617	17	467	39	56	444	500	0	500	500	0	500	500	30	
4.9849609285e+02	616	20	451	58	37	463	500	0	500	500	0	500	500	30	
4.9899975081e+02	612	26	451	56	53	447	500	0	500	500	0	500	500	30	
4.9949885344e+02	612	25	448	59	46	454	500	0	500	500	0	500	500	30	
4.9999860468e+02	608	29	442	62	45	455	500	0	500	500	0	500	500	30	
5.0000138678e+02	607	30	442	62	45	455	500	0	500	500	0	500	500	30	
