0.0000000000e+00	0	0	0	0	0	500	500	0	500	500	0	0	0	0	
6.6671905581e-01	0	0	1	0	0	500	500	0	500	500	0	0	0	0	
9.7233433241e-01	0	2	4	0	0	500	500	0	500	500	0	0	0	0	
1.4980556689e+00	0	3	6	0	0	500	500	0	500	500	0	0	0	0	
1.9943970997e+00	1	4	8	1	1	499	500	0	500	500	0	0	0	0	
2.4797094087e+00	1	4	10	0	1	499	500	0	500	500	0	0	0	0	
2.9938504150e+00	3	3	13	0	1	499	500	0	500	500	0	0	0	0	
3.4657379564e+00	3	4	15	1	1	499	500	0	500	500	0	0	0	0	
3.8739116149e+00	4	4	17	1	0	500	500	0	500	500	0	0	0	0	
4.4501008322e+00	4	5	20	0	1	499	500	0	500	500	0	0	0	0	
4.9744976867e+00	5	5	24	1	0	500	500	0	500	500	0	0	0	0	
5.4600799242e+00	7	4	26	1	2	498	500	0	500	500	0	0	0	0	
5.9549684183e+00	9	3	26	2	2	498	500	0	500	500	0	0	0	0	
6.4762379881e+00	10	4	27	3	2	498	500	0	500	500	0	0	0	0	
6.9907616905e+00	11	4	28	3	2	498	500	0	500	500	0	0	0	0	
7.4940960703e+00	12	4	32	5	0	500	500	0	500	500	0	0	0	0	
7.9079313597e+00	14	3	38	2	1	499	500	0	500	500	0	0	0	0	
8.4609375881e+00	15	2	40	1	0	500	500	0	500	500	0	0	0	0	
8.9215735349e+00	15	2	43	1	0	500	500	0	500	500	0	0	0	0	
9.3295592056e+00	16	3	45	0	1	499	500	0	500	500	0	0	0	0	
9.9726616045e+00	16	3	47	1	1	499	500	0	500	500	0	0	0	0	
1.0485056661e+01	17	2	50	2	0	500	500	0	500	500	0	0	0	0	
1.0779966304e+01	17	2	52	1	0	500	500	0	500	500	0	0	0	0	
1.1489207699e+01	18	3	54	2	1	499	500	0	500	500	0	0	0	0	
1.1934964598e+01	19	2	61	1	1	499	500	0	500	500	0	0	0	0	
1.2383473260e+01	19	2	66	1	1	499	500	0	500	500	0	0	0	0	
1.2978103007e+01	19	3	68	1	1	499	500	0	500	500	0	0	0	0	
1.3493015218e+01	21	2	64	5	0	500	500	0	500	500	0	0	0	0	
1.3996549989e+01	21	2	68	3	3	497	500	0	500	500	0	0	0	0	
1.4484439004e+01	21	2	71	4	1	499	500	0	500	500	0	0	0	0	
1.4949070115e+01	21	2	73	2	1	499	500	0	500	500	0	0	0	0	
1.5438650058e+01	22	1	76	1	1	499	500	0	500	500	0	0	0	0	
1.5981789862e+01	23	1	77	1	1	499	500	0	500	500	0	0	0	0	
1.6498292579e+01	23	2	76	2	1	499	500	0	500	500	0	0	0	0	
1.6970997435e+01	24	2	78	1	0	500	500	0	500	500	0	0	0	0	
1.7489160312e+01	24	3	76	3	2	498	500	0	500	500	0	0	0	0	
1.7978409600e+01	24	3	78	2	0	500	500	0	500	500	0	0	0	0	
1.8478686379e+01	24	4	76	6	2	498	500	0	500	500	0	0	0	0	
1.8993323332e+01	24	4	82	2	2	498	500	0	500	500	0	0	0	0	
1.9488161597e+01	24	5	83	2	1	499	500	0	500	500	0	0	0	0	
1.9975001816e+01	25	5	82	5	0	500	500	0	500	500	0	0	0	0	
2.0496625912e+01	26	4	85	6	2	498	500	0	500	500	0	0	0	0	
2.0969077660e+01	27	3	91	2	0	500	500	0	500	500	0	0	0	0	
2.1468771097e+01	27	3	96	0	1	499	500	0	500	500	0	0	0	0	
2.1997138062e+01	27	6	93	5	1	499	500	0	500	500	0	0	0	0	
2.2442398914e+01	28	5	94	4	1	499	500	0	500	500	0	0	0	0	
2.2952936513e+01	27	6	94	4	1	499	500	0	500	500	0	0	0	0	
2.3433468513e+01	27	7	94	5	1	499	500	0	500	500	0	0	0	0	
2.3998358339e+01	29	6	101	3	1	499	500	0	500	500	0	0	0	0	
2.4446782895e+01	30	5	105	3	2	498	500	0	500	500	0	0	0	0	
2.4986716721e+01	32	3	108	3	1	499	500	0	500	500	0	0	0	0	
2.5440714092e+01	32	5	108	4	0	500	500	0	500	500	0	0	0	0	
2.5998908846e+01	33	4	115	3	3	497	500	0	500	500	0	0	0	0	
2.6436061898e+01	34	4	116	3	1	499	500	0	500	500	0	0	0	0	
2.6965523580e+01	34	4	118	4	0	500	500	0	500	500	0	0	0	0	
2.7498220924e+01	34	4	117	4	3	497	500	0	500	500	0	0	0	0	
2.7958242680e+01	35	3	122	1	1	499	500	0	500	500	0	0	0	0	
2.8499960478e+01	36	3	123	2	1	499	500	0	500	500	0	0	0	0	
2.8959527099e+01	35	5	122	4	3	497	500	0	500	500	0	0	0	0	
2.9465969483e+01	36	6	123	5	3	497	500	0	500	500	0	0	0	0	
2.9997921430e+01	36	7	125	4	3	497	500	0	500	500	0	0	0	0	
3.0493827198e+01	37	6	122	4	1	499	500	0	500	500	0	0	0	0	
3.0999481606e+01	37	8	123	6	0	500	500	0	500	500	0	0	0	0	
3.1490387808e+01	38	7	123	8	3	497	500	0	500	500	0	0	0	0	
3.1964714813e+01	38	9	122	11	6	494	500	0	500	500	0	0	0	0	
3.2481933867e+01	41	8	124	9	5	495	500	0	500	500	0	0	0	0	
3.2985160604e+01	43	8	125	10	1	499	500	0	500	500	0	0	0	0	
3.3487389867e+01	42	8	126	10	0	500	500	0	500	500	0	0	0	0	
3.3999638019e+01	44	10	124	13	6	494	500	0	500	500	0	0	0	0	
3.4499625505e+01	48	9	125	13	11	489	500	0	500	500	0	0	0	0	
3.4994087031e+01	50	9	125	15	4	496	500	0	500	500	0	0	0	0	
3.5496891386e+01	52	7	130	13	4	496	500	0	500	500	0	0	0	0	
3.5990322627e+01	56	6	133	10	1	499	500	0	500	500	0	0	0	0	
3.6491401033e+01	58	5	138	7	1	499	500	0	500	500	0	0	0	0	
3.6994299835e+01	59	4	143	4	0	500	500	0	500	500	0	0	0	0	
3.7486576392e+01	59	4	143	3	2	498	500	0	500	500	0	0	0	0	
3.7957242093e+01	61	2	145	2	1	499	500	0	500	500	0	0	0	0	
3.8370908016e+01	62	2	145	4	1	499	500	0	500	500	0	0	0	0	
3.8997322835e+01	63	3	151	2	2	498	500	0	500	500	0	0	0	0	
3.9486025027e+01	64	3	154	1	3	497	500	0	500	500	0	0	0	0	
3.9962397871e+01	64	3	154	4	1	499	500	0	500	500	0	0	0	0	
4.0474178363e+01	65	3	159	3	2	498	500	0	500	500	0	0	0	0	
4.0978298749e+01	66	4	161	2	0	500	500	0	500	500	0	0	0	0	
4.1436097373e+01	67	5	156	8	1	499	500	0	500	500	0	0	0	0	
4.1994942941e+01	68	7	160	5	1	499	500	0	500	500	0	0	0	0	
4.2480679989e+01	71	5	163	5	1	499	500	0	500	500	0	0	0	0	
4.2992639787e+01	71	6	167	2	2	498	500	0	500	500	0	0	0	0	
4.3494729182e+01	73	4	167	2	6	494	500	0	500	500	0	0	0	0	
4.3985327121e+01	75	6	167	3	3	497	500	0	500	500	0	0	0	0	
4.4485737993e+01	77	6	167	6	3	497	500	0	500	500	0	0	0	0	
4.4986922774e+01	78	4	169	5	1	499	500	0	500	500	0	0	0	0	
4.5434858476e+01	79	5	170	5	1	499	500	0	500	500	0	0	0	0	
4.5971967873e+01	79	6	172	5	0	500	500	0	500	500	0	0	0	0	
4.6486669570e+01	82	6	173	4	2	498	500	0	500	500	0	0	0	0	
4.6967117141e+01	84	5	170	7	3	497	500	0	500	500	0	0	0	0	
4.7481721329e+01	85	4	180	2	5	495	500	0	500	500	0	0	0	0	
4.7999610144e+01	87	3	182	1	3	497	500	0	500	500	0	0	0	0	
4.8484902804e+01	89	2	183	1	0	500	500	0	500	500	0	0	0	0	
4.8987876704e+01	90	1	183	1	1	499	500	0	500	500	0	0	0	0	
4.9498081456e+01	90	1	179	1	0	500	500	0	500	500	0	0	0	0	
4.9960599687e+01	90	2	177	3	1	499	500	0	500	500	0	0	0	0	
5.0487688136e+01	90	3	180	3	2	498	500	0	500	500	0	0	0	0	
5.0956316237e+01	91	2	182	2	1	499	500	0	500	500	0	0	0	0	
5.1467081307e+01	90	6	186	3	2	498	500	0	500	500	0	0	0	0	
5.1958914195e+01	92	5	187	5	3	497	500	0	500	500	0	0	0	0	
5.2492313306e+01	94	3	185	5	2	498	500	0	500	500	0	0	0	0	
5.2996536323e+01	95	3	190	2	1	499	500	0	500	500	0	0	0	0	
5.3460721717e+01	96	3	190	1	0	500	500	0	500	500	0	0	0	0	
5.3939743930e+01	96	3	191	2	0	500	500	0	500	500	0	0	0	0	
5.4496127377e+01	97	2	191	2	0	500	500	0	500	500	0	0	0	0	
5.4963065746e+01	97	5	187	5	1	499	500	0	500	500	0	0	0	0	
5.5469553103e+01	99	4	186	4	4	496	500	0	500	500	0	0	0	0	
5.5995574325e+01	101	4	185	6	2	498	500	0	500	500	0	0	0	0	
5.6490033871e+01	101	5	187	5	7	493	500	0	500	500	0	0	0	0	
5.6964101312e+01	103	3	186	7	2	498	500	0	500	500	0	0	0	0	
5.7482077999e+01	107	1	192	2	0	500	500	0	500	500	0	0	0	0	
5.7981395378e+01	108	2	197	1	1	499	500	0	500	500	0	0	0	0	
5.8491059294e+01	109	4	197	2	1	499	500	0	500	500	0	0	0	0	
5.8987191080e+01	109	5	198	2	4	496	500	0	500	500	0	0	0	0	
5.9490270470e+01	110	6	196	4	2	498	500	0	500	500	0	0	0	0	
5.9998922839e+01	111	4	192	9	1	499	500	0	500	500	0	0	0	0	
6.0498376595e+01	111	3	196	6	6	494	500	0	500	500	0	0	0	0	
6.0990513340e+01	113	3	197	8	0	500	500	0	500	500	0	0	0	0	
6.1471658937e+01	113	3	204	4	0	500	500	0	500	500	0	0	0	0	
6.1994210128e+01	112	4	206	3	2	498	500	0	500	500	0	0	0	0	
6.2464272092e+01	113	5	204	4	1	499	500	0	500	500	0	0	0	0	
6.2999465468e+01	113	7	202	8	3	497	500	0	500	500	0	0	0	0	
6.3498030249e+01	113	8	208	6	1	499	500	0	500	500	0	0	0	0	
6.3999965861e+01	115	9	207	8	1	499	500	0	500	500	0	0	0	0	
6.4499146290e+01	116	10	203	12	5	495	500	0	500	500	0	0	0	0	
6.4992136495e+01	118	10	202	13	6	494	500	0	500	500	0	0	0	0	
6.5498657666e+01	122	6	207	9	6	494	500	0	500	500	0	0	0	0	
6.5988876446e+01	122	8	209	10	3	497	500	0	500	500	0	0	0	0	
6.6499619906e+01	122	11	204	15	4	496	500	0	500	500	0	0	0	0	
6.6990391654e+01	121	11	206	16	3	497	500	0	500	500	0	0	0	0	
6.7489256052e+01	125	9	211	12	4	496	500	0	500	500	0	0	0	0	
6.7924804834e+01	125	9	211	12	2	498	500	0	500	500	0	0	0	0	
6.8464522788e+01	129	5	213	10	2	498	500	0	500	500	0	0	0	0	
6.8993225274e+01	130	6	219	5	2	498	500	0	500	500	0	0	0	0	
6.9486297790e+01	130	6	219	7	5	495	500	0	500	500	0	0	0	0	
6.9970488839e+01	132	6	226	2	10	490	500	0	500	500	0	0	0	0	
7.0483099158e+01	133	8	223	8	3	497	500	0	500	500	0	0	0	0	
7.0994325056e+01	131	11	217	14	8	492	500	0	500	500	0	0	0	0	
7.1494148005e+01	135	8	224	11	1	499	500	0	500	500	0	0	0	0	
7.1997296524e+01	140	3	233	4	1	499	500	0	500	500	0	0	0	0	
7.2447405269e+01	141	4	230	8	2	498	500	0	500	500	0	0	0	0	
7.2952934787e+01	140	6	231	11	1	499	500	0	500	500	0	0	0	0	
7.3486337117e+01	142	5	231	9	0	500	500	0	500	500	0	0	0	0	
7.3998874689e+01	144	6	231	10	1	499	500	0	500	500	0	0	0	0	
7.4495316290e+01	145	5	231	10	0	500	500	0	500	500	0	0	0	0	
7.4997348696e+01	146	5	234	7	1	499	500	0	500	500	0	0	0	0	
7.5448066269e+01	147	3	243	2	0	500	500	0	500	500	0	0	0	0	
7.5956639411e+01	147	3	240	3	1	499	500	0	500	500	0	0	0	0	
7.6475900462e+01	147	3	246	2	1	499	500	0	500	500	0	0	0	0	
7.6997382282e+01	148	2	244	8	2	498	500	0	500	500	0	0	0	0	
7.7488533181e+01	149	3	243	9	1	499	500	0	500	500	0	0	0	0	
7.7981939241e+01	150	4	252	5	5	495	500	0	500	500	0	0	0	0	
7.8478055200e+01	149	6	251	8	4	496	500	0	500	500	0	0	0	0	
7.8974779071e+01	150	6	252	7	1	499	500	0	500	500	0	0	0	0	
7.9496498803e+01	151	7	257	3	4	496	500	0	500	500	0	0	0	0	
7.9975917998e+01	154	6	253	8	3	497	500	0	500	500	0	0	0	0	
8.0492051955e+01	154	6	250	11	3	497	500	0	500	500	0	0	0	0	
8.0998956383e+01	155	7	257	7	6	494	500	0	500	500	0	0	0	0	
8.1495837474e+01	156	8	251	12	3	497	500	0	500	500	0	0	0	0	
8.1993451810e+01	155	9	250	15	3	497	500	0	500	500	0	0	0	0	
8.2499226104e+01	156	9	252	13	5	495	500	0	500	500	0	0	0	0	
8.2988117765e+01	160	7	254	10	4	496	500	0	500	500	0	0	0	0	
8.3484748254e+01	161	6	257	10	5	495	500	0	500	500	0	0	0	0	
8.3973995311e+01	161	8	258	12	2	498	500	0	500	500	0	0	0	0	
8.4485718389e+01	164	5	262	8	1	499	500	0	500	500	0	0	0	0	
8.4939412817e+01	164	5	264	5	1	499	500	0	500	500	0	0	0	0	
8.5495797837e+01	165	5	261	9	3	497	500	0	500	500	0	0	0	0	
8.5990798219e+01	167	5	265	5	2	498	500	0	500	500	0	0	0	0	
8.6477962314e+01	167	7	264	9	1	499	500	0	500	500	0	0	0	0	
8.6998694067e+01	167	7	261	13	4	496	500	0	500	500	0	0	0	0	
8.7484760646e+01	169	5	271	7	4	496	500	0	500	500	0	0	0	0	
8.7983583568e+01	171	3	270	9	1	499	500	0	500	500	0	0	0	0	
8.8490487429e+01	172	4	270	9	3	497	500	0	500	500	0	0	0	0	
8.8985357081e+01	173	3	279	5	3	497	500	0	500	500	0	0	0	0	
8.9473804994e+01	175	2	277	6	3	497	500	0	500	500	0	0	0	0	
8.9999740686e+01	175	4	281	5	1	499	500	0	500	500	0	0	0	0	
9.0481150082e+01	176	3	279	8	2	498	500	0	500	500	0	0	0	0	
9.0997294664e+01	175	6	281	6	7	493	500	0	500	500	0	0	0	0	
9.1493468278e+01	175	6	284	5	5	495	500	0	500	500	0	0	0	0	
9.1996270096e+01	175	7	281	6	8	492	500	0	500	500	0	0	0	0	
9.2494773812e+01	175	6	288	4	6	494	500	0	500	500	0	0	0	0	
9.2981605961e+01	177	6	282	9	3	497	500	0	500	500	0	0	0	0	
9.3491880607e+01	178	8	277	12	2	498	500	0	500	500	0	0	0	0	
9.3992209378e+01	175	11	276	15	8	492	500	0	500	500	0	0	0	0	
9.4491762226e+01	178	11	281	16	8	492	500	0	500	500	0	0	0	0	
9.4988718295e+01	182	7	283	18	5	495	500	0	500	500	0	0	0	0	
9.5480429735e+01	181	8	285	15	6	494	500	0	500	500	0	0	0	0	
9.5987736776e+01	181	7	291	11	2	498	500	0	500	500	0	0	0	0	
9.6485678943e+01	182	7	290	13	4	496	500	0	500	500	0	0	0	0	
9.6996993231e+01	182	8	293	13	3	497	500	0	500	500	0	0	0	0	
9.7465065571e+01	183	7	292	15	2	498	500	0	500	500	0	0	0	0	
9.7979504916e+01	186	5	298	8	3	497	500	0	500	500	0	0	0	0	
9.8490935951e+01	185	6	304	5	3	497	500	0	500	500	0	0	0	0	
9.8998481268e+01	185	7	298	7	1	499	500	0	500	500	0	0	0	0	
9.9473529555e+01	189	4	301	4	3	497	500	0	500	500	0	0	0	0	
9.9978913891e+01	190	3	297	7	3	497	500	0	500	500	0	0	0	0	
1.0048858410e+02	191	3	302	5	3	497	500	0	500	500	0	0	0	0	
1.0099639418e+02	190	6	300	8	6	494	500	0	500	500	0	0	0	0	
1.0148678323e+02	191	6	306	2	5	495	500	0	500	500	0	0	0	0	
1.0198039219e+02	190	7	302	5	1	499	500	0	500	500	0	0	0	0	
1.0247397314e+02	190	7	298	11	1	499	500	0	500	500	0	0	0	0	
1.0299406607e+02	190	7	300	12	1	499	500	0	500	500	0	0	0	0	
1.0348814499e+02	190	7	308	4	9	491	500	0	500	500	0	0	0	0	
1.0399508761e+02	191	8	311	4	3	497	500	0	500	500	0	0	0	0	
1.0446679959e+02	193	7	314	4	2	498	500	0	500	500	0	0	0	0	
1.0499344570e+02	195	5	315	3	4	496	500	0	500	500	0	0	0	0	
1.0548037516e+02	194	7	315	5	2	498	500	0	500	500	0	0	0	0	
1.0599959760e+02	198	5	314	9	4	496	500	0	500	500	0	0	0	0	
1.0649964745e+02	202	2	321	3	3	497	500	0	500	500	0	0	0	0	
1.0697767335e+02	201	4	321	6	1	499	500	0	500	500	0	0	0	0	
1.0745416835e+02	201	4	320	5	2	498	500	0	500	500	0	0	0	0	
1.0797420222e+02	204	3	321	5	1	499	500	0	500	500	0	0	0	0	
1.0849986817e+02	203	4	325	2	1	499	500	0	500	500	0	0	0	0	
1.0899020564e+02	202	7	326	1	2	498	500	0	500	500	0	0	0	0	
1.0949063900e+02	204	7	316	8	2	498	500	0	500	500	0	0	0	0	
1.0995772932e+02	206	5	313	11	3	497	500	0	500	500	0	0	0	0	
1.1049875990e+02	206	6	315	8	6	494	500	0	500	500	0	0	0	0	
1.1098951695e+02	205	8	316	7	2	498	500	0	500	500	0	0	0	0	
1.1149034238e+02	208	8	316	8	3	497	500	0	500	500	0	0	0	0	
1.1199718649e+02	208	11	302	19	6	494	500	0	500	500	0	0	0	0	
1.1248344721e+02	211	10	316	10	2	498	500	0	500	500	0	0	0	0	
1.1299734803e+02	213	8	315	10	5	495	500	0	500	500	0	0	0	0	
1.1349742391e+02	213	7	313	15	5	495	500	0	500	500	0	0	0	0	
1.1399525040e+02	216	5	321	9	5	495	500	0	500	500	0	0	0	0	
1.1449408492e+02	215	5	324	4	0	500	500	0	500	500	0	0	0	0	
1.1493624739e+02	218	5	327	4	0	500	500	0	500	500	0	0	0	0	
1.1549466824e+02	217	6	325	6	2	498	500	0	500	500	0	0	0	0	
1.1599364216e+02	218	6	320	12	3	497	500	0	500	500	0	0	0	0	
1.1649800614e+02	218	8	316	14	2	498	500	0	500	500	0	0	0	0	
1.1699910761e+02	220	8	313	18	5	495	500	0	500	500	0	0	0	0	
1.1749745969e+02	219	9	306	24	4	496	500	0	500	500	0	0	0	0	
1.1798106794e+02	222	6	312	20	4	496	500	0	500	500	0	0	0	0	
1.1849979182e+02	224	6	319	15	5	495	500	0	500	500	0	0	0	0	
1.1895813412e+02	227	4	316	15	2	498	500	0	500	500	0	0	0	0	
1.1949920012e+02	227	5	322	7	2	498	500	0	500	500	0	0	0	0	
1.1999645441e+02	228	4	330	2	2	498	500	0	500	500	0	0	0	0	
1.2048806533e+02	229	4	325	5	1	499	500	0	500	500	0	0	0	0	
1.2098282841e+02	229	6	328	5	1	499	500	0	500	500	0	0	0	0	
1.2148518929e+02	231	5	329	4	1	499	500	0	500	500	0	0	0	0	
1.2199504828e+02	230	6	322	10	4	496	500	0	500	500	0	0	0	0	
1.2249830642e+02	231	6	320	11	7	493	500	0	500	500	0	0	0	0	
1.2297052684e+02	231	7	322	11	2	498	500	0	500	500	0	0	0	0	
1.2349696689e+02	231	9	328	7	1	499	500	0	500	500	0	0	0	0	
1.2396821453e+02	233	8	329	8	4	496	500	0	500	500	0	0	0	0	
1.2446102889e+02	233	8	331	12	2	498	500	0	500	500	0	0	0	0	
1.2498409269e+02	231	10	328	15	9	491	500	0	500	500	0	0	0	0	
1.2548601012e+02	233	8	332	14	5	495	500	0	500	500	0	0	0	0	
1.2597327269e+02	235	7	341	6	2	498	500	0	500	500	0	0	0	0	
1.2649316213e+02	238	5	335	11	1	499	500	0	500	500	0	0	0	0	
1.2696835406e+02	240	4	339	9	0	500	500	0	500	500	0	0	0	0	
1.2748366689e+02	242	3	343	7	0	500	500	0	500	500	0	0	0	0	
1.2798271903e+02	242	5	344	9	2	498	500	0	500	500	0	0	0	0	
1.2845447644e+02	245	2	351	4	3	497	500	0	500	500	0	0	0	0	
1.2899119863e+02	244	3	350	6	1	499	500	0	500	500	0	0	0	0	
1.2947874217e+02	244	2	349	6	0	500	500	0	500	500	0	0	0	0	
1.2993543365e+02	245	2	351	3	0	500	500	0	500	500	0	0	0	0	
1.3046569818e+02	244	5	352	2	3	497	500	0	500	500	0	0	0	0	
1.3099210394e+02	246	3	347	9	3	497	500	0	500	500	0	0	0	0	
1.3147046138e+02	246	3	355	4	3	497	500	0	500	500	0	0	0	0	
1.3198111657e+02	247	2	354	6	0	500	500	0	500	500	0	0	0	0	
1.3248677501e+02	247	2	357	5	0	500	500	0	500	500	0	0	0	0	
1.3299471213e+02	247	2	361	2	0	500	500	0	500	500	0	0	0	0	
1.3349274275e+02	248	1	360	2	2	498	500	0	500	500	0	0	0	0	
1.3399256788e+02	247	3	359	5	2	498	500	0	500	500	0	0	0	0	
1.3449959919e+02	247	5	361	3	4	496	500	0	500	500	0	0	0	0	
1.3498520041e+02	249	3	365	1	2	498	500	0	500	500	0	0	0	0	
1.3547962764e+02	250	1	365	3	2	498	500	0	500	500	0	0	0	0	
1.3599484492e+02	250	1	365	2	3	497	500	0	500	500	0	0	0	0	
1.3645783389e+02	250	2	363	4	0	500	500	0	500	500	0	0	0	0	
1.3699576263e+02	250	3	365	3	2	498	500	0	500	500	0	0	0	0	
1.3748566023e+02	251	4	362	7	0	500	500	0	500	500	0	0	0	0	
1.3798529800e+02	253	5	362	7	0	500	500	0	500	500	0	0	0	0	
1.3848629946e+02	254	5	353	16	1	499	500	0	500	500	0	0	0	0	
1.3899861126e+02	255	4	358	10	1	499	500	0	500	500	0	0	0	0	
1.3949383426e+02	256	3	356	11	2	498	500	0	500	500	0	0	0	0	
1.3999451365e+02	254	5	355	10	2	498	500	0	500	500	0	0	0	0	
1.4049729478e+02	256	5	353	9	3	497	500	0	500	500	0	0	0	0	
1.4098155310e+02	257	7	355	7	4	496	500	0	500	500	0	0	0	0	
1.4144408873e+02	258	5	357	6	4	496	500	0	500	500	0	0	0	0	
1.4197591495e+02	258	6	352	10	2	498	500	0	500	500	0	0	0	0	
1.4248562499e+02	256	7	359	6	3	497	500	0	500	500	0	0	0	0	
1.4299298027e+02	257	7	361	7	4	496	500	0	500	500	0	0	0	0	
1.4349945538e+02	257	8	356	14	3	497	500	0	500	500	0	0	0	0	
1.4399252384e+02	260	6	358	14	5	495	500	0	500	500	0	0	0	0	
1.4449246904e+02	261	7	359	13	7	493	500	0	500	500	0	0	0	0	
1.4498168951e+02	264	8	352	19	2	498	500	0	500	500	0	0	0	0	
1.4549764460e+02	268	4	365	7	1	499	500	0	500	500	0	0	0	0	
1.4599740005e+02	269	3	366	8	6	494	500	0	500	500	0	0	0	0	
1.4648265387e+02	269	5	367	7	7	493	500	0	500	500	0	0	0	0	
1.4699862776e+02	271	7	365	9	4	496	500	0	500	500	0	0	0	0	
1.4749887099e+02	271	8	369	8	5	495	500	0	500	500	0	0	0	0	
1.4797479396e+02	272	7	371	8	7	493	500	0	500	500	0	0	0	0	
1.4848610787e+02	275	6	374	6	6	494	500	0	500	500	0	0	0	0	
1.4898753537e+02	277	5	375	7	6	494	500	0	500	500	0	0	0	0	
1.4949985592e+02	279	4	375	8	5	495	500	0	500	500	0	0	0	0	
1.4999141361e+02	279	5	378	6	3	497	500	0	500	500	0	0	0	0	
1.5049050982e+02	279	6	381	2	4	496	500	0	500	500	0	0	0	0	
1.5098734433e+02	279	5	381	3	0	500	500	0	500	500	0	0	0	0	
1.5149865090e+02	280	5	381	3	2	498	500	0	500	500	0	0	0	0	
1.5197856215e+02	283	3	380	3	0	500	500	0	500	500	0	0	0	0	
1.5246564777e+02	284	4	382	2	2	498	500	0	500	500	0	0	0	0	
1.5299700832e+02	286	4	381	4	3	497	500	0	500	500	0	0	0	0	
1.5348463318e+02	285	7	376	8	2	498	500	0	500	500	0	0	0	0	
1.5399532155e+02	287	5	379	6	1	499	500	0	500	500	0	0	0	0	
1.5447624054e+02	289	4	378	9	4	496	500	0	500	500	0	0	0	0	
1.5497152811e+02	291	3	374	10	4	496	500	0	500	500	0	0	0	0	
1.5549794214e+02	293	1	379	5	2	498	500	0	500	500	0	0	0	0	
1.5599955539e+02	292	1	373	8	0	500	500	0	500	500	0	0	0	0	
1.5648809214e+02	292	4	375	6	3	497	500	0	500	500	0	0	0	0	
1.5699806285e+02	292	5	378	4	3	497	500	0	500	500	0	0	0	0	
1.5749380715e+02	292	6	374	8	3	497	500	0	500	500	0	0	0	0	
1.5798283334e+02	294	4	374	9	2	498	500	0	500	500	0	0	0	0	
1.5848899126e+02	294	5	375	9	3	497	500	0	500	500	0	0	0	0	
1.5898523883e+02	296	3	376	10	2	498	500	0	500	500	0	0	0	0	
1.5949359561e+02	295	4	381	9	4	496	500	0	500	500	0	0	0	0	
1.5999453780e+02	294	6	383	6	6	494	500	0	500	500	0	0	0	0	
1.6049880787e+02	292	9	378	9	6	494	500	0	500	500	0	0	0	0	
1.6098645624e+02	293	9	374	10	7	493	500	0	500	500	0	0	0	0	
1.6147495246e+02	296	6	375	10	5	495	500	0	500	500	0	0	0	0	
1.6199698680e+02	297	5	379	6	3	497	500	0	500	500	0	0	0	0	
1.6248348380e+02	298	4	375	9	1	499	500	0	500	500	0	0	0	0	
1.6298148337e+02	298	4	383	8	4	496	500	0	500	500	0	0	0	0	
1.6347762125e+02	298	5	385	8	8	492	500	0	500	500	0	0	0	0	
1.6399765165e+02	300	5	383	11	4	496	500	0	500	500	0	0	0	0	
1.6449334432e+02	297	8	388	8	4	496	500	0	500	500	0	0	0	0	
1.6498298408e+02	298	9	384	13	5	495	500	0	500	500	0	0	0	0	
1.6548399466e+02	300	7	383	17	4	496	500	0	500	500	0	0	0	0	
1.6599290855e+02	302	6	387	12	5	495	500	0	500	500	0	0	0	0	
1.6649818817e+02	304	5	393	8	3	497	500	0	500	500	0	0	0	0	
1.6699860769e+02	305	6	396	5	6	494	500	0	500	500	0	0	0	0	
1.6746461228e+02	306	8	391	9	6	494	500	0	500	500	0	0	0	0	
1.6798874640e+02	307	7	388	10	2	498	500	0	500	500	0	0	0	0	
1.6849830552e+02	307	7	382	15	2	498	500	0	500	500	0	0	0	0	
1.6898508220e+02	305	8	378	18	4	496	500	0	500	500	0	0	0	0	
1.6949506999e+02	305	11	377	21	6	494	500	0	500	500	0	0	0	0	
1.6998314470e+02	305	14	378	18	4	496	500	0	500	500	0	0	0	0	
1.7049590116e+02	303	16	379	19	8	492	500	0	500	500	0	0	0	0	
1.7099410803e+02	304	14	384	18	7	493	500	0	500	500	0	0	0	0	
1.7149226857e+02	307	10	389	14	5	495	500	0	500	500	0	0	0	0	
1.7199864143e+02	307	10	389	17	9	491	500	0	500	500	0	0	0	0	
1.7248058357e+02	311	6	395	13	3	497	500	0	500	500	0	0	0	0	
1.7299948136e+02	309	8	398	11	3	497	500	0	500	500	0	0	0	0	
1.7347424829e+02	311	6	400	7	4	496	500	0	500	500	0	0	0	0	
1.7399502124e+02	313	4	401	6	5	495	500	0	500	500	0	0	0	0	
1.7449779849e+02	313	4	405	6	2	498	500	0	500	500	0	0	0	0	
1.7497644468e+02	314	5	399	10	2	498	500	0	500	500	0	0	0	0	
1.7548658468e+02	314	5	401	8	2	498	500	0	500	500	0	0	0	0	
1.7599917083e+02	317	3	403	6	5	495	500	0	500	500	0	0	0	0	
1.7649199589e+02	316	4	402	5	4	496	500	0	500	500	0	0	0	0	
1.7699940421e+02	315	5	400	8	3	497	500	0	500	500	0	0	0	0	
1.7748463861e+02	313	6	405	5	6	494	500	0	500	500	0	0	0	0	
1.7799572610e+02	313	6	407	7	1	499	500	0	500	500	0	0	0	0	
1.7849707830e+02	313	6	406	8	5	495	500	0	500	500	0	0	0	0	
1.7899718204e+02	313	6	413	3	3	497	500	0	500	500	0	0	0	0	
1.7948754993e+02	313	6	411	3	4	496	500	0	500	500	0	0	0	0	
1.7996750350e+02	311	8	406	8	5	495	500	0	500	500	0	0	0	0	
1.8049877827e+02	311	8	405	10	5	495	500	0	500	500	0	0	0	0	
1.8099866299e+02	310	10	409	6	5	495	500	0	500	500	0	0	0	0	
1.8148985031e+02	312	9	406	7	8	492	500	0	500	500	0	0	0	0	
1.8199310706e+02	310	11	405	10	8	492	500	0	500	500	0	0	0	0	
1.8249595850e+02	309	13	405	10	5	495	500	0	500	500	0	0	0	0	
1.8298305932e+02	309	14	403	11	4	496	500	0	500	500	0	0	0	0	
1.8348612095e+02	311	12	403	13	4	496	500	0	500	500	0	0	0	0	
1.8399857319e+02	312	12	397	21	7	493	500	0	500	500	0	0	0	0	
1.8448402349e+02	313	11	399	16	9	491	500	0	500	500	0	0	0	0	
1.8497687800e+02	312	12	398	17	5	495	500	0	500	500	0	0	0	0	
1.8548076767e+02	313	12	398	18	4	496	500	0	500	500	0	0	0	0	
1.8599898528e+02	315	11	399	18	4	496	500	0	500	500	0	0	0	0	
1.8649963491e+02	317	10	401	15	9	491	500	0	500	500	0	0	0	0	
1.8699639631e+02	320	8	403	14	5	495	500	0	500	500	0	0	0	0	
1.8747073313e+02	323	6	397	19	4	496	500	0	500	500	0	0	0	0	
1.8798537686e+02	323	6	399	14	4	496	500	0	500	500	0	0	0	0	
1.8849758089e+02	321	8	404	8	8	492	500	0	500	500	0	0	0	0	
1.8896958808e+02	326	4	402	7	1	499	500	0	500	500	0	0	0	0	
1.8948201459e+02	324	5	409	4	2	498	500	0	500	500	0	0	0	0	
1.8998231580e+02	322	8	409	4	3	497	500	0	500	500	0	0	0	0	
1.9049690741e+02	322	7	406	8	3	497	500	0	500	500	0	0	0	0	
1.9099392339e+02	324	6	411	4	4	496	500	0	500	500	0	0	0	0	
1.9145844100e+02	325	5	408	6	4	496	500	0	500	500	0	0	0	0	
1.9199408798e+02	325	5	415	2	2	498	500	0	500	500	0	0	0	0	
1.9248898228e+02	327	4	412	6	1	499	500	0	500	500	0	0	0	0	
1.9299848994e+02	327	4	410	8	5	495	500	0	500	500	0	0	0	0	
1.9347956524e+02	327	6	412	5	2	498	500	0	500	500	0	0	0	0	
1.9399853021e+02	328	6	410	7	4	496	500	0	500	500	0	0	0	0	
1.9447856989e+02	330	4	408	10	3	497	500	0	500	500	0	0	0	0	
1.9498886947e+02	329	5	408	9	3	497	500	0	500	500	0	0	0	0	
1.9549103592e+02	332	4	408	11	2	498	500	0	500	500	0	0	0	0	
1.9599868720e+02	334	3	418	3	1	499	500	0	500	500	0	0	0	0	
1.9648214612e+02	333	5	416	4	3	497	500	0	500	500	0	0	0	0	
1.9699789024e+02	333	6	415	5	3	497	500	0	500	500	0	0	0	0	
1.9748883318e+02	335	3	410	9	3	497	500	0	500	500	0	0	0	0	
1.9799275587e+02	333	5	414	7	4	496	500	0	500	500	0	0	0	0	
1.9849288358e+02	332	6	413	10	6	494	500	0	500	500	0	0	0	0	
1.9899714092e+02	333	5	418	8	3	497	500	0	500	500	0	0	0	0	
1.9948520742e+02	333	6	417	7	4	496	500	0	500	500	0	0	0	0	
1.9998029625e+02	335	5	416	10	5	495	500	0	500	500	0	0	0	0	
2.0049241523e+02	334	7	422	9	2	498	500	0	500	500	0	0	0	0	
2.0098630457e+02	332	10	422	12	2	498	500	0	500	500	0	0	0	0	
2.0149869034e+02	335	8	424	14	4	496	500	0	500	500	0	0	0	0	
2.0198047370e+02	335	7	426	13	4	496	500	0	500	500	0	0	0	0	
2.0247542479e+02	337	6	427	11	1	499	500	0	500	500	0	0	0	0	
2.0299748293e+02	338	6	430	9	1	499	500	0	500	500	0	0	0	0	
2.0348972832e+02	339	4	425	14	0	500	500	0	500	500	0	0	0	0	
2.0399878945e+02	339	5	423	14	2	498	500	0	500	500	0	0	0	0	
2.0449336805e+02	339	7	427	11	10	490	500	0	500	500	0	0	0	0	
2.0497298605e+02	340	7	426	14	8	492	500	0	500	500	0	0	0	0	
2.0548111099e+02	342	6	435	7	5	495	500	0	500	500	0	0	0	0	
2.0598856292e+02	343	5	431	11	11	489	500	0	500	500	0	0	0	0	
2.0648623423e+02	344	4	435	10	1	499	500	0	500	500	0	0	0	0	
2.0699898888e+02	343	6	434	10	2	498	500	0	500	500	0	0	0	0	
2.0749356071e+02	342	7	428	15	6	494	500	0	500	500	0	0	0	0	
2.0799106752e+02	340	9	431	17	2	498	500	0	500	500	0	0	0	0	
2.0849847698e+02	337	13	430	21	5	495	500	0	500	500	0	0	0	0	
2.0899017628e+02	339	11	429	22	5	495	500	0	500	500	0	0	0	0	
2.0949206492e+02	341	9	431	18	3	497	500	0	500	500	0	0	0	0	
2.0997689823e+02	342	9	434	14	5	495	500	0	500	500	0	0	0	0	
2.1048663058e+02	343	9	436	12	2	498	500	0	500	500	0	0	0	0	
2.1099401441e+02	342	11	432	16	4	496	500	0	500	500	0	0	0	0	
2.1148918769e+02	344	11	433	13	3	497	500	0	500	500	0	0	0	0	
2.1196589460e+02	345	12	424	19	4	496	500	0	500	500	0	0	0	0	
2.1248745628e+02	345	12	431	15	6	494	500	0	500	500	0	0	0	0	
2.1298954263e+02	347	12	436	13	3	497	500	0	500	500	0	0	0	0	
2.1349616284e+02	346	12	437	13	1	499	500	0	500	500	0	0	0	0	
2.1399978087e+02	346	13	430	16	6	494	500	0	500	500	0	0	0	0	
2.1445830426e+02	347	12	425	18	9	491	500	0	500	500	0	0	0	0	
2.1498521036e+02	349	10	422	21	8	492	500	0	500	500	0	0	0	0	
2.1549743278e+02	349	11	417	25	8	492	500	0	500	500	0	0	0	0	
2.1599954068e+02	350	11	419	23	8	492	500	0	500	500	0	0	0	0	
2.1649910297e+02	353	8	426	19	4	496	500	0	500	500	0	0	0	0	
2.1698585746e+02	353	9	430	13	3	497	500	0	500	500	0	0	0	0	
2.1749922230e+02	357	6	431	13	5	495	500	0	500	500	0	0	0	0	
2.1799982484e+02	359	5	433	14	5	495	500	0	500	500	0	0	0	0	
2.1849494608e+02	358	6	430	15	3	497	500	0	500	500	0	0	0	0	
2.1899174451e+02	357	11	428	17	6	494	500	0	500	500	0	0	0	0	
2.1947092451e+02	359	10	429	17	2	498	500	0	500	500	0	0	0	0	
2.1999212447e+02	357	13	424	24	6	494	500	0	500	500	0	0	0	0	
2.2048531215e+02	354	18	426	21	3	497	500	0	500	500	0	0	0	0	
2.2099223177e+02	353	20	417	29	11	489	500	0	500	500	0	0	0	0	
2.2148683131e+02	353	22	411	34	14	486	500	0	500	500	0	0	0	0	
2.2199432477e+02	346	31	393	51	16	484	500	0	500	500	0	0	0	0	
2.2249965146e+02	346	32	395	50	24	476	500	0	500	500	0	0	0	0	
2.2299745892e+02	340	38	389	52	28	472	500	0	500	500	0	0	0	0	
2.2349895996e+02	344	34	393	50	27	473	500	0	500	500	0	0	0	0	
2.2399931306e+02	348	31	392	52	24	476	500	0	500	500	0	0	0	0	
2.2449366773e+02	355	24	390	55	17	483	500	0	500	500	0	0	0	0	
2.2499533619e+02	357	23	396	49	15	485	500	0	500	500	0	0	0	0	
2.2549929959e+02	359	23	400	43	14	486	500	0	500	500	0	0	0	0	
2.2599805775e+02	358	27	385	57	17	483	500	0	500	500	0	0	0	0	
2.2649396188e+02	359	27	382	58	9	491	500	0	500	500	0	0	0	0	
2.2699744855e+02	360	25	389	49	12	488	500	0	500	500	0	0	0	0	
2.2749918602e+02	361	24	389	51	17	483	500	0	500	500	0	0	0	0	
2.2799330407e+02	359	26	389	54	20	480	500	0	500	500	0	0	0	0	
2.2849926631e+02	351	33	391	54	15	485	500	0	500	500	0	0	0	0	
2.2899963561e+02	355	31	383	58	16	484	500	0	500	500	0	0	0	0	
2.2949727929e+02	347	38	387	57	21	479	500	0	500	500	0	0	0	0	
2.2999995987e+02	356	30	376	71	21	479	500	0	500	500	0	0	0	0	
2.3049660589e+02	359	28	386	65	18	482	500	0	500	500	0	0	0	0	
2.3099753660e+02	359	28	389	63	22	478	500	0	500	500	0	0	0	0	
2.3149860389e+02	356	29	396	56	17	483	500	0	500	500	0	0	0	0	
2.3198698293e+02	361	24	392	61	22	478	500	0	500	500	0	0	0	0	
2.3248962388e+02	360	24	399	54	15	485	500	0	500	500	0	0	0	0	
2.3299273956e+02	358	25	394	60	11	489	500	0	500	500	0	0	0	0	
2.3349829573e+02	354	30	402	56	19	481	500	0	500	500	0	0	0	0	
2.3399012008e+02	358	26	412	47	17	483	500	0	500	500	0	0	0	0	
2.3449946252e+02	359	25	406	52	20	480	500	0	500	500	0	0	0	0	
2.3499936723e+02	363	21	419	40	12	488	500	0	500	500	0	0	0	0	
2.3549134889e+02	363	20	418	42	13	487	500	0	500	500	0	0	0	0	
2.3599782591e+02	365	18	429	34	6	494	500	0	500	500	0	0	0	0	
2.3649914722e+02	361	22	432	32	15	485	500	0	500	500	0	0	0	0	
2.3698991525e+02	362	20	426	33	13	487	500	0	500	500	0	0	0	0	
2.3749570086e+02	364	19	423	33	13	487	500	0	500	500	0	0	0	0	
2.3799881282e+02	367	16	435	23	11	489	500	0	500	500	0	0	0	0	
2.3849722520e+02	366	18	436	21	5	495	500	0	500	500	0	0	0	0	
2.3899617555e+02	370	14	432	25	6	494	500	0	500	500	0	0	0	0	
2.3948894449e+02	372	12	432	22	5	495	500	0	500	500	0	0	0	0	
2.3999871006e+02	379	6	435	18	9	491	500	0	500	500	0	0	0	0	
2.4049301770e+02	380	6	433	16	5	495	500	0	500	500	0	0	0	0	
2.4099806918e+02	381	5	439	13	3	497	500	0	500	500	0	0	0	0	
2.4149584875e+02	379	7	443	12	5	495	500	0	500	500	0	0	0	0	
2.4199025318e+02	380	7	441	13	4	496	500	0	500	500	0	0	0	0	
2.4249229083e+02	379	9	433	18	5	495	500	0	500	500	0	0	0	0	
2.4299591814e+02	377	10	436	17	3	497	500	0	500	500	0	0	0	0	
2.4349734875e+02	378	9	432	20	10	490	500	0	500	500	0	0	0	0	
2.4399951861e+02	377	11	431	24	8	492	500	0	500	500	0	0	0	0	
2.4449775253e+02	381	8	434	21	6	494	500	0	500	500	0	0	0	0	
2.4499811469e+02	380	11	436	20	8	492	500	0	500	500	0	0	0	0	
2.4549437259e+02	377	13	436	20	5	495	500	0	500	500	0	0	0	0	
2.4599465790e+02	378	14	430	27	9	491	500	0	500	500	0	0	0	0	
2.4649468312e+02	378	16	433	26	9	491	500	0	500	500	0	0	0	0	
2.4699326562e+02	377	16	433	24	10	490	500	0	500	500	0	0	0	0	
2.4748719859e+02	377	19	433	23	5	495	500	0	500	500	0	0	0	0	
2.4799295488e+02	380	15	435	21	10	490	500	0	500	500	0	0	0	0	
2.4849595662e+02	381	13	433	28	12	488	500	0	500	500	0	0	0	0	
2.4899191942e+02	379	14	441	21	4	496	500	0	500	500	0	0	0	0	
2.4949485286e+02	379	18	440	19	7	493	500	0	500	500	0	0	0	0	
2.4999526525e+02	384	15	438	20	6	494	500	0	500	500	0	0	0	0	
2.5048323757e+02	386	16	436	20	7	493	500	0	500	500	0	0	0	0	
2.5099449975e+02	388	14	430	28	7	493	500	0	500	500	0	0	0	0	
2.5149671295e+02	385	18	429	31	8	492	500	0	500	500	0	0	0	0	
2.5198390452e+02	381	21	425	36	13	487	500	0	500	500	0	0	0	0	
2.5249645393e+02	377	23	414	45	17	483	500	0	500	500	0	0	0	0	
2.5299124650e+02	381	19	413	44	7	493	500	0	500	500	0	0	0	0	
2.5349821447e+02	377	24	410	51	16	484	500	0	500	500	0	0	0	0	
2.5399931505e+02	380	22	409	54	14	486	500	0	500	500	0	0	0	0	
2.5449978687e+02	379	23	403	58	7	493	500	0	500	500	0	0	0	0	
2.5499108017e+02	376	26	401	62	13	487	500	0	500	500	0	0	0	0	
2.5549720095e+02	372	31	401	66	13	487	500	0	500	500	0	0	0	0	
2.5599964757e+02	372	31	400	69	15	485	500	0	500	500	0	0	0	0	
2.5649875802e+02	367	37	403	65	22	478	500	0	500	500	0	0	0	0	
2.5699937049e+02	361	43	396	71	26	474	500	0	500	500	0	0	0	0	
2.5749861089e+02	362	44	375	90	25	475	500	0	500	500	0	0	0	0	
2.5799710964e+02	360	47	360	101	21	479	500	0	500	500	0	0	0	0	
2.5849514440e+02	354	55	334	126	29	471	500	0	500	500	0	0	0	0	
2.5899414954e+02	355	56	326	134	27	473	500	0	500	500	0	0	0	0	
2.5949834493e+02	353	59	300	156	32	468	500	0	500	500	0	0	0	0	
2.5999883774e+02	333	78	283	172	51	449	500	0	500	500	0	0	0	0	
2.6049735737e+02	324	87	270	184	73	427	500	0	500	500	0	0	0	0	
2.6099982554e+02	323	89	216	237	83	417	500	0	500	500	0	0	0	0	
2.6149456595e+02	309	102	190	264	86	414	500	0	500	500	0	0	0	0	
2.6199750143e+02	298	114	158	299	103	397	500	0	500	500	0	0	0	0	
2.6249975547e+02	294	118	124	329	134	366	500	0	500	500	0	0	0	0	
2.6299909091e+02	283	130	63	387	159	341	500	0	500	500	0	0	0	0	
2.6349990033e+02	258	156	30	419	192	308	500	0	500	500	0	0	0	0	
2.6399915893e+02	239	175	16	433	243	257	500	0	500	500	0	0	0	0	
2.6449603038e+02	244	171	20	430	288	212	500	0	500	500	0	0	0	0	
2.6499946543e+02	223	193	11	440	294	206	500	0	500	500	0	0	0	0	
2.6549775573e+02	206	210	16	437	361	139	500	0	500	500	0	0	0	0	
2.6599884953e+02	191	226	11	445	365	135	500	0	500	500	0	0	0	0	
2.6649970598e+02	165	253	20	436	411	89	500	0	500	500	0	0	0	0	
2.6699942808e+02	143	275	13	441	457	43	500	0	500	500	0	0	0	0	
2.6749923169e+02	122	295	14	439	464	36	500	0	500	500	0	0	0	0	
2.6799744968e+02	97	321	9	445	480	20	500	0	500	500	0	0	0	0	
2.6849740880e+02	83	335	6	449	485	15	500	0	500	500	0	0	0	0	
2.6899845296e+02	77	340	5	447	480	20	500	0	500	500	0	0	0	0	
2.6949965358e+02	68	349	12	443	478	22	500	0	500	500	0	0	0	0	
2.6999956275e+02	53	362	7	447	478	22	500	0	500	500	0	0	0	0	
2.7049995257e+02	44	369	12	441	478	22	500	0	500	500	0	0	0	0	
2.7099995931e+02	41	371	5	447	484	16	500	0	500	500	0	0	0	0	
2.7149979480e+02	39	373	4	448	475	25	500	0	500	500	0	0	0	0	
2.7199856176e+02	32	384	8	440	481	19	500	0	500	500	0	0	0	0	
2.7249891089e+02	24	394	7	441	487	13	500	0	500	500	0	0	0	0	
2.7299533048e+02	23	396	11	438	486	14	500	0	500	500	0	0	0	0	
2.7349579616e+02	20	400	9	443	486	14	500	0	500	500	0	0	0	0	
2.7399366154e+02	17	403	3	447	485	15	500	0	500	500	0	0	0	0	
2.7449988923e+02	19	400	9	443	484	16	500	0	500	500	0	0	0	0	
2.7499962447e+02	18	404	6	447	484	16	500	0	500	500	0	0	0	0	
2.7549677016e+02	16	406	6	446	484	16	500	0	500	500	0	0	0	0	
2.7599964211e+02	15	407	7	443	482	18	500	0	500	500	0	0	0	0	
2.7649982635e+02	15	408	10	440	477	23	500	0	500	500	0	0	0	0	
2.7699899885e+02	14	410	13	437	483	17	500	0	500	500	0	0	0	0	
2.7749953564e+02	14	411	6	443	474	26	500	0	500	500	0	0	0	0	
2.7799810430e+02	15	409	3	450	482	18	500	0	500	500	0	0	0	0	
2.7849997536e+02	15	411	5	446	470	30	500	0	500	500	0	0	0	0	
2.7899861518e+02	16	410	6	443	480	20	500	0	500	500	0	0	0	0	
2.7949984783e+02	16	410	11	439	483	17	500	0	500	500	0	0	0	0	
2.7999989641e+02	12	417	7	445	478	22	500	0	500	500	0	0	0	0	
2.8049904632e+02	12	417	10	439	476	24	500	0	500	500	0	0	0	0	
2.8099894945e+02	14	416	4	445	484	16	500	0	500	500	0	0	0	0	
2.8149959207e+02	14	416	7	443	466	34	500	0	500	500	0	0	0	0	
2.8199878060e+02	14	416	7	446	480	20	500	0	500	500	0	0	0	0	
2.8249951707e+02	14	415	5	451	470	30	500	0	500	500	0	0	0	0	
2.8299943838e+02	14	414	5	448	483	17	500	0	500	500	0	0	0	0	
2.8349839374e+02	17	411	5	448	485	15	500	0	500	500	0	0	0	0	
2.8399975153e+02	18	412	9	443	475	25	500	0	500	500	0	0	0	0	
2.8449772001e+02	17	415	5	446	478	22	500	0	500	500	0	0	0	0	
2.8499527860e+02	10	422	10	442	486	14	500	0	500	500	0	0	0	0	
2.8549918563e+02	10	422	4	452	479	21	500	0	500	500	0	0	0	0	
2.8599908299e+02	11	421	8	449	477	23	500	0	500	500	0	0	0	0	
2.8649912080e+02	12	421	5	449	477	23	500	0	500	500	0	0	0	0	
2.8699952963e+02	7	429	5	450	483	17	500	0	500	500	0	0	0	0	
2.8749608660e+02	5	433	4	454	483	17	500	0	500	500	0	0	0	0	
2.8799762391e+02	9	430	5	448	474	26	500	0	500	500	0	0	0	0	
2.8849816954e+02	8	430	10	443	489	11	500	0	500	500	0	0	0	0	
2.8899938052e+02	9	429	12	442	485	15	500	0	500	500	0	0	0	0	
2.8949986950e+02	8	432	7	446	481	19	500	0	500	500	0	0	0	0	
2.8999738388e+02	6	434	3	450	483	17	500	0	500	500	0	0	0	0	
2.9049980225e+02	7	434	1	452	475	25	500	0	500	500	0	0	0	0	
2.9099995954e+02	8	434	6	451	477	23	500	0	500	500	0	0	0	0	
2.9149841991e+02	7	436	6	453	481	19	500	0	500	500	0	0	0	0	
2.9199948478e+02	8	434	14	442	481	19	500	0	500	500	0	0	0	0	
2.9249934055e+02	9	432	4	452	475	25	500	0	500	500	0	0	0	0	
2.9299945897e+02	6	436	3	454	477	23	500	0	500	500	0	0	0	0	
2.9349992480e+02	7	435	8	449	478	22	500	0	500	500	0	0	0	0	
2.9399907166e+02	6	436	8	450	480	20	500	0	500	500	0	0	0	0	
2.9449914660e+02	8	433	9	448	488	12	500	0	500	500	0	0	0	0	
2.9499825167e+02	8	432	4	450	480	20	500	0	500	500	0	0	0	0	
2.9549967563e+02	9	431	5	447	486	14	500	0	500	500	0	0	0	0	
2.9599974454e+02	10	430	5	448	485	15	500	0	500	500	0	0	0	0	
2.9649986641e+02	11	430	12	443	477	23	500	0	500	500	0	0	0	0	
2.9699839115e+02	6	435	10	445	483	17	500	0	500	500	0	0	0	0	
2.9749999633e+02	5	436	5	449	482	18	500	0	500	500	0	0	0	0	
2.9799769494e+02	5	436	4	448	470	30	500	0	500	500	0	0	0	0	
2.9849857606e+02	9	432	7	444	482	18	500	0	500	500	0	0	0	0	
2.9899769051e+02	12	429	8	442	478	22	500	0	500	500	0	0	0	0	
2.9949732870e+02	13	428	12	438	481	19	500	0	500	500	0	0	0	0	
2.9999915001e+02	14	428	6	444	482	18	500	0	500	500	0	0	0	0	
3.0049933713e+02	15	428	8	439	478	22	500	0	500	500	0	0	0	0	
3.0099780805e+02	10	433	5	442	488	12	500	0	500	500	0	0	0	0	
3.0149792939e+02	11	432	5	445	473	27	500	0	500	500	0	0	0	0	
3.0199926739e+02	8	436	5	445	482	18	500	0	500	500	0	0	0	0	
3.0249988348e+02	7	437	3	448	484	16	500	0	500	500	0	0	0	0	
3.0299883816e+02	7	436	4	449	481	19	500	0	500	500	0	0	0	0	
3.0349729508e+02	8	436	5	449	486	14	500	0	500	500	0	0	0	0	
3.0399790164e+02	8	439	4	453	483	17	500	0	500	500	0	0	0	0	
3.0449898629e+02	7	440	5	444	488	12	500	0	500	500	0	0	0	0	
3.0499912621e+02	8	442	14	433	479	21	500	0	500	500	0	0	0	0	
3.0549879240e+02	7	444	4	443	482	18	500	0	500	500	0	0	0	0	
3.0599954616e+02	7	444	5	443	475	25	500	0	500	500	0	0	0	0	
3.0649913058e+02	8	442	4	441	476	24	500	0	500	500	0	0	0	0	
3.0699930223e+02	9	441	8	438	486	14	500	0	500	500	0	0	0	0	
3.0749839154e+02	8	442	9	439	474	26	500	0	500	500	0	0	0	0	
3.0799957421e+02	8	442	11	433	483	17	500	0	500	500	0	0	0	0	
3.0849952071e+02	9	441	8	431	475	25	500	0	500	500	0	0	0	0	
3.0899854069e+02	9	440	8	434	482	18	500	0	500	500	0	0	0	0	
3.0949898856e+02	8	442	7	435	488	12	500	0	500	500	0	0	0	0	
3.0999994595e+02	5	445	6	434	483	17	500	0	500	500	0	0	0	0	
3.1049688165e+02	8	440	4	435	477	23	500	0	500	500	0	0	0	0	
3.1099808633e+02	9	440	5	436	490	10	500	0	500	500	0	0	0	0	
3.1149834262e+02	12	437	4	437	485	15	500	0	500	500	0	0	0	0	
3.1199635570e+02	10	440	2	440	489	11	500	0	500	500	0	0	0	0	
3.1249847722e+02	11	440	4	437	475	25	500	0	500	500	0	0	0	0	
3.1299919282e+02	12	441	7	435	492	8	500	0	500	500	0	0	0	0	
3.1349591778e+02	12	439	5	435	480	20	500	0	500	500	0	0	0	0	
3.1399146681e+02	12	439	4	437	486	14	500	0	500	500	0	0	0	0	
3.1449750330e+02	13	440	7	433	483	17	500	0	500	500	0	0	0	0	
3.1499372510e+02	12	442	7	432	486	14	500	0	500	500	0	0	0	0	
3.1549818976e+02	11	444	10	434	483	17	500	0	500	500	0	0	0	0	
3.1599887177e+02	13	442	6	438	485	15	500	0	500	500	0	0	0	0	
3.1649846828e+02	10	444	6	438	483	17	500	0	500	500	0	0	0	0	
3.1699820986e+02	8	446	4	441	483	17	500	0	500	500	0	0	0	0	
3.1749973146e+02	9	445	12	433	479	21	500	0	500	500	0	0	0	0	
3.1799920537e+02	9	444	10	434	483	17	500	0	500	500	0	0	0	0	
3.1849951394e+02	10	444	5	439	479	21	500	0	500	500	0	0	0	0	
3.1899987979e+02	10	445	5	437	487	13	500	0	500	500	0	0	0	0	
3.1949918043e+02	7	449	6	439	481	19	500	0	500	500	0	0	0	0	
3.1999929024e+02	6	449	9	435	481	19	500	0	500	500	0	0	0	0	
3.2049518486e+02	5	452	5	439	481	19	500	0	500	500	0	0	0	0	
3.2099977903e+02	5	451	7	439	480	20	500	0	500	500	0	0	0	0	
3.2149891902e+02	6	451	2	445	479	21	500	0	500	500	0	0	0	0	
3.2199547808e+02	8	450	3	445	481	19	500	0	500	500	0	0	0	0	
3.2249682800e+02	9	450	3	447	475	25	500	0	500	500	0	0	0	0	
3.2299810700e+02	12	446	8	442	478	22	500	0	500	500	0	0	0	0	
3.2349745926e+02	11	447	3	449	480	20	500	0	500	500	0	0	0	0	
3.2399872326e+02	11	447	4	450	484	16	500	0	500	500	0	0	0	0	
3.2449732670e+02	8	451	7	448	479	21	500	0	500	500	0	0	0	0	
3.2499861014e+02	8	452	5	448	478	22	500	0	500	500	0	0	0	0	
3.2549772744e+02	7	453	13	439	477	23	500	0	500	500	0	0	0	0	
3.2599926838e+02	6	457	4	453	490	10	500	0	500	500	0	0	0	0	
3.2649900075e+02	10	454	7	451	487	13	500	0	500	500	0	0	0	0	
3.2699909130e+02	10	454	3	456	478	22	500	0	500	500	0	0	0	0	
3.2749766996e+02	7	458	5	452	478	22	500	0	500	500	0	0	0	0	
3.2799905175e+02	6	460	4	454	487	13	500	0	500	500	0	0	0	0	
3.2849907820e+02	4	463	8	455	486	14	500	0	500	500	0	0	0	0	
3.2899984727e+02	5	461	10	453	477	23	500	0	500	500	0	0	0	0	
3.2949916950e+02	10	455	6	457	485	15	500	0	500	500	0	0	0	0	
3.2999913290e+02	9	456	8	455	483	17	500	0	500	500	0	0	0	0	
3.3049704959e+02	11	454	7	454	487	13	500	0	500	500	0	0	0	0	
3.3099534310e+02	12	454	4	458	483	17	500	0	500	500	0	0	0	0	
3.3149714555e+02	9	455	5	457	485	15	500	0	500	500	0	0	0	0	
3.3199606158e+02	10	455	8	453	483	17	500	0	500	500	0	0	0	0	
3.3249887673e+02	7	456	10	449	484	16	500	0	500	500	0	0	0	0	
3.3299729909e+02	6	460	7	449	479	21	500	0	500	500	0	0	0	0	
3.3349960730e+02	7	459	7	449	487	13	500	0	500	500	0	0	0	0	
3.3399870909e+02	9	457	3	454	479	21	500	0	500	500	0	0	0	0	
3.3449924291e+02	8	459	9	447	483	17	500	0	500	500	0	0	0	0	
3.3499915894e+02	7	463	3	453	476	24	500	0	500	500	0	0	0	0	
3.3549957458e+02	9	460	7	449	480	20	500	0	500	500	0	0	0	0	
3.3599930470e+02	6	462	8	449	491	9	500	0	500	500	0	0	0	0	
3.3649951937e+02	6	461	15	438	485	15	500	0	500	500	0	0	0	0	
3.3699902049e+02	7	460	7	450	482	18	500	0	500	500	0	0	0	0	
3.3749947839e+02	7	461	6	451	479	21	500	0	500	500	0	0	0	0	
3.3799990088e+02	9	461	3	456	488	12	500	0	500	500	0	0	0	0	
3.3849972437e+02	6	464	8	453	487	13	500	0	500	500	0	0	0	0	
3.3899957143e+02	6	463	6	455	483	17	500	0	500	500	0	0	0	0	
3.3949833843e+02	4	463	13	452	488	12	500	0	500	500	0	0	0	0	
3.3999991584e+02	7	461	7	460	481	19	500	0	500	500	0	0	0	0	
3.4049975921e+02	6	463	10	458	487	13	500	0	500	500	0	0	0	0	
3.4099968330e+02	6	462	5	464	486	14	500	0	500	500	0	0	0	0	
3.4149928204e+02	8	459	6	467	486	14	500	0	500	500	0	0	0	0	
3.4199861828e+02	11	458	3	470	488	12	500	0	500	500	0	0	0	0	
3.4249937356e+02	10	461	9	466	478	22	500	0	500	500	0	0	0	0	
3.4299881314e+02	10	460	5	468	488	12	500	0	500	500	0	0	0	0	
3.4349814090e+02	8	463	2	470	487	13	500	0	500	500	0	0	0	0	
3.4399870462e+02	10	461	4	468	484	16	500	0	500	500	0	0	0	0	
3.4449990041e+02	11	461	9	462	480	20	500	0	500	500	0	0	0	0	
3.4499963490e+02	9	460	3	468	487	13	500	0	500	500	0	0	0	0	
3.4549761985e+02	8	459	10	457	486	14	500	0	500	500	0	0	0	0	
3.4599976183e+02	8	459	5	463	483	17	500	0	500	500	0	0	0	0	
3.4649954508e+02	10	457	5	461	483	17	500	0	500	500	0	0	0	0	
3.4699765017e+02	8	458	7	460	488	12	500	0	500	500	0	0	0	0	
3.4749787663e+02	11	454	6	462	468	32	500	0	500	500	0	0	0	0	
3.4799853046e+02	10	454	6	462	475	25	500	0	500	500	0	0	0	0	
3.4849993914e+02	9	454	9	460	482	18	500	0	500	500	0	0	0	0	
3.4899867356e+02	9	455	4	470	478	22	500	0	500	500	0	0	0	0	
3.4949943816e+02	9	455	5	470	486	14	500	0	500	500	0	0	0	0	
3.4999980551e+02	15	450	9	464	484	16	500	0	500	500	0	0	0	0	
3.5049709754e+02	12	454	4	470	478	22	500	0	500	500	0	0	0	0	
3.5099725684e+02	11	456	2	472	482	18	500	0	500	500	0	0	0	0	
3.5149994510e+02	10	457	7	468	479	21	500	0	500	500	0	0	0	0	
3.5199952507e+02	10	460	6	467	489	11	500	0	500	500	0	0	0	0	
3.5249826000e+02	9	463	8	463	480	20	500	0	500	500	0	0	0	0	
3.5299717921e+02	9	464	6	467	478	22	500	0	500	500	0	0	0	0	
3.5349569039e+02	7	467	6	466	487	13	500	0	500	500	0	0	0	0	
3.5399977076e+02	8	467	2	471	485	15	500	0	500	500	0	0	0	0	
3.5449876552e+02	9	466	3	473	472	28	500	0	500	500	0	0	0	0	
3.5499965962e+02	9	466	7	471	478	22	500	0	500	500	0	0	0	0	
3.5549896235e+02	7	469	4	475	483	17	500	0	500	500	0	0	0	0	
3.5599976519e+02	9	467	6	472	488	12	500	0	500	500	0	0	0	0	
3.5649911703e+02	8	468	3	480	489	11	500	0	500	500	0	0	0	0	
3.5699741465e+02	8	468	3	480	483	17	500	0	500	500	0	0	0	0	
3.5749631819e+02	7	470	4	480	486	14	500	0	500	500	0	0	0	0	
3.5799866771e+02	8	470	2	483	485	15	500	0	500	500	0	0	0	0	
3.5849872774e+02	8	471	1	481	482	18	500	0	500	500	0	0	0	0	
3.5899878838e+02	8	471	7	476	475	25	500	0	500	500	0	0	0	0	
3.5949976649e+02	8	471	4	479	477	23	500	0	500	500	0	0	0	0	
3.5999409519e+02	9	472	4	478	485	15	500	0	500	500	0	0	0	0	
3.6049927702e+02	5	476	6	478	491	9	500	0	500	500	0	0	0	0	
3.6099832808e+02	6	474	6	475	488	12	500	0	500	500	0	0	0	0	
3.6149626212e+02	7	474	4	476	481	19	500	0	500	500	0	0	0	0	
3.6199884174e+02	9	472	4	479	482	18	500	0	500	500	0	0	0	0	
3.6249964602e+02	5	476	7	479	488	12	500	0	500	500	0	0	0	0	
3.6299894115e+02	5	476	10	478	488	12	500	0	500	500	0	0	0	0	
3.6349886783e+02	4	478	4	483	485	15	500	0	500	500	0	0	0	0	
3.6399961971e+02	3	479	7	483	487	13	500	0	500	500	0	0	0	0	
3.6449395618e+02	1	482	5	482	490	10	500	0	500	500	0	0	0	0	
3.6499805147e+02	2	482	4	479	491	9	500	0	500	500	0	0	0	0	
3.6549968414e+02	2	483	10	474	484	16	500	0	500	500	0	0	0	0	
3.6599816294e+02	4	483	7	479	486	14	500	0	500	500	0	0	0	0	
3.6649724096e+02	5	484	7	480	490	10	500	0	500	500	0	0	0	0	
3.6699702504e+02	4	485	5	480	486	14	500	0	500	500	0	0	0	0	
3.6749931446e+02	4	485	7	479	475	25	500	0	500	500	0	0	0	0	
3.6799891768e+02	3	489	4	483	484	16	500	0	500	500	0	0	0	0	
3.6849729500e+02	3	489	4	484	490	10	500	0	500	500	0	0	0	0	
3.6899837385e+02	3	489	2	484	483	17	500	0	500	500	0	0	0	0	
3.6949917755e+02	5	487	8	477	481	19	500	0	500	500	0	0	0	0	
3.6999636016e+02	4	491	4	480	484	16	500	0	500	500	0	0	0	0	
3.7049743372e+02	8	488	7	475	475	25	500	0	500	500	0	0	0	0	
3.7099994045e+02	7	490	6	474	480	20	500	0	500	500	0	0	0	0	
3.7149933756e+02	6	492	1	475	487	13	500	0	500	500	0	0	0	0	
3.7199937464e+02	8	490	7	469	482	18	500	0	500	500	0	0	0	0	
3.7249828156e+02	9	490	5	470	486	14	500	0	500	500	0	0	0	0	
3.7299941812e+02	9	490	9	465	486	14	500	0	500	500	0	0	0	0	
3.7349991404e+02	14	485	3	469	476	24	500	0	500	500	0	0	0	0	
3.7399854070e+02	11	490	4	467	484	16	500	0	500	500	0	0	0	0	
3.7449417833e+02	10	492	7	461	480	20	500	0	500	500	0	0	0	0	
3.7499960842e+02	11	492	4	463	468	32	500	0	500	500	0	0	0	0	
3.7549883432e+02	10	493	8	459	487	13	500	0	500	500	0	0	0	0	
3.7599990978e+02	14	492	12	458	484	16	500	0	500	500	0	0	0	0	
3.7649388455e+02	13	493	8	462	484	16	500	0	500	500	0	0	0	0	
3.7699829607e+02	11	496	6	464	483	17	500	0	500	500	0	0	0	0	
3.7749881918e+02	10	499	3	467	486	14	500	0	500	500	0	0	0	0	
3.7799949225e+02	9	501	4	466	486	14	500	0	500	500	0	0	0	0	
3.7849907863e+02	8	505	9	461	488	12	500	0	500	500	0	0	0	0	
3.7899989073e+02	7	508	7	462	488	12	500	0	500	500	0	0	0	0	
3.7949850332e+02	8	508	3	467	479	21	500	0	500	500	0	0	0	0	
3.7999991587e+02	7	509	2	470	485	15	500	0	500	500	0	0	0	0	
3.8049986744e+02	8	508	8	469	490	10	500	0	500	500	0	0	0	0	
3.8099669720e+02	7	510	5	468	485	15	500	0	500	500	0	0	0	0	
3.8149987642e+02	9	510	3	473	482	18	500	0	500	500	0	0	0	0	
3.8199977600e+02	6	514	5	471	476	24	500	0	500	500	0	0	0	0	
3.8249857061e+02	8	513	7	469	484	16	500	0	500	500	0	0	0	0	
3.8299989224e+02	8	515	2	472	490	10	500	0	500	500	0	0	0	0	
3.8349989795e+02	8	512	4	468	483	17	500	0	500	500	0	0	0	0	
3.8399916243e+02	7	515	8	465	480	20	500	0	500	500	0	0	0	0	
3.8449984249e+02	5	516	4	470	481	19	500	0	500	500	0	0	0	0	
3.8499994030e+02	7	514	6	470	483	17	500	0	500	500	0	0	0	0	
3.8549944780e+02	8	512	1	474	482	18	500	0	500	500	0	0	0	0	
3.8599964625e+02	8	512	3	472	488	12	500	0	500	500	0	0	0	0	
3.8649548143e+02	8	512	5	475	486	14	500	0	500	500	0	0	0	0	
3.8699979648e+02	6	516	5	477	477	23	500	0	500	500	0	0	0	0	
3.8749844550e+02	5	517	4	478	491	9	500	0	500	500	0	0	0	0	
3.8799944326e+02	4	517	3	479	484	16	500	0	500	500	0	0	0	0	
3.8849899405e+02	6	516	8	478	488	12	500	0	500	500	0	0	0	0	
3.8899929858e+02	8	515	7	478	486	14	500	0	500	500	0	0	0	0	
3.8949904240e+02	7	520	7	476	481	19	500	0	500	500	0	0	0	0	
3.8999890670e+02	7	521	2	481	487	13	500	0	500	500	0	0	0	0	
3.9049532370e+02	8	521	4	478	478	22	500	0	500	500	0	0	0	0	
3.9099865197e+02	11	517	3	481	489	11	500	0	500	500	0	0	0	0	
3.9149992740e+02	8	520	8	477	485	15	500	0	500	500	0	0	0	0	
3.9199254409e+02	10	518	5	478	488	12	500	0	500	500	0	0	0	0	
3.9249551629e+02	9	521	4	479	493	7	500	0	500	500	0	0	0	0	
3.9299612570e+02	6	524	3	480	476	24	500	0	500	500	0	0	0	0	
3.9349987556e+02	9	521	11	473	490	10	500	0	500	500	0	0	0	0	
3.9399609367e+02	9	521	3	483	487	13	500	0	500	500	0	0	0	0	
3.9449911434e+02	9	521	5	481	485	15	500	0	500	500	0	0	0	0	
3.9499586446e+02	9	522	4	478	488	12	500	0	500	500	0	0	0	0	
3.9549820670e+02	11	520	4	477	490	10	500	0	500	500	0	0	0	0	
3.9599961801e+02	9	523	4	478	489	11	500	0	500	500	0	0	0	0	
3.9649905527e+02	10	523	2	479	482	18	500	0	500	500	0	0	0	0	
3.9699912383e+02	9	526	3	477	490	10	500	0	500	500	0	0	0	0	
3.9749987482e+02	5	530	9	472	489	11	500	0	500	500	0	0	0	0	
3.9799887310e+02	7	530	5	475	495	5	500	0	500	500	0	0	0	0	
3.9849822721e+02	8	531	4	478	492	8	500	0	500	500	0	0	0	0	
3.9899978982e+02	6	535	10	472	484	16	500	0	500	500	0	0	0	0	
3.9949502727e+02	7	534	6	478	482	18	500	0	500	500	0	0	0	0	
3.9999984203e+02	5	536	12	476	477	23	500	0	500	500	0	0	0	0	
4.0049795011e+02	4	537	2	486	489	11	500	0	500	500	0	0	0	0	
4.0099823256e+02	3	537	4	484	483	17	500	0	500	500	0	0	0	0	
4.0149824557e+02	5	535	6	486	483	17	500	0	500	500	0	0	0	0	
4.0199943801e+02	6	535	5	485	488	12	500	0	500	500	0	0	0	0	
4.0249757924e+02	7	536	4	486	480	20	500	0	500	500	0	0	0	0	
4.0299983869e+02	6	539	2	491	492	8	500	0	500	500	0	0	0	0	
4.0349893650e+02	6	538	6	487	480	20	500	0	500	500	0	0	0	0	
4.0399909525e+02	9	535	4	493	486	14	500	0	500	500	0	0	0	0	
4.0449818178e+02	9	533	2	500	489	11	500	0	500	500	0	0	0	0	
4.0499778493e+02	13	529	2	495	482	18	500	0	500	500	0	0	0	0	
4.0549869031e+02	14	528	11	487	491	9	500	0	500	500	0	0	0	0	
4.0599955797e+02	14	529	6	492	482	18	500	0	500	500	0	0	0	0	
4.0649891856e+02	9	535	3	488	486	14	500	0	500	500	0	0	0	0	
4.0699951362e+02	6	539	7	487	489	11	500	0	500	500	0	0	0	0	
4.0749926534e+02	6	539	3	492	483	17	500	0	500	500	0	0	0	0	
4.0799715865e+02	5	540	8	485	489	11	500	0	500	500	0	0	0	0	
4.0849995902e+02	3	542	5	489	492	8	500	0	500	500	0	0	0	0	
4.0899881485e+02	4	539	9	482	483	17	500	0	500	500	0	0	0	0	
4.0949901245e+02	5	539	9	484	479	21	500	0	500	500	0	0	0	0	
4.0999955628e+02	7	537	4	488	487	13	500	0	500	500	0	0	0	0	
4.1049754160e+02	7	537	5	490	480	20	500	0	500	500	0	0	0	0	
4.1099982735e+02	5	540	1	492	475	25	500	0	500	500	0	0	0	0	
4.1149911167e+02	4	540	8	486	477	23	500	0	500	500	0	0	0	0	
4.1199955500e+02	6	538	5	491	487	13	500	0	500	500	0	0	0	0	
4.1249515452e+02	9	536	8	490	493	7	500	0	500	500	0	0	0	0	
4.1299980496e+02	12	535	4	493	485	15	500	0	500	500	0	0	0	0	
4.1349609988e+02	12	537	6	492	475	25	500	0	500	500	0	0	0	0	
4.1399963259e+02	16	533	2	495	493	7	500	0	500	500	0	0	0	0	
4.1449901434e+02	16	534	4	494	475	25	500	0	500	500	0	0	0	0	
4.1499926261e+02	15	536	5	492	485	15	500	0	500	500	0	0	0	0	
4.1549876746e+02	13	539	4	493	491	9	500	0	500	500	0	0	0	0	
4.1599692717e+02	11	541	9	490	486	14	500	0	500	500	0	0	0	0	
4.1649816023e+02	6	545	8	491	490	10	500	0	500	500	0	0	0	0	
4.1699889239e+02	6	545	4	496	494	6	500	0	500	500	0	0	0	0	
4.1749937119e+02	5	546	2	499	492	8	500	0	500	500	0	0	0	0	
4.1799857848e+02	7	547	6	493	482	18	500	0	500	500	0	0	0	0	
4.1849606868e+02	7	546	6	491	488	12	500	0	500	500	0	0	0	0	
4.1899904195e+02	7	546	1	495	483	17	500	0	500	500	0	0	0	0	
4.1949957883e+02	9	544	1	495	487	13	500	0	500	500	0	0	0	0	
4.1999965788e+02	6	548	1	492	483	17	500	0	500	500	0	0	0	0	
4.2049743974e+02	5	549	0	494	489	11	500	0	500	500	0	0	0	0	
4.2099975296e+02	7	547	10	479	486	14	500	0	500	500	0	0	0	0	
4.2149877384e+02	7	549	6	483	483	17	500	0	500	500	0	0	0	0	
4.2199863356e+02	8	548	1	491	482	18	500	0	500	500	0	0	0	0	
4.2249852281e+02	10	545	7	491	488	12	500	0	500	500	0	0	0	0	
4.2299582710e+02	11	545	7	491	488	12	500	0	500	500	0	0	0	0	
4.2349404244e+02	9	546	2	495	491	9	500	0	500	500	0	0	0	0	
4.2399802830e+02	11	545	8	488	478	22	500	0	500	500	0	0	0	0	
4.2449868835e+02	10	549	5	494	488	12	500	0	500	500	0	0	0	0	
4.2499970565e+02	6	555	4	494	490	10	500	0	500	500	0	0	0	0	
4.2549757625e+02	6	554	1	496	485	15	500	0	500	500	0	0	0	0	
4.2599423024e+02	7	554	5	491	493	7	500	0	500	500	0	0	0	0	
4.2649749092e+02	8	555	4	496	480	20	500	0	500	500	0	0	0	0	
4.2699528386e+02	8	555	10	490	493	7	500	0	500	500	0	0	0	0	
4.2749621359e+02	7	557	4	496	489	11	500	0	500	500	0	0	0	0	
4.2799947440e+02	6	557	4	495	486	14	500	0	500	500	0	0	0	0	
4.2849767218e+02	5	557	7	492	487	13	500	0	500	500	0	0	0	0	
4.2899909632e+02	6	556	7	490	487	13	500	0	500	500	0	0	0	0	
4.2949769955e+02	5	560	4	494	492	8	500	0	500	500	0	0	0	0	
4.2999989283e+02	5	560	2	499	489	11	500	0	500	500	0	0	0	0	
4.3049915277e+02	5	558	9	493	493	7	500	0	500	500	0	0	0	0	
4.3099922054e+02	7	556	5	498	478	22	500	0	500	500	0	0	0	0	
4.3149886760e+02	6	556	2	501	489	11	500	0	500	500	0	0	0	0	
4.3199835942e+02	9	553	7	494	484	16	500	0	500	500	0	0	0	0	
4.3249964413e+02	6	556	5	493	491	9	500	0	500	500	0	0	0	0	
4.3299886810e+02	8	555	6	491	492	8	500	0	500	500	0	0	0	0	
4.3349966323e+02	5	559	7	489	484	16	500	0	500	500	0	0	0	0	
4.3399896434e+02	5	559	4	496	492	8	500	0	500	500	0	0	0	0	
4.3449871688e+02	6	558	5	492	489	11	500	0	500	500	0	0	0	0	
4.3499841660e+02	8	557	4	498	489	11	500	0	500	500	0	0	0	0	
4.3549983841e+02	9	556	6	496	484	16	500	0	500	500	0	0	0	0	
4.3599790744e+02	6	559	5	498	485	15	500	0	500	500	0	0	0	0	
4.3649900529e+02	5	561	4	498	479	21	500	0	500	500	0	0	0	0	
4.3699875279e+02	7	558	4	499	485	15	500	0	500	500	0	0	0	0	
4.3749951109e+02	4	560	8	497	490	10	500	0	500	500	0	0	0	0	
4.3799059718e+02	4	560	5	500	487	13	500	0	500	500	0	0	0	0	
4.3849731501e+02	3	562	3	500	489	11	500	0	500	500	0	0	0	0	
4.3899960298e+02	6	559	3	495	489	11	500	0	500	500	0	0	0	0	
4.3949914702e+02	6	558	7	493	490	10	500	0	500	500	0	0	0	0	
4.3999988837e+02	6	560	3	496	492	8	500	0	500	500	0	0	0	0	
4.4049961826e+02	6	562	3	499	480	20	500	0	500	500	0	0	0	0	
4.4099956708e+02	8	560	7	493	487	13	500	0	500	500	0	0	0	0	
4.4149828747e+02	12	561	2	499	490	10	500	0	500	500	0	0	0	0	
4.4199832730e+02	13	561	5	493	493	7	500	0	500	500	0	0	0	0	
4.4249988864e+02	13	561	5	491	482	18	500	0	500	500	0	0	0	0	
4.4299844024e+02	9	566	4	493	491	9	500	0	500	500	0	0	0	0	
4.4349985870e+02	8	567	6	490	486	14	500	0	500	500	0	0	0	0	
4.4399802048e+02	8	566	4	493	489	11	500	0	500	500	0	0	0	0	
4.4449993390e+02	8	567	3	492	486	14	500	0	500	500	0	0	0	0	
4.4499847184e+02	10	565	2	493	489	11	500	0	500	500	0	0	0	0	
4.4549910456e+02	9	568	3	494	487	13	500	0	500	500	0	0	0	0	
4.4599532445e+02	7	572	9	491	488	12	500	0	500	500	0	0	0	0	
4.4649045649e+02	8	571	4	495	482	18	500	0	500	500	0	0	0	0	
4.4699918268e+02	12	567	5	495	488	12	500	0	500	500	0	0	0	0	
4.4749815223e+02	11	566	4	500	492	8	500	0	500	500	0	0	0	0	
4.4799937716e+02	10	566	2	501	483	17	500	0	500	500	0	0	0	0	
4.4849957410e+02	10	567	2	499	491	9	500	0	500	500	0	0	0	0	
4.4899931791e+02	9	569	4	497	487	13	500	0	500	500	0	0	0	0	
4.4949996939e+02	7	574	6	491	490	10	500	0	500	500	0	0	0	0	
4.4999974665e+02	6	574	7	487	480	20	500	0	500	500	0	0	0	0	
4.5049896099e+02	3	576	6	492	489	11	500	0	500	500	0	0	0	0	
4.5099873460e+02	5	574	2	495	491	9	500	0	500	500	0	0	0	0	
4.5149965728e+02	4	574	4	494	494	6	500	0	500	500	0	0	0	0	
4.5199850806e+02	3	577	4	493	493	7	500	0	500	500	0	0	0	0	
4.5249961837e+02	3	578	7	491	494	6	500	0	500	500	0	0	0	0	
4.5299937165e+02	4	578	2	497	490	10	500	0	500	500	0	0	0	0	
4.5349783429e+02	5	577	4	496	490	10	500	0	500	500	0	0	0	0	
4.5399692300e+02	5	577	6	493	490	10	500	0	500	500	0	0	0	0	
4.5449992766e+02	4	578	6	491	483	17	500	0	500	500	0	0	0	0	
4.5499870424e+02	3	580	2	500	494	6	500	0	500	500	0	0	0	0	
4.5549923438e+02	5	578	7	496	480	20	500	0	500	500	0	0	0	0	
4.5599931452e+02	4	579	4	498	486	14	500	0	500	500	0	0	0	0	
4.5649957285e+02	6	580	2	496	488	12	500	0	500	500	0	0	0	0	
4.5699975610e+02	4	579	6	492	488	12	500	0	500	500	0	0	0	0	
4.5749695639e+02	3	580	1	494	487	13	500	0	500	500	0	0	0	0	
4.5799932832e+02	3	580	8	490	482	18	500	0	500	500	0	0	0	0	
4.5849737857e+02	1	583	7	492	484	16	500	0	500	500	0	0	0	0	
4.5899827077e+02	1	586	7	490	485	15	500	0	500	500	0	0	0	0	
4.5949963966e+02	2	585	10	488	489	11	500	0	500	500	0	0	0	0	
4.5999783571e+02	2	585	6	490	485	15	500	0	500	500	0	0	0	0	
4.6049817491e+02	1	584	2	497	490	10	500	0	500	500	0	0	0	0	
4.6099831595e+02	2	583	4	498	491	9	500	0	500	500	0	0	0	0	
4.6149936052e+02	2	583	0	502	493	7	500	0	500	500	0	0	0	0	
4.6199629609e+02	2	583	4	499	489	11	500	0	500	500	0	0	0	0	
4.6249947286e+02	3	582	5	500	490	10	500	0	500	500	0	0	0	0	
4.6299565802e+02	6	578	6	500	489	11	500	0	500	500	0	0	0	0	
4.6349944974e+02	7	578	4	498	485	15	500	0	500	500	0	0	0	0	
4.6399929902e+02	5	580	11	491	489	11	500	0	500	500	0	0	0	0	
4.6449828272e+02	3	586	5	499	485	15	500	0	500	500	0	0	0	0	
4.6499726765e+02	3	586	6	499	492	8	500	0	500	500	0	0	0	0	
4.6549959074e+02	4	584	6	498	488	12	500	0	500	500	0	0	0	0	
4.6599999042e+02	5	584	4	499	479	21	500	0	500	500	0	0	0	0	
4.6649889547e+02	8	581	3	496	486	14	500	0	500	500	0	0	0	0	
4.6699929111e+02	9	580	3	495	484	16	500	0	500	500	0	0	0	0	
4.6749951925e+02	10	580	6	493	496	4	500	0	500	500	0	0	0	0	
4.6799824748e+02	9	580	7	493	487	13	500	0	500	500	0	0	0	0	
4.6849881080e+02	6	583	8	494	494	6	500	0	500	500	0	0	0	0	
4.6899956404e+02	6	585	1	500	482	18	500	0	500	500	0	0	0	0	
4.6949878677e+02	7	584	8	491	486	14	500	0	500	500	0	0	0	0	
4.6999945551e+02	4	586	7	495	485	15	500	0	500	500	0	0	0	0	
4.7049869366e+02	4	586	10	492	486	14	500	0	500	500	0	0	0	0	
4.7099980869e+02	7	582	9	491	487	13	500	0	500	500	0	0	0	0	
4.7149986868e+02	8	582	4	496	483	17	500	0	500	500	0	0	0	0	
4.7199972566e+02	10	581	3	500	491	9	500	0	500	500	0	0	0	0	
4.7249894677e+02	10	581	3	503	487	13	500	0	500	500	0	0	0	0	
4.7299792437e+02	11	580	3	501	489	11	500	0	500	500	0	0	0	0	
4.7349867558e+02	8	583	7	498	492	8	500	0	500	500	0	0	0	0	
4.7399908439e+02	4	588	0	502	495	5	500	0	500	500	0	0	0	0	
4.7449790840e+02	3	591	2	501	490	10	500	0	500	500	0	0	0	0	
4.7499873262e+02	6	588	4	497	484	16	500	0	500	500	0	0	0	0	
4.7549822028e+02	6	587	2	497	492	8	500	0	500	500	0	0	0	0	
4.7599918695e+02	5	590	5	497	489	11	500	0	500	500	0	0	0	0	
4.7649747897e+02	8	587	8	495	491	9	500	0	500	500	0	0	0	0	
4.7699917392e+02	8	585	3	496	486	14	500	0	500	500	0	0	0	0	
4.7749915570e+02	6	588	5	491	493	7	500	0	500	500	0	0	0	0	
4.7799839120e+02	9	584	4	494	487	13	500	0	500	500	0	0	0	0	
4.7849886308e+02	6	587	1	497	480	20	500	0	500	500	0	0	0	0	
4.7899312761e+02	6	589	2	494	488	12	500	0	500	500	0	0	0	0	
4.7949902154e+02	5	590	5	492	487	13	500	0	500	500	0	0	0	0	
4.7999392554e+02	7	590	4	493	490	10	500	0	500	500	0	0	0	0	
4.8049969506e+02	6	592	6	491	484	16	500	0	500	500	0	0	0	0	
4.8099761478e+02	7	591	6	490	491	9	500	0	500	500	0	0	0	0	
4.8149989174e+02	5	594	3	494	483	17	500	0	500	500	0	0	0	0	
4.8199764447e+02	7	590	4	491	488	12	500	0	500	500	0	0	0	0	
4.8249942241e+02	7	589	9	491	490	10	500	0	500	500	0	0	0	0	
4.8299834606e+02	6	590	8	492	490	10	500	0	500	500	0	0	0	0	
4.8349918954e+02	7	589	3	494	485	15	500	0	500	500	0	0	0	0	
4.8399704513e+02	3	593	10	487	491	9	500	0	500	500	0	0	0	0	
4.8449965450e+02	4	592	5	494	481	19	500	0	500	500	0	0	0	0	
4.8499501701e+02	4	595	6	492	496	4	500	0	500	500	0	0	0	0	
4.8549451601e+02	4	595	2	493	487	13	500	0	500	500	0	0	0	0	
4.8599971103e+02	5	595	5	490	486	14	500	0	500	500	0	0	0	0	
4.8649637872e+02	4	597	4	490	491	9	500	0	500	500	0	0	0	0	
4.8699905220e+02	4	597	5	487	484	16	500	0	500	500	0	0	0	0	
4.8749798393e+02	5	597	5	488	489	11	500	0	500	500	0	0	0	0	
4.8799782649e+02	5	599	5	485	488	12	500	0	500	500	0	0	0	0	
4.8849638344e+02	4	599	7	483	491	9	500	0	500	500	0	0	0	0	
4.8899782079e+02	7	598	6	485	489	11	500	0	500	500	0	0	0	0	
4.8949296286e+02	6	599	7	488	492	8	500	0	500	500	0	0	0	0	
4.8999898355e+02	3	602	3	493	490	10	500	0	500	500	0	0	0	0	
4.9049824556e+02	2	603	4	493	486	14	500	0	500	500	0	0	0	0	
4.9099956817e+02	5	601	3	490	488	12	500	0	500	500	0	0	0	0	
4.9149463807e+02	3	605	4	489	487	13	500	0	500	500	0	0	0	0	
4.9199891958e+02	3	606	2	493	489	11	500	0	500	500	0	0	0	0	
4.9249966389e+02	4	605	2	488	490	10	500	0	500	500	0	0	0	0	
4.9299786408e+02	5	605	6	483	492	8	500	0	500	500	0	0	0	0	
4.9349945956e+02	5	607	7	481	496	4	500	0	500	500	0	0	0	0	
4.9399864409e+02	6	605	6	481	490	10	500	0	500	500	0	0	0	0	
4.9449847571e+02	6	603	5	480	485	15	500	0	500	500	0	0	0	0	
4.9499816321e+02	6	603	1	481	487	13	500	0	500	500	0	0	0	0	
4.9549587671e+02	5	606	3	478	493	7	500	0	500	500	0	0	0	0	
4.9599837491e+02	8	600	0	484	485	15	500	0	500	500	0	0	0	0	
4.9649980310e+02	7	601	3	481	489	11	500	0	500	500	0	0	0	0	
4.9699923450e+02	9	600	7	476	487	13	500	0	500	500	0	0	0	0	
4.9749984836e+02	6	605	5	485	484	16	500	0	500	500	0	0	0	0	
4.9799588440e+02	5	605	1	490	490	10	500	0	500	500	0	0	0	0	
4.9849933426e+02	7	603	3	486	487	13	500	0	500	500	0	0	0	0	
4.9899528860e+02	8	602	4	487	481	19	500	0	500	500	0	0	0	0	
4.9949704709e+02	8	603	2	492	489	11	500	0	500	500	0	0	0	0	
4.9999984221e+02	5	606	4	489	488	12	500	0	500	500	0	0	0	0	
5.0000040083e+02	5	606	4	489	489	11	500	0	500	500	0	0	0	0	
