0.0000000000e+00	0	0	0	0	0	500	50	0	500	500	0	0	0	0	
4.9069343036e-01	0	2	2	0	0	500	50	0	500	500	0	0	0	0	
6.2594130152e-01	1	1	3	0	0	500	50	0	500	500	0	0	0	0	
1.4987471528e+00	1	2	3	0	2	498	50	0	500	500	0	0	0	0	
1.9348407405e+00	1	3	3	0	2	498	50	0	500	500	0	0	0	0	
2.4581148189e+00	1	4	3	0	3	497	50	0	500	500	0	0	0	0	
2.9785838114e+00	1	4	3	0	1	499	50	0	500	500	0	0	0	0	
3.4690794081e+00	1	4	3	0	1	499	50	0	500	500	0	0	0	0	
3.9879790811e+00	1	4	3	0	1	499	50	0	500	500	0	0	0	0	
4.4876786919e+00	3	3	4	0	0	500	50	0	500	500	0	0	0	0	
4.9339947250e+00	4	2	4	0	2	498	50	0	500	500	0	0	0	0	
5.4531358822e+00	6	1	4	0	1	499	50	0	500	500	0	0	0	0	
5.5514951269e+00	6	1	4	0	0	500	50	0	500	500	0	0	0	0	
6.4313957557e+00	6	2	4	0	0	500	50	0	500	500	0	0	0	0	
6.7703132750e+00	7	1	5	0	0	500	50	0	500	500	0	0	0	0	
7.4678480492e+00	7	2	5	0	0	500	50	0	500	500	0	0	0	0	
7.9309076060e+00	7	6	5	1	2	498	50	0	500	500	0	0	0	0	
8.4781822132e+00	9	7	4	2	4	496	50	0	500	500	0	0	0	0	
8.9878514654e+00	11	7	9	0	3	497	50	0	500	500	0	0	0	0	
9.4911329282e+00	12	7	7	2	3	497	50	0	500	500	0	0	0	0	
9.9719675023e+00	14	6	9	0	2	498	50	0	500	500	0	0	0	0	
1.0493497902e+01	14	8	10	0	4	496	50	0	500	500	0	0	0	0	
1.0977086221e+01	16	7	9	1	2	498	50	0	500	500	0	0	0	0	
1.1496508521e+01	16	10	9	1	2	498	50	0	500	500	0	0	0	0	
1.1989889538e+01	19	7	7	3	4	496	50	0	500	500	0	0	0	0	
1.2465059103e+01	19	8	6	4	9	491	50	0	500	500	0	0	0	0	
1.2996890569e+01	24	4	9	1	5	495	50	0	500	500	0	0	0	0	
1.3483255861e+01	25	3	9	1	3	497	50	0	500	500	0	0	0	0	
1.3979427347e+01	26	6	9	1	4	496	50	0	500	500	0	0	0	0	
1.4487504843e+01	28	5	8	2	3	497	50	0	500	500	0	0	0	0	
1.4992040289e+01	29	4	8	2	4	496	50	0	500	500	0	0	0	0	
1.5315623612e+01	30	3	9	1	4	496	50	0	500	500	0	0	0	0	
1.5999119664e+01	30	3	10	0	2	498	50	0	500	500	0	0	0	0	
1.6433835668e+01	30	3	10	0	2	498	50	0	500	500	0	0	0	0	
1.6940331707e+01	30	3	10	0	2	498	50	0	500	500	0	0	0	0	
1.7278724712e+01	32	1	11	0	0	500	50	0	500	500	0	0	0	0	
1.7959953962e+01	32	1	10	1	2	498	50	0	500	500	0	0	0	0	
1.8462064979e+01	32	1	11	0	0	500	50	0	500	500	0	0	0	0	
1.8825383392e+01	32	2	11	0	0	500	50	0	500	500	0	0	0	0	
1.9475585847e+01	32	2	10	1	3	497	50	0	500	500	0	0	0	0	
1.9907136954e+01	34	1	9	2	4	496	50	0	500	500	0	0	0	0	
2.0492745307e+01	34	3	9	1	2	498	50	0	500	500	0	0	0	0	
2.0986529287e+01	35	2	9	1	2	498	50	0	500	500	0	0	0	0	
2.1462931307e+01	36	2	10	0	3	497	50	0	500	500	0	0	0	0	
2.1981895704e+01	37	1	10	0	0	500	50	0	500	500	0	0	0	0	
2.2472215592e+01	37	3	10	0	1	499	50	0	500	500	0	0	0	0	
2.2950868175e+01	37	4	8	1	2	498	50	0	500	500	0	0	0	0	
2.3478285419e+01	39	3	8	1	6	494	50	0	500	500	0	0	0	0	
2.3971789709e+01	39	3	7	1	2	498	50	0	500	500	0	0	0	0	
2.4474799903e+01	39	5	7	1	1	499	50	0	500	500	0	0	0	0	
2.4983957148e+01	39	7	8	0	2	498	50	0	500	500	0	0	0	0	
2.5489598702e+01	41	6	8	1	4	496	50	0	500	500	0	0	0	0	
2.5998573957e+01	42	6	8	1	3	497	50	0	500	500	0	0	0	0	
2.6496066833e+01	43	7	8	1	3	497	50	0	500	500	0	0	0	0	
2.6997199785e+01	44	6	9	0	1	499	50	0	500	500	0	0	0	0	
2.7474946423e+01	46	4	9	0	0	500	50	0	500	500	0	0	0	0	
2.7979882254e+01	47	3	9	0	2	498	50	0	500	500	0	0	0	0	
2.8434044118e+01	46	4	9	2	0	500	50	0	500	500	0	0	0	0	
2.8975475290e+01	47	6	10	1	0	500	50	0	500	500	0	0	0	0	
2.9432299074e+01	47	7	10	1	1	499	50	0	500	500	0	0	0	0	
2.9965779902e+01	48	8	8	3	1	499	50	0	500	500	0	0	0	0	
3.0477136571e+01	48	8	11	1	4	496	50	0	500	500	0	0	0	0	
3.0997104970e+01	51	5	10	2	4	496	50	0	500	500	0	0	0	0	
3.1480655174e+01	51	6	11	2	3	497	50	0	500	500	0	0	0	0	
3.1997092911e+01	52	6	12	1	3	497	50	0	500	500	0	0	0	0	
3.2465904117e+01	52	6	11	2	1	499	50	0	500	500	0	0	0	0	
3.2936556632e+01	54	4	11	2	1	499	50	0	500	500	0	0	0	0	
3.3498029083e+01	55	4	11	2	1	499	50	0	500	500	0	0	0	0	
3.3993656552e+01	59	2	11	2	0	500	50	0	500	500	0	0	0	0	
3.4379862915e+01	58	1	13	0	0	500	50	0	500	500	0	0	0	0	
3.4960164915e+01	59	1	13	0	0	500	50	0	500	500	0	0	0	0	
3.5344931836e+01	58	1	14	0	1	499	50	0	500	500	0	0	0	0	
3.5722600051e+01	58	2	13	1	0	500	50	0	500	500	0	0	0	0	
3.6300171352e+01	58	3	14	0	0	500	50	0	500	500	0	0	0	0	
3.6968960945e+01	58	5	13	1	2	498	50	0	500	500	0	0	0	0	
3.7499013673e+01	59	7	13	2	4	496	50	0	500	500	0	0	0	0	
3.7985692845e+01	59	7	10	4	6	494	50	0	500	500	0	0	0	0	
3.8389859060e+01	63	3	13	1	1	499	50	0	500	500	0	0	0	0	
3.8898115564e+01	64	2	14	0	1	499	50	0	500	500	0	0	0	0	
3.9405227913e+01	64	3	14	0	2	498	50	0	500	500	0	0	0	0	
3.9989006859e+01	63	4	14	1	2	498	50	0	500	500	0	0	0	0	
4.0495928827e+01	65	3	14	1	2	498	50	0	500	500	0	0	0	0	
4.0920330058e+01	65	4	14	1	5	495	50	0	500	500	0	0	0	0	
4.1441270491e+01	65	5	14	1	4	496	50	0	500	500	0	0	0	0	
4.1942713483e+01	66	5	15	1	4	496	50	0	500	500	0	0	0	0	
4.2488957209e+01	66	6	15	1	1	499	50	0	500	500	0	0	0	0	
4.2993236667e+01	66	9	14	2	2	498	50	0	500	500	0	0	0	0	
4.3459590967e+01	67	9	13	3	3	497	50	0	500	500	0	0	0	0	
4.3956607202e+01	70	9	12	4	3	497	50	0	500	500	0	0	0	0	
4.4477912791e+01	73	6	13	3	3	497	50	0	500	500	0	0	0	0	
4.4962788775e+01	74	7	13	3	1	499	50	0	500	500	0	0	0	0	
4.5476640643e+01	76	5	13	3	0	500	50	0	500	500	0	0	0	0	
4.5995996023e+01	77	5	14	2	2	498	50	0	500	500	0	0	0	0	
4.6468185627e+01	77	5	15	1	4	496	50	0	500	500	0	0	0	0	
4.6880154718e+01	79	3	16	0	1	499	50	0	500	500	0	0	0	0	
4.7441927303e+01	79	4	16	0	0	500	50	0	500	500	0	0	0	0	
4.7769110959e+01	80	3	16	0	1	499	50	0	500	500	0	0	0	0	
4.8460697009e+01	81	3	15	0	1	499	50	0	500	500	0	0	0	0	
4.8999707648e+01	81	4	15	1	1	499	50	0	500	500	0	0	0	0	
4.9493687204e+01	83	5	16	0	2	498	50	0	500	500	0	0	0	0	
4.9991887465e+01	83	6	16	0	1	499	50	0	500	500	0	0	0	0	
5.0487594845e+01	85	6	16	0	3	497	50	0	500	500	0	0	0	0	
5.0970972139e+01	87	4	15	1	1	499	50	0	500	500	0	0	0	0	
5.1371861006e+01	88	4	16	0	1	499	50	0	500	500	0	0	0	0	
5.1996941688e+01	89	5	15	1	5	495	50	0	500	500	0	0	0	0	
5.2471712758e+01	91	6	16	1	4	496	50	0	500	500	0	0	0	0	
5.2996202381e+01	92	5	15	2	3	497	50	0	500	500	0	0	0	0	
5.3481878867e+01	92	5	16	1	1	499	50	0	500	500	0	0	0	0	
5.3952404529e+01	95	3	16	1	4	496	50	0	500	500	0	0	0	0	
5.4473576442e+01	95	7	16	1	5	495	50	0	500	500	0	0	0	0	
5.4998852341e+01	96	8	14	3	3	497	50	0	500	500	0	0	0	0	
5.5449276060e+01	96	8	16	0	2	498	50	0	500	500	0	0	0	0	
5.5990336992e+01	98	6	16	0	8	492	50	0	500	500	0	0	0	0	
5.6494861067e+01	98	7	15	1	2	498	50	0	500	500	0	0	0	0	
5.6978945863e+01	98	7	13	4	3	497	50	0	500	500	0	0	0	0	
5.7497027387e+01	98	8	14	3	5	495	50	0	500	500	0	0	0	0	
5.7995641867e+01	101	5	16	2	7	493	50	0	500	500	0	0	0	0	
5.8494689654e+01	101	5	16	2	2	498	50	0	500	500	0	0	0	0	
5.8972412114e+01	102	4	18	0	1	499	50	0	500	500	0	0	0	0	
5.9446873217e+01	104	3	16	2	1	499	50	0	500	500	0	0	0	0	
5.9975143046e+01	105	3	15	3	0	500	50	0	500	500	0	0	0	0	
6.0497430474e+01	105	4	16	2	3	497	50	0	500	500	0	0	0	0	
6.0889886785e+01	105	6	14	3	1	499	50	0	500	500	0	0	0	0	
6.1480636262e+01	108	6	14	3	3	497	50	0	500	500	0	0	0	0	
6.1997112165e+01	110	4	14	3	4	496	50	0	500	500	0	0	0	0	
6.2482533768e+01	111	4	16	1	2	498	50	0	500	500	0	0	0	0	
6.2974695076e+01	112	4	16	1	4	496	50	0	500	500	0	0	0	0	
6.3429092122e+01	112	4	16	1	1	499	50	0	500	500	0	0	0	0	
6.3951162746e+01	112	5	16	1	1	499	50	0	500	500	0	0	0	0	
6.4496209677e+01	112	6	15	2	0	500	50	0	500	500	0	0	0	0	
6.4996492425e+01	112	7	15	2	1	499	50	0	500	500	0	0	0	0	
6.5477147786e+01	114	6	16	1	3	497	50	0	500	500	0	0	0	0	
6.5981551097e+01	115	5	17	0	4	496	50	0	500	500	0	0	0	0	
6.6484967323e+01	118	3	15	2	1	499	50	0	500	500	0	0	0	0	
6.6975243517e+01	119	2	15	2	2	498	50	0	500	500	0	0	0	0	
6.7478750215e+01	119	2	17	0	0	500	50	0	500	500	0	0	0	0	
6.7966153692e+01	120	1	16	1	1	499	50	0	500	500	0	0	0	0	
6.8462553858e+01	120	2	16	1	2	498	50	0	500	500	0	0	0	0	
6.8733098709e+01	121	2	17	0	0	500	50	0	500	500	0	0	0	0	
6.9403139160e+01	122	2	17	0	0	500	50	0	500	500	0	0	0	0	
6.9797421546e+01	122	3	18	0	1	499	50	0	500	500	0	0	0	0	
7.0465144939e+01	123	4	18	0	0	500	50	0	500	500	0	0	0	0	
7.0996685249e+01	124	4	18	0	3	497	50	0	500	500	0	0	0	0	
7.1482367184e+01	125	4	18	0	2	498	50	0	500	500	0	0	0	0	
7.1969879059e+01	125	5	17	2	1	499	50	0	500	500	0	0	0	0	
7.2437721721e+01	126	5	19	2	3	497	50	0	500	500	0	0	0	0	
7.2995744742e+01	127	7	21	1	1	499	50	0	500	500	0	0	0	0	
7.3499262312e+01	130	6	20	2	3	497	50	0	500	500	0	0	0	0	
7.3975277054e+01	131	5	18	4	4	496	50	0	500	500	0	0	0	0	
7.4467226940e+01	130	6	20	2	3	497	50	0	500	500	0	0	0	0	
7.4978521511e+01	131	7	22	1	5	495	50	0	500	500	0	0	0	0	
7.5402364423e+01	132	5	19	4	4	496	50	0	500	500	0	0	0	0	
7.5971621182e+01	133	5	23	0	2	498	50	0	500	500	0	0	0	0	
7.6437519400e+01	134	4	23	0	1	499	50	0	500	500	0	0	0	0	
7.6937842200e+01	135	3	23	0	1	499	50	0	500	500	0	0	0	0	
7.7411510176e+01	135	3	24	0	2	498	50	0	500	500	0	0	0	0	
7.7968503636e+01	135	3	23	2	1	499	50	0	500	500	0	0	0	0	
7.8444074116e+01	135	4	26	1	0	500	50	0	500	500	0	0	0	0	
7.8925979215e+01	135	4	25	2	4	496	50	0	500	500	0	0	0	0	
7.9499070185e+01	134	6	27	0	6	494	50	0	500	500	0	0	0	0	
7.9921996236e+01	136	5	27	1	6	494	50	0	500	500	0	0	0	0	
8.0471790807e+01	138	3	25	2	1	499	50	0	500	500	0	0	0	0	
8.0987267187e+01	140	4	24	3	2	498	50	0	500	500	0	0	0	0	
8.1499376790e+01	141	5	26	1	2	498	50	0	500	500	0	0	0	0	
8.1990239378e+01	143	4	26	1	1	499	50	0	500	500	0	0	0	0	
8.2493420450e+01	143	4	26	1	3	497	50	0	500	500	0	0	0	0	
8.2989230309e+01	143	6	26	1	0	500	50	0	500	500	0	0	0	0	
8.3471433466e+01	144	6	25	2	2	498	50	0	500	500	0	0	0	0	
8.3974030108e+01	146	5	22	5	2	498	50	0	500	500	0	0	0	0	
8.4497112193e+01	145	6	21	6	3	497	50	0	500	500	0	0	0	0	
8.4991171181e+01	147	5	22	5	5	495	50	0	500	500	0	0	0	0	
8.5486928951e+01	149	4	22	3	6	494	50	0	500	500	0	0	0	0	
8.5967166262e+01	151	3	21	4	3	497	50	0	500	500	0	0	0	0	
8.6418910014e+01	150	4	21	4	4	496	50	0	500	500	0	0	0	0	
8.6985172078e+01	150	5	23	2	1	499	50	0	500	500	0	0	0	0	
8.7472498940e+01	151	4	24	1	2	498	50	0	500	500	0	0	0	0	
8.7951355007e+01	150	5	25	1	2	498	50	0	500	500	0	0	0	0	
8.8491794479e+01	151	6	25	2	3	497	50	0	500	500	0	0	0	0	
8.8989404245e+01	153	6	26	1	4	496	50	0	500	500	0	0	0	0	
8.9499353535e+01	155	7	22	5	3	497	50	0	500	500	0	0	0	0	
8.9999424704e+01	155	8	23	4	3	497	50	0	500	500	0	0	0	0	
9.0493506026e+01	158	7	23	4	4	496	50	0	500	500	0	0	0	0	
9.0950644778e+01	159	5	22	5	3	497	50	0	500	500	0	0	0	0	
9.1495864616e+01	160	4	20	6	4	496	50	0	500	500	0	0	0	0	
9.1995332030e+01	161	3	25	1	0	500	50	0	500	500	0	0	0	0	
9.2415187995e+01	160	5	27	1	1	499	50	0	500	500	0	0	0	0	
9.2945515841e+01	161	7	26	2	2	498	50	0	500	500	0	0	0	0	
9.3498673068e+01	164	6	27	1	4	496	50	0	500	500	0	0	0	0	
9.3989022320e+01	167	3	27	1	2	498	50	0	500	500	0	0	0	0	
9.4414202217e+01	168	4	27	2	2	498	50	0	500	500	0	0	0	0	
9.4991107766e+01	169	4	25	4	5	495	50	0	500	500	0	0	0	0	
9.5371552518e+01	169	5	27	3	2	498	50	0	500	500	0	0	0	0	
9.5994792709e+01	170	5	26	4	1	499	50	0	500	500	0	0	0	0	
9.6468307053e+01	170	5	27	3	2	498	50	0	500	500	0	0	0	0	
9.6934385529e+01	170	7	27	4	5	495	50	0	500	500	0	0	0	0	
9.7483899135e+01	171	5	27	5	5	495	50	0	500	500	0	0	0	0	
9.7986312309e+01	171	5	27	4	3	497	50	0	500	500	0	0	0	0	
9.8498452031e+01	172	4	28	3	2	498	50	0	500	500	0	0	0	0	
9.8982721404e+01	173	6	29	2	4	496	50	0	500	500	0	0	0	0	
9.9484151283e+01	172	6	28	3	1	499	50	0	500	500	0	0	0	0	
9.9981305751e+01	177	3	28	2	1	499	50	0	500	500	0	0	0	0	
1.0049996022e+02	177	4	28	2	2	498	50	0	500	500	0	0	0	0	
1.0097225713e+02	178	3	29	1	4	496	50	0	500	500	0	0	0	0	
1.0146303125e+02	180	2	29	0	1	499	50	0	500	500	0	0	0	0	
1.0195433484e+02	181	2	29	1	0	500	50	0	500	500	0	0	0	0	
1.0243279344e+02	180	3	29	1	1	499	50	0	500	500	0	0	0	0	
1.0298660224e+02	182	3	28	2	1	499	50	0	500	500	0	0	0	0	
1.0347902449e+02	183	5	30	0	0	500	50	0	500	500	0	0	0	0	
1.0399025601e+02	184	8	29	1	3	497	50	0	500	500	0	0	0	0	
1.0449894897e+02	183	7	28	3	6	494	50	0	500	500	0	0	0	0	
1.0499254435e+02	186	4	26	5	3	497	50	0	500	500	0	0	0	0	
1.0549752057e+02	185	7	25	6	4	496	50	0	500	500	0	0	0	0	
1.0599882669e+02	187	5	31	2	6	494	50	0	500	500	0	0	0	0	
1.0649876832e+02	187	7	32	1	2	498	50	0	500	500	0	0	0	0	
1.0698580071e+02	187	8	26	7	1	499	50	0	500	500	0	0	0	0	
1.0749146320e+02	187	9	31	2	2	498	50	0	500	500	0	0	0	0	
1.0799173357e+02	190	9	32	1	6	494	50	0	500	500	0	0	0	0	
1.0849301710e+02	192	9	28	5	6	494	50	0	500	500	0	0	0	0	
1.0899926109e+02	194	9	26	7	3	497	50	0	500	500	0	0	0	0	
1.0949095049e+02	194	9	28	5	2	498	50	0	500	500	0	0	0	0	
1.0999827262e+02	197	6	26	6	2	498	50	0	500	500	0	0	0	0	
1.1048828825e+02	199	6	29	3	5	495	50	0	500	500	0	0	0	0	
1.1099472991e+02	200	6	31	2	2	498	50	0	500	500	0	0	0	0	
1.1149231258e+02	203	4	30	3	1	499	50	0	500	500	0	0	0	0	
1.1199926814e+02	203	5	30	3	3	497	50	0	500	500	0	0	0	0	
1.1247163606e+02	203	4	32	1	3	497	50	0	500	500	0	0	0	0	
1.1299773843e+02	205	3	30	3	4	496	50	0	500	500	0	0	0	0	
1.1347549956e+02	204	4	30	3	4	496	50	0	500	500	0	0	0	0	
1.1398204334e+02	205	3	30	3	3	497	50	0	500	500	0	0	0	0	
1.1449802998e+02	204	5	30	3	3	497	50	0	500	500	0	0	0	0	
1.1495019456e+02	208	2	31	2	4	496	50	0	500	500	0	0	0	0	
1.1548756610e+02	208	2	30	3	2	498	50	0	500	500	0	0	0	0	
1.1599926163e+02	207	4	30	3	5	495	50	0	500	500	0	0	0	0	
1.1643262584e+02	208	3	32	0	2	498	50	0	500	500	0	0	0	0	
1.1698977627e+02	209	2	32	0	4	496	50	0	500	500	0	0	0	0	
1.1744559401e+02	210	1	31	0	2	498	50	0	500	500	0	0	0	0	
1.1799683789e+02	210	2	31	1	3	497	50	0	500	500	0	0	0	0	
1.1847978909e+02	209	2	29	1	1	499	50	0	500	500	0	0	0	0	
1.1897401430e+02	208	2	27	3	2	498	50	0	500	500	0	0	0	0	
1.1948012348e+02	208	2	27	3	1	499	50	0	500	500	0	0	0	0	
1.1996596846e+02	209	2	29	1	3	497	50	0	500	500	0	0	0	0	
1.2043823178e+02	210	2	30	0	1	499	50	0	500	500	0	0	0	0	
1.2097811120e+02	211	3	30	0	2	498	50	0	500	500	0	0	0	0	
1.2147743733e+02	212	1	30	0	1	499	50	0	500	500	0	0	0	0	
1.2176941788e+02	213	1	30	0	2	498	50	0	500	500	0	0	0	0	
1.2249479573e+02	214	2	28	1	1	499	50	0	500	500	0	0	0	0	
1.2292356593e+02	214	3	28	1	2	498	50	0	500	500	0	0	0	0	
1.2349430735e+02	215	2	27	2	3	497	50	0	500	500	0	0	0	0	
1.2394719422e+02	216	2	27	2	1	499	50	0	500	500	0	0	0	0	
1.2436409241e+02	216	2	25	4	0	500	50	0	500	500	0	0	0	0	
1.2498899339e+02	218	1	28	2	1	499	50	0	500	500	0	0	0	0	
1.2549092877e+02	219	2	26	4	1	499	50	0	500	500	0	0	0	0	
1.2587593956e+02	219	3	27	4	0	500	50	0	500	500	0	0	0	0	
1.2648871782e+02	221	2	30	2	2	498	50	0	500	500	0	0	0	0	
1.2690831701e+02	221	2	30	3	0	500	50	0	500	500	0	0	0	0	
1.2747170030e+02	220	2	32	1	2	498	50	0	500	500	0	0	0	0	
1.2798893260e+02	220	3	32	1	3	497	50	0	500	500	0	0	0	0	
1.2846774472e+02	220	4	33	0	4	496	50	0	500	500	0	0	0	0	
1.2895863336e+02	220	5	30	3	6	494	50	0	500	500	0	0	0	0	
1.2949568120e+02	217	7	30	3	2	498	50	0	500	500	0	0	0	0	
1.2997194515e+02	219	6	31	2	1	499	50	0	500	500	0	0	0	0	
1.3045133707e+02	219	6	32	1	4	496	50	0	500	500	0	0	0	0	
1.3097391855e+02	220	4	30	3	3	497	50	0	500	500	0	0	0	0	
1.3145487067e+02	220	4	29	3	2	498	50	0	500	500	0	0	0	0	
1.3199499642e+02	221	3	31	1	2	498	50	0	500	500	0	0	0	0	
1.3242047203e+02	222	2	30	2	2	498	50	0	500	500	0	0	0	0	
1.3298976747e+02	223	1	31	2	2	498	50	0	500	500	0	0	0	0	
1.3342416747e+02	222	2	33	1	0	500	50	0	500	500	0	0	0	0	
1.3394333169e+02	223	4	33	1	1	499	50	0	500	500	0	0	0	0	
1.3441590098e+02	225	3	33	3	1	499	50	0	500	500	0	0	0	0	
1.3499990579e+02	224	4	32	4	2	498	50	0	500	500	0	0	0	0	
1.3547413861e+02	225	4	34	2	1	499	50	0	500	500	0	0	0	0	
1.3598246783e+02	226	3	35	3	2	498	50	0	500	500	0	0	0	0	
1.3642135120e+02	228	1	36	2	0	500	50	0	500	500	0	0	0	0	
1.3694388550e+02	227	2	36	2	1	499	50	0	500	500	0	0	0	0	
1.3749230235e+02	226	3	37	1	1	499	50	0	500	500	0	0	0	0	
1.3794180583e+02	226	4	36	2	1	499	50	0	500	500	0	0	0	0	
1.3849938560e+02	226	3	36	2	1	499	50	0	500	500	0	0	0	0	
1.3883445570e+02	227	2	38	1	0	500	50	0	500	500	0	0	0	0	
1.3947612583e+02	227	2	38	1	1	499	50	0	500	500	0	0	0	0	
1.3998501213e+02	227	4	38	0	0	500	50	0	500	500	0	0	0	0	
1.4049219048e+02	227	7	35	4	6	494	50	0	500	500	0	0	0	0	
1.4098611325e+02	228	8	36	3	4	496	50	0	500	500	0	0	0	0	
1.4149053647e+02	229	7	33	6	3	497	50	0	500	500	0	0	0	0	
1.4197670048e+02	231	6	39	1	5	495	50	0	500	500	0	0	0	0	
1.4248201333e+02	234	3	40	0	4	496	50	0	500	500	0	0	0	0	
1.4297796901e+02	238	2	39	0	3	497	50	0	500	500	0	0	0	0	
1.4349769335e+02	238	2	37	2	1	499	50	0	500	500	0	0	0	0	
1.4392298546e+02	239	2	37	2	0	500	50	0	500	500	0	0	0	0	
1.4449676232e+02	239	2	38	2	2	498	50	0	500	500	0	0	0	0	
1.4497165990e+02	241	5	38	1	0	500	50	0	500	500	0	0	0	0	
1.4548949166e+02	244	2	37	2	4	496	50	0	500	500	0	0	0	0	
1.4588953847e+02	244	3	37	2	2	498	50	0	500	500	0	0	0	0	
1.4642376424e+02	243	4	35	3	2	498	50	0	500	500	0	0	0	0	
1.4699146667e+02	244	4	36	2	1	499	50	0	500	500	0	0	0	0	
1.4747926997e+02	245	4	36	3	3	497	50	0	500	500	0	0	0	0	
1.4799871708e+02	245	5	37	2	2	498	50	0	500	500	0	0	0	0	
1.4848151212e+02	245	5	34	6	3	497	50	0	500	500	0	0	0	0	
1.4898829882e+02	244	6	37	3	4	496	50	0	500	500	0	0	0	0	
1.4938535714e+02	244	7	33	7	0	500	50	0	500	500	0	0	0	0	
1.4999663366e+02	243	8	35	6	1	499	50	0	500	500	0	0	0	0	
1.5047649943e+02	246	8	36	5	7	493	50	0	500	500	0	0	0	0	
1.5094073058e+02	247	10	35	6	2	498	50	0	500	500	0	0	0	0	
1.5149060194e+02	248	10	37	4	3	497	50	0	500	500	0	0	0	0	
1.5199901607e+02	250	10	34	7	10	490	50	0	500	500	0	0	0	0	
1.5249175635e+02	251	13	32	8	5	495	50	0	500	500	0	0	0	0	
1.5298570095e+02	254	12	33	6	9	491	50	0	500	500	0	0	0	0	
1.5349012670e+02	257	10	35	4	12	488	50	0	500	500	0	0	0	0	
1.5397038965e+02	257	9	35	4	5	495	50	0	500	500	0	0	0	0	
1.5449976298e+02	263	6	34	5	6	494	50	0	500	500	0	0	0	0	
1.5497607129e+02	259	10	31	7	7	493	50	0	500	500	0	0	0	0	
1.5549716216e+02	260	14	31	7	4	496	50	0	500	500	0	0	0	0	
1.5599470216e+02	260	13	33	5	4	496	50	0	500	500	0	0	0	0	
1.5649231488e+02	258	14	33	5	7	493	50	0	500	500	0	0	0	0	
1.5699658307e+02	263	9	32	5	5	495	50	0	500	500	0	0	0	0	
1.5749889011e+02	265	7	36	1	5	495	50	0	500	500	0	0	0	0	
1.5799449515e+02	267	5	36	2	3	497	50	0	500	500	0	0	0	0	
1.5841686239e+02	269	4	33	5	1	499	50	0	500	500	0	0	0	0	
1.5899680236e+02	269	4	34	4	2	498	50	0	500	500	0	0	0	0	
1.5948759050e+02	269	4	34	5	5	495	50	0	500	500	0	0	0	0	
1.5999853081e+02	267	7	35	4	5	495	50	0	500	500	0	0	0	0	
1.6045618307e+02	269	5	35	4	7	493	50	0	500	500	0	0	0	0	
1.6098769860e+02	270	4	34	5	4	496	50	0	500	500	0	0	0	0	
1.6148906573e+02	269	4	36	3	4	496	50	0	500	500	0	0	0	0	
1.6194432250e+02	270	4	37	2	0	500	50	0	500	500	0	0	0	0	
1.6249554534e+02	270	4	37	2	3	497	50	0	500	500	0	0	0	0	
1.6294733567e+02	271	3	38	1	0	500	50	0	500	500	0	0	0	0	
1.6349149885e+02	271	5	38	1	1	499	50	0	500	500	0	0	0	0	
1.6399209374e+02	271	5	36	2	3	497	50	0	500	500	0	0	0	0	
1.6439292324e+02	271	6	33	5	4	496	50	0	500	500	0	0	0	0	
1.6496599843e+02	271	5	33	5	0	500	50	0	500	500	0	0	0	0	
1.6548993656e+02	270	7	34	4	3	497	50	0	500	500	0	0	0	0	
1.6599524141e+02	271	5	34	4	4	496	50	0	500	500	0	0	0	0	
1.6648899222e+02	269	8	33	4	2	498	50	0	500	500	0	0	0	0	
1.6698896277e+02	271	6	33	4	8	492	50	0	500	500	0	0	0	0	
1.6746888845e+02	272	7	34	4	1	499	50	0	500	500	0	0	0	0	
1.6799071739e+02	274	6	28	9	4	496	50	0	500	500	0	0	0	0	
1.6848675203e+02	276	5	29	8	3	497	50	0	500	500	0	0	0	0	
1.6899477489e+02	276	5	31	6	3	497	50	0	500	500	0	0	0	0	
1.6949552141e+02	275	9	31	6	5	495	50	0	500	500	0	0	0	0	
1.6999995572e+02	275	10	29	8	5	495	50	0	500	500	0	0	0	0	
1.7047266457e+02	279	10	33	5	5	495	50	0	500	500	0	0	0	0	
1.7099104122e+02	280	9	31	6	3	497	50	0	500	500	0	0	0	0	
1.7147158684e+02	278	11	32	5	2	498	50	0	500	500	0	0	0	0	
1.7197418043e+02	281	8	34	4	5	495	50	0	500	500	0	0	0	0	
1.7249973337e+02	282	7	32	6	1	499	50	0	500	500	0	0	0	0	
1.7299415815e+02	282	8	32	6	1	499	50	0	500	500	0	0	0	0	
1.7345602930e+02	283	7	34	3	5	495	50	0	500	500	0	0	0	0	
1.7398540089e+02	285	5	33	4	5	495	50	0	500	500	0	0	0	0	
1.7449431886e+02	284	6	34	4	4	496	50	0	500	500	0	0	0	0	
1.7499163283e+02	284	6	33	5	4	496	50	0	500	500	0	0	0	0	
1.7549775650e+02	283	7	34	3	2	498	50	0	500	500	0	0	0	0	
1.7599970333e+02	285	10	31	5	8	492	50	0	500	500	0	0	0	0	
1.7648986768e+02	282	13	29	7	4	496	50	0	500	500	0	0	0	0	
1.7698493714e+02	284	10	32	4	4	496	50	0	500	500	0	0	0	0	
1.7748854613e+02	285	9	33	3	2	498	50	0	500	500	0	0	0	0	
1.7799982662e+02	286	9	37	0	6	494	50	0	500	500	0	0	0	0	
1.7849918731e+02	289	7	31	7	5	495	50	0	500	500	0	0	0	0	
1.7896115941e+02	291	7	31	7	2	498	50	0	500	500	0	0	0	0	
1.7948376075e+02	293	5	35	4	4	496	50	0	500	500	0	0	0	0	
1.7999373494e+02	294	4	35	4	2	498	50	0	500	500	0	0	0	0	
1.8045488312e+02	293	6	35	4	0	500	50	0	500	500	0	0	0	0	
1.8098878645e+02	294	5	35	4	2	498	50	0	500	500	0	0	0	0	
1.8149512058e+02	292	8	37	2	1	499	50	0	500	500	0	0	0	0	
1.8198593211e+02	292	11	33	7	2	498	50	0	500	500	0	0	0	0	
1.8249941308e+02	293	12	36	4	7	493	50	0	500	500	0	0	0	0	
1.8299601434e+02	297	8	35	5	2	498	50	0	500	500	0	0	0	0	
1.8349667747e+02	298	6	37	3	6	494	50	0	500	500	0	0	0	0	
1.8399813147e+02	296	8	38	3	5	495	50	0	500	500	0	0	0	0	
1.8448981621e+02	298	7	35	6	4	496	50	0	500	500	0	0	0	0	
1.8493170846e+02	300	5	36	5	2	498	50	0	500	500	0	0	0	0	
1.8547919635e+02	302	4	36	5	4	496	50	0	500	500	0	0	0	0	
1.8598814688e+02	303	5	33	8	3	497	50	0	500	500	0	0	0	0	
1.8649939611e+02	304	7	36	6	1	499	50	0	500	500	0	0	0	0	
1.8696012322e+02	307	4	36	8	2	498	50	0	500	500	0	0	0	0	
1.8749017002e+02	310	5	36	8	4	496	50	0	500	500	0	0	0	0	
1.8799387422e+02	312	4	40	5	2	498	50	0	500	500	0	0	0	0	
1.8847382477e+02	313	4	42	3	2	498	50	0	500	500	0	0	0	0	
1.8896011730e+02	314	3	44	3	0	500	50	0	500	500	0	0	0	0	
1.8941710605e+02	319	0	44	3	0	500	50	0	500	500	0	0	0	0	
1.8999581360e+02	319	2	44	3	3	497	50	0	500	500	0	0	0	0	
1.9048092580e+02	319	2	44	3	1	499	50	0	500	500	0	0	0	0	
1.9097922435e+02	320	6	45	2	1	499	50	0	500	500	0	0	0	0	
1.9148805381e+02	322	7	45	2	7	493	50	0	500	500	0	0	0	0	
1.9198277209e+02	323	7	44	3	6	494	50	0	500	500	0	0	0	0	
1.9249553733e+02	325	5	40	7	4	496	50	0	500	500	0	0	0	0	
1.9299087412e+02	323	7	42	5	3	497	50	0	500	500	0	0	0	0	
1.9348861128e+02	321	10	40	7	3	497	50	0	500	500	0	0	0	0	
1.9399677835e+02	323	10	38	9	3	497	50	0	500	500	0	0	0	0	
1.9448583257e+02	324	9	42	5	7	493	50	0	500	500	0	0	0	0	
1.9499234732e+02	323	13	42	5	6	494	50	0	500	500	0	0	0	0	
1.9549095782e+02	323	13	41	6	11	489	50	0	500	500	0	0	0	0	
1.9599630732e+02	327	11	36	11	10	490	50	0	500	500	0	0	0	0	
1.9648759658e+02	329	10	38	9	4	496	50	0	500	500	0	0	0	0	
1.9698423277e+02	329	9	41	6	7	493	50	0	500	500	0	0	0	0	
1.9748763748e+02	330	8	40	7	3	497	50	0	500	500	0	0	0	0	
1.9799861548e+02	333	7	39	8	3	497	50	0	500	500	0	0	0	0	
1.9849089393e+02	334	5	42	6	4	496	50	0	500	500	0	0	0	0	
1.9898758690e+02	334	6	42	6	5	495	50	0	500	500	0	0	0	0	
1.9949595087e+02	336	4	43	5	5	495	50	0	500	500	0	0	0	0	
1.9998669460e+02	337	3	44	5	6	494	50	0	500	500	0	0	0	0	
2.0048651458e+02	336	5	45	4	5	495	50	0	500	500	0	0	0	0	
2.0099559613e+02	334	9	47	3	4	496	50	0	500	500	0	0	0	0	
2.0148338420e+02	333	11	45	6	4	496	50	0	500	500	0	0	0	0	
2.0199326501e+02	333	12	42	9	5	495	50	0	500	500	0	0	0	0	
2.0249556045e+02	332	15	40	11	6	494	50	0	500	500	0	0	0	0	
2.0298543053e+02	333	15	45	6	5	495	50	0	500	500	0	0	0	0	
2.0349013761e+02	337	13	43	8	11	489	50	0	500	500	0	0	0	0	
2.0399489455e+02	340	11	44	7	6	494	50	0	500	500	0	0	0	0	
2.0449474812e+02	342	10	45	7	11	489	50	0	500	500	0	0	0	0	
2.0499563855e+02	343	10	48	4	6	494	50	0	500	500	0	0	0	0	
2.0548561317e+02	343	10	48	4	2	498	50	0	500	500	0	0	0	0	
2.0599955144e+02	343	11	48	3	6	494	50	0	500	500	0	0	0	0	
2.0648571803e+02	346	9	47	4	6	494	50	0	500	500	0	0	0	0	
2.0699746688e+02	344	12	45	8	6	494	50	0	500	500	0	0	0	0	
2.0748537064e+02	345	10	45	8	5	495	50	0	500	500	0	0	0	0	
2.0799925577e+02	346	10	50	3	5	495	50	0	500	500	0	0	0	0	
2.0847874575e+02	348	8	48	5	6	494	50	0	500	500	0	0	0	0	
2.0899825494e+02	349	7	44	9	8	492	50	0	500	500	0	0	0	0	
2.0946193875e+02	353	5	46	7	2	498	50	0	500	500	0	0	0	0	
2.0998533541e+02	352	6	45	8	7	493	50	0	500	500	0	0	0	0	
2.1049658598e+02	354	6	44	7	5	495	50	0	500	500	0	0	0	0	
2.1098696476e+02	354	6	46	5	6	494	50	0	500	500	0	0	0	0	
2.1148720439e+02	355	6	47	3	1	499	50	0	500	500	0	0	0	0	
2.1199528483e+02	357	4	46	4	12	488	50	0	500	500	0	0	0	0	
2.1243036343e+02	358	4	47	3	7	493	50	0	500	500	0	0	0	0	
2.1297302260e+02	359	3	48	2	5	495	50	0	500	500	0	0	0	0	
2.1346318686e+02	359	3	47	2	3	497	50	0	500	500	0	0	0	0	
2.1399270507e+02	360	2	44	4	3	497	50	0	500	500	0	0	0	0	
2.1448668640e+02	361	1	46	2	2	498	50	0	500	500	0	0	0	0	
2.1499307753e+02	359	5	44	4	0	500	50	0	500	500	0	0	0	0	
2.1549512143e+02	360	4	45	3	1	499	50	0	500	500	0	0	0	0	
2.1595574993e+02	359	4	43	6	1	499	50	0	500	500	0	0	0	0	
2.1649268274e+02	360	5	44	5	4	496	50	0	500	500	0	0	0	0	
2.1699836192e+02	361	6	49	0	3	497	50	0	500	500	0	0	0	0	
2.1749901813e+02	361	6	50	0	9	491	50	0	500	500	0	0	0	0	
2.1799667337e+02	362	6	46	5	7	493	50	0	500	500	0	0	0	0	
2.1849241784e+02	359	7	43	8	2	498	50	0	500	500	0	0	0	0	
2.1897990676e+02	362	5	45	5	4	496	50	0	500	500	0	0	0	0	
2.1949927625e+02	363	5	47	3	6	494	50	0	500	500	0	0	0	0	
2.1998851974e+02	364	5	42	8	4	496	50	0	500	500	0	0	0	0	
2.2049757879e+02	365	5	45	5	7	493	50	0	500	500	0	0	0	0	
2.2097695232e+02	367	3	45	4	3	497	50	0	500	500	0	0	0	0	
2.2147629837e+02	367	3	47	2	0	500	50	0	500	500	0	0	0	0	
2.2196770170e+02	365	3	46	2	3	497	50	0	500	500	0	0	0	0	
2.2249822517e+02	365	3	47	1	2	498	50	0	500	500	0	0	0	0	
2.2296880330e+02	366	3	45	1	2	498	50	0	500	500	0	0	0	0	
2.2346018643e+02	365	4	41	5	9	491	50	0	500	500	0	0	0	0	
2.2393833838e+02	365	5	42	4	6	494	50	0	500	500	0	0	0	0	
2.2448255945e+02	366	7	40	6	2	498	50	0	500	500	0	0	0	0	
2.2498620477e+02	369	7	42	4	6	494	50	0	500	500	0	0	0	0	
2.2546274350e+02	369	7	42	4	3	497	50	0	500	500	0	0	0	0	
2.2596409306e+02	369	7	43	2	4	496	50	0	500	500	0	0	0	0	
2.2649001096e+02	369	7	41	4	4	496	50	0	500	500	0	0	0	0	
2.2695605452e+02	372	4	41	4	5	495	50	0	500	500	0	0	0	0	
2.2749292591e+02	374	3	38	7	1	499	50	0	500	500	0	0	0	0	
2.2797182976e+02	371	4	39	6	3	497	50	0	500	500	0	0	0	0	
2.2847617930e+02	371	5	40	5	5	495	50	0	500	500	0	0	0	0	
2.2899945409e+02	370	6	41	4	3	497	50	0	500	500	0	0	0	0	
2.2949589662e+02	374	2	39	5	4	496	50	0	500	500	0	0	0	0	
2.2999901174e+02	372	6	40	4	4	496	50	0	500	500	0	0	0	0	
2.3047651203e+02	370	6	41	3	4	496	50	0	500	500	0	0	0	0	
2.3097220508e+02	372	5	40	4	4	496	50	0	500	500	0	0	0	0	
2.3149403802e+02	372	5	40	5	6	494	50	0	500	500	0	0	0	0	
2.3194367291e+02	373	4	42	4	2	498	50	0	500	500	0	0	0	0	
2.3247882821e+02	371	4	42	4	3	497	50	0	500	500	0	0	0	0	
2.3293788421e+02	371	6	47	1	2	498	50	0	500	500	0	0	0	0	
2.3349822531e+02	373	4	46	3	4	496	50	0	500	500	0	0	0	0	
2.3398626518e+02	373	4	45	4	6	494	50	0	500	500	0	0	0	0	
2.3447397166e+02	372	6	47	2	5	495	50	0	500	500	0	0	0	0	
2.3497227060e+02	372	7	43	7	10	490	50	0	500	500	0	0	0	0	
2.3549556631e+02	373	6	45	5	4	496	50	0	500	500	0	0	0	0	
2.3599009703e+02	374	6	46	3	4	496	50	0	500	500	0	0	0	0	
2.3647819949e+02	376	6	43	6	8	492	50	0	500	500	0	0	0	0	
2.3698263205e+02	375	8	46	3	3	497	50	0	500	500	0	0	0	0	
2.3749894778e+02	375	10	44	5	5	495	50	0	500	500	0	0	0	0	
2.3799036406e+02	376	10	49	0	8	492	50	0	500	500	0	0	0	0	
2.3848555764e+02	376	10	45	4	1	499	50	0	500	500	0	0	0	0	
2.3898823980e+02	379	8	42	7	3	497	50	0	500	500	0	0	0	0	
2.3946112001e+02	380	7	45	6	2	498	50	0	500	500	0	0	0	0	
2.3999665173e+02	380	8	43	8	5	495	50	0	500	500	0	0	0	0	
2.4049437164e+02	381	7	44	7	6	494	50	0	500	500	0	0	0	0	
2.4099902749e+02	380	9	44	6	5	495	50	0	500	500	0	0	0	0	
2.4148568168e+02	382	6	45	4	3	497	50	0	500	500	0	0	0	0	
2.4199970165e+02	382	6	44	5	3	497	50	0	500	500	0	0	0	0	
2.4247126226e+02	384	5	44	5	5	495	50	0	500	500	0	0	0	0	
2.4290278343e+02	384	5	47	2	2	498	50	0	500	500	0	0	0	0	
2.4349628550e+02	384	5	45	4	5	495	50	0	500	500	0	0	0	0	
2.4399252482e+02	384	5	45	5	5	495	50	0	500	500	0	0	0	0	
2.4448106980e+02	386	6	43	7	1	499	50	0	500	500	0	0	0	0	
2.4498931791e+02	388	6	43	7	4	496	50	0	500	500	0	0	0	0	
2.4548369914e+02	388	8	44	5	3	497	50	0	500	500	0	0	0	0	
2.4599419622e+02	389	7	44	5	10	490	50	0	500	500	0	0	0	0	
2.4648445241e+02	391	6	41	8	1	499	50	0	500	500	0	0	0	0	
2.4694861840e+02	392	5	45	4	2	498	50	0	500	500	0	0	0	0	
2.4748471586e+02	392	5	38	10	1	499	50	0	500	500	0	0	0	0	
2.4799517945e+02	395	2	39	9	2	498	50	0	500	500	0	0	0	0	
2.4848272087e+02	395	3	44	4	3	497	50	0	500	500	0	0	0	0	
2.4898194653e+02	394	6	44	5	1	499	50	0	500	500	0	0	0	0	
2.4949033031e+02	393	7	43	6	7	493	50	0	500	500	0	0	0	0	
2.4999754211e+02	395	4	41	8	4	496	50	0	500	500	0	0	0	0	
2.5049501790e+02	396	3	46	3	6	494	50	0	500	500	0	0	0	0	
2.5091605422e+02	393	5	47	2	2	498	50	0	500	500	0	0	0	0	
2.5149980976e+02	393	5	45	4	1	499	50	0	500	500	0	0	0	0	
2.5196166107e+02	393	7	44	5	1	499	50	0	500	500	0	0	0	0	
2.5248621509e+02	394	6	44	5	7	493	50	0	500	500	0	0	0	0	
2.5299723627e+02	394	8	46	3	4	496	50	0	500	500	0	0	0	0	
2.5349677475e+02	396	7	48	2	5	495	50	0	500	500	0	0	0	0	
2.5394646744e+02	400	3	47	3	3	497	50	0	500	500	0	0	0	0	
2.5449231810e+02	399	3	45	4	1	499	50	0	500	500	0	0	0	0	
2.5492698941e+02	400	2	47	2	4	496	50	0	500	500	0	0	0	0	
2.5549888283e+02	401	2	49	0	2	498	50	0	500	500	0	0	0	0	
2.5599120196e+02	402	2	49	1	4	496	50	0	500	500	0	0	0	0	
2.5649597346e+02	402	3	46	5	4	496	50	0	500	500	0	0	0	0	
2.5699023168e+02	402	4	46	5	2	498	50	0	500	500	0	0	0	0	
2.5741406177e+02	399	5	47	3	2	498	50	0	500	500	0	0	0	0	
2.5799728017e+02	402	3	48	2	2	498	50	0	500	500	0	0	0	0	
2.5848850814e+02	402	4	48	2	1	499	50	0	500	500	0	0	0	0	
2.5895969083e+02	402	4	44	6	3	497	50	0	500	500	0	0	0	0	
2.5949181277e+02	401	5	45	5	10	490	50	0	500	500	0	0	0	0	
2.5999664534e+02	401	6	40	10	6	494	50	0	500	500	0	0	0	0	
2.6047016824e+02	401	6	41	9	6	494	50	0	500	500	0	0	0	0	
2.6099571771e+02	402	6	43	6	7	493	50	0	500	500	0	0	0	0	
2.6149506025e+02	404	6	47	2	4	496	50	0	500	500	0	0	0	0	
2.6197299964e+02	403	8	47	2	2	498	50	0	500	500	0	0	0	0	
2.6246723993e+02	404	7	44	6	3	497	50	0	500	500	0	0	0	0	
2.6297403755e+02	407	6	45	5	6	494	50	0	500	500	0	0	0	0	
2.6343510510e+02	407	5	46	4	5	495	50	0	500	500	0	0	0	0	
2.6398700377e+02	411	3	44	6	3	497	50	0	500	500	0	0	0	0	
2.6446375847e+02	412	3	46	4	3	497	50	0	500	500	0	0	0	0	
2.6499801545e+02	413	3	45	6	3	497	50	0	500	500	0	0	0	0	
2.6549897167e+02	413	2	48	3	3	497	50	0	500	500	0	0	0	0	
2.6595861563e+02	412	2	46	5	2	498	50	0	500	500	0	0	0	0	
2.6649744306e+02	412	2	51	1	1	499	50	0	500	500	0	0	0	0	
2.6697383096e+02	412	2	48	4	1	499	50	0	500	500	0	0	0	0	
2.6749482624e+02	412	4	47	5	5	495	50	0	500	500	0	0	0	0	
2.6798567527e+02	411	4	51	1	5	495	50	0	500	500	0	0	0	0	
2.6849243512e+02	412	4	45	7	1	499	50	0	500	500	0	0	0	0	
2.6895998273e+02	415	3	47	5	2	498	50	0	500	500	0	0	0	0	
2.6948249168e+02	413	5	44	7	4	496	50	0	500	500	0	0	0	0	
2.6995678682e+02	414	4	47	5	2	498	50	0	500	500	0	0	0	0	
2.7049284947e+02	414	3	49	3	5	495	50	0	500	500	0	0	0	0	
2.7099782945e+02	415	4	52	1	3	497	50	0	500	500	0	0	0	0	
2.7145208937e+02	415	3	50	3	1	499	50	0	500	500	0	0	0	0	
2.7197662935e+02	411	4	50	3	2	498	50	0	500	500	0	0	0	0	
2.7248386890e+02	412	3	50	3	4	496	50	0	500	500	0	0	0	0	
2.7298883972e+02	414	2	51	2	2	498	50	0	500	500	0	0	0	0	
2.7348720147e+02	414	4	49	4	1	499	50	0	500	500	0	0	0	0	
2.7398019510e+02	415	7	49	4	2	498	50	0	500	500	0	0	0	0	
2.7449208141e+02	413	10	48	5	6	494	50	0	500	500	0	0	0	0	
2.7499542473e+02	416	9	50	3	4	496	50	0	500	500	0	0	0	0	
2.7548518241e+02	417	8	46	7	7	493	50	0	500	500	0	0	0	0	
2.7599537164e+02	421	5	51	2	3	497	50	0	500	500	0	0	0	0	
2.7649253231e+02	420	7	50	3	4	496	50	0	500	500	0	0	0	0	
2.7698861453e+02	419	9	46	7	4	496	50	0	500	500	0	0	0	0	
2.7748063473e+02	419	10	47	6	4	496	50	0	500	500	0	0	0	0	
2.7799607228e+02	419	9	48	5	3	497	50	0	500	500	0	0	0	0	
2.7849640819e+02	422	6	48	5	0	500	50	0	500	500	0	0	0	0	
2.7899379150e+02	421	8	45	8	4	496	50	0	500	500	0	0	0	0	
2.7948867078e+02	421	8	47	7	9	491	50	0	500	500	0	0	0	0	
2.7999353073e+02	423	7	52	2	3	497	50	0	500	500	0	0	0	0	
2.8047887886e+02	424	7	48	5	5	495	50	0	500	500	0	0	0	0	
2.8098508621e+02	422	6	46	7	2	498	50	0	500	500	0	0	0	0	
2.8149907464e+02	424	5	48	4	2	498	50	0	500	500	0	0	0	0	
2.8196793606e+02	425	5	48	4	2	498	50	0	500	500	0	0	0	0	
2.8247101423e+02	424	5	45	7	4	496	50	0	500	500	0	0	0	0	
2.8297104589e+02	423	6	44	8	3	497	50	0	500	500	0	0	0	0	
2.8348507762e+02	420	8	46	6	5	495	50	0	500	500	0	0	0	0	
2.8397407153e+02	420	9	47	5	4	496	50	0	500	500	0	0	0	0	
2.8449411473e+02	420	9	43	9	3	497	50	0	500	500	0	0	0	0	
2.8498432645e+02	423	7	47	5	6	494	50	0	500	500	0	0	0	0	
2.8546848305e+02	425	5	48	4	4	496	50	0	500	500	0	0	0	0	
2.8598181045e+02	426	4	49	4	3	497	50	0	500	500	0	0	0	0	
2.8648925911e+02	427	3	44	9	1	499	50	0	500	500	0	0	0	0	
2.8697702888e+02	427	6	41	12	5	495	50	0	500	500	0	0	0	0	
2.8749063843e+02	427	10	45	8	7	493	50	0	500	500	0	0	0	0	
2.8798300012e+02	429	9	48	5	3	497	50	0	500	500	0	0	0	0	
2.8848978432e+02	431	7	47	6	9	491	50	0	500	500	0	0	0	0	
2.8895580818e+02	433	5	48	5	4	496	50	0	500	500	0	0	0	0	
2.8948053228e+02	434	5	50	3	5	495	50	0	500	500	0	0	0	0	
2.8999002807e+02	435	4	48	5	1	499	50	0	500	500	0	0	0	0	
2.9049292127e+02	436	4	46	6	3	497	50	0	500	500	0	0	0	0	
2.9099721403e+02	437	4	49	3	2	498	50	0	500	500	0	0	0	0	
2.9147376454e+02	437	3	51	2	7	493	50	0	500	500	0	0	0	0	
2.9195777298e+02	436	4	48	5	8	492	50	0	500	500	0	0	0	0	
2.9249789238e+02	434	6	47	6	5	495	50	0	500	500	0	0	0	0	
2.9298212985e+02	436	6	48	5	1	499	50	0	500	500	0	0	0	0	
2.9349260706e+02	435	7	49	4	6	494	50	0	500	500	0	0	0	0	
2.9398585346e+02	438	4	49	4	5	495	50	0	500	500	0	0	0	0	
2.9448471447e+02	439	3	47	6	2	498	50	0	500	500	0	0	0	0	
2.9498442493e+02	437	6	51	2	4	496	50	0	500	500	0	0	0	0	
2.9549632554e+02	438	6	47	7	2	498	50	0	500	500	0	0	0	0	
2.9598859191e+02	436	10	45	11	5	495	50	0	500	500	0	0	0	0	
2.9649550551e+02	437	9	53	3	8	492	50	0	500	500	0	0	0	0	
2.9699663301e+02	438	8	53	4	5	495	50	0	500	500	0	0	0	0	
2.9749095358e+02	442	6	51	6	3	497	50	0	500	500	0	0	0	0	
2.9798989930e+02	442	7	55	4	4	496	50	0	500	500	0	0	0	0	
2.9849488368e+02	442	6	54	6	5	495	50	0	500	500	0	0	0	0	
2.9896302187e+02	443	5	49	11	2	498	50	0	500	500	0	0	0	0	
2.9949451575e+02	444	6	50	10	7	493	50	0	500	500	0	0	0	0	
2.9999985189e+02	443	8	49	12	5	495	50	0	500	500	0	0	0	0	
3.0047590909e+02	444	8	55	7	3	497	50	0	500	500	0	0	0	0	
3.0099553144e+02	444	8	56	6	7	493	50	0	500	500	0	0	0	0	
3.0149999397e+02	444	8	55	7	4	496	50	0	500	500	0	0	0	0	
3.0199659868e+02	445	5	54	7	5	495	50	0	500	500	0	0	0	0	
3.0249524056e+02	442	7	56	5	6	494	50	0	500	500	0	0	0	0	
3.0293861307e+02	444	5	60	1	2	498	50	0	500	500	0	0	0	0	
3.0347887394e+02	446	4	58	3	2	498	50	0	500	500	0	0	0	0	
3.0398018741e+02	445	4	57	4	4	496	50	0	500	500	0	0	0	0	
3.0448225494e+02	446	4	55	6	3	497	50	0	500	500	0	0	0	0	
3.0498489697e+02	448	4	53	8	2	498	50	0	500	500	0	0	0	0	
3.0548496291e+02	446	8	57	4	1	499	50	0	500	500	0	0	0	0	
3.0599136506e+02	449	7	58	4	1	499	50	0	500	500	0	0	0	0	
3.0647500704e+02	448	6	57	5	2	498	50	0	500	500	0	0	0	0	
3.0695900378e+02	449	6	59	3	0	500	50	0	500	500	0	0	0	0	
3.0748695038e+02	450	6	61	1	5	495	50	0	500	500	0	0	0	0	
3.0799539083e+02	452	5	59	2	6	494	50	0	500	500	0	0	0	0	
3.0849733019e+02	452	7	53	8	2	498	50	0	500	500	0	0	0	0	
3.0898749310e+02	453	6	55	6	4	496	50	0	500	500	0	0	0	0	
3.0949632499e+02	454	5	55	7	2	498	50	0	500	500	0	0	0	0	
3.0998026519e+02	455	5	55	7	2	498	50	0	500	500	0	0	0	0	
3.1049986425e+02	456	3	56	6	1	499	50	0	500	500	0	0	0	0	
3.1097436526e+02	456	4	53	9	1	499	50	0	500	500	0	0	0	0	
3.1149921417e+02	457	6	55	7	3	497	50	0	500	500	0	0	0	0	
3.1197440568e+02	458	6	54	8	0	500	50	0	500	500	0	0	0	0	
3.1248602241e+02	458	5	59	4	2	498	50	0	500	500	0	0	0	0	
3.1298134211e+02	456	9	56	6	6	494	50	0	500	500	0	0	0	0	
3.1349328987e+02	458	7	57	6	4	496	50	0	500	500	0	0	0	0	
3.1399411864e+02	458	7	61	4	6	494	50	0	500	500	0	0	0	0	
3.1449459486e+02	463	2	57	6	4	496	50	0	500	500	0	0	0	0	
3.1497930833e+02	464	1	60	2	2	498	50	0	500	500	0	0	0	0	
3.1547638401e+02	463	1	60	2	3	497	50	0	500	500	0	0	0	0	
3.1599519930e+02	462	1	62	0	2	498	50	0	500	500	0	0	0	0	
3.1647984684e+02	461	2	60	2	1	499	50	0	500	500	0	0	0	0	
3.1699415802e+02	462	2	58	4	3	497	50	0	500	500	0	0	0	0	
3.1749017135e+02	462	4	53	8	1	499	50	0	500	500	0	0	0	0	
3.1799996734e+02	463	4	55	6	4	496	50	0	500	500	0	0	0	0	
3.1848486679e+02	463	5	57	4	3	497	50	0	500	500	0	0	0	0	
3.1899896835e+02	464	4	55	5	6	494	50	0	500	500	0	0	0	0	
3.1945662067e+02	464	4	53	7	4	496	50	0	500	500	0	0	0	0	
3.1999033648e+02	464	3	54	5	3	497	50	0	500	500	0	0	0	0	
3.2043993273e+02	465	4	56	3	4	496	50	0	500	500	0	0	0	0	
3.2099107750e+02	465	3	54	5	5	495	50	0	500	500	0	0	0	0	
3.2149484529e+02	465	3	58	0	1	499	50	0	500	500	0	0	0	0	
3.2198834652e+02	465	4	55	3	0	500	50	0	500	500	0	0	0	0	
3.2249716788e+02	465	4	51	7	4	496	50	0	500	500	0	0	0	0	
3.2297930846e+02	464	7	50	9	4	496	50	0	500	500	0	0	0	0	
3.2349048771e+02	465	8	53	6	5	495	50	0	500	500	0	0	0	0	
3.2399024567e+02	465	9	54	5	8	492	50	0	500	500	0	0	0	0	
3.2446644029e+02	466	7	53	6	3	497	50	0	500	500	0	0	0	0	
3.2498379654e+02	467	6	51	7	7	493	50	0	500	500	0	0	0	0	
3.2546839127e+02	470	4	54	3	7	493	50	0	500	500	0	0	0	0	
3.2599584180e+02	470	6	55	2	3	497	50	0	500	500	0	0	0	0	
3.2649823090e+02	469	6	54	4	3	497	50	0	500	500	0	0	0	0	
3.2699873011e+02	469	7	53	5	8	492	50	0	500	500	0	0	0	0	
3.2748293529e+02	469	7	51	7	3	497	50	0	500	500	0	0	0	0	
3.2796115447e+02	468	9	49	9	2	498	50	0	500	500	0	0	0	0	
3.2848892868e+02	473	6	53	5	2	498	50	0	500	500	0	0	0	0	
3.2898611326e+02	475	5	55	3	2	498	50	0	500	500	0	0	0	0	
3.2949531849e+02	476	6	52	7	6	494	50	0	500	500	0	0	0	0	
3.2999663982e+02	475	7	53	7	1	499	50	0	500	500	0	0	0	0	
3.3049674877e+02	477	6	52	7	11	489	50	0	500	500	0	0	0	0	
3.3099748248e+02	474	8	52	6	4	496	50	0	500	500	0	0	0	0	
3.3148924091e+02	473	12	45	13	8	492	50	0	500	500	0	0	0	0	
3.3199823064e+02	475	9	47	12	3	497	50	0	500	500	0	0	0	0	
3.3249503562e+02	475	9	49	12	4	496	50	0	500	500	0	0	0	0	
3.3299908305e+02	476	8	54	7	5	495	50	0	500	500	0	0	0	0	
3.3349474178e+02	479	6	52	9	3	497	50	0	500	500	0	0	0	0	
3.3399373623e+02	478	9	46	14	6	494	50	0	500	500	0	0	0	0	
3.3446662199e+02	480	7	44	16	4	496	50	0	500	500	0	0	0	0	
3.3498313446e+02	476	10	47	13	4	496	50	0	500	500	0	0	0	0	
3.3548279015e+02	481	8	50	10	8	492	50	0	500	500	0	0	0	0	
3.3597752488e+02	480	7	51	9	2	498	50	0	500	500	0	0	0	0	
3.3649724941e+02	480	7	56	5	6	494	50	0	500	500	0	0	0	0	
3.3699284565e+02	479	9	54	9	0	500	50	0	500	500	0	0	0	0	
3.3749532815e+02	482	9	55	8	7	493	50	0	500	500	0	0	0	0	
3.3799853570e+02	483	8	52	12	4	496	50	0	500	500	0	0	0	0	
3.3849151108e+02	483	8	60	4	5	495	50	0	500	500	0	0	0	0	
3.3897696238e+02	484	7	60	4	8	492	50	0	500	500	0	0	0	0	
3.3943809314e+02	484	6	58	6	3	497	50	0	500	500	0	0	0	0	
3.3999753434e+02	484	6	56	8	6	494	50	0	500	500	0	0	0	0	
3.4048420941e+02	484	7	58	6	7	493	50	0	500	500	0	0	0	0	
3.4099831261e+02	484	7	58	7	1	499	50	0	500	500	0	0	0	0	
3.4149324063e+02	483	6	63	3	2	498	50	0	500	500	0	0	0	0	
3.4199553581e+02	484	5	59	6	4	496	50	0	500	500	0	0	0	0	
3.4247945628e+02	485	7	62	3	4	496	50	0	500	500	0	0	0	0	
3.4298189159e+02	485	7	58	7	4	496	50	0	500	500	0	0	0	0	
3.4348982730e+02	486	6	54	10	4	496	50	0	500	500	0	0	0	0	
3.4399928718e+02	486	7	56	8	3	497	50	0	500	500	0	0	0	0	
3.4449995033e+02	487	8	52	12	4	496	50	0	500	500	0	0	0	0	
3.4499774961e+02	489	7	55	9	8	492	50	0	500	500	0	0	0	0	
3.4546960154e+02	487	10	55	9	5	495	50	0	500	500	0	0	0	0	
3.4597771303e+02	488	9	53	11	7	493	50	0	500	500	0	0	0	0	
3.4649615063e+02	490	9	55	10	4	496	50	0	500	500	0	0	0	0	
3.4699280607e+02	492	7	53	12	6	494	50	0	500	500	0	0	0	0	
3.4748126443e+02	488	11	53	11	7	493	50	0	500	500	0	0	0	0	
3.4797511576e+02	490	9	54	12	5	495	50	0	500	500	0	0	0	0	
3.4849433579e+02	489	11	57	9	5	495	50	0	500	500	0	0	0	0	
3.4899024199e+02	495	5	60	6	3	497	50	0	500	500	0	0	0	0	
3.4947649286e+02	494	6	61	4	3	497	50	0	500	500	0	0	0	0	
3.4998950870e+02	496	5	60	5	4	496	50	0	500	500	0	0	0	0	
3.5049315072e+02	496	6	60	6	3	497	50	0	500	500	0	0	0	0	
3.5098481761e+02	496	6	60	6	6	494	50	0	500	500	0	0	0	0	
3.5147143505e+02	496	6	58	8	3	497	50	0	500	500	0	0	0	0	
3.5196739457e+02	496	8	58	9	5	495	50	0	500	500	0	0	0	0	
3.5249703506e+02	497	7	60	8	8	492	50	0	500	500	0	0	0	0	
3.5299669418e+02	494	13	55	12	15	485	50	0	500	500	0	0	0	0	
3.5349875364e+02	494	13	55	12	17	483	50	0	500	500	0	0	0	0	
3.5397946144e+02	497	12	58	9	13	487	50	0	500	500	0	0	0	0	
3.5448271338e+02	500	11	61	6	7	493	50	0	500	500	0	0	0	0	
3.5499995588e+02	500	12	54	13	9	491	50	0	500	500	0	0	0	0	
3.5549463628e+02	501	12	46	21	10	490	50	0	500	500	0	0	0	0	
3.5598373224e+02	504	10	54	13	12	488	50	0	500	500	0	0	0	0	
3.5649021194e+02	506	8	53	14	8	492	50	0	500	500	0	0	0	0	
3.5699759642e+02	506	9	61	7	7	493	50	0	500	500	0	0	0	0	
3.5746900617e+02	507	8	63	5	3	497	50	0	500	500	0	0	0	0	
3.5799607693e+02	505	11	58	8	3	497	50	0	500	500	0	0	0	0	
3.5849444357e+02	504	11	59	7	4	496	50	0	500	500	0	0	0	0	
3.5898927345e+02	504	11	61	5	2	498	50	0	500	500	0	0	0	0	
3.5949252390e+02	508	8	64	2	5	495	50	0	500	500	0	0	0	0	
3.5998871000e+02	510	6	65	2	8	492	50	0	500	500	0	0	0	0	
3.6049436350e+02	512	4	63	4	4	496	50	0	500	500	0	0	0	0	
3.6099171766e+02	511	8	60	7	6	494	50	0	500	500	0	0	0	0	
3.6149758254e+02	511	8	59	8	6	494	50	0	500	500	0	0	0	0	
3.6197863707e+02	514	5	64	3	2	498	50	0	500	500	0	0	0	0	
3.6249898659e+02	515	4	65	2	2	498	50	0	500	500	0	0	0	0	
3.6298728787e+02	513	4	62	5	3	497	50	0	500	500	0	0	0	0	
3.6349526876e+02	514	3	63	2	3	497	50	0	500	500	0	0	0	0	
3.6396118102e+02	513	3	57	8	1	499	50	0	500	500	0	0	0	0	
3.6447671718e+02	512	2	52	13	4	496	50	0	500	500	0	0	0	0	
3.6499612865e+02	512	2	53	13	3	497	50	0	500	500	0	0	0	0	
3.6548804262e+02	511	3	60	7	1	499	50	0	500	500	0	0	0	0	
3.6598520023e+02	508	5	63	4	3	497	50	0	500	500	0	0	0	0	
3.6646881435e+02	508	4	63	4	7	493	50	0	500	500	0	0	0	0	
3.6698819839e+02	508	4	62	5	4	496	50	0	500	500	0	0	0	0	
3.6746234304e+02	508	4	62	3	1	499	50	0	500	500	0	0	0	0	
3.6791781539e+02	509	3	63	2	1	499	50	0	500	500	0	0	0	0	
3.6849108639e+02	508	3	61	3	4	496	50	0	500	500	0	0	0	0	
3.6897070001e+02	507	4	59	3	2	498	50	0	500	500	0	0	0	0	
3.6949460418e+02	507	5	56	4	5	495	50	0	500	500	0	0	0	0	
3.6999986261e+02	506	6	51	9	14	486	50	0	500	500	0	0	0	0	
3.7049946257e+02	507	6	49	10	6	494	50	0	500	500	0	0	0	0	
3.7099295375e+02	505	7	48	11	4	496	50	0	500	500	0	0	0	0	
3.7148990213e+02	502	9	49	11	6	494	50	0	500	500	0	0	0	0	
3.7197926603e+02	504	8	56	5	8	492	50	0	500	500	0	0	0	0	
3.7249481601e+02	506	9	53	8	2	498	50	0	500	500	0	0	0	0	
3.7299500253e+02	506	8	54	7	6	494	50	0	500	500	0	0	0	0	
3.7345862820e+02	506	7	53	7	3	497	50	0	500	500	0	0	0	0	
3.7398409780e+02	505	7	53	7	2	498	50	0	500	500	0	0	0	0	
3.7449314277e+02	506	7	55	5	3	497	50	0	500	500	0	0	0	0	
3.7497365679e+02	510	3	54	5	3	497	50	0	500	500	0	0	0	0	
3.7549168544e+02	509	4	55	4	6	494	50	0	500	500	0	0	0	0	
3.7596366461e+02	512	2	54	5	1	499	50	0	500	500	0	0	0	0	
3.7649883312e+02	511	2	49	11	1	499	50	0	500	500	0	0	0	0	
3.7699329622e+02	512	1	53	7	3	497	50	0	500	500	0	0	0	0	
3.7749218429e+02	513	1	51	8	3	497	50	0	500	500	0	0	0	0	
3.7798813433e+02	514	2	55	3	3	497	50	0	500	500	0	0	0	0	
3.7848959308e+02	516	2	55	4	3	497	50	0	500	500	0	0	0	0	
3.7892124342e+02	516	2	55	3	0	500	50	0	500	500	0	0	0	0	
3.7949586736e+02	516	2	55	2	1	499	50	0	500	500	0	0	0	0	
3.7996639620e+02	517	4	49	7	1	499	50	0	500	500	0	0	0	0	
3.8049476277e+02	516	5	49	6	8	492	50	0	500	500	0	0	0	0	
3.8099679163e+02	515	6	48	7	6	494	50	0	500	500	0	0	0	0	
3.8149911903e+02	514	8	49	5	9	491	50	0	500	500	0	0	0	0	
3.8196106880e+02	514	8	51	3	3	497	50	0	500	500	0	0	0	0	
3.8247647696e+02	514	8	47	8	5	495	50	0	500	500	0	0	0	0	
3.8299656413e+02	515	6	48	7	2	498	50	0	500	500	0	0	0	0	
3.8349872498e+02	515	7	47	7	5	495	50	0	500	500	0	0	0	0	
3.8399264288e+02	519	4	40	12	2	498	50	0	500	500	0	0	0	0	
3.8448715912e+02	518	7	42	10	9	491	50	0	500	500	0	0	0	0	
3.8495751141e+02	517	8	42	10	5	495	50	0	500	500	0	0	0	0	
3.8548506544e+02	519	8	43	8	5	495	50	0	500	500	0	0	0	0	
3.8599851431e+02	519	9	48	5	2	498	50	0	500	500	0	0	0	0	
3.8649526336e+02	522	8	43	10	9	491	50	0	500	500	0	0	0	0	
3.8699914726e+02	525	6	48	5	6	494	50	0	500	500	0	0	0	0	
3.8749171869e+02	526	5	48	5	4	496	50	0	500	500	0	0	0	0	
3.8798328574e+02	526	7	47	6	1	499	50	0	500	500	0	0	0	0	
3.8848640445e+02	527	8	47	5	4	496	50	0	500	500	0	0	0	0	
3.8899821984e+02	529	6	47	6	3	497	50	0	500	500	0	0	0	0	
3.8948872308e+02	530	5	46	7	6	494	50	0	500	500	0	0	0	0	
3.8998651291e+02	531	6	46	7	3	497	50	0	500	500	0	0	0	0	
3.9043171914e+02	533	4	44	9	5	495	50	0	500	500	0	0	0	0	
3.9098844301e+02	533	4	46	6	1	499	50	0	500	500	0	0	0	0	
3.9149852323e+02	531	5	50	2	1	499	50	0	500	500	0	0	0	0	
3.9199923427e+02	529	7	47	3	3	497	50	0	500	500	0	0	0	0	
3.9248628218e+02	529	10	37	13	6	494	50	0	500	500	0	0	0	0	
3.9298393472e+02	529	9	40	10	4	496	50	0	500	500	0	0	0	0	
3.9349560913e+02	529	9	43	7	1	499	50	0	500	500	0	0	0	0	
3.9398204711e+02	532	6	42	7	4	496	50	0	500	500	0	0	0	0	
3.9449984503e+02	531	7	42	7	5	495	50	0	500	500	0	0	0	0	
3.9499504147e+02	533	5	42	7	3	497	50	0	500	500	0	0	0	0	
3.9549029936e+02	532	5	47	4	3	497	50	0	500	500	0	0	0	0	
3.9599191117e+02	532	6	47	5	4	496	50	0	500	500	0	0	0	0	
3.9649879220e+02	536	3	48	4	1	499	50	0	500	500	0	0	0	0	
3.9699914582e+02	536	4	46	7	6	494	50	0	500	500	0	0	0	0	
3.9748854365e+02	533	6	47	6	10	490	50	0	500	500	0	0	0	0	
3.9799849382e+02	532	7	42	11	1	499	50	0	500	500	0	0	0	0	
3.9849659531e+02	530	8	41	12	3	497	50	0	500	500	0	0	0	0	
3.9899736418e+02	530	9	42	11	4	496	50	0	500	500	0	0	0	0	
3.9949796093e+02	527	11	45	8	9	491	50	0	500	500	0	0	0	0	
3.9996916506e+02	527	12	46	7	6	494	50	0	500	500	0	0	0	0	
4.0047769164e+02	527	12	43	11	10	490	50	0	500	500	0	0	0	0	
4.0099681069e+02	530	11	46	8	8	492	50	0	500	500	0	0	0	0	
4.0149966578e+02	532	9	50	4	12	488	50	0	500	500	0	0	0	0	
4.0199084997e+02	534	8	49	5	4	496	50	0	500	500	0	0	0	0	
4.0247486005e+02	537	5	53	1	2	498	50	0	500	500	0	0	0	0	
4.0296381669e+02	538	4	50	4	7	493	50	0	500	500	0	0	0	0	
4.0348997770e+02	539	3	52	2	4	496	50	0	500	500	0	0	0	0	
4.0398686730e+02	538	3	51	3	2	498	50	0	500	500	0	0	0	0	
4.0449800267e+02	536	5	50	4	4	496	50	0	500	500	0	0	0	0	
4.0498119735e+02	536	4	46	8	9	491	50	0	500	500	0	0	0	0	
4.0549634159e+02	534	7	46	8	4	496	50	0	500	500	0	0	0	0	
4.0597462402e+02	536	6	48	7	7	493	50	0	500	500	0	0	0	0	
4.0647191249e+02	534	7	54	2	3	497	50	0	500	500	0	0	0	0	
4.0698972242e+02	534	7	54	2	1	499	50	0	500	500	0	0	0	0	
4.0749911704e+02	534	6	51	5	7	493	50	0	500	500	0	0	0	0	
4.0799846424e+02	535	5	54	2	7	493	50	0	500	500	0	0	0	0	
4.0844312425e+02	538	4	55	1	3	497	50	0	500	500	0	0	0	0	
4.0899487429e+02	536	8	50	5	5	495	50	0	500	500	0	0	0	0	
4.0949669493e+02	536	7	47	7	4	496	50	0	500	500	0	0	0	0	
4.0999920344e+02	531	11	49	4	2	498	50	0	500	500	0	0	0	0	
4.1049545034e+02	530	11	45	8	9	491	50	0	500	500	0	0	0	0	
4.1099689127e+02	532	10	42	11	9	491	50	0	500	500	0	0	0	0	
4.1149503689e+02	533	9	45	8	7	493	50	0	500	500	0	0	0	0	
4.1199225600e+02	535	7	47	6	5	495	50	0	500	500	0	0	0	0	
4.1246443416e+02	533	9	43	11	2	498	50	0	500	500	0	0	0	0	
4.1298989597e+02	532	11	43	11	6	494	50	0	500	500	0	0	0	0	
4.1349899580e+02	529	13	45	9	6	494	50	0	500	500	0	0	0	0	
4.1398584181e+02	530	12	41	14	11	489	50	0	500	500	0	0	0	0	
4.1448089761e+02	529	13	44	11	9	491	50	0	500	500	0	0	0	0	
4.1499061497e+02	531	10	45	10	6	494	50	0	500	500	0	0	0	0	
4.1549267266e+02	530	13	44	10	7	493	50	0	500	500	0	0	0	0	
4.1598843489e+02	528	15	45	9	9	491	50	0	500	500	0	0	0	0	
4.1649595182e+02	531	13	45	8	11	489	50	0	500	500	0	0	0	0	
4.1699922880e+02	532	14	47	6	15	485	50	0	500	500	0	0	0	0	
4.1749263366e+02	536	11	42	11	12	488	50	0	500	500	0	0	0	0	
4.1799376884e+02	539	8	47	8	2	498	50	0	500	500	0	0	0	0	
4.1848034368e+02	538	11	43	10	5	495	50	0	500	500	0	0	0	0	
4.1899244697e+02	539	10	46	8	5	495	50	0	500	500	0	0	0	0	
4.1949500499e+02	541	10	47	6	6	494	50	0	500	500	0	0	0	0	
4.1999963627e+02	544	7	44	9	6	494	50	0	500	500	0	0	0	0	
4.2049882128e+02	545	6	50	3	6	494	50	0	500	500	0	0	0	0	
4.2097038385e+02	546	5	45	8	4	496	50	0	500	500	0	0	0	0	
4.2148089187e+02	547	6	47	5	7	493	50	0	500	500	0	0	0	0	
4.2199746434e+02	547	6	48	5	8	492	50	0	500	500	0	0	0	0	
4.2249728034e+02	547	5	47	6	4	496	50	0	500	500	0	0	0	0	
4.2299694832e+02	548	7	44	9	3	497	50	0	500	500	0	0	0	0	
4.2345864154e+02	546	7	46	6	6	494	50	0	500	500	0	0	0	0	
4.2396863448e+02	548	6	44	8	0	500	50	0	500	500	0	0	0	0	
4.2449167003e+02	547	7	48	4	4	496	50	0	500	500	0	0	0	0	
4.2493958974e+02	548	7	44	7	3	497	50	0	500	500	0	0	0	0	
4.2549307366e+02	548	7	46	5	4	496	50	0	500	500	0	0	0	0	
4.2598980750e+02	548	7	46	5	6	494	50	0	500	500	0	0	0	0	
4.2649544284e+02	549	8	44	6	8	492	50	0	500	500	0	0	0	0	
4.2696895414e+02	550	10	42	8	1	499	50	0	500	500	0	0	0	0	
4.2748517271e+02	551	10	42	8	8	492	50	0	500	500	0	0	0	0	
4.2799993840e+02	551	8	40	10	4	496	50	0	500	500	0	0	0	0	
4.2847395930e+02	550	8	44	4	6	494	50	0	500	500	0	0	0	0	
4.2898949276e+02	550	7	41	7	3	497	50	0	500	500	0	0	0	0	
4.2949314391e+02	551	7	45	3	7	493	50	0	500	500	0	0	0	0	
4.2999072129e+02	550	7	38	10	3	497	50	0	500	500	0	0	0	0	
4.3044666123e+02	548	10	41	8	2	498	50	0	500	500	0	0	0	0	
4.3099389914e+02	548	11	41	7	4	496	50	0	500	500	0	0	0	0	
4.3149454999e+02	549	11	45	3	11	489	50	0	500	500	0	0	0	0	
4.3198130549e+02	552	10	40	8	12	488	50	0	500	500	0	0	0	0	
4.3247160261e+02	554	8	35	12	5	495	50	0	500	500	0	0	0	0	
4.3298234441e+02	553	8	40	7	5	495	50	0	500	500	0	0	0	0	
4.3348894336e+02	554	8	42	5	5	495	50	0	500	500	0	0	0	0	
4.3398852441e+02	553	10	41	6	3	497	50	0	500	500	0	0	0	0	
4.3449502277e+02	552	13	35	12	7	493	50	0	500	500	0	0	0	0	
4.3499875605e+02	554	12	40	8	5	495	50	0	500	500	0	0	0	0	
4.3549154265e+02	555	11	40	8	8	492	50	0	500	500	0	0	0	0	
4.3598475131e+02	557	11	41	8	10	490	50	0	500	500	0	0	0	0	
4.3648330916e+02	559	10	40	8	7	493	50	0	500	500	0	0	0	0	
4.3699522512e+02	558	11	42	6	5	495	50	0	500	500	0	0	0	0	
4.3747448622e+02	559	13	44	6	9	491	50	0	500	500	0	0	0	0	
4.3799108921e+02	563	10	46	4	9	491	50	0	500	500	0	0	0	0	
4.3849415750e+02	562	13	41	9	9	491	50	0	500	500	0	0	0	0	
4.3897266613e+02	562	13	38	12	9	491	50	0	500	500	0	0	0	0	
4.3948618622e+02	564	12	42	8	11	489	50	0	500	500	0	0	0	0	
4.3999089964e+02	565	12	45	5	3	497	50	0	500	500	0	0	0	0	
4.4049360031e+02	567	10	40	10	6	494	50	0	500	500	0	0	0	0	
4.4099827856e+02	566	12	42	8	6	494	50	0	500	500	0	0	0	0	
4.4149177217e+02	568	12	42	8	5	495	50	0	500	500	0	0	0	0	
4.4199764983e+02	568	14	42	8	5	495	50	0	500	500	0	0	0	0	
4.4249990524e+02	574	8	42	8	7	493	50	0	500	500	0	0	0	0	
4.4299412678e+02	576	10	41	9	6	494	50	0	500	500	0	0	0	0	
4.4348467379e+02	578	9	43	7	10	490	50	0	500	500	0	0	0	0	
4.4398542243e+02	580	9	44	6	10	490	50	0	500	500	0	0	0	0	
4.4447624826e+02	578	10	41	9	10	490	50	0	500	500	0	0	0	0	
4.4499061414e+02	579	8	46	3	5	495	50	0	500	500	0	0	0	0	
4.4549455855e+02	579	8	47	2	5	495	50	0	500	500	0	0	0	0	
4.4598354967e+02	578	8	47	2	6	494	50	0	500	500	0	0	0	0	
4.4649631551e+02	579	6	45	3	6	494	50	0	500	500	0	0	0	0	
4.4698149292e+02	580	5	45	3	7	493	50	0	500	500	0	0	0	0	
4.4749813969e+02	580	5	40	7	6	494	50	0	500	500	0	0	0	0	
4.4798815816e+02	579	7	41	7	7	493	50	0	500	500	0	0	0	0	
4.4845327765e+02	580	7	42	5	4	496	50	0	500	500	0	0	0	0	
4.4899801052e+02	578	8	43	3	8	492	50	0	500	500	0	0	0	0	
4.4949545757e+02	580	7	42	4	7	493	50	0	500	500	0	0	0	0	
4.4998698816e+02	581	8	40	6	11	489	50	0	500	500	0	0	0	0	
4.5049521627e+02	583	7	43	4	3	497	50	0	500	500	0	0	0	0	
4.5099649788e+02	584	7	41	5	1	499	50	0	500	500	0	0	0	0	
4.5149866774e+02	583	8	42	5	5	495	50	0	500	500	0	0	0	0	
4.5198804443e+02	582	9	44	4	5	495	50	0	500	500	0	0	0	0	
4.5249499496e+02	581	9	46	2	5	495	50	0	500	500	0	0	0	0	
4.5297466823e+02	584	8	39	9	7	493	50	0	500	500	0	0	0	0	
4.5349181599e+02	587	7	42	5	9	491	50	0	500	500	0	0	0	0	
4.5399963282e+02	587	8	39	7	1	499	50	0	500	500	0	0	0	0	
4.5449911558e+02	589	7	41	4	6	494	50	0	500	500	0	0	0	0	
4.5499890398e+02	589	7	38	7	11	489	50	0	500	500	0	0	0	0	
4.5545911545e+02	590	6	41	5	3	497	50	0	500	500	0	0	0	0	
4.5597592622e+02	590	5	40	6	4	496	50	0	500	500	0	0	0	0	
4.5647942028e+02	591	4	38	8	5	495	50	0	500	500	0	0	0	0	
4.5699525471e+02	586	6	37	9	3	497	50	0	500	500	0	0	0	0	
4.5749669064e+02	588	4	42	5	3	497	50	0	500	500	0	0	0	0	
4.5798539938e+02	589	4	44	3	3	497	50	0	500	500	0	0	0	0	
4.5849575711e+02	585	6	39	8	4	496	50	0	500	500	0	0	0	0	
4.5899661182e+02	586	6	40	7	5	495	50	0	500	500	0	0	0	0	
4.5949592076e+02	582	11	39	9	3	497	50	0	500	500	0	0	0	0	
4.5997536642e+02	585	9	38	10	6	494	50	0	500	500	0	0	0	0	
4.6045449513e+02	588	6	40	8	5	495	50	0	500	500	0	0	0	0	
4.6099204642e+02	589	6	46	2	7	493	50	0	500	500	0	0	0	0	
4.6147175041e+02	590	4	45	3	4	496	50	0	500	500	0	0	0	0	
4.6197778254e+02	590	3	47	0	3	497	50	0	500	500	0	0	0	0	
4.6249385612e+02	587	3	47	1	2	498	50	0	500	500	0	0	0	0	
4.6299990884e+02	587	3	46	2	2	498	50	0	500	500	0	0	0	0	
4.6347795677e+02	586	5	45	3	6	494	50	0	500	500	0	0	0	0	
4.6397268584e+02	584	7	41	7	7	493	50	0	500	500	0	0	0	0	
4.6447031719e+02	583	10	39	10	9	491	50	0	500	500	0	0	0	0	
4.6498385166e+02	581	12	37	12	9	491	50	0	500	500	0	0	0	0	
4.6548988005e+02	584	14	43	7	11	489	50	0	500	500	0	0	0	0	
4.6599626651e+02	585	13	42	8	14	486	50	0	500	500	0	0	0	0	
4.6649094145e+02	589	11	41	9	6	494	50	0	500	500	0	0	0	0	
4.6697691882e+02	589	9	40	10	9	491	50	0	500	500	0	0	0	0	
4.6749819767e+02	588	9	41	9	11	489	50	0	500	500	0	0	0	0	
4.6799435865e+02	588	9	41	9	6	494	50	0	500	500	0	0	0	0	
4.6848932150e+02	588	9	45	5	11	489	50	0	500	500	0	0	0	0	
4.6898262684e+02	591	8	45	5	5	495	50	0	500	500	0	0	0	0	
4.6949527161e+02	591	11	43	8	6	494	50	0	500	500	0	0	0	0	
4.6999358327e+02	591	12	42	9	5	495	50	0	500	500	0	0	0	0	
4.7045981696e+02	593	10	42	8	4	496	50	0	500	500	0	0	0	0	
4.7099592268e+02	593	10	40	9	5	495	50	0	500	500	0	0	0	0	
4.7149035517e+02	593	10	41	8	4	496	50	0	500	500	0	0	0	0	
4.7198644698e+02	595	8	42	6	7	493	50	0	500	500	0	0	0	0	
4.7245952836e+02	597	6	40	9	4	496	50	0	500	500	0	0	0	0	
4.7299171787e+02	591	11	41	8	7	493	50	0	500	500	0	0	0	0	
4.7349372099e+02	591	8	41	8	12	488	50	0	500	500	0	0	0	0	
4.7398033616e+02	593	7	38	11	10	490	50	0	500	500	0	0	0	0	
4.7445921908e+02	595	8	43	6	5	495	50	0	500	500	0	0	0	0	
4.7499753915e+02	597	6	43	5	4	496	50	0	500	500	0	0	0	0	
4.7549813804e+02	598	7	42	6	7	493	50	0	500	500	0	0	0	0	
4.7597443127e+02	600	5	39	9	4	496	50	0	500	500	0	0	0	0	
4.7649837486e+02	599	8	38	8	13	487	50	0	500	500	0	0	0	0	
4.7699006427e+02	601	6	40	5	6	494	50	0	500	500	0	0	0	0	
4.7748302818e+02	600	8	40	5	5	495	50	0	500	500	0	0	0	0	
4.7799137677e+02	600	9	41	4	6	494	50	0	500	500	0	0	0	0	
4.7847869709e+02	600	9	35	9	6	494	50	0	500	500	0	0	0	0	
4.7899956046e+02	598	10	35	10	5	495	50	0	500	500	0	0	0	0	
4.7949952919e+02	598	10	36	9	8	492	50	0	500	500	0	0	0	0	
4.7999656598e+02	598	10	35	9	8	492	50	0	500	500	0	0	0	0	
4.8046786040e+02	601	7	40	4	3	497	50	0	500	500	0	0	0	0	
4.8097670003e+02	601	7	38	6	5	495	50	0	500	500	0	0	0	0	
4.8149712051e+02	601	8	38	6	5	495	50	0	500	500	0	0	0	0	
4.8199582192e+02	603	6	36	8	10	490	50	0	500	500	0	0	0	0	
4.8249458227e+02	604	4	34	10	7	493	50	0	500	500	0	0	0	0	
4.8299444134e+02	601	6	33	11	2	498	50	0	500	500	0	0	0	0	
4.8349952663e+02	602	5	39	5	5	495	50	0	500	500	0	0	0	0	
4.8398924725e+02	601	6	40	4	6	494	50	0	500	500	0	0	0	0	
4.8447307124e+02	604	3	39	6	3	497	50	0	500	500	0	0	0	0	
4.8498439309e+02	603	3	37	8	6	494	50	0	500	500	0	0	0	0	
4.8549234043e+02	603	3	37	8	7	493	50	0	500	500	0	0	0	0	
4.8597185499e+02	602	8	36	7	6	494	50	0	500	500	0	0	0	0	
4.8649415506e+02	603	9	36	7	5	495	50	0	500	500	0	0	0	0	
4.8699981264e+02	605	6	37	6	5	495	50	0	500	500	0	0	0	0	
4.8748528126e+02	603	7	33	9	9	491	50	0	500	500	0	0	0	0	
4.8799264781e+02	605	8	39	3	6	494	50	0	500	500	0	0	0	0	
4.8849996630e+02	606	8	39	3	5	495	50	0	500	500	0	0	0	0	
4.8899717934e+02	605	8	37	5	5	495	50	0	500	500	0	0	0	0	
4.8949972085e+02	605	7	33	10	6	494	50	0	500	500	0	0	0	0	
4.8998888263e+02	607	6	35	9	2	498	50	0	500	500	0	0	0	0	
4.9049107893e+02	608	7	35	9	8	492	50	0	500	500	0	0	0	0	
4.9098926788e+02	608	9	33	10	7	493	50	0	500	500	0	0	0	0	
4.9147689196e+02	608	7	38	7	4	496	50	0	500	500	0	0	0	0	
4.9199850479e+02	610	5	36	9	4	496	50	0	500	500	0	0	0	0	
4.9248280548e+02	612	5	36	7	4	496	50	0	500	500	0	0	0	0	
4.9299253255e+02	612	5	38	5	7	493	50	0	500	500	0	0	0	0	
4.9347858155e+02	611	6	37	6	4	496	50	0	500	500	0	0	0	0	
4.9399056682e+02	611	6	36	8	3	497	50	0	500	500	0	0	0	0	
4.9449827728e+02	614	5	37	7	5	495	50	0	500	500	0	0	0	0	
4.9498473026e+02	615	4	41	3	5	495	50	0	500	500	0	0	0	0	
4.9545714036e+02	616	5	41	3	7	493	50	0	500	500	0	0	0	0	
4.9599881107e+02	616	6	41	4	2	498	50	0	500	500	0	0	0	0	
4.9649516156e+02	615	8	37	7	1	499	50	0	500	500	0	0	0	0	
4.9698128411e+02	614	10	36	8	6	494	50	0	500	500	0	0	0	0	
4.9747809837e+02	612	10	29	15	11	489	50	0	500	500	0	0	0	0	
4.9797334925e+02	616	7	32	12	8	492	50	0	500	500	0	0	0	0	
4.9847396982e+02	617	5	37	7	1	499	50	0	500	500	0	0	0	0	
4.9899817284e+02	615	6	40	4	1	499	50	0	500	500	0	0	0	0	
4.9948643658e+02	614	7	39	5	4	496	50	0	500	500	0	0	0	0	
4.9999849410e+02	612	10	39	4	5	495	50	0	500	500	0	0	0	0	
5.0002791691e+02	612	10	39	4	6	494	50	0	500	500	0	0	0	0	
