0.0000000000e+00	0	0	0	0	0	500	50	0	500	500	500	500	500	0	
4.9657829425e-01	0	0	0	0	44	456	50	0	500	500	500	500	500	0	
9.9826327219e-01	0	0	0	0	44	456	50	0	500	500	500	500	500	0	
1.4972092627e+00	0	2	1	0	48	452	50	0	500	500	500	500	500	0	
1.9982319120e+00	0	4	2	0	46	454	50	0	500	500	500	500	500	0	
2.4967408463e+00	1	3	2	0	40	460	50	0	500	500	500	500	500	0	
2.9948181496e+00	1	5	2	0	31	469	50	0	500	500	500	500	500	0	
3.4989089392e+00	1	6	2	0	41	459	50	0	500	500	500	500	500	0	
3.9998786303e+00	2	9	2	0	42	458	50	0	500	500	500	500	500	0	
4.4979536865e+00	3	10	2	0	42	458	50	0	500	500	500	500	500	0	
4.9994971444e+00	5	8	2	0	46	454	50	0	500	500	500	500	500	0	
5.4987260334e+00	6	9	2	0	26	474	50	0	500	500	500	500	500	0	
5.9978111545e+00	8	7	2	0	39	461	50	0	500	500	500	500	500	0	
6.4952531141e+00	8	7	2	0	36	464	50	0	500	500	500	500	500	0	
6.9997500960e+00	12	5	1	1	40	460	50	0	500	500	500	500	500	0	
7.4992855983e+00	12	7	3	0	41	459	50	0	500	500	500	500	500	0	
7.9975878523e+00	15	5	3	0	40	460	50	0	500	500	500	500	500	0	
8.4929896311e+00	17	4	3	0	48	452	50	0	500	500	500	500	500	0	
8.9969347307e+00	18	3	3	0	41	459	50	0	500	500	500	500	500	0	
9.4995104003e+00	19	3	3	0	50	450	50	0	500	500	500	500	500	0	
9.9812000872e+00	19	4	4	0	32	468	50	0	500	500	500	500	500	0	
1.0496584706e+01	21	3	5	0	27	473	50	0	500	500	500	500	500	0	
1.0994820176e+01	22	3	6	0	31	469	50	0	500	500	500	500	500	0	
1.1498813982e+01	23	3	6	0	41	459	50	0	500	500	500	500	500	0	
1.1999292520e+01	23	4	5	1	38	462	50	0	500	500	500	500	500	0	
1.2487520160e+01	24	5	6	0	47	453	50	0	500	500	500	500	500	0	
1.2994724403e+01	24	6	6	0	32	468	50	0	500	500	500	500	500	0	
1.3499780354e+01	25	6	6	0	37	463	50	0	500	500	500	500	500	0	
1.3999640635e+01	26	6	7	0	38	462	50	0	500	500	500	500	500	0	
1.4498968573e+01	28	5	7	0	45	455	50	0	500	500	500	500	500	0	
1.4991545705e+01	31	3	6	1	43	457	50	0	500	500	500	500	500	0	
1.5491495108e+01	32	3	5	2	33	467	50	0	500	500	500	500	500	0	
1.5991451032e+01	34	1	7	0	23	477	50	0	500	500	500	500	500	0	
1.6497421051e+01	35	0	7	0	36	464	50	0	500	500	500	500	500	0	
1.6998770925e+01	34	0	7	0	31	469	50	0	500	500	500	500	500	0	
1.7499528407e+01	34	0	7	0	35	465	50	0	500	500	500	500	500	0	
1.7998621020e+01	34	3	8	0	39	461	50	0	500	500	500	500	500	0	
1.8496438904e+01	34	4	8	0	45	455	50	0	500	500	500	500	500	0	
1.8998410311e+01	36	3	9	0	53	447	50	0	500	500	500	500	500	0	
1.9499747514e+01	38	1	9	0	39	461	50	0	500	500	500	500	500	0	
1.9999145420e+01	38	5	9	0	42	458	50	0	500	500	500	500	500	0	
2.0499132055e+01	39	6	8	1	32	468	50	0	500	500	500	500	500	0	
2.0995987775e+01	40	7	9	1	41	459	50	0	500	500	500	500	500	0	
2.1498880044e+01	42	6	11	0	31	469	50	0	500	500	500	500	500	0	
2.1999380230e+01	42	8	10	1	51	449	50	0	500	500	500	500	500	0	
2.2498766474e+01	44	7	10	1	39	461	50	0	500	500	500	500	500	0	
2.2997926398e+01	47	6	8	3	30	470	50	0	500	500	500	500	500	0	
2.3499227363e+01	52	3	9	2	46	454	50	0	500	500	500	500	500	0	
2.3996580691e+01	52	4	12	0	36	464	50	0	500	500	500	500	500	0	
2.4495362379e+01	52	4	13	0	54	446	50	0	500	500	500	500	500	0	
2.4997579986e+01	54	4	13	0	43	457	50	0	500	500	500	500	500	0	
2.5499714895e+01	55	3	12	1	54	446	50	0	500	500	500	500	500	0	
2.5999585576e+01	55	3	13	0	43	457	50	0	500	500	500	500	500	0	
2.6499821648e+01	56	4	13	0	36	464	50	0	500	500	500	500	500	0	
2.6991189151e+01	58	2	13	0	43	457	50	0	500	500	500	500	500	0	
2.7498751985e+01	58	2	13	0	29	471	50	0	500	500	500	500	500	0	
2.7989528832e+01	58	4	13	0	20	480	50	0	500	500	500	500	500	0	
2.8498240152e+01	58	4	13	0	28	472	50	0	500	500	500	500	500	0	
2.8999044657e+01	58	6	12	0	47	453	50	0	500	500	500	500	500	0	
2.9499924671e+01	61	3	8	5	51	449	50	0	500	500	500	500	500	0	
2.9995718942e+01	63	1	11	2	45	455	50	0	500	500	500	500	500	0	
3.0497392925e+01	64	2	12	1	37	463	50	0	500	500	500	500	500	0	
3.0997793380e+01	66	2	13	1	29	471	50	0	500	500	500	500	500	0	
3.1499738309e+01	66	2	14	0	37	463	50	0	500	500	500	500	500	0	
3.1997395860e+01	66	3	14	0	41	459	50	0	500	500	500	500	500	0	
3.2497207148e+01	68	2	13	1	46	454	50	0	500	500	500	500	500	0	
3.2998279118e+01	68	3	13	1	34	466	50	0	500	500	500	500	500	0	
3.3495296036e+01	68	3	13	1	49	451	50	0	500	500	500	500	500	0	
3.3998890316e+01	68	3	14	1	51	449	50	0	500	500	500	500	500	0	
3.4498125925e+01	70	1	14	1	46	454	50	0	500	500	500	500	500	0	
3.4997221070e+01	70	1	16	0	33	467	50	0	500	500	500	500	500	0	
3.5499982320e+01	70	1	16	0	47	453	50	0	500	500	500	500	500	0	
3.5999131707e+01	71	0	17	0	41	459	50	0	500	500	500	500	500	0	
3.6499515501e+01	71	1	17	0	29	471	50	0	500	500	500	500	500	0	
3.6998138453e+01	71	1	17	0	28	472	50	0	500	500	500	500	500	0	
3.7498912900e+01	72	1	16	1	39	461	50	0	500	500	500	500	500	0	
3.7990967569e+01	73	0	17	0	27	473	50	0	500	500	500	500	500	0	
3.8499966955e+01	72	0	17	0	47	453	50	0	500	500	500	500	500	0	
3.8990323603e+01	72	0	16	1	46	454	50	0	500	500	500	500	500	0	
3.9497351873e+01	72	1	17	0	32	468	50	0	500	500	500	500	500	0	
3.9998009070e+01	73	1	17	0	26	474	50	0	500	500	500	500	500	0	
4.0499727429e+01	73	3	18	0	37	463	50	0	500	500	500	500	500	0	
4.0999659541e+01	73	4	15	2	50	450	50	0	500	500	500	500	500	0	
4.1496521473e+01	73	5	15	2	23	477	50	0	500	500	500	500	500	0	
4.1998166353e+01	77	3	18	0	37	463	50	0	500	500	500	500	500	0	
4.2498756630e+01	78	4	18	0	34	466	50	0	500	500	500	500	500	0	
4.2995996359e+01	77	5	17	2	50	450	50	0	500	500	500	500	500	0	
4.3495998486e+01	77	9	18	1	42	458	50	0	500	500	500	500	500	0	
4.3999283638e+01	79	8	18	2	35	465	50	0	500	500	500	500	500	0	
4.4497947670e+01	81	7	18	2	35	465	50	0	500	500	500	500	500	0	
4.4995796691e+01	84	5	19	1	32	468	50	0	500	500	500	500	500	0	
4.5499288665e+01	86	4	20	1	29	471	50	0	500	500	500	500	500	0	
4.5998094921e+01	87	5	19	2	37	463	50	0	500	500	500	500	500	0	
4.6499302539e+01	86	6	19	2	42	458	50	0	500	500	500	500	500	0	
4.6998917445e+01	86	6	20	0	41	459	50	0	500	500	500	500	500	0	
4.7494088065e+01	88	4	20	0	38	462	50	0	500	500	500	500	500	0	
4.7999598985e+01	89	5	19	1	44	456	50	0	500	500	500	500	500	0	
4.8497710978e+01	88	5	18	2	49	451	50	0	500	500	500	500	500	0	
4.8997579430e+01	88	5	20	0	45	455	50	0	500	500	500	500	500	0	
4.9478628491e+01	89	5	20	0	33	467	50	0	500	500	500	500	500	0	
4.9999741223e+01	92	2	20	0	42	458	50	0	500	500	500	500	500	0	
5.0498540621e+01	93	1	19	1	40	460	50	0	500	500	500	500	500	0	
5.0995503454e+01	92	2	17	2	33	467	50	0	500	500	500	500	500	0	
5.1499553986e+01	93	1	19	0	58	442	50	0	500	500	500	500	500	0	
5.1991700137e+01	93	2	20	0	55	445	50	0	500	500	500	500	500	0	
5.2496633343e+01	94	1	19	1	43	457	50	0	500	500	500	500	500	0	
5.2999310634e+01	94	3	21	0	39	461	50	0	500	500	500	500	500	0	
5.3498645185e+01	95	4	21	0	36	464	50	0	500	500	500	500	500	0	
5.3999479452e+01	96	4	21	0	40	460	50	0	500	500	500	500	500	0	
5.4497714357e+01	98	3	21	0	45	455	50	0	500	500	500	500	500	0	
5.4999939990e+01	98	4	21	0	46	454	50	0	500	500	500	500	500	0	
5.5499354530e+01	99	4	22	0	54	446	50	0	500	500	500	500	500	0	
5.5997276152e+01	101	5	23	0	46	454	50	0	500	500	500	500	500	0	
5.6498969119e+01	104	4	23	0	50	450	50	0	500	500	500	500	500	0	
5.6994902669e+01	105	5	21	2	34	466	50	0	500	500	500	500	500	0	
5.7498860726e+01	109	3	20	3	41	459	50	0	500	500	500	500	500	0	
5.7999535716e+01	110	3	20	2	30	470	50	0	500	500	500	500	500	0	
5.8495320816e+01	111	2	21	1	41	459	50	0	500	500	500	500	500	0	
5.8997943967e+01	112	2	21	1	46	454	50	0	500	500	500	500	500	0	
5.9497770244e+01	114	2	23	0	46	454	50	0	500	500	500	500	500	0	
5.9998813218e+01	115	6	22	1	29	471	50	0	500	500	500	500	500	0	
6.0498992922e+01	116	6	23	1	30	470	50	0	500	500	500	500	500	0	
6.0999743651e+01	119	4	24	1	34	466	50	0	500	500	500	500	500	0	
6.1497486461e+01	119	4	24	1	32	468	50	0	500	500	500	500	500	0	
6.1997914444e+01	120	5	22	3	25	475	50	0	500	500	500	500	500	0	
6.2499626625e+01	120	5	26	0	33	467	50	0	500	500	500	500	500	0	
6.2994603656e+01	123	2	25	1	29	471	50	0	500	500	500	500	500	0	
6.3499075948e+01	123	5	25	1	47	453	50	0	500	500	500	500	500	0	
6.3995391185e+01	123	6	23	3	39	461	50	0	500	500	500	500	500	0	
6.4498655554e+01	125	5	24	2	41	459	50	0	500	500	500	500	500	0	
6.4999502807e+01	126	5	25	0	58	442	50	0	500	500	500	500	500	0	
6.5498873078e+01	131	1	25	0	41	459	50	0	500	500	500	500	500	0	
6.5994891924e+01	131	1	25	0	37	463	50	0	500	500	500	500	500	0	
6.6498426779e+01	131	0	23	1	38	462	50	0	500	500	500	500	500	0	
6.6998661979e+01	131	2	22	1	29	471	50	0	500	500	500	500	500	0	
6.7499665349e+01	132	4	23	1	56	444	50	0	500	500	500	500	500	0	
6.7994771914e+01	132	3	23	1	49	451	50	0	500	500	500	500	500	0	
6.8490616332e+01	132	4	23	1	36	464	50	0	500	500	500	500	500	0	
6.8996580505e+01	131	7	23	1	47	453	50	0	500	500	500	500	500	0	
6.9498676942e+01	132	8	22	2	30	470	50	0	500	500	500	500	500	0	
6.9992732423e+01	134	6	21	3	29	471	50	0	500	500	500	500	500	0	
7.0498212692e+01	135	5	22	2	28	472	50	0	500	500	500	500	500	0	
7.0998930882e+01	136	6	23	1	44	456	50	0	500	500	500	500	500	0	
7.1499399272e+01	137	6	23	0	44	456	50	0	500	500	500	500	500	0	
7.1998059982e+01	138	6	22	0	45	455	50	0	500	500	500	500	500	0	
7.2499472005e+01	139	8	21	2	38	462	50	0	500	500	500	500	500	0	
7.2999571273e+01	141	6	21	2	41	459	50	0	500	500	500	500	500	0	
7.3499581095e+01	142	5	21	2	36	464	50	0	500	500	500	500	500	0	
7.3998840052e+01	144	4	22	1	32	468	50	0	500	500	500	500	500	0	
7.4497908365e+01	145	3	21	2	51	449	50	0	500	500	500	500	500	0	
7.4997613760e+01	146	4	23	0	47	453	50	0	500	500	500	500	500	0	
7.5499671117e+01	149	3	22	1	50	450	50	0	500	500	500	500	500	0	
7.5996470512e+01	151	2	23	0	40	460	50	0	500	500	500	500	500	0	
7.6499458596e+01	152	3	23	0	51	449	50	0	500	500	500	500	500	0	
7.6995842017e+01	152	4	24	0	57	443	50	0	500	500	500	500	500	0	
7.7494856172e+01	152	4	23	1	33	467	50	0	500	500	500	500	500	0	
7.7998346004e+01	154	3	23	1	23	477	50	0	500	500	500	500	500	0	
7.8496296777e+01	155	3	23	1	44	456	50	0	500	500	500	500	500	0	
7.8999592578e+01	155	4	21	3	58	442	50	0	500	500	500	500	500	0	
7.9492417714e+01	157	2	23	1	51	449	50	0	500	500	500	500	500	0	
7.9999180923e+01	158	1	24	0	35	465	50	0	500	500	500	500	500	0	
8.0499056497e+01	158	1	24	0	25	475	50	0	500	500	500	500	500	0	
8.0999563173e+01	158	1	24	0	38	462	50	0	500	500	500	500	500	0	
8.1499550106e+01	158	3	25	0	30	470	50	0	500	500	500	500	500	0	
8.1999719012e+01	158	6	23	2	31	469	50	0	500	500	500	500	500	0	
8.2499027332e+01	160	5	23	3	49	451	50	0	500	500	500	500	500	0	
8.2996947284e+01	161	5	22	4	33	467	50	0	500	500	500	500	500	0	
8.3498751533e+01	159	6	22	4	59	441	50	0	500	500	500	500	500	0	
8.3995262818e+01	160	6	25	2	42	458	50	0	500	500	500	500	500	0	
8.4499942989e+01	162	5	25	2	36	464	50	0	500	500	500	500	500	0	
8.4998740399e+01	165	3	28	0	43	457	50	0	500	500	500	500	500	0	
8.5491393436e+01	167	1	28	0	50	450	50	0	500	500	500	500	500	0	
8.5998390544e+01	168	0	28	0	54	446	50	0	500	500	500	500	500	0	
8.6499954084e+01	168	1	27	1	54	446	50	0	500	500	500	500	500	0	
8.6995159648e+01	168	1	28	0	39	461	50	0	500	500	500	500	500	0	
8.7499271583e+01	168	3	28	0	44	456	50	0	500	500	500	500	500	0	
8.7995220325e+01	171	1	28	0	52	448	50	0	500	500	500	500	500	0	
8.8497831575e+01	171	2	28	0	52	448	50	0	500	500	500	500	500	0	
8.8999874528e+01	172	2	27	0	40	460	50	0	500	500	500	500	500	0	
8.9497661940e+01	173	1	27	1	27	473	50	0	500	500	500	500	500	0	
8.9996737311e+01	173	1	28	0	50	450	50	0	500	500	500	500	500	0	
9.0497517406e+01	173	2	27	0	37	463	50	0	500	500	500	500	500	0	
9.0998384244e+01	173	3	25	2	32	468	50	0	500	500	500	500	500	0	
9.1494389147e+01	174	3	27	0	38	462	50	0	500	500	500	500	500	0	
9.1998595307e+01	176	1	27	0	33	467	50	0	500	500	500	500	500	0	
9.2497776010e+01	176	3	27	0	50	450	50	0	500	500	500	500	500	0	
9.2998761123e+01	177	2	26	1	39	461	50	0	500	500	500	500	500	0	
9.3498972797e+01	177	1	27	0	43	457	50	0	500	500	500	500	500	0	
9.3999904542e+01	177	2	27	0	52	448	50	0	500	500	500	500	500	0	
9.4499488700e+01	178	1	27	0	51	449	50	0	500	500	500	500	500	0	
9.4998677275e+01	179	1	25	2	52	448	50	0	500	500	500	500	500	0	
9.5498905192e+01	179	2	26	2	66	434	50	0	500	500	500	500	500	0	
9.5999103448e+01	179	2	27	2	45	455	50	0	500	500	500	500	500	0	
9.6499155147e+01	182	4	28	1	41	459	50	0	500	500	500	500	500	0	
9.6999553698e+01	183	3	26	1	45	455	50	0	500	500	500	500	500	0	
9.7498660076e+01	183	4	26	1	31	469	50	0	500	500	500	500	500	0	
9.7999430879e+01	183	4	27	1	36	464	50	0	500	500	500	500	500	0	
9.8497963308e+01	184	4	30	0	30	470	50	0	500	500	500	500	500	0	
9.8996201235e+01	187	1	29	1	32	468	50	0	500	500	500	500	500	0	
9.9497279067e+01	187	1	29	1	45	455	50	0	500	500	500	500	500	0	
9.9996158074e+01	186	1	26	3	40	460	50	0	500	500	500	500	500	0	
1.0049905044e+02	186	2	29	0	36	464	50	0	500	500	500	500	500	0	
1.0099904277e+02	187	3	28	0	34	466	50	0	500	500	500	500	500	0	
1.0149514866e+02	188	5	27	0	32	468	50	0	500	500	500	500	500	0	
1.0199942782e+02	188	7	26	1	44	456	50	0	500	500	500	500	500	0	
1.0249932906e+02	189	8	26	1	38	462	50	0	500	500	500	500	500	0	
1.0299977094e+02	188	9	28	0	35	465	50	0	500	500	500	500	500	0	
1.0349892292e+02	191	7	28	1	34	466	50	0	500	500	500	500	500	0	
1.0399609987e+02	194	6	29	0	48	452	50	0	500	500	500	500	500	0	
1.0449859590e+02	197	4	28	1	57	443	50	0	500	500	500	500	500	0	
1.0499946285e+02	197	4	28	1	53	447	50	0	500	500	500	500	500	0	
1.0549319953e+02	198	4	24	5	42	458	50	0	500	500	500	500	500	0	
1.0599793054e+02	198	4	27	2	28	472	50	0	500	500	500	500	500	0	
1.0649917202e+02	198	7	29	1	36	464	50	0	500	500	500	500	500	0	
1.0699958718e+02	200	5	26	4	52	448	50	0	500	500	500	500	500	0	
1.0749894240e+02	201	5	27	2	52	448	50	0	500	500	500	500	500	0	
1.0799892360e+02	203	5	29	0	54	446	50	0	500	500	500	500	500	0	
1.0849988301e+02	205	4	30	0	43	457	50	0	500	500	500	500	500	0	
1.0899521882e+02	206	3	30	0	42	458	50	0	500	500	500	500	500	0	
1.0949860124e+02	208	2	28	2	44	456	50	0	500	500	500	500	500	0	
1.0999878770e+02	208	2	28	0	45	455	50	0	500	500	500	500	500	0	
1.1049910191e+02	210	1	26	2	30	470	50	0	500	500	500	500	500	0	
1.1099998641e+02	210	1	28	0	43	457	50	0	500	500	500	500	500	0	
1.1149954419e+02	210	1	27	1	34	466	50	0	500	500	500	500	500	0	
1.1199986634e+02	210	1	29	1	42	458	50	0	500	500	500	500	500	0	
1.1249650935e+02	210	1	28	1	43	457	50	0	500	500	500	500	500	0	
1.1299002035e+02	210	2	29	0	46	454	50	0	500	500	500	500	500	0	
1.1349965131e+02	211	2	28	1	33	467	50	0	500	500	500	500	500	0	
1.1399976054e+02	213	2	28	1	49	451	50	0	500	500	500	500	500	0	
1.1449470317e+02	213	2	28	1	28	472	50	0	500	500	500	500	500	0	
1.1499788706e+02	214	2	28	1	35	465	50	0	500	500	500	500	500	0	
1.1549967964e+02	215	1	27	2	39	461	50	0	500	500	500	500	500	0	
1.1599707342e+02	216	1	28	1	46	454	50	0	500	500	500	500	500	0	
1.1649323154e+02	216	1	26	3	39	461	50	0	500	500	500	500	500	0	
1.1699980341e+02	216	1	29	0	31	469	50	0	500	500	500	500	500	0	
1.1749487354e+02	216	1	30	0	41	459	50	0	500	500	500	500	500	0	
1.1798889232e+02	218	1	28	1	27	473	50	0	500	500	500	500	500	0	
1.1848432659e+02	218	2	29	2	29	471	50	0	500	500	500	500	500	0	
1.1899746717e+02	219	2	30	1	37	463	50	0	500	500	500	500	500	0	
1.1949642678e+02	219	3	30	1	40	460	50	0	500	500	500	500	500	0	
1.1999943124e+02	221	3	29	2	41	459	50	0	500	500	500	500	500	0	
1.2049834555e+02	221	4	29	2	46	454	50	0	500	500	500	500	500	0	
1.2099257226e+02	223	2	31	0	64	436	50	0	500	500	500	500	500	0	
1.2149742201e+02	224	3	30	2	50	450	50	0	500	500	500	500	500	0	
1.2199881291e+02	224	3	31	1	34	466	50	0	500	500	500	500	500	0	
1.2249827992e+02	225	2	29	3	50	450	50	0	500	500	500	500	500	0	
1.2299928736e+02	225	2	32	0	55	445	50	0	500	500	500	500	500	0	
1.2349974025e+02	227	2	30	2	39	461	50	0	500	500	500	500	500	0	
1.2399988933e+02	226	4	31	1	43	457	50	0	500	500	500	500	500	0	
1.2449901345e+02	228	2	31	1	59	441	50	0	500	500	500	500	500	0	
1.2499900306e+02	228	2	28	3	33	467	50	0	500	500	500	500	500	0	
1.2549962136e+02	228	5	29	2	37	463	50	0	500	500	500	500	500	0	
1.2599966014e+02	229	5	29	2	41	459	50	0	500	500	500	500	500	0	
1.2649617674e+02	230	4	29	2	43	457	50	0	500	500	500	500	500	0	
1.2699995714e+02	231	4	28	3	33	467	50	0	500	500	500	500	500	0	
1.2749535587e+02	230	4	30	2	41	459	50	0	500	500	500	500	500	0	
1.2799566713e+02	231	4	30	2	62	438	50	0	500	500	500	500	500	0	
1.2849908808e+02	232	4	32	0	68	432	50	0	500	500	500	500	500	0	
1.2899794974e+02	232	5	32	0	45	455	50	0	500	500	500	500	500	0	
1.2949868316e+02	234	3	30	2	57	443	50	0	500	500	500	500	500	0	
1.2999875497e+02	235	3	28	4	53	447	50	0	500	500	500	500	500	0	
1.3049980163e+02	236	4	31	1	48	452	50	0	500	500	500	500	500	0	
1.3099917588e+02	237	4	31	0	48	452	50	0	500	500	500	500	500	0	
1.3149831948e+02	237	4	29	2	57	443	50	0	500	500	500	500	500	0	
1.3198690237e+02	238	6	31	1	48	452	50	0	500	500	500	500	500	0	
1.3249863261e+02	240	4	33	0	38	462	50	0	500	500	500	500	500	0	
1.3299964892e+02	241	4	32	1	47	453	50	0	500	500	500	500	500	0	
1.3349636982e+02	241	3	32	1	43	457	50	0	500	500	500	500	500	0	
1.3399917216e+02	241	5	29	4	46	454	50	0	500	500	500	500	500	0	
1.3449999204e+02	241	4	29	3	44	456	50	0	500	500	500	500	500	0	
1.3499981084e+02	243	3	29	2	38	462	50	0	500	500	500	500	500	0	
1.3548863114e+02	246	1	25	5	34	466	50	0	500	500	500	500	500	0	
1.3599910629e+02	246	2	23	6	34	466	50	0	500	500	500	500	500	0	
1.3649951051e+02	247	3	25	3	37	463	50	0	500	500	500	500	500	0	
1.3699685488e+02	246	4	27	1	58	442	50	0	500	500	500	500	500	0	
1.3749953334e+02	247	4	27	2	59	441	50	0	500	500	500	500	500	0	
1.3799684967e+02	247	4	29	0	41	459	50	0	500	500	500	500	500	0	
1.3849195238e+02	246	5	29	0	35	465	50	0	500	500	500	500	500	0	
1.3899687673e+02	246	6	22	7	46	454	50	0	500	500	500	500	500	0	
1.3949949564e+02	246	7	25	4	32	468	50	0	500	500	500	500	500	0	
1.3999788293e+02	248	7	29	2	51	449	50	0	500	500	500	500	500	0	
1.4049278176e+02	248	7	29	2	40	460	50	0	500	500	500	500	500	0	
1.4099679503e+02	249	6	30	1	30	470	50	0	500	500	500	500	500	0	
1.4149717622e+02	252	4	29	2	34	466	50	0	500	500	500	500	500	0	
1.4199867744e+02	252	5	29	3	42	458	50	0	500	500	500	500	500	0	
1.4249951364e+02	254	4	29	3	44	456	50	0	500	500	500	500	500	0	
1.4299707352e+02	256	2	31	1	32	468	50	0	500	500	500	500	500	0	
1.4349595437e+02	256	2	33	0	30	470	50	0	500	500	500	500	500	0	
1.4399792273e+02	256	2	33	0	45	455	50	0	500	500	500	500	500	0	
1.4449995657e+02	258	1	32	1	40	460	50	0	500	500	500	500	500	0	
1.4499913481e+02	258	3	31	2	40	460	50	0	500	500	500	500	500	0	
1.4549737474e+02	258	3	31	2	33	467	50	0	500	500	500	500	500	0	
1.4599827340e+02	260	3	32	0	37	463	50	0	500	500	500	500	500	0	
1.4649596607e+02	260	4	32	0	49	451	50	0	500	500	500	500	500	0	
1.4699873809e+02	261	4	32	0	29	471	50	0	500	500	500	500	500	0	
1.4749718078e+02	262	3	31	1	35	465	50	0	500	500	500	500	500	0	
1.4799068885e+02	263	3	30	2	42	458	50	0	500	500	500	500	500	0	
1.4849688170e+02	263	3	32	1	34	466	50	0	500	500	500	500	500	0	
1.4899593038e+02	264	2	34	0	32	468	50	0	500	500	500	500	500	0	
1.4949714851e+02	264	2	34	0	45	455	50	0	500	500	500	500	500	0	
1.4999957262e+02	266	2	33	1	25	475	50	0	500	500	500	500	500	0	
1.5049789920e+02	266	3	33	1	33	467	50	0	500	500	500	500	500	0	
1.5099776818e+02	267	4	33	1	43	457	50	0	500	500	500	500	500	0	
1.5149602103e+02	267	6	32	2	28	472	50	0	500	500	500	500	500	0	
1.5199954109e+02	268	7	33	1	47	453	50	0	500	500	500	500	500	0	
1.5249877630e+02	271	6	32	3	54	446	50	0	500	500	500	500	500	0	
1.5299309115e+02	272	5	34	2	56	444	50	0	500	500	500	500	500	0	
1.5349737747e+02	275	2	33	3	44	456	50	0	500	500	500	500	500	0	
1.5399583184e+02	275	4	33	3	43	457	50	0	500	500	500	500	500	0	
1.5449736865e+02	275	4	34	2	36	464	50	0	500	500	500	500	500	0	
1.5499958529e+02	277	1	34	1	32	468	50	0	500	500	500	500	500	0	
1.5549933262e+02	277	3	34	1	29	471	50	0	500	500	500	500	500	0	
1.5599285515e+02	277	3	34	2	29	471	50	0	500	500	500	500	500	0	
1.5649716253e+02	277	3	32	3	39	461	50	0	500	500	500	500	500	0	
1.5699866493e+02	279	2	35	0	25	475	50	0	500	500	500	500	500	0	
1.5749878266e+02	280	3	34	1	44	456	50	0	500	500	500	500	500	0	
1.5799900037e+02	281	3	35	1	58	442	50	0	500	500	500	500	500	0	
1.5849917482e+02	283	1	37	0	51	449	50	0	500	500	500	500	500	0	
1.5899771155e+02	283	1	35	2	42	458	50	0	500	500	500	500	500	0	
1.5949912436e+02	283	3	36	0	37	463	50	0	500	500	500	500	500	0	
1.5999887295e+02	283	2	34	2	41	459	50	0	500	500	500	500	500	0	
1.6049844627e+02	285	2	35	2	53	447	50	0	500	500	500	500	500	0	
1.6099853877e+02	284	3	34	3	46	454	50	0	500	500	500	500	500	0	
1.6149965041e+02	284	3	32	5	37	463	50	0	500	500	500	500	500	0	
1.6199983734e+02	281	4	35	2	39	461	50	0	500	500	500	500	500	0	
1.6249971225e+02	281	6	35	2	32	468	50	0	500	500	500	500	500	0	
1.6299641969e+02	281	6	33	4	42	458	50	0	500	500	500	500	500	0	
1.6349856553e+02	281	5	33	4	40	460	50	0	500	500	500	500	500	0	
1.6399992796e+02	283	4	37	0	33	467	50	0	500	500	500	500	500	0	
1.6449994307e+02	284	3	35	1	39	461	50	0	500	500	500	500	500	0	
1.6499928559e+02	286	1	37	0	30	470	50	0	500	500	500	500	500	0	
1.6549635202e+02	288	2	35	2	47	453	50	0	500	500	500	500	500	0	
1.6599690578e+02	288	2	35	2	43	457	50	0	500	500	500	500	500	0	
1.6649922454e+02	289	2	38	0	60	440	50	0	500	500	500	500	500	0	
1.6699859816e+02	290	2	35	2	51	449	50	0	500	500	500	500	500	0	
1.6749602531e+02	290	3	34	3	38	462	50	0	500	500	500	500	500	0	
1.6799982666e+02	290	3	36	1	42	458	50	0	500	500	500	500	500	0	
1.6849276096e+02	291	3	35	2	48	452	50	0	500	500	500	500	500	0	
1.6899751414e+02	295	1	34	2	43	457	50	0	500	500	500	500	500	0	
1.6949756783e+02	295	2	34	2	44	456	50	0	500	500	500	500	500	0	
1.6999915873e+02	293	7	33	3	40	460	50	0	500	500	500	500	500	0	
1.7049878578e+02	297	3	35	1	39	461	50	0	500	500	500	500	500	0	
1.7099601243e+02	296	3	34	2	37	463	50	0	500	500	500	500	500	0	
1.7149876401e+02	297	2	34	2	58	442	50	0	500	500	500	500	500	0	
1.7199615251e+02	295	3	35	2	45	455	50	0	500	500	500	500	500	0	
1.7249828102e+02	296	3	35	2	43	457	50	0	500	500	500	500	500	0	
1.7299937845e+02	297	2	36	1	34	466	50	0	500	500	500	500	500	0	
1.7349396945e+02	296	2	36	1	46	454	50	0	500	500	500	500	500	0	
1.7399858542e+02	297	2	38	0	40	460	50	0	500	500	500	500	500	0	
1.7449667190e+02	298	1	33	6	33	467	50	0	500	500	500	500	500	0	
1.7499988364e+02	299	1	36	2	33	467	50	0	500	500	500	500	500	0	
1.7549962441e+02	299	2	36	2	43	457	50	0	500	500	500	500	500	0	
1.7599889146e+02	299	2	33	5	43	457	50	0	500	500	500	500	500	0	
1.7649852247e+02	300	6	35	2	48	452	50	0	500	500	500	500	500	0	
1.7699646689e+02	299	7	34	4	59	441	50	0	500	500	500	500	500	0	
1.7749646470e+02	302	5	36	2	57	443	50	0	500	500	500	500	500	0	
1.7799962161e+02	302	5	39	0	38	462	50	0	500	500	500	500	500	0	
1.7849852938e+02	303	5	37	2	38	462	50	0	500	500	500	500	500	0	
1.7899598126e+02	304	4	36	3	50	450	50	0	500	500	500	500	500	0	
1.7949830224e+02	305	3	38	1	43	457	50	0	500	500	500	500	500	0	
1.7999896304e+02	305	4	38	0	31	469	50	0	500	500	500	500	500	0	
1.8049795493e+02	306	5	38	0	38	462	50	0	500	500	500	500	500	0	
1.8099736559e+02	307	5	38	0	28	472	50	0	500	500	500	500	500	0	
1.8149685230e+02	308	4	35	3	52	448	50	0	500	500	500	500	500	0	
1.8199659492e+02	309	4	35	3	48	452	50	0	500	500	500	500	500	0	
1.8249853458e+02	308	5	35	3	34	466	50	0	500	500	500	500	500	0	
1.8299759042e+02	307	7	38	0	65	435	50	0	500	500	500	500	500	0	
1.8349957734e+02	311	4	37	1	56	444	50	0	500	500	500	500	500	0	
1.8399489675e+02	310	5	36	3	38	462	50	0	500	500	500	500	500	0	
1.8449665566e+02	310	6	36	2	23	477	50	0	500	500	500	500	500	0	
1.8499918844e+02	312	4	33	4	33	467	50	0	500	500	500	500	500	0	
1.8549819293e+02	313	3	35	2	38	462	50	0	500	500	500	500	500	0	
1.8599546515e+02	315	1	35	2	40	460	50	0	500	500	500	500	500	0	
1.8649923847e+02	315	1	36	1	44	456	50	0	500	500	500	500	500	0	
1.8699760206e+02	316	0	37	0	31	469	50	0	500	500	500	500	500	0	
1.8749832770e+02	316	1	37	0	45	455	50	0	500	500	500	500	500	0	
1.8799838078e+02	317	1	37	0	44	456	50	0	500	500	500	500	500	0	
1.8849879919e+02	316	1	35	2	31	469	50	0	500	500	500	500	500	0	
1.8899765468e+02	316	3	38	0	40	460	50	0	500	500	500	500	500	0	
1.8949681839e+02	315	4	37	1	40	460	50	0	500	500	500	500	500	0	
1.8999920198e+02	316	5	35	3	38	462	50	0	500	500	500	500	500	0	
1.9049590081e+02	317	6	34	4	23	477	50	0	500	500	500	500	500	0	
1.9099755969e+02	317	5	36	3	53	447	50	0	500	500	500	500	500	0	
1.9149969613e+02	317	5	33	6	51	449	50	0	500	500	500	500	500	0	
1.9199918924e+02	320	2	36	5	51	449	50	0	500	500	500	500	500	0	
1.9249686523e+02	322	1	38	3	37	463	50	0	500	500	500	500	500	0	
1.9299795233e+02	323	1	38	2	39	461	50	0	500	500	500	500	500	0	
1.9349747803e+02	323	3	36	3	24	476	50	0	500	500	500	500	500	0	
1.9399503602e+02	325	2	39	0	34	466	50	0	500	500	500	500	500	0	
1.9449981279e+02	326	3	37	2	35	465	50	0	500	500	500	500	500	0	
1.9499912239e+02	324	4	37	2	38	462	50	0	500	500	500	500	500	0	
1.9549920803e+02	325	3	39	0	42	458	50	0	500	500	500	500	500	0	
1.9599273158e+02	326	2	38	1	45	455	50	0	500	500	500	500	500	0	
1.9649439815e+02	326	2	37	1	33	467	50	0	500	500	500	500	500	0	
1.9699997982e+02	327	1	39	0	49	451	50	0	500	500	500	500	500	0	
1.9749953175e+02	327	1	37	0	27	473	50	0	500	500	500	500	500	0	
1.9799987977e+02	327	3	34	3	35	465	50	0	500	500	500	500	500	0	
1.9849683983e+02	328	2	36	1	42	458	50	0	500	500	500	500	500	0	
1.9899480108e+02	329	2	35	2	36	464	50	0	500	500	500	500	500	0	
1.9949964867e+02	331	1	36	1	42	458	50	0	500	500	500	500	500	0	
1.9999971269e+02	330	2	36	1	40	460	50	0	500	500	500	500	500	0	
2.0049254184e+02	331	1	35	1	29	471	50	0	500	500	500	500	500	0	
2.0099752570e+02	331	1	35	0	35	465	50	0	500	500	500	500	500	0	
2.0148746555e+02	332	0	33	3	59	441	50	0	500	500	500	500	500	0	
2.0199927681e+02	332	0	35	1	36	464	50	0	500	500	500	500	500	0	
2.0249804840e+02	332	0	33	3	30	470	50	0	500	500	500	500	500	0	
2.0299475500e+02	332	0	35	1	38	462	50	0	500	500	500	500	500	0	
2.0349797127e+02	332	0	35	1	47	453	50	0	500	500	500	500	500	0	
2.0399888012e+02	331	0	35	1	49	451	50	0	500	500	500	500	500	0	
2.0449976094e+02	330	0	35	0	38	462	50	0	500	500	500	500	500	0	
2.0499908525e+02	329	2	34	1	36	464	50	0	500	500	500	500	500	0	
2.0549963315e+02	329	2	34	1	29	471	50	0	500	500	500	500	500	0	
2.0599980834e+02	329	3	32	2	45	455	50	0	500	500	500	500	500	0	
2.0649950850e+02	329	3	30	4	46	454	50	0	500	500	500	500	500	0	
2.0699574327e+02	328	4	31	3	44	456	50	0	500	500	500	500	500	0	
2.0749887282e+02	328	5	33	2	47	453	50	0	500	500	500	500	500	0	
2.0799626610e+02	331	2	35	0	40	460	50	0	500	500	500	500	500	0	
2.0849780504e+02	330	4	30	5	56	444	50	0	500	500	500	500	500	0	
2.0899970778e+02	331	4	32	3	57	443	50	0	500	500	500	500	500	0	
2.0949495310e+02	333	2	33	2	39	461	50	0	500	500	500	500	500	0	
2.0999363727e+02	333	2	34	2	36	464	50	0	500	500	500	500	500	0	
2.1049702869e+02	333	2	34	1	48	452	50	0	500	500	500	500	500	0	
2.1099796402e+02	333	3	34	1	46	454	50	0	500	500	500	500	500	0	
2.1149948799e+02	333	3	34	1	47	453	50	0	500	500	500	500	500	0	
2.1199944801e+02	335	2	32	3	53	447	50	0	500	500	500	500	500	0	
2.1249971960e+02	335	4	28	6	47	453	50	0	500	500	500	500	500	0	
2.1299976922e+02	337	3	32	2	51	449	50	0	500	500	500	500	500	0	
2.1349974608e+02	338	2	36	0	35	465	50	0	500	500	500	500	500	0	
2.1399968057e+02	338	3	33	3	27	473	50	0	500	500	500	500	500	0	
2.1449477261e+02	339	3	35	3	41	459	50	0	500	500	500	500	500	0	
2.1499701305e+02	341	3	37	1	43	457	50	0	500	500	500	500	500	0	
2.1549413745e+02	340	5	36	2	36	464	50	0	500	500	500	500	500	0	
2.1599987788e+02	342	4	37	1	56	444	50	0	500	500	500	500	500	0	
2.1649700557e+02	343	3	38	0	42	458	50	0	500	500	500	500	500	0	
2.1699797187e+02	344	3	32	5	50	450	50	0	500	500	500	500	500	0	
2.1749918261e+02	345	2	35	1	39	461	50	0	500	500	500	500	500	0	
2.1799865513e+02	343	2	36	0	29	471	50	0	500	500	500	500	500	0	
2.1849429229e+02	343	3	34	1	42	458	50	0	500	500	500	500	500	0	
2.1899905997e+02	343	5	32	4	42	458	50	0	500	500	500	500	500	0	
2.1949986411e+02	344	4	36	0	46	454	50	0	500	500	500	500	500	0	
2.1999407040e+02	345	4	34	1	41	459	50	0	500	500	500	500	500	0	
2.2049987659e+02	345	4	34	0	50	450	50	0	500	500	500	500	500	0	
2.2099438777e+02	347	3	34	0	44	456	50	0	500	500	500	500	500	0	
2.2149721277e+02	349	2	33	2	33	467	50	0	500	500	500	500	500	0	
2.2199870261e+02	350	1	33	2	40	460	50	0	500	500	500	500	500	0	
2.2249914911e+02	350	1	34	1	44	456	50	0	500	500	500	500	500	0	
2.2299932021e+02	350	3	32	3	43	457	50	0	500	500	500	500	500	0	
2.2349948930e+02	350	4	32	3	42	458	50	0	500	500	500	500	500	0	
2.2399742052e+02	351	4	31	4	57	443	50	0	500	500	500	500	500	0	
2.2449792818e+02	351	5	31	4	47	453	50	0	500	500	500	500	500	0	
2.2499385998e+02	353	5	29	8	35	465	50	0	500	500	500	500	500	0	
2.2549693627e+02	354	7	35	2	36	464	50	0	500	500	500	500	500	0	
2.2599750068e+02	355	7	36	1	48	452	50	0	500	500	500	500	500	0	
2.2649998917e+02	357	6	32	5	49	451	50	0	500	500	500	500	500	0	
2.2699982497e+02	357	7	31	6	53	447	50	0	500	500	500	500	500	0	
2.2749676303e+02	358	5	33	4	36	464	50	0	500	500	500	500	500	0	
2.2799519823e+02	357	7	35	1	36	464	50	0	500	500	500	500	500	0	
2.2849398984e+02	360	5	36	1	35	465	50	0	500	500	500	500	500	0	
2.2899897489e+02	359	7	32	5	27	473	50	0	500	500	500	500	500	0	
2.2949478258e+02	362	5	35	2	45	455	50	0	500	500	500	500	500	0	
2.2999832055e+02	362	5	35	2	59	441	50	0	500	500	500	500	500	0	
2.3049647372e+02	362	9	36	1	34	466	50	0	500	500	500	500	500	0	
2.3099921270e+02	363	7	35	2	42	458	50	0	500	500	500	500	500	0	
2.3149532157e+02	368	4	34	3	49	451	50	0	500	500	500	500	500	0	
2.3199995783e+02	370	2	37	0	45	455	50	0	500	500	500	500	500	0	
2.3249787178e+02	372	1	37	0	35	465	50	0	500	500	500	500	500	0	
2.3299870554e+02	372	1	37	1	32	468	50	0	500	500	500	500	500	0	
2.3349963877e+02	372	2	37	1	39	461	50	0	500	500	500	500	500	0	
2.3399974230e+02	373	3	36	2	51	449	50	0	500	500	500	500	500	0	
2.3449826302e+02	372	3	37	2	34	466	50	0	500	500	500	500	500	0	
2.3499828872e+02	369	6	37	2	39	461	50	0	500	500	500	500	500	0	
2.3549546590e+02	369	6	36	3	45	455	50	0	500	500	500	500	500	0	
2.3599871429e+02	368	7	36	4	30	470	50	0	500	500	500	500	500	0	
2.3649647172e+02	371	6	33	6	46	454	50	0	500	500	500	500	500	0	
2.3699864083e+02	374	5	33	6	39	461	50	0	500	500	500	500	500	0	
2.3749911120e+02	374	7	37	2	46	454	50	0	500	500	500	500	500	0	
2.3799991264e+02	378	4	36	2	56	444	50	0	500	500	500	500	500	0	
2.3849947484e+02	380	4	37	3	38	462	50	0	500	500	500	500	500	0	
2.3899914059e+02	380	4	38	2	64	436	50	0	500	500	500	500	500	0	
2.3949733590e+02	380	6	37	3	35	465	50	0	500	500	500	500	500	0	
2.3999775776e+02	382	4	36	3	33	467	50	0	500	500	500	500	500	0	
2.4049769626e+02	381	7	36	2	36	464	50	0	500	500	500	500	500	0	
2.4099672075e+02	383	6	37	2	51	449	50	0	500	500	500	500	500	0	
2.4149926135e+02	386	5	32	6	46	454	50	0	500	500	500	500	500	0	
2.4199747295e+02	386	6	33	6	30	470	50	0	500	500	500	500	500	0	
2.4249545883e+02	386	5	33	6	35	465	50	0	500	500	500	500	500	0	
2.4299860430e+02	388	3	31	7	48	452	50	0	500	500	500	500	500	0	
2.4349934482e+02	388	5	34	4	56	444	50	0	500	500	500	500	500	0	
2.4399318799e+02	389	4	36	2	53	447	50	0	500	500	500	500	500	0	
2.4449917508e+02	389	3	33	3	42	458	50	0	500	500	500	500	500	0	
2.4499972591e+02	389	5	34	2	41	459	50	0	500	500	500	500	500	0	
2.4549847753e+02	392	3	33	3	39	461	50	0	500	500	500	500	500	0	
2.4599251369e+02	392	4	34	1	41	459	50	0	500	500	500	500	500	0	
2.4649567648e+02	391	5	33	3	52	448	50	0	500	500	500	500	500	0	
2.4699498076e+02	393	3	33	3	43	457	50	0	500	500	500	500	500	0	
2.4749772739e+02	394	4	32	3	47	453	50	0	500	500	500	500	500	0	
2.4799756732e+02	393	6	29	6	31	469	50	0	500	500	500	500	500	0	
2.4849635881e+02	394	8	29	6	63	437	50	0	500	500	500	500	500	0	
2.4899880343e+02	394	9	31	4	38	462	50	0	500	500	500	500	500	0	
2.4949844690e+02	395	7	31	4	60	440	50	0	500	500	500	500	500	0	
2.4999260837e+02	395	6	28	6	41	459	50	0	500	500	500	500	500	0	
2.5049900303e+02	397	4	33	1	54	446	50	0	500	500	500	500	500	0	
2.5099802154e+02	398	4	33	1	33	467	50	0	500	500	500	500	500	0	
2.5149916853e+02	399	4	32	2	43	457	50	0	500	500	500	500	500	0	
2.5199127443e+02	398	6	32	2	40	460	50	0	500	500	500	500	500	0	
2.5249668039e+02	397	7	32	2	45	455	50	0	500	500	500	500	500	0	
2.5299976308e+02	397	8	32	2	49	451	50	0	500	500	500	500	500	0	
2.5349917860e+02	399	5	29	5	32	468	50	0	500	500	500	500	500	0	
2.5399841178e+02	400	6	32	3	45	455	50	0	500	500	500	500	500	0	
2.5449773531e+02	399	6	30	5	31	469	50	0	500	500	500	500	500	0	
2.5498916891e+02	400	6	31	4	34	466	50	0	500	500	500	500	500	0	
2.5549804422e+02	401	6	29	6	46	454	50	0	500	500	500	500	500	0	
2.5599958234e+02	401	6	30	5	44	456	50	0	500	500	500	500	500	0	
2.5649128407e+02	401	4	33	3	32	468	50	0	500	500	500	500	500	0	
2.5699936155e+02	402	4	34	2	35	465	50	0	500	500	500	500	500	0	
2.5749945928e+02	402	6	35	1	42	458	50	0	500	500	500	500	500	0	
2.5799862239e+02	401	7	32	4	43	457	50	0	500	500	500	500	500	0	
2.5849872185e+02	405	5	31	5	44	456	50	0	500	500	500	500	500	0	
2.5899702422e+02	405	8	34	2	43	457	50	0	500	500	500	500	500	0	
2.5949992005e+02	408	6	32	4	38	462	50	0	500	500	500	500	500	0	
2.5999909237e+02	408	5	32	4	40	460	50	0	500	500	500	500	500	0	
2.6049567832e+02	408	6	34	2	47	453	50	0	500	500	500	500	500	0	
2.6099903994e+02	411	5	31	5	40	460	50	0	500	500	500	500	500	0	
2.6149652663e+02	410	5	33	3	34	466	50	0	500	500	500	500	500	0	
2.6199890791e+02	413	2	35	0	26	474	50	0	500	500	500	500	500	0	
2.6249713305e+02	413	2	31	4	32	468	50	0	500	500	500	500	500	0	
2.6299804438e+02	412	1	32	3	31	469	50	0	500	500	500	500	500	0	
2.6349827484e+02	411	2	33	1	34	466	50	0	500	500	500	500	500	0	
2.6399927819e+02	412	2	32	2	38	462	50	0	500	500	500	500	500	0	
2.6449722451e+02	412	4	31	2	41	459	50	0	500	500	500	500	500	0	
2.6499996224e+02	412	4	32	1	40	460	50	0	500	500	500	500	500	0	
2.6548586387e+02	413	3	29	4	35	465	50	0	500	500	500	500	500	0	
2.6599781687e+02	414	3	31	3	40	460	50	0	500	500	500	500	500	0	
2.6649700612e+02	414	5	29	4	32	468	50	0	500	500	500	500	500	0	
2.6699893611e+02	417	3	29	4	32	468	50	0	500	500	500	500	500	0	
2.6749831384e+02	419	2	32	0	34	466	50	0	500	500	500	500	500	0	
2.6799994187e+02	418	2	32	0	46	454	50	0	500	500	500	500	500	0	
2.6849728406e+02	418	3	31	1	44	456	50	0	500	500	500	500	500	0	
2.6899988824e+02	419	2	28	4	55	445	50	0	500	500	500	500	500	0	
2.6949789110e+02	419	2	26	7	49	451	50	0	500	500	500	500	500	0	
2.6999807183e+02	418	2	30	3	60	440	50	0	500	500	500	500	500	0	
2.7049872756e+02	418	3	28	4	51	449	50	0	500	500	500	500	500	0	
2.7099939987e+02	417	5	30	2	36	464	50	0	500	500	500	500	500	0	
2.7149962057e+02	417	4	31	1	43	457	50	0	500	500	500	500	500	0	
2.7199543775e+02	417	4	31	1	47	453	50	0	500	500	500	500	500	0	
2.7249696964e+02	417	4	30	2	39	461	50	0	500	500	500	500	500	0	
2.7299960140e+02	417	5	32	0	39	461	50	0	500	500	500	500	500	0	
2.7349919233e+02	416	6	30	2	40	460	50	0	500	500	500	500	500	0	
2.7399348441e+02	418	4	28	4	38	462	50	0	500	500	500	500	500	0	
2.7449782459e+02	417	4	30	2	39	461	50	0	500	500	500	500	500	0	
2.7499871421e+02	417	4	29	2	47	453	50	0	500	500	500	500	500	0	
2.7549598557e+02	419	3	28	3	27	473	50	0	500	500	500	500	500	0	
2.7599936803e+02	422	2	30	1	35	465	50	0	500	500	500	500	500	0	
2.7649697391e+02	423	3	30	2	37	463	50	0	500	500	500	500	500	0	
2.7699981878e+02	423	2	30	2	30	470	50	0	500	500	500	500	500	0	
2.7749979788e+02	422	4	28	4	37	463	50	0	500	500	500	500	500	0	
2.7799839310e+02	423	5	31	1	44	456	50	0	500	500	500	500	500	0	
2.7849691256e+02	422	7	28	4	40	460	50	0	500	500	500	500	500	0	
2.7899732443e+02	421	8	28	3	32	468	50	0	500	500	500	500	500	0	
2.7949823390e+02	420	10	28	3	48	452	50	0	500	500	500	500	500	0	
2.7999898147e+02	422	9	27	4	34	466	50	0	500	500	500	500	500	0	
2.8049932623e+02	426	6	24	7	22	478	50	0	500	500	500	500	500	0	
2.8099938392e+02	428	6	26	6	53	447	50	0	500	500	500	500	500	0	
2.8149718124e+02	430	6	30	2	48	452	50	0	500	500	500	500	500	0	
2.8198694541e+02	433	4	29	2	57	443	50	0	500	500	500	500	500	0	
2.8249978686e+02	434	3	27	4	42	458	50	0	500	500	500	500	500	0	
2.8299850841e+02	434	5	28	3	50	450	50	0	500	500	500	500	500	0	
2.8349815751e+02	435	5	26	5	42	458	50	0	500	500	500	500	500	0	
2.8399951370e+02	438	2	27	4	38	462	50	0	500	500	500	500	500	0	
2.8449612468e+02	435	3	27	3	38	462	50	0	500	500	500	500	500	0	
2.8499905834e+02	433	2	28	2	33	467	50	0	500	500	500	500	500	0	
2.8549716782e+02	434	2	29	1	43	457	50	0	500	500	500	500	500	0	
2.8599791997e+02	435	2	28	2	41	459	50	0	500	500	500	500	500	0	
2.8649564208e+02	434	3	29	1	44	456	50	0	500	500	500	500	500	0	
2.8698467839e+02	435	6	27	3	49	451	50	0	500	500	500	500	500	0	
2.8749998309e+02	436	8	29	1	29	471	50	0	500	500	500	500	500	0	
2.8799892352e+02	435	9	28	2	40	460	50	0	500	500	500	500	500	0	
2.8849687608e+02	438	8	28	2	50	450	50	0	500	500	500	500	500	0	
2.8899846120e+02	438	8	29	1	57	443	50	0	500	500	500	500	500	0	
2.8949954403e+02	439	9	25	5	45	455	50	0	500	500	500	500	500	0	
2.8999596691e+02	441	8	29	2	41	459	50	0	500	500	500	500	500	0	
2.9049637548e+02	442	10	27	3	49	451	50	0	500	500	500	500	500	0	
2.9099585817e+02	447	6	27	3	48	452	50	0	500	500	500	500	500	0	
2.9149822902e+02	448	5	29	1	53	447	50	0	500	500	500	500	500	0	
2.9199504260e+02	449	5	30	0	53	447	50	0	500	500	500	500	500	0	
2.9249780509e+02	451	2	29	1	44	456	50	0	500	500	500	500	500	0	
2.9299862798e+02	452	2	29	1	35	465	50	0	500	500	500	500	500	0	
2.9349281277e+02	454	3	29	1	42	458	50	0	500	500	500	500	500	0	
2.9399695332e+02	455	1	30	0	38	462	50	0	500	500	500	500	500	0	
2.9449939878e+02	455	1	27	4	38	462	50	0	500	500	500	500	500	0	
2.9499974854e+02	456	2	28	3	46	454	50	0	500	500	500	500	500	0	
2.9549707678e+02	457	1	28	3	31	469	50	0	500	500	500	500	500	0	
2.9599758548e+02	458	0	32	1	33	467	50	0	500	500	500	500	500	0	
2.9649977034e+02	458	0	34	0	50	450	50	0	500	500	500	500	500	0	
2.9699824779e+02	459	2	34	0	59	441	50	0	500	500	500	500	500	0	
2.9749716711e+02	459	4	34	1	32	468	50	0	500	500	500	500	500	0	
2.9799958642e+02	458	4	34	1	26	474	50	0	500	500	500	500	500	0	
2.9849891884e+02	457	4	34	1	37	463	50	0	500	500	500	500	500	0	
2.9899905226e+02	459	3	34	0	44	456	50	0	500	500	500	500	500	0	
2.9949984586e+02	460	2	32	3	31	469	50	0	500	500	500	500	500	0	
2.9999566647e+02	459	4	32	4	40	460	50	0	500	500	500	500	500	0	
3.0049880543e+02	457	6	32	4	39	461	50	0	500	500	500	500	500	0	
3.0099979632e+02	456	6	34	2	39	461	50	0	500	500	500	500	500	0	
3.0149692093e+02	455	7	30	6	58	442	50	0	500	500	500	500	500	0	
3.0199888463e+02	457	7	31	5	42	458	50	0	500	500	500	500	500	0	
3.0249694968e+02	457	7	34	2	52	448	50	0	500	500	500	500	500	0	
3.0299919541e+02	457	6	31	5	42	458	50	0	500	500	500	500	500	0	
3.0349748552e+02	458	5	32	4	44	456	50	0	500	500	500	500	500	0	
3.0399836749e+02	461	2	36	1	49	451	50	0	500	500	500	500	500	0	
3.0449955714e+02	460	2	34	2	59	441	50	0	500	500	500	500	500	0	
3.0499826708e+02	462	2	36	1	59	441	50	0	500	500	500	500	500	0	
3.0549756034e+02	462	2	33	4	38	462	50	0	500	500	500	500	500	0	
3.0599654309e+02	462	1	34	3	30	470	50	0	500	500	500	500	500	0	
3.0649520369e+02	460	1	34	3	52	448	50	0	500	500	500	500	500	0	
3.0699981453e+02	459	2	36	2	49	451	50	0	500	500	500	500	500	0	
3.0749692649e+02	461	1	34	3	47	453	50	0	500	500	500	500	500	0	
3.0799816404e+02	461	2	35	1	50	450	50	0	500	500	500	500	500	0	
3.0849986047e+02	461	2	32	4	27	473	50	0	500	500	500	500	500	0	
3.0899805823e+02	460	2	33	3	31	469	50	0	500	500	500	500	500	0	
3.0949500807e+02	459	4	35	2	37	463	50	0	500	500	500	500	500	0	
3.0999599779e+02	462	2	37	0	38	462	50	0	500	500	500	500	500	0	
3.1049540124e+02	462	3	32	4	33	467	50	0	500	500	500	500	500	0	
3.1099903080e+02	462	3	32	4	45	455	50	0	500	500	500	500	500	0	
3.1149570602e+02	462	6	31	6	43	457	50	0	500	500	500	500	500	0	
3.1199997207e+02	465	3	33	4	36	464	50	0	500	500	500	500	500	0	
3.1249805715e+02	467	3	33	4	41	459	50	0	500	500	500	500	500	0	
3.1299864201e+02	466	3	33	4	50	450	50	0	500	500	500	500	500	0	
3.1349962024e+02	464	7	35	3	31	469	50	0	500	500	500	500	500	0	
3.1399710886e+02	465	8	35	2	38	462	50	0	500	500	500	500	500	0	
3.1449980740e+02	466	8	39	0	36	464	50	0	500	500	500	500	500	0	
3.1499984202e+02	469	5	34	5	45	455	50	0	500	500	500	500	500	0	
3.1549999123e+02	471	3	39	1	41	459	50	0	500	500	500	500	500	0	
3.1599484794e+02	471	3	40	1	34	466	50	0	500	500	500	500	500	0	
3.1649810818e+02	473	1	41	0	48	452	50	0	500	500	500	500	500	0	
3.1699829910e+02	474	0	37	4	62	438	50	0	500	500	500	500	500	0	
3.1749606767e+02	474	0	39	2	56	444	50	0	500	500	500	500	500	0	
3.1799789715e+02	473	0	38	3	42	458	50	0	500	500	500	500	500	0	
3.1849939491e+02	471	1	41	1	35	465	50	0	500	500	500	500	500	0	
3.1899997942e+02	471	2	38	3	50	450	50	0	500	500	500	500	500	0	
3.1949729511e+02	470	3	38	4	41	459	50	0	500	500	500	500	500	0	
3.1999923343e+02	469	3	38	4	31	469	50	0	500	500	500	500	500	0	
3.2049955391e+02	468	5	41	0	41	459	50	0	500	500	500	500	500	0	
3.2099878990e+02	469	6	38	4	39	461	50	0	500	500	500	500	500	0	
3.2149736410e+02	469	10	37	5	46	454	50	0	500	500	500	500	500	0	
3.2199506870e+02	471	7	40	2	24	476	50	0	500	500	500	500	500	0	
3.2249832537e+02	474	3	39	4	49	451	50	0	500	500	500	500	500	0	
3.2299607668e+02	476	3	39	3	35	465	50	0	500	500	500	500	500	0	
3.2349951335e+02	475	5	39	3	30	470	50	0	500	500	500	500	500	0	
3.2399799152e+02	477	3	38	3	50	450	50	0	500	500	500	500	500	0	
3.2449927473e+02	476	2	39	2	44	456	50	0	500	500	500	500	500	0	
3.2499830107e+02	477	1	41	0	49	451	50	0	500	500	500	500	500	0	
3.2549599306e+02	477	1	39	2	45	455	50	0	500	500	500	500	500	0	
3.2599718451e+02	478	3	38	3	36	464	50	0	500	500	500	500	500	0	
3.2649787860e+02	477	9	39	2	51	449	50	0	500	500	500	500	500	0	
3.2699845295e+02	478	8	37	4	58	442	50	0	500	500	500	500	500	0	
3.2749948994e+02	479	8	37	4	43	457	50	0	500	500	500	500	500	0	
3.2799964211e+02	479	8	39	2	40	460	50	0	500	500	500	500	500	0	
3.2849828940e+02	479	7	37	3	47	453	50	0	500	500	500	500	500	0	
3.2899788879e+02	477	8	36	4	33	467	50	0	500	500	500	500	500	0	
3.2949942340e+02	477	8	37	3	41	459	50	0	500	500	500	500	500	0	
3.2999661812e+02	479	8	37	3	39	461	50	0	500	500	500	500	500	0	
3.3049778310e+02	480	7	35	4	44	456	50	0	500	500	500	500	500	0	
3.3099907257e+02	482	6	36	3	32	468	50	0	500	500	500	500	500	0	
3.3149988740e+02	483	7	36	3	35	465	50	0	500	500	500	500	500	0	
3.3199502615e+02	486	5	36	3	36	464	50	0	500	500	500	500	500	0	
3.3249513419e+02	489	2	32	6	39	461	50	0	500	500	500	500	500	0	
3.3299914824e+02	488	3	34	4	48	452	50	0	500	500	500	500	500	0	
3.3349738783e+02	489	2	34	4	36	464	50	0	500	500	500	500	500	0	
3.3399927340e+02	490	3	36	2	48	452	50	0	500	500	500	500	500	0	
3.3449922090e+02	491	2	35	2	47	453	50	0	500	500	500	500	500	0	
3.3499918586e+02	490	3	31	6	53	447	50	0	500	500	500	500	500	0	
3.3549922458e+02	490	2	34	3	47	453	50	0	500	500	500	500	500	0	
3.3599805200e+02	491	3	37	1	34	466	50	0	500	500	500	500	500	0	
3.3649714757e+02	490	2	37	1	49	451	50	0	500	500	500	500	500	0	
3.3699766426e+02	489	2	37	1	32	468	50	0	500	500	500	500	500	0	
3.3749938311e+02	489	3	38	0	49	451	50	0	500	500	500	500	500	0	
3.3799488050e+02	489	3	37	1	50	450	50	0	500	500	500	500	500	0	
3.3849911346e+02	492	3	37	1	35	465	50	0	500	500	500	500	500	0	
3.3898831531e+02	493	3	38	0	27	473	50	0	500	500	500	500	500	0	
3.3949908322e+02	493	2	36	1	48	452	50	0	500	500	500	500	500	0	
3.3999777645e+02	493	1	35	3	41	459	50	0	500	500	500	500	500	0	
3.4049714072e+02	492	4	33	4	46	454	50	0	500	500	500	500	500	0	
3.4099998757e+02	493	6	33	3	52	448	50	0	500	500	500	500	500	0	
3.4149805189e+02	491	10	31	5	47	453	50	0	500	500	500	500	500	0	
3.4199795819e+02	494	6	33	3	39	461	50	0	500	500	500	500	500	0	
3.4249710008e+02	496	6	34	3	34	466	50	0	500	500	500	500	500	0	
3.4299948495e+02	498	7	31	6	37	463	50	0	500	500	500	500	500	0	
3.4349909126e+02	496	10	34	4	50	450	50	0	500	500	500	500	500	0	
3.4399844463e+02	499	6	34	4	50	450	50	0	500	500	500	500	500	0	
3.4449991952e+02	500	4	32	4	41	459	50	0	500	500	500	500	500	0	
3.4499618861e+02	502	4	34	2	40	460	50	0	500	500	500	500	500	0	
3.4549786512e+02	502	4	32	4	54	446	50	0	500	500	500	500	500	0	
3.4599983251e+02	505	0	33	3	38	462	50	0	500	500	500	500	500	0	
3.4649766039e+02	505	0	34	2	37	463	50	0	500	500	500	500	500	0	
3.4699767199e+02	504	1	37	1	44	456	50	0	500	500	500	500	500	0	
3.4749979268e+02	504	1	37	1	37	463	50	0	500	500	500	500	500	0	
3.4799738531e+02	503	1	36	2	37	463	50	0	500	500	500	500	500	0	
3.4849832634e+02	503	1	36	2	65	435	50	0	500	500	500	500	500	0	
3.4899857322e+02	503	1	37	1	56	444	50	0	500	500	500	500	500	0	
3.4949660787e+02	502	1	38	1	43	457	50	0	500	500	500	500	500	0	
3.4999670908e+02	502	3	39	1	62	438	50	0	500	500	500	500	500	0	
3.5049696389e+02	502	2	40	0	44	456	50	0	500	500	500	500	500	0	
3.5099984857e+02	502	2	41	0	37	463	50	0	500	500	500	500	500	0	
3.5149828348e+02	502	1	41	1	50	450	50	0	500	500	500	500	500	0	
3.5199992900e+02	503	2	40	2	47	453	50	0	500	500	500	500	500	0	
3.5249749168e+02	502	3	39	3	46	454	50	0	500	500	500	500	500	0	
3.5299929639e+02	504	1	40	2	33	467	50	0	500	500	500	500	500	0	
3.5349791034e+02	504	3	40	2	39	461	50	0	500	500	500	500	500	0	
3.5399926827e+02	503	4	39	3	52	448	50	0	500	500	500	500	500	0	
3.5449160991e+02	503	4	40	2	55	445	50	0	500	500	500	500	500	0	
3.5499993584e+02	505	3	39	3	52	448	50	0	500	500	500	500	500	0	
3.5549872561e+02	505	4	42	1	39	461	50	0	500	500	500	500	500	0	
3.5599806369e+02	506	5	42	1	31	469	50	0	500	500	500	500	500	0	
3.5649833292e+02	505	5	41	4	42	458	50	0	500	500	500	500	500	0	
3.5699816820e+02	506	5	45	0	32	468	50	0	500	500	500	500	500	0	
3.5749623761e+02	507	4	44	1	36	464	50	0	500	500	500	500	500	0	
3.5799981411e+02	506	5	43	2	41	459	50	0	500	500	500	500	500	0	
3.5849982391e+02	507	4	42	3	53	447	50	0	500	500	500	500	500	0	
3.5899834608e+02	508	2	41	4	42	458	50	0	500	500	500	500	500	0	
3.5949872899e+02	508	2	43	2	63	437	50	0	500	500	500	500	500	0	
3.5999912440e+02	508	5	42	2	53	447	50	0	500	500	500	500	500	0	
3.6049958156e+02	510	3	37	7	63	437	50	0	500	500	500	500	500	0	
3.6099915065e+02	513	0	41	2	60	440	50	0	500	500	500	500	500	0	
3.6149905613e+02	512	0	42	1	53	447	50	0	500	500	500	500	500	0	
3.6199701574e+02	512	1	39	3	37	463	50	0	500	500	500	500	500	0	
3.6249612870e+02	512	0	40	2	42	458	50	0	500	500	500	500	500	0	
3.6299531594e+02	512	1	38	4	43	457	50	0	500	500	500	500	500	0	
3.6349946982e+02	510	3	37	5	32	468	50	0	500	500	500	500	500	0	
3.6398664825e+02	511	5	38	4	34	466	50	0	500	500	500	500	500	0	
3.6449703996e+02	514	2	40	2	42	458	50	0	500	500	500	500	500	0	
3.6499586419e+02	512	6	38	4	48	452	50	0	500	500	500	500	500	0	
3.6549829619e+02	513	6	35	7	42	458	50	0	500	500	500	500	500	0	
3.6599566774e+02	513	6	37	5	56	444	50	0	500	500	500	500	500	0	
3.6649967193e+02	513	6	40	2	54	446	50	0	500	500	500	500	500	0	
3.6699937316e+02	513	6	37	3	55	445	50	0	500	500	500	500	500	0	
3.6749999301e+02	515	4	37	3	54	446	50	0	500	500	500	500	500	0	
3.6799836343e+02	516	2	37	3	41	459	50	0	500	500	500	500	500	0	
3.6849741347e+02	514	4	39	1	41	459	50	0	500	500	500	500	500	0	
3.6899993348e+02	513	4	39	2	47	453	50	0	500	500	500	500	500	0	
3.6949926888e+02	514	3	39	2	30	470	50	0	500	500	500	500	500	0	
3.6999777336e+02	514	2	38	2	38	462	50	0	500	500	500	500	500	0	
3.7049933585e+02	513	4	37	4	53	447	50	0	500	500	500	500	500	0	
3.7099653164e+02	514	5	38	2	38	462	50	0	500	500	500	500	500	0	
3.7149979049e+02	517	3	38	2	39	461	50	0	500	500	500	500	500	0	
3.7199884872e+02	517	3	39	2	44	456	50	0	500	500	500	500	500	0	
3.7249969769e+02	517	6	39	3	37	463	50	0	500	500	500	500	500	0	
3.7299972965e+02	520	5	39	3	36	464	50	0	500	500	500	500	500	0	
3.7349851525e+02	519	5	37	5	50	450	50	0	500	500	500	500	500	0	
3.7399825013e+02	521	4	38	3	52	448	50	0	500	500	500	500	500	0	
3.7449973179e+02	523	3	40	1	59	441	50	0	500	500	500	500	500	0	
3.7499836039e+02	525	1	41	0	55	445	50	0	500	500	500	500	500	0	
3.7549400205e+02	524	2	39	1	38	462	50	0	500	500	500	500	500	0	
3.7599862634e+02	525	2	37	3	38	462	50	0	500	500	500	500	500	0	
3.7649950133e+02	525	3	39	1	34	466	50	0	500	500	500	500	500	0	
3.7699812374e+02	525	6	39	1	39	461	50	0	500	500	500	500	500	0	
3.7749538387e+02	526	5	35	5	26	474	50	0	500	500	500	500	500	0	
3.7799996481e+02	525	6	35	5	27	473	50	0	500	500	500	500	500	0	
3.7849496249e+02	525	5	36	4	23	477	50	0	500	500	500	500	500	0	
3.7899684091e+02	525	6	38	2	29	471	50	0	500	500	500	500	500	0	
3.7949922330e+02	526	4	38	4	44	456	50	0	500	500	500	500	500	0	
3.7999691778e+02	529	6	38	4	32	468	50	0	500	500	500	500	500	0	
3.8049830267e+02	532	4	39	4	58	442	50	0	500	500	500	500	500	0	
3.8099810513e+02	532	6	41	1	49	451	50	0	500	500	500	500	500	0	
3.8149579207e+02	534	8	40	2	45	455	50	0	500	500	500	500	500	0	
3.8199807131e+02	538	4	37	5	47	453	50	0	500	500	500	500	500	0	
3.8249465304e+02	540	3	40	3	48	452	50	0	500	500	500	500	500	0	
3.8299442218e+02	542	1	42	1	58	442	50	0	500	500	500	500	500	0	
3.8349665880e+02	541	3	37	6	53	447	50	0	500	500	500	500	500	0	
3.8399716262e+02	542	3	43	0	38	462	50	0	500	500	500	500	500	0	
3.8449996951e+02	542	3	42	1	41	459	50	0	500	500	500	500	500	0	
3.8499684288e+02	541	4	43	0	46	454	50	0	500	500	500	500	500	0	
3.8549975327e+02	543	4	42	2	39	461	50	0	500	500	500	500	500	0	
3.8599891173e+02	543	4	42	3	41	459	50	0	500	500	500	500	500	0	
3.8649971774e+02	543	4	42	4	44	456	50	0	500	500	500	500	500	0	
3.8699946668e+02	542	6	42	4	52	448	50	0	500	500	500	500	500	0	
3.8749698337e+02	543	6	40	6	55	445	50	0	500	500	500	500	500	0	
3.8799891289e+02	543	5	43	4	49	451	50	0	500	500	500	500	500	0	
3.8849317885e+02	545	2	45	2	49	451	50	0	500	500	500	500	500	0	
3.8899855945e+02	545	2	43	3	32	468	50	0	500	500	500	500	500	0	
3.8949566565e+02	546	2	39	7	34	466	50	0	500	500	500	500	500	0	
3.8999431371e+02	546	5	45	2	47	453	50	0	500	500	500	500	500	0	
3.9049890285e+02	545	4	47	0	44	456	50	0	500	500	500	500	500	0	
3.9099601661e+02	544	6	47	1	42	458	50	0	500	500	500	500	500	0	
3.9149836515e+02	547	5	47	1	43	457	50	0	500	500	500	500	500	0	
3.9199814626e+02	549	3	45	3	48	452	50	0	500	500	500	500	500	0	
3.9249764754e+02	551	1	46	2	42	458	50	0	500	500	500	500	500	0	
3.9299453636e+02	551	2	46	2	25	475	50	0	500	500	500	500	500	0	
3.9349900776e+02	551	4	42	6	44	456	50	0	500	500	500	500	500	0	
3.9399904150e+02	551	4	40	8	44	456	50	0	500	500	500	500	500	0	
3.9449743301e+02	551	6	43	5	43	457	50	0	500	500	500	500	500	0	
3.9499942758e+02	552	6	48	1	48	452	50	0	500	500	500	500	500	0	
3.9549769109e+02	556	2	42	7	42	458	50	0	500	500	500	500	500	0	
3.9599967720e+02	554	5	40	9	43	457	50	0	500	500	500	500	500	0	
3.9649996278e+02	553	5	45	3	50	450	50	0	500	500	500	500	500	0	
3.9699618486e+02	554	6	46	2	50	450	50	0	500	500	500	500	500	0	
3.9749891440e+02	554	5	42	7	48	452	50	0	500	500	500	500	500	0	
3.9799936807e+02	554	6	42	7	41	459	50	0	500	500	500	500	500	0	
3.9849896363e+02	556	4	40	11	34	466	50	0	500	500	500	500	500	0	
3.9899973830e+02	553	6	47	5	36	464	50	0	500	500	500	500	500	0	
3.9949699811e+02	556	5	50	3	42	458	50	0	500	500	500	500	500	0	
3.9999940835e+02	557	5	50	3	55	445	50	0	500	500	500	500	500	0	
4.0049969690e+02	559	3	49	4	52	448	50	0	500	500	500	500	500	0	
4.0099946680e+02	560	3	49	4	45	455	50	0	500	500	500	500	500	0	
4.0149697296e+02	559	3	48	4	50	450	50	0	500	500	500	500	500	0	
4.0199879280e+02	560	2	50	1	41	459	50	0	500	500	500	500	500	0	
4.0249727660e+02	559	1	52	0	51	449	50	0	500	500	500	500	500	0	
4.0299984189e+02	558	3	47	5	63	437	50	0	500	500	500	500	500	0	
4.0349987507e+02	559	2	47	5	42	458	50	0	500	500	500	500	500	0	
4.0399893535e+02	559	2	45	7	34	466	50	0	500	500	500	500	500	0	
4.0449823372e+02	559	3	49	3	37	463	50	0	500	500	500	500	500	0	
4.0499896639e+02	559	5	50	2	29	471	50	0	500	500	500	500	500	0	
4.0549684303e+02	559	5	50	1	39	461	50	0	500	500	500	500	500	0	
4.0599941413e+02	559	6	49	2	55	445	50	0	500	500	500	500	500	0	
4.0649848219e+02	561	5	45	6	44	456	50	0	500	500	500	500	500	0	
4.0699777905e+02	561	5	46	5	48	452	50	0	500	500	500	500	500	0	
4.0749372642e+02	561	5	48	3	35	465	50	0	500	500	500	500	500	0	
4.0798771385e+02	562	5	49	5	51	449	50	0	500	500	500	500	500	0	
4.0849275674e+02	562	7	48	6	26	474	50	0	500	500	500	500	500	0	
4.0899445962e+02	563	6	49	5	21	479	50	0	500	500	500	500	500	0	
4.0949730317e+02	565	4	49	4	39	461	50	0	500	500	500	500	500	0	
4.0999785504e+02	564	5	50	3	45	455	50	0	500	500	500	500	500	0	
4.1049906740e+02	564	5	48	5	40	460	50	0	500	500	500	500	500	0	
4.1099912382e+02	565	6	49	4	33	467	50	0	500	500	500	500	500	0	
4.1149819143e+02	564	7	50	4	57	443	50	0	500	500	500	500	500	0	
4.1199966411e+02	565	9	47	7	53	447	50	0	500	500	500	500	500	0	
4.1249640003e+02	567	9	49	5	50	450	50	0	500	500	500	500	500	0	
4.1299819058e+02	567	9	54	2	51	449	50	0	500	500	500	500	500	0	
4.1349408247e+02	567	8	54	2	44	456	50	0	500	500	500	500	500	0	
4.1399904830e+02	571	4	54	2	50	450	50	0	500	500	500	500	500	0	
4.1449834410e+02	573	3	49	7	46	454	50	0	500	500	500	500	500	0	
4.1499934218e+02	576	2	52	3	48	452	50	0	500	500	500	500	500	0	
4.1549966420e+02	575	4	52	3	43	457	50	0	500	500	500	500	500	0	
4.1599952143e+02	574	4	51	4	38	462	50	0	500	500	500	500	500	0	
4.1649929413e+02	574	4	48	8	51	449	50	0	500	500	500	500	500	0	
4.1699561899e+02	575	3	50	7	52	448	50	0	500	500	500	500	500	0	
4.1749898166e+02	573	5	51	6	30	470	50	0	500	500	500	500	500	0	
4.1799514088e+02	570	8	49	6	41	459	50	0	500	500	500	500	500	0	
4.1849819259e+02	573	4	47	8	48	452	50	0	500	500	500	500	500	0	
4.1899210495e+02	572	4	52	3	39	461	50	0	500	500	500	500	500	0	
4.1949945057e+02	574	4	52	3	33	467	50	0	500	500	500	500	500	0	
4.1999969804e+02	573	5	51	4	54	446	50	0	500	500	500	500	500	0	
4.2049965197e+02	574	5	48	7	44	456	50	0	500	500	500	500	500	0	
4.2099197296e+02	573	6	50	5	31	469	50	0	500	500	500	500	500	0	
4.2149804455e+02	575	4	49	6	57	443	50	0	500	500	500	500	500	0	
4.2199988365e+02	575	4	49	5	44	456	50	0	500	500	500	500	500	0	
4.2249988975e+02	571	7	49	5	55	445	50	0	500	500	500	500	500	0	
4.2299922263e+02	570	7	50	5	42	458	50	0	500	500	500	500	500	0	
4.2349693016e+02	571	5	52	3	29	471	50	0	500	500	500	500	500	0	
4.2399930606e+02	572	4	51	4	49	451	50	0	500	500	500	500	500	0	
4.2449551221e+02	572	4	52	4	38	462	50	0	500	500	500	500	500	0	
4.2499887901e+02	571	6	52	4	41	459	50	0	500	500	500	500	500	0	
4.2549854670e+02	573	3	55	1	37	463	50	0	500	500	500	500	500	0	
4.2599700936e+02	573	5	50	6	48	452	50	0	500	500	500	500	500	0	
4.2649911887e+02	575	4	50	6	42	458	50	0	500	500	500	500	500	0	
4.2699924786e+02	573	6	53	3	34	466	50	0	500	500	500	500	500	0	
4.2749984487e+02	573	8	52	5	35	465	50	0	500	500	500	500	500	0	
4.2799966719e+02	572	7	50	7	38	462	50	0	500	500	500	500	500	0	
4.2848915359e+02	572	9	51	6	41	459	50	0	500	500	500	500	500	0	
4.2899856235e+02	571	9	50	6	53	447	50	0	500	500	500	500	500	0	
4.2949827156e+02	574	7	56	1	36	464	50	0	500	500	500	500	500	0	
4.2999671629e+02	575	7	54	3	40	460	50	0	500	500	500	500	500	0	
4.3049584905e+02	577	6	52	5	35	465	50	0	500	500	500	500	500	0	
4.3099873966e+02	577	9	55	3	37	463	50	0	500	500	500	500	500	0	
4.3149797435e+02	578	8	53	6	37	463	50	0	500	500	500	500	500	0	
4.3199983125e+02	577	7	55	4	30	470	50	0	500	500	500	500	500	0	
4.3249889056e+02	578	7	57	2	30	470	50	0	500	500	500	500	500	0	
4.3299437829e+02	579	7	54	4	36	464	50	0	500	500	500	500	500	0	
4.3349837327e+02	581	5	51	7	43	457	50	0	500	500	500	500	500	0	
4.3399855089e+02	581	4	56	2	44	456	50	0	500	500	500	500	500	0	
4.3449927913e+02	582	5	51	7	51	449	50	0	500	500	500	500	500	0	
4.3499623437e+02	581	4	57	1	49	451	50	0	500	500	500	500	500	0	
4.3549978290e+02	580	5	51	7	34	466	50	0	500	500	500	500	500	0	
4.3599616661e+02	576	7	56	2	25	475	50	0	500	500	500	500	500	0	
4.3649756373e+02	578	4	52	6	48	452	50	0	500	500	500	500	500	0	
4.3699582958e+02	578	4	59	0	38	462	50	0	500	500	500	500	500	0	
4.3749785077e+02	579	3	56	2	43	457	50	0	500	500	500	500	500	0	
4.3799649591e+02	580	5	53	4	45	455	50	0	500	500	500	500	500	0	
4.3849985854e+02	579	9	54	2	48	452	50	0	500	500	500	500	500	0	
4.3899877704e+02	580	10	55	1	52	448	50	0	500	500	500	500	500	0	
4.3949868930e+02	581	10	51	5	36	464	50	0	500	500	500	500	500	0	
4.3999730120e+02	582	8	50	6	36	464	50	0	500	500	500	500	500	0	
4.4049977701e+02	583	9	50	6	39	461	50	0	500	500	500	500	500	0	
4.4099641523e+02	583	10	47	9	42	458	50	0	500	500	500	500	500	0	
4.4149991313e+02	582	9	52	6	50	450	50	0	500	500	500	500	500	0	
4.4199969977e+02	584	9	57	3	43	457	50	0	500	500	500	500	500	0	
4.4249867036e+02	584	10	59	1	38	462	50	0	500	500	500	500	500	0	
4.4299990738e+02	585	8	51	9	46	454	50	0	500	500	500	500	500	0	
4.4349919885e+02	586	10	47	12	28	472	50	0	500	500	500	500	500	0	
4.4399323270e+02	585	11	49	9	65	435	50	0	500	500	500	500	500	0	
4.4449823443e+02	586	8	47	11	34	466	50	0	500	500	500	500	500	0	
4.4499702747e+02	586	9	52	5	59	441	50	0	500	500	500	500	500	0	
4.4549982782e+02	587	11	50	6	63	437	50	0	500	500	500	500	500	0	
4.4599619164e+02	589	10	51	5	55	445	50	0	500	500	500	500	500	0	
4.4649604688e+02	594	6	48	8	47	453	50	0	500	500	500	500	500	0	
4.4699757934e+02	596	4	51	5	47	453	50	0	500	500	500	500	500	0	
4.4749945451e+02	597	3	54	2	43	457	50	0	500	500	500	500	500	0	
4.4799875177e+02	598	3	54	3	55	445	50	0	500	500	500	500	500	0	
4.4849834557e+02	599	2	55	2	48	452	50	0	500	500	500	500	500	0	
4.4899995577e+02	599	3	54	4	44	456	50	0	500	500	500	500	500	0	
4.4949996508e+02	599	4	53	4	61	439	50	0	500	500	500	500	500	0	
4.4999323709e+02	600	3	52	5	71	429	50	0	500	500	500	500	500	0	
4.5049686910e+02	601	3	55	3	47	453	50	0	500	500	500	500	500	0	
4.5099646292e+02	600	3	55	4	54	446	50	0	500	500	500	500	500	0	
4.5149969297e+02	601	4	52	7	35	465	50	0	500	500	500	500	500	0	
4.5199756415e+02	601	4	56	2	45	455	50	0	500	500	500	500	500	0	
4.5249975244e+02	601	5	55	3	49	451	50	0	500	500	500	500	500	0	
4.5299894615e+02	600	6	55	3	52	448	50	0	500	500	500	500	500	0	
4.5349233872e+02	600	6	52	6	46	454	50	0	500	500	500	500	500	0	
4.5399943286e+02	600	6	54	4	50	450	50	0	500	500	500	500	500	0	
4.5449748078e+02	602	5	50	8	54	446	50	0	500	500	500	500	500	0	
4.5499931896e+02	601	5	58	2	42	458	50	0	500	500	500	500	500	0	
4.5549742888e+02	601	6	59	3	38	462	50	0	500	500	500	500	500	0	
4.5599916212e+02	601	8	58	4	39	461	50	0	500	500	500	500	500	0	
4.5649988102e+02	598	10	56	5	42	458	50	0	500	500	500	500	500	0	
4.5699973992e+02	600	8	59	2	48	452	50	0	500	500	500	500	500	0	
4.5749715514e+02	601	8	57	4	51	449	50	0	500	500	500	500	500	0	
4.5799857737e+02	600	9	56	4	44	456	50	0	500	500	500	500	500	0	
4.5849946438e+02	602	7	52	8	39	461	50	0	500	500	500	500	500	0	
4.5899823468e+02	604	5	56	2	28	472	50	0	500	500	500	500	500	0	
4.5949890052e+02	604	3	55	3	38	462	50	0	500	500	500	500	500	0	
4.5999840641e+02	603	4	54	4	50	450	50	0	500	500	500	500	500	0	
4.6049684531e+02	605	3	56	2	47	453	50	0	500	500	500	500	500	0	
4.6099667442e+02	605	3	54	4	43	457	50	0	500	500	500	500	500	0	
4.6149954885e+02	605	2	56	3	34	466	50	0	500	500	500	500	500	0	
4.6199913294e+02	604	8	53	4	20	480	50	0	500	500	500	500	500	0	
4.6249709984e+02	604	7	50	7	47	453	50	0	500	500	500	500	500	0	
4.6299994903e+02	605	6	53	4	49	451	50	0	500	500	500	500	500	0	
4.6349687493e+02	606	5	55	2	58	442	50	0	500	500	500	500	500	0	
4.6399688986e+02	609	2	56	2	41	459	50	0	500	500	500	500	500	0	
4.6449937770e+02	608	3	52	6	31	469	50	0	500	500	500	500	500	0	
4.6499876548e+02	608	5	55	3	42	458	50	0	500	500	500	500	500	0	
4.6549649577e+02	608	4	55	3	55	445	50	0	500	500	500	500	500	0	
4.6599935272e+02	608	4	57	1	46	454	50	0	500	500	500	500	500	0	
4.6649706016e+02	606	3	53	5	49	451	50	0	500	500	500	500	500	0	
4.6699931766e+02	606	4	55	3	43	457	50	0	500	500	500	500	500	0	
4.6749721078e+02	607	4	52	5	16	484	50	0	500	500	500	500	500	0	
4.6799769380e+02	608	3	55	2	52	448	50	0	500	500	500	500	500	0	
4.6849924600e+02	607	3	56	1	60	440	50	0	500	500	500	500	500	0	
4.6899897928e+02	604	5	52	5	34	466	50	0	500	500	500	500	500	0	
4.6949820323e+02	605	5	53	4	53	447	50	0	500	500	500	500	500	0	
4.6999805454e+02	605	4	52	5	32	468	50	0	500	500	500	500	500	0	
4.7049932506e+02	605	5	55	2	49	451	50	0	500	500	500	500	500	0	
4.7099972924e+02	604	5	56	1	41	459	50	0	500	500	500	500	500	0	
4.7149489441e+02	607	2	53	4	26	474	50	0	500	500	500	500	500	0	
4.7199975169e+02	608	1	56	2	39	461	50	0	500	500	500	500	500	0	
4.7249797617e+02	608	3	56	2	35	465	50	0	500	500	500	500	500	0	
4.7299767748e+02	608	5	54	4	38	462	50	0	500	500	500	500	500	0	
4.7349829732e+02	608	6	50	8	45	455	50	0	500	500	500	500	500	0	
4.7399987256e+02	608	7	53	5	29	471	50	0	500	500	500	500	500	0	
4.7449998472e+02	610	6	55	3	53	447	50	0	500	500	500	500	500	0	
4.7499971260e+02	613	4	50	8	45	455	50	0	500	500	500	500	500	0	
4.7549940580e+02	613	5	52	6	54	446	50	0	500	500	500	500	500	0	
4.7599348266e+02	615	4	54	4	28	472	50	0	500	500	500	500	500	0	
4.7649992655e+02	617	3	56	1	56	444	50	0	500	500	500	500	500	0	
4.7699616640e+02	617	3	58	1	60	440	50	0	500	500	500	500	500	0	
4.7749750957e+02	616	4	54	4	46	454	50	0	500	500	500	500	500	0	
4.7799710388e+02	618	3	57	1	45	455	50	0	500	500	500	500	500	0	
4.7849935459e+02	619	2	57	1	35	465	50	0	500	500	500	500	500	0	
4.7899504464e+02	619	3	54	5	47	453	50	0	500	500	500	500	500	0	
4.7949922803e+02	619	5	57	2	41	459	50	0	500	500	500	500	500	0	
4.7999983094e+02	620	5	54	5	38	462	50	0	500	500	500	500	500	0	
4.8049703977e+02	620	5	52	7	29	471	50	0	500	500	500	500	500	0	
4.8099947334e+02	619	5	52	6	44	456	50	0	500	500	500	500	500	0	
4.8149546330e+02	617	7	54	4	47	453	50	0	500	500	500	500	500	0	
4.8199776220e+02	618	8	55	4	47	453	50	0	500	500	500	500	500	0	
4.8249936053e+02	619	6	57	2	39	461	50	0	500	500	500	500	500	0	
4.8299814254e+02	622	4	55	4	46	454	50	0	500	500	500	500	500	0	
4.8349935089e+02	622	5	55	4	36	464	50	0	500	500	500	500	500	0	
4.8399960321e+02	621	7	51	9	55	445	50	0	500	500	500	500	500	0	
4.8449877429e+02	622	5	55	4	60	440	50	0	500	500	500	500	500	0	
4.8499740671e+02	624	3	56	3	61	439	50	0	500	500	500	500	500	0	
4.8549197091e+02	626	3	57	2	47	453	50	0	500	500	500	500	500	0	
4.8599991167e+02	626	2	58	2	43	457	50	0	500	500	500	500	500	0	
4.8649881310e+02	628	0	59	1	58	442	50	0	500	500	500	500	500	0	
4.8699986169e+02	627	1	59	1	48	452	50	0	500	500	500	500	500	0	
4.8749957731e+02	627	2	58	3	40	460	50	0	500	500	500	500	500	0	
4.8799755562e+02	628	1	58	2	49	451	50	0	500	500	500	500	500	0	
4.8849833160e+02	628	2	57	2	42	458	50	0	500	500	500	500	500	0	
4.8899973017e+02	628	3	54	4	55	445	50	0	500	500	500	500	500	0	
4.8949967845e+02	628	3	57	1	50	450	50	0	500	500	500	500	500	0	
4.8999981795e+02	628	5	55	3	47	453	50	0	500	500	500	500	500	0	
4.9049711267e+02	629	4	58	0	57	443	50	0	500	500	500	500	500	0	
4.9099950959e+02	630	3	55	2	51	449	50	0	500	500	500	500	500	0	
4.9149996315e+02	628	5	53	4	53	447	50	0	500	500	500	500	500	0	
4.9199960657e+02	630	3	54	3	47	453	50	0	500	500	500	500	500	0	
4.9249724432e+02	628	2	49	8	39	461	50	0	500	500	500	500	500	0	
4.9299308202e+02	628	2	53	4	37	463	50	0	500	500	500	500	500	0	
4.9349595148e+02	625	4	53	4	41	459	50	0	500	500	500	500	500	0	
4.9399925827e+02	625	5	48	9	40	460	50	0	500	500	500	500	500	0	
4.9449744513e+02	623	7	51	5	45	455	50	0	500	500	500	500	500	0	
4.9499281798e+02	623	8	55	1	43	457	50	0	500	500	500	500	500	0	
4.9549914989e+02	622	7	49	7	43	457	50	0	500	500	500	500	500	0	
4.9599820380e+02	623	5	53	2	49	451	50	0	500	500	500	500	500	0	
4.9649728996e+02	625	4	51	5	50	450	50	0	500	500	500	500	500	0	
4.9699641785e+02	626	4	52	3	38	462	50	0	500	500	500	500	500	0	
4.9749998585e+02	624	6	48	7	36	464	50	0	500	500	500	500	500	0	
4.9799793281e+02	623	8	52	3	39	461	50	0	500	500	500	500	500	0	
4.9849938310e+02	622	8	54	2	35	465	50	0	500	500	500	500	500	0	
4.9899673125e+02	626	5	50	5	40	460	50	0	500	500	500	500	500	0	
4.9949854116e+02	625	6	52	3	28	472	50	0	500	500	500	500	500	0	
4.9999713839e+02	624	8	50	5	35	465	50	0	500	500	500	500	500	0	
5.0000848405e+02	624	8	50	5	36	464	50	0	500	500	500	500	500	0	
