0.0000000000e+00	0	0	0	0	0	500	50	0	500	500	500	500	500	0	
4.9697165422e-01	0	1	0	0	26	474	50	0	500	500	500	500	500	0	
9.9957565509e-01	1	2	0	0	34	466	50	0	500	500	500	500	500	0	
1.4940594852e+00	3	0	0	0	31	469	50	0	500	500	500	500	500	0	
1.9955308772e+00	3	1	0	0	34	466	50	0	500	500	500	500	500	0	
2.4989550151e+00	3	2	0	0	31	469	50	0	500	500	500	500	500	0	
2.9987949392e+00	4	1	1	0	47	453	50	0	500	500	500	500	500	0	
3.4988225709e+00	4	2	1	0	33	467	50	0	500	500	500	500	500	0	
3.9955349807e+00	6	2	1	0	31	469	50	0	500	500	500	500	500	0	
4.4958509679e+00	6	4	1	0	29	471	50	0	500	500	500	500	500	0	
4.9972894293e+00	6	5	1	0	38	462	50	0	500	500	500	500	500	0	
5.4983768077e+00	7	5	0	1	37	463	50	0	500	500	500	500	500	0	
5.9928682448e+00	7	5	0	0	31	469	50	0	500	500	500	500	500	0	
6.4984143994e+00	8	6	0	0	25	475	50	0	500	500	500	500	500	0	
6.9994470789e+00	9	5	1	0	28	472	50	0	500	500	500	500	500	0	
7.4964515113e+00	10	4	1	0	41	459	50	0	500	500	500	500	500	0	
7.9994797202e+00	10	5	1	0	34	466	50	0	500	500	500	500	500	0	
8.4991456496e+00	11	6	1	0	37	463	50	0	500	500	500	500	500	0	
8.9911712943e+00	13	4	1	0	43	457	50	0	500	500	500	500	500	0	
9.4961758630e+00	14	4	0	1	55	445	50	0	500	500	500	500	500	0	
9.9956683224e+00	17	1	1	0	45	455	50	0	500	500	500	500	500	0	
1.0497405378e+01	17	3	1	0	38	462	50	0	500	500	500	500	500	0	
1.0998922163e+01	17	3	1	0	52	448	50	0	500	500	500	500	500	0	
1.1488855208e+01	20	1	1	0	41	459	50	0	500	500	500	500	500	0	
1.1990896021e+01	20	4	2	0	47	453	50	0	500	500	500	500	500	0	
1.2499136631e+01	20	4	2	0	46	454	50	0	500	500	500	500	500	0	
1.2999978530e+01	22	4	2	0	29	471	50	0	500	500	500	500	500	0	
1.3498806301e+01	23	5	2	0	45	455	50	0	500	500	500	500	500	0	
1.3997742415e+01	25	4	3	0	38	462	50	0	500	500	500	500	500	0	
1.4497733796e+01	26	4	3	0	45	455	50	0	500	500	500	500	500	0	
1.4998364115e+01	28	5	3	0	32	468	50	0	500	500	500	500	500	0	
1.5495451092e+01	31	2	3	0	29	471	50	0	500	500	500	500	500	0	
1.5997396891e+01	32	5	3	0	36	464	50	0	500	500	500	500	500	0	
1.6492962426e+01	33	5	3	0	47	453	50	0	500	500	500	500	500	0	
1.6999127524e+01	34	5	2	0	43	457	50	0	500	500	500	500	500	0	
1.7491878850e+01	35	5	2	0	47	453	50	0	500	500	500	500	500	0	
1.7999607048e+01	39	2	2	0	33	467	50	0	500	500	500	500	500	0	
1.8499939088e+01	39	3	2	0	33	467	50	0	500	500	500	500	500	0	
1.8998050727e+01	39	4	4	0	39	461	50	0	500	500	500	500	500	0	
1.9499710240e+01	40	5	4	0	44	456	50	0	500	500	500	500	500	0	
1.9999809922e+01	43	2	4	0	32	468	50	0	500	500	500	500	500	0	
2.0499185083e+01	43	3	4	0	56	444	50	0	500	500	500	500	500	0	
2.0998600831e+01	43	3	5	0	51	449	50	0	500	500	500	500	500	0	
2.1496771686e+01	44	2	4	1	45	455	50	0	500	500	500	500	500	0	
2.1998157064e+01	46	1	5	0	47	453	50	0	500	500	500	500	500	0	
2.2499157905e+01	46	1	4	1	43	457	50	0	500	500	500	500	500	0	
2.2999715352e+01	46	4	5	0	54	446	50	0	500	500	500	500	500	0	
2.3498061942e+01	47	3	5	0	45	455	50	0	500	500	500	500	500	0	
2.3999559234e+01	47	2	4	1	45	455	50	0	500	500	500	500	500	0	
2.4496412931e+01	47	4	4	1	47	453	50	0	500	500	500	500	500	0	
2.4989570183e+01	48	3	4	1	39	461	50	0	500	500	500	500	500	0	
2.5496743463e+01	48	7	5	0	48	452	50	0	500	500	500	500	500	0	
2.5999736510e+01	52	3	5	0	52	448	50	0	500	500	500	500	500	0	
2.6496225639e+01	52	4	6	0	52	448	50	0	500	500	500	500	500	0	
2.6999790011e+01	52	5	6	0	39	461	50	0	500	500	500	500	500	0	
2.7499027142e+01	51	7	5	1	59	441	50	0	500	500	500	500	500	0	
2.7999318314e+01	54	4	6	0	40	460	50	0	500	500	500	500	500	0	
2.8498252654e+01	56	2	7	0	45	455	50	0	500	500	500	500	500	0	
2.8994893039e+01	56	4	8	0	68	432	50	0	500	500	500	500	500	0	
2.9499648869e+01	56	6	9	0	68	432	50	0	500	500	500	500	500	0	
2.9998425019e+01	57	4	9	0	55	445	50	0	500	500	500	500	500	0	
3.0489695801e+01	59	3	8	1	31	469	50	0	500	500	500	500	500	0	
3.0999353645e+01	60	4	9	0	45	455	50	0	500	500	500	500	500	0	
3.1492087801e+01	60	4	10	0	37	463	50	0	500	500	500	500	500	0	
3.1999425193e+01	61	3	9	1	45	455	50	0	500	500	500	500	500	0	
3.2499022503e+01	61	3	10	0	48	452	50	0	500	500	500	500	500	0	
3.2997448990e+01	62	3	10	0	56	444	50	0	500	500	500	500	500	0	
3.3499620953e+01	62	4	10	0	50	450	50	0	500	500	500	500	500	0	
3.3999572120e+01	62	4	9	1	40	460	50	0	500	500	500	500	500	0	
3.4493169949e+01	62	4	10	0	46	454	50	0	500	500	500	500	500	0	
3.4995553426e+01	65	2	10	0	29	471	50	0	500	500	500	500	500	0	
3.5498578816e+01	66	1	10	0	50	450	50	0	500	500	500	500	500	0	
3.5995097104e+01	66	1	12	0	39	461	50	0	500	500	500	500	500	0	
3.6499575719e+01	66	1	12	1	57	443	50	0	500	500	500	500	500	0	
3.6998618747e+01	67	0	13	0	67	433	50	0	500	500	500	500	500	0	
3.7498975560e+01	67	1	13	0	55	445	50	0	500	500	500	500	500	0	
3.7993838142e+01	67	1	13	0	49	451	50	0	500	500	500	500	500	0	
3.8497968773e+01	66	2	13	0	37	463	50	0	500	500	500	500	500	0	
3.8998638561e+01	66	4	12	1	41	459	50	0	500	500	500	500	500	0	
3.9499110167e+01	67	5	13	0	43	457	50	0	500	500	500	500	500	0	
3.9998822493e+01	69	4	13	1	47	453	50	0	500	500	500	500	500	0	
4.0498912470e+01	70	4	14	0	33	467	50	0	500	500	500	500	500	0	
4.0998812333e+01	70	5	14	0	21	479	50	0	500	500	500	500	500	0	
4.1497200026e+01	69	5	15	0	31	469	50	0	500	500	500	500	500	0	
4.1995501610e+01	70	5	13	2	54	446	50	0	500	500	500	500	500	0	
4.2499729777e+01	72	3	14	1	29	471	50	0	500	500	500	500	500	0	
4.2999459508e+01	72	4	15	1	48	452	50	0	500	500	500	500	500	0	
4.3499497003e+01	75	5	13	3	28	472	50	0	500	500	500	500	500	0	
4.3999942570e+01	78	6	14	2	40	460	50	0	500	500	500	500	500	0	
4.4498513005e+01	79	6	15	2	29	471	50	0	500	500	500	500	500	0	
4.4999196831e+01	84	2	16	1	32	468	50	0	500	500	500	500	500	0	
4.5494222994e+01	84	4	17	0	36	464	50	0	500	500	500	500	500	0	
4.5998007921e+01	86	4	16	0	49	451	50	0	500	500	500	500	500	0	
4.6499105176e+01	87	4	14	2	37	463	50	0	500	500	500	500	500	0	
4.6992060850e+01	87	5	16	0	24	476	50	0	500	500	500	500	500	0	
4.7498561106e+01	88	5	15	1	26	474	50	0	500	500	500	500	500	0	
4.7997175097e+01	88	7	14	2	41	459	50	0	500	500	500	500	500	0	
4.8499811755e+01	92	4	15	1	40	460	50	0	500	500	500	500	500	0	
4.8984366667e+01	89	4	14	2	31	469	50	0	500	500	500	500	500	0	
4.9497349569e+01	90	4	17	0	21	479	50	0	500	500	500	500	500	0	
4.9997667428e+01	93	1	16	1	39	461	50	0	500	500	500	500	500	0	
5.0498260279e+01	94	3	16	1	38	462	50	0	500	500	500	500	500	0	
5.0997797701e+01	96	2	16	1	40	460	50	0	500	500	500	500	500	0	
5.1499939974e+01	97	1	14	3	59	441	50	0	500	500	500	500	500	0	
5.1999634760e+01	97	1	17	1	67	433	50	0	500	500	500	500	500	0	
5.2498641698e+01	97	2	19	0	25	475	50	0	500	500	500	500	500	0	
5.2999566419e+01	97	2	19	0	36	464	50	0	500	500	500	500	500	0	
5.3497778084e+01	98	2	19	0	44	456	50	0	500	500	500	500	500	0	
5.3998681165e+01	100	0	19	0	38	462	50	0	500	500	500	500	500	0	
5.4496873265e+01	100	1	19	0	34	466	50	0	500	500	500	500	500	0	
5.4998778816e+01	100	1	19	0	29	471	50	0	500	500	500	500	500	0	
5.5499980098e+01	101	2	19	0	35	465	50	0	500	500	500	500	500	0	
5.5995446744e+01	101	2	18	1	43	457	50	0	500	500	500	500	500	0	
5.6497867675e+01	100	2	18	1	38	462	50	0	500	500	500	500	500	0	
5.6999123818e+01	101	3	19	0	29	471	50	0	500	500	500	500	500	0	
5.7494961376e+01	104	0	19	0	42	458	50	0	500	500	500	500	500	0	
5.7996967651e+01	104	0	18	1	53	447	50	0	500	500	500	500	500	0	
5.8489232471e+01	104	1	18	1	52	448	50	0	500	500	500	500	500	0	
5.8996062605e+01	103	1	19	0	56	444	50	0	500	500	500	500	500	0	
5.9496590629e+01	103	2	18	1	40	460	50	0	500	500	500	500	500	0	
5.9999177422e+01	104	1	19	0	46	454	50	0	500	500	500	500	500	0	
6.0499036131e+01	105	1	19	0	41	459	50	0	500	500	500	500	500	0	
6.0996981229e+01	105	1	19	0	35	465	50	0	500	500	500	500	500	0	
6.1495507240e+01	105	1	19	0	49	451	50	0	500	500	500	500	500	0	
6.1997059660e+01	106	0	19	0	36	464	50	0	500	500	500	500	500	0	
6.2497785135e+01	106	0	19	0	44	456	50	0	500	500	500	500	500	0	
6.2996938687e+01	106	1	19	0	51	449	50	0	500	500	500	500	500	0	
6.3498922525e+01	106	1	19	0	43	457	50	0	500	500	500	500	500	0	
6.3994875426e+01	106	1	19	0	31	469	50	0	500	500	500	500	500	0	
6.4498925650e+01	107	1	20	0	33	467	50	0	500	500	500	500	500	0	
6.4999931816e+01	107	1	18	2	34	466	50	0	500	500	500	500	500	0	
6.5494212433e+01	107	3	20	0	49	451	50	0	500	500	500	500	500	0	
6.5998413836e+01	108	1	20	0	42	458	50	0	500	500	500	500	500	0	
6.6496959825e+01	107	1	20	0	34	466	50	0	500	500	500	500	500	0	
6.6996652530e+01	107	2	19	0	36	464	50	0	500	500	500	500	500	0	
6.7498212116e+01	108	1	19	0	43	457	50	0	500	500	500	500	500	0	
6.7999617702e+01	109	1	20	0	34	466	50	0	500	500	500	500	500	0	
6.8499142240e+01	110	1	19	1	38	462	50	0	500	500	500	500	500	0	
6.8998717452e+01	111	0	20	0	31	469	50	0	500	500	500	500	500	0	
6.9497452879e+01	111	1	20	0	34	466	50	0	500	500	500	500	500	0	
6.9999483984e+01	113	0	20	0	34	466	50	0	500	500	500	500	500	0	
7.0493638795e+01	113	2	20	0	41	459	50	0	500	500	500	500	500	0	
7.0999257109e+01	113	4	18	2	39	461	50	0	500	500	500	500	500	0	
7.1495886902e+01	114	4	19	1	25	475	50	0	500	500	500	500	500	0	
7.1999140067e+01	116	2	18	2	26	474	50	0	500	500	500	500	500	0	
7.2496968188e+01	116	2	18	2	29	471	50	0	500	500	500	500	500	0	
7.2997434936e+01	116	3	20	0	42	458	50	0	500	500	500	500	500	0	
7.3493829540e+01	118	3	20	0	38	462	50	0	500	500	500	500	500	0	
7.3999008486e+01	120	2	20	0	31	469	50	0	500	500	500	500	500	0	
7.4499978373e+01	119	4	19	1	23	477	50	0	500	500	500	500	500	0	
7.4999972585e+01	119	5	18	2	47	453	50	0	500	500	500	500	500	0	
7.5499653592e+01	122	3	19	1	34	466	50	0	500	500	500	500	500	0	
7.5999900684e+01	122	3	20	1	28	472	50	0	500	500	500	500	500	0	
7.6496705526e+01	124	1	19	1	23	477	50	0	500	500	500	500	500	0	
7.6999958370e+01	124	2	19	0	43	457	50	0	500	500	500	500	500	0	
7.7497986182e+01	123	4	19	0	46	454	50	0	500	500	500	500	500	0	
7.7996372374e+01	124	2	18	1	52	448	50	0	500	500	500	500	500	0	
7.8496002779e+01	126	0	19	0	45	455	50	0	500	500	500	500	500	0	
7.8994608486e+01	126	2	19	0	51	449	50	0	500	500	500	500	500	0	
7.9496512912e+01	127	1	18	1	58	442	50	0	500	500	500	500	500	0	
7.9993278090e+01	127	1	20	1	45	455	50	0	500	500	500	500	500	0	
8.0498066964e+01	129	3	20	2	40	460	50	0	500	500	500	500	500	0	
8.0998252857e+01	130	3	20	2	55	445	50	0	500	500	500	500	500	0	
8.1498490402e+01	129	3	20	2	48	452	50	0	500	500	500	500	500	0	
8.1995958711e+01	130	2	20	1	37	463	50	0	500	500	500	500	500	0	
8.2499619639e+01	130	2	20	1	30	470	50	0	500	500	500	500	500	0	
8.2999641485e+01	130	5	22	0	42	458	50	0	500	500	500	500	500	0	
8.3499170011e+01	132	4	22	1	29	471	50	0	500	500	500	500	500	0	
8.3998578579e+01	133	5	23	0	42	458	50	0	500	500	500	500	500	0	
8.4497647046e+01	135	4	21	2	26	474	50	0	500	500	500	500	500	0	
8.4997460001e+01	136	6	23	0	40	460	50	0	500	500	500	500	500	0	
8.5499907729e+01	139	7	21	2	44	456	50	0	500	500	500	500	500	0	
8.5997124344e+01	140	8	21	2	49	451	50	0	500	500	500	500	500	0	
8.6499580659e+01	141	11	21	2	48	452	50	0	500	500	500	500	500	0	
8.6998737358e+01	143	10	20	3	54	446	50	0	500	500	500	500	500	0	
8.7497365188e+01	144	9	22	1	33	467	50	0	500	500	500	500	500	0	
8.7999114021e+01	149	6	23	0	47	453	50	0	500	500	500	500	500	0	
8.8494997225e+01	152	5	22	0	31	469	50	0	500	500	500	500	500	0	
8.8998309196e+01	153	5	22	1	24	476	50	0	500	500	500	500	500	0	
8.9499512026e+01	155	3	22	1	26	474	50	0	500	500	500	500	500	0	
8.9999282048e+01	158	1	22	1	45	455	50	0	500	500	500	500	500	0	
9.0497271587e+01	158	1	22	0	39	461	50	0	500	500	500	500	500	0	
9.0992269273e+01	158	1	22	0	41	459	50	0	500	500	500	500	500	0	
9.1492148698e+01	158	3	21	1	50	450	50	0	500	500	500	500	500	0	
9.1998958829e+01	159	5	23	0	39	461	50	0	500	500	500	500	500	0	
9.2497520423e+01	163	3	18	4	33	467	50	0	500	500	500	500	500	0	
9.2999748717e+01	163	3	20	2	36	464	50	0	500	500	500	500	500	0	
9.3498484509e+01	161	4	21	1	27	473	50	0	500	500	500	500	500	0	
9.3999398787e+01	162	4	15	7	36	464	50	0	500	500	500	500	500	0	
9.4497822307e+01	162	6	19	3	35	465	50	0	500	500	500	500	500	0	
9.4997499693e+01	163	6	19	3	43	457	50	0	500	500	500	500	500	0	
9.5496397573e+01	165	5	19	3	48	452	50	0	500	500	500	500	500	0	
9.5999094255e+01	165	4	23	0	32	468	50	0	500	500	500	500	500	0	
9.6497134120e+01	165	4	22	1	36	464	50	0	500	500	500	500	500	0	
9.6996387130e+01	165	5	21	2	41	459	50	0	500	500	500	500	500	0	
9.7498528992e+01	167	4	24	0	41	459	50	0	500	500	500	500	500	0	
9.7998844276e+01	169	3	24	0	42	458	50	0	500	500	500	500	500	0	
9.8493850651e+01	169	4	24	0	37	463	50	0	500	500	500	500	500	0	
9.8989042407e+01	171	2	23	1	26	474	50	0	500	500	500	500	500	0	
9.9497736285e+01	171	2	24	0	35	465	50	0	500	500	500	500	500	0	
9.9999959986e+01	172	3	23	1	45	455	50	0	500	500	500	500	500	0	
1.0049688416e+02	172	3	23	1	48	452	50	0	500	500	500	500	500	0	
1.0099708566e+02	175	2	24	0	33	467	50	0	500	500	500	500	500	0	
1.0149924987e+02	176	1	24	0	24	476	50	0	500	500	500	500	500	0	
1.0199704031e+02	176	1	25	0	29	471	50	0	500	500	500	500	500	0	
1.0249846393e+02	177	1	23	2	38	462	50	0	500	500	500	500	500	0	
1.0299502125e+02	177	3	24	1	54	446	50	0	500	500	500	500	500	0	
1.0349879461e+02	176	3	23	2	47	453	50	0	500	500	500	500	500	0	
1.0399782441e+02	178	2	24	1	35	465	50	0	500	500	500	500	500	0	
1.0449030126e+02	175	2	24	1	51	449	50	0	500	500	500	500	500	0	
1.0499559806e+02	176	3	24	0	34	466	50	0	500	500	500	500	500	0	
1.0549508804e+02	177	5	24	0	23	477	50	0	500	500	500	500	500	0	
1.0599999389e+02	179	3	25	0	29	471	50	0	500	500	500	500	500	0	
1.0649659864e+02	181	4	25	0	32	468	50	0	500	500	500	500	500	0	
1.0699956247e+02	182	3	20	4	45	455	50	0	500	500	500	500	500	0	
1.0748713198e+02	183	2	23	1	38	462	50	0	500	500	500	500	500	0	
1.0799927390e+02	183	3	22	1	40	460	50	0	500	500	500	500	500	0	
1.0849901962e+02	183	3	22	0	40	460	50	0	500	500	500	500	500	0	
1.0899919609e+02	184	2	22	0	24	476	50	0	500	500	500	500	500	0	
1.0949031330e+02	183	2	23	0	31	469	50	0	500	500	500	500	500	0	
1.0999981404e+02	185	1	21	2	39	461	50	0	500	500	500	500	500	0	
1.1049540664e+02	185	5	23	0	51	449	50	0	500	500	500	500	500	0	
1.1099902220e+02	186	6	21	2	39	461	50	0	500	500	500	500	500	0	
1.1149694511e+02	186	6	20	3	46	454	50	0	500	500	500	500	500	0	
1.1199738480e+02	189	4	21	1	39	461	50	0	500	500	500	500	500	0	
1.1249673240e+02	191	5	22	0	35	465	50	0	500	500	500	500	500	0	
1.1299610502e+02	189	7	20	2	31	469	50	0	500	500	500	500	500	0	
1.1349978789e+02	191	5	22	3	38	462	50	0	500	500	500	500	500	0	
1.1399931282e+02	191	6	25	0	42	458	50	0	500	500	500	500	500	0	
1.1449912510e+02	192	5	25	0	39	461	50	0	500	500	500	500	500	0	
1.1499633847e+02	194	3	24	1	41	459	50	0	500	500	500	500	500	0	
1.1549799778e+02	195	2	25	1	35	465	50	0	500	500	500	500	500	0	
1.1599714693e+02	195	2	25	1	53	447	50	0	500	500	500	500	500	0	
1.1649915699e+02	196	2	26	0	49	451	50	0	500	500	500	500	500	0	
1.1699871367e+02	196	1	25	0	54	446	50	0	500	500	500	500	500	0	
1.1749948441e+02	196	1	25	1	41	459	50	0	500	500	500	500	500	0	
1.1799887106e+02	196	1	23	2	38	462	50	0	500	500	500	500	500	0	
1.1849977205e+02	195	2	24	1	47	453	50	0	500	500	500	500	500	0	
1.1899978391e+02	195	3	22	3	30	470	50	0	500	500	500	500	500	0	
1.1949836856e+02	195	5	24	1	32	468	50	0	500	500	500	500	500	0	
1.1999828963e+02	197	6	25	0	50	450	50	0	500	500	500	500	500	0	
1.2049964336e+02	197	8	23	2	36	464	50	0	500	500	500	500	500	0	
1.2099905293e+02	198	10	24	1	36	464	50	0	500	500	500	500	500	0	
1.2149562913e+02	200	8	24	1	32	468	50	0	500	500	500	500	500	0	
1.2199687405e+02	204	7	24	1	37	463	50	0	500	500	500	500	500	0	
1.2249971303e+02	205	8	22	3	40	460	50	0	500	500	500	500	500	0	
1.2299934329e+02	205	11	25	0	55	445	50	0	500	500	500	500	500	0	
1.2349663293e+02	208	10	22	3	43	457	50	0	500	500	500	500	500	0	
1.2399824946e+02	210	11	21	4	54	446	50	0	500	500	500	500	500	0	
1.2449877448e+02	209	12	22	3	38	462	50	0	500	500	500	500	500	0	
1.2499985750e+02	213	8	23	2	36	464	50	0	500	500	500	500	500	0	
1.2549847896e+02	215	7	19	6	40	460	50	0	500	500	500	500	500	0	
1.2599892185e+02	217	6	23	3	41	459	50	0	500	500	500	500	500	0	
1.2649969633e+02	220	4	21	4	34	466	50	0	500	500	500	500	500	0	
1.2699998521e+02	220	3	21	4	38	462	50	0	500	500	500	500	500	0	
1.2749404066e+02	221	2	25	0	46	454	50	0	500	500	500	500	500	0	
1.2799601418e+02	221	4	25	0	38	462	50	0	500	500	500	500	500	0	
1.2849916587e+02	221	4	26	0	36	464	50	0	500	500	500	500	500	0	
1.2899630887e+02	223	7	25	1	47	453	50	0	500	500	500	500	500	0	
1.2949995391e+02	225	7	25	1	43	457	50	0	500	500	500	500	500	0	
1.2999972489e+02	226	5	23	2	33	467	50	0	500	500	500	500	500	0	
1.3049807470e+02	228	3	26	0	41	459	50	0	500	500	500	500	500	0	
1.3099558659e+02	228	4	24	2	31	469	50	0	500	500	500	500	500	0	
1.3149874118e+02	228	4	26	0	36	464	50	0	500	500	500	500	500	0	
1.3199849793e+02	230	2	27	0	38	462	50	0	500	500	500	500	500	0	
1.3249648222e+02	230	3	27	0	34	466	50	0	500	500	500	500	500	0	
1.3299873069e+02	229	3	27	0	40	460	50	0	500	500	500	500	500	0	
1.3349942397e+02	234	2	26	1	53	447	50	0	500	500	500	500	500	0	
1.3399903731e+02	234	2	28	1	41	459	50	0	500	500	500	500	500	0	
1.3449953843e+02	234	3	28	1	38	462	50	0	500	500	500	500	500	0	
1.3499631483e+02	234	7	29	0	38	462	50	0	500	500	500	500	500	0	
1.3549750989e+02	237	6	29	0	39	461	50	0	500	500	500	500	500	0	
1.3599912662e+02	242	1	28	1	40	460	50	0	500	500	500	500	500	0	
1.3649583425e+02	242	0	29	1	27	473	50	0	500	500	500	500	500	0	
1.3699885255e+02	241	1	27	3	32	468	50	0	500	500	500	500	500	0	
1.3749778889e+02	241	1	26	4	44	456	50	0	500	500	500	500	500	0	
1.3799419943e+02	240	3	28	2	39	461	50	0	500	500	500	500	500	0	
1.3849882441e+02	240	2	29	1	34	466	50	0	500	500	500	500	500	0	
1.3899921227e+02	240	2	28	2	37	463	50	0	500	500	500	500	500	0	
1.3949927414e+02	240	4	25	6	36	464	50	0	500	500	500	500	500	0	
1.3999974817e+02	242	3	29	4	33	467	50	0	500	500	500	500	500	0	
1.4049933182e+02	243	2	33	0	42	458	50	0	500	500	500	500	500	0	
1.4099540715e+02	243	2	34	0	32	468	50	0	500	500	500	500	500	0	
1.4149567309e+02	244	3	32	3	37	463	50	0	500	500	500	500	500	0	
1.4199981164e+02	245	2	34	0	34	466	50	0	500	500	500	500	500	0	
1.4249581188e+02	245	2	31	2	40	460	50	0	500	500	500	500	500	0	
1.4299615534e+02	245	4	33	2	58	442	50	0	500	500	500	500	500	0	
1.4349921978e+02	246	4	33	2	56	444	50	0	500	500	500	500	500	0	
1.4399774231e+02	247	5	35	0	52	448	50	0	500	500	500	500	500	0	
1.4449116108e+02	249	3	35	0	34	466	50	0	500	500	500	500	500	0	
1.4499854983e+02	249	2	33	1	42	458	50	0	500	500	500	500	500	0	
1.4549309769e+02	250	2	34	1	35	465	50	0	500	500	500	500	500	0	
1.4599603322e+02	251	1	34	0	38	462	50	0	500	500	500	500	500	0	
1.4649417534e+02	251	1	34	0	27	473	50	0	500	500	500	500	500	0	
1.4699717429e+02	252	5	33	0	40	460	50	0	500	500	500	500	500	0	
1.4749834131e+02	254	3	31	2	31	469	50	0	500	500	500	500	500	0	
1.4799518193e+02	253	4	29	4	36	464	50	0	500	500	500	500	500	0	
1.4849213100e+02	253	3	30	4	34	466	50	0	500	500	500	500	500	0	
1.4899623395e+02	255	1	33	2	47	453	50	0	500	500	500	500	500	0	
1.4949681980e+02	255	1	33	2	44	456	50	0	500	500	500	500	500	0	
1.4999943936e+02	256	0	34	1	36	464	50	0	500	500	500	500	500	0	
1.5049846540e+02	255	1	33	2	36	464	50	0	500	500	500	500	500	0	
1.5099242328e+02	254	0	34	2	28	472	50	0	500	500	500	500	500	0	
1.5149648264e+02	252	1	35	0	22	478	50	0	500	500	500	500	500	0	
1.5199720281e+02	252	2	35	0	33	467	50	0	500	500	500	500	500	0	
1.5249734176e+02	252	3	34	1	37	463	50	0	500	500	500	500	500	0	
1.5299859721e+02	252	4	31	4	44	456	50	0	500	500	500	500	500	0	
1.5349842401e+02	251	7	34	1	28	472	50	0	500	500	500	500	500	0	
1.5399798960e+02	254	5	34	0	42	458	50	0	500	500	500	500	500	0	
1.5449620604e+02	255	4	32	2	37	463	50	0	500	500	500	500	500	0	
1.5499999344e+02	255	3	33	1	42	458	50	0	500	500	500	500	500	0	
1.5549891355e+02	256	2	31	3	44	456	50	0	500	500	500	500	500	0	
1.5599412999e+02	255	6	29	5	37	463	50	0	500	500	500	500	500	0	
1.5649738503e+02	256	7	30	4	34	466	50	0	500	500	500	500	500	0	
1.5699727348e+02	256	6	32	2	48	452	50	0	500	500	500	500	500	0	
1.5749944249e+02	258	4	33	1	55	445	50	0	500	500	500	500	500	0	
1.5799875374e+02	258	5	34	1	41	459	50	0	500	500	500	500	500	0	
1.5849954778e+02	259	5	33	2	42	458	50	0	500	500	500	500	500	0	
1.5899920781e+02	258	5	33	2	26	474	50	0	500	500	500	500	500	0	
1.5949923015e+02	260	5	29	6	55	445	50	0	500	500	500	500	500	0	
1.5999986117e+02	260	4	33	2	47	453	50	0	500	500	500	500	500	0	
1.6049995185e+02	261	5	32	2	47	453	50	0	500	500	500	500	500	0	
1.6099953887e+02	263	5	30	5	44	456	50	0	500	500	500	500	500	0	
1.6149931958e+02	262	7	30	4	48	452	50	0	500	500	500	500	500	0	
1.6199984959e+02	265	4	30	3	58	442	50	0	500	500	500	500	500	0	
1.6249989969e+02	268	3	32	1	38	462	50	0	500	500	500	500	500	0	
1.6299995472e+02	267	5	29	4	33	467	50	0	500	500	500	500	500	0	
1.6349820696e+02	269	4	34	0	54	446	50	0	500	500	500	500	500	0	
1.6399955374e+02	269	5	33	1	47	453	50	0	500	500	500	500	500	0	
1.6449937395e+02	267	6	31	3	45	455	50	0	500	500	500	500	500	0	
1.6499075512e+02	268	6	34	1	32	468	50	0	500	500	500	500	500	0	
1.6549602863e+02	269	4	33	2	57	443	50	0	500	500	500	500	500	0	
1.6599743412e+02	269	6	31	4	33	467	50	0	500	500	500	500	500	0	
1.6649952961e+02	270	5	32	3	46	454	50	0	500	500	500	500	500	0	
1.6699991417e+02	270	8	31	4	53	447	50	0	500	500	500	500	500	0	
1.6749585778e+02	273	5	34	1	49	451	50	0	500	500	500	500	500	0	
1.6799801006e+02	272	5	36	1	62	438	50	0	500	500	500	500	500	0	
1.6849860758e+02	271	5	34	3	53	447	50	0	500	500	500	500	500	0	
1.6898660653e+02	273	3	35	2	40	460	50	0	500	500	500	500	500	0	
1.6949896837e+02	271	3	35	2	33	467	50	0	500	500	500	500	500	0	
1.6999658107e+02	273	2	33	4	34	466	50	0	500	500	500	500	500	0	
1.7049949140e+02	273	3	35	3	45	455	50	0	500	500	500	500	500	0	
1.7099846007e+02	271	4	32	6	36	464	50	0	500	500	500	500	500	0	
1.7149626509e+02	274	3	36	2	42	458	50	0	500	500	500	500	500	0	
1.7199829616e+02	275	3	35	2	34	466	50	0	500	500	500	500	500	0	
1.7249954317e+02	276	6	35	2	33	467	50	0	500	500	500	500	500	0	
1.7299987628e+02	276	8	35	2	39	461	50	0	500	500	500	500	500	0	
1.7349801061e+02	280	5	35	2	41	459	50	0	500	500	500	500	500	0	
1.7399647739e+02	281	4	33	4	43	457	50	0	500	500	500	500	500	0	
1.7449536789e+02	281	5	36	1	19	481	50	0	500	500	500	500	500	0	
1.7499826080e+02	281	5	37	0	37	463	50	0	500	500	500	500	500	0	
1.7549936315e+02	280	7	34	3	37	463	50	0	500	500	500	500	500	0	
1.7599896582e+02	283	6	30	7	33	467	50	0	500	500	500	500	500	0	
1.7649845268e+02	284	6	33	4	38	462	50	0	500	500	500	500	500	0	
1.7699951308e+02	286	3	36	2	45	455	50	0	500	500	500	500	500	0	
1.7749481703e+02	286	4	37	1	51	449	50	0	500	500	500	500	500	0	
1.7799823680e+02	286	4	35	3	44	456	50	0	500	500	500	500	500	0	
1.7849724231e+02	286	6	37	1	37	463	50	0	500	500	500	500	500	0	
1.7899747525e+02	286	6	38	0	37	463	50	0	500	500	500	500	500	0	
1.7949755750e+02	286	6	37	1	52	448	50	0	500	500	500	500	500	0	
1.7999387321e+02	287	4	35	3	47	453	50	0	500	500	500	500	500	0	
1.8049527050e+02	289	2	36	2	28	472	50	0	500	500	500	500	500	0	
1.8099663963e+02	290	2	38	0	48	452	50	0	500	500	500	500	500	0	
1.8149971462e+02	289	2	35	3	54	446	50	0	500	500	500	500	500	0	
1.8199786710e+02	290	2	36	2	46	454	50	0	500	500	500	500	500	0	
1.8249474817e+02	291	1	36	2	45	455	50	0	500	500	500	500	500	0	
1.8298533785e+02	291	2	36	2	26	474	50	0	500	500	500	500	500	0	
1.8349323476e+02	290	2	35	3	38	462	50	0	500	500	500	500	500	0	
1.8399942084e+02	290	4	36	2	35	465	50	0	500	500	500	500	500	0	
1.8449959075e+02	290	6	36	2	52	448	50	0	500	500	500	500	500	0	
1.8499992760e+02	289	7	37	1	38	462	50	0	500	500	500	500	500	0	
1.8549704331e+02	291	5	35	3	44	456	50	0	500	500	500	500	500	0	
1.8599982011e+02	293	4	37	1	34	466	50	0	500	500	500	500	500	0	
1.8649940477e+02	293	4	36	2	29	471	50	0	500	500	500	500	500	0	
1.8699755615e+02	293	4	36	2	42	458	50	0	500	500	500	500	500	0	
1.8749794547e+02	293	6	36	3	48	452	50	0	500	500	500	500	500	0	
1.8799960933e+02	297	3	38	1	49	451	50	0	500	500	500	500	500	0	
1.8849863736e+02	296	3	39	0	50	450	50	0	500	500	500	500	500	0	
1.8898924157e+02	296	2	37	2	43	457	50	0	500	500	500	500	500	0	
1.8949839017e+02	296	2	34	4	26	474	50	0	500	500	500	500	500	0	
1.8999947228e+02	295	2	37	0	31	469	50	0	500	500	500	500	500	0	
1.9049569757e+02	296	1	37	0	31	469	50	0	500	500	500	500	500	0	
1.9099935388e+02	296	1	37	0	35	465	50	0	500	500	500	500	500	0	
1.9149960204e+02	297	3	34	3	28	472	50	0	500	500	500	500	500	0	
1.9199750609e+02	299	0	33	3	45	455	50	0	500	500	500	500	500	0	
1.9249868663e+02	299	2	37	0	52	448	50	0	500	500	500	500	500	0	
1.9299408173e+02	300	1	35	2	51	449	50	0	500	500	500	500	500	0	
1.9349988078e+02	298	1	36	2	36	464	50	0	500	500	500	500	500	0	
1.9399947464e+02	299	0	37	1	39	461	50	0	500	500	500	500	500	0	
1.9449830780e+02	299	1	37	1	33	467	50	0	500	500	500	500	500	0	
1.9499835061e+02	298	4	36	2	25	475	50	0	500	500	500	500	500	0	
1.9549948587e+02	298	4	37	1	31	469	50	0	500	500	500	500	500	0	
1.9599756317e+02	297	4	35	4	44	456	50	0	500	500	500	500	500	0	
1.9649563031e+02	298	4	37	2	50	450	50	0	500	500	500	500	500	0	
1.9699957620e+02	301	2	39	1	50	450	50	0	500	500	500	500	500	0	
1.9749897998e+02	301	2	37	2	45	455	50	0	500	500	500	500	500	0	
1.9799931073e+02	303	0	38	2	38	462	50	0	500	500	500	500	500	0	
1.9849549871e+02	303	0	38	2	41	459	50	0	500	500	500	500	500	0	
1.9899992081e+02	302	1	40	0	36	464	50	0	500	500	500	500	500	0	
1.9949550313e+02	301	3	39	0	37	463	50	0	500	500	500	500	500	0	
1.9999997892e+02	301	3	37	1	30	470	50	0	500	500	500	500	500	0	
2.0049574299e+02	301	4	35	2	21	479	50	0	500	500	500	500	500	0	
2.0099947211e+02	299	4	37	0	29	471	50	0	500	500	500	500	500	0	
2.0149880027e+02	299	3	36	2	35	465	50	0	500	500	500	500	500	0	
2.0199319814e+02	301	2	39	0	38	462	50	0	500	500	500	500	500	0	
2.0249934344e+02	301	2	36	3	45	455	50	0	500	500	500	500	500	0	
2.0299815073e+02	302	2	36	3	40	460	50	0	500	500	500	500	500	0	
2.0349392862e+02	302	3	38	1	48	452	50	0	500	500	500	500	500	0	
2.0399970860e+02	303	2	37	1	43	457	50	0	500	500	500	500	500	0	
2.0449978876e+02	303	2	37	1	44	456	50	0	500	500	500	500	500	0	
2.0499834199e+02	303	2	34	4	42	458	50	0	500	500	500	500	500	0	
2.0549375932e+02	303	2	36	2	37	463	50	0	500	500	500	500	500	0	
2.0599907399e+02	303	2	40	0	41	459	50	0	500	500	500	500	500	0	
2.0649918455e+02	303	4	39	1	45	455	50	0	500	500	500	500	500	0	
2.0699827268e+02	305	2	39	1	55	445	50	0	500	500	500	500	500	0	
2.0749765686e+02	305	3	40	0	53	447	50	0	500	500	500	500	500	0	
2.0799937655e+02	306	3	38	2	49	451	50	0	500	500	500	500	500	0	
2.0849818292e+02	307	3	37	2	46	454	50	0	500	500	500	500	500	0	
2.0899808344e+02	307	5	38	1	34	466	50	0	500	500	500	500	500	0	
2.0949938869e+02	310	2	39	0	34	466	50	0	500	500	500	500	500	0	
2.0999884745e+02	309	3	33	6	36	464	50	0	500	500	500	500	500	0	
2.1049991031e+02	310	1	36	3	45	455	50	0	500	500	500	500	500	0	
2.1099951039e+02	308	3	34	5	58	442	50	0	500	500	500	500	500	0	
2.1149703450e+02	310	2	38	1	39	461	50	0	500	500	500	500	500	0	
2.1198779989e+02	309	4	37	2	53	447	50	0	500	500	500	500	500	0	
2.1249911691e+02	310	4	36	3	39	461	50	0	500	500	500	500	500	0	
2.1299992078e+02	312	4	37	2	34	466	50	0	500	500	500	500	500	0	
2.1349885807e+02	313	4	36	4	38	462	50	0	500	500	500	500	500	0	
2.1399967743e+02	313	3	37	4	56	444	50	0	500	500	500	500	500	0	
2.1449915908e+02	315	1	36	5	52	448	50	0	500	500	500	500	500	0	
2.1499812715e+02	315	1	39	2	56	444	50	0	500	500	500	500	500	0	
2.1549984844e+02	315	1	40	1	52	448	50	0	500	500	500	500	500	0	
2.1599888446e+02	315	1	42	0	37	463	50	0	500	500	500	500	500	0	
2.1649977337e+02	315	1	40	1	41	459	50	0	500	500	500	500	500	0	
2.1699901665e+02	315	3	38	3	43	457	50	0	500	500	500	500	500	0	
2.1749877337e+02	316	5	36	4	38	462	50	0	500	500	500	500	500	0	
2.1799807201e+02	317	4	38	2	33	467	50	0	500	500	500	500	500	0	
2.1849400071e+02	317	5	40	1	46	454	50	0	500	500	500	500	500	0	
2.1899908517e+02	319	4	37	3	44	456	50	0	500	500	500	500	500	0	
2.1949986368e+02	322	1	39	1	39	461	50	0	500	500	500	500	500	0	
2.1999514528e+02	323	2	39	1	34	466	50	0	500	500	500	500	500	0	
2.2049115377e+02	323	3	38	2	31	469	50	0	500	500	500	500	500	0	
2.2099443264e+02	324	4	36	4	32	468	50	0	500	500	500	500	500	0	
2.2149976222e+02	326	2	39	2	30	470	50	0	500	500	500	500	500	0	
2.2199985271e+02	326	3	37	3	30	470	50	0	500	500	500	500	500	0	
2.2249850725e+02	327	3	40	1	42	458	50	0	500	500	500	500	500	0	
2.2299882150e+02	329	3	39	2	37	463	50	0	500	500	500	500	500	0	
2.2349755769e+02	329	3	39	2	45	455	50	0	500	500	500	500	500	0	
2.2399583741e+02	330	3	39	2	35	465	50	0	500	500	500	500	500	0	
2.2449965735e+02	331	2	38	2	39	461	50	0	500	500	500	500	500	0	
2.2499444705e+02	330	2	39	1	29	471	50	0	500	500	500	500	500	0	
2.2549416094e+02	330	3	37	2	49	451	50	0	500	500	500	500	500	0	
2.2599452596e+02	331	4	38	1	49	451	50	0	500	500	500	500	500	0	
2.2649794244e+02	330	3	38	1	29	471	50	0	500	500	500	500	500	0	
2.2699970866e+02	329	5	40	0	31	469	50	0	500	500	500	500	500	0	
2.2749583868e+02	331	4	39	1	62	438	50	0	500	500	500	500	500	0	
2.2799663279e+02	332	5	41	0	57	443	50	0	500	500	500	500	500	0	
2.2849916433e+02	333	5	38	1	36	464	50	0	500	500	500	500	500	0	
2.2899904191e+02	333	5	40	1	47	453	50	0	500	500	500	500	500	0	
2.2949536551e+02	335	4	42	0	34	466	50	0	500	500	500	500	500	0	
2.2999598182e+02	335	8	40	2	45	455	50	0	500	500	500	500	500	0	
2.3049286979e+02	337	9	39	4	48	452	50	0	500	500	500	500	500	0	
2.3099971462e+02	338	8	38	5	40	460	50	0	500	500	500	500	500	0	
2.3149969428e+02	337	11	40	3	50	450	50	0	500	500	500	500	500	0	
2.3199768905e+02	336	13	40	3	35	465	50	0	500	500	500	500	500	0	
2.3249966052e+02	342	9	40	3	32	468	50	0	500	500	500	500	500	0	
2.3299734578e+02	343	7	40	3	43	457	50	0	500	500	500	500	500	0	
2.3349767304e+02	347	3	40	3	32	468	50	0	500	500	500	500	500	0	
2.3399729894e+02	347	3	41	2	36	464	50	0	500	500	500	500	500	0	
2.3449668486e+02	349	3	43	1	30	470	50	0	500	500	500	500	500	0	
2.3499388129e+02	352	1	43	1	37	463	50	0	500	500	500	500	500	0	
2.3549991050e+02	352	1	43	1	30	470	50	0	500	500	500	500	500	0	
2.3599950665e+02	351	1	44	0	41	459	50	0	500	500	500	500	500	0	
2.3649062189e+02	351	2	40	3	42	458	50	0	500	500	500	500	500	0	
2.3699652063e+02	351	1	41	3	39	461	50	0	500	500	500	500	500	0	
2.3748534570e+02	351	3	41	3	29	471	50	0	500	500	500	500	500	0	
2.3799688042e+02	354	1	40	4	36	464	50	0	500	500	500	500	500	0	
2.3849975306e+02	353	3	42	3	33	467	50	0	500	500	500	500	500	0	
2.3899882268e+02	353	3	45	1	34	466	50	0	500	500	500	500	500	0	
2.3949943836e+02	355	2	46	1	47	453	50	0	500	500	500	500	500	0	
2.3999631861e+02	356	2	43	3	46	454	50	0	500	500	500	500	500	0	
2.4049943990e+02	357	2	46	0	46	454	50	0	500	500	500	500	500	0	
2.4099671124e+02	356	5	44	3	45	455	50	0	500	500	500	500	500	0	
2.4149981901e+02	360	3	40	7	52	448	50	0	500	500	500	500	500	0	
2.4199972216e+02	360	5	45	2	46	454	50	0	500	500	500	500	500	0	
2.4249204881e+02	363	3	45	2	48	452	50	0	500	500	500	500	500	0	
2.4299182725e+02	364	5	46	1	45	455	50	0	500	500	500	500	500	0	
2.4349837756e+02	364	7	43	4	47	453	50	0	500	500	500	500	500	0	
2.4399905384e+02	364	6	46	1	43	457	50	0	500	500	500	500	500	0	
2.4449830766e+02	366	5	44	3	57	443	50	0	500	500	500	500	500	0	
2.4499924054e+02	368	3	45	2	67	433	50	0	500	500	500	500	500	0	
2.4549945336e+02	369	2	41	4	45	455	50	0	500	500	500	500	500	0	
2.4599246063e+02	369	2	42	2	34	466	50	0	500	500	500	500	500	0	
2.4649697627e+02	370	1	43	1	36	464	50	0	500	500	500	500	500	0	
2.4699942857e+02	370	1	44	0	44	456	50	0	500	500	500	500	500	0	
2.4749818616e+02	370	2	45	1	37	463	50	0	500	500	500	500	500	0	
2.4799736476e+02	372	1	45	1	40	460	50	0	500	500	500	500	500	0	
2.4849698680e+02	372	1	46	0	40	460	50	0	500	500	500	500	500	0	
2.4899557829e+02	371	2	45	2	37	463	50	0	500	500	500	500	500	0	
2.4949810964e+02	372	2	45	2	44	456	50	0	500	500	500	500	500	0	
2.4999932457e+02	372	3	44	2	51	449	50	0	500	500	500	500	500	0	
2.5049794136e+02	373	3	45	1	52	448	50	0	500	500	500	500	500	0	
2.5099952077e+02	372	4	41	5	50	450	50	0	500	500	500	500	500	0	
2.5149880268e+02	376	3	43	4	47	453	50	0	500	500	500	500	500	0	
2.5198995627e+02	376	3	45	2	48	452	50	0	500	500	500	500	500	0	
2.5249951870e+02	376	3	44	3	48	452	50	0	500	500	500	500	500	0	
2.5299956693e+02	376	2	43	4	48	452	50	0	500	500	500	500	500	0	
2.5349818060e+02	377	2	45	2	34	466	50	0	500	500	500	500	500	0	
2.5399645454e+02	378	2	45	3	36	464	50	0	500	500	500	500	500	0	
2.5449996888e+02	378	3	47	2	39	461	50	0	500	500	500	500	500	0	
2.5499591192e+02	379	5	48	1	26	474	50	0	500	500	500	500	500	0	
2.5549949104e+02	379	5	47	2	33	467	50	0	500	500	500	500	500	0	
2.5599813841e+02	379	6	45	4	28	472	50	0	500	500	500	500	500	0	
2.5649786144e+02	381	4	48	2	27	473	50	0	500	500	500	500	500	0	
2.5699935151e+02	382	2	49	1	36	464	50	0	500	500	500	500	500	0	
2.5749925238e+02	382	1	52	0	27	473	50	0	500	500	500	500	500	0	
2.5799915574e+02	383	2	50	3	31	469	50	0	500	500	500	500	500	0	
2.5849977320e+02	385	1	52	1	48	452	50	0	500	500	500	500	500	0	
2.5899662313e+02	383	5	52	1	43	457	50	0	500	500	500	500	500	0	
2.5949946728e+02	383	5	51	2	46	454	50	0	500	500	500	500	500	0	
2.5999355054e+02	383	5	49	4	36	464	50	0	500	500	500	500	500	0	
2.6049886159e+02	384	4	51	2	25	475	50	0	500	500	500	500	500	0	
2.6099928099e+02	381	4	53	1	45	455	50	0	500	500	500	500	500	0	
2.6149543004e+02	383	2	51	3	32	468	50	0	500	500	500	500	500	0	
2.6199924288e+02	384	4	52	1	34	466	50	0	500	500	500	500	500	0	
2.6249897450e+02	385	4	52	1	29	471	50	0	500	500	500	500	500	0	
2.6299961468e+02	387	2	54	0	38	462	50	0	500	500	500	500	500	0	
2.6349033826e+02	387	2	53	1	30	470	50	0	500	500	500	500	500	0	
2.6399450915e+02	387	1	52	2	30	470	50	0	500	500	500	500	500	0	
2.6449939004e+02	386	4	52	2	44	456	50	0	500	500	500	500	500	0	
2.6499451130e+02	387	5	53	0	45	455	50	0	500	500	500	500	500	0	
2.6549904402e+02	387	5	50	3	35	465	50	0	500	500	500	500	500	0	
2.6599620061e+02	387	6	50	3	39	461	50	0	500	500	500	500	500	0	
2.6649432022e+02	389	4	50	3	42	458	50	0	500	500	500	500	500	0	
2.6699815010e+02	389	7	52	1	41	459	50	0	500	500	500	500	500	0	
2.6749963644e+02	392	7	46	7	50	450	50	0	500	500	500	500	500	0	
2.6799949191e+02	394	5	49	4	37	463	50	0	500	500	500	500	500	0	
2.6849890916e+02	395	4	48	5	42	458	50	0	500	500	500	500	500	0	
2.6899969095e+02	394	8	50	4	49	451	50	0	500	500	500	500	500	0	
2.6949984218e+02	396	6	51	4	33	467	50	0	500	500	500	500	500	0	
2.6999709543e+02	396	9	52	3	33	467	50	0	500	500	500	500	500	0	
2.7049945695e+02	398	7	51	4	31	469	50	0	500	500	500	500	500	0	
2.7099966704e+02	399	5	51	4	39	461	50	0	500	500	500	500	500	0	
2.7149505724e+02	401	3	51	5	55	445	50	0	500	500	500	500	500	0	
2.7199956590e+02	402	3	51	5	49	451	50	0	500	500	500	500	500	0	
2.7249931634e+02	404	2	53	3	43	457	50	0	500	500	500	500	500	0	
2.7299932226e+02	404	2	55	1	44	456	50	0	500	500	500	500	500	0	
2.7349775412e+02	403	2	53	2	46	454	50	0	500	500	500	500	500	0	
2.7399971020e+02	404	3	47	6	46	454	50	0	500	500	500	500	500	0	
2.7449856198e+02	403	3	51	2	48	452	50	0	500	500	500	500	500	0	
2.7499961477e+02	405	1	51	2	54	446	50	0	500	500	500	500	500	0	
2.7549409254e+02	405	3	52	1	48	452	50	0	500	500	500	500	500	0	
2.7599151869e+02	407	2	52	2	58	442	50	0	500	500	500	500	500	0	
2.7649517068e+02	406	6	46	8	36	464	50	0	500	500	500	500	500	0	
2.7699335104e+02	408	4	49	5	56	444	50	0	500	500	500	500	500	0	
2.7749981894e+02	408	5	47	7	39	461	50	0	500	500	500	500	500	0	
2.7799968440e+02	411	4	49	5	42	458	50	0	500	500	500	500	500	0	
2.7849933365e+02	409	7	48	6	44	456	50	0	500	500	500	500	500	0	
2.7899770752e+02	411	7	49	4	43	457	50	0	500	500	500	500	500	0	
2.7949877893e+02	412	7	49	3	32	468	50	0	500	500	500	500	500	0	
2.7999433323e+02	412	6	49	3	24	476	50	0	500	500	500	500	500	0	
2.8049887219e+02	413	8	50	3	35	465	50	0	500	500	500	500	500	0	
2.8099883726e+02	416	7	47	6	51	449	50	0	500	500	500	500	500	0	
2.8149577852e+02	417	8	47	5	43	457	50	0	500	500	500	500	500	0	
2.8199463875e+02	417	10	49	3	38	462	50	0	500	500	500	500	500	0	
2.8249987016e+02	420	7	42	11	48	452	50	0	500	500	500	500	500	0	
2.8299659745e+02	421	6	44	6	54	446	50	0	500	500	500	500	500	0	
2.8349750336e+02	424	4	46	4	57	443	50	0	500	500	500	500	500	0	
2.8399964867e+02	424	6	47	3	56	444	50	0	500	500	500	500	500	0	
2.8449926877e+02	423	8	47	3	39	461	50	0	500	500	500	500	500	0	
2.8499622968e+02	426	5	45	5	39	461	50	0	500	500	500	500	500	0	
2.8549847541e+02	427	6	47	4	56	444	50	0	500	500	500	500	500	0	
2.8599983234e+02	428	5	47	4	22	478	50	0	500	500	500	500	500	0	
2.8649869025e+02	427	6	45	5	48	452	50	0	500	500	500	500	500	0	
2.8699833491e+02	426	7	46	6	52	448	50	0	500	500	500	500	500	0	
2.8749724965e+02	426	8	47	5	34	466	50	0	500	500	500	500	500	0	
2.8799706044e+02	424	12	48	4	39	461	50	0	500	500	500	500	500	0	
2.8849740647e+02	426	10	48	4	39	461	50	0	500	500	500	500	500	0	
2.8899804820e+02	425	12	48	4	45	455	50	0	500	500	500	500	500	0	
2.8949752458e+02	427	11	47	6	33	467	50	0	500	500	500	500	500	0	
2.8999832809e+02	427	9	51	2	37	463	50	0	500	500	500	500	500	0	
2.9049286617e+02	429	7	47	6	34	466	50	0	500	500	500	500	500	0	
2.9099679091e+02	430	6	50	3	39	461	50	0	500	500	500	500	500	0	
2.9148894299e+02	432	6	49	4	44	456	50	0	500	500	500	500	500	0	
2.9199794286e+02	432	6	45	8	37	463	50	0	500	500	500	500	500	0	
2.9249817801e+02	433	7	48	6	39	461	50	0	500	500	500	500	500	0	
2.9299912001e+02	435	8	47	8	38	462	50	0	500	500	500	500	500	0	
2.9349791297e+02	436	7	46	9	34	466	50	0	500	500	500	500	500	0	
2.9399712697e+02	439	5	50	5	45	455	50	0	500	500	500	500	500	0	
2.9449986446e+02	439	5	52	3	57	443	50	0	500	500	500	500	500	0	
2.9499839604e+02	440	4	51	3	47	453	50	0	500	500	500	500	500	0	
2.9549983827e+02	442	3	49	4	46	454	50	0	500	500	500	500	500	0	
2.9599949571e+02	442	3	50	3	37	463	50	0	500	500	500	500	500	0	
2.9649428155e+02	442	3	49	4	41	459	50	0	500	500	500	500	500	0	
2.9699546047e+02	442	3	53	0	58	442	50	0	500	500	500	500	500	0	
2.9749929362e+02	442	3	49	5	58	442	50	0	500	500	500	500	500	0	
2.9799872324e+02	442	5	50	5	46	454	50	0	500	500	500	500	500	0	
2.9849955804e+02	443	6	54	2	55	445	50	0	500	500	500	500	500	0	
2.9899963104e+02	442	9	50	5	61	439	50	0	500	500	500	500	500	0	
2.9949419939e+02	442	10	47	7	56	444	50	0	500	500	500	500	500	0	
2.9999911115e+02	444	8	53	2	52	448	50	0	500	500	500	500	500	0	
3.0049004747e+02	446	7	50	4	47	453	50	0	500	500	500	500	500	0	
3.0099944373e+02	449	4	52	2	48	452	50	0	500	500	500	500	500	0	
3.0149907860e+02	450	3	51	3	39	461	50	0	500	500	500	500	500	0	
3.0199780435e+02	449	2	51	3	45	455	50	0	500	500	500	500	500	0	
3.0249988711e+02	449	3	49	4	41	459	50	0	500	500	500	500	500	0	
3.0299971698e+02	449	3	52	2	35	465	50	0	500	500	500	500	500	0	
3.0349969061e+02	449	4	50	4	40	460	50	0	500	500	500	500	500	0	
3.0399999734e+02	447	5	49	4	51	449	50	0	500	500	500	500	500	0	
3.0449898809e+02	449	3	48	5	44	456	50	0	500	500	500	500	500	0	
3.0499434685e+02	448	7	49	4	45	455	50	0	500	500	500	500	500	0	
3.0549212924e+02	450	6	51	2	36	464	50	0	500	500	500	500	500	0	
3.0599781705e+02	451	7	46	4	51	449	50	0	500	500	500	500	500	0	
3.0649846813e+02	454	5	49	1	59	441	50	0	500	500	500	500	500	0	
3.0699619972e+02	456	5	46	4	49	451	50	0	500	500	500	500	500	0	
3.0749821176e+02	456	5	45	5	40	460	50	0	500	500	500	500	500	0	
3.0799310432e+02	455	5	48	3	42	458	50	0	500	500	500	500	500	0	
3.0849408509e+02	456	7	47	5	50	450	50	0	500	500	500	500	500	0	
3.0899314329e+02	457	8	48	3	32	468	50	0	500	500	500	500	500	0	
3.0949971549e+02	459	5	47	4	56	444	50	0	500	500	500	500	500	0	
3.0999987819e+02	459	6	48	4	38	462	50	0	500	500	500	500	500	0	
3.1049637272e+02	459	7	48	3	40	460	50	0	500	500	500	500	500	0	
3.1099803976e+02	462	5	46	6	59	441	50	0	500	500	500	500	500	0	
3.1149922471e+02	464	4	46	5	60	440	50	0	500	500	500	500	500	0	
3.1199716329e+02	465	3	48	3	29	471	50	0	500	500	500	500	500	0	
3.1249907324e+02	465	2	48	3	44	456	50	0	500	500	500	500	500	0	
3.1299811915e+02	465	2	50	2	34	466	50	0	500	500	500	500	500	0	
3.1349963907e+02	465	5	51	1	36	464	50	0	500	500	500	500	500	0	
3.1399819952e+02	464	6	46	4	48	452	50	0	500	500	500	500	500	0	
3.1449892607e+02	467	4	47	3	43	457	50	0	500	500	500	500	500	0	
3.1499821698e+02	466	6	40	8	50	450	50	0	500	500	500	500	500	0	
3.1549650793e+02	466	5	40	7	37	463	50	0	500	500	500	500	500	0	
3.1599922736e+02	468	7	38	8	30	470	50	0	500	500	500	500	500	0	
3.1649922048e+02	470	6	38	7	41	459	50	0	500	500	500	500	500	0	
3.1699913163e+02	473	4	41	4	44	456	50	0	500	500	500	500	500	0	
3.1749829068e+02	474	3	41	4	37	463	50	0	500	500	500	500	500	0	
3.1799258234e+02	476	2	43	2	46	454	50	0	500	500	500	500	500	0	
3.1849950285e+02	475	2	43	2	40	460	50	0	500	500	500	500	500	0	
3.1899920220e+02	475	2	43	0	30	470	50	0	500	500	500	500	500	0	
3.1949653843e+02	472	3	41	1	40	460	50	0	500	500	500	500	500	0	
3.1999918814e+02	471	3	42	0	38	462	50	0	500	500	500	500	500	0	
3.2049893693e+02	471	4	42	0	41	459	50	0	500	500	500	500	500	0	
3.2099959974e+02	470	4	38	3	40	460	50	0	500	500	500	500	500	0	
3.2149082046e+02	473	1	39	2	43	457	50	0	500	500	500	500	500	0	
3.2199783605e+02	473	1	39	2	32	468	50	0	500	500	500	500	500	0	
3.2249970516e+02	472	3	40	1	41	459	50	0	500	500	500	500	500	0	
3.2299803865e+02	473	3	40	1	38	462	50	0	500	500	500	500	500	0	
3.2349310746e+02	473	4	38	4	37	463	50	0	500	500	500	500	500	0	
3.2398989602e+02	471	4	41	1	47	453	50	0	500	500	500	500	500	0	
3.2449315666e+02	471	4	35	7	42	458	50	0	500	500	500	500	500	0	
3.2499891227e+02	473	3	39	3	43	457	50	0	500	500	500	500	500	0	
3.2549961473e+02	474	2	40	1	36	464	50	0	500	500	500	500	500	0	
3.2599996404e+02	474	2	41	0	36	464	50	0	500	500	500	500	500	0	
3.2649984225e+02	475	1	39	3	57	443	50	0	500	500	500	500	500	0	
3.2699899230e+02	474	2	41	1	47	453	50	0	500	500	500	500	500	0	
3.2749956314e+02	473	2	40	2	26	474	50	0	500	500	500	500	500	0	
3.2799864408e+02	472	5	36	6	38	462	50	0	500	500	500	500	500	0	
3.2849867389e+02	469	7	36	7	33	467	50	0	500	500	500	500	500	0	
3.2899906705e+02	469	9	39	4	44	456	50	0	500	500	500	500	500	0	
3.2949795883e+02	471	7	36	7	59	441	50	0	500	500	500	500	500	0	
3.2999945541e+02	472	6	39	4	38	462	50	0	500	500	500	500	500	0	
3.3049630999e+02	471	7	36	8	35	465	50	0	500	500	500	500	500	0	
3.3099944474e+02	471	8	38	6	37	463	50	0	500	500	500	500	500	0	
3.3149757682e+02	471	7	42	3	23	477	50	0	500	500	500	500	500	0	
3.3199795607e+02	472	6	42	4	36	464	50	0	500	500	500	500	500	0	
3.3249926387e+02	472	5	39	7	35	465	50	0	500	500	500	500	500	0	
3.3299899365e+02	473	5	43	3	47	453	50	0	500	500	500	500	500	0	
3.3349945482e+02	473	5	43	3	34	466	50	0	500	500	500	500	500	0	
3.3399639496e+02	472	4	43	3	40	460	50	0	500	500	500	500	500	0	
3.3449933179e+02	474	2	44	2	47	453	50	0	500	500	500	500	500	0	
3.3499962475e+02	476	3	41	5	56	444	50	0	500	500	500	500	500	0	
3.3549870359e+02	474	4	43	4	50	450	50	0	500	500	500	500	500	0	
3.3599989440e+02	475	4	41	6	35	465	50	0	500	500	500	500	500	0	
3.3649029024e+02	476	3	44	3	38	462	50	0	500	500	500	500	500	0	
3.3699614053e+02	475	6	47	0	29	471	50	0	500	500	500	500	500	0	
3.3749946456e+02	475	6	44	2	13	487	50	0	500	500	500	500	500	0	
3.3799554393e+02	475	6	44	3	39	461	50	0	500	500	500	500	500	0	
3.3849947564e+02	477	6	44	3	37	463	50	0	500	500	500	500	500	0	
3.3899874557e+02	479	5	43	5	53	447	50	0	500	500	500	500	500	0	
3.3949980282e+02	480	4	45	3	42	458	50	0	500	500	500	500	500	0	
3.3999554809e+02	480	5	44	4	54	446	50	0	500	500	500	500	500	0	
3.4049669776e+02	478	6	42	7	38	462	50	0	500	500	500	500	500	0	
3.4099905410e+02	477	8	40	9	36	464	50	0	500	500	500	500	500	0	
3.4149662670e+02	477	9	43	6	32	468	50	0	500	500	500	500	500	0	
3.4199818430e+02	479	7	44	6	40	460	50	0	500	500	500	500	500	0	
3.4249996624e+02	480	6	48	3	42	458	50	0	500	500	500	500	500	0	
3.4299937393e+02	482	4	47	4	69	431	50	0	500	500	500	500	500	0	
3.4349940970e+02	483	4	46	5	42	458	50	0	500	500	500	500	500	0	
3.4399795490e+02	482	4	49	2	51	449	50	0	500	500	500	500	500	0	
3.4449599529e+02	483	2	50	2	44	456	50	0	500	500	500	500	500	0	
3.4499679568e+02	483	2	50	2	47	453	50	0	500	500	500	500	500	0	
3.4549700160e+02	483	3	50	2	54	446	50	0	500	500	500	500	500	0	
3.4599954664e+02	484	2	50	2	37	463	50	0	500	500	500	500	500	0	
3.4649878559e+02	484	3	49	3	34	466	50	0	500	500	500	500	500	0	
3.4699838818e+02	481	6	48	4	38	462	50	0	500	500	500	500	500	0	
3.4749588066e+02	479	8	47	5	40	460	50	0	500	500	500	500	500	0	
3.4799541953e+02	482	6	48	3	52	448	50	0	500	500	500	500	500	0	
3.4849881505e+02	483	6	47	3	48	452	50	0	500	500	500	500	500	0	
3.4899656752e+02	485	5	45	5	46	454	50	0	500	500	500	500	500	0	
3.4949985371e+02	486	4	47	3	36	464	50	0	500	500	500	500	500	0	
3.4999944243e+02	487	4	46	4	32	468	50	0	500	500	500	500	500	0	
3.5049978569e+02	489	2	47	3	35	465	50	0	500	500	500	500	500	0	
3.5099543726e+02	490	2	48	2	42	458	50	0	500	500	500	500	500	0	
3.5149927833e+02	491	1	44	5	44	456	50	0	500	500	500	500	500	0	
3.5199856360e+02	489	1	45	3	43	457	50	0	500	500	500	500	500	0	
3.5249777134e+02	488	2	49	1	36	464	50	0	500	500	500	500	500	0	
3.5299979430e+02	488	3	46	4	37	463	50	0	500	500	500	500	500	0	
3.5349984097e+02	488	4	47	3	55	445	50	0	500	500	500	500	500	0	
3.5399823715e+02	488	3	47	4	53	447	50	0	500	500	500	500	500	0	
3.5449678998e+02	489	2	48	2	50	450	50	0	500	500	500	500	500	0	
3.5499851281e+02	490	4	47	2	43	457	50	0	500	500	500	500	500	0	
3.5549917659e+02	491	3	48	2	59	441	50	0	500	500	500	500	500	0	
3.5599822861e+02	491	5	46	4	45	455	50	0	500	500	500	500	500	0	
3.5649982325e+02	490	8	43	7	46	454	50	0	500	500	500	500	500	0	
3.5699953372e+02	491	7	43	5	31	469	50	0	500	500	500	500	500	0	
3.5749432430e+02	494	4	45	3	44	456	50	0	500	500	500	500	500	0	
3.5799604914e+02	496	2	40	9	51	449	50	0	500	500	500	500	500	0	
3.5849803580e+02	496	1	46	1	24	476	50	0	500	500	500	500	500	0	
3.5899658679e+02	498	1	47	0	31	469	50	0	500	500	500	500	500	0	
3.5949919149e+02	498	2	44	1	43	457	50	0	500	500	500	500	500	0	
3.5999847293e+02	498	5	45	0	47	453	50	0	500	500	500	500	500	0	
3.6049433500e+02	498	6	41	4	53	447	50	0	500	500	500	500	500	0	
3.6099983873e+02	498	7	44	1	45	455	50	0	500	500	500	500	500	0	
3.6149779483e+02	500	3	43	2	47	453	50	0	500	500	500	500	500	0	
3.6199968967e+02	498	4	44	1	49	451	50	0	500	500	500	500	500	0	
3.6249884859e+02	499	3	42	3	44	456	50	0	500	500	500	500	500	0	
3.6299704615e+02	499	4	40	5	50	450	50	0	500	500	500	500	500	0	
3.6349736377e+02	499	4	41	4	47	453	50	0	500	500	500	500	500	0	
3.6399546490e+02	501	2	40	5	42	458	50	0	500	500	500	500	500	0	
3.6449908251e+02	502	1	42	3	42	458	50	0	500	500	500	500	500	0	
3.6499420411e+02	501	2	44	1	35	465	50	0	500	500	500	500	500	0	
3.6549695674e+02	499	3	44	1	52	448	50	0	500	500	500	500	500	0	
3.6599381885e+02	500	4	42	3	54	446	50	0	500	500	500	500	500	0	
3.6649960631e+02	500	5	43	2	47	453	50	0	500	500	500	500	500	0	
3.6699899928e+02	500	4	45	1	46	454	50	0	500	500	500	500	500	0	
3.6749837037e+02	500	6	43	3	28	472	50	0	500	500	500	500	500	0	
3.6799990777e+02	503	3	43	4	39	461	50	0	500	500	500	500	500	0	
3.6849990617e+02	504	2	46	1	48	452	50	0	500	500	500	500	500	0	
3.6899963743e+02	503	2	44	3	45	455	50	0	500	500	500	500	500	0	
3.6949940715e+02	503	2	48	1	46	454	50	0	500	500	500	500	500	0	
3.6999692004e+02	502	4	49	0	32	468	50	0	500	500	500	500	500	0	
3.7049918626e+02	500	7	48	1	42	458	50	0	500	500	500	500	500	0	
3.7099836219e+02	503	5	47	2	40	460	50	0	500	500	500	500	500	0	
3.7149898069e+02	504	3	47	2	31	469	50	0	500	500	500	500	500	0	
3.7199522777e+02	505	3	47	2	42	458	50	0	500	500	500	500	500	0	
3.7249859879e+02	507	5	47	2	60	440	50	0	500	500	500	500	500	0	
3.7299967714e+02	509	6	44	5	56	444	50	0	500	500	500	500	500	0	
3.7349386435e+02	507	7	43	5	42	458	50	0	500	500	500	500	500	0	
3.7399878584e+02	510	4	43	5	58	442	50	0	500	500	500	500	500	0	
3.7449690351e+02	510	6	46	1	51	449	50	0	500	500	500	500	500	0	
3.7499938938e+02	511	6	43	4	42	458	50	0	500	500	500	500	500	0	
3.7549619966e+02	507	7	41	6	40	460	50	0	500	500	500	500	500	0	
3.7599735936e+02	508	6	45	2	44	456	50	0	500	500	500	500	500	0	
3.7649802063e+02	508	7	43	4	42	458	50	0	500	500	500	500	500	0	
3.7699713566e+02	508	7	43	3	56	444	50	0	500	500	500	500	500	0	
3.7749415482e+02	511	6	40	5	46	454	50	0	500	500	500	500	500	0	
3.7799100357e+02	512	5	41	4	46	454	50	0	500	500	500	500	500	0	
3.7849623022e+02	514	5	41	3	48	452	50	0	500	500	500	500	500	0	
3.7899899688e+02	514	7	40	3	56	444	50	0	500	500	500	500	500	0	
3.7949704047e+02	516	6	38	5	30	470	50	0	500	500	500	500	500	0	
3.7999381973e+02	520	3	37	6	43	457	50	0	500	500	500	500	500	0	
3.8049833412e+02	519	4	37	5	38	462	50	0	500	500	500	500	500	0	
3.8099726064e+02	521	4	43	0	54	446	50	0	500	500	500	500	500	0	
3.8149719073e+02	522	3	43	0	44	456	50	0	500	500	500	500	500	0	
3.8199638286e+02	523	2	40	4	42	458	50	0	500	500	500	500	500	0	
3.8249869502e+02	522	2	40	3	40	460	50	0	500	500	500	500	500	0	
3.8299994533e+02	522	2	40	2	48	452	50	0	500	500	500	500	500	0	
3.8349972938e+02	522	2	36	5	32	468	50	0	500	500	500	500	500	0	
3.8399815722e+02	522	2	38	4	41	459	50	0	500	500	500	500	500	0	
3.8449800872e+02	523	2	40	2	33	467	50	0	500	500	500	500	500	0	
3.8499947888e+02	525	3	35	6	42	458	50	0	500	500	500	500	500	0	
3.8549979520e+02	525	3	36	5	64	436	50	0	500	500	500	500	500	0	
3.8599786084e+02	524	5	34	7	42	458	50	0	500	500	500	500	500	0	
3.8649943364e+02	523	6	40	2	47	453	50	0	500	500	500	500	500	0	
3.8699819875e+02	524	5	41	2	35	465	50	0	500	500	500	500	500	0	
3.8749673027e+02	524	4	42	1	34	466	50	0	500	500	500	500	500	0	
3.8799647278e+02	523	4	43	0	32	468	50	0	500	500	500	500	500	0	
3.8849987779e+02	523	4	41	2	43	457	50	0	500	500	500	500	500	0	
3.8899733142e+02	524	3	41	2	39	461	50	0	500	500	500	500	500	0	
3.8949658076e+02	524	5	43	0	49	451	50	0	500	500	500	500	500	0	
3.8999533631e+02	524	5	40	2	48	452	50	0	500	500	500	500	500	0	
3.9049980674e+02	525	6	39	3	28	472	50	0	500	500	500	500	500	0	
3.9099710442e+02	525	6	36	5	38	462	50	0	500	500	500	500	500	0	
3.9149890975e+02	525	4	36	4	30	470	50	0	500	500	500	500	500	0	
3.9199387695e+02	526	3	38	1	37	463	50	0	500	500	500	500	500	0	
3.9249947889e+02	525	4	38	0	42	458	50	0	500	500	500	500	500	0	
3.9299777639e+02	525	5	37	3	31	469	50	0	500	500	500	500	500	0	
3.9349851780e+02	526	4	38	2	40	460	50	0	500	500	500	500	500	0	
3.9399992681e+02	526	5	38	2	38	462	50	0	500	500	500	500	500	0	
3.9449300071e+02	529	2	40	0	57	443	50	0	500	500	500	500	500	0	
3.9499927954e+02	528	4	38	2	47	453	50	0	500	500	500	500	500	0	
3.9549420513e+02	528	4	38	2	38	462	50	0	500	500	500	500	500	0	
3.9599989887e+02	529	3	36	3	41	459	50	0	500	500	500	500	500	0	
3.9649922590e+02	529	3	33	6	49	451	50	0	500	500	500	500	500	0	
3.9699956379e+02	528	4	38	2	40	460	50	0	500	500	500	500	500	0	
3.9749959322e+02	527	2	33	6	44	456	50	0	500	500	500	500	500	0	
3.9799759588e+02	528	2	37	2	45	455	50	0	500	500	500	500	500	0	
3.9849729493e+02	527	2	38	2	35	465	50	0	500	500	500	500	500	0	
3.9899877527e+02	525	4	35	5	35	465	50	0	500	500	500	500	500	0	
3.9949926067e+02	524	6	35	5	34	466	50	0	500	500	500	500	500	0	
3.9999932634e+02	526	4	35	4	40	460	50	0	500	500	500	500	500	0	
4.0049835001e+02	528	2	38	2	24	476	50	0	500	500	500	500	500	0	
4.0099946271e+02	525	3	36	4	32	468	50	0	500	500	500	500	500	0	
4.0149870497e+02	525	3	36	4	52	448	50	0	500	500	500	500	500	0	
4.0199921117e+02	528	3	37	3	46	454	50	0	500	500	500	500	500	0	
4.0249973511e+02	529	2	35	5	32	468	50	0	500	500	500	500	500	0	
4.0299824594e+02	529	3	36	4	22	478	50	0	500	500	500	500	500	0	
4.0349985510e+02	530	2	35	4	45	455	50	0	500	500	500	500	500	0	
4.0399600110e+02	530	2	38	1	39	461	50	0	500	500	500	500	500	0	
4.0449712715e+02	530	1	37	2	32	468	50	0	500	500	500	500	500	0	
4.0499935319e+02	530	2	37	2	44	456	50	0	500	500	500	500	500	0	
4.0549907674e+02	528	4	38	1	45	455	50	0	500	500	500	500	500	0	
4.0599947581e+02	528	5	32	7	31	469	50	0	500	500	500	500	500	0	
4.0649139697e+02	530	4	37	2	31	469	50	0	500	500	500	500	500	0	
4.0699223601e+02	530	4	34	5	34	466	50	0	500	500	500	500	500	0	
4.0749996494e+02	528	7	35	4	38	462	50	0	500	500	500	500	500	0	
4.0799787037e+02	529	7	35	4	50	450	50	0	500	500	500	500	500	0	
4.0849930304e+02	529	7	33	4	40	460	50	0	500	500	500	500	500	0	
4.0899892739e+02	529	7	34	3	52	448	50	0	500	500	500	500	500	0	
4.0949730106e+02	530	7	36	1	47	453	50	0	500	500	500	500	500	0	
4.0999834435e+02	530	8	32	4	40	460	50	0	500	500	500	500	500	0	
4.1049814877e+02	531	8	31	5	35	465	50	0	500	500	500	500	500	0	
4.1099741762e+02	532	6	33	3	42	458	50	0	500	500	500	500	500	0	
4.1149898327e+02	535	4	35	1	38	462	50	0	500	500	500	500	500	0	
4.1199280976e+02	534	4	32	4	49	451	50	0	500	500	500	500	500	0	
4.1249837281e+02	534	4	30	6	47	453	50	0	500	500	500	500	500	0	
4.1299922602e+02	535	4	33	3	50	450	50	0	500	500	500	500	500	0	
4.1349845007e+02	534	4	33	3	31	469	50	0	500	500	500	500	500	0	
4.1399709709e+02	534	6	34	2	32	468	50	0	500	500	500	500	500	0	
4.1449940521e+02	533	6	31	5	21	479	50	0	500	500	500	500	500	0	
4.1499778464e+02	533	6	29	7	18	482	50	0	500	500	500	500	500	0	
4.1549990425e+02	532	5	31	5	39	461	50	0	500	500	500	500	500	0	
4.1599527159e+02	534	5	34	2	47	453	50	0	500	500	500	500	500	0	
4.1649924719e+02	535	5	32	4	35	465	50	0	500	500	500	500	500	0	
4.1699840884e+02	537	3	35	1	41	459	50	0	500	500	500	500	500	0	
4.1749857349e+02	536	3	33	3	58	442	50	0	500	500	500	500	500	0	
4.1799817852e+02	537	2	34	2	53	447	50	0	500	500	500	500	500	0	
4.1849657479e+02	536	2	30	6	48	452	50	0	500	500	500	500	500	0	
4.1899872303e+02	537	2	35	1	44	456	50	0	500	500	500	500	500	0	
4.1949858311e+02	535	3	33	2	35	465	50	0	500	500	500	500	500	0	
4.1999926095e+02	535	4	34	1	25	475	50	0	500	500	500	500	500	0	
4.2049990286e+02	535	5	35	1	34	466	50	0	500	500	500	500	500	0	
4.2099824572e+02	535	4	36	1	34	466	50	0	500	500	500	500	500	0	
4.2149876931e+02	537	5	35	2	52	448	50	0	500	500	500	500	500	0	
4.2199849758e+02	538	6	32	5	48	452	50	0	500	500	500	500	500	0	
4.2249736141e+02	537	6	31	6	31	469	50	0	500	500	500	500	500	0	
4.2299823118e+02	540	6	34	3	43	457	50	0	500	500	500	500	500	0	
4.2349981158e+02	541	5	35	1	52	448	50	0	500	500	500	500	500	0	
4.2399972884e+02	543	3	30	6	39	461	50	0	500	500	500	500	500	0	
4.2449995950e+02	543	4	30	7	40	460	50	0	500	500	500	500	500	0	
4.2499551357e+02	543	6	33	4	48	452	50	0	500	500	500	500	500	0	
4.2549863607e+02	543	7	35	2	36	464	50	0	500	500	500	500	500	0	
4.2599808420e+02	546	7	34	3	37	463	50	0	500	500	500	500	500	0	
4.2649491332e+02	546	7	33	3	51	449	50	0	500	500	500	500	500	0	
4.2699918086e+02	546	7	33	2	39	461	50	0	500	500	500	500	500	0	
4.2749795769e+02	545	9	33	3	47	453	50	0	500	500	500	500	500	0	
4.2799965114e+02	545	10	35	1	24	476	50	0	500	500	500	500	500	0	
4.2849928568e+02	548	8	30	6	39	461	50	0	500	500	500	500	500	0	
4.2899922939e+02	550	7	35	2	46	454	50	0	500	500	500	500	500	0	
4.2949824983e+02	553	4	36	1	37	463	50	0	500	500	500	500	500	0	
4.2999498406e+02	556	2	34	3	34	466	50	0	500	500	500	500	500	0	
4.3049818918e+02	555	3	33	4	40	460	50	0	500	500	500	500	500	0	
4.3099828240e+02	556	3	33	3	38	462	50	0	500	500	500	500	500	0	
4.3149658170e+02	557	3	33	3	41	459	50	0	500	500	500	500	500	0	
4.3199788034e+02	558	2	36	0	37	463	50	0	500	500	500	500	500	0	
4.3249972939e+02	559	2	34	2	35	465	50	0	500	500	500	500	500	0	
4.3299802981e+02	559	1	31	5	46	454	50	0	500	500	500	500	500	0	
4.3349878629e+02	556	4	31	5	51	449	50	0	500	500	500	500	500	0	
4.3399616436e+02	555	5	36	0	29	471	50	0	500	500	500	500	500	0	
4.3449696289e+02	555	5	34	2	26	474	50	0	500	500	500	500	500	0	
4.3499932655e+02	556	5	27	8	54	446	50	0	500	500	500	500	500	0	
4.3549915194e+02	557	4	31	4	29	471	50	0	500	500	500	500	500	0	
4.3599978752e+02	558	4	34	1	25	475	50	0	500	500	500	500	500	0	
4.3649988511e+02	557	6	31	4	55	445	50	0	500	500	500	500	500	0	
4.3699987561e+02	557	6	30	4	42	458	50	0	500	500	500	500	500	0	
4.3749716397e+02	558	6	30	4	63	437	50	0	500	500	500	500	500	0	
4.3799983209e+02	557	6	31	3	42	458	50	0	500	500	500	500	500	0	
4.3849480844e+02	559	4	29	5	36	464	50	0	500	500	500	500	500	0	
4.3899957080e+02	558	4	32	4	37	463	50	0	500	500	500	500	500	0	
4.3949872022e+02	559	3	33	2	45	455	50	0	500	500	500	500	500	0	
4.3999942599e+02	558	3	33	3	42	458	50	0	500	500	500	500	500	0	
4.4049979204e+02	558	3	35	1	41	459	50	0	500	500	500	500	500	0	
4.4099471749e+02	558	3	34	2	41	459	50	0	500	500	500	500	500	0	
4.4149934393e+02	558	3	35	1	41	459	50	0	500	500	500	500	500	0	
4.4199663744e+02	555	4	35	1	41	459	50	0	500	500	500	500	500	0	
4.4249672492e+02	555	2	35	1	40	460	50	0	500	500	500	500	500	0	
4.4299487519e+02	555	2	36	1	44	456	50	0	500	500	500	500	500	0	
4.4349085726e+02	556	2	36	2	30	470	50	0	500	500	500	500	500	0	
4.4399808531e+02	557	4	35	3	34	466	50	0	500	500	500	500	500	0	
4.4449832818e+02	559	2	36	3	53	447	50	0	500	500	500	500	500	0	
4.4499699106e+02	560	1	33	6	36	464	50	0	500	500	500	500	500	0	
4.4549804406e+02	560	1	37	2	48	452	50	0	500	500	500	500	500	0	
4.4599923346e+02	559	4	36	4	53	447	50	0	500	500	500	500	500	0	
4.4649967360e+02	558	3	37	3	47	453	50	0	500	500	500	500	500	0	
4.4699876193e+02	558	4	37	3	46	454	50	0	500	500	500	500	500	0	
4.4749748046e+02	558	4	36	4	60	440	50	0	500	500	500	500	500	0	
4.4799513914e+02	560	4	34	5	61	439	50	0	500	500	500	500	500	0	
4.4849647792e+02	562	3	34	5	51	449	50	0	500	500	500	500	500	0	
4.4899882389e+02	561	6	38	1	29	471	50	0	500	500	500	500	500	0	
4.4949994617e+02	559	7	37	2	40	460	50	0	500	500	500	500	500	0	
4.4999805583e+02	560	8	37	2	35	465	50	0	500	500	500	500	500	0	
4.5049624987e+02	563	5	40	0	28	472	50	0	500	500	500	500	500	0	
4.5099821021e+02	565	4	39	1	31	469	50	0	500	500	500	500	500	0	
4.5149951551e+02	566	3	38	2	50	450	50	0	500	500	500	500	500	0	
4.5199977786e+02	566	4	39	1	58	442	50	0	500	500	500	500	500	0	
4.5249624727e+02	568	3	36	4	56	444	50	0	500	500	500	500	500	0	
4.5299564605e+02	570	1	35	5	48	452	50	0	500	500	500	500	500	0	
4.5349860297e+02	571	1	38	3	61	439	50	0	500	500	500	500	500	0	
4.5399792285e+02	570	2	39	2	49	451	50	0	500	500	500	500	500	0	
4.5449833072e+02	569	2	35	6	61	439	50	0	500	500	500	500	500	0	
4.5499855277e+02	568	3	38	2	57	443	50	0	500	500	500	500	500	0	
4.5549751458e+02	568	3	38	2	29	471	50	0	500	500	500	500	500	0	
4.5599853514e+02	568	4	38	2	44	456	50	0	500	500	500	500	500	0	
4.5649870544e+02	568	6	38	2	40	460	50	0	500	500	500	500	500	0	
4.5699668913e+02	568	6	39	1	33	467	50	0	500	500	500	500	500	0	
4.5749692887e+02	568	7	38	2	30	470	50	0	500	500	500	500	500	0	
4.5799628519e+02	568	6	35	5	41	459	50	0	500	500	500	500	500	0	
4.5849963416e+02	568	6	35	5	34	466	50	0	500	500	500	500	500	0	
4.5899841790e+02	570	4	35	4	42	458	50	0	500	500	500	500	500	0	
4.5949891958e+02	571	6	36	3	50	450	50	0	500	500	500	500	500	0	
4.5999530374e+02	574	6	36	3	60	440	50	0	500	500	500	500	500	0	
4.6049948529e+02	576	5	38	1	29	471	50	0	500	500	500	500	500	0	
4.6099490981e+02	579	2	38	1	29	471	50	0	500	500	500	500	500	0	
4.6149938741e+02	575	5	34	5	45	455	50	0	500	500	500	500	500	0	
4.6199851738e+02	573	7	34	4	44	456	50	0	500	500	500	500	500	0	
4.6249647989e+02	576	7	37	1	29	471	50	0	500	500	500	500	500	0	
4.6299633180e+02	576	8	37	2	20	480	50	0	500	500	500	500	500	0	
4.6349787042e+02	577	8	39	1	35	465	50	0	500	500	500	500	500	0	
4.6399668435e+02	578	7	36	4	29	471	50	0	500	500	500	500	500	0	
4.6449988483e+02	578	8	38	2	34	466	50	0	500	500	500	500	500	0	
4.6499926190e+02	583	5	34	5	27	473	50	0	500	500	500	500	500	0	
4.6549978413e+02	584	3	37	3	56	444	50	0	500	500	500	500	500	0	
4.6599869421e+02	588	2	35	5	44	456	50	0	500	500	500	500	500	0	
4.6649578923e+02	589	2	37	2	36	464	50	0	500	500	500	500	500	0	
4.6699916042e+02	588	4	37	1	37	463	50	0	500	500	500	500	500	0	
4.6749822760e+02	590	5	38	1	34	466	50	0	500	500	500	500	500	0	
4.6799670350e+02	589	6	36	3	47	453	50	0	500	500	500	500	500	0	
4.6849760622e+02	591	5	38	1	38	462	50	0	500	500	500	500	500	0	
4.6899350508e+02	591	5	38	1	37	463	50	0	500	500	500	500	500	0	
4.6949936400e+02	592	6	32	5	53	447	50	0	500	500	500	500	500	0	
4.6999730182e+02	594	5	36	1	35	465	50	0	500	500	500	500	500	0	
4.7049767390e+02	594	5	35	2	46	454	50	0	500	500	500	500	500	0	
4.7099833618e+02	594	5	36	1	42	458	50	0	500	500	500	500	500	0	
4.7149940666e+02	595	5	34	3	56	444	50	0	500	500	500	500	500	0	
4.7199813539e+02	596	3	34	5	34	466	50	0	500	500	500	500	500	0	
4.7248757357e+02	594	5	35	5	32	468	50	0	500	500	500	500	500	0	
4.7299743818e+02	595	4	35	4	39	461	50	0	500	500	500	500	500	0	
4.7349390587e+02	593	6	37	2	29	471	50	0	500	500	500	500	500	0	
4.7399939964e+02	594	6	33	6	36	464	50	0	500	500	500	500	500	0	
4.7449944564e+02	594	6	36	4	25	475	50	0	500	500	500	500	500	0	
4.7499922809e+02	592	9	36	5	42	458	50	0	500	500	500	500	500	0	
4.7549855947e+02	595	9	38	3	45	455	50	0	500	500	500	500	500	0	
4.7599994169e+02	595	8	35	6	40	460	50	0	500	500	500	500	500	0	
4.7649997739e+02	594	8	36	5	42	458	50	0	500	500	500	500	500	0	
4.7699535586e+02	592	10	32	9	37	463	50	0	500	500	500	500	500	0	
4.7749979153e+02	598	4	37	5	50	450	50	0	500	500	500	500	500	0	
4.7799682962e+02	598	5	40	2	36	464	50	0	500	500	500	500	500	0	
4.7849758075e+02	597	6	38	4	34	466	50	0	500	500	500	500	500	0	
4.7899894694e+02	593	8	33	9	44	456	50	0	500	500	500	500	500	0	
4.7949957419e+02	591	9	37	5	61	439	50	0	500	500	500	500	500	0	
4.7999711897e+02	592	9	33	7	43	457	50	0	500	500	500	500	500	0	
4.8049697637e+02	592	10	36	4	28	472	50	0	500	500	500	500	500	0	
4.8099672811e+02	591	7	37	3	38	462	50	0	500	500	500	500	500	0	
4.8149864405e+02	591	6	40	2	40	460	50	0	500	500	500	500	500	0	
4.8199899152e+02	591	5	38	4	42	458	50	0	500	500	500	500	500	0	
4.8249797306e+02	592	3	40	2	37	463	50	0	500	500	500	500	500	0	
4.8299835276e+02	593	4	37	5	39	461	50	0	500	500	500	500	500	0	
4.8349795687e+02	594	5	39	3	48	452	50	0	500	500	500	500	500	0	
4.8399994670e+02	598	3	39	4	49	451	50	0	500	500	500	500	500	0	
4.8449885457e+02	597	6	41	2	49	451	50	0	500	500	500	500	500	0	
4.8499895855e+02	597	8	40	3	53	447	50	0	500	500	500	500	500	0	
4.8549767299e+02	597	7	41	2	46	454	50	0	500	500	500	500	500	0	
4.8599282967e+02	598	8	38	5	33	467	50	0	500	500	500	500	500	0	
4.8649982014e+02	600	5	39	4	29	471	50	0	500	500	500	500	500	0	
4.8699480457e+02	600	4	38	5	21	479	50	0	500	500	500	500	500	0	
4.8748940906e+02	601	3	43	0	36	464	50	0	500	500	500	500	500	0	
4.8799879428e+02	601	2	43	0	29	471	50	0	500	500	500	500	500	0	
4.8849756736e+02	601	1	40	3	43	457	50	0	500	500	500	500	500	0	
4.8899729891e+02	602	4	39	4	37	463	50	0	500	500	500	500	500	0	
4.8949980232e+02	601	6	41	1	38	462	50	0	500	500	500	500	500	0	
4.8999645530e+02	603	4	41	1	38	462	50	0	500	500	500	500	500	0	
4.9049945216e+02	604	4	41	1	29	471	50	0	500	500	500	500	500	0	
4.9099612463e+02	603	5	37	5	28	472	50	0	500	500	500	500	500	0	
4.9149955074e+02	603	8	39	3	38	462	50	0	500	500	500	500	500	0	
4.9199666887e+02	604	7	40	2	51	449	50	0	500	500	500	500	500	0	
4.9249356379e+02	605	7	39	2	40	460	50	0	500	500	500	500	500	0	
4.9299609146e+02	606	6	39	2	54	446	50	0	500	500	500	500	500	0	
4.9349945025e+02	607	6	37	4	50	450	50	0	500	500	500	500	500	0	
4.9399597879e+02	606	6	39	2	38	462	50	0	500	500	500	500	500	0	
4.9449727209e+02	609	4	36	5	56	444	50	0	500	500	500	500	500	0	
4.9499929926e+02	609	5	38	3	34	466	50	0	500	500	500	500	500	0	
4.9549781252e+02	605	8	37	3	52	448	50	0	500	500	500	500	500	0	
4.9599719387e+02	606	7	33	7	41	459	50	0	500	500	500	500	500	0	
4.9649511673e+02	604	8	35	5	40	460	50	0	500	500	500	500	500	0	
4.9699670190e+02	606	6	34	6	35	465	50	0	500	500	500	500	500	0	
4.9749861557e+02	608	5	34	6	37	463	50	0	500	500	500	500	500	0	
4.9799764686e+02	610	3	36	4	41	459	50	0	500	500	500	500	500	0	
4.9849436745e+02	609	3	35	4	33	467	50	0	500	500	500	500	500	0	
4.9899272181e+02	608	4	36	4	47	453	50	0	500	500	500	500	500	0	
4.9949832351e+02	608	3	39	1	43	457	50	0	500	500	500	500	500	0	
4.9999929875e+02	608	3	39	2	57	443	50	0	500	500	500	500	500	0	
5.0000024266e+02	608	3	39	2	58	442	50	0	500	500	500	500	500	0	
