0.0000000000e+00	0	0	500	0	0	0	0	500	500	500	0	0	0	0	
4.9886341179e-01	0	1	500	0	0	101	0	500	500	500	0	0	0	0	
9.9941944360e-01	0	2	500	0	0	208	0	500	500	500	0	0	0	0	
1.4992555333e+00	0	2	498	2	1	271	0	500	500	500	0	0	0	0	
1.9996861094e+00	0	4	498	2	1	332	0	500	500	500	0	0	0	0	
2.4965011087e+00	0	4	499	1	0	352	0	500	500	500	0	0	0	0	
2.9996204549e+00	1	4	498	2	0	385	0	500	500	500	0	0	0	0	
3.4986359175e+00	2	4	496	4	2	414	0	500	500	500	0	0	0	0	
3.9989639607e+00	3	4	495	5	3	440	0	500	500	500	0	0	0	0	
4.4986018389e+00	3	6	492	8	2	453	0	500	500	500	0	0	0	0	
4.9995966993e+00	4	6	493	7	0	430	0	500	500	500	0	0	0	0	
5.4978018061e+00	4	7	490	10	4	435	0	500	500	500	0	0	0	0	
5.9914484493e+00	4	9	492	8	2	426	0	500	500	500	0	0	0	0	
6.4991443925e+00	6	7	488	12	1	455	0	500	500	500	0	0	0	0	
6.9957491355e+00	7	8	492	8	0	450	0	500	500	500	0	0	0	0	
7.4984231440e+00	8	8	492	8	2	460	0	500	500	500	0	0	0	0	
7.9991786552e+00	11	7	498	2	5	460	0	500	500	500	0	0	0	0	
8.4995400672e+00	13	6	493	7	0	478	0	500	500	500	0	0	0	0	
8.9998205692e+00	14	7	496	4	2	475	0	500	500	500	0	0	0	0	
9.4994879955e+00	17	6	497	3	2	490	0	500	500	500	0	0	0	0	
9.9983914611e+00	19	8	493	7	0	487	0	500	500	500	0	0	0	0	
1.0496183123e+01	21	7	491	9	0	488	0	500	500	500	0	0	0	0	
1.0996025088e+01	22	7	491	9	2	481	0	500	500	500	0	0	0	0	
1.1499664603e+01	23	7	490	10	1	502	0	500	500	500	0	0	0	0	
1.1997625047e+01	24	6	492	8	1	487	0	500	500	500	0	0	0	0	
1.2499245419e+01	26	4	492	8	2	468	0	500	500	500	0	0	0	0	
1.2997928863e+01	26	5	496	4	0	481	0	500	500	500	0	0	0	0	
1.3499833223e+01	27	4	493	7	2	478	0	500	500	500	0	0	0	0	
1.3999194409e+01	28	4	495	5	0	471	0	500	500	500	0	0	0	0	
1.4496143999e+01	29	4	497	3	0	467	0	500	500	500	0	0	0	0	
1.4999599409e+01	28	6	493	7	2	468	0	500	500	500	0	0	0	0	
1.5494278598e+01	29	7	492	8	1	447	0	500	500	500	0	0	0	0	
1.5998558147e+01	30	7	489	11	2	438	0	500	500	500	0	0	0	0	
1.6498648594e+01	30	8	486	14	3	452	0	500	500	500	0	0	0	0	
1.6998158249e+01	32	7	491	9	2	468	0	500	500	500	0	0	0	0	
1.7499826007e+01	33	6	491	9	1	476	0	500	500	500	0	0	0	0	
1.7999737848e+01	33	7	492	8	3	468	0	500	500	500	0	0	0	0	
1.8498199103e+01	34	6	494	6	4	489	0	500	500	500	0	0	0	0	
1.8997699108e+01	37	4	496	4	2	484	0	500	500	500	0	0	0	0	
1.9498263515e+01	38	4	495	5	0	489	0	500	500	500	0	0	0	0	
1.9999771539e+01	36	5	495	5	1	492	0	500	500	500	0	0	0	0	
2.0495891776e+01	36	6	490	10	0	501	0	500	500	500	0	0	0	0	
2.0999458447e+01	36	8	491	9	4	502	0	500	500	500	0	0	0	0	
2.1499732106e+01	39	8	490	10	1	499	0	500	500	500	0	0	0	0	
2.1999708244e+01	41	8	486	14	1	471	0	500	500	500	0	0	0	0	
2.2496614979e+01	41	8	484	16	3	463	0	500	500	500	0	0	0	0	
2.2997736557e+01	43	6	488	12	4	456	0	500	500	500	0	0	0	0	
2.3499814393e+01	42	6	493	7	1	440	0	500	500	500	0	0	0	0	
2.3996573954e+01	45	5	492	8	1	459	0	500	500	500	0	0	0	0	
2.4497617320e+01	46	5	491	9	3	454	0	500	500	500	0	0	0	0	
2.4998926370e+01	47	5	494	6	3	455	0	500	500	500	0	0	0	0	
2.5496269592e+01	48	5	495	5	1	490	0	500	500	500	0	0	0	0	
2.5998867471e+01	48	6	496	4	0	511	0	500	500	500	0	0	0	0	
2.6499976006e+01	49	5	492	8	1	502	0	500	500	500	0	0	0	0	
2.6999564384e+01	51	4	496	4	2	509	0	500	500	500	0	0	0	0	
2.7499938720e+01	51	4	496	4	1	510	0	500	500	500	0	0	0	0	
2.7998307316e+01	53	3	497	3	2	508	0	500	500	500	0	0	0	0	
2.8499994201e+01	53	5	499	1	4	486	0	500	500	500	0	0	0	0	
2.8999942160e+01	55	4	497	3	5	480	0	500	500	500	0	0	0	0	
2.9498612045e+01	56	4	499	1	1	496	0	500	500	500	0	0	0	0	
2.9997687607e+01	56	4	498	2	2	490	0	500	500	500	0	0	0	0	
3.0499895814e+01	58	4	495	5	1	481	0	500	500	500	0	0	0	0	
3.0998013471e+01	59	3	496	4	3	482	0	500	500	500	0	0	0	0	
3.1497008202e+01	59	3	497	3	1	473	0	500	500	500	0	0	0	0	
3.1992504296e+01	59	3	496	4	1	467	0	500	500	500	0	0	0	0	
3.2496072969e+01	60	2	496	4	0	475	0	500	500	500	0	0	0	0	
3.2996923694e+01	60	4	499	1	0	477	0	500	500	500	0	0	0	0	
3.3498510859e+01	61	3	496	4	0	490	0	500	500	500	0	0	0	0	
3.3996642919e+01	59	5	498	2	0	491	0	500	500	500	0	0	0	0	
3.4497095242e+01	59	6	496	4	3	503	0	500	500	500	0	0	0	0	
3.4991447973e+01	60	6	494	6	0	485	0	500	500	500	0	0	0	0	
3.5499682703e+01	63	4	493	7	3	475	0	500	500	500	0	0	0	0	
3.5994268460e+01	65	4	491	9	1	476	0	500	500	500	0	0	0	0	
3.6499877526e+01	66	4	494	6	1	478	0	500	500	500	0	0	0	0	
3.6998870016e+01	66	4	493	7	2	506	0	500	500	500	0	0	0	0	
3.7499447295e+01	66	5	497	3	1	492	0	500	500	500	0	0	0	0	
3.7993094993e+01	67	4	497	3	1	489	0	500	500	500	0	0	0	0	
3.8491687548e+01	67	4	498	2	3	475	0	500	500	500	0	0	0	0	
3.8998087001e+01	67	4	496	4	1	469	0	500	500	500	0	0	0	0	
3.9499274478e+01	67	4	495	5	3	445	0	500	500	500	0	0	0	0	
3.9997187054e+01	68	6	494	6	0	459	0	500	500	500	0	0	0	0	
4.0497908525e+01	69	6	493	7	3	479	0	500	500	500	0	0	0	0	
4.0999363372e+01	67	7	490	10	3	461	0	500	500	500	0	0	0	0	
4.1498282424e+01	70	4	494	6	1	466	0	500	500	500	0	0	0	0	
4.1994756636e+01	71	3	497	3	0	468	0	500	500	500	0	0	0	0	
4.2499299762e+01	71	3	500	0	1	457	0	500	500	500	0	0	0	0	
4.2994602124e+01	71	5	496	4	1	449	0	500	500	500	0	0	0	0	
4.3498231876e+01	72	4	496	4	0	445	0	500	500	500	0	0	0	0	
4.3999012560e+01	72	6	496	4	1	476	0	500	500	500	0	0	0	0	
4.4497840128e+01	73	5	488	12	1	479	0	500	500	500	0	0	0	0	
4.4999211208e+01	74	4	493	7	0	485	0	500	500	500	0	0	0	0	
4.5496242086e+01	74	6	493	7	1	473	0	500	500	500	0	0	0	0	
4.5999905145e+01	74	6	493	7	0	484	0	500	500	500	0	0	0	0	
4.6498898575e+01	74	10	489	11	2	499	0	500	500	500	0	0	0	0	
4.6999456496e+01	76	9	490	10	2	474	0	500	500	500	0	0	0	0	
4.7493997993e+01	80	6	490	10	1	482	0	500	500	500	0	0	0	0	
4.7993291307e+01	82	5	494	6	0	502	0	500	500	500	0	0	0	0	
4.8498589834e+01	82	6	490	10	2	501	0	500	500	500	0	0	0	0	
4.8999745994e+01	85	4	495	5	0	493	0	500	500	500	0	0	0	0	
4.9498616926e+01	85	5	494	6	1	496	0	500	500	500	0	0	0	0	
4.9997048510e+01	85	9	495	5	4	510	0	500	500	500	0	0	0	0	
5.0497372507e+01	88	7	493	7	0	536	0	500	500	500	0	0	0	0	
5.0997203971e+01	91	5	494	6	0	564	0	500	500	500	0	0	0	0	
5.1499385897e+01	93	3	497	3	0	546	0	500	500	500	0	0	0	0	
5.1999693888e+01	94	4	498	2	2	533	0	500	500	500	0	0	0	0	
5.2499713029e+01	96	2	497	3	0	527	0	500	500	500	0	0	0	0	
5.2997042677e+01	98	0	500	0	2	524	0	500	500	500	0	0	0	0	
5.3499965648e+01	98	1	500	0	0	508	0	500	500	500	0	0	0	0	
5.3994713237e+01	98	3	499	1	1	510	0	500	500	500	0	0	0	0	
5.4497060968e+01	99	3	496	4	0	522	0	500	500	500	0	0	0	0	
5.4999287718e+01	99	3	496	4	1	517	0	500	500	500	0	0	0	0	
5.5496631715e+01	99	3	498	2	1	536	0	500	500	500	0	0	0	0	
5.5996231335e+01	99	3	494	6	1	533	0	500	500	500	0	0	0	0	
5.6498566161e+01	100	4	497	3	2	507	0	500	500	500	0	0	0	0	
5.6996985081e+01	100	7	498	2	2	496	0	500	500	500	0	0	0	0	
5.7499032424e+01	100	7	497	3	2	478	0	500	500	500	0	0	0	0	
5.7999999872e+01	103	5	494	6	2	489	0	500	500	500	0	0	0	0	
5.8498280889e+01	103	9	489	11	3	510	0	500	500	500	0	0	0	0	
5.8999753638e+01	105	8	489	11	5	514	0	500	500	500	0	0	0	0	
5.9496877922e+01	106	7	490	10	1	493	0	500	500	500	0	0	0	0	
5.9997598850e+01	108	7	486	14	2	488	0	500	500	500	0	0	0	0	
6.0499660774e+01	108	8	488	12	0	485	0	500	500	500	0	0	0	0	
6.0999535278e+01	110	9	490	10	2	473	0	500	500	500	0	0	0	0	
6.1499022682e+01	113	9	488	12	2	482	0	500	500	500	0	0	0	0	
6.1994200506e+01	113	10	484	16	0	473	0	500	500	500	0	0	0	0	
6.2499712664e+01	116	8	485	15	3	473	0	500	500	500	0	0	0	0	
6.2999551235e+01	117	7	490	10	0	468	0	500	500	500	0	0	0	0	
6.3499864786e+01	117	9	490	10	1	478	0	500	500	500	0	0	0	0	
6.3998091908e+01	119	8	491	9	4	477	0	500	500	500	0	0	0	0	
6.4498781292e+01	123	4	491	9	1	470	0	500	500	500	0	0	0	0	
6.4998042707e+01	124	5	488	12	2	485	0	500	500	500	0	0	0	0	
6.5497726515e+01	123	7	491	9	1	506	0	500	500	500	0	0	0	0	
6.5999669740e+01	124	6	491	9	0	495	0	500	500	500	0	0	0	0	
6.6498298994e+01	123	6	488	12	1	495	0	500	500	500	0	0	0	0	
6.6999915800e+01	123	6	496	4	4	482	0	500	500	500	0	0	0	0	
6.7498924400e+01	126	5	494	6	1	496	0	500	500	500	0	0	0	0	
6.7990282764e+01	127	4	493	7	3	493	0	500	500	500	0	0	0	0	
6.8497337166e+01	128	3	493	7	2	469	0	500	500	500	0	0	0	0	
6.8999595657e+01	129	5	495	5	2	482	0	500	500	500	0	0	0	0	
6.9497413066e+01	129	5	492	8	2	488	0	500	500	500	0	0	0	0	
6.9998618197e+01	130	5	492	8	1	500	0	500	500	500	0	0	0	0	
7.0497000124e+01	131	4	490	10	3	494	0	500	500	500	0	0	0	0	
7.0999927166e+01	130	5	489	11	1	505	0	500	500	500	0	0	0	0	
7.1495822657e+01	133	3	497	3	2	475	0	500	500	500	0	0	0	0	
7.1996455351e+01	133	3	499	1	1	472	0	500	500	500	0	0	0	0	
7.2495721630e+01	135	3	500	0	1	481	0	500	500	500	0	0	0	0	
7.2999374997e+01	135	4	496	4	1	471	0	500	500	500	0	0	0	0	
7.3498486053e+01	134	7	496	4	2	486	0	500	500	500	0	0	0	0	
7.3999701144e+01	136	6	492	8	5	472	0	500	500	500	0	0	0	0	
7.4498758014e+01	137	7	494	6	1	479	0	500	500	500	0	0	0	0	
7.4993361975e+01	138	7	498	2	1	479	0	500	500	500	0	0	0	0	
7.5497452232e+01	139	8	492	8	4	459	0	500	500	500	0	0	0	0	
7.5997138882e+01	140	7	485	15	5	462	0	500	500	500	0	0	0	0	
7.6497857179e+01	142	6	487	13	4	459	0	500	500	500	0	0	0	0	
7.6995375364e+01	143	6	493	7	1	456	0	500	500	500	0	0	0	0	
7.7498898216e+01	145	5	492	8	0	461	0	500	500	500	0	0	0	0	
7.7999593190e+01	146	4	493	7	1	495	0	500	500	500	0	0	0	0	
7.8499205331e+01	146	4	493	7	1	505	0	500	500	500	0	0	0	0	
7.8988143735e+01	144	7	494	6	1	519	0	500	500	500	0	0	0	0	
7.9499953199e+01	148	6	497	3	2	498	0	500	500	500	0	0	0	0	
7.9997253395e+01	150	4	499	1	0	510	0	500	500	500	0	0	0	0	
8.0498318183e+01	151	4	497	3	1	501	0	500	500	500	0	0	0	0	
8.0996909929e+01	151	6	497	3	1	500	0	500	500	500	0	0	0	0	
8.1490255930e+01	152	5	493	7	3	489	0	500	500	500	0	0	0	0	
8.1999616590e+01	152	6	492	8	2	482	0	500	500	500	0	0	0	0	
8.2494793647e+01	154	4	493	7	1	485	0	500	500	500	0	0	0	0	
8.2999127622e+01	153	4	490	10	1	481	0	500	500	500	0	0	0	0	
8.3498663501e+01	153	5	497	3	4	474	0	500	500	500	0	0	0	0	
8.3999257643e+01	155	6	494	6	1	498	0	500	500	500	0	0	0	0	
8.4499914751e+01	156	5	492	8	3	501	0	500	500	500	0	0	0	0	
8.4999332908e+01	156	4	494	6	2	457	0	500	500	500	0	0	0	0	
8.5498742279e+01	157	5	494	6	3	472	0	500	500	500	0	0	0	0	
8.5998770919e+01	154	9	488	12	7	472	0	500	500	500	0	0	0	0	
8.6499363937e+01	154	10	490	10	1	481	0	500	500	500	0	0	0	0	
8.6995216846e+01	156	8	486	14	0	460	0	500	500	500	0	0	0	0	
8.7498924394e+01	160	4	490	10	3	470	0	500	500	500	0	0	0	0	
8.7998900730e+01	162	3	493	7	1	480	0	500	500	500	0	0	0	0	
8.8497943945e+01	161	6	493	7	2	503	0	500	500	500	0	0	0	0	
8.8998299064e+01	161	7	492	8	4	512	0	500	500	500	0	0	0	0	
8.9499533041e+01	162	8	496	4	3	492	0	500	500	500	0	0	0	0	
8.9997849510e+01	164	10	493	7	4	500	0	500	500	500	0	0	0	0	
9.0495258567e+01	167	7	487	13	5	501	0	500	500	500	0	0	0	0	
9.0996009593e+01	166	9	488	12	2	511	0	500	500	500	0	0	0	0	
9.1498145727e+01	169	7	485	15	2	503	0	500	500	500	0	0	0	0	
9.1999376608e+01	169	6	489	11	4	498	0	500	500	500	0	0	0	0	
9.2497021856e+01	173	2	492	8	1	526	0	500	500	500	0	0	0	0	
9.2999268051e+01	174	3	496	4	0	521	0	500	500	500	0	0	0	0	
9.3497212249e+01	174	2	496	4	0	537	0	500	500	500	0	0	0	0	
9.3999681266e+01	174	3	499	1	0	557	0	500	500	500	0	0	0	0	
9.4499609004e+01	175	1	500	0	0	542	0	500	500	500	0	0	0	0	
9.4998804597e+01	175	2	499	1	0	541	0	500	500	500	0	0	0	0	
9.5495239760e+01	173	3	497	3	1	530	0	500	500	500	0	0	0	0	
9.5999993293e+01	174	3	498	2	2	530	0	500	500	500	0	0	0	0	
9.6497526901e+01	176	1	498	2	0	527	0	500	500	500	0	0	0	0	
9.6999430007e+01	176	1	498	2	3	531	0	500	500	500	0	0	0	0	
9.7499387637e+01	176	0	499	1	1	546	0	500	500	500	0	0	0	0	
9.7998846357e+01	176	1	499	1	1	548	0	500	500	500	0	0	0	0	
9.8499307230e+01	176	3	498	2	0	530	0	500	500	500	0	0	0	0	
9.8998685920e+01	177	4	497	3	3	538	0	500	500	500	0	0	0	0	
9.9495652795e+01	179	4	497	3	2	517	0	500	500	500	0	0	0	0	
9.9992849019e+01	181	3	493	7	1	521	0	500	500	500	0	0	0	0	
1.0049298032e+02	182	3	497	3	1	508	0	500	500	500	0	0	0	0	
1.0099908026e+02	182	4	494	6	1	496	0	500	500	500	0	0	0	0	
1.0149726039e+02	184	3	497	3	1	500	0	500	500	500	0	0	0	0	
1.0199750971e+02	184	4	494	6	0	472	0	500	500	500	0	0	0	0	
1.0249873167e+02	184	6	491	9	1	491	0	500	500	500	0	0	0	0	
1.0299687106e+02	184	6	495	5	1	491	0	500	500	500	0	0	0	0	
1.0349963891e+02	183	7	492	8	0	498	0	500	500	500	0	0	0	0	
1.0399957382e+02	184	7	495	5	4	513	0	500	500	500	0	0	0	0	
1.0449852916e+02	183	7	491	9	3	485	0	500	500	500	0	0	0	0	
1.0499845779e+02	183	7	492	8	4	497	0	500	500	500	0	0	0	0	
1.0549926240e+02	186	4	492	8	1	475	0	500	500	500	0	0	0	0	
1.0599749530e+02	187	3	494	6	3	463	0	500	500	500	0	0	0	0	
1.0649851320e+02	186	8	494	6	2	506	0	500	500	500	0	0	0	0	
1.0699810914e+02	185	10	491	9	5	471	0	500	500	500	0	0	0	0	
1.0749981672e+02	188	7	491	9	2	463	0	500	500	500	0	0	0	0	
1.0799969404e+02	187	8	488	12	1	471	0	500	500	500	0	0	0	0	
1.0849991417e+02	190	7	488	12	3	483	0	500	500	500	0	0	0	0	
1.0899972307e+02	188	8	488	12	3	489	0	500	500	500	0	0	0	0	
1.0949755976e+02	190	7	486	14	0	519	0	500	500	500	0	0	0	0	
1.0999710064e+02	191	9	490	10	0	513	0	500	500	500	0	0	0	0	
1.1049921306e+02	193	7	488	12	1	489	0	500	500	500	0	0	0	0	
1.1099887867e+02	193	9	484	16	0	493	0	500	500	500	0	0	0	0	
1.1149890666e+02	195	10	485	15	6	498	0	500	500	500	0	0	0	0	
1.1199957552e+02	198	8	492	8	5	506	0	500	500	500	0	0	0	0	
1.1249989286e+02	201	5	490	10	0	502	0	500	500	500	0	0	0	0	
1.1299979550e+02	202	5	491	9	0	504	0	500	500	500	0	0	0	0	
1.1349889302e+02	203	5	492	8	2	513	0	500	500	500	0	0	0	0	
1.1399963814e+02	204	5	495	5	2	523	0	500	500	500	0	0	0	0	
1.1449774413e+02	206	4	496	4	2	533	0	500	500	500	0	0	0	0	
1.1499939433e+02	208	3	493	7	1	542	0	500	500	500	0	0	0	0	
1.1549958641e+02	210	4	497	3	1	537	0	500	500	500	0	0	0	0	
1.1599950977e+02	211	4	498	2	2	545	0	500	500	500	0	0	0	0	
1.1649934706e+02	213	3	499	1	1	533	0	500	500	500	0	0	0	0	
1.1699888009e+02	213	4	497	3	2	534	0	500	500	500	0	0	0	0	
1.1749974338e+02	212	4	496	4	1	523	0	500	500	500	0	0	0	0	
1.1799969727e+02	212	4	498	2	0	525	0	500	500	500	0	0	0	0	
1.1849972552e+02	211	5	493	7	1	509	0	500	500	500	0	0	0	0	
1.1899894856e+02	211	5	491	9	1	520	0	500	500	500	0	0	0	0	
1.1949982775e+02	212	6	494	6	3	543	0	500	500	500	0	0	0	0	
1.1999778523e+02	211	9	489	11	0	525	0	500	500	500	0	0	0	0	
1.2049786794e+02	214	7	490	10	3	494	0	500	500	500	0	0	0	0	
1.2099992708e+02	217	5	495	5	1	505	0	500	500	500	0	0	0	0	
1.2149435178e+02	219	4	491	9	1	488	0	500	500	500	0	0	0	0	
1.2199880593e+02	217	5	495	5	1	510	0	500	500	500	0	0	0	0	
1.2249941465e+02	216	6	494	6	2	507	0	500	500	500	0	0	0	0	
1.2299988814e+02	216	7	494	6	2	486	0	500	500	500	0	0	0	0	
1.2349690673e+02	220	4	493	7	2	486	0	500	500	500	0	0	0	0	
1.2399886309e+02	220	4	493	7	5	481	0	500	500	500	0	0	0	0	
1.2449905948e+02	221	3	492	8	4	504	0	500	500	500	0	0	0	0	
1.2499895441e+02	218	6	488	12	3	510	0	500	500	500	0	0	0	0	
1.2549928876e+02	218	7	487	13	9	516	0	500	500	500	0	0	0	0	
1.2599947386e+02	218	6	491	9	0	512	0	500	500	500	0	0	0	0	
1.2649965892e+02	219	6	490	10	1	529	0	500	500	500	0	0	0	0	
1.2699775354e+02	217	8	494	6	2	531	0	500	500	500	0	0	0	0	
1.2749935423e+02	219	7	492	8	0	536	0	500	500	500	0	0	0	0	
1.2799895186e+02	219	7	493	7	1	535	0	500	500	500	0	0	0	0	
1.2849732216e+02	219	7	491	9	2	530	0	500	500	500	0	0	0	0	
1.2899799610e+02	217	10	488	12	4	523	0	500	500	500	0	0	0	0	
1.2949934736e+02	219	8	494	6	4	512	0	500	500	500	0	0	0	0	
1.2999979751e+02	219	10	488	12	3	490	0	500	500	500	0	0	0	0	
1.3049055931e+02	220	11	487	13	5	474	0	500	500	500	0	0	0	0	
1.3099681120e+02	221	10	482	18	1	481	0	500	500	500	0	0	0	0	
1.3149780587e+02	222	8	480	20	4	488	0	500	500	500	0	0	0	0	
1.3199886041e+02	224	5	483	17	2	475	0	500	500	500	0	0	0	0	
1.3249920818e+02	226	3	491	9	1	484	0	500	500	500	0	0	0	0	
1.3299982906e+02	227	2	497	3	0	482	0	500	500	500	0	0	0	0	
1.3349960680e+02	226	1	499	1	0	474	0	500	500	500	0	0	0	0	
1.3399587388e+02	227	1	499	1	0	493	0	500	500	500	0	0	0	0	
1.3449935526e+02	226	3	498	2	2	487	0	500	500	500	0	0	0	0	
1.3499890131e+02	227	2	498	2	1	484	0	500	500	500	0	0	0	0	
1.3549723338e+02	227	4	494	6	1	485	0	500	500	500	0	0	0	0	
1.3599967369e+02	223	10	491	9	6	476	0	500	500	500	0	0	0	0	
1.3649753788e+02	227	6	493	7	1	472	0	500	500	500	0	0	0	0	
1.3699597860e+02	227	6	494	6	4	460	0	500	500	500	0	0	0	0	
1.3749971476e+02	228	5	492	8	6	442	0	500	500	500	0	0	0	0	
1.3799903375e+02	230	3	492	8	0	448	0	500	500	500	0	0	0	0	
1.3849826650e+02	232	3	492	8	4	441	0	500	500	500	0	0	0	0	
1.3899661088e+02	233	4	493	7	2	444	0	500	500	500	0	0	0	0	
1.3949948446e+02	232	5	495	5	2	447	0	500	500	500	0	0	0	0	
1.3999896593e+02	233	4	495	5	3	438	0	500	500	500	0	0	0	0	
1.4049822981e+02	232	5	492	8	1	445	0	500	500	500	0	0	0	0	
1.4099914129e+02	230	8	492	8	3	449	0	500	500	500	0	0	0	0	
1.4149610485e+02	232	7	490	10	0	454	0	500	500	500	0	0	0	0	
1.4199782029e+02	233	8	484	16	1	418	0	500	500	500	0	0	0	0	
1.4249915264e+02	234	7	484	16	6	424	0	500	500	500	0	0	0	0	
1.4299818893e+02	235	5	488	12	1	431	0	500	500	500	0	0	0	0	
1.4349918229e+02	234	4	486	14	2	446	0	500	500	500	0	0	0	0	
1.4399709307e+02	233	6	491	9	0	476	0	500	500	500	0	0	0	0	
1.4449821755e+02	234	7	491	9	1	462	0	500	500	500	0	0	0	0	
1.4499854177e+02	233	8	492	8	9	454	0	500	500	500	0	0	0	0	
1.4549692238e+02	236	5	493	7	2	466	0	500	500	500	0	0	0	0	
1.4599723825e+02	236	6	497	3	2	444	0	500	500	500	0	0	0	0	
1.4649686564e+02	237	6	492	8	0	467	0	500	500	500	0	0	0	0	
1.4699910588e+02	238	5	491	9	5	471	0	500	500	500	0	0	0	0	
1.4749827233e+02	238	6	494	6	1	500	0	500	500	500	0	0	0	0	
1.4799750926e+02	238	8	487	13	2	487	0	500	500	500	0	0	0	0	
1.4849792886e+02	240	6	494	6	1	468	0	500	500	500	0	0	0	0	
1.4899821749e+02	240	8	489	11	2	459	0	500	500	500	0	0	0	0	
1.4949965777e+02	242	7	488	12	3	458	0	500	500	500	0	0	0	0	
1.4999719058e+02	244	5	494	6	4	465	0	500	500	500	0	0	0	0	
1.5049807530e+02	245	4	493	7	1	501	0	500	500	500	0	0	0	0	
1.5099964550e+02	247	1	494	6	2	519	0	500	500	500	0	0	0	0	
1.5149926461e+02	247	4	492	8	2	510	0	500	500	500	0	0	0	0	
1.5199502043e+02	243	8	490	10	4	515	0	500	500	500	0	0	0	0	
1.5249708104e+02	243	10	484	16	1	510	0	500	500	500	0	0	0	0	
1.5299757074e+02	244	10	484	16	5	494	0	500	500	500	0	0	0	0	
1.5349366891e+02	244	11	486	14	2	498	0	500	500	500	0	0	0	0	
1.5399967160e+02	247	9	484	16	6	486	0	500	500	500	0	0	0	0	
1.5449986848e+02	245	12	483	17	2	482	0	500	500	500	0	0	0	0	
1.5499973577e+02	248	9	490	10	4	479	0	500	500	500	0	0	0	0	
1.5549726965e+02	248	9	489	11	0	499	0	500	500	500	0	0	0	0	
1.5599697343e+02	250	8	493	7	2	476	0	500	500	500	0	0	0	0	
1.5649791801e+02	252	7	494	6	3	484	0	500	500	500	0	0	0	0	
1.5699690596e+02	252	8	487	13	4	487	0	500	500	500	0	0	0	0	
1.5749952716e+02	252	9	490	10	4	498	0	500	500	500	0	0	0	0	
1.5799218040e+02	254	7	487	13	3	497	0	500	500	500	0	0	0	0	
1.5849816745e+02	253	7	486	14	2	523	0	500	500	500	0	0	0	0	
1.5899782304e+02	255	5	487	13	3	495	0	500	500	500	0	0	0	0	
1.5949844895e+02	254	5	494	6	3	506	0	500	500	500	0	0	0	0	
1.5999536525e+02	255	5	493	7	2	512	0	500	500	500	0	0	0	0	
1.6049383770e+02	256	4	494	6	0	508	0	500	500	500	0	0	0	0	
1.6099841557e+02	256	3	495	5	1	503	0	500	500	500	0	0	0	0	
1.6149960013e+02	256	4	497	3	2	514	0	500	500	500	0	0	0	0	
1.6199879785e+02	258	2	493	7	1	523	0	500	500	500	0	0	0	0	
1.6249878480e+02	258	3	498	2	0	533	0	500	500	500	0	0	0	0	
1.6299846504e+02	257	5	493	7	0	524	0	500	500	500	0	0	0	0	
1.6349871620e+02	256	7	485	15	2	486	0	500	500	500	0	0	0	0	
1.6399980985e+02	256	7	486	14	1	479	0	500	500	500	0	0	0	0	
1.6449737213e+02	258	6	488	12	3	449	0	500	500	500	0	0	0	0	
1.6499968325e+02	259	5	489	11	5	446	0	500	500	500	0	0	0	0	
1.6549854288e+02	261	2	493	7	2	476	0	500	500	500	0	0	0	0	
1.6599982463e+02	261	2	497	3	1	486	0	500	500	500	0	0	0	0	
1.6649642404e+02	263	2	498	2	0	487	0	500	500	500	0	0	0	0	
1.6699786332e+02	263	2	499	1	0	475	0	500	500	500	0	0	0	0	
1.6749965215e+02	264	4	497	3	2	470	0	500	500	500	0	0	0	0	
1.6799995418e+02	265	7	494	6	1	513	0	500	500	500	0	0	0	0	
1.6849845037e+02	264	10	492	8	5	530	0	500	500	500	0	0	0	0	
1.6899955554e+02	267	7	494	6	3	519	0	500	500	500	0	0	0	0	
1.6949772149e+02	268	6	494	6	5	516	0	500	500	500	0	0	0	0	
1.6999785407e+02	269	5	498	2	3	513	0	500	500	500	0	0	0	0	
1.7049780443e+02	267	9	493	7	0	522	0	500	500	500	0	0	0	0	
1.7099801410e+02	271	6	492	8	4	534	0	500	500	500	0	0	0	0	
1.7149929606e+02	271	7	491	9	2	509	0	500	500	500	0	0	0	0	
1.7199992204e+02	273	6	491	9	3	505	0	500	500	500	0	0	0	0	
1.7249970697e+02	272	6	488	12	5	514	0	500	500	500	0	0	0	0	
1.7299928041e+02	271	8	487	13	0	510	0	500	500	500	0	0	0	0	
1.7349993455e+02	271	10	484	16	7	502	0	500	500	500	0	0	0	0	
1.7399957828e+02	267	15	481	19	4	489	0	500	500	500	0	0	0	0	
1.7449992412e+02	267	16	483	17	6	492	0	500	500	500	0	0	0	0	
1.7499871275e+02	270	14	478	22	2	507	0	500	500	500	0	0	0	0	
1.7549339368e+02	271	14	483	17	4	499	0	500	500	500	0	0	0	0	
1.7599463573e+02	272	13	480	20	5	488	0	500	500	500	0	0	0	0	
1.7649935149e+02	271	14	479	21	7	488	0	500	500	500	0	0	0	0	
1.7699974518e+02	271	14	479	21	3	503	0	500	500	500	0	0	0	0	
1.7749983120e+02	274	13	479	21	9	465	0	500	500	500	0	0	0	0	
1.7799663370e+02	276	14	481	19	8	478	0	500	500	500	0	0	0	0	
1.7849936648e+02	281	10	484	16	4	493	0	500	500	500	0	0	0	0	
1.7899909059e+02	281	10	487	13	0	493	0	500	500	500	0	0	0	0	
1.7949643234e+02	282	9	483	17	1	485	0	500	500	500	0	0	0	0	
1.7999828353e+02	284	7	482	18	1	460	0	500	500	500	0	0	0	0	
1.8049718249e+02	285	6	484	16	1	476	0	500	500	500	0	0	0	0	
1.8099855073e+02	286	5	492	8	3	484	0	500	500	500	0	0	0	0	
1.8149922865e+02	286	6	493	7	3	487	0	500	500	500	0	0	0	0	
1.8199922226e+02	287	5	492	8	1	483	0	500	500	500	0	0	0	0	
1.8249952753e+02	289	3	491	9	2	478	0	500	500	500	0	0	0	0	
1.8299752394e+02	288	4	491	9	0	479	0	500	500	500	0	0	0	0	
1.8349724240e+02	288	4	492	8	0	473	0	500	500	500	0	0	0	0	
1.8399558777e+02	289	4	494	6	1	471	0	500	500	500	0	0	0	0	
1.8449596724e+02	290	4	496	4	3	473	0	500	500	500	0	0	0	0	
1.8499458515e+02	289	5	496	4	1	456	0	500	500	500	0	0	0	0	
1.8549576631e+02	289	7	492	8	5	468	0	500	500	500	0	0	0	0	
1.8599985051e+02	290	6	484	16	1	476	0	500	500	500	0	0	0	0	
1.8649177684e+02	291	6	491	9	4	451	0	500	500	500	0	0	0	0	
1.8699986654e+02	292	6	493	7	0	471	0	500	500	500	0	0	0	0	
1.8749746931e+02	292	6	492	8	1	484	0	500	500	500	0	0	0	0	
1.8799984529e+02	292	9	491	9	3	497	0	500	500	500	0	0	0	0	
1.8849991339e+02	291	9	484	16	3	470	0	500	500	500	0	0	0	0	
1.8899907047e+02	293	7	488	12	5	499	0	500	500	500	0	0	0	0	
1.8949793387e+02	293	8	485	15	1	502	0	500	500	500	0	0	0	0	
1.8999994652e+02	293	9	486	14	4	510	0	500	500	500	0	0	0	0	
1.9049819070e+02	293	11	488	12	2	505	0	500	500	500	0	0	0	0	
1.9099855095e+02	297	8	485	15	6	499	0	500	500	500	0	0	0	0	
1.9149949512e+02	298	5	483	17	3	499	0	500	500	500	0	0	0	0	
1.9199546388e+02	298	5	488	12	1	485	0	500	500	500	0	0	0	0	
1.9249781329e+02	299	4	487	13	1	502	0	500	500	500	0	0	0	0	
1.9299859783e+02	298	9	482	18	3	480	0	500	500	500	0	0	0	0	
1.9349850546e+02	299	9	480	20	2	526	0	500	500	500	0	0	0	0	
1.9399911982e+02	297	11	489	11	5	506	0	500	500	500	0	0	0	0	
1.9449377121e+02	299	9	488	12	2	529	0	500	500	500	0	0	0	0	
1.9499939844e+02	299	10	484	16	1	516	0	500	500	500	0	0	0	0	
1.9549845849e+02	298	10	482	18	1	499	0	500	500	500	0	0	0	0	
1.9599772429e+02	296	12	482	18	4	521	0	500	500	500	0	0	0	0	
1.9649930869e+02	297	11	477	23	2	498	0	500	500	500	0	0	0	0	
1.9699916207e+02	296	14	478	22	10	505	0	500	500	500	0	0	0	0	
1.9749743923e+02	299	13	480	20	6	507	0	500	500	500	0	0	0	0	
1.9799950232e+02	298	16	473	27	7	510	0	500	500	500	0	0	0	0	
1.9849742631e+02	299	17	472	28	4	518	0	500	500	500	0	0	0	0	
1.9899932245e+02	298	17	476	24	9	497	0	500	500	500	0	0	0	0	
1.9949990700e+02	299	17	474	26	6	505	0	500	500	500	0	0	0	0	
1.9999504156e+02	301	16	475	25	5	478	0	500	500	500	0	0	0	0	
2.0049880348e+02	301	16	479	21	3	488	0	500	500	500	0	0	0	0	
2.0099768662e+02	301	16	480	20	6	486	0	500	500	500	0	0	0	0	
2.0149982133e+02	302	16	474	26	10	483	0	500	500	500	0	0	0	0	
2.0199750811e+02	304	14	478	22	7	477	0	500	500	500	0	0	0	0	
2.0249983183e+02	306	12	486	14	5	465	0	500	500	500	0	0	0	0	
2.0299970295e+02	306	14	487	13	3	480	0	500	500	500	0	0	0	0	
2.0349217301e+02	309	12	483	17	4	473	0	500	500	500	0	0	0	0	
2.0399990794e+02	311	10	479	21	4	477	0	500	500	500	0	0	0	0	
2.0449291542e+02	312	13	472	28	4	459	0	500	500	500	0	0	0	0	
2.0499797997e+02	309	16	473	27	5	474	0	500	500	500	0	0	0	0	
2.0549976942e+02	313	12	471	29	4	451	0	500	500	500	0	0	0	0	
2.0599830770e+02	310	14	482	18	10	466	0	500	500	500	0	0	0	0	
2.0649748576e+02	313	12	490	10	1	479	0	500	500	500	0	0	0	0	
2.0699961398e+02	316	8	486	14	1	487	0	500	500	500	0	0	0	0	
2.0749982267e+02	315	9	485	15	7	490	0	500	500	500	0	0	0	0	
2.0799831565e+02	314	9	484	16	2	488	0	500	500	500	0	0	0	0	
2.0849977858e+02	313	12	488	12	2	477	0	500	500	500	0	0	0	0	
2.0899744443e+02	316	9	485	15	2	487	0	500	500	500	0	0	0	0	
2.0949778748e+02	315	10	478	22	4	478	0	500	500	500	0	0	0	0	
2.0999662904e+02	314	10	479	21	5	482	0	500	500	500	0	0	0	0	
2.1049959164e+02	314	11	484	16	2	467	0	500	500	500	0	0	0	0	
2.1099822118e+02	312	13	477	23	6	460	0	500	500	500	0	0	0	0	
2.1149889654e+02	314	11	483	17	7	455	0	500	500	500	0	0	0	0	
2.1199143874e+02	311	16	481	19	4	499	0	500	500	500	0	0	0	0	
2.1249920395e+02	316	11	484	16	5	501	0	500	500	500	0	0	0	0	
2.1299934335e+02	318	10	486	14	5	504	0	500	500	500	0	0	0	0	
2.1349305834e+02	317	12	485	15	2	515	0	500	500	500	0	0	0	0	
2.1399859454e+02	319	12	483	17	4	524	0	500	500	500	0	0	0	0	
2.1449990957e+02	323	9	486	14	6	513	0	500	500	500	0	0	0	0	
2.1499946607e+02	324	11	487	13	1	537	0	500	500	500	0	0	0	0	
2.1549863760e+02	326	9	490	10	3	523	0	500	500	500	0	0	0	0	
2.1599823031e+02	328	9	486	14	2	510	0	500	500	500	0	0	0	0	
2.1649731871e+02	327	11	492	8	3	502	0	500	500	500	0	0	0	0	
2.1699897396e+02	329	10	489	11	6	489	0	500	500	500	0	0	0	0	
2.1749957560e+02	331	8	485	15	5	495	0	500	500	500	0	0	0	0	
2.1799622044e+02	332	7	485	15	2	518	0	500	500	500	0	0	0	0	
2.1849862595e+02	333	6	487	13	2	517	0	500	500	500	0	0	0	0	
2.1899999281e+02	333	6	484	16	1	533	0	500	500	500	0	0	0	0	
2.1949981125e+02	334	5	487	13	3	506	0	500	500	500	0	0	0	0	
2.1999613216e+02	335	7	495	5	2	496	0	500	500	500	0	0	0	0	
2.2049995296e+02	338	4	495	5	1	504	0	500	500	500	0	0	0	0	
2.2099828399e+02	337	6	497	3	2	499	0	500	500	500	0	0	0	0	
2.2149931540e+02	341	3	496	4	1	513	0	500	500	500	0	0	0	0	
2.2199828309e+02	341	3	491	9	0	500	0	500	500	500	0	0	0	0	
2.2249887898e+02	342	7	490	10	2	519	0	500	500	500	0	0	0	0	
2.2299951167e+02	343	9	488	12	2	498	0	500	500	500	0	0	0	0	
2.2349934941e+02	343	8	487	13	2	482	0	500	500	500	0	0	0	0	
2.2399945829e+02	343	8	486	14	4	505	0	500	500	500	0	0	0	0	
2.2449820058e+02	343	8	487	13	5	506	0	500	500	500	0	0	0	0	
2.2499727590e+02	343	9	480	20	4	494	0	500	500	500	0	0	0	0	
2.2549863106e+02	345	8	484	16	5	481	0	500	500	500	0	0	0	0	
2.2599500796e+02	343	7	480	20	2	485	0	500	500	500	0	0	0	0	
2.2649864703e+02	345	5	485	15	4	488	0	500	500	500	0	0	0	0	
2.2699859686e+02	344	8	481	19	2	512	0	500	500	500	0	0	0	0	
2.2749956682e+02	344	9	478	22	1	503	0	500	500	500	0	0	0	0	
2.2799735710e+02	344	12	472	28	5	504	0	500	500	500	0	0	0	0	
2.2849821975e+02	347	7	476	24	7	490	0	500	500	500	0	0	0	0	
2.2899935043e+02	349	6	485	15	2	489	0	500	500	500	0	0	0	0	
2.2949652374e+02	349	6	486	14	2	502	0	500	500	500	0	0	0	0	
2.2999463011e+02	348	9	492	8	1	476	0	500	500	500	0	0	0	0	
2.3049976590e+02	348	9	483	17	5	470	0	500	500	500	0	0	0	0	
2.3099932789e+02	351	6	489	11	3	494	0	500	500	500	0	0	0	0	
2.3149948599e+02	350	9	487	13	3	484	0	500	500	500	0	0	0	0	
2.3199945760e+02	352	8	485	15	1	486	0	500	500	500	0	0	0	0	
2.3249953594e+02	353	8	483	17	3	472	0	500	500	500	0	0	0	0	
2.3299557887e+02	354	9	480	20	3	453	0	500	500	500	0	0	0	0	
2.3349890532e+02	349	13	480	20	4	462	0	500	500	500	0	0	0	0	
2.3399914295e+02	352	10	479	21	5	474	0	500	500	500	0	0	0	0	
2.3449703197e+02	353	9	481	19	4	475	0	500	500	500	0	0	0	0	
2.3499957918e+02	353	10	472	28	3	472	0	500	500	500	0	0	0	0	
2.3549509360e+02	359	5	481	19	5	478	0	500	500	500	0	0	0	0	
2.3599767525e+02	356	10	484	16	3	467	0	500	500	500	0	0	0	0	
2.3649914308e+02	355	11	486	14	6	486	0	500	500	500	0	0	0	0	
2.3699943958e+02	353	13	481	19	5	479	0	500	500	500	0	0	0	0	
2.3749887709e+02	358	7	483	17	3	496	0	500	500	500	0	0	0	0	
2.3799626502e+02	359	9	485	15	2	487	0	500	500	500	0	0	0	0	
2.3849823408e+02	356	11	483	17	2	466	0	500	500	500	0	0	0	0	
2.3899987487e+02	357	11	487	13	3	476	0	500	500	500	0	0	0	0	
2.3949720067e+02	361	8	486	14	3	475	0	500	500	500	0	0	0	0	
2.3999900803e+02	361	9	489	11	3	452	0	500	500	500	0	0	0	0	
2.4049788054e+02	362	8	482	18	2	442	0	500	500	500	0	0	0	0	
2.4099994563e+02	361	8	479	21	5	432	0	500	500	500	0	0	0	0	
2.4149936767e+02	360	10	477	23	1	433	0	500	500	500	0	0	0	0	
2.4199745944e+02	360	11	481	19	1	428	0	500	500	500	0	0	0	0	
2.4249948926e+02	359	13	483	17	3	441	0	500	500	500	0	0	0	0	
2.4299939559e+02	356	16	486	14	5	446	0	500	500	500	0	0	0	0	
2.4349606989e+02	357	17	481	19	6	445	0	500	500	500	0	0	0	0	
2.4399840070e+02	359	16	474	26	6	451	0	500	500	500	0	0	0	0	
2.4449973940e+02	361	14	476	24	7	453	0	500	500	500	0	0	0	0	
2.4499821253e+02	362	13	480	20	5	444	0	500	500	500	0	0	0	0	
2.4549516084e+02	363	11	483	17	6	436	0	500	500	500	0	0	0	0	
2.4599023687e+02	364	10	490	10	4	420	0	500	500	500	0	0	0	0	
2.4649331179e+02	361	12	492	8	7	443	0	500	500	500	0	0	0	0	
2.4699946769e+02	361	12	490	10	9	430	0	500	500	500	0	0	0	0	
2.4749332093e+02	364	10	485	15	4	454	0	500	500	500	0	0	0	0	
2.4799909910e+02	365	10	484	16	2	465	0	500	500	500	0	0	0	0	
2.4849737130e+02	367	8	490	10	5	485	0	500	500	500	0	0	0	0	
2.4899959390e+02	365	11	493	7	7	483	0	500	500	500	0	0	0	0	
2.4949985976e+02	369	8	487	13	2	475	0	500	500	500	0	0	0	0	
2.4999896587e+02	365	10	485	15	2	492	0	500	500	500	0	0	0	0	
2.5049997153e+02	365	11	486	14	5	467	0	500	500	500	0	0	0	0	
2.5099948064e+02	368	7	486	14	5	468	0	500	500	500	0	0	0	0	
2.5149565164e+02	368	6	492	8	1	457	0	500	500	500	0	0	0	0	
2.5199981998e+02	368	6	491	9	2	475	0	500	500	500	0	0	0	0	
2.5249993110e+02	366	8	484	16	0	491	0	500	500	500	0	0	0	0	
2.5299853049e+02	367	7	485	15	2	489	0	500	500	500	0	0	0	0	
2.5349821261e+02	369	7	487	13	2	477	0	500	500	500	0	0	0	0	
2.5399787371e+02	370	6	488	12	0	471	0	500	500	500	0	0	0	0	
2.5449994289e+02	370	4	484	16	4	474	0	500	500	500	0	0	0	0	
2.5499761408e+02	370	5	482	18	3	492	0	500	500	500	0	0	0	0	
2.5549937319e+02	370	6	492	8	4	503	0	500	500	500	0	0	0	0	
2.5599770174e+02	370	7	493	7	4	503	0	500	500	500	0	0	0	0	
2.5649854324e+02	372	6	489	11	2	512	0	500	500	500	0	0	0	0	
2.5699459771e+02	371	6	497	3	4	498	0	500	500	500	0	0	0	0	
2.5749847436e+02	372	5	492	8	4	485	0	500	500	500	0	0	0	0	
2.5799955469e+02	374	2	495	5	2	499	0	500	500	500	0	0	0	0	
2.5849872485e+02	374	2	496	4	2	501	0	500	500	500	0	0	0	0	
2.5899558996e+02	373	4	494	6	4	490	0	500	500	500	0	0	0	0	
2.5949897212e+02	374	8	486	14	9	471	0	500	500	500	0	0	0	0	
2.5999750432e+02	374	9	485	15	2	472	0	500	500	500	0	0	0	0	
2.6049931160e+02	371	12	487	13	3	470	0	500	500	500	0	0	0	0	
2.6099721533e+02	374	10	488	12	2	466	0	500	500	500	0	0	0	0	
2.6149992482e+02	373	10	488	12	5	451	0	500	500	500	0	0	0	0	
2.6199780199e+02	372	10	482	18	3	441	0	500	500	500	0	0	0	0	
2.6249874224e+02	373	10	483	17	4	452	0	500	500	500	0	0	0	0	
2.6299960262e+02	376	8	487	13	3	470	0	500	500	500	0	0	0	0	
2.6349988310e+02	379	5	489	11	5	466	0	500	500	500	0	0	0	0	
2.6399897828e+02	380	7	485	15	2	468	0	500	500	500	0	0	0	0	
2.6449867141e+02	381	6	491	9	2	454	0	500	500	500	0	0	0	0	
2.6499650647e+02	380	6	490	10	0	464	0	500	500	500	0	0	0	0	
2.6549865363e+02	380	7	492	8	3	505	0	500	500	500	0	0	0	0	
2.6599590271e+02	382	6	493	7	4	510	0	500	500	500	0	0	0	0	
2.6649999798e+02	381	7	488	12	3	500	0	500	500	500	0	0	0	0	
2.6699832326e+02	381	7	492	8	2	503	0	500	500	500	0	0	0	0	
2.6749935091e+02	381	6	490	10	2	527	0	500	500	500	0	0	0	0	
2.6799758593e+02	382	6	487	13	3	502	0	500	500	500	0	0	0	0	
2.6849986221e+02	379	8	483	17	1	495	0	500	500	500	0	0	0	0	
2.6899732562e+02	378	9	483	17	1	514	0	500	500	500	0	0	0	0	
2.6949879080e+02	377	12	484	16	3	520	0	500	500	500	0	0	0	0	
2.6999722650e+02	378	14	486	14	3	522	0	500	500	500	0	0	0	0	
2.7049913836e+02	379	13	483	17	5	482	0	500	500	500	0	0	0	0	
2.7099682729e+02	380	12	484	16	5	493	0	500	500	500	0	0	0	0	
2.7149903248e+02	382	13	484	16	3	503	0	500	500	500	0	0	0	0	
2.7199945718e+02	384	12	485	15	7	495	0	500	500	500	0	0	0	0	
2.7249911205e+02	385	10	482	18	5	476	0	500	500	500	0	0	0	0	
2.7299867921e+02	385	10	481	19	4	504	0	500	500	500	0	0	0	0	
2.7349999197e+02	386	9	480	20	0	491	0	500	500	500	0	0	0	0	
2.7399887505e+02	383	13	487	13	5	474	0	500	500	500	0	0	0	0	
2.7449560866e+02	386	11	483	17	5	488	0	500	500	500	0	0	0	0	
2.7499975924e+02	387	11	483	17	5	502	0	500	500	500	0	0	0	0	
2.7549730256e+02	384	14	479	21	4	516	0	500	500	500	0	0	0	0	
2.7599826021e+02	383	15	471	29	2	521	0	500	500	500	0	0	0	0	
2.7649894110e+02	385	14	471	29	3	499	0	500	500	500	0	0	0	0	
2.7699942015e+02	383	18	464	36	2	487	0	500	500	500	0	0	0	0	
2.7749957755e+02	382	20	473	27	3	482	0	500	500	500	0	0	0	0	
2.7799936164e+02	381	20	462	38	4	503	0	500	500	500	0	0	0	0	
2.7849646085e+02	383	17	463	37	9	508	0	500	500	500	0	0	0	0	
2.7899966970e+02	386	14	466	34	7	504	0	500	500	500	0	0	0	0	
2.7949552720e+02	382	19	469	31	7	510	0	500	500	500	0	0	0	0	
2.7999483345e+02	381	18	468	32	5	499	0	500	500	500	0	0	0	0	
2.8049990711e+02	378	22	472	28	4	510	0	500	500	500	0	0	0	0	
2.8099984024e+02	381	19	470	30	2	527	0	500	500	500	0	0	0	0	
2.8149900928e+02	378	23	457	43	5	485	0	500	500	500	0	0	0	0	
2.8199986608e+02	380	22	458	42	9	491	0	500	500	500	0	0	0	0	
2.8249859765e+02	384	18	455	45	5	497	0	500	500	500	0	0	0	0	
2.8299959098e+02	390	14	464	36	7	506	0	500	500	500	0	0	0	0	
2.8349895163e+02	394	11	466	34	11	508	0	500	500	500	0	0	0	0	
2.8399964198e+02	393	12	466	34	6	513	0	500	500	500	0	0	0	0	
2.8449566076e+02	395	12	470	30	2	501	0	500	500	500	0	0	0	0	
2.8499961884e+02	395	12	470	30	6	481	0	500	500	500	0	0	0	0	
2.8549632723e+02	395	11	470	30	4	467	0	500	500	500	0	0	0	0	
2.8599924144e+02	395	10	481	19	3	477	0	500	500	500	0	0	0	0	
2.8649952857e+02	395	9	479	21	7	467	0	500	500	500	0	0	0	0	
2.8699770258e+02	393	15	475	25	6	474	0	500	500	500	0	0	0	0	
2.8749474691e+02	395	14	478	22	4	475	0	500	500	500	0	0	0	0	
2.8799967976e+02	399	11	482	18	4	467	0	500	500	500	0	0	0	0	
2.8849917097e+02	402	9	487	13	1	466	0	500	500	500	0	0	0	0	
2.8899683571e+02	403	9	483	17	3	471	0	500	500	500	0	0	0	0	
2.8949947836e+02	404	8	489	11	1	476	0	500	500	500	0	0	0	0	
2.8999992790e+02	406	7	493	7	3	484	0	500	500	500	0	0	0	0	
2.9049695817e+02	409	5	493	7	3	476	0	500	500	500	0	0	0	0	
2.9099702544e+02	409	6	491	9	4	463	0	500	500	500	0	0	0	0	
2.9149951102e+02	411	9	490	10	3	466	0	500	500	500	0	0	0	0	
2.9199786147e+02	410	10	490	10	3	498	0	500	500	500	0	0	0	0	
2.9249947082e+02	412	8	485	15	4	513	0	500	500	500	0	0	0	0	
2.9299838008e+02	413	8	482	18	3	517	0	500	500	500	0	0	0	0	
2.9349994039e+02	409	11	488	12	1	518	0	500	500	500	0	0	0	0	
2.9399757317e+02	410	10	485	15	3	530	0	500	500	500	0	0	0	0	
2.9449944250e+02	409	13	485	15	5	534	0	500	500	500	0	0	0	0	
2.9499703608e+02	409	13	485	15	4	489	0	500	500	500	0	0	0	0	
2.9549977352e+02	414	8	488	12	4	494	0	500	500	500	0	0	0	0	
2.9599921679e+02	414	9	482	18	3	507	0	500	500	500	0	0	0	0	
2.9649966348e+02	417	7	487	13	1	520	0	500	500	500	0	0	0	0	
2.9699786490e+02	419	5	485	15	2	517	0	500	500	500	0	0	0	0	
2.9749990432e+02	417	8	481	19	4	500	0	500	500	500	0	0	0	0	
2.9799792818e+02	416	10	485	15	6	506	0	500	500	500	0	0	0	0	
2.9849814201e+02	415	12	483	17	6	510	0	500	500	500	0	0	0	0	
2.9899905212e+02	417	12	482	18	5	516	0	500	500	500	0	0	0	0	
2.9949984938e+02	415	13	476	24	10	493	0	500	500	500	0	0	0	0	
2.9999932123e+02	418	11	469	31	8	510	0	500	500	500	0	0	0	0	
3.0049931495e+02	418	11	467	33	3	510	0	500	500	500	0	0	0	0	
3.0099984585e+02	418	11	466	34	2	508	0	500	500	500	0	0	0	0	
3.0149976094e+02	417	13	468	32	7	496	0	500	500	500	0	0	0	0	
3.0199722736e+02	412	20	466	34	6	481	0	500	500	500	0	0	0	0	
3.0249703011e+02	409	25	472	28	4	474	0	500	500	500	0	0	0	0	
3.0299842212e+02	408	28	469	31	4	464	0	500	500	500	0	0	0	0	
3.0349609866e+02	410	26	456	44	11	475	0	500	500	500	0	0	0	0	
3.0399932074e+02	406	30	458	42	12	482	0	500	500	500	0	0	0	0	
3.0449977155e+02	408	28	444	56	12	483	0	500	500	500	0	0	0	0	
3.0499890587e+02	410	28	452	48	11	462	0	500	500	500	0	0	0	0	
3.0549773174e+02	409	32	443	57	12	442	0	500	500	500	0	0	0	0	
3.0599541474e+02	408	34	443	57	15	461	0	500	500	500	0	0	0	0	
3.0649973970e+02	411	33	441	59	11	457	0	500	500	500	0	0	0	0	
3.0699986039e+02	413	30	436	64	6	453	0	500	500	500	0	0	0	0	
3.0749874670e+02	415	29	434	66	9	450	0	500	500	500	0	0	0	0	
3.0799966674e+02	409	34	435	65	12	440	0	500	500	500	0	0	0	0	
3.0849927278e+02	412	33	429	71	8	444	0	500	500	500	0	0	0	0	
3.0899912288e+02	411	35	429	71	14	432	0	500	500	500	0	0	0	0	
3.0949938106e+02	402	44	422	78	6	432	0	500	500	500	0	0	0	0	
3.0999987281e+02	403	43	410	90	8	425	0	500	500	500	0	0	0	0	
3.1049864375e+02	405	41	410	90	10	417	0	500	500	500	0	0	0	0	
3.1099743513e+02	408	39	414	86	17	407	0	500	500	500	0	0	0	0	
3.1149922234e+02	395	53	391	109	13	426	0	500	500	500	0	0	0	0	
3.1199976098e+02	392	55	381	119	21	441	0	500	500	500	0	0	0	0	
3.1249909478e+02	394	54	351	149	27	435	0	500	500	500	0	0	0	0	
3.1299824625e+02	390	58	344	156	20	432	0	500	500	500	0	0	0	0	
3.1349988980e+02	378	71	331	169	29	421	0	500	500	500	0	0	0	0	
3.1399938025e+02	369	81	296	204	25	414	0	500	500	500	0	0	0	0	
3.1449934610e+02	363	85	266	234	25	372	0	500	500	500	0	0	0	0	
3.1499810617e+02	350	98	231	269	37	370	0	500	500	500	0	0	0	0	
3.1549994948e+02	340	108	186	314	39	360	0	500	500	500	0	0	0	0	
3.1599866667e+02	327	121	150	350	48	343	0	500	500	500	0	0	0	0	
3.1649973148e+02	303	145	116	384	58	367	0	500	500	500	0	0	0	0	
3.1699959170e+02	277	171	71	429	75	349	0	500	500	500	0	0	0	0	
3.1749843813e+02	247	202	21	479	75	322	0	500	500	500	0	0	0	0	
3.1799903321e+02	230	219	22	478	89	257	0	500	500	500	0	0	0	0	
3.1849974219e+02	214	236	8	492	94	226	0	500	500	500	0	0	0	0	
3.1899984035e+02	198	251	9	491	91	201	0	500	500	500	0	0	0	0	
3.1949982770e+02	165	283	4	496	113	137	0	500	500	500	0	0	0	0	
3.1999813907e+02	140	307	14	486	151	100	0	500	500	500	0	0	0	0	
3.2049987759e+02	121	325	16	484	135	90	0	500	500	500	0	0	0	0	
3.2099994509e+02	108	339	7	493	139	60	0	500	500	500	0	0	0	0	
3.2149978084e+02	98	348	10	490	107	64	0	500	500	500	0	0	0	0	
3.2199990171e+02	77	372	3	497	105	61	0	500	500	500	0	0	0	0	
3.2249890546e+02	67	384	5	495	106	62	0	500	500	500	0	0	0	0	
3.2299920554e+02	58	393	10	490	106	59	0	500	500	500	0	0	0	0	
3.2349984217e+02	55	395	4	496	133	49	0	500	500	500	0	0	0	0	
3.2399869607e+02	43	409	6	494	111	47	0	500	500	500	0	0	0	0	
3.2449972023e+02	38	414	1	499	115	42	0	500	500	500	0	0	0	0	
3.2499919858e+02	29	424	6	494	103	40	0	500	500	500	0	0	0	0	
3.2549988022e+02	31	421	4	496	112	42	0	500	500	500	0	0	0	0	
3.2599972299e+02	37	417	9	491	102	52	0	500	500	500	0	0	0	0	
3.2649911692e+02	38	416	6	494	116	41	0	500	500	500	0	0	0	0	
3.2699979518e+02	35	420	16	484	106	38	0	500	500	500	0	0	0	0	
3.2749971255e+02	33	422	5	495	122	38	0	500	500	500	0	0	0	0	
3.2799997779e+02	32	423	4	496	120	52	0	500	500	500	0	0	0	0	
3.2849928754e+02	34	421	7	493	129	40	0	500	500	500	0	0	0	0	
3.2899937285e+02	33	424	4	496	111	33	0	500	500	500	0	0	0	0	
3.2949936764e+02	29	430	12	488	110	67	0	500	500	500	0	0	0	0	
3.2999988961e+02	31	427	3	497	107	45	0	500	500	500	0	0	0	0	
3.3049838234e+02	25	432	4	496	96	40	0	500	500	500	0	0	0	0	
3.3099856219e+02	23	433	10	490	100	59	0	500	500	500	0	0	0	0	
3.3149963795e+02	26	430	6	494	112	41	0	500	500	500	0	0	0	0	
3.3199877526e+02	21	436	8	492	95	40	0	500	500	500	0	0	0	0	
3.3249995969e+02	18	440	10	490	117	27	0	500	500	500	0	0	0	0	
3.3299986950e+02	19	441	8	492	129	41	0	500	500	500	0	0	0	0	
3.3349997340e+02	24	437	8	492	111	43	0	500	500	500	0	0	0	0	
3.3399939024e+02	28	434	9	491	110	37	0	500	500	500	0	0	0	0	
3.3449991499e+02	29	432	5	495	111	57	0	500	500	500	0	0	0	0	
3.3499728266e+02	25	436	4	496	129	32	0	500	500	500	0	0	0	0	
3.3549891986e+02	26	435	4	496	137	53	0	500	500	500	0	0	0	0	
3.3599914346e+02	27	434	9	491	108	49	0	500	500	500	0	0	0	0	
3.3649828216e+02	31	430	3	497	104	47	0	500	500	500	0	0	0	0	
3.3699950612e+02	30	431	10	490	100	41	0	500	500	500	0	0	0	0	
3.3749956057e+02	30	430	13	487	122	30	0	500	500	500	0	0	0	0	
3.3799922171e+02	31	428	7	493	124	51	0	500	500	500	0	0	0	0	
3.3849804442e+02	34	425	4	496	110	45	0	500	500	500	0	0	0	0	
3.3899915836e+02	26	435	9	491	129	41	0	500	500	500	0	0	0	0	
3.3949915841e+02	25	435	8	492	108	41	0	500	500	500	0	0	0	0	
3.3999969170e+02	24	436	3	497	111	35	0	500	500	500	0	0	0	0	
3.4049911590e+02	22	438	8	492	92	59	0	500	500	500	0	0	0	0	
3.4099919212e+02	19	442	6	494	113	40	0	500	500	500	0	0	0	0	
3.4149981753e+02	21	440	5	495	99	52	0	500	500	500	0	0	0	0	
3.4199871435e+02	19	441	5	495	118	31	0	500	500	500	0	0	0	0	
3.4249830481e+02	22	438	4	496	114	33	0	500	500	500	0	0	0	0	
3.4299864444e+02	21	442	10	490	112	50	0	500	500	500	0	0	0	0	
3.4349946864e+02	27	436	11	489	107	60	0	500	500	500	0	0	0	0	
3.4399994933e+02	23	440	12	488	96	56	0	500	500	500	0	0	0	0	
3.4449930339e+02	26	440	8	492	110	49	0	500	500	500	0	0	0	0	
3.4499967928e+02	23	441	6	494	121	47	0	500	500	500	0	0	0	0	
3.4549930205e+02	25	440	4	496	137	41	0	500	500	500	0	0	0	0	
3.4599844470e+02	26	439	4	496	122	47	0	500	500	500	0	0	0	0	
3.4649938647e+02	27	440	9	491	109	37	0	500	500	500	0	0	0	0	
3.4699999753e+02	25	441	10	490	128	30	0	500	500	500	0	0	0	0	
3.4749933167e+02	23	444	3	497	115	47	0	500	500	500	0	0	0	0	
3.4799628628e+02	22	445	5	495	121	50	0	500	500	500	0	0	0	0	
3.4849733519e+02	19	451	7	493	119	47	0	500	500	500	0	0	0	0	
3.4899880602e+02	18	452	9	491	133	56	0	500	500	500	0	0	0	0	
3.4949960267e+02	21	450	5	495	132	30	0	500	500	500	0	0	0	0	
3.4999922766e+02	22	450	5	495	121	31	0	500	500	500	0	0	0	0	
3.5049936921e+02	21	449	5	495	121	35	0	500	500	500	0	0	0	0	
3.5099749481e+02	22	449	8	492	115	39	0	500	500	500	0	0	0	0	
3.5149882057e+02	22	449	8	492	115	45	0	500	500	500	0	0	0	0	
3.5199904703e+02	18	454	5	495	102	46	0	500	500	500	0	0	0	0	
3.5249993842e+02	19	454	9	491	140	37	0	500	500	500	0	0	0	0	
3.5299993443e+02	22	451	7	493	115	57	0	500	500	500	0	0	0	0	
3.5349976844e+02	21	451	5	495	105	49	0	500	500	500	0	0	0	0	
3.5399983977e+02	23	451	9	491	117	45	0	500	500	500	0	0	0	0	
3.5449899293e+02	26	449	5	495	136	41	0	500	500	500	0	0	0	0	
3.5499967309e+02	23	454	10	490	121	39	0	500	500	500	0	0	0	0	
3.5549883103e+02	17	459	4	496	112	33	0	500	500	500	0	0	0	0	
3.5599958252e+02	21	456	9	491	113	38	0	500	500	500	0	0	0	0	
3.5649923284e+02	21	456	5	495	124	49	0	500	500	500	0	0	0	0	
3.5699909214e+02	26	452	2	498	143	33	0	500	500	500	0	0	0	0	
3.5749718711e+02	26	454	2	498	127	33	0	500	500	500	0	0	0	0	
3.5799762442e+02	21	459	6	494	132	19	0	500	500	500	0	0	0	0	
3.5849787215e+02	21	458	4	496	115	22	0	500	500	500	0	0	0	0	
3.5899948448e+02	19	461	7	493	113	30	0	500	500	500	0	0	0	0	
3.5949994790e+02	12	469	2	498	122	37	0	500	500	500	0	0	0	0	
3.5999930033e+02	13	469	5	495	122	32	0	500	500	500	0	0	0	0	
3.6049992584e+02	14	468	6	494	125	29	0	500	500	500	0	0	0	0	
3.6099573458e+02	18	465	4	496	129	30	0	500	500	500	0	0	0	0	
3.6149834634e+02	19	463	9	491	130	47	0	500	500	500	0	0	0	0	
3.6199948999e+02	17	466	7	493	102	49	0	500	500	500	0	0	0	0	
3.6249995086e+02	18	466	5	495	114	34	0	500	500	500	0	0	0	0	
3.6299972895e+02	19	466	8	492	115	41	0	500	500	500	0	0	0	0	
3.6349742239e+02	20	467	3	497	119	30	0	500	500	500	0	0	0	0	
3.6399970000e+02	17	470	6	494	117	39	0	500	500	500	0	0	0	0	
3.6449798455e+02	22	468	5	495	129	29	0	500	500	500	0	0	0	0	
3.6499917625e+02	20	472	7	493	108	48	0	500	500	500	0	0	0	0	
3.6549905129e+02	21	474	4	496	112	44	0	500	500	500	0	0	0	0	
3.6599995845e+02	17	478	3	497	106	36	0	500	500	500	0	0	0	0	
3.6649952407e+02	20	476	4	496	112	49	0	500	500	500	0	0	0	0	
3.6699988773e+02	20	476	3	497	132	51	0	500	500	500	0	0	0	0	
3.6749865345e+02	15	480	8	492	132	38	0	500	500	500	0	0	0	0	
3.6799922423e+02	14	481	7	493	127	27	0	500	500	500	0	0	0	0	
3.6849660231e+02	19	476	5	495	124	38	0	500	500	500	0	0	0	0	
3.6899989467e+02	16	480	5	495	99	42	0	500	500	500	0	0	0	0	
3.6949988671e+02	18	479	4	496	87	28	0	500	500	500	0	0	0	0	
3.6999974070e+02	16	480	6	494	93	26	0	500	500	500	0	0	0	0	
3.7049820091e+02	13	483	6	494	94	35	0	500	500	500	0	0	0	0	
3.7099948006e+02	20	476	10	490	104	36	0	500	500	500	0	0	0	0	
3.7149921850e+02	20	477	2	498	111	61	0	500	500	500	0	0	0	0	
3.7199828534e+02	25	472	4	496	112	64	0	500	500	500	0	0	0	0	
3.7249955512e+02	23	473	4	496	136	35	0	500	500	500	0	0	0	0	
3.7299946105e+02	21	473	6	494	134	45	0	500	500	500	0	0	0	0	
3.7349998389e+02	22	473	3	497	125	56	0	500	500	500	0	0	0	0	
3.7399924229e+02	22	474	5	495	131	37	0	500	500	500	0	0	0	0	
3.7449834397e+02	19	477	8	492	123	42	0	500	500	500	0	0	0	0	
3.7499859434e+02	16	482	10	490	122	36	0	500	500	500	0	0	0	0	
3.7549976996e+02	17	480	7	493	118	39	0	500	500	500	0	0	0	0	
3.7599791515e+02	16	481	12	488	127	25	0	500	500	500	0	0	0	0	
3.7649931296e+02	15	482	2	498	101	39	0	500	500	500	0	0	0	0	
3.7699972210e+02	14	483	4	496	120	32	0	500	500	500	0	0	0	0	
3.7749907407e+02	18	479	1	499	108	41	0	500	500	500	0	0	0	0	
3.7799898639e+02	18	479	7	493	117	37	0	500	500	500	0	0	0	0	
3.7849982868e+02	14	482	2	498	105	36	0	500	500	500	0	0	0	0	
3.7899959378e+02	15	482	7	493	110	32	0	500	500	500	0	0	0	0	
3.7949824488e+02	15	482	4	496	126	30	0	500	500	500	0	0	0	0	
3.7999974528e+02	16	480	6	494	123	40	0	500	500	500	0	0	0	0	
3.8049949007e+02	13	483	6	494	97	46	0	500	500	500	0	0	0	0	
3.8099739534e+02	15	481	13	487	131	31	0	500	500	500	0	0	0	0	
3.8149954918e+02	16	480	11	489	129	38	0	500	500	500	0	0	0	0	
3.8199978228e+02	17	479	8	492	137	29	0	500	500	500	0	0	0	0	
3.8249986107e+02	19	477	3	497	107	43	0	500	500	500	0	0	0	0	
3.8299979713e+02	18	477	6	494	104	49	0	500	500	500	0	0	0	0	
3.8349923371e+02	18	478	7	493	115	46	0	500	500	500	0	0	0	0	
3.8399984010e+02	15	481	10	490	117	40	0	500	500	500	0	0	0	0	
3.8449941762e+02	20	477	6	494	131	42	0	500	500	500	0	0	0	0	
3.8499825038e+02	19	478	3	497	137	38	0	500	500	500	0	0	0	0	
3.8549654006e+02	18	479	3	497	132	56	0	500	500	500	0	0	0	0	
3.8599960450e+02	15	483	7	493	117	50	0	500	500	500	0	0	0	0	
3.8649965415e+02	19	479	1	499	118	58	0	500	500	500	0	0	0	0	
3.8699963016e+02	21	478	8	492	111	31	0	500	500	500	0	0	0	0	
3.8749888916e+02	15	486	6	494	119	32	0	500	500	500	0	0	0	0	
3.8799997882e+02	17	484	3	497	129	34	0	500	500	500	0	0	0	0	
3.8849741258e+02	19	482	9	491	113	45	0	500	500	500	0	0	0	0	
3.8899987454e+02	19	481	4	496	112	52	0	500	500	500	0	0	0	0	
3.8949976223e+02	16	485	8	492	111	36	0	500	500	500	0	0	0	0	
3.8999975442e+02	17	484	9	491	102	20	0	500	500	500	0	0	0	0	
3.9049903149e+02	19	481	6	494	96	24	0	500	500	500	0	0	0	0	
3.9099911322e+02	17	483	5	495	88	45	0	500	500	500	0	0	0	0	
3.9149995273e+02	17	484	4	496	114	45	0	500	500	500	0	0	0	0	
3.9199975143e+02	16	485	2	498	139	29	0	500	500	500	0	0	0	0	
3.9249890414e+02	20	481	1	499	120	31	0	500	500	500	0	0	0	0	
3.9299980347e+02	14	488	2	498	79	39	0	500	500	500	0	0	0	0	
3.9349807365e+02	17	484	4	496	103	50	0	500	500	500	0	0	0	0	
3.9399638692e+02	17	486	3	497	122	36	0	500	500	500	0	0	0	0	
3.9449866764e+02	20	482	5	495	108	36	0	500	500	500	0	0	0	0	
3.9499920243e+02	23	480	4	496	120	36	0	500	500	500	0	0	0	0	
3.9549885430e+02	25	477	11	489	117	40	0	500	500	500	0	0	0	0	
3.9599997651e+02	20	483	2	498	105	27	0	500	500	500	0	0	0	0	
3.9649882838e+02	23	480	6	494	109	40	0	500	500	500	0	0	0	0	
3.9699818098e+02	17	487	7	493	116	41	0	500	500	500	0	0	0	0	
3.9749946505e+02	19	486	3	497	120	32	0	500	500	500	0	0	0	0	
3.9799860618e+02	19	486	3	497	94	39	0	500	500	500	0	0	0	0	
3.9849974631e+02	19	486	9	491	107	41	0	500	500	500	0	0	0	0	
3.9899917311e+02	18	489	9	491	128	35	0	500	500	500	0	0	0	0	
3.9949946935e+02	18	487	4	496	118	35	0	500	500	500	0	0	0	0	
3.9999961594e+02	21	486	5	495	105	33	0	500	500	500	0	0	0	0	
4.0049919882e+02	18	491	2	498	117	40	0	500	500	500	0	0	0	0	
4.0099943782e+02	18	494	6	494	126	41	0	500	500	500	0	0	0	0	
4.0149925967e+02	13	499	6	494	120	49	0	500	500	500	0	0	0	0	
4.0199979759e+02	10	501	4	496	107	37	0	500	500	500	0	0	0	0	
4.0249996540e+02	18	492	2	498	122	41	0	500	500	500	0	0	0	0	
4.0299815785e+02	13	497	11	489	106	44	0	500	500	500	0	0	0	0	
4.0349964469e+02	14	494	7	493	118	42	0	500	500	500	0	0	0	0	
4.0399971828e+02	15	493	8	492	122	25	0	500	500	500	0	0	0	0	
4.0449938685e+02	14	495	6	494	104	45	0	500	500	500	0	0	0	0	
4.0499957199e+02	12	497	5	495	116	37	0	500	500	500	0	0	0	0	
4.0549976393e+02	17	492	9	491	121	30	0	500	500	500	0	0	0	0	
4.0599976038e+02	19	489	3	497	118	31	0	500	500	500	0	0	0	0	
4.0649843251e+02	20	488	10	490	128	26	0	500	500	500	0	0	0	0	
4.0699921390e+02	21	487	3	497	104	42	0	500	500	500	0	0	0	0	
4.0749873977e+02	21	487	7	493	110	34	0	500	500	500	0	0	0	0	
4.0799913390e+02	20	491	2	498	102	32	0	500	500	500	0	0	0	0	
4.0849879154e+02	20	490	4	496	105	42	0	500	500	500	0	0	0	0	
4.0899978082e+02	21	489	7	493	117	43	0	500	500	500	0	0	0	0	
4.0949954651e+02	19	492	4	496	120	32	0	500	500	500	0	0	0	0	
4.0999956664e+02	22	490	8	492	113	34	0	500	500	500	0	0	0	0	
4.1049845536e+02	22	488	7	493	125	41	0	500	500	500	0	0	0	0	
4.1099945673e+02	24	483	6	494	129	29	0	500	500	500	0	0	0	0	
4.1149765732e+02	25	482	10	490	125	36	0	500	500	500	0	0	0	0	
4.1199843219e+02	30	479	4	496	120	30	0	500	500	500	0	0	0	0	
4.1249895575e+02	30	480	7	493	123	41	0	500	500	500	0	0	0	0	
4.1299983042e+02	32	479	5	495	121	31	0	500	500	500	0	0	0	0	
4.1349959224e+02	32	481	7	493	122	38	0	500	500	500	0	0	0	0	
4.1399978122e+02	29	485	6	494	115	44	0	500	500	500	0	0	0	0	
4.1449852155e+02	33	481	5	495	125	36	0	500	500	500	0	0	0	0	
4.1499774649e+02	30	484	2	498	126	37	0	500	500	500	0	0	0	0	
4.1549920464e+02	29	486	9	491	112	33	0	500	500	500	0	0	0	0	
4.1599694908e+02	27	489	7	493	123	31	0	500	500	500	0	0	0	0	
4.1649966497e+02	23	495	1	499	106	34	0	500	500	500	0	0	0	0	
4.1699990045e+02	24	494	4	496	113	42	0	500	500	500	0	0	0	0	
4.1749880358e+02	31	486	6	494	116	51	0	500	500	500	0	0	0	0	
4.1799932317e+02	30	487	5	495	111	45	0	500	500	500	0	0	0	0	
4.1849917888e+02	28	489	4	496	123	53	0	500	500	500	0	0	0	0	
4.1899995093e+02	27	490	4	496	146	25	0	500	500	500	0	0	0	0	
4.1949984047e+02	28	488	7	493	109	35	0	500	500	500	0	0	0	0	
4.1999984044e+02	29	487	1	499	129	38	0	500	500	500	0	0	0	0	
4.2049957109e+02	27	489	5	495	113	26	0	500	500	500	0	0	0	0	
4.2099826352e+02	29	489	1	499	119	40	0	500	500	500	0	0	0	0	
4.2149912018e+02	26	492	6	494	128	28	0	500	500	500	0	0	0	0	
4.2199963598e+02	22	496	3	497	115	34	0	500	500	500	0	0	0	0	
4.2249974133e+02	25	494	7	493	121	39	0	500	500	500	0	0	0	0	
4.2299496540e+02	21	498	3	497	107	42	0	500	500	500	0	0	0	0	
4.2349840872e+02	24	493	2	498	105	27	0	500	500	500	0	0	0	0	
4.2399976063e+02	21	497	5	495	116	27	0	500	500	500	0	0	0	0	
4.2449941837e+02	20	501	5	495	121	31	0	500	500	500	0	0	0	0	
4.2499986625e+02	18	504	7	493	112	28	0	500	500	500	0	0	0	0	
4.2549979357e+02	17	506	7	493	120	32	0	500	500	500	0	0	0	0	
4.2599809497e+02	18	505	4	496	107	50	0	500	500	500	0	0	0	0	
4.2649980218e+02	22	502	4	496	121	40	0	500	500	500	0	0	0	0	
4.2699931158e+02	27	498	7	493	126	35	0	500	500	500	0	0	0	0	
4.2749971060e+02	24	501	3	497	124	33	0	500	500	500	0	0	0	0	
4.2799976335e+02	21	501	2	498	115	27	0	500	500	500	0	0	0	0	
4.2849932402e+02	27	496	5	495	131	34	0	500	500	500	0	0	0	0	
4.2899958486e+02	24	500	4	496	123	27	0	500	500	500	0	0	0	0	
4.2949880371e+02	19	507	5	495	127	37	0	500	500	500	0	0	0	0	
4.2999922298e+02	21	506	2	498	117	44	0	500	500	500	0	0	0	0	
4.3049994703e+02	15	513	5	495	120	31	0	500	500	500	0	0	0	0	
4.3099990638e+02	15	511	4	496	114	37	0	500	500	500	0	0	0	0	
4.3149976339e+02	17	510	4	496	110	37	0	500	500	500	0	0	0	0	
4.3199906830e+02	14	513	4	496	125	27	0	500	500	500	0	0	0	0	
4.3249904936e+02	20	508	4	496	107	36	0	500	500	500	0	0	0	0	
4.3299958682e+02	16	513	6	494	103	35	0	500	500	500	0	0	0	0	
4.3349987080e+02	14	517	8	492	112	42	0	500	500	500	0	0	0	0	
4.3399932833e+02	15	518	6	494	101	37	0	500	500	500	0	0	0	0	
4.3449985066e+02	16	518	3	497	125	40	0	500	500	500	0	0	0	0	
4.3499919223e+02	17	519	6	494	123	53	0	500	500	500	0	0	0	0	
4.3549911306e+02	19	517	4	496	145	27	0	500	500	500	0	0	0	0	
4.3599998534e+02	16	520	5	495	113	45	0	500	500	500	0	0	0	0	
4.3649946190e+02	18	518	5	495	112	33	0	500	500	500	0	0	0	0	
4.3699961800e+02	15	521	8	492	116	31	0	500	500	500	0	0	0	0	
4.3749884072e+02	15	521	3	497	107	29	0	500	500	500	0	0	0	0	
4.3799998806e+02	14	523	8	492	107	32	0	500	500	500	0	0	0	0	
4.3849992540e+02	15	523	4	496	115	48	0	500	500	500	0	0	0	0	
4.3899643665e+02	16	522	4	496	124	19	0	500	500	500	0	0	0	0	
4.3949938950e+02	17	523	0	500	132	29	0	500	500	500	0	0	0	0	
4.3999980564e+02	21	519	4	496	123	38	0	500	500	500	0	0	0	0	
4.4049941398e+02	25	516	8	492	116	29	0	500	500	500	0	0	0	0	
4.4099971051e+02	23	518	7	493	109	30	0	500	500	500	0	0	0	0	
4.4149947544e+02	21	519	6	494	115	30	0	500	500	500	0	0	0	0	
4.4199868617e+02	21	519	3	497	113	29	0	500	500	500	0	0	0	0	
4.4249746739e+02	18	526	2	498	91	33	0	500	500	500	0	0	0	0	
4.4299977998e+02	19	525	6	494	113	38	0	500	500	500	0	0	0	0	
4.4349955808e+02	20	525	9	491	127	42	0	500	500	500	0	0	0	0	
4.4399922781e+02	21	527	3	497	123	51	0	500	500	500	0	0	0	0	
4.4449990755e+02	15	533	0	500	124	32	0	500	500	500	0	0	0	0	
4.4499960237e+02	18	530	4	496	113	34	0	500	500	500	0	0	0	0	
4.4549902440e+02	18	532	3	497	109	30	0	500	500	500	0	0	0	0	
4.4599879359e+02	19	535	7	493	96	31	0	500	500	500	0	0	0	0	
4.4649985021e+02	21	533	4	496	105	23	0	500	500	500	0	0	0	0	
4.4699897889e+02	20	535	3	497	102	32	0	500	500	500	0	0	0	0	
4.4749733060e+02	19	537	3	497	116	26	0	500	500	500	0	0	0	0	
4.4799945334e+02	20	538	7	493	113	27	0	500	500	500	0	0	0	0	
4.4849966811e+02	21	537	2	498	127	26	0	500	500	500	0	0	0	0	
4.4899928257e+02	23	535	5	495	106	36	0	500	500	500	0	0	0	0	
4.4949852319e+02	25	532	6	494	120	29	0	500	500	500	0	0	0	0	
4.4999948855e+02	25	534	8	492	115	29	0	500	500	500	0	0	0	0	
4.5049967804e+02	25	535	5	495	106	31	0	500	500	500	0	0	0	0	
4.5099949620e+02	21	540	4	496	122	31	0	500	500	500	0	0	0	0	
4.5149987501e+02	19	542	3	497	107	25	0	500	500	500	0	0	0	0	
4.5199985895e+02	19	543	8	492	123	35	0	500	500	500	0	0	0	0	
4.5249999923e+02	20	542	1	499	119	30	0	500	500	500	0	0	0	0	
4.5299859972e+02	18	543	5	495	95	34	0	500	500	500	0	0	0	0	
4.5349807435e+02	17	551	6	494	107	27	0	500	500	500	0	0	0	0	
4.5399953934e+02	14	558	5	495	114	20	0	500	500	500	0	0	0	0	
4.5449942605e+02	15	559	9	491	83	27	0	500	500	500	0	0	0	0	
4.5499985173e+02	15	559	9	491	101	21	0	500	500	500	0	0	0	0	
4.5549857298e+02	18	557	6	494	126	27	0	500	500	500	0	0	0	0	
4.5599785669e+02	17	559	1	499	102	38	0	500	500	500	0	0	0	0	
4.5649935003e+02	18	557	7	493	132	21	0	500	500	500	0	0	0	0	
4.5699917590e+02	14	561	5	495	124	24	0	500	500	500	0	0	0	0	
4.5749942563e+02	15	558	8	492	110	24	0	500	500	500	0	0	0	0	
4.5799863135e+02	13	559	4	496	110	37	0	500	500	500	0	0	0	0	
4.5849810422e+02	11	560	3	497	123	20	0	500	500	500	0	0	0	0	
4.5899995126e+02	15	558	3	497	106	32	0	500	500	500	0	0	0	0	
4.5949942525e+02	17	557	4	496	122	24	0	500	500	500	0	0	0	0	
4.5999827791e+02	15	559	4	496	114	34	0	500	500	500	0	0	0	0	
4.6049963120e+02	16	558	3	497	112	23	0	500	500	500	0	0	0	0	
4.6099939157e+02	18	557	6	494	95	37	0	500	500	500	0	0	0	0	
4.6149955041e+02	15	562	4	496	105	46	0	500	500	500	0	0	0	0	
4.6199966398e+02	11	565	2	498	124	21	0	500	500	500	0	0	0	0	
4.6249986309e+02	15	562	3	497	119	23	0	500	500	500	0	0	0	0	
4.6299963637e+02	19	560	4	496	110	29	0	500	500	500	0	0	0	0	
4.6349967585e+02	16	566	8	492	123	22	0	500	500	500	0	0	0	0	
4.6399999770e+02	14	571	4	496	124	32	0	500	500	500	0	0	0	0	
4.6449913308e+02	10	575	5	495	118	31	0	500	500	500	0	0	0	0	
4.6499945834e+02	10	576	4	496	125	31	0	500	500	500	0	0	0	0	
4.6549844594e+02	12	574	4	496	126	28	0	500	500	500	0	0	0	0	
4.6599989848e+02	10	577	2	498	147	32	0	500	500	500	0	0	0	0	
4.6649923492e+02	9	581	9	491	109	29	0	500	500	500	0	0	0	0	
4.6699941352e+02	15	576	6	494	121	42	0	500	500	500	0	0	0	0	
4.6749971386e+02	9	579	8	492	142	22	0	500	500	500	0	0	0	0	
4.6799991800e+02	14	575	4	496	123	23	0	500	500	500	0	0	0	0	
4.6849919521e+02	17	570	3	497	124	20	0	500	500	500	0	0	0	0	
4.6899867144e+02	15	572	6	494	120	22	0	500	500	500	0	0	0	0	
4.6949989280e+02	14	573	1	499	126	39	0	500	500	500	0	0	0	0	
4.6999883111e+02	11	576	4	496	111	25	0	500	500	500	0	0	0	0	
4.7049869641e+02	13	574	5	495	118	21	0	500	500	500	0	0	0	0	
4.7099933171e+02	13	574	3	497	123	25	0	500	500	500	0	0	0	0	
4.7149941579e+02	12	576	3	497	111	15	0	500	500	500	0	0	0	0	
4.7199923929e+02	17	572	6	494	107	37	0	500	500	500	0	0	0	0	
4.7249999099e+02	15	575	3	497	110	26	0	500	500	500	0	0	0	0	
4.7299849407e+02	17	573	4	496	113	16	0	500	500	500	0	0	0	0	
4.7349990592e+02	16	575	6	494	107	26	0	500	500	500	0	0	0	0	
4.7399844813e+02	14	575	4	496	115	39	0	500	500	500	0	0	0	0	
4.7449909728e+02	13	577	4	496	118	28	0	500	500	500	0	0	0	0	
4.7499963832e+02	17	571	4	496	121	31	0	500	500	500	0	0	0	0	
4.7549979412e+02	14	574	5	495	135	25	0	500	500	500	0	0	0	0	
4.7599946079e+02	16	571	1	499	121	34	0	500	500	500	0	0	0	0	
4.7649977097e+02	11	575	8	492	105	24	0	500	500	500	0	0	0	0	
4.7699946489e+02	14	572	2	498	122	24	0	500	500	500	0	0	0	0	
4.7749999689e+02	15	570	4	496	100	39	0	500	500	500	0	0	0	0	
4.7799832159e+02	12	574	5	495	134	32	0	500	500	500	0	0	0	0	
4.7849860073e+02	14	573	2	498	146	21	0	500	500	500	0	0	0	0	
4.7899970379e+02	15	575	5	495	125	19	0	500	500	500	0	0	0	0	
4.7949671351e+02	17	571	2	498	124	18	0	500	500	500	0	0	0	0	
4.7999992034e+02	17	572	9	491	123	34	0	500	500	500	0	0	0	0	
4.8049998799e+02	15	573	7	493	127	35	0	500	500	500	0	0	0	0	
4.8099933763e+02	14	575	7	493	110	34	0	500	500	500	0	0	0	0	
4.8149995991e+02	16	573	3	497	131	36	0	500	500	500	0	0	0	0	
4.8199926157e+02	18	570	6	494	126	33	0	500	500	500	0	0	0	0	
4.8249973671e+02	16	572	6	494	122	32	0	500	500	500	0	0	0	0	
4.8299969882e+02	16	573	2	498	109	31	0	500	500	500	0	0	0	0	
4.8349966755e+02	16	574	1	499	117	39	0	500	500	500	0	0	0	0	
4.8399919079e+02	17	573	0	500	128	22	0	500	500	500	0	0	0	0	
4.8449807687e+02	19	571	4	496	118	27	0	500	500	500	0	0	0	0	
4.8499757554e+02	19	570	2	498	107	34	0	500	500	500	0	0	0	0	
4.8549986090e+02	20	569	3	497	108	24	0	500	500	500	0	0	0	0	
4.8599973797e+02	24	567	5	495	96	41	0	500	500	500	0	0	0	0	
4.8649979580e+02	22	568	3	497	127	40	0	500	500	500	0	0	0	0	
4.8699850794e+02	21	570	5	495	126	34	0	500	500	500	0	0	0	0	
4.8749971214e+02	18	575	2	498	105	27	0	500	500	500	0	0	0	0	
4.8799937391e+02	16	578	5	495	131	26	0	500	500	500	0	0	0	0	
4.8849869963e+02	17	578	4	496	126	27	0	500	500	500	0	0	0	0	
4.8899883597e+02	19	577	6	494	112	24	0	500	500	500	0	0	0	0	
4.8949919756e+02	16	580	4	496	101	20	0	500	500	500	0	0	0	0	
4.8999821871e+02	16	581	9	491	108	16	0	500	500	500	0	0	0	0	
4.9049996695e+02	13	586	5	495	101	28	0	500	500	500	0	0	0	0	
4.9099999644e+02	11	588	10	490	99	20	0	500	500	500	0	0	0	0	
4.9149900420e+02	13	586	4	496	128	25	0	500	500	500	0	0	0	0	
4.9199851107e+02	13	585	9	491	101	20	0	500	500	500	0	0	0	0	
4.9249929061e+02	12	587	6	494	120	25	0	500	500	500	0	0	0	0	
4.9299999266e+02	12	590	1	499	124	39	0	500	500	500	0	0	0	0	
4.9349991567e+02	11	593	4	496	125	32	0	500	500	500	0	0	0	0	
4.9399764154e+02	12	596	7	493	132	31	0	500	500	500	0	0	0	0	
4.9449913916e+02	11	598	5	495	110	26	0	500	500	500	0	0	0	0	
4.9499899761e+02	9	599	2	498	122	23	0	500	500	500	0	0	0	0	
4.9549965159e+02	8	600	6	494	121	28	0	500	500	500	0	0	0	0	
4.9599769608e+02	9	601	3	497	108	29	0	500	500	500	0	0	0	0	
4.9649976332e+02	10	599	3	497	126	26	0	500	500	500	0	0	0	0	
4.9699868247e+02	10	600	2	498	127	31	0	500	500	500	0	0	0	0	
4.9749981373e+02	13	598	4	496	120	35	0	500	500	500	0	0	0	0	
4.9799917076e+02	15	595	3	497	117	21	0	500	500	500	0	0	0	0	
4.9849973119e+02	15	594	3	497	109	28	0	500	500	500	0	0	0	0	
4.9899996467e+02	13	594	4	496	96	30	0	500	500	500	0	0	0	0	
4.9949866199e+02	10	598	1	499	104	22	0	500	500	500	0	0	0	0	
4.9999942069e+02	13	595	2	498	94	30	0	500	500	500	0	0	0	0	
5.0000051472e+02	13	595	2	498	95	29	0	500	500	500	0	0	0	0	
