0.0000000000e+00	0	0	0	0	0	500	50	0	500	500	0	500	500	0	
4.9855843301e-01	0	1	0	0	35	465	50	0	500	500	0	500	500	0	
9.9898330052e-01	2	2	0	0	31	469	50	0	500	500	0	500	500	0	
1.4983695807e+00	3	2	0	0	41	459	50	0	500	500	0	500	500	0	
1.9976872993e+00	4	2	0	0	44	456	50	0	500	500	0	500	500	0	
2.4998290553e+00	5	2	0	0	44	456	50	0	500	500	0	500	500	0	
2.9968667376e+00	8	0	1	0	31	469	50	0	500	500	0	500	500	0	
3.4997699544e+00	8	0	1	0	32	468	50	0	500	500	0	500	500	0	
3.9996025922e+00	8	0	1	0	24	476	50	0	500	500	0	500	500	0	
4.4999070152e+00	8	0	2	0	42	458	50	0	500	500	0	500	500	0	
4.9989932193e+00	8	0	2	0	32	468	50	0	500	500	0	500	500	0	
5.4997239184e+00	8	1	2	0	46	454	50	0	500	500	0	500	500	0	
5.9965815138e+00	8	2	3	0	29	471	50	0	500	500	0	500	500	0	
6.4988237221e+00	9	2	3	0	39	461	50	0	500	500	0	500	500	0	
6.9922491939e+00	9	3	3	0	32	468	50	0	500	500	0	500	500	0	
7.4998676228e+00	10	3	3	0	40	460	50	0	500	500	0	500	500	0	
7.9914209870e+00	11	4	3	0	38	462	50	0	500	500	0	500	500	0	
8.4989279219e+00	12	4	4	0	33	467	50	0	500	500	0	500	500	0	
8.9986701711e+00	14	3	5	0	28	472	50	0	500	500	0	500	500	0	
9.4975525907e+00	13	3	6	0	34	466	50	0	500	500	0	500	500	0	
9.9982765709e+00	13	5	7	0	40	460	50	0	500	500	0	500	500	0	
1.0498912895e+01	15	3	7	0	40	460	50	0	500	500	0	500	500	0	
1.0995106817e+01	16	3	7	0	43	457	50	0	500	500	0	500	500	0	
1.1499799649e+01	18	5	6	1	43	457	50	0	500	500	0	500	500	0	
1.1999310608e+01	19	4	7	0	39	461	50	0	500	500	0	500	500	0	
1.2499832484e+01	21	4	6	1	32	468	50	0	500	500	0	500	500	0	
1.2999410633e+01	22	3	6	1	35	465	50	0	500	500	0	500	500	0	
1.3497156401e+01	22	4	7	0	55	445	50	0	500	500	0	500	500	0	
1.3999707950e+01	23	3	7	0	31	469	50	0	500	500	0	500	500	0	
1.4499443724e+01	24	3	6	1	41	459	50	0	500	500	0	500	500	0	
1.4995571566e+01	26	1	7	0	44	456	50	0	500	500	0	500	500	0	
1.5499729408e+01	27	0	7	0	34	466	50	0	500	500	0	500	500	0	
1.5993257174e+01	27	1	7	0	35	465	50	0	500	500	0	500	500	0	
1.6499240249e+01	28	1	7	0	35	465	50	0	500	500	0	500	500	0	
1.6998864431e+01	29	0	7	0	34	466	50	0	500	500	0	500	500	0	
1.7499963443e+01	29	1	7	0	39	461	50	0	500	500	0	500	500	0	
1.7999990510e+01	30	2	8	0	47	453	50	0	500	500	0	500	500	0	
1.8498159985e+01	30	3	9	0	40	460	50	0	500	500	0	500	500	0	
1.8998170767e+01	31	4	9	0	37	463	50	0	500	500	0	500	500	0	
1.9497169256e+01	33	4	9	0	32	468	50	0	500	500	0	500	500	0	
1.9998476462e+01	35	2	10	0	51	449	50	0	500	500	0	500	500	0	
2.0499274760e+01	36	1	11	0	53	447	50	0	500	500	0	500	500	0	
2.0992886690e+01	36	1	11	0	36	464	50	0	500	500	0	500	500	0	
2.1490053871e+01	37	0	11	0	39	461	50	0	500	500	0	500	500	0	
2.1975761776e+01	37	0	11	0	43	457	50	0	500	500	0	500	500	0	
2.2494823823e+01	37	0	11	0	31	469	50	0	500	500	0	500	500	0	
2.2997654195e+01	37	0	11	0	34	466	50	0	500	500	0	500	500	0	
2.3498379516e+01	37	0	11	0	38	462	50	0	500	500	0	500	500	0	
2.3995259173e+01	37	2	13	0	35	465	50	0	500	500	0	500	500	0	
2.4489183710e+01	38	2	13	0	43	457	50	0	500	500	0	500	500	0	
2.4990555894e+01	38	2	13	0	42	458	50	0	500	500	0	500	500	0	
2.5496930258e+01	38	3	12	1	39	461	50	0	500	500	0	500	500	0	
2.5999784278e+01	41	0	10	3	50	450	50	0	500	500	0	500	500	0	
2.6499975196e+01	41	0	12	1	46	454	50	0	500	500	0	500	500	0	
2.6998547719e+01	41	0	12	0	53	447	50	0	500	500	0	500	500	0	
2.7495754544e+01	41	0	11	0	49	451	50	0	500	500	0	500	500	0	
2.7998892856e+01	41	1	11	0	59	441	50	0	500	500	0	500	500	0	
2.8497182638e+01	41	1	11	0	33	467	50	0	500	500	0	500	500	0	
2.8999074339e+01	42	0	11	0	35	465	50	0	500	500	0	500	500	0	
2.9499870041e+01	42	0	10	0	31	469	50	0	500	500	0	500	500	0	
2.9994381132e+01	42	0	11	0	37	463	50	0	500	500	0	500	500	0	
3.0490950115e+01	42	2	11	0	47	453	50	0	500	500	0	500	500	0	
3.0999403439e+01	43	2	10	0	41	459	50	0	500	500	0	500	500	0	
3.1499626429e+01	43	4	10	0	46	454	50	0	500	500	0	500	500	0	
3.1995186913e+01	46	1	10	0	32	468	50	0	500	500	0	500	500	0	
3.2499698685e+01	47	2	11	0	37	463	50	0	500	500	0	500	500	0	
3.2999481373e+01	47	3	10	1	41	459	50	0	500	500	0	500	500	0	
3.3495971679e+01	47	4	10	1	28	472	50	0	500	500	0	500	500	0	
3.3999122100e+01	48	5	13	0	47	453	50	0	500	500	0	500	500	0	
3.4496552159e+01	48	5	12	1	44	456	50	0	500	500	0	500	500	0	
3.4990398195e+01	48	6	13	0	58	442	50	0	500	500	0	500	500	0	
3.5489426687e+01	49	5	13	0	54	446	50	0	500	500	0	500	500	0	
3.5997596357e+01	50	4	14	0	37	463	50	0	500	500	0	500	500	0	
3.6499289005e+01	50	3	14	0	44	456	50	0	500	500	0	500	500	0	
3.6999455397e+01	51	3	14	0	52	448	50	0	500	500	0	500	500	0	
3.7499111579e+01	51	5	13	2	49	451	50	0	500	500	0	500	500	0	
3.7999027659e+01	52	4	13	2	49	451	50	0	500	500	0	500	500	0	
3.8497276705e+01	53	3	14	1	50	450	50	0	500	500	0	500	500	0	
3.8998875382e+01	53	4	14	1	44	456	50	0	500	500	0	500	500	0	
3.9498338271e+01	54	3	13	3	36	464	50	0	500	500	0	500	500	0	
3.9998228610e+01	55	3	14	1	45	455	50	0	500	500	0	500	500	0	
4.0499162576e+01	55	3	14	1	46	454	50	0	500	500	0	500	500	0	
4.0995396151e+01	56	3	13	2	40	460	50	0	500	500	0	500	500	0	
4.1495576729e+01	58	4	11	4	33	467	50	0	500	500	0	500	500	0	
4.1998913004e+01	59	3	13	2	33	467	50	0	500	500	0	500	500	0	
4.2499645478e+01	60	2	14	1	36	464	50	0	500	500	0	500	500	0	
4.2998073416e+01	61	1	16	0	53	447	50	0	500	500	0	500	500	0	
4.3499566084e+01	62	0	16	0	44	456	50	0	500	500	0	500	500	0	
4.3991725577e+01	62	1	16	0	44	456	50	0	500	500	0	500	500	0	
4.4498783147e+01	62	3	16	0	40	460	50	0	500	500	0	500	500	0	
4.4997497479e+01	64	3	15	1	43	457	50	0	500	500	0	500	500	0	
4.5497175332e+01	65	2	17	0	45	455	50	0	500	500	0	500	500	0	
4.5998765356e+01	65	4	17	0	50	450	50	0	500	500	0	500	500	0	
4.6497897989e+01	65	4	16	1	35	465	50	0	500	500	0	500	500	0	
4.6999639599e+01	66	3	15	2	35	465	50	0	500	500	0	500	500	0	
4.7494769311e+01	67	3	17	1	39	461	50	0	500	500	0	500	500	0	
4.7998542648e+01	68	1	16	0	38	462	50	0	500	500	0	500	500	0	
4.8492624447e+01	68	3	16	0	56	444	50	0	500	500	0	500	500	0	
4.8989740555e+01	70	1	17	0	58	442	50	0	500	500	0	500	500	0	
4.9496363549e+01	71	3	18	0	38	462	50	0	500	500	0	500	500	0	
4.9999990223e+01	72	3	18	0	35	465	50	0	500	500	0	500	500	0	
5.0499948650e+01	72	4	17	1	38	462	50	0	500	500	0	500	500	0	
5.0993741440e+01	74	8	17	1	34	466	50	0	500	500	0	500	500	0	
5.1498576492e+01	76	7	18	1	40	460	50	0	500	500	0	500	500	0	
5.1999453565e+01	79	5	18	1	41	459	50	0	500	500	0	500	500	0	
5.2495542729e+01	81	3	19	0	38	462	50	0	500	500	0	500	500	0	
5.2999767982e+01	81	4	19	0	57	443	50	0	500	500	0	500	500	0	
5.3492619932e+01	84	5	20	0	34	466	50	0	500	500	0	500	500	0	
5.3999077547e+01	85	4	18	2	50	450	50	0	500	500	0	500	500	0	
5.4493682983e+01	85	4	16	4	50	450	50	0	500	500	0	500	500	0	
5.4997918482e+01	88	2	16	4	54	446	50	0	500	500	0	500	500	0	
5.5488907224e+01	90	0	17	3	37	463	50	0	500	500	0	500	500	0	
5.5998998552e+01	90	3	20	0	54	446	50	0	500	500	0	500	500	0	
5.6499883771e+01	90	4	18	3	38	462	50	0	500	500	0	500	500	0	
5.6995024478e+01	90	4	20	1	48	452	50	0	500	500	0	500	500	0	
5.7497413441e+01	89	5	20	0	28	472	50	0	500	500	0	500	500	0	
5.7999911983e+01	89	5	20	0	34	466	50	0	500	500	0	500	500	0	
5.8485996153e+01	88	7	20	0	37	463	50	0	500	500	0	500	500	0	
5.8999523856e+01	89	6	20	0	49	451	50	0	500	500	0	500	500	0	
5.9499939670e+01	91	4	20	0	32	468	50	0	500	500	0	500	500	0	
5.9996150107e+01	93	3	20	0	32	468	50	0	500	500	0	500	500	0	
6.0495831944e+01	92	4	18	2	36	464	50	0	500	500	0	500	500	0	
6.0999521560e+01	93	3	20	1	42	458	50	0	500	500	0	500	500	0	
6.1491157002e+01	94	4	21	0	48	452	50	0	500	500	0	500	500	0	
6.1999557699e+01	97	2	20	1	43	457	50	0	500	500	0	500	500	0	
6.2498110638e+01	97	2	18	2	41	459	50	0	500	500	0	500	500	0	
6.2998331878e+01	100	2	20	0	39	461	50	0	500	500	0	500	500	0	
6.3499762291e+01	102	2	19	1	54	446	50	0	500	500	0	500	500	0	
6.3997266991e+01	103	2	19	1	52	448	50	0	500	500	0	500	500	0	
6.4498194111e+01	103	3	20	0	33	467	50	0	500	500	0	500	500	0	
6.4999726677e+01	104	3	20	0	50	450	50	0	500	500	0	500	500	0	
6.5498174508e+01	104	4	19	1	46	454	50	0	500	500	0	500	500	0	
6.5997965503e+01	104	4	20	0	40	460	50	0	500	500	0	500	500	0	
6.6499773356e+01	104	5	20	0	54	446	50	0	500	500	0	500	500	0	
6.6999931774e+01	106	3	18	2	45	455	50	0	500	500	0	500	500	0	
6.7498742804e+01	106	3	17	3	45	455	50	0	500	500	0	500	500	0	
6.7999586687e+01	105	5	19	1	54	446	50	0	500	500	0	500	500	0	
6.8499078150e+01	107	4	20	0	47	453	50	0	500	500	0	500	500	0	
6.8999444641e+01	107	6	19	1	32	468	50	0	500	500	0	500	500	0	
6.9499967501e+01	106	7	18	2	41	459	50	0	500	500	0	500	500	0	
6.9997929701e+01	105	6	18	2	44	456	50	0	500	500	0	500	500	0	
7.0497170111e+01	106	6	19	1	56	444	50	0	500	500	0	500	500	0	
7.0999321239e+01	108	4	19	1	49	451	50	0	500	500	0	500	500	0	
7.1497264476e+01	107	6	19	2	40	460	50	0	500	500	0	500	500	0	
7.1995952013e+01	108	5	20	1	42	458	50	0	500	500	0	500	500	0	
7.2499263368e+01	108	5	18	3	37	463	50	0	500	500	0	500	500	0	
7.2999446434e+01	110	3	18	2	42	458	50	0	500	500	0	500	500	0	
7.3497017587e+01	110	4	20	0	42	458	50	0	500	500	0	500	500	0	
7.3998952886e+01	111	4	18	2	44	456	50	0	500	500	0	500	500	0	
7.4498446057e+01	112	3	20	0	53	447	50	0	500	500	0	500	500	0	
7.4992435177e+01	112	5	21	0	25	475	50	0	500	500	0	500	500	0	
7.5498388310e+01	114	5	23	0	43	457	50	0	500	500	0	500	500	0	
7.5999026537e+01	115	4	23	2	44	456	50	0	500	500	0	500	500	0	
7.6488155615e+01	115	8	25	0	36	464	50	0	500	500	0	500	500	0	
7.6995888049e+01	117	8	22	2	64	436	50	0	500	500	0	500	500	0	
7.7498881451e+01	118	7	23	2	43	457	50	0	500	500	0	500	500	0	
7.7997616569e+01	118	7	24	1	36	464	50	0	500	500	0	500	500	0	
7.8495845223e+01	121	4	23	2	59	441	50	0	500	500	0	500	500	0	
7.8999671037e+01	122	4	24	1	56	444	50	0	500	500	0	500	500	0	
7.9496836087e+01	122	5	24	2	59	441	50	0	500	500	0	500	500	0	
7.9994063759e+01	124	4	22	1	48	452	50	0	500	500	0	500	500	0	
8.0499522097e+01	127	1	22	1	57	443	50	0	500	500	0	500	500	0	
8.0998625484e+01	128	0	23	0	37	463	50	0	500	500	0	500	500	0	
8.1485651257e+01	128	0	24	0	48	452	50	0	500	500	0	500	500	0	
8.1997438981e+01	128	2	21	2	43	457	50	0	500	500	0	500	500	0	
8.2497463557e+01	129	1	22	1	43	457	50	0	500	500	0	500	500	0	
8.2999589837e+01	129	1	23	0	32	468	50	0	500	500	0	500	500	0	
8.3499081474e+01	129	1	22	1	33	467	50	0	500	500	0	500	500	0	
8.3999369672e+01	130	1	23	1	39	461	50	0	500	500	0	500	500	0	
8.4499728406e+01	130	1	24	0	44	456	50	0	500	500	0	500	500	0	
8.4997884254e+01	130	2	22	1	38	462	50	0	500	500	0	500	500	0	
8.5498365827e+01	131	1	20	3	24	476	50	0	500	500	0	500	500	0	
8.5998209806e+01	130	1	22	1	30	470	50	0	500	500	0	500	500	0	
8.6498451402e+01	131	2	23	1	40	460	50	0	500	500	0	500	500	0	
8.6998996991e+01	132	2	22	2	43	457	50	0	500	500	0	500	500	0	
8.7499382487e+01	131	2	23	2	38	462	50	0	500	500	0	500	500	0	
8.7998789108e+01	131	2	22	3	39	461	50	0	500	500	0	500	500	0	
8.8496436696e+01	130	2	24	1	27	473	50	0	500	500	0	500	500	0	
8.8999424797e+01	130	2	22	3	47	453	50	0	500	500	0	500	500	0	
8.9499357159e+01	130	2	23	3	37	463	50	0	500	500	0	500	500	0	
8.9999191719e+01	131	1	23	3	38	462	50	0	500	500	0	500	500	0	
9.0496738679e+01	131	1	24	2	53	447	50	0	500	500	0	500	500	0	
9.0996663926e+01	131	1	26	0	42	458	50	0	500	500	0	500	500	0	
9.1499834976e+01	132	3	25	2	50	450	50	0	500	500	0	500	500	0	
9.1998076159e+01	132	5	23	4	38	462	50	0	500	500	0	500	500	0	
9.2499622907e+01	134	4	21	6	48	452	50	0	500	500	0	500	500	0	
9.2998881736e+01	134	6	27	1	33	467	50	0	500	500	0	500	500	0	
9.3499429062e+01	136	4	28	0	49	451	50	0	500	500	0	500	500	0	
9.3999412628e+01	135	4	27	1	34	466	50	0	500	500	0	500	500	0	
9.4494218285e+01	136	3	25	2	54	446	50	0	500	500	0	500	500	0	
9.4999364607e+01	136	5	25	2	35	465	50	0	500	500	0	500	500	0	
9.5498610749e+01	137	5	23	3	48	452	50	0	500	500	0	500	500	0	
9.5997189531e+01	138	4	23	3	56	444	50	0	500	500	0	500	500	0	
9.6497319108e+01	139	3	25	1	52	448	50	0	500	500	0	500	500	0	
9.6995980820e+01	140	2	25	1	53	447	50	0	500	500	0	500	500	0	
9.7499802516e+01	140	3	27	0	61	439	50	0	500	500	0	500	500	0	
9.7999891637e+01	141	3	25	1	44	456	50	0	500	500	0	500	500	0	
9.8499421931e+01	141	3	25	1	45	455	50	0	500	500	0	500	500	0	
9.8998667882e+01	141	3	25	1	44	456	50	0	500	500	0	500	500	0	
9.9496593946e+01	143	2	23	2	37	463	50	0	500	500	0	500	500	0	
9.9999829373e+01	143	2	23	2	31	469	50	0	500	500	0	500	500	0	
1.0049966449e+02	142	3	23	2	21	479	50	0	500	500	0	500	500	0	
1.0099649325e+02	143	2	24	2	35	465	50	0	500	500	0	500	500	0	
1.0149337366e+02	144	2	24	2	30	470	50	0	500	500	0	500	500	0	
1.0199989856e+02	145	2	25	2	31	469	50	0	500	500	0	500	500	0	
1.0249980867e+02	146	2	27	1	42	458	50	0	500	500	0	500	500	0	
1.0299635484e+02	146	3	25	3	37	463	50	0	500	500	0	500	500	0	
1.0349664254e+02	148	2	26	3	29	471	50	0	500	500	0	500	500	0	
1.0399844588e+02	148	3	27	2	33	467	50	0	500	500	0	500	500	0	
1.0449829799e+02	149	3	26	4	39	461	50	0	500	500	0	500	500	0	
1.0499782058e+02	151	2	28	2	60	440	50	0	500	500	0	500	500	0	
1.0549787034e+02	151	3	29	1	50	450	50	0	500	500	0	500	500	0	
1.0599840060e+02	151	5	29	1	29	471	50	0	500	500	0	500	500	0	
1.0649976320e+02	152	5	29	1	47	453	50	0	500	500	0	500	500	0	
1.0699917839e+02	153	7	27	4	29	471	50	0	500	500	0	500	500	0	
1.0749797319e+02	155	5	30	2	35	465	50	0	500	500	0	500	500	0	
1.0799601897e+02	157	4	30	2	49	451	50	0	500	500	0	500	500	0	
1.0849909226e+02	157	5	30	2	31	469	50	0	500	500	0	500	500	0	
1.0899904658e+02	158	4	32	1	29	471	50	0	500	500	0	500	500	0	
1.0949877942e+02	160	3	31	2	44	456	50	0	500	500	0	500	500	0	
1.0999863378e+02	162	4	31	2	62	438	50	0	500	500	0	500	500	0	
1.1049939891e+02	163	5	30	3	51	449	50	0	500	500	0	500	500	0	
1.1099712116e+02	164	5	33	1	60	440	50	0	500	500	0	500	500	0	
1.1149932172e+02	165	5	34	0	34	466	50	0	500	500	0	500	500	0	
1.1199958036e+02	167	5	36	0	42	458	50	0	500	500	0	500	500	0	
1.1249823162e+02	170	4	37	0	39	461	50	0	500	500	0	500	500	0	
1.1299704409e+02	172	6	37	0	42	458	50	0	500	500	0	500	500	0	
1.1349975761e+02	174	4	38	2	41	459	50	0	500	500	0	500	500	0	
1.1399881704e+02	174	6	38	2	45	455	50	0	500	500	0	500	500	0	
1.1449952473e+02	174	8	34	5	47	453	50	0	500	500	0	500	500	0	
1.1499806991e+02	176	8	35	5	38	462	50	0	500	500	0	500	500	0	
1.1549958855e+02	177	7	36	4	54	446	50	0	500	500	0	500	500	0	
1.1599536974e+02	180	4	35	5	50	450	50	0	500	500	0	500	500	0	
1.1649852978e+02	180	5	35	5	50	450	50	0	500	500	0	500	500	0	
1.1699987700e+02	182	4	38	4	46	454	50	0	500	500	0	500	500	0	
1.1749598929e+02	183	4	36	5	46	454	50	0	500	500	0	500	500	0	
1.1799902840e+02	183	5	37	4	41	459	50	0	500	500	0	500	500	0	
1.1849712215e+02	182	7	38	3	35	465	50	0	500	500	0	500	500	0	
1.1899990751e+02	182	6	38	3	53	447	50	0	500	500	0	500	500	0	
1.1949690621e+02	183	7	40	1	45	455	50	0	500	500	0	500	500	0	
1.1999770029e+02	183	8	39	2	38	462	50	0	500	500	0	500	500	0	
1.2049993701e+02	184	7	38	2	37	463	50	0	500	500	0	500	500	0	
1.2099529807e+02	187	5	37	3	44	456	50	0	500	500	0	500	500	0	
1.2149904337e+02	187	5	37	3	39	461	50	0	500	500	0	500	500	0	
1.2198937876e+02	187	6	39	1	51	449	50	0	500	500	0	500	500	0	
1.2249674628e+02	189	4	39	2	40	460	50	0	500	500	0	500	500	0	
1.2299859783e+02	192	1	37	4	33	467	50	0	500	500	0	500	500	0	
1.2349886042e+02	192	2	38	3	37	463	50	0	500	500	0	500	500	0	
1.2399900214e+02	193	1	40	2	40	460	50	0	500	500	0	500	500	0	
1.2449730497e+02	193	1	43	1	36	464	50	0	500	500	0	500	500	0	
1.2499963831e+02	193	1	42	1	25	475	50	0	500	500	0	500	500	0	
1.2549908653e+02	193	2	42	1	40	460	50	0	500	500	0	500	500	0	
1.2599738335e+02	194	2	39	3	37	463	50	0	500	500	0	500	500	0	
1.2649985964e+02	194	3	37	3	49	451	50	0	500	500	0	500	500	0	
1.2699241331e+02	195	2	38	2	31	469	50	0	500	500	0	500	500	0	
1.2749946602e+02	195	2	39	2	63	437	50	0	500	500	0	500	500	0	
1.2799738345e+02	196	2	40	2	59	441	50	0	500	500	0	500	500	0	
1.2849969543e+02	197	3	40	2	44	456	50	0	500	500	0	500	500	0	
1.2899681519e+02	199	1	39	3	35	465	50	0	500	500	0	500	500	0	
1.2949979456e+02	197	2	39	3	29	471	50	0	500	500	0	500	500	0	
1.2999497070e+02	197	2	40	2	31	469	50	0	500	500	0	500	500	0	
1.3049847752e+02	197	4	42	1	46	454	50	0	500	500	0	500	500	0	
1.3099836825e+02	198	4	41	2	53	447	50	0	500	500	0	500	500	0	
1.3149565389e+02	200	3	42	0	40	460	50	0	500	500	0	500	500	0	
1.3199999371e+02	201	2	41	1	65	435	50	0	500	500	0	500	500	0	
1.3249992679e+02	200	4	39	2	58	442	50	0	500	500	0	500	500	0	
1.3299747901e+02	201	4	36	5	71	429	50	0	500	500	0	500	500	0	
1.3349678941e+02	202	4	36	4	38	462	50	0	500	500	0	500	500	0	
1.3399978097e+02	203	2	36	4	45	455	50	0	500	500	0	500	500	0	
1.3449864015e+02	203	3	32	8	46	454	50	0	500	500	0	500	500	0	
1.3499990689e+02	203	3	36	4	21	479	50	0	500	500	0	500	500	0	
1.3549934560e+02	203	3	34	5	47	453	50	0	500	500	0	500	500	0	
1.3599650850e+02	203	3	38	1	43	457	50	0	500	500	0	500	500	0	
1.3649985979e+02	204	3	38	1	49	451	50	0	500	500	0	500	500	0	
1.3699912895e+02	204	3	37	2	45	455	50	0	500	500	0	500	500	0	
1.3749919285e+02	205	3	36	3	35	465	50	0	500	500	0	500	500	0	
1.3799876109e+02	205	3	37	2	41	459	50	0	500	500	0	500	500	0	
1.3849972141e+02	206	3	37	2	57	443	50	0	500	500	0	500	500	0	
1.3899995466e+02	206	5	37	2	56	444	50	0	500	500	0	500	500	0	
1.3949987142e+02	207	5	35	5	46	454	50	0	500	500	0	500	500	0	
1.3999932902e+02	210	2	36	4	43	457	50	0	500	500	0	500	500	0	
1.4049890033e+02	210	4	36	4	32	468	50	0	500	500	0	500	500	0	
1.4099897926e+02	209	7	39	1	40	460	50	0	500	500	0	500	500	0	
1.4149982440e+02	210	7	39	2	43	457	50	0	500	500	0	500	500	0	
1.4199970895e+02	209	9	37	5	56	444	50	0	500	500	0	500	500	0	
1.4249670264e+02	209	11	36	6	41	459	50	0	500	500	0	500	500	0	
1.4299834689e+02	211	9	35	8	51	449	50	0	500	500	0	500	500	0	
1.4349477732e+02	212	8	35	9	32	468	50	0	500	500	0	500	500	0	
1.4399755911e+02	214	7	37	8	41	459	50	0	500	500	0	500	500	0	
1.4449959520e+02	215	7	40	4	61	439	50	0	500	500	0	500	500	0	
1.4499716430e+02	218	5	42	2	57	443	50	0	500	500	0	500	500	0	
1.4549689820e+02	217	7	43	1	55	445	50	0	500	500	0	500	500	0	
1.4599841502e+02	218	7	41	3	47	453	50	0	500	500	0	500	500	0	
1.4649998089e+02	217	7	38	6	55	445	50	0	500	500	0	500	500	0	
1.4699639623e+02	220	5	36	8	53	447	50	0	500	500	0	500	500	0	
1.4749906009e+02	221	3	43	1	35	465	50	0	500	500	0	500	500	0	
1.4799932461e+02	221	4	42	2	36	464	50	0	500	500	0	500	500	0	
1.4849468959e+02	222	5	40	4	31	469	50	0	500	500	0	500	500	0	
1.4899885821e+02	222	5	41	3	40	460	50	0	500	500	0	500	500	0	
1.4948824483e+02	221	7	42	2	44	456	50	0	500	500	0	500	500	0	
1.4999728290e+02	223	6	40	4	42	458	50	0	500	500	0	500	500	0	
1.5049631047e+02	223	6	42	2	41	459	50	0	500	500	0	500	500	0	
1.5099909260e+02	225	6	42	3	51	449	50	0	500	500	0	500	500	0	
1.5149808383e+02	225	6	45	2	40	460	50	0	500	500	0	500	500	0	
1.5199938232e+02	226	5	45	3	46	454	50	0	500	500	0	500	500	0	
1.5249832635e+02	227	6	43	5	44	456	50	0	500	500	0	500	500	0	
1.5299875248e+02	228	5	42	6	42	458	50	0	500	500	0	500	500	0	
1.5349987596e+02	227	7	42	6	42	458	50	0	500	500	0	500	500	0	
1.5399964088e+02	229	5	45	3	53	447	50	0	500	500	0	500	500	0	
1.5449954047e+02	230	5	48	1	34	466	50	0	500	500	0	500	500	0	
1.5499815280e+02	230	5	47	2	25	475	50	0	500	500	0	500	500	0	
1.5549879152e+02	228	8	44	4	44	456	50	0	500	500	0	500	500	0	
1.5599953896e+02	227	8	42	6	58	442	50	0	500	500	0	500	500	0	
1.5649947769e+02	229	5	40	8	41	459	50	0	500	500	0	500	500	0	
1.5699937571e+02	230	4	44	4	34	466	50	0	500	500	0	500	500	0	
1.5749976958e+02	230	4	44	4	38	462	50	0	500	500	0	500	500	0	
1.5799692476e+02	229	4	46	2	34	466	50	0	500	500	0	500	500	0	
1.5849860355e+02	230	6	46	2	43	457	50	0	500	500	0	500	500	0	
1.5899811206e+02	231	6	47	1	40	460	50	0	500	500	0	500	500	0	
1.5949493800e+02	233	4	45	3	34	466	50	0	500	500	0	500	500	0	
1.5999911822e+02	233	6	43	4	40	460	50	0	500	500	0	500	500	0	
1.6049924485e+02	236	5	42	5	44	456	50	0	500	500	0	500	500	0	
1.6099844972e+02	239	3	44	1	31	469	50	0	500	500	0	500	500	0	
1.6149498248e+02	239	4	41	2	30	470	50	0	500	500	0	500	500	0	
1.6199997062e+02	241	3	44	1	41	459	50	0	500	500	0	500	500	0	
1.6249769019e+02	241	5	43	2	55	445	50	0	500	500	0	500	500	0	
1.6299489808e+02	241	4	43	2	42	458	50	0	500	500	0	500	500	0	
1.6349636403e+02	242	3	42	3	44	456	50	0	500	500	0	500	500	0	
1.6399858687e+02	243	7	40	5	38	462	50	0	500	500	0	500	500	0	
1.6449919117e+02	243	8	42	4	44	456	50	0	500	500	0	500	500	0	
1.6499608740e+02	246	5	41	5	46	454	50	0	500	500	0	500	500	0	
1.6549946730e+02	246	6	42	4	38	462	50	0	500	500	0	500	500	0	
1.6599949479e+02	247	6	41	5	55	445	50	0	500	500	0	500	500	0	
1.6649833633e+02	247	6	39	5	60	440	50	0	500	500	0	500	500	0	
1.6699916666e+02	249	4	41	3	54	446	50	0	500	500	0	500	500	0	
1.6749689318e+02	250	5	39	4	36	464	50	0	500	500	0	500	500	0	
1.6799868426e+02	251	3	40	2	42	458	50	0	500	500	0	500	500	0	
1.6849707385e+02	253	3	39	3	38	462	50	0	500	500	0	500	500	0	
1.6899367522e+02	254	2	40	3	41	459	50	0	500	500	0	500	500	0	
1.6949591213e+02	255	2	42	2	38	462	50	0	500	500	0	500	500	0	
1.6999822800e+02	255	1	41	3	46	454	50	0	500	500	0	500	500	0	
1.7049882163e+02	255	2	39	4	48	452	50	0	500	500	0	500	500	0	
1.7099825728e+02	255	3	39	3	37	463	50	0	500	500	0	500	500	0	
1.7149935704e+02	256	5	39	3	44	456	50	0	500	500	0	500	500	0	
1.7199922846e+02	258	4	37	5	38	462	50	0	500	500	0	500	500	0	
1.7249042711e+02	259	4	40	3	31	469	50	0	500	500	0	500	500	0	
1.7299641440e+02	257	6	37	6	38	462	50	0	500	500	0	500	500	0	
1.7349843605e+02	259	4	40	2	38	462	50	0	500	500	0	500	500	0	
1.7399731191e+02	258	3	42	0	38	462	50	0	500	500	0	500	500	0	
1.7449476218e+02	260	1	41	1	54	446	50	0	500	500	0	500	500	0	
1.7499453091e+02	261	2	40	2	39	461	50	0	500	500	0	500	500	0	
1.7549953506e+02	261	1	41	1	47	453	50	0	500	500	0	500	500	0	
1.7599992922e+02	261	3	40	2	33	467	50	0	500	500	0	500	500	0	
1.7649976383e+02	259	4	43	0	47	453	50	0	500	500	0	500	500	0	
1.7699376364e+02	259	4	41	3	42	458	50	0	500	500	0	500	500	0	
1.7749055885e+02	263	0	42	1	41	459	50	0	500	500	0	500	500	0	
1.7799844839e+02	263	1	42	1	37	463	50	0	500	500	0	500	500	0	
1.7849279594e+02	263	2	42	1	29	471	50	0	500	500	0	500	500	0	
1.7899699565e+02	264	1	41	2	37	463	50	0	500	500	0	500	500	0	
1.7949991151e+02	265	1	40	4	41	459	50	0	500	500	0	500	500	0	
1.7999626697e+02	266	0	42	2	51	449	50	0	500	500	0	500	500	0	
1.8049827657e+02	266	3	43	1	40	460	50	0	500	500	0	500	500	0	
1.8099914813e+02	267	2	42	1	68	432	50	0	500	500	0	500	500	0	
1.8149702763e+02	266	3	39	3	53	447	50	0	500	500	0	500	500	0	
1.8199691339e+02	266	4	38	3	37	463	50	0	500	500	0	500	500	0	
1.8249660065e+02	266	4	39	2	36	464	50	0	500	500	0	500	500	0	
1.8299997298e+02	266	4	41	3	42	458	50	0	500	500	0	500	500	0	
1.8349931279e+02	267	3	42	2	48	452	50	0	500	500	0	500	500	0	
1.8399039604e+02	268	4	43	1	46	454	50	0	500	500	0	500	500	0	
1.8449903349e+02	272	1	39	4	33	467	50	0	500	500	0	500	500	0	
1.8499875523e+02	272	2	43	0	40	460	50	0	500	500	0	500	500	0	
1.8549880152e+02	272	2	40	2	51	449	50	0	500	500	0	500	500	0	
1.8599998024e+02	271	2	45	0	32	468	50	0	500	500	0	500	500	0	
1.8649546288e+02	271	2	46	0	18	482	50	0	500	500	0	500	500	0	
1.8699731086e+02	272	3	44	2	37	463	50	0	500	500	0	500	500	0	
1.8749849224e+02	273	2	43	2	34	466	50	0	500	500	0	500	500	0	
1.8799907619e+02	274	2	45	1	34	466	50	0	500	500	0	500	500	0	
1.8849975108e+02	274	2	46	1	33	467	50	0	500	500	0	500	500	0	
1.8899354850e+02	274	2	45	2	35	465	50	0	500	500	0	500	500	0	
1.8949710952e+02	274	1	46	1	29	471	50	0	500	500	0	500	500	0	
1.8999792312e+02	274	2	45	2	35	465	50	0	500	500	0	500	500	0	
1.9049751247e+02	275	2	46	1	42	458	50	0	500	500	0	500	500	0	
1.9099912987e+02	275	2	46	1	43	457	50	0	500	500	0	500	500	0	
1.9149701592e+02	275	2	45	1	51	449	50	0	500	500	0	500	500	0	
1.9199820641e+02	276	2	44	1	48	452	50	0	500	500	0	500	500	0	
1.9249280686e+02	276	4	44	1	49	451	50	0	500	500	0	500	500	0	
1.9299908827e+02	278	2	43	3	45	455	50	0	500	500	0	500	500	0	
1.9349645223e+02	277	3	43	3	51	449	50	0	500	500	0	500	500	0	
1.9399808140e+02	279	3	43	5	32	468	50	0	500	500	0	500	500	0	
1.9449686301e+02	278	5	45	3	46	454	50	0	500	500	0	500	500	0	
1.9499788953e+02	280	3	44	4	42	458	50	0	500	500	0	500	500	0	
1.9549336999e+02	281	3	45	3	45	455	50	0	500	500	0	500	500	0	
1.9599952744e+02	282	2	46	1	49	451	50	0	500	500	0	500	500	0	
1.9649847130e+02	283	0	47	0	36	464	50	0	500	500	0	500	500	0	
1.9699847029e+02	284	1	47	1	36	464	50	0	500	500	0	500	500	0	
1.9749604739e+02	286	1	49	1	27	473	50	0	500	500	0	500	500	0	
1.9799814714e+02	287	3	49	1	38	462	50	0	500	500	0	500	500	0	
1.9849585480e+02	288	2	49	2	35	465	50	0	500	500	0	500	500	0	
1.9899903918e+02	288	3	45	5	36	464	50	0	500	500	0	500	500	0	
1.9949794986e+02	289	3	48	2	46	454	50	0	500	500	0	500	500	0	
1.9999772266e+02	290	2	46	4	41	459	50	0	500	500	0	500	500	0	
2.0049709791e+02	291	0	50	1	38	462	50	0	500	500	0	500	500	0	
2.0099193515e+02	292	1	51	2	34	466	50	0	500	500	0	500	500	0	
2.0149908948e+02	291	5	44	9	38	462	50	0	500	500	0	500	500	0	
2.0199718605e+02	294	2	46	7	40	460	50	0	500	500	0	500	500	0	
2.0249941772e+02	293	6	49	4	48	452	50	0	500	500	0	500	500	0	
2.0299705755e+02	293	6	48	5	35	465	50	0	500	500	0	500	500	0	
2.0349222542e+02	295	4	51	3	45	455	50	0	500	500	0	500	500	0	
2.0399196666e+02	295	6	52	2	38	462	50	0	500	500	0	500	500	0	
2.0449738407e+02	297	6	51	4	31	469	50	0	500	500	0	500	500	0	
2.0499755318e+02	298	5	50	5	44	456	50	0	500	500	0	500	500	0	
2.0549489857e+02	300	4	52	4	39	461	50	0	500	500	0	500	500	0	
2.0599106505e+02	301	3	52	4	47	453	50	0	500	500	0	500	500	0	
2.0649760264e+02	302	3	52	4	35	465	50	0	500	500	0	500	500	0	
2.0699729628e+02	302	3	52	4	47	453	50	0	500	500	0	500	500	0	
2.0749968005e+02	302	4	54	2	43	457	50	0	500	500	0	500	500	0	
2.0799865402e+02	304	4	56	0	30	470	50	0	500	500	0	500	500	0	
2.0849940301e+02	305	5	54	2	37	463	50	0	500	500	0	500	500	0	
2.0899966356e+02	308	3	51	4	40	460	50	0	500	500	0	500	500	0	
2.0949840758e+02	309	2	53	2	31	469	50	0	500	500	0	500	500	0	
2.0999655791e+02	309	3	50	5	25	475	50	0	500	500	0	500	500	0	
2.1049980340e+02	309	5	48	6	32	468	50	0	500	500	0	500	500	0	
2.1099423199e+02	311	4	50	4	31	469	50	0	500	500	0	500	500	0	
2.1149777491e+02	311	8	49	6	28	472	50	0	500	500	0	500	500	0	
2.1199538274e+02	310	9	51	5	42	458	50	0	500	500	0	500	500	0	
2.1249889180e+02	309	13	52	4	52	448	50	0	500	500	0	500	500	0	
2.1299659775e+02	312	11	52	4	27	473	50	0	500	500	0	500	500	0	
2.1349395127e+02	313	9	46	10	42	458	50	0	500	500	0	500	500	0	
2.1399738089e+02	316	5	48	8	42	458	50	0	500	500	0	500	500	0	
2.1449778514e+02	318	4	51	4	49	451	50	0	500	500	0	500	500	0	
2.1499803942e+02	318	6	49	6	49	451	50	0	500	500	0	500	500	0	
2.1549770687e+02	318	7	50	4	55	445	50	0	500	500	0	500	500	0	
2.1599702791e+02	324	3	46	7	37	463	50	0	500	500	0	500	500	0	
2.1649528262e+02	324	5	45	7	44	456	50	0	500	500	0	500	500	0	
2.1699946063e+02	328	2	50	1	46	454	50	0	500	500	0	500	500	0	
2.1749925375e+02	327	2	49	1	50	450	50	0	500	500	0	500	500	0	
2.1799985721e+02	328	5	43	8	58	442	50	0	500	500	0	500	500	0	
2.1849716038e+02	330	4	48	4	64	436	50	0	500	500	0	500	500	0	
2.1899948472e+02	333	4	48	4	52	448	50	0	500	500	0	500	500	0	
2.1949922184e+02	335	2	47	5	40	460	50	0	500	500	0	500	500	0	
2.1999741957e+02	333	3	46	6	37	463	50	0	500	500	0	500	500	0	
2.2049617680e+02	334	3	49	3	46	454	50	0	500	500	0	500	500	0	
2.2099628537e+02	334	3	50	2	38	462	50	0	500	500	0	500	500	0	
2.2149051978e+02	334	3	51	1	35	465	50	0	500	500	0	500	500	0	
2.2199810854e+02	335	2	49	3	47	453	50	0	500	500	0	500	500	0	
2.2249971648e+02	337	2	49	4	57	443	50	0	500	500	0	500	500	0	
2.2299754377e+02	337	3	47	6	38	462	50	0	500	500	0	500	500	0	
2.2349758999e+02	337	5	47	5	45	455	50	0	500	500	0	500	500	0	
2.2399959281e+02	339	3	49	3	50	450	50	0	500	500	0	500	500	0	
2.2449914802e+02	340	3	50	2	35	465	50	0	500	500	0	500	500	0	
2.2499570000e+02	341	4	50	2	41	459	50	0	500	500	0	500	500	0	
2.2549823205e+02	343	3	50	2	48	452	50	0	500	500	0	500	500	0	
2.2599769765e+02	344	3	48	4	52	448	50	0	500	500	0	500	500	0	
2.2649426357e+02	345	2	49	3	40	460	50	0	500	500	0	500	500	0	
2.2699488692e+02	347	0	48	4	53	447	50	0	500	500	0	500	500	0	
2.2749840185e+02	346	1	48	4	46	454	50	0	500	500	0	500	500	0	
2.2799811966e+02	346	2	50	2	50	450	50	0	500	500	0	500	500	0	
2.2849938299e+02	347	3	47	5	49	451	50	0	500	500	0	500	500	0	
2.2899771348e+02	347	4	46	6	42	458	50	0	500	500	0	500	500	0	
2.2949560911e+02	347	4	50	2	31	469	50	0	500	500	0	500	500	0	
2.2999870776e+02	348	4	51	0	39	461	50	0	500	500	0	500	500	0	
2.3049934943e+02	349	3	46	4	39	461	50	0	500	500	0	500	500	0	
2.3099944728e+02	351	2	47	2	48	452	50	0	500	500	0	500	500	0	
2.3149903904e+02	350	4	47	2	41	459	50	0	500	500	0	500	500	0	
2.3199946723e+02	351	2	48	1	44	456	50	0	500	500	0	500	500	0	
2.3249900272e+02	352	1	48	1	50	450	50	0	500	500	0	500	500	0	
2.3299811924e+02	351	4	46	3	38	462	50	0	500	500	0	500	500	0	
2.3349687859e+02	353	2	49	0	45	455	50	0	500	500	0	500	500	0	
2.3399688381e+02	352	3	46	3	53	447	50	0	500	500	0	500	500	0	
2.3449923860e+02	353	3	46	2	45	455	50	0	500	500	0	500	500	0	
2.3499869641e+02	353	5	46	1	44	456	50	0	500	500	0	500	500	0	
2.3549560983e+02	353	6	43	3	50	450	50	0	500	500	0	500	500	0	
2.3599563792e+02	354	5	44	2	43	457	50	0	500	500	0	500	500	0	
2.3649993265e+02	354	6	39	7	43	457	50	0	500	500	0	500	500	0	
2.3699957043e+02	353	9	41	5	23	477	50	0	500	500	0	500	500	0	
2.3749999124e+02	351	9	40	5	35	465	50	0	500	500	0	500	500	0	
2.3799941374e+02	352	10	40	5	42	458	50	0	500	500	0	500	500	0	
2.3849787162e+02	355	8	42	3	38	462	50	0	500	500	0	500	500	0	
2.3899510518e+02	358	7	38	7	38	462	50	0	500	500	0	500	500	0	
2.3949149499e+02	360	4	43	3	35	465	50	0	500	500	0	500	500	0	
2.3999907846e+02	362	4	43	2	29	471	50	0	500	500	0	500	500	0	
2.4049940007e+02	362	4	44	2	46	454	50	0	500	500	0	500	500	0	
2.4099682320e+02	362	4	39	6	46	454	50	0	500	500	0	500	500	0	
2.4149640034e+02	363	7	40	5	37	463	50	0	500	500	0	500	500	0	
2.4199780398e+02	365	6	38	6	44	456	50	0	500	500	0	500	500	0	
2.4249715081e+02	366	5	39	5	37	463	50	0	500	500	0	500	500	0	
2.4299843669e+02	365	7	40	4	49	451	50	0	500	500	0	500	500	0	
2.4349937079e+02	365	7	40	3	43	457	50	0	500	500	0	500	500	0	
2.4399861569e+02	365	8	41	2	26	474	50	0	500	500	0	500	500	0	
2.4449860572e+02	367	6	37	7	38	462	50	0	500	500	0	500	500	0	
2.4499866758e+02	368	6	37	7	43	457	50	0	500	500	0	500	500	0	
2.4549861114e+02	369	6	39	5	35	465	50	0	500	500	0	500	500	0	
2.4599716421e+02	369	7	38	5	36	464	50	0	500	500	0	500	500	0	
2.4649983469e+02	371	7	38	6	51	449	50	0	500	500	0	500	500	0	
2.4699508189e+02	372	6	39	5	60	440	50	0	500	500	0	500	500	0	
2.4749699391e+02	374	7	39	5	51	449	50	0	500	500	0	500	500	0	
2.4799737933e+02	378	7	40	4	40	460	50	0	500	500	0	500	500	0	
2.4849815291e+02	377	9	41	3	48	452	50	0	500	500	0	500	500	0	
2.4899550901e+02	379	6	39	5	49	451	50	0	500	500	0	500	500	0	
2.4949878218e+02	381	6	37	7	34	466	50	0	500	500	0	500	500	0	
2.4999782677e+02	383	4	37	7	41	459	50	0	500	500	0	500	500	0	
2.5049710838e+02	382	5	43	3	49	451	50	0	500	500	0	500	500	0	
2.5099384893e+02	384	5	40	4	35	465	50	0	500	500	0	500	500	0	
2.5149913128e+02	384	7	42	2	35	465	50	0	500	500	0	500	500	0	
2.5199867826e+02	386	4	43	1	38	462	50	0	500	500	0	500	500	0	
2.5249987767e+02	387	4	40	4	36	464	50	0	500	500	0	500	500	0	
2.5299682230e+02	389	3	42	2	42	458	50	0	500	500	0	500	500	0	
2.5349644317e+02	389	4	37	7	32	468	50	0	500	500	0	500	500	0	
2.5399419800e+02	388	6	40	3	43	457	50	0	500	500	0	500	500	0	
2.5449892267e+02	389	5	42	1	49	451	50	0	500	500	0	500	500	0	
2.5499995653e+02	388	8	38	5	44	456	50	0	500	500	0	500	500	0	
2.5549708463e+02	391	6	39	4	51	449	50	0	500	500	0	500	500	0	
2.5599125106e+02	392	5	36	7	46	454	50	0	500	500	0	500	500	0	
2.5649398400e+02	393	4	35	7	47	453	50	0	500	500	0	500	500	0	
2.5699286493e+02	394	3	40	2	41	459	50	0	500	500	0	500	500	0	
2.5749785950e+02	394	5	42	0	39	461	50	0	500	500	0	500	500	0	
2.5799227059e+02	395	5	39	4	51	449	50	0	500	500	0	500	500	0	
2.5849739452e+02	397	4	41	2	51	449	50	0	500	500	0	500	500	0	
2.5899826395e+02	397	3	40	3	28	472	50	0	500	500	0	500	500	0	
2.5949884057e+02	399	1	40	3	41	459	50	0	500	500	0	500	500	0	
2.5998820528e+02	400	1	41	2	48	452	50	0	500	500	0	500	500	0	
2.6048975771e+02	398	1	42	1	21	479	50	0	500	500	0	500	500	0	
2.6099755026e+02	398	1	41	1	30	470	50	0	500	500	0	500	500	0	
2.6149395021e+02	400	1	41	1	45	455	50	0	500	500	0	500	500	0	
2.6199928612e+02	400	0	40	4	50	450	50	0	500	500	0	500	500	0	
2.6249808001e+02	399	1	40	4	40	460	50	0	500	500	0	500	500	0	
2.6299822394e+02	399	1	41	3	29	471	50	0	500	500	0	500	500	0	
2.6349842628e+02	399	1	38	5	46	454	50	0	500	500	0	500	500	0	
2.6399849047e+02	400	0	43	2	33	467	50	0	500	500	0	500	500	0	
2.6449960220e+02	400	1	43	1	48	452	50	0	500	500	0	500	500	0	
2.6499934782e+02	400	0	41	3	51	449	50	0	500	500	0	500	500	0	
2.6549250807e+02	400	0	42	2	45	455	50	0	500	500	0	500	500	0	
2.6599761533e+02	398	1	43	1	40	460	50	0	500	500	0	500	500	0	
2.6649884473e+02	396	2	43	1	62	438	50	0	500	500	0	500	500	0	
2.6699925972e+02	397	3	42	2	66	434	50	0	500	500	0	500	500	0	
2.6749956032e+02	395	4	42	4	66	434	50	0	500	500	0	500	500	0	
2.6799671897e+02	397	3	46	1	57	443	50	0	500	500	0	500	500	0	
2.6849549021e+02	396	5	45	2	43	457	50	0	500	500	0	500	500	0	
2.6899892330e+02	396	6	43	4	47	453	50	0	500	500	0	500	500	0	
2.6949996591e+02	394	9	45	2	55	445	50	0	500	500	0	500	500	0	
2.6999986069e+02	397	9	42	4	30	470	50	0	500	500	0	500	500	0	
2.7049974549e+02	397	9	43	4	42	458	50	0	500	500	0	500	500	0	
2.7099568583e+02	397	10	39	8	39	461	50	0	500	500	0	500	500	0	
2.7149995922e+02	399	10	38	9	44	456	50	0	500	500	0	500	500	0	
2.7199981985e+02	402	9	40	8	47	453	50	0	500	500	0	500	500	0	
2.7249877527e+02	406	5	39	9	53	447	50	0	500	500	0	500	500	0	
2.7299889250e+02	406	5	43	5	44	456	50	0	500	500	0	500	500	0	
2.7349845544e+02	408	5	46	2	48	452	50	0	500	500	0	500	500	0	
2.7399879374e+02	410	4	44	5	27	473	50	0	500	500	0	500	500	0	
2.7449936948e+02	409	5	47	2	43	457	50	0	500	500	0	500	500	0	
2.7499889501e+02	408	5	45	3	47	453	50	0	500	500	0	500	500	0	
2.7549581102e+02	408	5	46	2	41	459	50	0	500	500	0	500	500	0	
2.7599089795e+02	410	3	42	6	56	444	50	0	500	500	0	500	500	0	
2.7649998475e+02	409	4	45	3	62	438	50	0	500	500	0	500	500	0	
2.7699890493e+02	408	5	44	3	60	440	50	0	500	500	0	500	500	0	
2.7749831246e+02	406	8	45	2	49	451	50	0	500	500	0	500	500	0	
2.7799957244e+02	409	6	45	2	52	448	50	0	500	500	0	500	500	0	
2.7849919896e+02	411	6	45	3	37	463	50	0	500	500	0	500	500	0	
2.7899954447e+02	413	3	45	1	36	464	50	0	500	500	0	500	500	0	
2.7949694324e+02	413	4	46	1	45	455	50	0	500	500	0	500	500	0	
2.7999621087e+02	413	4	43	4	41	459	50	0	500	500	0	500	500	0	
2.8049782960e+02	415	2	40	6	53	447	50	0	500	500	0	500	500	0	
2.8099903668e+02	415	2	41	5	34	466	50	0	500	500	0	500	500	0	
2.8149736099e+02	416	1	43	3	31	469	50	0	500	500	0	500	500	0	
2.8199876123e+02	416	2	41	4	62	438	50	0	500	500	0	500	500	0	
2.8249975468e+02	415	6	42	3	56	444	50	0	500	500	0	500	500	0	
2.8299958937e+02	415	8	41	4	41	459	50	0	500	500	0	500	500	0	
2.8349941690e+02	415	8	37	8	53	447	50	0	500	500	0	500	500	0	
2.8399124370e+02	417	7	42	4	34	466	50	0	500	500	0	500	500	0	
2.8449909710e+02	419	6	42	3	42	458	50	0	500	500	0	500	500	0	
2.8499921144e+02	420	7	39	6	45	455	50	0	500	500	0	500	500	0	
2.8549990454e+02	421	7	39	6	34	466	50	0	500	500	0	500	500	0	
2.8599585883e+02	422	7	39	7	29	471	50	0	500	500	0	500	500	0	
2.8649724363e+02	423	6	42	5	50	450	50	0	500	500	0	500	500	0	
2.8699998868e+02	427	3	40	8	53	447	50	0	500	500	0	500	500	0	
2.8749908520e+02	425	5	42	7	58	442	50	0	500	500	0	500	500	0	
2.8799643256e+02	427	4	44	4	51	449	50	0	500	500	0	500	500	0	
2.8849936292e+02	429	3	45	3	47	453	50	0	500	500	0	500	500	0	
2.8899720385e+02	431	1	44	4	63	437	50	0	500	500	0	500	500	0	
2.8949443390e+02	431	1	40	6	66	434	50	0	500	500	0	500	500	0	
2.8999879963e+02	430	2	41	5	47	453	50	0	500	500	0	500	500	0	
2.9049976659e+02	432	0	43	3	44	456	50	0	500	500	0	500	500	0	
2.9098744285e+02	432	0	44	2	48	452	50	0	500	500	0	500	500	0	
2.9149834738e+02	431	2	45	2	30	470	50	0	500	500	0	500	500	0	
2.9199617680e+02	432	2	46	1	40	460	50	0	500	500	0	500	500	0	
2.9249434885e+02	431	2	45	2	52	448	50	0	500	500	0	500	500	0	
2.9299998658e+02	432	2	47	1	31	469	50	0	500	500	0	500	500	0	
2.9349888905e+02	432	4	47	1	35	465	50	0	500	500	0	500	500	0	
2.9399818272e+02	431	7	45	4	46	454	50	0	500	500	0	500	500	0	
2.9449871873e+02	433	6	47	2	35	465	50	0	500	500	0	500	500	0	
2.9499923615e+02	434	5	44	5	32	468	50	0	500	500	0	500	500	0	
2.9549857817e+02	435	4	40	9	37	463	50	0	500	500	0	500	500	0	
2.9599835017e+02	434	8	39	10	49	451	50	0	500	500	0	500	500	0	
2.9649265739e+02	434	9	38	11	54	446	50	0	500	500	0	500	500	0	
2.9699614685e+02	434	10	41	8	64	436	50	0	500	500	0	500	500	0	
2.9749652167e+02	435	10	44	4	61	439	50	0	500	500	0	500	500	0	
2.9799891379e+02	437	9	38	10	36	464	50	0	500	500	0	500	500	0	
2.9849994343e+02	440	8	43	5	50	450	50	0	500	500	0	500	500	0	
2.9899889668e+02	443	5	42	6	30	470	50	0	500	500	0	500	500	0	
2.9949887650e+02	443	4	43	5	42	458	50	0	500	500	0	500	500	0	
2.9999832795e+02	443	3	47	2	50	450	50	0	500	500	0	500	500	0	
3.0049821511e+02	443	3	46	3	43	457	50	0	500	500	0	500	500	0	
3.0099906404e+02	443	3	49	2	42	458	50	0	500	500	0	500	500	0	
3.0149978678e+02	445	3	47	4	52	448	50	0	500	500	0	500	500	0	
3.0199990347e+02	444	4	45	6	49	451	50	0	500	500	0	500	500	0	
3.0249594593e+02	444	5	43	8	39	461	50	0	500	500	0	500	500	0	
3.0299749046e+02	447	3	46	5	45	455	50	0	500	500	0	500	500	0	
3.0349424446e+02	446	3	47	4	51	449	50	0	500	500	0	500	500	0	
3.0399743222e+02	447	1	48	3	38	462	50	0	500	500	0	500	500	0	
3.0449949261e+02	447	3	48	2	49	451	50	0	500	500	0	500	500	0	
3.0499997811e+02	448	2	47	3	43	457	50	0	500	500	0	500	500	0	
3.0549873385e+02	447	5	46	4	39	461	50	0	500	500	0	500	500	0	
3.0599990897e+02	447	6	48	1	38	462	50	0	500	500	0	500	500	0	
3.0649982389e+02	448	7	47	2	33	467	50	0	500	500	0	500	500	0	
3.0699283073e+02	447	6	44	5	56	444	50	0	500	500	0	500	500	0	
3.0749861684e+02	447	7	41	8	35	465	50	0	500	500	0	500	500	0	
3.0799911907e+02	450	2	42	7	42	458	50	0	500	500	0	500	500	0	
3.0849990258e+02	451	2	46	3	42	458	50	0	500	500	0	500	500	0	
3.0899793558e+02	450	2	45	4	40	460	50	0	500	500	0	500	500	0	
3.0949965859e+02	450	3	43	6	38	462	50	0	500	500	0	500	500	0	
3.0999930810e+02	450	6	45	5	42	458	50	0	500	500	0	500	500	0	
3.1049997667e+02	449	7	44	6	44	456	50	0	500	500	0	500	500	0	
3.1099884532e+02	450	9	44	6	32	468	50	0	500	500	0	500	500	0	
3.1149983554e+02	453	6	46	4	32	468	50	0	500	500	0	500	500	0	
3.1199140328e+02	454	7	47	3	48	452	50	0	500	500	0	500	500	0	
3.1249898979e+02	454	5	47	3	50	450	50	0	500	500	0	500	500	0	
3.1299849291e+02	456	4	46	4	53	447	50	0	500	500	0	500	500	0	
3.1349716600e+02	459	1	47	3	39	461	50	0	500	500	0	500	500	0	
3.1399843866e+02	459	3	48	2	40	460	50	0	500	500	0	500	500	0	
3.1449667097e+02	460	4	46	4	30	470	50	0	500	500	0	500	500	0	
3.1499752032e+02	459	5	46	4	45	455	50	0	500	500	0	500	500	0	
3.1549955283e+02	461	3	42	7	41	459	50	0	500	500	0	500	500	0	
3.1599935163e+02	457	7	44	5	38	462	50	0	500	500	0	500	500	0	
3.1649559788e+02	455	9	43	5	39	461	50	0	500	500	0	500	500	0	
3.1699938602e+02	455	13	44	5	48	452	50	0	500	500	0	500	500	0	
3.1749658772e+02	459	8	45	5	51	449	50	0	500	500	0	500	500	0	
3.1799734452e+02	460	6	43	6	47	453	50	0	500	500	0	500	500	0	
3.1849739003e+02	462	9	44	5	47	453	50	0	500	500	0	500	500	0	
3.1899946285e+02	464	6	45	4	35	465	50	0	500	500	0	500	500	0	
3.1949973271e+02	467	4	42	8	43	457	50	0	500	500	0	500	500	0	
3.1999524808e+02	465	5	46	4	47	453	50	0	500	500	0	500	500	0	
3.2049781446e+02	465	6	44	6	40	460	50	0	500	500	0	500	500	0	
3.2099939976e+02	466	5	49	1	40	460	50	0	500	500	0	500	500	0	
3.2149571429e+02	467	3	48	2	53	447	50	0	500	500	0	500	500	0	
3.2199893205e+02	468	4	45	5	49	451	50	0	500	500	0	500	500	0	
3.2249949496e+02	467	5	44	6	53	447	50	0	500	500	0	500	500	0	
3.2298898141e+02	465	6	46	5	40	460	50	0	500	500	0	500	500	0	
3.2349927655e+02	466	5	46	6	28	472	50	0	500	500	0	500	500	0	
3.2399937555e+02	467	4	46	6	27	473	50	0	500	500	0	500	500	0	
3.2449887393e+02	464	7	47	5	29	471	50	0	500	500	0	500	500	0	
3.2499909942e+02	469	1	46	7	38	462	50	0	500	500	0	500	500	0	
3.2549751153e+02	467	3	46	6	48	452	50	0	500	500	0	500	500	0	
3.2599935978e+02	467	4	48	5	50	450	50	0	500	500	0	500	500	0	
3.2649944897e+02	468	2	49	4	42	458	50	0	500	500	0	500	500	0	
3.2699937116e+02	468	3	53	1	49	451	50	0	500	500	0	500	500	0	
3.2749766208e+02	467	5	54	0	62	438	50	0	500	500	0	500	500	0	
3.2799719896e+02	466	5	48	6	36	464	50	0	500	500	0	500	500	0	
3.2849909932e+02	465	6	46	8	44	456	50	0	500	500	0	500	500	0	
3.2899659220e+02	467	6	46	8	44	456	50	0	500	500	0	500	500	0	
3.2949887376e+02	468	6	46	8	44	456	50	0	500	500	0	500	500	0	
3.2999658017e+02	471	3	46	7	35	465	50	0	500	500	0	500	500	0	
3.3049546673e+02	471	4	44	7	28	472	50	0	500	500	0	500	500	0	
3.3099861690e+02	473	3	47	4	33	467	50	0	500	500	0	500	500	0	
3.3149969927e+02	475	2	48	3	31	469	50	0	500	500	0	500	500	0	
3.3199447249e+02	476	1	48	3	31	469	50	0	500	500	0	500	500	0	
3.3249968200e+02	475	2	48	3	44	456	50	0	500	500	0	500	500	0	
3.3299692275e+02	476	1	46	4	50	450	50	0	500	500	0	500	500	0	
3.3349436939e+02	475	1	49	1	46	454	50	0	500	500	0	500	500	0	
3.3399968077e+02	475	2	49	1	36	464	50	0	500	500	0	500	500	0	
3.3449820289e+02	476	2	48	2	36	464	50	0	500	500	0	500	500	0	
3.3499796664e+02	476	4	49	1	39	461	50	0	500	500	0	500	500	0	
3.3549686971e+02	474	5	47	3	47	453	50	0	500	500	0	500	500	0	
3.3599852869e+02	475	4	45	6	59	441	50	0	500	500	0	500	500	0	
3.3649852187e+02	474	4	46	5	32	468	50	0	500	500	0	500	500	0	
3.3699725821e+02	476	2	51	2	54	446	50	0	500	500	0	500	500	0	
3.3749694847e+02	475	3	49	4	41	459	50	0	500	500	0	500	500	0	
3.3799910980e+02	474	5	47	6	53	447	50	0	500	500	0	500	500	0	
3.3849861105e+02	475	4	44	9	50	450	50	0	500	500	0	500	500	0	
3.3899757941e+02	475	5	48	5	50	450	50	0	500	500	0	500	500	0	
3.3949958664e+02	476	4	49	4	47	453	50	0	500	500	0	500	500	0	
3.3999885390e+02	475	6	46	7	52	448	50	0	500	500	0	500	500	0	
3.4049572732e+02	477	5	47	6	45	455	50	0	500	500	0	500	500	0	
3.4099940017e+02	480	3	43	9	46	454	50	0	500	500	0	500	500	0	
3.4149681820e+02	479	5	45	8	35	465	50	0	500	500	0	500	500	0	
3.4199850577e+02	480	4	49	4	56	444	50	0	500	500	0	500	500	0	
3.4249891476e+02	480	4	48	6	54	446	50	0	500	500	0	500	500	0	
3.4299008952e+02	481	3	49	5	45	455	50	0	500	500	0	500	500	0	
3.4349747418e+02	481	3	47	7	43	457	50	0	500	500	0	500	500	0	
3.4399602473e+02	482	2	50	4	58	442	50	0	500	500	0	500	500	0	
3.4449893664e+02	483	1	51	2	48	452	50	0	500	500	0	500	500	0	
3.4499972277e+02	481	2	50	2	56	444	50	0	500	500	0	500	500	0	
3.4549895379e+02	476	6	48	5	48	452	50	0	500	500	0	500	500	0	
3.4599802939e+02	477	7	49	3	53	447	50	0	500	500	0	500	500	0	
3.4649816445e+02	476	9	47	5	45	455	50	0	500	500	0	500	500	0	
3.4699964389e+02	476	9	47	5	53	447	50	0	500	500	0	500	500	0	
3.4749875226e+02	475	9	44	8	58	442	50	0	500	500	0	500	500	0	
3.4799822567e+02	475	8	50	2	44	456	50	0	500	500	0	500	500	0	
3.4849351122e+02	478	6	47	5	48	452	50	0	500	500	0	500	500	0	
3.4899896645e+02	479	7	48	4	60	440	50	0	500	500	0	500	500	0	
3.4949925868e+02	479	8	49	4	64	436	50	0	500	500	0	500	500	0	
3.4999582472e+02	482	6	45	8	45	455	50	0	500	500	0	500	500	0	
3.5049579027e+02	483	4	50	3	46	454	50	0	500	500	0	500	500	0	
3.5099920544e+02	483	5	45	8	35	465	50	0	500	500	0	500	500	0	
3.5149994650e+02	480	8	44	9	30	470	50	0	500	500	0	500	500	0	
3.5199651645e+02	480	7	43	10	30	470	50	0	500	500	0	500	500	0	
3.5249952578e+02	482	6	46	7	43	457	50	0	500	500	0	500	500	0	
3.5299871718e+02	482	11	45	8	42	458	50	0	500	500	0	500	500	0	
3.5349833444e+02	483	11	43	10	38	462	50	0	500	500	0	500	500	0	
3.5399883026e+02	482	14	45	8	36	464	50	0	500	500	0	500	500	0	
3.5449811120e+02	486	11	40	12	46	454	50	0	500	500	0	500	500	0	
3.5499958460e+02	484	13	42	10	40	460	50	0	500	500	0	500	500	0	
3.5549941384e+02	486	12	39	14	46	454	50	0	500	500	0	500	500	0	
3.5599451403e+02	485	14	41	12	44	456	50	0	500	500	0	500	500	0	
3.5649751730e+02	487	12	42	12	36	464	50	0	500	500	0	500	500	0	
3.5699941544e+02	488	13	42	12	46	454	50	0	500	500	0	500	500	0	
3.5749691096e+02	489	13	42	11	43	457	50	0	500	500	0	500	500	0	
3.5799379176e+02	490	12	40	12	61	439	50	0	500	500	0	500	500	0	
3.5849954784e+02	494	8	42	10	55	445	50	0	500	500	0	500	500	0	
3.5899960070e+02	492	10	44	9	44	456	50	0	500	500	0	500	500	0	
3.5949974434e+02	494	8	41	12	48	452	50	0	500	500	0	500	500	0	
3.5999993925e+02	494	9	42	11	35	465	50	0	500	500	0	500	500	0	
3.6049998652e+02	496	10	43	9	35	465	50	0	500	500	0	500	500	0	
3.6099963454e+02	499	8	45	7	37	463	50	0	500	500	0	500	500	0	
3.6149904851e+02	503	5	47	5	53	447	50	0	500	500	0	500	500	0	
3.6199985028e+02	506	2	45	7	24	476	50	0	500	500	0	500	500	0	
3.6249637199e+02	506	2	49	3	39	461	50	0	500	500	0	500	500	0	
3.6299953815e+02	507	3	48	6	31	469	50	0	500	500	0	500	500	0	
3.6349558940e+02	505	4	48	6	38	462	50	0	500	500	0	500	500	0	
3.6399788413e+02	505	3	52	2	58	442	50	0	500	500	0	500	500	0	
3.6449937368e+02	505	4	53	2	47	453	50	0	500	500	0	500	500	0	
3.6499711314e+02	507	3	51	3	25	475	50	0	500	500	0	500	500	0	
3.6549757333e+02	507	3	52	2	46	454	50	0	500	500	0	500	500	0	
3.6599995871e+02	507	5	53	3	34	466	50	0	500	500	0	500	500	0	
3.6649771132e+02	508	3	49	6	44	456	50	0	500	500	0	500	500	0	
3.6699939102e+02	508	3	50	5	38	462	50	0	500	500	0	500	500	0	
3.6749801132e+02	508	3	51	5	46	454	50	0	500	500	0	500	500	0	
3.6799954613e+02	506	3	55	2	52	448	50	0	500	500	0	500	500	0	
3.6849802034e+02	507	4	53	5	38	462	50	0	500	500	0	500	500	0	
3.6899856787e+02	507	6	53	5	45	455	50	0	500	500	0	500	500	0	
3.6949956245e+02	508	6	53	5	32	468	50	0	500	500	0	500	500	0	
3.6999577697e+02	511	6	52	7	40	460	50	0	500	500	0	500	500	0	
3.7049936780e+02	510	8	56	5	29	471	50	0	500	500	0	500	500	0	
3.7099984138e+02	510	8	51	10	41	459	50	0	500	500	0	500	500	0	
3.7149726969e+02	513	7	51	10	37	463	50	0	500	500	0	500	500	0	
3.7199349039e+02	510	9	49	11	42	458	50	0	500	500	0	500	500	0	
3.7249744056e+02	510	9	48	12	33	467	50	0	500	500	0	500	500	0	
3.7299845712e+02	509	11	45	15	57	443	50	0	500	500	0	500	500	0	
3.7349961694e+02	511	11	55	5	38	462	50	0	500	500	0	500	500	0	
3.7399894630e+02	511	11	46	13	47	453	50	0	500	500	0	500	500	0	
3.7449899485e+02	514	11	44	13	45	455	50	0	500	500	0	500	500	0	
3.7499888648e+02	513	12	49	8	43	457	50	0	500	500	0	500	500	0	
3.7549880020e+02	516	9	50	8	51	449	50	0	500	500	0	500	500	0	
3.7599988096e+02	518	8	52	7	57	443	50	0	500	500	0	500	500	0	
3.7649957080e+02	516	7	54	5	53	447	50	0	500	500	0	500	500	0	
3.7699970153e+02	517	7	51	8	42	458	50	0	500	500	0	500	500	0	
3.7749946201e+02	519	7	50	9	42	458	50	0	500	500	0	500	500	0	
3.7799855397e+02	520	7	55	4	27	473	50	0	500	500	0	500	500	0	
3.7849699292e+02	524	4	59	2	48	452	50	0	500	500	0	500	500	0	
3.7899712049e+02	525	3	55	6	35	465	50	0	500	500	0	500	500	0	
3.7949718687e+02	525	4	53	8	38	462	50	0	500	500	0	500	500	0	
3.7999942715e+02	526	4	57	3	52	448	50	0	500	500	0	500	500	0	
3.8049722565e+02	524	3	52	8	32	468	50	0	500	500	0	500	500	0	
3.8099303747e+02	523	3	52	8	48	452	50	0	500	500	0	500	500	0	
3.8149823950e+02	521	5	53	7	46	454	50	0	500	500	0	500	500	0	
3.8199717998e+02	520	5	51	9	42	458	50	0	500	500	0	500	500	0	
3.8249917723e+02	520	4	49	9	50	450	50	0	500	500	0	500	500	0	
3.8299956321e+02	520	4	52	7	35	465	50	0	500	500	0	500	500	0	
3.8349639198e+02	523	2	51	8	44	456	50	0	500	500	0	500	500	0	
3.8399536935e+02	521	4	51	8	42	458	50	0	500	500	0	500	500	0	
3.8449474246e+02	523	4	50	9	35	465	50	0	500	500	0	500	500	0	
3.8499897718e+02	522	4	51	8	43	457	50	0	500	500	0	500	500	0	
3.8549897208e+02	523	4	52	7	50	450	50	0	500	500	0	500	500	0	
3.8599669089e+02	521	7	50	8	44	456	50	0	500	500	0	500	500	0	
3.8649983552e+02	524	4	49	10	38	462	50	0	500	500	0	500	500	0	
3.8699879512e+02	526	4	50	8	41	459	50	0	500	500	0	500	500	0	
3.8749667816e+02	527	3	48	10	39	461	50	0	500	500	0	500	500	0	
3.8799890427e+02	525	5	50	6	47	453	50	0	500	500	0	500	500	0	
3.8849938828e+02	523	8	50	6	47	453	50	0	500	500	0	500	500	0	
3.8899705596e+02	526	7	48	7	40	460	50	0	500	500	0	500	500	0	
3.8949813257e+02	525	8	47	7	42	458	50	0	500	500	0	500	500	0	
3.8999722087e+02	526	8	49	5	35	465	50	0	500	500	0	500	500	0	
3.9049979690e+02	529	5	48	6	35	465	50	0	500	500	0	500	500	0	
3.9099352986e+02	530	4	46	9	29	471	50	0	500	500	0	500	500	0	
3.9149693390e+02	532	4	43	12	37	463	50	0	500	500	0	500	500	0	
3.9199667071e+02	532	7	45	9	48	452	50	0	500	500	0	500	500	0	
3.9249923144e+02	532	6	41	12	40	460	50	0	500	500	0	500	500	0	
3.9299176431e+02	528	10	43	10	37	463	50	0	500	500	0	500	500	0	
3.9349943001e+02	529	10	47	6	37	463	50	0	500	500	0	500	500	0	
3.9399454543e+02	530	10	48	6	40	460	50	0	500	500	0	500	500	0	
3.9449983051e+02	529	11	45	9	36	464	50	0	500	500	0	500	500	0	
3.9499942673e+02	530	10	48	6	49	451	50	0	500	500	0	500	500	0	
3.9549977296e+02	530	10	50	5	53	447	50	0	500	500	0	500	500	0	
3.9599878708e+02	531	9	51	4	39	461	50	0	500	500	0	500	500	0	
3.9649777112e+02	532	9	48	6	36	464	50	0	500	500	0	500	500	0	
3.9699728406e+02	531	9	48	6	58	442	50	0	500	500	0	500	500	0	
3.9749917165e+02	532	8	46	8	54	446	50	0	500	500	0	500	500	0	
3.9799769716e+02	533	7	46	8	31	469	50	0	500	500	0	500	500	0	
3.9849981961e+02	531	9	48	4	43	457	50	0	500	500	0	500	500	0	
3.9899228643e+02	532	10	48	3	47	453	50	0	500	500	0	500	500	0	
3.9949945577e+02	534	9	44	7	44	456	50	0	500	500	0	500	500	0	
3.9999967867e+02	532	12	46	5	47	453	50	0	500	500	0	500	500	0	
4.0049910736e+02	532	13	42	8	45	455	50	0	500	500	0	500	500	0	
4.0099952021e+02	532	16	41	10	41	459	50	0	500	500	0	500	500	0	
4.0149984253e+02	536	13	42	9	50	450	50	0	500	500	0	500	500	0	
4.0199810815e+02	535	15	44	8	39	461	50	0	500	500	0	500	500	0	
4.0249764027e+02	534	15	42	11	48	452	50	0	500	500	0	500	500	0	
4.0299823797e+02	538	11	42	11	61	439	50	0	500	500	0	500	500	0	
4.0349956047e+02	538	11	38	15	55	445	50	0	500	500	0	500	500	0	
4.0399986792e+02	542	7	43	11	48	452	50	0	500	500	0	500	500	0	
4.0449509727e+02	542	7	48	7	54	446	50	0	500	500	0	500	500	0	
4.0499868708e+02	544	5	51	5	40	460	50	0	500	500	0	500	500	0	
4.0549958554e+02	543	6	47	9	43	457	50	0	500	500	0	500	500	0	
4.0599923044e+02	545	5	50	6	44	456	50	0	500	500	0	500	500	0	
4.0649490156e+02	547	4	49	7	54	446	50	0	500	500	0	500	500	0	
4.0699827156e+02	548	4	51	6	39	461	50	0	500	500	0	500	500	0	
4.0749509326e+02	549	3	50	7	34	466	50	0	500	500	0	500	500	0	
4.0799976564e+02	550	2	53	4	47	453	50	0	500	500	0	500	500	0	
4.0849730878e+02	550	2	54	4	47	453	50	0	500	500	0	500	500	0	
4.0899308309e+02	550	2	56	2	58	442	50	0	500	500	0	500	500	0	
4.0949866281e+02	550	3	57	2	37	463	50	0	500	500	0	500	500	0	
4.0999836376e+02	550	5	55	5	48	452	50	0	500	500	0	500	500	0	
4.1049605475e+02	550	6	56	5	40	460	50	0	500	500	0	500	500	0	
4.1099919423e+02	548	8	52	9	45	455	50	0	500	500	0	500	500	0	
4.1149616386e+02	550	6	50	11	51	449	50	0	500	500	0	500	500	0	
4.1199349167e+02	552	4	54	7	42	458	50	0	500	500	0	500	500	0	
4.1249876257e+02	551	4	53	9	23	477	50	0	500	500	0	500	500	0	
4.1299984321e+02	554	1	57	4	40	460	50	0	500	500	0	500	500	0	
4.1349534930e+02	554	4	57	3	35	465	50	0	500	500	0	500	500	0	
4.1399978806e+02	552	4	57	3	34	466	50	0	500	500	0	500	500	0	
4.1449927355e+02	552	4	57	4	48	452	50	0	500	500	0	500	500	0	
4.1499735841e+02	551	8	50	11	39	461	50	0	500	500	0	500	500	0	
4.1549667659e+02	551	9	50	10	26	474	50	0	500	500	0	500	500	0	
4.1599838465e+02	552	9	54	6	34	466	50	0	500	500	0	500	500	0	
4.1649679602e+02	552	10	51	8	42	458	50	0	500	500	0	500	500	0	
4.1699960232e+02	553	10	50	9	59	441	50	0	500	500	0	500	500	0	
4.1749671545e+02	555	9	50	9	34	466	50	0	500	500	0	500	500	0	
4.1799863922e+02	550	14	48	11	24	476	50	0	500	500	0	500	500	0	
4.1849962740e+02	552	13	50	9	46	454	50	0	500	500	0	500	500	0	
4.1899981555e+02	552	13	43	16	55	445	50	0	500	500	0	500	500	0	
4.1949650449e+02	554	11	44	15	50	450	50	0	500	500	0	500	500	0	
4.1999966023e+02	555	11	46	13	45	455	50	0	500	500	0	500	500	0	
4.2049657919e+02	553	17	51	7	38	462	50	0	500	500	0	500	500	0	
4.2099540664e+02	555	14	51	8	45	455	50	0	500	500	0	500	500	0	
4.2149457073e+02	558	11	52	8	42	458	50	0	500	500	0	500	500	0	
4.2199679900e+02	559	11	48	12	45	455	50	0	500	500	0	500	500	0	
4.2249992084e+02	561	10	54	7	48	452	50	0	500	500	0	500	500	0	
4.2299979016e+02	562	7	58	3	60	440	50	0	500	500	0	500	500	0	
4.2349908252e+02	562	10	55	6	62	438	50	0	500	500	0	500	500	0	
4.2399991223e+02	565	7	55	6	54	446	50	0	500	500	0	500	500	0	
4.2449869477e+02	567	7	51	9	19	481	50	0	500	500	0	500	500	0	
4.2499374338e+02	568	7	56	4	27	473	50	0	500	500	0	500	500	0	
4.2549971740e+02	570	4	55	5	35	465	50	0	500	500	0	500	500	0	
4.2599312076e+02	570	3	53	7	27	473	50	0	500	500	0	500	500	0	
4.2649990794e+02	570	3	54	6	39	461	50	0	500	500	0	500	500	0	
4.2699824449e+02	570	6	52	8	46	454	50	0	500	500	0	500	500	0	
4.2749892987e+02	573	5	54	7	61	439	50	0	500	500	0	500	500	0	
4.2799567542e+02	569	10	55	8	53	447	50	0	500	500	0	500	500	0	
4.2849078379e+02	572	7	57	6	42	458	50	0	500	500	0	500	500	0	
4.2899629495e+02	570	7	53	10	40	460	50	0	500	500	0	500	500	0	
4.2949250105e+02	572	6	54	9	47	453	50	0	500	500	0	500	500	0	
4.2999343041e+02	572	5	54	9	57	443	50	0	500	500	0	500	500	0	
4.3049984257e+02	575	3	57	6	42	458	50	0	500	500	0	500	500	0	
4.3099672608e+02	576	3	57	4	40	460	50	0	500	500	0	500	500	0	
4.3149937465e+02	577	2	55	6	31	469	50	0	500	500	0	500	500	0	
4.3199889777e+02	576	2	57	4	42	458	50	0	500	500	0	500	500	0	
4.3249563833e+02	576	3	52	8	53	447	50	0	500	500	0	500	500	0	
4.3299494214e+02	573	5	51	9	41	459	50	0	500	500	0	500	500	0	
4.3349991464e+02	575	6	54	5	37	463	50	0	500	500	0	500	500	0	
4.3399998379e+02	576	6	56	3	38	462	50	0	500	500	0	500	500	0	
4.3449869726e+02	577	6	53	6	41	459	50	0	500	500	0	500	500	0	
4.3499604297e+02	577	7	47	12	48	452	50	0	500	500	0	500	500	0	
4.3549593434e+02	578	5	47	11	40	460	50	0	500	500	0	500	500	0	
4.3599774502e+02	579	4	51	6	66	434	50	0	500	500	0	500	500	0	
4.3649879408e+02	580	3	49	8	52	448	50	0	500	500	0	500	500	0	
4.3699949017e+02	581	4	52	5	58	442	50	0	500	500	0	500	500	0	
4.3749766704e+02	580	5	53	3	48	452	50	0	500	500	0	500	500	0	
4.3799913487e+02	582	4	48	8	54	446	50	0	500	500	0	500	500	0	
4.3848746218e+02	584	3	53	3	39	461	50	0	500	500	0	500	500	0	
4.3899937837e+02	585	4	54	2	29	471	50	0	500	500	0	500	500	0	
4.3949943844e+02	586	3	51	4	40	460	50	0	500	500	0	500	500	0	
4.3999341165e+02	588	2	51	4	56	444	50	0	500	500	0	500	500	0	
4.4049827731e+02	588	3	47	8	39	461	50	0	500	500	0	500	500	0	
4.4099437693e+02	586	5	50	6	46	454	50	0	500	500	0	500	500	0	
4.4149895825e+02	588	3	54	3	40	460	50	0	500	500	0	500	500	0	
4.4199697867e+02	587	4	52	5	38	462	50	0	500	500	0	500	500	0	
4.4249666030e+02	584	7	51	6	47	453	50	0	500	500	0	500	500	0	
4.4299774943e+02	586	4	51	6	38	462	50	0	500	500	0	500	500	0	
4.4349545801e+02	586	6	51	5	35	465	50	0	500	500	0	500	500	0	
4.4399926932e+02	588	6	51	5	32	468	50	0	500	500	0	500	500	0	
4.4449764067e+02	588	5	47	9	44	456	50	0	500	500	0	500	500	0	
4.4499105180e+02	588	4	50	6	53	447	50	0	500	500	0	500	500	0	
4.4549403821e+02	587	4	47	9	44	456	50	0	500	500	0	500	500	0	
4.4599902488e+02	588	5	46	10	51	449	50	0	500	500	0	500	500	0	
4.4649986057e+02	586	7	47	9	53	447	50	0	500	500	0	500	500	0	
4.4699987539e+02	590	4	48	8	41	459	50	0	500	500	0	500	500	0	
4.4749177629e+02	589	6	51	5	50	450	50	0	500	500	0	500	500	0	
4.4799775091e+02	589	5	51	5	53	447	50	0	500	500	0	500	500	0	
4.4849738583e+02	590	6	51	5	39	461	50	0	500	500	0	500	500	0	
4.4899729206e+02	588	10	52	2	36	464	50	0	500	500	0	500	500	0	
4.4949696038e+02	591	7	51	3	47	453	50	0	500	500	0	500	500	0	
4.4999939106e+02	591	7	45	10	44	456	50	0	500	500	0	500	500	0	
4.5049791709e+02	593	6	52	3	45	455	50	0	500	500	0	500	500	0	
4.5099793617e+02	593	6	45	10	50	450	50	0	500	500	0	500	500	0	
4.5149610641e+02	596	3	48	7	51	449	50	0	500	500	0	500	500	0	
4.5199952687e+02	596	3	51	5	53	447	50	0	500	500	0	500	500	0	
4.5249869558e+02	593	6	48	7	44	456	50	0	500	500	0	500	500	0	
4.5299969217e+02	594	7	46	8	32	468	50	0	500	500	0	500	500	0	
4.5349742003e+02	594	6	49	6	30	470	50	0	500	500	0	500	500	0	
4.5399710941e+02	595	6	49	6	29	471	50	0	500	500	0	500	500	0	
4.5449517137e+02	594	4	49	6	32	468	50	0	500	500	0	500	500	0	
4.5499916743e+02	592	6	43	12	47	453	50	0	500	500	0	500	500	0	
4.5549023688e+02	594	6	47	9	48	452	50	0	500	500	0	500	500	0	
4.5599764060e+02	595	6	50	5	50	450	50	0	500	500	0	500	500	0	
4.5649473385e+02	596	7	49	6	44	456	50	0	500	500	0	500	500	0	
4.5699905716e+02	598	6	46	8	40	460	50	0	500	500	0	500	500	0	
4.5749816576e+02	595	9	47	7	37	463	50	0	500	500	0	500	500	0	
4.5799970966e+02	597	7	44	11	43	457	50	0	500	500	0	500	500	0	
4.5849990212e+02	596	7	49	6	51	449	50	0	500	500	0	500	500	0	
4.5899822645e+02	597	7	45	10	53	447	50	0	500	500	0	500	500	0	
4.5949984085e+02	595	9	49	5	41	459	50	0	500	500	0	500	500	0	
4.5999880609e+02	596	9	46	9	63	437	50	0	500	500	0	500	500	0	
4.6049837451e+02	595	10	43	10	42	458	50	0	500	500	0	500	500	0	
4.6099971575e+02	597	9	49	5	41	459	50	0	500	500	0	500	500	0	
4.6149877022e+02	599	8	49	5	45	455	50	0	500	500	0	500	500	0	
4.6199706988e+02	601	7	52	2	53	447	50	0	500	500	0	500	500	0	
4.6249795327e+02	601	7	50	3	49	451	50	0	500	500	0	500	500	0	
4.6299976925e+02	602	7	46	7	36	464	50	0	500	500	0	500	500	0	
4.6349674313e+02	603	7	48	4	59	441	50	0	500	500	0	500	500	0	
4.6399498369e+02	602	8	49	2	48	452	50	0	500	500	0	500	500	0	
4.6449927410e+02	603	8	47	5	52	448	50	0	500	500	0	500	500	0	
4.6499998315e+02	605	6	47	6	40	460	50	0	500	500	0	500	500	0	
4.6549789383e+02	604	6	46	7	51	449	50	0	500	500	0	500	500	0	
4.6599852581e+02	606	6	44	8	42	458	50	0	500	500	0	500	500	0	
4.6649567634e+02	606	6	45	8	33	467	50	0	500	500	0	500	500	0	
4.6699859274e+02	604	7	48	5	28	472	50	0	500	500	0	500	500	0	
4.6749982505e+02	604	6	46	7	39	461	50	0	500	500	0	500	500	0	
4.6799606975e+02	605	6	44	9	41	459	50	0	500	500	0	500	500	0	
4.6849929167e+02	608	4	45	7	35	465	50	0	500	500	0	500	500	0	
4.6899815196e+02	609	4	44	8	33	467	50	0	500	500	0	500	500	0	
4.6949870396e+02	608	4	50	2	49	451	50	0	500	500	0	500	500	0	
4.6999969386e+02	608	5	47	5	47	453	50	0	500	500	0	500	500	0	
4.7049862160e+02	606	7	48	5	45	455	50	0	500	500	0	500	500	0	
4.7099433948e+02	607	7	46	7	39	461	50	0	500	500	0	500	500	0	
4.7149992625e+02	605	10	42	11	42	458	50	0	500	500	0	500	500	0	
4.7199933059e+02	605	9	45	9	46	454	50	0	500	500	0	500	500	0	
4.7249976856e+02	607	7	47	7	52	448	50	0	500	500	0	500	500	0	
4.7299591878e+02	610	4	48	7	52	448	50	0	500	500	0	500	500	0	
4.7349887363e+02	612	2	53	2	46	454	50	0	500	500	0	500	500	0	
4.7399905336e+02	612	3	52	3	36	464	50	0	500	500	0	500	500	0	
4.7449715289e+02	612	3	52	4	58	442	50	0	500	500	0	500	500	0	
4.7499695031e+02	613	1	51	5	64	436	50	0	500	500	0	500	500	0	
4.7549872593e+02	610	4	49	7	26	474	50	0	500	500	0	500	500	0	
4.7599541025e+02	612	2	48	8	42	458	50	0	500	500	0	500	500	0	
4.7649490365e+02	607	8	45	11	38	462	50	0	500	500	0	500	500	0	
4.7699739810e+02	607	7	44	12	47	453	50	0	500	500	0	500	500	0	
4.7749951317e+02	609	5	48	8	48	452	50	0	500	500	0	500	500	0	
4.7799750504e+02	607	6	50	6	42	458	50	0	500	500	0	500	500	0	
4.7849954753e+02	607	3	51	5	47	453	50	0	500	500	0	500	500	0	
4.7899826936e+02	608	2	48	8	57	443	50	0	500	500	0	500	500	0	
4.7949880008e+02	607	4	52	4	49	451	50	0	500	500	0	500	500	0	
4.7999974369e+02	606	5	51	5	39	461	50	0	500	500	0	500	500	0	
4.8049782689e+02	606	4	52	4	53	447	50	0	500	500	0	500	500	0	
4.8099265453e+02	605	5	52	4	44	456	50	0	500	500	0	500	500	0	
4.8149841425e+02	604	6	51	5	30	470	50	0	500	500	0	500	500	0	
4.8199989901e+02	601	11	47	8	37	463	50	0	500	500	0	500	500	0	
4.8249814572e+02	605	7	52	4	25	475	50	0	500	500	0	500	500	0	
4.8299861030e+02	604	9	52	5	47	453	50	0	500	500	0	500	500	0	
4.8349087662e+02	604	9	48	9	53	447	50	0	500	500	0	500	500	0	
4.8399946872e+02	606	7	44	13	41	459	50	0	500	500	0	500	500	0	
4.8449887372e+02	606	6	50	7	51	449	50	0	500	500	0	500	500	0	
4.8499884982e+02	604	6	50	7	39	461	50	0	500	500	0	500	500	0	
4.8549989949e+02	603	5	51	5	43	457	50	0	500	500	0	500	500	0	
4.8599956326e+02	606	4	49	7	54	446	50	0	500	500	0	500	500	0	
4.8649927126e+02	604	5	45	11	31	469	50	0	500	500	0	500	500	0	
4.8699889048e+02	604	6	45	11	30	470	50	0	500	500	0	500	500	0	
4.8749966735e+02	601	8	47	9	42	458	50	0	500	500	0	500	500	0	
4.8799930268e+02	602	7	45	10	36	464	50	0	500	500	0	500	500	0	
4.8849874907e+02	603	6	48	6	30	470	50	0	500	500	0	500	500	0	
4.8899412248e+02	604	6	49	5	40	460	50	0	500	500	0	500	500	0	
4.8949947340e+02	605	6	46	8	40	460	50	0	500	500	0	500	500	0	
4.8999794019e+02	607	4	44	8	42	458	50	0	500	500	0	500	500	0	
4.9049878292e+02	607	5	42	9	35	465	50	0	500	500	0	500	500	0	
4.9099954582e+02	606	7	42	9	53	447	50	0	500	500	0	500	500	0	
4.9149969262e+02	606	8	43	8	40	460	50	0	500	500	0	500	500	0	
4.9199719946e+02	606	8	42	8	47	453	50	0	500	500	0	500	500	0	
4.9249947064e+02	609	7	41	8	40	460	50	0	500	500	0	500	500	0	
4.9299542397e+02	610	6	40	10	54	446	50	0	500	500	0	500	500	0	
4.9349946747e+02	609	6	40	10	39	461	50	0	500	500	0	500	500	0	
4.9399971986e+02	610	6	44	8	30	470	50	0	500	500	0	500	500	0	
4.9449810233e+02	609	8	48	5	30	470	50	0	500	500	0	500	500	0	
4.9499632079e+02	609	8	43	10	39	461	50	0	500	500	0	500	500	0	
4.9549854524e+02	605	12	50	4	50	450	50	0	500	500	0	500	500	0	
4.9599637338e+02	606	10	46	8	61	439	50	0	500	500	0	500	500	0	
4.9649423167e+02	610	6	45	9	51	449	50	0	500	500	0	500	500	0	
4.9699368451e+02	608	8	44	11	41	459	50	0	500	500	0	500	500	0	
4.9749787581e+02	609	7	50	6	63	437	50	0	500	500	0	500	500	0	
4.9799599986e+02	608	8	48	8	44	456	50	0	500	500	0	500	500	0	
4.9849828705e+02	610	6	46	10	52	448	50	0	500	500	0	500	500	0	
4.9898677767e+02	611	4	47	7	55	445	50	0	500	500	0	500	500	0	
4.9949944248e+02	611	5	46	8	41	459	50	0	500	500	0	500	500	0	
4.9999886777e+02	611	5	49	5	43	457	50	0	500	500	0	500	500	0	
5.0000252691e+02	611	5	49	5	42	458	50	0	500	500	0	500	500	0	
