0.0000000000e+00	0	0	0	0	0	500	50	0	500	500	500	0	0	0	
4.0807137053e-01	0	1	1	0	0	500	50	0	500	500	500	0	0	0	
5.6690658404e-01	1	0	1	0	0	500	50	0	500	500	500	0	0	0	
1.3242862496e+00	1	1	1	0	0	500	50	0	500	500	500	0	0	0	
2.3153881984e+00	1	4	1	0	0	500	50	0	500	500	500	0	0	0	
2.9997464936e+00	3	4	2	0	0	500	50	0	500	500	500	0	0	0	
3.4769606405e+00	4	5	2	0	0	500	50	0	500	500	500	0	0	0	
3.9935744996e+00	4	7	2	0	0	500	50	0	500	500	500	0	0	0	
4.3785999755e+00	5	7	3	0	0	500	50	0	500	500	500	0	0	0	
4.7455266982e+00	5	8	3	0	0	500	50	0	500	500	500	0	0	0	
5.4191431162e+00	7	6	3	0	0	500	50	0	500	500	500	0	0	0	
5.8055911779e+00	7	6	2	1	0	500	50	0	500	500	500	0	0	0	
6.0663396949e+00	7	6	2	1	0	500	50	0	500	500	500	0	0	0	
6.9500231125e+00	7	7	2	1	0	500	50	0	500	500	500	0	0	0	
7.4658916982e+00	9	5	5	0	0	500	50	0	500	500	500	0	0	0	
7.8625679245e+00	10	6	5	0	0	500	50	0	500	500	500	0	0	0	
8.4822544125e+00	12	5	5	0	0	500	50	0	500	500	500	0	0	0	
8.9957947874e+00	13	6	4	1	0	500	50	0	500	500	500	0	0	0	
9.1383831092e+00	16	3	5	0	0	500	50	0	500	500	500	0	0	0	
9.8048087648e+00	18	1	5	0	0	500	50	0	500	500	500	0	0	0	
1.0096642249e+01	18	1	5	0	0	500	50	0	500	500	500	0	0	0	
1.0800021477e+01	19	1	5	0	0	500	50	0	500	500	500	0	0	0	
1.1486026255e+01	19	2	5	0	0	500	50	0	500	500	500	0	0	0	
1.1872211188e+01	19	2	6	0	0	500	50	0	500	500	500	0	0	0	
1.3368494483e+01	20	3	5	1	0	500	50	0	500	500	500	0	0	0	
1.4448784204e+01	22	5	7	1	0	500	50	0	500	500	500	0	0	0	
1.4888572854e+01	24	4	8	0	0	500	50	0	500	500	500	0	0	0	
1.5275008208e+01	25	3	8	0	0	500	50	0	500	500	500	0	0	0	
1.5602098695e+01	26	2	8	0	0	500	50	0	500	500	500	0	0	0	
1.6471973263e+01	26	2	7	1	0	500	50	0	500	500	500	0	0	0	
1.6880452011e+01	26	2	8	0	0	500	50	0	500	500	500	0	0	0	
1.7184920024e+01	27	2	8	0	0	500	50	0	500	500	500	0	0	0	
1.7665994353e+01	27	2	9	0	0	500	50	0	500	500	500	0	0	0	
1.8440462646e+01	27	5	9	0	0	500	50	0	500	500	500	0	0	0	
1.8951832992e+01	30	3	9	0	0	500	50	0	500	500	500	0	0	0	
1.9422447649e+01	32	5	9	0	0	500	50	0	500	500	500	0	0	0	
1.9960049578e+01	33	4	9	1	0	500	50	0	500	500	500	0	0	0	
2.0472513052e+01	33	4	10	0	0	500	50	0	500	500	500	0	0	0	
2.0906164075e+01	33	4	11	0	0	500	50	0	500	500	500	0	0	0	
2.1457252397e+01	34	4	10	1	0	500	50	0	500	500	500	0	0	0	
2.1735913502e+01	35	4	9	2	0	500	50	0	500	500	500	0	0	0	
2.2305128437e+01	35	5	10	1	0	500	50	0	500	500	500	0	0	0	
2.2972583296e+01	34	8	12	1	0	500	50	0	500	500	500	0	0	0	
2.3419905122e+01	34	7	12	1	0	500	50	0	500	500	500	0	0	0	
2.3825659353e+01	35	6	10	3	0	500	50	0	500	500	500	0	0	0	
2.4226453912e+01	35	7	12	1	0	500	50	0	500	500	500	0	0	0	
2.4925005836e+01	37	5	13	0	0	500	50	0	500	500	500	0	0	0	
2.5459571300e+01	37	7	13	1	0	500	50	0	500	500	500	0	0	0	
2.5914685587e+01	39	12	14	0	0	500	50	0	500	500	500	0	0	0	
2.6457331496e+01	43	11	13	2	0	500	50	0	500	500	500	0	0	0	
2.6941857455e+01	43	14	13	3	0	500	50	0	500	500	500	0	0	0	
2.7407108408e+01	45	13	13	2	0	500	50	0	500	500	500	0	0	0	
2.7986334315e+01	49	9	15	0	0	500	50	0	500	500	500	0	0	0	
2.8450065239e+01	50	10	14	2	0	500	50	0	500	500	500	0	0	0	
2.8983610311e+01	57	5	13	2	0	500	50	0	500	500	500	0	0	0	
2.9398492771e+01	62	1	16	0	0	500	50	0	500	500	500	0	0	0	
2.9864467528e+01	62	1	15	1	0	500	50	0	500	500	500	0	0	0	
3.0749075609e+01	63	0	16	0	0	500	50	0	500	500	500	0	0	0	
3.1819674033e+01	63	1	17	0	0	500	50	0	500	500	500	0	0	0	
3.2003061840e+01	64	0	17	0	0	500	50	0	500	500	500	0	0	0	
3.2967052859e+01	64	2	16	1	0	500	50	0	500	500	500	0	0	0	
3.3471544824e+01	64	3	18	0	0	500	50	0	500	500	500	0	0	0	
3.3992608013e+01	65	7	17	1	0	500	50	0	500	500	500	0	0	0	
3.4466124488e+01	66	7	18	0	0	500	50	0	500	500	500	0	0	0	
3.4879062210e+01	68	5	17	1	0	500	50	0	500	500	500	0	0	0	
3.5322543982e+01	69	5	17	1	0	500	50	0	500	500	500	0	0	0	
3.5992937199e+01	72	4	16	2	0	500	50	0	500	500	500	0	0	0	
3.6466917756e+01	72	5	17	1	0	500	50	0	500	500	500	0	0	0	
3.6927501658e+01	73	4	18	0	0	500	50	0	500	500	500	0	0	0	
3.7497896861e+01	73	5	15	3	0	500	50	0	500	500	500	0	0	0	
3.7987909893e+01	74	4	19	0	0	500	50	0	500	500	500	0	0	0	
3.8383536267e+01	74	4	17	2	0	500	50	0	500	500	500	0	0	0	
3.8954831450e+01	75	5	16	3	0	500	50	0	500	500	500	0	0	0	
3.9471439827e+01	76	5	17	3	0	500	50	0	500	500	500	0	0	0	
3.9979262562e+01	77	5	18	2	0	500	50	0	500	500	500	0	0	0	
4.0376912968e+01	80	3	18	1	0	500	50	0	500	500	500	0	0	0	
4.0713721295e+01	80	3	17	1	0	500	50	0	500	500	500	0	0	0	
4.1316141395e+01	81	4	17	1	0	500	50	0	500	500	500	0	0	0	
4.1897936123e+01	81	4	15	2	0	500	50	0	500	500	500	0	0	0	
4.2393326325e+01	84	3	15	2	0	500	50	0	500	500	500	0	0	0	
4.2896483813e+01	84	4	16	1	0	500	50	0	500	500	500	0	0	0	
4.3440063196e+01	86	2	17	1	0	500	50	0	500	500	500	0	0	0	
4.3949465934e+01	87	3	17	1	0	500	50	0	500	500	500	0	0	0	
4.4406976400e+01	87	5	18	0	0	500	50	0	500	500	500	0	0	0	
4.4882265087e+01	89	5	17	1	0	500	50	0	500	500	500	0	0	0	
4.5455400026e+01	90	7	17	1	0	500	50	0	500	500	500	0	0	0	
4.5912498951e+01	91	5	18	1	0	500	50	0	500	500	500	0	0	0	
4.6460373485e+01	93	4	16	3	0	500	50	0	500	500	500	0	0	0	
4.6964916434e+01	94	6	20	1	0	500	50	0	500	500	500	0	0	0	
4.7403823554e+01	96	4	21	0	0	500	50	0	500	500	500	0	0	0	
4.7995968805e+01	97	6	19	2	0	500	50	0	500	500	500	0	0	0	
4.8492926936e+01	96	9	19	2	0	500	50	0	500	500	500	0	0	0	
4.8909376807e+01	100	8	19	2	0	500	50	0	500	500	500	0	0	0	
4.9429032851e+01	102	6	21	0	0	500	50	0	500	500	500	0	0	0	
4.9960199411e+01	103	8	19	2	0	500	50	0	500	500	500	0	0	0	
5.0456210001e+01	104	9	20	1	0	500	50	0	500	500	500	0	0	0	
5.0986779821e+01	107	7	19	2	0	500	50	0	500	500	500	0	0	0	
5.1422898002e+01	107	7	18	3	0	500	50	0	500	500	500	0	0	0	
5.1997022222e+01	107	10	18	3	0	500	50	0	500	500	500	0	0	0	
5.2482682949e+01	108	10	17	4	0	500	50	0	500	500	500	0	0	0	
5.2983317901e+01	112	6	19	3	0	500	50	0	500	500	500	0	0	0	
5.3390852312e+01	116	2	20	2	0	500	50	0	500	500	500	0	0	0	
5.3945954163e+01	116	4	19	3	0	500	50	0	500	500	500	0	0	0	
5.4478078116e+01	116	6	20	2	0	500	50	0	500	500	500	0	0	0	
5.4729849424e+01	116	7	21	1	0	500	50	0	500	500	500	0	0	0	
5.5396711528e+01	117	7	20	2	0	500	50	0	500	500	500	0	0	0	
5.5959309277e+01	118	7	20	2	0	500	50	0	500	500	500	0	0	0	
5.6371926300e+01	119	6	20	2	0	500	50	0	500	500	500	0	0	0	
5.6914829724e+01	119	7	21	1	0	500	50	0	500	500	500	0	0	0	
5.7393834136e+01	119	7	20	2	0	500	50	0	500	500	500	0	0	0	
5.7994686886e+01	120	7	21	1	0	500	50	0	500	500	500	0	0	0	
5.8491350237e+01	122	7	19	2	0	500	50	0	500	500	500	0	0	0	
5.8992143272e+01	122	10	20	1	0	500	50	0	500	500	500	0	0	0	
5.9488297431e+01	125	8	17	3	0	500	50	0	500	500	500	0	0	0	
5.9997793329e+01	128	6	18	2	0	500	50	0	500	500	500	0	0	0	
6.0454564202e+01	128	6	20	1	0	500	50	0	500	500	500	0	0	0	
6.0819200349e+01	129	5	20	1	0	500	50	0	500	500	500	0	0	0	
6.1484010637e+01	129	4	18	3	0	500	50	0	500	500	500	0	0	0	
6.1976960043e+01	129	4	19	2	0	500	50	0	500	500	500	0	0	0	
6.2447558953e+01	129	6	22	0	0	500	50	0	500	500	500	0	0	0	
6.2993188205e+01	129	9	21	1	0	500	50	0	500	500	500	0	0	0	
6.3432581583e+01	132	6	20	2	0	500	50	0	500	500	500	0	0	0	
6.3944570466e+01	134	5	22	0	0	500	50	0	500	500	500	0	0	0	
6.4332868165e+01	136	4	21	1	0	500	50	0	500	500	500	0	0	0	
6.4950679286e+01	138	4	20	2	0	500	50	0	500	500	500	0	0	0	
6.5405662769e+01	138	5	21	1	0	500	50	0	500	500	500	0	0	0	
6.5942744716e+01	139	5	19	3	0	500	50	0	500	500	500	0	0	0	
6.6473950252e+01	140	5	20	1	0	500	50	0	500	500	500	0	0	0	
6.6985249943e+01	143	4	20	2	0	500	50	0	500	500	500	0	0	0	
6.7474493191e+01	144	4	20	3	0	500	50	0	500	500	500	0	0	0	
6.7768027022e+01	145	3	23	0	0	500	50	0	500	500	500	0	0	0	
6.8409271740e+01	146	2	22	1	0	500	50	0	500	500	500	0	0	0	
6.8957581148e+01	147	1	22	1	0	500	50	0	500	500	500	0	0	0	
6.9390631743e+01	147	2	22	1	0	500	50	0	500	500	500	0	0	0	
6.9932208122e+01	148	1	24	1	0	500	50	0	500	500	500	0	0	0	
7.0392201181e+01	149	1	25	0	0	500	50	0	500	500	500	0	0	0	
7.0888177525e+01	149	2	24	1	0	500	50	0	500	500	500	0	0	0	
7.1441621975e+01	151	0	26	0	0	500	50	0	500	500	500	0	0	0	
7.1782456802e+01	151	0	25	1	0	500	50	0	500	500	500	0	0	0	
7.2049026432e+01	151	1	25	1	0	500	50	0	500	500	500	0	0	0	
7.2982248299e+01	150	4	25	1	0	500	50	0	500	500	500	0	0	0	
7.3424975953e+01	150	5	25	1	0	500	50	0	500	500	500	0	0	0	
7.3948770299e+01	150	7	25	1	0	500	50	0	500	500	500	0	0	0	
7.4468761383e+01	152	5	25	1	0	500	50	0	500	500	500	0	0	0	
7.4992302378e+01	152	8	25	1	0	500	50	0	500	500	500	0	0	0	
7.5224165886e+01	153	7	26	0	0	500	50	0	500	500	500	0	0	0	
7.5829788028e+01	153	7	25	1	0	500	50	0	500	500	500	0	0	0	
7.6245989822e+01	156	4	25	1	0	500	50	0	500	500	500	0	0	0	
7.6947155925e+01	157	4	23	3	0	500	50	0	500	500	500	0	0	0	
7.7274937279e+01	158	3	25	1	0	500	50	0	500	500	500	0	0	0	
7.7941628831e+01	159	3	26	0	0	500	50	0	500	500	500	0	0	0	
7.8424563672e+01	158	5	24	2	0	500	50	0	500	500	500	0	0	0	
7.8999171664e+01	160	4	24	2	0	500	50	0	500	500	500	0	0	0	
7.9311747476e+01	162	2	26	0	0	500	50	0	500	500	500	0	0	0	
7.9974817926e+01	165	1	26	0	0	500	50	0	500	500	500	0	0	0	
8.0271242747e+01	165	2	27	0	0	500	50	0	500	500	500	0	0	0	
8.1494568839e+01	165	2	26	1	0	500	50	0	500	500	500	0	0	0	
8.1953880671e+01	166	3	26	0	0	500	50	0	500	500	500	0	0	0	
8.2247538579e+01	166	3	26	0	0	500	50	0	500	500	500	0	0	0	
8.2965301262e+01	166	3	25	2	0	500	50	0	500	500	500	0	0	0	
8.3270571832e+01	166	2	26	1	0	500	50	0	500	500	500	0	0	0	
8.3878804844e+01	167	2	27	0	0	500	50	0	500	500	500	0	0	0	
8.4379904252e+01	165	3	27	1	0	500	50	0	500	500	500	0	0	0	
8.4634633274e+01	166	2	28	0	0	500	50	0	500	500	500	0	0	0	
8.5234280189e+01	166	2	29	0	0	500	50	0	500	500	500	0	0	0	
8.5906424058e+01	167	4	29	0	0	500	50	0	500	500	500	0	0	0	
8.6428130283e+01	167	3	30	0	0	500	50	0	500	500	500	0	0	0	
8.6863531852e+01	169	1	29	1	0	500	50	0	500	500	500	0	0	0	
8.7371145689e+01	170	2	29	1	0	500	50	0	500	500	500	0	0	0	
8.7991911625e+01	171	1	30	0	0	500	50	0	500	500	500	0	0	0	
8.8374866945e+01	172	0	30	0	0	500	50	0	500	500	500	0	0	0	
8.8836529882e+01	173	1	30	0	0	500	50	0	500	500	500	0	0	0	
8.9441754010e+01	172	1	31	0	0	500	50	0	500	500	500	0	0	0	
9.0331504281e+01	173	2	31	0	0	500	50	0	500	500	500	0	0	0	
9.0962465298e+01	173	2	29	2	0	500	50	0	500	500	500	0	0	0	
9.1245563608e+01	173	2	31	0	0	500	50	0	500	500	500	0	0	0	
9.1585351480e+01	173	2	30	1	0	500	50	0	500	500	500	0	0	0	
9.2378649050e+01	174	1	29	2	0	500	50	0	500	500	500	0	0	0	
9.2911689468e+01	174	2	30	1	0	500	50	0	500	500	500	0	0	0	
9.3440471514e+01	175	2	30	1	0	500	50	0	500	500	500	0	0	0	
9.3970537603e+01	175	4	31	0	0	500	50	0	500	500	500	0	0	0	
9.4498832998e+01	174	6	28	2	0	500	50	0	500	500	500	0	0	0	
9.4781523823e+01	176	4	30	0	0	500	50	0	500	500	500	0	0	0	
9.5456855442e+01	176	7	27	3	0	500	50	0	500	500	500	0	0	0	
9.5955867999e+01	179	5	28	2	0	500	50	0	500	500	500	0	0	0	
9.6450790218e+01	178	5	30	0	0	500	50	0	500	500	500	0	0	0	
9.6938173794e+01	179	6	29	1	0	500	50	0	500	500	500	0	0	0	
9.7465101628e+01	180	6	29	1	0	500	50	0	500	500	500	0	0	0	
9.7927871982e+01	182	5	30	0	0	500	50	0	500	500	500	0	0	0	
9.8461347144e+01	184	3	29	1	0	500	50	0	500	500	500	0	0	0	
9.8922318729e+01	184	4	28	2	0	500	50	0	500	500	500	0	0	0	
9.9454432141e+01	185	4	31	0	0	500	50	0	500	500	500	0	0	0	
9.9971420196e+01	185	6	30	1	0	500	50	0	500	500	500	0	0	0	
1.0043541274e+02	186	6	31	0	0	500	50	0	500	500	500	0	0	0	
1.0094531642e+02	188	4	29	3	0	500	50	0	500	500	500	0	0	0	
1.0139882595e+02	188	3	30	3	0	500	50	0	500	500	500	0	0	0	
1.0191241849e+02	191	1	32	1	0	500	50	0	500	500	500	0	0	0	
1.0249026107e+02	192	0	33	0	0	500	50	0	500	500	500	0	0	0	
1.0282766367e+02	192	1	33	0	0	500	50	0	500	500	500	0	0	0	
1.0343189551e+02	191	2	33	0	0	500	50	0	500	500	500	0	0	0	
1.0386275523e+02	193	1	31	1	0	500	50	0	500	500	500	0	0	0	
1.0449440726e+02	193	1	32	1	0	500	50	0	500	500	500	0	0	0	
1.0496234192e+02	193	5	31	2	0	500	50	0	500	500	500	0	0	0	
1.0539983977e+02	196	4	33	0	0	500	50	0	500	500	500	0	0	0	
1.0598893025e+02	197	3	32	2	0	500	50	0	500	500	500	0	0	0	
1.0649934256e+02	199	3	30	4	0	500	50	0	500	500	500	0	0	0	
1.0696435813e+02	201	3	33	1	0	500	50	0	500	500	500	0	0	0	
1.0718182569e+02	201	3	34	0	0	500	50	0	500	500	500	0	0	0	
1.0799726471e+02	203	2	34	1	0	500	50	0	500	500	500	0	0	0	
1.0845620085e+02	204	3	33	2	0	500	50	0	500	500	500	0	0	0	
1.0896326525e+02	204	3	34	2	0	500	50	0	500	500	500	0	0	0	
1.0944473788e+02	205	3	34	2	0	500	50	0	500	500	500	0	0	0	
1.0995378806e+02	205	3	34	2	0	500	50	0	500	500	500	0	0	0	
1.1045326245e+02	205	3	34	2	0	500	50	0	500	500	500	0	0	0	
1.1096058763e+02	208	4	36	0	0	500	50	0	500	500	500	0	0	0	
1.1149810816e+02	209	3	36	1	0	500	50	0	500	500	500	0	0	0	
1.1193290540e+02	210	4	35	2	0	500	50	0	500	500	500	0	0	0	
1.1241519554e+02	211	3	34	3	0	500	50	0	500	500	500	0	0	0	
1.1299448664e+02	211	4	35	3	0	500	50	0	500	500	500	0	0	0	
1.1340319942e+02	211	3	37	1	0	500	50	0	500	500	500	0	0	0	
1.1394496918e+02	211	6	37	1	0	500	50	0	500	500	500	0	0	0	
1.1447228697e+02	211	6	36	2	0	500	50	0	500	500	500	0	0	0	
1.1499945600e+02	213	4	35	2	0	500	50	0	500	500	500	0	0	0	
1.1522992009e+02	214	3	36	1	0	500	50	0	500	500	500	0	0	0	
1.1599997755e+02	214	4	36	1	0	500	50	0	500	500	500	0	0	0	
1.1649823502e+02	214	6	32	4	0	500	50	0	500	500	500	0	0	0	
1.1695698910e+02	216	3	34	2	0	500	50	0	500	500	500	0	0	0	
1.1745555498e+02	217	4	34	2	0	500	50	0	500	500	500	0	0	0	
1.1797624286e+02	216	5	35	1	0	500	50	0	500	500	500	0	0	0	
1.1840476451e+02	217	4	32	3	0	500	50	0	500	500	500	0	0	0	
1.1886309663e+02	217	6	29	6	0	500	50	0	500	500	500	0	0	0	
1.1946543770e+02	217	7	33	2	0	500	50	0	500	500	500	0	0	0	
1.1999167854e+02	217	7	32	3	0	500	50	0	500	500	500	0	0	0	
1.2049751173e+02	217	8	33	2	0	500	50	0	500	500	500	0	0	0	
1.2094884517e+02	218	11	31	4	0	500	50	0	500	500	500	0	0	0	
1.2139754183e+02	221	9	34	1	0	500	50	0	500	500	500	0	0	0	
1.2197670239e+02	222	8	32	4	0	500	50	0	500	500	500	0	0	0	
1.2244696204e+02	224	7	36	0	0	500	50	0	500	500	500	0	0	0	
1.2295320352e+02	225	7	35	2	0	500	50	0	500	500	500	0	0	0	
1.2343125667e+02	224	9	37	1	0	500	50	0	500	500	500	0	0	0	
1.2399652436e+02	224	9	33	6	0	500	50	0	500	500	500	0	0	0	
1.2447254030e+02	225	9	35	4	0	500	50	0	500	500	500	0	0	0	
1.2498965488e+02	226	7	34	5	0	500	50	0	500	500	500	0	0	0	
1.2545306792e+02	230	6	35	4	0	500	50	0	500	500	500	0	0	0	
1.2597355390e+02	231	7	35	4	0	500	50	0	500	500	500	0	0	0	
1.2645749962e+02	233	7	35	3	0	500	50	0	500	500	500	0	0	0	
1.2685132018e+02	236	4	34	4	0	500	50	0	500	500	500	0	0	0	
1.2733947055e+02	237	3	35	3	0	500	50	0	500	500	500	0	0	0	
1.2797689030e+02	238	4	38	0	0	500	50	0	500	500	500	0	0	0	
1.2845407845e+02	238	6	38	0	0	500	50	0	500	500	500	0	0	0	
1.2886828618e+02	239	7	37	0	0	500	50	0	500	500	500	0	0	0	
1.2945199470e+02	239	8	32	5	0	500	50	0	500	500	500	0	0	0	
1.2989389315e+02	241	5	35	2	0	500	50	0	500	500	500	0	0	0	
1.3026535450e+02	242	5	36	1	0	500	50	0	500	500	500	0	0	0	
1.3096301800e+02	242	8	36	1	0	500	50	0	500	500	500	0	0	0	
1.3144493249e+02	246	4	37	0	0	500	50	0	500	500	500	0	0	0	
1.3173383480e+02	245	5	37	0	0	500	50	0	500	500	500	0	0	0	
1.3219023960e+02	246	5	37	0	0	500	50	0	500	500	500	0	0	0	
1.3298512906e+02	247	6	34	3	0	500	50	0	500	500	500	0	0	0	
1.3343702949e+02	248	6	34	4	0	500	50	0	500	500	500	0	0	0	
1.3398718067e+02	251	4	36	3	0	500	50	0	500	500	500	0	0	0	
1.3445467817e+02	252	5	34	5	0	500	50	0	500	500	500	0	0	0	
1.3495887244e+02	253	6	37	2	0	500	50	0	500	500	500	0	0	0	
1.3549293526e+02	254	6	34	5	0	500	50	0	500	500	500	0	0	0	
1.3598269852e+02	258	4	36	3	0	500	50	0	500	500	500	0	0	0	
1.3641996566e+02	260	2	38	1	0	500	50	0	500	500	500	0	0	0	
1.3699420002e+02	260	4	37	2	0	500	50	0	500	500	500	0	0	0	
1.3738318427e+02	262	4	38	1	0	500	50	0	500	500	500	0	0	0	
1.3799026896e+02	263	3	38	1	0	500	50	0	500	500	500	0	0	0	
1.3847731932e+02	263	4	37	2	0	500	50	0	500	500	500	0	0	0	
1.3898444694e+02	262	7	37	2	0	500	50	0	500	500	500	0	0	0	
1.3946129630e+02	265	5	38	1	0	500	50	0	500	500	500	0	0	0	
1.3989950562e+02	264	6	37	2	0	500	50	0	500	500	500	0	0	0	
1.4042471636e+02	267	3	36	3	0	500	50	0	500	500	500	0	0	0	
1.4096903329e+02	267	4	39	1	0	500	50	0	500	500	500	0	0	0	
1.4144570555e+02	267	3	38	1	0	500	50	0	500	500	500	0	0	0	
1.4185902811e+02	265	4	38	1	0	500	50	0	500	500	500	0	0	0	
1.4238442598e+02	265	4	33	6	0	500	50	0	500	500	500	0	0	0	
1.4293131223e+02	265	6	33	6	0	500	50	0	500	500	500	0	0	0	
1.4343687444e+02	265	7	35	2	0	500	50	0	500	500	500	0	0	0	
1.4396164479e+02	267	7	34	2	0	500	50	0	500	500	500	0	0	0	
1.4441686650e+02	269	6	33	3	0	500	50	0	500	500	500	0	0	0	
1.4496823281e+02	270	5	32	4	0	500	50	0	500	500	500	0	0	0	
1.4543428101e+02	274	3	32	4	0	500	50	0	500	500	500	0	0	0	
1.4597041434e+02	274	2	36	0	0	500	50	0	500	500	500	0	0	0	
1.4635218492e+02	273	3	36	1	0	500	50	0	500	500	500	0	0	0	
1.4698582397e+02	274	1	37	0	0	500	50	0	500	500	500	0	0	0	
1.4728697123e+02	275	0	38	0	0	500	50	0	500	500	500	0	0	0	
1.4797347302e+02	275	4	37	1	0	500	50	0	500	500	500	0	0	0	
1.4849661647e+02	276	3	36	2	0	500	50	0	500	500	500	0	0	0	
1.4894315638e+02	274	5	34	3	0	500	50	0	500	500	500	0	0	0	
1.4946733091e+02	275	7	33	4	0	500	50	0	500	500	500	0	0	0	
1.4998571954e+02	274	8	37	0	0	500	50	0	500	500	500	0	0	0	
1.5047176037e+02	276	6	33	5	0	500	50	0	500	500	500	0	0	0	
1.5099233630e+02	275	9	35	3	0	500	50	0	500	500	500	0	0	0	
1.5144747607e+02	279	6	34	4	0	500	50	0	500	500	500	0	0	0	
1.5196482586e+02	277	7	34	3	0	500	50	0	500	500	500	0	0	0	
1.5246926284e+02	278	7	31	6	0	500	50	0	500	500	500	0	0	0	
1.5297948928e+02	277	10	31	7	0	500	50	0	500	500	500	0	0	0	
1.5347890458e+02	278	9	32	5	0	500	50	0	500	500	500	0	0	0	
1.5399897613e+02	280	9	33	4	0	500	50	0	500	500	500	0	0	0	
1.5448580515e+02	283	6	33	4	0	500	50	0	500	500	500	0	0	0	
1.5497863874e+02	283	6	33	4	0	500	50	0	500	500	500	0	0	0	
1.5548107115e+02	283	8	35	2	0	500	50	0	500	500	500	0	0	0	
1.5589644490e+02	282	10	34	3	0	500	50	0	500	500	500	0	0	0	
1.5648690254e+02	284	10	33	3	0	500	50	0	500	500	500	0	0	0	
1.5684117634e+02	287	7	31	4	0	500	50	0	500	500	500	0	0	0	
1.5749316313e+02	288	7	33	3	0	500	50	0	500	500	500	0	0	0	
1.5798208822e+02	289	6	33	3	0	500	50	0	500	500	500	0	0	0	
1.5845447719e+02	289	5	32	4	0	500	50	0	500	500	500	0	0	0	
1.5890379186e+02	289	6	31	5	0	500	50	0	500	500	500	0	0	0	
1.5944559506e+02	290	5	36	2	0	500	50	0	500	500	500	0	0	0	
1.5994989885e+02	290	5	37	2	0	500	50	0	500	500	500	0	0	0	
1.6030299977e+02	291	5	39	1	0	500	50	0	500	500	500	0	0	0	
1.6098165809e+02	293	4	39	1	0	500	50	0	500	500	500	0	0	0	
1.6146448068e+02	294	4	38	2	0	500	50	0	500	500	500	0	0	0	
1.6197384476e+02	295	3	39	2	0	500	50	0	500	500	500	0	0	0	
1.6246356152e+02	296	3	40	1	0	500	50	0	500	500	500	0	0	0	
1.6281437514e+02	296	3	41	0	0	500	50	0	500	500	500	0	0	0	
1.6348164930e+02	296	3	38	3	0	500	50	0	500	500	500	0	0	0	
1.6392216753e+02	294	3	39	2	0	500	50	0	500	500	500	0	0	0	
1.6440681671e+02	294	1	40	1	0	500	50	0	500	500	500	0	0	0	
1.6497395376e+02	294	3	41	0	0	500	50	0	500	500	500	0	0	0	
1.6545814063e+02	295	2	37	3	0	500	50	0	500	500	500	0	0	0	
1.6595157360e+02	295	3	39	1	0	500	50	0	500	500	500	0	0	0	
1.6648124475e+02	297	1	37	2	0	500	50	0	500	500	500	0	0	0	
1.6693217393e+02	296	3	37	2	0	500	50	0	500	500	500	0	0	0	
1.6745259163e+02	297	3	39	2	0	500	50	0	500	500	500	0	0	0	
1.6797505967e+02	296	4	40	2	0	500	50	0	500	500	500	0	0	0	
1.6849416091e+02	299	3	41	1	0	500	50	0	500	500	500	0	0	0	
1.6899811007e+02	299	3	39	3	0	500	50	0	500	500	500	0	0	0	
1.6941247442e+02	300	3	37	5	0	500	50	0	500	500	500	0	0	0	
1.6998658572e+02	300	3	40	3	0	500	50	0	500	500	500	0	0	0	
1.7047888354e+02	301	2	37	6	0	500	50	0	500	500	500	0	0	0	
1.7099799497e+02	301	2	42	1	0	500	50	0	500	500	500	0	0	0	
1.7148958111e+02	300	4	41	2	0	500	50	0	500	500	500	0	0	0	
1.7198854298e+02	302	2	40	3	0	500	50	0	500	500	500	0	0	0	
1.7249199078e+02	302	5	40	2	0	500	50	0	500	500	500	0	0	0	
1.7298121263e+02	302	5	43	2	0	500	50	0	500	500	500	0	0	0	
1.7349690175e+02	304	4	42	3	0	500	50	0	500	500	500	0	0	0	
1.7398202107e+02	306	3	45	1	0	500	50	0	500	500	500	0	0	0	
1.7440539708e+02	306	3	45	0	0	500	50	0	500	500	500	0	0	0	
1.7481901504e+02	305	4	44	1	0	500	50	0	500	500	500	0	0	0	
1.7546106920e+02	306	3	44	1	0	500	50	0	500	500	500	0	0	0	
1.7595787067e+02	306	4	42	2	0	500	50	0	500	500	500	0	0	0	
1.7645355294e+02	306	4	42	2	0	500	50	0	500	500	500	0	0	0	
1.7694668896e+02	307	4	43	1	0	500	50	0	500	500	500	0	0	0	
1.7730378921e+02	307	4	42	1	0	500	50	0	500	500	500	0	0	0	
1.7798633826e+02	309	4	41	2	0	500	50	0	500	500	500	0	0	0	
1.7846912007e+02	310	3	41	3	0	500	50	0	500	500	500	0	0	0	
1.7895434771e+02	308	4	41	3	0	500	50	0	500	500	500	0	0	0	
1.7943927755e+02	310	4	40	4	0	500	50	0	500	500	500	0	0	0	
1.7994951974e+02	312	2	42	2	0	500	50	0	500	500	500	0	0	0	
1.8023683814e+02	312	3	42	2	0	500	50	0	500	500	500	0	0	0	
1.8096413773e+02	312	3	42	2	0	500	50	0	500	500	500	0	0	0	
1.8118758421e+02	313	2	43	1	0	500	50	0	500	500	500	0	0	0	
1.8192612478e+02	313	2	42	1	0	500	50	0	500	500	500	0	0	0	
1.8243234332e+02	315	1	41	2	0	500	50	0	500	500	500	0	0	0	
1.8298440084e+02	315	3	43	0	0	500	50	0	500	500	500	0	0	0	
1.8347265756e+02	315	4	40	3	0	500	50	0	500	500	500	0	0	0	
1.8398413955e+02	316	3	42	2	0	500	50	0	500	500	500	0	0	0	
1.8448122941e+02	316	5	42	2	0	500	50	0	500	500	500	0	0	0	
1.8499595177e+02	316	7	42	2	0	500	50	0	500	500	500	0	0	0	
1.8547060919e+02	316	6	45	0	0	500	50	0	500	500	500	0	0	0	
1.8594150481e+02	317	6	44	1	0	500	50	0	500	500	500	0	0	0	
1.8647840717e+02	317	8	40	4	0	500	50	0	500	500	500	0	0	0	
1.8699715637e+02	320	6	43	3	0	500	50	0	500	500	500	0	0	0	
1.8745629675e+02	320	6	40	6	0	500	50	0	500	500	500	0	0	0	
1.8799790461e+02	322	4	42	3	0	500	50	0	500	500	500	0	0	0	
1.8848335206e+02	322	5	42	3	0	500	50	0	500	500	500	0	0	0	
1.8886972662e+02	322	5	44	1	0	500	50	0	500	500	500	0	0	0	
1.8942257273e+02	322	7	40	5	0	500	50	0	500	500	500	0	0	0	
1.8998895529e+02	326	3	42	3	0	500	50	0	500	500	500	0	0	0	
1.9032315169e+02	325	4	44	1	0	500	50	0	500	500	500	0	0	0	
1.9096302924e+02	326	5	42	4	0	500	50	0	500	500	500	0	0	0	
1.9135350844e+02	326	5	44	2	0	500	50	0	500	500	500	0	0	0	
1.9194913071e+02	326	7	43	3	0	500	50	0	500	500	500	0	0	0	
1.9249770575e+02	327	8	41	5	0	500	50	0	500	500	500	0	0	0	
1.9299496321e+02	329	8	42	3	0	500	50	0	500	500	500	0	0	0	
1.9345855291e+02	331	6	41	4	0	500	50	0	500	500	500	0	0	0	
1.9393285983e+02	333	3	43	1	0	500	50	0	500	500	500	0	0	0	
1.9446478447e+02	332	3	44	0	0	500	50	0	500	500	500	0	0	0	
1.9499465888e+02	332	2	42	2	0	500	50	0	500	500	500	0	0	0	
1.9543819584e+02	332	2	42	3	0	500	50	0	500	500	500	0	0	0	
1.9583268909e+02	331	2	45	0	0	500	50	0	500	500	500	0	0	0	
1.9646634127e+02	332	3	47	0	0	500	50	0	500	500	500	0	0	0	
1.9698432179e+02	331	4	46	1	0	500	50	0	500	500	500	0	0	0	
1.9749990321e+02	329	4	45	2	0	500	50	0	500	500	500	0	0	0	
1.9797555149e+02	328	4	42	5	0	500	50	0	500	500	500	0	0	0	
1.9846720351e+02	329	5	41	6	0	500	50	0	500	500	500	0	0	0	
1.9898001718e+02	328	6	46	2	0	500	50	0	500	500	500	0	0	0	
1.9949284933e+02	327	7	42	6	0	500	50	0	500	500	500	0	0	0	
1.9999803101e+02	328	7	44	5	0	500	50	0	500	500	500	0	0	0	
2.0044681826e+02	328	6	46	2	0	500	50	0	500	500	500	0	0	0	
2.0099723133e+02	329	5	44	3	0	500	50	0	500	500	500	0	0	0	
2.0148375040e+02	328	7	44	3	0	500	50	0	500	500	500	0	0	0	
2.0196606065e+02	328	8	45	2	0	500	50	0	500	500	500	0	0	0	
2.0236366684e+02	330	8	43	4	0	500	50	0	500	500	500	0	0	0	
2.0299682784e+02	330	10	42	5	0	500	50	0	500	500	500	0	0	0	
2.0341242026e+02	329	12	44	3	0	500	50	0	500	500	500	0	0	0	
2.0399495410e+02	331	11	41	6	0	500	50	0	500	500	500	0	0	0	
2.0449667845e+02	333	9	45	2	0	500	50	0	500	500	500	0	0	0	
2.0498114296e+02	334	9	43	4	0	500	50	0	500	500	500	0	0	0	
2.0547875110e+02	336	8	46	1	0	500	50	0	500	500	500	0	0	0	
2.0598721885e+02	339	5	42	5	0	500	50	0	500	500	500	0	0	0	
2.0647873621e+02	339	4	47	0	0	500	50	0	500	500	500	0	0	0	
2.0697745573e+02	339	3	45	2	0	500	50	0	500	500	500	0	0	0	
2.0740637660e+02	339	4	43	5	0	500	50	0	500	500	500	0	0	0	
2.0795482405e+02	341	2	47	2	0	500	50	0	500	500	500	0	0	0	
2.0849865210e+02	340	3	46	3	0	500	50	0	500	500	500	0	0	0	
2.0896628602e+02	339	5	47	2	0	500	50	0	500	500	500	0	0	0	
2.0949128108e+02	340	5	47	1	0	500	50	0	500	500	500	0	0	0	
2.0996959185e+02	343	2	47	1	0	500	50	0	500	500	500	0	0	0	
2.1046410804e+02	344	2	47	1	0	500	50	0	500	500	500	0	0	0	
2.1085870385e+02	345	0	47	1	0	500	50	0	500	500	500	0	0	0	
2.1120427405e+02	344	0	47	1	0	500	50	0	500	500	500	0	0	0	
2.1190701548e+02	343	2	45	2	0	500	50	0	500	500	500	0	0	0	
2.1226117660e+02	343	2	45	1	0	500	50	0	500	500	500	0	0	0	
2.1297067350e+02	342	3	45	2	0	500	50	0	500	500	500	0	0	0	
2.1343869205e+02	340	5	46	2	0	500	50	0	500	500	500	0	0	0	
2.1393331021e+02	341	5	47	1	0	500	50	0	500	500	500	0	0	0	
2.1446708297e+02	342	5	43	5	0	500	50	0	500	500	500	0	0	0	
2.1499615699e+02	342	5	42	5	0	500	50	0	500	500	500	0	0	0	
2.1548582467e+02	344	4	39	8	0	500	50	0	500	500	500	0	0	0	
2.1596562935e+02	343	5	42	6	0	500	50	0	500	500	500	0	0	0	
2.1647683605e+02	344	4	43	5	0	500	50	0	500	500	500	0	0	0	
2.1696115050e+02	344	5	46	2	0	500	50	0	500	500	500	0	0	0	
2.1743507126e+02	345	6	47	0	0	500	50	0	500	500	500	0	0	0	
2.1796425641e+02	345	6	41	6	0	500	50	0	500	500	500	0	0	0	
2.1848382131e+02	346	5	41	5	0	500	50	0	500	500	500	0	0	0	
2.1899372763e+02	347	3	43	2	0	500	50	0	500	500	500	0	0	0	
2.1944099098e+02	347	4	42	3	0	500	50	0	500	500	500	0	0	0	
2.1994549097e+02	348	4	43	2	0	500	50	0	500	500	500	0	0	0	
2.2047044722e+02	347	5	44	0	0	500	50	0	500	500	500	0	0	0	
2.2096769425e+02	348	5	42	2	0	500	50	0	500	500	500	0	0	0	
2.2149438301e+02	347	6	45	0	0	500	50	0	500	500	500	0	0	0	
2.2193890570e+02	348	4	44	0	0	500	50	0	500	500	500	0	0	0	
2.2296054342e+02	349	4	39	4	0	500	50	0	500	500	500	0	0	0	
2.2349507304e+02	350	5	41	2	0	500	50	0	500	500	500	0	0	0	
2.2374914744e+02	352	4	41	2	0	500	50	0	500	500	500	0	0	0	
2.2447091504e+02	352	4	39	3	0	500	50	0	500	500	500	0	0	0	
2.2499124993e+02	352	5	38	4	0	500	50	0	500	500	500	0	0	0	
2.2546753289e+02	354	3	36	6	0	500	50	0	500	500	500	0	0	0	
2.2594191000e+02	354	3	39	3	0	500	50	0	500	500	500	0	0	0	
2.2645767928e+02	354	5	39	3	0	500	50	0	500	500	500	0	0	0	
2.2689750611e+02	354	6	40	2	0	500	50	0	500	500	500	0	0	0	
2.2738790675e+02	354	7	41	2	0	500	50	0	500	500	500	0	0	0	
2.2792097263e+02	353	8	40	4	0	500	50	0	500	500	500	0	0	0	
2.2842281847e+02	353	8	40	4	0	500	50	0	500	500	500	0	0	0	
2.2898647906e+02	353	10	39	5	0	500	50	0	500	500	500	0	0	0	
2.2945680889e+02	355	8	35	10	0	500	50	0	500	500	500	0	0	0	
2.2991810841e+02	356	7	41	4	0	500	50	0	500	500	500	0	0	0	
2.3048174239e+02	357	6	46	1	0	500	50	0	500	500	500	0	0	0	
2.3088328809e+02	357	7	44	2	0	500	50	0	500	500	500	0	0	0	
2.3140364032e+02	358	8	43	3	0	500	50	0	500	500	500	0	0	0	
2.3199973990e+02	359	9	40	5	0	500	50	0	500	500	500	0	0	0	
2.3245045961e+02	360	7	36	8	0	500	50	0	500	500	500	0	0	0	
2.3299263361e+02	361	5	38	6	0	500	50	0	500	500	500	0	0	0	
2.3349311690e+02	361	5	40	3	0	500	50	0	500	500	500	0	0	0	
2.3395497682e+02	362	4	42	0	0	500	50	0	500	500	500	0	0	0	
2.3433589780e+02	362	4	40	1	0	500	50	0	500	500	500	0	0	0	
2.3492892045e+02	360	5	39	2	0	500	50	0	500	500	500	0	0	0	
2.3543004751e+02	361	5	42	1	0	500	50	0	500	500	500	0	0	0	
2.3578179355e+02	363	5	41	2	0	500	50	0	500	500	500	0	0	0	
2.3649597544e+02	362	6	42	1	0	500	50	0	500	500	500	0	0	0	
2.3699559283e+02	365	3	42	1	0	500	50	0	500	500	500	0	0	0	
2.3746826147e+02	366	4	39	4	0	500	50	0	500	500	500	0	0	0	
2.3797133447e+02	366	3	42	1	0	500	50	0	500	500	500	0	0	0	
2.3845141761e+02	366	4	41	1	0	500	50	0	500	500	500	0	0	0	
2.3898415127e+02	368	2	40	2	0	500	50	0	500	500	500	0	0	0	
2.3949603056e+02	370	1	39	3	0	500	50	0	500	500	500	0	0	0	
2.3992301106e+02	369	3	41	0	0	500	50	0	500	500	500	0	0	0	
2.4043337026e+02	370	3	41	1	0	500	50	0	500	500	500	0	0	0	
2.4097317516e+02	371	4	38	4	0	500	50	0	500	500	500	0	0	0	
2.4124237246e+02	371	4	40	2	0	500	50	0	500	500	500	0	0	0	
2.4192391739e+02	371	5	40	1	0	500	50	0	500	500	500	0	0	0	
2.4249813710e+02	372	5	38	3	0	500	50	0	500	500	500	0	0	0	
2.4296707133e+02	372	5	37	4	0	500	50	0	500	500	500	0	0	0	
2.4349988663e+02	373	4	37	5	0	500	50	0	500	500	500	0	0	0	
2.4399165237e+02	373	4	43	2	0	500	50	0	500	500	500	0	0	0	
2.4442328864e+02	372	3	43	1	0	500	50	0	500	500	500	0	0	0	
2.4499048118e+02	372	4	41	2	0	500	50	0	500	500	500	0	0	0	
2.4548449701e+02	372	5	39	4	0	500	50	0	500	500	500	0	0	0	
2.4597831673e+02	373	6	40	3	0	500	50	0	500	500	500	0	0	0	
2.4647406948e+02	373	10	40	4	0	500	50	0	500	500	500	0	0	0	
2.4699359158e+02	373	11	41	3	0	500	50	0	500	500	500	0	0	0	
2.4749946278e+02	376	8	40	4	0	500	50	0	500	500	500	0	0	0	
2.4798636168e+02	378	7	39	5	0	500	50	0	500	500	500	0	0	0	
2.4841221100e+02	377	8	39	5	0	500	50	0	500	500	500	0	0	0	
2.4895892816e+02	378	7	42	2	0	500	50	0	500	500	500	0	0	0	
2.4946651270e+02	381	4	45	0	0	500	50	0	500	500	500	0	0	0	
2.4986168760e+02	382	6	43	2	0	500	50	0	500	500	500	0	0	0	
2.5043715979e+02	382	6	44	0	0	500	50	0	500	500	500	0	0	0	
2.5093825191e+02	383	5	42	1	0	500	50	0	500	500	500	0	0	0	
2.5140384248e+02	384	4	42	1	0	500	50	0	500	500	500	0	0	0	
2.5193059662e+02	384	4	42	1	0	500	50	0	500	500	500	0	0	0	
2.5249642955e+02	386	4	41	2	0	500	50	0	500	500	500	0	0	0	
2.5293831671e+02	386	4	39	4	0	500	50	0	500	500	500	0	0	0	
2.5345457503e+02	386	6	41	2	0	500	50	0	500	500	500	0	0	0	
2.5398610288e+02	388	3	41	3	0	500	50	0	500	500	500	0	0	0	
2.5444460674e+02	388	3	41	3	0	500	50	0	500	500	500	0	0	0	
2.5499293208e+02	388	3	43	1	0	500	50	0	500	500	500	0	0	0	
2.5545258569e+02	389	3	41	3	0	500	50	0	500	500	500	0	0	0	
2.5595562451e+02	389	4	43	1	0	500	50	0	500	500	500	0	0	0	
2.5648851154e+02	391	2	43	1	0	500	50	0	500	500	500	0	0	0	
2.5696841882e+02	390	3	42	2	0	500	50	0	500	500	500	0	0	0	
2.5748292803e+02	392	1	42	2	0	500	50	0	500	500	500	0	0	0	
2.5788341810e+02	392	2	44	1	0	500	50	0	500	500	500	0	0	0	
2.5847939932e+02	394	3	41	4	0	500	50	0	500	500	500	0	0	0	
2.5895835675e+02	392	5	44	2	0	500	50	0	500	500	500	0	0	0	
2.5947060914e+02	394	4	44	3	0	500	50	0	500	500	500	0	0	0	
2.5998168238e+02	396	4	46	1	0	500	50	0	500	500	500	0	0	0	
2.6043883096e+02	397	6	45	2	0	500	50	0	500	500	500	0	0	0	
2.6097180920e+02	398	7	45	2	0	500	50	0	500	500	500	0	0	0	
2.6140339562e+02	399	7	44	3	0	500	50	0	500	500	500	0	0	0	
2.6196319691e+02	400	7	45	3	0	500	50	0	500	500	500	0	0	0	
2.6237529655e+02	402	7	47	2	0	500	50	0	500	500	500	0	0	0	
2.6296888736e+02	404	5	45	4	0	500	50	0	500	500	500	0	0	0	
2.6348989464e+02	404	7	41	8	0	500	50	0	500	500	500	0	0	0	
2.6395055452e+02	404	7	41	8	0	500	50	0	500	500	500	0	0	0	
2.6441726969e+02	401	9	43	6	0	500	50	0	500	500	500	0	0	0	
2.6497672390e+02	401	9	42	6	0	500	50	0	500	500	500	0	0	0	
2.6547238747e+02	401	9	41	7	0	500	50	0	500	500	500	0	0	0	
2.6599882961e+02	404	9	46	2	0	500	50	0	500	500	500	0	0	0	
2.6643564690e+02	405	8	41	7	0	500	50	0	500	500	500	0	0	0	
2.6699949998e+02	403	8	47	1	0	500	50	0	500	500	500	0	0	0	
2.6747088353e+02	406	5	47	2	0	500	50	0	500	500	500	0	0	0	
2.6796645400e+02	408	5	47	2	0	500	50	0	500	500	500	0	0	0	
2.6846893449e+02	406	6	46	3	0	500	50	0	500	500	500	0	0	0	
2.6897416344e+02	406	8	47	2	0	500	50	0	500	500	500	0	0	0	
2.6947590357e+02	405	9	45	4	0	500	50	0	500	500	500	0	0	0	
2.6996447228e+02	405	10	45	5	0	500	50	0	500	500	500	0	0	0	
2.7049464684e+02	409	9	46	4	0	500	50	0	500	500	500	0	0	0	
2.7098043316e+02	410	8	46	3	0	500	50	0	500	500	500	0	0	0	
2.7144378838e+02	410	8	45	4	0	500	50	0	500	500	500	0	0	0	
2.7191992459e+02	410	10	43	5	0	500	50	0	500	500	500	0	0	0	
2.7243938934e+02	413	9	43	6	0	500	50	0	500	500	500	0	0	0	
2.7298619330e+02	418	6	45	4	0	500	50	0	500	500	500	0	0	0	
2.7348329514e+02	420	4	48	1	0	500	50	0	500	500	500	0	0	0	
2.7399203534e+02	422	5	45	2	0	500	50	0	500	500	500	0	0	0	
2.7435591134e+02	421	6	44	4	0	500	50	0	500	500	500	0	0	0	
2.7468883860e+02	421	5	44	4	0	500	50	0	500	500	500	0	0	0	
2.7544885699e+02	422	3	46	3	0	500	50	0	500	500	500	0	0	0	
2.7589587560e+02	421	4	46	3	0	500	50	0	500	500	500	0	0	0	
2.7648698385e+02	421	4	43	5	0	500	50	0	500	500	500	0	0	0	
2.7698313802e+02	422	6	45	4	0	500	50	0	500	500	500	0	0	0	
2.7744147654e+02	424	6	47	3	0	500	50	0	500	500	500	0	0	0	
2.7775235041e+02	423	7	47	3	0	500	50	0	500	500	500	0	0	0	
2.7848190279e+02	426	5	47	3	0	500	50	0	500	500	500	0	0	0	
2.7898985407e+02	424	6	45	4	0	500	50	0	500	500	500	0	0	0	
2.7942609747e+02	427	3	45	4	0	500	50	0	500	500	500	0	0	0	
2.7999033837e+02	426	4	45	3	0	500	50	0	500	500	500	0	0	0	
2.8043354886e+02	429	2	46	2	0	500	50	0	500	500	500	0	0	0	
2.8092343716e+02	430	2	47	1	0	500	50	0	500	500	500	0	0	0	
2.8148107304e+02	431	1	43	4	0	500	50	0	500	500	500	0	0	0	
2.8193525612e+02	431	1	43	3	0	500	50	0	500	500	500	0	0	0	
2.8237777575e+02	430	2	45	1	0	500	50	0	500	500	500	0	0	0	
2.8298675925e+02	430	2	43	3	0	500	50	0	500	500	500	0	0	0	
2.8346429060e+02	430	2	45	2	0	500	50	0	500	500	500	0	0	0	
2.8398580482e+02	428	2	45	2	0	500	50	0	500	500	500	0	0	0	
2.8440998722e+02	426	4	42	5	0	500	50	0	500	500	500	0	0	0	
2.8494567905e+02	426	4	44	3	0	500	50	0	500	500	500	0	0	0	
2.8542726359e+02	429	1	45	4	0	500	50	0	500	500	500	0	0	0	
2.8599829230e+02	429	0	46	4	0	500	50	0	500	500	500	0	0	0	
2.8630986035e+02	429	1	48	2	0	500	50	0	500	500	500	0	0	0	
2.8695902442e+02	429	0	49	1	0	500	50	0	500	500	500	0	0	0	
2.8738277485e+02	429	1	48	2	0	500	50	0	500	500	500	0	0	0	
2.8799364041e+02	428	6	47	2	0	500	50	0	500	500	500	0	0	0	
2.8843414187e+02	429	6	43	6	0	500	50	0	500	500	500	0	0	0	
2.8898414373e+02	428	7	45	4	0	500	50	0	500	500	500	0	0	0	
2.8945523535e+02	428	7	44	5	0	500	50	0	500	500	500	0	0	0	
2.8999615941e+02	431	7	45	4	0	500	50	0	500	500	500	0	0	0	
2.9046992832e+02	433	6	41	8	0	500	50	0	500	500	500	0	0	0	
2.9099317497e+02	434	6	41	8	0	500	50	0	500	500	500	0	0	0	
2.9147893464e+02	434	7	47	2	0	500	50	0	500	500	500	0	0	0	
2.9199713914e+02	434	7	44	5	0	500	50	0	500	500	500	0	0	0	
2.9234265766e+02	433	10	47	2	0	500	50	0	500	500	500	0	0	0	
2.9297747638e+02	435	10	44	5	0	500	50	0	500	500	500	0	0	0	
2.9349423851e+02	438	7	43	6	0	500	50	0	500	500	500	0	0	0	
2.9399723622e+02	437	6	45	4	0	500	50	0	500	500	500	0	0	0	
2.9448867407e+02	436	6	46	4	0	500	50	0	500	500	500	0	0	0	
2.9497505643e+02	437	4	49	1	0	500	50	0	500	500	500	0	0	0	
2.9547574051e+02	436	5	45	5	0	500	50	0	500	500	500	0	0	0	
2.9599227503e+02	438	4	47	3	0	500	50	0	500	500	500	0	0	0	
2.9640198830e+02	438	6	48	1	0	500	50	0	500	500	500	0	0	0	
2.9699625543e+02	438	5	47	2	0	500	50	0	500	500	500	0	0	0	
2.9748894507e+02	439	4	47	2	0	500	50	0	500	500	500	0	0	0	
2.9797095630e+02	438	6	48	3	0	500	50	0	500	500	500	0	0	0	
2.9841065011e+02	439	5	48	3	0	500	50	0	500	500	500	0	0	0	
2.9898421218e+02	437	7	47	4	0	500	50	0	500	500	500	0	0	0	
2.9937746081e+02	437	8	49	2	0	500	50	0	500	500	500	0	0	0	
2.9997880886e+02	440	6	46	5	0	500	50	0	500	500	500	0	0	0	
3.0043733170e+02	443	3	49	2	0	500	50	0	500	500	500	0	0	0	
3.0094563784e+02	443	5	47	4	0	500	50	0	500	500	500	0	0	0	
3.0147324937e+02	446	4	47	4	0	500	50	0	500	500	500	0	0	0	
3.0197944108e+02	446	4	50	1	0	500	50	0	500	500	500	0	0	0	
3.0249821117e+02	445	4	46	5	0	500	50	0	500	500	500	0	0	0	
3.0284925866e+02	445	4	48	3	0	500	50	0	500	500	500	0	0	0	
3.0347457340e+02	446	3	45	5	0	500	50	0	500	500	500	0	0	0	
3.0388876560e+02	444	5	48	2	0	500	50	0	500	500	500	0	0	0	
3.0449342486e+02	445	5	48	2	0	500	50	0	500	500	500	0	0	0	
3.0497572672e+02	445	5	46	4	0	500	50	0	500	500	500	0	0	0	
3.0549578402e+02	446	4	46	4	0	500	50	0	500	500	500	0	0	0	
3.0592201791e+02	446	5	48	2	0	500	50	0	500	500	500	0	0	0	
3.0638608678e+02	447	5	49	1	0	500	50	0	500	500	500	0	0	0	
3.0697327722e+02	447	4	49	1	0	500	50	0	500	500	500	0	0	0	
3.0739739724e+02	448	4	49	1	0	500	50	0	500	500	500	0	0	0	
3.0791221763e+02	450	6	48	2	0	500	50	0	500	500	500	0	0	0	
3.0843173598e+02	450	6	45	5	0	500	50	0	500	500	500	0	0	0	
3.0895673915e+02	450	7	43	7	0	500	50	0	500	500	500	0	0	0	
3.0943687277e+02	450	7	46	4	0	500	50	0	500	500	500	0	0	0	
3.0995890866e+02	450	8	47	3	0	500	50	0	500	500	500	0	0	0	
3.1043254844e+02	451	6	46	5	0	500	50	0	500	500	500	0	0	0	
3.1096620431e+02	453	8	48	3	0	500	50	0	500	500	500	0	0	0	
3.1143941214e+02	454	8	47	4	0	500	50	0	500	500	500	0	0	0	
3.1199394269e+02	453	8	46	6	0	500	50	0	500	500	500	0	0	0	
3.1249551515e+02	454	7	44	8	0	500	50	0	500	500	500	0	0	0	
3.1298932295e+02	453	9	47	5	0	500	50	0	500	500	500	0	0	0	
3.1348907838e+02	454	8	46	5	0	500	50	0	500	500	500	0	0	0	
3.1398516536e+02	455	7	50	1	0	500	50	0	500	500	500	0	0	0	
3.1449960965e+02	456	10	46	5	0	500	50	0	500	500	500	0	0	0	
3.1498535174e+02	458	8	50	2	0	500	50	0	500	500	500	0	0	0	
3.1546807757e+02	459	8	44	8	0	500	50	0	500	500	500	0	0	0	
3.1598929318e+02	455	10	46	6	0	500	50	0	500	500	500	0	0	0	
3.1645321106e+02	457	9	50	2	0	500	50	0	500	500	500	0	0	0	
3.1698780452e+02	459	7	48	4	0	500	50	0	500	500	500	0	0	0	
3.1749743968e+02	459	7	49	3	0	500	50	0	500	500	500	0	0	0	
3.1799601765e+02	462	5	45	6	0	500	50	0	500	500	500	0	0	0	
3.1845718569e+02	460	5	49	1	0	500	50	0	500	500	500	0	0	0	
3.1894633035e+02	461	5	47	3	0	500	50	0	500	500	500	0	0	0	
3.1947135108e+02	459	9	46	4	0	500	50	0	500	500	500	0	0	0	
3.1998289700e+02	461	6	43	7	0	500	50	0	500	500	500	0	0	0	
3.2046321283e+02	459	7	44	6	0	500	50	0	500	500	500	0	0	0	
3.2096865738e+02	460	7	46	4	0	500	50	0	500	500	500	0	0	0	
3.2147351578e+02	459	8	47	3	0	500	50	0	500	500	500	0	0	0	
3.2191711791e+02	458	11	47	4	0	500	50	0	500	500	500	0	0	0	
3.2231378104e+02	461	8	50	2	0	500	50	0	500	500	500	0	0	0	
3.2291483652e+02	462	7	46	6	0	500	50	0	500	500	500	0	0	0	
3.2348737060e+02	463	6	49	1	0	500	50	0	500	500	500	0	0	0	
3.2396572694e+02	465	6	47	3	0	500	50	0	500	500	500	0	0	0	
3.2445970893e+02	464	7	44	5	0	500	50	0	500	500	500	0	0	0	
3.2497305446e+02	467	5	45	4	0	500	50	0	500	500	500	0	0	0	
3.2549272240e+02	466	7	44	3	0	500	50	0	500	500	500	0	0	0	
3.2598532877e+02	467	7	46	1	0	500	50	0	500	500	500	0	0	0	
3.2644979675e+02	465	8	46	1	0	500	50	0	500	500	500	0	0	0	
3.2698593965e+02	467	5	44	3	0	500	50	0	500	500	500	0	0	0	
3.2737500104e+02	470	3	44	3	0	500	50	0	500	500	500	0	0	0	
3.2795570611e+02	470	4	45	2	0	500	50	0	500	500	500	0	0	0	
3.2839992306e+02	469	4	45	3	0	500	50	0	500	500	500	0	0	0	
3.2888167525e+02	471	4	44	4	0	500	50	0	500	500	500	0	0	0	
3.2945362663e+02	470	5	44	2	0	500	50	0	500	500	500	0	0	0	
3.2999361647e+02	470	5	42	4	0	500	50	0	500	500	500	0	0	0	
3.3042186038e+02	469	7	42	4	0	500	50	0	500	500	500	0	0	0	
3.3094902921e+02	471	5	43	3	0	500	50	0	500	500	500	0	0	0	
3.3145630782e+02	472	5	44	2	0	500	50	0	500	500	500	0	0	0	
3.3199734027e+02	474	4	42	4	0	500	50	0	500	500	500	0	0	0	
3.3246960373e+02	474	5	46	0	0	500	50	0	500	500	500	0	0	0	
3.3295112903e+02	476	4	45	0	0	500	50	0	500	500	500	0	0	0	
3.3347940377e+02	476	4	46	1	0	500	50	0	500	500	500	0	0	0	
3.3399551037e+02	479	2	43	5	0	500	50	0	500	500	500	0	0	0	
3.3449080290e+02	477	4	48	1	0	500	50	0	500	500	500	0	0	0	
3.3499209838e+02	479	3	47	2	0	500	50	0	500	500	500	0	0	0	
3.3541857354e+02	479	3	48	3	0	500	50	0	500	500	500	0	0	0	
3.3599185266e+02	482	1	49	1	0	500	50	0	500	500	500	0	0	0	
3.3646879331e+02	482	1	50	0	0	500	50	0	500	500	500	0	0	0	
3.3699108442e+02	482	3	48	3	0	500	50	0	500	500	500	0	0	0	
3.3748815548e+02	482	3	50	1	0	500	50	0	500	500	500	0	0	0	
3.3793062036e+02	483	3	48	3	0	500	50	0	500	500	500	0	0	0	
3.3844909364e+02	482	3	47	3	0	500	50	0	500	500	500	0	0	0	
3.3898664927e+02	483	4	46	5	0	500	50	0	500	500	500	0	0	0	
3.3949138915e+02	483	5	49	3	0	500	50	0	500	500	500	0	0	0	
3.3999866860e+02	483	6	49	4	0	500	50	0	500	500	500	0	0	0	
3.4049807514e+02	483	10	47	6	0	500	50	0	500	500	500	0	0	0	
3.4099611877e+02	484	13	51	3	0	500	50	0	500	500	500	0	0	0	
3.4149262753e+02	487	10	50	3	0	500	50	0	500	500	500	0	0	0	
3.4193282351e+02	489	8	48	4	0	500	50	0	500	500	500	0	0	0	
3.4248883571e+02	489	8	49	3	0	500	50	0	500	500	500	0	0	0	
3.4299328886e+02	487	12	47	6	0	500	50	0	500	500	500	0	0	0	
3.4349589777e+02	487	14	41	11	0	500	50	0	500	500	500	0	0	0	
3.4392715768e+02	490	11	44	8	0	500	50	0	500	500	500	0	0	0	
3.4445423175e+02	492	11	49	3	0	500	50	0	500	500	500	0	0	0	
3.4499923300e+02	494	9	45	8	0	500	50	0	500	500	500	0	0	0	
3.4549538142e+02	493	9	49	4	0	500	50	0	500	500	500	0	0	0	
3.4595376250e+02	493	9	50	3	0	500	50	0	500	500	500	0	0	0	
3.4643451193e+02	493	8	52	2	0	500	50	0	500	500	500	0	0	0	
3.4698835023e+02	495	5	50	4	0	500	50	0	500	500	500	0	0	0	
3.4740325541e+02	496	4	50	4	0	500	50	0	500	500	500	0	0	0	
3.4798055455e+02	498	3	50	3	0	500	50	0	500	500	500	0	0	0	
3.4834255620e+02	497	4	51	3	0	500	50	0	500	500	500	0	0	0	
3.4894939528e+02	498	4	48	7	0	500	50	0	500	500	500	0	0	0	
3.4931133222e+02	499	3	49	5	0	500	50	0	500	500	500	0	0	0	
3.4990715873e+02	500	2	51	5	0	500	50	0	500	500	500	0	0	0	
3.5045867054e+02	500	3	56	1	0	500	50	0	500	500	500	0	0	0	
3.5084250299e+02	502	2	56	1	0	500	50	0	500	500	500	0	0	0	
3.5133731260e+02	504	0	54	3	0	500	50	0	500	500	500	0	0	0	
3.5194771615e+02	504	2	56	2	0	500	50	0	500	500	500	0	0	0	
3.5240242875e+02	505	2	55	2	0	500	50	0	500	500	500	0	0	0	
3.5299915996e+02	502	4	51	5	0	500	50	0	500	500	500	0	0	0	
3.5344752588e+02	503	3	52	4	0	500	50	0	500	500	500	0	0	0	
3.5398149941e+02	503	3	55	1	0	500	50	0	500	500	500	0	0	0	
3.5448611978e+02	502	6	53	3	0	500	50	0	500	500	500	0	0	0	
3.5499104049e+02	503	7	55	2	0	500	50	0	500	500	500	0	0	0	
3.5545559215e+02	505	5	53	4	0	500	50	0	500	500	500	0	0	0	
3.5597611854e+02	506	5	55	2	0	500	50	0	500	500	500	0	0	0	
3.5647506607e+02	504	6	50	7	0	500	50	0	500	500	500	0	0	0	
3.5698656799e+02	504	6	51	6	0	500	50	0	500	500	500	0	0	0	
3.5749946484e+02	503	9	52	4	0	500	50	0	500	500	500	0	0	0	
3.5799812068e+02	506	7	51	6	0	500	50	0	500	500	500	0	0	0	
3.5848987226e+02	507	7	52	5	0	500	50	0	500	500	500	0	0	0	
3.5892350122e+02	506	9	51	6	0	500	50	0	500	500	500	0	0	0	
3.5947264865e+02	506	9	54	3	0	500	50	0	500	500	500	0	0	0	
3.5995505250e+02	508	8	54	3	0	500	50	0	500	500	500	0	0	0	
3.6035523126e+02	508	9	56	1	0	500	50	0	500	500	500	0	0	0	
3.6099624884e+02	508	9	55	2	0	500	50	0	500	500	500	0	0	0	
3.6149772742e+02	512	5	52	5	0	500	50	0	500	500	500	0	0	0	
3.6196239826e+02	512	5	49	8	0	500	50	0	500	500	500	0	0	0	
3.6247769878e+02	513	5	48	9	0	500	50	0	500	500	500	0	0	0	
3.6298944960e+02	514	5	48	9	0	500	50	0	500	500	500	0	0	0	
3.6347070407e+02	513	6	49	8	0	500	50	0	500	500	500	0	0	0	
3.6399960017e+02	510	8	47	10	0	500	50	0	500	500	500	0	0	0	
3.6448256584e+02	511	7	50	7	0	500	50	0	500	500	500	0	0	0	
3.6498394931e+02	511	6	57	1	0	500	50	0	500	500	500	0	0	0	
3.6549477314e+02	513	5	56	2	0	500	50	0	500	500	500	0	0	0	
3.6599506852e+02	514	5	56	2	0	500	50	0	500	500	500	0	0	0	
3.6644868563e+02	514	6	54	3	0	500	50	0	500	500	500	0	0	0	
3.6698514392e+02	514	7	51	7	0	500	50	0	500	500	500	0	0	0	
3.6748638196e+02	515	8	54	5	0	500	50	0	500	500	500	0	0	0	
3.6799508198e+02	515	7	54	4	0	500	50	0	500	500	500	0	0	0	
3.6848581384e+02	518	4	53	5	0	500	50	0	500	500	500	0	0	0	
3.6899817302e+02	513	8	51	7	0	500	50	0	500	500	500	0	0	0	
3.6949644527e+02	514	6	52	6	0	500	50	0	500	500	500	0	0	0	
3.6999865077e+02	514	7	53	5	0	500	50	0	500	500	500	0	0	0	
3.7044200940e+02	518	3	52	6	0	500	50	0	500	500	500	0	0	0	
3.7095137572e+02	517	5	53	5	0	500	50	0	500	500	500	0	0	0	
3.7147701922e+02	516	5	55	4	0	500	50	0	500	500	500	0	0	0	
3.7189820601e+02	516	4	54	4	0	500	50	0	500	500	500	0	0	0	
3.7249530438e+02	519	3	54	3	0	500	50	0	500	500	500	0	0	0	
3.7296956110e+02	519	5	52	5	0	500	50	0	500	500	500	0	0	0	
3.7347645980e+02	519	5	49	7	0	500	50	0	500	500	500	0	0	0	
3.7394057961e+02	519	6	47	9	0	500	50	0	500	500	500	0	0	0	
3.7448761758e+02	513	10	45	11	0	500	50	0	500	500	500	0	0	0	
3.7499042429e+02	513	10	48	7	0	500	50	0	500	500	500	0	0	0	
3.7549173999e+02	515	8	49	6	0	500	50	0	500	500	500	0	0	0	
3.7599876372e+02	518	9	50	5	0	500	50	0	500	500	500	0	0	0	
3.7640717686e+02	521	7	52	3	0	500	50	0	500	500	500	0	0	0	
3.7698473082e+02	523	6	54	1	0	500	50	0	500	500	500	0	0	0	
3.7744070220e+02	522	7	52	3	0	500	50	0	500	500	500	0	0	0	
3.7797628875e+02	522	7	53	2	0	500	50	0	500	500	500	0	0	0	
3.7848989380e+02	524	11	47	8	0	500	50	0	500	500	500	0	0	0	
3.7897627569e+02	523	9	48	6	0	500	50	0	500	500	500	0	0	0	
3.7946392692e+02	526	6	49	5	0	500	50	0	500	500	500	0	0	0	
3.7996935562e+02	527	7	52	2	0	500	50	0	500	500	500	0	0	0	
3.8049746944e+02	528	7	48	6	0	500	50	0	500	500	500	0	0	0	
3.8098080965e+02	531	6	48	6	0	500	50	0	500	500	500	0	0	0	
3.8149161053e+02	532	6	47	7	0	500	50	0	500	500	500	0	0	0	
3.8198745413e+02	533	5	49	5	0	500	50	0	500	500	500	0	0	0	
3.8247793058e+02	532	6	50	5	0	500	50	0	500	500	500	0	0	0	
3.8298756106e+02	534	4	53	3	0	500	50	0	500	500	500	0	0	0	
3.8348432855e+02	534	4	53	3	0	500	50	0	500	500	500	0	0	0	
3.8397453983e+02	536	2	52	4	0	500	50	0	500	500	500	0	0	0	
3.8449365527e+02	534	1	49	7	0	500	50	0	500	500	500	0	0	0	
3.8473587577e+02	535	0	56	0	0	500	50	0	500	500	500	0	0	0	
3.8548069883e+02	535	1	52	4	0	500	50	0	500	500	500	0	0	0	
3.8592948882e+02	535	1	55	2	0	500	50	0	500	500	500	0	0	0	
3.8648574040e+02	533	3	51	6	0	500	50	0	500	500	500	0	0	0	
3.8699405789e+02	533	4	51	5	0	500	50	0	500	500	500	0	0	0	
3.8749841429e+02	529	9	52	4	0	500	50	0	500	500	500	0	0	0	
3.8798782247e+02	532	5	53	3	0	500	50	0	500	500	500	0	0	0	
3.8848983732e+02	534	3	54	2	0	500	50	0	500	500	500	0	0	0	
3.8898424688e+02	531	6	51	5	0	500	50	0	500	500	500	0	0	0	
3.8944351748e+02	529	10	48	8	0	500	50	0	500	500	500	0	0	0	
3.8999486618e+02	530	9	52	4	0	500	50	0	500	500	500	0	0	0	
3.9049242961e+02	534	5	55	0	0	500	50	0	500	500	500	0	0	0	
3.9097144155e+02	535	4	52	3	0	500	50	0	500	500	500	0	0	0	
3.9149666924e+02	535	4	53	2	0	500	50	0	500	500	500	0	0	0	
3.9199585476e+02	537	3	51	5	0	500	50	0	500	500	500	0	0	0	
3.9248490073e+02	538	4	56	3	0	500	50	0	500	500	500	0	0	0	
3.9299819391e+02	540	2	57	2	0	500	50	0	500	500	500	0	0	0	
3.9347888063e+02	540	5	52	7	0	500	50	0	500	500	500	0	0	0	
3.9397585362e+02	539	6	55	4	0	500	50	0	500	500	500	0	0	0	
3.9449459452e+02	541	4	55	4	0	500	50	0	500	500	500	0	0	0	
3.9496859589e+02	541	5	58	1	0	500	50	0	500	500	500	0	0	0	
3.9548468334e+02	544	5	55	4	0	500	50	0	500	500	500	0	0	0	
3.9598468501e+02	546	4	51	7	0	500	50	0	500	500	500	0	0	0	
3.9645532456e+02	546	6	55	3	0	500	50	0	500	500	500	0	0	0	
3.9697689909e+02	547	7	56	2	0	500	50	0	500	500	500	0	0	0	
3.9748757510e+02	549	6	55	3	0	500	50	0	500	500	500	0	0	0	
3.9793571182e+02	550	8	52	6	0	500	50	0	500	500	500	0	0	0	
3.9849826073e+02	551	8	52	6	0	500	50	0	500	500	500	0	0	0	
3.9895840253e+02	550	9	54	5	0	500	50	0	500	500	500	0	0	0	
3.9948254125e+02	548	10	54	6	0	500	50	0	500	500	500	0	0	0	
3.9993857771e+02	549	8	55	5	0	500	50	0	500	500	500	0	0	0	
4.0049566749e+02	550	7	57	3	0	500	50	0	500	500	500	0	0	0	
4.0087953394e+02	551	6	58	3	0	500	50	0	500	500	500	0	0	0	
4.0148837790e+02	550	6	55	6	0	500	50	0	500	500	500	0	0	0	
4.0193013732e+02	551	7	57	3	0	500	50	0	500	500	500	0	0	0	
4.0249509751e+02	551	9	56	4	0	500	50	0	500	500	500	0	0	0	
4.0297394681e+02	554	8	55	4	0	500	50	0	500	500	500	0	0	0	
4.0342771608e+02	555	7	60	1	0	500	50	0	500	500	500	0	0	0	
4.0391862661e+02	554	7	57	3	0	500	50	0	500	500	500	0	0	0	
4.0449000806e+02	556	6	55	6	0	500	50	0	500	500	500	0	0	0	
4.0494023302e+02	555	7	58	4	0	500	50	0	500	500	500	0	0	0	
4.0547797557e+02	556	9	56	6	0	500	50	0	500	500	500	0	0	0	
4.0584579250e+02	557	9	54	7	0	500	50	0	500	500	500	0	0	0	
4.0649726135e+02	557	10	54	7	0	500	50	0	500	500	500	0	0	0	
4.0697030558e+02	553	13	54	7	0	500	50	0	500	500	500	0	0	0	
4.0746405495e+02	555	15	56	4	0	500	50	0	500	500	500	0	0	0	
4.0799374106e+02	557	14	58	3	0	500	50	0	500	500	500	0	0	0	
4.0849401266e+02	561	10	53	8	0	500	50	0	500	500	500	0	0	0	
4.0897057898e+02	562	9	57	3	0	500	50	0	500	500	500	0	0	0	
4.0946447173e+02	560	11	54	8	0	500	50	0	500	500	500	0	0	0	
4.0998440293e+02	561	13	56	6	0	500	50	0	500	500	500	0	0	0	
4.1046280637e+02	568	10	58	4	0	500	50	0	500	500	500	0	0	0	
4.1099066867e+02	571	9	59	3	0	500	50	0	500	500	500	0	0	0	
4.1147697653e+02	571	10	60	3	0	500	50	0	500	500	500	0	0	0	
4.1197685421e+02	571	10	60	3	0	500	50	0	500	500	500	0	0	0	
4.1249038835e+02	570	10	57	5	0	500	50	0	500	500	500	0	0	0	
4.1295555410e+02	568	11	55	7	0	500	50	0	500	500	500	0	0	0	
4.1348935127e+02	567	10	54	7	0	500	50	0	500	500	500	0	0	0	
4.1399178245e+02	567	8	57	4	0	500	50	0	500	500	500	0	0	0	
4.1447960035e+02	569	7	56	6	0	500	50	0	500	500	500	0	0	0	
4.1491963843e+02	569	7	56	5	0	500	50	0	500	500	500	0	0	0	
4.1540626797e+02	574	5	57	3	0	500	50	0	500	500	500	0	0	0	
4.1599511692e+02	571	10	55	5	0	500	50	0	500	500	500	0	0	0	
4.1648722898e+02	573	8	52	8	0	500	50	0	500	500	500	0	0	0	
4.1697180337e+02	572	7	57	4	0	500	50	0	500	500	500	0	0	0	
4.1744068379e+02	574	7	59	2	0	500	50	0	500	500	500	0	0	0	
4.1798660289e+02	575	7	54	8	0	500	50	0	500	500	500	0	0	0	
4.1845098084e+02	575	6	59	3	0	500	50	0	500	500	500	0	0	0	
4.1895794562e+02	576	7	56	5	0	500	50	0	500	500	500	0	0	0	
4.1948532284e+02	575	9	55	7	0	500	50	0	500	500	500	0	0	0	
4.1997704783e+02	574	9	57	5	0	500	50	0	500	500	500	0	0	0	
4.2045504811e+02	574	9	57	5	0	500	50	0	500	500	500	0	0	0	
4.2097677990e+02	574	9	57	5	0	500	50	0	500	500	500	0	0	0	
4.2149704142e+02	576	7	57	6	0	500	50	0	500	500	500	0	0	0	
4.2197265329e+02	577	7	55	7	0	500	50	0	500	500	500	0	0	0	
4.2247162479e+02	579	6	55	8	0	500	50	0	500	500	500	0	0	0	
4.2296373963e+02	579	6	57	6	0	500	50	0	500	500	500	0	0	0	
4.2348110647e+02	578	9	60	3	0	500	50	0	500	500	500	0	0	0	
4.2399904394e+02	578	8	60	3	0	500	50	0	500	500	500	0	0	0	
4.2444506497e+02	580	9	61	2	0	500	50	0	500	500	500	0	0	0	
4.2496092663e+02	580	9	61	3	0	500	50	0	500	500	500	0	0	0	
4.2542676343e+02	582	8	58	6	0	500	50	0	500	500	500	0	0	0	
4.2597678865e+02	582	9	58	6	0	500	50	0	500	500	500	0	0	0	
4.2647198645e+02	583	9	63	1	0	500	50	0	500	500	500	0	0	0	
4.2696952043e+02	586	6	61	4	0	500	50	0	500	500	500	0	0	0	
4.2747845761e+02	589	6	56	9	0	500	50	0	500	500	500	0	0	0	
4.2799534114e+02	585	11	57	7	0	500	50	0	500	500	500	0	0	0	
4.2848671377e+02	582	12	51	13	0	500	50	0	500	500	500	0	0	0	
4.2899726459e+02	587	9	57	7	0	500	50	0	500	500	500	0	0	0	
4.2945026699e+02	589	8	62	3	0	500	50	0	500	500	500	0	0	0	
4.2994511411e+02	590	8	62	4	0	500	50	0	500	500	500	0	0	0	
4.3046806413e+02	591	8	63	3	0	500	50	0	500	500	500	0	0	0	
4.3098570206e+02	592	5	59	6	0	500	50	0	500	500	500	0	0	0	
4.3147568855e+02	593	6	60	5	0	500	50	0	500	500	500	0	0	0	
4.3198857536e+02	595	4	62	2	0	500	50	0	500	500	500	0	0	0	
4.3248926500e+02	596	2	60	3	0	500	50	0	500	500	500	0	0	0	
4.3289986656e+02	598	0	57	6	0	500	50	0	500	500	500	0	0	0	
4.3349305169e+02	597	2	58	5	0	500	50	0	500	500	500	0	0	0	
4.3394197547e+02	597	4	61	3	0	500	50	0	500	500	500	0	0	0	
4.3445468367e+02	598	5	61	3	0	500	50	0	500	500	500	0	0	0	
4.3499882502e+02	599	5	63	1	0	500	50	0	500	500	500	0	0	0	
4.3544759742e+02	598	7	57	7	0	500	50	0	500	500	500	0	0	0	
4.3593451044e+02	597	7	57	6	0	500	50	0	500	500	500	0	0	0	
4.3648590498e+02	597	8	63	1	0	500	50	0	500	500	500	0	0	0	
4.3699978499e+02	597	5	62	2	0	500	50	0	500	500	500	0	0	0	
4.3749882347e+02	597	5	60	4	0	500	50	0	500	500	500	0	0	0	
4.3799149389e+02	596	5	59	3	0	500	50	0	500	500	500	0	0	0	
4.3849989804e+02	598	4	60	2	0	500	50	0	500	500	500	0	0	0	
4.3899008202e+02	596	5	59	3	0	500	50	0	500	500	500	0	0	0	
4.3949429464e+02	596	5	60	2	0	500	50	0	500	500	500	0	0	0	
4.3983940214e+02	595	7	59	3	0	500	50	0	500	500	500	0	0	0	
4.4049925716e+02	596	8	53	8	0	500	50	0	500	500	500	0	0	0	
4.4098653919e+02	595	9	54	7	0	500	50	0	500	500	500	0	0	0	
4.4148637406e+02	595	10	49	12	0	500	50	0	500	500	500	0	0	0	
4.4195721776e+02	593	10	51	8	0	500	50	0	500	500	500	0	0	0	
4.4249595948e+02	595	11	52	7	0	500	50	0	500	500	500	0	0	0	
4.4298547356e+02	595	11	58	1	0	500	50	0	500	500	500	0	0	0	
4.4347718377e+02	597	10	58	1	0	500	50	0	500	500	500	0	0	0	
4.4399263977e+02	597	9	55	4	0	500	50	0	500	500	500	0	0	0	
4.4446183892e+02	600	9	51	7	0	500	50	0	500	500	500	0	0	0	
4.4499423421e+02	597	12	48	10	0	500	50	0	500	500	500	0	0	0	
4.4548882441e+02	596	13	48	9	0	500	50	0	500	500	500	0	0	0	
4.4599252665e+02	601	8	52	5	0	500	50	0	500	500	500	0	0	0	
4.4648561172e+02	603	8	49	8	0	500	50	0	500	500	500	0	0	0	
4.4699288857e+02	606	9	49	8	0	500	50	0	500	500	500	0	0	0	
4.4749417852e+02	603	10	51	6	0	500	50	0	500	500	500	0	0	0	
4.4799039383e+02	606	10	55	2	0	500	50	0	500	500	500	0	0	0	
4.4847531617e+02	606	9	53	5	0	500	50	0	500	500	500	0	0	0	
4.4898998880e+02	604	9	51	6	0	500	50	0	500	500	500	0	0	0	
4.4949101564e+02	606	9	50	7	0	500	50	0	500	500	500	0	0	0	
4.4997720920e+02	607	8	49	8	0	500	50	0	500	500	500	0	0	0	
4.5047350426e+02	604	11	50	7	0	500	50	0	500	500	500	0	0	0	
4.5099933584e+02	602	12	51	7	0	500	50	0	500	500	500	0	0	0	
4.5147122525e+02	603	13	50	8	0	500	50	0	500	500	500	0	0	0	
4.5198381172e+02	607	9	50	8	0	500	50	0	500	500	500	0	0	0	
4.5249743038e+02	607	10	46	11	0	500	50	0	500	500	500	0	0	0	
4.5299619632e+02	611	7	46	8	0	500	50	0	500	500	500	0	0	0	
4.5349497674e+02	612	8	48	7	0	500	50	0	500	500	500	0	0	0	
4.5398130417e+02	612	8	52	5	0	500	50	0	500	500	500	0	0	0	
4.5449465255e+02	614	7	50	6	0	500	50	0	500	500	500	0	0	0	
4.5494505351e+02	614	9	51	5	0	500	50	0	500	500	500	0	0	0	
4.5545422684e+02	611	10	49	8	0	500	50	0	500	500	500	0	0	0	
4.5599275305e+02	609	11	51	6	0	500	50	0	500	500	500	0	0	0	
4.5648091471e+02	610	12	44	12	0	500	50	0	500	500	500	0	0	0	
4.5699304954e+02	611	12	47	9	0	500	50	0	500	500	500	0	0	0	
4.5749857243e+02	612	10	49	6	0	500	50	0	500	500	500	0	0	0	
4.5796900360e+02	612	9	53	2	0	500	50	0	500	500	500	0	0	0	
4.5848956894e+02	613	8	48	7	0	500	50	0	500	500	500	0	0	0	
4.5899771917e+02	610	7	53	2	0	500	50	0	500	500	500	0	0	0	
4.5949782462e+02	612	7	54	2	0	500	50	0	500	500	500	0	0	0	
4.5998856054e+02	613	9	51	5	0	500	50	0	500	500	500	0	0	0	
4.6049533278e+02	614	8	50	6	0	500	50	0	500	500	500	0	0	0	
4.6098256137e+02	612	11	51	5	0	500	50	0	500	500	500	0	0	0	
4.6147568808e+02	612	12	48	9	0	500	50	0	500	500	500	0	0	0	
4.6199705439e+02	611	12	46	10	0	500	50	0	500	500	500	0	0	0	
4.6249890880e+02	616	9	51	5	0	500	50	0	500	500	500	0	0	0	
4.6298231926e+02	616	9	54	2	0	500	50	0	500	500	500	0	0	0	
4.6338771297e+02	618	7	52	4	0	500	50	0	500	500	500	0	0	0	
4.6396766797e+02	617	7	50	6	0	500	50	0	500	500	500	0	0	0	
4.6446959305e+02	620	5	54	2	0	500	50	0	500	500	500	0	0	0	
4.6497472497e+02	616	9	50	7	0	500	50	0	500	500	500	0	0	0	
4.6547244319e+02	618	8	55	2	0	500	50	0	500	500	500	0	0	0	
4.6596523362e+02	618	8	54	3	0	500	50	0	500	500	500	0	0	0	
4.6642630071e+02	621	5	55	3	0	500	50	0	500	500	500	0	0	0	
4.6696556706e+02	620	5	52	6	0	500	50	0	500	500	500	0	0	0	
4.6746458925e+02	618	7	51	6	0	500	50	0	500	500	500	0	0	0	
4.6798242288e+02	617	8	54	3	0	500	50	0	500	500	500	0	0	0	
4.6839803596e+02	619	5	56	3	0	500	50	0	500	500	500	0	0	0	
4.6897810560e+02	619	6	56	2	0	500	50	0	500	500	500	0	0	0	
4.6948696242e+02	620	8	52	5	0	500	50	0	500	500	500	0	0	0	
4.6999502237e+02	621	9	56	1	0	500	50	0	500	500	500	0	0	0	
4.7041469397e+02	623	7	54	3	0	500	50	0	500	500	500	0	0	0	
4.7099767937e+02	624	7	50	7	0	500	50	0	500	500	500	0	0	0	
4.7149882823e+02	629	2	54	3	0	500	50	0	500	500	500	0	0	0	
4.7180824220e+02	629	2	55	3	0	500	50	0	500	500	500	0	0	0	
4.7249912962e+02	628	5	52	7	0	500	50	0	500	500	500	0	0	0	
4.7299631796e+02	626	7	53	6	0	500	50	0	500	500	500	0	0	0	
4.7349896935e+02	630	4	54	5	0	500	50	0	500	500	500	0	0	0	
4.7389886269e+02	632	4	55	4	0	500	50	0	500	500	500	0	0	0	
4.7448626707e+02	633	3	55	4	0	500	50	0	500	500	500	0	0	0	
4.7492454717e+02	633	8	56	3	0	500	50	0	500	500	500	0	0	0	
4.7549937114e+02	633	9	54	5	0	500	50	0	500	500	500	0	0	0	
4.7599174884e+02	634	11	51	7	0	500	50	0	500	500	500	0	0	0	
4.7648605042e+02	635	10	50	8	0	500	50	0	500	500	500	0	0	0	
4.7695357699e+02	638	8	51	7	0	500	50	0	500	500	500	0	0	0	
4.7748986686e+02	636	8	55	4	0	500	50	0	500	500	500	0	0	0	
4.7799862038e+02	636	9	53	6	0	500	50	0	500	500	500	0	0	0	
4.7847987421e+02	640	5	52	7	0	500	50	0	500	500	500	0	0	0	
4.7899623649e+02	639	8	54	5	0	500	50	0	500	500	500	0	0	0	
4.7949589659e+02	637	11	53	5	0	500	50	0	500	500	500	0	0	0	
4.7998991864e+02	638	10	49	9	0	500	50	0	500	500	500	0	0	0	
4.8044520371e+02	641	9	53	6	0	500	50	0	500	500	500	0	0	0	
4.8099641913e+02	641	7	51	8	0	500	50	0	500	500	500	0	0	0	
4.8147898526e+02	642	8	52	6	0	500	50	0	500	500	500	0	0	0	
4.8199454558e+02	642	8	53	5	0	500	50	0	500	500	500	0	0	0	
4.8235375284e+02	642	10	55	3	0	500	50	0	500	500	500	0	0	0	
4.8298167742e+02	639	12	51	7	0	500	50	0	500	500	500	0	0	0	
4.8348997391e+02	641	9	46	12	0	500	50	0	500	500	500	0	0	0	
4.8398519225e+02	642	9	42	16	0	500	50	0	500	500	500	0	0	0	
4.8448212116e+02	640	11	54	3	0	500	50	0	500	500	500	0	0	0	
4.8499822013e+02	640	12	53	5	0	500	50	0	500	500	500	0	0	0	
4.8549428831e+02	643	12	46	12	0	500	50	0	500	500	500	0	0	0	
4.8599634212e+02	644	12	51	7	0	500	50	0	500	500	500	0	0	0	
4.8649957930e+02	643	11	47	11	0	500	50	0	500	500	500	0	0	0	
4.8698306084e+02	647	6	52	7	0	500	50	0	500	500	500	0	0	0	
4.8744235944e+02	648	9	57	3	0	500	50	0	500	500	500	0	0	0	
4.8799925592e+02	648	9	50	9	0	500	50	0	500	500	500	0	0	0	
4.8847289401e+02	645	12	57	2	0	500	50	0	500	500	500	0	0	0	
4.8895767714e+02	646	10	57	2	0	500	50	0	500	500	500	0	0	0	
4.8948149169e+02	647	11	57	2	0	500	50	0	500	500	500	0	0	0	
4.8999707119e+02	650	9	55	4	0	500	50	0	500	500	500	0	0	0	
4.9049039853e+02	650	8	51	8	0	500	50	0	500	500	500	0	0	0	
4.9097661073e+02	652	5	53	6	0	500	50	0	500	500	500	0	0	0	
4.9148723101e+02	652	4	54	4	0	500	50	0	500	500	500	0	0	0	
4.9196127459e+02	653	4	54	4	0	500	50	0	500	500	500	0	0	0	
4.9249972830e+02	655	2	57	2	0	500	50	0	500	500	500	0	0	0	
4.9292648748e+02	655	3	54	5	0	500	50	0	500	500	500	0	0	0	
4.9348917522e+02	653	4	54	5	0	500	50	0	500	500	500	0	0	0	
4.9399386377e+02	655	3	55	3	0	500	50	0	500	500	500	0	0	0	
4.9448332938e+02	654	4	54	4	0	500	50	0	500	500	500	0	0	0	
4.9497773524e+02	655	2	54	3	0	500	50	0	500	500	500	0	0	0	
4.9549603893e+02	653	2	56	1	0	500	50	0	500	500	500	0	0	0	
4.9597366777e+02	652	3	53	4	0	500	50	0	500	500	500	0	0	0	
4.9645991646e+02	653	3	53	4	0	500	50	0	500	500	500	0	0	0	
4.9699008354e+02	653	4	52	5	0	500	50	0	500	500	500	0	0	0	
4.9749262472e+02	652	5	54	4	0	500	50	0	500	500	500	0	0	0	
4.9799122698e+02	652	6	53	5	0	500	50	0	500	500	500	0	0	0	
4.9847592055e+02	651	8	52	5	0	500	50	0	500	500	500	0	0	0	
4.9893569822e+02	653	7	53	4	0	500	50	0	500	500	500	0	0	0	
4.9947996829e+02	652	7	50	7	0	500	50	0	500	500	500	0	0	0	
4.9990380156e+02	656	3	53	5	0	500	50	0	500	500	500	0	0	0	
5.0003102275e+02	656	3	54	4	0	500	50	0	500	500	500	0	0	0	
