0.0000000000e+00	0	0	0	0	0	500	50	0	500	500	0	0	0	0	
4.8767620583e-01	0	3	1	0	2	498	50	0	500	500	0	0	0	0	
9.9216332099e-01	1	4	1	0	3	497	50	0	500	500	0	0	0	0	
1.4591903475e+00	2	3	1	0	1	499	50	0	500	500	0	0	0	0	
1.9831152490e+00	4	1	1	0	4	496	50	0	500	500	0	0	0	0	
2.4848620492e+00	4	2	1	0	2	498	50	0	500	500	0	0	0	0	
2.9884594290e+00	4	3	3	0	1	499	50	0	500	500	0	0	0	0	
3.3393472380e+00	4	3	3	0	1	499	50	0	500	500	0	0	0	0	
3.9461911128e+00	4	3	3	0	2	498	50	0	500	500	0	0	0	0	
4.4223747249e+00	4	3	3	0	0	500	50	0	500	500	0	0	0	0	
4.9627993334e+00	4	6	3	0	1	499	50	0	500	500	0	0	0	0	
5.4474809259e+00	6	5	3	0	0	500	50	0	500	500	0	0	0	0	
5.9756703841e+00	6	6	3	0	2	498	50	0	500	500	0	0	0	0	
6.4447095028e+00	9	4	3	0	1	499	50	0	500	500	0	0	0	0	
6.9954013339e+00	9	4	3	0	0	500	50	0	500	500	0	0	0	0	
7.4107380282e+00	9	4	3	0	0	500	50	0	500	500	0	0	0	0	
7.9796675353e+00	9	5	3	0	0	500	50	0	500	500	0	0	0	0	
8.4152381368e+00	10	5	3	0	1	499	50	0	500	500	0	0	0	0	
8.9875292813e+00	11	4	3	0	0	500	50	0	500	500	0	0	0	0	
9.2609459800e+00	13	4	3	0	0	500	50	0	500	500	0	0	0	0	
9.9906295077e+00	16	3	5	0	1	499	50	0	500	500	0	0	0	0	
1.0033346286e+01	16	3	5	0	0	500	50	0	500	500	0	0	0	0	
1.0962596648e+01	16	5	5	0	0	500	50	0	500	500	0	0	0	0	
1.1480260704e+01	17	5	5	0	0	500	50	0	500	500	0	0	0	0	
1.1925294787e+01	18	4	6	0	2	498	50	0	500	500	0	0	0	0	
1.2490753180e+01	21	1	6	0	1	499	50	0	500	500	0	0	0	0	
1.2989435911e+01	21	2	6	0	0	500	50	0	500	500	0	0	0	0	
1.3459548371e+01	23	2	7	0	0	500	50	0	500	500	0	0	0	0	
1.3975754418e+01	24	2	6	0	0	500	50	0	500	500	0	0	0	0	
1.4455914200e+01	24	4	6	0	0	500	50	0	500	500	0	0	0	0	
1.4906322813e+01	26	2	6	0	0	500	50	0	500	500	0	0	0	0	
1.5481272861e+01	26	3	8	0	1	499	50	0	500	500	0	0	0	0	
1.5933099558e+01	27	2	8	0	0	500	50	0	500	500	0	0	0	0	
1.6481756184e+01	27	3	8	0	0	500	50	0	500	500	0	0	0	0	
1.6900944341e+01	27	3	8	0	2	498	50	0	500	500	0	0	0	0	
1.7467672807e+01	27	5	10	0	2	498	50	0	500	500	0	0	0	0	
1.7972437888e+01	27	6	11	0	1	499	50	0	500	500	0	0	0	0	
1.8493846478e+01	29	4	11	0	2	498	50	0	500	500	0	0	0	0	
1.8990034356e+01	31	4	11	0	3	497	50	0	500	500	0	0	0	0	
1.9484291385e+01	31	4	11	0	1	499	50	0	500	500	0	0	0	0	
1.9990850252e+01	31	7	12	0	2	498	50	0	500	500	0	0	0	0	
2.0335518610e+01	36	3	13	0	0	500	50	0	500	500	0	0	0	0	
2.0992873151e+01	37	2	15	0	1	499	50	0	500	500	0	0	0	0	
2.1470923427e+01	37	2	15	0	1	499	50	0	500	500	0	0	0	0	
2.1999122996e+01	38	2	15	0	3	497	50	0	500	500	0	0	0	0	
2.2467733307e+01	38	3	15	0	2	498	50	0	500	500	0	0	0	0	
2.2999278013e+01	39	4	15	0	3	497	50	0	500	500	0	0	0	0	
2.3498105025e+01	40	3	15	0	0	500	50	0	500	500	0	0	0	0	
2.3967905408e+01	42	3	14	0	2	498	50	0	500	500	0	0	0	0	
2.4484178686e+01	44	2	15	0	0	500	50	0	500	500	0	0	0	0	
2.4968336866e+01	44	2	16	0	1	499	50	0	500	500	0	0	0	0	
2.5464777168e+01	44	3	18	0	0	500	50	0	500	500	0	0	0	0	
2.5940748204e+01	45	3	18	0	2	498	50	0	500	500	0	0	0	0	
2.6408561976e+01	45	4	18	0	2	498	50	0	500	500	0	0	0	0	
2.6909890686e+01	46	5	18	0	1	499	50	0	500	500	0	0	0	0	
2.7470722501e+01	47	6	18	0	2	498	50	0	500	500	0	0	0	0	
2.7994244347e+01	49	5	18	0	1	499	50	0	500	500	0	0	0	0	
2.8493622751e+01	51	4	18	0	4	496	50	0	500	500	0	0	0	0	
2.8938023166e+01	53	4	18	0	0	500	50	0	500	500	0	0	0	0	
2.9491599121e+01	55	2	18	0	0	500	50	0	500	500	0	0	0	0	
2.9950528610e+01	55	4	18	0	3	497	50	0	500	500	0	0	0	0	
3.0486261122e+01	55	5	18	0	2	498	50	0	500	500	0	0	0	0	
3.0933768119e+01	57	5	18	0	1	499	50	0	500	500	0	0	0	0	
3.1498891048e+01	59	5	18	0	3	497	50	0	500	500	0	0	0	0	
3.1847218733e+01	61	3	18	0	0	500	50	0	500	500	0	0	0	0	
3.2482729064e+01	62	2	18	0	1	499	50	0	500	500	0	0	0	0	
3.2891586883e+01	62	2	19	0	2	498	50	0	500	500	0	0	0	0	
3.3446175159e+01	62	3	19	0	1	499	50	0	500	500	0	0	0	0	
3.3977677063e+01	62	4	19	0	0	500	50	0	500	500	0	0	0	0	
3.4477485383e+01	63	3	19	0	0	500	50	0	500	500	0	0	0	0	
3.4965830846e+01	65	1	20	0	1	499	50	0	500	500	0	0	0	0	
3.5392708933e+01	65	2	20	0	0	500	50	0	500	500	0	0	0	0	
3.5951254466e+01	65	3	20	0	1	499	50	0	500	500	0	0	0	0	
3.6474663766e+01	66	2	20	0	1	499	50	0	500	500	0	0	0	0	
3.6939862464e+01	68	1	21	0	0	500	50	0	500	500	0	0	0	0	
3.7456691184e+01	68	3	22	0	0	500	50	0	500	500	0	0	0	0	
3.7902312375e+01	68	4	22	0	0	500	50	0	500	500	0	0	0	0	
3.8497920815e+01	68	4	22	0	2	498	50	0	500	500	0	0	0	0	
3.8984574762e+01	72	4	22	0	2	498	50	0	500	500	0	0	0	0	
3.9414318181e+01	74	3	22	0	3	497	50	0	500	500	0	0	0	0	
3.9971951661e+01	74	3	22	0	2	498	50	0	500	500	0	0	0	0	
4.0444815132e+01	74	3	22	0	4	496	50	0	500	500	0	0	0	0	
4.0991840350e+01	75	2	22	0	3	497	50	0	500	500	0	0	0	0	
4.1337551274e+01	75	3	22	0	0	500	50	0	500	500	0	0	0	0	
4.1994344641e+01	76	3	22	0	0	500	50	0	500	500	0	0	0	0	
4.2366168232e+01	77	3	22	0	0	500	50	0	500	500	0	0	0	0	
4.2882745403e+01	77	3	23	0	0	500	50	0	500	500	0	0	0	0	
4.3484933344e+01	78	2	23	0	1	499	50	0	500	500	0	0	0	0	
4.3856874766e+01	79	2	23	0	0	500	50	0	500	500	0	0	0	0	
4.4309588756e+01	79	2	23	0	1	499	50	0	500	500	0	0	0	0	
4.4964775345e+01	79	3	23	0	1	499	50	0	500	500	0	0	0	0	
4.5471772167e+01	79	4	23	0	2	498	50	0	500	500	0	0	0	0	
4.5651022052e+01	81	2	23	0	2	498	50	0	500	500	0	0	0	0	
4.6402249294e+01	81	2	23	0	2	498	50	0	500	500	0	0	0	0	
4.6994399202e+01	82	5	23	0	1	499	50	0	500	500	0	0	0	0	
4.7476972529e+01	84	3	23	0	4	496	50	0	500	500	0	0	0	0	
4.7941059651e+01	85	2	23	0	3	497	50	0	500	500	0	0	0	0	
4.8485467106e+01	85	2	23	0	0	500	50	0	500	500	0	0	0	0	
4.8877372584e+01	86	1	23	0	0	500	50	0	500	500	0	0	0	0	
4.9470254385e+01	87	2	23	0	2	498	50	0	500	500	0	0	0	0	
4.9965592545e+01	87	1	23	0	0	500	50	0	500	500	0	0	0	0	
5.0366499746e+01	87	2	24	0	0	500	50	0	500	500	0	0	0	0	
5.0993415339e+01	88	4	24	0	4	496	50	0	500	500	0	0	0	0	
5.1352869016e+01	89	4	25	0	1	499	50	0	500	500	0	0	0	0	
5.1974722354e+01	89	4	25	0	1	499	50	0	500	500	0	0	0	0	
5.2466699359e+01	90	6	25	0	1	499	50	0	500	500	0	0	0	0	
5.2993859699e+01	90	8	25	0	3	497	50	0	500	500	0	0	0	0	
5.3486720159e+01	91	7	25	0	5	495	50	0	500	500	0	0	0	0	
5.3955874638e+01	92	6	25	0	0	500	50	0	500	500	0	0	0	0	
5.4452181897e+01	92	6	25	0	4	496	50	0	500	500	0	0	0	0	
5.4959071330e+01	93	6	25	0	1	499	50	0	500	500	0	0	0	0	
5.5454889549e+01	94	7	25	0	1	499	50	0	500	500	0	0	0	0	
5.5812078310e+01	95	6	25	0	3	497	50	0	500	500	0	0	0	0	
5.6480468342e+01	97	5	24	0	3	497	50	0	500	500	0	0	0	0	
5.6961370989e+01	97	7	25	0	3	497	50	0	500	500	0	0	0	0	
5.7496401422e+01	97	8	27	0	2	498	50	0	500	500	0	0	0	0	
5.7947711409e+01	99	7	27	0	3	497	50	0	500	500	0	0	0	0	
5.8422621639e+01	101	5	27	0	5	495	50	0	500	500	0	0	0	0	
5.8994461072e+01	101	7	27	0	3	497	50	0	500	500	0	0	0	0	
5.9487658484e+01	103	5	28	0	2	498	50	0	500	500	0	0	0	0	
5.9914549109e+01	105	3	29	0	2	498	50	0	500	500	0	0	0	0	
6.0469922116e+01	105	3	28	0	4	496	50	0	500	500	0	0	0	0	
6.0983664276e+01	106	4	28	0	3	497	50	0	500	500	0	0	0	0	
6.1483204852e+01	106	4	28	0	4	496	50	0	500	500	0	0	0	0	
6.1974864630e+01	107	3	28	0	4	496	50	0	500	500	0	0	0	0	
6.2459891754e+01	106	3	28	0	2	498	50	0	500	500	0	0	0	0	
6.2910609363e+01	109	2	28	0	0	500	50	0	500	500	0	0	0	0	
6.3469162398e+01	109	4	28	0	0	500	50	0	500	500	0	0	0	0	
6.3919888310e+01	110	3	28	0	1	499	50	0	500	500	0	0	0	0	
6.4454266008e+01	110	5	28	0	0	500	50	0	500	500	0	0	0	0	
6.4888377141e+01	113	2	28	0	0	500	50	0	500	500	0	0	0	0	
6.5468374665e+01	116	1	28	0	2	498	50	0	500	500	0	0	0	0	
6.5843533017e+01	116	1	29	0	1	499	50	0	500	500	0	0	0	0	
6.6378561686e+01	116	3	29	0	0	500	50	0	500	500	0	0	0	0	
6.6940682296e+01	117	5	28	0	4	496	50	0	500	500	0	0	0	0	
6.7480920291e+01	117	5	28	0	2	498	50	0	500	500	0	0	0	0	
6.7861018457e+01	117	5	28	0	2	498	50	0	500	500	0	0	0	0	
6.8471583967e+01	119	4	28	0	0	500	50	0	500	500	0	0	0	0	
6.8995619949e+01	121	6	28	0	3	497	50	0	500	500	0	0	0	0	
6.9481602419e+01	121	6	28	0	3	497	50	0	500	500	0	0	0	0	
6.9997031324e+01	121	9	28	0	7	493	50	0	500	500	0	0	0	0	
7.0483398844e+01	121	10	29	0	5	495	50	0	500	500	0	0	0	0	
7.0997092199e+01	121	11	29	0	5	495	50	0	500	500	0	0	0	0	
7.1497324971e+01	124	9	29	0	5	495	50	0	500	500	0	0	0	0	
7.1950991851e+01	125	9	30	0	6	494	50	0	500	500	0	0	0	0	
7.2470687995e+01	129	5	30	0	4	496	50	0	500	500	0	0	0	0	
7.2997651639e+01	129	6	29	0	3	497	50	0	500	500	0	0	0	0	
7.3482854109e+01	130	7	29	0	3	497	50	0	500	500	0	0	0	0	
7.3944230655e+01	131	7	30	0	7	493	50	0	500	500	0	0	0	0	
7.4490617935e+01	132	6	30	0	3	497	50	0	500	500	0	0	0	0	
7.4994571458e+01	133	5	31	0	3	497	50	0	500	500	0	0	0	0	
7.5464225762e+01	133	5	31	0	0	500	50	0	500	500	0	0	0	0	
7.5979171410e+01	133	5	30	0	1	499	50	0	500	500	0	0	0	0	
7.6480708793e+01	135	6	30	0	2	498	50	0	500	500	0	0	0	0	
7.6972088323e+01	135	7	30	0	2	498	50	0	500	500	0	0	0	0	
7.7499834526e+01	137	6	30	0	4	496	50	0	500	500	0	0	0	0	
7.7926861430e+01	138	5	30	0	2	498	50	0	500	500	0	0	0	0	
7.8392079584e+01	140	5	30	0	0	500	50	0	500	500	0	0	0	0	
7.8849174376e+01	142	4	30	0	0	500	50	0	500	500	0	0	0	0	
7.9389058476e+01	142	4	30	0	1	499	50	0	500	500	0	0	0	0	
7.9980306138e+01	143	3	30	0	2	498	50	0	500	500	0	0	0	0	
8.0478560052e+01	142	3	30	0	1	499	50	0	500	500	0	0	0	0	
8.0979874044e+01	143	4	28	0	2	498	50	0	500	500	0	0	0	0	
8.1475545248e+01	144	4	28	0	3	497	50	0	500	500	0	0	0	0	
8.1951100856e+01	144	5	28	0	1	499	50	0	500	500	0	0	0	0	
8.2465344966e+01	145	6	28	0	0	500	50	0	500	500	0	0	0	0	
8.2994250618e+01	146	7	28	0	1	499	50	0	500	500	0	0	0	0	
8.3493173038e+01	148	6	28	0	1	499	50	0	500	500	0	0	0	0	
8.3968203734e+01	151	4	28	0	6	494	50	0	500	500	0	0	0	0	
8.4409907368e+01	151	3	28	0	3	497	50	0	500	500	0	0	0	0	
8.4932969807e+01	151	3	27	0	5	495	50	0	500	500	0	0	0	0	
8.5455911946e+01	152	3	27	0	0	500	50	0	500	500	0	0	0	0	
8.5972906562e+01	153	6	27	0	3	497	50	0	500	500	0	0	0	0	
8.6428015486e+01	154	7	27	0	1	499	50	0	500	500	0	0	0	0	
8.6932050878e+01	157	5	27	0	2	498	50	0	500	500	0	0	0	0	
8.7477053808e+01	157	7	27	0	3	497	50	0	500	500	0	0	0	0	
8.7913553189e+01	157	8	27	0	2	498	50	0	500	500	0	0	0	0	
8.8499540330e+01	159	9	26	0	1	499	50	0	500	500	0	0	0	0	
8.8987955521e+01	160	8	25	0	3	497	50	0	500	500	0	0	0	0	
8.9482503764e+01	161	9	25	0	2	498	50	0	500	500	0	0	0	0	
8.9973119378e+01	164	6	24	0	1	499	50	0	500	500	0	0	0	0	
9.0491190465e+01	165	5	24	0	3	497	50	0	500	500	0	0	0	0	
9.0952031689e+01	167	5	24	0	3	497	50	0	500	500	0	0	0	0	
9.1467428361e+01	168	4	24	0	4	496	50	0	500	500	0	0	0	0	
9.1991043086e+01	168	6	24	0	2	498	50	0	500	500	0	0	0	0	
9.2476481410e+01	168	7	25	0	5	495	50	0	500	500	0	0	0	0	
9.2992437097e+01	169	7	25	0	2	498	50	0	500	500	0	0	0	0	
9.3484827742e+01	171	7	24	0	4	496	50	0	500	500	0	0	0	0	
9.3995873379e+01	173	5	24	0	2	498	50	0	500	500	0	0	0	0	
9.4494779336e+01	172	6	24	0	2	498	50	0	500	500	0	0	0	0	
9.4965853797e+01	174	7	24	0	3	497	50	0	500	500	0	0	0	0	
9.5448770016e+01	175	8	24	0	3	497	50	0	500	500	0	0	0	0	
9.5914707921e+01	178	5	23	0	3	497	50	0	500	500	0	0	0	0	
9.6419045963e+01	180	5	24	0	3	497	50	0	500	500	0	0	0	0	
9.6985778491e+01	181	6	24	0	1	499	50	0	500	500	0	0	0	0	
9.7492313144e+01	183	5	25	0	5	495	50	0	500	500	0	0	0	0	
9.7974822395e+01	185	3	25	0	2	498	50	0	500	500	0	0	0	0	
9.8488273332e+01	186	2	25	0	3	497	50	0	500	500	0	0	0	0	
9.8865092111e+01	187	2	26	0	0	500	50	0	500	500	0	0	0	0	
9.9438146016e+01	187	2	26	0	3	497	50	0	500	500	0	0	0	0	
9.9980581443e+01	188	2	25	0	0	500	50	0	500	500	0	0	0	0	
1.0049890285e+02	189	3	25	0	1	499	50	0	500	500	0	0	0	0	
1.0092138900e+02	192	0	25	0	1	499	50	0	500	500	0	0	0	0	
1.0145068780e+02	192	0	25	0	1	499	50	0	500	500	0	0	0	0	
1.0181150969e+02	192	1	25	0	1	499	50	0	500	500	0	0	0	0	
1.0244028220e+02	192	2	25	0	3	497	50	0	500	500	0	0	0	0	
1.0298880473e+02	192	4	25	0	0	500	50	0	500	500	0	0	0	0	
1.0345118896e+02	192	4	25	0	3	497	50	0	500	500	0	0	0	0	
1.0396599157e+02	193	6	25	0	4	496	50	0	500	500	0	0	0	0	
1.0447747801e+02	196	5	25	0	0	500	50	0	500	500	0	0	0	0	
1.0497079022e+02	195	6	25	0	3	497	50	0	500	500	0	0	0	0	
1.0549639332e+02	195	6	25	0	2	498	50	0	500	500	0	0	0	0	
1.0593770224e+02	195	6	25	0	4	496	50	0	500	500	0	0	0	0	
1.0646799998e+02	196	5	24	0	1	499	50	0	500	500	0	0	0	0	
1.0697961850e+02	197	5	24	0	3	497	50	0	500	500	0	0	0	0	
1.0749412453e+02	198	4	25	0	2	498	50	0	500	500	0	0	0	0	
1.0791688437e+02	198	4	25	0	2	498	50	0	500	500	0	0	0	0	
1.0846911456e+02	199	3	25	0	1	499	50	0	500	500	0	0	0	0	
1.0895285616e+02	201	1	25	0	1	499	50	0	500	500	0	0	0	0	
1.0949187172e+02	201	1	25	0	2	498	50	0	500	500	0	0	0	0	
1.0987919748e+02	200	1	25	0	0	500	50	0	500	500	0	0	0	0	
1.1048708723e+02	200	0	26	0	1	499	50	0	500	500	0	0	0	0	
1.1097250560e+02	199	1	26	0	1	499	50	0	500	500	0	0	0	0	
1.1147563446e+02	200	0	26	0	1	499	50	0	500	500	0	0	0	0	
1.1191126143e+02	199	2	26	0	1	499	50	0	500	500	0	0	0	0	
1.1248645664e+02	200	2	26	0	3	497	50	0	500	500	0	0	0	0	
1.1293688382e+02	200	3	25	0	3	497	50	0	500	500	0	0	0	0	
1.1349193892e+02	200	5	25	0	2	498	50	0	500	500	0	0	0	0	
1.1396239899e+02	201	4	23	0	1	499	50	0	500	500	0	0	0	0	
1.1448659847e+02	201	5	24	0	1	499	50	0	500	500	0	0	0	0	
1.1496678405e+02	201	5	24	0	3	497	50	0	500	500	0	0	0	0	
1.1548609488e+02	201	5	23	0	4	496	50	0	500	500	0	0	0	0	
1.1597438517e+02	202	4	23	0	3	497	50	0	500	500	0	0	0	0	
1.1649741873e+02	202	4	24	0	3	497	50	0	500	500	0	0	0	0	
1.1691423248e+02	203	3	24	0	0	500	50	0	500	500	0	0	0	0	
1.1746777078e+02	204	3	23	0	0	500	50	0	500	500	0	0	0	0	
1.1780460393e+02	204	3	22	0	1	499	50	0	500	500	0	0	0	0	
1.1849474685e+02	204	2	22	0	3	497	50	0	500	500	0	0	0	0	
1.1898592192e+02	206	1	23	0	2	498	50	0	500	500	0	0	0	0	
1.1947747443e+02	206	1	23	0	3	497	50	0	500	500	0	0	0	0	
1.1998826486e+02	206	2	24	0	1	499	50	0	500	500	0	0	0	0	
1.2025115236e+02	206	2	23	0	1	499	50	0	500	500	0	0	0	0	
1.2097025338e+02	206	3	22	0	2	498	50	0	500	500	0	0	0	0	
1.2148490566e+02	206	3	22	0	3	497	50	0	500	500	0	0	0	0	
1.2199090458e+02	207	4	22	0	4	496	50	0	500	500	0	0	0	0	
1.2247493302e+02	207	4	24	0	3	497	50	0	500	500	0	0	0	0	
1.2297071251e+02	208	3	24	0	1	499	50	0	500	500	0	0	0	0	
1.2346593079e+02	208	4	24	0	1	499	50	0	500	500	0	0	0	0	
1.2399107719e+02	209	5	24	0	4	496	50	0	500	500	0	0	0	0	
1.2449378314e+02	210	4	23	0	0	500	50	0	500	500	0	0	0	0	
1.2486523525e+02	210	5	23	0	1	499	50	0	500	500	0	0	0	0	
1.2547818132e+02	212	6	23	0	3	497	50	0	500	500	0	0	0	0	
1.2597402958e+02	213	7	24	0	4	496	50	0	500	500	0	0	0	0	
1.2648818866e+02	213	7	23	0	4	496	50	0	500	500	0	0	0	0	
1.2698812340e+02	213	8	24	0	3	497	50	0	500	500	0	0	0	0	
1.2748692802e+02	213	8	24	0	3	497	50	0	500	500	0	0	0	0	
1.2797847277e+02	214	5	24	0	6	494	50	0	500	500	0	0	0	0	
1.2848864816e+02	215	4	24	0	1	499	50	0	500	500	0	0	0	0	
1.2898757885e+02	216	3	24	0	1	499	50	0	500	500	0	0	0	0	
1.2943419848e+02	216	4	25	0	1	499	50	0	500	500	0	0	0	0	
1.2999885099e+02	216	5	25	0	1	499	50	0	500	500	0	0	0	0	
1.3047661413e+02	216	5	25	0	6	494	50	0	500	500	0	0	0	0	
1.3099147340e+02	219	3	25	0	3	497	50	0	500	500	0	0	0	0	
1.3141578570e+02	219	3	25	0	0	500	50	0	500	500	0	0	0	0	
1.3186797348e+02	219	3	26	0	1	499	50	0	500	500	0	0	0	0	
1.3249876554e+02	220	3	26	0	3	497	50	0	500	500	0	0	0	0	
1.3298532005e+02	219	2	26	0	1	499	50	0	500	500	0	0	0	0	
1.3344454518e+02	221	2	26	0	2	498	50	0	500	500	0	0	0	0	
1.3398446866e+02	221	4	27	0	4	496	50	0	500	500	0	0	0	0	
1.3447952322e+02	223	2	27	0	3	497	50	0	500	500	0	0	0	0	
1.3498336480e+02	224	3	28	0	1	499	50	0	500	500	0	0	0	0	
1.3548258228e+02	224	5	28	0	2	498	50	0	500	500	0	0	0	0	
1.3587324215e+02	227	2	28	0	0	500	50	0	500	500	0	0	0	0	
1.3646741820e+02	227	3	28	0	3	497	50	0	500	500	0	0	0	0	
1.3698242912e+02	228	3	28	0	2	498	50	0	500	500	0	0	0	0	
1.3739541501e+02	231	2	28	0	0	500	50	0	500	500	0	0	0	0	
1.3798821506e+02	232	1	29	0	0	500	50	0	500	500	0	0	0	0	
1.3849151375e+02	232	1	29	0	0	500	50	0	500	500	0	0	0	0	
1.3899367939e+02	232	1	28	0	1	499	50	0	500	500	0	0	0	0	
1.3947761106e+02	232	2	27	0	3	497	50	0	500	500	0	0	0	0	
1.3995962881e+02	233	2	27	0	1	499	50	0	500	500	0	0	0	0	
1.4047004479e+02	234	1	26	0	0	500	50	0	500	500	0	0	0	0	
1.4095499523e+02	234	1	26	0	1	499	50	0	500	500	0	0	0	0	
1.4142399816e+02	235	0	26	0	1	499	50	0	500	500	0	0	0	0	
1.4192523340e+02	234	0	26	0	0	500	50	0	500	500	0	0	0	0	
1.4228910846e+02	234	1	27	0	0	500	50	0	500	500	0	0	0	0	
1.4280523474e+02	235	1	27	0	1	499	50	0	500	500	0	0	0	0	
1.4342054895e+02	235	2	27	0	1	499	50	0	500	500	0	0	0	0	
1.4390914663e+02	235	5	27	0	1	499	50	0	500	500	0	0	0	0	
1.4448686686e+02	237	4	27	0	2	498	50	0	500	500	0	0	0	0	
1.4499318828e+02	237	5	28	0	1	499	50	0	500	500	0	0	0	0	
1.4549374527e+02	239	2	29	0	2	498	50	0	500	500	0	0	0	0	
1.4599438243e+02	237	5	29	0	4	496	50	0	500	500	0	0	0	0	
1.4646126121e+02	238	5	30	0	1	499	50	0	500	500	0	0	0	0	
1.4699576857e+02	239	5	30	0	3	497	50	0	500	500	0	0	0	0	
1.4748525353e+02	240	4	30	0	8	492	50	0	500	500	0	0	0	0	
1.4796177678e+02	241	4	29	0	3	497	50	0	500	500	0	0	0	0	
1.4847826687e+02	241	5	28	0	1	499	50	0	500	500	0	0	0	0	
1.4887011649e+02	242	5	28	0	1	499	50	0	500	500	0	0	0	0	
1.4947577689e+02	242	5	28	0	4	496	50	0	500	500	0	0	0	0	
1.4993490074e+02	241	5	28	0	3	497	50	0	500	500	0	0	0	0	
1.5046371467e+02	243	4	29	0	2	498	50	0	500	500	0	0	0	0	
1.5099367528e+02	243	4	30	0	1	499	50	0	500	500	0	0	0	0	
1.5147229107e+02	244	4	30	0	2	498	50	0	500	500	0	0	0	0	
1.5198714189e+02	247	2	30	0	2	498	50	0	500	500	0	0	0	0	
1.5249450680e+02	248	2	30	0	3	497	50	0	500	500	0	0	0	0	
1.5292186367e+02	249	2	30	0	2	498	50	0	500	500	0	0	0	0	
1.5346576080e+02	249	3	30	0	1	499	50	0	500	500	0	0	0	0	
1.5397219964e+02	250	5	30	0	7	493	50	0	500	500	0	0	0	0	
1.5449837726e+02	251	5	30	0	5	495	50	0	500	500	0	0	0	0	
1.5497718942e+02	252	5	30	0	3	497	50	0	500	500	0	0	0	0	
1.5548968006e+02	252	7	30	0	4	496	50	0	500	500	0	0	0	0	
1.5599463242e+02	255	5	30	0	3	497	50	0	500	500	0	0	0	0	
1.5641030367e+02	255	6	31	0	3	497	50	0	500	500	0	0	0	0	
1.5697136369e+02	258	6	31	0	1	499	50	0	500	500	0	0	0	0	
1.5747229426e+02	259	5	32	0	2	498	50	0	500	500	0	0	0	0	
1.5797448213e+02	259	5	32	0	2	498	50	0	500	500	0	0	0	0	
1.5848667571e+02	260	6	31	0	2	498	50	0	500	500	0	0	0	0	
1.5896142040e+02	262	4	32	0	2	498	50	0	500	500	0	0	0	0	
1.5948682721e+02	261	4	33	0	5	495	50	0	500	500	0	0	0	0	
1.5998797653e+02	261	5	32	0	5	495	50	0	500	500	0	0	0	0	
1.6049309732e+02	265	3	32	0	4	496	50	0	500	500	0	0	0	0	
1.6098886649e+02	265	3	32	0	4	496	50	0	500	500	0	0	0	0	
1.6141250612e+02	267	1	32	0	2	498	50	0	500	500	0	0	0	0	
1.6182448259e+02	266	1	32	0	2	498	50	0	500	500	0	0	0	0	
1.6249306723e+02	266	0	33	0	3	497	50	0	500	500	0	0	0	0	
1.6299719647e+02	266	0	34	0	0	500	50	0	500	500	0	0	0	0	
1.6347674101e+02	266	0	35	0	1	499	50	0	500	500	0	0	0	0	
1.6395522502e+02	266	1	36	0	1	499	50	0	500	500	0	0	0	0	
1.6449922858e+02	265	1	37	0	3	497	50	0	500	500	0	0	0	0	
1.6494909837e+02	265	3	37	0	3	497	50	0	500	500	0	0	0	0	
1.6549060215e+02	266	2	37	0	3	497	50	0	500	500	0	0	0	0	
1.6598560538e+02	268	2	37	0	3	497	50	0	500	500	0	0	0	0	
1.6636862544e+02	268	2	37	0	0	500	50	0	500	500	0	0	0	0	
1.6696059890e+02	268	5	37	0	1	499	50	0	500	500	0	0	0	0	
1.6745517419e+02	269	5	38	0	1	499	50	0	500	500	0	0	0	0	
1.6798487964e+02	269	5	39	0	4	496	50	0	500	500	0	0	0	0	
1.6845850795e+02	270	5	39	0	6	494	50	0	500	500	0	0	0	0	
1.6899485907e+02	269	7	39	0	1	499	50	0	500	500	0	0	0	0	
1.6948733137e+02	271	8	37	0	3	497	50	0	500	500	0	0	0	0	
1.6997284966e+02	274	6	38	0	1	499	50	0	500	500	0	0	0	0	
1.7048927648e+02	278	5	38	0	2	498	50	0	500	500	0	0	0	0	
1.7093671213e+02	280	4	37	0	1	499	50	0	500	500	0	0	0	0	
1.7143884209e+02	280	5	37	0	5	495	50	0	500	500	0	0	0	0	
1.7195729326e+02	280	6	36	0	3	497	50	0	500	500	0	0	0	0	
1.7249478044e+02	280	5	36	0	3	497	50	0	500	500	0	0	0	0	
1.7296952124e+02	282	4	36	0	1	499	50	0	500	500	0	0	0	0	
1.7347821445e+02	283	3	36	0	0	500	50	0	500	500	0	0	0	0	
1.7392574827e+02	283	4	36	0	1	499	50	0	500	500	0	0	0	0	
1.7447052896e+02	283	4	37	0	1	499	50	0	500	500	0	0	0	0	
1.7498537897e+02	284	2	37	0	3	497	50	0	500	500	0	0	0	0	
1.7548996431e+02	285	1	37	0	1	499	50	0	500	500	0	0	0	0	
1.7594023416e+02	284	1	36	0	1	499	50	0	500	500	0	0	0	0	
1.7647114642e+02	285	0	36	0	1	499	50	0	500	500	0	0	0	0	
1.7694146098e+02	285	1	36	0	2	498	50	0	500	500	0	0	0	0	
1.7748767810e+02	285	1	36	0	0	500	50	0	500	500	0	0	0	0	
1.7794469388e+02	284	1	36	0	1	499	50	0	500	500	0	0	0	0	
1.7848595422e+02	285	3	36	0	2	498	50	0	500	500	0	0	0	0	
1.7897672710e+02	285	4	36	0	3	497	50	0	500	500	0	0	0	0	
1.7947947432e+02	285	4	36	0	2	498	50	0	500	500	0	0	0	0	
1.7999729397e+02	284	4	35	0	5	495	50	0	500	500	0	0	0	0	
1.8048486785e+02	285	3	36	0	0	500	50	0	500	500	0	0	0	0	
1.8098093883e+02	284	3	37	0	3	497	50	0	500	500	0	0	0	0	
1.8148941244e+02	286	2	38	0	2	498	50	0	500	500	0	0	0	0	
1.8197727349e+02	286	2	38	0	3	497	50	0	500	500	0	0	0	0	
1.8244110629e+02	286	2	37	0	3	497	50	0	500	500	0	0	0	0	
1.8290064774e+02	286	1	37	0	3	497	50	0	500	500	0	0	0	0	
1.8344955998e+02	285	2	37	0	1	499	50	0	500	500	0	0	0	0	
1.8399360258e+02	286	5	37	0	1	499	50	0	500	500	0	0	0	0	
1.8449947762e+02	287	6	37	0	3	497	50	0	500	500	0	0	0	0	
1.8493542535e+02	287	6	37	0	0	500	50	0	500	500	0	0	0	0	
1.8547312490e+02	289	4	37	0	3	497	50	0	500	500	0	0	0	0	
1.8599960708e+02	289	3	37	0	2	498	50	0	500	500	0	0	0	0	
1.8649101835e+02	290	4	36	0	0	500	50	0	500	500	0	0	0	0	
1.8694355424e+02	289	3	36	0	0	500	50	0	500	500	0	0	0	0	
1.8745091816e+02	290	2	36	0	1	499	50	0	500	500	0	0	0	0	
1.8799347684e+02	290	2	36	0	2	498	50	0	500	500	0	0	0	0	
1.8847112006e+02	290	2	36	0	1	499	50	0	500	500	0	0	0	0	
1.8894040805e+02	291	2	36	0	1	499	50	0	500	500	0	0	0	0	
1.8949644757e+02	292	2	36	0	3	497	50	0	500	500	0	0	0	0	
1.8998678369e+02	292	1	36	0	5	495	50	0	500	500	0	0	0	0	
1.9040034333e+02	292	0	36	0	0	500	50	0	500	500	0	0	0	0	
1.9091109375e+02	292	1	37	0	0	500	50	0	500	500	0	0	0	0	
1.9144811169e+02	292	3	37	0	2	498	50	0	500	500	0	0	0	0	
1.9197968994e+02	293	3	37	0	0	500	50	0	500	500	0	0	0	0	
1.9246209908e+02	294	3	37	0	2	498	50	0	500	500	0	0	0	0	
1.9294220877e+02	294	3	38	0	3	497	50	0	500	500	0	0	0	0	
1.9349987610e+02	295	3	38	0	4	496	50	0	500	500	0	0	0	0	
1.9399134344e+02	298	2	38	0	2	498	50	0	500	500	0	0	0	0	
1.9449827647e+02	297	3	37	0	2	498	50	0	500	500	0	0	0	0	
1.9494617798e+02	296	4	37	0	4	496	50	0	500	500	0	0	0	0	
1.9545441919e+02	297	3	37	0	4	496	50	0	500	500	0	0	0	0	
1.9595345948e+02	297	2	37	0	4	496	50	0	500	500	0	0	0	0	
1.9646062792e+02	296	3	37	0	2	498	50	0	500	500	0	0	0	0	
1.9698709346e+02	297	3	37	0	3	497	50	0	500	500	0	0	0	0	
1.9746888089e+02	295	5	39	0	3	497	50	0	500	500	0	0	0	0	
1.9799333736e+02	296	4	40	0	6	494	50	0	500	500	0	0	0	0	
1.9849265954e+02	298	3	40	0	4	496	50	0	500	500	0	0	0	0	
1.9888379187e+02	300	1	40	0	0	500	50	0	500	500	0	0	0	0	
1.9949092628e+02	300	3	40	0	4	496	50	0	500	500	0	0	0	0	
1.9982130197e+02	301	2	40	0	2	498	50	0	500	500	0	0	0	0	
2.0048448151e+02	301	1	40	0	1	499	50	0	500	500	0	0	0	0	
2.0096724055e+02	300	4	39	0	1	499	50	0	500	500	0	0	0	0	
2.0137801290e+02	301	3	39	0	3	497	50	0	500	500	0	0	0	0	
2.0197510715e+02	302	3	40	0	2	498	50	0	500	500	0	0	0	0	
2.0248263739e+02	302	5	40	0	4	496	50	0	500	500	0	0	0	0	
2.0298388930e+02	301	5	40	0	3	497	50	0	500	500	0	0	0	0	
2.0349903221e+02	302	6	41	0	2	498	50	0	500	500	0	0	0	0	
2.0399745962e+02	303	4	41	0	1	499	50	0	500	500	0	0	0	0	
2.0446212410e+02	302	5	41	0	6	494	50	0	500	500	0	0	0	0	
2.0498884910e+02	304	4	40	0	1	499	50	0	500	500	0	0	0	0	
2.0548462830e+02	303	5	41	0	2	498	50	0	500	500	0	0	0	0	
2.0599567828e+02	307	3	41	0	3	497	50	0	500	500	0	0	0	0	
2.0648707998e+02	307	4	40	0	3	497	50	0	500	500	0	0	0	0	
2.0692600399e+02	308	4	39	0	1	499	50	0	500	500	0	0	0	0	
2.0749817230e+02	308	4	39	0	2	498	50	0	500	500	0	0	0	0	
2.0799783562e+02	308	4	39	0	3	497	50	0	500	500	0	0	0	0	
2.0846973775e+02	308	7	39	0	2	498	50	0	500	500	0	0	0	0	
2.0898899614e+02	307	8	39	0	3	497	50	0	500	500	0	0	0	0	
2.0949851309e+02	307	8	39	0	8	492	50	0	500	500	0	0	0	0	
2.0999412626e+02	307	8	39	0	6	494	50	0	500	500	0	0	0	0	
2.1048718149e+02	309	6	38	0	6	494	50	0	500	500	0	0	0	0	
2.1097265614e+02	309	7	37	0	1	499	50	0	500	500	0	0	0	0	
2.1148925552e+02	310	5	37	0	3	497	50	0	500	500	0	0	0	0	
2.1198273762e+02	312	4	38	0	3	497	50	0	500	500	0	0	0	0	
2.1247285245e+02	313	5	37	0	4	496	50	0	500	500	0	0	0	0	
2.1295714313e+02	313	5	38	0	3	497	50	0	500	500	0	0	0	0	
2.1348911702e+02	314	5	38	0	4	496	50	0	500	500	0	0	0	0	
2.1398850850e+02	316	4	37	0	2	498	50	0	500	500	0	0	0	0	
2.1449760865e+02	317	3	37	0	2	498	50	0	500	500	0	0	0	0	
2.1499979124e+02	317	4	37	0	0	500	50	0	500	500	0	0	0	0	
2.1546513283e+02	319	2	37	0	3	497	50	0	500	500	0	0	0	0	
2.1597326975e+02	319	1	37	0	3	497	50	0	500	500	0	0	0	0	
2.1646690280e+02	321	1	37	0	1	499	50	0	500	500	0	0	0	0	
2.1691054354e+02	322	1	38	0	0	500	50	0	500	500	0	0	0	0	
2.1741680826e+02	321	2	38	0	2	498	50	0	500	500	0	0	0	0	
2.1798197283e+02	321	2	37	0	0	500	50	0	500	500	0	0	0	0	
2.1849189197e+02	322	1	37	0	1	499	50	0	500	500	0	0	0	0	
2.1895843542e+02	323	1	38	0	0	500	50	0	500	500	0	0	0	0	
2.1929433227e+02	322	1	39	0	1	499	50	0	500	500	0	0	0	0	
2.1998737923e+02	323	1	39	0	3	497	50	0	500	500	0	0	0	0	
2.2039190407e+02	323	2	39	0	4	496	50	0	500	500	0	0	0	0	
2.2095221469e+02	323	2	40	0	2	498	50	0	500	500	0	0	0	0	
2.2146671241e+02	323	4	40	0	1	499	50	0	500	500	0	0	0	0	
2.2199786827e+02	323	5	40	0	5	495	50	0	500	500	0	0	0	0	
2.2247617133e+02	324	4	40	0	3	497	50	0	500	500	0	0	0	0	
2.2294291728e+02	322	6	40	0	2	498	50	0	500	500	0	0	0	0	
2.2349807881e+02	324	6	41	0	0	500	50	0	500	500	0	0	0	0	
2.2397802854e+02	327	4	41	0	3	497	50	0	500	500	0	0	0	0	
2.2447993330e+02	327	6	41	0	3	497	50	0	500	500	0	0	0	0	
2.2498647585e+02	328	5	42	0	6	494	50	0	500	500	0	0	0	0	
2.2535278562e+02	330	4	42	0	1	499	50	0	500	500	0	0	0	0	
2.2594625500e+02	331	5	42	0	3	497	50	0	500	500	0	0	0	0	
2.2645641768e+02	331	6	42	0	2	498	50	0	500	500	0	0	0	0	
2.2698387474e+02	331	7	42	0	0	500	50	0	500	500	0	0	0	0	
2.2748647711e+02	332	6	42	0	2	498	50	0	500	500	0	0	0	0	
2.2791556120e+02	333	4	42	0	3	497	50	0	500	500	0	0	0	0	
2.2849439236e+02	334	4	43	0	2	498	50	0	500	500	0	0	0	0	
2.2898257510e+02	334	4	43	0	5	495	50	0	500	500	0	0	0	0	
2.2948630495e+02	335	4	43	0	2	498	50	0	500	500	0	0	0	0	
2.2998863750e+02	336	3	42	0	5	495	50	0	500	500	0	0	0	0	
2.3049804615e+02	337	5	43	0	4	496	50	0	500	500	0	0	0	0	
2.3097855598e+02	338	5	42	0	0	500	50	0	500	500	0	0	0	0	
2.3145230237e+02	339	4	42	0	2	498	50	0	500	500	0	0	0	0	
2.3194914358e+02	338	2	42	0	2	498	50	0	500	500	0	0	0	0	
2.3249217867e+02	337	3	42	0	5	495	50	0	500	500	0	0	0	0	
2.3296099412e+02	336	4	42	0	0	500	50	0	500	500	0	0	0	0	
2.3346686448e+02	336	5	43	0	5	495	50	0	500	500	0	0	0	0	
2.3396711125e+02	338	3	42	0	0	500	50	0	500	500	0	0	0	0	
2.3448535919e+02	338	3	42	0	2	498	50	0	500	500	0	0	0	0	
2.3499817007e+02	338	4	42	0	4	496	50	0	500	500	0	0	0	0	
2.3549055807e+02	342	3	42	0	4	496	50	0	500	500	0	0	0	0	
2.3594795322e+02	342	4	42	0	8	492	50	0	500	500	0	0	0	0	
2.3649062000e+02	341	4	42	0	3	497	50	0	500	500	0	0	0	0	
2.3699039331e+02	342	4	42	0	1	499	50	0	500	500	0	0	0	0	
2.3745316597e+02	341	5	42	0	5	495	50	0	500	500	0	0	0	0	
2.3794797812e+02	341	7	41	0	6	494	50	0	500	500	0	0	0	0	
2.3849394378e+02	345	6	40	0	7	493	50	0	500	500	0	0	0	0	
2.3896654754e+02	347	3	40	0	1	499	50	0	500	500	0	0	0	0	
2.3948564049e+02	348	3	40	0	3	497	50	0	500	500	0	0	0	0	
2.3994963448e+02	348	4	41	0	1	499	50	0	500	500	0	0	0	0	
2.4049089417e+02	349	3	41	0	4	496	50	0	500	500	0	0	0	0	
2.4099489061e+02	350	4	41	0	7	493	50	0	500	500	0	0	0	0	
2.4144543688e+02	351	3	41	0	2	498	50	0	500	500	0	0	0	0	
2.4198969241e+02	353	1	41	0	3	497	50	0	500	500	0	0	0	0	
2.4248614699e+02	352	3	41	0	1	499	50	0	500	500	0	0	0	0	
2.4295621345e+02	352	1	43	0	0	500	50	0	500	500	0	0	0	0	
2.4348862673e+02	352	4	43	0	2	498	50	0	500	500	0	0	0	0	
2.4398664925e+02	352	4	40	0	3	497	50	0	500	500	0	0	0	0	
2.4449884559e+02	352	5	40	0	4	496	50	0	500	500	0	0	0	0	
2.4497735863e+02	353	4	39	0	6	494	50	0	500	500	0	0	0	0	
2.4549933128e+02	353	5	40	0	1	499	50	0	500	500	0	0	0	0	
2.4599760667e+02	354	6	38	0	7	493	50	0	500	500	0	0	0	0	
2.4647382585e+02	354	6	38	0	2	498	50	0	500	500	0	0	0	0	
2.4696711808e+02	355	5	38	0	5	495	50	0	500	500	0	0	0	0	
2.4747556459e+02	354	7	40	0	0	500	50	0	500	500	0	0	0	0	
2.4799427262e+02	354	7	41	0	4	496	50	0	500	500	0	0	0	0	
2.4847927492e+02	355	6	40	0	3	497	50	0	500	500	0	0	0	0	
2.4897491245e+02	358	3	39	0	3	497	50	0	500	500	0	0	0	0	
2.4946833009e+02	360	2	39	0	0	500	50	0	500	500	0	0	0	0	
2.4999260127e+02	359	3	39	0	3	497	50	0	500	500	0	0	0	0	
2.5049701264e+02	360	1	39	0	3	497	50	0	500	500	0	0	0	0	
2.5098352340e+02	359	1	39	0	2	498	50	0	500	500	0	0	0	0	
2.5144930371e+02	358	2	40	0	0	500	50	0	500	500	0	0	0	0	
2.5199121545e+02	358	3	40	0	1	499	50	0	500	500	0	0	0	0	
2.5242088763e+02	358	6	41	0	1	499	50	0	500	500	0	0	0	0	
2.5299699656e+02	358	7	41	0	3	497	50	0	500	500	0	0	0	0	
2.5346455147e+02	360	6	43	0	5	495	50	0	500	500	0	0	0	0	
2.5399274067e+02	362	5	43	0	7	493	50	0	500	500	0	0	0	0	
2.5448403086e+02	363	3	43	0	5	495	50	0	500	500	0	0	0	0	
2.5499570425e+02	363	3	42	0	3	497	50	0	500	500	0	0	0	0	
2.5541600043e+02	364	3	43	0	6	494	50	0	500	500	0	0	0	0	
2.5599867605e+02	365	3	43	0	1	499	50	0	500	500	0	0	0	0	
2.5643870501e+02	366	2	43	0	1	499	50	0	500	500	0	0	0	0	
2.5699697457e+02	367	1	43	0	3	497	50	0	500	500	0	0	0	0	
2.5749380154e+02	367	3	44	0	0	500	50	0	500	500	0	0	0	0	
2.5797498139e+02	366	3	44	0	3	497	50	0	500	500	0	0	0	0	
2.5844920602e+02	367	3	44	0	4	496	50	0	500	500	0	0	0	0	
2.5894675449e+02	367	3	44	0	2	498	50	0	500	500	0	0	0	0	
2.5946843203e+02	367	4	44	0	2	498	50	0	500	500	0	0	0	0	
2.5997544314e+02	368	5	44	0	6	494	50	0	500	500	0	0	0	0	
2.6048204445e+02	369	6	44	0	3	497	50	0	500	500	0	0	0	0	
2.6097747709e+02	368	9	44	0	1	499	50	0	500	500	0	0	0	0	
2.6149061662e+02	369	7	44	0	3	497	50	0	500	500	0	0	0	0	
2.6198164631e+02	370	7	42	0	5	495	50	0	500	500	0	0	0	0	
2.6249181820e+02	370	6	42	0	3	497	50	0	500	500	0	0	0	0	
2.6297559414e+02	369	5	41	0	3	497	50	0	500	500	0	0	0	0	
2.6347945624e+02	371	3	41	0	4	496	50	0	500	500	0	0	0	0	
2.6395498732e+02	371	4	42	0	2	498	50	0	500	500	0	0	0	0	
2.6449368951e+02	373	2	42	0	1	499	50	0	500	500	0	0	0	0	
2.6498732421e+02	373	1	42	0	3	497	50	0	500	500	0	0	0	0	
2.6546743481e+02	373	3	41	0	2	498	50	0	500	500	0	0	0	0	
2.6596917922e+02	374	2	41	0	5	495	50	0	500	500	0	0	0	0	
2.6648130522e+02	375	2	40	0	3	497	50	0	500	500	0	0	0	0	
2.6690611604e+02	375	3	40	0	1	499	50	0	500	500	0	0	0	0	
2.6749487847e+02	375	5	39	0	3	497	50	0	500	500	0	0	0	0	
2.6793558384e+02	375	5	39	0	1	499	50	0	500	500	0	0	0	0	
2.6846975199e+02	376	5	40	0	4	496	50	0	500	500	0	0	0	0	
2.6898917575e+02	377	5	40	0	5	495	50	0	500	500	0	0	0	0	
2.6949048895e+02	378	6	40	0	5	495	50	0	500	500	0	0	0	0	
2.6999841631e+02	378	5	39	0	4	496	50	0	500	500	0	0	0	0	
2.7047526603e+02	380	3	38	0	2	498	50	0	500	500	0	0	0	0	
2.7094321543e+02	380	1	38	0	4	496	50	0	500	500	0	0	0	0	
2.7142880528e+02	380	1	38	0	2	498	50	0	500	500	0	0	0	0	
2.7192957872e+02	381	1	38	0	2	498	50	0	500	500	0	0	0	0	
2.7246721472e+02	382	1	38	0	1	499	50	0	500	500	0	0	0	0	
2.7299614296e+02	382	3	38	0	0	500	50	0	500	500	0	0	0	0	
2.7349502052e+02	383	2	38	0	5	495	50	0	500	500	0	0	0	0	
2.7399548393e+02	381	3	37	0	3	497	50	0	500	500	0	0	0	0	
2.7449732085e+02	381	3	37	0	3	497	50	0	500	500	0	0	0	0	
2.7498803867e+02	381	6	36	0	2	498	50	0	500	500	0	0	0	0	
2.7549718919e+02	382	6	36	0	3	497	50	0	500	500	0	0	0	0	
2.7599117312e+02	382	7	36	0	8	492	50	0	500	500	0	0	0	0	
2.7648117210e+02	386	6	36	0	4	496	50	0	500	500	0	0	0	0	
2.7688740589e+02	386	7	37	0	2	498	50	0	500	500	0	0	0	0	
2.7743455369e+02	387	6	37	0	3	497	50	0	500	500	0	0	0	0	
2.7795895026e+02	386	6	37	0	3	497	50	0	500	500	0	0	0	0	
2.7849842427e+02	388	6	37	0	4	496	50	0	500	500	0	0	0	0	
2.7899096000e+02	389	6	37	0	4	496	50	0	500	500	0	0	0	0	
2.7949267649e+02	393	4	36	0	6	494	50	0	500	500	0	0	0	0	
2.7995936844e+02	392	4	36	0	5	495	50	0	500	500	0	0	0	0	
2.8043134093e+02	393	3	35	0	3	497	50	0	500	500	0	0	0	0	
2.8096184834e+02	393	4	36	0	1	499	50	0	500	500	0	0	0	0	
2.8147067455e+02	396	5	36	0	3	497	50	0	500	500	0	0	0	0	
2.8191465524e+02	398	3	34	0	3	497	50	0	500	500	0	0	0	0	
2.8246065189e+02	398	4	36	0	3	497	50	0	500	500	0	0	0	0	
2.8299443769e+02	396	5	35	0	7	493	50	0	500	500	0	0	0	0	
2.8338953707e+02	397	4	35	0	2	498	50	0	500	500	0	0	0	0	
2.8398832001e+02	396	3	37	0	1	499	50	0	500	500	0	0	0	0	
2.8447891129e+02	395	5	36	0	4	496	50	0	500	500	0	0	0	0	
2.8499591470e+02	394	7	36	0	3	497	50	0	500	500	0	0	0	0	
2.8541104366e+02	395	6	36	0	1	499	50	0	500	500	0	0	0	0	
2.8598144226e+02	395	7	36	0	4	496	50	0	500	500	0	0	0	0	
2.8644213999e+02	395	7	36	0	4	496	50	0	500	500	0	0	0	0	
2.8699322052e+02	397	5	36	0	3	497	50	0	500	500	0	0	0	0	
2.8749998660e+02	400	4	36	0	3	497	50	0	500	500	0	0	0	0	
2.8793981480e+02	401	7	37	0	5	495	50	0	500	500	0	0	0	0	
2.8849994474e+02	403	6	36	0	0	500	50	0	500	500	0	0	0	0	
2.8899505089e+02	403	6	36	0	3	497	50	0	500	500	0	0	0	0	
2.8944116175e+02	404	6	37	0	5	495	50	0	500	500	0	0	0	0	
2.8997198315e+02	407	3	37	0	5	495	50	0	500	500	0	0	0	0	
2.9048483317e+02	406	3	37	0	2	498	50	0	500	500	0	0	0	0	
2.9092557388e+02	406	4	38	0	1	499	50	0	500	500	0	0	0	0	
2.9148223848e+02	406	6	38	0	3	497	50	0	500	500	0	0	0	0	
2.9195398366e+02	406	5	38	0	4	496	50	0	500	500	0	0	0	0	
2.9248805803e+02	405	8	37	0	1	499	50	0	500	500	0	0	0	0	
2.9292568753e+02	406	7	39	0	2	498	50	0	500	500	0	0	0	0	
2.9347110820e+02	407	9	39	0	5	495	50	0	500	500	0	0	0	0	
2.9397756050e+02	410	8	38	0	6	494	50	0	500	500	0	0	0	0	
2.9449851029e+02	410	9	40	0	4	496	50	0	500	500	0	0	0	0	
2.9498817006e+02	410	7	37	0	4	496	50	0	500	500	0	0	0	0	
2.9546774039e+02	410	8	37	0	4	496	50	0	500	500	0	0	0	0	
2.9599088147e+02	410	7	37	0	8	492	50	0	500	500	0	0	0	0	
2.9649768266e+02	413	4	37	0	3	497	50	0	500	500	0	0	0	0	
2.9696263582e+02	413	3	37	0	4	496	50	0	500	500	0	0	0	0	
2.9749235678e+02	414	5	38	0	4	496	50	0	500	500	0	0	0	0	
2.9799640087e+02	415	4	38	0	7	493	50	0	500	500	0	0	0	0	
2.9849809626e+02	415	8	38	0	4	496	50	0	500	500	0	0	0	0	
2.9897516533e+02	417	7	38	0	6	494	50	0	500	500	0	0	0	0	
2.9949804743e+02	418	6	38	0	7	493	50	0	500	500	0	0	0	0	
2.9999016444e+02	417	7	40	0	4	496	50	0	500	500	0	0	0	0	
3.0047876453e+02	418	8	40	0	5	495	50	0	500	500	0	0	0	0	
3.0097542089e+02	421	5	40	0	3	497	50	0	500	500	0	0	0	0	
3.0147991234e+02	421	7	40	0	2	498	50	0	500	500	0	0	0	0	
3.0197641556e+02	422	6	40	0	5	495	50	0	500	500	0	0	0	0	
3.0241300512e+02	425	3	40	0	2	498	50	0	500	500	0	0	0	0	
3.0292469878e+02	425	3	38	0	0	500	50	0	500	500	0	0	0	0	
3.0349198586e+02	424	4	38	0	2	498	50	0	500	500	0	0	0	0	
3.0399313727e+02	424	6	37	0	2	498	50	0	500	500	0	0	0	0	
3.0449341203e+02	426	4	38	0	5	495	50	0	500	500	0	0	0	0	
3.0499405849e+02	428	5	38	0	4	496	50	0	500	500	0	0	0	0	
3.0549727810e+02	431	5	38	0	2	498	50	0	500	500	0	0	0	0	
3.0598795512e+02	432	4	38	0	2	498	50	0	500	500	0	0	0	0	
3.0647471053e+02	432	6	37	0	6	494	50	0	500	500	0	0	0	0	
3.0696817838e+02	434	4	38	0	1	499	50	0	500	500	0	0	0	0	
3.0748882507e+02	434	4	37	0	4	496	50	0	500	500	0	0	0	0	
3.0799647775e+02	433	6	37	0	4	496	50	0	500	500	0	0	0	0	
3.0849338358e+02	434	5	38	0	1	499	50	0	500	500	0	0	0	0	
3.0898083120e+02	434	5	38	0	3	497	50	0	500	500	0	0	0	0	
3.0948517849e+02	435	4	38	0	1	499	50	0	500	500	0	0	0	0	
3.0995907990e+02	438	2	38	0	1	499	50	0	500	500	0	0	0	0	
3.1049804435e+02	438	4	38	0	2	498	50	0	500	500	0	0	0	0	
3.1093451121e+02	439	3	38	0	0	500	50	0	500	500	0	0	0	0	
3.1142890751e+02	440	3	38	0	0	500	50	0	500	500	0	0	0	0	
3.1198560595e+02	441	3	39	0	1	499	50	0	500	500	0	0	0	0	
3.1248454258e+02	442	3	38	0	5	495	50	0	500	500	0	0	0	0	
3.1297315902e+02	442	4	38	0	3	497	50	0	500	500	0	0	0	0	
3.1348744668e+02	442	5	38	0	1	499	50	0	500	500	0	0	0	0	
3.1399189064e+02	442	6	38	0	3	497	50	0	500	500	0	0	0	0	
3.1448263957e+02	444	4	39	0	3	497	50	0	500	500	0	0	0	0	
3.1495095742e+02	445	4	38	0	0	500	50	0	500	500	0	0	0	0	
3.1547050681e+02	448	2	38	0	3	497	50	0	500	500	0	0	0	0	
3.1589783181e+02	450	0	38	0	3	497	50	0	500	500	0	0	0	0	
3.1649899437e+02	450	0	39	0	3	497	50	0	500	500	0	0	0	0	
3.1696999983e+02	450	0	39	0	3	497	50	0	500	500	0	0	0	0	
3.1738143387e+02	449	2	39	0	2	498	50	0	500	500	0	0	0	0	
3.1793900627e+02	449	2	39	0	2	498	50	0	500	500	0	0	0	0	
3.1849724790e+02	449	1	39	0	1	499	50	0	500	500	0	0	0	0	
3.1895300260e+02	450	0	38	0	5	495	50	0	500	500	0	0	0	0	
3.1924774970e+02	449	1	38	0	0	500	50	0	500	500	0	0	0	0	
3.1997677371e+02	446	1	38	0	1	499	50	0	500	500	0	0	0	0	
3.2049501873e+02	445	2	38	0	4	496	50	0	500	500	0	0	0	0	
3.2099620093e+02	446	2	38	0	4	496	50	0	500	500	0	0	0	0	
3.2144375017e+02	447	3	38	0	3	497	50	0	500	500	0	0	0	0	
3.2191231559e+02	447	4	38	0	1	499	50	0	500	500	0	0	0	0	
3.2243285870e+02	447	4	38	0	3	497	50	0	500	500	0	0	0	0	
3.2292015618e+02	446	4	38	0	4	496	50	0	500	500	0	0	0	0	
3.2343740118e+02	447	5	38	0	1	499	50	0	500	500	0	0	0	0	
3.2396864707e+02	449	3	38	0	2	498	50	0	500	500	0	0	0	0	
3.2448705238e+02	449	2	37	0	2	498	50	0	500	500	0	0	0	0	
3.2498583184e+02	449	2	37	0	3	497	50	0	500	500	0	0	0	0	
3.2549243238e+02	447	2	37	0	5	495	50	0	500	500	0	0	0	0	
3.2598139590e+02	448	2	36	0	1	499	50	0	500	500	0	0	0	0	
3.2634210796e+02	449	1	36	0	0	500	50	0	500	500	0	0	0	0	
3.2693870934e+02	448	1	36	0	0	500	50	0	500	500	0	0	0	0	
3.2747935032e+02	447	2	36	0	2	498	50	0	500	500	0	0	0	0	
3.2795614493e+02	447	2	37	0	2	498	50	0	500	500	0	0	0	0	
3.2849200792e+02	447	2	37	0	3	497	50	0	500	500	0	0	0	0	
3.2895862226e+02	449	1	36	0	0	500	50	0	500	500	0	0	0	0	
3.2949067257e+02	450	3	37	0	5	495	50	0	500	500	0	0	0	0	
3.2990543156e+02	449	3	37	0	3	497	50	0	500	500	0	0	0	0	
3.3047919792e+02	449	3	38	0	1	499	50	0	500	500	0	0	0	0	
3.3099980618e+02	448	3	38	0	3	497	50	0	500	500	0	0	0	0	
3.3148476362e+02	447	4	38	0	3	497	50	0	500	500	0	0	0	0	
3.3197854649e+02	449	3	38	0	8	492	50	0	500	500	0	0	0	0	
3.3249477253e+02	449	3	38	0	2	498	50	0	500	500	0	0	0	0	
3.3298542965e+02	450	3	38	0	3	497	50	0	500	500	0	0	0	0	
3.3349193778e+02	450	3	37	0	2	498	50	0	500	500	0	0	0	0	
3.3397504470e+02	450	2	39	0	2	498	50	0	500	500	0	0	0	0	
3.3443550435e+02	452	2	37	0	1	499	50	0	500	500	0	0	0	0	
3.3491515837e+02	453	1	35	0	1	499	50	0	500	500	0	0	0	0	
3.3549125077e+02	454	0	36	0	1	499	50	0	500	500	0	0	0	0	
3.3598349992e+02	455	0	37	0	0	500	50	0	500	500	0	0	0	0	
3.3638745392e+02	454	1	37	0	1	499	50	0	500	500	0	0	0	0	
3.3699002211e+02	454	4	37	0	2	498	50	0	500	500	0	0	0	0	
3.3748343561e+02	454	4	38	0	5	495	50	0	500	500	0	0	0	0	
3.3797341576e+02	454	5	37	0	4	496	50	0	500	500	0	0	0	0	
3.3846993364e+02	455	5	37	0	2	498	50	0	500	500	0	0	0	0	
3.3899790468e+02	456	3	37	0	2	498	50	0	500	500	0	0	0	0	
3.3947115303e+02	455	3	37	0	0	500	50	0	500	500	0	0	0	0	
3.3999474180e+02	456	4	37	0	5	495	50	0	500	500	0	0	0	0	
3.4049910557e+02	456	4	37	0	2	498	50	0	500	500	0	0	0	0	
3.4098232540e+02	456	4	37	0	1	499	50	0	500	500	0	0	0	0	
3.4149977465e+02	456	4	37	0	1	499	50	0	500	500	0	0	0	0	
3.4199593220e+02	454	4	38	0	1	499	50	0	500	500	0	0	0	0	
3.4241534217e+02	456	3	38	0	3	497	50	0	500	500	0	0	0	0	
3.4299407447e+02	458	2	38	0	1	499	50	0	500	500	0	0	0	0	
3.4347186175e+02	459	3	38	0	1	499	50	0	500	500	0	0	0	0	
3.4393251109e+02	459	4	38	0	2	498	50	0	500	500	0	0	0	0	
3.4448933566e+02	458	4	38	0	6	494	50	0	500	500	0	0	0	0	
3.4494637895e+02	459	4	38	0	3	497	50	0	500	500	0	0	0	0	
3.4548030048e+02	460	2	38	0	3	497	50	0	500	500	0	0	0	0	
3.4598417339e+02	461	1	38	0	3	497	50	0	500	500	0	0	0	0	
3.4648724416e+02	461	2	38	0	2	498	50	0	500	500	0	0	0	0	
3.4697228008e+02	460	3	38	0	4	496	50	0	500	500	0	0	0	0	
3.4743548740e+02	461	4	38	0	3	497	50	0	500	500	0	0	0	0	
3.4799339890e+02	462	3	38	0	4	496	50	0	500	500	0	0	0	0	
3.4847669467e+02	463	2	38	0	2	498	50	0	500	500	0	0	0	0	
3.4899564024e+02	462	2	38	0	3	497	50	0	500	500	0	0	0	0	
3.4948374510e+02	461	1	40	0	4	496	50	0	500	500	0	0	0	0	
3.4995920886e+02	460	3	40	0	1	499	50	0	500	500	0	0	0	0	
3.5043863348e+02	460	4	40	0	2	498	50	0	500	500	0	0	0	0	
3.5097295454e+02	459	3	40	0	2	498	50	0	500	500	0	0	0	0	
3.5147077802e+02	460	3	40	0	4	496	50	0	500	500	0	0	0	0	
3.5197143468e+02	460	4	41	0	0	500	50	0	500	500	0	0	0	0	
3.5247909016e+02	458	4	41	0	2	498	50	0	500	500	0	0	0	0	
3.5297779745e+02	458	4	41	0	2	498	50	0	500	500	0	0	0	0	
3.5348601073e+02	460	2	41	0	8	492	50	0	500	500	0	0	0	0	
3.5386961609e+02	460	2	41	0	0	500	50	0	500	500	0	0	0	0	
3.5446587789e+02	460	2	42	0	1	499	50	0	500	500	0	0	0	0	
3.5498476408e+02	460	2	42	0	5	495	50	0	500	500	0	0	0	0	
3.5546209151e+02	461	2	42	0	5	495	50	0	500	500	0	0	0	0	
3.5594956615e+02	460	2	42	0	1	499	50	0	500	500	0	0	0	0	
3.5647735277e+02	459	4	42	0	2	498	50	0	500	500	0	0	0	0	
3.5695681210e+02	460	6	43	0	3	497	50	0	500	500	0	0	0	0	
3.5749981704e+02	458	5	45	0	4	496	50	0	500	500	0	0	0	0	
3.5799534400e+02	458	3	45	0	1	499	50	0	500	500	0	0	0	0	
3.5847426245e+02	458	3	45	0	2	498	50	0	500	500	0	0	0	0	
3.5894390365e+02	459	1	45	0	3	497	50	0	500	500	0	0	0	0	
3.5949930468e+02	460	3	45	0	2	498	50	0	500	500	0	0	0	0	
3.5997861597e+02	460	3	46	0	5	495	50	0	500	500	0	0	0	0	
3.6044396890e+02	460	3	46	0	3	497	50	0	500	500	0	0	0	0	
3.6096796421e+02	460	2	46	0	5	495	50	0	500	500	0	0	0	0	
3.6149851549e+02	460	3	46	0	4	496	50	0	500	500	0	0	0	0	
3.6197129226e+02	460	4	46	0	2	498	50	0	500	500	0	0	0	0	
3.6249000561e+02	461	4	46	0	3	497	50	0	500	500	0	0	0	0	
3.6298976194e+02	461	4	46	0	6	494	50	0	500	500	0	0	0	0	
3.6349358003e+02	463	2	46	0	7	493	50	0	500	500	0	0	0	0	
3.6396012819e+02	461	2	46	0	5	495	50	0	500	500	0	0	0	0	
3.6436989792e+02	461	1	47	0	2	498	50	0	500	500	0	0	0	0	
3.6497991154e+02	462	1	48	0	3	497	50	0	500	500	0	0	0	0	
3.6535694603e+02	461	1	49	0	0	500	50	0	500	500	0	0	0	0	
3.6596961318e+02	461	2	49	0	0	500	50	0	500	500	0	0	0	0	
3.6649416379e+02	461	3	49	0	2	498	50	0	500	500	0	0	0	0	
3.6696059252e+02	460	3	49	0	2	498	50	0	500	500	0	0	0	0	
3.6748891399e+02	458	5	48	0	1	499	50	0	500	500	0	0	0	0	
3.6790651172e+02	458	4	48	0	0	500	50	0	500	500	0	0	0	0	
3.6848338981e+02	458	7	48	0	9	491	50	0	500	500	0	0	0	0	
3.6899905484e+02	457	9	49	0	6	494	50	0	500	500	0	0	0	0	
3.6946570608e+02	458	8	49	0	10	490	50	0	500	500	0	0	0	0	
3.6997706012e+02	457	9	49	0	9	491	50	0	500	500	0	0	0	0	
3.7049397307e+02	459	8	49	0	5	495	50	0	500	500	0	0	0	0	
3.7098314140e+02	460	9	49	0	3	497	50	0	500	500	0	0	0	0	
3.7146559872e+02	462	8	49	0	7	493	50	0	500	500	0	0	0	0	
3.7199051082e+02	462	8	49	0	8	492	50	0	500	500	0	0	0	0	
3.7249635404e+02	461	8	48	0	6	494	50	0	500	500	0	0	0	0	
3.7297659255e+02	462	7	48	0	6	494	50	0	500	500	0	0	0	0	
3.7346933551e+02	464	6	48	0	3	497	50	0	500	500	0	0	0	0	
3.7392645869e+02	466	5	48	0	5	495	50	0	500	500	0	0	0	0	
3.7448169413e+02	466	6	48	0	4	496	50	0	500	500	0	0	0	0	
3.7499296241e+02	467	7	49	0	5	495	50	0	500	500	0	0	0	0	
3.7547873485e+02	469	4	50	0	5	495	50	0	500	500	0	0	0	0	
3.7599969657e+02	469	3	49	0	2	498	50	0	500	500	0	0	0	0	
3.7646148450e+02	469	5	49	0	3	497	50	0	500	500	0	0	0	0	
3.7694348490e+02	470	4	49	0	2	498	50	0	500	500	0	0	0	0	
3.7743219210e+02	471	3	49	0	1	499	50	0	500	500	0	0	0	0	
3.7799399360e+02	471	2	49	0	4	496	50	0	500	500	0	0	0	0	
3.7846585223e+02	473	0	49	0	3	497	50	0	500	500	0	0	0	0	
3.7893010157e+02	472	2	49	0	2	498	50	0	500	500	0	0	0	0	
3.7945867248e+02	471	2	49	0	4	496	50	0	500	500	0	0	0	0	
3.7993823142e+02	471	2	49	0	2	498	50	0	500	500	0	0	0	0	
3.8049847011e+02	471	2	49	0	0	500	50	0	500	500	0	0	0	0	
3.8098152172e+02	472	2	49	0	4	496	50	0	500	500	0	0	0	0	
3.8149315970e+02	472	3	49	0	1	499	50	0	500	500	0	0	0	0	
3.8193137844e+02	472	3	48	0	3	497	50	0	500	500	0	0	0	0	
3.8247867761e+02	472	3	49	0	6	494	50	0	500	500	0	0	0	0	
3.8294293878e+02	474	2	49	0	3	497	50	0	500	500	0	0	0	0	
3.8347556694e+02	474	2	49	0	4	496	50	0	500	500	0	0	0	0	
3.8393612466e+02	474	2	50	0	3	497	50	0	500	500	0	0	0	0	
3.8449253175e+02	474	2	49	0	3	497	50	0	500	500	0	0	0	0	
3.8497012327e+02	473	4	49	0	2	498	50	0	500	500	0	0	0	0	
3.8547348251e+02	473	5	49	0	4	496	50	0	500	500	0	0	0	0	
3.8599753420e+02	474	6	49	0	4	496	50	0	500	500	0	0	0	0	
3.8640569793e+02	476	5	50	0	3	497	50	0	500	500	0	0	0	0	
3.8698148519e+02	477	5	49	0	4	496	50	0	500	500	0	0	0	0	
3.8744053568e+02	476	6	50	0	6	494	50	0	500	500	0	0	0	0	
3.8799554098e+02	476	7	50	0	6	494	50	0	500	500	0	0	0	0	
3.8841210152e+02	477	5	51	0	6	494	50	0	500	500	0	0	0	0	
3.8895223130e+02	479	3	52	0	2	498	50	0	500	500	0	0	0	0	
3.8949073861e+02	479	3	52	0	4	496	50	0	500	500	0	0	0	0	
3.8993870452e+02	480	2	52	0	3	497	50	0	500	500	0	0	0	0	
3.9045800861e+02	481	2	51	0	3	497	50	0	500	500	0	0	0	0	
3.9093881017e+02	482	1	52	0	2	498	50	0	500	500	0	0	0	0	
3.9143996369e+02	484	3	53	0	3	497	50	0	500	500	0	0	0	0	
3.9199175810e+02	485	3	54	0	2	498	50	0	500	500	0	0	0	0	
3.9247966694e+02	486	4	54	0	4	496	50	0	500	500	0	0	0	0	
3.9289745646e+02	487	3	54	0	2	498	50	0	500	500	0	0	0	0	
3.9341084048e+02	488	3	54	0	2	498	50	0	500	500	0	0	0	0	
3.9399028768e+02	490	4	53	0	4	496	50	0	500	500	0	0	0	0	
3.9449513323e+02	490	4	53	0	6	494	50	0	500	500	0	0	0	0	
3.9497365290e+02	489	4	53	0	6	494	50	0	500	500	0	0	0	0	
3.9547796981e+02	491	4	53	0	5	495	50	0	500	500	0	0	0	0	
3.9597128080e+02	492	3	53	0	5	495	50	0	500	500	0	0	0	0	
3.9647908261e+02	493	3	53	0	4	496	50	0	500	500	0	0	0	0	
3.9697090279e+02	492	5	53	0	1	499	50	0	500	500	0	0	0	0	
3.9749757561e+02	492	6	54	0	4	496	50	0	500	500	0	0	0	0	
3.9799988101e+02	493	5	51	0	8	492	50	0	500	500	0	0	0	0	
3.9846937789e+02	495	3	51	0	3	497	50	0	500	500	0	0	0	0	
3.9896336946e+02	495	4	51	0	4	496	50	0	500	500	0	0	0	0	
3.9949572552e+02	495	5	51	0	0	500	50	0	500	500	0	0	0	0	
3.9991513050e+02	495	6	52	0	3	497	50	0	500	500	0	0	0	0	
4.0043614349e+02	493	9	52	0	3	497	50	0	500	500	0	0	0	0	
4.0099331801e+02	495	9	52	0	3	497	50	0	500	500	0	0	0	0	
4.0149968757e+02	498	6	53	0	6	494	50	0	500	500	0	0	0	0	
4.0194487913e+02	499	5	53	0	4	496	50	0	500	500	0	0	0	0	
4.0246281736e+02	500	5	53	0	2	498	50	0	500	500	0	0	0	0	
4.0295207303e+02	499	5	53	0	1	499	50	0	500	500	0	0	0	0	
4.0342976763e+02	498	6	53	0	3	497	50	0	500	500	0	0	0	0	
4.0399293908e+02	498	6	53	0	4	496	50	0	500	500	0	0	0	0	
4.0448927795e+02	499	8	53	0	3	497	50	0	500	500	0	0	0	0	
4.0498710948e+02	500	6	53	0	4	496	50	0	500	500	0	0	0	0	
4.0546541098e+02	500	7	53	0	5	495	50	0	500	500	0	0	0	0	
4.0599788486e+02	502	5	53	0	8	492	50	0	500	500	0	0	0	0	
4.0648984082e+02	502	5	53	0	3	497	50	0	500	500	0	0	0	0	
4.0697695280e+02	505	3	52	0	5	495	50	0	500	500	0	0	0	0	
4.0748525514e+02	504	3	52	0	2	498	50	0	500	500	0	0	0	0	
4.0799224083e+02	505	4	51	0	5	495	50	0	500	500	0	0	0	0	
4.0845760892e+02	505	4	51	0	3	497	50	0	500	500	0	0	0	0	
4.0899826740e+02	505	5	52	0	1	499	50	0	500	500	0	0	0	0	
4.0946502570e+02	504	6	52	0	6	494	50	0	500	500	0	0	0	0	
4.0998638846e+02	508	6	52	0	2	498	50	0	500	500	0	0	0	0	
4.1043604893e+02	507	6	52	0	2	498	50	0	500	500	0	0	0	0	
4.1098891405e+02	507	6	51	0	6	494	50	0	500	500	0	0	0	0	
4.1149527517e+02	508	5	52	0	2	498	50	0	500	500	0	0	0	0	
4.1192616469e+02	509	6	52	0	3	497	50	0	500	500	0	0	0	0	
4.1238891996e+02	508	6	52	0	2	498	50	0	500	500	0	0	0	0	
4.1299725020e+02	508	7	52	0	7	493	50	0	500	500	0	0	0	0	
4.1349489268e+02	508	8	52	0	8	492	50	0	500	500	0	0	0	0	
4.1398297809e+02	509	6	53	0	5	495	50	0	500	500	0	0	0	0	
4.1443661653e+02	508	5	53	0	5	495	50	0	500	500	0	0	0	0	
4.1497985120e+02	508	5	53	0	1	499	50	0	500	500	0	0	0	0	
4.1549687732e+02	509	6	52	0	1	499	50	0	500	500	0	0	0	0	
4.1593119749e+02	512	3	53	0	2	498	50	0	500	500	0	0	0	0	
4.1647518150e+02	512	4	54	0	5	495	50	0	500	500	0	0	0	0	
4.1698656360e+02	513	4	54	0	0	500	50	0	500	500	0	0	0	0	
4.1748054341e+02	515	5	53	0	0	500	50	0	500	500	0	0	0	0	
4.1797002278e+02	514	4	54	0	2	498	50	0	500	500	0	0	0	0	
4.1846847379e+02	512	4	54	0	1	499	50	0	500	500	0	0	0	0	
4.1894485242e+02	511	4	54	0	4	496	50	0	500	500	0	0	0	0	
4.1949290164e+02	511	6	55	0	6	494	50	0	500	500	0	0	0	0	
4.1995618815e+02	513	4	55	0	2	498	50	0	500	500	0	0	0	0	
4.2049948615e+02	512	5	56	0	5	495	50	0	500	500	0	0	0	0	
4.2097418067e+02	513	5	56	0	0	500	50	0	500	500	0	0	0	0	
4.2147789236e+02	513	7	57	0	5	495	50	0	500	500	0	0	0	0	
4.2191000144e+02	513	6	57	0	4	496	50	0	500	500	0	0	0	0	
4.2249799901e+02	512	7	55	0	10	490	50	0	500	500	0	0	0	0	
4.2295850102e+02	513	5	55	0	8	492	50	0	500	500	0	0	0	0	
4.2349945930e+02	513	7	55	0	3	497	50	0	500	500	0	0	0	0	
4.2394346186e+02	513	7	55	0	5	495	50	0	500	500	0	0	0	0	
4.2444980910e+02	513	8	56	0	6	494	50	0	500	500	0	0	0	0	
4.2497691071e+02	515	7	56	0	9	491	50	0	500	500	0	0	0	0	
4.2548610957e+02	517	7	57	0	6	494	50	0	500	500	0	0	0	0	
4.2597107418e+02	518	7	57	0	3	497	50	0	500	500	0	0	0	0	
4.2646325078e+02	518	10	57	0	9	491	50	0	500	500	0	0	0	0	
4.2697124369e+02	522	6	57	0	5	495	50	0	500	500	0	0	0	0	
4.2746400343e+02	523	5	57	0	4	496	50	0	500	500	0	0	0	0	
4.2795001883e+02	523	5	56	0	4	496	50	0	500	500	0	0	0	0	
4.2848749374e+02	523	5	56	0	5	495	50	0	500	500	0	0	0	0	
4.2899515958e+02	522	6	57	0	1	499	50	0	500	500	0	0	0	0	
4.2942081032e+02	523	7	56	0	2	498	50	0	500	500	0	0	0	0	
4.2997837194e+02	523	7	55	0	5	495	50	0	500	500	0	0	0	0	
4.3045322445e+02	524	7	55	0	11	489	50	0	500	500	0	0	0	0	
4.3099049530e+02	525	6	55	0	5	495	50	0	500	500	0	0	0	0	
4.3148910969e+02	525	7	54	0	6	494	50	0	500	500	0	0	0	0	
4.3195135734e+02	527	5	55	0	4	496	50	0	500	500	0	0	0	0	
4.3247504957e+02	528	6	55	0	4	496	50	0	500	500	0	0	0	0	
4.3299609369e+02	527	4	56	0	1	499	50	0	500	500	0	0	0	0	
4.3348472243e+02	527	6	56	0	4	496	50	0	500	500	0	0	0	0	
4.3392308102e+02	528	6	55	0	3	497	50	0	500	500	0	0	0	0	
4.3449416713e+02	529	6	55	0	3	497	50	0	500	500	0	0	0	0	
4.3499209730e+02	531	5	56	0	1	499	50	0	500	500	0	0	0	0	
4.3546514897e+02	532	3	56	0	5	495	50	0	500	500	0	0	0	0	
4.3595020919e+02	531	4	56	0	7	493	50	0	500	500	0	0	0	0	
4.3649561864e+02	532	3	56	0	3	497	50	0	500	500	0	0	0	0	
4.3698798603e+02	532	3	56	0	5	495	50	0	500	500	0	0	0	0	
4.3749830675e+02	533	2	56	0	4	496	50	0	500	500	0	0	0	0	
4.3791649542e+02	533	1	56	0	1	499	50	0	500	500	0	0	0	0	
4.3846242003e+02	534	0	58	0	1	499	50	0	500	500	0	0	0	0	
4.3899565512e+02	534	2	58	0	3	497	50	0	500	500	0	0	0	0	
4.3933490063e+02	532	2	58	0	1	499	50	0	500	500	0	0	0	0	
4.3999467700e+02	531	2	60	0	4	496	50	0	500	500	0	0	0	0	
4.4045886889e+02	530	3	60	0	2	498	50	0	500	500	0	0	0	0	
4.4099290653e+02	531	4	59	0	4	496	50	0	500	500	0	0	0	0	
4.4149112262e+02	532	4	59	0	5	495	50	0	500	500	0	0	0	0	
4.4198494608e+02	534	2	59	0	3	497	50	0	500	500	0	0	0	0	
4.4247914582e+02	533	2	59	0	7	493	50	0	500	500	0	0	0	0	
4.4299107604e+02	534	2	58	0	5	495	50	0	500	500	0	0	0	0	
4.4347736450e+02	535	1	58	0	3	497	50	0	500	500	0	0	0	0	
4.4398979639e+02	535	4	58	0	6	494	50	0	500	500	0	0	0	0	
4.4448077621e+02	535	4	57	0	4	496	50	0	500	500	0	0	0	0	
4.4499010389e+02	535	3	56	0	7	493	50	0	500	500	0	0	0	0	
4.4547980503e+02	536	3	55	0	5	495	50	0	500	500	0	0	0	0	
4.4597055370e+02	537	3	55	0	3	497	50	0	500	500	0	0	0	0	
4.4647047995e+02	540	1	56	0	2	498	50	0	500	500	0	0	0	0	
4.4697476702e+02	540	2	56	0	5	495	50	0	500	500	0	0	0	0	
4.4749783582e+02	539	1	56	0	3	497	50	0	500	500	0	0	0	0	
4.4797015945e+02	540	0	56	0	4	496	50	0	500	500	0	0	0	0	
4.4838059082e+02	539	0	55	0	2	498	50	0	500	500	0	0	0	0	
4.4895064196e+02	538	0	54	0	5	495	50	0	500	500	0	0	0	0	
4.4949273702e+02	538	0	54	0	3	497	50	0	500	500	0	0	0	0	
4.4982734489e+02	538	1	55	0	2	498	50	0	500	500	0	0	0	0	
4.5037711745e+02	537	3	56	0	0	500	50	0	500	500	0	0	0	0	
4.5094587345e+02	537	4	56	0	3	497	50	0	500	500	0	0	0	0	
4.5144763992e+02	538	3	57	0	7	493	50	0	500	500	0	0	0	0	
4.5195916118e+02	538	6	57	0	8	492	50	0	500	500	0	0	0	0	
4.5248508313e+02	539	4	57	0	6	494	50	0	500	500	0	0	0	0	
4.5299937630e+02	539	4	58	0	3	497	50	0	500	500	0	0	0	0	
4.5347577111e+02	537	5	58	0	6	494	50	0	500	500	0	0	0	0	
4.5390191265e+02	537	5	58	0	6	494	50	0	500	500	0	0	0	0	
4.5448652224e+02	536	7	58	0	2	498	50	0	500	500	0	0	0	0	
4.5495751390e+02	535	8	58	0	6	494	50	0	500	500	0	0	0	0	
4.5548852025e+02	536	7	59	0	3	497	50	0	500	500	0	0	0	0	
4.5596405434e+02	534	7	59	0	5	495	50	0	500	500	0	0	0	0	
4.5649949518e+02	537	5	59	0	10	490	50	0	500	500	0	0	0	0	
4.5699981769e+02	538	4	59	0	5	495	50	0	500	500	0	0	0	0	
4.5744178569e+02	540	3	59	0	2	498	50	0	500	500	0	0	0	0	
4.5797544004e+02	538	4	59	0	1	499	50	0	500	500	0	0	0	0	
4.5846702832e+02	537	5	59	0	2	498	50	0	500	500	0	0	0	0	
4.5895321595e+02	539	4	58	0	2	498	50	0	500	500	0	0	0	0	
4.5949876548e+02	538	5	58	0	6	494	50	0	500	500	0	0	0	0	
4.5997736281e+02	539	5	57	0	3	497	50	0	500	500	0	0	0	0	
4.6049986450e+02	538	6	57	0	1	499	50	0	500	500	0	0	0	0	
4.6097979864e+02	540	4	56	0	2	498	50	0	500	500	0	0	0	0	
4.6143770639e+02	541	2	56	0	2	498	50	0	500	500	0	0	0	0	
4.6187247778e+02	539	1	56	0	1	499	50	0	500	500	0	0	0	0	
4.6247108441e+02	540	1	56	0	2	498	50	0	500	500	0	0	0	0	
4.6287146823e+02	539	3	56	0	2	498	50	0	500	500	0	0	0	0	
4.6349354536e+02	540	2	56	0	4	496	50	0	500	500	0	0	0	0	
4.6399884742e+02	541	2	56	0	7	493	50	0	500	500	0	0	0	0	
4.6449195209e+02	540	3	56	0	7	493	50	0	500	500	0	0	0	0	
4.6499627070e+02	541	2	56	0	7	493	50	0	500	500	0	0	0	0	
4.6548473733e+02	541	4	57	0	2	498	50	0	500	500	0	0	0	0	
4.6598740370e+02	540	3	57	0	4	496	50	0	500	500	0	0	0	0	
4.6649323786e+02	540	4	57	0	7	493	50	0	500	500	0	0	0	0	
4.6698966458e+02	541	3	57	0	5	495	50	0	500	500	0	0	0	0	
4.6742611161e+02	540	4	57	0	5	495	50	0	500	500	0	0	0	0	
4.6798023276e+02	543	2	57	0	0	500	50	0	500	500	0	0	0	0	
4.6846892803e+02	543	3	57	0	3	497	50	0	500	500	0	0	0	0	
4.6896018452e+02	543	3	57	0	5	495	50	0	500	500	0	0	0	0	
4.6942024220e+02	544	2	58	0	9	491	50	0	500	500	0	0	0	0	
4.6997266145e+02	544	2	58	0	6	494	50	0	500	500	0	0	0	0	
4.7048304131e+02	544	5	58	0	5	495	50	0	500	500	0	0	0	0	
4.7099418235e+02	545	3	58	0	3	497	50	0	500	500	0	0	0	0	
4.7146245742e+02	546	2	58	0	2	498	50	0	500	500	0	0	0	0	
4.7199401605e+02	546	3	59	0	3	497	50	0	500	500	0	0	0	0	
4.7243600356e+02	545	3	59	0	4	496	50	0	500	500	0	0	0	0	
4.7292856231e+02	545	4	59	0	4	496	50	0	500	500	0	0	0	0	
4.7346896843e+02	545	6	59	0	2	498	50	0	500	500	0	0	0	0	
4.7399948126e+02	548	3	59	0	2	498	50	0	500	500	0	0	0	0	
4.7448664566e+02	547	2	59	0	3	497	50	0	500	500	0	0	0	0	
4.7497520848e+02	547	1	58	0	2	498	50	0	500	500	0	0	0	0	
4.7549675232e+02	545	2	57	0	3	497	50	0	500	500	0	0	0	0	
4.7599050141e+02	545	2	57	0	3	497	50	0	500	500	0	0	0	0	
4.7639229344e+02	543	2	57	0	0	500	50	0	500	500	0	0	0	0	
4.7699708438e+02	542	3	56	0	3	497	50	0	500	500	0	0	0	0	
4.7744978583e+02	542	3	55	0	3	497	50	0	500	500	0	0	0	0	
4.7799988599e+02	542	4	55	0	1	499	50	0	500	500	0	0	0	0	
4.7849362360e+02	540	4	54	0	6	494	50	0	500	500	0	0	0	0	
4.7899871106e+02	541	7	53	0	2	498	50	0	500	500	0	0	0	0	
4.7948421131e+02	543	6	52	0	7	493	50	0	500	500	0	0	0	0	
4.7996599674e+02	545	5	51	0	2	498	50	0	500	500	0	0	0	0	
4.8049466811e+02	545	6	51	0	3	497	50	0	500	500	0	0	0	0	
4.8096471020e+02	546	7	51	0	5	495	50	0	500	500	0	0	0	0	
4.8148948456e+02	549	4	51	0	5	495	50	0	500	500	0	0	0	0	
4.8191448744e+02	551	2	51	0	3	497	50	0	500	500	0	0	0	0	
4.8237454772e+02	552	2	51	0	1	499	50	0	500	500	0	0	0	0	
4.8299756709e+02	552	3	51	0	7	493	50	0	500	500	0	0	0	0	
4.8343742973e+02	553	2	51	0	7	493	50	0	500	500	0	0	0	0	
4.8398875314e+02	552	3	50	0	1	499	50	0	500	500	0	0	0	0	
4.8447848149e+02	552	4	51	0	7	493	50	0	500	500	0	0	0	0	
4.8494644145e+02	551	5	50	0	3	497	50	0	500	500	0	0	0	0	
4.8547191567e+02	552	5	50	0	3	497	50	0	500	500	0	0	0	0	
4.8595578888e+02	555	3	51	0	1	499	50	0	500	500	0	0	0	0	
4.8648724374e+02	558	2	51	0	3	497	50	0	500	500	0	0	0	0	
4.8692310718e+02	559	2	51	0	4	496	50	0	500	500	0	0	0	0	
4.8747935111e+02	559	1	50	0	3	497	50	0	500	500	0	0	0	0	
4.8799299707e+02	559	4	50	0	3	497	50	0	500	500	0	0	0	0	
4.8845391860e+02	561	3	50	0	8	492	50	0	500	500	0	0	0	0	
4.8894011786e+02	561	5	50	0	6	494	50	0	500	500	0	0	0	0	
4.8942372556e+02	563	4	50	0	4	496	50	0	500	500	0	0	0	0	
4.8997552995e+02	565	5	50	0	6	494	50	0	500	500	0	0	0	0	
4.9049583476e+02	568	2	50	0	5	495	50	0	500	500	0	0	0	0	
4.9099315780e+02	567	2	49	0	5	495	50	0	500	500	0	0	0	0	
4.9149476489e+02	567	1	49	0	2	498	50	0	500	500	0	0	0	0	
4.9199338931e+02	567	3	49	0	2	498	50	0	500	500	0	0	0	0	
4.9243453483e+02	569	1	49	0	2	498	50	0	500	500	0	0	0	0	
4.9299785631e+02	568	3	49	0	1	499	50	0	500	500	0	0	0	0	
4.9348416994e+02	568	2	48	0	2	498	50	0	500	500	0	0	0	0	
4.9395044366e+02	566	3	49	0	2	498	50	0	500	500	0	0	0	0	
4.9449955184e+02	567	2	49	0	3	497	50	0	500	500	0	0	0	0	
4.9496085792e+02	567	2	49	0	4	496	50	0	500	500	0	0	0	0	
4.9549907149e+02	567	1	48	0	5	495	50	0	500	500	0	0	0	0	
4.9598537570e+02	568	0	47	0	4	496	50	0	500	500	0	0	0	0	
4.9648566855e+02	569	1	47	0	5	495	50	0	500	500	0	0	0	0	
4.9699020711e+02	568	2	49	0	3	497	50	0	500	500	0	0	0	0	
4.9744516848e+02	568	2	48	0	3	497	50	0	500	500	0	0	0	0	
4.9799988127e+02	569	2	48	0	1	499	50	0	500	500	0	0	0	0	
4.9846201986e+02	570	3	49	0	3	497	50	0	500	500	0	0	0	0	
4.9899836325e+02	571	3	51	0	2	498	50	0	500	500	0	0	0	0	
4.9947678876e+02	571	5	52	0	5	495	50	0	500	500	0	0	0	0	
4.9996839102e+02	571	5	52	0	4	496	50	0	500	500	0	0	0	0	
5.0001599757e+02	571	5	52	0	5	495	50	0	500	500	0	0	0	0	
