0.0000000000e+00	0	0	500	0	0	0	0	50	500	500	500	0	0	40	
4.9808351647e-01	0	0	473	27	0	16	0	50	500	500	500	0	0	40	
9.9951788209e-01	0	2	479	21	0	29	0	50	500	500	500	0	0	40	
1.4951181405e+00	0	3	467	33	0	34	0	50	500	500	500	0	0	40	
1.9956829604e+00	0	5	450	50	0	35	0	50	500	500	500	0	0	40	
2.4927110678e+00	0	5	445	55	0	35	0	50	500	500	500	0	0	40	
2.9963609199e+00	0	6	448	52	2	37	0	50	500	500	500	0	0	40	
3.4974729045e+00	0	7	446	54	0	42	0	50	500	500	500	0	0	40	
3.9997110295e+00	0	7	423	77	2	40	0	50	500	500	500	0	0	40	
4.4692487851e+00	0	8	426	74	1	37	0	50	500	500	500	0	0	40	
4.9953741160e+00	0	8	434	66	0	38	0	50	500	500	500	0	0	40	
5.4991456470e+00	0	8	439	61	2	39	0	50	500	500	500	0	0	40	
5.9985391726e+00	0	8	416	84	2	33	0	50	500	500	500	0	0	40	
6.4991416672e+00	0	11	420	80	2	35	0	50	500	500	500	0	0	40	
6.9947474149e+00	0	12	421	79	2	37	0	50	500	500	500	0	0	40	
7.4970250225e+00	0	13	420	80	3	40	0	50	500	500	500	0	0	40	
7.9920012293e+00	0	14	404	96	3	36	0	50	500	500	500	0	0	40	
8.4832561077e+00	0	14	426	74	2	35	0	50	500	500	500	0	0	40	
8.9989773305e+00	0	14	423	77	2	29	0	50	500	500	500	0	0	40	
9.4973192229e+00	0	14	436	64	2	34	0	50	500	500	500	0	0	40	
9.9927297691e+00	0	14	438	62	0	35	0	50	500	500	500	0	0	40	
1.0492938884e+01	0	18	440	60	0	36	0	50	500	500	500	0	0	40	
1.0999351167e+01	1	19	452	48	3	34	0	50	500	500	500	0	0	40	
1.1494690220e+01	1	21	452	48	6	35	0	50	500	500	500	0	0	40	
1.1995303589e+01	2	20	457	43	2	36	0	50	500	500	500	0	0	40	
1.2493625733e+01	2	21	450	50	1	34	0	50	500	500	500	0	0	40	
1.2989669048e+01	2	22	459	41	3	29	0	50	500	500	500	0	0	40	
1.3495148688e+01	3	22	455	45	4	31	0	50	500	500	500	0	0	40	
1.3991375486e+01	3	24	451	49	2	37	0	50	500	500	500	0	0	40	
1.4499538651e+01	5	22	461	39	5	33	0	50	500	500	500	0	0	40	
1.4996532260e+01	5	22	455	45	1	36	0	50	500	500	500	0	0	40	
1.5497260588e+01	5	22	459	41	2	29	0	50	500	500	500	0	0	40	
1.5989872632e+01	5	23	436	64	4	32	0	50	500	500	500	0	0	40	
1.6498535227e+01	5	24	455	45	4	35	0	50	500	500	500	0	0	40	
1.6993973960e+01	5	25	462	38	3	43	0	50	500	500	500	0	0	40	
1.7497554859e+01	5	27	472	28	2	44	0	50	500	500	500	0	0	40	
1.7999027477e+01	5	27	461	39	5	37	0	50	500	500	500	0	0	40	
1.8491098661e+01	5	27	452	48	2	45	0	50	500	500	500	0	0	40	
1.8995569388e+01	5	28	443	57	2	41	0	50	500	500	500	0	0	40	
1.9499311908e+01	6	27	456	44	3	40	0	50	500	500	500	0	0	40	
1.9999983975e+01	6	28	449	51	6	37	0	50	500	500	500	0	0	40	
2.0497685922e+01	7	28	445	55	3	31	0	50	500	500	500	0	0	40	
2.0997174949e+01	7	29	451	49	3	28	0	50	500	500	500	0	0	40	
2.1494699109e+01	7	30	462	38	5	31	0	50	500	500	500	0	0	40	
2.1994977274e+01	7	30	451	49	4	33	0	50	500	500	500	0	0	40	
2.2499253946e+01	6	32	452	48	5	35	0	50	500	500	500	0	0	40	
2.2997452107e+01	7	33	449	51	3	36	0	50	500	500	500	0	0	40	
2.3499656891e+01	8	33	454	46	5	37	0	50	500	500	500	0	0	40	
2.3993116040e+01	8	35	452	48	6	34	0	50	500	500	500	0	0	40	
2.4496754633e+01	8	35	458	42	4	41	0	50	500	500	500	0	0	40	
2.4998028328e+01	8	35	450	50	5	36	0	50	500	500	500	0	0	40	
2.5497509327e+01	7	36	441	59	9	30	0	50	500	500	500	0	0	40	
2.5990115547e+01	7	38	447	53	4	33	0	50	500	500	500	0	0	40	
2.6499087153e+01	9	38	448	52	3	42	0	50	500	500	500	0	0	40	
2.6993579525e+01	10	37	445	55	6	40	0	50	500	500	500	0	0	40	
2.7493989188e+01	10	37	448	52	6	36	0	50	500	500	500	0	0	40	
2.7998679813e+01	11	37	458	42	3	41	0	50	500	500	500	0	0	40	
2.8495397346e+01	12	37	448	52	7	41	0	50	500	500	500	0	0	40	
2.8994059006e+01	11	38	439	61	3	36	0	50	500	500	500	0	0	40	
2.9495652496e+01	11	40	440	60	4	32	0	50	500	500	500	0	0	40	
2.9994310181e+01	12	39	448	52	3	27	0	50	500	500	500	0	0	40	
3.0496326604e+01	10	41	442	58	4	28	0	50	500	500	500	0	0	40	
3.0994866952e+01	11	40	445	55	6	36	0	50	500	500	500	0	0	40	
3.1498647740e+01	11	40	460	40	2	44	0	50	500	500	500	0	0	40	
3.1997908900e+01	11	42	462	38	13	32	0	50	500	500	500	0	0	40	
3.2496027921e+01	12	42	470	30	7	27	0	50	500	500	500	0	0	40	
3.2997581711e+01	13	42	463	37	4	30	0	50	500	500	500	0	0	40	
3.3497299731e+01	15	40	468	32	2	35	0	50	500	500	500	0	0	40	
3.3998431705e+01	17	38	469	31	5	34	0	50	500	500	500	0	0	40	
3.4494780396e+01	20	36	463	37	7	31	0	50	500	500	500	0	0	40	
3.4976300691e+01	19	37	466	34	4	28	0	50	500	500	500	0	0	40	
3.5492374654e+01	19	36	455	45	6	23	0	50	500	500	500	0	0	40	
3.5997392221e+01	19	36	457	43	1	33	0	50	500	500	500	0	0	40	
3.6487993662e+01	16	39	456	44	4	38	0	50	500	500	500	0	0	40	
3.6991976629e+01	16	39	452	48	6	36	0	50	500	500	500	0	0	40	
3.7497408201e+01	17	38	452	48	6	45	0	50	500	500	500	0	0	40	
3.7999856020e+01	18	38	445	55	7	50	0	50	500	500	500	0	0	40	
3.8498341794e+01	19	38	437	63	6	38	0	50	500	500	500	0	0	40	
3.8997054383e+01	20	38	449	51	11	37	0	50	500	500	500	0	0	40	
3.9499137661e+01	22	38	461	39	8	47	0	50	500	500	500	0	0	40	
3.9998073287e+01	21	40	469	31	5	41	0	50	500	500	500	0	0	40	
4.0495578239e+01	22	39	454	46	1	40	0	50	500	500	500	0	0	40	
4.0998999487e+01	22	40	462	38	3	42	0	50	500	500	500	0	0	40	
4.1493346493e+01	25	38	460	40	5	36	0	50	500	500	500	0	0	40	
4.1994950832e+01	25	38	456	44	2	36	0	50	500	500	500	0	0	40	
4.2496271423e+01	25	38	444	56	2	42	0	50	500	500	500	0	0	40	
4.2997700764e+01	27	36	430	70	4	44	0	50	500	500	500	0	0	40	
4.3494446798e+01	27	37	420	80	1	49	0	50	500	500	500	0	0	40	
4.3995381017e+01	29	40	427	73	2	42	0	50	500	500	500	0	0	40	
4.4493131655e+01	28	41	439	61	6	31	0	50	500	500	500	0	0	40	
4.4995335676e+01	28	42	441	59	5	35	0	50	500	500	500	0	0	40	
4.5499958475e+01	29	41	449	51	4	35	0	50	500	500	500	0	0	40	
4.5997240033e+01	30	42	458	42	7	33	0	50	500	500	500	0	0	40	
4.6496068071e+01	29	45	468	32	1	25	0	50	500	500	500	0	0	40	
4.6990078932e+01	28	47	462	38	11	21	0	50	500	500	500	0	0	40	
4.7493242942e+01	28	47	455	45	8	31	0	50	500	500	500	0	0	40	
4.7996474922e+01	28	47	462	38	8	43	0	50	500	500	500	0	0	40	
4.8499418959e+01	29	46	457	43	14	27	0	50	500	500	500	0	0	40	
4.8983331158e+01	31	44	456	44	6	36	0	50	500	500	500	0	0	40	
4.9496507941e+01	32	43	453	47	5	40	0	50	500	500	500	0	0	40	
4.9994630870e+01	33	43	447	53	8	35	0	50	500	500	500	0	0	40	
5.0489185062e+01	33	47	453	47	10	30	0	50	500	500	500	0	0	40	
5.0989318203e+01	31	49	454	46	7	27	0	50	500	500	500	0	0	40	
5.1489474766e+01	30	53	458	42	6	30	0	50	500	500	500	0	0	40	
5.1996244497e+01	30	53	457	43	3	33	0	50	500	500	500	0	0	40	
5.2495417681e+01	31	54	451	49	4	33	0	50	500	500	500	0	0	40	
5.2999798887e+01	30	55	451	49	5	24	0	50	500	500	500	0	0	40	
5.3494444680e+01	32	53	440	60	3	28	0	50	500	500	500	0	0	40	
5.3998520452e+01	34	51	455	45	5	25	0	50	500	500	500	0	0	40	
5.4495809666e+01	33	53	449	51	0	22	0	50	500	500	500	0	0	40	
5.4999575312e+01	33	54	442	58	5	19	0	50	500	500	500	0	0	40	
5.5492285017e+01	33	58	449	51	7	22	0	50	500	500	500	0	0	40	
5.5988646788e+01	33	60	445	55	9	23	0	50	500	500	500	0	0	40	
5.6495468095e+01	34	61	455	45	6	24	0	50	500	500	500	0	0	40	
5.6999184976e+01	33	63	461	39	11	22	0	50	500	500	500	0	0	40	
5.7490368427e+01	35	62	459	41	6	30	0	50	500	500	500	0	0	40	
5.7999708025e+01	37	61	453	47	8	23	0	50	500	500	500	0	0	40	
5.8487952389e+01	37	63	462	38	6	18	0	50	500	500	500	0	0	40	
5.8997728330e+01	35	67	451	49	9	11	0	50	500	500	500	0	0	40	
5.9499932468e+01	35	67	453	47	5	13	0	50	500	500	500	0	0	40	
5.9990876109e+01	35	67	461	39	4	20	0	50	500	500	500	0	0	40	
6.0485287677e+01	35	67	462	38	7	19	0	50	500	500	500	0	0	40	
6.0997817161e+01	35	68	450	50	8	18	0	50	500	500	500	0	0	40	
6.1493156189e+01	34	70	456	44	3	20	0	50	500	500	500	0	0	40	
6.1998689711e+01	35	71	446	54	6	21	0	50	500	500	500	0	0	40	
6.2488827890e+01	35	73	452	48	3	23	0	50	500	500	500	0	0	40	
6.2999733717e+01	35	76	451	49	4	20	0	50	500	500	500	0	0	40	
6.3499069532e+01	37	75	445	55	10	17	0	50	500	500	500	0	0	40	
6.3985006947e+01	37	77	450	50	2	22	0	50	500	500	500	0	0	40	
6.4499747361e+01	38	76	462	38	7	21	0	50	500	500	500	0	0	40	
6.4997226711e+01	38	77	457	43	9	18	0	50	500	500	500	0	0	40	
6.5494284292e+01	38	77	461	39	8	22	0	50	500	500	500	0	0	40	
6.5999139481e+01	38	78	455	45	5	28	0	50	500	500	500	0	0	40	
6.6496758791e+01	39	78	456	44	12	18	0	50	500	500	500	0	0	40	
6.6991519252e+01	39	79	452	48	9	19	0	50	500	500	500	0	0	40	
6.7497043105e+01	39	78	455	45	9	11	0	50	500	500	500	0	0	40	
6.7998960544e+01	38	82	454	46	10	11	0	50	500	500	500	0	0	40	
6.8497604901e+01	37	83	450	50	8	19	0	50	500	500	500	0	0	40	
6.8996827958e+01	37	82	456	44	7	19	0	50	500	500	500	0	0	40	
6.9497871882e+01	35	85	465	35	12	14	0	50	500	500	500	0	0	40	
6.9996205941e+01	36	84	468	32	14	17	0	50	500	500	500	0	0	40	
7.0494570008e+01	36	85	465	35	10	20	0	50	500	500	500	0	0	40	
7.0997482131e+01	38	83	461	39	9	28	0	50	500	500	500	0	0	40	
7.1497077847e+01	37	85	451	49	13	20	0	50	500	500	500	0	0	40	
7.1993616050e+01	36	88	465	35	9	20	0	50	500	500	500	0	0	40	
7.2493901469e+01	35	89	458	42	11	16	0	50	500	500	500	0	0	40	
7.2998428019e+01	34	92	464	36	7	18	0	50	500	500	500	0	0	40	
7.3496152859e+01	32	94	464	36	9	18	0	50	500	500	500	0	0	40	
7.3996575569e+01	35	92	458	42	1	24	0	50	500	500	500	0	0	40	
7.4498856623e+01	34	96	464	36	3	18	0	50	500	500	500	0	0	40	
7.4999236023e+01	34	98	458	42	6	13	0	50	500	500	500	0	0	40	
7.5494439322e+01	34	100	440	60	6	16	0	50	500	500	500	0	0	40	
7.5998391477e+01	35	100	437	63	5	10	0	50	500	500	500	0	0	40	
7.6495963009e+01	34	103	445	55	7	12	0	50	500	500	500	0	0	40	
7.6999670070e+01	34	103	459	41	3	18	0	50	500	500	500	0	0	40	
7.7499720617e+01	33	106	453	47	8	18	0	50	500	500	500	0	0	40	
7.7998494767e+01	32	107	459	41	14	17	0	50	500	500	500	0	0	40	
7.8498087612e+01	32	107	462	38	8	14	0	50	500	500	500	0	0	40	
7.8997409580e+01	31	108	455	45	3	15	0	50	500	500	500	0	0	40	
7.9491762815e+01	31	110	453	47	8	16	0	50	500	500	500	0	0	40	
7.9996662147e+01	31	111	465	35	11	21	0	50	500	500	500	0	0	40	
8.0497231104e+01	31	112	457	43	14	26	0	50	500	500	500	0	0	40	
8.0999741587e+01	33	111	452	48	16	21	0	50	500	500	500	0	0	40	
8.1498630434e+01	33	112	447	53	6	25	0	50	500	500	500	0	0	40	
8.1995130182e+01	34	111	440	60	11	23	0	50	500	500	500	0	0	40	
8.2491163842e+01	32	115	454	46	13	21	0	50	500	500	500	0	0	40	
8.2998666771e+01	29	118	451	49	9	11	0	50	500	500	500	0	0	40	
8.3495091654e+01	30	117	449	51	4	12	0	50	500	500	500	0	0	40	
8.3998510318e+01	31	116	444	56	2	12	0	50	500	500	500	0	0	40	
8.4498015469e+01	30	118	440	60	8	12	0	50	500	500	500	0	0	40	
8.4998774794e+01	29	120	445	55	10	17	0	50	500	500	500	0	0	40	
8.5498609355e+01	29	121	440	60	5	9	0	50	500	500	500	0	0	40	
8.5997362619e+01	28	124	450	50	12	10	0	50	500	500	500	0	0	40	
8.6498473961e+01	30	122	448	52	6	13	0	50	500	500	500	0	0	40	
8.6992864119e+01	30	123	454	46	5	16	0	50	500	500	500	0	0	40	
8.7491215102e+01	31	122	455	45	6	17	0	50	500	500	500	0	0	40	
8.7992732161e+01	33	121	449	51	10	14	0	50	500	500	500	0	0	40	
8.8498146920e+01	33	120	448	52	7	18	0	50	500	500	500	0	0	40	
8.8992760125e+01	33	120	451	49	12	15	0	50	500	500	500	0	0	40	
8.9497532407e+01	34	120	462	38	10	12	0	50	500	500	500	0	0	40	
8.9995834538e+01	37	118	455	45	9	12	0	50	500	500	500	0	0	40	
9.0498366953e+01	38	117	452	48	3	13	0	50	500	500	500	0	0	40	
9.0999535903e+01	37	121	451	49	11	13	0	50	500	500	500	0	0	40	
9.1498858053e+01	36	124	453	47	7	17	0	50	500	500	500	0	0	40	
9.1996488137e+01	37	123	453	47	9	18	0	50	500	500	500	0	0	40	
9.2497421308e+01	37	126	458	42	14	10	0	50	500	500	500	0	0	40	
9.2999014537e+01	37	128	460	40	7	21	0	50	500	500	500	0	0	40	
9.3495635731e+01	35	130	462	38	8	15	0	50	500	500	500	0	0	40	
9.3997347836e+01	35	128	459	41	11	12	0	50	500	500	500	0	0	40	
9.4499231308e+01	35	128	443	57	9	19	0	50	500	500	500	0	0	40	
9.4998370064e+01	37	126	448	52	5	19	0	50	500	500	500	0	0	40	
9.5495565092e+01	38	124	458	42	8	18	0	50	500	500	500	0	0	40	
9.5994872903e+01	38	125	459	41	14	20	0	50	500	500	500	0	0	40	
9.6498366225e+01	37	126	467	33	10	22	0	50	500	500	500	0	0	40	
9.6999944814e+01	37	128	454	46	16	11	0	50	500	500	500	0	0	40	
9.7499794595e+01	37	131	450	50	7	16	0	50	500	500	500	0	0	40	
9.7997151582e+01	37	132	446	54	10	13	0	50	500	500	500	0	0	40	
9.8498361916e+01	37	134	446	54	9	16	0	50	500	500	500	0	0	40	
9.8998040737e+01	37	135	438	62	7	15	0	50	500	500	500	0	0	40	
9.9499204351e+01	36	137	449	51	11	11	0	50	500	500	500	0	0	40	
9.9994358029e+01	32	142	459	41	9	9	0	50	500	500	500	0	0	40	
1.0048740774e+02	30	145	461	39	9	16	0	50	500	500	500	0	0	40	
1.0099851677e+02	30	147	466	34	10	12	0	50	500	500	500	0	0	40	
1.0149868357e+02	30	147	461	39	7	15	0	50	500	500	500	0	0	40	
1.0199828650e+02	31	148	458	42	7	13	0	50	500	500	500	0	0	40	
1.0249327605e+02	33	146	465	35	6	9	0	50	500	500	500	0	0	40	
1.0299685687e+02	34	146	455	45	14	15	0	50	500	500	500	0	0	40	
1.0349967507e+02	34	148	462	38	11	13	0	50	500	500	500	0	0	40	
1.0399736611e+02	35	149	450	50	9	18	0	50	500	500	500	0	0	40	
1.0449990958e+02	34	152	461	39	16	10	0	50	500	500	500	0	0	40	
1.0499638945e+02	35	152	463	37	8	14	0	50	500	500	500	0	0	40	
1.0549322716e+02	35	154	462	38	7	14	0	50	500	500	500	0	0	40	
1.0599783197e+02	37	154	461	39	11	8	0	50	500	500	500	0	0	40	
1.0649114425e+02	37	155	467	33	9	11	0	50	500	500	500	0	0	40	
1.0699164021e+02	38	157	465	35	5	14	0	50	500	500	500	0	0	40	
1.0749998434e+02	37	159	450	50	11	17	0	50	500	500	500	0	0	40	
1.0799976530e+02	38	159	447	53	14	16	0	50	500	500	500	0	0	40	
1.0849423264e+02	38	159	446	54	15	14	0	50	500	500	500	0	0	40	
1.0899788643e+02	37	161	445	55	6	13	0	50	500	500	500	0	0	40	
1.0949686007e+02	35	163	457	43	7	15	0	50	500	500	500	0	0	40	
1.0999835154e+02	33	167	452	48	14	16	0	50	500	500	500	0	0	40	
1.1049923961e+02	35	165	458	42	15	16	0	50	500	500	500	0	0	40	
1.1099833993e+02	33	167	452	48	20	7	0	50	500	500	500	0	0	40	
1.1149719309e+02	32	168	453	47	16	9	0	50	500	500	500	0	0	40	
1.1199756731e+02	33	170	442	58	14	11	0	50	500	500	500	0	0	40	
1.1249229442e+02	34	170	444	56	14	16	0	50	500	500	500	0	0	40	
1.1299895958e+02	35	171	448	52	16	16	0	50	500	500	500	0	0	40	
1.1349854689e+02	34	172	454	46	5	17	0	50	500	500	500	0	0	40	
1.1399386257e+02	33	177	457	43	13	12	0	50	500	500	500	0	0	40	
1.1449292377e+02	34	178	454	46	13	13	0	50	500	500	500	0	0	40	
1.1499891997e+02	34	178	461	39	13	17	0	50	500	500	500	0	0	40	
1.1549883464e+02	34	177	446	54	11	8	0	50	500	500	500	0	0	40	
1.1599968344e+02	33	178	456	44	6	7	0	50	500	500	500	0	0	40	
1.1649640665e+02	33	178	460	40	6	11	0	50	500	500	500	0	0	40	
1.1699612725e+02	33	180	461	39	7	14	0	50	500	500	500	0	0	40	
1.1749916699e+02	33	180	450	50	11	13	0	50	500	500	500	0	0	40	
1.1799557495e+02	33	183	452	48	11	9	0	50	500	500	500	0	0	40	
1.1849725045e+02	32	185	462	38	7	11	0	50	500	500	500	0	0	40	
1.1899466698e+02	31	186	452	48	14	6	0	50	500	500	500	0	0	40	
1.1949880208e+02	30	185	458	42	8	6	0	50	500	500	500	0	0	40	
1.1999942274e+02	28	188	449	51	4	10	0	50	500	500	500	0	0	40	
1.2049648012e+02	29	186	458	42	7	9	0	50	500	500	500	0	0	40	
1.2099135467e+02	29	186	457	43	13	8	0	50	500	500	500	0	0	40	
1.2149826198e+02	28	188	457	43	12	6	0	50	500	500	500	0	0	40	
1.2199775721e+02	29	188	466	34	10	12	0	50	500	500	500	0	0	40	
1.2249625901e+02	29	189	445	55	11	10	0	50	500	500	500	0	0	40	
1.2299864402e+02	29	191	441	59	12	12	0	50	500	500	500	0	0	40	
1.2349945671e+02	29	190	443	57	6	10	0	50	500	500	500	0	0	40	
1.2399733226e+02	30	189	458	42	7	4	0	50	500	500	500	0	0	40	
1.2449316536e+02	31	189	471	29	5	5	0	50	500	500	500	0	0	40	
1.2499670371e+02	30	190	469	31	7	9	0	50	500	500	500	0	0	40	
1.2549392897e+02	32	188	472	28	11	8	0	50	500	500	500	0	0	40	
1.2599928305e+02	31	189	467	33	10	10	0	50	500	500	500	0	0	40	
1.2649935682e+02	30	189	451	49	11	9	0	50	500	500	500	0	0	40	
1.2699551792e+02	30	191	449	51	11	9	0	50	500	500	500	0	0	40	
1.2749256580e+02	30	191	459	41	10	13	0	50	500	500	500	0	0	40	
1.2799878780e+02	30	191	459	41	17	11	0	50	500	500	500	0	0	40	
1.2849222748e+02	31	190	439	61	15	11	0	50	500	500	500	0	0	40	
1.2899579706e+02	32	189	442	58	9	8	0	50	500	500	500	0	0	40	
1.2949541280e+02	32	192	448	52	12	7	0	50	500	500	500	0	0	40	
1.2999865032e+02	33	193	453	47	6	5	0	50	500	500	500	0	0	40	
1.3049940039e+02	32	195	454	46	5	6	0	50	500	500	500	0	0	40	
1.3099988067e+02	31	195	458	42	12	6	0	50	500	500	500	0	0	40	
1.3149320871e+02	29	197	448	52	11	10	0	50	500	500	500	0	0	40	
1.3199656918e+02	30	196	443	57	11	10	0	50	500	500	500	0	0	40	
1.3249990789e+02	30	197	466	34	13	9	0	50	500	500	500	0	0	40	
1.3299866685e+02	29	200	464	36	12	14	0	50	500	500	500	0	0	40	
1.3349839711e+02	30	198	462	38	12	9	0	50	500	500	500	0	0	40	
1.3399972519e+02	28	201	454	46	16	15	0	50	500	500	500	0	0	40	
1.3449143669e+02	28	202	444	56	11	17	0	50	500	500	500	0	0	40	
1.3499356262e+02	29	201	451	49	13	9	0	50	500	500	500	0	0	40	
1.3549876346e+02	29	205	452	48	11	13	0	50	500	500	500	0	0	40	
1.3599952500e+02	30	205	456	44	9	13	0	50	500	500	500	0	0	40	
1.3649686901e+02	28	206	455	45	10	8	0	50	500	500	500	0	0	40	
1.3699907540e+02	27	206	449	51	10	15	0	50	500	500	500	0	0	40	
1.3749934513e+02	26	209	444	56	17	13	0	50	500	500	500	0	0	40	
1.3799781390e+02	27	211	453	47	20	7	0	50	500	500	500	0	0	40	
1.3849909038e+02	27	211	453	47	10	17	0	50	500	500	500	0	0	40	
1.3899839475e+02	27	211	446	54	18	9	0	50	500	500	500	0	0	40	
1.3949764883e+02	28	211	461	39	10	14	0	50	500	500	500	0	0	40	
1.3999797329e+02	28	212	460	40	13	11	0	50	500	500	500	0	0	40	
1.4049792756e+02	28	215	461	39	9	8	0	50	500	500	500	0	0	40	
1.4099895947e+02	28	215	459	41	9	8	0	50	500	500	500	0	0	40	
1.4149999650e+02	28	214	456	44	16	8	0	50	500	500	500	0	0	40	
1.4199450363e+02	27	215	449	51	14	7	0	50	500	500	500	0	0	40	
1.4249715434e+02	28	215	451	49	11	10	0	50	500	500	500	0	0	40	
1.4299830582e+02	28	218	465	35	11	18	0	50	500	500	500	0	0	40	
1.4349432544e+02	32	217	458	42	17	3	0	50	500	500	500	0	0	40	
1.4399864147e+02	35	214	469	31	10	8	0	50	500	500	500	0	0	40	
1.4449815971e+02	36	212	468	32	7	10	0	50	500	500	500	0	0	40	
1.4499670964e+02	36	211	451	49	11	7	0	50	500	500	500	0	0	40	
1.4549250768e+02	37	209	454	46	10	9	0	50	500	500	500	0	0	40	
1.4599960784e+02	39	210	441	59	9	4	0	50	500	500	500	0	0	40	
1.4649547425e+02	39	209	449	51	8	7	0	50	500	500	500	0	0	40	
1.4699939654e+02	39	209	453	47	10	13	0	50	500	500	500	0	0	40	
1.4749590650e+02	39	210	455	45	11	9	0	50	500	500	500	0	0	40	
1.4799826243e+02	39	210	464	36	17	4	0	50	500	500	500	0	0	40	
1.4849568895e+02	40	210	459	41	10	8	0	50	500	500	500	0	0	40	
1.4899154430e+02	40	209	459	41	13	10	0	50	500	500	500	0	0	40	
1.4949779218e+02	40	210	452	48	15	9	0	50	500	500	500	0	0	40	
1.4999992587e+02	41	211	449	51	13	7	0	50	500	500	500	0	0	40	
1.5049485674e+02	42	212	449	51	6	8	0	50	500	500	500	0	0	40	
1.5099416428e+02	43	210	441	59	9	13	0	50	500	500	500	0	0	40	
1.5149920656e+02	44	210	449	51	12	15	0	50	500	500	500	0	0	40	
1.5199843723e+02	43	212	453	47	12	11	0	50	500	500	500	0	0	40	
1.5249622936e+02	40	215	456	44	11	13	0	50	500	500	500	0	0	40	
1.5298569835e+02	41	215	459	41	19	12	0	50	500	500	500	0	0	40	
1.5349958488e+02	42	215	459	41	12	10	0	50	500	500	500	0	0	40	
1.5399807864e+02	43	214	458	42	14	11	0	50	500	500	500	0	0	40	
1.5449734049e+02	42	216	468	32	13	7	0	50	500	500	500	0	0	40	
1.5499977349e+02	43	215	466	34	11	6	0	50	500	500	500	0	0	40	
1.5549707216e+02	43	216	461	39	9	5	0	50	500	500	500	0	0	40	
1.5599988747e+02	42	220	463	37	9	7	0	50	500	500	500	0	0	40	
1.5649910788e+02	41	221	456	44	11	3	0	50	500	500	500	0	0	40	
1.5699790520e+02	40	222	449	51	12	6	0	50	500	500	500	0	0	40	
1.5749713296e+02	40	225	435	65	10	5	0	50	500	500	500	0	0	40	
1.5799359791e+02	42	223	443	57	13	7	0	50	500	500	500	0	0	40	
1.5849891945e+02	41	224	431	69	16	13	0	50	500	500	500	0	0	40	
1.5899763569e+02	39	227	437	63	17	10	0	50	500	500	500	0	0	40	
1.5949821635e+02	36	232	447	53	8	15	0	50	500	500	500	0	0	40	
1.5999955177e+02	36	232	458	42	8	12	0	50	500	500	500	0	0	40	
1.6049722031e+02	35	236	461	39	16	5	0	50	500	500	500	0	0	40	
1.6099732405e+02	36	235	455	45	12	8	0	50	500	500	500	0	0	40	
1.6149393657e+02	36	237	465	35	9	7	0	50	500	500	500	0	0	40	
1.6199843918e+02	36	237	465	35	8	7	0	50	500	500	500	0	0	40	
1.6249693274e+02	34	240	455	45	11	8	0	50	500	500	500	0	0	40	
1.6299974632e+02	34	239	456	44	7	11	0	50	500	500	500	0	0	40	
1.6349579092e+02	34	241	460	40	9	7	0	50	500	500	500	0	0	40	
1.6399505481e+02	34	240	449	51	14	5	0	50	500	500	500	0	0	40	
1.6448708597e+02	35	242	437	63	13	5	0	50	500	500	500	0	0	40	
1.6499981859e+02	32	244	440	60	11	5	0	50	500	500	500	0	0	40	
1.6549145779e+02	31	246	443	57	7	7	0	50	500	500	500	0	0	40	
1.6599787090e+02	31	248	434	66	10	5	0	50	500	500	500	0	0	40	
1.6649734717e+02	30	252	438	62	8	3	0	50	500	500	500	0	0	40	
1.6699916766e+02	31	253	450	50	11	10	0	50	500	500	500	0	0	40	
1.6749610768e+02	30	253	452	48	10	10	0	50	500	500	500	0	0	40	
1.6799625181e+02	28	255	446	54	12	6	0	50	500	500	500	0	0	40	
1.6849951683e+02	27	257	443	57	9	9	0	50	500	500	500	0	0	40	
1.6899592241e+02	24	260	454	46	8	6	0	50	500	500	500	0	0	40	
1.6949816469e+02	24	260	457	43	15	7	0	50	500	500	500	0	0	40	
1.6999107034e+02	25	259	463	37	18	5	0	50	500	500	500	0	0	40	
1.7049368611e+02	26	258	461	39	8	10	0	50	500	500	500	0	0	40	
1.7099526827e+02	27	259	463	37	6	7	0	50	500	500	500	0	0	40	
1.7149831659e+02	28	259	465	35	11	3	0	50	500	500	500	0	0	40	
1.7199402782e+02	27	262	459	41	11	3	0	50	500	500	500	0	0	40	
1.7249776839e+02	28	262	462	38	11	5	0	50	500	500	500	0	0	40	
1.7299911227e+02	26	264	462	38	13	5	0	50	500	500	500	0	0	40	
1.7349857780e+02	26	264	469	31	7	8	0	50	500	500	500	0	0	40	
1.7399813320e+02	26	264	457	43	5	9	0	50	500	500	500	0	0	40	
1.7449179907e+02	26	264	450	50	10	7	0	50	500	500	500	0	0	40	
1.7499753524e+02	26	264	448	52	10	6	0	50	500	500	500	0	0	40	
1.7549862533e+02	27	265	451	49	9	10	0	50	500	500	500	0	0	40	
1.7599452775e+02	28	263	454	46	16	6	0	50	500	500	500	0	0	40	
1.7649678305e+02	28	263	468	32	19	9	0	50	500	500	500	0	0	40	
1.7699443160e+02	29	262	466	34	19	10	0	50	500	500	500	0	0	40	
1.7749796922e+02	31	261	462	38	15	7	0	50	500	500	500	0	0	40	
1.7799981300e+02	29	262	466	34	15	7	0	50	500	500	500	0	0	40	
1.7849949206e+02	29	262	454	46	7	13	0	50	500	500	500	0	0	40	
1.7899188597e+02	29	264	445	55	10	5	0	50	500	500	500	0	0	40	
1.7949920695e+02	30	262	441	59	9	4	0	50	500	500	500	0	0	40	
1.7999778808e+02	30	265	454	46	9	7	0	50	500	500	500	0	0	40	
1.8049957887e+02	30	265	446	54	7	11	0	50	500	500	500	0	0	40	
1.8099973955e+02	30	264	452	48	8	4	0	50	500	500	500	0	0	40	
1.8149817564e+02	30	265	455	45	12	5	0	50	500	500	500	0	0	40	
1.8199672730e+02	31	266	462	38	17	7	0	50	500	500	500	0	0	40	
1.8249917870e+02	30	268	454	46	10	6	0	50	500	500	500	0	0	40	
1.8299718067e+02	29	269	449	51	10	8	0	50	500	500	500	0	0	40	
1.8349819618e+02	29	269	441	59	7	5	0	50	500	500	500	0	0	40	
1.8399983726e+02	32	265	450	50	13	9	0	50	500	500	500	0	0	40	
1.8449701010e+02	34	264	450	50	8	8	0	50	500	500	500	0	0	40	
1.8499681888e+02	34	266	440	60	6	7	0	50	500	500	500	0	0	40	
1.8549992983e+02	33	267	443	57	11	8	0	50	500	500	500	0	0	40	
1.8599704507e+02	31	270	443	57	17	3	0	50	500	500	500	0	0	40	
1.8649766132e+02	30	272	452	48	14	7	0	50	500	500	500	0	0	40	
1.8699947780e+02	29	274	463	37	9	8	0	50	500	500	500	0	0	40	
1.8749908875e+02	30	276	471	29	13	6	0	50	500	500	500	0	0	40	
1.8799741310e+02	30	276	464	36	16	7	0	50	500	500	500	0	0	40	
1.8849798450e+02	31	279	455	45	12	7	0	50	500	500	500	0	0	40	
1.8899882278e+02	30	280	451	49	14	4	0	50	500	500	500	0	0	40	
1.8949750205e+02	30	282	451	49	10	5	0	50	500	500	500	0	0	40	
1.8999863465e+02	31	281	452	48	12	1	0	50	500	500	500	0	0	40	
1.9049554619e+02	31	283	462	38	5	4	0	50	500	500	500	0	0	40	
1.9099964924e+02	31	284	458	42	8	8	0	50	500	500	500	0	0	40	
1.9149649921e+02	31	287	456	44	14	5	0	50	500	500	500	0	0	40	
1.9199619655e+02	28	290	453	47	16	4	0	50	500	500	500	0	0	40	
1.9249723333e+02	28	290	447	53	6	5	0	50	500	500	500	0	0	40	
1.9298349967e+02	26	294	442	58	8	7	0	50	500	500	500	0	0	40	
1.9349914884e+02	24	298	457	43	16	4	0	50	500	500	500	0	0	40	
1.9399761709e+02	25	297	449	51	14	6	0	50	500	500	500	0	0	40	
1.9449949441e+02	23	298	454	46	12	7	0	50	500	500	500	0	0	40	
1.9499960001e+02	23	296	455	45	13	7	0	50	500	500	500	0	0	40	
1.9549270534e+02	22	299	449	51	8	7	0	50	500	500	500	0	0	40	
1.9599303697e+02	22	302	443	57	16	3	0	50	500	500	500	0	0	40	
1.9649967218e+02	21	303	445	55	13	8	0	50	500	500	500	0	0	40	
1.9699600827e+02	21	305	440	60	7	3	0	50	500	500	500	0	0	40	
1.9749785221e+02	21	306	442	58	8	10	0	50	500	500	500	0	0	40	
1.9799978038e+02	20	307	447	53	13	11	0	50	500	500	500	0	0	40	
1.9849844840e+02	22	306	445	55	21	2	0	50	500	500	500	0	0	40	
1.9899850718e+02	21	307	458	42	14	9	0	50	500	500	500	0	0	40	
1.9949865174e+02	22	305	463	37	16	5	0	50	500	500	500	0	0	40	
1.9999896489e+02	22	306	461	39	11	7	0	50	500	500	500	0	0	40	
2.0049913791e+02	22	304	456	44	5	8	0	50	500	500	500	0	0	40	
2.0099831371e+02	22	304	451	49	9	5	0	50	500	500	500	0	0	40	
2.0149914429e+02	22	306	449	51	10	10	0	50	500	500	500	0	0	40	
2.0199970300e+02	19	310	467	33	14	7	0	50	500	500	500	0	0	40	
2.0249970783e+02	21	308	457	43	13	7	0	50	500	500	500	0	0	40	
2.0299992968e+02	22	311	452	48	15	2	0	50	500	500	500	0	0	40	
2.0349931742e+02	21	312	437	63	15	7	0	50	500	500	500	0	0	40	
2.0399088304e+02	21	313	435	65	14	10	0	50	500	500	500	0	0	40	
2.0449788403e+02	21	314	428	72	17	9	0	50	500	500	500	0	0	40	
2.0499593937e+02	21	315	430	70	11	11	0	50	500	500	500	0	0	40	
2.0549945273e+02	20	316	447	53	12	3	0	50	500	500	500	0	0	40	
2.0599733192e+02	21	315	445	55	14	2	0	50	500	500	500	0	0	40	
2.0649867051e+02	23	314	453	47	8	5	0	50	500	500	500	0	0	40	
2.0699913048e+02	23	315	451	49	13	3	0	50	500	500	500	0	0	40	
2.0749901557e+02	22	318	448	52	6	5	0	50	500	500	500	0	0	40	
2.0799681041e+02	22	320	456	44	9	4	0	50	500	500	500	0	0	40	
2.0849912026e+02	22	320	465	35	8	9	0	50	500	500	500	0	0	40	
2.0899731758e+02	22	321	463	37	13	7	0	50	500	500	500	0	0	40	
2.0949930326e+02	24	319	473	27	12	10	0	50	500	500	500	0	0	40	
2.0998709198e+02	23	320	463	37	17	5	0	50	500	500	500	0	0	40	
2.1049917840e+02	23	319	455	45	10	4	0	50	500	500	500	0	0	40	
2.1099582185e+02	21	321	460	40	13	3	0	50	500	500	500	0	0	40	
2.1149855948e+02	21	321	472	28	10	7	0	50	500	500	500	0	0	40	
2.1199887252e+02	22	320	470	30	8	8	0	50	500	500	500	0	0	40	
2.1249958648e+02	22	319	447	53	10	9	0	50	500	500	500	0	0	40	
2.1299356747e+02	21	323	450	50	13	3	0	50	500	500	500	0	0	40	
2.1349598363e+02	21	324	463	37	16	7	0	50	500	500	500	0	0	40	
2.1399951439e+02	24	324	467	33	13	5	0	50	500	500	500	0	0	40	
2.1449266628e+02	24	325	461	39	17	2	0	50	500	500	500	0	0	40	
2.1499468305e+02	24	325	450	50	16	6	0	50	500	500	500	0	0	40	
2.1549650502e+02	23	327	460	40	7	7	0	50	500	500	500	0	0	40	
2.1599734654e+02	23	329	457	43	11	6	0	50	500	500	500	0	0	40	
2.1649836782e+02	22	333	460	40	2	4	0	50	500	500	500	0	0	40	
2.1699728250e+02	23	333	454	46	5	7	0	50	500	500	500	0	0	40	
2.1749607168e+02	22	335	450	50	6	10	0	50	500	500	500	0	0	40	
2.1799860623e+02	23	335	440	60	10	8	0	50	500	500	500	0	0	40	
2.1849889344e+02	22	338	438	62	14	6	0	50	500	500	500	0	0	40	
2.1899949961e+02	21	342	444	56	10	10	0	50	500	500	500	0	0	40	
2.1949839843e+02	20	343	450	50	16	7	0	50	500	500	500	0	0	40	
2.1999704076e+02	19	344	440	60	17	3	0	50	500	500	500	0	0	40	
2.2048914933e+02	19	345	444	56	12	5	0	50	500	500	500	0	0	40	
2.2099667763e+02	19	347	453	47	10	7	0	50	500	500	500	0	0	40	
2.2149958951e+02	18	348	453	47	12	7	0	50	500	500	500	0	0	40	
2.2199660304e+02	16	352	450	50	11	8	0	50	500	500	500	0	0	40	
2.2249646158e+02	15	353	453	47	10	4	0	50	500	500	500	0	0	40	
2.2299967668e+02	15	354	454	46	14	7	0	50	500	500	500	0	0	40	
2.2349858610e+02	15	355	452	48	10	8	0	50	500	500	500	0	0	40	
2.2399571699e+02	15	355	452	48	12	7	0	50	500	500	500	0	0	40	
2.2449689921e+02	15	355	432	68	12	7	0	50	500	500	500	0	0	40	
2.2499895699e+02	16	354	446	54	16	4	0	50	500	500	500	0	0	40	
2.2549470190e+02	16	354	458	42	15	3	0	50	500	500	500	0	0	40	
2.2599772122e+02	17	354	453	47	12	7	0	50	500	500	500	0	0	40	
2.2649805069e+02	17	357	453	47	15	3	0	50	500	500	500	0	0	40	
2.2699752242e+02	19	357	453	47	18	8	0	50	500	500	500	0	0	40	
2.2749956373e+02	20	355	458	42	10	3	0	50	500	500	500	0	0	40	
2.2799960618e+02	21	355	451	49	10	7	0	50	500	500	500	0	0	40	
2.2849947670e+02	22	354	458	42	8	5	0	50	500	500	500	0	0	40	
2.2899715437e+02	22	355	457	43	9	3	0	50	500	500	500	0	0	40	
2.2949846176e+02	22	355	463	37	4	8	0	50	500	500	500	0	0	40	
2.2999865698e+02	22	355	462	38	14	3	0	50	500	500	500	0	0	40	
2.3049672180e+02	22	355	467	33	11	6	0	50	500	500	500	0	0	40	
2.3099641181e+02	22	356	459	41	11	4	0	50	500	500	500	0	0	40	
2.3149980931e+02	22	357	451	49	17	6	0	50	500	500	500	0	0	40	
2.3199532536e+02	22	357	451	49	12	7	0	50	500	500	500	0	0	40	
2.3249356660e+02	23	356	458	42	16	4	0	50	500	500	500	0	0	40	
2.3299603531e+02	25	353	447	53	15	7	0	50	500	500	500	0	0	40	
2.3349964987e+02	25	353	454	46	14	4	0	50	500	500	500	0	0	40	
2.3399418480e+02	26	352	456	44	9	11	0	50	500	500	500	0	0	40	
2.3449696520e+02	25	352	453	47	4	8	0	50	500	500	500	0	0	40	
2.3499689869e+02	26	353	458	42	14	6	0	50	500	500	500	0	0	40	
2.3549938864e+02	27	351	454	46	13	5	0	50	500	500	500	0	0	40	
2.3599850665e+02	26	355	468	32	12	6	0	50	500	500	500	0	0	40	
2.3649304487e+02	25	358	456	44	14	8	0	50	500	500	500	0	0	40	
2.3698861979e+02	25	359	447	53	7	2	0	50	500	500	500	0	0	40	
2.3749884341e+02	28	356	462	38	9	4	0	50	500	500	500	0	0	40	
2.3799967963e+02	28	356	453	47	7	6	0	50	500	500	500	0	0	40	
2.3849494067e+02	29	357	448	52	14	5	0	50	500	500	500	0	0	40	
2.3899608775e+02	29	361	453	47	11	3	0	50	500	500	500	0	0	40	
2.3949624650e+02	29	362	454	46	11	6	0	50	500	500	500	0	0	40	
2.3999796031e+02	28	363	459	41	8	9	0	50	500	500	500	0	0	40	
2.4049018336e+02	27	363	448	52	11	7	0	50	500	500	500	0	0	40	
2.4099567152e+02	26	363	443	57	14	4	0	50	500	500	500	0	0	40	
2.4149989917e+02	26	362	449	51	12	7	0	50	500	500	500	0	0	40	
2.4198719676e+02	26	363	455	45	11	7	0	50	500	500	500	0	0	40	
2.4249984654e+02	28	363	461	39	13	6	0	50	500	500	500	0	0	40	
2.4299709007e+02	29	362	456	44	11	8	0	50	500	500	500	0	0	40	
2.4349892104e+02	28	361	463	37	16	4	0	50	500	500	500	0	0	40	
2.4399958002e+02	28	363	462	38	7	6	0	50	500	500	500	0	0	40	
2.4449997881e+02	28	366	462	38	8	8	0	50	500	500	500	0	0	40	
2.4499363211e+02	27	368	458	42	10	6	0	50	500	500	500	0	0	40	
2.4549641059e+02	28	366	459	41	12	3	0	50	500	500	500	0	0	40	
2.4599670871e+02	30	365	458	42	16	5	0	50	500	500	500	0	0	40	
2.4649787684e+02	30	365	457	43	8	5	0	50	500	500	500	0	0	40	
2.4699991398e+02	29	369	454	46	5	6	0	50	500	500	500	0	0	40	
2.4749333059e+02	27	372	451	49	10	4	0	50	500	500	500	0	0	40	
2.4799581825e+02	25	375	464	36	13	3	0	50	500	500	500	0	0	40	
2.4849969776e+02	24	377	465	35	8	4	0	50	500	500	500	0	0	40	
2.4899720038e+02	25	377	453	47	6	7	0	50	500	500	500	0	0	40	
2.4949953759e+02	23	380	456	44	15	4	0	50	500	500	500	0	0	40	
2.4999990635e+02	23	381	448	52	13	6	0	50	500	500	500	0	0	40	
2.5049769552e+02	22	383	452	48	16	7	0	50	500	500	500	0	0	40	
2.5099955318e+02	22	384	454	46	17	5	0	50	500	500	500	0	0	40	
2.5149952769e+02	22	384	450	50	7	3	0	50	500	500	500	0	0	40	
2.5199039075e+02	22	385	461	39	11	4	0	50	500	500	500	0	0	40	
2.5249998552e+02	22	388	459	41	4	11	0	50	500	500	500	0	0	40	
2.5299894281e+02	22	388	461	39	10	3	0	50	500	500	500	0	0	40	
2.5349581674e+02	22	390	452	48	7	7	0	50	500	500	500	0	0	40	
2.5399691976e+02	22	392	450	50	12	5	0	50	500	500	500	0	0	40	
2.5449704727e+02	23	391	439	61	15	7	0	50	500	500	500	0	0	40	
2.5499859131e+02	22	391	455	45	14	4	0	50	500	500	500	0	0	40	
2.5549991337e+02	23	390	458	42	19	5	0	50	500	500	500	0	0	40	
2.5599826257e+02	23	390	460	40	13	7	0	50	500	500	500	0	0	40	
2.5649781718e+02	23	392	454	46	13	3	0	50	500	500	500	0	0	40	
2.5699571860e+02	23	391	447	53	14	2	0	50	500	500	500	0	0	40	
2.5749988725e+02	24	391	454	46	10	4	0	50	500	500	500	0	0	40	
2.5799826275e+02	25	390	462	38	12	2	0	50	500	500	500	0	0	40	
2.5848820970e+02	25	391	472	28	9	8	0	50	500	500	500	0	0	40	
2.5899851137e+02	25	392	451	49	7	8	0	50	500	500	500	0	0	40	
2.5949916841e+02	27	391	456	44	9	3	0	50	500	500	500	0	0	40	
2.5999673653e+02	27	392	461	39	15	4	0	50	500	500	500	0	0	40	
2.6049978418e+02	27	392	471	29	15	7	0	50	500	500	500	0	0	40	
2.6099621022e+02	27	394	457	43	18	7	0	50	500	500	500	0	0	40	
2.6149537608e+02	26	396	458	42	17	4	0	50	500	500	500	0	0	40	
2.6199945939e+02	27	396	464	36	14	7	0	50	500	500	500	0	0	40	
2.6249972158e+02	30	393	448	52	15	5	0	50	500	500	500	0	0	40	
2.6299773024e+02	30	393	433	67	18	5	0	50	500	500	500	0	0	40	
2.6349218456e+02	30	392	435	65	15	3	0	50	500	500	500	0	0	40	
2.6399944492e+02	28	394	427	73	13	9	0	50	500	500	500	0	0	40	
2.6449527032e+02	26	398	433	67	9	7	0	50	500	500	500	0	0	40	
2.6499581347e+02	26	400	438	62	10	8	0	50	500	500	500	0	0	40	
2.6549959268e+02	26	400	429	71	10	3	0	50	500	500	500	0	0	40	
2.6599193510e+02	27	400	452	48	10	6	0	50	500	500	500	0	0	40	
2.6649991033e+02	27	401	450	50	12	3	0	50	500	500	500	0	0	40	
2.6699259652e+02	27	402	443	57	6	1	0	50	500	500	500	0	0	40	
2.6749417307e+02	28	402	451	49	10	3	0	50	500	500	500	0	0	40	
2.6799872962e+02	27	406	452	48	13	4	0	50	500	500	500	0	0	40	
2.6849728292e+02	27	406	455	45	13	3	0	50	500	500	500	0	0	40	
2.6899754834e+02	28	406	445	55	11	3	0	50	500	500	500	0	0	40	
2.6949492564e+02	28	405	445	55	9	2	0	50	500	500	500	0	0	40	
2.6999007637e+02	27	408	453	47	6	5	0	50	500	500	500	0	0	40	
2.7048620307e+02	27	409	454	46	7	2	0	50	500	500	500	0	0	40	
2.7099772933e+02	27	409	454	46	7	9	0	50	500	500	500	0	0	40	
2.7149635206e+02	28	408	448	52	6	5	0	50	500	500	500	0	0	40	
2.7199750385e+02	28	409	441	59	9	4	0	50	500	500	500	0	0	40	
2.7249465618e+02	27	410	434	66	7	1	0	50	500	500	500	0	0	40	
2.7299620565e+02	27	409	437	63	8	4	0	50	500	500	500	0	0	40	
2.7349327970e+02	27	410	437	63	11	3	0	50	500	500	500	0	0	40	
2.7399730793e+02	28	409	442	58	9	5	0	50	500	500	500	0	0	40	
2.7448795833e+02	27	410	450	50	13	1	0	50	500	500	500	0	0	40	
2.7499975228e+02	27	410	451	49	12	7	0	50	500	500	500	0	0	40	
2.7549800430e+02	28	411	458	42	18	7	0	50	500	500	500	0	0	40	
2.7599967152e+02	29	411	463	37	13	4	0	50	500	500	500	0	0	40	
2.7649451800e+02	29	412	455	45	8	6	0	50	500	500	500	0	0	40	
2.7699732926e+02	31	409	458	42	9	6	0	50	500	500	500	0	0	40	
2.7749911099e+02	29	411	461	39	11	6	0	50	500	500	500	0	0	40	
2.7799693414e+02	28	415	456	44	14	3	0	50	500	500	500	0	0	40	
2.7849737346e+02	28	414	452	48	7	6	0	50	500	500	500	0	0	40	
2.7899439979e+02	26	417	453	47	15	2	0	50	500	500	500	0	0	40	
2.7949915414e+02	25	419	457	43	12	7	0	50	500	500	500	0	0	40	
2.7999996070e+02	25	422	460	40	14	5	0	50	500	500	500	0	0	40	
2.8049417986e+02	24	424	458	42	12	8	0	50	500	500	500	0	0	40	
2.8099974608e+02	21	428	452	48	16	4	0	50	500	500	500	0	0	40	
2.8149497851e+02	22	428	452	48	3	6	0	50	500	500	500	0	0	40	
2.8198485961e+02	22	429	448	52	12	2	0	50	500	500	500	0	0	40	
2.8249887504e+02	20	431	451	49	10	2	0	50	500	500	500	0	0	40	
2.8299741289e+02	20	431	453	47	13	4	0	50	500	500	500	0	0	40	
2.8349317341e+02	20	432	447	53	13	2	0	50	500	500	500	0	0	40	
2.8399958687e+02	18	437	460	40	7	3	0	50	500	500	500	0	0	40	
2.8449580665e+02	17	443	457	43	10	3	0	50	500	500	500	0	0	40	
2.8499881120e+02	18	441	443	57	10	6	0	50	500	500	500	0	0	40	
2.8549678617e+02	19	440	450	50	11	8	0	50	500	500	500	0	0	40	
2.8599330107e+02	19	438	459	41	12	5	0	50	500	500	500	0	0	40	
2.8649861275e+02	18	440	459	41	14	5	0	50	500	500	500	0	0	40	
2.8698902308e+02	19	438	454	46	17	6	0	50	500	500	500	0	0	40	
2.8749975181e+02	20	438	461	39	13	3	0	50	500	500	500	0	0	40	
2.8799619425e+02	20	436	465	35	19	5	0	50	500	500	500	0	0	40	
2.8849178137e+02	20	439	460	40	17	5	0	50	500	500	500	0	0	40	
2.8899966268e+02	19	442	455	45	9	6	0	50	500	500	500	0	0	40	
2.8949314266e+02	18	445	448	52	11	1	0	50	500	500	500	0	0	40	
2.8999975308e+02	17	446	446	54	8	8	0	50	500	500	500	0	0	40	
2.9049993154e+02	20	445	457	43	13	4	0	50	500	500	500	0	0	40	
2.9098594962e+02	20	446	452	48	20	2	0	50	500	500	500	0	0	40	
2.9149328661e+02	21	448	459	41	11	4	0	50	500	500	500	0	0	40	
2.9199800962e+02	20	449	451	49	11	4	0	50	500	500	500	0	0	40	
2.9249348847e+02	21	450	450	50	6	6	0	50	500	500	500	0	0	40	
2.9299476439e+02	23	449	465	35	12	1	0	50	500	500	500	0	0	40	
2.9349045022e+02	23	448	467	33	7	2	0	50	500	500	500	0	0	40	
2.9399836371e+02	22	450	456	44	6	4	0	50	500	500	500	0	0	40	
2.9449876159e+02	24	448	452	48	11	6	0	50	500	500	500	0	0	40	
2.9499546747e+02	23	448	451	49	10	3	0	50	500	500	500	0	0	40	
2.9549759649e+02	21	450	440	60	5	5	0	50	500	500	500	0	0	40	
2.9599969407e+02	21	450	450	50	5	5	0	50	500	500	500	0	0	40	
2.9649883097e+02	18	453	444	56	10	3	0	50	500	500	500	0	0	40	
2.9699770441e+02	18	454	449	51	13	2	0	50	500	500	500	0	0	40	
2.9749588041e+02	18	453	445	55	14	5	0	50	500	500	500	0	0	40	
2.9799621727e+02	18	454	442	58	11	8	0	50	500	500	500	0	0	40	
2.9848889982e+02	18	454	445	55	9	9	0	50	500	500	500	0	0	40	
2.9899580266e+02	19	454	446	54	8	6	0	50	500	500	500	0	0	40	
2.9949830428e+02	20	453	454	46	13	2	0	50	500	500	500	0	0	40	
2.9999662250e+02	22	451	452	48	9	2	0	50	500	500	500	0	0	40	
3.0049714192e+02	22	454	456	44	6	3	0	50	500	500	500	0	0	40	
3.0098710798e+02	22	455	464	36	7	3	0	50	500	500	500	0	0	40	
3.0149088316e+02	22	459	468	32	13	3	0	50	500	500	500	0	0	40	
3.0199227964e+02	22	459	473	27	13	2	0	50	500	500	500	0	0	40	
3.0249929672e+02	20	461	464	36	13	6	0	50	500	500	500	0	0	40	
3.0299918613e+02	19	463	455	45	11	4	0	50	500	500	500	0	0	40	
3.0349743431e+02	19	465	458	42	12	5	0	50	500	500	500	0	0	40	
3.0399831429e+02	21	463	462	38	15	4	0	50	500	500	500	0	0	40	
3.0449487318e+02	21	463	464	36	15	6	0	50	500	500	500	0	0	40	
3.0499991260e+02	23	464	467	33	13	7	0	50	500	500	500	0	0	40	
3.0549099771e+02	25	462	457	43	12	4	0	50	500	500	500	0	0	40	
3.0599633838e+02	26	462	463	37	11	4	0	50	500	500	500	0	0	40	
3.0648977559e+02	27	462	473	27	10	3	0	50	500	500	500	0	0	40	
3.0698743443e+02	26	461	464	36	8	5	0	50	500	500	500	0	0	40	
3.0749924496e+02	25	461	461	39	8	3	0	50	500	500	500	0	0	40	
3.0799473434e+02	23	462	453	47	12	1	0	50	500	500	500	0	0	40	
3.0849846879e+02	24	460	453	47	8	3	0	50	500	500	500	0	0	40	
3.0899787491e+02	23	462	446	54	9	4	0	50	500	500	500	0	0	40	
3.0949932676e+02	25	460	444	56	17	6	0	50	500	500	500	0	0	40	
3.0999739438e+02	25	461	441	59	10	4	0	50	500	500	500	0	0	40	
3.1049304906e+02	25	461	442	58	10	5	0	50	500	500	500	0	0	40	
3.1099951435e+02	21	466	439	61	8	5	0	50	500	500	500	0	0	40	
3.1149949717e+02	19	467	454	46	5	7	0	50	500	500	500	0	0	40	
3.1199501794e+02	20	468	456	44	12	4	0	50	500	500	500	0	0	40	
3.1249645365e+02	19	471	438	62	10	1	0	50	500	500	500	0	0	40	
3.1299410037e+02	19	471	447	53	10	2	0	50	500	500	500	0	0	40	
3.1349583939e+02	19	473	436	64	9	4	0	50	500	500	500	0	0	40	
3.1398372462e+02	19	473	440	60	15	2	0	50	500	500	500	0	0	40	
3.1449943301e+02	20	471	446	54	14	1	0	50	500	500	500	0	0	40	
3.1499842905e+02	19	472	455	45	12	6	0	50	500	500	500	0	0	40	
3.1548799854e+02	19	472	452	48	12	6	0	50	500	500	500	0	0	40	
3.1599818298e+02	19	472	442	58	9	4	0	50	500	500	500	0	0	40	
3.1649800565e+02	19	472	443	57	8	6	0	50	500	500	500	0	0	40	
3.1699595352e+02	19	472	436	64	12	4	0	50	500	500	500	0	0	40	
3.1749919623e+02	20	471	447	53	14	3	0	50	500	500	500	0	0	40	
3.1799652288e+02	20	472	463	37	10	8	0	50	500	500	500	0	0	40	
3.1849677859e+02	22	471	470	30	12	3	0	50	500	500	500	0	0	40	
3.1899999182e+02	23	470	464	36	11	5	0	50	500	500	500	0	0	40	
3.1949649085e+02	23	471	464	36	16	2	0	50	500	500	500	0	0	40	
3.1999849560e+02	21	472	470	30	14	2	0	50	500	500	500	0	0	40	
3.2049926185e+02	21	472	468	32	13	4	0	50	500	500	500	0	0	40	
3.2099953345e+02	22	471	468	32	11	3	0	50	500	500	500	0	0	40	
3.2149729316e+02	22	470	466	34	15	3	0	50	500	500	500	0	0	40	
3.2199583064e+02	22	471	454	46	9	3	0	50	500	500	500	0	0	40	
3.2249913089e+02	22	471	441	59	10	1	0	50	500	500	500	0	0	40	
3.2299789281e+02	22	470	442	58	10	3	0	50	500	500	500	0	0	40	
3.2349541051e+02	23	469	446	54	12	2	0	50	500	500	500	0	0	40	
3.2399533788e+02	24	469	431	69	9	5	0	50	500	500	500	0	0	40	
3.2449977479e+02	23	471	434	66	8	3	0	50	500	500	500	0	0	40	
3.2499962886e+02	25	469	444	56	14	7	0	50	500	500	500	0	0	40	
3.2549963478e+02	25	467	446	54	14	7	0	50	500	500	500	0	0	40	
3.2599717256e+02	25	467	443	57	13	3	0	50	500	500	500	0	0	40	
3.2649576434e+02	25	466	444	56	13	1	0	50	500	500	500	0	0	40	
3.2698879660e+02	25	465	454	46	11	2	0	50	500	500	500	0	0	40	
3.2749135048e+02	25	465	453	47	12	0	0	50	500	500	500	0	0	40	
3.2799664870e+02	25	467	456	44	10	6	0	50	500	500	500	0	0	40	
3.2849682205e+02	26	466	464	36	12	8	0	50	500	500	500	0	0	40	
3.2899976500e+02	26	467	462	38	17	3	0	50	500	500	500	0	0	40	
3.2949977115e+02	26	468	449	51	10	7	0	50	500	500	500	0	0	40	
3.2999561527e+02	25	467	455	45	10	7	0	50	500	500	500	0	0	40	
3.3049879113e+02	26	467	457	43	15	2	0	50	500	500	500	0	0	40	
3.3099839863e+02	26	467	458	42	8	6	0	50	500	500	500	0	0	40	
3.3149690571e+02	25	469	445	55	7	2	0	50	500	500	500	0	0	40	
3.3199879367e+02	25	470	455	45	12	6	0	50	500	500	500	0	0	40	
3.3249253382e+02	24	474	455	45	12	3	0	50	500	500	500	0	0	40	
3.3299635197e+02	24	474	459	41	11	0	0	50	500	500	500	0	0	40	
3.3349825521e+02	24	474	447	53	13	4	0	50	500	500	500	0	0	40	
3.3399777837e+02	22	476	433	67	11	6	0	50	500	500	500	0	0	40	
3.3449790181e+02	21	480	444	56	7	1	0	50	500	500	500	0	0	40	
3.3499861083e+02	23	481	451	49	9	4	0	50	500	500	500	0	0	40	
3.3549514298e+02	23	481	459	41	8	7	0	50	500	500	500	0	0	40	
3.3599981041e+02	23	483	464	36	12	2	0	50	500	500	500	0	0	40	
3.3649398763e+02	22	484	455	45	10	4	0	50	500	500	500	0	0	40	
3.3699905038e+02	22	486	455	45	10	1	0	50	500	500	500	0	0	40	
3.3749716347e+02	22	487	450	50	13	4	0	50	500	500	500	0	0	40	
3.3799818765e+02	20	489	448	52	9	3	0	50	500	500	500	0	0	40	
3.3849856911e+02	19	489	460	40	14	2	0	50	500	500	500	0	0	40	
3.3899988523e+02	19	492	448	52	10	3	0	50	500	500	500	0	0	40	
3.3949645658e+02	18	493	448	52	11	1	0	50	500	500	500	0	0	40	
3.3999756041e+02	19	493	451	49	10	7	0	50	500	500	500	0	0	40	
3.4049920889e+02	18	496	444	56	14	2	0	50	500	500	500	0	0	40	
3.4099838407e+02	17	497	440	60	7	3	0	50	500	500	500	0	0	40	
3.4149560426e+02	17	497	443	57	8	1	0	50	500	500	500	0	0	40	
3.4199599965e+02	14	500	451	49	10	2	0	50	500	500	500	0	0	40	
3.4249814069e+02	14	502	454	46	12	3	0	50	500	500	500	0	0	40	
3.4299561314e+02	13	508	438	62	5	2	0	50	500	500	500	0	0	40	
3.4349130728e+02	14	507	439	61	10	3	0	50	500	500	500	0	0	40	
3.4398383523e+02	13	507	435	65	5	2	0	50	500	500	500	0	0	40	
3.4449635443e+02	13	508	436	64	10	2	0	50	500	500	500	0	0	40	
3.4499741141e+02	13	508	446	54	4	5	0	50	500	500	500	0	0	40	
3.4549713509e+02	14	508	440	60	10	3	0	50	500	500	500	0	0	40	
3.4599699497e+02	14	509	435	65	13	2	0	50	500	500	500	0	0	40	
3.4649660160e+02	14	508	438	62	13	5	0	50	500	500	500	0	0	40	
3.4699787918e+02	14	508	444	56	16	5	0	50	500	500	500	0	0	40	
3.4749653933e+02	13	512	441	59	15	9	0	50	500	500	500	0	0	40	
3.4799785054e+02	13	512	448	52	15	3	0	50	500	500	500	0	0	40	
3.4848605936e+02	13	510	449	51	6	5	0	50	500	500	500	0	0	40	
3.4899679399e+02	15	507	452	48	10	7	0	50	500	500	500	0	0	40	
3.4949846717e+02	15	508	456	44	15	3	0	50	500	500	500	0	0	40	
3.4999487488e+02	15	510	454	46	10	4	0	50	500	500	500	0	0	40	
3.5049683189e+02	16	511	459	41	11	6	0	50	500	500	500	0	0	40	
3.5099986858e+02	18	511	465	35	17	4	0	50	500	500	500	0	0	40	
3.5149674854e+02	17	512	463	37	19	0	0	50	500	500	500	0	0	40	
3.5199600596e+02	17	512	447	53	17	4	0	50	500	500	500	0	0	40	
3.5249976433e+02	19	510	453	47	11	5	0	50	500	500	500	0	0	40	
3.5299340402e+02	20	509	436	64	10	5	0	50	500	500	500	0	0	40	
3.5349927155e+02	20	508	443	57	12	0	0	50	500	500	500	0	0	40	
3.5399990134e+02	20	509	453	47	15	2	0	50	500	500	500	0	0	40	
3.5449568192e+02	19	508	458	42	15	4	0	50	500	500	500	0	0	40	
3.5499438259e+02	19	508	454	46	12	2	0	50	500	500	500	0	0	40	
3.5549690624e+02	19	509	463	37	14	5	0	50	500	500	500	0	0	40	
3.5599915824e+02	19	511	455	45	17	2	0	50	500	500	500	0	0	40	
3.5649686719e+02	20	510	441	59	13	1	0	50	500	500	500	0	0	40	
3.5699954675e+02	20	510	433	67	5	7	0	50	500	500	500	0	0	40	
3.5749391044e+02	22	508	438	62	6	1	0	50	500	500	500	0	0	40	
3.5799850507e+02	22	512	448	52	8	4	0	50	500	500	500	0	0	40	
3.5849707630e+02	21	513	455	45	15	3	0	50	500	500	500	0	0	40	
3.5899813470e+02	20	513	434	66	14	3	0	50	500	500	500	0	0	40	
3.5949790362e+02	20	514	437	63	10	7	0	50	500	500	500	0	0	40	
3.5999889678e+02	20	513	441	59	12	7	0	50	500	500	500	0	0	40	
3.6049963478e+02	18	515	446	54	8	4	0	50	500	500	500	0	0	40	
3.6099886264e+02	19	513	450	50	12	5	0	50	500	500	500	0	0	40	
3.6149960817e+02	18	513	449	51	14	6	0	50	500	500	500	0	0	40	
3.6199670722e+02	19	512	461	39	14	6	0	50	500	500	500	0	0	40	
3.6249972919e+02	19	513	454	46	10	6	0	50	500	500	500	0	0	40	
3.6299576508e+02	19	516	445	55	11	4	0	50	500	500	500	0	0	40	
3.6349128269e+02	20	515	455	45	17	3	0	50	500	500	500	0	0	40	
3.6399995790e+02	20	518	460	40	9	4	0	50	500	500	500	0	0	40	
3.6449995838e+02	20	517	465	35	11	1	0	50	500	500	500	0	0	40	
3.6499897544e+02	20	517	468	32	7	7	0	50	500	500	500	0	0	40	
3.6549994180e+02	21	517	468	32	13	2	0	50	500	500	500	0	0	40	
3.6599400448e+02	21	518	450	50	9	2	0	50	500	500	500	0	0	40	
3.6649877590e+02	22	518	450	50	10	1	0	50	500	500	500	0	0	40	
3.6699757829e+02	22	520	443	57	7	7	0	50	500	500	500	0	0	40	
3.6749753787e+02	23	518	433	67	12	1	0	50	500	500	500	0	0	40	
3.6799757443e+02	23	516	436	64	16	5	0	50	500	500	500	0	0	40	
3.6849956292e+02	23	515	445	55	9	9	0	50	500	500	500	0	0	40	
3.6899835257e+02	22	517	447	53	11	3	0	50	500	500	500	0	0	40	
3.6949724710e+02	20	520	453	47	4	0	0	50	500	500	500	0	0	40	
3.6998556526e+02	20	520	453	47	4	1	0	50	500	500	500	0	0	40	
3.7049957084e+02	20	521	460	40	9	2	0	50	500	500	500	0	0	40	
3.7099016529e+02	19	521	450	50	9	3	0	50	500	500	500	0	0	40	
3.7149641862e+02	19	521	468	32	13	4	0	50	500	500	500	0	0	40	
3.7199628008e+02	18	521	447	53	12	3	0	50	500	500	500	0	0	40	
3.7249855820e+02	22	517	440	60	18	6	0	50	500	500	500	0	0	40	
3.7299923697e+02	22	515	448	52	18	1	0	50	500	500	500	0	0	40	
3.7349978812e+02	22	518	447	53	9	5	0	50	500	500	500	0	0	40	
3.7399792395e+02	22	521	449	51	18	2	0	50	500	500	500	0	0	40	
3.7449251725e+02	22	520	455	45	10	2	0	50	500	500	500	0	0	40	
3.7499710142e+02	20	522	444	56	15	3	0	50	500	500	500	0	0	40	
3.7548972593e+02	18	523	449	51	10	8	0	50	500	500	500	0	0	40	
3.7599492269e+02	19	522	449	51	18	4	0	50	500	500	500	0	0	40	
3.7649969966e+02	19	521	438	62	12	4	0	50	500	500	500	0	0	40	
3.7699794455e+02	21	520	444	56	7	3	0	50	500	500	500	0	0	40	
3.7749899771e+02	20	520	447	53	12	1	0	50	500	500	500	0	0	40	
3.7799722265e+02	21	520	456	44	9	0	0	50	500	500	500	0	0	40	
3.7849830950e+02	21	521	455	45	11	7	0	50	500	500	500	0	0	40	
3.7899798876e+02	21	520	461	39	14	3	0	50	500	500	500	0	0	40	
3.7949393184e+02	19	525	438	62	10	2	0	50	500	500	500	0	0	40	
3.7999616819e+02	19	526	445	55	9	4	0	50	500	500	500	0	0	40	
3.8049802225e+02	18	527	440	60	9	1	0	50	500	500	500	0	0	40	
3.8099997504e+02	18	528	438	62	12	4	0	50	500	500	500	0	0	40	
3.8149582669e+02	18	527	441	59	11	5	0	50	500	500	500	0	0	40	
3.8199773271e+02	16	528	441	59	12	6	0	50	500	500	500	0	0	40	
3.8249925858e+02	16	530	454	46	16	4	0	50	500	500	500	0	0	40	
3.8299946618e+02	15	530	450	50	9	3	0	50	500	500	500	0	0	40	
3.8349714210e+02	15	530	446	54	9	1	0	50	500	500	500	0	0	40	
3.8399184425e+02	17	529	450	50	8	5	0	50	500	500	500	0	0	40	
3.8449776112e+02	17	531	434	66	12	2	0	50	500	500	500	0	0	40	
3.8499953810e+02	17	531	440	60	20	5	0	50	500	500	500	0	0	40	
3.8549811597e+02	17	534	452	48	18	5	0	50	500	500	500	0	0	40	
3.8599911964e+02	18	532	442	58	12	3	0	50	500	500	500	0	0	40	
3.8649677377e+02	18	533	442	58	17	3	0	50	500	500	500	0	0	40	
3.8699845179e+02	17	538	450	50	10	4	0	50	500	500	500	0	0	40	
3.8749218435e+02	17	538	438	62	8	2	0	50	500	500	500	0	0	40	
3.8799811507e+02	19	538	444	56	15	3	0	50	500	500	500	0	0	40	
3.8849440032e+02	20	539	433	67	14	1	0	50	500	500	500	0	0	40	
3.8899819822e+02	20	538	433	67	12	3	0	50	500	500	500	0	0	40	
3.8949973302e+02	21	537	437	63	15	6	0	50	500	500	500	0	0	40	
3.8999860861e+02	20	539	444	56	9	8	0	50	500	500	500	0	0	40	
3.9049336932e+02	20	539	438	62	17	1	0	50	500	500	500	0	0	40	
3.9099840514e+02	21	537	448	52	13	6	0	50	500	500	500	0	0	40	
3.9149486470e+02	20	539	450	50	8	4	0	50	500	500	500	0	0	40	
3.9199933909e+02	23	537	451	49	11	2	0	50	500	500	500	0	0	40	
3.9249785700e+02	23	536	448	52	7	2	0	50	500	500	500	0	0	40	
3.9299959914e+02	22	537	446	54	11	3	0	50	500	500	500	0	0	40	
3.9349785271e+02	21	538	464	36	15	3	0	50	500	500	500	0	0	40	
3.9399762503e+02	22	538	467	33	16	1	0	50	500	500	500	0	0	40	
3.9449549988e+02	22	539	464	36	13	5	0	50	500	500	500	0	0	40	
3.9499976542e+02	23	538	460	40	10	4	0	50	500	500	500	0	0	40	
3.9549948052e+02	23	538	459	41	12	3	0	50	500	500	500	0	0	40	
3.9599939482e+02	23	538	457	43	8	1	0	50	500	500	500	0	0	40	
3.9648836578e+02	23	538	457	43	11	3	0	50	500	500	500	0	0	40	
3.9699840561e+02	21	541	457	43	13	4	0	50	500	500	500	0	0	40	
3.9749813967e+02	21	543	445	55	9	2	0	50	500	500	500	0	0	40	
3.9799301613e+02	21	543	450	50	13	2	0	50	500	500	500	0	0	40	
3.9849507968e+02	21	546	461	39	10	6	0	50	500	500	500	0	0	40	
3.9899697077e+02	21	545	459	41	9	7	0	50	500	500	500	0	0	40	
3.9948589467e+02	21	545	447	53	14	2	0	50	500	500	500	0	0	40	
3.9999524182e+02	22	542	455	45	15	1	0	50	500	500	500	0	0	40	
4.0049985070e+02	23	540	461	39	11	5	0	50	500	500	500	0	0	40	
4.0099763783e+02	21	543	460	40	10	3	0	50	500	500	500	0	0	40	
4.0149372988e+02	21	543	470	30	16	0	0	50	500	500	500	0	0	40	
4.0199844796e+02	22	544	473	27	14	3	0	50	500	500	500	0	0	40	
4.0249313391e+02	21	545	472	28	12	4	0	50	500	500	500	0	0	40	
4.0299369464e+02	21	544	474	26	13	3	0	50	500	500	500	0	0	40	
4.0349750025e+02	21	545	464	36	9	4	0	50	500	500	500	0	0	40	
4.0399311475e+02	21	543	457	43	13	3	0	50	500	500	500	0	0	40	
4.0449611459e+02	20	545	462	38	7	6	0	50	500	500	500	0	0	40	
4.0499510362e+02	20	547	451	49	13	4	0	50	500	500	500	0	0	40	
4.0549677183e+02	22	544	461	39	13	3	0	50	500	500	500	0	0	40	
4.0599793586e+02	23	543	452	48	12	5	0	50	500	500	500	0	0	40	
4.0649846487e+02	22	543	447	53	16	3	0	50	500	500	500	0	0	40	
4.0699929562e+02	23	542	447	53	8	4	0	50	500	500	500	0	0	40	
4.0749334109e+02	24	542	465	35	9	5	0	50	500	500	500	0	0	40	
4.0799980785e+02	24	542	460	40	9	5	0	50	500	500	500	0	0	40	
4.0849738037e+02	25	540	451	49	8	5	0	50	500	500	500	0	0	40	
4.0899921111e+02	25	541	450	50	6	3	0	50	500	500	500	0	0	40	
4.0949932798e+02	25	541	454	46	8	4	0	50	500	500	500	0	0	40	
4.0999996918e+02	25	540	455	45	8	3	0	50	500	500	500	0	0	40	
4.1049745228e+02	27	538	458	42	12	3	0	50	500	500	500	0	0	40	
4.1099515285e+02	28	538	461	39	8	2	0	50	500	500	500	0	0	40	
4.1149831161e+02	28	536	459	41	8	2	0	50	500	500	500	0	0	40	
4.1199748087e+02	30	537	450	50	10	3	0	50	500	500	500	0	0	40	
4.1249737451e+02	30	537	449	51	14	4	0	50	500	500	500	0	0	40	
4.1299830996e+02	31	536	447	53	12	5	0	50	500	500	500	0	0	40	
4.1349509607e+02	30	537	452	48	7	4	0	50	500	500	500	0	0	40	
4.1399608722e+02	30	538	454	46	9	5	0	50	500	500	500	0	0	40	
4.1449835305e+02	29	538	462	38	13	3	0	50	500	500	500	0	0	40	
4.1499824964e+02	29	539	460	40	7	6	0	50	500	500	500	0	0	40	
4.1549816533e+02	29	540	458	42	15	4	0	50	500	500	500	0	0	40	
4.1599754600e+02	30	541	452	48	14	2	0	50	500	500	500	0	0	40	
4.1649832056e+02	30	538	447	53	14	3	0	50	500	500	500	0	0	40	
4.1699957236e+02	30	537	451	49	11	4	0	50	500	500	500	0	0	40	
4.1749332341e+02	30	537	460	40	10	4	0	50	500	500	500	0	0	40	
4.1799857486e+02	28	537	444	56	17	6	0	50	500	500	500	0	0	40	
4.1849997414e+02	27	539	450	50	10	8	0	50	500	500	500	0	0	40	
4.1899937896e+02	26	541	456	44	17	7	0	50	500	500	500	0	0	40	
4.1949306682e+02	27	539	447	53	7	4	0	50	500	500	500	0	0	40	
4.1999831708e+02	27	541	440	60	7	4	0	50	500	500	500	0	0	40	
4.2049646489e+02	26	543	451	49	2	4	0	50	500	500	500	0	0	40	
4.2099976003e+02	25	542	445	55	9	5	0	50	500	500	500	0	0	40	
4.2149915951e+02	24	543	449	51	15	5	0	50	500	500	500	0	0	40	
4.2199718585e+02	24	542	442	58	14	3	0	50	500	500	500	0	0	40	
4.2249695701e+02	25	539	448	52	10	2	0	50	500	500	500	0	0	40	
4.2299291970e+02	22	540	449	51	10	2	0	50	500	500	500	0	0	40	
4.2349438478e+02	23	541	455	45	8	3	0	50	500	500	500	0	0	40	
4.2399849720e+02	21	542	460	40	10	2	0	50	500	500	500	0	0	40	
4.2449747736e+02	20	543	450	50	9	5	0	50	500	500	500	0	0	40	
4.2498836869e+02	21	543	455	45	16	2	0	50	500	500	500	0	0	40	
4.2549890206e+02	22	543	463	37	11	3	0	50	500	500	500	0	0	40	
4.2599805482e+02	22	543	454	46	14	1	0	50	500	500	500	0	0	40	
4.2649621419e+02	22	543	443	57	19	5	0	50	500	500	500	0	0	40	
4.2699856128e+02	22	542	453	47	11	4	0	50	500	500	500	0	0	40	
4.2749900653e+02	22	544	453	47	11	2	0	50	500	500	500	0	0	40	
4.2799993641e+02	23	542	446	54	6	1	0	50	500	500	500	0	0	40	
4.2849731905e+02	22	544	448	52	7	3	0	50	500	500	500	0	0	40	
4.2899673845e+02	23	545	447	53	12	6	0	50	500	500	500	0	0	40	
4.2949748483e+02	23	545	444	56	13	4	0	50	500	500	500	0	0	40	
4.2999336867e+02	22	545	444	56	8	1	0	50	500	500	500	0	0	40	
4.3049961517e+02	21	545	441	59	10	1	0	50	500	500	500	0	0	40	
4.3099514464e+02	21	548	447	53	11	6	0	50	500	500	500	0	0	40	
4.3149889252e+02	21	548	449	51	13	3	0	50	500	500	500	0	0	40	
4.3198886947e+02	21	549	444	56	10	5	0	50	500	500	500	0	0	40	
4.3249670800e+02	20	552	451	49	15	5	0	50	500	500	500	0	0	40	
4.3299911491e+02	19	555	444	56	9	3	0	50	500	500	500	0	0	40	
4.3349540669e+02	17	556	448	52	14	4	0	50	500	500	500	0	0	40	
4.3399653510e+02	17	557	441	59	9	7	0	50	500	500	500	0	0	40	
4.3449974458e+02	17	559	429	71	14	2	0	50	500	500	500	0	0	40	
4.3499251597e+02	17	562	444	56	10	4	0	50	500	500	500	0	0	40	
4.3549908859e+02	16	564	445	55	13	1	0	50	500	500	500	0	0	40	
4.3599760450e+02	16	566	439	61	10	3	0	50	500	500	500	0	0	40	
4.3649815098e+02	17	566	446	54	8	3	0	50	500	500	500	0	0	40	
4.3699583098e+02	18	565	459	41	9	3	0	50	500	500	500	0	0	40	
4.3749917642e+02	18	566	454	46	11	2	0	50	500	500	500	0	0	40	
4.3799518365e+02	17	568	455	45	11	2	0	50	500	500	500	0	0	40	
4.3849447564e+02	16	569	467	33	5	5	0	50	500	500	500	0	0	40	
4.3899571886e+02	16	571	472	28	8	5	0	50	500	500	500	0	0	40	
4.3949806869e+02	16	571	469	31	7	5	0	50	500	500	500	0	0	40	
4.3999602715e+02	16	572	470	30	13	3	0	50	500	500	500	0	0	40	
4.4049966436e+02	16	572	461	39	11	5	0	50	500	500	500	0	0	40	
4.4099829520e+02	15	572	444	56	10	3	0	50	500	500	500	0	0	40	
4.4149756387e+02	14	575	453	47	14	4	0	50	500	500	500	0	0	40	
4.4199611326e+02	14	575	462	38	16	2	0	50	500	500	500	0	0	40	
4.4249869678e+02	14	575	464	36	14	5	0	50	500	500	500	0	0	40	
4.4299783295e+02	15	575	454	46	15	4	0	50	500	500	500	0	0	40	
4.4349973176e+02	15	575	451	49	9	2	0	50	500	500	500	0	0	40	
4.4399723231e+02	15	573	452	48	10	3	0	50	500	500	500	0	0	40	
4.4449865448e+02	15	575	456	44	11	5	0	50	500	500	500	0	0	40	
4.4499248207e+02	14	579	459	41	12	4	0	50	500	500	500	0	0	40	
4.4548735413e+02	15	578	454	46	14	3	0	50	500	500	500	0	0	40	
4.4599784261e+02	14	579	449	51	12	1	0	50	500	500	500	0	0	40	
4.4649672002e+02	15	579	456	44	8	3	0	50	500	500	500	0	0	40	
4.4699493208e+02	15	580	460	40	11	2	0	50	500	500	500	0	0	40	
4.4749627422e+02	16	579	456	44	13	6	0	50	500	500	500	0	0	40	
4.4799408033e+02	16	579	460	40	12	2	0	50	500	500	500	0	0	40	
4.4849948134e+02	19	578	463	37	9	4	0	50	500	500	500	0	0	40	
4.4899353523e+02	17	582	463	37	11	1	0	50	500	500	500	0	0	40	
4.4948597321e+02	18	581	455	45	9	1	0	50	500	500	500	0	0	40	
4.4999860978e+02	18	582	457	43	13	7	0	50	500	500	500	0	0	40	
4.5049264399e+02	20	580	453	47	21	5	0	50	500	500	500	0	0	40	
4.5099870144e+02	21	578	456	44	18	5	0	50	500	500	500	0	0	40	
4.5149680586e+02	20	580	465	35	12	5	0	50	500	500	500	0	0	40	
4.5199355810e+02	20	579	453	47	11	2	0	50	500	500	500	0	0	40	
4.5249439235e+02	19	580	435	65	10	3	0	50	500	500	500	0	0	40	
4.5299772288e+02	18	581	449	51	9	4	0	50	500	500	500	0	0	40	
4.5349467991e+02	17	583	457	43	7	7	0	50	500	500	500	0	0	40	
4.5399996030e+02	17	583	459	41	12	3	0	50	500	500	500	0	0	40	
4.5449738404e+02	16	583	453	47	7	7	0	50	500	500	500	0	0	40	
4.5499983716e+02	15	584	447	53	10	6	0	50	500	500	500	0	0	40	
4.5549900616e+02	15	583	446	54	10	6	0	50	500	500	500	0	0	40	
4.5599898462e+02	15	583	458	42	11	10	0	50	500	500	500	0	0	40	
4.5649703992e+02	16	584	451	49	11	2	0	50	500	500	500	0	0	40	
4.5699912192e+02	16	586	455	45	11	0	0	50	500	500	500	0	0	40	
4.5749787840e+02	16	587	450	50	7	2	0	50	500	500	500	0	0	40	
4.5799013600e+02	16	587	448	52	8	2	0	50	500	500	500	0	0	40	
4.5849990155e+02	15	587	451	49	9	1	0	50	500	500	500	0	0	40	
4.5899885602e+02	14	588	464	36	6	1	0	50	500	500	500	0	0	40	
4.5949387113e+02	12	591	460	40	10	2	0	50	500	500	500	0	0	40	
4.5999726080e+02	12	593	459	41	9	4	0	50	500	500	500	0	0	40	
4.6049439935e+02	11	593	462	38	10	2	0	50	500	500	500	0	0	40	
4.6099989971e+02	11	595	452	48	7	4	0	50	500	500	500	0	0	40	
4.6149010471e+02	11	596	455	45	10	4	0	50	500	500	500	0	0	40	
4.6199457132e+02	11	596	458	42	12	3	0	50	500	500	500	0	0	40	
4.6249877464e+02	11	599	453	47	14	2	0	50	500	500	500	0	0	40	
4.6299937945e+02	12	599	455	45	13	3	0	50	500	500	500	0	0	40	
4.6349661145e+02	13	598	459	41	12	4	0	50	500	500	500	0	0	40	
4.6399813115e+02	13	599	456	44	10	0	0	50	500	500	500	0	0	40	
4.6449821496e+02	13	601	463	37	11	3	0	50	500	500	500	0	0	40	
4.6499470580e+02	13	599	475	25	15	4	0	50	500	500	500	0	0	40	
4.6549907539e+02	14	599	456	44	11	5	0	50	500	500	500	0	0	40	
4.6599278947e+02	14	601	459	41	14	4	0	50	500	500	500	0	0	40	
4.6649607260e+02	16	601	468	32	9	3	0	50	500	500	500	0	0	40	
4.6699884433e+02	15	602	470	30	14	3	0	50	500	500	500	0	0	40	
4.6749654312e+02	15	603	464	36	19	1	0	50	500	500	500	0	0	40	
4.6799799695e+02	15	604	454	46	11	3	0	50	500	500	500	0	0	40	
4.6848496930e+02	15	605	456	44	9	3	0	50	500	500	500	0	0	40	
4.6899771414e+02	15	606	442	58	15	2	0	50	500	500	500	0	0	40	
4.6949692337e+02	14	607	442	58	9	3	0	50	500	500	500	0	0	40	
4.6998138199e+02	14	608	446	54	10	7	0	50	500	500	500	0	0	40	
4.7049854032e+02	15	606	449	51	12	5	0	50	500	500	500	0	0	40	
4.7099952370e+02	16	605	446	54	10	4	0	50	500	500	500	0	0	40	
4.7149955142e+02	15	606	450	50	15	5	0	50	500	500	500	0	0	40	
4.7199880874e+02	14	608	447	53	11	5	0	50	500	500	500	0	0	40	
4.7249770823e+02	15	607	445	55	21	1	0	50	500	500	500	0	0	40	
4.7299894072e+02	16	605	442	58	9	4	0	50	500	500	500	0	0	40	
4.7349861933e+02	15	607	450	50	14	1	0	50	500	500	500	0	0	40	
4.7399486162e+02	14	608	457	43	10	1	0	50	500	500	500	0	0	40	
4.7449563896e+02	14	607	442	58	13	1	0	50	500	500	500	0	0	40	
4.7499896664e+02	12	611	455	45	9	4	0	50	500	500	500	0	0	40	
4.7549833961e+02	12	612	455	45	6	2	0	50	500	500	500	0	0	40	
4.7599875497e+02	12	611	464	36	8	5	0	50	500	500	500	0	0	40	
4.7649392055e+02	12	612	454	46	6	1	0	50	500	500	500	0	0	40	
4.7699267519e+02	12	613	456	44	13	1	0	50	500	500	500	0	0	40	
4.7749722875e+02	12	614	456	44	11	4	0	50	500	500	500	0	0	40	
4.7799815128e+02	14	611	464	36	12	7	0	50	500	500	500	0	0	40	
4.7849868299e+02	16	610	466	34	12	5	0	50	500	500	500	0	0	40	
4.7899946864e+02	15	613	460	40	13	2	0	50	500	500	500	0	0	40	
4.7949635209e+02	15	613	455	45	18	6	0	50	500	500	500	0	0	40	
4.7999673737e+02	14	615	456	44	12	3	0	50	500	500	500	0	0	40	
4.8049204720e+02	14	614	447	53	11	5	0	50	500	500	500	0	0	40	
4.8099370240e+02	15	614	444	56	13	3	0	50	500	500	500	0	0	40	
4.8149814810e+02	16	612	443	57	9	3	0	50	500	500	500	0	0	40	
4.8199855868e+02	15	613	445	55	8	3	0	50	500	500	500	0	0	40	
4.8249902126e+02	13	619	444	56	6	1	0	50	500	500	500	0	0	40	
4.8299996124e+02	13	618	442	58	11	0	0	50	500	500	500	0	0	40	
4.8349820371e+02	13	619	463	37	7	3	0	50	500	500	500	0	0	40	
4.8399764757e+02	12	620	462	38	7	1	0	50	500	500	500	0	0	40	
4.8449692872e+02	12	622	466	34	8	1	0	50	500	500	500	0	0	40	
4.8499974528e+02	11	624	459	41	10	1	0	50	500	500	500	0	0	40	
4.8549596596e+02	10	627	470	30	9	2	0	50	500	500	500	0	0	40	
4.8599414382e+02	10	628	462	38	10	2	0	50	500	500	500	0	0	40	
4.8649904500e+02	10	629	461	39	21	2	0	50	500	500	500	0	0	40	
4.8699319228e+02	10	629	458	42	20	2	0	50	500	500	500	0	0	40	
4.8749239651e+02	10	631	467	33	15	1	0	50	500	500	500	0	0	40	
4.8799876554e+02	10	631	460	40	12	2	0	50	500	500	500	0	0	40	
4.8849562309e+02	9	632	462	38	12	2	0	50	500	500	500	0	0	40	
4.8899994845e+02	10	634	458	42	11	2	0	50	500	500	500	0	0	40	
4.8949057481e+02	10	635	450	50	12	1	0	50	500	500	500	0	0	40	
4.8999171391e+02	10	635	448	52	10	2	0	50	500	500	500	0	0	40	
4.9049827000e+02	10	636	447	53	4	3	0	50	500	500	500	0	0	40	
4.9099594914e+02	10	637	461	39	13	1	0	50	500	500	500	0	0	40	
4.9149784992e+02	10	638	460	40	6	4	0	50	500	500	500	0	0	40	
4.9199756662e+02	10	639	442	58	14	3	0	50	500	500	500	0	0	40	
4.9249670245e+02	12	641	441	59	11	2	0	50	500	500	500	0	0	40	
4.9299872296e+02	12	639	445	55	4	5	0	50	500	500	500	0	0	40	
4.9349932287e+02	11	640	447	53	12	3	0	50	500	500	500	0	0	40	
4.9399941852e+02	13	639	448	52	16	2	0	50	500	500	500	0	0	40	
4.9449299371e+02	13	637	441	59	13	3	0	50	500	500	500	0	0	40	
4.9499670368e+02	13	637	448	52	10	8	0	50	500	500	500	0	0	40	
4.9549710051e+02	13	638	458	42	12	3	0	50	500	500	500	0	0	40	
4.9599949202e+02	13	638	443	57	9	3	0	50	500	500	500	0	0	40	
4.9649995144e+02	13	638	448	52	6	6	0	50	500	500	500	0	0	40	
4.9699838755e+02	11	639	446	54	13	2	0	50	500	500	500	0	0	40	
4.9749503814e+02	11	638	446	54	5	6	0	50	500	500	500	0	0	40	
4.9799416495e+02	11	639	470	30	9	1	0	50	500	500	500	0	0	40	
4.9849690613e+02	11	640	468	32	9	7	0	50	500	500	500	0	0	40	
4.9899567481e+02	12	640	462	38	9	4	0	50	500	500	500	0	0	40	
4.9949925927e+02	12	643	460	40	13	6	0	50	500	500	500	0	0	40	
4.9999978653e+02	12	642	462	38	12	1	0	50	500	500	500	0	0	40	
5.0000455805e+02	12	642	462	38	11	2	0	50	500	500	500	0	0	40	
