0.0000000000e+00	0	0	500	0	0	0	0	50	500	500	0	0	0	0	
4.9598283972e-01	0	1	500	0	0	14	0	50	500	500	0	0	0	0	
9.5948888297e-01	0	2	499	1	0	20	0	50	500	500	0	0	0	0	
1.4826664550e+00	0	3	498	2	0	20	0	50	500	500	0	0	0	0	
1.9686480952e+00	0	4	497	3	0	17	0	50	500	500	0	0	0	0	
2.4761805893e+00	0	4	497	3	0	27	0	50	500	500	0	0	0	0	
2.9987933203e+00	0	5	495	5	0	33	0	50	500	500	0	0	0	0	
3.4759197704e+00	1	4	496	4	0	32	0	50	500	500	0	0	0	0	
3.9864113862e+00	1	5	492	8	1	34	0	50	500	500	0	0	0	0	
4.4943849274e+00	1	5	491	9	0	38	0	50	500	500	0	0	0	0	
4.9861135577e+00	1	5	493	7	1	45	0	50	500	500	0	0	0	0	
5.4887209718e+00	1	6	494	6	0	49	0	50	500	500	0	0	0	0	
5.9993081902e+00	1	6	495	5	1	48	0	50	500	500	0	0	0	0	
6.4897054899e+00	1	6	492	8	0	53	0	50	500	500	0	0	0	0	
6.9788069855e+00	1	7	486	14	0	52	0	50	500	500	0	0	0	0	
7.4907348243e+00	1	9	483	17	2	45	0	50	500	500	0	0	0	0	
7.9784007373e+00	1	10	487	13	0	56	0	50	500	500	0	0	0	0	
8.4867161749e+00	1	12	487	13	2	57	0	50	500	500	0	0	0	0	
8.9999916704e+00	2	11	495	5	1	59	0	50	500	500	0	0	0	0	
9.4936572834e+00	3	10	490	10	2	51	0	50	500	500	0	0	0	0	
9.9743629061e+00	4	10	494	6	4	50	0	50	500	500	0	0	0	0	
1.0487448392e+01	5	10	491	9	0	53	0	50	500	500	0	0	0	0	
1.0994970708e+01	5	12	488	12	0	51	0	50	500	500	0	0	0	0	
1.1497914508e+01	5	12	489	11	3	38	0	50	500	500	0	0	0	0	
1.1978928482e+01	5	13	485	15	2	39	0	50	500	500	0	0	0	0	
1.2495567987e+01	5	16	487	13	5	27	0	50	500	500	0	0	0	0	
1.2999997709e+01	5	17	476	24	1	36	0	50	500	500	0	0	0	0	
1.3497123941e+01	6	16	470	30	3	37	0	50	500	500	0	0	0	0	
1.3998162249e+01	6	16	469	31	3	35	0	50	500	500	0	0	0	0	
1.4498476286e+01	6	16	470	30	1	43	0	50	500	500	0	0	0	0	
1.4999620353e+01	6	17	474	26	4	42	0	50	500	500	0	0	0	0	
1.5490463055e+01	6	18	479	21	3	47	0	50	500	500	0	0	0	0	
1.5994558029e+01	6	19	486	14	2	46	0	50	500	500	0	0	0	0	
1.6495316565e+01	7	19	481	19	2	47	0	50	500	500	0	0	0	0	
1.6989613957e+01	7	19	475	25	0	50	0	50	500	500	0	0	0	0	
1.7490433579e+01	8	18	477	23	2	46	0	50	500	500	0	0	0	0	
1.7999290650e+01	8	19	474	26	4	47	0	50	500	500	0	0	0	0	
1.8499303012e+01	8	21	475	25	5	41	0	50	500	500	0	0	0	0	
1.8996558141e+01	8	21	474	26	2	48	0	50	500	500	0	0	0	0	
1.9479694793e+01	9	23	473	27	5	45	0	50	500	500	0	0	0	0	
1.9994464662e+01	9	23	473	27	5	46	0	50	500	500	0	0	0	0	
2.0493524966e+01	9	24	473	27	6	40	0	50	500	500	0	0	0	0	
2.0998811471e+01	9	25	462	38	2	47	0	50	500	500	0	0	0	0	
2.1496264355e+01	9	25	462	38	3	52	0	50	500	500	0	0	0	0	
2.1988181552e+01	10	25	457	43	5	39	0	50	500	500	0	0	0	0	
2.2498392724e+01	10	26	452	48	3	39	0	50	500	500	0	0	0	0	
2.2993244855e+01	10	28	453	47	6	31	0	50	500	500	0	0	0	0	
2.3497238987e+01	10	28	450	50	3	42	0	50	500	500	0	0	0	0	
2.3998436250e+01	10	28	446	54	4	37	0	50	500	500	0	0	0	0	
2.4497660383e+01	9	31	454	46	7	39	0	50	500	500	0	0	0	0	
2.4995609062e+01	9	33	450	50	8	38	0	50	500	500	0	0	0	0	
2.5496404627e+01	11	31	437	63	5	36	0	50	500	500	0	0	0	0	
2.5999776794e+01	11	32	437	63	2	42	0	50	500	500	0	0	0	0	
2.6488752035e+01	10	33	442	58	3	34	0	50	500	500	0	0	0	0	
2.6999965906e+01	11	35	438	62	6	35	0	50	500	500	0	0	0	0	
2.7499715576e+01	11	35	427	73	6	35	0	50	500	500	0	0	0	0	
2.7998012943e+01	13	34	420	80	3	29	0	50	500	500	0	0	0	0	
2.8499249642e+01	13	36	441	59	9	23	0	50	500	500	0	0	0	0	
2.8999890516e+01	14	37	442	58	3	34	0	50	500	500	0	0	0	0	
2.9491896959e+01	15	37	437	63	4	33	0	50	500	500	0	0	0	0	
2.9996788268e+01	15	39	431	69	4	34	0	50	500	500	0	0	0	0	
3.0499964145e+01	15	40	429	71	4	30	0	50	500	500	0	0	0	0	
3.0998532901e+01	16	41	420	80	7	25	0	50	500	500	0	0	0	0	
3.1497038492e+01	17	43	405	95	6	32	0	50	500	500	0	0	0	0	
3.1998954658e+01	18	43	400	100	10	23	0	50	500	500	0	0	0	0	
3.2499620355e+01	18	44	383	117	5	21	0	50	500	500	0	0	0	0	
3.2997736460e+01	16	50	366	134	4	30	0	50	500	500	0	0	0	0	
3.3499672095e+01	16	51	363	137	4	17	0	50	500	500	0	0	0	0	
3.3996633099e+01	15	52	343	157	4	19	0	50	500	500	0	0	0	0	
3.4495816498e+01	16	52	335	165	7	25	0	50	500	500	0	0	0	0	
3.4997530044e+01	14	54	336	164	9	20	0	50	500	500	0	0	0	0	
3.5490863129e+01	14	57	311	189	9	23	0	50	500	500	0	0	0	0	
3.5996305582e+01	13	58	306	194	8	33	0	50	500	500	0	0	0	0	
3.6492612854e+01	14	60	294	206	10	23	0	50	500	500	0	0	0	0	
3.6999458282e+01	14	61	260	240	3	29	0	50	500	500	0	0	0	0	
3.7499497337e+01	13	64	256	244	4	30	0	50	500	500	0	0	0	0	
3.7999623150e+01	10	70	221	279	12	20	0	50	500	500	0	0	0	0	
3.8499792428e+01	8	73	210	290	5	27	0	50	500	500	0	0	0	0	
3.8997396185e+01	8	75	186	314	6	22	0	50	500	500	0	0	0	0	
3.9499680593e+01	8	75	174	326	5	21	0	50	500	500	0	0	0	0	
3.9997608504e+01	7	77	140	360	6	17	0	50	500	500	0	0	0	0	
4.0499272831e+01	7	77	112	388	8	20	0	50	500	500	0	0	0	0	
4.0996235273e+01	5	78	107	393	6	25	0	50	500	500	0	0	0	0	
4.1497113269e+01	7	79	104	396	8	28	0	50	500	500	0	0	0	0	
4.1997664493e+01	5	84	101	399	5	26	0	50	500	500	0	0	0	0	
4.2499420831e+01	5	84	96	404	5	19	0	50	500	500	0	0	0	0	
4.2996988663e+01	5	84	97	403	5	23	0	50	500	500	0	0	0	0	
4.3497294391e+01	4	87	91	409	6	16	0	50	500	500	0	0	0	0	
4.3995349830e+01	3	88	82	418	12	20	0	50	500	500	0	0	0	0	
4.4499399719e+01	4	88	71	429	4	19	0	50	500	500	0	0	0	0	
4.4999521114e+01	4	89	59	441	9	10	0	50	500	500	0	0	0	0	
4.5493810512e+01	1	93	63	437	3	11	0	50	500	500	0	0	0	0	
4.5997775400e+01	1	95	58	442	6	11	0	50	500	500	0	0	0	0	
4.6499846599e+01	1	96	53	447	8	15	0	50	500	500	0	0	0	0	
4.6999155046e+01	1	96	45	455	16	11	0	50	500	500	0	0	0	0	
4.7493498830e+01	1	96	51	449	6	23	0	50	500	500	0	0	0	0	
4.7993534240e+01	2	95	34	466	9	23	0	50	500	500	0	0	0	0	
4.8497544382e+01	2	97	32	468	4	20	0	50	500	500	0	0	0	0	
4.8999832735e+01	3	97	44	456	5	16	0	50	500	500	0	0	0	0	
4.9493876041e+01	4	100	51	449	9	18	0	50	500	500	0	0	0	0	
4.9997191100e+01	3	101	56	444	10	22	0	50	500	500	0	0	0	0	
5.0498111269e+01	3	102	53	447	7	11	0	50	500	500	0	0	0	0	
5.0991610281e+01	3	102	48	452	5	12	0	50	500	500	0	0	0	0	
5.1490858143e+01	5	102	30	470	5	17	0	50	500	500	0	0	0	0	
5.1993791723e+01	4	103	34	466	12	12	0	50	500	500	0	0	0	0	
5.2499062986e+01	2	107	44	456	12	19	0	50	500	500	0	0	0	0	
5.2998664871e+01	2	107	35	465	10	19	0	50	500	500	0	0	0	0	
5.3499107586e+01	2	107	35	465	10	20	0	50	500	500	0	0	0	0	
5.3987102680e+01	4	106	30	470	10	21	0	50	500	500	0	0	0	0	
5.4496462055e+01	3	106	39	461	12	15	0	50	500	500	0	0	0	0	
5.4993074288e+01	2	108	33	467	10	20	0	50	500	500	0	0	0	0	
5.5498515746e+01	2	109	26	474	8	20	0	50	500	500	0	0	0	0	
5.5999929229e+01	5	108	34	466	11	17	0	50	500	500	0	0	0	0	
5.6495816032e+01	6	109	29	471	9	22	0	50	500	500	0	0	0	0	
5.6994851060e+01	6	109	25	475	6	23	0	50	500	500	0	0	0	0	
5.7494104569e+01	4	111	22	478	8	11	0	50	500	500	0	0	0	0	
5.7997730055e+01	4	111	35	465	4	13	0	50	500	500	0	0	0	0	
5.8499589414e+01	3	112	26	474	6	11	0	50	500	500	0	0	0	0	
5.8999269770e+01	4	111	44	456	4	13	0	50	500	500	0	0	0	0	
5.9495081668e+01	3	114	34	466	8	13	0	50	500	500	0	0	0	0	
5.9999290157e+01	2	117	29	471	7	17	0	50	500	500	0	0	0	0	
6.0498289193e+01	2	118	24	476	5	12	0	50	500	500	0	0	0	0	
6.0993687342e+01	1	120	28	472	7	11	0	50	500	500	0	0	0	0	
6.1492192333e+01	0	121	24	476	8	9	0	50	500	500	0	0	0	0	
6.1996134002e+01	1	121	31	469	8	9	0	50	500	500	0	0	0	0	
6.2499279716e+01	0	123	26	474	9	14	0	50	500	500	0	0	0	0	
6.2982704327e+01	0	123	25	475	10	13	0	50	500	500	0	0	0	0	
6.3499713046e+01	0	123	27	473	4	16	0	50	500	500	0	0	0	0	
6.3999275922e+01	1	123	13	487	9	17	0	50	500	500	0	0	0	0	
6.4499428363e+01	4	122	22	478	8	16	0	50	500	500	0	0	0	0	
6.4998040585e+01	3	123	38	462	11	14	0	50	500	500	0	0	0	0	
6.5498134961e+01	3	123	38	462	6	12	0	50	500	500	0	0	0	0	
6.5998380014e+01	1	126	39	461	8	13	0	50	500	500	0	0	0	0	
6.6498928918e+01	3	125	24	476	8	13	0	50	500	500	0	0	0	0	
6.6998894381e+01	3	125	25	475	4	14	0	50	500	500	0	0	0	0	
6.7497098834e+01	4	124	23	477	4	16	0	50	500	500	0	0	0	0	
6.7996034811e+01	2	128	22	478	8	11	0	50	500	500	0	0	0	0	
6.8491695615e+01	2	131	19	481	9	21	0	50	500	500	0	0	0	0	
6.8998499674e+01	3	131	29	471	11	12	0	50	500	500	0	0	0	0	
6.9499773459e+01	1	134	20	480	13	13	0	50	500	500	0	0	0	0	
6.9998368274e+01	3	137	21	479	10	11	0	50	500	500	0	0	0	0	
7.0498196399e+01	3	139	29	471	7	13	0	50	500	500	0	0	0	0	
7.0996962569e+01	2	143	28	472	6	16	0	50	500	500	0	0	0	0	
7.1498227017e+01	3	144	18	482	9	17	0	50	500	500	0	0	0	0	
7.1997887282e+01	2	147	27	473	12	11	0	50	500	500	0	0	0	0	
7.2498343742e+01	2	149	29	471	10	8	0	50	500	500	0	0	0	0	
7.2998956201e+01	2	150	28	472	6	11	0	50	500	500	0	0	0	0	
7.3498212952e+01	2	150	13	487	12	11	0	50	500	500	0	0	0	0	
7.3998225688e+01	2	150	19	481	11	15	0	50	500	500	0	0	0	0	
7.4495603189e+01	4	148	7	493	9	6	0	50	500	500	0	0	0	0	
7.4993952893e+01	5	150	15	485	7	7	0	50	500	500	0	0	0	0	
7.5499163518e+01	5	151	21	479	7	5	0	50	500	500	0	0	0	0	
7.5998780839e+01	4	152	22	478	2	11	0	50	500	500	0	0	0	0	
7.6493367002e+01	3	153	22	478	8	13	0	50	500	500	0	0	0	0	
7.6995158355e+01	2	155	26	474	11	12	0	50	500	500	0	0	0	0	
7.7495945184e+01	3	154	28	472	7	16	0	50	500	500	0	0	0	0	
7.7998442282e+01	4	154	31	469	5	8	0	50	500	500	0	0	0	0	
7.8499793126e+01	4	156	32	468	7	10	0	50	500	500	0	0	0	0	
7.8996863626e+01	5	155	21	479	6	11	0	50	500	500	0	0	0	0	
7.9498837082e+01	5	155	26	474	7	10	0	50	500	500	0	0	0	0	
7.9996007680e+01	5	156	24	476	2	13	0	50	500	500	0	0	0	0	
8.0499176815e+01	3	159	14	486	10	17	0	50	500	500	0	0	0	0	
8.0996586881e+01	2	160	14	486	14	21	0	50	500	500	0	0	0	0	
8.1498073429e+01	3	159	17	483	13	11	0	50	500	500	0	0	0	0	
8.1996150460e+01	4	159	12	488	14	11	0	50	500	500	0	0	0	0	
8.2494034211e+01	4	161	16	484	17	9	0	50	500	500	0	0	0	0	
8.2995657608e+01	4	162	17	483	8	11	0	50	500	500	0	0	0	0	
8.3492701782e+01	4	162	21	479	9	16	0	50	500	500	0	0	0	0	
8.3996731852e+01	3	166	21	479	5	19	0	50	500	500	0	0	0	0	
8.4491369654e+01	3	165	10	490	7	13	0	50	500	500	0	0	0	0	
8.4999737341e+01	4	163	19	481	8	12	0	50	500	500	0	0	0	0	
8.5498331337e+01	3	165	10	490	8	12	0	50	500	500	0	0	0	0	
8.5997155302e+01	2	166	10	490	9	17	0	50	500	500	0	0	0	0	
8.6499810224e+01	2	167	20	480	10	13	0	50	500	500	0	0	0	0	
8.6999519924e+01	1	170	19	481	9	7	0	50	500	500	0	0	0	0	
8.7497808408e+01	1	170	23	477	8	6	0	50	500	500	0	0	0	0	
8.7998027599e+01	1	172	20	480	10	5	0	50	500	500	0	0	0	0	
8.8498286583e+01	2	174	21	479	11	5	0	50	500	500	0	0	0	0	
8.8996298440e+01	2	175	15	485	11	13	0	50	500	500	0	0	0	0	
8.9499549112e+01	2	175	17	483	12	12	0	50	500	500	0	0	0	0	
8.9994459236e+01	2	176	20	480	6	10	0	50	500	500	0	0	0	0	
9.0498955535e+01	1	181	16	484	12	7	0	50	500	500	0	0	0	0	
9.0999336132e+01	1	181	14	486	7	19	0	50	500	500	0	0	0	0	
9.1497297106e+01	1	184	18	482	12	12	0	50	500	500	0	0	0	0	
9.1997376345e+01	1	185	14	486	7	8	0	50	500	500	0	0	0	0	
9.2497670024e+01	1	185	9	491	8	7	0	50	500	500	0	0	0	0	
9.2996026873e+01	2	185	11	489	14	6	0	50	500	500	0	0	0	0	
9.3499772149e+01	3	185	14	486	5	13	0	50	500	500	0	0	0	0	
9.3999327790e+01	2	186	14	486	11	8	0	50	500	500	0	0	0	0	
9.4499576333e+01	2	187	15	485	8	9	0	50	500	500	0	0	0	0	
9.4999414080e+01	2	189	19	481	11	10	0	50	500	500	0	0	0	0	
9.5499940105e+01	2	190	22	478	7	5	0	50	500	500	0	0	0	0	
9.5998481080e+01	2	191	25	475	5	8	0	50	500	500	0	0	0	0	
9.6498069533e+01	2	191	25	475	8	9	0	50	500	500	0	0	0	0	
9.6989984927e+01	2	193	15	485	15	9	0	50	500	500	0	0	0	0	
9.7498575555e+01	1	195	15	485	13	8	0	50	500	500	0	0	0	0	
9.7999867323e+01	2	194	12	488	12	10	0	50	500	500	0	0	0	0	
9.8499448712e+01	4	192	22	478	12	10	0	50	500	500	0	0	0	0	
9.8999891255e+01	5	193	13	487	12	10	0	50	500	500	0	0	0	0	
9.9496410715e+01	7	193	15	485	12	15	0	50	500	500	0	0	0	0	
9.9995815939e+01	7	195	12	488	15	9	0	50	500	500	0	0	0	0	
1.0049620253e+02	7	196	11	489	10	13	0	50	500	500	0	0	0	0	
1.0099238125e+02	3	201	12	488	12	11	0	50	500	500	0	0	0	0	
1.0149166129e+02	1	203	13	487	9	15	0	50	500	500	0	0	0	0	
1.0199994656e+02	1	204	17	483	15	6	0	50	500	500	0	0	0	0	
1.0249151758e+02	3	201	15	485	11	12	0	50	500	500	0	0	0	0	
1.0299877044e+02	3	201	17	483	14	12	0	50	500	500	0	0	0	0	
1.0349823608e+02	3	201	18	482	7	8	0	50	500	500	0	0	0	0	
1.0399977972e+02	3	201	15	485	10	9	0	50	500	500	0	0	0	0	
1.0449824721e+02	5	199	20	480	8	10	0	50	500	500	0	0	0	0	
1.0499643007e+02	4	200	11	489	14	8	0	50	500	500	0	0	0	0	
1.0549647131e+02	2	203	9	491	9	11	0	50	500	500	0	0	0	0	
1.0599914934e+02	4	201	20	480	8	13	0	50	500	500	0	0	0	0	
1.0649546209e+02	5	201	15	485	11	12	0	50	500	500	0	0	0	0	
1.0699585232e+02	4	203	13	487	13	14	0	50	500	500	0	0	0	0	
1.0749652896e+02	3	204	13	487	15	15	0	50	500	500	0	0	0	0	
1.0799771680e+02	4	202	12	488	14	12	0	50	500	500	0	0	0	0	
1.0849638010e+02	4	203	23	477	13	3	0	50	500	500	0	0	0	0	
1.0899760742e+02	4	203	8	492	7	7	0	50	500	500	0	0	0	0	
1.0949820898e+02	3	205	16	484	8	9	0	50	500	500	0	0	0	0	
1.0999872904e+02	3	207	14	486	11	3	0	50	500	500	0	0	0	0	
1.1049945936e+02	4	206	14	486	15	11	0	50	500	500	0	0	0	0	
1.1099927651e+02	6	204	11	489	11	13	0	50	500	500	0	0	0	0	
1.1149981210e+02	5	207	21	479	9	7	0	50	500	500	0	0	0	0	
1.1199827066e+02	4	208	12	488	15	7	0	50	500	500	0	0	0	0	
1.1249349106e+02	2	210	22	478	9	8	0	50	500	500	0	0	0	0	
1.1299386453e+02	2	210	11	489	7	9	0	50	500	500	0	0	0	0	
1.1349888354e+02	2	209	16	484	7	9	0	50	500	500	0	0	0	0	
1.1399706507e+02	2	210	15	485	6	6	0	50	500	500	0	0	0	0	
1.1449521790e+02	1	211	12	488	11	12	0	50	500	500	0	0	0	0	
1.1499580097e+02	2	211	14	486	8	10	0	50	500	500	0	0	0	0	
1.1549883130e+02	1	213	9	491	7	3	0	50	500	500	0	0	0	0	
1.1599681434e+02	1	212	17	483	13	6	0	50	500	500	0	0	0	0	
1.1649621700e+02	2	212	13	487	13	9	0	50	500	500	0	0	0	0	
1.1699374061e+02	3	210	18	482	7	10	0	50	500	500	0	0	0	0	
1.1749745118e+02	4	210	10	490	13	9	0	50	500	500	0	0	0	0	
1.1799958153e+02	3	211	15	485	10	6	0	50	500	500	0	0	0	0	
1.1849095440e+02	4	211	12	488	16	6	0	50	500	500	0	0	0	0	
1.1899485092e+02	4	211	16	484	9	8	0	50	500	500	0	0	0	0	
1.1949877165e+02	4	209	12	488	6	9	0	50	500	500	0	0	0	0	
1.1999935881e+02	5	208	16	484	14	6	0	50	500	500	0	0	0	0	
1.2049976430e+02	4	209	21	479	11	10	0	50	500	500	0	0	0	0	
1.2099781880e+02	4	210	6	494	10	10	0	50	500	500	0	0	0	0	
1.2149920355e+02	3	212	13	487	15	11	0	50	500	500	0	0	0	0	
1.2199429561e+02	4	213	10	490	9	13	0	50	500	500	0	0	0	0	
1.2249808007e+02	5	214	12	488	17	5	0	50	500	500	0	0	0	0	
1.2299281140e+02	5	216	15	485	11	8	0	50	500	500	0	0	0	0	
1.2349983493e+02	4	219	11	489	7	11	0	50	500	500	0	0	0	0	
1.2399414537e+02	2	221	7	493	9	6	0	50	500	500	0	0	0	0	
1.2449895759e+02	1	223	16	484	14	7	0	50	500	500	0	0	0	0	
1.2499169409e+02	1	225	13	487	16	5	0	50	500	500	0	0	0	0	
1.2549624606e+02	0	229	9	491	9	8	0	50	500	500	0	0	0	0	
1.2599971951e+02	1	229	11	489	15	9	0	50	500	500	0	0	0	0	
1.2649826529e+02	1	229	10	490	13	7	0	50	500	500	0	0	0	0	
1.2699344446e+02	2	228	18	482	10	8	0	50	500	500	0	0	0	0	
1.2749964499e+02	2	228	10	490	12	4	0	50	500	500	0	0	0	0	
1.2799824417e+02	1	230	15	485	8	16	0	50	500	500	0	0	0	0	
1.2849878273e+02	1	231	9	491	11	14	0	50	500	500	0	0	0	0	
1.2899263340e+02	2	229	6	494	13	6	0	50	500	500	0	0	0	0	
1.2949596832e+02	1	230	21	479	9	2	0	50	500	500	0	0	0	0	
1.2999635899e+02	3	229	15	485	9	8	0	50	500	500	0	0	0	0	
1.3049756280e+02	4	228	15	485	10	9	0	50	500	500	0	0	0	0	
1.3099869385e+02	4	227	16	484	7	7	0	50	500	500	0	0	0	0	
1.3149909910e+02	4	229	9	491	5	8	0	50	500	500	0	0	0	0	
1.3199467842e+02	4	229	9	491	5	6	0	50	500	500	0	0	0	0	
1.3249928809e+02	5	229	8	492	9	3	0	50	500	500	0	0	0	0	
1.3299354995e+02	4	230	14	486	8	9	0	50	500	500	0	0	0	0	
1.3349786270e+02	4	235	11	489	10	9	0	50	500	500	0	0	0	0	
1.3399643815e+02	3	237	20	480	12	4	0	50	500	500	0	0	0	0	
1.3449035935e+02	4	236	10	490	11	7	0	50	500	500	0	0	0	0	
1.3499714987e+02	4	236	15	485	11	9	0	50	500	500	0	0	0	0	
1.3549697819e+02	4	236	8	492	14	6	0	50	500	500	0	0	0	0	
1.3599722626e+02	3	237	14	486	8	10	0	50	500	500	0	0	0	0	
1.3649984858e+02	1	240	16	484	13	9	0	50	500	500	0	0	0	0	
1.3699822565e+02	2	240	19	481	10	10	0	50	500	500	0	0	0	0	
1.3749678559e+02	2	240	9	491	17	6	0	50	500	500	0	0	0	0	
1.3799707241e+02	1	239	15	485	10	6	0	50	500	500	0	0	0	0	
1.3849811619e+02	0	240	18	482	7	6	0	50	500	500	0	0	0	0	
1.3899544875e+02	1	240	8	492	18	9	0	50	500	500	0	0	0	0	
1.3949869932e+02	2	240	12	488	14	8	0	50	500	500	0	0	0	0	
1.3999952493e+02	3	241	8	492	8	11	0	50	500	500	0	0	0	0	
1.4049215554e+02	2	243	6	494	10	10	0	50	500	500	0	0	0	0	
1.4099857485e+02	2	244	10	490	10	4	0	50	500	500	0	0	0	0	
1.4149552805e+02	2	244	16	484	12	4	0	50	500	500	0	0	0	0	
1.4199956411e+02	2	245	16	484	10	9	0	50	500	500	0	0	0	0	
1.4249985970e+02	3	245	8	492	9	12	0	50	500	500	0	0	0	0	
1.4299458325e+02	4	247	14	486	15	5	0	50	500	500	0	0	0	0	
1.4349977173e+02	6	247	7	493	9	8	0	50	500	500	0	0	0	0	
1.4399432136e+02	5	249	7	493	8	6	0	50	500	500	0	0	0	0	
1.4449825704e+02	3	252	6	494	6	9	0	50	500	500	0	0	0	0	
1.4499865427e+02	2	257	16	484	9	5	0	50	500	500	0	0	0	0	
1.4549985452e+02	2	257	15	485	14	2	0	50	500	500	0	0	0	0	
1.4599980160e+02	3	258	13	487	13	4	0	50	500	500	0	0	0	0	
1.4649968200e+02	4	259	10	490	8	7	0	50	500	500	0	0	0	0	
1.4699989013e+02	5	261	11	489	11	8	0	50	500	500	0	0	0	0	
1.4749696010e+02	7	259	8	492	6	4	0	50	500	500	0	0	0	0	
1.4799729356e+02	7	259	12	488	7	4	0	50	500	500	0	0	0	0	
1.4849972326e+02	4	263	4	496	9	8	0	50	500	500	0	0	0	0	
1.4899896444e+02	4	263	6	494	14	5	0	50	500	500	0	0	0	0	
1.4949802460e+02	2	267	10	490	13	4	0	50	500	500	0	0	0	0	
1.4999746762e+02	1	270	4	496	7	9	0	50	500	500	0	0	0	0	
1.5049856640e+02	1	270	15	485	14	9	0	50	500	500	0	0	0	0	
1.5099780888e+02	1	268	10	490	10	13	0	50	500	500	0	0	0	0	
1.5149689311e+02	3	266	9	491	6	6	0	50	500	500	0	0	0	0	
1.5199619281e+02	4	268	12	488	7	7	0	50	500	500	0	0	0	0	
1.5249837365e+02	4	268	10	490	9	6	0	50	500	500	0	0	0	0	
1.5299970891e+02	6	266	11	489	12	10	0	50	500	500	0	0	0	0	
1.5349989206e+02	4	269	12	488	12	8	0	50	500	500	0	0	0	0	
1.5399975143e+02	4	268	8	492	10	9	0	50	500	500	0	0	0	0	
1.5449547839e+02	4	271	9	491	9	5	0	50	500	500	0	0	0	0	
1.5499800798e+02	2	275	10	490	15	3	0	50	500	500	0	0	0	0	
1.5549831635e+02	1	275	6	494	9	11	0	50	500	500	0	0	0	0	
1.5599952008e+02	0	275	11	489	13	8	0	50	500	500	0	0	0	0	
1.5649956770e+02	2	274	12	488	10	2	0	50	500	500	0	0	0	0	
1.5699954230e+02	1	276	9	491	11	7	0	50	500	500	0	0	0	0	
1.5749604048e+02	0	277	11	489	7	4	0	50	500	500	0	0	0	0	
1.5799499249e+02	0	278	4	496	10	5	0	50	500	500	0	0	0	0	
1.5849564391e+02	1	278	8	492	11	4	0	50	500	500	0	0	0	0	
1.5899877548e+02	1	278	5	495	12	5	0	50	500	500	0	0	0	0	
1.5949927754e+02	2	277	14	486	7	5	0	50	500	500	0	0	0	0	
1.5999688810e+02	3	278	8	492	10	3	0	50	500	500	0	0	0	0	
1.6048969250e+02	1	280	6	494	8	4	0	50	500	500	0	0	0	0	
1.6098665537e+02	1	280	13	487	8	11	0	50	500	500	0	0	0	0	
1.6149773962e+02	1	282	13	487	16	6	0	50	500	500	0	0	0	0	
1.6199917168e+02	1	282	12	488	9	5	0	50	500	500	0	0	0	0	
1.6249404439e+02	1	284	3	497	6	5	0	50	500	500	0	0	0	0	
1.6299821433e+02	1	284	14	486	10	5	0	50	500	500	0	0	0	0	
1.6349372850e+02	0	287	15	485	12	4	0	50	500	500	0	0	0	0	
1.6399906995e+02	0	287	14	486	18	6	0	50	500	500	0	0	0	0	
1.6449443657e+02	0	287	6	494	16	10	0	50	500	500	0	0	0	0	
1.6499925898e+02	1	287	11	489	12	11	0	50	500	500	0	0	0	0	
1.6549774269e+02	2	287	7	493	11	2	0	50	500	500	0	0	0	0	
1.6599428823e+02	1	289	8	492	8	2	0	50	500	500	0	0	0	0	
1.6649990828e+02	1	291	13	487	12	5	0	50	500	500	0	0	0	0	
1.6699510073e+02	1	291	12	488	7	3	0	50	500	500	0	0	0	0	
1.6749195657e+02	0	293	9	491	9	4	0	50	500	500	0	0	0	0	
1.6799729851e+02	0	293	9	491	8	8	0	50	500	500	0	0	0	0	
1.6849706176e+02	0	295	9	491	12	2	0	50	500	500	0	0	0	0	
1.6899731784e+02	0	296	5	495	8	7	0	50	500	500	0	0	0	0	
1.6949968020e+02	0	296	7	493	15	4	0	50	500	500	0	0	0	0	
1.6999613081e+02	0	296	10	490	11	3	0	50	500	500	0	0	0	0	
1.7049571178e+02	0	298	10	490	4	6	0	50	500	500	0	0	0	0	
1.7099964297e+02	0	298	6	494	15	6	0	50	500	500	0	0	0	0	
1.7149995642e+02	0	299	6	494	17	8	0	50	500	500	0	0	0	0	
1.7199964101e+02	2	298	13	487	14	7	0	50	500	500	0	0	0	0	
1.7249693005e+02	1	300	8	492	10	11	0	50	500	500	0	0	0	0	
1.7299858249e+02	3	299	6	494	12	8	0	50	500	500	0	0	0	0	
1.7349649976e+02	2	300	8	492	9	4	0	50	500	500	0	0	0	0	
1.7399621241e+02	2	300	8	492	8	5	0	50	500	500	0	0	0	0	
1.7449565427e+02	2	299	11	489	7	8	0	50	500	500	0	0	0	0	
1.7499656439e+02	5	296	9	491	10	5	0	50	500	500	0	0	0	0	
1.7549961032e+02	3	297	14	486	4	9	0	50	500	500	0	0	0	0	
1.7599913639e+02	3	297	8	492	14	6	0	50	500	500	0	0	0	0	
1.7649996858e+02	3	298	8	492	12	4	0	50	500	500	0	0	0	0	
1.7699897379e+02	3	295	13	487	9	3	0	50	500	500	0	0	0	0	
1.7749968404e+02	3	296	8	492	7	9	0	50	500	500	0	0	0	0	
1.7799928281e+02	3	297	6	494	14	9	0	50	500	500	0	0	0	0	
1.7849155183e+02	3	298	12	488	21	1	0	50	500	500	0	0	0	0	
1.7899930727e+02	1	300	11	489	11	4	0	50	500	500	0	0	0	0	
1.7949514018e+02	2	302	4	496	10	8	0	50	500	500	0	0	0	0	
1.7999915523e+02	3	301	6	494	18	6	0	50	500	500	0	0	0	0	
1.8049922672e+02	2	303	8	492	12	8	0	50	500	500	0	0	0	0	
1.8099435282e+02	2	304	8	492	10	6	0	50	500	500	0	0	0	0	
1.8149910403e+02	2	305	4	496	15	2	0	50	500	500	0	0	0	0	
1.8199307217e+02	2	305	5	495	7	9	0	50	500	500	0	0	0	0	
1.8249377630e+02	1	305	9	491	14	5	0	50	500	500	0	0	0	0	
1.8299451688e+02	1	305	6	494	11	7	0	50	500	500	0	0	0	0	
1.8349644664e+02	1	306	7	493	11	1	0	50	500	500	0	0	0	0	
1.8399832138e+02	1	306	6	494	8	0	0	50	500	500	0	0	0	0	
1.8449746338e+02	2	305	4	496	12	9	0	50	500	500	0	0	0	0	
1.8499660653e+02	2	303	6	494	17	6	0	50	500	500	0	0	0	0	
1.8549905689e+02	4	304	11	489	15	11	0	50	500	500	0	0	0	0	
1.8599861081e+02	5	304	7	493	20	7	0	50	500	500	0	0	0	0	
1.8649766360e+02	3	306	5	495	15	6	0	50	500	500	0	0	0	0	
1.8699847635e+02	2	306	8	492	12	7	0	50	500	500	0	0	0	0	
1.8749988872e+02	2	307	13	487	14	6	0	50	500	500	0	0	0	0	
1.8799142784e+02	2	307	15	485	13	4	0	50	500	500	0	0	0	0	
1.8849854845e+02	3	307	13	487	14	3	0	50	500	500	0	0	0	0	
1.8899670473e+02	4	308	7	493	7	5	0	50	500	500	0	0	0	0	
1.8949875579e+02	2	310	12	488	9	5	0	50	500	500	0	0	0	0	
1.8999652532e+02	5	307	9	491	10	6	0	50	500	500	0	0	0	0	
1.9049986701e+02	6	306	11	489	6	12	0	50	500	500	0	0	0	0	
1.9099944942e+02	5	306	8	492	14	9	0	50	500	500	0	0	0	0	
1.9149466660e+02	2	310	5	495	13	5	0	50	500	500	0	0	0	0	
1.9199862230e+02	3	310	4	496	12	12	0	50	500	500	0	0	0	0	
1.9249994047e+02	3	312	9	491	11	12	0	50	500	500	0	0	0	0	
1.9299863589e+02	1	315	11	489	17	5	0	50	500	500	0	0	0	0	
1.9349765725e+02	1	315	12	488	18	4	0	50	500	500	0	0	0	0	
1.9399543252e+02	1	315	9	491	10	9	0	50	500	500	0	0	0	0	
1.9449468638e+02	2	314	3	497	7	6	0	50	500	500	0	0	0	0	
1.9499956198e+02	2	317	8	492	8	4	0	50	500	500	0	0	0	0	
1.9549996581e+02	3	318	8	492	11	7	0	50	500	500	0	0	0	0	
1.9599946126e+02	5	317	11	489	12	7	0	50	500	500	0	0	0	0	
1.9649948533e+02	3	318	6	494	9	11	0	50	500	500	0	0	0	0	
1.9699984618e+02	4	319	9	491	13	8	0	50	500	500	0	0	0	0	
1.9749948253e+02	4	321	11	489	10	7	0	50	500	500	0	0	0	0	
1.9799935250e+02	4	322	7	493	12	5	0	50	500	500	0	0	0	0	
1.9849638953e+02	4	322	11	489	8	8	0	50	500	500	0	0	0	0	
1.9899199306e+02	3	324	7	493	19	5	0	50	500	500	0	0	0	0	
1.9949736997e+02	3	325	2	498	13	2	0	50	500	500	0	0	0	0	
1.9999614676e+02	4	325	8	492	11	5	0	50	500	500	0	0	0	0	
2.0049889298e+02	4	326	8	492	12	6	0	50	500	500	0	0	0	0	
2.0099678190e+02	1	329	7	493	15	2	0	50	500	500	0	0	0	0	
2.0149998734e+02	1	330	10	490	12	10	0	50	500	500	0	0	0	0	
2.0199218523e+02	1	332	9	491	12	4	0	50	500	500	0	0	0	0	
2.0249838304e+02	1	334	9	491	12	5	0	50	500	500	0	0	0	0	
2.0299595891e+02	3	332	8	492	11	4	0	50	500	500	0	0	0	0	
2.0349946071e+02	3	332	9	491	7	10	0	50	500	500	0	0	0	0	
2.0399770107e+02	2	335	14	486	11	7	0	50	500	500	0	0	0	0	
2.0449911034e+02	1	337	7	493	9	6	0	50	500	500	0	0	0	0	
2.0499894974e+02	1	338	12	488	11	6	0	50	500	500	0	0	0	0	
2.0549896404e+02	1	337	9	491	13	5	0	50	500	500	0	0	0	0	
2.0599780374e+02	2	336	3	497	17	9	0	50	500	500	0	0	0	0	
2.0649960218e+02	3	334	15	485	20	9	0	50	500	500	0	0	0	0	
2.0699967319e+02	5	332	15	485	15	7	0	50	500	500	0	0	0	0	
2.0749153736e+02	4	335	6	494	10	8	0	50	500	500	0	0	0	0	
2.0799400424e+02	2	337	9	491	13	10	0	50	500	500	0	0	0	0	
2.0849927430e+02	3	337	8	492	16	6	0	50	500	500	0	0	0	0	
2.0899540152e+02	3	339	12	488	11	2	0	50	500	500	0	0	0	0	
2.0949674910e+02	2	340	7	493	8	5	0	50	500	500	0	0	0	0	
2.0999685086e+02	2	341	11	489	13	4	0	50	500	500	0	0	0	0	
2.1049775170e+02	1	342	7	493	14	4	0	50	500	500	0	0	0	0	
2.1099796080e+02	0	344	5	495	12	8	0	50	500	500	0	0	0	0	
2.1149707453e+02	0	345	10	490	12	4	0	50	500	500	0	0	0	0	
2.1199720924e+02	0	345	9	491	5	4	0	50	500	500	0	0	0	0	
2.1249900136e+02	0	345	5	495	9	4	0	50	500	500	0	0	0	0	
2.1299965486e+02	2	345	7	493	15	7	0	50	500	500	0	0	0	0	
2.1349417885e+02	2	346	1	499	15	5	0	50	500	500	0	0	0	0	
2.1399802304e+02	3	345	13	487	10	8	0	50	500	500	0	0	0	0	
2.1449971377e+02	3	344	10	490	10	3	0	50	500	500	0	0	0	0	
2.1499949045e+02	4	345	8	492	8	3	0	50	500	500	0	0	0	0	
2.1549362729e+02	5	344	9	491	13	2	0	50	500	500	0	0	0	0	
2.1599682401e+02	5	342	5	495	5	5	0	50	500	500	0	0	0	0	
2.1649856742e+02	5	343	6	494	2	10	0	50	500	500	0	0	0	0	
2.1699804736e+02	6	342	4	496	4	7	0	50	500	500	0	0	0	0	
2.1749794986e+02	7	341	6	494	7	8	0	50	500	500	0	0	0	0	
2.1799952009e+02	6	343	6	494	7	10	0	50	500	500	0	0	0	0	
2.1849441011e+02	6	346	5	495	12	4	0	50	500	500	0	0	0	0	
2.1899947398e+02	5	348	6	494	12	6	0	50	500	500	0	0	0	0	
2.1949767967e+02	5	349	12	488	13	2	0	50	500	500	0	0	0	0	
2.1999809568e+02	6	349	4	496	10	8	0	50	500	500	0	0	0	0	
2.2049805859e+02	6	348	7	493	14	7	0	50	500	500	0	0	0	0	
2.2099246907e+02	4	350	6	494	16	1	0	50	500	500	0	0	0	0	
2.2149907512e+02	5	349	10	490	8	6	0	50	500	500	0	0	0	0	
2.2199879029e+02	4	350	6	494	8	1	0	50	500	500	0	0	0	0	
2.2249977505e+02	3	350	11	489	16	3	0	50	500	500	0	0	0	0	
2.2299364012e+02	4	350	10	490	12	1	0	50	500	500	0	0	0	0	
2.2349762580e+02	3	351	10	490	7	2	0	50	500	500	0	0	0	0	
2.2399811202e+02	3	352	6	494	10	5	0	50	500	500	0	0	0	0	
2.2449801487e+02	3	353	10	490	7	8	0	50	500	500	0	0	0	0	
2.2498804104e+02	3	354	9	491	13	3	0	50	500	500	0	0	0	0	
2.2549762131e+02	4	354	5	495	9	7	0	50	500	500	0	0	0	0	
2.2599798436e+02	4	352	13	487	14	3	0	50	500	500	0	0	0	0	
2.2648989891e+02	4	352	7	493	12	2	0	50	500	500	0	0	0	0	
2.2699978309e+02	3	352	6	494	5	3	0	50	500	500	0	0	0	0	
2.2749573373e+02	3	354	5	495	6	3	0	50	500	500	0	0	0	0	
2.2799836214e+02	3	357	11	489	7	6	0	50	500	500	0	0	0	0	
2.2849746129e+02	3	357	7	493	10	9	0	50	500	500	0	0	0	0	
2.2899784152e+02	4	356	9	491	9	7	0	50	500	500	0	0	0	0	
2.2949366993e+02	2	358	8	492	11	6	0	50	500	500	0	0	0	0	
2.2999773160e+02	2	359	9	491	14	8	0	50	500	500	0	0	0	0	
2.3048945000e+02	2	360	9	491	16	7	0	50	500	500	0	0	0	0	
2.3099964664e+02	3	362	8	492	12	8	0	50	500	500	0	0	0	0	
2.3149471957e+02	3	363	7	493	8	5	0	50	500	500	0	0	0	0	
2.3199755761e+02	3	363	7	493	7	6	0	50	500	500	0	0	0	0	
2.3249716766e+02	3	364	5	495	8	9	0	50	500	500	0	0	0	0	
2.3299853396e+02	4	363	6	494	13	14	0	50	500	500	0	0	0	0	
2.3349912896e+02	3	364	6	494	10	5	0	50	500	500	0	0	0	0	
2.3399481219e+02	3	363	9	491	13	3	0	50	500	500	0	0	0	0	
2.3449531855e+02	3	364	10	490	18	7	0	50	500	500	0	0	0	0	
2.3499645425e+02	1	367	10	490	10	0	0	50	500	500	0	0	0	0	
2.3549240871e+02	2	367	6	494	8	3	0	50	500	500	0	0	0	0	
2.3599889878e+02	2	367	7	493	10	6	0	50	500	500	0	0	0	0	
2.3649783350e+02	2	366	8	492	13	5	0	50	500	500	0	0	0	0	
2.3699882471e+02	2	366	7	493	11	4	0	50	500	500	0	0	0	0	
2.3749992818e+02	3	366	8	492	12	5	0	50	500	500	0	0	0	0	
2.3799919067e+02	4	367	5	495	13	6	0	50	500	500	0	0	0	0	
2.3848666169e+02	3	366	4	496	10	5	0	50	500	500	0	0	0	0	
2.3899840050e+02	5	364	6	494	18	6	0	50	500	500	0	0	0	0	
2.3949451376e+02	3	366	10	490	12	6	0	50	500	500	0	0	0	0	
2.3999881626e+02	3	366	7	493	6	6	0	50	500	500	0	0	0	0	
2.4049923164e+02	3	365	5	495	11	5	0	50	500	500	0	0	0	0	
2.4099968693e+02	0	369	4	496	5	4	0	50	500	500	0	0	0	0	
2.4149802326e+02	0	370	5	495	9	8	0	50	500	500	0	0	0	0	
2.4199993196e+02	0	370	5	495	18	3	0	50	500	500	0	0	0	0	
2.4249396785e+02	0	372	6	494	15	5	0	50	500	500	0	0	0	0	
2.4299643588e+02	2	371	1	499	15	9	0	50	500	500	0	0	0	0	
2.4349394833e+02	3	371	9	491	14	6	0	50	500	500	0	0	0	0	
2.4399977552e+02	3	372	6	494	14	3	0	50	500	500	0	0	0	0	
2.4449347448e+02	3	373	5	495	13	6	0	50	500	500	0	0	0	0	
2.4499793833e+02	4	371	4	496	15	3	0	50	500	500	0	0	0	0	
2.4549604068e+02	4	371	7	493	15	5	0	50	500	500	0	0	0	0	
2.4599784764e+02	3	372	8	492	6	6	0	50	500	500	0	0	0	0	
2.4649254582e+02	1	374	5	495	13	4	0	50	500	500	0	0	0	0	
2.4699991118e+02	1	376	13	487	8	8	0	50	500	500	0	0	0	0	
2.4749847094e+02	1	376	6	494	10	8	0	50	500	500	0	0	0	0	
2.4799669505e+02	1	377	12	488	14	5	0	50	500	500	0	0	0	0	
2.4849938048e+02	1	377	12	488	12	5	0	50	500	500	0	0	0	0	
2.4899963537e+02	4	374	7	493	11	6	0	50	500	500	0	0	0	0	
2.4949796561e+02	3	375	2	498	8	6	0	50	500	500	0	0	0	0	
2.4999440205e+02	3	375	8	492	13	5	0	50	500	500	0	0	0	0	
2.5049987326e+02	4	375	8	492	13	3	0	50	500	500	0	0	0	0	
2.5099873487e+02	3	376	10	490	9	13	0	50	500	500	0	0	0	0	
2.5149968448e+02	3	376	13	487	12	6	0	50	500	500	0	0	0	0	
2.5199806429e+02	1	377	10	490	11	3	0	50	500	500	0	0	0	0	
2.5249621830e+02	1	380	2	498	8	6	0	50	500	500	0	0	0	0	
2.5299649734e+02	1	381	8	492	14	3	0	50	500	500	0	0	0	0	
2.5349279513e+02	0	380	3	497	12	6	0	50	500	500	0	0	0	0	
2.5399362178e+02	0	380	3	497	16	0	0	50	500	500	0	0	0	0	
2.5449903100e+02	1	378	4	496	14	4	0	50	500	500	0	0	0	0	
2.5499020656e+02	1	380	3	497	10	9	0	50	500	500	0	0	0	0	
2.5549505601e+02	0	382	5	495	12	4	0	50	500	500	0	0	0	0	
2.5599582051e+02	0	383	15	485	11	2	0	50	500	500	0	0	0	0	
2.5649893369e+02	1	387	8	492	10	5	0	50	500	500	0	0	0	0	
2.5699900133e+02	0	388	9	491	7	2	0	50	500	500	0	0	0	0	
2.5749845432e+02	0	387	9	491	10	4	0	50	500	500	0	0	0	0	
2.5799454127e+02	1	389	3	497	11	2	0	50	500	500	0	0	0	0	
2.5849867194e+02	2	390	9	491	8	3	0	50	500	500	0	0	0	0	
2.5899952125e+02	1	391	6	494	7	7	0	50	500	500	0	0	0	0	
2.5949860062e+02	2	390	5	495	10	4	0	50	500	500	0	0	0	0	
2.5999717088e+02	2	391	8	492	10	4	0	50	500	500	0	0	0	0	
2.6049728624e+02	1	393	7	493	12	2	0	50	500	500	0	0	0	0	
2.6099919352e+02	1	394	9	491	16	7	0	50	500	500	0	0	0	0	
2.6149861757e+02	0	395	6	494	12	5	0	50	500	500	0	0	0	0	
2.6199941848e+02	5	389	7	493	15	3	0	50	500	500	0	0	0	0	
2.6249719707e+02	4	391	3	497	19	6	0	50	500	500	0	0	0	0	
2.6299904055e+02	4	392	7	493	17	6	0	50	500	500	0	0	0	0	
2.6349938551e+02	5	390	6	494	18	8	0	50	500	500	0	0	0	0	
2.6399946668e+02	4	393	7	493	14	5	0	50	500	500	0	0	0	0	
2.6449498268e+02	4	393	5	495	10	2	0	50	500	500	0	0	0	0	
2.6499896840e+02	4	393	12	488	12	5	0	50	500	500	0	0	0	0	
2.6549882970e+02	3	395	4	496	16	4	0	50	500	500	0	0	0	0	
2.6599899544e+02	0	400	7	493	13	6	0	50	500	500	0	0	0	0	
2.6649709296e+02	0	400	5	495	7	10	0	50	500	500	0	0	0	0	
2.6699594588e+02	0	398	7	493	19	4	0	50	500	500	0	0	0	0	
2.6749383807e+02	1	397	2	498	19	4	0	50	500	500	0	0	0	0	
2.6799908878e+02	0	398	5	495	14	4	0	50	500	500	0	0	0	0	
2.6849835994e+02	1	396	6	494	15	5	0	50	500	500	0	0	0	0	
2.6899850236e+02	1	396	10	490	9	9	0	50	500	500	0	0	0	0	
2.6949343594e+02	1	397	7	493	10	5	0	50	500	500	0	0	0	0	
2.6999567348e+02	2	396	6	494	11	4	0	50	500	500	0	0	0	0	
2.7049586314e+02	2	397	6	494	9	6	0	50	500	500	0	0	0	0	
2.7099850236e+02	2	396	10	490	11	10	0	50	500	500	0	0	0	0	
2.7149884246e+02	0	400	6	494	10	5	0	50	500	500	0	0	0	0	
2.7199783100e+02	0	402	5	495	10	8	0	50	500	500	0	0	0	0	
2.7249916653e+02	0	403	6	494	22	4	0	50	500	500	0	0	0	0	
2.7299873553e+02	0	404	5	495	16	7	0	50	500	500	0	0	0	0	
2.7349865511e+02	0	405	7	493	11	15	0	50	500	500	0	0	0	0	
2.7399707797e+02	2	404	8	492	16	4	0	50	500	500	0	0	0	0	
2.7449439634e+02	2	404	5	495	13	4	0	50	500	500	0	0	0	0	
2.7499846070e+02	2	405	4	496	17	3	0	50	500	500	0	0	0	0	
2.7549671225e+02	3	404	5	495	7	5	0	50	500	500	0	0	0	0	
2.7599921404e+02	3	403	10	490	10	4	0	50	500	500	0	0	0	0	
2.7649910261e+02	3	404	9	491	11	6	0	50	500	500	0	0	0	0	
2.7699849846e+02	3	404	3	497	12	3	0	50	500	500	0	0	0	0	
2.7749912267e+02	2	405	7	493	10	7	0	50	500	500	0	0	0	0	
2.7799883764e+02	4	404	7	493	11	6	0	50	500	500	0	0	0	0	
2.7849988059e+02	4	405	6	494	12	5	0	50	500	500	0	0	0	0	
2.7899979631e+02	3	406	7	493	10	7	0	50	500	500	0	0	0	0	
2.7949682044e+02	3	406	10	490	15	3	0	50	500	500	0	0	0	0	
2.7999578764e+02	1	407	9	491	8	3	0	50	500	500	0	0	0	0	
2.8049653190e+02	0	410	4	496	9	1	0	50	500	500	0	0	0	0	
2.8098990413e+02	0	411	4	496	11	6	0	50	500	500	0	0	0	0	
2.8149458364e+02	0	411	7	493	9	1	0	50	500	500	0	0	0	0	
2.8199727557e+02	1	414	6	494	10	4	0	50	500	500	0	0	0	0	
2.8249880629e+02	1	414	11	489	12	5	0	50	500	500	0	0	0	0	
2.8299931935e+02	2	413	6	494	12	8	0	50	500	500	0	0	0	0	
2.8349724848e+02	3	410	4	496	11	7	0	50	500	500	0	0	0	0	
2.8399918541e+02	4	410	8	492	12	6	0	50	500	500	0	0	0	0	
2.8448932694e+02	3	411	6	494	11	6	0	50	500	500	0	0	0	0	
2.8499463152e+02	2	413	5	495	7	5	0	50	500	500	0	0	0	0	
2.8549549962e+02	2	411	10	490	9	9	0	50	500	500	0	0	0	0	
2.8599509074e+02	1	412	3	497	10	8	0	50	500	500	0	0	0	0	
2.8649911554e+02	3	411	4	496	11	7	0	50	500	500	0	0	0	0	
2.8699966636e+02	4	411	9	491	10	4	0	50	500	500	0	0	0	0	
2.8749646265e+02	4	411	6	494	11	2	0	50	500	500	0	0	0	0	
2.8799863725e+02	1	415	11	489	8	3	0	50	500	500	0	0	0	0	
2.8849209931e+02	1	413	8	492	6	4	0	50	500	500	0	0	0	0	
2.8899611275e+02	1	415	3	497	7	2	0	50	500	500	0	0	0	0	
2.8949678787e+02	0	418	8	492	8	4	0	50	500	500	0	0	0	0	
2.8998911012e+02	0	419	4	496	4	1	0	50	500	500	0	0	0	0	
2.9049953488e+02	0	419	7	493	9	3	0	50	500	500	0	0	0	0	
2.9099904332e+02	1	417	4	496	11	4	0	50	500	500	0	0	0	0	
2.9149768517e+02	3	416	7	493	13	4	0	50	500	500	0	0	0	0	
2.9199831760e+02	2	418	7	493	11	3	0	50	500	500	0	0	0	0	
2.9249223572e+02	2	418	4	496	8	3	0	50	500	500	0	0	0	0	
2.9299837563e+02	3	418	2	498	8	7	0	50	500	500	0	0	0	0	
2.9349682732e+02	3	418	7	493	14	4	0	50	500	500	0	0	0	0	
2.9399513983e+02	4	417	6	494	12	5	0	50	500	500	0	0	0	0	
2.9449949264e+02	4	419	6	494	10	5	0	50	500	500	0	0	0	0	
2.9499971425e+02	4	419	4	496	15	4	0	50	500	500	0	0	0	0	
2.9549258122e+02	5	422	8	492	15	9	0	50	500	500	0	0	0	0	
2.9599979392e+02	6	422	3	497	14	8	0	50	500	500	0	0	0	0	
2.9649748311e+02	3	425	7	493	13	7	0	50	500	500	0	0	0	0	
2.9699932213e+02	2	427	10	490	18	1	0	50	500	500	0	0	0	0	
2.9749780462e+02	3	426	7	493	11	4	0	50	500	500	0	0	0	0	
2.9799836356e+02	3	426	4	496	8	8	0	50	500	500	0	0	0	0	
2.9849951401e+02	4	425	4	496	13	4	0	50	500	500	0	0	0	0	
2.9899765009e+02	4	427	8	492	16	9	0	50	500	500	0	0	0	0	
2.9949939968e+02	4	427	4	496	16	6	0	50	500	500	0	0	0	0	
2.9999987426e+02	3	430	4	496	11	2	0	50	500	500	0	0	0	0	
3.0049896440e+02	4	430	7	493	7	3	0	50	500	500	0	0	0	0	
3.0099586455e+02	2	433	5	495	8	5	0	50	500	500	0	0	0	0	
3.0149944183e+02	1	436	9	491	7	3	0	50	500	500	0	0	0	0	
3.0199704143e+02	1	436	3	497	6	3	0	50	500	500	0	0	0	0	
3.0249369978e+02	1	437	9	491	9	7	0	50	500	500	0	0	0	0	
3.0299716515e+02	2	436	5	495	15	6	0	50	500	500	0	0	0	0	
3.0349905261e+02	3	437	5	495	18	4	0	50	500	500	0	0	0	0	
3.0399473095e+02	4	437	8	492	12	5	0	50	500	500	0	0	0	0	
3.0449085619e+02	6	439	7	493	7	5	0	50	500	500	0	0	0	0	
3.0499780327e+02	6	441	7	493	7	6	0	50	500	500	0	0	0	0	
3.0548442774e+02	5	444	2	498	9	4	0	50	500	500	0	0	0	0	
3.0599886357e+02	5	446	11	489	15	3	0	50	500	500	0	0	0	0	
3.0649486384e+02	6	446	5	495	10	1	0	50	500	500	0	0	0	0	
3.0699733022e+02	4	448	7	493	13	1	0	50	500	500	0	0	0	0	
3.0749775736e+02	2	449	7	493	11	6	0	50	500	500	0	0	0	0	
3.0799868952e+02	1	450	2	498	9	4	0	50	500	500	0	0	0	0	
3.0849907795e+02	0	451	4	496	8	5	0	50	500	500	0	0	0	0	
3.0899683943e+02	0	452	6	494	10	1	0	50	500	500	0	0	0	0	
3.0949883960e+02	1	452	11	489	12	5	0	50	500	500	0	0	0	0	
3.0999606114e+02	1	452	6	494	9	4	0	50	500	500	0	0	0	0	
3.1048794396e+02	1	454	2	498	9	2	0	50	500	500	0	0	0	0	
3.1099862068e+02	1	454	6	494	6	1	0	50	500	500	0	0	0	0	
3.1149966052e+02	1	454	4	496	11	3	0	50	500	500	0	0	0	0	
3.1199737411e+02	1	453	6	494	13	2	0	50	500	500	0	0	0	0	
3.1249968170e+02	2	452	11	489	6	7	0	50	500	500	0	0	0	0	
3.1299564028e+02	2	452	3	497	10	6	0	50	500	500	0	0	0	0	
3.1348684737e+02	1	453	2	498	10	1	0	50	500	500	0	0	0	0	
3.1399385260e+02	0	453	7	493	6	2	0	50	500	500	0	0	0	0	
3.1449575263e+02	0	453	8	492	12	0	0	50	500	500	0	0	0	0	
3.1499593036e+02	0	453	6	494	8	3	0	50	500	500	0	0	0	0	
3.1549961841e+02	0	456	3	497	6	7	0	50	500	500	0	0	0	0	
3.1599721034e+02	2	457	6	494	7	6	0	50	500	500	0	0	0	0	
3.1649538393e+02	2	457	7	493	10	6	0	50	500	500	0	0	0	0	
3.1699292790e+02	3	457	3	497	12	4	0	50	500	500	0	0	0	0	
3.1749780697e+02	2	458	7	493	11	2	0	50	500	500	0	0	0	0	
3.1799860023e+02	4	455	5	495	12	7	0	50	500	500	0	0	0	0	
3.1849642668e+02	3	455	8	492	7	7	0	50	500	500	0	0	0	0	
3.1899987504e+02	3	456	1	499	10	4	0	50	500	500	0	0	0	0	
3.1949758386e+02	2	458	7	493	12	5	0	50	500	500	0	0	0	0	
3.1999746119e+02	1	460	6	494	7	8	0	50	500	500	0	0	0	0	
3.2049882703e+02	1	460	3	497	13	2	0	50	500	500	0	0	0	0	
3.2099982188e+02	0	461	5	495	12	1	0	50	500	500	0	0	0	0	
3.2149738051e+02	0	462	9	491	11	3	0	50	500	500	0	0	0	0	
3.2199723215e+02	0	462	7	493	4	4	0	50	500	500	0	0	0	0	
3.2249974043e+02	0	462	10	490	13	4	0	50	500	500	0	0	0	0	
3.2299675365e+02	2	461	5	495	10	5	0	50	500	500	0	0	0	0	
3.2349806517e+02	2	457	10	490	15	5	0	50	500	500	0	0	0	0	
3.2399920520e+02	2	459	6	494	14	6	0	50	500	500	0	0	0	0	
3.2449840728e+02	2	460	5	495	13	4	0	50	500	500	0	0	0	0	
3.2499976597e+02	2	461	2	498	7	3	0	50	500	500	0	0	0	0	
3.2549616574e+02	1	463	4	496	10	3	0	50	500	500	0	0	0	0	
3.2599993446e+02	2	463	6	494	11	5	0	50	500	500	0	0	0	0	
3.2649927713e+02	2	464	7	493	9	1	0	50	500	500	0	0	0	0	
3.2699915136e+02	2	464	4	496	8	3	0	50	500	500	0	0	0	0	
3.2749484985e+02	1	465	2	498	11	3	0	50	500	500	0	0	0	0	
3.2799908427e+02	1	465	4	496	5	5	0	50	500	500	0	0	0	0	
3.2848538899e+02	0	465	2	498	4	3	0	50	500	500	0	0	0	0	
3.2899726324e+02	0	467	5	495	8	5	0	50	500	500	0	0	0	0	
3.2949963714e+02	1	466	7	493	15	4	0	50	500	500	0	0	0	0	
3.2999955243e+02	2	466	7	493	12	4	0	50	500	500	0	0	0	0	
3.3049850314e+02	3	465	4	496	11	3	0	50	500	500	0	0	0	0	
3.3099476479e+02	2	466	2	498	10	3	0	50	500	500	0	0	0	0	
3.3149990704e+02	2	466	9	491	5	4	0	50	500	500	0	0	0	0	
3.3199707361e+02	2	466	1	499	8	5	0	50	500	500	0	0	0	0	
3.3249940207e+02	2	468	5	495	13	4	0	50	500	500	0	0	0	0	
3.3299653674e+02	2	470	7	493	11	3	0	50	500	500	0	0	0	0	
3.3349812595e+02	2	471	4	496	9	4	0	50	500	500	0	0	0	0	
3.3399781534e+02	2	472	10	490	8	4	0	50	500	500	0	0	0	0	
3.3449352595e+02	2	476	6	494	6	5	0	50	500	500	0	0	0	0	
3.3499705988e+02	3	473	4	496	5	3	0	50	500	500	0	0	0	0	
3.3549935878e+02	2	474	5	495	8	1	0	50	500	500	0	0	0	0	
3.3599681822e+02	1	478	4	496	9	2	0	50	500	500	0	0	0	0	
3.3649950898e+02	2	478	6	494	10	7	0	50	500	500	0	0	0	0	
3.3699790029e+02	4	477	4	496	12	2	0	50	500	500	0	0	0	0	
3.3749634661e+02	4	478	4	496	14	8	0	50	500	500	0	0	0	0	
3.3799813866e+02	3	478	4	496	20	7	0	50	500	500	0	0	0	0	
3.3849834401e+02	3	478	9	491	7	6	0	50	500	500	0	0	0	0	
3.3899480167e+02	3	477	6	494	10	3	0	50	500	500	0	0	0	0	
3.3949840183e+02	2	479	3	497	19	0	0	50	500	500	0	0	0	0	
3.3999763460e+02	2	480	2	498	11	7	0	50	500	500	0	0	0	0	
3.4049983980e+02	4	479	7	493	16	7	0	50	500	500	0	0	0	0	
3.4099959537e+02	4	480	4	496	15	2	0	50	500	500	0	0	0	0	
3.4149994478e+02	4	481	4	496	16	3	0	50	500	500	0	0	0	0	
3.4199817805e+02	5	481	2	498	17	7	0	50	500	500	0	0	0	0	
3.4249983101e+02	5	481	1	499	18	4	0	50	500	500	0	0	0	0	
3.4299769749e+02	4	483	1	499	16	6	0	50	500	500	0	0	0	0	
3.4349420668e+02	4	482	7	493	17	3	0	50	500	500	0	0	0	0	
3.4399825379e+02	3	482	7	493	10	4	0	50	500	500	0	0	0	0	
3.4449671241e+02	2	485	8	492	10	1	0	50	500	500	0	0	0	0	
3.4499574770e+02	1	486	12	488	4	4	0	50	500	500	0	0	0	0	
3.4549637782e+02	2	484	8	492	11	7	0	50	500	500	0	0	0	0	
3.4599610565e+02	2	485	5	495	14	5	0	50	500	500	0	0	0	0	
3.4649948015e+02	2	483	3	497	13	11	0	50	500	500	0	0	0	0	
3.4699877453e+02	2	483	1	499	13	3	0	50	500	500	0	0	0	0	
3.4749750662e+02	2	484	9	491	11	1	0	50	500	500	0	0	0	0	
3.4799439802e+02	4	481	8	492	9	4	0	50	500	500	0	0	0	0	
3.4849701032e+02	3	483	5	495	9	6	0	50	500	500	0	0	0	0	
3.4899483707e+02	3	484	4	496	16	6	0	50	500	500	0	0	0	0	
3.4949759930e+02	2	485	5	495	7	7	0	50	500	500	0	0	0	0	
3.4999877311e+02	2	486	8	492	11	3	0	50	500	500	0	0	0	0	
3.5049975099e+02	1	487	7	493	8	1	0	50	500	500	0	0	0	0	
3.5099944175e+02	1	487	6	494	7	8	0	50	500	500	0	0	0	0	
3.5149929749e+02	1	488	6	494	10	3	0	50	500	500	0	0	0	0	
3.5199942007e+02	1	487	6	494	6	4	0	50	500	500	0	0	0	0	
3.5249877754e+02	1	487	5	495	13	4	0	50	500	500	0	0	0	0	
3.5299969653e+02	2	485	5	495	14	9	0	50	500	500	0	0	0	0	
3.5349957342e+02	2	486	0	500	12	6	0	50	500	500	0	0	0	0	
3.5399568740e+02	3	484	4	496	13	4	0	50	500	500	0	0	0	0	
3.5449343561e+02	3	483	7	493	14	3	0	50	500	500	0	0	0	0	
3.5499951131e+02	2	486	3	497	11	6	0	50	500	500	0	0	0	0	
3.5549963082e+02	2	488	5	495	20	2	0	50	500	500	0	0	0	0	
3.5599762676e+02	2	488	6	494	16	8	0	50	500	500	0	0	0	0	
3.5649487166e+02	0	491	6	494	14	1	0	50	500	500	0	0	0	0	
3.5699602125e+02	0	490	5	495	11	5	0	50	500	500	0	0	0	0	
3.5749990748e+02	0	491	6	494	11	2	0	50	500	500	0	0	0	0	
3.5799824631e+02	0	494	4	496	10	4	0	50	500	500	0	0	0	0	
3.5849944423e+02	0	495	3	497	14	4	0	50	500	500	0	0	0	0	
3.5899660223e+02	0	493	6	494	11	4	0	50	500	500	0	0	0	0	
3.5949953724e+02	0	497	5	495	7	3	0	50	500	500	0	0	0	0	
3.5999633117e+02	1	496	8	492	11	2	0	50	500	500	0	0	0	0	
3.6049761321e+02	1	496	9	491	6	3	0	50	500	500	0	0	0	0	
3.6099076245e+02	1	494	0	500	11	3	0	50	500	500	0	0	0	0	
3.6149830707e+02	1	494	6	494	11	5	0	50	500	500	0	0	0	0	
3.6199791872e+02	0	494	5	495	16	5	0	50	500	500	0	0	0	0	
3.6249902143e+02	0	494	11	489	15	3	0	50	500	500	0	0	0	0	
3.6299545875e+02	1	496	2	498	9	1	0	50	500	500	0	0	0	0	
3.6349724607e+02	1	496	2	498	14	1	0	50	500	500	0	0	0	0	
3.6399948651e+02	0	498	5	495	12	4	0	50	500	500	0	0	0	0	
3.6449812989e+02	1	499	6	494	11	3	0	50	500	500	0	0	0	0	
3.6499803084e+02	2	499	9	491	15	2	0	50	500	500	0	0	0	0	
3.6549451834e+02	3	498	4	496	15	2	0	50	500	500	0	0	0	0	
3.6599980575e+02	2	501	2	498	7	4	0	50	500	500	0	0	0	0	
3.6649457867e+02	1	501	7	493	9	3	0	50	500	500	0	0	0	0	
3.6699756695e+02	2	501	6	494	15	3	0	50	500	500	0	0	0	0	
3.6749971628e+02	2	501	2	498	12	4	0	50	500	500	0	0	0	0	
3.6799144972e+02	1	501	5	495	6	3	0	50	500	500	0	0	0	0	
3.6849939443e+02	1	500	3	497	6	2	0	50	500	500	0	0	0	0	
3.6899994646e+02	2	499	7	493	9	2	0	50	500	500	0	0	0	0	
3.6949897481e+02	2	500	10	490	14	3	0	50	500	500	0	0	0	0	
3.6999866719e+02	1	502	5	495	13	3	0	50	500	500	0	0	0	0	
3.7049512508e+02	1	505	2	498	9	4	0	50	500	500	0	0	0	0	
3.7099879936e+02	2	505	4	496	14	8	0	50	500	500	0	0	0	0	
3.7149467281e+02	2	507	7	493	20	2	0	50	500	500	0	0	0	0	
3.7198710119e+02	4	505	1	499	16	5	0	50	500	500	0	0	0	0	
3.7249850620e+02	5	503	1	499	8	5	0	50	500	500	0	0	0	0	
3.7299870694e+02	6	506	8	492	9	4	0	50	500	500	0	0	0	0	
3.7349345536e+02	6	507	5	495	10	3	0	50	500	500	0	0	0	0	
3.7399988150e+02	5	510	3	497	8	3	0	50	500	500	0	0	0	0	
3.7449579228e+02	4	511	1	499	9	1	0	50	500	500	0	0	0	0	
3.7499773146e+02	4	512	3	497	12	2	0	50	500	500	0	0	0	0	
3.7549762811e+02	5	511	1	499	12	1	0	50	500	500	0	0	0	0	
3.7599574674e+02	5	509	6	494	14	3	0	50	500	500	0	0	0	0	
3.7649881036e+02	3	511	9	491	13	2	0	50	500	500	0	0	0	0	
3.7699442198e+02	3	512	2	498	14	1	0	50	500	500	0	0	0	0	
3.7749976221e+02	5	509	7	493	9	5	0	50	500	500	0	0	0	0	
3.7799983874e+02	4	512	5	495	16	4	0	50	500	500	0	0	0	0	
3.7849547878e+02	5	510	5	495	19	2	0	50	500	500	0	0	0	0	
3.7899329263e+02	4	512	8	492	12	2	0	50	500	500	0	0	0	0	
3.7949813190e+02	5	510	3	497	9	2	0	50	500	500	0	0	0	0	
3.7999797823e+02	6	509	7	493	14	1	0	50	500	500	0	0	0	0	
3.8049854301e+02	5	510	5	495	16	1	0	50	500	500	0	0	0	0	
3.8099129546e+02	4	510	10	490	12	1	0	50	500	500	0	0	0	0	
3.8149988725e+02	4	511	6	494	10	4	0	50	500	500	0	0	0	0	
3.8199221709e+02	3	513	5	495	11	3	0	50	500	500	0	0	0	0	
3.8249587813e+02	3	513	4	496	15	2	0	50	500	500	0	0	0	0	
3.8299581043e+02	3	512	10	490	12	1	0	50	500	500	0	0	0	0	
3.8349890961e+02	3	514	3	497	11	3	0	50	500	500	0	0	0	0	
3.8399973256e+02	3	515	1	499	14	1	0	50	500	500	0	0	0	0	
3.8449326891e+02	2	521	8	492	13	3	0	50	500	500	0	0	0	0	
3.8499919964e+02	3	519	4	496	9	8	0	50	500	500	0	0	0	0	
3.8549779610e+02	2	520	7	493	15	1	0	50	500	500	0	0	0	0	
3.8599938087e+02	1	518	3	497	10	3	0	50	500	500	0	0	0	0	
3.8649926293e+02	1	518	4	496	10	3	0	50	500	500	0	0	0	0	
3.8699987084e+02	1	520	4	496	12	1	0	50	500	500	0	0	0	0	
3.8749704565e+02	2	520	4	496	10	3	0	50	500	500	0	0	0	0	
3.8799835633e+02	2	518	4	496	8	6	0	50	500	500	0	0	0	0	
3.8849329558e+02	3	517	4	496	12	2	0	50	500	500	0	0	0	0	
3.8899394957e+02	2	517	6	494	9	3	0	50	500	500	0	0	0	0	
3.8949195901e+02	1	519	4	496	8	1	0	50	500	500	0	0	0	0	
3.8999337707e+02	1	519	6	494	13	3	0	50	500	500	0	0	0	0	
3.9049959075e+02	0	520	7	493	5	4	0	50	500	500	0	0	0	0	
3.9099970441e+02	1	519	5	495	11	3	0	50	500	500	0	0	0	0	
3.9149669497e+02	0	521	5	495	13	1	0	50	500	500	0	0	0	0	
3.9199574407e+02	0	520	7	493	7	2	0	50	500	500	0	0	0	0	
3.9249618267e+02	0	519	5	495	9	2	0	50	500	500	0	0	0	0	
3.9299894829e+02	1	519	2	498	18	4	0	50	500	500	0	0	0	0	
3.9349918977e+02	1	518	6	494	11	5	0	50	500	500	0	0	0	0	
3.9399148308e+02	1	520	8	492	14	2	0	50	500	500	0	0	0	0	
3.9449762494e+02	2	520	4	496	9	6	0	50	500	500	0	0	0	0	
3.9499871695e+02	2	522	7	493	14	3	0	50	500	500	0	0	0	0	
3.9549795753e+02	2	523	4	496	6	2	0	50	500	500	0	0	0	0	
3.9599992074e+02	2	522	5	495	6	6	0	50	500	500	0	0	0	0	
3.9649870935e+02	1	524	9	491	9	3	0	50	500	500	0	0	0	0	
3.9699853287e+02	1	523	9	491	13	6	0	50	500	500	0	0	0	0	
3.9749622362e+02	1	523	5	495	14	4	0	50	500	500	0	0	0	0	
3.9799901477e+02	1	523	6	494	14	6	0	50	500	500	0	0	0	0	
3.9849781984e+02	2	523	4	496	16	6	0	50	500	500	0	0	0	0	
3.9899566958e+02	4	522	5	495	12	7	0	50	500	500	0	0	0	0	
3.9947993537e+02	5	521	2	498	11	2	0	50	500	500	0	0	0	0	
3.9999931047e+02	5	519	5	495	16	2	0	50	500	500	0	0	0	0	
4.0049979700e+02	5	518	8	492	9	3	0	50	500	500	0	0	0	0	
4.0099916974e+02	5	520	8	492	11	0	0	50	500	500	0	0	0	0	
4.0149892816e+02	4	520	7	493	12	6	0	50	500	500	0	0	0	0	
4.0199603679e+02	4	521	3	497	12	8	0	50	500	500	0	0	0	0	
4.0249704111e+02	3	522	2	498	11	3	0	50	500	500	0	0	0	0	
4.0299850413e+02	1	525	3	497	9	3	0	50	500	500	0	0	0	0	
4.0349131440e+02	1	527	6	494	9	3	0	50	500	500	0	0	0	0	
4.0399769101e+02	1	527	7	493	11	2	0	50	500	500	0	0	0	0	
4.0449070114e+02	3	525	3	497	14	2	0	50	500	500	0	0	0	0	
4.0499660866e+02	1	527	11	489	16	6	0	50	500	500	0	0	0	0	
4.0549996587e+02	1	527	4	496	17	6	0	50	500	500	0	0	0	0	
4.0599808677e+02	2	528	4	496	12	2	0	50	500	500	0	0	0	0	
4.0649824351e+02	2	529	1	499	6	6	0	50	500	500	0	0	0	0	
4.0699944842e+02	3	531	3	497	14	3	0	50	500	500	0	0	0	0	
4.0749792864e+02	2	531	1	499	12	6	0	50	500	500	0	0	0	0	
4.0799951306e+02	2	532	4	496	10	5	0	50	500	500	0	0	0	0	
4.0849265774e+02	3	531	5	495	15	0	0	50	500	500	0	0	0	0	
4.0899996657e+02	4	531	7	493	13	4	0	50	500	500	0	0	0	0	
4.0949079743e+02	3	533	6	494	10	3	0	50	500	500	0	0	0	0	
4.0999922806e+02	3	535	4	496	9	3	0	50	500	500	0	0	0	0	
4.1049255285e+02	4	534	3	497	12	3	0	50	500	500	0	0	0	0	
4.1099383486e+02	6	532	1	499	12	3	0	50	500	500	0	0	0	0	
4.1149439590e+02	4	533	3	497	9	2	0	50	500	500	0	0	0	0	
4.1199997196e+02	2	535	4	496	11	3	0	50	500	500	0	0	0	0	
4.1249602217e+02	3	534	4	496	8	3	0	50	500	500	0	0	0	0	
4.1299908598e+02	4	536	2	498	8	1	0	50	500	500	0	0	0	0	
4.1349790533e+02	5	533	8	492	9	6	0	50	500	500	0	0	0	0	
4.1399831880e+02	4	535	4	496	12	1	0	50	500	500	0	0	0	0	
4.1449556813e+02	3	536	1	499	14	4	0	50	500	500	0	0	0	0	
4.1499757473e+02	1	539	3	497	11	2	0	50	500	500	0	0	0	0	
4.1549510778e+02	1	539	4	496	8	3	0	50	500	500	0	0	0	0	
4.1599910206e+02	1	539	5	495	12	2	0	50	500	500	0	0	0	0	
4.1649866248e+02	2	540	3	497	13	1	0	50	500	500	0	0	0	0	
4.1698999222e+02	3	539	4	496	8	2	0	50	500	500	0	0	0	0	
4.1749661349e+02	3	538	5	495	12	1	0	50	500	500	0	0	0	0	
4.1799931928e+02	3	538	8	492	13	1	0	50	500	500	0	0	0	0	
4.1849118737e+02	4	536	3	497	13	7	0	50	500	500	0	0	0	0	
4.1899980363e+02	4	537	9	491	8	5	0	50	500	500	0	0	0	0	
4.1949881103e+02	3	538	1	499	9	4	0	50	500	500	0	0	0	0	
4.1999965758e+02	3	537	4	496	14	3	0	50	500	500	0	0	0	0	
4.2049912505e+02	3	536	6	494	11	6	0	50	500	500	0	0	0	0	
4.2099645311e+02	3	536	5	495	15	5	0	50	500	500	0	0	0	0	
4.2149884956e+02	3	536	3	497	17	7	0	50	500	500	0	0	0	0	
4.2199993477e+02	2	536	4	496	11	6	0	50	500	500	0	0	0	0	
4.2249609098e+02	3	536	4	496	14	4	0	50	500	500	0	0	0	0	
4.2299857046e+02	3	537	4	496	17	6	0	50	500	500	0	0	0	0	
4.2349955125e+02	4	538	4	496	15	7	0	50	500	500	0	0	0	0	
4.2399823187e+02	4	539	4	496	17	3	0	50	500	500	0	0	0	0	
4.2449993769e+02	4	542	8	492	14	6	0	50	500	500	0	0	0	0	
4.2499753135e+02	4	542	6	494	15	4	0	50	500	500	0	0	0	0	
4.2549798354e+02	4	543	4	496	13	4	0	50	500	500	0	0	0	0	
4.2599989992e+02	4	543	4	496	12	5	0	50	500	500	0	0	0	0	
4.2649584749e+02	2	545	5	495	9	3	0	50	500	500	0	0	0	0	
4.2699929687e+02	1	545	3	497	5	4	0	50	500	500	0	0	0	0	
4.2749853570e+02	1	546	2	498	9	3	0	50	500	500	0	0	0	0	
4.2799940174e+02	1	546	2	498	9	2	0	50	500	500	0	0	0	0	
4.2848730705e+02	1	547	5	495	8	1	0	50	500	500	0	0	0	0	
4.2899913099e+02	1	548	6	494	10	1	0	50	500	500	0	0	0	0	
4.2949596541e+02	0	550	4	496	10	4	0	50	500	500	0	0	0	0	
4.2999989960e+02	0	550	1	499	14	5	0	50	500	500	0	0	0	0	
4.3049976590e+02	1	549	4	496	15	2	0	50	500	500	0	0	0	0	
4.3099859005e+02	1	552	6	494	19	1	0	50	500	500	0	0	0	0	
4.3149686540e+02	1	552	7	493	12	4	0	50	500	500	0	0	0	0	
4.3199793108e+02	1	552	6	494	10	5	0	50	500	500	0	0	0	0	
4.3249912652e+02	1	550	4	496	8	3	0	50	500	500	0	0	0	0	
4.3299911970e+02	2	549	4	496	14	4	0	50	500	500	0	0	0	0	
4.3349931502e+02	2	548	5	495	19	2	0	50	500	500	0	0	0	0	
4.3399763062e+02	4	546	4	496	18	2	0	50	500	500	0	0	0	0	
4.3449825854e+02	4	546	6	494	13	7	0	50	500	500	0	0	0	0	
4.3499228016e+02	4	547	2	498	13	4	0	50	500	500	0	0	0	0	
4.3549847772e+02	3	549	4	496	7	8	0	50	500	500	0	0	0	0	
4.3599761080e+02	3	552	3	497	15	3	0	50	500	500	0	0	0	0	
4.3649937263e+02	2	554	3	497	9	5	0	50	500	500	0	0	0	0	
4.3699999472e+02	2	554	3	497	12	2	0	50	500	500	0	0	0	0	
4.3749987091e+02	2	553	3	497	13	2	0	50	500	500	0	0	0	0	
4.3799705449e+02	3	552	3	497	11	3	0	50	500	500	0	0	0	0	
4.3849919712e+02	0	556	2	498	11	4	0	50	500	500	0	0	0	0	
4.3899922365e+02	1	553	5	495	8	4	0	50	500	500	0	0	0	0	
4.3949996652e+02	0	556	10	490	15	1	0	50	500	500	0	0	0	0	
4.3999785812e+02	0	557	1	499	11	8	0	50	500	500	0	0	0	0	
4.4049991875e+02	1	556	5	495	17	6	0	50	500	500	0	0	0	0	
4.4099600843e+02	2	554	2	498	15	2	0	50	500	500	0	0	0	0	
4.4149677311e+02	1	555	6	494	9	6	0	50	500	500	0	0	0	0	
4.4199449822e+02	2	555	6	494	9	4	0	50	500	500	0	0	0	0	
4.4249633503e+02	0	558	6	494	11	2	0	50	500	500	0	0	0	0	
4.4299760380e+02	1	559	2	498	13	4	0	50	500	500	0	0	0	0	
4.4349937393e+02	1	558	4	496	12	3	0	50	500	500	0	0	0	0	
4.4399898943e+02	0	561	5	495	9	2	0	50	500	500	0	0	0	0	
4.4449305533e+02	0	562	1	499	5	4	0	50	500	500	0	0	0	0	
4.4499994004e+02	0	561	3	497	5	6	0	50	500	500	0	0	0	0	
4.4549932599e+02	0	561	4	496	16	3	0	50	500	500	0	0	0	0	
4.4599734950e+02	0	560	4	496	11	3	0	50	500	500	0	0	0	0	
4.4649558158e+02	0	560	1	499	7	1	0	50	500	500	0	0	0	0	
4.4699853022e+02	0	560	0	500	7	1	0	50	500	500	0	0	0	0	
4.4749990207e+02	1	560	6	494	8	4	0	50	500	500	0	0	0	0	
4.4799506323e+02	1	560	5	495	8	3	0	50	500	500	0	0	0	0	
4.4849999289e+02	1	563	4	496	7	11	0	50	500	500	0	0	0	0	
4.4899885684e+02	1	564	6	494	12	7	0	50	500	500	0	0	0	0	
4.4949788243e+02	1	567	3	497	9	2	0	50	500	500	0	0	0	0	
4.4999679478e+02	0	567	3	497	6	1	0	50	500	500	0	0	0	0	
4.5049992785e+02	0	569	10	490	8	1	0	50	500	500	0	0	0	0	
4.5099627356e+02	0	568	2	498	6	4	0	50	500	500	0	0	0	0	
4.5149567185e+02	0	567	4	496	6	3	0	50	500	500	0	0	0	0	
4.5199948087e+02	1	566	8	492	11	3	0	50	500	500	0	0	0	0	
4.5249599710e+02	2	565	2	498	12	1	0	50	500	500	0	0	0	0	
4.5299923963e+02	0	571	7	493	13	5	0	50	500	500	0	0	0	0	
4.5349672694e+02	0	572	6	494	15	1	0	50	500	500	0	0	0	0	
4.5399733524e+02	0	572	1	499	8	4	0	50	500	500	0	0	0	0	
4.5449552855e+02	1	571	8	492	13	6	0	50	500	500	0	0	0	0	
4.5499646816e+02	2	571	2	498	13	4	0	50	500	500	0	0	0	0	
4.5549992707e+02	2	572	6	494	15	5	0	50	500	500	0	0	0	0	
4.5599827973e+02	2	573	4	496	14	2	0	50	500	500	0	0	0	0	
4.5649725514e+02	1	574	7	493	7	4	0	50	500	500	0	0	0	0	
4.5699996107e+02	1	573	4	496	9	1	0	50	500	500	0	0	0	0	
4.5749929467e+02	1	574	6	494	9	0	0	50	500	500	0	0	0	0	
4.5799710727e+02	1	574	3	497	11	2	0	50	500	500	0	0	0	0	
4.5849737790e+02	1	575	4	496	13	4	0	50	500	500	0	0	0	0	
4.5899409836e+02	0	576	4	496	13	4	0	50	500	500	0	0	0	0	
4.5949627396e+02	0	576	8	492	8	0	0	50	500	500	0	0	0	0	
4.5999162310e+02	0	577	2	498	12	1	0	50	500	500	0	0	0	0	
4.6049958909e+02	0	578	7	493	16	3	0	50	500	500	0	0	0	0	
4.6099864351e+02	1	578	5	495	17	4	0	50	500	500	0	0	0	0	
4.6149823089e+02	0	579	4	496	15	5	0	50	500	500	0	0	0	0	
4.6199466062e+02	2	576	3	497	21	1	0	50	500	500	0	0	0	0	
4.6249648421e+02	2	577	9	491	16	0	0	50	500	500	0	0	0	0	
4.6299744328e+02	0	579	1	499	16	5	0	50	500	500	0	0	0	0	
4.6349928785e+02	1	581	5	495	15	0	0	50	500	500	0	0	0	0	
4.6399481232e+02	1	583	2	498	14	0	0	50	500	500	0	0	0	0	
4.6449848047e+02	0	585	2	498	11	3	0	50	500	500	0	0	0	0	
4.6498279931e+02	2	584	4	496	15	2	0	50	500	500	0	0	0	0	
4.6549474451e+02	2	584	6	494	15	2	0	50	500	500	0	0	0	0	
4.6599809660e+02	1	585	5	495	7	2	0	50	500	500	0	0	0	0	
4.6649372897e+02	2	587	6	494	14	2	0	50	500	500	0	0	0	0	
4.6699917538e+02	2	587	2	498	11	1	0	50	500	500	0	0	0	0	
4.6749515157e+02	2	587	0	500	6	4	0	50	500	500	0	0	0	0	
4.6799738849e+02	1	586	5	495	7	4	0	50	500	500	0	0	0	0	
4.6849255118e+02	1	587	0	500	16	6	0	50	500	500	0	0	0	0	
4.6899105358e+02	3	586	2	498	16	5	0	50	500	500	0	0	0	0	
4.6949786494e+02	4	586	7	493	15	3	0	50	500	500	0	0	0	0	
4.6999947649e+02	2	590	5	495	10	3	0	50	500	500	0	0	0	0	
4.7049994254e+02	3	590	3	497	10	3	0	50	500	500	0	0	0	0	
4.7099861967e+02	2	590	6	494	10	4	0	50	500	500	0	0	0	0	
4.7149951197e+02	2	589	7	493	7	3	0	50	500	500	0	0	0	0	
4.7199775169e+02	2	589	5	495	8	5	0	50	500	500	0	0	0	0	
4.7249869788e+02	3	590	1	499	10	2	0	50	500	500	0	0	0	0	
4.7299252843e+02	3	593	1	499	13	1	0	50	500	500	0	0	0	0	
4.7349882704e+02	2	595	3	497	8	3	0	50	500	500	0	0	0	0	
4.7399285859e+02	2	596	6	494	10	1	0	50	500	500	0	0	0	0	
4.7449807549e+02	2	598	8	492	9	2	0	50	500	500	0	0	0	0	
4.7499548369e+02	2	600	1	499	8	1	0	50	500	500	0	0	0	0	
4.7549880541e+02	1	601	4	496	11	3	0	50	500	500	0	0	0	0	
4.7599699696e+02	1	603	5	495	15	2	0	50	500	500	0	0	0	0	
4.7649377270e+02	0	605	3	497	11	3	0	50	500	500	0	0	0	0	
4.7698912025e+02	0	605	3	497	15	2	0	50	500	500	0	0	0	0	
4.7749796870e+02	0	606	4	496	10	6	0	50	500	500	0	0	0	0	
4.7799802419e+02	0	605	6	494	9	2	0	50	500	500	0	0	0	0	
4.7849689439e+02	0	606	2	498	5	0	0	50	500	500	0	0	0	0	
4.7899252518e+02	0	607	3	497	7	3	0	50	500	500	0	0	0	0	
4.7949945766e+02	0	607	3	497	8	5	0	50	500	500	0	0	0	0	
4.7999873764e+02	0	605	3	497	10	0	0	50	500	500	0	0	0	0	
4.8049965936e+02	0	604	7	493	5	5	0	50	500	500	0	0	0	0	
4.8099994541e+02	0	605	1	499	10	5	0	50	500	500	0	0	0	0	
4.8149910907e+02	0	602	1	499	16	6	0	50	500	500	0	0	0	0	
4.8199817565e+02	0	602	3	497	14	5	0	50	500	500	0	0	0	0	
4.8249353364e+02	1	604	3	497	13	2	0	50	500	500	0	0	0	0	
4.8299827916e+02	1	606	1	499	9	6	0	50	500	500	0	0	0	0	
4.8349695477e+02	2	604	3	497	14	5	0	50	500	500	0	0	0	0	
4.8399952102e+02	4	600	5	495	8	3	0	50	500	500	0	0	0	0	
4.8449891014e+02	3	602	3	497	13	2	0	50	500	500	0	0	0	0	
4.8499729008e+02	2	602	6	494	10	1	0	50	500	500	0	0	0	0	
4.8549512322e+02	1	603	4	496	9	2	0	50	500	500	0	0	0	0	
4.8599588741e+02	1	602	5	495	10	1	0	50	500	500	0	0	0	0	
4.8649898745e+02	1	603	5	495	9	6	0	50	500	500	0	0	0	0	
4.8699981207e+02	1	603	3	497	6	3	0	50	500	500	0	0	0	0	
4.8749750439e+02	1	606	5	495	10	4	0	50	500	500	0	0	0	0	
4.8799896207e+02	1	606	5	495	14	7	0	50	500	500	0	0	0	0	
4.8849816881e+02	1	607	5	495	11	2	0	50	500	500	0	0	0	0	
4.8898528132e+02	2	605	8	492	7	6	0	50	500	500	0	0	0	0	
4.8949712798e+02	5	604	6	494	7	4	0	50	500	500	0	0	0	0	
4.8999283951e+02	5	603	3	497	12	2	0	50	500	500	0	0	0	0	
4.9049724255e+02	6	604	4	496	14	3	0	50	500	500	0	0	0	0	
4.9099868404e+02	5	602	3	497	10	5	0	50	500	500	0	0	0	0	
4.9149786854e+02	5	603	5	495	15	2	0	50	500	500	0	0	0	0	
4.9199980743e+02	1	607	5	495	12	3	0	50	500	500	0	0	0	0	
4.9249716331e+02	1	607	6	494	9	5	0	50	500	500	0	0	0	0	
4.9299822979e+02	1	607	5	495	12	8	0	50	500	500	0	0	0	0	
4.9349978349e+02	2	609	2	498	11	3	0	50	500	500	0	0	0	0	
4.9399646103e+02	2	608	3	497	9	5	0	50	500	500	0	0	0	0	
4.9449925379e+02	2	609	6	494	18	1	0	50	500	500	0	0	0	0	
4.9499748240e+02	2	611	3	497	11	4	0	50	500	500	0	0	0	0	
4.9549597844e+02	1	612	7	493	10	3	0	50	500	500	0	0	0	0	
4.9599646941e+02	1	611	2	498	9	3	0	50	500	500	0	0	0	0	
4.9649881681e+02	0	613	3	497	15	1	0	50	500	500	0	0	0	0	
4.9699969477e+02	0	612	4	496	12	4	0	50	500	500	0	0	0	0	
4.9749908615e+02	0	611	6	494	7	6	0	50	500	500	0	0	0	0	
4.9799767739e+02	0	612	6	494	6	8	0	50	500	500	0	0	0	0	
4.9849886624e+02	1	613	4	496	7	3	0	50	500	500	0	0	0	0	
4.9899518802e+02	3	610	4	496	7	2	0	50	500	500	0	0	0	0	
4.9949627794e+02	1	613	3	497	8	2	0	50	500	500	0	0	0	0	
4.9999514645e+02	1	613	5	495	14	2	0	50	500	500	0	0	0	0	
5.0000577001e+02	1	613	6	494	14	2	0	50	500	500	0	0	0	0	
