0.0000000000e+00	0	0	500	0	0	0	0	50	500	500	0	0	0	0	
4.9121114124e-01	0	1	500	0	0	15	0	50	500	500	0	0	0	0	
9.9181710044e-01	0	3	499	1	0	29	0	50	500	500	0	0	0	0	
1.4997416660e+00	0	3	499	1	0	34	0	50	500	500	0	0	0	0	
1.9876929752e+00	0	3	498	2	0	34	0	50	500	500	0	0	0	0	
2.4922838169e+00	0	4	497	3	0	31	0	50	500	500	0	0	0	0	
2.9873489132e+00	0	4	498	2	0	34	0	50	500	500	0	0	0	0	
3.4726472082e+00	0	5	494	6	0	43	0	50	500	500	0	0	0	0	
3.9857441305e+00	0	6	493	7	0	45	0	50	500	500	0	0	0	0	
4.4965111891e+00	1	6	495	5	0	49	0	50	500	500	0	0	0	0	
4.9624391394e+00	2	5	494	6	0	45	0	50	500	500	0	0	0	0	
5.4916498973e+00	3	4	489	11	0	46	0	50	500	500	0	0	0	0	
5.9958785192e+00	4	3	494	6	0	52	0	50	500	500	0	0	0	0	
6.4828585699e+00	4	4	494	6	0	54	0	50	500	500	0	0	0	0	
6.9983107498e+00	4	4	494	6	0	51	0	50	500	500	0	0	0	0	
7.4999987612e+00	4	7	491	9	0	57	0	50	500	500	0	0	0	0	
7.9968502974e+00	4	8	492	8	0	67	0	50	500	500	0	0	0	0	
8.4950118150e+00	4	9	489	11	0	57	0	50	500	500	0	0	0	0	
8.9916182349e+00	5	8	492	8	0	58	0	50	500	500	0	0	0	0	
9.4877939875e+00	5	8	487	13	0	52	0	50	500	500	0	0	0	0	
9.9778062536e+00	5	8	488	12	0	55	0	50	500	500	0	0	0	0	
1.0480460746e+01	5	8	493	7	0	54	0	50	500	500	0	0	0	0	
1.0980430496e+01	5	8	488	12	0	52	0	50	500	500	0	0	0	0	
1.1476213894e+01	5	9	493	7	0	53	0	50	500	500	0	0	0	0	
1.1982991781e+01	5	11	494	6	0	56	0	50	500	500	0	0	0	0	
1.2496829613e+01	6	10	495	5	0	50	0	50	500	500	0	0	0	0	
1.2989767727e+01	5	11	492	8	0	45	0	50	500	500	0	0	0	0	
1.3499472277e+01	5	13	492	8	0	45	0	50	500	500	0	0	0	0	
1.3999828802e+01	6	13	492	8	0	48	0	50	500	500	0	0	0	0	
1.4479774750e+01	6	14	485	15	0	50	0	50	500	500	0	0	0	0	
1.4991232926e+01	8	12	483	17	0	56	0	50	500	500	0	0	0	0	
1.5496391111e+01	8	14	489	11	0	69	0	50	500	500	0	0	0	0	
1.5997194671e+01	9	14	490	10	0	66	0	50	500	500	0	0	0	0	
1.6488554985e+01	9	15	486	14	0	61	0	50	500	500	0	0	0	0	
1.6998948967e+01	10	14	484	16	0	63	0	50	500	500	0	0	0	0	
1.7484031161e+01	10	14	479	21	0	53	0	50	500	500	0	0	0	0	
1.7995401168e+01	10	17	481	19	0	55	0	50	500	500	0	0	0	0	
1.8496982260e+01	11	17	481	19	0	51	0	50	500	500	0	0	0	0	
1.8991708442e+01	11	18	475	25	0	57	0	50	500	500	0	0	0	0	
1.9476783751e+01	11	20	479	21	0	51	0	50	500	500	0	0	0	0	
1.9989974128e+01	12	22	478	22	0	49	0	50	500	500	0	0	0	0	
2.0471276688e+01	12	24	474	26	0	57	0	50	500	500	0	0	0	0	
2.0997191451e+01	12	24	477	23	0	53	0	50	500	500	0	0	0	0	
2.1485804058e+01	14	22	473	27	0	51	0	50	500	500	0	0	0	0	
2.1987567484e+01	14	23	470	30	0	51	0	50	500	500	0	0	0	0	
2.2496942884e+01	14	24	466	34	0	49	0	50	500	500	0	0	0	0	
2.2999499039e+01	14	26	475	25	0	48	0	50	500	500	0	0	0	0	
2.3488595805e+01	14	26	453	47	0	38	0	50	500	500	0	0	0	0	
2.3990722235e+01	15	25	457	43	0	34	0	50	500	500	0	0	0	0	
2.4473235470e+01	17	24	464	36	0	31	0	50	500	500	0	0	0	0	
2.4995112939e+01	17	24	450	50	0	36	0	50	500	500	0	0	0	0	
2.5492440077e+01	17	25	446	54	0	42	0	50	500	500	0	0	0	0	
2.5998434128e+01	17	26	454	46	0	38	0	50	500	500	0	0	0	0	
2.6499656624e+01	16	27	450	50	0	36	0	50	500	500	0	0	0	0	
2.6987786800e+01	16	27	457	43	0	41	0	50	500	500	0	0	0	0	
2.7491248611e+01	16	27	440	60	0	48	0	50	500	500	0	0	0	0	
2.7995044666e+01	16	27	445	55	0	44	0	50	500	500	0	0	0	0	
2.8482565896e+01	16	28	443	57	0	47	0	50	500	500	0	0	0	0	
2.8997954649e+01	17	29	449	51	0	49	0	50	500	500	0	0	0	0	
2.9491212845e+01	17	30	440	60	0	49	0	50	500	500	0	0	0	0	
2.9999189060e+01	18	30	439	61	0	51	0	50	500	500	0	0	0	0	
3.0491417964e+01	18	30	446	54	0	48	0	50	500	500	0	0	0	0	
3.0999212026e+01	19	30	453	47	0	50	0	50	500	500	0	0	0	0	
3.1496217973e+01	19	32	455	45	0	48	0	50	500	500	0	0	0	0	
3.1996411988e+01	19	33	463	37	0	43	0	50	500	500	0	0	0	0	
3.2494849900e+01	19	33	458	42	0	43	0	50	500	500	0	0	0	0	
3.2996095793e+01	20	35	457	43	0	47	0	50	500	500	0	0	0	0	
3.3497573673e+01	22	35	437	63	0	51	0	50	500	500	0	0	0	0	
3.3995772232e+01	22	35	428	72	0	48	0	50	500	500	0	0	0	0	
3.4499454391e+01	22	37	421	79	0	47	0	50	500	500	0	0	0	0	
3.4996092988e+01	21	38	425	75	0	47	0	50	500	500	0	0	0	0	
3.5498420057e+01	20	40	421	79	0	47	0	50	500	500	0	0	0	0	
3.5999823077e+01	20	40	406	94	0	37	0	50	500	500	0	0	0	0	
3.6495456826e+01	20	41	400	100	0	37	0	50	500	500	0	0	0	0	
3.6984212311e+01	21	42	401	99	0	33	0	50	500	500	0	0	0	0	
3.7498999041e+01	23	41	396	104	0	40	0	50	500	500	0	0	0	0	
3.7988475428e+01	23	41	388	112	0	45	0	50	500	500	0	0	0	0	
3.8496396635e+01	19	46	393	107	0	42	0	50	500	500	0	0	0	0	
3.8999799381e+01	20	45	384	116	0	39	0	50	500	500	0	0	0	0	
3.9494491711e+01	20	46	378	122	0	40	0	50	500	500	0	0	0	0	
3.9988779476e+01	19	47	367	133	0	40	0	50	500	500	0	0	0	0	
4.0498448300e+01	19	49	339	161	0	43	0	50	500	500	0	0	0	0	
4.0991500258e+01	19	51	335	165	0	39	0	50	500	500	0	0	0	0	
4.1496738625e+01	16	56	328	172	0	48	0	50	500	500	0	0	0	0	
4.1998302760e+01	15	61	318	182	0	49	0	50	500	500	0	0	0	0	
4.2498182221e+01	14	62	301	199	0	46	0	50	500	500	0	0	0	0	
4.2993882015e+01	13	64	277	223	0	50	0	50	500	500	0	0	0	0	
4.3483826033e+01	11	67	242	258	0	40	0	50	500	500	0	0	0	0	
4.3998796043e+01	12	66	230	270	0	32	0	50	500	500	0	0	0	0	
4.4496662037e+01	13	67	213	287	0	41	0	50	500	500	0	0	0	0	
4.4998396899e+01	14	67	203	297	0	42	0	50	500	500	0	0	0	0	
4.5498356109e+01	13	68	209	291	0	50	0	50	500	500	0	0	0	0	
4.5999216946e+01	14	68	209	291	0	49	0	50	500	500	0	0	0	0	
4.6485707359e+01	14	69	199	301	0	50	0	50	500	500	0	0	0	0	
4.6997487218e+01	15	72	176	324	0	51	0	50	500	500	0	0	0	0	
4.7499271727e+01	10	78	152	348	0	48	0	50	500	500	0	0	0	0	
4.7995764389e+01	8	82	115	385	0	47	0	50	500	500	0	0	0	0	
4.8499967545e+01	8	83	103	397	0	49	0	50	500	500	0	0	0	0	
4.8999899874e+01	11	80	95	405	0	52	0	50	500	500	0	0	0	0	
4.9497643273e+01	11	81	98	402	0	56	0	50	500	500	0	0	0	0	
4.9998476415e+01	12	80	99	401	0	61	0	50	500	500	0	0	0	0	
5.0492756211e+01	12	80	94	406	0	62	0	50	500	500	0	0	0	0	
5.0994731274e+01	8	86	77	423	0	61	0	50	500	500	0	0	0	0	
5.1499803380e+01	9	85	68	432	0	64	0	50	500	500	0	0	0	0	
5.1993224994e+01	8	86	62	438	0	66	0	50	500	500	0	0	0	0	
5.2490826450e+01	8	87	59	441	0	60	0	50	500	500	0	0	0	0	
5.2996350278e+01	7	90	59	441	0	62	0	50	500	500	0	0	0	0	
5.3499043126e+01	9	90	57	443	0	62	0	50	500	500	0	0	0	0	
5.3999862677e+01	10	90	66	434	0	57	0	50	500	500	0	0	0	0	
5.4493720266e+01	10	90	56	444	0	59	0	50	500	500	0	0	0	0	
5.4988164357e+01	12	87	56	444	0	64	0	50	500	500	0	0	0	0	
5.5491558117e+01	12	88	50	450	0	68	0	50	500	500	0	0	0	0	
5.5999694089e+01	13	88	50	450	0	64	0	50	500	500	0	0	0	0	
5.6496879301e+01	12	90	43	457	0	69	0	50	500	500	0	0	0	0	
5.6995343476e+01	13	90	54	446	0	72	0	50	500	500	0	0	0	0	
5.7495606953e+01	11	93	53	447	0	62	0	50	500	500	0	0	0	0	
5.7999887890e+01	9	95	51	449	0	61	0	50	500	500	0	0	0	0	
5.8499834188e+01	12	92	45	455	0	52	0	50	500	500	0	0	0	0	
5.8997978174e+01	12	94	47	453	0	50	0	50	500	500	0	0	0	0	
5.9473142610e+01	12	96	39	461	0	44	0	50	500	500	0	0	0	0	
5.9999139769e+01	14	96	44	456	0	43	0	50	500	500	0	0	0	0	
6.0497658067e+01	15	98	52	448	0	47	0	50	500	500	0	0	0	0	
6.0998460433e+01	11	102	40	460	0	42	0	50	500	500	0	0	0	0	
6.1495423514e+01	10	105	43	457	0	37	0	50	500	500	0	0	0	0	
6.1996661689e+01	10	106	59	441	0	42	0	50	500	500	0	0	0	0	
6.2493268288e+01	11	106	50	450	0	40	0	50	500	500	0	0	0	0	
6.2988008369e+01	15	102	35	465	0	40	0	50	500	500	0	0	0	0	
6.3496268219e+01	10	108	31	469	0	39	0	50	500	500	0	0	0	0	
6.3989315794e+01	9	111	34	466	0	41	0	50	500	500	0	0	0	0	
6.4496315199e+01	11	110	31	469	0	47	0	50	500	500	0	0	0	0	
6.4997737080e+01	9	114	37	463	0	47	0	50	500	500	0	0	0	0	
6.5498981639e+01	7	118	29	471	0	38	0	50	500	500	0	0	0	0	
6.5990708059e+01	6	119	27	473	0	42	0	50	500	500	0	0	0	0	
6.6497358364e+01	8	117	43	457	0	39	0	50	500	500	0	0	0	0	
6.6996905057e+01	7	118	33	467	0	48	0	50	500	500	0	0	0	0	
6.7486853190e+01	4	122	25	475	0	44	0	50	500	500	0	0	0	0	
6.7996921319e+01	6	120	31	469	0	50	0	50	500	500	0	0	0	0	
6.8498896747e+01	6	120	35	465	0	53	0	50	500	500	0	0	0	0	
6.8999556260e+01	4	122	31	469	0	62	0	50	500	500	0	0	0	0	
6.9496709227e+01	6	120	33	467	0	54	0	50	500	500	0	0	0	0	
6.9997392804e+01	7	119	40	460	0	58	0	50	500	500	0	0	0	0	
7.0495017223e+01	7	119	31	469	0	49	0	50	500	500	0	0	0	0	
7.0999542548e+01	9	118	37	463	0	48	0	50	500	500	0	0	0	0	
7.1497601754e+01	9	120	33	467	0	48	0	50	500	500	0	0	0	0	
7.1992870108e+01	11	119	28	472	0	49	0	50	500	500	0	0	0	0	
7.2497723668e+01	9	121	26	474	0	54	0	50	500	500	0	0	0	0	
7.2995671676e+01	9	124	20	480	0	55	0	50	500	500	0	0	0	0	
7.3493975375e+01	11	125	35	465	0	49	0	50	500	500	0	0	0	0	
7.3999621443e+01	6	132	24	476	0	49	0	50	500	500	0	0	0	0	
7.4499689492e+01	8	131	25	475	0	55	0	50	500	500	0	0	0	0	
7.4998782312e+01	7	135	27	473	0	57	0	50	500	500	0	0	0	0	
7.5495369020e+01	10	132	40	460	0	59	0	50	500	500	0	0	0	0	
7.5998999445e+01	11	133	28	472	0	55	0	50	500	500	0	0	0	0	
7.6496428431e+01	11	133	18	482	0	61	0	50	500	500	0	0	0	0	
7.6991336691e+01	11	134	17	483	0	61	0	50	500	500	0	0	0	0	
7.7493650806e+01	11	134	18	482	0	60	0	50	500	500	0	0	0	0	
7.7999276038e+01	8	138	27	473	0	67	0	50	500	500	0	0	0	0	
7.8499558981e+01	8	140	26	474	0	61	0	50	500	500	0	0	0	0	
7.8994552352e+01	7	143	24	476	0	67	0	50	500	500	0	0	0	0	
7.9499558099e+01	8	145	28	472	0	55	0	50	500	500	0	0	0	0	
7.9993159570e+01	7	147	27	473	0	56	0	50	500	500	0	0	0	0	
8.0495675327e+01	9	146	27	473	0	51	0	50	500	500	0	0	0	0	
8.0998103157e+01	8	148	23	477	0	54	0	50	500	500	0	0	0	0	
8.1496661287e+01	9	147	25	475	0	52	0	50	500	500	0	0	0	0	
8.1985620675e+01	10	146	12	488	0	49	0	50	500	500	0	0	0	0	
8.2499967813e+01	13	143	21	479	0	50	0	50	500	500	0	0	0	0	
8.2999175734e+01	8	149	26	474	0	49	0	50	500	500	0	0	0	0	
8.3495815713e+01	6	152	24	476	0	53	0	50	500	500	0	0	0	0	
8.3994517873e+01	8	152	17	483	0	52	0	50	500	500	0	0	0	0	
8.4499976842e+01	8	151	31	469	0	54	0	50	500	500	0	0	0	0	
8.4998605696e+01	11	150	19	481	0	48	0	50	500	500	0	0	0	0	
8.5494987220e+01	8	153	22	478	0	45	0	50	500	500	0	0	0	0	
8.5995108945e+01	9	153	28	472	0	51	0	50	500	500	0	0	0	0	
8.6493285636e+01	8	155	29	471	0	50	0	50	500	500	0	0	0	0	
8.6997538312e+01	10	152	34	466	0	54	0	50	500	500	0	0	0	0	
8.7497908232e+01	8	159	12	488	0	59	0	50	500	500	0	0	0	0	
8.7996800764e+01	7	160	17	483	0	59	0	50	500	500	0	0	0	0	
8.8493319445e+01	8	160	26	474	0	59	0	50	500	500	0	0	0	0	
8.8998945960e+01	10	159	13	487	0	58	0	50	500	500	0	0	0	0	
8.9498937973e+01	11	159	18	482	0	56	0	50	500	500	0	0	0	0	
8.9999273542e+01	13	158	25	475	0	50	0	50	500	500	0	0	0	0	
9.0498014204e+01	16	154	29	471	0	52	0	50	500	500	0	0	0	0	
9.0993191318e+01	11	159	11	489	0	54	0	50	500	500	0	0	0	0	
9.1493679938e+01	14	156	12	488	0	56	0	50	500	500	0	0	0	0	
9.1998757234e+01	13	157	22	478	0	56	0	50	500	500	0	0	0	0	
9.2497829770e+01	14	157	20	480	0	62	0	50	500	500	0	0	0	0	
9.2997249222e+01	12	159	17	483	0	57	0	50	500	500	0	0	0	0	
9.3492864518e+01	10	162	13	487	0	53	0	50	500	500	0	0	0	0	
9.3993874908e+01	13	159	13	487	0	54	0	50	500	500	0	0	0	0	
9.4494763762e+01	17	157	24	476	0	53	0	50	500	500	0	0	0	0	
9.4999891791e+01	16	158	23	477	0	55	0	50	500	500	0	0	0	0	
9.5493685225e+01	16	158	21	479	0	45	0	50	500	500	0	0	0	0	
9.5992227457e+01	17	159	27	473	0	50	0	50	500	500	0	0	0	0	
9.6499448017e+01	13	164	13	487	0	49	0	50	500	500	0	0	0	0	
9.6990992614e+01	14	164	21	479	0	53	0	50	500	500	0	0	0	0	
9.7498363674e+01	11	168	19	481	0	60	0	50	500	500	0	0	0	0	
9.7995182493e+01	10	170	16	484	0	57	0	50	500	500	0	0	0	0	
9.8499339923e+01	15	165	28	472	0	54	0	50	500	500	0	0	0	0	
9.8988486486e+01	15	166	12	488	0	41	0	50	500	500	0	0	0	0	
9.9497836090e+01	19	164	16	484	0	43	0	50	500	500	0	0	0	0	
9.9997941198e+01	21	163	19	481	0	46	0	50	500	500	0	0	0	0	
1.0049982058e+02	20	164	14	486	0	52	0	50	500	500	0	0	0	0	
1.0099825496e+02	20	164	21	479	0	49	0	50	500	500	0	0	0	0	
1.0149354602e+02	17	168	20	480	0	49	0	50	500	500	0	0	0	0	
1.0199870239e+02	15	170	19	481	0	52	0	50	500	500	0	0	0	0	
1.0249115214e+02	14	172	21	479	0	51	0	50	500	500	0	0	0	0	
1.0299716515e+02	11	175	31	469	0	51	0	50	500	500	0	0	0	0	
1.0349844561e+02	7	179	23	477	0	54	0	50	500	500	0	0	0	0	
1.0399084359e+02	7	182	27	473	0	48	0	50	500	500	0	0	0	0	
1.0449602918e+02	10	179	12	488	0	43	0	50	500	500	0	0	0	0	
1.0499957944e+02	10	179	13	487	0	43	0	50	500	500	0	0	0	0	
1.0549686342e+02	9	180	20	480	0	43	0	50	500	500	0	0	0	0	
1.0599477116e+02	10	180	17	483	0	46	0	50	500	500	0	0	0	0	
1.0649335490e+02	7	184	18	482	0	43	0	50	500	500	0	0	0	0	
1.0699450732e+02	9	181	26	474	0	47	0	50	500	500	0	0	0	0	
1.0749837349e+02	14	179	12	488	0	44	0	50	500	500	0	0	0	0	
1.0799562800e+02	9	185	16	484	0	49	0	50	500	500	0	0	0	0	
1.0849885917e+02	8	186	15	485	0	45	0	50	500	500	0	0	0	0	
1.0899959523e+02	9	187	15	485	0	52	0	50	500	500	0	0	0	0	
1.0949875761e+02	9	187	16	484	0	42	0	50	500	500	0	0	0	0	
1.0999838566e+02	12	185	14	486	0	39	0	50	500	500	0	0	0	0	
1.1049884605e+02	12	186	20	480	0	40	0	50	500	500	0	0	0	0	
1.1099558769e+02	9	191	15	485	0	40	0	50	500	500	0	0	0	0	
1.1149735613e+02	11	190	21	479	0	36	0	50	500	500	0	0	0	0	
1.1199335422e+02	10	192	21	479	0	41	0	50	500	500	0	0	0	0	
1.1248434398e+02	11	191	11	489	0	39	0	50	500	500	0	0	0	0	
1.1299966338e+02	11	191	22	478	0	36	0	50	500	500	0	0	0	0	
1.1349225862e+02	12	191	4	496	0	47	0	50	500	500	0	0	0	0	
1.1398048313e+02	12	191	12	488	0	45	0	50	500	500	0	0	0	0	
1.1449400027e+02	11	194	13	487	0	41	0	50	500	500	0	0	0	0	
1.1499648416e+02	12	194	20	480	0	41	0	50	500	500	0	0	0	0	
1.1549167258e+02	12	196	16	484	0	40	0	50	500	500	0	0	0	0	
1.1599668527e+02	10	199	13	487	0	43	0	50	500	500	0	0	0	0	
1.1649923484e+02	7	202	11	489	0	48	0	50	500	500	0	0	0	0	
1.1698448161e+02	9	201	11	489	0	54	0	50	500	500	0	0	0	0	
1.1747258229e+02	13	198	18	482	0	51	0	50	500	500	0	0	0	0	
1.1799914354e+02	15	197	22	478	0	53	0	50	500	500	0	0	0	0	
1.1849754986e+02	14	200	16	484	0	53	0	50	500	500	0	0	0	0	
1.1899927085e+02	13	202	13	487	0	59	0	50	500	500	0	0	0	0	
1.1949852456e+02	20	196	18	482	0	57	0	50	500	500	0	0	0	0	
1.1999590294e+02	25	190	18	482	0	57	0	50	500	500	0	0	0	0	
1.2048439111e+02	22	192	13	487	0	56	0	50	500	500	0	0	0	0	
1.2099960126e+02	18	197	22	478	0	52	0	50	500	500	0	0	0	0	
1.2149984658e+02	17	198	11	489	0	57	0	50	500	500	0	0	0	0	
1.2199822634e+02	10	205	11	489	0	54	0	50	500	500	0	0	0	0	
1.2249474252e+02	12	204	16	484	0	56	0	50	500	500	0	0	0	0	
1.2299897371e+02	20	196	8	492	0	61	0	50	500	500	0	0	0	0	
1.2349410407e+02	19	201	18	482	0	60	0	50	500	500	0	0	0	0	
1.2399934836e+02	17	204	23	477	0	55	0	50	500	500	0	0	0	0	
1.2449722278e+02	24	199	15	485	0	53	0	50	500	500	0	0	0	0	
1.2499904667e+02	21	202	15	485	0	42	0	50	500	500	0	0	0	0	
1.2549703786e+02	20	205	17	483	0	41	0	50	500	500	0	0	0	0	
1.2599223276e+02	20	205	14	486	0	45	0	50	500	500	0	0	0	0	
1.2649997533e+02	21	204	14	486	0	51	0	50	500	500	0	0	0	0	
1.2699596541e+02	23	200	14	486	0	53	0	50	500	500	0	0	0	0	
1.2748913855e+02	22	200	10	490	0	57	0	50	500	500	0	0	0	0	
1.2799923720e+02	21	200	13	487	0	63	0	50	500	500	0	0	0	0	
1.2849320384e+02	24	197	16	484	0	61	0	50	500	500	0	0	0	0	
1.2898853679e+02	22	201	15	485	0	67	0	50	500	500	0	0	0	0	
1.2949924947e+02	18	204	12	488	0	71	0	50	500	500	0	0	0	0	
1.2999923676e+02	16	209	10	490	0	64	0	50	500	500	0	0	0	0	
1.3049575225e+02	15	210	17	483	0	51	0	50	500	500	0	0	0	0	
1.3099642891e+02	20	207	11	489	0	50	0	50	500	500	0	0	0	0	
1.3149905714e+02	17	212	11	489	0	46	0	50	500	500	0	0	0	0	
1.3199428649e+02	16	214	15	485	0	48	0	50	500	500	0	0	0	0	
1.3249996728e+02	16	216	13	487	0	47	0	50	500	500	0	0	0	0	
1.3299850078e+02	16	217	15	485	0	48	0	50	500	500	0	0	0	0	
1.3349631921e+02	17	216	10	490	0	55	0	50	500	500	0	0	0	0	
1.3399675692e+02	16	218	13	487	0	55	0	50	500	500	0	0	0	0	
1.3449988674e+02	14	220	12	488	0	49	0	50	500	500	0	0	0	0	
1.3499530599e+02	12	224	11	489	0	48	0	50	500	500	0	0	0	0	
1.3549781766e+02	14	222	13	487	0	53	0	50	500	500	0	0	0	0	
1.3599832511e+02	15	221	10	490	0	57	0	50	500	500	0	0	0	0	
1.3649962335e+02	18	217	11	489	0	52	0	50	500	500	0	0	0	0	
1.3699092200e+02	18	217	22	478	0	53	0	50	500	500	0	0	0	0	
1.3749161992e+02	17	220	13	487	0	51	0	50	500	500	0	0	0	0	
1.3799263435e+02	15	223	15	485	0	51	0	50	500	500	0	0	0	0	
1.3849635144e+02	13	228	11	489	0	34	0	50	500	500	0	0	0	0	
1.3899915645e+02	9	232	13	487	0	34	0	50	500	500	0	0	0	0	
1.3949536288e+02	10	230	8	492	0	37	0	50	500	500	0	0	0	0	
1.3999856743e+02	11	229	9	491	0	40	0	50	500	500	0	0	0	0	
1.4045833113e+02	10	230	14	486	0	42	0	50	500	500	0	0	0	0	
1.4099733053e+02	11	231	13	487	0	46	0	50	500	500	0	0	0	0	
1.4149647664e+02	14	229	10	490	0	46	0	50	500	500	0	0	0	0	
1.4199848061e+02	14	230	9	491	0	49	0	50	500	500	0	0	0	0	
1.4249925494e+02	16	229	15	485	0	50	0	50	500	500	0	0	0	0	
1.4298977114e+02	18	227	10	490	0	54	0	50	500	500	0	0	0	0	
1.4349998688e+02	14	232	7	493	0	56	0	50	500	500	0	0	0	0	
1.4399832266e+02	17	231	12	488	0	49	0	50	500	500	0	0	0	0	
1.4449845850e+02	19	229	10	490	0	59	0	50	500	500	0	0	0	0	
1.4499544836e+02	15	234	15	485	0	54	0	50	500	500	0	0	0	0	
1.4549847091e+02	13	237	16	484	0	47	0	50	500	500	0	0	0	0	
1.4599324554e+02	14	236	11	489	0	42	0	50	500	500	0	0	0	0	
1.4649554932e+02	12	239	8	492	0	42	0	50	500	500	0	0	0	0	
1.4699764029e+02	16	235	19	481	0	37	0	50	500	500	0	0	0	0	
1.4749634173e+02	15	237	13	487	0	50	0	50	500	500	0	0	0	0	
1.4799469248e+02	13	241	18	482	0	51	0	50	500	500	0	0	0	0	
1.4849911815e+02	11	245	9	491	0	49	0	50	500	500	0	0	0	0	
1.4898986588e+02	9	248	12	488	0	50	0	50	500	500	0	0	0	0	
1.4949706991e+02	11	247	6	494	0	52	0	50	500	500	0	0	0	0	
1.4999625061e+02	13	246	18	482	0	49	0	50	500	500	0	0	0	0	
1.5049835171e+02	11	248	11	489	0	56	0	50	500	500	0	0	0	0	
1.5099925531e+02	12	247	7	493	0	55	0	50	500	500	0	0	0	0	
1.5149693340e+02	9	250	11	489	0	50	0	50	500	500	0	0	0	0	
1.5199485429e+02	13	248	13	487	0	45	0	50	500	500	0	0	0	0	
1.5249975253e+02	12	252	10	490	0	44	0	50	500	500	0	0	0	0	
1.5299923435e+02	13	253	8	492	0	45	0	50	500	500	0	0	0	0	
1.5349554439e+02	13	253	4	496	0	46	0	50	500	500	0	0	0	0	
1.5399736861e+02	14	253	18	482	0	41	0	50	500	500	0	0	0	0	
1.5449955277e+02	9	258	9	491	0	38	0	50	500	500	0	0	0	0	
1.5498982091e+02	8	259	9	491	0	38	0	50	500	500	0	0	0	0	
1.5549888956e+02	9	259	15	485	0	39	0	50	500	500	0	0	0	0	
1.5599583974e+02	11	257	5	495	0	44	0	50	500	500	0	0	0	0	
1.5649310987e+02	12	257	25	475	0	43	0	50	500	500	0	0	0	0	
1.5698924696e+02	11	259	15	485	0	42	0	50	500	500	0	0	0	0	
1.5749912066e+02	11	260	11	489	0	38	0	50	500	500	0	0	0	0	
1.5799865565e+02	10	261	11	489	0	37	0	50	500	500	0	0	0	0	
1.5849816373e+02	11	259	12	488	0	39	0	50	500	500	0	0	0	0	
1.5899833116e+02	11	261	15	485	0	43	0	50	500	500	0	0	0	0	
1.5949932973e+02	13	259	10	490	0	36	0	50	500	500	0	0	0	0	
1.5999830804e+02	11	261	14	486	0	35	0	50	500	500	0	0	0	0	
1.6049916923e+02	8	266	11	489	0	37	0	50	500	500	0	0	0	0	
1.6099865937e+02	11	263	13	487	0	45	0	50	500	500	0	0	0	0	
1.6149784777e+02	9	266	20	480	0	45	0	50	500	500	0	0	0	0	
1.6199210640e+02	4	272	10	490	0	52	0	50	500	500	0	0	0	0	
1.6249853276e+02	5	270	11	489	0	50	0	50	500	500	0	0	0	0	
1.6299713717e+02	8	268	5	495	0	55	0	50	500	500	0	0	0	0	
1.6349701863e+02	13	263	12	488	0	60	0	50	500	500	0	0	0	0	
1.6399725942e+02	15	262	8	492	0	63	0	50	500	500	0	0	0	0	
1.6449691051e+02	16	261	8	492	0	59	0	50	500	500	0	0	0	0	
1.6499868216e+02	11	268	10	490	0	50	0	50	500	500	0	0	0	0	
1.6549400374e+02	11	270	4	496	0	56	0	50	500	500	0	0	0	0	
1.6599992658e+02	12	268	8	492	0	52	0	50	500	500	0	0	0	0	
1.6649864782e+02	12	268	7	493	0	52	0	50	500	500	0	0	0	0	
1.6699018350e+02	16	265	13	487	0	49	0	50	500	500	0	0	0	0	
1.6749920186e+02	11	270	10	490	0	50	0	50	500	500	0	0	0	0	
1.6798204309e+02	13	268	9	491	0	51	0	50	500	500	0	0	0	0	
1.6849396485e+02	17	263	13	487	0	54	0	50	500	500	0	0	0	0	
1.6899375420e+02	20	260	14	486	0	54	0	50	500	500	0	0	0	0	
1.6949966656e+02	24	256	12	488	0	52	0	50	500	500	0	0	0	0	
1.6999964545e+02	28	253	13	487	0	51	0	50	500	500	0	0	0	0	
1.7049876088e+02	28	253	6	494	0	48	0	50	500	500	0	0	0	0	
1.7099946356e+02	23	256	12	488	0	47	0	50	500	500	0	0	0	0	
1.7149853470e+02	22	257	11	489	0	44	0	50	500	500	0	0	0	0	
1.7199736230e+02	18	261	11	489	0	55	0	50	500	500	0	0	0	0	
1.7249945871e+02	21	260	10	490	0	54	0	50	500	500	0	0	0	0	
1.7299916065e+02	24	257	9	491	0	54	0	50	500	500	0	0	0	0	
1.7349540169e+02	24	258	5	495	0	47	0	50	500	500	0	0	0	0	
1.7399938108e+02	27	256	14	486	0	50	0	50	500	500	0	0	0	0	
1.7449408386e+02	23	261	16	484	0	47	0	50	500	500	0	0	0	0	
1.7499950191e+02	22	262	6	494	0	51	0	50	500	500	0	0	0	0	
1.7549638861e+02	25	261	6	494	0	45	0	50	500	500	0	0	0	0	
1.7599921619e+02	21	265	15	485	0	51	0	50	500	500	0	0	0	0	
1.7649849681e+02	18	271	12	488	0	46	0	50	500	500	0	0	0	0	
1.7699996512e+02	20	270	16	484	0	44	0	50	500	500	0	0	0	0	
1.7749752912e+02	19	270	13	487	0	44	0	50	500	500	0	0	0	0	
1.7799314927e+02	21	269	7	493	0	48	0	50	500	500	0	0	0	0	
1.7849978628e+02	23	268	8	492	0	44	0	50	500	500	0	0	0	0	
1.7899317598e+02	25	267	7	493	0	44	0	50	500	500	0	0	0	0	
1.7949865478e+02	19	274	8	492	0	42	0	50	500	500	0	0	0	0	
1.7999973256e+02	22	272	15	485	0	45	0	50	500	500	0	0	0	0	
1.8049978044e+02	26	268	21	479	0	44	0	50	500	500	0	0	0	0	
1.8099551659e+02	26	271	6	494	0	43	0	50	500	500	0	0	0	0	
1.8149779615e+02	23	276	6	494	0	48	0	50	500	500	0	0	0	0	
1.8199993348e+02	17	281	9	491	0	50	0	50	500	500	0	0	0	0	
1.8249804893e+02	17	280	7	493	0	53	0	50	500	500	0	0	0	0	
1.8299690724e+02	18	282	5	495	0	47	0	50	500	500	0	0	0	0	
1.8349964500e+02	20	280	8	492	0	44	0	50	500	500	0	0	0	0	
1.8398879164e+02	19	282	11	489	0	40	0	50	500	500	0	0	0	0	
1.8449974639e+02	21	280	13	487	0	40	0	50	500	500	0	0	0	0	
1.8499726162e+02	14	288	13	487	0	41	0	50	500	500	0	0	0	0	
1.8549955214e+02	15	288	7	493	0	47	0	50	500	500	0	0	0	0	
1.8599950142e+02	15	290	8	492	0	44	0	50	500	500	0	0	0	0	
1.8649826722e+02	17	290	11	489	0	51	0	50	500	500	0	0	0	0	
1.8699487337e+02	18	289	10	490	0	51	0	50	500	500	0	0	0	0	
1.8749981108e+02	19	288	9	491	0	47	0	50	500	500	0	0	0	0	
1.8799263336e+02	19	289	2	498	0	52	0	50	500	500	0	0	0	0	
1.8849686216e+02	20	288	6	494	0	61	0	50	500	500	0	0	0	0	
1.8899943304e+02	25	286	8	492	0	62	0	50	500	500	0	0	0	0	
1.8949426785e+02	26	286	8	492	0	58	0	50	500	500	0	0	0	0	
1.8999884649e+02	20	292	9	491	0	53	0	50	500	500	0	0	0	0	
1.9049899301e+02	21	292	9	491	0	57	0	50	500	500	0	0	0	0	
1.9099727437e+02	20	293	16	484	0	57	0	50	500	500	0	0	0	0	
1.9149809204e+02	19	297	11	489	0	51	0	50	500	500	0	0	0	0	
1.9199249730e+02	22	295	17	483	0	39	0	50	500	500	0	0	0	0	
1.9249038941e+02	23	295	11	489	0	45	0	50	500	500	0	0	0	0	
1.9298804078e+02	26	291	9	491	0	39	0	50	500	500	0	0	0	0	
1.9347674773e+02	19	299	8	492	0	40	0	50	500	500	0	0	0	0	
1.9399670039e+02	19	300	4	496	0	45	0	50	500	500	0	0	0	0	
1.9449752378e+02	17	303	9	491	0	48	0	50	500	500	0	0	0	0	
1.9498779665e+02	12	308	11	489	0	40	0	50	500	500	0	0	0	0	
1.9549783472e+02	12	309	13	487	0	36	0	50	500	500	0	0	0	0	
1.9599808385e+02	14	308	10	490	0	33	0	50	500	500	0	0	0	0	
1.9649883370e+02	13	309	11	489	0	38	0	50	500	500	0	0	0	0	
1.9699971096e+02	11	312	12	488	0	41	0	50	500	500	0	0	0	0	
1.9744732599e+02	14	311	3	497	0	43	0	50	500	500	0	0	0	0	
1.9799446250e+02	17	309	9	491	0	46	0	50	500	500	0	0	0	0	
1.9849800673e+02	16	310	10	490	0	46	0	50	500	500	0	0	0	0	
1.9899564838e+02	13	313	12	488	0	42	0	50	500	500	0	0	0	0	
1.9949920159e+02	16	311	2	498	0	37	0	50	500	500	0	0	0	0	
1.9999327532e+02	17	313	4	496	0	41	0	50	500	500	0	0	0	0	
2.0049715323e+02	16	314	8	492	0	38	0	50	500	500	0	0	0	0	
2.0099699247e+02	16	314	13	487	0	39	0	50	500	500	0	0	0	0	
2.0149781897e+02	15	316	11	489	0	46	0	50	500	500	0	0	0	0	
2.0199876909e+02	11	321	3	497	0	41	0	50	500	500	0	0	0	0	
2.0249647698e+02	18	315	7	493	0	47	0	50	500	500	0	0	0	0	
2.0299983002e+02	19	315	12	488	0	45	0	50	500	500	0	0	0	0	
2.0349104323e+02	19	314	2	498	0	38	0	50	500	500	0	0	0	0	
2.0399339569e+02	18	316	4	496	0	45	0	50	500	500	0	0	0	0	
2.0449478764e+02	17	317	10	490	0	44	0	50	500	500	0	0	0	0	
2.0499958309e+02	16	318	8	492	0	49	0	50	500	500	0	0	0	0	
2.0549603310e+02	19	316	8	492	0	51	0	50	500	500	0	0	0	0	
2.0599544220e+02	18	318	2	498	0	47	0	50	500	500	0	0	0	0	
2.0649790339e+02	17	321	12	488	0	44	0	50	500	500	0	0	0	0	
2.0699576521e+02	15	326	10	490	0	40	0	50	500	500	0	0	0	0	
2.0749786939e+02	14	328	7	493	0	47	0	50	500	500	0	0	0	0	
2.0799172719e+02	22	322	12	488	0	52	0	50	500	500	0	0	0	0	
2.0849741731e+02	17	330	7	493	0	44	0	50	500	500	0	0	0	0	
2.0899082050e+02	18	330	8	492	0	43	0	50	500	500	0	0	0	0	
2.0949389499e+02	20	330	8	492	0	48	0	50	500	500	0	0	0	0	
2.0999892099e+02	20	330	13	487	0	47	0	50	500	500	0	0	0	0	
2.1049723310e+02	17	333	8	492	0	51	0	50	500	500	0	0	0	0	
2.1099626812e+02	16	335	8	492	0	46	0	50	500	500	0	0	0	0	
2.1149964809e+02	20	331	8	492	0	50	0	50	500	500	0	0	0	0	
2.1199940413e+02	22	331	3	497	0	55	0	50	500	500	0	0	0	0	
2.1247922122e+02	21	334	12	488	0	59	0	50	500	500	0	0	0	0	
2.1299777575e+02	19	338	11	489	0	63	0	50	500	500	0	0	0	0	
2.1348259460e+02	25	336	11	489	0	65	0	50	500	500	0	0	0	0	
2.1399711324e+02	29	334	8	492	0	66	0	50	500	500	0	0	0	0	
2.1449743756e+02	29	337	8	492	0	57	0	50	500	500	0	0	0	0	
2.1498416064e+02	32	335	10	490	0	52	0	50	500	500	0	0	0	0	
2.1549859880e+02	29	338	8	492	0	52	0	50	500	500	0	0	0	0	
2.1599381549e+02	25	342	8	492	0	53	0	50	500	500	0	0	0	0	
2.1649561364e+02	23	344	7	493	0	46	0	50	500	500	0	0	0	0	
2.1699448148e+02	24	346	6	494	0	46	0	50	500	500	0	0	0	0	
2.1749677491e+02	22	351	7	493	0	45	0	50	500	500	0	0	0	0	
2.1799869436e+02	20	357	9	491	0	42	0	50	500	500	0	0	0	0	
2.1849932550e+02	24	352	6	494	0	44	0	50	500	500	0	0	0	0	
2.1899646820e+02	22	354	12	488	0	48	0	50	500	500	0	0	0	0	
2.1949733037e+02	21	355	7	493	0	42	0	50	500	500	0	0	0	0	
2.1999885403e+02	24	350	6	494	0	42	0	50	500	500	0	0	0	0	
2.2049991342e+02	21	354	6	494	0	47	0	50	500	500	0	0	0	0	
2.2099833136e+02	19	356	5	495	0	44	0	50	500	500	0	0	0	0	
2.2148317461e+02	19	358	6	494	0	47	0	50	500	500	0	0	0	0	
2.2199730301e+02	12	364	6	494	0	54	0	50	500	500	0	0	0	0	
2.2249808595e+02	16	361	5	495	0	59	0	50	500	500	0	0	0	0	
2.2299925469e+02	16	360	6	494	0	60	0	50	500	500	0	0	0	0	
2.2349742223e+02	13	364	5	495	0	48	0	50	500	500	0	0	0	0	
2.2399806886e+02	20	359	7	493	0	51	0	50	500	500	0	0	0	0	
2.2449874849e+02	21	360	6	494	0	48	0	50	500	500	0	0	0	0	
2.2499216467e+02	22	361	9	491	0	40	0	50	500	500	0	0	0	0	
2.2549997831e+02	24	360	7	493	0	42	0	50	500	500	0	0	0	0	
2.2599740534e+02	22	363	10	490	0	34	0	50	500	500	0	0	0	0	
2.2649969683e+02	21	367	7	493	0	33	0	50	500	500	0	0	0	0	
2.2699603671e+02	18	369	11	489	0	34	0	50	500	500	0	0	0	0	
2.2748100682e+02	18	371	4	496	0	38	0	50	500	500	0	0	0	0	
2.2799923473e+02	22	371	6	494	0	35	0	50	500	500	0	0	0	0	
2.2849966176e+02	25	370	7	493	0	43	0	50	500	500	0	0	0	0	
2.2899568496e+02	26	369	10	490	0	46	0	50	500	500	0	0	0	0	
2.2949717978e+02	20	376	6	494	0	50	0	50	500	500	0	0	0	0	
2.2999933411e+02	17	379	14	486	0	44	0	50	500	500	0	0	0	0	
2.3049537474e+02	15	381	8	492	0	51	0	50	500	500	0	0	0	0	
2.3099956870e+02	18	378	5	495	0	49	0	50	500	500	0	0	0	0	
2.3149852455e+02	18	379	13	487	0	51	0	50	500	500	0	0	0	0	
2.3199833951e+02	18	379	10	490	0	52	0	50	500	500	0	0	0	0	
2.3249654819e+02	18	378	4	496	0	50	0	50	500	500	0	0	0	0	
2.3299652909e+02	19	378	8	492	0	52	0	50	500	500	0	0	0	0	
2.3349792843e+02	18	379	9	491	0	49	0	50	500	500	0	0	0	0	
2.3399964353e+02	19	379	8	492	0	49	0	50	500	500	0	0	0	0	
2.3449670970e+02	18	378	6	494	0	51	0	50	500	500	0	0	0	0	
2.3499979126e+02	21	377	10	490	0	52	0	50	500	500	0	0	0	0	
2.3549407627e+02	19	378	2	498	0	51	0	50	500	500	0	0	0	0	
2.3599903354e+02	21	378	8	492	0	49	0	50	500	500	0	0	0	0	
2.3649609252e+02	23	375	6	494	0	49	0	50	500	500	0	0	0	0	
2.3699903188e+02	24	374	10	490	0	46	0	50	500	500	0	0	0	0	
2.3748561805e+02	22	376	5	495	0	49	0	50	500	500	0	0	0	0	
2.3799978517e+02	19	378	10	490	0	51	0	50	500	500	0	0	0	0	
2.3848618177e+02	19	379	7	493	0	50	0	50	500	500	0	0	0	0	
2.3899881383e+02	16	384	1	499	0	55	0	50	500	500	0	0	0	0	
2.3949848278e+02	18	386	9	491	0	48	0	50	500	500	0	0	0	0	
2.3999744094e+02	22	383	7	493	0	48	0	50	500	500	0	0	0	0	
2.4048666339e+02	22	383	10	490	0	47	0	50	500	500	0	0	0	0	
2.4099903499e+02	22	384	7	493	0	45	0	50	500	500	0	0	0	0	
2.4149583701e+02	20	388	8	492	0	54	0	50	500	500	0	0	0	0	
2.4199013342e+02	17	392	6	494	0	49	0	50	500	500	0	0	0	0	
2.4249579422e+02	19	390	5	495	0	56	0	50	500	500	0	0	0	0	
2.4299491656e+02	23	387	7	493	0	61	0	50	500	500	0	0	0	0	
2.4349230985e+02	24	387	6	494	0	59	0	50	500	500	0	0	0	0	
2.4399964900e+02	20	391	8	492	0	56	0	50	500	500	0	0	0	0	
2.4449142285e+02	21	392	9	491	0	56	0	50	500	500	0	0	0	0	
2.4499776219e+02	20	393	6	494	0	56	0	50	500	500	0	0	0	0	
2.4549164707e+02	16	396	5	495	0	55	0	50	500	500	0	0	0	0	
2.4599977543e+02	18	396	10	490	0	50	0	50	500	500	0	0	0	0	
2.4648766239e+02	19	397	6	494	0	51	0	50	500	500	0	0	0	0	
2.4699722959e+02	18	399	11	489	0	58	0	50	500	500	0	0	0	0	
2.4749273505e+02	22	395	7	493	0	52	0	50	500	500	0	0	0	0	
2.4799189835e+02	22	396	9	491	0	55	0	50	500	500	0	0	0	0	
2.4849937131e+02	21	397	7	493	0	62	0	50	500	500	0	0	0	0	
2.4899934754e+02	23	395	5	495	0	51	0	50	500	500	0	0	0	0	
2.4949227886e+02	21	398	8	492	0	46	0	50	500	500	0	0	0	0	
2.4999328297e+02	18	401	4	496	0	38	0	50	500	500	0	0	0	0	
2.5049958372e+02	17	404	11	489	0	35	0	50	500	500	0	0	0	0	
2.5099899417e+02	18	404	3	497	0	36	0	50	500	500	0	0	0	0	
2.5149723489e+02	16	407	11	489	0	39	0	50	500	500	0	0	0	0	
2.5199076308e+02	16	408	3	497	0	39	0	50	500	500	0	0	0	0	
2.5249993795e+02	24	400	4	496	0	40	0	50	500	500	0	0	0	0	
2.5299817305e+02	26	399	0	500	0	51	0	50	500	500	0	0	0	0	
2.5348764553e+02	22	405	7	493	0	49	0	50	500	500	0	0	0	0	
2.5399231286e+02	21	407	4	496	0	42	0	50	500	500	0	0	0	0	
2.5449902094e+02	16	413	7	493	0	43	0	50	500	500	0	0	0	0	
2.5499800075e+02	19	409	5	495	0	48	0	50	500	500	0	0	0	0	
2.5549704666e+02	16	412	6	494	0	39	0	50	500	500	0	0	0	0	
2.5599776197e+02	13	416	10	490	0	43	0	50	500	500	0	0	0	0	
2.5647973100e+02	13	418	8	492	0	47	0	50	500	500	0	0	0	0	
2.5699846958e+02	15	415	10	490	0	50	0	50	500	500	0	0	0	0	
2.5749590084e+02	16	415	7	493	0	50	0	50	500	500	0	0	0	0	
2.5799981180e+02	21	410	6	494	0	53	0	50	500	500	0	0	0	0	
2.5849314708e+02	19	413	5	495	0	50	0	50	500	500	0	0	0	0	
2.5898578570e+02	23	411	7	493	0	58	0	50	500	500	0	0	0	0	
2.5949162128e+02	22	413	6	494	0	58	0	50	500	500	0	0	0	0	
2.5999942907e+02	22	417	5	495	0	62	0	50	500	500	0	0	0	0	
2.6049203749e+02	20	421	9	491	0	60	0	50	500	500	0	0	0	0	
2.6099980330e+02	20	422	7	493	0	50	0	50	500	500	0	0	0	0	
2.6149270892e+02	22	420	2	498	0	59	0	50	500	500	0	0	0	0	
2.6199947727e+02	26	417	13	487	0	56	0	50	500	500	0	0	0	0	
2.6249383159e+02	29	412	6	494	0	62	0	50	500	500	0	0	0	0	
2.6299934779e+02	31	411	8	492	0	53	0	50	500	500	0	0	0	0	
2.6349758145e+02	22	418	4	496	0	55	0	50	500	500	0	0	0	0	
2.6398562606e+02	22	419	4	496	0	52	0	50	500	500	0	0	0	0	
2.6449448350e+02	21	420	11	489	0	52	0	50	500	500	0	0	0	0	
2.6498575256e+02	23	419	8	492	0	58	0	50	500	500	0	0	0	0	
2.6549489822e+02	23	416	9	491	0	51	0	50	500	500	0	0	0	0	
2.6599389800e+02	22	418	10	490	0	59	0	50	500	500	0	0	0	0	
2.6649982958e+02	20	423	5	495	0	57	0	50	500	500	0	0	0	0	
2.6699666326e+02	21	422	9	491	0	47	0	50	500	500	0	0	0	0	
2.6749777677e+02	21	422	6	494	0	47	0	50	500	500	0	0	0	0	
2.6799814341e+02	19	425	4	496	0	48	0	50	500	500	0	0	0	0	
2.6849271631e+02	21	424	2	498	0	49	0	50	500	500	0	0	0	0	
2.6899945599e+02	20	427	9	491	0	53	0	50	500	500	0	0	0	0	
2.6949398285e+02	25	422	5	495	0	48	0	50	500	500	0	0	0	0	
2.6999728409e+02	22	427	4	496	0	45	0	50	500	500	0	0	0	0	
2.7049211284e+02	16	434	3	497	0	44	0	50	500	500	0	0	0	0	
2.7098816549e+02	23	428	4	496	0	47	0	50	500	500	0	0	0	0	
2.7149221650e+02	27	424	6	494	0	52	0	50	500	500	0	0	0	0	
2.7199603469e+02	29	422	6	494	0	46	0	50	500	500	0	0	0	0	
2.7249416262e+02	31	420	4	496	0	53	0	50	500	500	0	0	0	0	
2.7299932512e+02	34	416	2	498	0	50	0	50	500	500	0	0	0	0	
2.7349906786e+02	30	421	12	488	0	51	0	50	500	500	0	0	0	0	
2.7398961461e+02	29	422	6	494	0	50	0	50	500	500	0	0	0	0	
2.7449918050e+02	28	426	3	497	0	47	0	50	500	500	0	0	0	0	
2.7499232071e+02	34	422	7	493	0	48	0	50	500	500	0	0	0	0	
2.7549889463e+02	32	424	5	495	0	45	0	50	500	500	0	0	0	0	
2.7599944997e+02	29	431	7	493	0	49	0	50	500	500	0	0	0	0	
2.7649985596e+02	25	434	7	493	0	43	0	50	500	500	0	0	0	0	
2.7699410842e+02	25	432	6	494	0	40	0	50	500	500	0	0	0	0	
2.7749700009e+02	21	436	12	488	0	40	0	50	500	500	0	0	0	0	
2.7798611550e+02	23	435	3	497	0	47	0	50	500	500	0	0	0	0	
2.7849980836e+02	20	439	5	495	0	50	0	50	500	500	0	0	0	0	
2.7898629538e+02	20	439	3	497	0	59	0	50	500	500	0	0	0	0	
2.7949327056e+02	23	438	4	496	0	54	0	50	500	500	0	0	0	0	
2.7999961950e+02	26	436	11	489	0	50	0	50	500	500	0	0	0	0	
2.8049014887e+02	23	438	11	489	0	48	0	50	500	500	0	0	0	0	
2.8099453001e+02	23	437	5	495	0	52	0	50	500	500	0	0	0	0	
2.8149971514e+02	19	443	5	495	0	56	0	50	500	500	0	0	0	0	
2.8199640222e+02	23	440	2	498	0	49	0	50	500	500	0	0	0	0	
2.8248721176e+02	27	435	2	498	0	51	0	50	500	500	0	0	0	0	
2.8299989023e+02	28	436	10	490	0	48	0	50	500	500	0	0	0	0	
2.8349756258e+02	24	438	4	496	0	44	0	50	500	500	0	0	0	0	
2.8399732809e+02	22	440	12	488	0	51	0	50	500	500	0	0	0	0	
2.8448981415e+02	24	437	4	496	0	55	0	50	500	500	0	0	0	0	
2.8499585167e+02	25	436	4	496	0	58	0	50	500	500	0	0	0	0	
2.8549808544e+02	24	437	6	494	0	55	0	50	500	500	0	0	0	0	
2.8598222235e+02	24	439	4	496	0	59	0	50	500	500	0	0	0	0	
2.8649598231e+02	26	437	4	496	0	54	0	50	500	500	0	0	0	0	
2.8699204708e+02	29	437	4	496	0	52	0	50	500	500	0	0	0	0	
2.8749811657e+02	30	436	5	495	0	45	0	50	500	500	0	0	0	0	
2.8799915254e+02	27	441	7	493	0	46	0	50	500	500	0	0	0	0	
2.8849310313e+02	23	447	8	492	0	40	0	50	500	500	0	0	0	0	
2.8899820506e+02	21	450	7	493	0	44	0	50	500	500	0	0	0	0	
2.8949293340e+02	20	451	8	492	0	53	0	50	500	500	0	0	0	0	
2.8999723463e+02	23	448	8	492	0	48	0	50	500	500	0	0	0	0	
2.9049633631e+02	21	450	11	489	0	46	0	50	500	500	0	0	0	0	
2.9099424019e+02	24	447	7	493	0	45	0	50	500	500	0	0	0	0	
2.9149855390e+02	24	448	8	492	0	46	0	50	500	500	0	0	0	0	
2.9199733207e+02	24	449	9	491	0	46	0	50	500	500	0	0	0	0	
2.9249977373e+02	25	447	5	495	0	51	0	50	500	500	0	0	0	0	
2.9299527000e+02	22	450	7	493	0	40	0	50	500	500	0	0	0	0	
2.9349860744e+02	22	450	8	492	0	42	0	50	500	500	0	0	0	0	
2.9399814439e+02	17	457	2	498	0	42	0	50	500	500	0	0	0	0	
2.9448967923e+02	18	456	2	498	0	41	0	50	500	500	0	0	0	0	
2.9499529427e+02	16	460	4	496	0	50	0	50	500	500	0	0	0	0	
2.9549949195e+02	19	457	8	492	0	55	0	50	500	500	0	0	0	0	
2.9599888829e+02	17	459	11	489	0	56	0	50	500	500	0	0	0	0	
2.9649743561e+02	15	462	10	490	0	57	0	50	500	500	0	0	0	0	
2.9699426197e+02	16	462	6	494	0	54	0	50	500	500	0	0	0	0	
2.9749455636e+02	18	461	4	496	0	55	0	50	500	500	0	0	0	0	
2.9799466280e+02	19	463	11	489	0	50	0	50	500	500	0	0	0	0	
2.9849892549e+02	21	465	6	494	0	48	0	50	500	500	0	0	0	0	
2.9898282613e+02	23	462	8	492	0	53	0	50	500	500	0	0	0	0	
2.9949188047e+02	27	458	11	489	0	52	0	50	500	500	0	0	0	0	
2.9999367641e+02	25	461	9	491	0	45	0	50	500	500	0	0	0	0	
3.0049598628e+02	25	460	4	496	0	52	0	50	500	500	0	0	0	0	
3.0099985623e+02	29	455	7	493	0	51	0	50	500	500	0	0	0	0	
3.0149987915e+02	25	458	3	497	0	45	0	50	500	500	0	0	0	0	
3.0199557221e+02	23	460	8	492	0	42	0	50	500	500	0	0	0	0	
3.0249682847e+02	25	458	2	498	0	41	0	50	500	500	0	0	0	0	
3.0299700537e+02	27	456	4	496	0	38	0	50	500	500	0	0	0	0	
3.0349927390e+02	26	457	7	493	0	46	0	50	500	500	0	0	0	0	
3.0399645965e+02	25	459	7	493	0	50	0	50	500	500	0	0	0	0	
3.0449514501e+02	23	461	5	495	0	53	0	50	500	500	0	0	0	0	
3.0499826591e+02	21	465	6	494	0	57	0	50	500	500	0	0	0	0	
3.0549508772e+02	22	464	4	496	0	57	0	50	500	500	0	0	0	0	
3.0599853868e+02	21	466	10	490	0	55	0	50	500	500	0	0	0	0	
3.0649978275e+02	18	469	6	494	0	59	0	50	500	500	0	0	0	0	
3.0699736889e+02	19	468	2	498	0	58	0	50	500	500	0	0	0	0	
3.0749714015e+02	17	470	6	494	0	52	0	50	500	500	0	0	0	0	
3.0799927944e+02	15	472	4	496	0	50	0	50	500	500	0	0	0	0	
3.0849728211e+02	17	473	5	495	0	46	0	50	500	500	0	0	0	0	
3.0899378957e+02	13	478	4	496	0	41	0	50	500	500	0	0	0	0	
3.0949940405e+02	16	475	7	493	0	37	0	50	500	500	0	0	0	0	
3.0999824044e+02	17	473	2	498	0	39	0	50	500	500	0	0	0	0	
3.1049165759e+02	20	471	1	499	0	44	0	50	500	500	0	0	0	0	
3.1099830842e+02	20	472	8	492	0	47	0	50	500	500	0	0	0	0	
3.1149914715e+02	24	468	3	497	0	54	0	50	500	500	0	0	0	0	
3.1199993821e+02	31	461	12	488	0	57	0	50	500	500	0	0	0	0	
3.1249441195e+02	26	468	6	494	0	54	0	50	500	500	0	0	0	0	
3.1299692740e+02	26	467	12	488	0	48	0	50	500	500	0	0	0	0	
3.1349433310e+02	28	465	6	494	0	54	0	50	500	500	0	0	0	0	
3.1399799142e+02	25	468	8	492	0	54	0	50	500	500	0	0	0	0	
3.1449488848e+02	25	468	4	496	0	58	0	50	500	500	0	0	0	0	
3.1499542240e+02	27	467	10	490	0	51	0	50	500	500	0	0	0	0	
3.1549658415e+02	28	466	5	495	0	57	0	50	500	500	0	0	0	0	
3.1599550175e+02	27	468	11	489	0	60	0	50	500	500	0	0	0	0	
3.1649212025e+02	28	467	9	491	0	61	0	50	500	500	0	0	0	0	
3.1699703257e+02	26	472	8	492	0	63	0	50	500	500	0	0	0	0	
3.1749129698e+02	31	467	4	496	0	53	0	50	500	500	0	0	0	0	
3.1799948043e+02	31	468	8	492	0	44	0	50	500	500	0	0	0	0	
3.1849883600e+02	36	465	10	490	0	40	0	50	500	500	0	0	0	0	
3.1899292714e+02	32	469	2	498	0	38	0	50	500	500	0	0	0	0	
3.1949606441e+02	30	471	5	495	0	37	0	50	500	500	0	0	0	0	
3.1999311811e+02	25	476	6	494	0	39	0	50	500	500	0	0	0	0	
3.2048261694e+02	25	475	3	497	0	36	0	50	500	500	0	0	0	0	
3.2099986099e+02	21	480	6	494	0	45	0	50	500	500	0	0	0	0	
3.2149138728e+02	22	480	4	496	0	43	0	50	500	500	0	0	0	0	
3.2199682673e+02	24	479	2	498	0	49	0	50	500	500	0	0	0	0	
3.2249973333e+02	22	480	6	494	0	50	0	50	500	500	0	0	0	0	
3.2299978199e+02	24	482	8	492	0	52	0	50	500	500	0	0	0	0	
3.2349926712e+02	22	485	5	495	0	47	0	50	500	500	0	0	0	0	
3.2399245915e+02	21	489	3	497	0	53	0	50	500	500	0	0	0	0	
3.2449500225e+02	23	486	5	495	0	53	0	50	500	500	0	0	0	0	
3.2499504717e+02	23	486	6	494	0	59	0	50	500	500	0	0	0	0	
3.2549944622e+02	33	476	3	497	0	66	0	50	500	500	0	0	0	0	
3.2599922497e+02	35	476	4	496	0	66	0	50	500	500	0	0	0	0	
3.2649042641e+02	35	476	7	493	0	58	0	50	500	500	0	0	0	0	
3.2699700522e+02	33	479	5	495	0	57	0	50	500	500	0	0	0	0	
3.2749646675e+02	35	477	9	491	0	52	0	50	500	500	0	0	0	0	
3.2799948624e+02	39	472	6	494	0	55	0	50	500	500	0	0	0	0	
3.2849315271e+02	38	473	6	494	0	54	0	50	500	500	0	0	0	0	
3.2899927359e+02	35	475	8	492	0	49	0	50	500	500	0	0	0	0	
3.2949917944e+02	30	481	11	489	0	49	0	50	500	500	0	0	0	0	
3.2999582674e+02	30	481	3	497	0	47	0	50	500	500	0	0	0	0	
3.3049898465e+02	33	479	7	493	0	49	0	50	500	500	0	0	0	0	
3.3099802992e+02	27	485	3	497	0	50	0	50	500	500	0	0	0	0	
3.3149591780e+02	22	490	3	497	0	51	0	50	500	500	0	0	0	0	
3.3199887826e+02	23	490	7	493	0	48	0	50	500	500	0	0	0	0	
3.3249489365e+02	19	495	5	495	0	46	0	50	500	500	0	0	0	0	
3.3299987373e+02	18	497	7	493	0	40	0	50	500	500	0	0	0	0	
3.3349785981e+02	16	499	3	497	0	38	0	50	500	500	0	0	0	0	
3.3399815591e+02	17	497	5	495	0	37	0	50	500	500	0	0	0	0	
3.3449857025e+02	18	496	6	494	0	49	0	50	500	500	0	0	0	0	
3.3499322387e+02	26	489	6	494	0	60	0	50	500	500	0	0	0	0	
3.3549797999e+02	22	494	4	496	0	58	0	50	500	500	0	0	0	0	
3.3599883247e+02	20	497	5	495	0	57	0	50	500	500	0	0	0	0	
3.3649943454e+02	25	491	3	497	0	53	0	50	500	500	0	0	0	0	
3.3699978506e+02	28	491	5	495	0	59	0	50	500	500	0	0	0	0	
3.3749971525e+02	26	495	5	495	0	58	0	50	500	500	0	0	0	0	
3.3798270507e+02	25	497	3	497	0	60	0	50	500	500	0	0	0	0	
3.3849891027e+02	25	497	5	495	0	58	0	50	500	500	0	0	0	0	
3.3899955484e+02	31	495	4	496	0	58	0	50	500	500	0	0	0	0	
3.3949509837e+02	30	497	6	494	0	55	0	50	500	500	0	0	0	0	
3.3999345696e+02	35	492	5	495	0	59	0	50	500	500	0	0	0	0	
3.4049646665e+02	34	495	5	495	0	62	0	50	500	500	0	0	0	0	
3.4099871456e+02	35	493	4	496	0	65	0	50	500	500	0	0	0	0	
3.4149837312e+02	32	498	4	496	0	62	0	50	500	500	0	0	0	0	
3.4199980615e+02	40	491	4	496	0	55	0	50	500	500	0	0	0	0	
3.4249132054e+02	34	498	7	493	0	52	0	50	500	500	0	0	0	0	
3.4299956515e+02	31	501	4	496	0	46	0	50	500	500	0	0	0	0	
3.4349780990e+02	35	498	6	494	0	46	0	50	500	500	0	0	0	0	
3.4399942993e+02	37	497	2	498	0	45	0	50	500	500	0	0	0	0	
3.4448214557e+02	32	503	5	495	0	51	0	50	500	500	0	0	0	0	
3.4499677127e+02	32	507	6	494	0	50	0	50	500	500	0	0	0	0	
3.4549658282e+02	28	512	4	496	0	52	0	50	500	500	0	0	0	0	
3.4599317321e+02	22	517	6	494	0	56	0	50	500	500	0	0	0	0	
3.4649816909e+02	25	516	6	494	0	50	0	50	500	500	0	0	0	0	
3.4699417858e+02	21	520	2	498	0	52	0	50	500	500	0	0	0	0	
3.4749793956e+02	19	522	4	496	0	52	0	50	500	500	0	0	0	0	
3.4799883835e+02	17	524	3	497	0	56	0	50	500	500	0	0	0	0	
3.4849727559e+02	23	517	6	494	0	43	0	50	500	500	0	0	0	0	
3.4899709326e+02	25	516	5	495	0	48	0	50	500	500	0	0	0	0	
3.4949861876e+02	26	516	2	498	0	53	0	50	500	500	0	0	0	0	
3.4999547599e+02	23	520	7	493	0	58	0	50	500	500	0	0	0	0	
3.5049910962e+02	32	512	9	491	0	49	0	50	500	500	0	0	0	0	
3.5099860537e+02	28	516	6	494	0	49	0	50	500	500	0	0	0	0	
3.5149688523e+02	27	517	0	500	0	48	0	50	500	500	0	0	0	0	
3.5199912647e+02	25	519	8	492	0	55	0	50	500	500	0	0	0	0	
3.5249928724e+02	27	517	6	494	0	62	0	50	500	500	0	0	0	0	
3.5299527437e+02	30	515	5	495	0	56	0	50	500	500	0	0	0	0	
3.5349299705e+02	34	511	5	495	0	52	0	50	500	500	0	0	0	0	
3.5399679035e+02	22	525	4	496	0	49	0	50	500	500	0	0	0	0	
3.5449857811e+02	20	529	5	495	0	48	0	50	500	500	0	0	0	0	
3.5499457394e+02	20	529	3	497	0	49	0	50	500	500	0	0	0	0	
3.5549830224e+02	23	526	6	494	0	46	0	50	500	500	0	0	0	0	
3.5599939771e+02	18	532	5	495	0	46	0	50	500	500	0	0	0	0	
3.5649741315e+02	20	531	8	492	0	46	0	50	500	500	0	0	0	0	
3.5699922691e+02	20	533	1	499	0	41	0	50	500	500	0	0	0	0	
3.5749412540e+02	27	526	3	497	0	40	0	50	500	500	0	0	0	0	
3.5799058378e+02	25	529	1	499	0	42	0	50	500	500	0	0	0	0	
3.5849204685e+02	20	535	3	497	0	47	0	50	500	500	0	0	0	0	
3.5899801503e+02	21	535	6	494	0	45	0	50	500	500	0	0	0	0	
3.5949701503e+02	24	533	4	496	0	46	0	50	500	500	0	0	0	0	
3.5999193926e+02	23	534	3	497	0	50	0	50	500	500	0	0	0	0	
3.6049544563e+02	23	536	6	494	0	44	0	50	500	500	0	0	0	0	
3.6099903425e+02	23	535	4	496	0	45	0	50	500	500	0	0	0	0	
3.6149687263e+02	20	538	1	499	0	41	0	50	500	500	0	0	0	0	
3.6199756108e+02	25	534	2	498	0	45	0	50	500	500	0	0	0	0	
3.6249815659e+02	22	538	4	496	0	46	0	50	500	500	0	0	0	0	
3.6299730853e+02	23	538	4	496	0	49	0	50	500	500	0	0	0	0	
3.6349813231e+02	30	531	3	497	0	48	0	50	500	500	0	0	0	0	
3.6399645707e+02	27	534	5	495	0	49	0	50	500	500	0	0	0	0	
3.6449986557e+02	27	534	4	496	0	50	0	50	500	500	0	0	0	0	
3.6498746023e+02	30	532	3	497	0	53	0	50	500	500	0	0	0	0	
3.6549762297e+02	30	532	1	499	0	46	0	50	500	500	0	0	0	0	
3.6599354936e+02	27	538	6	494	0	55	0	50	500	500	0	0	0	0	
3.6649363492e+02	28	537	3	497	0	58	0	50	500	500	0	0	0	0	
3.6699970602e+02	28	538	6	494	0	57	0	50	500	500	0	0	0	0	
3.6749885290e+02	27	541	2	498	0	51	0	50	500	500	0	0	0	0	
3.6799279934e+02	32	535	5	495	0	48	0	50	500	500	0	0	0	0	
3.6849204852e+02	32	535	6	494	0	49	0	50	500	500	0	0	0	0	
3.6899957225e+02	37	532	4	496	0	50	0	50	500	500	0	0	0	0	
3.6948665412e+02	30	541	4	496	0	53	0	50	500	500	0	0	0	0	
3.6999929034e+02	34	536	7	493	0	54	0	50	500	500	0	0	0	0	
3.7049439367e+02	32	538	5	495	0	58	0	50	500	500	0	0	0	0	
3.7099908083e+02	30	540	11	489	0	70	0	50	500	500	0	0	0	0	
3.7149649127e+02	27	543	8	492	0	61	0	50	500	500	0	0	0	0	
3.7199263868e+02	27	542	6	494	0	52	0	50	500	500	0	0	0	0	
3.7249863942e+02	25	544	6	494	0	50	0	50	500	500	0	0	0	0	
3.7299691695e+02	25	544	10	490	0	51	0	50	500	500	0	0	0	0	
3.7349704869e+02	24	543	3	497	0	47	0	50	500	500	0	0	0	0	
3.7399203958e+02	26	541	6	494	0	51	0	50	500	500	0	0	0	0	
3.7449946332e+02	33	535	3	497	0	48	0	50	500	500	0	0	0	0	
3.7499796808e+02	27	541	11	489	0	49	0	50	500	500	0	0	0	0	
3.7549869617e+02	25	544	5	495	0	45	0	50	500	500	0	0	0	0	
3.7599072159e+02	21	548	3	497	0	46	0	50	500	500	0	0	0	0	
3.7649784670e+02	21	549	3	497	0	49	0	50	500	500	0	0	0	0	
3.7699987935e+02	22	549	2	498	0	57	0	50	500	500	0	0	0	0	
3.7749825715e+02	26	546	10	490	0	56	0	50	500	500	0	0	0	0	
3.7799846933e+02	29	542	7	493	0	50	0	50	500	500	0	0	0	0	
3.7849792732e+02	25	547	7	493	0	55	0	50	500	500	0	0	0	0	
3.7899692004e+02	29	542	9	491	0	65	0	50	500	500	0	0	0	0	
3.7949799073e+02	34	537	4	496	0	68	0	50	500	500	0	0	0	0	
3.7999263112e+02	34	535	0	500	0	61	0	50	500	500	0	0	0	0	
3.8049304602e+02	42	528	11	489	0	49	0	50	500	500	0	0	0	0	
3.8099545645e+02	42	527	1	499	0	55	0	50	500	500	0	0	0	0	
3.8149705627e+02	37	533	6	494	0	57	0	50	500	500	0	0	0	0	
3.8198856554e+02	39	533	5	495	0	47	0	50	500	500	0	0	0	0	
3.8249947144e+02	39	532	5	495	0	45	0	50	500	500	0	0	0	0	
3.8299535709e+02	34	535	8	492	0	45	0	50	500	500	0	0	0	0	
3.8349595529e+02	30	539	6	494	0	51	0	50	500	500	0	0	0	0	
3.8399439333e+02	38	531	4	496	0	50	0	50	500	500	0	0	0	0	
3.8449862202e+02	36	532	3	497	0	48	0	50	500	500	0	0	0	0	
3.8499941326e+02	33	535	4	496	0	43	0	50	500	500	0	0	0	0	
3.8549752825e+02	35	532	3	497	0	41	0	50	500	500	0	0	0	0	
3.8599983417e+02	36	531	4	496	0	47	0	50	500	500	0	0	0	0	
3.8649479096e+02	37	530	5	495	0	44	0	50	500	500	0	0	0	0	
3.8699821653e+02	37	529	2	498	0	45	0	50	500	500	0	0	0	0	
3.8749731711e+02	35	529	4	496	0	35	0	50	500	500	0	0	0	0	
3.8799342487e+02	34	531	2	498	0	45	0	50	500	500	0	0	0	0	
3.8849338570e+02	33	531	5	495	0	51	0	50	500	500	0	0	0	0	
3.8899274229e+02	35	529	5	495	0	55	0	50	500	500	0	0	0	0	
3.8949793175e+02	34	529	5	495	0	55	0	50	500	500	0	0	0	0	
3.8999809071e+02	38	524	4	496	0	51	0	50	500	500	0	0	0	0	
3.9049524773e+02	37	525	1	499	0	48	0	50	500	500	0	0	0	0	
3.9099707016e+02	29	533	5	495	0	44	0	50	500	500	0	0	0	0	
3.9149966305e+02	35	526	8	492	0	48	0	50	500	500	0	0	0	0	
3.9198506555e+02	34	527	4	496	0	47	0	50	500	500	0	0	0	0	
3.9249926430e+02	34	525	6	494	0	48	0	50	500	500	0	0	0	0	
3.9299598817e+02	32	527	3	497	0	50	0	50	500	500	0	0	0	0	
3.9349662567e+02	35	523	8	492	0	45	0	50	500	500	0	0	0	0	
3.9399739473e+02	35	524	6	494	0	49	0	50	500	500	0	0	0	0	
3.9449578067e+02	34	524	2	498	0	51	0	50	500	500	0	0	0	0	
3.9499673299e+02	30	528	4	496	0	54	0	50	500	500	0	0	0	0	
3.9549354440e+02	35	527	4	496	0	55	0	50	500	500	0	0	0	0	
3.9599801444e+02	33	529	4	496	0	54	0	50	500	500	0	0	0	0	
3.9649890594e+02	32	531	3	497	0	55	0	50	500	500	0	0	0	0	
3.9699990437e+02	32	531	7	493	0	53	0	50	500	500	0	0	0	0	
3.9748731424e+02	27	535	4	496	0	52	0	50	500	500	0	0	0	0	
3.9799547607e+02	26	536	4	496	0	59	0	50	500	500	0	0	0	0	
3.9849240138e+02	33	529	5	495	0	65	0	50	500	500	0	0	0	0	
3.9899702471e+02	36	527	5	495	0	72	0	50	500	500	0	0	0	0	
3.9949828040e+02	40	524	3	497	0	72	0	50	500	500	0	0	0	0	
3.9999614809e+02	36	528	6	494	0	74	0	50	500	500	0	0	0	0	
4.0049484432e+02	39	526	3	497	0	69	0	50	500	500	0	0	0	0	
4.0099738762e+02	35	531	9	491	0	65	0	50	500	500	0	0	0	0	
4.0149778044e+02	34	534	5	495	0	62	0	50	500	500	0	0	0	0	
4.0199873337e+02	37	532	3	497	0	63	0	50	500	500	0	0	0	0	
4.0249972646e+02	38	532	2	498	0	55	0	50	500	500	0	0	0	0	
4.0299795134e+02	29	543	8	492	0	47	0	50	500	500	0	0	0	0	
4.0349807709e+02	27	544	6	494	0	50	0	50	500	500	0	0	0	0	
4.0399922384e+02	27	545	9	491	0	55	0	50	500	500	0	0	0	0	
4.0449652096e+02	27	545	4	496	0	55	0	50	500	500	0	0	0	0	
4.0499779575e+02	28	544	3	497	0	58	0	50	500	500	0	0	0	0	
4.0549786676e+02	23	551	7	493	0	49	0	50	500	500	0	0	0	0	
4.0598797150e+02	25	549	3	497	0	48	0	50	500	500	0	0	0	0	
4.0649840588e+02	31	546	12	488	0	47	0	50	500	500	0	0	0	0	
4.0699751051e+02	34	543	5	495	0	46	0	50	500	500	0	0	0	0	
4.0749931776e+02	27	550	1	499	0	51	0	50	500	500	0	0	0	0	
4.0799666183e+02	28	552	3	497	0	56	0	50	500	500	0	0	0	0	
4.0849393978e+02	26	554	3	497	0	57	0	50	500	500	0	0	0	0	
4.0899947764e+02	23	556	2	498	0	45	0	50	500	500	0	0	0	0	
4.0949168567e+02	30	550	5	495	0	45	0	50	500	500	0	0	0	0	
4.0999022344e+02	25	554	6	494	0	46	0	50	500	500	0	0	0	0	
4.1049911985e+02	17	562	6	494	0	46	0	50	500	500	0	0	0	0	
4.1099460388e+02	17	563	2	498	0	48	0	50	500	500	0	0	0	0	
4.1149760938e+02	14	566	5	495	0	51	0	50	500	500	0	0	0	0	
4.1199733837e+02	23	559	1	499	0	46	0	50	500	500	0	0	0	0	
4.1249831844e+02	26	557	2	498	0	51	0	50	500	500	0	0	0	0	
4.1298947089e+02	27	557	3	497	0	55	0	50	500	500	0	0	0	0	
4.1349641625e+02	22	566	1	499	0	55	0	50	500	500	0	0	0	0	
4.1399571392e+02	23	564	3	497	0	49	0	50	500	500	0	0	0	0	
4.1449939505e+02	22	566	4	496	0	51	0	50	500	500	0	0	0	0	
4.1499512432e+02	22	566	4	496	0	52	0	50	500	500	0	0	0	0	
4.1549167778e+02	23	563	5	495	0	59	0	50	500	500	0	0	0	0	
4.1599853162e+02	28	559	4	496	0	60	0	50	500	500	0	0	0	0	
4.1649889090e+02	33	557	4	496	0	61	0	50	500	500	0	0	0	0	
4.1699950613e+02	35	556	6	494	0	65	0	50	500	500	0	0	0	0	
4.1749578369e+02	37	554	5	495	0	71	0	50	500	500	0	0	0	0	
4.1799520758e+02	31	562	4	496	0	63	0	50	500	500	0	0	0	0	
4.1849657334e+02	36	557	8	492	0	70	0	50	500	500	0	0	0	0	
4.1899714868e+02	35	558	5	495	0	60	0	50	500	500	0	0	0	0	
4.1949820400e+02	41	552	7	493	0	58	0	50	500	500	0	0	0	0	
4.1999624384e+02	38	557	3	497	0	58	0	50	500	500	0	0	0	0	
4.2049161961e+02	41	555	0	500	0	56	0	50	500	500	0	0	0	0	
4.2099910006e+02	43	552	9	491	0	53	0	50	500	500	0	0	0	0	
4.2149799482e+02	39	556	2	498	0	56	0	50	500	500	0	0	0	0	
4.2199821220e+02	33	562	6	494	0	60	0	50	500	500	0	0	0	0	
4.2249579839e+02	41	555	6	494	0	62	0	50	500	500	0	0	0	0	
4.2299935858e+02	39	558	6	494	0	65	0	50	500	500	0	0	0	0	
4.2349980347e+02	37	560	5	495	0	61	0	50	500	500	0	0	0	0	
4.2399878032e+02	31	567	2	498	0	54	0	50	500	500	0	0	0	0	
4.2449475503e+02	26	572	5	495	0	48	0	50	500	500	0	0	0	0	
4.2499318346e+02	28	567	5	495	0	52	0	50	500	500	0	0	0	0	
4.2549936576e+02	31	564	6	494	0	50	0	50	500	500	0	0	0	0	
4.2599067379e+02	29	568	4	496	0	47	0	50	500	500	0	0	0	0	
4.2649474312e+02	33	565	4	496	0	43	0	50	500	500	0	0	0	0	
4.2699881677e+02	34	564	3	497	0	44	0	50	500	500	0	0	0	0	
4.2748227691e+02	29	569	4	496	0	49	0	50	500	500	0	0	0	0	
4.2799833843e+02	29	571	4	496	0	51	0	50	500	500	0	0	0	0	
4.2849933770e+02	26	574	7	493	0	49	0	50	500	500	0	0	0	0	
4.2899523921e+02	26	573	3	497	0	43	0	50	500	500	0	0	0	0	
4.2949884368e+02	26	573	6	494	0	50	0	50	500	500	0	0	0	0	
4.2999989495e+02	27	571	7	493	0	50	0	50	500	500	0	0	0	0	
4.3049927817e+02	29	568	6	494	0	45	0	50	500	500	0	0	0	0	
4.3098806461e+02	29	569	5	495	0	53	0	50	500	500	0	0	0	0	
4.3149348868e+02	29	567	4	496	0	50	0	50	500	500	0	0	0	0	
4.3199938059e+02	31	567	4	496	0	48	0	50	500	500	0	0	0	0	
4.3249903318e+02	33	565	3	497	0	52	0	50	500	500	0	0	0	0	
4.3299503088e+02	40	557	3	497	0	61	0	50	500	500	0	0	0	0	
4.3349845470e+02	41	556	3	497	0	65	0	50	500	500	0	0	0	0	
4.3399902461e+02	40	557	10	490	0	59	0	50	500	500	0	0	0	0	
4.3449557985e+02	36	561	3	497	0	48	0	50	500	500	0	0	0	0	
4.3499167526e+02	37	561	4	496	0	42	0	50	500	500	0	0	0	0	
4.3549331344e+02	33	564	8	492	0	43	0	50	500	500	0	0	0	0	
4.3599330204e+02	32	564	2	498	0	45	0	50	500	500	0	0	0	0	
4.3649986113e+02	31	564	5	495	0	46	0	50	500	500	0	0	0	0	
4.3699942599e+02	35	559	5	495	0	47	0	50	500	500	0	0	0	0	
4.3749366640e+02	29	566	1	499	0	54	0	50	500	500	0	0	0	0	
4.3799933894e+02	31	567	4	496	0	48	0	50	500	500	0	0	0	0	
4.3848531673e+02	28	571	7	493	0	49	0	50	500	500	0	0	0	0	
4.3899492122e+02	32	568	5	495	0	52	0	50	500	500	0	0	0	0	
4.3949845326e+02	30	571	6	494	0	48	0	50	500	500	0	0	0	0	
4.3999133005e+02	29	574	4	496	0	48	0	50	500	500	0	0	0	0	
4.4049242167e+02	23	580	6	494	0	46	0	50	500	500	0	0	0	0	
4.4099936636e+02	25	578	5	495	0	47	0	50	500	500	0	0	0	0	
4.4149969477e+02	29	574	3	497	0	46	0	50	500	500	0	0	0	0	
4.4199920154e+02	28	576	4	496	0	53	0	50	500	500	0	0	0	0	
4.4249968049e+02	28	577	6	494	0	57	0	50	500	500	0	0	0	0	
4.4299472009e+02	28	578	5	495	0	58	0	50	500	500	0	0	0	0	
4.4348187652e+02	34	572	5	495	0	58	0	50	500	500	0	0	0	0	
4.4399833632e+02	36	570	4	496	0	50	0	50	500	500	0	0	0	0	
4.4449819129e+02	33	573	4	496	0	55	0	50	500	500	0	0	0	0	
4.4499936666e+02	33	574	3	497	0	57	0	50	500	500	0	0	0	0	
4.4549307805e+02	28	579	1	499	0	58	0	50	500	500	0	0	0	0	
4.4599703695e+02	28	579	5	495	0	57	0	50	500	500	0	0	0	0	
4.4649757638e+02	27	579	1	499	0	62	0	50	500	500	0	0	0	0	
4.4699980968e+02	29	577	4	496	0	62	0	50	500	500	0	0	0	0	
4.4749698408e+02	26	580	3	497	0	51	0	50	500	500	0	0	0	0	
4.4799906915e+02	29	577	3	497	0	58	0	50	500	500	0	0	0	0	
4.4849062454e+02	30	576	0	500	0	55	0	50	500	500	0	0	0	0	
4.4899942898e+02	27	579	2	498	0	55	0	50	500	500	0	0	0	0	
4.4949693426e+02	30	576	4	496	0	51	0	50	500	500	0	0	0	0	
4.4999883911e+02	37	572	7	493	0	53	0	50	500	500	0	0	0	0	
4.5049965802e+02	33	577	1	499	0	52	0	50	500	500	0	0	0	0	
4.5099406120e+02	25	585	6	494	0	41	0	50	500	500	0	0	0	0	
4.5149988074e+02	28	582	2	498	0	46	0	50	500	500	0	0	0	0	
4.5199754042e+02	28	584	4	496	0	48	0	50	500	500	0	0	0	0	
4.5249082824e+02	33	581	6	494	0	55	0	50	500	500	0	0	0	0	
4.5299548575e+02	33	581	3	497	0	60	0	50	500	500	0	0	0	0	
4.5349153328e+02	34	580	1	499	0	51	0	50	500	500	0	0	0	0	
4.5398735683e+02	36	579	3	497	0	58	0	50	500	500	0	0	0	0	
4.5449986930e+02	34	582	4	496	0	52	0	50	500	500	0	0	0	0	
4.5499888507e+02	35	581	3	497	0	51	0	50	500	500	0	0	0	0	
4.5549336393e+02	31	584	8	492	0	51	0	50	500	500	0	0	0	0	
4.5599567800e+02	32	581	3	497	0	47	0	50	500	500	0	0	0	0	
4.5649834946e+02	35	579	3	497	0	46	0	50	500	500	0	0	0	0	
4.5699849959e+02	29	585	5	495	0	43	0	50	500	500	0	0	0	0	
4.5749880298e+02	27	589	4	496	0	37	0	50	500	500	0	0	0	0	
4.5799937738e+02	27	592	7	493	0	42	0	50	500	500	0	0	0	0	
4.5849662678e+02	27	593	4	496	0	42	0	50	500	500	0	0	0	0	
4.5899766152e+02	33	590	7	493	0	50	0	50	500	500	0	0	0	0	
4.5949068863e+02	29	592	3	497	0	53	0	50	500	500	0	0	0	0	
4.5999845943e+02	35	587	4	496	0	54	0	50	500	500	0	0	0	0	
4.6049836951e+02	34	589	1	499	0	47	0	50	500	500	0	0	0	0	
4.6098299539e+02	38	587	6	494	0	46	0	50	500	500	0	0	0	0	
4.6149756085e+02	42	585	2	498	0	50	0	50	500	500	0	0	0	0	
4.6199449248e+02	43	586	3	497	0	53	0	50	500	500	0	0	0	0	
4.6249223123e+02	38	594	1	499	0	41	0	50	500	500	0	0	0	0	
4.6299361561e+02	33	600	4	496	0	40	0	50	500	500	0	0	0	0	
4.6349644060e+02	35	599	5	495	0	48	0	50	500	500	0	0	0	0	
4.6399865196e+02	38	597	4	496	0	51	0	50	500	500	0	0	0	0	
4.6449887054e+02	39	593	3	497	0	53	0	50	500	500	0	0	0	0	
4.6498752073e+02	35	597	6	494	0	49	0	50	500	500	0	0	0	0	
4.6549809963e+02	36	596	5	495	0	47	0	50	500	500	0	0	0	0	
4.6599691788e+02	33	598	4	496	0	48	0	50	500	500	0	0	0	0	
4.6649941370e+02	24	606	6	494	0	45	0	50	500	500	0	0	0	0	
4.6699935661e+02	25	605	7	493	0	42	0	50	500	500	0	0	0	0	
4.6749811311e+02	33	598	3	497	0	51	0	50	500	500	0	0	0	0	
4.6799628864e+02	23	610	3	497	0	45	0	50	500	500	0	0	0	0	
4.6849846642e+02	24	610	5	495	0	52	0	50	500	500	0	0	0	0	
4.6899995697e+02	28	605	10	490	0	54	0	50	500	500	0	0	0	0	
4.6949342448e+02	27	607	7	493	0	53	0	50	500	500	0	0	0	0	
4.6999404509e+02	30	605	3	497	0	56	0	50	500	500	0	0	0	0	
4.7049851799e+02	28	606	9	491	0	59	0	50	500	500	0	0	0	0	
4.7099921993e+02	26	609	3	497	0	55	0	50	500	500	0	0	0	0	
4.7149780141e+02	24	613	4	496	0	60	0	50	500	500	0	0	0	0	
4.7199912135e+02	24	614	5	495	0	61	0	50	500	500	0	0	0	0	
4.7249917112e+02	20	616	2	498	0	61	0	50	500	500	0	0	0	0	
4.7299628603e+02	23	616	2	498	0	60	0	50	500	500	0	0	0	0	
4.7349296383e+02	27	611	5	495	0	62	0	50	500	500	0	0	0	0	
4.7399936903e+02	25	615	3	497	0	55	0	50	500	500	0	0	0	0	
4.7449497904e+02	25	618	3	497	0	52	0	50	500	500	0	0	0	0	
4.7499989985e+02	27	619	5	495	0	53	0	50	500	500	0	0	0	0	
4.7549781790e+02	26	620	5	495	0	46	0	50	500	500	0	0	0	0	
4.7599652943e+02	28	619	4	496	0	50	0	50	500	500	0	0	0	0	
4.7649672936e+02	28	622	7	493	0	42	0	50	500	500	0	0	0	0	
4.7699763282e+02	27	625	2	498	0	40	0	50	500	500	0	0	0	0	
4.7749723812e+02	30	622	7	493	0	38	0	50	500	500	0	0	0	0	
4.7799552011e+02	27	628	4	496	0	38	0	50	500	500	0	0	0	0	
4.7849945212e+02	31	626	4	496	0	38	0	50	500	500	0	0	0	0	
4.7899562523e+02	29	629	3	497	0	39	0	50	500	500	0	0	0	0	
4.7949909913e+02	23	636	2	498	0	40	0	50	500	500	0	0	0	0	
4.7999712996e+02	23	637	6	494	0	38	0	50	500	500	0	0	0	0	
4.8049999591e+02	22	638	3	497	0	41	0	50	500	500	0	0	0	0	
4.8098606294e+02	20	640	4	496	0	46	0	50	500	500	0	0	0	0	
4.8149354852e+02	24	637	4	496	0	45	0	50	500	500	0	0	0	0	
4.8198435354e+02	27	633	6	494	0	50	0	50	500	500	0	0	0	0	
4.8249525827e+02	30	631	3	497	0	47	0	50	500	500	0	0	0	0	
4.8299293835e+02	26	636	4	496	0	48	0	50	500	500	0	0	0	0	
4.8349966279e+02	20	641	4	496	0	46	0	50	500	500	0	0	0	0	
4.8399870823e+02	16	646	1	499	0	52	0	50	500	500	0	0	0	0	
4.8449912691e+02	17	645	3	497	0	48	0	50	500	500	0	0	0	0	
4.8499616181e+02	15	647	4	496	0	44	0	50	500	500	0	0	0	0	
4.8549770783e+02	15	646	2	498	0	52	0	50	500	500	0	0	0	0	
4.8599827841e+02	19	642	1	499	0	47	0	50	500	500	0	0	0	0	
4.8649943755e+02	19	643	5	495	0	48	0	50	500	500	0	0	0	0	
4.8699651855e+02	25	638	3	497	0	44	0	50	500	500	0	0	0	0	
4.8749961588e+02	22	641	4	496	0	47	0	50	500	500	0	0	0	0	
4.8799659301e+02	27	634	2	498	0	50	0	50	500	500	0	0	0	0	
4.8849325646e+02	26	635	7	493	0	49	0	50	500	500	0	0	0	0	
4.8899963178e+02	28	634	6	494	0	44	0	50	500	500	0	0	0	0	
4.8949781632e+02	25	636	3	497	0	40	0	50	500	500	0	0	0	0	
4.8998449312e+02	25	639	2	498	0	43	0	50	500	500	0	0	0	0	
4.9049917830e+02	29	635	9	491	0	49	0	50	500	500	0	0	0	0	
4.9099395555e+02	30	633	1	499	0	49	0	50	500	500	0	0	0	0	
4.9149744807e+02	24	640	1	499	0	50	0	50	500	500	0	0	0	0	
4.9199722687e+02	22	641	1	499	0	48	0	50	500	500	0	0	0	0	
4.9249977916e+02	22	641	3	497	0	50	0	50	500	500	0	0	0	0	
4.9299760566e+02	20	644	5	495	0	47	0	50	500	500	0	0	0	0	
4.9349991811e+02	18	644	6	494	0	44	0	50	500	500	0	0	0	0	
4.9399947905e+02	17	647	3	497	0	40	0	50	500	500	0	0	0	0	
4.9449667978e+02	19	644	3	497	0	50	0	50	500	500	0	0	0	0	
4.9499196532e+02	20	643	1	499	0	53	0	50	500	500	0	0	0	0	
4.9549688441e+02	23	639	3	497	0	53	0	50	500	500	0	0	0	0	
4.9599595160e+02	23	639	3	497	0	44	0	50	500	500	0	0	0	0	
4.9649934208e+02	21	643	6	494	0	49	0	50	500	500	0	0	0	0	
4.9698173373e+02	23	642	1	499	0	39	0	50	500	500	0	0	0	0	
4.9749448903e+02	23	640	2	498	0	39	0	50	500	500	0	0	0	0	
4.9799923605e+02	22	641	5	495	0	36	0	50	500	500	0	0	0	0	
4.9849757453e+02	18	644	4	496	0	39	0	50	500	500	0	0	0	0	
4.9899908858e+02	19	642	6	494	0	40	0	50	500	500	0	0	0	0	
4.9949402542e+02	20	640	2	498	0	48	0	50	500	500	0	0	0	0	
4.9999994964e+02	26	634	7	493	0	48	0	50	500	500	0	0	0	0	
5.0000260545e+02	26	634	8	492	0	48	0	50	500	500	0	0	0	0	
