0.0000000000e+00	0	0	0	0	0	500	500	0	500	500	500	500	500	0	
4.9721089076e-01	0	0	5	0	27	473	500	0	500	500	500	500	500	0	
9.9940379098e-01	0	0	7	0	37	463	500	0	500	500	500	500	500	0	
1.4968217098e+00	1	0	9	0	44	456	500	0	500	500	500	500	500	0	
1.9971991902e+00	1	1	11	0	42	458	500	0	500	500	500	500	500	0	
2.4988539157e+00	1	1	12	0	43	457	500	0	500	500	500	500	500	0	
2.9984361233e+00	1	1	13	1	34	466	500	0	500	500	500	500	500	0	
3.4997148638e+00	1	3	19	0	30	470	500	0	500	500	500	500	500	0	
3.9983722173e+00	2	2	22	1	41	459	500	0	500	500	500	500	500	0	
4.4972190371e+00	2	3	23	0	39	461	500	0	500	500	500	500	500	0	
4.9991698089e+00	4	2	24	0	33	467	500	0	500	500	500	500	500	0	
5.4992753617e+00	4	4	26	0	27	473	500	0	500	500	500	500	500	0	
5.9959895278e+00	6	3	27	0	46	454	500	0	500	500	500	500	500	0	
6.4974875533e+00	6	3	27	1	29	471	500	0	500	500	500	500	500	0	
6.9957765696e+00	6	3	29	0	30	470	500	0	500	500	500	500	500	0	
7.4987787387e+00	6	3	30	0	28	472	500	0	500	500	500	500	500	0	
7.9995262977e+00	7	3	28	2	31	469	500	0	500	500	500	500	500	0	
8.4981839754e+00	8	3	29	3	31	469	500	0	500	500	500	500	500	0	
8.9982468226e+00	8	3	33	2	48	452	500	0	500	500	500	500	500	0	
9.4993571220e+00	9	2	37	0	35	465	500	0	500	500	500	500	500	0	
9.9980426229e+00	10	2	37	1	22	478	500	0	500	500	500	500	500	0	
1.0497348445e+01	11	2	41	0	29	471	500	0	500	500	500	500	500	0	
1.0999932673e+01	13	3	42	1	24	476	500	0	500	500	500	500	500	0	
1.1499285538e+01	14	2	44	1	53	447	500	0	500	500	500	500	500	0	
1.1999368309e+01	15	1	48	1	42	458	500	0	500	500	500	500	500	0	
1.2498117545e+01	16	2	49	1	39	461	500	0	500	500	500	500	500	0	
1.2998779813e+01	16	2	52	1	31	469	500	0	500	500	500	500	500	0	
1.3497860412e+01	16	5	52	1	26	474	500	0	500	500	500	500	500	0	
1.3994447113e+01	19	5	54	2	24	476	500	0	500	500	500	500	500	0	
1.4498835611e+01	22	3	57	2	41	459	500	0	500	500	500	500	500	0	
1.4999199597e+01	22	3	58	3	42	458	500	0	500	500	500	500	500	0	
1.5498818142e+01	23	3	62	0	41	459	500	0	500	500	500	500	500	0	
1.5999167058e+01	24	2	60	2	29	471	500	0	500	500	500	500	500	0	
1.6498269582e+01	24	4	63	1	28	472	500	0	500	500	500	500	500	0	
1.6996758607e+01	25	4	67	0	22	478	500	0	500	500	500	500	500	0	
1.7498026745e+01	26	5	65	2	27	473	500	0	500	500	500	500	500	0	
1.7998234752e+01	26	5	65	2	32	468	500	0	500	500	500	500	500	0	
1.8499939658e+01	27	4	65	3	32	468	500	0	500	500	500	500	500	0	
1.8994453521e+01	31	3	68	2	26	474	500	0	500	500	500	500	500	0	
1.9499963309e+01	33	2	73	0	39	461	500	0	500	500	500	500	500	0	
1.9995536985e+01	34	3	75	0	46	454	500	0	500	500	500	500	500	0	
2.0498307911e+01	34	4	71	6	53	447	500	0	500	500	500	500	500	0	
2.0983067663e+01	37	1	80	0	43	457	500	0	500	500	500	500	500	0	
2.1499126768e+01	37	1	83	0	48	452	500	0	500	500	500	500	500	0	
2.1985833378e+01	37	2	85	0	46	454	500	0	500	500	500	500	500	0	
2.2496905003e+01	39	1	88	0	47	453	500	0	500	500	500	500	500	0	
2.2999820454e+01	40	1	90	0	46	454	500	0	500	500	500	500	500	0	
2.3499910548e+01	40	3	93	0	40	460	500	0	500	500	500	500	500	0	
2.3999702158e+01	40	5	93	2	41	459	500	0	500	500	500	500	500	0	
2.4499515315e+01	42	2	99	2	58	442	500	0	500	500	500	500	500	0	
2.4998666978e+01	42	2	103	0	30	470	500	0	500	500	500	500	500	0	
2.5498474850e+01	42	2	102	2	41	459	500	0	500	500	500	500	500	0	
2.5995702397e+01	44	2	103	2	42	458	500	0	500	500	500	500	500	0	
2.6499957195e+01	46	1	104	4	61	439	500	0	500	500	500	500	500	0	
2.6994804721e+01	47	0	106	5	56	444	500	0	500	500	500	500	500	0	
2.7498190526e+01	47	0	112	3	41	459	500	0	500	500	500	500	500	0	
2.7997987649e+01	46	0	116	1	34	466	500	0	500	500	500	500	500	0	
2.8498819630e+01	46	3	117	1	41	459	500	0	500	500	500	500	500	0	
2.8995892588e+01	47	2	117	2	41	459	500	0	500	500	500	500	500	0	
2.9498662813e+01	48	3	119	3	54	446	500	0	500	500	500	500	500	0	
2.9999725900e+01	47	4	122	1	34	466	500	0	500	500	500	500	500	0	
3.0498241291e+01	48	6	120	4	39	461	500	0	500	500	500	500	500	0	
3.0998633629e+01	51	6	124	2	35	465	500	0	500	500	500	500	500	0	
3.1497825389e+01	51	8	126	1	35	465	500	0	500	500	500	500	500	0	
3.1998777789e+01	53	6	124	2	29	471	500	0	500	500	500	500	500	0	
3.2496126532e+01	54	6	123	1	30	470	500	0	500	500	500	500	500	0	
3.2998131784e+01	56	5	119	4	34	466	500	0	500	500	500	500	500	0	
3.3499115833e+01	57	5	122	4	43	457	500	0	500	500	500	500	500	0	
3.3992452978e+01	58	4	122	5	35	465	500	0	500	500	500	500	500	0	
3.4499258644e+01	59	4	122	4	32	468	500	0	500	500	500	500	500	0	
3.4998559355e+01	62	2	131	0	30	470	500	0	500	500	500	500	500	0	
3.5497934379e+01	63	2	132	0	54	446	500	0	500	500	500	500	500	0	
3.5997541476e+01	64	1	130	2	35	465	500	0	500	500	500	500	500	0	
3.6492018467e+01	65	1	134	1	35	465	500	0	500	500	500	500	500	0	
3.6997485929e+01	64	3	133	3	26	474	500	0	500	500	500	500	500	0	
3.7495250564e+01	66	2	137	2	31	469	500	0	500	500	500	500	500	0	
3.7999665323e+01	67	3	141	0	37	463	500	0	500	500	500	500	500	0	
3.8499366037e+01	67	5	145	1	41	459	500	0	500	500	500	500	500	0	
3.8999899188e+01	67	6	144	3	28	472	500	0	500	500	500	500	500	0	
3.9499016264e+01	68	6	144	3	43	457	500	0	500	500	500	500	500	0	
3.9996181723e+01	70	4	144	4	34	466	500	0	500	500	500	500	500	0	
4.0499286926e+01	70	4	148	3	37	463	500	0	500	500	500	500	500	0	
4.0999446071e+01	70	6	149	4	34	466	500	0	500	500	500	500	500	0	
4.1497329923e+01	71	8	151	2	41	459	500	0	500	500	500	500	500	0	
4.1996576992e+01	73	8	151	5	31	469	500	0	500	500	500	500	500	0	
4.2498580554e+01	75	6	155	4	38	462	500	0	500	500	500	500	500	0	
4.2999687949e+01	76	5	159	2	42	458	500	0	500	500	500	500	500	0	
4.3492347745e+01	79	3	163	1	45	455	500	0	500	500	500	500	500	0	
4.3996285417e+01	80	2	161	3	18	482	500	0	500	500	500	500	500	0	
4.4499719431e+01	80	4	162	4	51	449	500	0	500	500	500	500	500	0	
4.4994489640e+01	81	4	166	3	52	448	500	0	500	500	500	500	500	0	
4.5496079242e+01	82	4	166	3	44	456	500	0	500	500	500	500	500	0	
4.5998843333e+01	83	6	168	4	37	463	500	0	500	500	500	500	500	0	
4.6497352807e+01	85	4	170	5	37	463	500	0	500	500	500	500	500	0	
4.6998990087e+01	86	3	176	0	50	450	500	0	500	500	500	500	500	0	
4.7496483237e+01	88	2	177	0	56	444	500	0	500	500	500	500	500	0	
4.7998344349e+01	88	4	176	2	43	457	500	0	500	500	500	500	500	0	
4.8499490741e+01	88	4	176	4	51	449	500	0	500	500	500	500	500	0	
4.8999083777e+01	89	3	181	1	33	467	500	0	500	500	500	500	500	0	
4.9498212836e+01	90	2	179	4	43	457	500	0	500	500	500	500	500	0	
4.9999248425e+01	90	3	184	3	28	472	500	0	500	500	500	500	500	0	
5.0496605651e+01	91	3	193	1	35	465	500	0	500	500	500	500	500	0	
5.0991986753e+01	92	3	192	2	31	469	500	0	500	500	500	500	500	0	
5.1498704380e+01	92	4	192	4	34	466	500	0	500	500	500	500	500	0	
5.1999644099e+01	93	5	195	3	41	459	500	0	500	500	500	500	500	0	
5.2496731360e+01	94	4	196	2	41	459	500	0	500	500	500	500	500	0	
5.2999053048e+01	95	4	197	1	38	462	500	0	500	500	500	500	500	0	
5.3498473638e+01	95	4	198	2	32	468	500	0	500	500	500	500	500	0	
5.3997752233e+01	95	5	200	2	36	464	500	0	500	500	500	500	500	0	
5.4493541200e+01	95	5	204	3	36	464	500	0	500	500	500	500	500	0	
5.4999961345e+01	95	7	206	2	25	475	500	0	500	500	500	500	500	0	
5.5499934965e+01	97	6	209	1	22	478	500	0	500	500	500	500	500	0	
5.5999606442e+01	102	3	211	2	36	464	500	0	500	500	500	500	500	0	
5.6499977943e+01	102	3	213	2	41	459	500	0	500	500	500	500	500	0	
5.6998804053e+01	103	4	215	2	43	457	500	0	500	500	500	500	500	0	
5.7498593100e+01	103	7	217	3	49	451	500	0	500	500	500	500	500	0	
5.7998406339e+01	104	6	216	5	51	449	500	0	500	500	500	500	500	0	
5.8499417729e+01	105	7	219	4	44	456	500	0	500	500	500	500	500	0	
5.8994471933e+01	108	5	219	6	39	461	500	0	500	500	500	500	500	0	
5.9498442569e+01	111	5	220	6	28	472	500	0	500	500	500	500	500	0	
5.9997833084e+01	112	4	222	4	56	444	500	0	500	500	500	500	500	0	
6.0498454024e+01	112	5	220	6	43	457	500	0	500	500	500	500	500	0	
6.0999373722e+01	112	8	224	2	43	457	500	0	500	500	500	500	500	0	
6.1499326535e+01	116	5	227	1	37	463	500	0	500	500	500	500	500	0	
6.1993275735e+01	118	3	221	8	39	461	500	0	500	500	500	500	500	0	
6.2498423539e+01	118	4	228	2	50	450	500	0	500	500	500	500	500	0	
6.2994004282e+01	119	3	226	3	35	465	500	0	500	500	500	500	500	0	
6.3498403494e+01	119	3	230	0	41	459	500	0	500	500	500	500	500	0	
6.3997704371e+01	120	3	228	2	38	462	500	0	500	500	500	500	500	0	
6.4497280880e+01	122	2	229	2	39	461	500	0	500	500	500	500	500	0	
6.4999221694e+01	123	2	232	1	49	451	500	0	500	500	500	500	500	0	
6.5498827535e+01	123	4	233	1	38	462	500	0	500	500	500	500	500	0	
6.5996397716e+01	125	5	231	2	36	464	500	0	500	500	500	500	500	0	
6.6499090926e+01	127	5	230	4	53	447	500	0	500	500	500	500	500	0	
6.6999638667e+01	127	5	228	4	25	475	500	0	500	500	500	500	500	0	
6.7489730402e+01	128	4	228	4	32	468	500	0	500	500	500	500	500	0	
6.7997069665e+01	129	5	231	3	31	469	500	0	500	500	500	500	500	0	
6.8495676517e+01	130	4	229	3	30	470	500	0	500	500	500	500	500	0	
6.8998954042e+01	131	3	234	0	29	471	500	0	500	500	500	500	500	0	
6.9498525509e+01	133	1	232	3	47	453	500	0	500	500	500	500	500	0	
6.9998817500e+01	134	0	236	3	50	450	500	0	500	500	500	500	500	0	
7.0495492912e+01	134	0	237	3	42	458	500	0	500	500	500	500	500	0	
7.0999339239e+01	133	2	242	2	48	452	500	0	500	500	500	500	500	0	
7.1495671861e+01	132	3	241	5	27	473	500	0	500	500	500	500	500	0	
7.1999440363e+01	132	3	242	4	30	470	500	0	500	500	500	500	500	0	
7.2499238723e+01	134	1	247	3	40	460	500	0	500	500	500	500	500	0	
7.2996424550e+01	134	2	248	2	35	465	500	0	500	500	500	500	500	0	
7.3498933109e+01	134	2	255	0	39	461	500	0	500	500	500	500	500	0	
7.3998536607e+01	134	3	251	2	34	466	500	0	500	500	500	500	500	0	
7.4498011966e+01	132	4	256	1	40	460	500	0	500	500	500	500	500	0	
7.4998408497e+01	132	4	258	0	46	454	500	0	500	500	500	500	500	0	
7.5498673475e+01	134	4	257	2	34	466	500	0	500	500	500	500	500	0	
7.5998472693e+01	134	6	259	3	38	462	500	0	500	500	500	500	500	0	
7.6499016169e+01	135	5	262	0	24	476	500	0	500	500	500	500	500	0	
7.6996201875e+01	135	5	260	3	25	475	500	0	500	500	500	500	500	0	
7.7498907021e+01	135	7	257	5	27	473	500	0	500	500	500	500	500	0	
7.7998361085e+01	139	4	262	6	44	456	500	0	500	500	500	500	500	0	
7.8499117669e+01	138	5	261	5	50	450	500	0	500	500	500	500	500	0	
7.8995440783e+01	139	5	262	5	55	445	500	0	500	500	500	500	500	0	
7.9497700730e+01	139	5	261	4	51	449	500	0	500	500	500	500	500	0	
7.9997207197e+01	140	6	266	2	49	451	500	0	500	500	500	500	500	0	
8.0497398239e+01	139	5	265	2	42	458	500	0	500	500	500	500	500	0	
8.0996551497e+01	139	6	266	4	27	473	500	0	500	500	500	500	500	0	
8.1499434933e+01	139	6	265	6	22	478	500	0	500	500	500	500	500	0	
8.1999700087e+01	140	4	269	3	40	460	500	0	500	500	500	500	500	0	
8.2496742829e+01	141	4	269	4	30	470	500	0	500	500	500	500	500	0	
8.2999734070e+01	144	3	269	5	33	467	500	0	500	500	500	500	500	0	
8.3495573388e+01	146	3	276	2	45	455	500	0	500	500	500	500	500	0	
8.3997435273e+01	146	3	275	2	40	460	500	0	500	500	500	500	500	0	
8.4499690078e+01	146	4	277	2	41	459	500	0	500	500	500	500	500	0	
8.4997225647e+01	145	5	275	2	25	475	500	0	500	500	500	500	500	0	
8.5497509840e+01	146	4	271	6	35	465	500	0	500	500	500	500	500	0	
8.5998972551e+01	147	4	277	3	30	470	500	0	500	500	500	500	500	0	
8.6490974953e+01	148	3	284	0	46	454	500	0	500	500	500	500	500	0	
8.6996898391e+01	149	4	282	3	34	466	500	0	500	500	500	500	500	0	
8.7497004449e+01	150	4	283	4	42	458	500	0	500	500	500	500	500	0	
8.7996951069e+01	148	6	286	4	45	455	500	0	500	500	500	500	500	0	
8.8498267298e+01	148	7	285	5	43	457	500	0	500	500	500	500	500	0	
8.8997037038e+01	151	5	290	4	35	465	500	0	500	500	500	500	500	0	
8.9498109135e+01	150	6	291	2	43	457	500	0	500	500	500	500	500	0	
8.9998018360e+01	152	4	292	2	43	457	500	0	500	500	500	500	500	0	
9.0499787269e+01	154	3	294	0	48	452	500	0	500	500	500	500	500	0	
9.0999580857e+01	154	3	290	2	41	459	500	0	500	500	500	500	500	0	
9.1499921172e+01	156	1	292	2	43	457	500	0	500	500	500	500	500	0	
9.1998544841e+01	156	2	291	2	33	467	500	0	500	500	500	500	500	0	
9.2495973480e+01	155	3	292	3	38	462	500	0	500	500	500	500	500	0	
9.2998771044e+01	156	2	292	2	45	455	500	0	500	500	500	500	500	0	
9.3499472974e+01	155	4	292	2	51	449	500	0	500	500	500	500	500	0	
9.3999552771e+01	158	3	292	3	53	447	500	0	500	500	500	500	500	0	
9.4498552969e+01	156	5	291	2	42	458	500	0	500	500	500	500	500	0	
9.4998285479e+01	157	8	288	2	37	463	500	0	500	500	500	500	500	0	
9.5498952278e+01	157	8	285	2	28	472	500	0	500	500	500	500	500	0	
9.5999967391e+01	159	6	281	4	35	465	500	0	500	500	500	500	500	0	
9.6499468838e+01	163	2	286	1	29	471	500	0	500	500	500	500	500	0	
9.6995025918e+01	164	2	286	1	40	460	500	0	500	500	500	500	500	0	
9.7499678461e+01	164	3	285	3	38	462	500	0	500	500	500	500	500	0	
9.7991138760e+01	165	4	284	4	46	454	500	0	500	500	500	500	500	0	
9.8496566791e+01	165	4	286	4	31	469	500	0	500	500	500	500	500	0	
9.8999777094e+01	164	6	291	1	38	462	500	0	500	500	500	500	500	0	
9.9497874459e+01	167	3	286	4	41	459	500	0	500	500	500	500	500	0	
9.9999481338e+01	166	3	288	2	44	456	500	0	500	500	500	500	500	0	
1.0049852847e+02	167	3	289	0	43	457	500	0	500	500	500	500	500	0	
1.0099832913e+02	168	4	285	5	36	464	500	0	500	500	500	500	500	0	
1.0149527466e+02	170	2	285	3	39	461	500	0	500	500	500	500	500	0	
1.0199969786e+02	168	4	290	2	41	459	500	0	500	500	500	500	500	0	
1.0249998937e+02	168	5	295	1	45	455	500	0	500	500	500	500	500	0	
1.0299972804e+02	168	6	296	2	35	465	500	0	500	500	500	500	500	0	
1.0349849361e+02	170	6	297	3	31	469	500	0	500	500	500	500	500	0	
1.0399940392e+02	173	4	295	6	33	467	500	0	500	500	500	500	500	0	
1.0449862921e+02	173	4	300	2	49	451	500	0	500	500	500	500	500	0	
1.0499927703e+02	172	8	297	4	45	455	500	0	500	500	500	500	500	0	
1.0549400271e+02	176	4	296	5	26	474	500	0	500	500	500	500	500	0	
1.0599981696e+02	176	4	297	6	36	464	500	0	500	500	500	500	500	0	
1.0649964459e+02	176	4	298	4	44	456	500	0	500	500	500	500	500	0	
1.0699623932e+02	178	5	297	6	50	450	500	0	500	500	500	500	500	0	
1.0749674150e+02	180	5	304	3	38	462	500	0	500	500	500	500	500	0	
1.0799594761e+02	179	7	302	4	54	446	500	0	500	500	500	500	500	0	
1.0849504624e+02	180	7	302	4	44	456	500	0	500	500	500	500	500	0	
1.0899699665e+02	183	4	300	6	42	458	500	0	500	500	500	500	500	0	
1.0949892761e+02	184	5	303	4	36	464	500	0	500	500	500	500	500	0	
1.0999897303e+02	185	4	304	5	42	458	500	0	500	500	500	500	500	0	
1.1049625170e+02	186	3	307	4	31	469	500	0	500	500	500	500	500	0	
1.1099773843e+02	186	3	312	2	29	471	500	0	500	500	500	500	500	0	
1.1149886025e+02	187	4	315	4	35	465	500	0	500	500	500	500	500	0	
1.1199915082e+02	189	2	317	4	42	458	500	0	500	500	500	500	500	0	
1.1249974447e+02	190	1	320	1	36	464	500	0	500	500	500	500	500	0	
1.1299855222e+02	190	3	322	2	43	457	500	0	500	500	500	500	500	0	
1.1349828175e+02	189	5	319	4	45	455	500	0	500	500	500	500	500	0	
1.1399709350e+02	188	7	319	6	36	464	500	0	500	500	500	500	500	0	
1.1449796931e+02	189	6	323	3	36	464	500	0	500	500	500	500	500	0	
1.1499820624e+02	186	6	324	3	33	467	500	0	500	500	500	500	500	0	
1.1549938733e+02	189	5	325	0	24	476	500	0	500	500	500	500	500	0	
1.1599402405e+02	189	7	318	5	40	460	500	0	500	500	500	500	500	0	
1.1649936873e+02	189	8	320	8	48	452	500	0	500	500	500	500	500	0	
1.1699284814e+02	191	8	318	8	48	452	500	0	500	500	500	500	500	0	
1.1749962541e+02	191	9	318	4	29	471	500	0	500	500	500	500	500	0	
1.1799886599e+02	192	9	316	5	37	463	500	0	500	500	500	500	500	0	
1.1849990348e+02	195	7	318	5	44	456	500	0	500	500	500	500	500	0	
1.1899509597e+02	198	7	311	9	31	469	500	0	500	500	500	500	500	0	
1.1949995223e+02	202	7	316	7	47	453	500	0	500	500	500	500	500	0	
1.1999969111e+02	204	8	314	11	36	464	500	0	500	500	500	500	500	0	
1.2049938422e+02	204	9	324	5	41	459	500	0	500	500	500	500	500	0	
1.2098977230e+02	204	12	325	8	41	459	500	0	500	500	500	500	500	0	
1.2149863205e+02	206	12	323	9	36	464	500	0	500	500	500	500	500	0	
1.2199951348e+02	213	6	326	7	45	455	500	0	500	500	500	500	500	0	
1.2249339810e+02	215	3	329	8	31	469	500	0	500	500	500	500	500	0	
1.2299433781e+02	216	4	335	2	43	457	500	0	500	500	500	500	500	0	
1.2349936000e+02	217	4	330	5	37	463	500	0	500	500	500	500	500	0	
1.2399819872e+02	218	2	333	1	29	471	500	0	500	500	500	500	500	0	
1.2449821354e+02	219	2	337	1	35	465	500	0	500	500	500	500	500	0	
1.2499999438e+02	220	1	332	1	35	465	500	0	500	500	500	500	500	0	
1.2549471542e+02	220	1	332	3	40	460	500	0	500	500	500	500	500	0	
1.2599904178e+02	220	2	333	1	42	458	500	0	500	500	500	500	500	0	
1.2649593862e+02	221	2	332	4	60	440	500	0	500	500	500	500	500	0	
1.2699819932e+02	221	3	329	4	41	459	500	0	500	500	500	500	500	0	
1.2749824948e+02	221	5	333	0	45	455	500	0	500	500	500	500	500	0	
1.2799859198e+02	222	7	331	2	59	441	500	0	500	500	500	500	500	0	
1.2849549892e+02	223	6	334	1	41	459	500	0	500	500	500	500	500	0	
1.2899692707e+02	224	6	331	8	42	458	500	0	500	500	500	500	500	0	
1.2949772201e+02	225	4	333	7	40	460	500	0	500	500	500	500	500	0	
1.2999985150e+02	226	5	336	5	34	466	500	0	500	500	500	500	500	0	
1.3049867048e+02	228	5	336	4	38	462	500	0	500	500	500	500	500	0	
1.3099783429e+02	230	4	334	8	43	457	500	0	500	500	500	500	500	0	
1.3149996739e+02	228	8	334	11	27	473	500	0	500	500	500	500	500	0	
1.3199855617e+02	228	9	341	4	30	470	500	0	500	500	500	500	500	0	
1.3249376459e+02	231	7	338	6	38	462	500	0	500	500	500	500	500	0	
1.3299726149e+02	234	5	341	6	28	472	500	0	500	500	500	500	500	0	
1.3349391646e+02	232	5	342	4	38	462	500	0	500	500	500	500	500	0	
1.3399842413e+02	234	3	342	7	44	456	500	0	500	500	500	500	500	0	
1.3449832803e+02	234	3	347	4	36	464	500	0	500	500	500	500	500	0	
1.3499599264e+02	235	3	349	3	35	465	500	0	500	500	500	500	500	0	
1.3549883578e+02	236	3	348	2	36	464	500	0	500	500	500	500	500	0	
1.3599318033e+02	238	1	349	2	42	458	500	0	500	500	500	500	500	0	
1.3649901831e+02	238	1	348	3	38	462	500	0	500	500	500	500	500	0	
1.3699991868e+02	238	2	350	2	52	448	500	0	500	500	500	500	500	0	
1.3749825354e+02	238	5	349	5	62	438	500	0	500	500	500	500	500	0	
1.3799661695e+02	238	8	353	5	47	453	500	0	500	500	500	500	500	0	
1.3849882599e+02	240	9	353	6	41	459	500	0	500	500	500	500	500	0	
1.3899579080e+02	245	5	352	8	42	458	500	0	500	500	500	500	500	0	
1.3949573894e+02	245	5	354	6	42	458	500	0	500	500	500	500	500	0	
1.3999680759e+02	246	6	357	6	37	463	500	0	500	500	500	500	500	0	
1.4049696635e+02	250	5	354	7	37	463	500	0	500	500	500	500	500	0	
1.4099909226e+02	250	5	359	5	33	467	500	0	500	500	500	500	500	0	
1.4149725436e+02	251	4	363	3	28	472	500	0	500	500	500	500	500	0	
1.4199490163e+02	250	6	361	3	24	476	500	0	500	500	500	500	500	0	
1.4249964147e+02	253	7	362	3	30	470	500	0	500	500	500	500	500	0	
1.4299494227e+02	254	6	364	3	27	473	500	0	500	500	500	500	500	0	
1.4349518247e+02	252	7	361	7	29	471	500	0	500	500	500	500	500	0	
1.4399976890e+02	253	7	353	14	38	462	500	0	500	500	500	500	500	0	
1.4449480987e+02	255	6	357	12	30	470	500	0	500	500	500	500	500	0	
1.4499854569e+02	255	6	362	10	42	458	500	0	500	500	500	500	500	0	
1.4549992280e+02	257	4	359	8	31	469	500	0	500	500	500	500	500	0	
1.4599875091e+02	256	5	363	6	52	448	500	0	500	500	500	500	500	0	
1.4649650862e+02	254	8	362	8	37	463	500	0	500	500	500	500	500	0	
1.4699862877e+02	257	6	367	3	47	453	500	0	500	500	500	500	500	0	
1.4749982733e+02	258	5	363	5	41	459	500	0	500	500	500	500	500	0	
1.4799727552e+02	259	4	365	2	38	462	500	0	500	500	500	500	500	0	
1.4849966668e+02	258	7	359	6	27	473	500	0	500	500	500	500	500	0	
1.4899872494e+02	257	10	359	8	41	459	500	0	500	500	500	500	500	0	
1.4949952268e+02	260	7	357	10	40	460	500	0	500	500	500	500	500	0	
1.4999951903e+02	260	7	361	5	51	449	500	0	500	500	500	500	500	0	
1.5049820098e+02	261	7	368	5	44	456	500	0	500	500	500	500	500	0	
1.5099965522e+02	262	6	372	4	31	469	500	0	500	500	500	500	500	0	
1.5149688655e+02	264	5	369	5	35	465	500	0	500	500	500	500	500	0	
1.5199694786e+02	265	5	374	3	31	469	500	0	500	500	500	500	500	0	
1.5249057353e+02	267	4	374	1	34	466	500	0	500	500	500	500	500	0	
1.5299620834e+02	267	5	375	3	28	472	500	0	500	500	500	500	500	0	
1.5349992249e+02	267	5	371	9	44	456	500	0	500	500	500	500	500	0	
1.5399937733e+02	267	4	376	4	35	465	500	0	500	500	500	500	500	0	
1.5449442270e+02	267	4	375	5	32	468	500	0	500	500	500	500	500	0	
1.5499860173e+02	268	5	373	8	39	461	500	0	500	500	500	500	500	0	
1.5549989587e+02	270	4	379	5	41	459	500	0	500	500	500	500	500	0	
1.5599582159e+02	271	3	383	0	46	454	500	0	500	500	500	500	500	0	
1.5649993520e+02	271	2	380	3	28	472	500	0	500	500	500	500	500	0	
1.5699724778e+02	271	3	380	2	38	462	500	0	500	500	500	500	500	0	
1.5748319813e+02	273	2	372	6	47	453	500	0	500	500	500	500	500	0	
1.5799532669e+02	272	6	374	3	46	454	500	0	500	500	500	500	500	0	
1.5849852107e+02	272	6	368	7	34	466	500	0	500	500	500	500	500	0	
1.5899313056e+02	275	4	370	5	41	459	500	0	500	500	500	500	500	0	
1.5949893293e+02	277	4	368	5	40	460	500	0	500	500	500	500	500	0	
1.5999853931e+02	278	5	369	3	41	459	500	0	500	500	500	500	500	0	
1.6049440668e+02	278	5	361	10	50	450	500	0	500	500	500	500	500	0	
1.6099996138e+02	279	5	365	5	39	461	500	0	500	500	500	500	500	0	
1.6149828543e+02	281	5	363	5	34	466	500	0	500	500	500	500	500	0	
1.6199291058e+02	283	7	361	7	23	477	500	0	500	500	500	500	500	0	
1.6249977979e+02	285	6	365	5	35	465	500	0	500	500	500	500	500	0	
1.6299558303e+02	286	7	363	8	54	446	500	0	500	500	500	500	500	0	
1.6349911226e+02	289	6	374	1	43	457	500	0	500	500	500	500	500	0	
1.6399345607e+02	290	5	370	4	35	465	500	0	500	500	500	500	500	0	
1.6449468242e+02	289	7	372	3	46	454	500	0	500	500	500	500	500	0	
1.6499990579e+02	290	6	362	10	52	448	500	0	500	500	500	500	500	0	
1.6549563833e+02	290	8	361	10	37	463	500	0	500	500	500	500	500	0	
1.6599957925e+02	289	8	363	9	50	450	500	0	500	500	500	500	500	0	
1.6649999879e+02	288	9	368	7	27	473	500	0	500	500	500	500	500	0	
1.6699779773e+02	290	9	364	10	44	456	500	0	500	500	500	500	500	0	
1.6749899573e+02	294	7	369	3	37	463	500	0	500	500	500	500	500	0	
1.6799863649e+02	295	4	370	3	41	459	500	0	500	500	500	500	500	0	
1.6849640644e+02	294	5	366	7	32	468	500	0	500	500	500	500	500	0	
1.6899779228e+02	296	5	369	7	39	461	500	0	500	500	500	500	500	0	
1.6949880548e+02	298	4	373	6	29	471	500	0	500	500	500	500	500	0	
1.6999976938e+02	296	5	371	7	34	466	500	0	500	500	500	500	500	0	
1.7049976822e+02	297	6	377	3	57	443	500	0	500	500	500	500	500	0	
1.7099513275e+02	300	5	378	4	19	481	500	0	500	500	500	500	500	0	
1.7149779735e+02	300	5	379	4	36	464	500	0	500	500	500	500	500	0	
1.7199838234e+02	301	5	374	9	49	451	500	0	500	500	500	500	500	0	
1.7249927480e+02	302	7	377	6	35	465	500	0	500	500	500	500	500	0	
1.7299705077e+02	302	9	379	5	60	440	500	0	500	500	500	500	500	0	
1.7349912904e+02	301	9	380	4	43	457	500	0	500	500	500	500	500	0	
1.7399930205e+02	301	9	381	7	32	468	500	0	500	500	500	500	500	0	
1.7449430944e+02	304	6	386	4	36	464	500	0	500	500	500	500	500	0	
1.7499744472e+02	307	4	382	4	48	452	500	0	500	500	500	500	500	0	
1.7549892102e+02	306	5	382	4	37	463	500	0	500	500	500	500	500	0	
1.7599780298e+02	305	6	382	2	45	455	500	0	500	500	500	500	500	0	
1.7649915051e+02	311	1	380	4	43	457	500	0	500	500	500	500	500	0	
1.7699900798e+02	310	2	382	3	40	460	500	0	500	500	500	500	500	0	
1.7749937256e+02	310	2	378	4	43	457	500	0	500	500	500	500	500	0	
1.7799269055e+02	311	4	380	3	25	475	500	0	500	500	500	500	500	0	
1.7849885461e+02	311	4	378	5	28	472	500	0	500	500	500	500	500	0	
1.7899715668e+02	310	8	375	8	62	438	500	0	500	500	500	500	500	0	
1.7949252492e+02	311	7	384	3	43	457	500	0	500	500	500	500	500	0	
1.7999969417e+02	311	8	383	5	35	465	500	0	500	500	500	500	500	0	
1.8049987480e+02	312	7	381	6	24	476	500	0	500	500	500	500	500	0	
1.8099762204e+02	315	5	384	6	47	453	500	0	500	500	500	500	500	0	
1.8149961974e+02	316	4	386	7	59	441	500	0	500	500	500	500	500	0	
1.8199146749e+02	316	4	393	4	48	452	500	0	500	500	500	500	500	0	
1.8249531433e+02	317	4	393	9	40	460	500	0	500	500	500	500	500	0	
1.8299539945e+02	316	5	395	5	44	456	500	0	500	500	500	500	500	0	
1.8349554379e+02	319	3	392	7	41	459	500	0	500	500	500	500	500	0	
1.8399959132e+02	318	4	399	1	47	453	500	0	500	500	500	500	500	0	
1.8449713083e+02	318	4	396	4	37	463	500	0	500	500	500	500	500	0	
1.8499954353e+02	318	5	392	8	33	467	500	0	500	500	500	500	500	0	
1.8549947091e+02	323	3	395	5	23	477	500	0	500	500	500	500	500	0	
1.8599788192e+02	326	2	401	5	37	463	500	0	500	500	500	500	500	0	
1.8649862474e+02	327	4	403	2	28	472	500	0	500	500	500	500	500	0	
1.8699984983e+02	326	7	402	3	29	471	500	0	500	500	500	500	500	0	
1.8749818036e+02	324	9	397	5	37	463	500	0	500	500	500	500	500	0	
1.8799368873e+02	325	8	397	5	34	466	500	0	500	500	500	500	500	0	
1.8849906021e+02	328	5	400	5	39	461	500	0	500	500	500	500	500	0	
1.8899637898e+02	329	4	400	6	36	464	500	0	500	500	500	500	500	0	
1.8949918340e+02	327	6	399	7	46	454	500	0	500	500	500	500	500	0	
1.8999994589e+02	329	6	399	9	32	468	500	0	500	500	500	500	500	0	
1.9049902094e+02	330	5	401	6	49	451	500	0	500	500	500	500	500	0	
1.9099908465e+02	329	7	398	7	14	486	500	0	500	500	500	500	500	0	
1.9149721246e+02	331	6	397	6	31	469	500	0	500	500	500	500	500	0	
1.9199923008e+02	334	3	400	4	32	468	500	0	500	500	500	500	500	0	
1.9249889273e+02	337	5	400	7	23	477	500	0	500	500	500	500	500	0	
1.9299993264e+02	336	8	400	7	25	475	500	0	500	500	500	500	500	0	
1.9349987183e+02	338	7	396	10	28	472	500	0	500	500	500	500	500	0	
1.9399989853e+02	340	4	401	6	34	466	500	0	500	500	500	500	500	0	
1.9449867460e+02	341	4	407	4	61	439	500	0	500	500	500	500	500	0	
1.9499831777e+02	343	3	409	3	47	453	500	0	500	500	500	500	500	0	
1.9549991127e+02	344	4	408	5	32	468	500	0	500	500	500	500	500	0	
1.9599811607e+02	343	4	409	4	36	464	500	0	500	500	500	500	500	0	
1.9649366534e+02	343	5	406	9	40	460	500	0	500	500	500	500	500	0	
1.9699888262e+02	341	7	409	7	32	468	500	0	500	500	500	500	500	0	
1.9749412728e+02	342	6	406	10	40	460	500	0	500	500	500	500	500	0	
1.9799853750e+02	341	5	403	9	41	459	500	0	500	500	500	500	500	0	
1.9849912009e+02	340	7	401	9	45	455	500	0	500	500	500	500	500	0	
1.9899934111e+02	343	3	407	2	42	458	500	0	500	500	500	500	500	0	
1.9949817812e+02	343	4	403	5	60	440	500	0	500	500	500	500	500	0	
1.9999968901e+02	346	2	406	4	54	446	500	0	500	500	500	500	500	0	
2.0049610265e+02	346	2	408	4	44	456	500	0	500	500	500	500	500	0	
2.0099497161e+02	347	1	411	4	42	458	500	0	500	500	500	500	500	0	
2.0149360661e+02	348	2	417	2	54	446	500	0	500	500	500	500	500	0	
2.0199920753e+02	349	1	419	0	39	461	500	0	500	500	500	500	500	0	
2.0249852625e+02	348	1	415	2	32	468	500	0	500	500	500	500	500	0	
2.0299998609e+02	348	1	416	3	36	464	500	0	500	500	500	500	500	0	
2.0349645664e+02	348	2	413	5	36	464	500	0	500	500	500	500	500	0	
2.0399946552e+02	345	4	420	2	27	473	500	0	500	500	500	500	500	0	
2.0449952797e+02	346	3	420	2	34	466	500	0	500	500	500	500	500	0	
2.0499753518e+02	348	3	418	5	50	450	500	0	500	500	500	500	500	0	
2.0549200866e+02	350	1	422	3	37	463	500	0	500	500	500	500	500	0	
2.0599846764e+02	349	2	424	1	26	474	500	0	500	500	500	500	500	0	
2.0649971999e+02	350	3	422	3	39	461	500	0	500	500	500	500	500	0	
2.0699943768e+02	350	4	420	3	26	474	500	0	500	500	500	500	500	0	
2.0749998580e+02	352	3	422	1	22	478	500	0	500	500	500	500	500	0	
2.0799513465e+02	354	2	420	1	49	451	500	0	500	500	500	500	500	0	
2.0849162422e+02	353	3	418	1	38	462	500	0	500	500	500	500	500	0	
2.0899914744e+02	352	6	409	6	31	469	500	0	500	500	500	500	500	0	
2.0949920646e+02	355	3	413	2	34	466	500	0	500	500	500	500	500	0	
2.0999922970e+02	355	4	412	3	34	466	500	0	500	500	500	500	500	0	
2.1049963996e+02	354	6	409	8	41	459	500	0	500	500	500	500	500	0	
2.1099501830e+02	355	5	412	5	44	456	500	0	500	500	500	500	500	0	
2.1149971778e+02	356	4	414	2	40	460	500	0	500	500	500	500	500	0	
2.1199997075e+02	357	3	415	3	31	469	500	0	500	500	500	500	500	0	
2.1249927000e+02	358	2	418	2	26	474	500	0	500	500	500	500	500	0	
2.1299510452e+02	356	3	414	8	27	473	500	0	500	500	500	500	500	0	
2.1349299570e+02	354	6	419	5	32	468	500	0	500	500	500	500	500	0	
2.1399684857e+02	355	6	421	3	45	455	500	0	500	500	500	500	500	0	
2.1449196919e+02	356	4	423	3	44	456	500	0	500	500	500	500	500	0	
2.1499867903e+02	357	3	426	2	38	462	500	0	500	500	500	500	500	0	
2.1549300461e+02	357	4	426	4	46	454	500	0	500	500	500	500	500	0	
2.1599971446e+02	357	4	420	7	56	444	500	0	500	500	500	500	500	0	
2.1649934482e+02	360	4	424	3	42	458	500	0	500	500	500	500	500	0	
2.1699950500e+02	362	3	425	2	59	441	500	0	500	500	500	500	500	0	
2.1749918397e+02	363	5	424	2	40	460	500	0	500	500	500	500	500	0	
2.1799947660e+02	360	6	420	6	48	452	500	0	500	500	500	500	500	0	
2.1849807126e+02	361	6	417	8	45	455	500	0	500	500	500	500	500	0	
2.1899688978e+02	362	5	420	10	38	462	500	0	500	500	500	500	500	0	
2.1949570495e+02	362	4	420	10	34	466	500	0	500	500	500	500	500	0	
2.1999883475e+02	363	3	428	3	29	471	500	0	500	500	500	500	500	0	
2.2049639336e+02	361	3	425	7	24	476	500	0	500	500	500	500	500	0	
2.2099892443e+02	362	4	428	4	33	467	500	0	500	500	500	500	500	0	
2.2149937397e+02	361	8	427	6	41	459	500	0	500	500	500	500	500	0	
2.2199979795e+02	362	7	427	6	44	456	500	0	500	500	500	500	500	0	
2.2249926802e+02	363	6	423	8	27	473	500	0	500	500	500	500	500	0	
2.2298990028e+02	366	3	425	5	39	461	500	0	500	500	500	500	500	0	
2.2349981744e+02	365	5	421	5	55	445	500	0	500	500	500	500	500	0	
2.2399887274e+02	367	3	425	2	58	442	500	0	500	500	500	500	500	0	
2.2449762223e+02	368	1	420	4	52	448	500	0	500	500	500	500	500	0	
2.2499463848e+02	369	2	420	4	38	462	500	0	500	500	500	500	500	0	
2.2549748548e+02	369	3	418	6	33	467	500	0	500	500	500	500	500	0	
2.2599941166e+02	369	3	418	5	42	458	500	0	500	500	500	500	500	0	
2.2649726725e+02	370	3	424	2	28	472	500	0	500	500	500	500	500	0	
2.2699812174e+02	372	0	424	3	50	450	500	0	500	500	500	500	500	0	
2.2749983500e+02	371	1	428	1	52	448	500	0	500	500	500	500	500	0	
2.2799949942e+02	371	1	426	3	54	446	500	0	500	500	500	500	500	0	
2.2849919211e+02	372	1	428	2	33	467	500	0	500	500	500	500	500	0	
2.2899345676e+02	373	0	427	2	34	466	500	0	500	500	500	500	500	0	
2.2949970932e+02	373	1	427	3	25	475	500	0	500	500	500	500	500	0	
2.2999910401e+02	374	0	426	4	24	476	500	0	500	500	500	500	500	0	
2.3049918657e+02	373	2	427	4	30	470	500	0	500	500	500	500	500	0	
2.3099582962e+02	373	2	426	5	35	465	500	0	500	500	500	500	500	0	
2.3149952939e+02	372	4	431	2	41	459	500	0	500	500	500	500	500	0	
2.3199900674e+02	373	4	431	4	41	459	500	0	500	500	500	500	500	0	
2.3249971152e+02	373	3	433	4	32	468	500	0	500	500	500	500	500	0	
2.3299932458e+02	375	1	435	4	33	467	500	0	500	500	500	500	500	0	
2.3349783859e+02	375	2	442	2	33	467	500	0	500	500	500	500	500	0	
2.3399856034e+02	374	2	440	3	46	454	500	0	500	500	500	500	500	0	
2.3449877239e+02	374	3	437	4	45	455	500	0	500	500	500	500	500	0	
2.3499757493e+02	375	2	432	5	53	447	500	0	500	500	500	500	500	0	
2.3549799967e+02	376	2	436	3	43	457	500	0	500	500	500	500	500	0	
2.3599242773e+02	376	2	438	3	49	451	500	0	500	500	500	500	500	0	
2.3649705464e+02	372	5	435	6	36	464	500	0	500	500	500	500	500	0	
2.3699619430e+02	377	2	435	3	40	460	500	0	500	500	500	500	500	0	
2.3749927282e+02	377	3	440	3	49	451	500	0	500	500	500	500	500	0	
2.3799876940e+02	377	2	441	4	50	450	500	0	500	500	500	500	500	0	
2.3849392066e+02	377	3	447	2	32	468	500	0	500	500	500	500	500	0	
2.3899912641e+02	377	3	445	3	35	465	500	0	500	500	500	500	500	0	
2.3949995579e+02	378	2	444	4	35	465	500	0	500	500	500	500	500	0	
2.3999953754e+02	379	0	446	5	32	468	500	0	500	500	500	500	500	0	
2.4049895500e+02	378	0	448	3	32	468	500	0	500	500	500	500	500	0	
2.4099879195e+02	378	1	452	3	55	445	500	0	500	500	500	500	500	0	
2.4149976022e+02	377	2	455	1	51	449	500	0	500	500	500	500	500	0	
2.4199412351e+02	377	4	451	4	45	455	500	0	500	500	500	500	500	0	
2.4249777955e+02	378	3	447	7	40	460	500	0	500	500	500	500	500	0	
2.4299630128e+02	379	2	447	9	43	457	500	0	500	500	500	500	500	0	
2.4349746267e+02	380	2	454	8	20	480	500	0	500	500	500	500	500	0	
2.4399834965e+02	379	3	460	4	28	472	500	0	500	500	500	500	500	0	
2.4449923977e+02	380	1	465	1	32	468	500	0	500	500	500	500	500	0	
2.4499946664e+02	379	3	462	2	39	461	500	0	500	500	500	500	500	0	
2.4549569442e+02	380	2	459	2	33	467	500	0	500	500	500	500	500	0	
2.4599804034e+02	381	1	461	2	29	471	500	0	500	500	500	500	500	0	
2.4649702693e+02	381	1	461	6	29	471	500	0	500	500	500	500	500	0	
2.4699968283e+02	377	4	462	6	49	451	500	0	500	500	500	500	500	0	
2.4749948536e+02	379	3	463	4	30	470	500	0	500	500	500	500	500	0	
2.4799153599e+02	379	4	462	7	34	466	500	0	500	500	500	500	500	0	
2.4849808081e+02	382	3	463	7	40	460	500	0	500	500	500	500	500	0	
2.4899992719e+02	383	7	464	6	37	463	500	0	500	500	500	500	500	0	
2.4949984459e+02	386	4	465	4	48	452	500	0	500	500	500	500	500	0	
2.4999718941e+02	386	4	468	0	43	457	500	0	500	500	500	500	500	0	
2.5049895001e+02	386	4	467	4	45	455	500	0	500	500	500	500	500	0	
2.5099941697e+02	387	3	466	3	35	465	500	0	500	500	500	500	500	0	
2.5149831122e+02	389	2	463	6	34	466	500	0	500	500	500	500	500	0	
2.5199308595e+02	389	4	467	3	39	461	500	0	500	500	500	500	500	0	
2.5249933979e+02	389	6	468	4	34	466	500	0	500	500	500	500	500	0	
2.5299993478e+02	390	7	461	8	40	460	500	0	500	500	500	500	500	0	
2.5349838607e+02	390	7	461	9	37	463	500	0	500	500	500	500	500	0	
2.5399966723e+02	391	7	458	9	45	455	500	0	500	500	500	500	500	0	
2.5449982511e+02	392	6	460	8	45	455	500	0	500	500	500	500	500	0	
2.5499999904e+02	390	7	465	7	42	458	500	0	500	500	500	500	500	0	
2.5549718221e+02	390	7	466	8	52	448	500	0	500	500	500	500	500	0	
2.5599820880e+02	391	7	463	11	60	440	500	0	500	500	500	500	500	0	
2.5649983552e+02	389	9	466	12	57	443	500	0	500	500	500	500	500	0	
2.5699946707e+02	391	8	462	8	48	452	500	0	500	500	500	500	500	0	
2.5749911741e+02	390	12	459	5	41	459	500	0	500	500	500	500	500	0	
2.5799519439e+02	392	11	459	7	43	457	500	0	500	500	500	500	500	0	
2.5849998648e+02	395	10	463	5	39	461	500	0	500	500	500	500	500	0	
2.5899814387e+02	398	7	459	9	39	461	500	0	500	500	500	500	500	0	
2.5949677130e+02	398	7	457	11	27	473	500	0	500	500	500	500	500	0	
2.5999266451e+02	400	5	460	9	35	465	500	0	500	500	500	500	500	0	
2.6049787612e+02	401	4	465	4	29	471	500	0	500	500	500	500	500	0	
2.6099964687e+02	403	3	464	6	35	465	500	0	500	500	500	500	500	0	
2.6149435854e+02	402	2	465	4	36	464	500	0	500	500	500	500	500	0	
2.6199729918e+02	403	3	464	6	40	460	500	0	500	500	500	500	500	0	
2.6249282538e+02	400	7	464	4	43	457	500	0	500	500	500	500	500	0	
2.6299981945e+02	401	8	467	3	38	462	500	0	500	500	500	500	500	0	
2.6349919819e+02	400	10	469	2	34	466	500	0	500	500	500	500	500	0	
2.6399326647e+02	403	7	460	10	34	466	500	0	500	500	500	500	500	0	
2.6449786799e+02	403	8	460	10	36	464	500	0	500	500	500	500	500	0	
2.6499703034e+02	402	7	462	8	43	457	500	0	500	500	500	500	500	0	
2.6549870035e+02	402	6	463	8	53	447	500	0	500	500	500	500	500	0	
2.6599937540e+02	403	6	463	7	50	450	500	0	500	500	500	500	500	0	
2.6649111168e+02	404	6	473	2	40	460	500	0	500	500	500	500	500	0	
2.6699684855e+02	407	4	472	5	52	448	500	0	500	500	500	500	500	0	
2.6749737934e+02	407	6	472	3	41	459	500	0	500	500	500	500	500	0	
2.6799990913e+02	410	3	466	2	28	472	500	0	500	500	500	500	500	0	
2.6849973958e+02	412	3	465	2	36	464	500	0	500	500	500	500	500	0	
2.6899827808e+02	411	3	466	4	40	460	500	0	500	500	500	500	500	0	
2.6949892532e+02	411	8	467	4	25	475	500	0	500	500	500	500	500	0	
2.6999812189e+02	409	9	466	9	48	452	500	0	500	500	500	500	500	0	
2.7049028864e+02	412	6	465	9	45	455	500	0	500	500	500	500	500	0	
2.7099914514e+02	414	4	463	8	46	454	500	0	500	500	500	500	500	0	
2.7149877867e+02	415	3	464	6	37	463	500	0	500	500	500	500	500	0	
2.7199825138e+02	415	3	466	4	34	466	500	0	500	500	500	500	500	0	
2.7249931044e+02	416	2	468	4	35	465	500	0	500	500	500	500	500	0	
2.7299921134e+02	416	2	469	3	40	460	500	0	500	500	500	500	500	0	
2.7349991085e+02	416	1	472	1	36	464	500	0	500	500	500	500	500	0	
2.7399804532e+02	416	2	473	2	39	461	500	0	500	500	500	500	500	0	
2.7449920951e+02	417	0	472	4	39	461	500	0	500	500	500	500	500	0	
2.7499931599e+02	416	3	473	3	54	446	500	0	500	500	500	500	500	0	
2.7549524380e+02	413	6	471	5	51	449	500	0	500	500	500	500	500	0	
2.7599848668e+02	413	7	470	5	63	437	500	0	500	500	500	500	500	0	
2.7649649643e+02	417	6	475	1	59	441	500	0	500	500	500	500	500	0	
2.7699787584e+02	416	7	472	5	66	434	500	0	500	500	500	500	500	0	
2.7749642561e+02	416	8	471	9	33	467	500	0	500	500	500	500	500	0	
2.7799950147e+02	419	6	463	13	53	447	500	0	500	500	500	500	500	0	
2.7849893261e+02	420	5	461	14	53	447	500	0	500	500	500	500	500	0	
2.7899909670e+02	418	7	464	10	49	451	500	0	500	500	500	500	500	0	
2.7949306442e+02	418	7	462	12	41	459	500	0	500	500	500	500	500	0	
2.7999997431e+02	416	9	467	5	38	462	500	0	500	500	500	500	500	0	
2.8049605341e+02	420	5	465	5	33	467	500	0	500	500	500	500	500	0	
2.8099878274e+02	422	5	464	6	53	447	500	0	500	500	500	500	500	0	
2.8149938886e+02	422	6	458	7	26	474	500	0	500	500	500	500	500	0	
2.8199908955e+02	423	4	462	4	32	468	500	0	500	500	500	500	500	0	
2.8249799364e+02	424	3	458	4	28	472	500	0	500	500	500	500	500	0	
2.8299856901e+02	424	3	456	9	45	455	500	0	500	500	500	500	500	0	
2.8349975329e+02	424	3	466	1	36	464	500	0	500	500	500	500	500	0	
2.8399899210e+02	423	2	461	3	43	457	500	0	500	500	500	500	500	0	
2.8449747964e+02	423	3	458	3	34	466	500	0	500	500	500	500	500	0	
2.8499299531e+02	423	3	460	5	35	465	500	0	500	500	500	500	500	0	
2.8549958649e+02	423	1	461	3	36	464	500	0	500	500	500	500	500	0	
2.8599925603e+02	421	2	458	5	24	476	500	0	500	500	500	500	500	0	
2.8649925050e+02	421	3	462	5	52	448	500	0	500	500	500	500	500	0	
2.8699734209e+02	422	3	464	5	42	458	500	0	500	500	500	500	500	0	
2.8749964990e+02	424	1	464	7	39	461	500	0	500	500	500	500	500	0	
2.8799764588e+02	424	2	472	1	47	453	500	0	500	500	500	500	500	0	
2.8849830776e+02	425	2	468	5	39	461	500	0	500	500	500	500	500	0	
2.8899738310e+02	424	3	470	4	42	458	500	0	500	500	500	500	500	0	
2.8949860669e+02	424	4	473	4	38	462	500	0	500	500	500	500	500	0	
2.8999796744e+02	424	3	471	5	18	482	500	0	500	500	500	500	500	0	
2.9049754641e+02	427	2	475	1	44	456	500	0	500	500	500	500	500	0	
2.9099740260e+02	429	0	471	3	54	446	500	0	500	500	500	500	500	0	
2.9149942328e+02	428	1	469	5	32	468	500	0	500	500	500	500	500	0	
2.9199746838e+02	427	1	466	6	36	464	500	0	500	500	500	500	500	0	
2.9249981756e+02	424	4	467	4	35	465	500	0	500	500	500	500	500	0	
2.9299610318e+02	424	3	468	3	35	465	500	0	500	500	500	500	500	0	
2.9349602269e+02	424	3	468	2	47	453	500	0	500	500	500	500	500	0	
2.9399909392e+02	423	5	462	6	38	462	500	0	500	500	500	500	500	0	
2.9448625200e+02	420	7	460	9	38	462	500	0	500	500	500	500	500	0	
2.9499775092e+02	421	7	465	8	41	459	500	0	500	500	500	500	500	0	
2.9549348752e+02	424	4	459	8	36	464	500	0	500	500	500	500	500	0	
2.9599882777e+02	424	5	463	7	55	445	500	0	500	500	500	500	500	0	
2.9649669244e+02	425	3	459	11	36	464	500	0	500	500	500	500	500	0	
2.9699902273e+02	421	8	460	10	16	484	500	0	500	500	500	500	500	0	
2.9749861853e+02	425	7	461	14	32	468	500	0	500	500	500	500	500	0	
2.9799965576e+02	425	6	462	12	48	452	500	0	500	500	500	500	500	0	
2.9849980574e+02	426	6	470	5	35	465	500	0	500	500	500	500	500	0	
2.9899993188e+02	425	7	471	1	29	471	500	0	500	500	500	500	500	0	
2.9949955093e+02	426	6	466	4	49	451	500	0	500	500	500	500	500	0	
2.9999911209e+02	428	5	468	5	46	454	500	0	500	500	500	500	500	0	
3.0049895653e+02	427	6	465	6	47	453	500	0	500	500	500	500	500	0	
3.0099555702e+02	432	3	467	7	34	466	500	0	500	500	500	500	500	0	
3.0149863647e+02	432	4	468	6	39	461	500	0	500	500	500	500	500	0	
3.0199304773e+02	435	3	475	2	43	457	500	0	500	500	500	500	500	0	
3.0249898471e+02	436	3	477	4	35	465	500	0	500	500	500	500	500	0	
3.0299945992e+02	437	3	473	7	34	466	500	0	500	500	500	500	500	0	
3.0349798917e+02	436	5	473	7	46	454	500	0	500	500	500	500	500	0	
3.0399628963e+02	436	5	472	10	25	475	500	0	500	500	500	500	500	0	
3.0449061550e+02	439	3	471	11	38	462	500	0	500	500	500	500	500	0	
3.0499831454e+02	437	4	476	7	52	448	500	0	500	500	500	500	500	0	
3.0549774822e+02	440	5	473	7	31	469	500	0	500	500	500	500	500	0	
3.0599970122e+02	440	4	470	12	39	461	500	0	500	500	500	500	500	0	
3.0649466025e+02	440	4	472	9	46	454	500	0	500	500	500	500	500	0	
3.0699905646e+02	440	6	472	8	38	462	500	0	500	500	500	500	500	0	
3.0749588465e+02	440	7	472	6	36	464	500	0	500	500	500	500	500	0	
3.0799727593e+02	439	9	470	8	32	468	500	0	500	500	500	500	500	0	
3.0849977671e+02	437	11	471	10	29	471	500	0	500	500	500	500	500	0	
3.0899676066e+02	438	10	469	15	43	457	500	0	500	500	500	500	500	0	
3.0949715947e+02	438	12	465	20	37	463	500	0	500	500	500	500	500	0	
3.0999903338e+02	438	12	464	20	45	455	500	0	500	500	500	500	500	0	
3.1049642985e+02	439	11	474	11	32	468	500	0	500	500	500	500	500	0	
3.1099805730e+02	440	12	472	14	44	456	500	0	500	500	500	500	500	0	
3.1149839483e+02	442	11	475	14	45	455	500	0	500	500	500	500	500	0	
3.1199970480e+02	444	11	477	12	57	443	500	0	500	500	500	500	500	0	
3.1249647362e+02	449	6	480	10	34	466	500	0	500	500	500	500	500	0	
3.1299984585e+02	451	4	476	13	33	467	500	0	500	500	500	500	500	0	
3.1349594080e+02	450	7	476	11	26	474	500	0	500	500	500	500	500	0	
3.1399562073e+02	450	7	480	9	49	451	500	0	500	500	500	500	500	0	
3.1449865383e+02	453	5	476	8	45	455	500	0	500	500	500	500	500	0	
3.1499960703e+02	453	6	472	9	50	450	500	0	500	500	500	500	500	0	
3.1549762503e+02	456	2	478	7	38	462	500	0	500	500	500	500	500	0	
3.1599564600e+02	457	1	486	1	51	449	500	0	500	500	500	500	500	0	
3.1649537643e+02	456	3	485	3	49	451	500	0	500	500	500	500	500	0	
3.1699801143e+02	451	7	481	6	48	452	500	0	500	500	500	500	500	0	
3.1749688476e+02	452	5	488	1	41	459	500	0	500	500	500	500	500	0	
3.1799790207e+02	455	1	484	4	43	457	500	0	500	500	500	500	500	0	
3.1849869838e+02	456	0	485	3	36	464	500	0	500	500	500	500	500	0	
3.1899850159e+02	456	0	486	2	37	463	500	0	500	500	500	500	500	0	
3.1949538480e+02	454	2	487	2	52	448	500	0	500	500	500	500	500	0	
3.1999593492e+02	454	2	486	1	37	463	500	0	500	500	500	500	500	0	
3.2049533593e+02	456	1	483	5	51	449	500	0	500	500	500	500	500	0	
3.2099929526e+02	456	1	484	2	33	467	500	0	500	500	500	500	500	0	
3.2149809055e+02	457	1	486	4	39	461	500	0	500	500	500	500	500	0	
3.2199789571e+02	458	1	483	5	41	459	500	0	500	500	500	500	500	0	
3.2249992852e+02	458	1	485	5	42	458	500	0	500	500	500	500	500	0	
3.2299723162e+02	458	2	485	4	35	465	500	0	500	500	500	500	500	0	
3.2349834257e+02	456	3	485	2	33	467	500	0	500	500	500	500	500	0	
3.2399409298e+02	455	3	480	5	43	457	500	0	500	500	500	500	500	0	
3.2449946297e+02	453	5	480	5	42	458	500	0	500	500	500	500	500	0	
3.2499996077e+02	454	5	480	6	36	464	500	0	500	500	500	500	500	0	
3.2549541802e+02	452	5	486	3	37	463	500	0	500	500	500	500	500	0	
3.2599338743e+02	450	8	484	4	44	456	500	0	500	500	500	500	500	0	
3.2649909233e+02	449	7	479	5	29	471	500	0	500	500	500	500	500	0	
3.2699721139e+02	450	7	474	11	32	468	500	0	500	500	500	500	500	0	
3.2749868992e+02	450	7	474	9	51	449	500	0	500	500	500	500	500	0	
3.2799894931e+02	451	5	474	11	42	458	500	0	500	500	500	500	500	0	
3.2849983112e+02	455	3	480	10	44	456	500	0	500	500	500	500	500	0	
3.2899871628e+02	456	3	486	6	37	463	500	0	500	500	500	500	500	0	
3.2949896924e+02	456	4	484	5	30	470	500	0	500	500	500	500	500	0	
3.2999850952e+02	453	5	480	10	35	465	500	0	500	500	500	500	500	0	
3.3049617243e+02	448	10	475	13	42	458	500	0	500	500	500	500	500	0	
3.3099979714e+02	448	9	478	11	47	453	500	0	500	500	500	500	500	0	
3.3149964724e+02	452	6	480	7	35	465	500	0	500	500	500	500	500	0	
3.3199957013e+02	455	5	475	11	32	468	500	0	500	500	500	500	500	0	
3.3249352811e+02	455	4	475	9	33	467	500	0	500	500	500	500	500	0	
3.3298712885e+02	454	7	478	5	29	471	500	0	500	500	500	500	500	0	
3.3349205080e+02	456	5	477	6	33	467	500	0	500	500	500	500	500	0	
3.3399830513e+02	455	7	473	11	36	464	500	0	500	500	500	500	500	0	
3.3449916814e+02	453	8	475	6	36	464	500	0	500	500	500	500	500	0	
3.3499657230e+02	455	9	473	12	50	450	500	0	500	500	500	500	500	0	
3.3548397680e+02	459	5	481	7	38	462	500	0	500	500	500	500	500	0	
3.3599916708e+02	459	6	480	6	27	473	500	0	500	500	500	500	500	0	
3.3649916940e+02	459	7	479	5	29	471	500	0	500	500	500	500	500	0	
3.3699939506e+02	462	5	477	7	39	461	500	0	500	500	500	500	500	0	
3.3749991328e+02	460	7	482	1	47	453	500	0	500	500	500	500	500	0	
3.3799940434e+02	460	7	480	4	51	449	500	0	500	500	500	500	500	0	
3.3849977520e+02	461	6	479	6	62	438	500	0	500	500	500	500	500	0	
3.3899788747e+02	463	4	476	9	44	456	500	0	500	500	500	500	500	0	
3.3949304197e+02	465	4	474	9	30	470	500	0	500	500	500	500	500	0	
3.3999837432e+02	464	4	478	4	56	444	500	0	500	500	500	500	500	0	
3.4049891086e+02	466	4	475	6	51	449	500	0	500	500	500	500	500	0	
3.4099654665e+02	468	2	473	4	42	458	500	0	500	500	500	500	500	0	
3.4149723647e+02	468	3	473	5	53	447	500	0	500	500	500	500	500	0	
3.4199975162e+02	469	4	474	5	32	468	500	0	500	500	500	500	500	0	
3.4249872923e+02	469	4	473	4	27	473	500	0	500	500	500	500	500	0	
3.4299967536e+02	469	4	475	2	42	458	500	0	500	500	500	500	500	0	
3.4349992881e+02	470	4	474	4	23	477	500	0	500	500	500	500	500	0	
3.4399990906e+02	469	4	474	6	35	465	500	0	500	500	500	500	500	0	
3.4449861512e+02	468	4	474	6	44	456	500	0	500	500	500	500	500	0	
3.4499777036e+02	467	5	475	5	31	469	500	0	500	500	500	500	500	0	
3.4549704905e+02	466	10	475	5	35	465	500	0	500	500	500	500	500	0	
3.4599940546e+02	466	10	475	7	42	458	500	0	500	500	500	500	500	0	
3.4649822670e+02	468	10	469	10	49	451	500	0	500	500	500	500	500	0	
3.4699810932e+02	470	9	468	9	45	455	500	0	500	500	500	500	500	0	
3.4749413859e+02	473	8	469	8	37	463	500	0	500	500	500	500	500	0	
3.4799961102e+02	473	9	469	11	35	465	500	0	500	500	500	500	500	0	
3.4849735461e+02	473	9	472	7	39	461	500	0	500	500	500	500	500	0	
3.4899809396e+02	475	7	473	8	33	467	500	0	500	500	500	500	500	0	
3.4949802372e+02	476	7	470	12	32	468	500	0	500	500	500	500	500	0	
3.4999708934e+02	473	9	474	10	38	462	500	0	500	500	500	500	500	0	
3.5049889835e+02	475	10	467	16	38	462	500	0	500	500	500	500	500	0	
3.5099847378e+02	476	9	471	12	39	461	500	0	500	500	500	500	500	0	
3.5149792594e+02	474	11	462	18	33	467	500	0	500	500	500	500	500	0	
3.5199622397e+02	475	10	467	11	29	471	500	0	500	500	500	500	500	0	
3.5249791941e+02	474	10	469	9	42	458	500	0	500	500	500	500	500	0	
3.5299889672e+02	475	12	466	15	45	455	500	0	500	500	500	500	500	0	
3.5349990125e+02	472	14	464	15	40	460	500	0	500	500	500	500	500	0	
3.5399762459e+02	473	15	463	18	33	467	500	0	500	500	500	500	500	0	
3.5449943649e+02	480	8	465	18	37	463	500	0	500	500	500	500	500	0	
3.5499657102e+02	480	7	468	14	41	459	500	0	500	500	500	500	500	0	
3.5549970538e+02	479	9	466	15	59	441	500	0	500	500	500	500	500	0	
3.5599946279e+02	476	11	461	15	33	467	500	0	500	500	500	500	500	0	
3.5649861882e+02	477	10	464	13	38	462	500	0	500	500	500	500	500	0	
3.5699969351e+02	476	11	469	8	27	473	500	0	500	500	500	500	500	0	
3.5749587847e+02	480	8	470	7	35	465	500	0	500	500	500	500	500	0	
3.5799793701e+02	480	10	458	18	33	467	500	0	500	500	500	500	500	0	
3.5849895590e+02	481	10	464	12	35	465	500	0	500	500	500	500	500	0	
3.5899796371e+02	483	10	464	12	37	463	500	0	500	500	500	500	500	0	
3.5949424402e+02	485	11	457	18	36	464	500	0	500	500	500	500	500	0	
3.5999513476e+02	489	8	461	14	51	449	500	0	500	500	500	500	500	0	
3.6049782943e+02	491	6	465	10	46	454	500	0	500	500	500	500	500	0	
3.6099993488e+02	490	8	470	4	32	468	500	0	500	500	500	500	500	0	
3.6149802946e+02	491	6	471	3	34	466	500	0	500	500	500	500	500	0	
3.6199954736e+02	494	4	471	6	44	456	500	0	500	500	500	500	500	0	
3.6249514597e+02	496	2	470	7	35	465	500	0	500	500	500	500	500	0	
3.6299934964e+02	495	2	473	4	42	458	500	0	500	500	500	500	500	0	
3.6349803160e+02	495	4	476	5	36	464	500	0	500	500	500	500	500	0	
3.6399961453e+02	494	5	476	7	41	459	500	0	500	500	500	500	500	0	
3.6449954427e+02	494	5	479	9	38	462	500	0	500	500	500	500	500	0	
3.6499877561e+02	496	5	485	4	38	462	500	0	500	500	500	500	500	0	
3.6549931740e+02	498	2	488	1	55	445	500	0	500	500	500	500	500	0	
3.6599067072e+02	497	2	486	2	50	450	500	0	500	500	500	500	500	0	
3.6649961907e+02	496	2	483	2	30	470	500	0	500	500	500	500	500	0	
3.6699993266e+02	496	3	479	3	33	467	500	0	500	500	500	500	500	0	
3.6749869167e+02	496	3	478	4	48	452	500	0	500	500	500	500	500	0	
3.6799795795e+02	498	2	477	4	43	457	500	0	500	500	500	500	500	0	
3.6849881293e+02	497	4	474	6	34	466	500	0	500	500	500	500	500	0	
3.6899813197e+02	496	6	474	5	45	455	500	0	500	500	500	500	500	0	
3.6949723050e+02	499	4	470	7	41	459	500	0	500	500	500	500	500	0	
3.6999768478e+02	499	4	473	2	35	465	500	0	500	500	500	500	500	0	
3.7049970654e+02	499	4	466	6	43	457	500	0	500	500	500	500	500	0	
3.7099583071e+02	498	5	461	5	49	451	500	0	500	500	500	500	500	0	
3.7149805444e+02	496	8	465	4	49	451	500	0	500	500	500	500	500	0	
3.7198969490e+02	497	8	462	9	37	463	500	0	500	500	500	500	500	0	
3.7249861157e+02	499	8	458	13	48	452	500	0	500	500	500	500	500	0	
3.7299833553e+02	499	9	468	5	52	448	500	0	500	500	500	500	500	0	
3.7349761617e+02	499	10	467	8	36	464	500	0	500	500	500	500	500	0	
3.7399995260e+02	492	16	465	14	32	468	500	0	500	500	500	500	500	0	
3.7449919199e+02	494	16	467	12	50	450	500	0	500	500	500	500	500	0	
3.7499872180e+02	498	13	466	13	53	447	500	0	500	500	500	500	500	0	
3.7549810969e+02	502	9	465	14	41	459	500	0	500	500	500	500	500	0	
3.7599952589e+02	501	9	463	15	44	456	500	0	500	500	500	500	500	0	
3.7649978127e+02	503	6	475	6	33	467	500	0	500	500	500	500	500	0	
3.7699804583e+02	502	6	472	6	29	471	500	0	500	500	500	500	500	0	
3.7749967363e+02	500	6	473	6	37	463	500	0	500	500	500	500	500	0	
3.7799730801e+02	502	5	475	6	38	462	500	0	500	500	500	500	500	0	
3.7849714160e+02	503	7	475	7	36	464	500	0	500	500	500	500	500	0	
3.7899767133e+02	503	8	475	8	27	473	500	0	500	500	500	500	500	0	
3.7949309125e+02	503	8	469	9	30	470	500	0	500	500	500	500	500	0	
3.7999729626e+02	502	8	464	11	29	471	500	0	500	500	500	500	500	0	
3.8049855823e+02	501	9	464	9	20	480	500	0	500	500	500	500	500	0	
3.8099460761e+02	501	9	459	13	24	476	500	0	500	500	500	500	500	0	
3.8149960790e+02	498	11	459	15	35	465	500	0	500	500	500	500	500	0	
3.8199731064e+02	500	9	475	7	51	449	500	0	500	500	500	500	500	0	
3.8249987096e+02	501	9	479	5	49	451	500	0	500	500	500	500	500	0	
3.8299953867e+02	503	7	483	5	31	469	500	0	500	500	500	500	500	0	
3.8349992396e+02	505	8	477	12	37	463	500	0	500	500	500	500	500	0	
3.8399716128e+02	508	5	481	7	37	463	500	0	500	500	500	500	500	0	
3.8449931804e+02	508	8	484	7	41	459	500	0	500	500	500	500	500	0	
3.8499741303e+02	507	10	487	4	35	465	500	0	500	500	500	500	500	0	
3.8549661445e+02	506	12	477	14	47	453	500	0	500	500	500	500	500	0	
3.8599915464e+02	505	13	471	19	33	467	500	0	500	500	500	500	500	0	
3.8649977690e+02	504	13	481	9	25	475	500	0	500	500	500	500	500	0	
3.8699426049e+02	506	11	480	9	27	473	500	0	500	500	500	500	500	0	
3.8749820496e+02	513	6	477	9	27	473	500	0	500	500	500	500	500	0	
3.8799800448e+02	512	7	483	6	30	470	500	0	500	500	500	500	500	0	
3.8849987874e+02	513	7	482	7	42	458	500	0	500	500	500	500	500	0	
3.8899911884e+02	516	4	485	4	36	464	500	0	500	500	500	500	500	0	
3.8949775818e+02	517	5	484	4	34	466	500	0	500	500	500	500	500	0	
3.8999559120e+02	518	5	485	1	33	467	500	0	500	500	500	500	500	0	
3.9049977550e+02	518	5	473	6	41	459	500	0	500	500	500	500	500	0	
3.9099559992e+02	520	5	477	4	47	453	500	0	500	500	500	500	500	0	
3.9149910534e+02	521	4	469	11	37	463	500	0	500	500	500	500	500	0	
3.9199726372e+02	522	3	473	6	65	435	500	0	500	500	500	500	500	0	
3.9249847204e+02	522	4	477	4	51	449	500	0	500	500	500	500	500	0	
3.9299827799e+02	522	4	475	3	36	464	500	0	500	500	500	500	500	0	
3.9349672664e+02	524	4	482	2	41	459	500	0	500	500	500	500	500	0	
3.9399913072e+02	523	3	474	7	41	459	500	0	500	500	500	500	500	0	
3.9449908636e+02	524	4	476	6	41	459	500	0	500	500	500	500	500	0	
3.9499821449e+02	524	5	476	7	34	466	500	0	500	500	500	500	500	0	
3.9549589301e+02	526	4	481	3	48	452	500	0	500	500	500	500	500	0	
3.9599741967e+02	527	6	479	4	42	458	500	0	500	500	500	500	500	0	
3.9649953066e+02	527	7	477	8	42	458	500	0	500	500	500	500	500	0	
3.9699982956e+02	527	8	474	13	40	460	500	0	500	500	500	500	500	0	
3.9749896461e+02	529	7	484	8	34	466	500	0	500	500	500	500	500	0	
3.9799862098e+02	530	6	479	12	25	475	500	0	500	500	500	500	500	0	
3.9849896824e+02	528	11	473	16	46	454	500	0	500	500	500	500	500	0	
3.9899918622e+02	529	11	479	11	52	448	500	0	500	500	500	500	500	0	
3.9949621500e+02	530	8	474	11	55	445	500	0	500	500	500	500	500	0	
3.9999976838e+02	529	8	470	13	40	460	500	0	500	500	500	500	500	0	
4.0049913015e+02	525	8	468	13	43	457	500	0	500	500	500	500	500	0	
4.0099956761e+02	526	6	462	17	40	460	500	0	500	500	500	500	500	0	
4.0149877511e+02	526	6	466	16	35	465	500	0	500	500	500	500	500	0	
4.0199903450e+02	525	7	477	7	29	471	500	0	500	500	500	500	500	0	
4.0249998431e+02	524	11	475	9	32	468	500	0	500	500	500	500	500	0	
4.0299964057e+02	527	8	467	18	37	463	500	0	500	500	500	500	500	0	
4.0349296651e+02	525	12	469	14	49	451	500	0	500	500	500	500	500	0	
4.0399992815e+02	524	13	467	16	43	457	500	0	500	500	500	500	500	0	
4.0449536264e+02	524	14	468	16	41	459	500	0	500	500	500	500	500	0	
4.0499702639e+02	527	12	465	19	39	461	500	0	500	500	500	500	500	0	
4.0549710614e+02	528	13	466	20	50	450	500	0	500	500	500	500	500	0	
4.0599071630e+02	527	16	472	14	26	474	500	0	500	500	500	500	500	0	
4.0649966420e+02	534	11	480	8	29	471	500	0	500	500	500	500	500	0	
4.0699836226e+02	534	11	480	10	46	454	500	0	500	500	500	500	500	0	
4.0749677109e+02	536	10	479	11	34	466	500	0	500	500	500	500	500	0	
4.0799962862e+02	536	11	479	10	55	445	500	0	500	500	500	500	500	0	
4.0849923688e+02	538	9	478	11	62	438	500	0	500	500	500	500	500	0	
4.0899753169e+02	538	8	481	10	43	457	500	0	500	500	500	500	500	0	
4.0949979973e+02	539	10	481	13	58	442	500	0	500	500	500	500	500	0	
4.0999924135e+02	541	9	478	13	37	463	500	0	500	500	500	500	500	0	
4.1049880036e+02	542	8	474	14	31	469	500	0	500	500	500	500	500	0	
4.1099967995e+02	544	9	474	14	44	456	500	0	500	500	500	500	500	0	
4.1149985999e+02	547	6	481	9	31	469	500	0	500	500	500	500	500	0	
4.1199916656e+02	549	4	479	6	49	451	500	0	500	500	500	500	500	0	
4.1249922261e+02	552	3	480	5	45	455	500	0	500	500	500	500	500	0	
4.1299602236e+02	554	1	484	2	28	472	500	0	500	500	500	500	500	0	
4.1349560053e+02	554	2	482	6	35	465	500	0	500	500	500	500	500	0	
4.1399857672e+02	554	2	485	6	41	459	500	0	500	500	500	500	500	0	
4.1449463987e+02	554	2	487	7	34	466	500	0	500	500	500	500	500	0	
4.1499460372e+02	551	4	488	8	37	463	500	0	500	500	500	500	500	0	
4.1549642744e+02	551	4	489	7	21	479	500	0	500	500	500	500	500	0	
4.1599723708e+02	550	5	494	4	31	469	500	0	500	500	500	500	500	0	
4.1649948238e+02	552	4	489	7	28	472	500	0	500	500	500	500	500	0	
4.1699932642e+02	552	4	495	2	44	456	500	0	500	500	500	500	500	0	
4.1749944236e+02	550	4	491	9	42	458	500	0	500	500	500	500	500	0	
4.1799927889e+02	549	5	491	6	38	462	500	0	500	500	500	500	500	0	
4.1849823854e+02	551	2	492	5	36	464	500	0	500	500	500	500	500	0	
4.1899976499e+02	551	2	491	6	36	464	500	0	500	500	500	500	500	0	
4.1949872672e+02	550	2	497	2	31	469	500	0	500	500	500	500	500	0	
4.1999944573e+02	551	3	494	8	36	464	500	0	500	500	500	500	500	0	
4.2049985994e+02	551	3	490	8	26	474	500	0	500	500	500	500	500	0	
4.2099975907e+02	550	4	492	6	40	460	500	0	500	500	500	500	500	0	
4.2149972932e+02	552	3	497	5	47	453	500	0	500	500	500	500	500	0	
4.2199443415e+02	552	3	493	9	31	469	500	0	500	500	500	500	500	0	
4.2249924995e+02	552	4	498	4	44	456	500	0	500	500	500	500	500	0	
4.2299810632e+02	553	5	496	6	33	467	500	0	500	500	500	500	500	0	
4.2349535325e+02	554	4	495	6	41	459	500	0	500	500	500	500	500	0	
4.2399861645e+02	555	4	496	5	42	458	500	0	500	500	500	500	500	0	
4.2449853612e+02	555	5	497	2	37	463	500	0	500	500	500	500	500	0	
4.2499699420e+02	555	4	498	5	31	469	500	0	500	500	500	500	500	0	
4.2549926996e+02	554	5	494	7	20	480	500	0	500	500	500	500	500	0	
4.2599984305e+02	554	8	491	10	49	451	500	0	500	500	500	500	500	0	
4.2649550390e+02	552	11	492	11	48	452	500	0	500	500	500	500	500	0	
4.2699741329e+02	551	12	494	8	34	466	500	0	500	500	500	500	500	0	
4.2749683490e+02	552	10	491	11	43	457	500	0	500	500	500	500	500	0	
4.2799972139e+02	553	9	494	11	36	464	500	0	500	500	500	500	500	0	
4.2849917586e+02	551	9	500	4	38	462	500	0	500	500	500	500	500	0	
4.2899729028e+02	550	10	486	20	39	461	500	0	500	500	500	500	500	0	
4.2949815365e+02	546	13	492	13	54	446	500	0	500	500	500	500	500	0	
4.2999811518e+02	551	10	492	9	36	464	500	0	500	500	500	500	500	0	
4.3049713767e+02	553	8	491	13	41	459	500	0	500	500	500	500	500	0	
4.3099120333e+02	551	10	487	17	44	456	500	0	500	500	500	500	500	0	
4.3149566369e+02	553	11	494	10	44	456	500	0	500	500	500	500	500	0	
4.3199897023e+02	551	11	489	13	31	469	500	0	500	500	500	500	500	0	
4.3248707005e+02	553	10	489	13	43	457	500	0	500	500	500	500	500	0	
4.3299929460e+02	553	9	488	13	43	457	500	0	500	500	500	500	500	0	
4.3349601047e+02	551	13	489	13	34	466	500	0	500	500	500	500	500	0	
4.3399721019e+02	547	17	482	19	39	461	500	0	500	500	500	500	500	0	
4.3449577032e+02	548	17	488	12	48	452	500	0	500	500	500	500	500	0	
4.3499352132e+02	552	13	482	19	46	454	500	0	500	500	500	500	500	0	
4.3549988912e+02	554	12	480	19	43	457	500	0	500	500	500	500	500	0	
4.3599854144e+02	554	13	478	23	36	464	500	0	500	500	500	500	500	0	
4.3649959221e+02	556	12	487	16	43	457	500	0	500	500	500	500	500	0	
4.3699871626e+02	558	11	490	12	26	474	500	0	500	500	500	500	500	0	
4.3749954894e+02	558	10	493	13	34	466	500	0	500	500	500	500	500	0	
4.3799918242e+02	560	8	494	15	40	460	500	0	500	500	500	500	500	0	
4.3849992673e+02	561	7	496	11	50	450	500	0	500	500	500	500	500	0	
4.3899660114e+02	563	5	497	9	49	451	500	0	500	500	500	500	500	0	
4.3949917888e+02	564	3	498	10	46	454	500	0	500	500	500	500	500	0	
4.3999585652e+02	561	4	500	6	25	475	500	0	500	500	500	500	500	0	
4.4049390057e+02	559	6	501	8	33	467	500	0	500	500	500	500	500	0	
4.4099982951e+02	561	4	500	10	42	458	500	0	500	500	500	500	500	0	
4.4149831218e+02	560	4	505	4	23	477	500	0	500	500	500	500	500	0	
4.4199933499e+02	559	5	500	8	43	457	500	0	500	500	500	500	500	0	
4.4249490477e+02	557	6	496	13	46	454	500	0	500	500	500	500	500	0	
4.4299959948e+02	558	5	502	8	35	465	500	0	500	500	500	500	500	0	
4.4349658219e+02	560	3	499	10	33	467	500	0	500	500	500	500	500	0	
4.4399846497e+02	558	7	503	3	33	467	500	0	500	500	500	500	500	0	
4.4449931413e+02	562	3	496	4	35	465	500	0	500	500	500	500	500	0	
4.4499440734e+02	562	3	495	6	28	472	500	0	500	500	500	500	500	0	
4.4549903000e+02	561	6	482	18	28	472	500	0	500	500	500	500	500	0	
4.4599443205e+02	559	6	488	11	35	465	500	0	500	500	500	500	500	0	
4.4649980024e+02	557	8	483	12	28	472	500	0	500	500	500	500	500	0	
4.4699947842e+02	556	9	485	8	43	457	500	0	500	500	500	500	500	0	
4.4749944036e+02	560	6	483	7	44	456	500	0	500	500	500	500	500	0	
4.4799930026e+02	563	4	483	7	41	459	500	0	500	500	500	500	500	0	
4.4849175170e+02	563	5	482	6	37	463	500	0	500	500	500	500	500	0	
4.4899644478e+02	563	5	484	4	33	467	500	0	500	500	500	500	500	0	
4.4949825590e+02	565	5	484	6	37	463	500	0	500	500	500	500	500	0	
4.4999758812e+02	565	7	480	8	63	437	500	0	500	500	500	500	500	0	
4.5049888116e+02	566	6	481	5	49	451	500	0	500	500	500	500	500	0	
4.5099913720e+02	566	4	476	8	41	459	500	0	500	500	500	500	500	0	
4.5149741199e+02	564	5	479	7	40	460	500	0	500	500	500	500	500	0	
4.5199815322e+02	565	4	479	7	38	462	500	0	500	500	500	500	500	0	
4.5249855009e+02	564	5	481	7	30	470	500	0	500	500	500	500	500	0	
4.5299636349e+02	563	5	486	3	30	470	500	0	500	500	500	500	500	0	
4.5349842682e+02	562	6	480	8	44	456	500	0	500	500	500	500	500	0	
4.5399753467e+02	563	4	482	8	59	441	500	0	500	500	500	500	500	0	
4.5449683361e+02	564	3	482	6	39	461	500	0	500	500	500	500	500	0	
4.5499851589e+02	563	5	482	6	41	459	500	0	500	500	500	500	500	0	
4.5549922044e+02	564	4	480	8	51	449	500	0	500	500	500	500	500	0	
4.5599888196e+02	564	3	477	9	42	458	500	0	500	500	500	500	500	0	
4.5649862626e+02	560	7	479	9	40	460	500	0	500	500	500	500	500	0	
4.5699958973e+02	562	6	480	7	43	457	500	0	500	500	500	500	500	0	
4.5749586015e+02	561	6	479	9	41	459	500	0	500	500	500	500	500	0	
4.5799947053e+02	559	7	478	9	33	467	500	0	500	500	500	500	500	0	
4.5849992205e+02	561	6	475	10	39	461	500	0	500	500	500	500	500	0	
4.5899822254e+02	558	9	474	13	30	470	500	0	500	500	500	500	500	0	
4.5949818133e+02	560	10	475	12	30	470	500	0	500	500	500	500	500	0	
4.5999853374e+02	561	10	480	9	39	461	500	0	500	500	500	500	500	0	
4.6049434594e+02	559	11	481	14	44	456	500	0	500	500	500	500	500	0	
4.6099427552e+02	560	10	483	14	36	464	500	0	500	500	500	500	500	0	
4.6149889207e+02	559	13	486	12	37	463	500	0	500	500	500	500	500	0	
4.6199954955e+02	561	11	482	14	31	469	500	0	500	500	500	500	500	0	
4.6249723168e+02	561	11	482	13	44	456	500	0	500	500	500	500	500	0	
4.6299847051e+02	563	10	481	12	45	455	500	0	500	500	500	500	500	0	
4.6349995915e+02	563	9	479	13	28	472	500	0	500	500	500	500	500	0	
4.6399978794e+02	562	10	483	7	40	460	500	0	500	500	500	500	500	0	
4.6449974334e+02	563	10	483	10	44	456	500	0	500	500	500	500	500	0	
4.6499899812e+02	564	9	483	11	37	463	500	0	500	500	500	500	500	0	
4.6549783667e+02	566	8	480	14	30	470	500	0	500	500	500	500	500	0	
4.6599841670e+02	567	6	487	12	37	463	500	0	500	500	500	500	500	0	
4.6649796524e+02	570	3	490	10	50	450	500	0	500	500	500	500	500	0	
4.6699832165e+02	570	3	489	11	42	458	500	0	500	500	500	500	500	0	
4.6749854990e+02	569	5	494	6	44	456	500	0	500	500	500	500	500	0	
4.6799783166e+02	562	11	497	8	42	458	500	0	500	500	500	500	500	0	
4.6849435013e+02	562	9	500	6	42	458	500	0	500	500	500	500	500	0	
4.6899899948e+02	561	9	500	8	46	454	500	0	500	500	500	500	500	0	
4.6949959170e+02	562	7	503	6	45	455	500	0	500	500	500	500	500	0	
4.6999958242e+02	567	2	500	8	50	450	500	0	500	500	500	500	500	0	
4.7049918676e+02	566	2	498	8	39	461	500	0	500	500	500	500	500	0	
4.7099505340e+02	565	5	499	9	37	463	500	0	500	500	500	500	500	0	
4.7149979684e+02	564	10	486	20	32	468	500	0	500	500	500	500	500	0	
4.7199751320e+02	566	8	497	10	40	460	500	0	500	500	500	500	500	0	
4.7249843229e+02	564	11	500	9	38	462	500	0	500	500	500	500	500	0	
4.7299609383e+02	562	10	499	10	36	464	500	0	500	500	500	500	500	0	
4.7349913150e+02	560	12	496	11	36	464	500	0	500	500	500	500	500	0	
4.7399944364e+02	563	11	494	16	28	472	500	0	500	500	500	500	500	0	
4.7449989503e+02	564	11	499	13	35	465	500	0	500	500	500	500	500	0	
4.7499988101e+02	563	11	490	20	34	466	500	0	500	500	500	500	500	0	
4.7549876141e+02	561	14	491	17	43	457	500	0	500	500	500	500	500	0	
4.7599921282e+02	563	14	484	23	45	455	500	0	500	500	500	500	500	0	
4.7649779680e+02	560	16	487	21	30	470	500	0	500	500	500	500	500	0	
4.7699932438e+02	559	21	492	17	53	447	500	0	500	500	500	500	500	0	
4.7749850817e+02	563	18	484	24	36	464	500	0	500	500	500	500	500	0	
4.7799939843e+02	570	12	489	17	46	454	500	0	500	500	500	500	500	0	
4.7849931369e+02	575	6	493	13	24	476	500	0	500	500	500	500	500	0	
4.7899977808e+02	573	10	499	9	31	469	500	0	500	500	500	500	500	0	
4.7949957265e+02	573	10	497	10	32	468	500	0	500	500	500	500	500	0	
4.7999849291e+02	570	13	491	13	48	452	500	0	500	500	500	500	500	0	
4.8049850748e+02	571	11	487	16	33	467	500	0	500	500	500	500	500	0	
4.8099746812e+02	576	8	493	10	40	460	500	0	500	500	500	500	500	0	
4.8149787744e+02	576	11	494	12	48	452	500	0	500	500	500	500	500	0	
4.8199971802e+02	579	8	496	11	56	444	500	0	500	500	500	500	500	0	
4.8249858888e+02	578	10	493	12	56	444	500	0	500	500	500	500	500	0	
4.8299916806e+02	581	9	496	10	36	464	500	0	500	500	500	500	500	0	
4.8349861033e+02	586	4	490	9	41	459	500	0	500	500	500	500	500	0	
4.8399892935e+02	584	7	491	9	34	466	500	0	500	500	500	500	500	0	
4.8449968089e+02	583	11	491	12	42	458	500	0	500	500	500	500	500	0	
4.8499967819e+02	583	10	487	13	44	456	500	0	500	500	500	500	500	0	
4.8549426311e+02	583	10	487	13	37	463	500	0	500	500	500	500	500	0	
4.8599973015e+02	584	13	485	16	43	457	500	0	500	500	500	500	500	0	
4.8649437522e+02	587	7	487	15	35	465	500	0	500	500	500	500	500	0	
4.8699891941e+02	587	7	489	11	42	458	500	0	500	500	500	500	500	0	
4.8749894834e+02	588	6	493	8	34	466	500	0	500	500	500	500	500	0	
4.8799951989e+02	589	9	496	7	33	467	500	0	500	500	500	500	500	0	
4.8849848098e+02	590	6	497	5	33	467	500	0	500	500	500	500	500	0	
4.8899955788e+02	594	2	492	9	36	464	500	0	500	500	500	500	500	0	
4.8949778186e+02	591	5	496	6	45	455	500	0	500	500	500	500	500	0	
4.8999891153e+02	593	3	487	10	49	451	500	0	500	500	500	500	500	0	
4.9049808498e+02	595	4	489	4	33	467	500	0	500	500	500	500	500	0	
4.9099992899e+02	594	4	491	3	50	450	500	0	500	500	500	500	500	0	
4.9149906567e+02	594	6	484	5	40	460	500	0	500	500	500	500	500	0	
4.9199984418e+02	595	7	485	4	27	473	500	0	500	500	500	500	500	0	
4.9249752175e+02	594	7	486	8	32	468	500	0	500	500	500	500	500	0	
4.9299807752e+02	598	4	491	4	40	460	500	0	500	500	500	500	500	0	
4.9349579580e+02	598	5	492	3	36	464	500	0	500	500	500	500	500	0	
4.9399890226e+02	598	6	485	9	49	451	500	0	500	500	500	500	500	0	
4.9449554226e+02	601	5	477	17	38	462	500	0	500	500	500	500	500	0	
4.9499639014e+02	602	5	485	6	35	465	500	0	500	500	500	500	500	0	
4.9549975645e+02	604	4	480	9	48	452	500	0	500	500	500	500	500	0	
4.9599913768e+02	599	6	482	7	39	461	500	0	500	500	500	500	500	0	
4.9649782896e+02	599	7	475	12	57	443	500	0	500	500	500	500	500	0	
4.9699866122e+02	598	10	479	12	31	469	500	0	500	500	500	500	500	0	
4.9749461074e+02	599	9	481	8	35	465	500	0	500	500	500	500	500	0	
4.9799961954e+02	604	5	484	7	50	450	500	0	500	500	500	500	500	0	
4.9849760782e+02	603	6	482	7	43	457	500	0	500	500	500	500	500	0	
4.9899731670e+02	600	10	474	13	31	469	500	0	500	500	500	500	500	0	
4.9949919597e+02	598	11	471	12	25	475	500	0	500	500	500	500	500	0	
4.9999980856e+02	597	13	471	16	41	459	500	0	500	500	500	500	500	0	
5.0000097957e+02	597	13	471	16	40	460	500	0	500	500	500	500	500	0	
