0.0000000000e+00	0	0	0	0	0	500	500	0	500	500	500	0	0	0	
4.5811701796e-01	0	1	2	0	0	500	500	0	500	500	500	0	0	0	
9.7096762510e-01	0	1	7	0	0	500	500	0	500	500	500	0	0	0	
1.3926417087e+00	0	2	14	0	0	500	500	0	500	500	500	0	0	0	
1.9389482546e+00	1	1	16	0	0	500	500	0	500	500	500	0	0	0	
2.4087345684e+00	1	2	15	1	0	500	500	0	500	500	500	0	0	0	
2.9107761302e+00	2	2	19	0	0	500	500	0	500	500	500	0	0	0	
3.1543569775e+00	2	2	21	0	0	500	500	0	500	500	500	0	0	0	
3.8919623237e+00	2	2	25	0	0	500	500	0	500	500	500	0	0	0	
4.4854124039e+00	2	3	29	0	0	500	500	0	500	500	500	0	0	0	
4.9620644354e+00	2	3	31	1	0	500	500	0	500	500	500	0	0	0	
5.4855374386e+00	2	4	34	1	0	500	500	0	500	500	500	0	0	0	
5.7906275542e+00	3	3	34	1	0	500	500	0	500	500	500	0	0	0	
6.4176811987e+00	4	5	34	3	0	500	500	0	500	500	500	0	0	0	
6.9216587475e+00	6	3	41	1	0	500	500	0	500	500	500	0	0	0	
7.4712021308e+00	7	3	38	4	0	500	500	0	500	500	500	0	0	0	
7.9935764690e+00	8	5	41	3	0	500	500	0	500	500	500	0	0	0	
8.4743565355e+00	9	5	45	2	0	500	500	0	500	500	500	0	0	0	
8.9851152140e+00	10	4	47	0	0	500	500	0	500	500	500	0	0	0	
9.4900269007e+00	13	5	48	2	0	500	500	0	500	500	500	0	0	0	
9.9394632705e+00	14	4	50	2	0	500	500	0	500	500	500	0	0	0	
1.0467396456e+01	16	2	52	3	0	500	500	0	500	500	500	0	0	0	
1.0835099691e+01	16	3	58	0	0	500	500	0	500	500	500	0	0	0	
1.1469946934e+01	17	4	57	1	0	500	500	0	500	500	500	0	0	0	
1.1958603629e+01	18	3	61	0	0	500	500	0	500	500	500	0	0	0	
1.2308253741e+01	18	3	61	1	0	500	500	0	500	500	500	0	0	0	
1.2941102010e+01	18	4	62	2	0	500	500	0	500	500	500	0	0	0	
1.3418974888e+01	19	3	65	2	0	500	500	0	500	500	500	0	0	0	
1.3908097421e+01	21	2	65	3	0	500	500	0	500	500	500	0	0	0	
1.4381206035e+01	22	2	68	1	0	500	500	0	500	500	500	0	0	0	
1.4919204440e+01	23	2	72	1	0	500	500	0	500	500	500	0	0	0	
1.5479439123e+01	24	3	76	2	0	500	500	0	500	500	500	0	0	0	
1.5996325931e+01	24	5	80	1	0	500	500	0	500	500	500	0	0	0	
1.6393219407e+01	24	5	83	2	0	500	500	0	500	500	500	0	0	0	
1.6983134063e+01	26	6	84	3	0	500	500	0	500	500	500	0	0	0	
1.7494008503e+01	29	3	88	2	0	500	500	0	500	500	500	0	0	0	
1.7958330139e+01	30	4	89	0	0	500	500	0	500	500	500	0	0	0	
1.8497162626e+01	31	5	91	2	0	500	500	0	500	500	500	0	0	0	
1.8975544453e+01	31	5	91	4	0	500	500	0	500	500	500	0	0	0	
1.9449940216e+01	32	5	94	4	0	500	500	0	500	500	500	0	0	0	
1.9958471735e+01	33	4	99	3	0	500	500	0	500	500	500	0	0	0	
2.0475328215e+01	34	3	103	2	0	500	500	0	500	500	500	0	0	0	
2.0940083282e+01	36	1	106	1	0	500	500	0	500	500	500	0	0	0	
2.1497093849e+01	36	3	111	0	0	500	500	0	500	500	500	0	0	0	
2.1807447388e+01	37	3	115	0	0	500	500	0	500	500	500	0	0	0	
2.2424732007e+01	37	3	118	0	0	500	500	0	500	500	500	0	0	0	
2.2936477392e+01	37	4	120	1	0	500	500	0	500	500	500	0	0	0	
2.3461276833e+01	38	6	125	1	0	500	500	0	500	500	500	0	0	0	
2.3961800285e+01	38	6	124	3	0	500	500	0	500	500	500	0	0	0	
2.4448978316e+01	38	6	127	2	0	500	500	0	500	500	500	0	0	0	
2.4980241729e+01	40	4	131	2	0	500	500	0	500	500	500	0	0	0	
2.5290081077e+01	40	4	133	0	0	500	500	0	500	500	500	0	0	0	
2.5970992253e+01	42	2	139	0	0	500	500	0	500	500	500	0	0	0	
2.6470272416e+01	43	1	143	0	0	500	500	0	500	500	500	0	0	0	
2.6983579295e+01	44	1	145	0	0	500	500	0	500	500	500	0	0	0	
2.7484528179e+01	44	4	144	2	0	500	500	0	500	500	500	0	0	0	
2.7955671941e+01	46	2	149	1	0	500	500	0	500	500	500	0	0	0	
2.8464030454e+01	48	1	149	3	0	500	500	0	500	500	500	0	0	0	
2.8977504093e+01	48	2	153	2	0	500	500	0	500	500	500	0	0	0	
2.9479765268e+01	49	2	153	0	0	500	500	0	500	500	500	0	0	0	
2.9994228968e+01	49	3	155	2	0	500	500	0	500	500	500	0	0	0	
3.0466784242e+01	49	4	156	3	0	500	500	0	500	500	500	0	0	0	
3.0984602126e+01	48	5	156	4	0	500	500	0	500	500	500	0	0	0	
3.1472257259e+01	49	7	158	3	0	500	500	0	500	500	500	0	0	0	
3.1945278786e+01	50	7	162	3	0	500	500	0	500	500	500	0	0	0	
3.2494659955e+01	52	7	166	4	0	500	500	0	500	500	500	0	0	0	
3.2966095367e+01	54	7	167	6	0	500	500	0	500	500	500	0	0	0	
3.3489323369e+01	56	5	168	5	0	500	500	0	500	500	500	0	0	0	
3.3950488724e+01	58	3	173	0	0	500	500	0	500	500	500	0	0	0	
3.4495992805e+01	58	4	175	0	0	500	500	0	500	500	500	0	0	0	
3.4994275113e+01	59	5	175	2	0	500	500	0	500	500	500	0	0	0	
3.5463356901e+01	61	3	175	3	0	500	500	0	500	500	500	0	0	0	
3.5977106310e+01	61	4	180	1	0	500	500	0	500	500	500	0	0	0	
3.6497544602e+01	61	6	182	2	0	500	500	0	500	500	500	0	0	0	
3.6897438044e+01	63	4	183	1	0	500	500	0	500	500	500	0	0	0	
3.7450997696e+01	64	3	188	0	0	500	500	0	500	500	500	0	0	0	
3.7957487113e+01	65	2	189	1	0	500	500	0	500	500	500	0	0	0	
3.8493020508e+01	65	4	187	5	0	500	500	0	500	500	500	0	0	0	
3.8988345706e+01	66	4	194	2	0	500	500	0	500	500	500	0	0	0	
3.9437484725e+01	67	5	195	3	0	500	500	0	500	500	500	0	0	0	
3.9983916326e+01	68	6	198	2	0	500	500	0	500	500	500	0	0	0	
4.0260530691e+01	70	4	202	0	0	500	500	0	500	500	500	0	0	0	
4.0995107338e+01	71	4	201	3	0	500	500	0	500	500	500	0	0	0	
4.1458143495e+01	73	3	199	4	0	500	500	0	500	500	500	0	0	0	
4.1953639518e+01	74	3	199	2	0	500	500	0	500	500	500	0	0	0	
4.2495267640e+01	74	4	197	4	0	500	500	0	500	500	500	0	0	0	
4.2993448443e+01	75	4	201	2	0	500	500	0	500	500	500	0	0	0	
4.3495013637e+01	76	3	202	2	0	500	500	0	500	500	500	0	0	0	
4.3972739612e+01	76	6	202	2	0	500	500	0	500	500	500	0	0	0	
4.4456791701e+01	77	5	201	6	0	500	500	0	500	500	500	0	0	0	
4.4968775285e+01	79	4	202	6	0	500	500	0	500	500	500	0	0	0	
4.5492489992e+01	79	4	205	3	0	500	500	0	500	500	500	0	0	0	
4.5955756319e+01	79	5	209	2	0	500	500	0	500	500	500	0	0	0	
4.6393611681e+01	80	5	206	7	0	500	500	0	500	500	500	0	0	0	
4.6994216794e+01	81	5	211	1	0	500	500	0	500	500	500	0	0	0	
4.7498795080e+01	81	5	214	1	0	500	500	0	500	500	500	0	0	0	
4.7988199484e+01	81	5	217	1	0	500	500	0	500	500	500	0	0	0	
4.8447036542e+01	81	5	220	1	0	500	500	0	500	500	500	0	0	0	
4.8917690964e+01	83	3	224	0	0	500	500	0	500	500	500	0	0	0	
4.9485453430e+01	84	3	225	0	0	500	500	0	500	500	500	0	0	0	
4.9932705730e+01	87	1	225	0	0	500	500	0	500	500	500	0	0	0	
5.0162994536e+01	87	1	224	0	0	500	500	0	500	500	500	0	0	0	
5.0521177420e+01	87	1	225	0	0	500	500	0	500	500	500	0	0	0	
5.1456281368e+01	88	1	224	2	0	500	500	0	500	500	500	0	0	0	
5.1929129345e+01	88	1	223	2	0	500	500	0	500	500	500	0	0	0	
5.2494696074e+01	88	4	224	3	0	500	500	0	500	500	500	0	0	0	
5.2853043585e+01	88	5	230	2	0	500	500	0	500	500	500	0	0	0	
5.3427544782e+01	89	6	232	2	0	500	500	0	500	500	500	0	0	0	
5.3996478012e+01	89	8	232	3	0	500	500	0	500	500	500	0	0	0	
5.4490404354e+01	92	7	232	2	0	500	500	0	500	500	500	0	0	0	
5.4998345138e+01	95	4	233	3	0	500	500	0	500	500	500	0	0	0	
5.5456222177e+01	95	5	233	3	0	500	500	0	500	500	500	0	0	0	
5.5984354956e+01	97	6	237	0	0	500	500	0	500	500	500	0	0	0	
5.6490335503e+01	100	4	238	0	0	500	500	0	500	500	500	0	0	0	
5.6956610699e+01	100	4	236	2	0	500	500	0	500	500	500	0	0	0	
5.7478665372e+01	103	2	237	1	0	500	500	0	500	500	500	0	0	0	
5.7966863346e+01	102	6	240	2	0	500	500	0	500	500	500	0	0	0	
5.8462100750e+01	102	6	243	0	0	500	500	0	500	500	500	0	0	0	
5.8961840000e+01	102	8	236	8	0	500	500	0	500	500	500	0	0	0	
5.9485362648e+01	102	8	240	7	0	500	500	0	500	500	500	0	0	0	
5.9993778619e+01	104	7	244	5	0	500	500	0	500	500	500	0	0	0	
6.0492005631e+01	106	5	243	9	0	500	500	0	500	500	500	0	0	0	
6.0989478833e+01	107	6	246	8	0	500	500	0	500	500	500	0	0	0	
6.1487114151e+01	110	5	252	4	0	500	500	0	500	500	500	0	0	0	
6.1902010280e+01	111	4	255	4	0	500	500	0	500	500	500	0	0	0	
6.2446020087e+01	111	4	258	4	0	500	500	0	500	500	500	0	0	0	
6.2915013119e+01	112	3	256	6	0	500	500	0	500	500	500	0	0	0	
6.3496066973e+01	113	4	263	2	0	500	500	0	500	500	500	0	0	0	
6.3965614925e+01	113	4	264	2	0	500	500	0	500	500	500	0	0	0	
6.4485490484e+01	113	5	262	6	0	500	500	0	500	500	500	0	0	0	
6.4994112715e+01	115	4	269	4	0	500	500	0	500	500	500	0	0	0	
6.5485644056e+01	116	5	268	4	0	500	500	0	500	500	500	0	0	0	
6.5977714786e+01	117	5	263	8	0	500	500	0	500	500	500	0	0	0	
6.6464327086e+01	118	4	271	5	0	500	500	0	500	500	500	0	0	0	
6.6977817184e+01	118	6	273	3	0	500	500	0	500	500	500	0	0	0	
6.7497138148e+01	122	3	276	4	0	500	500	0	500	500	500	0	0	0	
6.7983158771e+01	122	4	280	0	0	500	500	0	500	500	500	0	0	0	
6.8497868480e+01	122	4	280	3	0	500	500	0	500	500	500	0	0	0	
6.8996144400e+01	122	5	280	4	0	500	500	0	500	500	500	0	0	0	
6.9463474695e+01	123	6	281	5	0	500	500	0	500	500	500	0	0	0	
6.9950528208e+01	123	6	285	4	0	500	500	0	500	500	500	0	0	0	
7.0486048716e+01	124	5	279	9	0	500	500	0	500	500	500	0	0	0	
7.0999853699e+01	125	4	285	5	0	500	500	0	500	500	500	0	0	0	
7.1484010863e+01	126	6	288	2	0	500	500	0	500	500	500	0	0	0	
7.1986427920e+01	128	6	292	2	0	500	500	0	500	500	500	0	0	0	
7.2495124179e+01	129	7	288	8	0	500	500	0	500	500	500	0	0	0	
7.2989279072e+01	131	8	291	7	0	500	500	0	500	500	500	0	0	0	
7.3484569351e+01	135	5	295	3	0	500	500	0	500	500	500	0	0	0	
7.3993705902e+01	135	5	294	4	0	500	500	0	500	500	500	0	0	0	
7.4498995251e+01	135	5	295	4	0	500	500	0	500	500	500	0	0	0	
7.4970301434e+01	136	4	302	3	0	500	500	0	500	500	500	0	0	0	
7.5476683959e+01	136	5	300	5	0	500	500	0	500	500	500	0	0	0	
7.5972337330e+01	137	4	303	5	0	500	500	0	500	500	500	0	0	0	
7.6498107506e+01	137	6	309	3	0	500	500	0	500	500	500	0	0	0	
7.6999949646e+01	137	6	313	1	0	500	500	0	500	500	500	0	0	0	
7.7488497740e+01	137	7	318	1	0	500	500	0	500	500	500	0	0	0	
7.7989148870e+01	141	4	316	2	0	500	500	0	500	500	500	0	0	0	
7.8495283653e+01	142	4	316	3	0	500	500	0	500	500	500	0	0	0	
7.8938329192e+01	141	5	313	3	0	500	500	0	500	500	500	0	0	0	
7.9497179893e+01	141	5	314	5	0	500	500	0	500	500	500	0	0	0	
7.9992112303e+01	141	4	316	6	0	500	500	0	500	500	500	0	0	0	
8.0431845293e+01	142	7	319	1	0	500	500	0	500	500	500	0	0	0	
8.0999930507e+01	142	7	312	7	0	500	500	0	500	500	500	0	0	0	
8.1462348538e+01	143	7	312	8	0	500	500	0	500	500	500	0	0	0	
8.1983624609e+01	145	7	314	8	0	500	500	0	500	500	500	0	0	0	
8.2492790788e+01	147	5	325	1	0	500	500	0	500	500	500	0	0	0	
8.2957358941e+01	149	5	326	2	0	500	500	0	500	500	500	0	0	0	
8.3441329007e+01	151	5	323	1	0	500	500	0	500	500	500	0	0	0	
8.3973693459e+01	154	2	326	2	0	500	500	0	500	500	500	0	0	0	
8.4471976566e+01	156	0	332	2	0	500	500	0	500	500	500	0	0	0	
8.4988316386e+01	156	2	335	1	0	500	500	0	500	500	500	0	0	0	
8.5463150863e+01	156	2	336	3	0	500	500	0	500	500	500	0	0	0	
8.5828985718e+01	157	1	339	1	0	500	500	0	500	500	500	0	0	0	
8.6430463594e+01	157	1	340	1	0	500	500	0	500	500	500	0	0	0	
8.6896575118e+01	157	1	339	2	0	500	500	0	500	500	500	0	0	0	
8.7470065013e+01	157	3	335	3	0	500	500	0	500	500	500	0	0	0	
8.7954659556e+01	158	2	333	2	0	500	500	0	500	500	500	0	0	0	
8.8473984621e+01	158	3	337	2	0	500	500	0	500	500	500	0	0	0	
8.8984107179e+01	159	4	339	4	0	500	500	0	500	500	500	0	0	0	
8.9497446555e+01	160	5	333	7	0	500	500	0	500	500	500	0	0	0	
8.9989456757e+01	162	3	336	4	0	500	500	0	500	500	500	0	0	0	
9.0496566994e+01	161	5	337	4	0	500	500	0	500	500	500	0	0	0	
9.0949179696e+01	163	3	342	3	0	500	500	0	500	500	500	0	0	0	
9.1486594389e+01	164	3	344	2	0	500	500	0	500	500	500	0	0	0	
9.1959994873e+01	165	5	345	1	0	500	500	0	500	500	500	0	0	0	
9.2489800080e+01	167	3	342	3	0	500	500	0	500	500	500	0	0	0	
9.2996775869e+01	167	2	345	2	0	500	500	0	500	500	500	0	0	0	
9.3393735214e+01	168	1	346	4	0	500	500	0	500	500	500	0	0	0	
9.3997046783e+01	169	1	345	4	0	500	500	0	500	500	500	0	0	0	
9.4497976735e+01	169	4	349	3	0	500	500	0	500	500	500	0	0	0	
9.4983961100e+01	169	6	347	7	0	500	500	0	500	500	500	0	0	0	
9.5492812685e+01	169	7	352	5	0	500	500	0	500	500	500	0	0	0	
9.5954410621e+01	171	5	354	4	0	500	500	0	500	500	500	0	0	0	
9.6497104468e+01	173	4	355	3	0	500	500	0	500	500	500	0	0	0	
9.6879811489e+01	173	5	353	1	0	500	500	0	500	500	500	0	0	0	
9.7489378075e+01	174	7	350	3	0	500	500	0	500	500	500	0	0	0	
9.7935407938e+01	175	6	352	2	0	500	500	0	500	500	500	0	0	0	
9.8468117843e+01	176	6	346	6	0	500	500	0	500	500	500	0	0	0	
9.8994794315e+01	176	7	349	5	0	500	500	0	500	500	500	0	0	0	
9.9476501910e+01	177	7	349	5	0	500	500	0	500	500	500	0	0	0	
9.9991086439e+01	177	9	348	10	0	500	500	0	500	500	500	0	0	0	
1.0048799827e+02	178	8	352	7	0	500	500	0	500	500	500	0	0	0	
1.0097333590e+02	179	9	348	12	0	500	500	0	500	500	500	0	0	0	
1.0146976212e+02	182	6	354	6	0	500	500	0	500	500	500	0	0	0	
1.0198856355e+02	184	7	355	8	0	500	500	0	500	500	500	0	0	0	
1.0248872906e+02	187	6	355	9	0	500	500	0	500	500	500	0	0	0	
1.0299521342e+02	189	6	357	6	0	500	500	0	500	500	500	0	0	0	
1.0349753715e+02	190	7	353	13	0	500	500	0	500	500	500	0	0	0	
1.0397196641e+02	190	7	360	8	0	500	500	0	500	500	500	0	0	0	
1.0448800757e+02	190	8	361	7	0	500	500	0	500	500	500	0	0	0	
1.0498987493e+02	191	7	366	4	0	500	500	0	500	500	500	0	0	0	
1.0542365857e+02	191	8	365	3	0	500	500	0	500	500	500	0	0	0	
1.0591887461e+02	194	6	366	2	0	500	500	0	500	500	500	0	0	0	
1.0646654761e+02	195	6	365	5	0	500	500	0	500	500	500	0	0	0	
1.0699966675e+02	198	3	365	3	0	500	500	0	500	500	500	0	0	0	
1.0741843886e+02	198	4	364	1	0	500	500	0	500	500	500	0	0	0	
1.0798138680e+02	199	4	363	2	0	500	500	0	500	500	500	0	0	0	
1.0848496367e+02	198	5	363	1	0	500	500	0	500	500	500	0	0	0	
1.0899169054e+02	199	5	362	4	0	500	500	0	500	500	500	0	0	0	
1.0949279929e+02	198	7	357	8	0	500	500	0	500	500	500	0	0	0	
1.0997416522e+02	198	7	362	6	0	500	500	0	500	500	500	0	0	0	
1.1049486517e+02	197	6	359	9	0	500	500	0	500	500	500	0	0	0	
1.1096636323e+02	198	7	366	7	0	500	500	0	500	500	500	0	0	0	
1.1149946515e+02	198	7	368	6	0	500	500	0	500	500	500	0	0	0	
1.1194544510e+02	197	9	371	7	0	500	500	0	500	500	500	0	0	0	
1.1247869701e+02	201	6	375	6	0	500	500	0	500	500	500	0	0	0	
1.1296506190e+02	200	8	374	10	0	500	500	0	500	500	500	0	0	0	
1.1349301148e+02	199	11	369	13	0	500	500	0	500	500	500	0	0	0	
1.1399868639e+02	199	11	378	5	0	500	500	0	500	500	500	0	0	0	
1.1444505797e+02	199	12	376	9	0	500	500	0	500	500	500	0	0	0	
1.1499387581e+02	201	11	382	6	0	500	500	0	500	500	500	0	0	0	
1.1549699511e+02	207	7	380	9	0	500	500	0	500	500	500	0	0	0	
1.1598647563e+02	210	6	384	6	0	500	500	0	500	500	500	0	0	0	
1.1647402267e+02	211	5	387	3	0	500	500	0	500	500	500	0	0	0	
1.1694962298e+02	213	4	391	3	0	500	500	0	500	500	500	0	0	0	
1.1749616337e+02	215	2	394	3	0	500	500	0	500	500	500	0	0	0	
1.1795784885e+02	215	4	389	2	0	500	500	0	500	500	500	0	0	0	
1.1841174855e+02	215	5	389	2	0	500	500	0	500	500	500	0	0	0	
1.1899876390e+02	215	5	390	2	0	500	500	0	500	500	500	0	0	0	
1.1947161942e+02	218	4	386	5	0	500	500	0	500	500	500	0	0	0	
1.1997376009e+02	220	2	384	8	0	500	500	0	500	500	500	0	0	0	
1.2047216898e+02	219	3	390	4	0	500	500	0	500	500	500	0	0	0	
1.2093199112e+02	220	3	391	4	0	500	500	0	500	500	500	0	0	0	
1.2146334391e+02	221	2	391	4	0	500	500	0	500	500	500	0	0	0	
1.2189881813e+02	221	3	393	1	0	500	500	0	500	500	500	0	0	0	
1.2247856563e+02	221	5	393	1	0	500	500	0	500	500	500	0	0	0	
1.2299154856e+02	220	6	387	6	0	500	500	0	500	500	500	0	0	0	
1.2348211372e+02	222	4	392	3	0	500	500	0	500	500	500	0	0	0	
1.2395127509e+02	222	4	390	4	0	500	500	0	500	500	500	0	0	0	
1.2444523263e+02	222	5	388	8	0	500	500	0	500	500	500	0	0	0	
1.2496256145e+02	223	4	386	9	0	500	500	0	500	500	500	0	0	0	
1.2549163011e+02	223	6	390	2	0	500	500	0	500	500	500	0	0	0	
1.2599471807e+02	224	6	386	4	0	500	500	0	500	500	500	0	0	0	
1.2647185124e+02	227	3	383	7	0	500	500	0	500	500	500	0	0	0	
1.2697482003e+02	227	5	388	6	0	500	500	0	500	500	500	0	0	0	
1.2749709207e+02	228	5	389	7	0	500	500	0	500	500	500	0	0	0	
1.2799806990e+02	229	4	392	2	0	500	500	0	500	500	500	0	0	0	
1.2848851819e+02	231	3	392	3	0	500	500	0	500	500	500	0	0	0	
1.2889162965e+02	232	2	396	1	0	500	500	0	500	500	500	0	0	0	
1.2942560038e+02	230	2	393	1	0	500	500	0	500	500	500	0	0	0	
1.2998474145e+02	230	2	393	2	0	500	500	0	500	500	500	0	0	0	
1.3036719466e+02	230	2	397	1	0	500	500	0	500	500	500	0	0	0	
1.3098160647e+02	231	3	395	5	0	500	500	0	500	500	500	0	0	0	
1.3146811531e+02	231	5	397	4	0	500	500	0	500	500	500	0	0	0	
1.3197673643e+02	230	6	395	6	0	500	500	0	500	500	500	0	0	0	
1.3249757192e+02	232	3	394	6	0	500	500	0	500	500	500	0	0	0	
1.3297526557e+02	231	3	394	7	0	500	500	0	500	500	500	0	0	0	
1.3349801100e+02	231	5	397	4	0	500	500	0	500	500	500	0	0	0	
1.3398525468e+02	232	4	396	6	0	500	500	0	500	500	500	0	0	0	
1.3444564227e+02	231	4	397	3	0	500	500	0	500	500	500	0	0	0	
1.3499328033e+02	231	5	398	2	0	500	500	0	500	500	500	0	0	0	
1.3540308105e+02	231	5	400	3	0	500	500	0	500	500	500	0	0	0	
1.3599680696e+02	232	5	394	8	0	500	500	0	500	500	500	0	0	0	
1.3640402362e+02	231	5	404	1	0	500	500	0	500	500	500	0	0	0	
1.3699199103e+02	234	2	403	1	0	500	500	0	500	500	500	0	0	0	
1.3748909547e+02	233	4	402	3	0	500	500	0	500	500	500	0	0	0	
1.3798762912e+02	234	3	402	3	0	500	500	0	500	500	500	0	0	0	
1.3849118155e+02	233	4	404	2	0	500	500	0	500	500	500	0	0	0	
1.3895907224e+02	234	3	405	2	0	500	500	0	500	500	500	0	0	0	
1.3945286241e+02	234	4	403	4	0	500	500	0	500	500	500	0	0	0	
1.3995091429e+02	233	6	401	3	0	500	500	0	500	500	500	0	0	0	
1.4045650987e+02	233	5	397	3	0	500	500	0	500	500	500	0	0	0	
1.4095827312e+02	234	4	402	3	0	500	500	0	500	500	500	0	0	0	
1.4147918467e+02	233	5	400	5	0	500	500	0	500	500	500	0	0	0	
1.4198691102e+02	232	8	400	6	0	500	500	0	500	500	500	0	0	0	
1.4249907292e+02	233	6	401	3	0	500	500	0	500	500	500	0	0	0	
1.4298188401e+02	232	9	402	2	0	500	500	0	500	500	500	0	0	0	
1.4348879541e+02	234	7	400	4	0	500	500	0	500	500	500	0	0	0	
1.4399448557e+02	234	6	401	3	0	500	500	0	500	500	500	0	0	0	
1.4448800803e+02	236	8	402	4	0	500	500	0	500	500	500	0	0	0	
1.4493795783e+02	236	7	401	5	0	500	500	0	500	500	500	0	0	0	
1.4546641287e+02	236	8	398	11	0	500	500	0	500	500	500	0	0	0	
1.4598038161e+02	237	10	394	12	0	500	500	0	500	500	500	0	0	0	
1.4647242129e+02	239	11	401	14	0	500	500	0	500	500	500	0	0	0	
1.4698380229e+02	242	10	397	17	0	500	500	0	500	500	500	0	0	0	
1.4749650772e+02	242	12	399	16	0	500	500	0	500	500	500	0	0	0	
1.4799387197e+02	241	13	401	14	0	500	500	0	500	500	500	0	0	0	
1.4849949520e+02	245	11	402	13	0	500	500	0	500	500	500	0	0	0	
1.4899539203e+02	244	12	400	10	0	500	500	0	500	500	500	0	0	0	
1.4948295088e+02	246	10	399	12	0	500	500	0	500	500	500	0	0	0	
1.4997941012e+02	244	11	403	12	0	500	500	0	500	500	500	0	0	0	
1.5048648708e+02	245	11	408	7	0	500	500	0	500	500	500	0	0	0	
1.5097046853e+02	247	8	408	4	0	500	500	0	500	500	500	0	0	0	
1.5148687540e+02	248	7	409	2	0	500	500	0	500	500	500	0	0	0	
1.5199335383e+02	249	6	412	5	0	500	500	0	500	500	500	0	0	0	
1.5249154634e+02	250	8	410	9	0	500	500	0	500	500	500	0	0	0	
1.5299431196e+02	252	8	404	13	0	500	500	0	500	500	500	0	0	0	
1.5344645700e+02	253	11	409	8	0	500	500	0	500	500	500	0	0	0	
1.5397036876e+02	254	11	415	6	0	500	500	0	500	500	500	0	0	0	
1.5449800789e+02	257	8	413	8	0	500	500	0	500	500	500	0	0	0	
1.5499260419e+02	259	7	414	6	0	500	500	0	500	500	500	0	0	0	
1.5548511934e+02	260	7	415	7	0	500	500	0	500	500	500	0	0	0	
1.5598713003e+02	261	8	412	12	0	500	500	0	500	500	500	0	0	0	
1.5649725248e+02	261	10	417	10	0	500	500	0	500	500	500	0	0	0	
1.5698740992e+02	260	14	415	15	0	500	500	0	500	500	500	0	0	0	
1.5748422760e+02	264	12	419	12	0	500	500	0	500	500	500	0	0	0	
1.5799311255e+02	269	9	424	7	0	500	500	0	500	500	500	0	0	0	
1.5849648435e+02	272	7	415	14	0	500	500	0	500	500	500	0	0	0	
1.5895714879e+02	271	9	413	13	0	500	500	0	500	500	500	0	0	0	
1.5948262457e+02	274	6	414	14	0	500	500	0	500	500	500	0	0	0	
1.5999406968e+02	278	2	425	4	0	500	500	0	500	500	500	0	0	0	
1.6049384607e+02	276	6	428	6	0	500	500	0	500	500	500	0	0	0	
1.6098918307e+02	276	6	429	7	0	500	500	0	500	500	500	0	0	0	
1.6137440029e+02	276	6	434	4	0	500	500	0	500	500	500	0	0	0	
1.6194094586e+02	278	6	437	4	0	500	500	0	500	500	500	0	0	0	
1.6249478447e+02	276	7	432	9	0	500	500	0	500	500	500	0	0	0	
1.6298028433e+02	277	7	431	8	0	500	500	0	500	500	500	0	0	0	
1.6349521124e+02	281	3	438	1	0	500	500	0	500	500	500	0	0	0	
1.6397845334e+02	281	4	435	4	0	500	500	0	500	500	500	0	0	0	
1.6447913524e+02	282	3	434	6	0	500	500	0	500	500	500	0	0	0	
1.6497156461e+02	282	4	432	7	0	500	500	0	500	500	500	0	0	0	
1.6549536181e+02	282	5	429	8	0	500	500	0	500	500	500	0	0	0	
1.6598336755e+02	282	7	427	8	0	500	500	0	500	500	500	0	0	0	
1.6648034793e+02	280	8	424	9	0	500	500	0	500	500	500	0	0	0	
1.6699942868e+02	279	8	432	5	0	500	500	0	500	500	500	0	0	0	
1.6747191026e+02	283	4	430	4	0	500	500	0	500	500	500	0	0	0	
1.6799214559e+02	282	6	431	4	0	500	500	0	500	500	500	0	0	0	
1.6847968459e+02	284	5	429	6	0	500	500	0	500	500	500	0	0	0	
1.6899969964e+02	286	4	429	7	0	500	500	0	500	500	500	0	0	0	
1.6948919491e+02	286	4	428	10	0	500	500	0	500	500	500	0	0	0	
1.6998477273e+02	286	4	436	7	0	500	500	0	500	500	500	0	0	0	
1.7049438050e+02	286	3	441	2	0	500	500	0	500	500	500	0	0	0	
1.7093672990e+02	286	4	436	6	0	500	500	0	500	500	500	0	0	0	
1.7147456221e+02	287	3	434	5	0	500	500	0	500	500	500	0	0	0	
1.7198254007e+02	288	4	439	1	0	500	500	0	500	500	500	0	0	0	
1.7247260546e+02	288	5	437	2	0	500	500	0	500	500	500	0	0	0	
1.7298171105e+02	287	5	434	5	0	500	500	0	500	500	500	0	0	0	
1.7346309407e+02	288	5	437	1	0	500	500	0	500	500	500	0	0	0	
1.7399953132e+02	288	3	432	5	0	500	500	0	500	500	500	0	0	0	
1.7447115139e+02	288	4	434	4	0	500	500	0	500	500	500	0	0	0	
1.7494594069e+02	290	2	436	1	0	500	500	0	500	500	500	0	0	0	
1.7545408744e+02	291	1	438	2	0	500	500	0	500	500	500	0	0	0	
1.7596382152e+02	291	2	437	3	0	500	500	0	500	500	500	0	0	0	
1.7649915612e+02	292	2	438	3	0	500	500	0	500	500	500	0	0	0	
1.7699355077e+02	293	2	438	7	0	500	500	0	500	500	500	0	0	0	
1.7747265457e+02	293	4	440	4	0	500	500	0	500	500	500	0	0	0	
1.7797292649e+02	293	5	436	5	0	500	500	0	500	500	500	0	0	0	
1.7849529621e+02	293	5	436	6	0	500	500	0	500	500	500	0	0	0	
1.7897158057e+02	293	6	441	4	0	500	500	0	500	500	500	0	0	0	
1.7948044355e+02	294	5	436	8	0	500	500	0	500	500	500	0	0	0	
1.7996928016e+02	294	9	435	8	0	500	500	0	500	500	500	0	0	0	
1.8047273930e+02	296	7	438	3	0	500	500	0	500	500	500	0	0	0	
1.8098133576e+02	294	9	436	6	0	500	500	0	500	500	500	0	0	0	
1.8149567660e+02	294	10	439	6	0	500	500	0	500	500	500	0	0	0	
1.8199765971e+02	294	10	435	7	0	500	500	0	500	500	500	0	0	0	
1.8249341035e+02	297	8	436	5	0	500	500	0	500	500	500	0	0	0	
1.8299559027e+02	302	3	438	4	0	500	500	0	500	500	500	0	0	0	
1.8348780358e+02	302	3	435	7	0	500	500	0	500	500	500	0	0	0	
1.8398271815e+02	301	4	440	4	0	500	500	0	500	500	500	0	0	0	
1.8449491098e+02	302	3	442	2	0	500	500	0	500	500	500	0	0	0	
1.8498591589e+02	305	1	443	2	0	500	500	0	500	500	500	0	0	0	
1.8546314086e+02	306	1	445	3	0	500	500	0	500	500	500	0	0	0	
1.8599736940e+02	305	2	446	5	0	500	500	0	500	500	500	0	0	0	
1.8648893218e+02	305	2	451	3	0	500	500	0	500	500	500	0	0	0	
1.8698184977e+02	304	3	451	2	0	500	500	0	500	500	500	0	0	0	
1.8749442221e+02	308	0	452	1	0	500	500	0	500	500	500	0	0	0	
1.8798540720e+02	307	1	454	1	0	500	500	0	500	500	500	0	0	0	
1.8849650471e+02	307	4	454	1	0	500	500	0	500	500	500	0	0	0	
1.8894900653e+02	310	3	454	5	0	500	500	0	500	500	500	0	0	0	
1.8948964762e+02	312	2	452	8	0	500	500	0	500	500	500	0	0	0	
1.8993872719e+02	312	2	451	7	0	500	500	0	500	500	500	0	0	0	
1.9049855781e+02	312	3	453	6	0	500	500	0	500	500	500	0	0	0	
1.9094456123e+02	312	3	457	2	0	500	500	0	500	500	500	0	0	0	
1.9147229436e+02	312	2	457	2	0	500	500	0	500	500	500	0	0	0	
1.9197906989e+02	312	2	455	1	0	500	500	0	500	500	500	0	0	0	
1.9249978775e+02	313	1	458	1	0	500	500	0	500	500	500	0	0	0	
1.9295493236e+02	313	3	458	3	0	500	500	0	500	500	500	0	0	0	
1.9345467974e+02	313	4	460	1	0	500	500	0	500	500	500	0	0	0	
1.9399892976e+02	313	4	458	5	0	500	500	0	500	500	500	0	0	0	
1.9446515288e+02	312	7	458	7	0	500	500	0	500	500	500	0	0	0	
1.9498999486e+02	314	5	456	8	0	500	500	0	500	500	500	0	0	0	
1.9547421925e+02	314	5	463	5	0	500	500	0	500	500	500	0	0	0	
1.9598596165e+02	315	7	459	5	0	500	500	0	500	500	500	0	0	0	
1.9647553276e+02	314	9	461	7	0	500	500	0	500	500	500	0	0	0	
1.9697646708e+02	315	8	464	6	0	500	500	0	500	500	500	0	0	0	
1.9749200995e+02	317	6	467	7	0	500	500	0	500	500	500	0	0	0	
1.9798634352e+02	317	7	468	6	0	500	500	0	500	500	500	0	0	0	
1.9849895732e+02	318	7	466	7	0	500	500	0	500	500	500	0	0	0	
1.9897374802e+02	320	6	466	6	0	500	500	0	500	500	500	0	0	0	
1.9948532932e+02	320	9	471	6	0	500	500	0	500	500	500	0	0	0	
1.9995094218e+02	319	10	469	8	0	500	500	0	500	500	500	0	0	0	
2.0047755576e+02	321	8	470	7	0	500	500	0	500	500	500	0	0	0	
2.0099780204e+02	319	11	466	13	0	500	500	0	500	500	500	0	0	0	
2.0149301994e+02	319	12	459	17	0	500	500	0	500	500	500	0	0	0	
2.0199000524e+02	317	14	464	12	0	500	500	0	500	500	500	0	0	0	
2.0248998201e+02	320	10	466	11	0	500	500	0	500	500	500	0	0	0	
2.0295424768e+02	323	9	468	10	0	500	500	0	500	500	500	0	0	0	
2.0346749780e+02	327	7	472	8	0	500	500	0	500	500	500	0	0	0	
2.0398807589e+02	325	10	468	10	0	500	500	0	500	500	500	0	0	0	
2.0448633896e+02	325	12	464	10	0	500	500	0	500	500	500	0	0	0	
2.0498442284e+02	324	12	464	11	0	500	500	0	500	500	500	0	0	0	
2.0547283342e+02	324	13	470	6	0	500	500	0	500	500	500	0	0	0	
2.0599982333e+02	325	10	471	4	0	500	500	0	500	500	500	0	0	0	
2.0648146816e+02	326	7	464	11	0	500	500	0	500	500	500	0	0	0	
2.0696762456e+02	323	11	468	6	0	500	500	0	500	500	500	0	0	0	
2.0749184891e+02	323	11	468	6	0	500	500	0	500	500	500	0	0	0	
2.0799151392e+02	324	10	465	10	0	500	500	0	500	500	500	0	0	0	
2.0845978321e+02	323	11	471	6	0	500	500	0	500	500	500	0	0	0	
2.0899219154e+02	322	12	469	10	0	500	500	0	500	500	500	0	0	0	
2.0949611817e+02	324	11	469	11	0	500	500	0	500	500	500	0	0	0	
2.0998944606e+02	325	11	465	16	0	500	500	0	500	500	500	0	0	0	
2.1049503654e+02	327	9	469	9	0	500	500	0	500	500	500	0	0	0	
2.1099252140e+02	327	10	466	11	0	500	500	0	500	500	500	0	0	0	
2.1148909076e+02	327	11	468	9	0	500	500	0	500	500	500	0	0	0	
2.1199588935e+02	328	10	467	9	0	500	500	0	500	500	500	0	0	0	
2.1249436708e+02	330	9	474	5	0	500	500	0	500	500	500	0	0	0	
2.1295502887e+02	332	10	477	8	0	500	500	0	500	500	500	0	0	0	
2.1348958754e+02	336	7	476	7	0	500	500	0	500	500	500	0	0	0	
2.1394427320e+02	338	6	477	6	0	500	500	0	500	500	500	0	0	0	
2.1446350673e+02	339	5	481	5	0	500	500	0	500	500	500	0	0	0	
2.1498933696e+02	338	6	473	11	0	500	500	0	500	500	500	0	0	0	
2.1547295486e+02	339	4	475	11	0	500	500	0	500	500	500	0	0	0	
2.1593900564e+02	336	8	478	10	0	500	500	0	500	500	500	0	0	0	
2.1649993670e+02	337	7	476	12	0	500	500	0	500	500	500	0	0	0	
2.1697924193e+02	334	9	473	14	0	500	500	0	500	500	500	0	0	0	
2.1749661389e+02	335	10	475	11	0	500	500	0	500	500	500	0	0	0	
2.1799738610e+02	336	9	476	12	0	500	500	0	500	500	500	0	0	0	
2.1849095528e+02	337	9	475	14	0	500	500	0	500	500	500	0	0	0	
2.1899962152e+02	336	10	476	15	0	500	500	0	500	500	500	0	0	0	
2.1947907724e+02	336	10	484	12	0	500	500	0	500	500	500	0	0	0	
2.1994170403e+02	339	8	484	7	0	500	500	0	500	500	500	0	0	0	
2.2046370220e+02	339	8	488	4	0	500	500	0	500	500	500	0	0	0	
2.2099780133e+02	341	6	489	5	0	500	500	0	500	500	500	0	0	0	
2.2149293520e+02	341	9	487	6	0	500	500	0	500	500	500	0	0	0	
2.2199611065e+02	340	11	484	11	0	500	500	0	500	500	500	0	0	0	
2.2249241235e+02	342	13	478	16	0	500	500	0	500	500	500	0	0	0	
2.2299122823e+02	346	10	481	13	0	500	500	0	500	500	500	0	0	0	
2.2349674170e+02	349	7	480	16	0	500	500	0	500	500	500	0	0	0	
2.2399419786e+02	349	8	486	11	0	500	500	0	500	500	500	0	0	0	
2.2432212788e+02	350	7	493	5	0	500	500	0	500	500	500	0	0	0	
2.2499567831e+02	349	8	486	10	0	500	500	0	500	500	500	0	0	0	
2.2548500586e+02	350	11	495	3	0	500	500	0	500	500	500	0	0	0	
2.2597218129e+02	352	10	491	8	0	500	500	0	500	500	500	0	0	0	
2.2649228277e+02	352	10	492	5	0	500	500	0	500	500	500	0	0	0	
2.2699299721e+02	354	9	486	11	0	500	500	0	500	500	500	0	0	0	
2.2744917202e+02	356	8	488	8	0	500	500	0	500	500	500	0	0	0	
2.2799449363e+02	360	4	492	4	0	500	500	0	500	500	500	0	0	0	
2.2848592461e+02	361	4	491	3	0	500	500	0	500	500	500	0	0	0	
2.2898367176e+02	359	6	490	5	0	500	500	0	500	500	500	0	0	0	
2.2949279093e+02	360	7	489	4	0	500	500	0	500	500	500	0	0	0	
2.2999731480e+02	356	10	483	11	0	500	500	0	500	500	500	0	0	0	
2.3049847614e+02	356	10	485	7	0	500	500	0	500	500	500	0	0	0	
2.3098449147e+02	355	10	481	12	0	500	500	0	500	500	500	0	0	0	
2.3148665087e+02	354	13	485	8	0	500	500	0	500	500	500	0	0	0	
2.3198292402e+02	358	9	476	13	0	500	500	0	500	500	500	0	0	0	
2.3249808960e+02	361	7	480	7	0	500	500	0	500	500	500	0	0	0	
2.3299786694e+02	362	6	481	5	0	500	500	0	500	500	500	0	0	0	
2.3349681601e+02	362	5	481	6	0	500	500	0	500	500	500	0	0	0	
2.3399314289e+02	362	6	477	9	0	500	500	0	500	500	500	0	0	0	
2.3448060740e+02	361	7	472	14	0	500	500	0	500	500	500	0	0	0	
2.3496950555e+02	364	4	474	8	0	500	500	0	500	500	500	0	0	0	
2.3549797811e+02	366	3	481	6	0	500	500	0	500	500	500	0	0	0	
2.3595823214e+02	366	4	479	8	0	500	500	0	500	500	500	0	0	0	
2.3649743522e+02	367	4	483	7	0	500	500	0	500	500	500	0	0	0	
2.3696569177e+02	366	7	479	8	0	500	500	0	500	500	500	0	0	0	
2.3749978358e+02	369	4	480	6	0	500	500	0	500	500	500	0	0	0	
2.3799754414e+02	370	3	481	6	0	500	500	0	500	500	500	0	0	0	
2.3846347188e+02	370	3	482	6	0	500	500	0	500	500	500	0	0	0	
2.3899278586e+02	369	3	482	5	0	500	500	0	500	500	500	0	0	0	
2.3942513144e+02	368	4	486	4	0	500	500	0	500	500	500	0	0	0	
2.3995086707e+02	369	4	485	4	0	500	500	0	500	500	500	0	0	0	
2.4047937959e+02	367	6	483	7	0	500	500	0	500	500	500	0	0	0	
2.4097244054e+02	367	6	478	11	0	500	500	0	500	500	500	0	0	0	
2.4149882346e+02	368	8	481	7	0	500	500	0	500	500	500	0	0	0	
2.4193769512e+02	368	9	474	11	0	500	500	0	500	500	500	0	0	0	
2.4249409585e+02	370	8	477	11	0	500	500	0	500	500	500	0	0	0	
2.4299351634e+02	368	10	474	11	0	500	500	0	500	500	500	0	0	0	
2.4347345527e+02	370	8	476	8	0	500	500	0	500	500	500	0	0	0	
2.4399026437e+02	372	6	478	7	0	500	500	0	500	500	500	0	0	0	
2.4448290151e+02	368	10	475	8	0	500	500	0	500	500	500	0	0	0	
2.4499616113e+02	367	11	470	13	0	500	500	0	500	500	500	0	0	0	
2.4547794531e+02	370	9	472	12	0	500	500	0	500	500	500	0	0	0	
2.4598934887e+02	371	8	477	11	0	500	500	0	500	500	500	0	0	0	
2.4649958943e+02	371	7	480	9	0	500	500	0	500	500	500	0	0	0	
2.4699213318e+02	373	4	477	9	0	500	500	0	500	500	500	0	0	0	
2.4749590567e+02	372	7	476	12	0	500	500	0	500	500	500	0	0	0	
2.4799311842e+02	373	7	480	13	0	500	500	0	500	500	500	0	0	0	
2.4848662406e+02	374	8	480	15	0	500	500	0	500	500	500	0	0	0	
2.4897869647e+02	374	8	482	11	0	500	500	0	500	500	500	0	0	0	
2.4949759523e+02	376	6	489	6	0	500	500	0	500	500	500	0	0	0	
2.4997098713e+02	380	4	492	3	0	500	500	0	500	500	500	0	0	0	
2.5049667143e+02	380	3	488	6	0	500	500	0	500	500	500	0	0	0	
2.5091322289e+02	380	5	493	2	0	500	500	0	500	500	500	0	0	0	
2.5149823836e+02	380	5	494	5	0	500	500	0	500	500	500	0	0	0	
2.5192121512e+02	380	5	496	5	0	500	500	0	500	500	500	0	0	0	
2.5247505458e+02	381	4	493	5	0	500	500	0	500	500	500	0	0	0	
2.5298243627e+02	380	5	488	9	0	500	500	0	500	500	500	0	0	0	
2.5347156522e+02	381	5	493	4	0	500	500	0	500	500	500	0	0	0	
2.5399203228e+02	380	7	485	11	0	500	500	0	500	500	500	0	0	0	
2.5448353607e+02	381	7	488	9	0	500	500	0	500	500	500	0	0	0	
2.5499186331e+02	383	4	491	8	0	500	500	0	500	500	500	0	0	0	
2.5543377290e+02	382	5	492	5	0	500	500	0	500	500	500	0	0	0	
2.5598115435e+02	384	3	492	5	0	500	500	0	500	500	500	0	0	0	
2.5648003429e+02	384	3	490	5	0	500	500	0	500	500	500	0	0	0	
2.5698738101e+02	383	6	488	7	0	500	500	0	500	500	500	0	0	0	
2.5749813767e+02	385	4	488	8	0	500	500	0	500	500	500	0	0	0	
2.5798688279e+02	382	8	488	8	0	500	500	0	500	500	500	0	0	0	
2.5849419752e+02	383	10	485	9	0	500	500	0	500	500	500	0	0	0	
2.5898152801e+02	385	11	488	7	0	500	500	0	500	500	500	0	0	0	
2.5947636810e+02	389	9	486	10	0	500	500	0	500	500	500	0	0	0	
2.5998601027e+02	388	9	489	9	0	500	500	0	500	500	500	0	0	0	
2.6048326135e+02	386	12	489	10	0	500	500	0	500	500	500	0	0	0	
2.6099901308e+02	386	12	489	11	0	500	500	0	500	500	500	0	0	0	
2.6149988482e+02	388	10	489	11	0	500	500	0	500	500	500	0	0	0	
2.6199662904e+02	391	8	486	13	0	500	500	0	500	500	500	0	0	0	
2.6247686399e+02	390	10	494	12	0	500	500	0	500	500	500	0	0	0	
2.6297410599e+02	388	11	497	9	0	500	500	0	500	500	500	0	0	0	
2.6345030638e+02	391	10	495	10	0	500	500	0	500	500	500	0	0	0	
2.6398195965e+02	390	10	491	13	0	500	500	0	500	500	500	0	0	0	
2.6447807948e+02	391	10	491	10	0	500	500	0	500	500	500	0	0	0	
2.6494185452e+02	389	12	494	8	0	500	500	0	500	500	500	0	0	0	
2.6549723272e+02	389	11	495	7	0	500	500	0	500	500	500	0	0	0	
2.6597703831e+02	391	11	496	12	0	500	500	0	500	500	500	0	0	0	
2.6647214543e+02	394	8	499	9	0	500	500	0	500	500	500	0	0	0	
2.6699038415e+02	396	5	502	5	0	500	500	0	500	500	500	0	0	0	
2.6747136854e+02	395	5	500	6	0	500	500	0	500	500	500	0	0	0	
2.6796388731e+02	397	2	500	5	0	500	500	0	500	500	500	0	0	0	
2.6833636584e+02	397	3	503	3	0	500	500	0	500	500	500	0	0	0	
2.6899927960e+02	398	5	504	3	0	500	500	0	500	500	500	0	0	0	
2.6948880948e+02	400	3	505	2	0	500	500	0	500	500	500	0	0	0	
2.6998833201e+02	399	3	501	3	0	500	500	0	500	500	500	0	0	0	
2.7040025508e+02	400	3	501	4	0	500	500	0	500	500	500	0	0	0	
2.7095513961e+02	400	6	501	4	0	500	500	0	500	500	500	0	0	0	
2.7149143542e+02	399	7	496	9	0	500	500	0	500	500	500	0	0	0	
2.7199387263e+02	399	7	497	5	0	500	500	0	500	500	500	0	0	0	
2.7249335550e+02	403	4	497	6	0	500	500	0	500	500	500	0	0	0	
2.7298234326e+02	404	3	491	7	0	500	500	0	500	500	500	0	0	0	
2.7349100471e+02	403	6	492	7	0	500	500	0	500	500	500	0	0	0	
2.7399217163e+02	403	5	491	11	0	500	500	0	500	500	500	0	0	0	
2.7448974073e+02	402	7	484	15	0	500	500	0	500	500	500	0	0	0	
2.7496916144e+02	402	7	487	15	0	500	500	0	500	500	500	0	0	0	
2.7546319958e+02	400	8	494	8	0	500	500	0	500	500	500	0	0	0	
2.7597239565e+02	401	6	491	11	0	500	500	0	500	500	500	0	0	0	
2.7646428096e+02	405	3	496	6	0	500	500	0	500	500	500	0	0	0	
2.7697993728e+02	406	2	496	5	0	500	500	0	500	500	500	0	0	0	
2.7746021803e+02	405	3	493	8	0	500	500	0	500	500	500	0	0	0	
2.7799629706e+02	403	7	492	9	0	500	500	0	500	500	500	0	0	0	
2.7849180251e+02	403	10	494	6	0	500	500	0	500	500	500	0	0	0	
2.7897842074e+02	405	9	474	22	0	500	500	0	500	500	500	0	0	0	
2.7949797162e+02	407	8	476	17	0	500	500	0	500	500	500	0	0	0	
2.7999219763e+02	406	9	480	14	0	500	500	0	500	500	500	0	0	0	
2.8048454720e+02	407	8	485	10	0	500	500	0	500	500	500	0	0	0	
2.8097755576e+02	407	7	487	9	0	500	500	0	500	500	500	0	0	0	
2.8146638134e+02	408	8	488	6	0	500	500	0	500	500	500	0	0	0	
2.8198416268e+02	410	8	488	4	0	500	500	0	500	500	500	0	0	0	
2.8249840850e+02	413	5	486	8	0	500	500	0	500	500	500	0	0	0	
2.8295541102e+02	412	6	485	6	0	500	500	0	500	500	500	0	0	0	
2.8349202834e+02	415	3	487	3	0	500	500	0	500	500	500	0	0	0	
2.8395680727e+02	415	3	488	3	0	500	500	0	500	500	500	0	0	0	
2.8449074079e+02	416	2	491	3	0	500	500	0	500	500	500	0	0	0	
2.8498525505e+02	415	6	488	6	0	500	500	0	500	500	500	0	0	0	
2.8549667298e+02	416	6	486	7	0	500	500	0	500	500	500	0	0	0	
2.8599671279e+02	417	4	492	6	0	500	500	0	500	500	500	0	0	0	
2.8649755595e+02	417	4	491	6	0	500	500	0	500	500	500	0	0	0	
2.8696397036e+02	414	9	491	6	0	500	500	0	500	500	500	0	0	0	
2.8749289547e+02	414	9	494	8	0	500	500	0	500	500	500	0	0	0	
2.8799213326e+02	414	9	495	10	0	500	500	0	500	500	500	0	0	0	
2.8849741036e+02	413	13	500	7	0	500	500	0	500	500	500	0	0	0	
2.8899526286e+02	413	12	503	5	0	500	500	0	500	500	500	0	0	0	
2.8949831101e+02	416	10	500	9	0	500	500	0	500	500	500	0	0	0	
2.8997806372e+02	419	7	500	8	0	500	500	0	500	500	500	0	0	0	
2.9046140444e+02	419	6	501	9	0	500	500	0	500	500	500	0	0	0	
2.9099498448e+02	415	12	493	16	0	500	500	0	500	500	500	0	0	0	
2.9148492355e+02	417	10	497	12	0	500	500	0	500	500	500	0	0	0	
2.9199368103e+02	417	10	500	10	0	500	500	0	500	500	500	0	0	0	
2.9248260882e+02	419	9	496	12	0	500	500	0	500	500	500	0	0	0	
2.9298754343e+02	419	10	495	11	0	500	500	0	500	500	500	0	0	0	
2.9347773091e+02	419	10	496	9	0	500	500	0	500	500	500	0	0	0	
2.9399859111e+02	418	13	488	15	0	500	500	0	500	500	500	0	0	0	
2.9448897653e+02	416	15	486	16	0	500	500	0	500	500	500	0	0	0	
2.9496670628e+02	415	15	479	20	0	500	500	0	500	500	500	0	0	0	
2.9547899811e+02	416	15	483	12	0	500	500	0	500	500	500	0	0	0	
2.9596834226e+02	418	13	473	19	0	500	500	0	500	500	500	0	0	0	
2.9648532619e+02	416	14	470	21	0	500	500	0	500	500	500	0	0	0	
2.9698714327e+02	420	13	470	21	0	500	500	0	500	500	500	0	0	0	
2.9749640497e+02	422	14	481	13	0	500	500	0	500	500	500	0	0	0	
2.9798586971e+02	421	13	486	6	0	500	500	0	500	500	500	0	0	0	
2.9849511457e+02	422	13	483	6	0	500	500	0	500	500	500	0	0	0	
2.9899542835e+02	423	10	474	17	0	500	500	0	500	500	500	0	0	0	
2.9949653740e+02	423	10	481	11	0	500	500	0	500	500	500	0	0	0	
2.9998482229e+02	424	9	484	5	0	500	500	0	500	500	500	0	0	0	
3.0044488498e+02	424	7	480	6	0	500	500	0	500	500	500	0	0	0	
3.0099269740e+02	425	6	478	8	0	500	500	0	500	500	500	0	0	0	
3.0149533263e+02	422	9	481	5	0	500	500	0	500	500	500	0	0	0	
3.0199914686e+02	423	9	483	6	0	500	500	0	500	500	500	0	0	0	
3.0249949547e+02	426	8	487	3	0	500	500	0	500	500	500	0	0	0	
3.0299839270e+02	427	9	484	5	0	500	500	0	500	500	500	0	0	0	
3.0348208510e+02	429	7	483	9	0	500	500	0	500	500	500	0	0	0	
3.0399527868e+02	428	9	473	16	0	500	500	0	500	500	500	0	0	0	
3.0448490498e+02	429	7	482	9	0	500	500	0	500	500	500	0	0	0	
3.0499763175e+02	430	6	481	9	0	500	500	0	500	500	500	0	0	0	
3.0546672855e+02	432	3	479	9	0	500	500	0	500	500	500	0	0	0	
3.0599501822e+02	430	6	481	8	0	500	500	0	500	500	500	0	0	0	
3.0649852703e+02	434	2	485	6	0	500	500	0	500	500	500	0	0	0	
3.0699252089e+02	434	3	482	9	0	500	500	0	500	500	500	0	0	0	
3.0742567306e+02	433	4	484	6	0	500	500	0	500	500	500	0	0	0	
3.0797658556e+02	435	3	483	8	0	500	500	0	500	500	500	0	0	0	
3.0849506578e+02	436	4	484	6	0	500	500	0	500	500	500	0	0	0	
3.0898954605e+02	437	3	484	6	0	500	500	0	500	500	500	0	0	0	
3.0948806656e+02	435	7	475	12	0	500	500	0	500	500	500	0	0	0	
3.0997030526e+02	435	6	484	4	0	500	500	0	500	500	500	0	0	0	
3.1049853879e+02	435	8	483	6	0	500	500	0	500	500	500	0	0	0	
3.1097309579e+02	438	7	482	8	0	500	500	0	500	500	500	0	0	0	
3.1148491178e+02	437	9	484	9	0	500	500	0	500	500	500	0	0	0	
3.1199214287e+02	437	11	484	9	0	500	500	0	500	500	500	0	0	0	
3.1248708478e+02	438	10	481	13	0	500	500	0	500	500	500	0	0	0	
3.1297188975e+02	438	10	486	12	0	500	500	0	500	500	500	0	0	0	
3.1349570714e+02	441	6	481	17	0	500	500	0	500	500	500	0	0	0	
3.1399797394e+02	442	7	486	12	0	500	500	0	500	500	500	0	0	0	
3.1446961937e+02	442	7	491	8	0	500	500	0	500	500	500	0	0	0	
3.1496585350e+02	445	6	486	12	0	500	500	0	500	500	500	0	0	0	
3.1549129805e+02	446	4	491	6	0	500	500	0	500	500	500	0	0	0	
3.1599692462e+02	446	5	489	8	0	500	500	0	500	500	500	0	0	0	
3.1649806570e+02	445	8	491	6	0	500	500	0	500	500	500	0	0	0	
3.1699642976e+02	448	7	492	7	0	500	500	0	500	500	500	0	0	0	
3.1749679029e+02	448	8	492	5	0	500	500	0	500	500	500	0	0	0	
3.1798861685e+02	449	7	490	8	0	500	500	0	500	500	500	0	0	0	
3.1849145370e+02	449	9	492	4	0	500	500	0	500	500	500	0	0	0	
3.1899645185e+02	448	10	484	13	0	500	500	0	500	500	500	0	0	0	
3.1949555359e+02	449	10	479	15	0	500	500	0	500	500	500	0	0	0	
3.1998412083e+02	448	10	488	8	0	500	500	0	500	500	500	0	0	0	
3.2047922875e+02	447	10	492	9	0	500	500	0	500	500	500	0	0	0	
3.2099076640e+02	447	10	490	13	0	500	500	0	500	500	500	0	0	0	
3.2149418663e+02	448	11	489	17	0	500	500	0	500	500	500	0	0	0	
3.2198148174e+02	449	11	492	14	0	500	500	0	500	500	500	0	0	0	
3.2249267229e+02	451	14	491	12	0	500	500	0	500	500	500	0	0	0	
3.2299450726e+02	455	11	496	11	0	500	500	0	500	500	500	0	0	0	
3.2347303640e+02	457	10	494	11	0	500	500	0	500	500	500	0	0	0	
3.2399859329e+02	458	9	493	8	0	500	500	0	500	500	500	0	0	0	
3.2449194494e+02	460	8	494	8	0	500	500	0	500	500	500	0	0	0	
3.2497654945e+02	461	9	493	10	0	500	500	0	500	500	500	0	0	0	
3.2549867828e+02	463	9	492	6	0	500	500	0	500	500	500	0	0	0	
3.2597635692e+02	464	8	493	5	0	500	500	0	500	500	500	0	0	0	
3.2649629197e+02	465	8	492	4	0	500	500	0	500	500	500	0	0	0	
3.2698845284e+02	465	11	487	10	0	500	500	0	500	500	500	0	0	0	
3.2746036809e+02	466	11	488	10	0	500	500	0	500	500	500	0	0	0	
3.2797541886e+02	466	12	492	7	0	500	500	0	500	500	500	0	0	0	
3.2848757620e+02	468	10	488	10	0	500	500	0	500	500	500	0	0	0	
3.2898941823e+02	470	8	496	3	0	500	500	0	500	500	500	0	0	0	
3.2947839716e+02	473	5	491	5	0	500	500	0	500	500	500	0	0	0	
3.2998536994e+02	473	5	493	7	0	500	500	0	500	500	500	0	0	0	
3.3049745999e+02	471	6	492	8	0	500	500	0	500	500	500	0	0	0	
3.3098198537e+02	468	12	490	11	0	500	500	0	500	500	500	0	0	0	
3.3149730553e+02	472	8	488	13	0	500	500	0	500	500	500	0	0	0	
3.3199058581e+02	472	8	484	15	0	500	500	0	500	500	500	0	0	0	
3.3247681932e+02	470	10	486	12	0	500	500	0	500	500	500	0	0	0	
3.3299851329e+02	472	10	493	7	0	500	500	0	500	500	500	0	0	0	
3.3349793549e+02	473	11	487	15	0	500	500	0	500	500	500	0	0	0	
3.3399650633e+02	474	9	494	10	0	500	500	0	500	500	500	0	0	0	
3.3448515463e+02	472	8	489	12	0	500	500	0	500	500	500	0	0	0	
3.3499532163e+02	472	8	492	13	0	500	500	0	500	500	500	0	0	0	
3.3549729645e+02	470	10	492	12	0	500	500	0	500	500	500	0	0	0	
3.3599977999e+02	471	8	494	10	0	500	500	0	500	500	500	0	0	0	
3.3649808095e+02	471	8	495	8	0	500	500	0	500	500	500	0	0	0	
3.3696602068e+02	468	13	491	13	0	500	500	0	500	500	500	0	0	0	
3.3748629905e+02	471	11	489	11	0	500	500	0	500	500	500	0	0	0	
3.3798882062e+02	473	10	489	9	0	500	500	0	500	500	500	0	0	0	
3.3847756100e+02	471	14	490	7	0	500	500	0	500	500	500	0	0	0	
3.3896353447e+02	477	9	486	9	0	500	500	0	500	500	500	0	0	0	
3.3949983930e+02	482	4	491	5	0	500	500	0	500	500	500	0	0	0	
3.3998336922e+02	483	5	483	9	0	500	500	0	500	500	500	0	0	0	
3.4049439478e+02	483	6	483	9	0	500	500	0	500	500	500	0	0	0	
3.4099922161e+02	483	5	485	6	0	500	500	0	500	500	500	0	0	0	
3.4148446841e+02	484	5	485	5	0	500	500	0	500	500	500	0	0	0	
3.4199032289e+02	483	6	481	10	0	500	500	0	500	500	500	0	0	0	
3.4243848720e+02	484	6	479	11	0	500	500	0	500	500	500	0	0	0	
3.4298307414e+02	485	4	478	11	0	500	500	0	500	500	500	0	0	0	
3.4349739140e+02	488	3	481	9	0	500	500	0	500	500	500	0	0	0	
3.4395483304e+02	489	4	484	5	0	500	500	0	500	500	500	0	0	0	
3.4446085035e+02	485	8	481	9	0	500	500	0	500	500	500	0	0	0	
3.4493328238e+02	490	3	480	11	0	500	500	0	500	500	500	0	0	0	
3.4549395653e+02	489	4	488	8	0	500	500	0	500	500	500	0	0	0	
3.4599281844e+02	490	3	490	8	0	500	500	0	500	500	500	0	0	0	
3.4647671210e+02	487	7	486	11	0	500	500	0	500	500	500	0	0	0	
3.4698075188e+02	488	6	490	5	0	500	500	0	500	500	500	0	0	0	
3.4748488688e+02	491	3	494	3	0	500	500	0	500	500	500	0	0	0	
3.4799858699e+02	491	2	491	6	0	500	500	0	500	500	500	0	0	0	
3.4845355792e+02	490	1	495	2	0	500	500	0	500	500	500	0	0	0	
3.4899566165e+02	489	1	496	4	0	500	500	0	500	500	500	0	0	0	
3.4944583346e+02	491	2	492	4	0	500	500	0	500	500	500	0	0	0	
3.4998463390e+02	492	1	492	5	0	500	500	0	500	500	500	0	0	0	
3.5049855392e+02	492	2	494	5	0	500	500	0	500	500	500	0	0	0	
3.5099870063e+02	491	3	495	2	0	500	500	0	500	500	500	0	0	0	
3.5145731268e+02	490	3	496	4	0	500	500	0	500	500	500	0	0	0	
3.5198830056e+02	489	4	495	6	0	500	500	0	500	500	500	0	0	0	
3.5248079180e+02	490	5	490	10	0	500	500	0	500	500	500	0	0	0	
3.5294189224e+02	491	5	488	11	0	500	500	0	500	500	500	0	0	0	
3.5347632782e+02	489	7	495	10	0	500	500	0	500	500	500	0	0	0	
3.5397543165e+02	492	4	494	10	0	500	500	0	500	500	500	0	0	0	
3.5445782182e+02	490	8	493	12	0	500	500	0	500	500	500	0	0	0	
3.5498141643e+02	492	6	495	10	0	500	500	0	500	500	500	0	0	0	
3.5548059186e+02	495	6	494	11	0	500	500	0	500	500	500	0	0	0	
3.5598965845e+02	496	5	499	6	0	500	500	0	500	500	500	0	0	0	
3.5649510575e+02	495	4	505	3	0	500	500	0	500	500	500	0	0	0	
3.5694108934e+02	495	5	506	5	0	500	500	0	500	500	500	0	0	0	
3.5748858997e+02	495	9	502	9	0	500	500	0	500	500	500	0	0	0	
3.5799103753e+02	494	11	499	11	0	500	500	0	500	500	500	0	0	0	
3.5849546754e+02	496	9	500	11	0	500	500	0	500	500	500	0	0	0	
3.5895701704e+02	496	9	500	12	0	500	500	0	500	500	500	0	0	0	
3.5948678069e+02	497	10	510	3	0	500	500	0	500	500	500	0	0	0	
3.5999879645e+02	499	11	502	10	0	500	500	0	500	500	500	0	0	0	
3.6047561132e+02	502	10	504	12	0	500	500	0	500	500	500	0	0	0	
3.6099567683e+02	499	15	502	17	0	500	500	0	500	500	500	0	0	0	
3.6149963312e+02	499	14	503	16	0	500	500	0	500	500	500	0	0	0	
3.6199444413e+02	499	16	505	14	0	500	500	0	500	500	500	0	0	0	
3.6249961231e+02	495	20	508	16	0	500	500	0	500	500	500	0	0	0	
3.6296080947e+02	499	16	501	20	0	500	500	0	500	500	500	0	0	0	
3.6348440697e+02	502	12	502	17	0	500	500	0	500	500	500	0	0	0	
3.6398828721e+02	501	14	506	13	0	500	500	0	500	500	500	0	0	0	
3.6447884950e+02	503	14	509	12	0	500	500	0	500	500	500	0	0	0	
3.6497275621e+02	505	12	508	14	0	500	500	0	500	500	500	0	0	0	
3.6549325241e+02	504	11	510	15	0	500	500	0	500	500	500	0	0	0	
3.6599881956e+02	505	11	506	17	0	500	500	0	500	500	500	0	0	0	
3.6646617056e+02	503	11	505	18	0	500	500	0	500	500	500	0	0	0	
3.6699835555e+02	502	13	505	17	0	500	500	0	500	500	500	0	0	0	
3.6748017377e+02	501	14	497	24	0	500	500	0	500	500	500	0	0	0	
3.6799353179e+02	501	16	497	24	0	500	500	0	500	500	500	0	0	0	
3.6847526634e+02	500	18	499	22	0	500	500	0	500	500	500	0	0	0	
3.6899329290e+02	503	15	499	28	0	500	500	0	500	500	500	0	0	0	
3.6949803760e+02	501	18	504	23	0	500	500	0	500	500	500	0	0	0	
3.6999021997e+02	503	16	502	21	0	500	500	0	500	500	500	0	0	0	
3.7047590395e+02	507	12	497	26	0	500	500	0	500	500	500	0	0	0	
3.7098967619e+02	505	13	506	20	0	500	500	0	500	500	500	0	0	0	
3.7149412131e+02	501	20	511	17	0	500	500	0	500	500	500	0	0	0	
3.7198082745e+02	499	22	516	16	0	500	500	0	500	500	500	0	0	0	
3.7249797080e+02	499	22	507	24	0	500	500	0	500	500	500	0	0	0	
3.7299432427e+02	507	15	511	22	0	500	500	0	500	500	500	0	0	0	
3.7349348278e+02	505	18	507	21	0	500	500	0	500	500	500	0	0	0	
3.7398692241e+02	505	18	513	13	0	500	500	0	500	500	500	0	0	0	
3.7449405471e+02	504	18	508	16	0	500	500	0	500	500	500	0	0	0	
3.7499171719e+02	508	15	505	15	0	500	500	0	500	500	500	0	0	0	
3.7546950201e+02	511	13	507	13	0	500	500	0	500	500	500	0	0	0	
3.7594704392e+02	515	13	508	13	0	500	500	0	500	500	500	0	0	0	
3.7649528903e+02	517	11	502	20	0	500	500	0	500	500	500	0	0	0	
3.7699156541e+02	517	11	509	13	0	500	500	0	500	500	500	0	0	0	
3.7747167100e+02	516	11	514	9	0	500	500	0	500	500	500	0	0	0	
3.7799200077e+02	517	10	514	10	0	500	500	0	500	500	500	0	0	0	
3.7849499656e+02	520	8	517	9	0	500	500	0	500	500	500	0	0	0	
3.7898032732e+02	523	7	516	12	0	500	500	0	500	500	500	0	0	0	
3.7949926696e+02	524	7	521	9	0	500	500	0	500	500	500	0	0	0	
3.7999233647e+02	523	9	517	12	0	500	500	0	500	500	500	0	0	0	
3.8049160110e+02	527	6	513	13	0	500	500	0	500	500	500	0	0	0	
3.8099410277e+02	527	7	512	15	0	500	500	0	500	500	500	0	0	0	
3.8148838498e+02	523	11	513	15	0	500	500	0	500	500	500	0	0	0	
3.8199125036e+02	524	13	522	6	0	500	500	0	500	500	500	0	0	0	
3.8249628141e+02	525	14	512	13	0	500	500	0	500	500	500	0	0	0	
3.8298902631e+02	525	13	511	13	0	500	500	0	500	500	500	0	0	0	
3.8349569653e+02	523	15	506	19	0	500	500	0	500	500	500	0	0	0	
3.8398876820e+02	525	17	502	23	0	500	500	0	500	500	500	0	0	0	
3.8449068853e+02	519	23	511	18	0	500	500	0	500	500	500	0	0	0	
3.8499968389e+02	517	26	503	27	0	500	500	0	500	500	500	0	0	0	
3.8548343165e+02	519	27	500	31	0	500	500	0	500	500	500	0	0	0	
3.8597897601e+02	513	32	503	29	0	500	500	0	500	500	500	0	0	0	
3.8649911034e+02	517	28	504	32	0	500	500	0	500	500	500	0	0	0	
3.8699336681e+02	516	30	498	39	0	500	500	0	500	500	500	0	0	0	
3.8749270846e+02	510	35	504	35	0	500	500	0	500	500	500	0	0	0	
3.8799235246e+02	514	33	487	49	0	500	500	0	500	500	500	0	0	0	
3.8849626607e+02	516	32	483	55	0	500	500	0	500	500	500	0	0	0	
3.8899855794e+02	512	33	480	56	0	500	500	0	500	500	500	0	0	0	
3.8949752444e+02	514	31	489	44	0	500	500	0	500	500	500	0	0	0	
3.8999354526e+02	514	31	490	41	0	500	500	0	500	500	500	0	0	0	
3.9049714147e+02	509	35	490	41	0	500	500	0	500	500	500	0	0	0	
3.9097155034e+02	510	35	495	39	0	500	500	0	500	500	500	0	0	0	
3.9149318265e+02	509	36	489	47	0	500	500	0	500	500	500	0	0	0	
3.9199428492e+02	511	34	498	36	0	500	500	0	500	500	500	0	0	0	
3.9249856361e+02	514	30	501	31	0	500	500	0	500	500	500	0	0	0	
3.9297265834e+02	517	27	493	36	0	500	500	0	500	500	500	0	0	0	
3.9349289373e+02	522	22	506	21	0	500	500	0	500	500	500	0	0	0	
3.9398938986e+02	528	17	506	20	0	500	500	0	500	500	500	0	0	0	
3.9449951562e+02	530	14	511	18	0	500	500	0	500	500	500	0	0	0	
3.9499879183e+02	531	17	515	10	0	500	500	0	500	500	500	0	0	0	
3.9548835631e+02	527	18	507	16	0	500	500	0	500	500	500	0	0	0	
3.9599067597e+02	523	22	494	26	0	500	500	0	500	500	500	0	0	0	
3.9648451496e+02	521	27	486	27	0	500	500	0	500	500	500	0	0	0	
3.9699902410e+02	525	24	476	35	0	500	500	0	500	500	500	0	0	0	
3.9749137710e+02	529	20	473	39	0	500	500	0	500	500	500	0	0	0	
3.9795497472e+02	530	19	485	28	0	500	500	0	500	500	500	0	0	0	
3.9849932569e+02	534	15	490	27	0	500	500	0	500	500	500	0	0	0	
3.9899387804e+02	533	16	493	24	0	500	500	0	500	500	500	0	0	0	
3.9949659141e+02	533	18	503	15	0	500	500	0	500	500	500	0	0	0	
3.9999006183e+02	532	18	505	13	0	500	500	0	500	500	500	0	0	0	
4.0049285575e+02	536	17	491	27	0	500	500	0	500	500	500	0	0	0	
4.0099905181e+02	534	19	491	28	0	500	500	0	500	500	500	0	0	0	
4.0146386814e+02	534	18	495	26	0	500	500	0	500	500	500	0	0	0	
4.0199528460e+02	535	18	509	16	0	500	500	0	500	500	500	0	0	0	
4.0249889580e+02	533	20	506	17	0	500	500	0	500	500	500	0	0	0	
4.0299190402e+02	532	23	501	19	0	500	500	0	500	500	500	0	0	0	
4.0349193299e+02	535	21	504	20	0	500	500	0	500	500	500	0	0	0	
4.0398240263e+02	535	21	499	23	0	500	500	0	500	500	500	0	0	0	
4.0449678393e+02	538	20	494	27	0	500	500	0	500	500	500	0	0	0	
4.0499651271e+02	540	18	498	26	0	500	500	0	500	500	500	0	0	0	
4.0549971550e+02	542	17	506	20	0	500	500	0	500	500	500	0	0	0	
4.0598432389e+02	538	21	507	23	0	500	500	0	500	500	500	0	0	0	
4.0649954915e+02	540	19	510	20	0	500	500	0	500	500	500	0	0	0	
4.0698901895e+02	540	19	510	19	0	500	500	0	500	500	500	0	0	0	
4.0749859951e+02	543	14	510	17	0	500	500	0	500	500	500	0	0	0	
4.0799289647e+02	546	13	517	13	0	500	500	0	500	500	500	0	0	0	
4.0849281054e+02	550	10	518	11	0	500	500	0	500	500	500	0	0	0	
4.0897593016e+02	551	9	516	12	0	500	500	0	500	500	500	0	0	0	
4.0948881793e+02	547	13	513	20	0	500	500	0	500	500	500	0	0	0	
4.0999504587e+02	547	13	520	14	0	500	500	0	500	500	500	0	0	0	
4.1048806820e+02	547	13	511	18	0	500	500	0	500	500	500	0	0	0	
4.1099576757e+02	541	17	511	18	0	500	500	0	500	500	500	0	0	0	
4.1149346823e+02	545	13	507	23	0	500	500	0	500	500	500	0	0	0	
4.1199818981e+02	544	14	496	31	0	500	500	0	500	500	500	0	0	0	
4.1249892323e+02	542	17	500	29	0	500	500	0	500	500	500	0	0	0	
4.1299436682e+02	542	18	507	21	0	500	500	0	500	500	500	0	0	0	
4.1348162548e+02	543	17	510	17	0	500	500	0	500	500	500	0	0	0	
4.1399846685e+02	542	20	506	20	0	500	500	0	500	500	500	0	0	0	
4.1448757698e+02	541	21	493	25	0	500	500	0	500	500	500	0	0	0	
4.1499643993e+02	544	22	485	33	0	500	500	0	500	500	500	0	0	0	
4.1549467844e+02	545	20	488	28	0	500	500	0	500	500	500	0	0	0	
4.1599964430e+02	549	18	488	30	0	500	500	0	500	500	500	0	0	0	
4.1647402153e+02	550	17	494	24	0	500	500	0	500	500	500	0	0	0	
4.1699862218e+02	551	15	497	20	0	500	500	0	500	500	500	0	0	0	
4.1744456488e+02	555	13	500	15	0	500	500	0	500	500	500	0	0	0	
4.1799384292e+02	557	15	497	17	0	500	500	0	500	500	500	0	0	0	
4.1848722549e+02	558	14	491	23	0	500	500	0	500	500	500	0	0	0	
4.1899507485e+02	560	13	499	12	0	500	500	0	500	500	500	0	0	0	
4.1948589577e+02	564	11	500	10	0	500	500	0	500	500	500	0	0	0	
4.1998753413e+02	564	12	501	6	0	500	500	0	500	500	500	0	0	0	
4.2048865713e+02	564	11	499	9	0	500	500	0	500	500	500	0	0	0	
4.2098841906e+02	563	14	494	13	0	500	500	0	500	500	500	0	0	0	
4.2149736719e+02	559	18	492	15	0	500	500	0	500	500	500	0	0	0	
4.2199722933e+02	559	20	493	16	0	500	500	0	500	500	500	0	0	0	
4.2248256726e+02	563	19	485	24	0	500	500	0	500	500	500	0	0	0	
4.2299455856e+02	563	21	485	23	0	500	500	0	500	500	500	0	0	0	
4.2349710957e+02	564	21	480	26	0	500	500	0	500	500	500	0	0	0	
4.2398368506e+02	565	20	481	21	0	500	500	0	500	500	500	0	0	0	
4.2445281177e+02	564	22	485	19	0	500	500	0	500	500	500	0	0	0	
4.2499821671e+02	568	18	473	30	0	500	500	0	500	500	500	0	0	0	
4.2549018248e+02	565	20	466	36	0	500	500	0	500	500	500	0	0	0	
4.2598945387e+02	570	16	481	23	0	500	500	0	500	500	500	0	0	0	
4.2648479690e+02	572	15	480	22	0	500	500	0	500	500	500	0	0	0	
4.2699170921e+02	569	21	488	18	0	500	500	0	500	500	500	0	0	0	
4.2747240673e+02	565	25	484	24	0	500	500	0	500	500	500	0	0	0	
4.2799374081e+02	566	25	477	31	0	500	500	0	500	500	500	0	0	0	
4.2849061818e+02	566	26	470	39	0	500	500	0	500	500	500	0	0	0	
4.2898881417e+02	567	25	479	27	0	500	500	0	500	500	500	0	0	0	
4.2947274068e+02	571	21	487	20	0	500	500	0	500	500	500	0	0	0	
4.2999929478e+02	571	19	494	15	0	500	500	0	500	500	500	0	0	0	
4.3049366251e+02	573	19	492	15	0	500	500	0	500	500	500	0	0	0	
4.3099244563e+02	574	17	487	18	0	500	500	0	500	500	500	0	0	0	
4.3148573516e+02	578	14	485	20	0	500	500	0	500	500	500	0	0	0	
4.3198925719e+02	580	13	479	23	0	500	500	0	500	500	500	0	0	0	
4.3249464558e+02	579	14	483	19	0	500	500	0	500	500	500	0	0	0	
4.3294065893e+02	585	8	490	11	0	500	500	0	500	500	500	0	0	0	
4.3347657372e+02	582	11	491	11	0	500	500	0	500	500	500	0	0	0	
4.3399427913e+02	584	10	500	4	0	500	500	0	500	500	500	0	0	0	
4.3448916191e+02	587	8	488	15	0	500	500	0	500	500	500	0	0	0	
4.3497287995e+02	587	11	492	10	0	500	500	0	500	500	500	0	0	0	
4.3546717211e+02	589	10	497	6	0	500	500	0	500	500	500	0	0	0	
4.3598745969e+02	590	10	489	10	0	500	500	0	500	500	500	0	0	0	
4.3649926554e+02	588	11	484	13	0	500	500	0	500	500	500	0	0	0	
4.3699626131e+02	584	13	482	18	0	500	500	0	500	500	500	0	0	0	
4.3749001168e+02	592	5	490	12	0	500	500	0	500	500	500	0	0	0	
4.3799404993e+02	593	5	489	8	0	500	500	0	500	500	500	0	0	0	
4.3849191012e+02	592	7	491	7	0	500	500	0	500	500	500	0	0	0	
4.3898164467e+02	596	3	491	6	0	500	500	0	500	500	500	0	0	0	
4.3949553683e+02	595	4	492	4	0	500	500	0	500	500	500	0	0	0	
4.3998363917e+02	596	4	494	3	0	500	500	0	500	500	500	0	0	0	
4.4049849468e+02	596	5	490	6	0	500	500	0	500	500	500	0	0	0	
4.4097289203e+02	595	7	487	10	0	500	500	0	500	500	500	0	0	0	
4.4147428987e+02	599	3	493	8	0	500	500	0	500	500	500	0	0	0	
4.4194509663e+02	598	5	498	8	0	500	500	0	500	500	500	0	0	0	
4.4249560621e+02	595	9	498	9	0	500	500	0	500	500	500	0	0	0	
4.4299497425e+02	593	12	495	11	0	500	500	0	500	500	500	0	0	0	
4.4348917950e+02	588	13	489	18	0	500	500	0	500	500	500	0	0	0	
4.4396716858e+02	588	11	490	16	0	500	500	0	500	500	500	0	0	0	
4.4449443933e+02	591	9	494	13	0	500	500	0	500	500	500	0	0	0	
4.4496237264e+02	593	7	497	10	0	500	500	0	500	500	500	0	0	0	
4.4547495655e+02	591	8	498	10	0	500	500	0	500	500	500	0	0	0	
4.4599595971e+02	590	10	489	18	0	500	500	0	500	500	500	0	0	0	
4.4649873096e+02	588	12	494	15	0	500	500	0	500	500	500	0	0	0	
4.4699179790e+02	590	11	495	13	0	500	500	0	500	500	500	0	0	0	
4.4746724542e+02	590	10	499	9	0	500	500	0	500	500	500	0	0	0	
4.4798277772e+02	589	12	493	16	0	500	500	0	500	500	500	0	0	0	
4.4849389521e+02	592	10	492	17	0	500	500	0	500	500	500	0	0	0	
4.4898211791e+02	590	11	505	5	0	500	500	0	500	500	500	0	0	0	
4.4947807790e+02	589	12	495	15	0	500	500	0	500	500	500	0	0	0	
4.4998117030e+02	588	13	490	18	0	500	500	0	500	500	500	0	0	0	
4.5048915818e+02	586	14	500	9	0	500	500	0	500	500	500	0	0	0	
4.5098998947e+02	588	13	493	13	0	500	500	0	500	500	500	0	0	0	
4.5146767077e+02	590	9	496	10	0	500	500	0	500	500	500	0	0	0	
4.5199113477e+02	593	6	497	10	0	500	500	0	500	500	500	0	0	0	
4.5248841802e+02	592	7	493	10	0	500	500	0	500	500	500	0	0	0	
4.5298714149e+02	592	7	491	9	0	500	500	0	500	500	500	0	0	0	
4.5349203012e+02	592	8	489	10	0	500	500	0	500	500	500	0	0	0	
4.5399457133e+02	591	8	490	9	0	500	500	0	500	500	500	0	0	0	
4.5448332908e+02	590	9	488	10	0	500	500	0	500	500	500	0	0	0	
4.5499077448e+02	587	11	490	10	0	500	500	0	500	500	500	0	0	0	
4.5549671896e+02	587	12	485	13	0	500	500	0	500	500	500	0	0	0	
4.5598391128e+02	589	11	486	14	0	500	500	0	500	500	500	0	0	0	
4.5649910431e+02	589	12	488	11	0	500	500	0	500	500	500	0	0	0	
4.5699416564e+02	591	10	492	8	0	500	500	0	500	500	500	0	0	0	
4.5747773874e+02	594	11	493	5	0	500	500	0	500	500	500	0	0	0	
4.5799752641e+02	596	9	483	13	0	500	500	0	500	500	500	0	0	0	
4.5849779886e+02	596	10	477	20	0	500	500	0	500	500	500	0	0	0	
4.5898959616e+02	596	13	487	13	0	500	500	0	500	500	500	0	0	0	
4.5947961888e+02	595	13	488	14	0	500	500	0	500	500	500	0	0	0	
4.5999502295e+02	595	14	483	16	0	500	500	0	500	500	500	0	0	0	
4.6047115732e+02	595	11	482	18	0	500	500	0	500	500	500	0	0	0	
4.6099037184e+02	596	10	484	13	0	500	500	0	500	500	500	0	0	0	
4.6149782268e+02	594	12	486	13	0	500	500	0	500	500	500	0	0	0	
4.6199918859e+02	596	10	477	22	0	500	500	0	500	500	500	0	0	0	
4.6247219155e+02	593	13	482	20	0	500	500	0	500	500	500	0	0	0	
4.6297467749e+02	593	13	485	15	0	500	500	0	500	500	500	0	0	0	
4.6348578177e+02	594	12	492	9	0	500	500	0	500	500	500	0	0	0	
4.6395465889e+02	596	10	496	7	0	500	500	0	500	500	500	0	0	0	
4.6445520477e+02	597	8	493	8	0	500	500	0	500	500	500	0	0	0	
4.6499252944e+02	598	6	492	11	0	500	500	0	500	500	500	0	0	0	
4.6549471371e+02	601	4	496	8	0	500	500	0	500	500	500	0	0	0	
4.6599828241e+02	600	7	492	10	0	500	500	0	500	500	500	0	0	0	
4.6648068491e+02	602	7	490	11	0	500	500	0	500	500	500	0	0	0	
4.6698557492e+02	602	7	490	11	0	500	500	0	500	500	500	0	0	0	
4.6749288809e+02	601	8	494	7	0	500	500	0	500	500	500	0	0	0	
4.6796176244e+02	603	6	496	6	0	500	500	0	500	500	500	0	0	0	
4.6847031159e+02	605	6	497	9	0	500	500	0	500	500	500	0	0	0	
4.6899548344e+02	605	6	501	8	0	500	500	0	500	500	500	0	0	0	
4.6946799161e+02	609	3	503	8	0	500	500	0	500	500	500	0	0	0	
4.6995237316e+02	610	6	504	6	0	500	500	0	500	500	500	0	0	0	
4.7047016614e+02	611	4	502	8	0	500	500	0	500	500	500	0	0	0	
4.7099379032e+02	607	8	498	10	0	500	500	0	500	500	500	0	0	0	
4.7149439831e+02	607	9	489	16	0	500	500	0	500	500	500	0	0	0	
4.7199894283e+02	607	10	490	14	0	500	500	0	500	500	500	0	0	0	
4.7249868026e+02	607	10	497	8	0	500	500	0	500	500	500	0	0	0	
4.7299506457e+02	610	7	492	11	0	500	500	0	500	500	500	0	0	0	
4.7349682660e+02	608	9	489	15	0	500	500	0	500	500	500	0	0	0	
4.7397663386e+02	610	7	488	13	0	500	500	0	500	500	500	0	0	0	
4.7448087958e+02	609	9	490	10	0	500	500	0	500	500	500	0	0	0	
4.7499611220e+02	611	7	491	8	0	500	500	0	500	500	500	0	0	0	
4.7548451258e+02	611	7	491	6	0	500	500	0	500	500	500	0	0	0	
4.7596253461e+02	611	8	484	12	0	500	500	0	500	500	500	0	0	0	
4.7649533608e+02	612	7	481	15	0	500	500	0	500	500	500	0	0	0	
4.7698461492e+02	612	10	483	11	0	500	500	0	500	500	500	0	0	0	
4.7749386964e+02	610	10	484	10	0	500	500	0	500	500	500	0	0	0	
4.7797510019e+02	613	7	490	8	0	500	500	0	500	500	500	0	0	0	
4.7849098744e+02	613	6	488	9	0	500	500	0	500	500	500	0	0	0	
4.7898671861e+02	612	6	493	7	0	500	500	0	500	500	500	0	0	0	
4.7949665422e+02	613	5	492	7	0	500	500	0	500	500	500	0	0	0	
4.7998778999e+02	613	5	491	9	0	500	500	0	500	500	500	0	0	0	
4.8048718273e+02	614	6	492	9	0	500	500	0	500	500	500	0	0	0	
4.8097433243e+02	613	6	491	8	0	500	500	0	500	500	500	0	0	0	
4.8144104174e+02	614	6	496	4	0	500	500	0	500	500	500	0	0	0	
4.8197957982e+02	617	4	493	6	0	500	500	0	500	500	500	0	0	0	
4.8246541029e+02	618	5	495	10	0	500	500	0	500	500	500	0	0	0	
4.8298222525e+02	614	7	496	7	0	500	500	0	500	500	500	0	0	0	
4.8347243956e+02	614	7	491	10	0	500	500	0	500	500	500	0	0	0	
4.8399986521e+02	614	7	499	4	0	500	500	0	500	500	500	0	0	0	
4.8443346781e+02	615	5	495	7	0	500	500	0	500	500	500	0	0	0	
4.8497429451e+02	612	7	498	6	0	500	500	0	500	500	500	0	0	0	
4.8549027562e+02	612	8	498	7	0	500	500	0	500	500	500	0	0	0	
4.8599982389e+02	612	8	502	5	0	500	500	0	500	500	500	0	0	0	
4.8649357293e+02	613	7	490	19	0	500	500	0	500	500	500	0	0	0	
4.8697588542e+02	612	8	498	13	0	500	500	0	500	500	500	0	0	0	
4.8749279407e+02	610	10	502	11	0	500	500	0	500	500	500	0	0	0	
4.8796685551e+02	611	10	500	13	0	500	500	0	500	500	500	0	0	0	
4.8849170403e+02	612	11	509	5	0	500	500	0	500	500	500	0	0	0	
4.8897463034e+02	614	10	503	10	0	500	500	0	500	500	500	0	0	0	
4.8948489378e+02	614	10	496	16	0	500	500	0	500	500	500	0	0	0	
4.8999968002e+02	612	12	497	15	0	500	500	0	500	500	500	0	0	0	
4.9049985830e+02	608	16	495	19	0	500	500	0	500	500	500	0	0	0	
4.9098824003e+02	613	13	497	17	0	500	500	0	500	500	500	0	0	0	
4.9148136784e+02	611	15	501	15	0	500	500	0	500	500	500	0	0	0	
4.9199854510e+02	609	20	493	22	0	500	500	0	500	500	500	0	0	0	
4.9248646173e+02	613	16	496	20	0	500	500	0	500	500	500	0	0	0	
4.9298349815e+02	617	12	503	12	0	500	500	0	500	500	500	0	0	0	
4.9349744017e+02	615	15	507	7	0	500	500	0	500	500	500	0	0	0	
4.9399787288e+02	617	14	503	10	0	500	500	0	500	500	500	0	0	0	
4.9447896344e+02	618	13	502	12	0	500	500	0	500	500	500	0	0	0	
4.9499235549e+02	620	13	501	13	0	500	500	0	500	500	500	0	0	0	
4.9548127953e+02	621	11	501	13	0	500	500	0	500	500	500	0	0	0	
4.9596395050e+02	618	11	502	12	0	500	500	0	500	500	500	0	0	0	
4.9649194697e+02	619	10	495	19	0	500	500	0	500	500	500	0	0	0	
4.9699666473e+02	618	11	496	14	0	500	500	0	500	500	500	0	0	0	
4.9749037130e+02	618	11	495	14	0	500	500	0	500	500	500	0	0	0	
4.9799503044e+02	618	11	492	15	0	500	500	0	500	500	500	0	0	0	
4.9848922762e+02	622	7	494	13	0	500	500	0	500	500	500	0	0	0	
4.9898818265e+02	623	6	493	14	0	500	500	0	500	500	500	0	0	0	
4.9949731148e+02	624	7	502	7	0	500	500	0	500	500	500	0	0	0	
4.9997831104e+02	625	7	502	9	0	500	500	0	500	500	500	0	0	0	
5.0000542580e+02	625	8	502	9	0	500	500	0	500	500	500	0	0	0	
