0.0000000000e+00	0	0	500	0	0	0	0	50	500	500	0	0	0	0	
4.9122966655e-01	0	0	500	0	0	8	0	50	500	500	0	0	0	0	
9.3636718959e-01	0	2	500	0	0	11	0	50	500	500	0	0	0	0	
1.4813774565e+00	0	4	496	4	1	20	0	50	500	500	0	0	0	0	
1.9820056137e+00	0	4	498	2	0	23	0	50	500	500	0	0	0	0	
2.4519718808e+00	0	5	493	7	0	26	0	50	500	500	0	0	0	0	
2.9958465780e+00	0	6	492	8	0	33	0	50	500	500	0	0	0	0	
3.4954185746e+00	0	8	495	5	1	35	0	50	500	500	0	0	0	0	
3.9997448367e+00	0	9	491	9	2	37	0	50	500	500	0	0	0	0	
4.4984720475e+00	0	9	497	3	2	38	0	50	500	500	0	0	0	0	
4.9931281962e+00	0	11	492	8	1	44	0	50	500	500	0	0	0	0	
5.4945393581e+00	0	11	494	6	2	45	0	50	500	500	0	0	0	0	
5.9595135133e+00	0	13	494	6	1	41	0	50	500	500	0	0	0	0	
6.4957677160e+00	0	14	487	13	2	46	0	50	500	500	0	0	0	0	
6.9927416974e+00	0	15	484	16	0	43	0	50	500	500	0	0	0	0	
7.4968426110e+00	0	17	485	15	4	39	0	50	500	500	0	0	0	0	
7.9957099912e+00	0	17	482	18	1	37	0	50	500	500	0	0	0	0	
8.4893228119e+00	0	18	483	17	4	36	0	50	500	500	0	0	0	0	
8.9842962584e+00	0	19	485	15	0	37	0	50	500	500	0	0	0	0	
9.4921025007e+00	0	20	479	21	1	35	0	50	500	500	0	0	0	0	
9.9897404946e+00	0	21	477	23	2	31	0	50	500	500	0	0	0	0	
1.0490132208e+01	0	21	471	29	2	35	0	50	500	500	0	0	0	0	
1.0996325965e+01	1	21	469	31	3	39	0	50	500	500	0	0	0	0	
1.1494322304e+01	1	23	465	35	1	35	0	50	500	500	0	0	0	0	
1.1997233485e+01	1	24	469	31	6	32	0	50	500	500	0	0	0	0	
1.2484120970e+01	2	24	474	26	1	39	0	50	500	500	0	0	0	0	
1.2991499555e+01	3	24	468	32	3	43	0	50	500	500	0	0	0	0	
1.3499753206e+01	4	25	473	27	2	43	0	50	500	500	0	0	0	0	
1.3999642775e+01	4	25	471	29	2	40	0	50	500	500	0	0	0	0	
1.4494464250e+01	4	25	461	39	3	41	0	50	500	500	0	0	0	0	
1.4996610967e+01	4	27	458	42	4	45	0	50	500	500	0	0	0	0	
1.5497348446e+01	3	29	460	40	3	40	0	50	500	500	0	0	0	0	
1.5998197555e+01	3	31	447	53	4	33	0	50	500	500	0	0	0	0	
1.6495206902e+01	3	32	430	70	5	35	0	50	500	500	0	0	0	0	
1.6998473082e+01	3	34	438	62	4	37	0	50	500	500	0	0	0	0	
1.7499364549e+01	4	33	441	59	6	36	0	50	500	500	0	0	0	0	
1.7996834627e+01	4	32	452	48	3	40	0	50	500	500	0	0	0	0	
1.8495424320e+01	4	32	456	44	6	34	0	50	500	500	0	0	0	0	
1.8991024754e+01	4	33	451	49	3	31	0	50	500	500	0	0	0	0	
1.9495101883e+01	4	33	448	52	2	34	0	50	500	500	0	0	0	0	
1.9992033748e+01	6	34	445	55	4	34	0	50	500	500	0	0	0	0	
2.0499743946e+01	8	33	438	62	3	31	0	50	500	500	0	0	0	0	
2.0997939667e+01	8	34	439	61	3	22	0	50	500	500	0	0	0	0	
2.1492704545e+01	8	36	441	59	3	29	0	50	500	500	0	0	0	0	
2.1998474969e+01	8	37	440	60	4	37	0	50	500	500	0	0	0	0	
2.2488858288e+01	11	37	433	67	4	42	0	50	500	500	0	0	0	0	
2.2991513234e+01	13	38	416	84	6	42	0	50	500	500	0	0	0	0	
2.3486494505e+01	13	38	416	84	6	37	0	50	500	500	0	0	0	0	
2.3997646067e+01	11	40	411	89	5	42	0	50	500	500	0	0	0	0	
2.4490685412e+01	12	40	400	100	2	36	0	50	500	500	0	0	0	0	
2.4990884831e+01	12	41	391	109	2	34	0	50	500	500	0	0	0	0	
2.5499835818e+01	12	41	382	118	5	30	0	50	500	500	0	0	0	0	
2.5993764208e+01	13	41	380	120	5	24	0	50	500	500	0	0	0	0	
2.6499858399e+01	14	42	382	118	6	31	0	50	500	500	0	0	0	0	
2.6997179088e+01	15	41	376	124	6	29	0	50	500	500	0	0	0	0	
2.7496944512e+01	15	41	382	118	8	26	0	50	500	500	0	0	0	0	
2.7999525632e+01	14	43	389	111	4	28	0	50	500	500	0	0	0	0	
2.8499051411e+01	15	43	383	117	9	26	0	50	500	500	0	0	0	0	
2.8999819019e+01	15	44	386	114	13	19	0	50	500	500	0	0	0	0	
2.9497391413e+01	13	47	374	126	7	25	0	50	500	500	0	0	0	0	
2.9995466127e+01	15	46	383	117	3	28	0	50	500	500	0	0	0	0	
3.0498183396e+01	13	49	375	125	9	24	0	50	500	500	0	0	0	0	
3.0997105271e+01	12	50	360	140	5	32	0	50	500	500	0	0	0	0	
3.1498905606e+01	12	51	347	153	4	20	0	50	500	500	0	0	0	0	
3.1996218652e+01	13	50	349	151	6	23	0	50	500	500	0	0	0	0	
3.2498386259e+01	10	54	323	177	9	27	0	50	500	500	0	0	0	0	
3.2997719791e+01	9	56	317	183	6	37	0	50	500	500	0	0	0	0	
3.3497120657e+01	8	57	309	191	5	27	0	50	500	500	0	0	0	0	
3.3988665388e+01	9	56	291	209	8	27	0	50	500	500	0	0	0	0	
3.4489303149e+01	8	57	267	233	9	30	0	50	500	500	0	0	0	0	
3.4998536295e+01	8	60	266	234	10	23	0	50	500	500	0	0	0	0	
3.5499915945e+01	7	62	276	224	11	27	0	50	500	500	0	0	0	0	
3.5998140678e+01	7	63	270	230	6	27	0	50	500	500	0	0	0	0	
3.6497331341e+01	9	61	268	232	10	24	0	50	500	500	0	0	0	0	
3.6997397680e+01	9	62	259	241	5	31	0	50	500	500	0	0	0	0	
3.7499228839e+01	8	65	234	266	3	36	0	50	500	500	0	0	0	0	
3.7999654424e+01	7	67	218	282	17	26	0	50	500	500	0	0	0	0	
3.8497754664e+01	8	67	203	297	5	29	0	50	500	500	0	0	0	0	
3.8999016942e+01	9	70	190	310	12	25	0	50	500	500	0	0	0	0	
3.9498232605e+01	8	71	171	329	6	37	0	50	500	500	0	0	0	0	
3.9996477613e+01	9	70	173	327	7	32	0	50	500	500	0	0	0	0	
4.0493856657e+01	7	74	156	344	4	26	0	50	500	500	0	0	0	0	
4.0997649286e+01	6	75	159	341	7	19	0	50	500	500	0	0	0	0	
4.1496989856e+01	4	77	141	359	3	18	0	50	500	500	0	0	0	0	
4.1999553222e+01	4	78	118	382	7	16	0	50	500	500	0	0	0	0	
4.2497473486e+01	6	76	113	387	4	24	0	50	500	500	0	0	0	0	
4.2999448419e+01	6	78	120	380	4	26	0	50	500	500	0	0	0	0	
4.3498175679e+01	6	78	125	375	6	32	0	50	500	500	0	0	0	0	
4.3996222446e+01	5	80	115	385	7	24	0	50	500	500	0	0	0	0	
4.4499187041e+01	4	81	102	398	10	18	0	50	500	500	0	0	0	0	
4.4997261834e+01	4	81	92	408	7	16	0	50	500	500	0	0	0	0	
4.5499486583e+01	1	87	83	417	7	19	0	50	500	500	0	0	0	0	
4.5995831722e+01	2	86	81	419	7	19	0	50	500	500	0	0	0	0	
4.6498001609e+01	3	86	84	416	7	13	0	50	500	500	0	0	0	0	
4.6998007088e+01	4	87	78	422	4	22	0	50	500	500	0	0	0	0	
4.7499611425e+01	3	89	65	435	9	19	0	50	500	500	0	0	0	0	
4.7999044618e+01	1	93	62	438	9	22	0	50	500	500	0	0	0	0	
4.8498731656e+01	1	94	48	452	7	16	0	50	500	500	0	0	0	0	
4.8999949750e+01	1	98	45	455	8	14	0	50	500	500	0	0	0	0	
4.9496569244e+01	1	99	55	445	7	10	0	50	500	500	0	0	0	0	
4.9996966412e+01	1	100	32	468	2	19	0	50	500	500	0	0	0	0	
5.0497896338e+01	0	102	27	473	4	12	0	50	500	500	0	0	0	0	
5.0993361411e+01	0	103	23	477	6	11	0	50	500	500	0	0	0	0	
5.1492979378e+01	0	104	21	479	4	15	0	50	500	500	0	0	0	0	
5.1997812604e+01	1	104	33	467	13	15	0	50	500	500	0	0	0	0	
5.2499924659e+01	2	103	26	474	5	14	0	50	500	500	0	0	0	0	
5.2994957093e+01	2	103	28	472	10	20	0	50	500	500	0	0	0	0	
5.3497052641e+01	3	105	34	466	8	21	0	50	500	500	0	0	0	0	
5.3999140444e+01	3	106	42	458	12	18	0	50	500	500	0	0	0	0	
5.4499127707e+01	2	107	29	471	8	21	0	50	500	500	0	0	0	0	
5.4999806112e+01	1	108	26	474	7	16	0	50	500	500	0	0	0	0	
5.5498668528e+01	1	107	25	475	5	23	0	50	500	500	0	0	0	0	
5.5997698105e+01	3	105	32	468	13	15	0	50	500	500	0	0	0	0	
5.6495865450e+01	3	105	44	456	15	14	0	50	500	500	0	0	0	0	
5.6995637013e+01	2	108	45	455	6	10	0	50	500	500	0	0	0	0	
5.7491741615e+01	1	109	44	456	8	19	0	50	500	500	0	0	0	0	
5.7998650256e+01	3	109	38	462	13	10	0	50	500	500	0	0	0	0	
5.8499265836e+01	3	110	31	469	8	16	0	50	500	500	0	0	0	0	
5.8999213669e+01	3	113	31	469	11	10	0	50	500	500	0	0	0	0	
5.9496589545e+01	4	113	18	482	5	18	0	50	500	500	0	0	0	0	
5.9996690080e+01	2	116	27	473	3	16	0	50	500	500	0	0	0	0	
6.0499402451e+01	1	118	22	478	10	12	0	50	500	500	0	0	0	0	
6.0998634168e+01	1	120	27	473	6	14	0	50	500	500	0	0	0	0	
6.1497257687e+01	1	121	23	477	4	16	0	50	500	500	0	0	0	0	
6.1994959728e+01	1	121	23	477	4	22	0	50	500	500	0	0	0	0	
6.2499760540e+01	2	122	30	470	8	31	0	50	500	500	0	0	0	0	
6.2997586542e+01	5	119	34	466	10	23	0	50	500	500	0	0	0	0	
6.3498543149e+01	4	124	28	472	11	17	0	50	500	500	0	0	0	0	
6.3998967148e+01	5	124	27	473	7	23	0	50	500	500	0	0	0	0	
6.4497953479e+01	5	125	27	473	7	14	0	50	500	500	0	0	0	0	
6.4985514392e+01	5	126	18	482	9	16	0	50	500	500	0	0	0	0	
6.5499682086e+01	5	127	20	480	8	14	0	50	500	500	0	0	0	0	
6.5999191205e+01	4	128	29	471	11	8	0	50	500	500	0	0	0	0	
6.6499033169e+01	3	128	20	480	6	14	0	50	500	500	0	0	0	0	
6.6998132503e+01	3	129	25	475	6	20	0	50	500	500	0	0	0	0	
6.7499187212e+01	4	128	32	468	10	13	0	50	500	500	0	0	0	0	
6.7994286060e+01	3	131	31	469	6	23	0	50	500	500	0	0	0	0	
6.8496670021e+01	2	132	24	476	8	15	0	50	500	500	0	0	0	0	
6.8999612377e+01	2	136	27	473	5	19	0	50	500	500	0	0	0	0	
6.9499401903e+01	2	137	24	476	14	11	0	50	500	500	0	0	0	0	
6.9994670166e+01	2	139	25	475	7	12	0	50	500	500	0	0	0	0	
7.0493567306e+01	2	140	25	475	11	7	0	50	500	500	0	0	0	0	
7.0999479648e+01	2	141	23	477	7	10	0	50	500	500	0	0	0	0	
7.1497218185e+01	2	143	33	467	8	7	0	50	500	500	0	0	0	0	
7.1998044232e+01	0	147	31	469	8	8	0	50	500	500	0	0	0	0	
7.2495510670e+01	0	148	24	476	6	10	0	50	500	500	0	0	0	0	
7.2998585242e+01	0	148	31	469	9	17	0	50	500	500	0	0	0	0	
7.3496174341e+01	4	145	13	487	12	14	0	50	500	500	0	0	0	0	
7.3997842292e+01	5	145	19	481	9	12	0	50	500	500	0	0	0	0	
7.4499863532e+01	4	146	17	483	9	9	0	50	500	500	0	0	0	0	
7.4995068020e+01	5	146	19	481	8	12	0	50	500	500	0	0	0	0	
7.5496380392e+01	5	145	22	478	6	13	0	50	500	500	0	0	0	0	
7.5995850119e+01	4	147	10	490	12	10	0	50	500	500	0	0	0	0	
7.6489233726e+01	4	148	22	478	7	14	0	50	500	500	0	0	0	0	
7.6999271161e+01	3	149	32	468	8	10	0	50	500	500	0	0	0	0	
7.7499842641e+01	4	149	29	471	9	12	0	50	500	500	0	0	0	0	
7.7993043200e+01	3	149	18	482	9	14	0	50	500	500	0	0	0	0	
7.8496485113e+01	3	149	17	483	11	14	0	50	500	500	0	0	0	0	
7.8996391026e+01	3	150	16	484	8	13	0	50	500	500	0	0	0	0	
7.9497614283e+01	4	150	11	489	10	10	0	50	500	500	0	0	0	0	
7.9999856651e+01	3	151	20	480	7	8	0	50	500	500	0	0	0	0	
8.0497589871e+01	1	153	21	479	8	7	0	50	500	500	0	0	0	0	
8.0999461830e+01	1	153	19	481	6	15	0	50	500	500	0	0	0	0	
8.1497287843e+01	0	154	23	477	11	11	0	50	500	500	0	0	0	0	
8.1999210385e+01	1	153	25	475	10	14	0	50	500	500	0	0	0	0	
8.2499912172e+01	1	153	21	479	13	15	0	50	500	500	0	0	0	0	
8.2992915135e+01	2	152	21	479	13	9	0	50	500	500	0	0	0	0	
8.3497909041e+01	3	153	31	469	9	12	0	50	500	500	0	0	0	0	
8.3999334817e+01	4	154	27	473	4	13	0	50	500	500	0	0	0	0	
8.4498742873e+01	5	154	25	475	10	8	0	50	500	500	0	0	0	0	
8.4997991990e+01	5	155	29	471	8	14	0	50	500	500	0	0	0	0	
8.5497875827e+01	5	156	17	483	8	17	0	50	500	500	0	0	0	0	
8.5999950001e+01	5	156	25	475	16	13	0	50	500	500	0	0	0	0	
8.6491209248e+01	3	157	14	486	11	11	0	50	500	500	0	0	0	0	
8.6996639551e+01	1	160	14	486	10	10	0	50	500	500	0	0	0	0	
8.7493552908e+01	1	161	25	475	6	10	0	50	500	500	0	0	0	0	
8.7996864228e+01	1	163	17	483	8	8	0	50	500	500	0	0	0	0	
8.8498652443e+01	2	163	20	480	9	8	0	50	500	500	0	0	0	0	
8.8996694995e+01	2	163	14	486	7	12	0	50	500	500	0	0	0	0	
8.9499101610e+01	1	164	14	486	10	9	0	50	500	500	0	0	0	0	
8.9998518442e+01	1	167	14	486	8	14	0	50	500	500	0	0	0	0	
9.0498433111e+01	2	168	11	489	9	16	0	50	500	500	0	0	0	0	
9.0996070826e+01	3	167	9	491	13	12	0	50	500	500	0	0	0	0	
9.1499249779e+01	2	170	21	479	12	9	0	50	500	500	0	0	0	0	
9.1995084148e+01	2	173	28	472	12	8	0	50	500	500	0	0	0	0	
9.2497502341e+01	3	174	13	487	16	16	0	50	500	500	0	0	0	0	
9.2999789313e+01	2	175	26	474	8	14	0	50	500	500	0	0	0	0	
9.3496720293e+01	2	176	16	484	14	7	0	50	500	500	0	0	0	0	
9.3996172721e+01	3	176	8	492	7	13	0	50	500	500	0	0	0	0	
9.4499856576e+01	2	178	13	487	12	4	0	50	500	500	0	0	0	0	
9.4997810339e+01	3	178	23	477	9	7	0	50	500	500	0	0	0	0	
9.5495638697e+01	2	180	25	475	12	7	0	50	500	500	0	0	0	0	
9.5998528143e+01	1	182	13	487	9	13	0	50	500	500	0	0	0	0	
9.6496022225e+01	1	184	18	482	14	11	0	50	500	500	0	0	0	0	
9.6992346918e+01	2	186	17	483	24	9	0	50	500	500	0	0	0	0	
9.7499305288e+01	2	189	20	480	19	11	0	50	500	500	0	0	0	0	
9.7999679446e+01	1	191	22	478	12	18	0	50	500	500	0	0	0	0	
9.8496270063e+01	3	189	19	481	11	12	0	50	500	500	0	0	0	0	
9.8992331075e+01	2	190	18	482	12	15	0	50	500	500	0	0	0	0	
9.9499243487e+01	3	189	13	487	12	15	0	50	500	500	0	0	0	0	
9.9998143031e+01	3	192	7	493	18	11	0	50	500	500	0	0	0	0	
1.0049304349e+02	2	193	9	491	10	13	0	50	500	500	0	0	0	0	
1.0099608966e+02	2	193	15	485	11	17	0	50	500	500	0	0	0	0	
1.0149825815e+02	1	195	16	484	12	14	0	50	500	500	0	0	0	0	
1.0199923640e+02	0	197	17	483	10	19	0	50	500	500	0	0	0	0	
1.0249875619e+02	1	196	10	490	6	13	0	50	500	500	0	0	0	0	
1.0299958466e+02	2	194	22	478	13	8	0	50	500	500	0	0	0	0	
1.0349568640e+02	2	195	16	484	18	9	0	50	500	500	0	0	0	0	
1.0399945980e+02	1	197	10	490	13	7	0	50	500	500	0	0	0	0	
1.0449984571e+02	2	196	18	482	9	17	0	50	500	500	0	0	0	0	
1.0499940935e+02	5	192	14	486	14	13	0	50	500	500	0	0	0	0	
1.0549871041e+02	5	192	12	488	11	12	0	50	500	500	0	0	0	0	
1.0598897768e+02	5	191	16	484	8	10	0	50	500	500	0	0	0	0	
1.0649802885e+02	4	195	15	485	7	10	0	50	500	500	0	0	0	0	
1.0699780835e+02	4	198	15	485	7	6	0	50	500	500	0	0	0	0	
1.0749795209e+02	2	200	13	487	2	13	0	50	500	500	0	0	0	0	
1.0799893879e+02	3	202	21	479	10	14	0	50	500	500	0	0	0	0	
1.0849955855e+02	4	200	7	493	12	10	0	50	500	500	0	0	0	0	
1.0899774787e+02	5	201	21	479	13	7	0	50	500	500	0	0	0	0	
1.0949921139e+02	3	206	16	484	11	7	0	50	500	500	0	0	0	0	
1.0999450221e+02	4	208	10	490	14	10	0	50	500	500	0	0	0	0	
1.1049696810e+02	3	209	11	489	13	5	0	50	500	500	0	0	0	0	
1.1099673138e+02	4	207	12	488	11	11	0	50	500	500	0	0	0	0	
1.1149874849e+02	2	208	14	486	16	6	0	50	500	500	0	0	0	0	
1.1199809709e+02	1	209	13	487	6	6	0	50	500	500	0	0	0	0	
1.1249867894e+02	1	213	20	480	9	8	0	50	500	500	0	0	0	0	
1.1299870559e+02	0	213	13	487	9	9	0	50	500	500	0	0	0	0	
1.1349852568e+02	0	214	14	486	10	4	0	50	500	500	0	0	0	0	
1.1399955896e+02	0	216	5	495	10	7	0	50	500	500	0	0	0	0	
1.1449999363e+02	0	217	11	489	10	5	0	50	500	500	0	0	0	0	
1.1499832038e+02	0	217	25	475	8	8	0	50	500	500	0	0	0	0	
1.1549806283e+02	0	218	14	486	10	5	0	50	500	500	0	0	0	0	
1.1599529964e+02	2	215	21	479	8	16	0	50	500	500	0	0	0	0	
1.1649611601e+02	3	215	15	485	15	7	0	50	500	500	0	0	0	0	
1.1699966830e+02	3	216	12	488	11	10	0	50	500	500	0	0	0	0	
1.1749959318e+02	2	217	11	489	17	8	0	50	500	500	0	0	0	0	
1.1799676534e+02	1	218	20	480	11	6	0	50	500	500	0	0	0	0	
1.1849761972e+02	2	218	12	488	11	12	0	50	500	500	0	0	0	0	
1.1899473222e+02	2	220	9	491	7	11	0	50	500	500	0	0	0	0	
1.1949976430e+02	3	219	17	483	8	15	0	50	500	500	0	0	0	0	
1.1999573245e+02	2	221	16	484	16	7	0	50	500	500	0	0	0	0	
1.2049804872e+02	3	222	16	484	11	11	0	50	500	500	0	0	0	0	
1.2099240187e+02	3	223	8	492	17	7	0	50	500	500	0	0	0	0	
1.2149899155e+02	4	223	13	487	13	11	0	50	500	500	0	0	0	0	
1.2199548246e+02	3	224	17	483	14	7	0	50	500	500	0	0	0	0	
1.2249994551e+02	3	225	9	491	4	12	0	50	500	500	0	0	0	0	
1.2299769474e+02	3	226	6	494	7	10	0	50	500	500	0	0	0	0	
1.2349910528e+02	2	227	19	481	9	8	0	50	500	500	0	0	0	0	
1.2398803562e+02	3	227	17	483	19	8	0	50	500	500	0	0	0	0	
1.2449609701e+02	1	229	9	491	10	12	0	50	500	500	0	0	0	0	
1.2499333945e+02	1	227	12	488	11	6	0	50	500	500	0	0	0	0	
1.2549929369e+02	0	230	9	491	9	8	0	50	500	500	0	0	0	0	
1.2599758449e+02	2	228	7	493	8	6	0	50	500	500	0	0	0	0	
1.2649936439e+02	2	228	9	491	6	11	0	50	500	500	0	0	0	0	
1.2699980974e+02	2	230	9	491	9	7	0	50	500	500	0	0	0	0	
1.2749809043e+02	1	232	19	481	10	7	0	50	500	500	0	0	0	0	
1.2798793160e+02	1	233	13	487	11	10	0	50	500	500	0	0	0	0	
1.2849925746e+02	2	232	8	492	14	11	0	50	500	500	0	0	0	0	
1.2899973571e+02	2	232	1	499	6	14	0	50	500	500	0	0	0	0	
1.2948849530e+02	1	233	18	482	15	5	0	50	500	500	0	0	0	0	
1.2999852868e+02	0	237	9	491	6	12	0	50	500	500	0	0	0	0	
1.3049627006e+02	2	235	13	487	11	9	0	50	500	500	0	0	0	0	
1.3099665938e+02	1	236	7	493	12	5	0	50	500	500	0	0	0	0	
1.3149749876e+02	3	234	12	488	7	9	0	50	500	500	0	0	0	0	
1.3199351028e+02	3	234	13	487	11	6	0	50	500	500	0	0	0	0	
1.3249167395e+02	3	234	16	484	8	3	0	50	500	500	0	0	0	0	
1.3299397994e+02	3	235	12	488	7	5	0	50	500	500	0	0	0	0	
1.3349969015e+02	2	237	9	491	8	10	0	50	500	500	0	0	0	0	
1.3399787318e+02	3	237	9	491	11	5	0	50	500	500	0	0	0	0	
1.3449968367e+02	3	238	12	488	14	8	0	50	500	500	0	0	0	0	
1.3499151413e+02	5	237	10	490	14	9	0	50	500	500	0	0	0	0	
1.3549607711e+02	6	236	7	493	9	8	0	50	500	500	0	0	0	0	
1.3599986315e+02	6	237	15	485	9	5	0	50	500	500	0	0	0	0	
1.3649950957e+02	7	237	13	487	10	6	0	50	500	500	0	0	0	0	
1.3699472558e+02	5	238	13	487	6	11	0	50	500	500	0	0	0	0	
1.3749992364e+02	7	238	13	487	9	7	0	50	500	500	0	0	0	0	
1.3799693450e+02	6	239	17	483	17	8	0	50	500	500	0	0	0	0	
1.3849920819e+02	7	238	14	486	17	10	0	50	500	500	0	0	0	0	
1.3899683577e+02	3	243	11	489	12	8	0	50	500	500	0	0	0	0	
1.3949600166e+02	3	243	10	490	13	5	0	50	500	500	0	0	0	0	
1.3999684371e+02	4	243	12	488	13	7	0	50	500	500	0	0	0	0	
1.4049185843e+02	4	244	6	494	10	9	0	50	500	500	0	0	0	0	
1.4099961731e+02	5	243	9	491	9	10	0	50	500	500	0	0	0	0	
1.4149601930e+02	6	242	13	487	14	5	0	50	500	500	0	0	0	0	
1.4199718569e+02	7	241	10	490	14	6	0	50	500	500	0	0	0	0	
1.4249834156e+02	5	243	13	487	12	11	0	50	500	500	0	0	0	0	
1.4299942381e+02	4	246	15	485	14	4	0	50	500	500	0	0	0	0	
1.4349850927e+02	2	249	15	485	10	5	0	50	500	500	0	0	0	0	
1.4399919473e+02	2	249	6	494	5	9	0	50	500	500	0	0	0	0	
1.4449932557e+02	2	250	12	488	14	8	0	50	500	500	0	0	0	0	
1.4499709988e+02	3	250	12	488	11	7	0	50	500	500	0	0	0	0	
1.4549842247e+02	4	250	6	494	16	8	0	50	500	500	0	0	0	0	
1.4599780390e+02	4	250	18	482	10	6	0	50	500	500	0	0	0	0	
1.4649976988e+02	2	253	15	485	8	4	0	50	500	500	0	0	0	0	
1.4699868476e+02	2	254	7	493	7	7	0	50	500	500	0	0	0	0	
1.4748650784e+02	1	255	7	493	8	3	0	50	500	500	0	0	0	0	
1.4799834794e+02	0	259	17	483	8	1	0	50	500	500	0	0	0	0	
1.4848771060e+02	0	259	10	490	7	6	0	50	500	500	0	0	0	0	
1.4899993296e+02	2	258	17	483	12	3	0	50	500	500	0	0	0	0	
1.4949570685e+02	2	257	6	494	10	7	0	50	500	500	0	0	0	0	
1.4999222213e+02	2	257	10	490	18	8	0	50	500	500	0	0	0	0	
1.5049794127e+02	4	256	13	487	17	13	0	50	500	500	0	0	0	0	
1.5099461362e+02	5	255	10	490	13	7	0	50	500	500	0	0	0	0	
1.5149652112e+02	4	258	5	495	8	1	0	50	500	500	0	0	0	0	
1.5199675428e+02	4	259	6	494	13	5	0	50	500	500	0	0	0	0	
1.5249924772e+02	2	261	10	490	12	11	0	50	500	500	0	0	0	0	
1.5299958329e+02	2	262	11	489	14	9	0	50	500	500	0	0	0	0	
1.5349774317e+02	3	263	6	494	9	9	0	50	500	500	0	0	0	0	
1.5399942015e+02	4	262	9	491	14	14	0	50	500	500	0	0	0	0	
1.5449634168e+02	7	259	7	493	14	4	0	50	500	500	0	0	0	0	
1.5499921232e+02	7	260	11	489	11	14	0	50	500	500	0	0	0	0	
1.5549830963e+02	8	259	13	487	10	7	0	50	500	500	0	0	0	0	
1.5599802067e+02	6	260	11	489	11	8	0	50	500	500	0	0	0	0	
1.5649795529e+02	4	264	10	490	8	6	0	50	500	500	0	0	0	0	
1.5698759976e+02	5	263	10	490	10	5	0	50	500	500	0	0	0	0	
1.5749525856e+02	5	264	10	490	7	4	0	50	500	500	0	0	0	0	
1.5799984585e+02	4	266	6	494	5	3	0	50	500	500	0	0	0	0	
1.5849013002e+02	1	270	10	490	7	5	0	50	500	500	0	0	0	0	
1.5899488216e+02	1	270	13	487	7	3	0	50	500	500	0	0	0	0	
1.5949265286e+02	1	271	6	494	11	3	0	50	500	500	0	0	0	0	
1.5999951346e+02	1	271	11	489	9	6	0	50	500	500	0	0	0	0	
1.6049686519e+02	0	272	9	491	8	7	0	50	500	500	0	0	0	0	
1.6099123684e+02	0	273	9	491	10	3	0	50	500	500	0	0	0	0	
1.6149403949e+02	0	273	7	493	9	7	0	50	500	500	0	0	0	0	
1.6199716788e+02	0	273	9	491	10	8	0	50	500	500	0	0	0	0	
1.6249134312e+02	1	273	9	491	11	10	0	50	500	500	0	0	0	0	
1.6299919583e+02	1	272	13	487	12	6	0	50	500	500	0	0	0	0	
1.6349908198e+02	2	273	11	489	14	6	0	50	500	500	0	0	0	0	
1.6399363569e+02	2	274	11	489	8	6	0	50	500	500	0	0	0	0	
1.6449988354e+02	1	278	7	493	8	14	0	50	500	500	0	0	0	0	
1.6499890766e+02	0	279	13	487	11	6	0	50	500	500	0	0	0	0	
1.6549862755e+02	0	281	13	487	11	7	0	50	500	500	0	0	0	0	
1.6599851300e+02	0	283	11	489	9	4	0	50	500	500	0	0	0	0	
1.6649737867e+02	1	281	7	493	8	9	0	50	500	500	0	0	0	0	
1.6699977329e+02	1	280	8	492	9	14	0	50	500	500	0	0	0	0	
1.6749977568e+02	1	280	6	494	14	6	0	50	500	500	0	0	0	0	
1.6799944702e+02	2	279	9	491	5	17	0	50	500	500	0	0	0	0	
1.6849383096e+02	3	280	7	493	17	2	0	50	500	500	0	0	0	0	
1.6898884680e+02	3	281	9	491	9	10	0	50	500	500	0	0	0	0	
1.6949608169e+02	3	280	6	494	16	7	0	50	500	500	0	0	0	0	
1.6999844828e+02	3	281	6	494	13	8	0	50	500	500	0	0	0	0	
1.7049759865e+02	2	283	8	492	13	4	0	50	500	500	0	0	0	0	
1.7099932190e+02	2	284	14	486	13	3	0	50	500	500	0	0	0	0	
1.7149876072e+02	1	285	9	491	4	9	0	50	500	500	0	0	0	0	
1.7199621104e+02	2	284	10	490	17	7	0	50	500	500	0	0	0	0	
1.7249736193e+02	1	286	5	495	10	10	0	50	500	500	0	0	0	0	
1.7299759464e+02	1	288	11	489	10	10	0	50	500	500	0	0	0	0	
1.7349858502e+02	0	289	8	492	9	12	0	50	500	500	0	0	0	0	
1.7399780766e+02	1	288	8	492	14	6	0	50	500	500	0	0	0	0	
1.7449917129e+02	2	288	11	489	6	8	0	50	500	500	0	0	0	0	
1.7499935489e+02	2	289	8	492	4	4	0	50	500	500	0	0	0	0	
1.7549798504e+02	4	288	9	491	11	3	0	50	500	500	0	0	0	0	
1.7599996407e+02	4	288	4	496	11	9	0	50	500	500	0	0	0	0	
1.7649334571e+02	4	290	9	491	13	4	0	50	500	500	0	0	0	0	
1.7699633371e+02	2	295	8	492	12	6	0	50	500	500	0	0	0	0	
1.7749999743e+02	3	296	10	490	9	8	0	50	500	500	0	0	0	0	
1.7799979095e+02	2	298	9	491	9	3	0	50	500	500	0	0	0	0	
1.7849813609e+02	1	299	12	488	16	9	0	50	500	500	0	0	0	0	
1.7899897816e+02	1	300	9	491	17	5	0	50	500	500	0	0	0	0	
1.7948992729e+02	0	303	13	487	11	7	0	50	500	500	0	0	0	0	
1.7999502588e+02	0	304	3	497	12	7	0	50	500	500	0	0	0	0	
1.8049945723e+02	0	305	12	488	14	3	0	50	500	500	0	0	0	0	
1.8099646726e+02	0	306	11	489	14	12	0	50	500	500	0	0	0	0	
1.8149891716e+02	0	307	6	494	14	6	0	50	500	500	0	0	0	0	
1.8199725851e+02	0	308	4	496	13	4	0	50	500	500	0	0	0	0	
1.8249860871e+02	1	310	10	490	7	7	0	50	500	500	0	0	0	0	
1.8299781401e+02	1	311	5	495	10	9	0	50	500	500	0	0	0	0	
1.8349547638e+02	2	312	4	496	12	5	0	50	500	500	0	0	0	0	
1.8399995903e+02	3	310	7	493	10	4	0	50	500	500	0	0	0	0	
1.8449970079e+02	4	312	8	492	6	6	0	50	500	500	0	0	0	0	
1.8499683434e+02	4	314	10	490	7	4	0	50	500	500	0	0	0	0	
1.8549822250e+02	3	315	10	490	5	4	0	50	500	500	0	0	0	0	
1.8599935423e+02	3	317	6	494	10	9	0	50	500	500	0	0	0	0	
1.8649153062e+02	2	320	9	491	15	8	0	50	500	500	0	0	0	0	
1.8699361808e+02	1	322	3	497	10	15	0	50	500	500	0	0	0	0	
1.8749538075e+02	2	319	6	494	15	7	0	50	500	500	0	0	0	0	
1.8799825712e+02	1	320	6	494	11	6	0	50	500	500	0	0	0	0	
1.8849744407e+02	1	320	10	490	13	4	0	50	500	500	0	0	0	0	
1.8899938909e+02	1	319	6	494	13	1	0	50	500	500	0	0	0	0	
1.8949297783e+02	2	317	8	492	6	7	0	50	500	500	0	0	0	0	
1.8999727803e+02	2	319	8	492	8	3	0	50	500	500	0	0	0	0	
1.9049888018e+02	2	320	11	489	12	0	0	50	500	500	0	0	0	0	
1.9099901028e+02	1	321	14	486	9	11	0	50	500	500	0	0	0	0	
1.9149822208e+02	1	322	8	492	9	10	0	50	500	500	0	0	0	0	
1.9199586654e+02	1	322	10	490	6	5	0	50	500	500	0	0	0	0	
1.9249147946e+02	2	323	3	497	5	7	0	50	500	500	0	0	0	0	
1.9299960686e+02	2	324	11	489	9	3	0	50	500	500	0	0	0	0	
1.9349949307e+02	2	325	16	484	9	4	0	50	500	500	0	0	0	0	
1.9399193856e+02	2	325	11	489	12	9	0	50	500	500	0	0	0	0	
1.9449774366e+02	3	324	8	492	7	9	0	50	500	500	0	0	0	0	
1.9499349405e+02	5	322	4	496	11	9	0	50	500	500	0	0	0	0	
1.9549585721e+02	4	326	9	491	10	8	0	50	500	500	0	0	0	0	
1.9599995221e+02	4	327	5	495	21	6	0	50	500	500	0	0	0	0	
1.9649470166e+02	2	333	5	495	11	8	0	50	500	500	0	0	0	0	
1.9699187192e+02	2	333	7	493	12	4	0	50	500	500	0	0	0	0	
1.9749273486e+02	2	335	12	488	12	4	0	50	500	500	0	0	0	0	
1.9799782027e+02	2	335	11	489	8	3	0	50	500	500	0	0	0	0	
1.9849785267e+02	2	337	6	494	8	5	0	50	500	500	0	0	0	0	
1.9899644631e+02	1	340	13	487	8	4	0	50	500	500	0	0	0	0	
1.9949282250e+02	3	338	14	486	13	3	0	50	500	500	0	0	0	0	
1.9999878076e+02	3	340	7	493	10	3	0	50	500	500	0	0	0	0	
2.0049849082e+02	2	343	5	495	10	6	0	50	500	500	0	0	0	0	
2.0099407713e+02	3	343	6	494	6	7	0	50	500	500	0	0	0	0	
2.0149353625e+02	3	344	4	496	9	7	0	50	500	500	0	0	0	0	
2.0199885226e+02	3	342	9	491	12	3	0	50	500	500	0	0	0	0	
2.0249721738e+02	3	342	4	496	10	3	0	50	500	500	0	0	0	0	
2.0299899158e+02	3	343	2	498	12	4	0	50	500	500	0	0	0	0	
2.0349689752e+02	2	344	9	491	9	7	0	50	500	500	0	0	0	0	
2.0399139022e+02	3	343	7	493	15	2	0	50	500	500	0	0	0	0	
2.0449619997e+02	1	345	8	492	14	3	0	50	500	500	0	0	0	0	
2.0499859049e+02	2	342	13	487	17	2	0	50	500	500	0	0	0	0	
2.0549687063e+02	2	344	6	494	16	5	0	50	500	500	0	0	0	0	
2.0599808171e+02	3	347	11	489	7	7	0	50	500	500	0	0	0	0	
2.0649665317e+02	3	348	10	490	14	4	0	50	500	500	0	0	0	0	
2.0699956584e+02	3	349	6	494	16	6	0	50	500	500	0	0	0	0	
2.0749919618e+02	3	349	6	494	11	7	0	50	500	500	0	0	0	0	
2.0799873406e+02	3	347	4	496	16	5	0	50	500	500	0	0	0	0	
2.0849711412e+02	4	346	5	495	8	7	0	50	500	500	0	0	0	0	
2.0899922296e+02	4	347	10	490	8	8	0	50	500	500	0	0	0	0	
2.0949885782e+02	3	347	15	485	13	4	0	50	500	500	0	0	0	0	
2.0999820678e+02	3	347	8	492	11	7	0	50	500	500	0	0	0	0	
2.1049820260e+02	2	350	4	496	12	7	0	50	500	500	0	0	0	0	
2.1099648554e+02	2	350	4	496	15	3	0	50	500	500	0	0	0	0	
2.1149684215e+02	2	350	12	488	10	2	0	50	500	500	0	0	0	0	
2.1199945312e+02	0	352	8	492	7	6	0	50	500	500	0	0	0	0	
2.1249979246e+02	0	351	6	494	9	3	0	50	500	500	0	0	0	0	
2.1299714444e+02	0	351	10	490	10	3	0	50	500	500	0	0	0	0	
2.1349959645e+02	0	354	6	494	11	4	0	50	500	500	0	0	0	0	
2.1399718977e+02	2	351	13	487	11	1	0	50	500	500	0	0	0	0	
2.1449854424e+02	2	354	3	497	6	5	0	50	500	500	0	0	0	0	
2.1499687871e+02	2	355	7	493	11	6	0	50	500	500	0	0	0	0	
2.1549614015e+02	1	357	8	492	7	4	0	50	500	500	0	0	0	0	
2.1599916429e+02	1	358	6	494	14	2	0	50	500	500	0	0	0	0	
2.1649954600e+02	1	361	11	489	11	10	0	50	500	500	0	0	0	0	
2.1699479242e+02	1	363	7	493	16	9	0	50	500	500	0	0	0	0	
2.1749159719e+02	2	361	4	496	14	2	0	50	500	500	0	0	0	0	
2.1799536355e+02	2	362	5	495	11	7	0	50	500	500	0	0	0	0	
2.1849873915e+02	1	362	7	493	10	9	0	50	500	500	0	0	0	0	
2.1899680859e+02	0	364	4	496	10	5	0	50	500	500	0	0	0	0	
2.1949993946e+02	2	362	8	492	10	9	0	50	500	500	0	0	0	0	
2.1999771863e+02	1	363	9	491	17	1	0	50	500	500	0	0	0	0	
2.2049913357e+02	2	364	4	496	6	4	0	50	500	500	0	0	0	0	
2.2099000754e+02	2	365	10	490	6	5	0	50	500	500	0	0	0	0	
2.2149888293e+02	2	366	6	494	7	8	0	50	500	500	0	0	0	0	
2.2199532728e+02	2	367	12	488	9	3	0	50	500	500	0	0	0	0	
2.2249567501e+02	3	367	6	494	15	5	0	50	500	500	0	0	0	0	
2.2299678961e+02	4	369	6	494	12	3	0	50	500	500	0	0	0	0	
2.2349982165e+02	4	370	9	491	12	4	0	50	500	500	0	0	0	0	
2.2399763820e+02	4	371	9	491	11	7	0	50	500	500	0	0	0	0	
2.2449863668e+02	5	373	6	494	13	5	0	50	500	500	0	0	0	0	
2.2499148676e+02	4	377	6	494	15	8	0	50	500	500	0	0	0	0	
2.2549193304e+02	3	379	5	495	16	5	0	50	500	500	0	0	0	0	
2.2599774987e+02	3	380	8	492	13	11	0	50	500	500	0	0	0	0	
2.2649586903e+02	3	380	5	495	17	4	0	50	500	500	0	0	0	0	
2.2699940354e+02	2	381	7	493	14	2	0	50	500	500	0	0	0	0	
2.2749990856e+02	2	381	7	493	7	3	0	50	500	500	0	0	0	0	
2.2799991995e+02	2	382	8	492	7	4	0	50	500	500	0	0	0	0	
2.2849826392e+02	1	384	4	496	12	2	0	50	500	500	0	0	0	0	
2.2899932895e+02	1	386	4	496	12	7	0	50	500	500	0	0	0	0	
2.2949859757e+02	1	390	5	495	12	7	0	50	500	500	0	0	0	0	
2.2999731112e+02	0	393	9	491	12	6	0	50	500	500	0	0	0	0	
2.3049950501e+02	0	394	10	490	8	8	0	50	500	500	0	0	0	0	
2.3099796596e+02	0	396	4	496	9	3	0	50	500	500	0	0	0	0	
2.3149652358e+02	0	396	6	494	8	5	0	50	500	500	0	0	0	0	
2.3199731035e+02	1	396	9	491	13	4	0	50	500	500	0	0	0	0	
2.3249625137e+02	2	394	3	497	12	7	0	50	500	500	0	0	0	0	
2.3299822053e+02	1	396	6	494	16	4	0	50	500	500	0	0	0	0	
2.3349799708e+02	1	401	10	490	7	2	0	50	500	500	0	0	0	0	
2.3399523567e+02	1	405	5	495	8	2	0	50	500	500	0	0	0	0	
2.3449487734e+02	2	405	10	490	11	4	0	50	500	500	0	0	0	0	
2.3499984274e+02	0	407	8	492	11	4	0	50	500	500	0	0	0	0	
2.3549964718e+02	0	407	8	492	16	4	0	50	500	500	0	0	0	0	
2.3599688220e+02	0	409	10	490	16	4	0	50	500	500	0	0	0	0	
2.3649600554e+02	1	409	12	488	13	7	0	50	500	500	0	0	0	0	
2.3699884828e+02	1	409	13	487	12	5	0	50	500	500	0	0	0	0	
2.3749794044e+02	1	410	9	491	15	9	0	50	500	500	0	0	0	0	
2.3799857892e+02	2	408	4	496	13	6	0	50	500	500	0	0	0	0	
2.3849973733e+02	2	409	7	493	11	8	0	50	500	500	0	0	0	0	
2.3899547034e+02	2	411	9	491	16	6	0	50	500	500	0	0	0	0	
2.3949642615e+02	2	411	6	494	16	4	0	50	500	500	0	0	0	0	
2.3999688163e+02	1	412	7	493	19	2	0	50	500	500	0	0	0	0	
2.4049942383e+02	1	413	7	493	11	4	0	50	500	500	0	0	0	0	
2.4099876486e+02	1	413	8	492	16	3	0	50	500	500	0	0	0	0	
2.4149808216e+02	1	414	4	496	13	2	0	50	500	500	0	0	0	0	
2.4199918985e+02	1	414	6	494	9	2	0	50	500	500	0	0	0	0	
2.4249870468e+02	1	415	7	493	10	4	0	50	500	500	0	0	0	0	
2.4299964084e+02	1	416	5	495	10	6	0	50	500	500	0	0	0	0	
2.4349518225e+02	2	415	9	491	13	5	0	50	500	500	0	0	0	0	
2.4399579236e+02	2	416	5	495	12	4	0	50	500	500	0	0	0	0	
2.4449633628e+02	3	418	7	493	4	4	0	50	500	500	0	0	0	0	
2.4499988274e+02	2	418	7	493	5	4	0	50	500	500	0	0	0	0	
2.4549800837e+02	3	417	4	496	11	4	0	50	500	500	0	0	0	0	
2.4599930609e+02	2	418	7	493	8	3	0	50	500	500	0	0	0	0	
2.4649897066e+02	2	419	4	496	9	5	0	50	500	500	0	0	0	0	
2.4699838545e+02	2	418	6	494	20	6	0	50	500	500	0	0	0	0	
2.4749781710e+02	1	420	5	495	14	5	0	50	500	500	0	0	0	0	
2.4799699784e+02	1	420	5	495	11	2	0	50	500	500	0	0	0	0	
2.4849742399e+02	1	421	9	491	10	7	0	50	500	500	0	0	0	0	
2.4899574921e+02	0	421	6	494	9	7	0	50	500	500	0	0	0	0	
2.4949785441e+02	0	424	15	485	14	6	0	50	500	500	0	0	0	0	
2.4999764357e+02	1	423	7	493	8	5	0	50	500	500	0	0	0	0	
2.5049844410e+02	1	425	8	492	6	3	0	50	500	500	0	0	0	0	
2.5099149037e+02	1	425	8	492	7	6	0	50	500	500	0	0	0	0	
2.5149983446e+02	2	425	2	498	9	5	0	50	500	500	0	0	0	0	
2.5199683656e+02	2	425	3	497	10	7	0	50	500	500	0	0	0	0	
2.5249968836e+02	3	424	10	490	15	3	0	50	500	500	0	0	0	0	
2.5299881682e+02	3	425	7	493	11	7	0	50	500	500	0	0	0	0	
2.5349822111e+02	3	425	3	497	11	6	0	50	500	500	0	0	0	0	
2.5399684357e+02	2	426	9	491	9	7	0	50	500	500	0	0	0	0	
2.5449961202e+02	2	429	9	491	5	7	0	50	500	500	0	0	0	0	
2.5499781621e+02	2	429	6	494	10	2	0	50	500	500	0	0	0	0	
2.5549386630e+02	4	428	3	497	11	10	0	50	500	500	0	0	0	0	
2.5599887691e+02	5	426	9	491	18	4	0	50	500	500	0	0	0	0	
2.5649932900e+02	3	428	11	489	10	5	0	50	500	500	0	0	0	0	
2.5699911607e+02	2	430	4	496	15	3	0	50	500	500	0	0	0	0	
2.5749997161e+02	0	433	9	491	21	5	0	50	500	500	0	0	0	0	
2.5798466935e+02	0	434	7	493	6	5	0	50	500	500	0	0	0	0	
2.5849866685e+02	1	433	5	495	11	2	0	50	500	500	0	0	0	0	
2.5899955727e+02	4	431	7	493	8	1	0	50	500	500	0	0	0	0	
2.5949427733e+02	4	429	7	493	11	4	0	50	500	500	0	0	0	0	
2.5999584699e+02	2	433	11	489	9	4	0	50	500	500	0	0	0	0	
2.6049744337e+02	1	433	6	494	9	4	0	50	500	500	0	0	0	0	
2.6099800851e+02	1	433	6	494	7	8	0	50	500	500	0	0	0	0	
2.6149623933e+02	2	429	4	496	8	4	0	50	500	500	0	0	0	0	
2.6199624295e+02	2	429	10	490	11	1	0	50	500	500	0	0	0	0	
2.6249853792e+02	2	430	4	496	11	4	0	50	500	500	0	0	0	0	
2.6299761771e+02	1	431	8	492	15	5	0	50	500	500	0	0	0	0	
2.6349347608e+02	1	432	3	497	10	4	0	50	500	500	0	0	0	0	
2.6399225012e+02	2	433	1	499	8	3	0	50	500	500	0	0	0	0	
2.6449987938e+02	1	433	11	489	6	2	0	50	500	500	0	0	0	0	
2.6499779857e+02	1	435	7	493	11	3	0	50	500	500	0	0	0	0	
2.6549882413e+02	1	435	7	493	15	6	0	50	500	500	0	0	0	0	
2.6598707212e+02	2	433	9	491	11	3	0	50	500	500	0	0	0	0	
2.6648549395e+02	2	432	3	497	8	3	0	50	500	500	0	0	0	0	
2.6699732471e+02	3	430	2	498	12	4	0	50	500	500	0	0	0	0	
2.6749844112e+02	3	430	8	492	9	6	0	50	500	500	0	0	0	0	
2.6799560595e+02	3	433	1	499	12	4	0	50	500	500	0	0	0	0	
2.6849962762e+02	2	435	6	494	11	4	0	50	500	500	0	0	0	0	
2.6899904353e+02	2	435	9	491	14	2	0	50	500	500	0	0	0	0	
2.6949865113e+02	3	434	8	492	13	1	0	50	500	500	0	0	0	0	
2.6999135592e+02	3	434	6	494	14	4	0	50	500	500	0	0	0	0	
2.7049547586e+02	3	434	8	492	9	2	0	50	500	500	0	0	0	0	
2.7099998005e+02	4	436	9	491	9	3	0	50	500	500	0	0	0	0	
2.7149463621e+02	4	439	6	494	10	5	0	50	500	500	0	0	0	0	
2.7198820922e+02	2	444	7	493	18	3	0	50	500	500	0	0	0	0	
2.7249492902e+02	2	445	8	492	13	3	0	50	500	500	0	0	0	0	
2.7298896860e+02	3	443	5	495	8	4	0	50	500	500	0	0	0	0	
2.7349931557e+02	1	445	3	497	12	0	0	50	500	500	0	0	0	0	
2.7399977298e+02	1	447	3	497	9	6	0	50	500	500	0	0	0	0	
2.7449512333e+02	1	448	5	495	7	3	0	50	500	500	0	0	0	0	
2.7499733409e+02	0	450	5	495	9	5	0	50	500	500	0	0	0	0	
2.7549792703e+02	2	449	9	491	13	6	0	50	500	500	0	0	0	0	
2.7599367315e+02	4	446	4	496	12	3	0	50	500	500	0	0	0	0	
2.7649862706e+02	5	447	7	493	11	1	0	50	500	500	0	0	0	0	
2.7699888978e+02	4	447	8	492	8	3	0	50	500	500	0	0	0	0	
2.7749506592e+02	4	446	5	495	11	3	0	50	500	500	0	0	0	0	
2.7799792276e+02	4	448	6	494	12	4	0	50	500	500	0	0	0	0	
2.7849894838e+02	3	449	5	495	9	2	0	50	500	500	0	0	0	0	
2.7899491059e+02	4	448	7	493	12	6	0	50	500	500	0	0	0	0	
2.7948818666e+02	2	451	3	497	12	2	0	50	500	500	0	0	0	0	
2.7999822072e+02	1	453	6	494	9	4	0	50	500	500	0	0	0	0	
2.8049102537e+02	1	453	2	498	12	1	0	50	500	500	0	0	0	0	
2.8099834886e+02	1	453	6	494	7	4	0	50	500	500	0	0	0	0	
2.8149580205e+02	1	452	4	496	7	4	0	50	500	500	0	0	0	0	
2.8199890488e+02	0	453	10	490	7	5	0	50	500	500	0	0	0	0	
2.8249981527e+02	0	454	11	489	15	4	0	50	500	500	0	0	0	0	
2.8299437133e+02	1	453	5	495	9	1	0	50	500	500	0	0	0	0	
2.8349981362e+02	1	454	2	498	10	4	0	50	500	500	0	0	0	0	
2.8399980802e+02	1	457	5	495	13	2	0	50	500	500	0	0	0	0	
2.8449672817e+02	0	461	4	496	15	2	0	50	500	500	0	0	0	0	
2.8498886781e+02	0	461	5	495	16	4	0	50	500	500	0	0	0	0	
2.8549954759e+02	0	461	7	493	16	6	0	50	500	500	0	0	0	0	
2.8599587637e+02	0	464	5	495	15	9	0	50	500	500	0	0	0	0	
2.8649989607e+02	0	463	5	495	13	5	0	50	500	500	0	0	0	0	
2.8699677739e+02	0	463	5	495	13	2	0	50	500	500	0	0	0	0	
2.8749958431e+02	1	461	8	492	16	3	0	50	500	500	0	0	0	0	
2.8799952009e+02	1	461	8	492	9	5	0	50	500	500	0	0	0	0	
2.8849820444e+02	3	459	3	497	14	1	0	50	500	500	0	0	0	0	
2.8899572357e+02	3	460	2	498	11	1	0	50	500	500	0	0	0	0	
2.8949713337e+02	2	462	6	494	10	3	0	50	500	500	0	0	0	0	
2.8999999837e+02	3	462	10	490	12	5	0	50	500	500	0	0	0	0	
2.9049847134e+02	3	465	8	492	16	1	0	50	500	500	0	0	0	0	
2.9099878021e+02	2	468	8	492	10	4	0	50	500	500	0	0	0	0	
2.9148779695e+02	1	468	6	494	9	4	0	50	500	500	0	0	0	0	
2.9199826662e+02	1	469	9	491	11	6	0	50	500	500	0	0	0	0	
2.9249621099e+02	0	471	3	497	12	9	0	50	500	500	0	0	0	0	
2.9299762096e+02	3	470	2	498	11	3	0	50	500	500	0	0	0	0	
2.9349611878e+02	5	468	5	495	8	2	0	50	500	500	0	0	0	0	
2.9399798146e+02	3	471	3	497	5	6	0	50	500	500	0	0	0	0	
2.9449979132e+02	2	472	4	496	9	4	0	50	500	500	0	0	0	0	
2.9499883607e+02	3	473	6	494	9	5	0	50	500	500	0	0	0	0	
2.9549836074e+02	2	476	8	492	6	12	0	50	500	500	0	0	0	0	
2.9599836631e+02	3	476	6	494	11	1	0	50	500	500	0	0	0	0	
2.9649986255e+02	3	475	6	494	16	4	0	50	500	500	0	0	0	0	
2.9699997346e+02	2	475	7	493	14	4	0	50	500	500	0	0	0	0	
2.9749188045e+02	2	476	3	497	7	9	0	50	500	500	0	0	0	0	
2.9799982569e+02	3	474	0	500	18	4	0	50	500	500	0	0	0	0	
2.9849643298e+02	2	475	6	494	14	6	0	50	500	500	0	0	0	0	
2.9899962995e+02	2	474	9	491	12	1	0	50	500	500	0	0	0	0	
2.9949703616e+02	1	476	5	495	16	5	0	50	500	500	0	0	0	0	
2.9999686800e+02	0	477	4	496	11	2	0	50	500	500	0	0	0	0	
3.0049733700e+02	0	478	3	497	13	5	0	50	500	500	0	0	0	0	
3.0099921642e+02	0	478	1	499	10	7	0	50	500	500	0	0	0	0	
3.0149985465e+02	0	479	2	498	15	2	0	50	500	500	0	0	0	0	
3.0199963060e+02	0	479	3	497	14	7	0	50	500	500	0	0	0	0	
3.0249944907e+02	0	480	7	493	13	8	0	50	500	500	0	0	0	0	
3.0299866463e+02	1	480	9	491	14	6	0	50	500	500	0	0	0	0	
3.0349787318e+02	1	481	7	493	11	7	0	50	500	500	0	0	0	0	
3.0399886441e+02	1	481	7	493	10	0	0	50	500	500	0	0	0	0	
3.0449802990e+02	3	478	4	496	13	3	0	50	500	500	0	0	0	0	
3.0499759320e+02	2	479	7	493	13	2	0	50	500	500	0	0	0	0	
3.0549934476e+02	2	479	4	496	14	4	0	50	500	500	0	0	0	0	
3.0599943449e+02	1	479	2	498	10	6	0	50	500	500	0	0	0	0	
3.0649682588e+02	1	480	4	496	12	6	0	50	500	500	0	0	0	0	
3.0699527468e+02	1	481	8	492	14	5	0	50	500	500	0	0	0	0	
3.0749775570e+02	1	482	6	494	10	3	0	50	500	500	0	0	0	0	
3.0799818972e+02	1	483	4	496	9	2	0	50	500	500	0	0	0	0	
3.0849596575e+02	1	483	2	498	7	4	0	50	500	500	0	0	0	0	
3.0899739292e+02	2	482	3	497	10	4	0	50	500	500	0	0	0	0	
3.0949803790e+02	2	481	6	494	11	4	0	50	500	500	0	0	0	0	
3.0998381800e+02	1	481	5	495	11	2	0	50	500	500	0	0	0	0	
3.1049893928e+02	2	480	7	493	8	4	0	50	500	500	0	0	0	0	
3.1099930088e+02	1	481	13	487	13	4	0	50	500	500	0	0	0	0	
3.1149827031e+02	0	482	4	496	11	4	0	50	500	500	0	0	0	0	
3.1199881948e+02	1	481	11	489	15	7	0	50	500	500	0	0	0	0	
3.1249434149e+02	0	480	4	496	10	6	0	50	500	500	0	0	0	0	
3.1299939913e+02	0	480	3	497	17	6	0	50	500	500	0	0	0	0	
3.1349987729e+02	0	480	5	495	8	4	0	50	500	500	0	0	0	0	
3.1399578922e+02	1	479	6	494	12	3	0	50	500	500	0	0	0	0	
3.1449991581e+02	4	477	7	493	8	2	0	50	500	500	0	0	0	0	
3.1499458343e+02	3	479	7	493	8	4	0	50	500	500	0	0	0	0	
3.1549499044e+02	2	481	1	499	11	3	0	50	500	500	0	0	0	0	
3.1599550188e+02	1	480	5	495	10	6	0	50	500	500	0	0	0	0	
3.1649867085e+02	1	481	3	497	7	0	0	50	500	500	0	0	0	0	
3.1699662711e+02	0	483	5	495	9	5	0	50	500	500	0	0	0	0	
3.1749726680e+02	1	481	3	497	12	3	0	50	500	500	0	0	0	0	
3.1799950794e+02	2	481	5	495	17	8	0	50	500	500	0	0	0	0	
3.1849944726e+02	2	482	4	496	15	2	0	50	500	500	0	0	0	0	
3.1899915478e+02	2	482	10	490	16	2	0	50	500	500	0	0	0	0	
3.1949259072e+02	2	482	7	493	10	2	0	50	500	500	0	0	0	0	
3.1999885976e+02	1	484	4	496	11	6	0	50	500	500	0	0	0	0	
3.2049758361e+02	0	486	3	497	13	7	0	50	500	500	0	0	0	0	
3.2099762012e+02	0	487	3	497	14	6	0	50	500	500	0	0	0	0	
3.2149910671e+02	1	486	8	492	13	3	0	50	500	500	0	0	0	0	
3.2199509576e+02	0	489	7	493	12	2	0	50	500	500	0	0	0	0	
3.2249655990e+02	2	487	5	495	14	5	0	50	500	500	0	0	0	0	
3.2299886287e+02	0	487	4	496	16	4	0	50	500	500	0	0	0	0	
3.2349858287e+02	0	486	4	496	8	6	0	50	500	500	0	0	0	0	
3.2399588583e+02	0	487	3	497	8	4	0	50	500	500	0	0	0	0	
3.2449581033e+02	0	488	2	498	13	3	0	50	500	500	0	0	0	0	
3.2499903007e+02	0	488	6	494	7	4	0	50	500	500	0	0	0	0	
3.2549726846e+02	1	485	6	494	18	2	0	50	500	500	0	0	0	0	
3.2599752377e+02	0	484	5	495	13	7	0	50	500	500	0	0	0	0	
3.2649972016e+02	1	485	3	497	11	9	0	50	500	500	0	0	0	0	
3.2699768308e+02	1	487	3	497	13	4	0	50	500	500	0	0	0	0	
3.2749641608e+02	2	487	8	492	12	5	0	50	500	500	0	0	0	0	
3.2799700955e+02	2	487	1	499	14	2	0	50	500	500	0	0	0	0	
3.2849957327e+02	2	486	5	495	13	3	0	50	500	500	0	0	0	0	
3.2899904466e+02	1	487	6	494	10	3	0	50	500	500	0	0	0	0	
3.2949647669e+02	1	486	6	494	6	4	0	50	500	500	0	0	0	0	
3.2998632297e+02	1	486	8	492	13	1	0	50	500	500	0	0	0	0	
3.3049208321e+02	2	485	6	494	8	1	0	50	500	500	0	0	0	0	
3.3099443210e+02	2	487	5	495	9	4	0	50	500	500	0	0	0	0	
3.3149450403e+02	1	488	8	492	7	2	0	50	500	500	0	0	0	0	
3.3199797758e+02	1	489	3	497	5	2	0	50	500	500	0	0	0	0	
3.3249758686e+02	1	488	6	494	10	5	0	50	500	500	0	0	0	0	
3.3299697108e+02	3	486	4	496	13	3	0	50	500	500	0	0	0	0	
3.3349446760e+02	2	487	4	496	12	1	0	50	500	500	0	0	0	0	
3.3399980167e+02	1	488	7	493	15	4	0	50	500	500	0	0	0	0	
3.3449901768e+02	0	490	5	495	18	2	0	50	500	500	0	0	0	0	
3.3499910768e+02	0	492	6	494	16	4	0	50	500	500	0	0	0	0	
3.3549990239e+02	1	492	4	496	18	3	0	50	500	500	0	0	0	0	
3.3599523815e+02	0	491	8	492	12	2	0	50	500	500	0	0	0	0	
3.3649829638e+02	0	494	3	497	14	5	0	50	500	500	0	0	0	0	
3.3699809345e+02	2	492	5	495	10	2	0	50	500	500	0	0	0	0	
3.3749900407e+02	1	494	7	493	6	2	0	50	500	500	0	0	0	0	
3.3798889483e+02	1	495	3	497	7	4	0	50	500	500	0	0	0	0	
3.3849617347e+02	1	494	10	490	9	5	0	50	500	500	0	0	0	0	
3.3899884761e+02	1	495	8	492	16	6	0	50	500	500	0	0	0	0	
3.3949825137e+02	1	495	9	491	11	3	0	50	500	500	0	0	0	0	
3.3999890872e+02	1	495	7	493	10	4	0	50	500	500	0	0	0	0	
3.4049935585e+02	1	495	7	493	11	5	0	50	500	500	0	0	0	0	
3.4099880138e+02	1	496	5	495	15	3	0	50	500	500	0	0	0	0	
3.4149425356e+02	0	499	4	496	12	4	0	50	500	500	0	0	0	0	
3.4199798386e+02	0	500	7	493	8	4	0	50	500	500	0	0	0	0	
3.4249934967e+02	2	501	6	494	14	4	0	50	500	500	0	0	0	0	
3.4299855167e+02	3	499	6	494	11	3	0	50	500	500	0	0	0	0	
3.4349995982e+02	1	504	12	488	19	4	0	50	500	500	0	0	0	0	
3.4399991579e+02	2	503	7	493	14	3	0	50	500	500	0	0	0	0	
3.4449841564e+02	2	503	4	496	6	6	0	50	500	500	0	0	0	0	
3.4499880416e+02	3	503	3	497	11	4	0	50	500	500	0	0	0	0	
3.4549960357e+02	2	504	3	497	13	6	0	50	500	500	0	0	0	0	
3.4599874819e+02	2	503	6	494	15	6	0	50	500	500	0	0	0	0	
3.4649902068e+02	2	503	1	499	13	0	0	50	500	500	0	0	0	0	
3.4699927849e+02	3	503	6	494	11	7	0	50	500	500	0	0	0	0	
3.4749705088e+02	2	504	7	493	13	4	0	50	500	500	0	0	0	0	
3.4799623108e+02	2	503	6	494	7	3	0	50	500	500	0	0	0	0	
3.4849998679e+02	2	502	7	493	10	4	0	50	500	500	0	0	0	0	
3.4899878182e+02	2	502	6	494	9	3	0	50	500	500	0	0	0	0	
3.4949695720e+02	3	501	3	497	9	2	0	50	500	500	0	0	0	0	
3.4999919612e+02	3	500	7	493	9	3	0	50	500	500	0	0	0	0	
3.5049865766e+02	2	501	3	497	13	3	0	50	500	500	0	0	0	0	
3.5099953385e+02	2	498	7	493	12	5	0	50	500	500	0	0	0	0	
3.5149687902e+02	3	496	4	496	16	5	0	50	500	500	0	0	0	0	
3.5199938127e+02	2	500	10	490	14	8	0	50	500	500	0	0	0	0	
3.5249988532e+02	3	502	2	498	12	4	0	50	500	500	0	0	0	0	
3.5299837336e+02	3	502	5	495	12	2	0	50	500	500	0	0	0	0	
3.5349886198e+02	3	504	6	494	11	3	0	50	500	500	0	0	0	0	
3.5399757398e+02	3	505	2	498	4	7	0	50	500	500	0	0	0	0	
3.5448928409e+02	3	506	5	495	8	4	0	50	500	500	0	0	0	0	
3.5499844007e+02	3	503	5	495	11	6	0	50	500	500	0	0	0	0	
3.5549822585e+02	3	503	4	496	14	6	0	50	500	500	0	0	0	0	
3.5599828381e+02	2	502	4	496	13	4	0	50	500	500	0	0	0	0	
3.5649815095e+02	1	504	2	498	15	6	0	50	500	500	0	0	0	0	
3.5699116851e+02	1	505	6	494	16	1	0	50	500	500	0	0	0	0	
3.5749671891e+02	2	504	4	496	15	5	0	50	500	500	0	0	0	0	
3.5798085819e+02	2	502	3	497	10	3	0	50	500	500	0	0	0	0	
3.5849996493e+02	1	504	3	497	11	2	0	50	500	500	0	0	0	0	
3.5899953948e+02	2	504	6	494	14	9	0	50	500	500	0	0	0	0	
3.5949930052e+02	2	506	4	496	14	5	0	50	500	500	0	0	0	0	
3.5998979378e+02	2	507	5	495	17	1	0	50	500	500	0	0	0	0	
3.6049766856e+02	2	507	10	490	12	2	0	50	500	500	0	0	0	0	
3.6099823561e+02	3	508	3	497	10	4	0	50	500	500	0	0	0	0	
3.6149645752e+02	2	509	6	494	13	4	0	50	500	500	0	0	0	0	
3.6199627060e+02	1	510	2	498	12	4	0	50	500	500	0	0	0	0	
3.6249737571e+02	1	514	2	498	12	2	0	50	500	500	0	0	0	0	
3.6299768465e+02	1	516	10	490	6	8	0	50	500	500	0	0	0	0	
3.6349215378e+02	0	517	5	495	10	4	0	50	500	500	0	0	0	0	
3.6399309833e+02	2	515	4	496	6	1	0	50	500	500	0	0	0	0	
3.6449946075e+02	2	515	5	495	13	1	0	50	500	500	0	0	0	0	
3.6499943556e+02	2	515	4	496	10	4	0	50	500	500	0	0	0	0	
3.6549994723e+02	1	518	10	490	9	1	0	50	500	500	0	0	0	0	
3.6599607117e+02	2	517	3	497	16	5	0	50	500	500	0	0	0	0	
3.6649830109e+02	1	518	3	497	17	4	0	50	500	500	0	0	0	0	
3.6699751330e+02	1	519	7	493	5	6	0	50	500	500	0	0	0	0	
3.6749836013e+02	0	520	6	494	8	2	0	50	500	500	0	0	0	0	
3.6799979888e+02	0	519	7	493	5	6	0	50	500	500	0	0	0	0	
3.6849830122e+02	1	516	3	497	7	5	0	50	500	500	0	0	0	0	
3.6899775274e+02	0	518	3	497	9	6	0	50	500	500	0	0	0	0	
3.6949670007e+02	1	517	8	492	14	1	0	50	500	500	0	0	0	0	
3.6999440587e+02	1	516	5	495	11	2	0	50	500	500	0	0	0	0	
3.7049491403e+02	1	519	5	495	10	6	0	50	500	500	0	0	0	0	
3.7099607321e+02	2	521	3	497	12	2	0	50	500	500	0	0	0	0	
3.7149367509e+02	4	518	3	497	8	3	0	50	500	500	0	0	0	0	
3.7199610029e+02	3	522	7	493	10	2	0	50	500	500	0	0	0	0	
3.7249723482e+02	2	522	6	494	11	1	0	50	500	500	0	0	0	0	
3.7299842867e+02	3	520	4	496	13	6	0	50	500	500	0	0	0	0	
3.7349989409e+02	2	523	5	495	15	4	0	50	500	500	0	0	0	0	
3.7399974148e+02	1	525	6	494	12	3	0	50	500	500	0	0	0	0	
3.7449961273e+02	1	526	5	495	8	3	0	50	500	500	0	0	0	0	
3.7499622126e+02	2	525	5	495	13	3	0	50	500	500	0	0	0	0	
3.7549998148e+02	2	526	5	495	14	2	0	50	500	500	0	0	0	0	
3.7599940491e+02	2	525	3	497	12	5	0	50	500	500	0	0	0	0	
3.7649999545e+02	1	525	7	493	9	3	0	50	500	500	0	0	0	0	
3.7699957080e+02	2	527	1	499	10	1	0	50	500	500	0	0	0	0	
3.7749683313e+02	2	526	3	497	7	3	0	50	500	500	0	0	0	0	
3.7799920245e+02	3	527	2	498	10	4	0	50	500	500	0	0	0	0	
3.7849789105e+02	4	528	5	495	16	2	0	50	500	500	0	0	0	0	
3.7899378791e+02	3	533	1	499	13	7	0	50	500	500	0	0	0	0	
3.7949986891e+02	5	532	6	494	9	5	0	50	500	500	0	0	0	0	
3.7999509287e+02	2	535	3	497	8	6	0	50	500	500	0	0	0	0	
3.8049852451e+02	2	535	3	497	12	0	0	50	500	500	0	0	0	0	
3.8099851890e+02	2	535	6	494	16	3	0	50	500	500	0	0	0	0	
3.8149110453e+02	3	535	3	497	18	1	0	50	500	500	0	0	0	0	
3.8199786943e+02	3	535	5	495	12	3	0	50	500	500	0	0	0	0	
3.8249798056e+02	3	535	6	494	9	7	0	50	500	500	0	0	0	0	
3.8299694077e+02	2	540	5	495	14	7	0	50	500	500	0	0	0	0	
3.8349815428e+02	2	541	10	490	14	5	0	50	500	500	0	0	0	0	
3.8399142672e+02	1	543	3	497	12	3	0	50	500	500	0	0	0	0	
3.8449980318e+02	1	543	6	494	10	3	0	50	500	500	0	0	0	0	
3.8499883290e+02	0	544	2	498	8	3	0	50	500	500	0	0	0	0	
3.8549561293e+02	0	546	2	498	6	6	0	50	500	500	0	0	0	0	
3.8599866082e+02	0	546	3	497	11	3	0	50	500	500	0	0	0	0	
3.8649591358e+02	1	545	2	498	14	5	0	50	500	500	0	0	0	0	
3.8699538581e+02	1	547	2	498	11	7	0	50	500	500	0	0	0	0	
3.8748871832e+02	3	544	4	496	12	9	0	50	500	500	0	0	0	0	
3.8799818221e+02	1	549	3	497	11	4	0	50	500	500	0	0	0	0	
3.8849506250e+02	1	549	2	498	11	4	0	50	500	500	0	0	0	0	
3.8899957815e+02	2	549	5	495	8	2	0	50	500	500	0	0	0	0	
3.8949979063e+02	1	551	5	495	11	6	0	50	500	500	0	0	0	0	
3.8999383642e+02	4	549	9	491	8	4	0	50	500	500	0	0	0	0	
3.9048395744e+02	6	548	2	498	13	2	0	50	500	500	0	0	0	0	
3.9099920056e+02	5	549	6	494	15	4	0	50	500	500	0	0	0	0	
3.9149957649e+02	4	550	5	495	15	6	0	50	500	500	0	0	0	0	
3.9199538065e+02	6	547	8	492	23	1	0	50	500	500	0	0	0	0	
3.9249903914e+02	7	545	7	493	15	4	0	50	500	500	0	0	0	0	
3.9299770443e+02	7	546	8	492	19	1	0	50	500	500	0	0	0	0	
3.9349230561e+02	5	550	4	496	18	2	0	50	500	500	0	0	0	0	
3.9399983997e+02	5	551	4	496	11	3	0	50	500	500	0	0	0	0	
3.9449835949e+02	5	552	2	498	9	3	0	50	500	500	0	0	0	0	
3.9499847363e+02	4	551	6	494	8	2	0	50	500	500	0	0	0	0	
3.9549956428e+02	3	552	4	496	13	2	0	50	500	500	0	0	0	0	
3.9599737550e+02	2	555	6	494	11	3	0	50	500	500	0	0	0	0	
3.9649628109e+02	1	557	4	496	10	2	0	50	500	500	0	0	0	0	
3.9699240774e+02	0	559	4	496	8	1	0	50	500	500	0	0	0	0	
3.9749737210e+02	1	558	6	494	11	4	0	50	500	500	0	0	0	0	
3.9799534383e+02	2	557	1	499	8	2	0	50	500	500	0	0	0	0	
3.9849986583e+02	1	556	2	498	8	3	0	50	500	500	0	0	0	0	
3.9899894668e+02	2	555	2	498	10	7	0	50	500	500	0	0	0	0	
3.9949869409e+02	1	556	6	494	8	1	0	50	500	500	0	0	0	0	
3.9999363294e+02	1	556	5	495	9	2	0	50	500	500	0	0	0	0	
4.0049562718e+02	0	556	3	497	13	3	0	50	500	500	0	0	0	0	
4.0099596006e+02	0	556	6	494	9	2	0	50	500	500	0	0	0	0	
4.0149715354e+02	0	556	7	493	9	1	0	50	500	500	0	0	0	0	
4.0198803020e+02	2	554	3	497	11	1	0	50	500	500	0	0	0	0	
4.0249508158e+02	3	553	4	496	7	4	0	50	500	500	0	0	0	0	
4.0299688113e+02	3	552	7	493	11	2	0	50	500	500	0	0	0	0	
4.0349669697e+02	2	552	6	494	17	2	0	50	500	500	0	0	0	0	
4.0399952891e+02	1	553	3	497	10	2	0	50	500	500	0	0	0	0	
4.0449993019e+02	3	552	6	494	12	7	0	50	500	500	0	0	0	0	
4.0499849259e+02	3	553	7	493	14	3	0	50	500	500	0	0	0	0	
4.0549122461e+02	3	553	5	495	12	1	0	50	500	500	0	0	0	0	
4.0599810395e+02	1	556	0	500	8	3	0	50	500	500	0	0	0	0	
4.0649913840e+02	1	558	4	496	11	4	0	50	500	500	0	0	0	0	
4.0698677050e+02	2	557	5	495	14	1	0	50	500	500	0	0	0	0	
4.0749291845e+02	1	556	3	497	7	5	0	50	500	500	0	0	0	0	
4.0799977896e+02	0	556	7	493	14	1	0	50	500	500	0	0	0	0	
4.0849830034e+02	0	557	4	496	12	5	0	50	500	500	0	0	0	0	
4.0899449136e+02	2	556	2	498	18	3	0	50	500	500	0	0	0	0	
4.0949645884e+02	1	557	5	495	13	2	0	50	500	500	0	0	0	0	
4.0999683010e+02	1	559	9	491	16	4	0	50	500	500	0	0	0	0	
4.1049975481e+02	1	557	7	493	15	1	0	50	500	500	0	0	0	0	
4.1099252977e+02	1	560	4	496	13	2	0	50	500	500	0	0	0	0	
4.1148679978e+02	1	559	4	496	7	2	0	50	500	500	0	0	0	0	
4.1199876275e+02	2	558	3	497	13	6	0	50	500	500	0	0	0	0	
4.1249917463e+02	3	558	3	497	14	0	0	50	500	500	0	0	0	0	
4.1299899677e+02	3	560	1	499	11	6	0	50	500	500	0	0	0	0	
4.1349991870e+02	4	559	6	494	20	1	0	50	500	500	0	0	0	0	
4.1399852742e+02	4	559	10	490	19	7	0	50	500	500	0	0	0	0	
4.1449801725e+02	3	560	6	494	10	3	0	50	500	500	0	0	0	0	
4.1499805851e+02	1	562	8	492	14	1	0	50	500	500	0	0	0	0	
4.1548427542e+02	1	562	2	498	7	1	0	50	500	500	0	0	0	0	
4.1599674797e+02	1	561	5	495	8	3	0	50	500	500	0	0	0	0	
4.1649879841e+02	1	561	7	493	13	1	0	50	500	500	0	0	0	0	
4.1699928323e+02	2	560	3	497	14	1	0	50	500	500	0	0	0	0	
4.1749715521e+02	2	559	4	496	13	2	0	50	500	500	0	0	0	0	
4.1799586143e+02	1	559	10	490	7	5	0	50	500	500	0	0	0	0	
4.1849849420e+02	1	560	1	499	11	2	0	50	500	500	0	0	0	0	
4.1899737599e+02	1	560	5	495	4	5	0	50	500	500	0	0	0	0	
4.1949651785e+02	0	563	2	498	10	2	0	50	500	500	0	0	0	0	
4.1999888968e+02	2	562	2	498	11	3	0	50	500	500	0	0	0	0	
4.2049951793e+02	3	562	4	496	10	3	0	50	500	500	0	0	0	0	
4.2099803079e+02	2	565	6	494	9	2	0	50	500	500	0	0	0	0	
4.2149686480e+02	2	565	1	499	8	9	0	50	500	500	0	0	0	0	
4.2199863628e+02	0	569	7	493	10	2	0	50	500	500	0	0	0	0	
4.2249866927e+02	0	569	1	499	10	2	0	50	500	500	0	0	0	0	
4.2299968739e+02	1	567	4	496	7	4	0	50	500	500	0	0	0	0	
4.2349398876e+02	1	567	1	499	13	2	0	50	500	500	0	0	0	0	
4.2399816714e+02	1	566	1	499	9	3	0	50	500	500	0	0	0	0	
4.2449879126e+02	1	567	7	493	12	5	0	50	500	500	0	0	0	0	
4.2499715378e+02	0	570	6	494	10	6	0	50	500	500	0	0	0	0	
4.2549997962e+02	0	571	6	494	16	2	0	50	500	500	0	0	0	0	
4.2599976895e+02	0	571	7	493	12	4	0	50	500	500	0	0	0	0	
4.2649837034e+02	0	570	5	495	15	2	0	50	500	500	0	0	0	0	
4.2699924892e+02	0	569	1	499	8	4	0	50	500	500	0	0	0	0	
4.2749208916e+02	0	569	7	493	9	2	0	50	500	500	0	0	0	0	
4.2799803380e+02	0	572	4	496	9	4	0	50	500	500	0	0	0	0	
4.2849608945e+02	0	571	6	494	13	4	0	50	500	500	0	0	0	0	
4.2899859437e+02	0	571	6	494	15	4	0	50	500	500	0	0	0	0	
4.2949442459e+02	0	571	6	494	8	3	0	50	500	500	0	0	0	0	
4.2999891275e+02	0	572	4	496	10	3	0	50	500	500	0	0	0	0	
4.3049381503e+02	0	572	2	498	9	4	0	50	500	500	0	0	0	0	
4.3099745113e+02	0	573	4	496	8	1	0	50	500	500	0	0	0	0	
4.3149911439e+02	1	573	4	496	10	5	0	50	500	500	0	0	0	0	
4.3199797867e+02	1	574	1	499	15	1	0	50	500	500	0	0	0	0	
4.3249985650e+02	3	574	6	494	13	0	0	50	500	500	0	0	0	0	
4.3299883185e+02	3	576	8	492	9	3	0	50	500	500	0	0	0	0	
4.3349841231e+02	1	578	6	494	14	4	0	50	500	500	0	0	0	0	
4.3399815031e+02	1	578	3	497	14	3	0	50	500	500	0	0	0	0	
4.3449834983e+02	0	579	3	497	22	5	0	50	500	500	0	0	0	0	
4.3499804806e+02	0	578	8	492	12	4	0	50	500	500	0	0	0	0	
4.3549919578e+02	0	578	5	495	12	2	0	50	500	500	0	0	0	0	
4.3599403358e+02	2	574	7	493	9	3	0	50	500	500	0	0	0	0	
4.3649883646e+02	2	574	8	492	15	2	0	50	500	500	0	0	0	0	
4.3699653985e+02	4	573	5	495	12	1	0	50	500	500	0	0	0	0	
4.3749980470e+02	5	573	4	496	14	5	0	50	500	500	0	0	0	0	
4.3799666566e+02	4	574	5	495	10	1	0	50	500	500	0	0	0	0	
4.3849443678e+02	4	574	8	492	10	0	0	50	500	500	0	0	0	0	
4.3899996554e+02	4	574	4	496	12	3	0	50	500	500	0	0	0	0	
4.3949816970e+02	2	578	3	497	6	3	0	50	500	500	0	0	0	0	
4.3999220342e+02	2	579	1	499	7	4	0	50	500	500	0	0	0	0	
4.4049731208e+02	2	577	9	491	14	3	0	50	500	500	0	0	0	0	
4.4099201318e+02	2	578	4	496	12	1	0	50	500	500	0	0	0	0	
4.4149939942e+02	2	578	11	489	14	2	0	50	500	500	0	0	0	0	
4.4199609662e+02	2	579	6	494	14	2	0	50	500	500	0	0	0	0	
4.4249219315e+02	2	578	4	496	7	6	0	50	500	500	0	0	0	0	
4.4299709071e+02	1	580	6	494	8	6	0	50	500	500	0	0	0	0	
4.4349741216e+02	3	578	2	498	5	4	0	50	500	500	0	0	0	0	
4.4398806297e+02	2	579	2	498	10	2	0	50	500	500	0	0	0	0	
4.4449747161e+02	2	579	2	498	7	1	0	50	500	500	0	0	0	0	
4.4499932192e+02	2	579	7	493	8	3	0	50	500	500	0	0	0	0	
4.4549859209e+02	1	582	3	497	11	3	0	50	500	500	0	0	0	0	
4.4599594796e+02	1	582	5	495	14	3	0	50	500	500	0	0	0	0	
4.4649884471e+02	2	579	6	494	10	7	0	50	500	500	0	0	0	0	
4.4699951871e+02	1	582	6	494	19	1	0	50	500	500	0	0	0	0	
4.4749989667e+02	1	583	5	495	8	3	0	50	500	500	0	0	0	0	
4.4799418808e+02	1	581	5	495	8	3	0	50	500	500	0	0	0	0	
4.4848172183e+02	1	583	0	500	8	2	0	50	500	500	0	0	0	0	
4.4899762941e+02	2	583	4	496	10	4	0	50	500	500	0	0	0	0	
4.4949965466e+02	1	585	5	495	16	2	0	50	500	500	0	0	0	0	
4.4999800674e+02	3	584	6	494	14	2	0	50	500	500	0	0	0	0	
4.5049783159e+02	3	585	6	494	19	2	0	50	500	500	0	0	0	0	
4.5099639438e+02	1	587	4	496	12	5	0	50	500	500	0	0	0	0	
4.5149912456e+02	1	588	4	496	9	7	0	50	500	500	0	0	0	0	
4.5199710738e+02	2	588	2	498	14	8	0	50	500	500	0	0	0	0	
4.5249746550e+02	2	591	5	495	17	3	0	50	500	500	0	0	0	0	
4.5299712037e+02	3	590	7	493	10	2	0	50	500	500	0	0	0	0	
4.5349908040e+02	3	589	12	488	11	4	0	50	500	500	0	0	0	0	
4.5399646366e+02	3	589	8	492	13	8	0	50	500	500	0	0	0	0	
4.5449962455e+02	5	586	1	499	10	2	0	50	500	500	0	0	0	0	
4.5499655141e+02	4	587	2	498	8	1	0	50	500	500	0	0	0	0	
4.5549883458e+02	3	590	6	494	9	2	0	50	500	500	0	0	0	0	
4.5599979962e+02	2	592	2	498	10	2	0	50	500	500	0	0	0	0	
4.5649745820e+02	1	593	3	497	9	5	0	50	500	500	0	0	0	0	
4.5699934925e+02	3	590	5	495	12	3	0	50	500	500	0	0	0	0	
4.5749909094e+02	2	591	4	496	15	2	0	50	500	500	0	0	0	0	
4.5799945245e+02	2	592	3	497	10	6	0	50	500	500	0	0	0	0	
4.5849594783e+02	2	594	3	497	17	4	0	50	500	500	0	0	0	0	
4.5899855103e+02	2	594	5	495	12	5	0	50	500	500	0	0	0	0	
4.5949965504e+02	2	595	6	494	11	6	0	50	500	500	0	0	0	0	
4.5999718440e+02	1	596	5	495	5	6	0	50	500	500	0	0	0	0	
4.6049996621e+02	1	598	1	499	12	2	0	50	500	500	0	0	0	0	
4.6099987441e+02	1	598	9	491	9	1	0	50	500	500	0	0	0	0	
4.6149676868e+02	1	599	5	495	12	3	0	50	500	500	0	0	0	0	
4.6199916822e+02	3	600	6	494	18	3	0	50	500	500	0	0	0	0	
4.6249945241e+02	2	601	6	494	11	5	0	50	500	500	0	0	0	0	
4.6299791976e+02	2	603	4	496	15	1	0	50	500	500	0	0	0	0	
4.6349097570e+02	2	604	0	500	15	7	0	50	500	500	0	0	0	0	
4.6399865893e+02	1	605	3	497	12	4	0	50	500	500	0	0	0	0	
4.6449943961e+02	1	608	4	496	10	3	0	50	500	500	0	0	0	0	
4.6499623858e+02	2	606	5	495	9	4	0	50	500	500	0	0	0	0	
4.6549192470e+02	2	608	2	498	12	1	0	50	500	500	0	0	0	0	
4.6599520930e+02	3	605	3	497	8	1	0	50	500	500	0	0	0	0	
4.6649957186e+02	1	607	3	497	8	4	0	50	500	500	0	0	0	0	
4.6699850894e+02	1	607	5	495	11	2	0	50	500	500	0	0	0	0	
4.6749331773e+02	1	611	2	498	7	1	0	50	500	500	0	0	0	0	
4.6798826394e+02	1	610	5	495	7	4	0	50	500	500	0	0	0	0	
4.6849681740e+02	1	610	5	495	11	2	0	50	500	500	0	0	0	0	
4.6899992202e+02	1	611	4	496	12	4	0	50	500	500	0	0	0	0	
4.6949517322e+02	1	611	9	491	12	1	0	50	500	500	0	0	0	0	
4.6999866810e+02	3	609	6	494	14	5	0	50	500	500	0	0	0	0	
4.7049294246e+02	2	610	0	500	17	2	0	50	500	500	0	0	0	0	
4.7099848413e+02	2	611	3	497	16	2	0	50	500	500	0	0	0	0	
4.7149961240e+02	1	612	3	497	11	3	0	50	500	500	0	0	0	0	
4.7199572548e+02	1	612	5	495	12	5	0	50	500	500	0	0	0	0	
4.7249661361e+02	0	614	6	494	13	2	0	50	500	500	0	0	0	0	
4.7299976302e+02	0	614	5	495	9	2	0	50	500	500	0	0	0	0	
4.7349488810e+02	1	612	4	496	11	3	0	50	500	500	0	0	0	0	
4.7398531346e+02	1	612	2	498	7	3	0	50	500	500	0	0	0	0	
4.7449948797e+02	1	613	4	496	10	2	0	50	500	500	0	0	0	0	
4.7499908564e+02	0	615	0	500	16	2	0	50	500	500	0	0	0	0	
4.7549743316e+02	2	612	1	499	16	7	0	50	500	500	0	0	0	0	
4.7599788845e+02	3	610	5	495	18	5	0	50	500	500	0	0	0	0	
4.7649887013e+02	3	610	7	493	18	4	0	50	500	500	0	0	0	0	
4.7699512208e+02	2	611	3	497	21	3	0	50	500	500	0	0	0	0	
4.7749719100e+02	2	611	0	500	12	3	0	50	500	500	0	0	0	0	
4.7799894001e+02	2	614	4	496	16	1	0	50	500	500	0	0	0	0	
4.7849945691e+02	3	615	6	494	17	4	0	50	500	500	0	0	0	0	
4.7899950567e+02	3	616	6	494	16	2	0	50	500	500	0	0	0	0	
4.7948985936e+02	1	619	3	497	16	1	0	50	500	500	0	0	0	0	
4.7999951903e+02	3	617	1	499	16	6	0	50	500	500	0	0	0	0	
4.8049964436e+02	2	617	4	496	13	3	0	50	500	500	0	0	0	0	
4.8099624084e+02	1	617	3	497	8	5	0	50	500	500	0	0	0	0	
4.8149902202e+02	2	617	2	498	13	11	0	50	500	500	0	0	0	0	
4.8199667129e+02	3	615	2	498	15	4	0	50	500	500	0	0	0	0	
4.8249835538e+02	3	616	3	497	19	3	0	50	500	500	0	0	0	0	
4.8299708687e+02	4	614	2	498	16	4	0	50	500	500	0	0	0	0	
4.8349986231e+02	3	616	4	496	11	3	0	50	500	500	0	0	0	0	
4.8399971844e+02	3	616	2	498	9	8	0	50	500	500	0	0	0	0	
4.8449931734e+02	2	618	2	498	15	3	0	50	500	500	0	0	0	0	
4.8499871863e+02	4	616	1	499	17	4	0	50	500	500	0	0	0	0	
4.8549723141e+02	2	620	14	486	16	2	0	50	500	500	0	0	0	0	
4.8599977271e+02	2	621	1	499	6	0	0	50	500	500	0	0	0	0	
4.8649461031e+02	2	619	1	499	4	1	0	50	500	500	0	0	0	0	
4.8699216091e+02	2	619	4	496	7	4	0	50	500	500	0	0	0	0	
4.8749797014e+02	2	620	6	494	14	2	0	50	500	500	0	0	0	0	
4.8799869387e+02	2	621	3	497	14	1	0	50	500	500	0	0	0	0	
4.8849714080e+02	3	621	1	499	12	4	0	50	500	500	0	0	0	0	
4.8899669669e+02	3	622	8	492	13	0	0	50	500	500	0	0	0	0	
4.8949697522e+02	3	623	4	496	15	2	0	50	500	500	0	0	0	0	
4.8999966703e+02	4	621	5	495	12	5	0	50	500	500	0	0	0	0	
4.9049951885e+02	3	622	5	495	18	2	0	50	500	500	0	0	0	0	
4.9099808546e+02	3	622	6	494	20	5	0	50	500	500	0	0	0	0	
4.9149756821e+02	4	622	3	497	15	1	0	50	500	500	0	0	0	0	
4.9199805673e+02	4	624	6	494	13	5	0	50	500	500	0	0	0	0	
4.9249889265e+02	5	624	4	496	19	3	0	50	500	500	0	0	0	0	
4.9298833938e+02	5	625	3	497	13	3	0	50	500	500	0	0	0	0	
4.9349876227e+02	6	625	6	494	11	5	0	50	500	500	0	0	0	0	
4.9399885284e+02	4	627	4	496	11	2	0	50	500	500	0	0	0	0	
4.9449960855e+02	4	629	1	499	7	1	0	50	500	500	0	0	0	0	
4.9499817535e+02	4	627	4	496	14	4	0	50	500	500	0	0	0	0	
4.9549499156e+02	1	636	3	497	14	1	0	50	500	500	0	0	0	0	
4.9599842809e+02	1	634	1	499	9	2	0	50	500	500	0	0	0	0	
4.9649764226e+02	1	634	2	498	8	4	0	50	500	500	0	0	0	0	
4.9699994961e+02	1	634	8	492	11	1	0	50	500	500	0	0	0	0	
4.9749894983e+02	2	633	3	497	10	1	0	50	500	500	0	0	0	0	
4.9799893682e+02	2	632	4	496	14	2	0	50	500	500	0	0	0	0	
4.9849281302e+02	1	634	1	499	15	4	0	50	500	500	0	0	0	0	
4.9899987120e+02	2	632	7	493	9	5	0	50	500	500	0	0	0	0	
4.9948812333e+02	2	631	3	497	11	1	0	50	500	500	0	0	0	0	
4.9999301635e+02	1	634	4	496	9	1	0	50	500	500	0	0	0	0	
5.0000098989e+02	1	634	5	495	9	1	0	50	500	500	0	0	0	0	
