0.0000000000e+00	0	0	0	0	0	500	500	0	500	500	500	500	500	30	
4.9921363348e-01	0	0	4	2	35	465	500	0	500	500	500	500	500	30	
9.9970695345e-01	0	1	6	1	57	443	500	0	500	500	500	500	500	30	
1.4987468611e+00	1	0	11	0	33	467	500	0	500	500	500	500	500	30	
1.9964506472e+00	1	3	8	4	42	458	500	0	500	500	500	500	500	30	
2.4988527517e+00	2	3	9	5	33	467	500	0	500	500	500	500	500	30	
2.9997041899e+00	2	3	15	2	53	447	500	0	500	500	500	500	500	30	
3.4999156142e+00	3	3	17	3	48	452	500	0	500	500	500	500	500	30	
3.9995872104e+00	3	4	18	5	38	462	500	0	500	500	500	500	500	30	
4.4995794886e+00	5	4	20	8	55	445	500	0	500	500	500	500	500	30	
4.9989009453e+00	5	5	23	6	59	441	500	0	500	500	500	500	500	30	
5.4988960249e+00	8	4	23	9	50	450	500	0	500	500	500	500	500	30	
5.9979010155e+00	9	3	25	8	43	457	500	0	500	500	500	500	500	30	
6.4979221299e+00	11	2	26	7	46	454	500	0	500	500	500	500	500	30	
6.9978497652e+00	11	4	24	12	45	455	500	0	500	500	500	500	500	30	
7.4984956940e+00	12	3	32	8	44	456	500	0	500	500	500	500	500	30	
7.9968595845e+00	14	3	36	7	35	465	500	0	500	500	500	500	500	30	
8.4994746451e+00	14	4	40	7	35	465	500	0	500	500	500	500	500	30	
8.9948790574e+00	14	5	46	5	47	453	500	0	500	500	500	500	500	30	
9.4995498542e+00	16	4	43	11	32	468	500	0	500	500	500	500	500	30	
9.9977721633e+00	17	3	43	9	46	454	500	0	500	500	500	500	500	30	
1.0498170112e+01	18	3	47	10	30	470	500	0	500	500	500	500	500	30	
1.0998704569e+01	18	4	48	12	43	457	500	0	500	500	500	500	500	30	
1.1498590979e+01	19	4	46	15	48	452	500	0	500	500	500	500	500	30	
1.1998574461e+01	19	5	53	12	42	458	500	0	500	500	500	500	500	30	
1.2495006526e+01	20	4	54	12	50	450	500	0	500	500	500	500	500	30	
1.2999737543e+01	22	4	57	11	48	452	500	0	500	500	500	500	500	30	
1.3499802030e+01	21	7	51	19	70	430	500	0	500	500	500	500	500	30	
1.3998762362e+01	25	4	57	14	55	445	500	0	500	500	500	500	500	30	
1.4499812404e+01	27	5	57	16	72	428	500	0	500	500	500	500	500	30	
1.4999954938e+01	28	6	64	11	59	441	500	0	500	500	500	500	500	30	
1.5499550131e+01	31	5	61	16	61	439	500	0	500	500	500	500	500	30	
1.5999085201e+01	33	5	65	15	66	434	500	0	500	500	500	500	500	30	
1.6497302157e+01	32	7	69	13	54	446	500	0	500	500	500	500	500	30	
1.6998131462e+01	33	9	66	19	39	461	500	0	500	500	500	500	500	30	
1.7499315653e+01	38	6	67	21	46	454	500	0	500	500	500	500	500	30	
1.7998967359e+01	39	5	76	13	41	459	500	0	500	500	500	500	500	30	
1.8497227380e+01	43	2	81	10	48	452	500	0	500	500	500	500	500	30	
1.8998728435e+01	43	2	78	12	39	461	500	0	500	500	500	500	500	30	
1.9497294696e+01	44	2	80	13	57	443	500	0	500	500	500	500	500	30	
1.9998676065e+01	43	3	84	11	45	455	500	0	500	500	500	500	500	30	
2.0499580968e+01	45	4	79	16	41	459	500	0	500	500	500	500	500	30	
2.0997809847e+01	45	6	80	16	45	455	500	0	500	500	500	500	500	30	
2.1499600217e+01	47	5	77	21	53	447	500	0	500	500	500	500	500	30	
2.1999890742e+01	47	7	70	29	35	465	500	0	500	500	500	500	500	30	
2.2495859537e+01	46	8	79	20	38	462	500	0	500	500	500	500	500	30	
2.2997638684e+01	49	7	82	17	36	464	500	0	500	500	500	500	500	30	
2.3498044429e+01	50	4	87	14	41	459	500	0	500	500	500	500	500	30	
2.3998075439e+01	51	4	96	8	32	468	500	0	500	500	500	500	500	30	
2.4499185000e+01	53	5	91	17	46	454	500	0	500	500	500	500	500	30	
2.4999782659e+01	53	6	96	14	33	467	500	0	500	500	500	500	500	30	
2.5498232485e+01	56	6	97	15	32	468	500	0	500	500	500	500	500	30	
2.5997831213e+01	56	6	100	11	39	461	500	0	500	500	500	500	500	30	
2.6494435132e+01	57	5	96	15	38	462	500	0	500	500	500	500	500	30	
2.6995706062e+01	57	6	97	13	31	469	500	0	500	500	500	500	500	30	
2.7497737340e+01	59	7	96	15	39	461	500	0	500	500	500	500	500	30	
2.7999444939e+01	60	6	93	21	50	450	500	0	500	500	500	500	500	30	
2.8499192826e+01	60	6	100	16	46	454	500	0	500	500	500	500	500	30	
2.8997094936e+01	61	8	98	18	50	450	500	0	500	500	500	500	500	30	
2.9499006449e+01	64	5	90	26	41	459	500	0	500	500	500	500	500	30	
2.9999922287e+01	64	6	97	23	37	463	500	0	500	500	500	500	500	30	
3.0499441156e+01	68	4	104	20	43	457	500	0	500	500	500	500	500	30	
3.0996388634e+01	68	5	112	19	32	468	500	0	500	500	500	500	500	30	
3.1499455305e+01	68	5	116	17	48	452	500	0	500	500	500	500	500	30	
3.1999591055e+01	71	5	119	16	43	457	500	0	500	500	500	500	500	30	
3.2496764538e+01	70	5	121	17	32	468	500	0	500	500	500	500	500	30	
3.2998483683e+01	70	6	110	29	34	466	500	0	500	500	500	500	500	30	
3.3498154575e+01	70	9	121	21	55	445	500	0	500	500	500	500	500	30	
3.3998793129e+01	74	6	127	16	39	461	500	0	500	500	500	500	500	30	
3.4499236936e+01	73	7	131	14	49	451	500	0	500	500	500	500	500	30	
3.4995853049e+01	75	5	133	12	48	452	500	0	500	500	500	500	500	30	
3.5499246048e+01	76	4	130	15	47	453	500	0	500	500	500	500	500	30	
3.5999981245e+01	77	4	139	10	42	458	500	0	500	500	500	500	500	30	
3.6494846629e+01	80	1	135	14	43	457	500	0	500	500	500	500	500	30	
3.6992555745e+01	80	1	125	25	47	453	500	0	500	500	500	500	500	30	
3.7499497990e+01	79	4	128	24	55	445	500	0	500	500	500	500	500	30	
3.7999098513e+01	81	2	137	20	37	463	500	0	500	500	500	500	500	30	
3.8498898405e+01	80	4	140	19	50	450	500	0	500	500	500	500	500	30	
3.8996624299e+01	79	7	143	19	57	443	500	0	500	500	500	500	500	30	
3.9495022344e+01	81	8	141	24	37	463	500	0	500	500	500	500	500	30	
3.9997467364e+01	82	7	149	19	47	453	500	0	500	500	500	500	500	30	
4.0496759971e+01	81	8	152	20	45	455	500	0	500	500	500	500	500	30	
4.0995486347e+01	84	6	155	20	41	459	500	0	500	500	500	500	500	30	
4.1499123234e+01	86	5	157	21	46	454	500	0	500	500	500	500	500	30	
4.1999726113e+01	88	8	156	24	37	463	500	0	500	500	500	500	500	30	
4.2499825333e+01	88	9	159	21	45	455	500	0	500	500	500	500	500	30	
4.2998773002e+01	91	6	166	18	64	436	500	0	500	500	500	500	500	30	
4.3496691275e+01	94	6	167	17	42	458	500	0	500	500	500	500	500	30	
4.3999856129e+01	95	7	159	24	44	456	500	0	500	500	500	500	500	30	
4.4497737718e+01	94	9	170	16	64	436	500	0	500	500	500	500	500	30	
4.4995303524e+01	95	9	164	21	53	447	500	0	500	500	500	500	500	30	
4.5499493932e+01	96	9	159	27	38	462	500	0	500	500	500	500	500	30	
4.5999802160e+01	95	11	166	21	34	466	500	0	500	500	500	500	500	30	
4.6498658454e+01	101	5	159	28	41	459	500	0	500	500	500	500	500	30	
4.6999038819e+01	103	3	164	25	39	461	500	0	500	500	500	500	500	30	
4.7496553976e+01	102	4	158	29	37	463	500	0	500	500	500	500	500	30	
4.7999605114e+01	102	6	157	32	56	444	500	0	500	500	500	500	500	30	
4.8496911210e+01	100	9	168	24	54	446	500	0	500	500	500	500	500	30	
4.8998527795e+01	103	7	173	20	43	457	500	0	500	500	500	500	500	30	
4.9496813182e+01	103	8	174	20	44	456	500	0	500	500	500	500	500	30	
4.9998517165e+01	100	12	168	28	36	464	500	0	500	500	500	500	500	30	
5.0499722982e+01	105	8	173	25	34	466	500	0	500	500	500	500	500	30	
5.0997625332e+01	105	10	180	18	27	473	500	0	500	500	500	500	500	30	
5.1497295264e+01	107	11	182	17	28	472	500	0	500	500	500	500	500	30	
5.1996296320e+01	112	6	175	25	50	450	500	0	500	500	500	500	500	30	
5.2499118627e+01	112	7	186	17	48	452	500	0	500	500	500	500	500	30	
5.2999152424e+01	112	10	186	21	51	449	500	0	500	500	500	500	500	30	
5.3496547505e+01	113	11	186	20	31	469	500	0	500	500	500	500	500	30	
5.3999465833e+01	114	10	188	21	32	468	500	0	500	500	500	500	500	30	
5.4499919266e+01	119	6	179	33	26	474	500	0	500	500	500	500	500	30	
5.4997910803e+01	118	7	192	22	28	472	500	0	500	500	500	500	500	30	
5.5496774700e+01	117	9	195	19	39	461	500	0	500	500	500	500	500	30	
5.5999546870e+01	115	13	198	18	49	451	500	0	500	500	500	500	500	30	
5.6495256235e+01	115	13	190	28	41	459	500	0	500	500	500	500	500	30	
5.6999506925e+01	115	14	189	27	42	458	500	0	500	500	500	500	500	30	
5.7497382332e+01	120	10	196	22	45	455	500	0	500	500	500	500	500	30	
5.7988878983e+01	120	10	197	22	39	461	500	0	500	500	500	500	500	30	
5.8499041587e+01	121	9	205	15	49	451	500	0	500	500	500	500	500	30	
5.8998909772e+01	122	9	197	27	41	459	500	0	500	500	500	500	500	30	
5.9499414801e+01	122	10	208	16	43	457	500	0	500	500	500	500	500	30	
5.9999045190e+01	123	8	203	23	56	444	500	0	500	500	500	500	500	30	
6.0496558822e+01	125	7	208	18	41	459	500	0	500	500	500	500	500	30	
6.0999699893e+01	128	4	200	26	38	462	500	0	500	500	500	500	500	30	
6.1499804210e+01	131	2	207	23	32	468	500	0	500	500	500	500	500	30	
6.1998615532e+01	130	3	208	24	42	458	500	0	500	500	500	500	500	30	
6.2497987835e+01	129	5	205	30	27	473	500	0	500	500	500	500	500	30	
6.2997663977e+01	129	5	214	23	49	451	500	0	500	500	500	500	500	30	
6.3499597455e+01	128	7	213	23	42	458	500	0	500	500	500	500	500	30	
6.3995770096e+01	130	5	221	18	36	464	500	0	500	500	500	500	500	30	
6.4498300283e+01	130	6	214	23	39	461	500	0	500	500	500	500	500	30	
6.4999211625e+01	129	6	218	22	26	474	500	0	500	500	500	500	500	30	
6.5496998487e+01	127	10	219	21	27	473	500	0	500	500	500	500	500	30	
6.5999965570e+01	130	7	212	29	32	468	500	0	500	500	500	500	500	30	
6.6496674095e+01	130	7	223	22	48	452	500	0	500	500	500	500	500	30	
6.6999657978e+01	128	8	234	17	50	450	500	0	500	500	500	500	500	30	
6.7498748292e+01	131	5	228	20	47	453	500	0	500	500	500	500	500	30	
6.7996635740e+01	133	4	229	20	43	457	500	0	500	500	500	500	500	30	
6.8498839038e+01	133	4	225	26	39	461	500	0	500	500	500	500	500	30	
6.8997298525e+01	131	5	230	25	38	462	500	0	500	500	500	500	500	30	
6.9498229768e+01	130	6	230	26	30	470	500	0	500	500	500	500	500	30	
6.9997653037e+01	130	6	244	15	28	472	500	0	500	500	500	500	500	30	
7.0499551684e+01	131	7	237	21	53	447	500	0	500	500	500	500	500	30	
7.0998508083e+01	131	6	234	23	45	455	500	0	500	500	500	500	500	30	
7.1499026139e+01	134	3	230	26	40	460	500	0	500	500	500	500	500	30	
7.1999737707e+01	136	2	237	18	44	456	500	0	500	500	500	500	500	30	
7.2499035637e+01	137	3	227	28	35	465	500	0	500	500	500	500	500	30	
7.2998946700e+01	135	6	225	32	22	478	500	0	500	500	500	500	500	30	
7.3498937198e+01	136	8	240	20	29	471	500	0	500	500	500	500	500	30	
7.3997089047e+01	137	10	246	13	34	466	500	0	500	500	500	500	500	30	
7.4496194244e+01	141	8	241	18	33	467	500	0	500	500	500	500	500	30	
7.4996441961e+01	143	8	232	25	41	459	500	0	500	500	500	500	500	30	
7.5497778306e+01	146	7	230	25	33	467	500	0	500	500	500	500	500	30	
7.5998287558e+01	149	5	232	23	27	473	500	0	500	500	500	500	500	30	
7.6499640187e+01	149	7	235	20	29	471	500	0	500	500	500	500	500	30	
7.6999076088e+01	151	5	237	19	38	462	500	0	500	500	500	500	500	30	
7.7497203797e+01	149	4	239	18	55	445	500	0	500	500	500	500	500	30	
7.7998153501e+01	150	3	238	20	34	466	500	0	500	500	500	500	500	30	
7.8497730226e+01	149	4	232	27	44	456	500	0	500	500	500	500	500	30	
7.8998725275e+01	152	2	234	26	39	461	500	0	500	500	500	500	500	30	
7.9498210375e+01	151	4	224	35	48	452	500	0	500	500	500	500	500	30	
7.9999961667e+01	152	4	237	24	46	454	500	0	500	500	500	500	500	30	
8.0499393838e+01	148	8	245	17	38	462	500	0	500	500	500	500	500	30	
8.0999940996e+01	147	10	235	27	39	461	500	0	500	500	500	500	500	30	
8.1499926516e+01	147	11	235	26	45	455	500	0	500	500	500	500	500	30	
8.1999017086e+01	148	12	235	26	58	442	500	0	500	500	500	500	500	30	
8.2499414479e+01	149	12	235	28	49	451	500	0	500	500	500	500	500	30	
8.2999461743e+01	151	11	233	32	52	448	500	0	500	500	500	500	500	30	
8.3498790088e+01	152	12	233	31	45	455	500	0	500	500	500	500	500	30	
8.3993284873e+01	154	10	228	36	46	454	500	0	500	500	500	500	500	30	
8.4494567217e+01	156	8	230	36	42	458	500	0	500	500	500	500	500	30	
8.4998173690e+01	157	9	235	33	44	456	500	0	500	500	500	500	500	30	
8.5497623432e+01	159	9	244	28	35	465	500	0	500	500	500	500	500	30	
8.5996083138e+01	162	6	239	37	38	462	500	0	500	500	500	500	500	30	
8.6498291460e+01	161	7	232	45	49	451	500	0	500	500	500	500	500	30	
8.6999897805e+01	160	10	243	31	41	459	500	0	500	500	500	500	500	30	
8.7493758461e+01	162	10	254	22	47	453	500	0	500	500	500	500	500	30	
8.7996193693e+01	167	5	259	22	57	443	500	0	500	500	500	500	500	30	
8.8498400352e+01	167	6	250	33	46	454	500	0	500	500	500	500	500	30	
8.8997764568e+01	165	9	264	21	54	446	500	0	500	500	500	500	500	30	
8.9497229395e+01	168	7	262	26	41	459	500	0	500	500	500	500	500	30	
8.9999038368e+01	171	4	259	31	53	447	500	0	500	500	500	500	500	30	
9.0499975587e+01	170	7	259	32	47	453	500	0	500	500	500	500	500	30	
9.0999848807e+01	168	10	264	29	40	460	500	0	500	500	500	500	500	30	
9.1499974095e+01	167	12	270	24	38	462	500	0	500	500	500	500	500	30	
9.1999821562e+01	169	10	275	23	29	471	500	0	500	500	500	500	500	30	
9.2496381592e+01	166	12	272	26	35	465	500	0	500	500	500	500	500	30	
9.2999123467e+01	168	11	271	29	49	451	500	0	500	500	500	500	500	30	
9.3499998049e+01	166	15	261	37	45	455	500	0	500	500	500	500	500	30	
9.3999358020e+01	167	14	265	34	32	468	500	0	500	500	500	500	500	30	
9.4499778446e+01	171	12	278	23	36	464	500	0	500	500	500	500	500	30	
9.4999093524e+01	171	11	277	25	41	459	500	0	500	500	500	500	500	30	
9.5499777741e+01	175	9	280	21	39	461	500	0	500	500	500	500	500	30	
9.5999981992e+01	175	9	276	25	30	470	500	0	500	500	500	500	500	30	
9.6499214169e+01	177	7	281	21	35	465	500	0	500	500	500	500	500	30	
9.6999768001e+01	177	8	277	24	29	471	500	0	500	500	500	500	500	30	
9.7498484221e+01	177	8	279	23	36	464	500	0	500	500	500	500	500	30	
9.7998337328e+01	177	8	274	28	39	461	500	0	500	500	500	500	500	30	
9.8498161834e+01	177	9	273	33	42	458	500	0	500	500	500	500	500	30	
9.8998694194e+01	179	8	276	31	51	449	500	0	500	500	500	500	500	30	
9.9498964300e+01	176	10	279	30	53	447	500	0	500	500	500	500	500	30	
9.9998260682e+01	178	10	276	35	61	439	500	0	500	500	500	500	500	30	
1.0049911833e+02	177	11	283	28	40	460	500	0	500	500	500	500	500	30	
1.0099616759e+02	180	9	282	29	49	451	500	0	500	500	500	500	500	30	
1.0149876273e+02	178	11	279	31	43	457	500	0	500	500	500	500	500	30	
1.0199401047e+02	179	12	274	36	38	462	500	0	500	500	500	500	500	30	
1.0249702063e+02	180	12	280	29	26	474	500	0	500	500	500	500	500	30	
1.0299977815e+02	180	13	274	36	39	461	500	0	500	500	500	500	500	30	
1.0349948518e+02	183	11	275	35	49	451	500	0	500	500	500	500	500	30	
1.0399696499e+02	181	13	274	35	35	465	500	0	500	500	500	500	500	30	
1.0449931567e+02	183	11	271	38	42	458	500	0	500	500	500	500	500	30	
1.0499914895e+02	185	12	274	38	48	452	500	0	500	500	500	500	500	30	
1.0549335928e+02	187	10	280	34	58	442	500	0	500	500	500	500	500	30	
1.0599911509e+02	188	11	284	31	37	463	500	0	500	500	500	500	500	30	
1.0649939784e+02	187	13	283	35	29	471	500	0	500	500	500	500	500	30	
1.0699904924e+02	190	10	290	30	35	465	500	0	500	500	500	500	500	30	
1.0749665671e+02	191	11	293	28	39	461	500	0	500	500	500	500	500	30	
1.0799966503e+02	193	9	297	25	48	452	500	0	500	500	500	500	500	30	
1.0849980517e+02	194	11	299	26	34	466	500	0	500	500	500	500	500	30	
1.0899892599e+02	195	10	296	26	48	452	500	0	500	500	500	500	500	30	
1.0949859487e+02	199	7	297	27	36	464	500	0	500	500	500	500	500	30	
1.0999983174e+02	200	7	301	23	50	450	500	0	500	500	500	500	500	30	
1.1049940036e+02	200	7	289	35	29	471	500	0	500	500	500	500	500	30	
1.1099959840e+02	202	4	296	30	30	470	500	0	500	500	500	500	500	30	
1.1149944749e+02	200	4	299	29	34	466	500	0	500	500	500	500	500	30	
1.1199946996e+02	200	4	289	38	20	480	500	0	500	500	500	500	500	30	
1.1249694109e+02	200	5	289	38	38	462	500	0	500	500	500	500	500	30	
1.1299355241e+02	201	5	292	35	50	450	500	0	500	500	500	500	500	30	
1.1349993411e+02	199	8	295	30	51	449	500	0	500	500	500	500	500	30	
1.1399949544e+02	202	7	297	33	69	431	500	0	500	500	500	500	500	30	
1.1449879995e+02	201	8	309	20	44	456	500	0	500	500	500	500	500	30	
1.1499943156e+02	204	7	301	31	46	454	500	0	500	500	500	500	500	30	
1.1549919708e+02	204	7	305	28	37	463	500	0	500	500	500	500	500	30	
1.1599881488e+02	204	8	307	29	44	456	500	0	500	500	500	500	500	30	
1.1649891351e+02	203	9	307	28	47	453	500	0	500	500	500	500	500	30	
1.1699835966e+02	204	11	316	23	37	463	500	0	500	500	500	500	500	30	
1.1749872737e+02	207	9	325	16	47	453	500	0	500	500	500	500	500	30	
1.1799986166e+02	210	6	329	13	46	454	500	0	500	500	500	500	500	30	
1.1849979290e+02	211	5	321	22	35	465	500	0	500	500	500	500	500	30	
1.1899506861e+02	210	6	322	22	42	458	500	0	500	500	500	500	500	30	
1.1949956081e+02	211	6	318	28	51	449	500	0	500	500	500	500	500	30	
1.1999839833e+02	211	8	323	25	44	456	500	0	500	500	500	500	500	30	
1.2049977229e+02	211	7	317	32	39	461	500	0	500	500	500	500	500	30	
1.2099955156e+02	215	4	320	30	44	456	500	0	500	500	500	500	500	30	
1.2149988865e+02	214	6	324	23	29	471	500	0	500	500	500	500	500	30	
1.2199836044e+02	215	6	326	23	32	468	500	0	500	500	500	500	500	30	
1.2249866688e+02	216	8	324	24	43	457	500	0	500	500	500	500	500	30	
1.2299815357e+02	217	9	328	23	31	469	500	0	500	500	500	500	500	30	
1.2349598904e+02	218	7	323	26	34	466	500	0	500	500	500	500	500	30	
1.2399678189e+02	218	8	317	34	39	461	500	0	500	500	500	500	500	30	
1.2449971717e+02	217	9	325	28	55	445	500	0	500	500	500	500	500	30	
1.2499952044e+02	216	13	329	26	56	444	500	0	500	500	500	500	500	30	
1.2549713835e+02	218	11	326	29	63	437	500	0	500	500	500	500	500	30	
1.2599998806e+02	221	8	333	22	53	447	500	0	500	500	500	500	500	30	
1.2649740224e+02	222	8	338	17	40	460	500	0	500	500	500	500	500	30	
1.2699995812e+02	221	10	328	29	23	477	500	0	500	500	500	500	500	30	
1.2749915871e+02	223	8	324	36	32	468	500	0	500	500	500	500	500	30	
1.2799292919e+02	225	8	331	29	62	438	500	0	500	500	500	500	500	30	
1.2849848531e+02	228	6	329	30	42	458	500	0	500	500	500	500	500	30	
1.2899694964e+02	230	3	337	23	24	476	500	0	500	500	500	500	500	30	
1.2949925147e+02	228	5	334	27	29	471	500	0	500	500	500	500	500	30	
1.2999579027e+02	227	7	338	24	35	465	500	0	500	500	500	500	500	30	
1.3049432007e+02	229	5	337	27	33	467	500	0	500	500	500	500	500	30	
1.3099981751e+02	228	5	336	31	65	435	500	0	500	500	500	500	500	30	
1.3149955859e+02	228	5	333	38	47	453	500	0	500	500	500	500	500	30	
1.3199689876e+02	228	5	343	27	47	453	500	0	500	500	500	500	500	30	
1.3249982789e+02	228	5	336	34	55	445	500	0	500	500	500	500	500	30	
1.3299918861e+02	226	8	343	27	46	454	500	0	500	500	500	500	500	30	
1.3349928536e+02	227	8	341	27	61	439	500	0	500	500	500	500	500	30	
1.3399925603e+02	228	8	339	30	69	431	500	0	500	500	500	500	500	30	
1.3449888170e+02	227	11	342	27	49	451	500	0	500	500	500	500	500	30	
1.3499669633e+02	232	7	348	23	33	467	500	0	500	500	500	500	500	30	
1.3549951953e+02	233	7	342	28	49	451	500	0	500	500	500	500	500	30	
1.3599578707e+02	233	9	346	24	34	466	500	0	500	500	500	500	500	30	
1.3649758218e+02	236	7	355	16	37	463	500	0	500	500	500	500	500	30	
1.3699820209e+02	236	7	355	17	55	445	500	0	500	500	500	500	500	30	
1.3749547573e+02	236	9	355	18	41	459	500	0	500	500	500	500	500	30	
1.3799936349e+02	237	9	352	23	40	460	500	0	500	500	500	500	500	30	
1.3849929013e+02	238	9	351	21	47	453	500	0	500	500	500	500	500	30	
1.3899964711e+02	239	10	345	28	35	465	500	0	500	500	500	500	500	30	
1.3949650295e+02	237	13	346	29	51	449	500	0	500	500	500	500	500	30	
1.3999821597e+02	238	12	359	17	52	448	500	0	500	500	500	500	500	30	
1.4049362009e+02	238	14	360	18	43	457	500	0	500	500	500	500	500	30	
1.4099972233e+02	242	11	365	21	29	471	500	0	500	500	500	500	500	30	
1.4149785475e+02	239	14	366	21	40	460	500	0	500	500	500	500	500	30	
1.4199850304e+02	243	10	365	23	60	440	500	0	500	500	500	500	500	30	
1.4249995369e+02	245	9	360	28	47	453	500	0	500	500	500	500	500	30	
1.4299932038e+02	243	11	358	29	52	448	500	0	500	500	500	500	500	30	
1.4349956533e+02	245	10	363	23	57	443	500	0	500	500	500	500	500	30	
1.4399952288e+02	247	9	358	27	54	446	500	0	500	500	500	500	500	30	
1.4449870657e+02	249	10	357	31	38	462	500	0	500	500	500	500	500	30	
1.4499803858e+02	246	15	337	49	42	458	500	0	500	500	500	500	500	30	
1.4549930172e+02	249	12	359	29	75	425	500	0	500	500	500	500	500	30	
1.4599937173e+02	248	13	363	25	65	435	500	0	500	500	500	500	500	30	
1.4649906272e+02	249	12	370	19	51	449	500	0	500	500	500	500	500	30	
1.4699984822e+02	254	8	361	33	51	449	500	0	500	500	500	500	500	30	
1.4749845221e+02	254	8	354	42	32	468	500	0	500	500	500	500	500	30	
1.4799962572e+02	254	10	362	35	37	463	500	0	500	500	500	500	500	30	
1.4849987543e+02	253	12	364	30	50	450	500	0	500	500	500	500	500	30	
1.4899748698e+02	252	14	360	35	57	443	500	0	500	500	500	500	500	30	
1.4949672343e+02	252	15	374	23	38	462	500	0	500	500	500	500	500	30	
1.4999953370e+02	256	12	373	24	33	467	500	0	500	500	500	500	500	30	
1.5049628013e+02	257	10	371	28	28	472	500	0	500	500	500	500	500	30	
1.5099580684e+02	257	10	373	25	38	462	500	0	500	500	500	500	500	30	
1.5149993936e+02	259	8	373	24	41	459	500	0	500	500	500	500	500	30	
1.5199903063e+02	257	11	370	24	31	469	500	0	500	500	500	500	500	30	
1.5249768467e+02	256	14	366	25	39	461	500	0	500	500	500	500	500	30	
1.5299968944e+02	258	12	366	25	47	453	500	0	500	500	500	500	500	30	
1.5349958910e+02	257	14	374	15	51	449	500	0	500	500	500	500	500	30	
1.5399668140e+02	257	14	358	30	49	451	500	0	500	500	500	500	500	30	
1.5449833365e+02	260	12	363	25	39	461	500	0	500	500	500	500	500	30	
1.5499784167e+02	259	14	369	22	43	457	500	0	500	500	500	500	500	30	
1.5549871937e+02	259	15	370	23	43	457	500	0	500	500	500	500	500	30	
1.5599895244e+02	263	11	365	29	40	460	500	0	500	500	500	500	500	30	
1.5649676534e+02	263	11	363	35	41	459	500	0	500	500	500	500	500	30	
1.5699501110e+02	262	12	362	36	74	426	500	0	500	500	500	500	500	30	
1.5749985231e+02	263	10	365	35	70	430	500	0	500	500	500	500	500	30	
1.5799907242e+02	263	12	365	36	41	459	500	0	500	500	500	500	500	30	
1.5849668598e+02	263	13	374	27	40	460	500	0	500	500	500	500	500	30	
1.5899640395e+02	267	9	376	25	38	462	500	0	500	500	500	500	500	30	
1.5949598192e+02	269	7	378	29	43	457	500	0	500	500	500	500	500	30	
1.5999678992e+02	269	6	379	31	39	461	500	0	500	500	500	500	500	30	
1.6049878333e+02	268	9	388	21	50	450	500	0	500	500	500	500	500	30	
1.6099961774e+02	268	13	391	18	43	457	500	0	500	500	500	500	500	30	
1.6149960017e+02	269	13	387	21	45	455	500	0	500	500	500	500	500	30	
1.6199719757e+02	272	10	387	22	56	444	500	0	500	500	500	500	500	30	
1.6249924537e+02	268	15	383	28	47	453	500	0	500	500	500	500	500	30	
1.6299965834e+02	264	19	390	23	49	451	500	0	500	500	500	500	500	30	
1.6349948592e+02	269	14	385	28	40	460	500	0	500	500	500	500	500	30	
1.6399901373e+02	270	13	395	21	47	453	500	0	500	500	500	500	500	30	
1.6449740503e+02	273	10	399	18	37	463	500	0	500	500	500	500	500	30	
1.6499855512e+02	271	12	384	34	42	458	500	0	500	500	500	500	500	30	
1.6549880731e+02	273	10	392	24	54	446	500	0	500	500	500	500	500	30	
1.6599866718e+02	272	10	388	26	40	460	500	0	500	500	500	500	500	30	
1.6649941561e+02	272	12	398	21	42	458	500	0	500	500	500	500	500	30	
1.6699833499e+02	274	11	405	17	37	463	500	0	500	500	500	500	500	30	
1.6749891263e+02	274	12	402	20	30	470	500	0	500	500	500	500	500	30	
1.6799391229e+02	277	9	397	27	44	456	500	0	500	500	500	500	500	30	
1.6849936750e+02	277	11	405	20	52	448	500	0	500	500	500	500	500	30	
1.6899823341e+02	279	12	400	24	43	457	500	0	500	500	500	500	500	30	
1.6949799433e+02	278	14	401	24	44	456	500	0	500	500	500	500	500	30	
1.6999906584e+02	277	16	406	18	53	447	500	0	500	500	500	500	500	30	
1.7049938175e+02	279	17	396	31	50	450	500	0	500	500	500	500	500	30	
1.7099988189e+02	283	13	400	27	57	443	500	0	500	500	500	500	500	30	
1.7149785236e+02	286	9	399	29	43	457	500	0	500	500	500	500	500	30	
1.7199941943e+02	281	14	393	33	49	451	500	0	500	500	500	500	500	30	
1.7249857787e+02	282	14	387	39	52	448	500	0	500	500	500	500	500	30	
1.7299864898e+02	286	9	393	32	38	462	500	0	500	500	500	500	500	30	
1.7349817195e+02	285	11	396	29	40	460	500	0	500	500	500	500	500	30	
1.7399878592e+02	287	9	401	24	40	460	500	0	500	500	500	500	500	30	
1.7449917068e+02	289	8	401	24	33	467	500	0	500	500	500	500	500	30	
1.7499464258e+02	290	7	404	25	43	457	500	0	500	500	500	500	500	30	
1.7549754138e+02	292	6	405	24	41	459	500	0	500	500	500	500	500	30	
1.7599805724e+02	293	6	410	22	43	457	500	0	500	500	500	500	500	30	
1.7649901500e+02	292	7	412	21	43	457	500	0	500	500	500	500	500	30	
1.7699671423e+02	293	6	409	22	46	454	500	0	500	500	500	500	500	30	
1.7749742695e+02	289	10	404	28	66	434	500	0	500	500	500	500	500	30	
1.7799902522e+02	289	10	406	28	57	443	500	0	500	500	500	500	500	30	
1.7849793316e+02	293	7	410	26	50	450	500	0	500	500	500	500	500	30	
1.7899975380e+02	290	11	412	24	55	445	500	0	500	500	500	500	500	30	
1.7949993863e+02	289	13	410	25	43	457	500	0	500	500	500	500	500	30	
1.7999789313e+02	289	14	412	24	43	457	500	0	500	500	500	500	500	30	
1.8049809869e+02	292	11	413	19	36	464	500	0	500	500	500	500	500	30	
1.8099878793e+02	291	13	403	29	54	446	500	0	500	500	500	500	500	30	
1.8149897926e+02	294	11	407	24	52	448	500	0	500	500	500	500	500	30	
1.8199963557e+02	296	9	408	23	43	457	500	0	500	500	500	500	500	30	
1.8249939588e+02	298	8	409	21	51	449	500	0	500	500	500	500	500	30	
1.8299862298e+02	299	9	404	28	38	462	500	0	500	500	500	500	500	30	
1.8349955072e+02	303	6	407	24	47	453	500	0	500	500	500	500	500	30	
1.8399994671e+02	302	8	403	29	34	466	500	0	500	500	500	500	500	30	
1.8449380722e+02	304	7	401	30	36	464	500	0	500	500	500	500	500	30	
1.8499966564e+02	304	8	403	28	34	466	500	0	500	500	500	500	500	30	
1.8549967565e+02	302	10	403	29	38	462	500	0	500	500	500	500	500	30	
1.8599962367e+02	299	14	407	26	43	457	500	0	500	500	500	500	500	30	
1.8649810594e+02	299	15	393	41	55	445	500	0	500	500	500	500	500	30	
1.8699968168e+02	300	16	398	35	46	454	500	0	500	500	500	500	500	30	
1.8749772796e+02	298	18	403	27	43	457	500	0	500	500	500	500	500	30	
1.8799640796e+02	303	13	408	22	50	450	500	0	500	500	500	500	500	30	
1.8849407620e+02	305	10	408	20	67	433	500	0	500	500	500	500	500	30	
1.8899941437e+02	304	12	401	27	56	444	500	0	500	500	500	500	500	30	
1.8949886215e+02	304	14	402	28	34	466	500	0	500	500	500	500	500	30	
1.8999712946e+02	304	15	406	26	21	479	500	0	500	500	500	500	500	30	
1.9049339192e+02	302	19	415	19	44	456	500	0	500	500	500	500	500	30	
1.9099588564e+02	307	14	411	26	47	453	500	0	500	500	500	500	500	30	
1.9149815744e+02	306	14	398	39	36	464	500	0	500	500	500	500	500	30	
1.9199694593e+02	307	14	404	34	51	449	500	0	500	500	500	500	500	30	
1.9249858196e+02	306	13	394	42	42	458	500	0	500	500	500	500	500	30	
1.9299663505e+02	305	14	396	39	55	445	500	0	500	500	500	500	500	30	
1.9349980782e+02	303	16	402	35	33	467	500	0	500	500	500	500	500	30	
1.9399995868e+02	305	15	417	20	37	463	500	0	500	500	500	500	500	30	
1.9449852408e+02	309	13	423	18	49	451	500	0	500	500	500	500	500	30	
1.9499946305e+02	310	12	427	17	56	444	500	0	500	500	500	500	500	30	
1.9549980065e+02	311	11	415	25	60	440	500	0	500	500	500	500	500	30	
1.9599654447e+02	308	15	411	31	69	431	500	0	500	500	500	500	500	30	
1.9649938652e+02	311	11	409	34	69	431	500	0	500	500	500	500	500	30	
1.9699678119e+02	309	15	416	29	72	428	500	0	500	500	500	500	500	30	
1.9749840293e+02	311	14	413	33	45	455	500	0	500	500	500	500	500	30	
1.9799921521e+02	310	16	412	34	39	461	500	0	500	500	500	500	500	30	
1.9849815400e+02	311	17	420	23	37	463	500	0	500	500	500	500	500	30	
1.9899880666e+02	310	19	408	32	31	469	500	0	500	500	500	500	500	30	
1.9949979428e+02	311	19	408	31	37	463	500	0	500	500	500	500	500	30	
1.9999908455e+02	314	17	413	24	43	457	500	0	500	500	500	500	500	30	
2.0049800152e+02	315	14	416	25	32	468	500	0	500	500	500	500	500	30	
2.0099767667e+02	320	10	418	25	35	465	500	0	500	500	500	500	500	30	
2.0149895789e+02	322	9	410	31	58	442	500	0	500	500	500	500	500	30	
2.0199843181e+02	323	8	409	32	37	463	500	0	500	500	500	500	500	30	
2.0249512061e+02	323	9	421	22	34	466	500	0	500	500	500	500	500	30	
2.0299833105e+02	324	9	422	21	29	471	500	0	500	500	500	500	500	30	
2.0349823126e+02	323	9	414	28	45	455	500	0	500	500	500	500	500	30	
2.0399779223e+02	323	8	401	37	55	445	500	0	500	500	500	500	500	30	
2.0449809935e+02	324	7	412	24	45	455	500	0	500	500	500	500	500	30	
2.0499977275e+02	322	10	417	22	53	447	500	0	500	500	500	500	500	30	
2.0549668800e+02	321	11	419	22	43	457	500	0	500	500	500	500	500	30	
2.0599941532e+02	324	10	419	24	41	459	500	0	500	500	500	500	500	30	
2.0649976431e+02	317	17	426	21	34	466	500	0	500	500	500	500	500	30	
2.0699830716e+02	319	15	428	19	38	462	500	0	500	500	500	500	500	30	
2.0749768309e+02	325	10	430	19	50	450	500	0	500	500	500	500	500	30	
2.0799964995e+02	325	13	420	27	39	461	500	0	500	500	500	500	500	30	
2.0849339434e+02	328	10	418	26	48	452	500	0	500	500	500	500	500	30	
2.0899985872e+02	327	12	417	27	43	457	500	0	500	500	500	500	500	30	
2.0949991288e+02	323	17	401	45	39	461	500	0	500	500	500	500	500	30	
2.0999905092e+02	325	15	419	28	27	473	500	0	500	500	500	500	500	30	
2.1049968368e+02	324	18	419	28	48	452	500	0	500	500	500	500	500	30	
2.1099989579e+02	325	18	419	25	59	441	500	0	500	500	500	500	500	30	
2.1149661960e+02	331	15	420	25	56	444	500	0	500	500	500	500	500	30	
2.1199962796e+02	331	17	405	38	42	458	500	0	500	500	500	500	500	30	
2.1249819047e+02	331	17	406	39	41	459	500	0	500	500	500	500	500	30	
2.1299802104e+02	330	18	421	32	44	456	500	0	500	500	500	500	500	30	
2.1349863613e+02	334	14	425	28	32	468	500	0	500	500	500	500	500	30	
2.1399947910e+02	335	14	427	28	53	447	500	0	500	500	500	500	500	30	
2.1449973319e+02	333	17	412	41	56	444	500	0	500	500	500	500	500	30	
2.1499835125e+02	338	12	417	38	53	447	500	0	500	500	500	500	500	30	
2.1549834952e+02	338	13	421	35	64	436	500	0	500	500	500	500	500	30	
2.1599979105e+02	337	14	418	40	31	469	500	0	500	500	500	500	500	30	
2.1649688251e+02	334	16	427	34	36	464	500	0	500	500	500	500	500	30	
2.1699912931e+02	336	14	433	30	47	453	500	0	500	500	500	500	500	30	
2.1749448324e+02	336	14	437	29	39	461	500	0	500	500	500	500	500	30	
2.1799843581e+02	338	14	439	23	38	462	500	0	500	500	500	500	500	30	
2.1849519910e+02	343	10	440	24	34	466	500	0	500	500	500	500	500	30	
2.1899982284e+02	343	9	434	31	40	460	500	0	500	500	500	500	500	30	
2.1949962424e+02	347	6	441	24	50	450	500	0	500	500	500	500	500	30	
2.1999903483e+02	347	6	434	30	39	461	500	0	500	500	500	500	500	30	
2.2049949073e+02	346	7	438	25	45	455	500	0	500	500	500	500	500	30	
2.2099558435e+02	343	11	444	23	39	461	500	0	500	500	500	500	500	30	
2.2149961396e+02	345	11	438	27	30	470	500	0	500	500	500	500	500	30	
2.2199974709e+02	347	9	451	11	51	449	500	0	500	500	500	500	500	30	
2.2249865792e+02	348	6	444	20	36	464	500	0	500	500	500	500	500	30	
2.2299920714e+02	348	5	438	27	36	464	500	0	500	500	500	500	500	30	
2.2349798189e+02	348	5	443	22	41	459	500	0	500	500	500	500	500	30	
2.2399974780e+02	345	9	438	26	53	447	500	0	500	500	500	500	500	30	
2.2449899624e+02	348	8	440	25	33	467	500	0	500	500	500	500	500	30	
2.2499738136e+02	346	11	440	25	57	443	500	0	500	500	500	500	500	30	
2.2549826842e+02	346	11	438	26	54	446	500	0	500	500	500	500	500	30	
2.2599625056e+02	346	13	430	36	40	460	500	0	500	500	500	500	500	30	
2.2649906177e+02	343	17	427	38	47	453	500	0	500	500	500	500	500	30	
2.2699786720e+02	345	16	421	44	54	446	500	0	500	500	500	500	500	30	
2.2749978501e+02	347	14	429	38	46	454	500	0	500	500	500	500	500	30	
2.2799900205e+02	346	17	432	37	44	456	500	0	500	500	500	500	500	30	
2.2849881985e+02	348	19	442	31	35	465	500	0	500	500	500	500	500	30	
2.2899706800e+02	352	16	457	15	49	451	500	0	500	500	500	500	500	30	
2.2949794726e+02	355	13	451	19	50	450	500	0	500	500	500	500	500	30	
2.2999941894e+02	353	16	442	25	49	451	500	0	500	500	500	500	500	30	
2.3049916514e+02	355	14	443	27	43	457	500	0	500	500	500	500	500	30	
2.3099911354e+02	357	11	434	35	44	456	500	0	500	500	500	500	500	30	
2.3149732196e+02	359	11	445	23	47	453	500	0	500	500	500	500	500	30	
2.3199874318e+02	361	10	439	31	29	471	500	0	500	500	500	500	500	30	
2.3249922362e+02	362	7	453	21	41	459	500	0	500	500	500	500	500	30	
2.3299428293e+02	364	5	443	31	41	459	500	0	500	500	500	500	500	30	
2.3349981780e+02	360	9	448	27	42	458	500	0	500	500	500	500	500	30	
2.3399892132e+02	356	13	447	27	43	457	500	0	500	500	500	500	500	30	
2.3449705639e+02	357	14	447	28	34	466	500	0	500	500	500	500	500	30	
2.3499789929e+02	356	15	456	22	55	445	500	0	500	500	500	500	500	30	
2.3549871229e+02	356	15	448	26	55	445	500	0	500	500	500	500	500	30	
2.3599963489e+02	361	10	449	26	36	464	500	0	500	500	500	500	500	30	
2.3649973608e+02	363	10	447	29	48	452	500	0	500	500	500	500	500	30	
2.3699901490e+02	361	11	450	27	41	459	500	0	500	500	500	500	500	30	
2.3749964645e+02	363	9	447	28	42	458	500	0	500	500	500	500	500	30	
2.3799695539e+02	364	11	444	32	55	445	500	0	500	500	500	500	500	30	
2.3849846868e+02	366	12	438	38	58	442	500	0	500	500	500	500	500	30	
2.3899981951e+02	367	11	444	31	60	440	500	0	500	500	500	500	500	30	
2.3949644036e+02	366	13	448	29	39	461	500	0	500	500	500	500	500	30	
2.3999908035e+02	369	10	445	32	53	447	500	0	500	500	500	500	500	30	
2.4049709285e+02	367	12	449	25	42	458	500	0	500	500	500	500	500	30	
2.4099939813e+02	369	12	447	27	28	472	500	0	500	500	500	500	500	30	
2.4149894683e+02	371	11	442	32	31	469	500	0	500	500	500	500	500	30	
2.4199997597e+02	374	8	434	37	31	469	500	0	500	500	500	500	500	30	
2.4249925614e+02	375	9	434	37	25	475	500	0	500	500	500	500	500	30	
2.4299952247e+02	378	7	434	36	47	453	500	0	500	500	500	500	500	30	
2.4349569055e+02	380	6	439	30	50	450	500	0	500	500	500	500	500	30	
2.4399983050e+02	369	15	439	29	58	442	500	0	500	500	500	500	500	30	
2.4449659474e+02	370	16	434	31	43	457	500	0	500	500	500	500	500	30	
2.4499719003e+02	370	17	447	21	35	465	500	0	500	500	500	500	500	30	
2.4549950176e+02	376	12	450	18	48	452	500	0	500	500	500	500	500	30	
2.4599914184e+02	377	11	437	34	66	434	500	0	500	500	500	500	500	30	
2.4649483769e+02	375	12	451	20	44	456	500	0	500	500	500	500	500	30	
2.4699996430e+02	374	14	450	21	50	450	500	0	500	500	500	500	500	30	
2.4749692199e+02	375	15	454	23	47	453	500	0	500	500	500	500	500	30	
2.4799939059e+02	376	16	456	22	54	446	500	0	500	500	500	500	500	30	
2.4849606314e+02	380	12	436	38	50	450	500	0	500	500	500	500	500	30	
2.4899924980e+02	380	12	446	29	39	461	500	0	500	500	500	500	500	30	
2.4949874626e+02	381	11	433	43	42	458	500	0	500	500	500	500	500	30	
2.4999976224e+02	384	9	446	30	39	461	500	0	500	500	500	500	500	30	
2.5049789823e+02	387	6	444	29	35	465	500	0	500	500	500	500	500	30	
2.5099993157e+02	383	10	441	31	55	445	500	0	500	500	500	500	500	30	
2.5149918931e+02	379	15	451	26	63	437	500	0	500	500	500	500	500	30	
2.5199749518e+02	380	13	457	18	51	449	500	0	500	500	500	500	500	30	
2.5249948663e+02	382	11	452	22	47	453	500	0	500	500	500	500	500	30	
2.5299964698e+02	386	9	448	24	48	452	500	0	500	500	500	500	500	30	
2.5349903282e+02	391	7	454	21	34	466	500	0	500	500	500	500	500	30	
2.5399902968e+02	390	9	445	33	59	441	500	0	500	500	500	500	500	30	
2.5449608768e+02	393	8	441	37	51	449	500	0	500	500	500	500	500	30	
2.5499820665e+02	391	10	442	38	43	457	500	0	500	500	500	500	500	30	
2.5549911922e+02	391	9	458	24	66	434	500	0	500	500	500	500	500	30	
2.5599381730e+02	392	10	465	19	53	447	500	0	500	500	500	500	500	30	
2.5649887194e+02	391	13	460	25	54	446	500	0	500	500	500	500	500	30	
2.5699958849e+02	392	12	459	28	37	463	500	0	500	500	500	500	500	30	
2.5749855118e+02	391	13	458	30	33	467	500	0	500	500	500	500	500	30	
2.5799968432e+02	389	15	463	24	43	457	500	0	500	500	500	500	500	30	
2.5849959405e+02	390	15	459	28	46	454	500	0	500	500	500	500	500	30	
2.5899679943e+02	387	18	461	30	38	462	500	0	500	500	500	500	500	30	
2.5949863668e+02	388	18	462	31	52	448	500	0	500	500	500	500	500	30	
2.5999973061e+02	391	15	465	29	46	454	500	0	500	500	500	500	500	30	
2.6049895921e+02	391	17	464	33	56	444	500	0	500	500	500	500	500	30	
2.6099754604e+02	392	16	467	29	78	422	500	0	500	500	500	500	500	30	
2.6149830842e+02	393	16	470	29	51	449	500	0	500	500	500	500	500	30	
2.6199955392e+02	393	17	480	22	38	462	500	0	500	500	500	500	500	30	
2.6249969280e+02	393	16	479	21	53	447	500	0	500	500	500	500	500	30	
2.6299788390e+02	395	16	475	26	43	457	500	0	500	500	500	500	500	30	
2.6349828351e+02	392	19	473	25	65	435	500	0	500	500	500	500	500	30	
2.6399726015e+02	396	15	468	24	52	448	500	0	500	500	500	500	500	30	
2.6449788343e+02	401	10	458	35	50	450	500	0	500	500	500	500	500	30	
2.6499928844e+02	400	11	464	31	45	455	500	0	500	500	500	500	500	30	
2.6549926484e+02	399	12	468	27	49	451	500	0	500	500	500	500	500	30	
2.6599651438e+02	397	11	469	27	45	455	500	0	500	500	500	500	500	30	
2.6649869449e+02	392	17	471	28	47	453	500	0	500	500	500	500	500	30	
2.6699933199e+02	394	16	479	19	50	450	500	0	500	500	500	500	500	30	
2.6749928987e+02	395	15	475	23	37	463	500	0	500	500	500	500	500	30	
2.6799954718e+02	395	14	471	25	33	467	500	0	500	500	500	500	500	30	
2.6849914864e+02	399	11	467	25	49	451	500	0	500	500	500	500	500	30	
2.6899955342e+02	397	15	466	26	33	467	500	0	500	500	500	500	500	30	
2.6949833159e+02	402	10	466	26	40	460	500	0	500	500	500	500	500	30	
2.6999995739e+02	403	10	462	31	44	456	500	0	500	500	500	500	500	30	
2.7049932312e+02	406	7	462	28	42	458	500	0	500	500	500	500	500	30	
2.7099971344e+02	407	7	462	27	40	460	500	0	500	500	500	500	500	30	
2.7149682282e+02	408	8	462	27	35	465	500	0	500	500	500	500	500	30	
2.7199747954e+02	404	13	466	22	38	462	500	0	500	500	500	500	500	30	
2.7249716701e+02	401	16	465	21	25	475	500	0	500	500	500	500	500	30	
2.7299770171e+02	399	19	459	27	41	459	500	0	500	500	500	500	500	30	
2.7349832239e+02	400	18	464	23	38	462	500	0	500	500	500	500	500	30	
2.7399989923e+02	397	21	467	21	53	447	500	0	500	500	500	500	500	30	
2.7449696074e+02	395	25	451	37	34	466	500	0	500	500	500	500	500	30	
2.7499754407e+02	396	24	450	43	53	447	500	0	500	500	500	500	500	30	
2.7549964649e+02	396	24	455	37	52	448	500	0	500	500	500	500	500	30	
2.7599780579e+02	396	23	454	37	47	453	500	0	500	500	500	500	500	30	
2.7649716146e+02	402	17	466	22	39	461	500	0	500	500	500	500	500	30	
2.7699966147e+02	403	16	453	34	44	456	500	0	500	500	500	500	500	30	
2.7749637195e+02	403	16	461	31	48	452	500	0	500	500	500	500	500	30	
2.7799517896e+02	400	19	454	37	60	440	500	0	500	500	500	500	500	30	
2.7849948145e+02	398	21	452	37	51	449	500	0	500	500	500	500	500	30	
2.7899951604e+02	402	16	447	41	63	437	500	0	500	500	500	500	500	30	
2.7949848124e+02	404	18	444	42	69	431	500	0	500	500	500	500	500	30	
2.7999999007e+02	409	13	452	31	52	448	500	0	500	500	500	500	500	30	
2.8049997193e+02	406	18	447	37	44	456	500	0	500	500	500	500	500	30	
2.8099981582e+02	406	18	454	33	68	432	500	0	500	500	500	500	500	30	
2.8149932942e+02	406	18	452	38	60	440	500	0	500	500	500	500	500	30	
2.8199695773e+02	410	16	456	33	66	434	500	0	500	500	500	500	500	30	
2.8249846709e+02	411	15	454	36	52	448	500	0	500	500	500	500	500	30	
2.8299754290e+02	411	15	450	41	41	459	500	0	500	500	500	500	500	30	
2.8349713571e+02	409	18	456	36	34	466	500	0	500	500	500	500	500	30	
2.8399950970e+02	414	11	457	39	49	451	500	0	500	500	500	500	500	30	
2.8449965805e+02	412	14	461	33	55	445	500	0	500	500	500	500	500	30	
2.8499984695e+02	410	17	462	32	46	454	500	0	500	500	500	500	500	30	
2.8549542144e+02	412	15	465	29	51	449	500	0	500	500	500	500	500	30	
2.8599357394e+02	414	16	467	25	31	469	500	0	500	500	500	500	500	30	
2.8649740084e+02	417	15	463	29	37	463	500	0	500	500	500	500	500	30	
2.8699673679e+02	421	13	468	22	60	440	500	0	500	500	500	500	500	30	
2.8749847654e+02	425	10	472	18	35	465	500	0	500	500	500	500	500	30	
2.8799847086e+02	428	8	473	19	41	459	500	0	500	500	500	500	500	30	
2.8849633830e+02	425	11	468	19	34	466	500	0	500	500	500	500	500	30	
2.8899963587e+02	425	12	460	26	29	471	500	0	500	500	500	500	500	30	
2.8949847157e+02	427	10	452	32	32	468	500	0	500	500	500	500	500	30	
2.8999900819e+02	430	6	447	35	36	464	500	0	500	500	500	500	500	30	
2.9049504237e+02	427	9	447	32	56	444	500	0	500	500	500	500	500	30	
2.9099973294e+02	422	14	452	23	39	461	500	0	500	500	500	500	500	30	
2.9149292416e+02	426	10	447	29	34	466	500	0	500	500	500	500	500	30	
2.9199988602e+02	426	10	446	27	30	470	500	0	500	500	500	500	500	30	
2.9249994489e+02	424	13	447	28	43	457	500	0	500	500	500	500	500	30	
2.9299976038e+02	426	13	448	27	55	445	500	0	500	500	500	500	500	30	
2.9349902316e+02	428	11	448	30	37	463	500	0	500	500	500	500	500	30	
2.9399979440e+02	424	15	451	29	39	461	500	0	500	500	500	500	500	30	
2.9449941370e+02	420	20	440	38	29	471	500	0	500	500	500	500	500	30	
2.9499822496e+02	422	18	447	35	51	449	500	0	500	500	500	500	500	30	
2.9549849560e+02	419	20	450	30	44	456	500	0	500	500	500	500	500	30	
2.9599720143e+02	418	20	453	27	58	442	500	0	500	500	500	500	500	30	
2.9649714912e+02	418	21	451	30	52	448	500	0	500	500	500	500	500	30	
2.9699922823e+02	421	18	457	25	41	459	500	0	500	500	500	500	500	30	
2.9749995472e+02	422	15	449	32	51	449	500	0	500	500	500	500	500	30	
2.9799976702e+02	424	14	452	30	53	447	500	0	500	500	500	500	500	30	
2.9849819503e+02	425	14	454	25	41	459	500	0	500	500	500	500	500	30	
2.9899949403e+02	424	17	451	27	46	454	500	0	500	500	500	500	500	30	
2.9949194890e+02	421	20	454	21	34	466	500	0	500	500	500	500	500	30	
2.9999897830e+02	421	22	459	18	41	459	500	0	500	500	500	500	500	30	
3.0049998338e+02	423	20	458	18	31	469	500	0	500	500	500	500	500	30	
3.0099861133e+02	424	18	447	25	32	468	500	0	500	500	500	500	500	30	
3.0149869612e+02	423	20	448	24	47	453	500	0	500	500	500	500	500	30	
3.0199715827e+02	424	20	454	17	37	463	500	0	500	500	500	500	500	30	
3.0249686312e+02	430	14	449	15	43	457	500	0	500	500	500	500	500	30	
3.0299947328e+02	428	19	432	33	39	461	500	0	500	500	500	500	500	30	
3.0349956962e+02	428	18	423	41	31	469	500	0	500	500	500	500	500	30	
3.0399829586e+02	429	15	432	31	38	462	500	0	500	500	500	500	500	30	
3.0449963968e+02	431	12	433	29	50	450	500	0	500	500	500	500	500	30	
3.0499848766e+02	431	11	432	29	56	444	500	0	500	500	500	500	500	30	
3.0549854474e+02	434	8	426	36	36	464	500	0	500	500	500	500	500	30	
3.0599766829e+02	437	6	441	21	42	458	500	0	500	500	500	500	500	30	
3.0649668227e+02	438	5	433	29	49	451	500	0	500	500	500	500	500	30	
3.0699738804e+02	436	7	433	28	49	451	500	0	500	500	500	500	500	30	
3.0749607622e+02	439	7	425	39	53	447	500	0	500	500	500	500	500	30	
3.0799961534e+02	440	8	433	34	48	452	500	0	500	500	500	500	500	30	
3.0849959571e+02	436	11	437	32	39	461	500	0	500	500	500	500	500	30	
3.0899969034e+02	436	11	430	40	54	446	500	0	500	500	500	500	500	30	
3.0949739101e+02	436	10	432	37	31	469	500	0	500	500	500	500	500	30	
3.0999980229e+02	439	8	441	26	43	457	500	0	500	500	500	500	500	30	
3.1049708037e+02	438	10	447	24	43	457	500	0	500	500	500	500	500	30	
3.1099743284e+02	438	10	445	27	47	453	500	0	500	500	500	500	500	30	
3.1149976201e+02	436	15	440	31	48	452	500	0	500	500	500	500	500	30	
3.1199993603e+02	439	11	451	25	39	461	500	0	500	500	500	500	500	30	
3.1249930468e+02	443	7	452	25	39	461	500	0	500	500	500	500	500	30	
3.1299979723e+02	439	12	448	28	32	468	500	0	500	500	500	500	500	30	
3.1349797710e+02	436	17	445	31	33	467	500	0	500	500	500	500	500	30	
3.1399505839e+02	436	16	455	22	50	450	500	0	500	500	500	500	500	30	
3.1449346636e+02	437	14	446	31	32	468	500	0	500	500	500	500	500	30	
3.1499838313e+02	437	16	449	25	45	455	500	0	500	500	500	500	500	30	
3.1549860941e+02	440	14	449	24	34	466	500	0	500	500	500	500	500	30	
3.1599835022e+02	442	12	457	18	29	471	500	0	500	500	500	500	500	30	
3.1649863947e+02	445	9	449	25	47	453	500	0	500	500	500	500	500	30	
3.1699553467e+02	443	12	438	36	39	461	500	0	500	500	500	500	500	30	
3.1749967335e+02	440	17	445	29	50	450	500	0	500	500	500	500	500	30	
3.1799771698e+02	442	17	446	29	48	452	500	0	500	500	500	500	500	30	
3.1849981129e+02	444	16	450	28	32	468	500	0	500	500	500	500	500	30	
3.1899621182e+02	445	14	443	32	34	466	500	0	500	500	500	500	500	30	
3.1949969869e+02	445	14	439	33	34	466	500	0	500	500	500	500	500	30	
3.1999833789e+02	445	17	440	33	42	458	500	0	500	500	500	500	500	30	
3.2049851932e+02	448	14	450	25	38	462	500	0	500	500	500	500	500	30	
3.2099937133e+02	444	17	446	28	56	444	500	0	500	500	500	500	500	30	
3.2149946696e+02	443	18	450	27	53	447	500	0	500	500	500	500	500	30	
3.2199982114e+02	446	19	456	25	41	459	500	0	500	500	500	500	500	30	
3.2249762578e+02	456	10	460	22	49	451	500	0	500	500	500	500	500	30	
3.2299993046e+02	461	7	451	31	49	451	500	0	500	500	500	500	500	30	
3.2349464202e+02	458	9	458	25	47	453	500	0	500	500	500	500	500	30	
3.2399927666e+02	457	9	462	25	30	470	500	0	500	500	500	500	500	30	
3.2449740427e+02	456	11	467	21	32	468	500	0	500	500	500	500	500	30	
3.2499967986e+02	448	20	457	30	41	459	500	0	500	500	500	500	500	30	
3.2549655287e+02	449	20	456	28	31	469	500	0	500	500	500	500	500	30	
3.2599865364e+02	454	14	452	30	38	462	500	0	500	500	500	500	500	30	
3.2649991978e+02	449	20	448	31	33	467	500	0	500	500	500	500	500	30	
3.2699971135e+02	452	18	447	36	33	467	500	0	500	500	500	500	500	30	
3.2749989777e+02	450	20	451	38	41	459	500	0	500	500	500	500	500	30	
3.2799942242e+02	444	26	451	37	48	452	500	0	500	500	500	500	500	30	
3.2849818619e+02	444	27	460	30	44	456	500	0	500	500	500	500	500	30	
3.2899528194e+02	451	21	455	32	54	446	500	0	500	500	500	500	500	30	
3.2949987724e+02	459	15	459	26	62	438	500	0	500	500	500	500	500	30	
3.2999926257e+02	466	8	457	25	72	428	500	0	500	500	500	500	500	30	
3.3049786213e+02	466	8	448	32	59	441	500	0	500	500	500	500	500	30	
3.3099147143e+02	465	8	445	35	43	457	500	0	500	500	500	500	500	30	
3.3149957239e+02	466	9	443	37	57	443	500	0	500	500	500	500	500	30	
3.3199987986e+02	465	12	449	35	52	448	500	0	500	500	500	500	500	30	
3.3249891856e+02	463	13	439	42	36	464	500	0	500	500	500	500	500	30	
3.3299906515e+02	467	10	442	39	41	459	500	0	500	500	500	500	500	30	
3.3349778446e+02	465	13	450	34	44	456	500	0	500	500	500	500	500	30	
3.3399914823e+02	464	14	449	41	35	465	500	0	500	500	500	500	500	30	
3.3449680039e+02	466	11	478	17	37	463	500	0	500	500	500	500	500	30	
3.3499591393e+02	470	8	480	17	31	469	500	0	500	500	500	500	500	30	
3.3549891859e+02	472	7	481	15	24	476	500	0	500	500	500	500	500	30	
3.3599744980e+02	472	8	470	23	45	455	500	0	500	500	500	500	500	30	
3.3649440772e+02	468	12	472	21	48	452	500	0	500	500	500	500	500	30	
3.3699941359e+02	471	11	470	23	45	455	500	0	500	500	500	500	500	30	
3.3749911151e+02	469	13	464	30	57	443	500	0	500	500	500	500	500	30	
3.3799978339e+02	470	13	469	24	43	457	500	0	500	500	500	500	500	30	
3.3849786492e+02	468	15	463	30	44	456	500	0	500	500	500	500	500	30	
3.3899384855e+02	471	12	472	26	49	451	500	0	500	500	500	500	500	30	
3.3949759240e+02	472	13	473	22	47	453	500	0	500	500	500	500	500	30	
3.3999791916e+02	475	11	465	32	47	453	500	0	500	500	500	500	500	30	
3.4049896347e+02	471	15	472	26	37	463	500	0	500	500	500	500	500	30	
3.4099934564e+02	472	16	473	25	35	465	500	0	500	500	500	500	500	30	
3.4149483558e+02	474	14	472	28	36	464	500	0	500	500	500	500	500	30	
3.4199991615e+02	473	16	478	24	48	452	500	0	500	500	500	500	500	30	
3.4249856734e+02	473	17	482	19	65	435	500	0	500	500	500	500	500	30	
3.4299948650e+02	475	15	459	40	46	454	500	0	500	500	500	500	500	30	
3.4349928557e+02	473	19	470	32	42	458	500	0	500	500	500	500	500	30	
3.4399878430e+02	468	26	474	29	55	445	500	0	500	500	500	500	500	30	
3.4449668383e+02	473	21	477	24	60	440	500	0	500	500	500	500	500	30	
3.4499921313e+02	481	12	477	24	60	440	500	0	500	500	500	500	500	30	
3.4549722278e+02	487	7	469	32	57	443	500	0	500	500	500	500	500	30	
3.4599483804e+02	488	8	472	29	29	471	500	0	500	500	500	500	500	30	
3.4649852790e+02	486	11	475	27	45	455	500	0	500	500	500	500	500	30	
3.4699713935e+02	483	16	483	19	49	451	500	0	500	500	500	500	500	30	
3.4749990266e+02	486	14	482	23	38	462	500	0	500	500	500	500	500	30	
3.4799906513e+02	492	11	479	28	60	440	500	0	500	500	500	500	500	30	
3.4849765759e+02	495	10	472	36	44	456	500	0	500	500	500	500	500	30	
3.4899937498e+02	493	15	481	26	31	469	500	0	500	500	500	500	500	30	
3.4949923293e+02	492	15	469	37	41	459	500	0	500	500	500	500	500	30	
3.4999998980e+02	495	12	467	38	54	446	500	0	500	500	500	500	500	30	
3.5049584309e+02	493	13	466	40	36	464	500	0	500	500	500	500	500	30	
3.5099821624e+02	493	14	476	31	35	465	500	0	500	500	500	500	500	30	
3.5149540246e+02	494	13	481	27	52	448	500	0	500	500	500	500	500	30	
3.5199983242e+02	494	12	481	28	52	448	500	0	500	500	500	500	500	30	
3.5249957119e+02	496	9	488	25	50	450	500	0	500	500	500	500	500	30	
3.5299834082e+02	499	6	489	28	37	463	500	0	500	500	500	500	500	30	
3.5349880745e+02	499	6	495	23	37	463	500	0	500	500	500	500	500	30	
3.5399846256e+02	496	9	493	29	40	460	500	0	500	500	500	500	500	30	
3.5449750015e+02	497	9	497	25	35	465	500	0	500	500	500	500	500	30	
3.5499779142e+02	493	16	489	30	35	465	500	0	500	500	500	500	500	30	
3.5549948027e+02	488	19	502	16	47	453	500	0	500	500	500	500	500	30	
3.5599849124e+02	497	10	493	24	59	441	500	0	500	500	500	500	500	30	
3.5649953737e+02	498	9	489	29	39	461	500	0	500	500	500	500	500	30	
3.5699867337e+02	498	10	503	15	45	455	500	0	500	500	500	500	500	30	
3.5749795570e+02	499	9	497	22	44	456	500	0	500	500	500	500	500	30	
3.5799994337e+02	500	10	494	23	47	453	500	0	500	500	500	500	500	30	
3.5849886901e+02	493	16	481	32	43	457	500	0	500	500	500	500	500	30	
3.5899971258e+02	491	17	490	21	38	462	500	0	500	500	500	500	500	30	
3.5949345805e+02	493	16	479	29	49	451	500	0	500	500	500	500	500	30	
3.5999797773e+02	490	19	480	30	39	461	500	0	500	500	500	500	500	30	
3.6049853470e+02	489	21	476	35	45	455	500	0	500	500	500	500	500	30	
3.6099904301e+02	486	25	485	27	51	449	500	0	500	500	500	500	500	30	
3.6149597040e+02	494	19	484	28	53	447	500	0	500	500	500	500	500	30	
3.6199932010e+02	493	20	479	32	41	459	500	0	500	500	500	500	500	30	
3.6249958510e+02	495	20	471	37	49	451	500	0	500	500	500	500	500	30	
3.6299945275e+02	496	20	480	32	51	449	500	0	500	500	500	500	500	30	
3.6349949714e+02	501	16	492	21	33	467	500	0	500	500	500	500	500	30	
3.6399935539e+02	500	16	484	29	48	452	500	0	500	500	500	500	500	30	
3.6449985912e+02	499	19	479	33	55	445	500	0	500	500	500	500	500	30	
3.6499792177e+02	502	17	476	37	34	466	500	0	500	500	500	500	500	30	
3.6549929471e+02	506	14	472	40	54	446	500	0	500	500	500	500	500	30	
3.6599442349e+02	504	17	475	38	55	445	500	0	500	500	500	500	500	30	
3.6649918206e+02	504	15	485	29	49	451	500	0	500	500	500	500	500	30	
3.6699935229e+02	506	15	478	32	62	438	500	0	500	500	500	500	500	30	
3.6749811913e+02	505	17	470	37	50	450	500	0	500	500	500	500	500	30	
3.6799717966e+02	506	18	467	36	43	457	500	0	500	500	500	500	500	30	
3.6849737218e+02	507	17	477	27	48	452	500	0	500	500	500	500	500	30	
3.6899747762e+02	506	17	471	30	42	458	500	0	500	500	500	500	500	30	
3.6949998821e+02	507	17	471	30	43	457	500	0	500	500	500	500	500	30	
3.6999909623e+02	512	12	474	29	54	446	500	0	500	500	500	500	500	30	
3.7049930506e+02	514	10	480	25	51	449	500	0	500	500	500	500	500	30	
3.7099869114e+02	509	13	478	24	38	462	500	0	500	500	500	500	500	30	
3.7149723537e+02	509	14	476	26	64	436	500	0	500	500	500	500	500	30	
3.7199793539e+02	509	14	477	25	64	436	500	0	500	500	500	500	500	30	
3.7249897669e+02	507	15	472	27	49	451	500	0	500	500	500	500	500	30	
3.7299727585e+02	510	11	479	19	38	462	500	0	500	500	500	500	500	30	
3.7349390730e+02	508	16	467	28	41	459	500	0	500	500	500	500	500	30	
3.7399992472e+02	511	13	467	26	56	444	500	0	500	500	500	500	500	30	
3.7449991095e+02	510	14	466	23	54	446	500	0	500	500	500	500	500	30	
3.7499566105e+02	511	13	469	22	40	460	500	0	500	500	500	500	500	30	
3.7549883576e+02	509	15	468	25	38	462	500	0	500	500	500	500	500	30	
3.7599993463e+02	511	13	466	25	25	475	500	0	500	500	500	500	500	30	
3.7649886489e+02	512	12	461	31	42	458	500	0	500	500	500	500	500	30	
3.7699989019e+02	513	12	455	35	57	443	500	0	500	500	500	500	500	30	
3.7749902429e+02	510	16	462	29	53	447	500	0	500	500	500	500	500	30	
3.7799845800e+02	508	17	473	18	63	437	500	0	500	500	500	500	500	30	
3.7849729309e+02	510	16	467	26	44	456	500	0	500	500	500	500	500	30	
3.7899882201e+02	511	17	468	28	64	436	500	0	500	500	500	500	500	30	
3.7949731151e+02	516	13	470	27	58	442	500	0	500	500	500	500	500	30	
3.7999889720e+02	519	11	480	18	58	442	500	0	500	500	500	500	500	30	
3.8049949061e+02	516	15	467	32	37	463	500	0	500	500	500	500	500	30	
3.8099807580e+02	515	18	469	27	45	455	500	0	500	500	500	500	500	30	
3.8149678440e+02	522	10	472	26	43	457	500	0	500	500	500	500	500	30	
3.8199862285e+02	523	9	471	28	53	447	500	0	500	500	500	500	500	30	
3.8249929498e+02	516	15	464	38	38	462	500	0	500	500	500	500	500	30	
3.8299789905e+02	523	11	482	19	37	463	500	0	500	500	500	500	500	30	
3.8349924745e+02	524	10	474	25	47	453	500	0	500	500	500	500	500	30	
3.8399929334e+02	523	12	475	24	35	465	500	0	500	500	500	500	500	30	
3.8449818277e+02	527	9	479	20	55	445	500	0	500	500	500	500	500	30	
3.8499851560e+02	529	7	476	22	52	448	500	0	500	500	500	500	500	30	
3.8549777839e+02	527	9	477	25	48	452	500	0	500	500	500	500	500	30	
3.8599985499e+02	524	10	483	21	48	452	500	0	500	500	500	500	500	30	
3.8649225892e+02	525	11	484	19	50	450	500	0	500	500	500	500	500	30	
3.8699921961e+02	529	8	478	20	43	457	500	0	500	500	500	500	500	30	
3.8749893760e+02	532	5	478	19	33	467	500	0	500	500	500	500	500	30	
3.8799913898e+02	531	6	476	20	48	452	500	0	500	500	500	500	500	30	
3.8849873446e+02	530	7	469	27	58	442	500	0	500	500	500	500	500	30	
3.8899759719e+02	529	8	477	20	40	460	500	0	500	500	500	500	500	30	
3.8949935342e+02	529	9	479	23	34	466	500	0	500	500	500	500	500	30	
3.8999891125e+02	529	9	477	29	31	469	500	0	500	500	500	500	500	30	
3.9049990990e+02	533	5	481	25	24	476	500	0	500	500	500	500	500	30	
3.9099975398e+02	536	5	477	27	41	459	500	0	500	500	500	500	500	30	
3.9149990909e+02	530	10	480	24	52	448	500	0	500	500	500	500	500	30	
3.9199925810e+02	528	12	463	37	52	448	500	0	500	500	500	500	500	30	
3.9249927500e+02	529	11	465	35	34	466	500	0	500	500	500	500	500	30	
3.9299948523e+02	529	11	478	22	31	469	500	0	500	500	500	500	500	30	
3.9349858236e+02	529	10	469	28	30	470	500	0	500	500	500	500	500	30	
3.9399319225e+02	532	7	476	23	48	452	500	0	500	500	500	500	500	30	
3.9449831128e+02	531	9	468	31	60	440	500	0	500	500	500	500	500	30	
3.9499896002e+02	532	8	475	24	55	445	500	0	500	500	500	500	500	30	
3.9549805166e+02	532	8	471	29	69	431	500	0	500	500	500	500	500	30	
3.9599973009e+02	530	9	471	30	38	462	500	0	500	500	500	500	500	30	
3.9649935325e+02	532	9	481	27	45	455	500	0	500	500	500	500	500	30	
3.9699968327e+02	533	9	483	25	42	458	500	0	500	500	500	500	500	30	
3.9749958786e+02	535	8	491	18	28	472	500	0	500	500	500	500	500	30	
3.9799586254e+02	535	8	485	21	48	452	500	0	500	500	500	500	500	30	
3.9849973765e+02	535	7	476	26	38	462	500	0	500	500	500	500	500	30	
3.9899505212e+02	538	4	479	23	38	462	500	0	500	500	500	500	500	30	
3.9949893978e+02	538	6	470	31	37	463	500	0	500	500	500	500	500	30	
3.9999995045e+02	535	9	482	22	51	449	500	0	500	500	500	500	500	30	
4.0049967494e+02	535	9	480	25	59	441	500	0	500	500	500	500	500	30	
4.0099991889e+02	536	6	487	20	38	462	500	0	500	500	500	500	500	30	
4.0149680846e+02	538	7	482	24	46	454	500	0	500	500	500	500	500	30	
4.0199815440e+02	536	10	480	29	38	462	500	0	500	500	500	500	500	30	
4.0249718511e+02	535	9	479	29	37	463	500	0	500	500	500	500	500	30	
4.0299977253e+02	535	11	479	30	44	456	500	0	500	500	500	500	500	30	
4.0349759863e+02	535	9	483	26	44	456	500	0	500	500	500	500	500	30	
4.0399627690e+02	536	8	487	23	50	450	500	0	500	500	500	500	500	30	
4.0449852449e+02	534	9	480	29	66	434	500	0	500	500	500	500	500	30	
4.0499981166e+02	534	9	481	26	31	469	500	0	500	500	500	500	500	30	
4.0549787234e+02	534	10	485	20	38	462	500	0	500	500	500	500	500	30	
4.0599774851e+02	530	15	490	18	47	453	500	0	500	500	500	500	500	30	
4.0649706040e+02	530	16	487	24	53	447	500	0	500	500	500	500	500	30	
4.0699909312e+02	531	16	479	32	43	457	500	0	500	500	500	500	500	30	
4.0749920836e+02	530	16	475	35	54	446	500	0	500	500	500	500	500	30	
4.0799969580e+02	530	16	473	36	74	426	500	0	500	500	500	500	500	30	
4.0849574529e+02	533	14	477	29	56	444	500	0	500	500	500	500	500	30	
4.0899565560e+02	535	14	478	27	48	452	500	0	500	500	500	500	500	30	
4.0949964184e+02	539	12	479	22	46	454	500	0	500	500	500	500	500	30	
4.0999923196e+02	539	11	481	22	46	454	500	0	500	500	500	500	500	30	
4.1049674144e+02	543	7	483	19	38	462	500	0	500	500	500	500	500	30	
4.1099968012e+02	540	10	484	17	40	460	500	0	500	500	500	500	500	30	
4.1149842392e+02	542	8	480	20	37	463	500	0	500	500	500	500	500	30	
4.1199904083e+02	540	9	466	36	49	451	500	0	500	500	500	500	500	30	
4.1249970142e+02	538	12	464	34	34	466	500	0	500	500	500	500	500	30	
4.1299998207e+02	538	13	462	36	32	468	500	0	500	500	500	500	500	30	
4.1349992060e+02	537	14	466	32	58	442	500	0	500	500	500	500	500	30	
4.1399886807e+02	533	21	473	30	56	444	500	0	500	500	500	500	500	30	
4.1449747741e+02	531	21	472	31	51	449	500	0	500	500	500	500	500	30	
4.1499693244e+02	533	18	478	29	51	449	500	0	500	500	500	500	500	30	
4.1549732186e+02	531	20	475	29	58	442	500	0	500	500	500	500	500	30	
4.1599645028e+02	531	21	477	24	50	450	500	0	500	500	500	500	500	30	
4.1649675170e+02	528	23	462	35	46	454	500	0	500	500	500	500	500	30	
4.1699888492e+02	530	23	463	36	41	459	500	0	500	500	500	500	500	30	
4.1749859335e+02	528	26	461	38	41	459	500	0	500	500	500	500	500	30	
4.1799887807e+02	527	27	471	27	59	441	500	0	500	500	500	500	500	30	
4.1849983087e+02	527	26	470	27	42	458	500	0	500	500	500	500	500	30	
4.1899999845e+02	530	23	470	25	36	464	500	0	500	500	500	500	500	30	
4.1949644238e+02	525	27	467	28	38	462	500	0	500	500	500	500	500	30	
4.1999896790e+02	532	21	467	28	46	454	500	0	500	500	500	500	500	30	
4.2049887771e+02	534	21	460	33	66	434	500	0	500	500	500	500	500	30	
4.2099895213e+02	534	20	464	29	34	466	500	0	500	500	500	500	500	30	
4.2149884221e+02	537	16	464	29	27	473	500	0	500	500	500	500	500	30	
4.2199924076e+02	533	20	467	27	43	457	500	0	500	500	500	500	500	30	
4.2249831753e+02	537	15	459	35	43	457	500	0	500	500	500	500	500	30	
4.2299917653e+02	535	17	460	32	42	458	500	0	500	500	500	500	500	30	
4.2349742735e+02	537	15	459	34	22	478	500	0	500	500	500	500	500	30	
4.2399784986e+02	536	17	453	40	38	462	500	0	500	500	500	500	500	30	
4.2449984672e+02	537	17	465	28	51	449	500	0	500	500	500	500	500	30	
4.2499633746e+02	542	12	459	36	71	429	500	0	500	500	500	500	500	30	
4.2549913913e+02	542	13	466	28	55	445	500	0	500	500	500	500	500	30	
4.2599872526e+02	549	7	470	22	63	437	500	0	500	500	500	500	500	30	
4.2649564247e+02	545	8	461	29	54	446	500	0	500	500	500	500	500	30	
4.2699953824e+02	543	11	462	29	41	459	500	0	500	500	500	500	500	30	
4.2749882841e+02	542	12	468	25	49	451	500	0	500	500	500	500	500	30	
4.2799904260e+02	543	12	459	26	35	465	500	0	500	500	500	500	500	30	
4.2849284374e+02	545	11	462	22	67	433	500	0	500	500	500	500	500	30	
4.2899913834e+02	545	12	454	32	43	457	500	0	500	500	500	500	500	30	
4.2949985995e+02	544	14	449	36	47	453	500	0	500	500	500	500	500	30	
4.2999959365e+02	545	14	442	42	37	463	500	0	500	500	500	500	500	30	
4.3049864253e+02	544	15	456	30	47	453	500	0	500	500	500	500	500	30	
4.3099879674e+02	545	16	459	27	37	463	500	0	500	500	500	500	500	30	
4.3149933468e+02	550	12	464	24	46	454	500	0	500	500	500	500	500	30	
4.3199500175e+02	549	13	464	30	34	466	500	0	500	500	500	500	500	30	
4.3249999514e+02	547	15	460	31	60	440	500	0	500	500	500	500	500	30	
4.3299836155e+02	551	12	456	34	32	468	500	0	500	500	500	500	500	30	
4.3349858414e+02	551	11	458	32	61	439	500	0	500	500	500	500	500	30	
4.3399731150e+02	547	17	465	27	50	450	500	0	500	500	500	500	500	30	
4.3449986537e+02	548	14	472	19	47	453	500	0	500	500	500	500	500	30	
4.3499937861e+02	548	13	459	32	43	457	500	0	500	500	500	500	500	30	
4.3549540838e+02	546	14	459	30	69	431	500	0	500	500	500	500	500	30	
4.3599768930e+02	547	15	453	30	51	449	500	0	500	500	500	500	500	30	
4.3649756020e+02	547	15	457	28	48	452	500	0	500	500	500	500	500	30	
4.3699980467e+02	548	14	450	36	39	461	500	0	500	500	500	500	500	30	
4.3749895486e+02	546	16	462	25	31	469	500	0	500	500	500	500	500	30	
4.3799849568e+02	541	20	455	36	59	441	500	0	500	500	500	500	500	30	
4.3849824952e+02	537	25	443	43	59	441	500	0	500	500	500	500	500	30	
4.3899848534e+02	544	18	455	29	65	435	500	0	500	500	500	500	500	30	
4.3949821321e+02	548	14	456	28	46	454	500	0	500	500	500	500	500	30	
4.3999801683e+02	550	13	465	20	45	455	500	0	500	500	500	500	500	30	
4.4049671214e+02	553	10	470	15	42	458	500	0	500	500	500	500	500	30	
4.4099979699e+02	552	15	469	17	43	457	500	0	500	500	500	500	500	30	
4.4149973751e+02	553	15	470	18	45	455	500	0	500	500	500	500	500	30	
4.4199755901e+02	559	10	471	21	40	460	500	0	500	500	500	500	500	30	
4.4249799798e+02	557	11	473	17	43	457	500	0	500	500	500	500	500	30	
4.4299879172e+02	558	12	469	23	33	467	500	0	500	500	500	500	500	30	
4.4349932095e+02	557	12	473	22	37	463	500	0	500	500	500	500	500	30	
4.4399876006e+02	558	11	475	21	56	444	500	0	500	500	500	500	500	30	
4.4449931780e+02	555	13	475	21	31	469	500	0	500	500	500	500	500	30	
4.4499938947e+02	558	11	487	10	40	460	500	0	500	500	500	500	500	30	
4.4549861034e+02	559	10	471	25	42	458	500	0	500	500	500	500	500	30	
4.4599925763e+02	559	9	472	26	46	454	500	0	500	500	500	500	500	30	
4.4649948114e+02	555	14	464	32	46	454	500	0	500	500	500	500	500	30	
4.4699977171e+02	555	13	464	31	43	457	500	0	500	500	500	500	500	30	
4.4749998056e+02	557	13	465	31	49	451	500	0	500	500	500	500	500	30	
4.4799572468e+02	556	16	470	26	47	453	500	0	500	500	500	500	500	30	
4.4849989606e+02	555	15	468	28	37	463	500	0	500	500	500	500	500	30	
4.4899889753e+02	556	13	478	21	33	467	500	0	500	500	500	500	500	30	
4.4949647810e+02	553	17	457	40	35	465	500	0	500	500	500	500	500	30	
4.4999939304e+02	555	17	461	33	45	455	500	0	500	500	500	500	500	30	
4.5049950826e+02	553	18	471	24	40	460	500	0	500	500	500	500	500	30	
4.5099750138e+02	553	15	461	34	42	458	500	0	500	500	500	500	500	30	
4.5149917048e+02	553	17	466	27	66	434	500	0	500	500	500	500	500	30	
4.5199974166e+02	554	15	460	33	54	446	500	0	500	500	500	500	500	30	
4.5249929496e+02	553	16	470	27	32	468	500	0	500	500	500	500	500	30	
4.5299973569e+02	552	18	464	29	35	465	500	0	500	500	500	500	500	30	
4.5349876682e+02	554	19	475	24	56	444	500	0	500	500	500	500	500	30	
4.5399967337e+02	555	19	467	29	64	436	500	0	500	500	500	500	500	30	
4.5449935857e+02	561	15	471	26	48	452	500	0	500	500	500	500	500	30	
4.5499912060e+02	560	16	472	24	39	461	500	0	500	500	500	500	500	30	
4.5549948881e+02	557	20	477	22	40	460	500	0	500	500	500	500	500	30	
4.5599979052e+02	560	16	480	22	41	459	500	0	500	500	500	500	500	30	
4.5649999129e+02	556	20	474	29	37	463	500	0	500	500	500	500	500	30	
4.5699997469e+02	554	24	475	28	45	455	500	0	500	500	500	500	500	30	
4.5749944243e+02	558	21	469	34	28	472	500	0	500	500	500	500	500	30	
4.5799909948e+02	561	19	474	30	43	457	500	0	500	500	500	500	500	30	
4.5849968695e+02	563	20	469	35	50	450	500	0	500	500	500	500	500	30	
4.5899951372e+02	565	17	474	31	37	463	500	0	500	500	500	500	500	30	
4.5949980473e+02	568	14	481	22	41	459	500	0	500	500	500	500	500	30	
4.5999957907e+02	570	13	477	23	51	449	500	0	500	500	500	500	500	30	
4.6049971254e+02	572	12	471	26	42	458	500	0	500	500	500	500	500	30	
4.6099560166e+02	576	9	486	17	53	447	500	0	500	500	500	500	500	30	
4.6149770053e+02	578	8	478	20	43	457	500	0	500	500	500	500	500	30	
4.6199889347e+02	578	9	474	23	42	458	500	0	500	500	500	500	500	30	
4.6249855509e+02	575	11	467	27	43	457	500	0	500	500	500	500	500	30	
4.6299947973e+02	572	12	475	19	41	459	500	0	500	500	500	500	500	30	
4.6349464767e+02	573	11	461	29	31	469	500	0	500	500	500	500	500	30	
4.6399854520e+02	566	18	455	34	32	468	500	0	500	500	500	500	500	30	
4.6449900771e+02	566	17	462	26	60	440	500	0	500	500	500	500	500	30	
4.6499931863e+02	566	17	457	34	52	448	500	0	500	500	500	500	500	30	
4.6549531478e+02	571	13	465	31	41	459	500	0	500	500	500	500	500	30	
4.6599735078e+02	568	16	463	32	42	458	500	0	500	500	500	500	500	30	
4.6649843930e+02	570	14	457	38	41	459	500	0	500	500	500	500	500	30	
4.6699979836e+02	562	23	452	44	35	465	500	0	500	500	500	500	500	30	
4.6749773167e+02	563	21	459	39	45	455	500	0	500	500	500	500	500	30	
4.6799891321e+02	564	21	452	42	41	459	500	0	500	500	500	500	500	30	
4.6849660120e+02	563	22	467	29	50	450	500	0	500	500	500	500	500	30	
4.6899941364e+02	562	24	474	21	53	447	500	0	500	500	500	500	500	30	
4.6949941255e+02	570	16	471	25	48	452	500	0	500	500	500	500	500	30	
4.6999723676e+02	574	11	460	30	54	446	500	0	500	500	500	500	500	30	
4.7049854446e+02	573	11	460	31	49	451	500	0	500	500	500	500	500	30	
4.7099692320e+02	573	12	461	31	45	455	500	0	500	500	500	500	500	30	
4.7149876966e+02	571	15	467	25	36	464	500	0	500	500	500	500	500	30	
4.7199894621e+02	570	13	459	30	51	449	500	0	500	500	500	500	500	30	
4.7249714028e+02	571	12	461	27	38	462	500	0	500	500	500	500	500	30	
4.7299932011e+02	564	21	456	30	37	463	500	0	500	500	500	500	500	30	
4.7349880171e+02	562	23	453	34	37	463	500	0	500	500	500	500	500	30	
4.7399714457e+02	570	15	458	29	47	453	500	0	500	500	500	500	500	30	
4.7449877450e+02	570	16	465	24	48	452	500	0	500	500	500	500	500	30	
4.7499788373e+02	568	20	455	29	38	462	500	0	500	500	500	500	500	30	
4.7549996731e+02	569	17	451	32	29	471	500	0	500	500	500	500	500	30	
4.7599925374e+02	569	18	451	32	44	456	500	0	500	500	500	500	500	30	
4.7649993658e+02	571	17	450	33	41	459	500	0	500	500	500	500	500	30	
4.7699950716e+02	573	16	458	26	44	456	500	0	500	500	500	500	500	30	
4.7749969260e+02	576	14	459	24	50	450	500	0	500	500	500	500	500	30	
4.7799992678e+02	580	13	448	34	44	456	500	0	500	500	500	500	500	30	
4.7849997924e+02	578	15	456	27	38	462	500	0	500	500	500	500	500	30	
4.7899863823e+02	579	16	451	32	62	438	500	0	500	500	500	500	500	30	
4.7949773847e+02	584	13	453	31	57	443	500	0	500	500	500	500	500	30	
4.7999509084e+02	587	11	442	37	43	457	500	0	500	500	500	500	500	30	
4.8049517050e+02	587	12	445	36	38	462	500	0	500	500	500	500	500	30	
4.8099980810e+02	586	14	452	33	44	456	500	0	500	500	500	500	500	30	
4.8149900885e+02	585	15	463	24	43	457	500	0	500	500	500	500	500	30	
4.8199736278e+02	579	21	454	31	62	438	500	0	500	500	500	500	500	30	
4.8249975597e+02	575	23	458	28	65	435	500	0	500	500	500	500	500	30	
4.8299782524e+02	571	24	459	27	67	433	500	0	500	500	500	500	500	30	
4.8349919193e+02	572	23	453	33	46	454	500	0	500	500	500	500	500	30	
4.8399975056e+02	573	24	452	35	75	425	500	0	500	500	500	500	500	30	
4.8449902770e+02	574	24	449	39	51	449	500	0	500	500	500	500	500	30	
4.8499953124e+02	579	20	465	25	56	444	500	0	500	500	500	500	500	30	
4.8549996836e+02	583	15	465	28	53	447	500	0	500	500	500	500	500	30	
4.8599874169e+02	582	15	472	23	45	455	500	0	500	500	500	500	500	30	
4.8649909789e+02	586	11	473	22	58	442	500	0	500	500	500	500	500	30	
4.8699961284e+02	589	8	479	16	43	457	500	0	500	500	500	500	500	30	
4.8749877838e+02	588	10	468	26	40	460	500	0	500	500	500	500	500	30	
4.8799890235e+02	587	11	456	36	38	462	500	0	500	500	500	500	500	30	
4.8849944481e+02	585	14	465	25	26	474	500	0	500	500	500	500	500	30	
4.8899961380e+02	589	10	461	28	49	451	500	0	500	500	500	500	500	30	
4.8949940371e+02	590	9	460	26	50	450	500	0	500	500	500	500	500	30	
4.8999638418e+02	592	8	459	25	32	468	500	0	500	500	500	500	500	30	
4.9049779130e+02	592	8	456	30	58	442	500	0	500	500	500	500	500	30	
4.9099677954e+02	588	12	451	34	40	460	500	0	500	500	500	500	500	30	
4.9149887553e+02	588	13	455	31	52	448	500	0	500	500	500	500	500	30	
4.9199819752e+02	587	13	463	23	47	453	500	0	500	500	500	500	500	30	
4.9249962005e+02	589	12	463	31	42	458	500	0	500	500	500	500	500	30	
4.9299943454e+02	583	16	460	35	40	460	500	0	500	500	500	500	500	30	
4.9349754999e+02	587	12	462	31	41	459	500	0	500	500	500	500	500	30	
4.9399842210e+02	590	10	469	24	35	465	500	0	500	500	500	500	500	30	
4.9449921955e+02	588	12	458	33	32	468	500	0	500	500	500	500	500	30	
4.9499974525e+02	587	14	460	30	33	467	500	0	500	500	500	500	500	30	
4.9549776053e+02	587	15	456	33	54	446	500	0	500	500	500	500	500	30	
4.9599807947e+02	584	18	452	37	49	451	500	0	500	500	500	500	500	30	
4.9649968078e+02	580	23	450	36	51	449	500	0	500	500	500	500	500	30	
4.9699969740e+02	579	24	453	33	55	445	500	0	500	500	500	500	500	30	
4.9749920732e+02	585	18	455	31	39	461	500	0	500	500	500	500	500	30	
4.9799797578e+02	587	16	452	35	55	445	500	0	500	500	500	500	500	30	
4.9849911692e+02	590	15	450	34	42	458	500	0	500	500	500	500	500	30	
4.9899936633e+02	586	22	451	35	47	453	500	0	500	500	500	500	500	30	
4.9949459082e+02	590	18	466	21	55	445	500	0	500	500	500	500	500	30	
4.9999428333e+02	593	18	458	29	47	453	500	0	500	500	500	500	500	30	
5.0000062814e+02	593	18	458	29	46	454	500	0	500	500	500	500	500	30	
