0.0000000000e+00	0	0	500	0	0	0	0	50	500	500	0	500	500	0	
4.9758692945e-01	0	0	500	0	1	3	0	50	500	500	0	500	500	0	
9.4978869413e-01	0	0	500	0	1	3	0	50	500	500	0	500	500	0	
1.4991219969e+00	0	1	500	0	4	5	0	50	500	500	0	500	500	0	
1.9984848088e+00	0	1	498	2	1	4	0	50	500	500	0	500	500	0	
2.4959857886e+00	0	3	499	1	2	5	0	50	500	500	0	500	500	0	
2.9928636940e+00	0	4	499	1	2	3	0	50	500	500	0	500	500	0	
3.4981933550e+00	0	4	497	3	2	5	0	50	500	500	0	500	500	0	
3.9936090990e+00	0	8	498	2	2	6	0	50	500	500	0	500	500	0	
4.4831352173e+00	0	9	491	9	6	13	0	50	500	500	0	500	500	0	
4.9946901368e+00	0	9	492	8	3	7	0	50	500	500	0	500	500	0	
5.4958667952e+00	0	11	487	13	0	6	0	50	500	500	0	500	500	0	
5.9924394123e+00	0	12	488	12	1	5	0	50	500	500	0	500	500	0	
6.4944786085e+00	0	12	483	17	3	5	0	50	500	500	0	500	500	0	
6.9993943482e+00	0	12	486	14	1	9	0	50	500	500	0	500	500	0	
7.4966832085e+00	0	14	490	10	1	7	0	50	500	500	0	500	500	0	
7.9944812315e+00	0	15	488	12	2	6	0	50	500	500	0	500	500	0	
8.4955747926e+00	0	15	481	19	5	5	0	50	500	500	0	500	500	0	
8.9996985781e+00	0	15	475	25	4	6	0	50	500	500	0	500	500	0	
9.4992506065e+00	0	15	472	28	3	8	0	50	500	500	0	500	500	0	
9.9994758804e+00	0	15	478	22	4	12	0	50	500	500	0	500	500	0	
1.0499724438e+01	0	15	477	23	3	12	0	50	500	500	0	500	500	0	
1.0995048593e+01	0	15	481	19	3	9	0	50	500	500	0	500	500	0	
1.1497042553e+01	0	17	477	23	1	5	0	50	500	500	0	500	500	0	
1.1995898772e+01	0	17	475	25	1	6	0	50	500	500	0	500	500	0	
1.2499318761e+01	0	19	476	24	5	8	0	50	500	500	0	500	500	0	
1.2998897622e+01	0	19	483	17	1	10	0	50	500	500	0	500	500	0	
1.3481464960e+01	0	19	477	23	5	9	0	50	500	500	0	500	500	0	
1.3984866165e+01	0	21	468	32	0	7	0	50	500	500	0	500	500	0	
1.4497035547e+01	0	21	470	30	2	2	0	50	500	500	0	500	500	0	
1.4986526567e+01	0	22	468	32	2	4	0	50	500	500	0	500	500	0	
1.5468198972e+01	0	22	472	28	2	2	0	50	500	500	0	500	500	0	
1.5998974402e+01	1	21	474	26	1	10	0	50	500	500	0	500	500	0	
1.6498790460e+01	1	23	475	25	3	7	0	50	500	500	0	500	500	0	
1.6998727641e+01	2	22	474	26	2	10	0	50	500	500	0	500	500	0	
1.7488344020e+01	3	23	462	38	6	7	0	50	500	500	0	500	500	0	
1.7991944844e+01	3	23	465	35	6	7	0	50	500	500	0	500	500	0	
1.8499680761e+01	3	26	468	32	1	5	0	50	500	500	0	500	500	0	
1.8996373394e+01	4	25	468	32	7	8	0	50	500	500	0	500	500	0	
1.9492441777e+01	4	27	454	46	2	7	0	50	500	500	0	500	500	0	
1.9999316220e+01	4	27	447	53	3	8	0	50	500	500	0	500	500	0	
2.0499270036e+01	4	27	446	54	3	7	0	50	500	500	0	500	500	0	
2.0999043132e+01	4	27	441	59	2	8	0	50	500	500	0	500	500	0	
2.1494040747e+01	4	29	444	56	3	8	0	50	500	500	0	500	500	0	
2.1989561047e+01	4	31	449	51	2	6	0	50	500	500	0	500	500	0	
2.2497928792e+01	4	33	454	46	1	10	0	50	500	500	0	500	500	0	
2.2999838533e+01	4	34	450	50	5	6	0	50	500	500	0	500	500	0	
2.3487284875e+01	4	34	439	61	3	4	0	50	500	500	0	500	500	0	
2.3997211729e+01	4	39	433	67	3	4	0	50	500	500	0	500	500	0	
2.4496936710e+01	4	40	425	75	2	7	0	50	500	500	0	500	500	0	
2.4996854025e+01	4	40	406	94	2	11	0	50	500	500	0	500	500	0	
2.5497440115e+01	3	43	405	95	4	4	0	50	500	500	0	500	500	0	
2.5996861197e+01	3	44	406	94	3	4	0	50	500	500	0	500	500	0	
2.6494604091e+01	4	44	397	103	1	8	0	50	500	500	0	500	500	0	
2.6997074331e+01	5	46	396	104	2	7	0	50	500	500	0	500	500	0	
2.7497605376e+01	4	47	381	119	3	8	0	50	500	500	0	500	500	0	
2.7999419860e+01	5	47	376	124	4	7	0	50	500	500	0	500	500	0	
2.8499234667e+01	5	48	377	123	4	5	0	50	500	500	0	500	500	0	
2.8999063759e+01	5	50	385	115	3	6	0	50	500	500	0	500	500	0	
2.9499407274e+01	5	50	372	128	2	3	0	50	500	500	0	500	500	0	
2.9996697702e+01	5	51	358	142	2	5	0	50	500	500	0	500	500	0	
3.0488701397e+01	4	54	346	154	5	7	0	50	500	500	0	500	500	0	
3.0996933747e+01	4	55	347	153	4	6	0	50	500	500	0	500	500	0	
3.1496062315e+01	4	56	331	169	3	12	0	50	500	500	0	500	500	0	
3.1998462281e+01	4	57	312	188	3	6	0	50	500	500	0	500	500	0	
3.2499256945e+01	3	58	302	198	2	10	0	50	500	500	0	500	500	0	
3.2997819826e+01	3	59	299	201	2	8	0	50	500	500	0	500	500	0	
3.3496603417e+01	4	60	287	213	4	8	0	50	500	500	0	500	500	0	
3.3999293551e+01	4	61	282	218	3	7	0	50	500	500	0	500	500	0	
3.4498032945e+01	6	61	279	221	1	12	0	50	500	500	0	500	500	0	
3.4998225736e+01	5	62	275	225	1	6	0	50	500	500	0	500	500	0	
3.5499952359e+01	5	63	267	233	0	9	0	50	500	500	0	500	500	0	
3.5996430359e+01	6	62	262	238	4	5	0	50	500	500	0	500	500	0	
3.6496565559e+01	5	63	257	243	3	6	0	50	500	500	0	500	500	0	
3.6992320962e+01	4	66	233	267	0	8	0	50	500	500	0	500	500	0	
3.7498888116e+01	3	71	207	293	5	3	0	50	500	500	0	500	500	0	
3.7993302487e+01	3	74	190	310	2	11	0	50	500	500	0	500	500	0	
3.8494303053e+01	3	75	183	317	5	6	0	50	500	500	0	500	500	0	
3.8997983513e+01	4	76	165	335	2	6	0	50	500	500	0	500	500	0	
3.9495118526e+01	4	76	144	356	5	6	0	50	500	500	0	500	500	0	
3.9997906722e+01	4	76	139	361	4	8	0	50	500	500	0	500	500	0	
4.0498862870e+01	4	76	129	371	2	5	0	50	500	500	0	500	500	0	
4.0996643219e+01	3	77	133	367	2	11	0	50	500	500	0	500	500	0	
4.1499510662e+01	3	78	133	367	1	6	0	50	500	500	0	500	500	0	
4.1992835764e+01	5	78	142	358	6	4	0	50	500	500	0	500	500	0	
4.2497807726e+01	4	81	137	363	3	8	0	50	500	500	0	500	500	0	
4.2999713779e+01	3	83	117	383	0	7	0	50	500	500	0	500	500	0	
4.3494232997e+01	3	84	91	409	2	5	0	50	500	500	0	500	500	0	
4.3986108106e+01	3	86	77	423	5	5	0	50	500	500	0	500	500	0	
4.4496557400e+01	5	87	64	436	4	13	0	50	500	500	0	500	500	0	
4.4999211231e+01	5	88	53	447	3	6	0	50	500	500	0	500	500	0	
4.5499797017e+01	6	90	46	454	3	6	0	50	500	500	0	500	500	0	
4.5992036001e+01	6	92	54	446	3	7	0	50	500	500	0	500	500	0	
4.6498662880e+01	4	94	53	447	2	10	0	50	500	500	0	500	500	0	
4.6996923751e+01	4	96	41	459	3	6	0	50	500	500	0	500	500	0	
4.7498281139e+01	4	97	39	461	2	4	0	50	500	500	0	500	500	0	
4.7998415865e+01	3	98	35	465	0	4	0	50	500	500	0	500	500	0	
4.8493063900e+01	5	97	41	459	4	6	0	50	500	500	0	500	500	0	
4.8995945402e+01	4	100	45	455	2	8	0	50	500	500	0	500	500	0	
4.9496724989e+01	7	97	43	457	5	5	0	50	500	500	0	500	500	0	
4.9996173397e+01	7	98	39	461	2	9	0	50	500	500	0	500	500	0	
5.0498561311e+01	7	101	34	466	0	6	0	50	500	500	0	500	500	0	
5.0996850906e+01	7	102	46	454	2	4	0	50	500	500	0	500	500	0	
5.1495005903e+01	6	104	49	451	2	6	0	50	500	500	0	500	500	0	
5.1992787626e+01	5	105	41	459	1	5	0	50	500	500	0	500	500	0	
5.2497297816e+01	5	106	41	459	6	6	0	50	500	500	0	500	500	0	
5.2998450487e+01	6	107	38	462	4	9	0	50	500	500	0	500	500	0	
5.3496316866e+01	6	107	26	474	2	6	0	50	500	500	0	500	500	0	
5.3999974931e+01	6	109	33	467	5	5	0	50	500	500	0	500	500	0	
5.4498624385e+01	4	111	37	463	5	11	0	50	500	500	0	500	500	0	
5.4997919498e+01	5	110	34	466	3	6	0	50	500	500	0	500	500	0	
5.5497735570e+01	5	111	40	460	5	3	0	50	500	500	0	500	500	0	
5.5998180586e+01	5	111	41	459	2	7	0	50	500	500	0	500	500	0	
5.6499806635e+01	4	114	40	460	5	3	0	50	500	500	0	500	500	0	
5.6997689843e+01	7	111	44	456	3	8	0	50	500	500	0	500	500	0	
5.7498550920e+01	10	109	53	447	5	8	0	50	500	500	0	500	500	0	
5.7995779664e+01	7	112	43	457	3	5	0	50	500	500	0	500	500	0	
5.8494447490e+01	6	114	43	457	2	8	0	50	500	500	0	500	500	0	
5.8990224803e+01	4	115	38	462	4	6	0	50	500	500	0	500	500	0	
5.9490387312e+01	4	115	20	480	4	7	0	50	500	500	0	500	500	0	
5.9997087108e+01	6	114	25	475	4	5	0	50	500	500	0	500	500	0	
6.0492810527e+01	4	118	26	474	2	9	0	50	500	500	0	500	500	0	
6.0998079129e+01	4	119	25	475	3	8	0	50	500	500	0	500	500	0	
6.1498910723e+01	6	117	27	473	2	6	0	50	500	500	0	500	500	0	
6.1999613259e+01	6	118	33	467	3	5	0	50	500	500	0	500	500	0	
6.2498148059e+01	4	120	34	466	6	6	0	50	500	500	0	500	500	0	
6.2994785248e+01	5	120	32	468	3	5	0	50	500	500	0	500	500	0	
6.3498314282e+01	3	123	28	472	6	4	0	50	500	500	0	500	500	0	
6.3992873038e+01	3	124	25	475	3	7	0	50	500	500	0	500	500	0	
6.4494055353e+01	4	124	25	475	4	10	0	50	500	500	0	500	500	0	
6.4995872316e+01	5	124	20	480	0	13	0	50	500	500	0	500	500	0	
6.5499315427e+01	3	129	16	484	6	4	0	50	500	500	0	500	500	0	
6.5992674663e+01	1	131	18	482	2	3	0	50	500	500	0	500	500	0	
6.6498811522e+01	3	131	20	480	1	10	0	50	500	500	0	500	500	0	
6.6998935914e+01	5	130	20	480	1	12	0	50	500	500	0	500	500	0	
6.7498569640e+01	4	131	29	471	4	7	0	50	500	500	0	500	500	0	
6.7998338926e+01	2	133	27	473	5	3	0	50	500	500	0	500	500	0	
6.8498566189e+01	3	132	20	480	3	9	0	50	500	500	0	500	500	0	
6.8993061158e+01	4	132	21	479	6	10	0	50	500	500	0	500	500	0	
6.9496256252e+01	6	131	36	464	5	5	0	50	500	500	0	500	500	0	
6.9995357218e+01	5	134	25	475	3	5	0	50	500	500	0	500	500	0	
7.0499800224e+01	5	135	21	479	4	6	0	50	500	500	0	500	500	0	
7.0997828553e+01	5	136	22	478	0	3	0	50	500	500	0	500	500	0	
7.1489009325e+01	4	137	24	476	2	6	0	50	500	500	0	500	500	0	
7.1997918390e+01	4	140	18	482	3	9	0	50	500	500	0	500	500	0	
7.2490343243e+01	6	139	21	479	3	7	0	50	500	500	0	500	500	0	
7.2999291366e+01	6	139	26	474	3	4	0	50	500	500	0	500	500	0	
7.3499556048e+01	7	138	35	465	3	7	0	50	500	500	0	500	500	0	
7.3999656783e+01	6	140	33	467	2	10	0	50	500	500	0	500	500	0	
7.4495220683e+01	9	137	22	478	3	11	0	50	500	500	0	500	500	0	
7.4992674202e+01	8	138	25	475	4	3	0	50	500	500	0	500	500	0	
7.5497100255e+01	8	139	34	466	1	3	0	50	500	500	0	500	500	0	
7.5999775995e+01	6	140	22	478	1	6	0	50	500	500	0	500	500	0	
7.6499256085e+01	4	144	14	486	3	2	0	50	500	500	0	500	500	0	
7.6997387371e+01	3	147	18	482	2	6	0	50	500	500	0	500	500	0	
7.7499765178e+01	3	148	26	474	3	7	0	50	500	500	0	500	500	0	
7.7996566876e+01	4	150	35	465	1	5	0	50	500	500	0	500	500	0	
7.8498371464e+01	4	151	32	468	2	6	0	50	500	500	0	500	500	0	
7.8989234705e+01	4	154	14	486	1	5	0	50	500	500	0	500	500	0	
7.9494903607e+01	3	158	22	478	2	7	0	50	500	500	0	500	500	0	
7.9998366511e+01	3	159	20	480	3	5	0	50	500	500	0	500	500	0	
8.0498649927e+01	3	160	12	488	1	3	0	50	500	500	0	500	500	0	
8.0997157520e+01	2	164	20	480	5	3	0	50	500	500	0	500	500	0	
8.1499267333e+01	5	160	17	483	6	7	0	50	500	500	0	500	500	0	
8.1998652779e+01	5	160	11	489	6	9	0	50	500	500	0	500	500	0	
8.2499577605e+01	4	161	22	478	3	14	0	50	500	500	0	500	500	0	
8.2999620846e+01	9	156	20	480	8	9	0	50	500	500	0	500	500	0	
8.3499191710e+01	10	157	31	469	2	11	0	50	500	500	0	500	500	0	
8.3996242679e+01	7	164	24	476	5	13	0	50	500	500	0	500	500	0	
8.4496473140e+01	6	165	20	480	5	13	0	50	500	500	0	500	500	0	
8.4999922940e+01	5	167	19	481	4	8	0	50	500	500	0	500	500	0	
8.5498144640e+01	8	163	25	475	5	7	0	50	500	500	0	500	500	0	
8.5993656111e+01	8	163	15	485	5	7	0	50	500	500	0	500	500	0	
8.6498160326e+01	8	166	17	483	6	11	0	50	500	500	0	500	500	0	
8.6999143762e+01	7	167	18	482	4	6	0	50	500	500	0	500	500	0	
8.7499997525e+01	10	165	16	484	2	8	0	50	500	500	0	500	500	0	
8.7997416056e+01	13	163	19	481	8	6	0	50	500	500	0	500	500	0	
8.8499353798e+01	12	165	24	476	5	3	0	50	500	500	0	500	500	0	
8.8998248647e+01	9	170	17	483	3	1	0	50	500	500	0	500	500	0	
8.9492437707e+01	10	170	27	473	2	5	0	50	500	500	0	500	500	0	
8.9998154784e+01	11	170	20	480	3	4	0	50	500	500	0	500	500	0	
9.0497788295e+01	10	173	32	468	3	8	0	50	500	500	0	500	500	0	
9.0999425763e+01	10	173	16	484	5	5	0	50	500	500	0	500	500	0	
9.1499336684e+01	8	174	13	487	3	7	0	50	500	500	0	500	500	0	
9.1997304919e+01	4	180	13	487	3	6	0	50	500	500	0	500	500	0	
9.2499873054e+01	5	179	8	492	3	4	0	50	500	500	0	500	500	0	
9.2995749394e+01	6	179	15	485	2	6	0	50	500	500	0	500	500	0	
9.3495747611e+01	4	183	16	484	1	7	0	50	500	500	0	500	500	0	
9.3999733719e+01	2	185	15	485	3	10	0	50	500	500	0	500	500	0	
9.4499737480e+01	4	183	23	477	1	10	0	50	500	500	0	500	500	0	
9.4988080722e+01	6	184	24	476	5	2	0	50	500	500	0	500	500	0	
9.5496286348e+01	4	187	15	485	3	5	0	50	500	500	0	500	500	0	
9.5999860675e+01	5	187	14	486	2	6	0	50	500	500	0	500	500	0	
9.6499014699e+01	7	186	12	488	3	2	0	50	500	500	0	500	500	0	
9.6997597704e+01	6	188	19	481	2	3	0	50	500	500	0	500	500	0	
9.7498167087e+01	6	189	18	482	2	6	0	50	500	500	0	500	500	0	
9.7999932477e+01	6	190	16	484	4	5	0	50	500	500	0	500	500	0	
9.8499458841e+01	6	190	18	482	4	5	0	50	500	500	0	500	500	0	
9.8996575224e+01	9	186	19	481	2	8	0	50	500	500	0	500	500	0	
9.9496781127e+01	9	186	8	492	2	5	0	50	500	500	0	500	500	0	
9.9999762638e+01	9	189	17	483	1	4	0	50	500	500	0	500	500	0	
1.0049617474e+02	8	190	2	498	0	6	0	50	500	500	0	500	500	0	
1.0099844044e+02	6	193	26	474	1	6	0	50	500	500	0	500	500	0	
1.0149603155e+02	7	193	19	481	3	5	0	50	500	500	0	500	500	0	
1.0199991851e+02	6	194	24	476	3	3	0	50	500	500	0	500	500	0	
1.0249748030e+02	5	195	16	484	4	3	0	50	500	500	0	500	500	0	
1.0299880494e+02	6	195	21	479	3	6	0	50	500	500	0	500	500	0	
1.0349910726e+02	4	200	8	492	3	5	0	50	500	500	0	500	500	0	
1.0399227062e+02	4	200	10	490	4	6	0	50	500	500	0	500	500	0	
1.0449810401e+02	3	203	16	484	5	8	0	50	500	500	0	500	500	0	
1.0499845907e+02	3	203	15	485	3	13	0	50	500	500	0	500	500	0	
1.0549026951e+02	3	205	11	489	0	12	0	50	500	500	0	500	500	0	
1.0599892379e+02	3	205	12	488	3	6	0	50	500	500	0	500	500	0	
1.0649951759e+02	3	206	13	487	1	2	0	50	500	500	0	500	500	0	
1.0699838210e+02	4	206	3	497	5	2	0	50	500	500	0	500	500	0	
1.0749751133e+02	4	210	17	483	10	8	0	50	500	500	0	500	500	0	
1.0799037807e+02	6	209	13	487	3	11	0	50	500	500	0	500	500	0	
1.0849962489e+02	9	208	18	482	5	8	0	50	500	500	0	500	500	0	
1.0899794706e+02	10	208	13	487	4	8	0	50	500	500	0	500	500	0	
1.0949888926e+02	10	210	9	491	7	11	0	50	500	500	0	500	500	0	
1.0999988786e+02	8	210	20	480	3	10	0	50	500	500	0	500	500	0	
1.1049874807e+02	7	212	18	482	3	6	0	50	500	500	0	500	500	0	
1.1099970807e+02	6	215	15	485	3	3	0	50	500	500	0	500	500	0	
1.1149868040e+02	6	215	18	482	3	3	0	50	500	500	0	500	500	0	
1.1199320628e+02	4	217	8	492	3	0	0	50	500	500	0	500	500	0	
1.1249652779e+02	3	218	18	482	2	3	0	50	500	500	0	500	500	0	
1.1299882028e+02	3	218	17	483	5	3	0	50	500	500	0	500	500	0	
1.1349868486e+02	5	216	18	482	5	8	0	50	500	500	0	500	500	0	
1.1399923560e+02	8	215	16	484	4	5	0	50	500	500	0	500	500	0	
1.1449952412e+02	7	217	16	484	3	6	0	50	500	500	0	500	500	0	
1.1499897411e+02	5	221	8	492	3	5	0	50	500	500	0	500	500	0	
1.1549860015e+02	6	220	11	489	3	11	0	50	500	500	0	500	500	0	
1.1599807732e+02	5	222	11	489	2	6	0	50	500	500	0	500	500	0	
1.1649712959e+02	5	222	14	486	3	8	0	50	500	500	0	500	500	0	
1.1699587034e+02	4	224	15	485	5	1	0	50	500	500	0	500	500	0	
1.1749649393e+02	6	224	27	473	2	8	0	50	500	500	0	500	500	0	
1.1799928821e+02	7	226	18	482	6	3	0	50	500	500	0	500	500	0	
1.1849972962e+02	6	226	18	482	2	3	0	50	500	500	0	500	500	0	
1.1899310642e+02	5	228	14	486	6	0	0	50	500	500	0	500	500	0	
1.1949547782e+02	6	228	11	489	5	4	0	50	500	500	0	500	500	0	
1.1999271689e+02	6	228	14	486	3	6	0	50	500	500	0	500	500	0	
1.2049951792e+02	7	227	13	487	4	7	0	50	500	500	0	500	500	0	
1.2099797181e+02	8	228	9	491	4	3	0	50	500	500	0	500	500	0	
1.2149851844e+02	8	229	8	492	5	5	0	50	500	500	0	500	500	0	
1.2199904592e+02	9	230	14	486	7	3	0	50	500	500	0	500	500	0	
1.2249754412e+02	11	227	9	491	6	9	0	50	500	500	0	500	500	0	
1.2299636506e+02	12	226	14	486	7	7	0	50	500	500	0	500	500	0	
1.2349859329e+02	10	228	9	491	2	8	0	50	500	500	0	500	500	0	
1.2399035119e+02	10	231	10	490	1	2	0	50	500	500	0	500	500	0	
1.2449603598e+02	9	232	6	494	3	4	0	50	500	500	0	500	500	0	
1.2499462234e+02	9	232	5	495	4	7	0	50	500	500	0	500	500	0	
1.2549532893e+02	5	236	13	487	3	9	0	50	500	500	0	500	500	0	
1.2599992005e+02	5	236	9	491	3	12	0	50	500	500	0	500	500	0	
1.2649802446e+02	5	236	4	496	2	3	0	50	500	500	0	500	500	0	
1.2699376220e+02	8	234	12	488	0	2	0	50	500	500	0	500	500	0	
1.2749951980e+02	8	234	10	490	4	9	0	50	500	500	0	500	500	0	
1.2799776400e+02	8	235	13	487	4	3	0	50	500	500	0	500	500	0	
1.2849771493e+02	8	236	18	482	2	2	0	50	500	500	0	500	500	0	
1.2899932952e+02	6	238	16	484	1	3	0	50	500	500	0	500	500	0	
1.2949944151e+02	4	241	11	489	1	8	0	50	500	500	0	500	500	0	
1.2999371991e+02	3	242	8	492	6	8	0	50	500	500	0	500	500	0	
1.3049667860e+02	4	243	15	485	3	5	0	50	500	500	0	500	500	0	
1.3099849320e+02	6	241	15	485	4	2	0	50	500	500	0	500	500	0	
1.3149815824e+02	5	243	21	479	5	6	0	50	500	500	0	500	500	0	
1.3199808753e+02	4	245	18	482	1	2	0	50	500	500	0	500	500	0	
1.3249384214e+02	4	247	13	487	0	3	0	50	500	500	0	500	500	0	
1.3299930391e+02	3	247	8	492	3	3	0	50	500	500	0	500	500	0	
1.3349812208e+02	4	247	13	487	3	8	0	50	500	500	0	500	500	0	
1.3399092424e+02	7	245	11	489	5	4	0	50	500	500	0	500	500	0	
1.3449954940e+02	5	248	18	482	4	6	0	50	500	500	0	500	500	0	
1.3499130001e+02	7	246	12	488	6	7	0	50	500	500	0	500	500	0	
1.3549994065e+02	6	247	8	492	6	10	0	50	500	500	0	500	500	0	
1.3599958834e+02	4	250	13	487	3	6	0	50	500	500	0	500	500	0	
1.3649734725e+02	2	253	11	489	3	4	0	50	500	500	0	500	500	0	
1.3699853569e+02	5	253	13	487	4	3	0	50	500	500	0	500	500	0	
1.3749841458e+02	6	252	7	493	6	6	0	50	500	500	0	500	500	0	
1.3799695139e+02	12	248	6	494	2	7	0	50	500	500	0	500	500	0	
1.3849879857e+02	10	251	20	480	1	6	0	50	500	500	0	500	500	0	
1.3899816718e+02	11	251	7	493	4	6	0	50	500	500	0	500	500	0	
1.3949908828e+02	9	257	13	487	4	6	0	50	500	500	0	500	500	0	
1.3999710621e+02	10	256	7	493	7	4	0	50	500	500	0	500	500	0	
1.4049922786e+02	11	257	8	492	6	5	0	50	500	500	0	500	500	0	
1.4099850788e+02	7	260	15	485	0	6	0	50	500	500	0	500	500	0	
1.4149448962e+02	8	260	11	489	5	8	0	50	500	500	0	500	500	0	
1.4199996403e+02	8	259	13	487	2	8	0	50	500	500	0	500	500	0	
1.4249862607e+02	7	261	12	488	4	6	0	50	500	500	0	500	500	0	
1.4299798935e+02	7	261	14	486	2	11	0	50	500	500	0	500	500	0	
1.4349762637e+02	7	262	11	489	2	13	0	50	500	500	0	500	500	0	
1.4399997374e+02	7	262	11	489	5	10	0	50	500	500	0	500	500	0	
1.4449725450e+02	9	260	9	491	2	8	0	50	500	500	0	500	500	0	
1.4499708367e+02	8	261	10	490	4	2	0	50	500	500	0	500	500	0	
1.4549932364e+02	7	262	10	490	5	5	0	50	500	500	0	500	500	0	
1.4599907704e+02	5	268	5	495	2	7	0	50	500	500	0	500	500	0	
1.4649955477e+02	9	265	13	487	5	6	0	50	500	500	0	500	500	0	
1.4699781066e+02	13	263	9	491	4	6	0	50	500	500	0	500	500	0	
1.4749747849e+02	16	260	9	491	2	6	0	50	500	500	0	500	500	0	
1.4799457537e+02	19	259	15	485	7	4	0	50	500	500	0	500	500	0	
1.4849621071e+02	14	262	9	491	7	7	0	50	500	500	0	500	500	0	
1.4899853787e+02	8	271	7	493	5	5	0	50	500	500	0	500	500	0	
1.4948435606e+02	7	272	11	489	1	5	0	50	500	500	0	500	500	0	
1.4998781928e+02	7	274	7	493	3	10	0	50	500	500	0	500	500	0	
1.5049398407e+02	10	272	11	489	1	8	0	50	500	500	0	500	500	0	
1.5099402260e+02	10	272	13	487	2	3	0	50	500	500	0	500	500	0	
1.5149771574e+02	7	277	15	485	4	1	0	50	500	500	0	500	500	0	
1.5199312330e+02	7	276	15	485	2	1	0	50	500	500	0	500	500	0	
1.5249252180e+02	4	281	4	496	3	8	0	50	500	500	0	500	500	0	
1.5299924324e+02	4	281	13	487	7	9	0	50	500	500	0	500	500	0	
1.5349434393e+02	5	281	10	490	0	2	0	50	500	500	0	500	500	0	
1.5399929727e+02	5	281	2	498	1	6	0	50	500	500	0	500	500	0	
1.5449881324e+02	5	282	5	495	4	4	0	50	500	500	0	500	500	0	
1.5499490230e+02	7	280	10	490	3	3	0	50	500	500	0	500	500	0	
1.5549994763e+02	9	282	6	494	3	4	0	50	500	500	0	500	500	0	
1.5599852211e+02	10	281	5	495	7	5	0	50	500	500	0	500	500	0	
1.5649903284e+02	9	283	9	491	3	8	0	50	500	500	0	500	500	0	
1.5699325737e+02	13	279	11	489	4	5	0	50	500	500	0	500	500	0	
1.5749930313e+02	11	283	14	486	1	6	0	50	500	500	0	500	500	0	
1.5799981721e+02	9	286	9	491	3	3	0	50	500	500	0	500	500	0	
1.5849944364e+02	9	287	13	487	4	8	0	50	500	500	0	500	500	0	
1.5899937707e+02	8	291	7	493	2	5	0	50	500	500	0	500	500	0	
1.5949150957e+02	7	291	9	491	3	2	0	50	500	500	0	500	500	0	
1.5999278292e+02	7	290	10	490	3	4	0	50	500	500	0	500	500	0	
1.6049752179e+02	6	293	7	493	5	8	0	50	500	500	0	500	500	0	
1.6099549951e+02	5	293	10	490	4	6	0	50	500	500	0	500	500	0	
1.6149901774e+02	8	293	8	492	8	7	0	50	500	500	0	500	500	0	
1.6199427420e+02	8	296	17	483	5	8	0	50	500	500	0	500	500	0	
1.6249718932e+02	10	294	5	495	3	7	0	50	500	500	0	500	500	0	
1.6299897632e+02	10	295	6	494	5	4	0	50	500	500	0	500	500	0	
1.6349581074e+02	8	297	6	494	7	8	0	50	500	500	0	500	500	0	
1.6399576058e+02	8	297	7	493	2	5	0	50	500	500	0	500	500	0	
1.6449861535e+02	7	298	7	493	3	10	0	50	500	500	0	500	500	0	
1.6499787436e+02	5	299	13	487	3	6	0	50	500	500	0	500	500	0	
1.6549655265e+02	5	298	4	496	5	8	0	50	500	500	0	500	500	0	
1.6599974892e+02	6	299	6	494	3	7	0	50	500	500	0	500	500	0	
1.6649994544e+02	6	298	13	487	2	6	0	50	500	500	0	500	500	0	
1.6699726075e+02	6	300	12	488	5	6	0	50	500	500	0	500	500	0	
1.6748219171e+02	6	300	9	491	6	6	0	50	500	500	0	500	500	0	
1.6799423855e+02	6	302	11	489	2	5	0	50	500	500	0	500	500	0	
1.6849939687e+02	3	305	8	492	2	5	0	50	500	500	0	500	500	0	
1.6899653018e+02	3	305	10	490	1	5	0	50	500	500	0	500	500	0	
1.6949777025e+02	3	306	16	484	2	7	0	50	500	500	0	500	500	0	
1.6999717625e+02	3	306	8	492	1	5	0	50	500	500	0	500	500	0	
1.7049946167e+02	4	304	8	492	4	2	0	50	500	500	0	500	500	0	
1.7099553579e+02	4	305	7	493	4	5	0	50	500	500	0	500	500	0	
1.7149975363e+02	6	302	9	491	6	3	0	50	500	500	0	500	500	0	
1.7199575819e+02	8	300	10	490	5	6	0	50	500	500	0	500	500	0	
1.7249860380e+02	8	301	2	498	3	7	0	50	500	500	0	500	500	0	
1.7299904814e+02	6	302	6	494	3	6	0	50	500	500	0	500	500	0	
1.7349899148e+02	5	302	8	492	6	5	0	50	500	500	0	500	500	0	
1.7399793056e+02	6	301	10	490	3	7	0	50	500	500	0	500	500	0	
1.7449959849e+02	6	302	5	495	7	8	0	50	500	500	0	500	500	0	
1.7499760947e+02	9	300	10	490	5	7	0	50	500	500	0	500	500	0	
1.7549921016e+02	11	296	11	489	5	8	0	50	500	500	0	500	500	0	
1.7599608605e+02	16	292	10	490	2	4	0	50	500	500	0	500	500	0	
1.7648812972e+02	13	296	5	495	2	7	0	50	500	500	0	500	500	0	
1.7699871136e+02	12	298	4	496	3	5	0	50	500	500	0	500	500	0	
1.7749860887e+02	10	300	9	491	0	7	0	50	500	500	0	500	500	0	
1.7799911276e+02	7	304	5	495	6	6	0	50	500	500	0	500	500	0	
1.7849733928e+02	4	307	12	488	1	3	0	50	500	500	0	500	500	0	
1.7899969597e+02	4	305	11	489	3	5	0	50	500	500	0	500	500	0	
1.7949984554e+02	5	305	8	492	2	11	0	50	500	500	0	500	500	0	
1.7999983377e+02	6	307	7	493	5	8	0	50	500	500	0	500	500	0	
1.8049294596e+02	10	302	5	495	4	9	0	50	500	500	0	500	500	0	
1.8099337233e+02	9	304	8	492	6	5	0	50	500	500	0	500	500	0	
1.8149692419e+02	7	307	9	491	4	11	0	50	500	500	0	500	500	0	
1.8199771198e+02	7	309	13	487	8	7	0	50	500	500	0	500	500	0	
1.8249990881e+02	6	314	9	491	4	9	0	50	500	500	0	500	500	0	
1.8299936586e+02	9	311	6	494	0	8	0	50	500	500	0	500	500	0	
1.8349644910e+02	8	312	8	492	7	6	0	50	500	500	0	500	500	0	
1.8399939418e+02	8	312	7	493	4	3	0	50	500	500	0	500	500	0	
1.8449675092e+02	7	313	11	489	2	3	0	50	500	500	0	500	500	0	
1.8499942091e+02	6	315	3	497	5	7	0	50	500	500	0	500	500	0	
1.8549956389e+02	8	314	13	487	2	9	0	50	500	500	0	500	500	0	
1.8599849302e+02	7	316	15	485	5	6	0	50	500	500	0	500	500	0	
1.8649816417e+02	5	316	9	491	3	7	0	50	500	500	0	500	500	0	
1.8699986435e+02	4	318	7	493	4	4	0	50	500	500	0	500	500	0	
1.8749986930e+02	5	316	10	490	4	6	0	50	500	500	0	500	500	0	
1.8799587867e+02	5	317	4	496	4	3	0	50	500	500	0	500	500	0	
1.8849677765e+02	5	318	5	495	0	7	0	50	500	500	0	500	500	0	
1.8899954911e+02	7	318	11	489	4	4	0	50	500	500	0	500	500	0	
1.8949340419e+02	10	314	10	490	4	5	0	50	500	500	0	500	500	0	
1.8999787338e+02	9	316	6	494	2	7	0	50	500	500	0	500	500	0	
1.9049588945e+02	8	317	5	495	3	6	0	50	500	500	0	500	500	0	
1.9099898567e+02	5	321	12	488	2	4	0	50	500	500	0	500	500	0	
1.9149814924e+02	2	327	6	494	1	6	0	50	500	500	0	500	500	0	
1.9199857266e+02	2	328	12	488	1	6	0	50	500	500	0	500	500	0	
1.9249878410e+02	3	327	6	494	7	11	0	50	500	500	0	500	500	0	
1.9299872976e+02	8	323	10	490	6	5	0	50	500	500	0	500	500	0	
1.9349995596e+02	9	322	6	494	2	6	0	50	500	500	0	500	500	0	
1.9399900888e+02	8	324	10	490	3	10	0	50	500	500	0	500	500	0	
1.9449870278e+02	5	327	2	498	7	6	0	50	500	500	0	500	500	0	
1.9499913105e+02	4	329	11	489	3	9	0	50	500	500	0	500	500	0	
1.9549870582e+02	5	330	7	493	5	3	0	50	500	500	0	500	500	0	
1.9599331935e+02	8	327	9	491	10	8	0	50	500	500	0	500	500	0	
1.9649949924e+02	9	328	14	486	4	7	0	50	500	500	0	500	500	0	
1.9699667623e+02	11	326	7	493	9	7	0	50	500	500	0	500	500	0	
1.9749746727e+02	10	328	7	493	3	5	0	50	500	500	0	500	500	0	
1.9799888282e+02	7	332	6	494	3	7	0	50	500	500	0	500	500	0	
1.9849853421e+02	8	330	11	489	6	4	0	50	500	500	0	500	500	0	
1.9899858283e+02	10	330	11	489	3	4	0	50	500	500	0	500	500	0	
1.9949896642e+02	10	331	5	495	8	8	0	50	500	500	0	500	500	0	
1.9999781159e+02	12	329	11	489	7	8	0	50	500	500	0	500	500	0	
2.0049770156e+02	15	326	9	491	2	6	0	50	500	500	0	500	500	0	
2.0099847107e+02	15	326	8	492	3	9	0	50	500	500	0	500	500	0	
2.0149900078e+02	15	327	13	487	4	3	0	50	500	500	0	500	500	0	
2.0199608340e+02	15	327	7	493	3	5	0	50	500	500	0	500	500	0	
2.0249966385e+02	10	331	10	490	1	1	0	50	500	500	0	500	500	0	
2.0299982804e+02	7	333	10	490	1	4	0	50	500	500	0	500	500	0	
2.0349565269e+02	7	335	3	497	3	6	0	50	500	500	0	500	500	0	
2.0399807753e+02	9	335	11	489	4	8	0	50	500	500	0	500	500	0	
2.0449770173e+02	5	341	9	491	3	6	0	50	500	500	0	500	500	0	
2.0499607514e+02	5	341	7	493	4	4	0	50	500	500	0	500	500	0	
2.0549757850e+02	6	339	11	489	2	4	0	50	500	500	0	500	500	0	
2.0599794213e+02	6	339	5	495	1	7	0	50	500	500	0	500	500	0	
2.0649876639e+02	8	339	7	493	4	7	0	50	500	500	0	500	500	0	
2.0699731159e+02	7	340	13	487	2	4	0	50	500	500	0	500	500	0	
2.0749899571e+02	7	340	2	498	5	6	0	50	500	500	0	500	500	0	
2.0799730235e+02	7	340	6	494	3	6	0	50	500	500	0	500	500	0	
2.0849828397e+02	11	337	7	493	7	4	0	50	500	500	0	500	500	0	
2.0899837278e+02	12	336	7	493	8	6	0	50	500	500	0	500	500	0	
2.0949674782e+02	10	337	13	487	3	5	0	50	500	500	0	500	500	0	
2.0999725415e+02	12	336	6	494	3	9	0	50	500	500	0	500	500	0	
2.1049811155e+02	11	339	6	494	4	4	0	50	500	500	0	500	500	0	
2.1099605633e+02	8	344	7	493	2	0	0	50	500	500	0	500	500	0	
2.1149372442e+02	8	346	2	498	2	1	0	50	500	500	0	500	500	0	
2.1199409700e+02	7	347	9	491	3	3	0	50	500	500	0	500	500	0	
2.1249924198e+02	10	344	9	491	4	3	0	50	500	500	0	500	500	0	
2.1299917375e+02	9	344	12	488	4	4	0	50	500	500	0	500	500	0	
2.1349892538e+02	9	345	3	497	2	8	0	50	500	500	0	500	500	0	
2.1399826532e+02	13	344	10	490	5	6	0	50	500	500	0	500	500	0	
2.1449961088e+02	13	346	8	492	2	11	0	50	500	500	0	500	500	0	
2.1499829998e+02	12	351	7	493	3	3	0	50	500	500	0	500	500	0	
2.1549830843e+02	9	356	8	492	3	9	0	50	500	500	0	500	500	0	
2.1599786940e+02	10	356	3	497	5	9	0	50	500	500	0	500	500	0	
2.1649534383e+02	12	355	5	495	4	3	0	50	500	500	0	500	500	0	
2.1699642078e+02	11	358	4	496	3	2	0	50	500	500	0	500	500	0	
2.1749516843e+02	8	362	6	494	5	6	0	50	500	500	0	500	500	0	
2.1799911444e+02	12	360	15	485	4	11	0	50	500	500	0	500	500	0	
2.1849707266e+02	8	363	4	496	7	3	0	50	500	500	0	500	500	0	
2.1899941053e+02	7	365	10	490	4	10	0	50	500	500	0	500	500	0	
2.1949945363e+02	8	362	6	494	4	5	0	50	500	500	0	500	500	0	
2.1999877681e+02	7	363	10	490	2	5	0	50	500	500	0	500	500	0	
2.2049049222e+02	7	363	15	485	0	2	0	50	500	500	0	500	500	0	
2.2099925209e+02	9	360	9	491	5	4	0	50	500	500	0	500	500	0	
2.2149789550e+02	11	358	6	494	4	5	0	50	500	500	0	500	500	0	
2.2199657731e+02	10	362	8	492	3	0	0	50	500	500	0	500	500	0	
2.2249995793e+02	11	362	4	496	3	3	0	50	500	500	0	500	500	0	
2.2299859769e+02	10	364	6	494	2	4	0	50	500	500	0	500	500	0	
2.2349804289e+02	13	360	5	495	1	4	0	50	500	500	0	500	500	0	
2.2399786750e+02	13	360	4	496	3	4	0	50	500	500	0	500	500	0	
2.2449908621e+02	12	363	11	489	4	4	0	50	500	500	0	500	500	0	
2.2499627204e+02	12	363	4	496	4	4	0	50	500	500	0	500	500	0	
2.2549914526e+02	13	362	4	496	4	7	0	50	500	500	0	500	500	0	
2.2599932233e+02	11	363	4	496	6	8	0	50	500	500	0	500	500	0	
2.2648825136e+02	11	362	5	495	4	7	0	50	500	500	0	500	500	0	
2.2699745532e+02	8	368	7	493	7	5	0	50	500	500	0	500	500	0	
2.2749877324e+02	13	363	6	494	3	10	0	50	500	500	0	500	500	0	
2.2799836377e+02	12	366	12	488	7	3	0	50	500	500	0	500	500	0	
2.2849651499e+02	11	368	8	492	3	3	0	50	500	500	0	500	500	0	
2.2899064544e+02	11	369	6	494	1	2	0	50	500	500	0	500	500	0	
2.2949721411e+02	9	372	7	493	2	5	0	50	500	500	0	500	500	0	
2.2999247798e+02	12	370	3	497	2	9	0	50	500	500	0	500	500	0	
2.3049547856e+02	12	371	10	490	3	7	0	50	500	500	0	500	500	0	
2.3099562027e+02	10	373	8	492	5	3	0	50	500	500	0	500	500	0	
2.3149880743e+02	10	374	6	494	7	3	0	50	500	500	0	500	500	0	
2.3199573610e+02	10	375	6	494	4	6	0	50	500	500	0	500	500	0	
2.3249457650e+02	10	375	11	489	1	6	0	50	500	500	0	500	500	0	
2.3299716725e+02	6	379	2	498	5	6	0	50	500	500	0	500	500	0	
2.3349998383e+02	5	382	3	497	4	7	0	50	500	500	0	500	500	0	
2.3399794290e+02	5	383	7	493	3	5	0	50	500	500	0	500	500	0	
2.3449818912e+02	8	380	5	495	5	7	0	50	500	500	0	500	500	0	
2.3499920448e+02	7	383	6	494	8	5	0	50	500	500	0	500	500	0	
2.3549790683e+02	8	383	10	490	4	7	0	50	500	500	0	500	500	0	
2.3599815977e+02	10	380	8	492	3	5	0	50	500	500	0	500	500	0	
2.3649437849e+02	11	378	5	495	2	7	0	50	500	500	0	500	500	0	
2.3699993742e+02	13	377	9	491	8	6	0	50	500	500	0	500	500	0	
2.3749958547e+02	14	379	10	490	9	9	0	50	500	500	0	500	500	0	
2.3799998635e+02	15	379	6	494	6	3	0	50	500	500	0	500	500	0	
2.3849818866e+02	13	382	7	493	4	6	0	50	500	500	0	500	500	0	
2.3899881845e+02	19	379	7	493	4	11	0	50	500	500	0	500	500	0	
2.3949817121e+02	19	380	7	493	8	6	0	50	500	500	0	500	500	0	
2.3999797745e+02	16	385	5	495	3	8	0	50	500	500	0	500	500	0	
2.4049648486e+02	16	385	4	496	2	7	0	50	500	500	0	500	500	0	
2.4099582175e+02	15	384	7	493	3	6	0	50	500	500	0	500	500	0	
2.4149773174e+02	14	385	6	494	4	6	0	50	500	500	0	500	500	0	
2.4199580506e+02	13	386	7	493	3	8	0	50	500	500	0	500	500	0	
2.4249543427e+02	15	384	6	494	4	7	0	50	500	500	0	500	500	0	
2.4299972779e+02	12	388	9	491	3	3	0	50	500	500	0	500	500	0	
2.4349890193e+02	7	393	3	497	3	12	0	50	500	500	0	500	500	0	
2.4399723355e+02	7	393	4	496	1	8	0	50	500	500	0	500	500	0	
2.4449952653e+02	10	390	10	490	8	5	0	50	500	500	0	500	500	0	
2.4499849118e+02	10	392	8	492	5	6	0	50	500	500	0	500	500	0	
2.4549474422e+02	9	398	9	491	4	8	0	50	500	500	0	500	500	0	
2.4599183590e+02	11	397	6	494	5	7	0	50	500	500	0	500	500	0	
2.4649843258e+02	11	398	7	493	4	6	0	50	500	500	0	500	500	0	
2.4699392838e+02	12	401	7	493	4	8	0	50	500	500	0	500	500	0	
2.4749623302e+02	11	402	7	493	7	5	0	50	500	500	0	500	500	0	
2.4799876054e+02	11	403	10	490	5	7	0	50	500	500	0	500	500	0	
2.4849742287e+02	11	405	4	496	3	9	0	50	500	500	0	500	500	0	
2.4899791175e+02	10	407	9	491	4	6	0	50	500	500	0	500	500	0	
2.4949898565e+02	11	406	6	494	1	10	0	50	500	500	0	500	500	0	
2.4999658634e+02	8	409	5	495	4	7	0	50	500	500	0	500	500	0	
2.5049834308e+02	7	411	1	499	3	8	0	50	500	500	0	500	500	0	
2.5099596155e+02	9	411	5	495	4	5	0	50	500	500	0	500	500	0	
2.5149983970e+02	8	413	12	488	2	4	0	50	500	500	0	500	500	0	
2.5199827985e+02	5	416	8	492	2	3	0	50	500	500	0	500	500	0	
2.5249976465e+02	6	415	10	490	4	2	0	50	500	500	0	500	500	0	
2.5299861183e+02	10	413	5	495	5	7	0	50	500	500	0	500	500	0	
2.5349821761e+02	9	413	6	494	4	10	0	50	500	500	0	500	500	0	
2.5399877835e+02	7	416	9	491	4	6	0	50	500	500	0	500	500	0	
2.5449673600e+02	10	414	6	494	2	4	0	50	500	500	0	500	500	0	
2.5499992232e+02	9	414	7	493	1	8	0	50	500	500	0	500	500	0	
2.5549847086e+02	7	416	0	500	1	4	0	50	500	500	0	500	500	0	
2.5599948309e+02	7	417	11	489	4	1	0	50	500	500	0	500	500	0	
2.5649961357e+02	9	416	3	497	8	6	0	50	500	500	0	500	500	0	
2.5699833041e+02	10	417	6	494	5	7	0	50	500	500	0	500	500	0	
2.5749994911e+02	12	416	3	497	2	9	0	50	500	500	0	500	500	0	
2.5799591171e+02	16	412	8	492	6	4	0	50	500	500	0	500	500	0	
2.5849943300e+02	13	415	8	492	6	4	0	50	500	500	0	500	500	0	
2.5899967661e+02	10	418	3	497	5	5	0	50	500	500	0	500	500	0	
2.5949650229e+02	11	417	9	491	2	7	0	50	500	500	0	500	500	0	
2.5999538100e+02	11	416	4	496	1	5	0	50	500	500	0	500	500	0	
2.6049975908e+02	8	418	4	496	3	5	0	50	500	500	0	500	500	0	
2.6099869121e+02	10	416	10	490	3	4	0	50	500	500	0	500	500	0	
2.6149822752e+02	14	412	8	492	3	8	0	50	500	500	0	500	500	0	
2.6199473031e+02	12	414	9	491	4	9	0	50	500	500	0	500	500	0	
2.6249839473e+02	12	415	4	496	1	5	0	50	500	500	0	500	500	0	
2.6299975349e+02	9	418	9	491	4	4	0	50	500	500	0	500	500	0	
2.6349569744e+02	12	415	10	490	6	3	0	50	500	500	0	500	500	0	
2.6399932112e+02	13	414	8	492	7	2	0	50	500	500	0	500	500	0	
2.6449923405e+02	12	414	4	496	5	4	0	50	500	500	0	500	500	0	
2.6499724330e+02	8	418	6	494	4	7	0	50	500	500	0	500	500	0	
2.6549818373e+02	12	413	5	495	10	3	0	50	500	500	0	500	500	0	
2.6599869371e+02	14	410	5	495	3	8	0	50	500	500	0	500	500	0	
2.6649985511e+02	11	414	4	496	5	6	0	50	500	500	0	500	500	0	
2.6699947437e+02	14	411	9	491	3	5	0	50	500	500	0	500	500	0	
2.6749954148e+02	12	414	6	494	4	8	0	50	500	500	0	500	500	0	
2.6799831399e+02	13	414	7	493	5	3	0	50	500	500	0	500	500	0	
2.6849860249e+02	14	413	6	494	6	7	0	50	500	500	0	500	500	0	
2.6899491771e+02	14	416	7	493	4	3	0	50	500	500	0	500	500	0	
2.6949626442e+02	14	415	5	495	6	8	0	50	500	500	0	500	500	0	
2.6999991675e+02	13	416	4	496	2	4	0	50	500	500	0	500	500	0	
2.7049842434e+02	10	419	6	494	1	5	0	50	500	500	0	500	500	0	
2.7099969681e+02	7	422	2	498	2	2	0	50	500	500	0	500	500	0	
2.7149942822e+02	7	421	5	495	7	6	0	50	500	500	0	500	500	0	
2.7199568094e+02	6	424	9	491	6	8	0	50	500	500	0	500	500	0	
2.7249845494e+02	6	424	11	489	6	4	0	50	500	500	0	500	500	0	
2.7299950924e+02	5	426	9	491	2	6	0	50	500	500	0	500	500	0	
2.7349958937e+02	7	425	8	492	5	5	0	50	500	500	0	500	500	0	
2.7399889112e+02	9	424	7	493	7	7	0	50	500	500	0	500	500	0	
2.7449632887e+02	11	424	6	494	5	4	0	50	500	500	0	500	500	0	
2.7499956459e+02	10	428	5	495	6	3	0	50	500	500	0	500	500	0	
2.7549332839e+02	9	430	6	494	1	10	0	50	500	500	0	500	500	0	
2.7599693337e+02	6	434	4	496	4	8	0	50	500	500	0	500	500	0	
2.7649999005e+02	10	431	7	493	10	5	0	50	500	500	0	500	500	0	
2.7699268534e+02	11	431	9	491	3	6	0	50	500	500	0	500	500	0	
2.7749872502e+02	14	428	10	490	4	5	0	50	500	500	0	500	500	0	
2.7799664515e+02	13	428	6	494	6	5	0	50	500	500	0	500	500	0	
2.7849797486e+02	12	430	7	493	6	7	0	50	500	500	0	500	500	0	
2.7899480443e+02	10	431	11	489	10	6	0	50	500	500	0	500	500	0	
2.7949756410e+02	10	431	5	495	8	6	0	50	500	500	0	500	500	0	
2.7999246715e+02	12	429	6	494	4	7	0	50	500	500	0	500	500	0	
2.8049630241e+02	13	428	6	494	3	10	0	50	500	500	0	500	500	0	
2.8099722587e+02	13	428	6	494	1	6	0	50	500	500	0	500	500	0	
2.8149859506e+02	16	427	7	493	6	5	0	50	500	500	0	500	500	0	
2.8199912954e+02	13	430	4	496	3	5	0	50	500	500	0	500	500	0	
2.8249337823e+02	12	431	8	492	5	7	0	50	500	500	0	500	500	0	
2.8299663647e+02	10	436	4	496	2	4	0	50	500	500	0	500	500	0	
2.8349971975e+02	9	436	1	499	3	8	0	50	500	500	0	500	500	0	
2.8399513739e+02	8	437	9	491	5	6	0	50	500	500	0	500	500	0	
2.8449818323e+02	9	435	8	492	4	5	0	50	500	500	0	500	500	0	
2.8499994026e+02	11	433	8	492	3	8	0	50	500	500	0	500	500	0	
2.8549792410e+02	16	427	4	496	5	5	0	50	500	500	0	500	500	0	
2.8599497289e+02	19	426	3	497	4	6	0	50	500	500	0	500	500	0	
2.8648770273e+02	15	431	2	498	4	9	0	50	500	500	0	500	500	0	
2.8699850888e+02	19	429	6	494	6	4	0	50	500	500	0	500	500	0	
2.8749805644e+02	19	427	5	495	7	6	0	50	500	500	0	500	500	0	
2.8799929254e+02	19	427	5	495	3	6	0	50	500	500	0	500	500	0	
2.8849330810e+02	18	427	5	495	5	8	0	50	500	500	0	500	500	0	
2.8899852230e+02	16	430	7	493	9	4	0	50	500	500	0	500	500	0	
2.8949790321e+02	12	435	7	493	3	6	0	50	500	500	0	500	500	0	
2.8999815847e+02	8	438	9	491	4	5	0	50	500	500	0	500	500	0	
2.9049956446e+02	5	443	5	495	6	2	0	50	500	500	0	500	500	0	
2.9099623314e+02	9	439	6	494	5	6	0	50	500	500	0	500	500	0	
2.9149820263e+02	10	439	2	498	3	5	0	50	500	500	0	500	500	0	
2.9199955901e+02	8	441	3	497	4	5	0	50	500	500	0	500	500	0	
2.9249695246e+02	11	443	4	496	5	4	0	50	500	500	0	500	500	0	
2.9299980830e+02	14	442	2	498	2	7	0	50	500	500	0	500	500	0	
2.9349907761e+02	14	442	5	495	2	5	0	50	500	500	0	500	500	0	
2.9399123661e+02	14	442	7	493	3	2	0	50	500	500	0	500	500	0	
2.9449586303e+02	11	447	4	496	0	4	0	50	500	500	0	500	500	0	
2.9499524042e+02	12	447	3	497	4	7	0	50	500	500	0	500	500	0	
2.9549891137e+02	14	446	6	494	2	5	0	50	500	500	0	500	500	0	
2.9599947366e+02	16	446	5	495	3	7	0	50	500	500	0	500	500	0	
2.9649857366e+02	18	445	7	493	5	5	0	50	500	500	0	500	500	0	
2.9699508078e+02	17	446	4	496	4	5	0	50	500	500	0	500	500	0	
2.9749932503e+02	15	450	5	495	1	3	0	50	500	500	0	500	500	0	
2.9799879821e+02	12	454	6	494	4	5	0	50	500	500	0	500	500	0	
2.9849930865e+02	7	459	3	497	2	5	0	50	500	500	0	500	500	0	
2.9899587722e+02	8	458	5	495	3	7	0	50	500	500	0	500	500	0	
2.9949892163e+02	10	455	4	496	6	6	0	50	500	500	0	500	500	0	
2.9999711771e+02	12	453	11	489	7	4	0	50	500	500	0	500	500	0	
3.0049711627e+02	10	455	4	496	3	12	0	50	500	500	0	500	500	0	
3.0099816716e+02	8	456	6	494	2	5	0	50	500	500	0	500	500	0	
3.0149453924e+02	5	459	2	498	1	8	0	50	500	500	0	500	500	0	
3.0199864105e+02	2	463	9	491	7	4	0	50	500	500	0	500	500	0	
3.0249841847e+02	3	463	10	490	1	9	0	50	500	500	0	500	500	0	
3.0299734486e+02	3	463	4	496	4	7	0	50	500	500	0	500	500	0	
3.0349970797e+02	5	462	8	492	3	5	0	50	500	500	0	500	500	0	
3.0399731768e+02	10	456	3	497	3	3	0	50	500	500	0	500	500	0	
3.0449806108e+02	7	459	4	496	3	7	0	50	500	500	0	500	500	0	
3.0499168574e+02	9	458	7	493	4	5	0	50	500	500	0	500	500	0	
3.0549720952e+02	9	460	2	498	5	3	0	50	500	500	0	500	500	0	
3.0599907206e+02	7	463	4	496	5	8	0	50	500	500	0	500	500	0	
3.0649979047e+02	9	461	3	497	4	9	0	50	500	500	0	500	500	0	
3.0699372977e+02	7	464	6	494	5	3	0	50	500	500	0	500	500	0	
3.0749640014e+02	10	461	7	493	3	6	0	50	500	500	0	500	500	0	
3.0799763907e+02	10	461	5	495	3	12	0	50	500	500	0	500	500	0	
3.0849927095e+02	9	462	11	489	10	5	0	50	500	500	0	500	500	0	
3.0899946784e+02	12	458	12	488	3	10	0	50	500	500	0	500	500	0	
3.0949903188e+02	13	456	5	495	3	11	0	50	500	500	0	500	500	0	
3.0999932341e+02	12	458	7	493	3	7	0	50	500	500	0	500	500	0	
3.1049971576e+02	14	456	7	493	1	6	0	50	500	500	0	500	500	0	
3.1099509204e+02	16	454	3	497	7	6	0	50	500	500	0	500	500	0	
3.1149849827e+02	14	455	3	497	7	6	0	50	500	500	0	500	500	0	
3.1199959306e+02	12	458	3	497	3	1	0	50	500	500	0	500	500	0	
3.1249986774e+02	9	465	6	494	2	1	0	50	500	500	0	500	500	0	
3.1299929225e+02	9	465	7	493	3	6	0	50	500	500	0	500	500	0	
3.1349542045e+02	10	464	1	499	2	5	0	50	500	500	0	500	500	0	
3.1399863747e+02	11	462	9	491	4	5	0	50	500	500	0	500	500	0	
3.1449946538e+02	9	465	5	495	4	6	0	50	500	500	0	500	500	0	
3.1499768607e+02	9	466	3	497	8	10	0	50	500	500	0	500	500	0	
3.1549836809e+02	12	462	6	494	5	5	0	50	500	500	0	500	500	0	
3.1599929470e+02	12	461	4	496	7	4	0	50	500	500	0	500	500	0	
3.1649730858e+02	15	461	9	491	4	6	0	50	500	500	0	500	500	0	
3.1699668374e+02	17	460	4	496	4	11	0	50	500	500	0	500	500	0	
3.1749987631e+02	14	463	5	495	6	5	0	50	500	500	0	500	500	0	
3.1799898110e+02	15	462	3	497	7	7	0	50	500	500	0	500	500	0	
3.1849960039e+02	14	465	8	492	7	8	0	50	500	500	0	500	500	0	
3.1899605026e+02	12	468	7	493	6	6	0	50	500	500	0	500	500	0	
3.1949811826e+02	9	475	6	494	4	8	0	50	500	500	0	500	500	0	
3.1998946819e+02	11	475	7	493	6	4	0	50	500	500	0	500	500	0	
3.2049940333e+02	12	474	7	493	4	3	0	50	500	500	0	500	500	0	
3.2099953235e+02	10	477	1	499	5	2	0	50	500	500	0	500	500	0	
3.2149977433e+02	11	476	9	491	4	9	0	50	500	500	0	500	500	0	
3.2199942872e+02	12	476	3	497	9	5	0	50	500	500	0	500	500	0	
3.2249888910e+02	9	479	7	493	4	12	0	50	500	500	0	500	500	0	
3.2299909641e+02	6	485	12	488	4	6	0	50	500	500	0	500	500	0	
3.2349871224e+02	7	485	5	495	2	5	0	50	500	500	0	500	500	0	
3.2399985016e+02	10	481	5	495	3	4	0	50	500	500	0	500	500	0	
3.2449872746e+02	7	484	2	498	3	8	0	50	500	500	0	500	500	0	
3.2499971070e+02	7	483	10	490	4	4	0	50	500	500	0	500	500	0	
3.2549632920e+02	6	484	10	490	3	4	0	50	500	500	0	500	500	0	
3.2599918888e+02	9	481	9	491	5	4	0	50	500	500	0	500	500	0	
3.2649994663e+02	10	480	6	494	7	8	0	50	500	500	0	500	500	0	
3.2699950499e+02	10	480	5	495	3	3	0	50	500	500	0	500	500	0	
3.2749839390e+02	10	482	5	495	5	3	0	50	500	500	0	500	500	0	
3.2799887862e+02	9	485	3	497	4	1	0	50	500	500	0	500	500	0	
3.2849995692e+02	8	487	10	490	6	12	0	50	500	500	0	500	500	0	
3.2899866675e+02	9	486	10	490	6	5	0	50	500	500	0	500	500	0	
3.2949954545e+02	10	485	7	493	1	6	0	50	500	500	0	500	500	0	
3.2999903645e+02	10	486	6	494	5	3	0	50	500	500	0	500	500	0	
3.3049693917e+02	13	484	7	493	3	5	0	50	500	500	0	500	500	0	
3.3099886662e+02	11	486	8	492	3	4	0	50	500	500	0	500	500	0	
3.3149667684e+02	7	491	6	494	4	6	0	50	500	500	0	500	500	0	
3.3199977785e+02	12	486	5	495	7	9	0	50	500	500	0	500	500	0	
3.3249922842e+02	14	484	7	493	5	8	0	50	500	500	0	500	500	0	
3.3299999130e+02	11	489	7	493	6	7	0	50	500	500	0	500	500	0	
3.3349994163e+02	10	491	5	495	7	9	0	50	500	500	0	500	500	0	
3.3399629439e+02	11	490	9	491	3	7	0	50	500	500	0	500	500	0	
3.3449997006e+02	12	491	5	495	2	9	0	50	500	500	0	500	500	0	
3.3499492090e+02	15	488	4	496	8	9	0	50	500	500	0	500	500	0	
3.3549771962e+02	14	487	7	493	1	6	0	50	500	500	0	500	500	0	
3.3599726085e+02	17	484	7	493	2	8	0	50	500	500	0	500	500	0	
3.3649596519e+02	17	486	4	496	6	7	0	50	500	500	0	500	500	0	
3.3699924712e+02	14	491	8	492	3	6	0	50	500	500	0	500	500	0	
3.3749961793e+02	17	488	3	497	2	8	0	50	500	500	0	500	500	0	
3.3799938735e+02	15	490	8	492	5	3	0	50	500	500	0	500	500	0	
3.3849849357e+02	12	494	3	497	6	5	0	50	500	500	0	500	500	0	
3.3899727034e+02	13	493	5	495	3	6	0	50	500	500	0	500	500	0	
3.3949680049e+02	15	493	2	498	3	4	0	50	500	500	0	500	500	0	
3.3999879484e+02	12	495	5	495	1	4	0	50	500	500	0	500	500	0	
3.4049687832e+02	12	496	3	497	5	3	0	50	500	500	0	500	500	0	
3.4099984287e+02	14	497	0	500	6	4	0	50	500	500	0	500	500	0	
3.4149812304e+02	16	495	5	495	4	4	0	50	500	500	0	500	500	0	
3.4199253221e+02	13	500	11	489	4	4	0	50	500	500	0	500	500	0	
3.4249967140e+02	15	498	2	498	3	6	0	50	500	500	0	500	500	0	
3.4299366132e+02	14	500	9	491	3	7	0	50	500	500	0	500	500	0	
3.4349702262e+02	10	503	3	497	3	6	0	50	500	500	0	500	500	0	
3.4399888116e+02	9	503	6	494	5	4	0	50	500	500	0	500	500	0	
3.4449897484e+02	10	501	9	491	7	6	0	50	500	500	0	500	500	0	
3.4499644975e+02	11	501	3	497	6	9	0	50	500	500	0	500	500	0	
3.4549997456e+02	9	503	9	491	6	3	0	50	500	500	0	500	500	0	
3.4599939084e+02	12	500	7	493	6	8	0	50	500	500	0	500	500	0	
3.4649734979e+02	18	496	3	497	9	8	0	50	500	500	0	500	500	0	
3.4699901611e+02	16	499	2	498	5	6	0	50	500	500	0	500	500	0	
3.4748658366e+02	12	503	3	497	4	6	0	50	500	500	0	500	500	0	
3.4799892332e+02	8	508	9	491	3	5	0	50	500	500	0	500	500	0	
3.4849936606e+02	7	510	6	494	7	8	0	50	500	500	0	500	500	0	
3.4899890489e+02	8	510	12	488	5	7	0	50	500	500	0	500	500	0	
3.4949843048e+02	9	511	3	497	4	6	0	50	500	500	0	500	500	0	
3.4999805165e+02	11	509	1	499	0	6	0	50	500	500	0	500	500	0	
3.5049953024e+02	10	510	6	494	3	7	0	50	500	500	0	500	500	0	
3.5099917319e+02	6	512	3	497	5	5	0	50	500	500	0	500	500	0	
3.5149944683e+02	7	511	7	493	4	4	0	50	500	500	0	500	500	0	
3.5199900101e+02	11	507	1	499	11	8	0	50	500	500	0	500	500	0	
3.5249791542e+02	11	506	3	497	5	6	0	50	500	500	0	500	500	0	
3.5299962957e+02	15	503	4	496	8	9	0	50	500	500	0	500	500	0	
3.5349802497e+02	15	505	4	496	6	3	0	50	500	500	0	500	500	0	
3.5399835827e+02	13	505	10	490	4	4	0	50	500	500	0	500	500	0	
3.5449816824e+02	18	500	7	493	8	5	0	50	500	500	0	500	500	0	
3.5499986648e+02	18	500	7	493	3	12	0	50	500	500	0	500	500	0	
3.5549878603e+02	18	501	1	499	7	9	0	50	500	500	0	500	500	0	
3.5599969329e+02	20	499	7	493	3	5	0	50	500	500	0	500	500	0	
3.5649996445e+02	19	499	8	492	4	4	0	50	500	500	0	500	500	0	
3.5699643363e+02	17	500	5	495	1	2	0	50	500	500	0	500	500	0	
3.5749953244e+02	15	503	3	497	2	2	0	50	500	500	0	500	500	0	
3.5799556313e+02	14	504	2	498	5	5	0	50	500	500	0	500	500	0	
3.5849219740e+02	12	506	4	496	1	4	0	50	500	500	0	500	500	0	
3.5899578599e+02	13	508	3	497	2	1	0	50	500	500	0	500	500	0	
3.5949502430e+02	11	510	6	494	0	1	0	50	500	500	0	500	500	0	
3.5999722015e+02	10	511	6	494	1	4	0	50	500	500	0	500	500	0	
3.6049941441e+02	9	513	12	488	2	5	0	50	500	500	0	500	500	0	
3.6099617438e+02	8	514	3	497	4	4	0	50	500	500	0	500	500	0	
3.6149781367e+02	8	514	4	496	6	2	0	50	500	500	0	500	500	0	
3.6199996276e+02	9	513	5	495	3	6	0	50	500	500	0	500	500	0	
3.6249658695e+02	8	516	4	496	5	5	0	50	500	500	0	500	500	0	
3.6299947309e+02	8	518	11	489	5	8	0	50	500	500	0	500	500	0	
3.6349961399e+02	13	514	9	491	8	4	0	50	500	500	0	500	500	0	
3.6399969074e+02	14	513	3	497	4	3	0	50	500	500	0	500	500	0	
3.6449949182e+02	14	512	10	490	4	5	0	50	500	500	0	500	500	0	
3.6499915739e+02	13	515	5	495	4	10	0	50	500	500	0	500	500	0	
3.6549738443e+02	10	519	5	495	5	7	0	50	500	500	0	500	500	0	
3.6599615300e+02	12	517	0	500	5	3	0	50	500	500	0	500	500	0	
3.6649555699e+02	11	520	6	494	6	4	0	50	500	500	0	500	500	0	
3.6699506067e+02	11	521	7	493	3	2	0	50	500	500	0	500	500	0	
3.6749958261e+02	12	522	4	496	5	4	0	50	500	500	0	500	500	0	
3.6799946008e+02	12	525	1	499	5	7	0	50	500	500	0	500	500	0	
3.6849958932e+02	13	524	3	497	7	10	0	50	500	500	0	500	500	0	
3.6899988828e+02	11	527	4	496	4	4	0	50	500	500	0	500	500	0	
3.6949977594e+02	11	528	2	498	5	8	0	50	500	500	0	500	500	0	
3.6998397075e+02	10	529	2	498	3	4	0	50	500	500	0	500	500	0	
3.7049857379e+02	9	529	5	495	2	6	0	50	500	500	0	500	500	0	
3.7099704414e+02	9	530	4	496	6	7	0	50	500	500	0	500	500	0	
3.7149875171e+02	10	529	8	492	7	8	0	50	500	500	0	500	500	0	
3.7199702702e+02	15	524	4	496	3	17	0	50	500	500	0	500	500	0	
3.7249972571e+02	17	524	2	498	4	8	0	50	500	500	0	500	500	0	
3.7299980846e+02	15	527	3	497	4	5	0	50	500	500	0	500	500	0	
3.7349957468e+02	10	533	4	496	5	5	0	50	500	500	0	500	500	0	
3.7399859245e+02	8	535	1	499	4	4	0	50	500	500	0	500	500	0	
3.7449881246e+02	11	531	7	493	1	5	0	50	500	500	0	500	500	0	
3.7499979371e+02	12	531	8	492	3	6	0	50	500	500	0	500	500	0	
3.7549975946e+02	10	533	4	496	8	7	0	50	500	500	0	500	500	0	
3.7599787894e+02	6	536	5	495	5	10	0	50	500	500	0	500	500	0	
3.7649666382e+02	9	533	5	495	2	5	0	50	500	500	0	500	500	0	
3.7699962314e+02	8	532	9	491	4	3	0	50	500	500	0	500	500	0	
3.7749957056e+02	7	535	3	497	3	5	0	50	500	500	0	500	500	0	
3.7799871427e+02	9	533	3	497	6	5	0	50	500	500	0	500	500	0	
3.7849974959e+02	8	534	3	497	5	4	0	50	500	500	0	500	500	0	
3.7899840760e+02	10	535	4	496	2	6	0	50	500	500	0	500	500	0	
3.7949874068e+02	14	532	1	499	1	3	0	50	500	500	0	500	500	0	
3.7999976715e+02	12	536	4	496	3	7	0	50	500	500	0	500	500	0	
3.8049935961e+02	12	538	6	494	2	7	0	50	500	500	0	500	500	0	
3.8099433156e+02	15	536	2	498	4	3	0	50	500	500	0	500	500	0	
3.8149120492e+02	13	538	3	497	3	7	0	50	500	500	0	500	500	0	
3.8199795124e+02	15	537	8	492	5	5	0	50	500	500	0	500	500	0	
3.8249848430e+02	15	536	11	489	3	5	0	50	500	500	0	500	500	0	
3.8299995657e+02	16	534	4	496	6	6	0	50	500	500	0	500	500	0	
3.8349692578e+02	14	536	9	491	1	8	0	50	500	500	0	500	500	0	
3.8399922704e+02	13	538	3	497	2	8	0	50	500	500	0	500	500	0	
3.8449906778e+02	15	535	5	495	1	5	0	50	500	500	0	500	500	0	
3.8499883466e+02	11	539	3	497	7	6	0	50	500	500	0	500	500	0	
3.8549983508e+02	11	540	9	491	4	9	0	50	500	500	0	500	500	0	
3.8599675296e+02	10	540	3	497	7	2	0	50	500	500	0	500	500	0	
3.8649876525e+02	12	543	1	499	6	11	0	50	500	500	0	500	500	0	
3.8699818541e+02	14	540	5	495	8	6	0	50	500	500	0	500	500	0	
3.8749907912e+02	11	543	8	492	5	2	0	50	500	500	0	500	500	0	
3.8799976280e+02	9	548	8	492	3	6	0	50	500	500	0	500	500	0	
3.8849778748e+02	9	547	10	490	3	3	0	50	500	500	0	500	500	0	
3.8899841409e+02	7	550	5	495	2	4	0	50	500	500	0	500	500	0	
3.8949764185e+02	6	552	6	494	2	5	0	50	500	500	0	500	500	0	
3.8999894940e+02	8	551	2	498	8	3	0	50	500	500	0	500	500	0	
3.9049973938e+02	9	550	7	493	2	5	0	50	500	500	0	500	500	0	
3.9099906919e+02	10	551	3	497	3	7	0	50	500	500	0	500	500	0	
3.9149558543e+02	12	548	9	491	4	5	0	50	500	500	0	500	500	0	
3.9199492947e+02	11	551	0	500	2	4	0	50	500	500	0	500	500	0	
3.9249859954e+02	11	550	6	494	5	2	0	50	500	500	0	500	500	0	
3.9299989115e+02	15	545	3	497	5	3	0	50	500	500	0	500	500	0	
3.9349986877e+02	14	546	7	493	4	7	0	50	500	500	0	500	500	0	
3.9399738135e+02	17	543	1	499	5	11	0	50	500	500	0	500	500	0	
3.9449986707e+02	15	546	2	498	5	9	0	50	500	500	0	500	500	0	
3.9499814502e+02	13	547	4	496	2	10	0	50	500	500	0	500	500	0	
3.9549840450e+02	14	548	5	495	9	1	0	50	500	500	0	500	500	0	
3.9599917275e+02	11	553	2	498	3	5	0	50	500	500	0	500	500	0	
3.9649680549e+02	11	554	3	497	2	1	0	50	500	500	0	500	500	0	
3.9699670738e+02	14	551	4	496	2	11	0	50	500	500	0	500	500	0	
3.9749750846e+02	15	551	2	498	4	4	0	50	500	500	0	500	500	0	
3.9799834675e+02	14	551	8	492	4	7	0	50	500	500	0	500	500	0	
3.9849760231e+02	16	546	7	493	6	10	0	50	500	500	0	500	500	0	
3.9899986931e+02	13	549	3	497	6	3	0	50	500	500	0	500	500	0	
3.9949977588e+02	11	552	2	498	2	9	0	50	500	500	0	500	500	0	
3.9999913354e+02	6	557	6	494	5	4	0	50	500	500	0	500	500	0	
4.0049955351e+02	9	555	6	494	3	6	0	50	500	500	0	500	500	0	
4.0099712147e+02	6	558	5	495	6	3	0	50	500	500	0	500	500	0	
4.0149885797e+02	6	559	6	494	5	4	0	50	500	500	0	500	500	0	
4.0199846381e+02	5	558	7	493	2	6	0	50	500	500	0	500	500	0	
4.0249902682e+02	6	557	7	493	2	6	0	50	500	500	0	500	500	0	
4.0299452706e+02	8	555	4	496	2	4	0	50	500	500	0	500	500	0	
4.0349852214e+02	6	556	4	496	1	8	0	50	500	500	0	500	500	0	
4.0399658794e+02	7	556	4	496	5	7	0	50	500	500	0	500	500	0	
4.0449368793e+02	7	556	10	490	3	8	0	50	500	500	0	500	500	0	
4.0499802514e+02	6	556	5	495	2	7	0	50	500	500	0	500	500	0	
4.0549870954e+02	9	555	5	495	4	6	0	50	500	500	0	500	500	0	
4.0599820820e+02	8	556	7	493	6	6	0	50	500	500	0	500	500	0	
4.0649924886e+02	12	553	4	496	6	6	0	50	500	500	0	500	500	0	
4.0699992916e+02	10	557	3	497	6	3	0	50	500	500	0	500	500	0	
4.0749851358e+02	10	560	3	497	5	6	0	50	500	500	0	500	500	0	
4.0799548913e+02	9	561	1	499	4	6	0	50	500	500	0	500	500	0	
4.0849960175e+02	15	558	8	492	4	9	0	50	500	500	0	500	500	0	
4.0899508365e+02	11	560	4	496	7	3	0	50	500	500	0	500	500	0	
4.0949686732e+02	12	559	8	492	1	7	0	50	500	500	0	500	500	0	
4.0999909290e+02	12	558	5	495	2	6	0	50	500	500	0	500	500	0	
4.1049963234e+02	11	561	6	494	3	6	0	50	500	500	0	500	500	0	
4.1099531926e+02	13	559	1	499	1	5	0	50	500	500	0	500	500	0	
4.1149966053e+02	11	562	4	496	5	11	0	50	500	500	0	500	500	0	
4.1199604281e+02	8	566	7	493	9	3	0	50	500	500	0	500	500	0	
4.1249988004e+02	8	566	2	498	3	8	0	50	500	500	0	500	500	0	
4.1299827765e+02	9	566	5	495	8	5	0	50	500	500	0	500	500	0	
4.1349941435e+02	10	567	4	496	5	10	0	50	500	500	0	500	500	0	
4.1399686812e+02	11	564	4	496	4	4	0	50	500	500	0	500	500	0	
4.1448402728e+02	10	564	4	496	5	4	0	50	500	500	0	500	500	0	
4.1499826600e+02	9	564	4	496	5	5	0	50	500	500	0	500	500	0	
4.1549966264e+02	9	566	2	498	2	1	0	50	500	500	0	500	500	0	
4.1599491081e+02	8	567	1	499	2	2	0	50	500	500	0	500	500	0	
4.1649912677e+02	5	569	8	492	2	6	0	50	500	500	0	500	500	0	
4.1699566515e+02	5	571	6	494	1	8	0	50	500	500	0	500	500	0	
4.1749954495e+02	6	571	8	492	5	5	0	50	500	500	0	500	500	0	
4.1799996256e+02	5	573	3	497	7	8	0	50	500	500	0	500	500	0	
4.1849671640e+02	7	573	5	495	6	4	0	50	500	500	0	500	500	0	
4.1899923275e+02	7	572	6	494	3	3	0	50	500	500	0	500	500	0	
4.1949900774e+02	8	571	6	494	5	4	0	50	500	500	0	500	500	0	
4.1999818075e+02	10	568	4	496	5	3	0	50	500	500	0	500	500	0	
4.2049888541e+02	10	569	1	499	6	6	0	50	500	500	0	500	500	0	
4.2099944540e+02	11	569	4	496	2	5	0	50	500	500	0	500	500	0	
4.2149973823e+02	12	571	1	499	4	8	0	50	500	500	0	500	500	0	
4.2199200478e+02	16	566	4	496	5	7	0	50	500	500	0	500	500	0	
4.2249727041e+02	13	569	6	494	3	4	0	50	500	500	0	500	500	0	
4.2299965429e+02	14	569	5	495	3	3	0	50	500	500	0	500	500	0	
4.2349953211e+02	14	570	3	497	5	7	0	50	500	500	0	500	500	0	
4.2399672777e+02	11	574	6	494	2	8	0	50	500	500	0	500	500	0	
4.2449962137e+02	10	577	3	497	0	4	0	50	500	500	0	500	500	0	
4.2499166883e+02	7	579	3	497	1	6	0	50	500	500	0	500	500	0	
4.2549682242e+02	9	579	4	496	3	4	0	50	500	500	0	500	500	0	
4.2599972927e+02	10	580	4	496	4	4	0	50	500	500	0	500	500	0	
4.2649756626e+02	11	580	7	493	3	4	0	50	500	500	0	500	500	0	
4.2699772612e+02	16	575	5	495	3	9	0	50	500	500	0	500	500	0	
4.2749508466e+02	19	571	5	495	4	9	0	50	500	500	0	500	500	0	
4.2799653062e+02	19	573	2	498	6	4	0	50	500	500	0	500	500	0	
4.2849974728e+02	18	576	11	489	4	5	0	50	500	500	0	500	500	0	
4.2899825470e+02	16	578	3	497	5	0	0	50	500	500	0	500	500	0	
4.2949869286e+02	21	575	4	496	3	8	0	50	500	500	0	500	500	0	
4.2999956879e+02	19	576	3	497	6	4	0	50	500	500	0	500	500	0	
4.3049896225e+02	17	579	6	494	4	9	0	50	500	500	0	500	500	0	
4.3099997815e+02	16	581	1	499	9	5	0	50	500	500	0	500	500	0	
4.3149930892e+02	17	581	3	497	9	3	0	50	500	500	0	500	500	0	
4.3199930296e+02	17	582	5	495	4	5	0	50	500	500	0	500	500	0	
4.3249687307e+02	14	585	3	497	1	3	0	50	500	500	0	500	500	0	
4.3299889995e+02	14	584	4	496	4	4	0	50	500	500	0	500	500	0	
4.3349693851e+02	8	593	4	496	0	5	0	50	500	500	0	500	500	0	
4.3399635578e+02	7	596	5	495	5	3	0	50	500	500	0	500	500	0	
4.3449857408e+02	5	598	5	495	3	5	0	50	500	500	0	500	500	0	
4.3499976569e+02	8	596	3	497	1	5	0	50	500	500	0	500	500	0	
4.3549693452e+02	7	597	3	497	2	3	0	50	500	500	0	500	500	0	
4.3599915255e+02	7	597	4	496	3	6	0	50	500	500	0	500	500	0	
4.3649743248e+02	10	594	9	491	6	7	0	50	500	500	0	500	500	0	
4.3699723899e+02	13	591	4	496	4	10	0	50	500	500	0	500	500	0	
4.3749694931e+02	13	591	2	498	4	4	0	50	500	500	0	500	500	0	
4.3799909206e+02	13	591	5	495	4	3	0	50	500	500	0	500	500	0	
4.3849967675e+02	13	591	8	492	5	3	0	50	500	500	0	500	500	0	
4.3899578224e+02	7	596	3	497	2	6	0	50	500	500	0	500	500	0	
4.3949921020e+02	7	598	4	496	4	13	0	50	500	500	0	500	500	0	
4.3999944832e+02	11	594	3	497	9	9	0	50	500	500	0	500	500	0	
4.4049861295e+02	8	597	3	497	7	7	0	50	500	500	0	500	500	0	
4.4099968634e+02	9	596	2	498	6	4	0	50	500	500	0	500	500	0	
4.4149904930e+02	11	595	5	495	6	7	0	50	500	500	0	500	500	0	
4.4199803711e+02	12	595	1	499	7	6	0	50	500	500	0	500	500	0	
4.4249371503e+02	13	593	2	498	6	2	0	50	500	500	0	500	500	0	
4.4299864167e+02	11	595	4	496	6	8	0	50	500	500	0	500	500	0	
4.4349503564e+02	12	594	1	499	4	3	0	50	500	500	0	500	500	0	
4.4399767917e+02	11	595	2	498	1	3	0	50	500	500	0	500	500	0	
4.4449507238e+02	13	592	5	495	0	2	0	50	500	500	0	500	500	0	
4.4499969712e+02	13	593	3	497	3	7	0	50	500	500	0	500	500	0	
4.4549909319e+02	13	593	7	493	5	2	0	50	500	500	0	500	500	0	
4.4599991738e+02	12	594	2	498	4	5	0	50	500	500	0	500	500	0	
4.4649740224e+02	17	592	6	494	3	10	0	50	500	500	0	500	500	0	
4.4699978128e+02	15	593	3	497	7	2	0	50	500	500	0	500	500	0	
4.4749786458e+02	13	594	4	496	4	4	0	50	500	500	0	500	500	0	
4.4799894769e+02	13	592	8	492	7	5	0	50	500	500	0	500	500	0	
4.4849946335e+02	13	592	2	498	7	8	0	50	500	500	0	500	500	0	
4.4899937640e+02	13	592	4	496	2	9	0	50	500	500	0	500	500	0	
4.4949611446e+02	14	592	6	494	5	2	0	50	500	500	0	500	500	0	
4.4999984239e+02	13	594	5	495	5	3	0	50	500	500	0	500	500	0	
4.5049010578e+02	12	595	1	499	5	4	0	50	500	500	0	500	500	0	
4.5099988343e+02	15	591	1	499	4	9	0	50	500	500	0	500	500	0	
4.5149835039e+02	12	592	2	498	4	6	0	50	500	500	0	500	500	0	
4.5199891869e+02	16	589	4	496	5	5	0	50	500	500	0	500	500	0	
4.5249883450e+02	15	590	4	496	1	10	0	50	500	500	0	500	500	0	
4.5299731487e+02	8	597	9	491	2	4	0	50	500	500	0	500	500	0	
4.5349952104e+02	10	595	8	492	6	4	0	50	500	500	0	500	500	0	
4.5399802496e+02	10	596	1	499	3	7	0	50	500	500	0	500	500	0	
4.5449589381e+02	12	593	6	494	2	6	0	50	500	500	0	500	500	0	
4.5499705526e+02	13	595	6	494	1	3	0	50	500	500	0	500	500	0	
4.5549241871e+02	12	597	2	498	3	5	0	50	500	500	0	500	500	0	
4.5599986363e+02	15	595	1	499	3	3	0	50	500	500	0	500	500	0	
4.5649780676e+02	15	598	7	493	7	7	0	50	500	500	0	500	500	0	
4.5699768548e+02	13	600	3	497	6	3	0	50	500	500	0	500	500	0	
4.5749923069e+02	11	603	4	496	2	7	0	50	500	500	0	500	500	0	
4.5799592803e+02	6	608	7	493	7	8	0	50	500	500	0	500	500	0	
4.5849916300e+02	9	605	9	491	3	11	0	50	500	500	0	500	500	0	
4.5899859550e+02	10	604	4	496	6	2	0	50	500	500	0	500	500	0	
4.5949655397e+02	10	605	4	496	5	5	0	50	500	500	0	500	500	0	
4.5999647969e+02	7	608	5	495	2	3	0	50	500	500	0	500	500	0	
4.6049986586e+02	8	609	2	498	12	6	0	50	500	500	0	500	500	0	
4.6099762108e+02	10	607	4	496	6	5	0	50	500	500	0	500	500	0	
4.6149766762e+02	9	610	4	496	5	9	0	50	500	500	0	500	500	0	
4.6199106872e+02	13	606	4	496	3	2	0	50	500	500	0	500	500	0	
4.6249951707e+02	14	604	9	491	3	3	0	50	500	500	0	500	500	0	
4.6299723620e+02	14	605	7	493	1	6	0	50	500	500	0	500	500	0	
4.6349921236e+02	16	603	1	499	9	7	0	50	500	500	0	500	500	0	
4.6399722869e+02	18	603	9	491	1	9	0	50	500	500	0	500	500	0	
4.6449764325e+02	14	608	4	496	4	6	0	50	500	500	0	500	500	0	
4.6499660360e+02	15	607	4	496	4	2	0	50	500	500	0	500	500	0	
4.6549946249e+02	13	609	6	494	9	5	0	50	500	500	0	500	500	0	
4.6599806662e+02	12	612	1	499	3	10	0	50	500	500	0	500	500	0	
4.6649857342e+02	10	615	5	495	6	3	0	50	500	500	0	500	500	0	
4.6699948484e+02	11	614	6	494	4	7	0	50	500	500	0	500	500	0	
4.6749800970e+02	11	616	3	497	3	9	0	50	500	500	0	500	500	0	
4.6799648022e+02	12	617	3	497	3	4	0	50	500	500	0	500	500	0	
4.6849868779e+02	14	615	1	499	5	9	0	50	500	500	0	500	500	0	
4.6899632771e+02	15	616	4	496	6	4	0	50	500	500	0	500	500	0	
4.6949742971e+02	14	617	2	498	6	2	0	50	500	500	0	500	500	0	
4.6999817059e+02	12	618	7	493	9	5	0	50	500	500	0	500	500	0	
4.7049928102e+02	14	618	7	493	8	9	0	50	500	500	0	500	500	0	
4.7099316668e+02	21	612	7	493	3	7	0	50	500	500	0	500	500	0	
4.7149799776e+02	22	610	5	495	7	9	0	50	500	500	0	500	500	0	
4.7199958523e+02	24	610	2	498	4	7	0	50	500	500	0	500	500	0	
4.7249849663e+02	19	615	6	494	2	7	0	50	500	500	0	500	500	0	
4.7299710480e+02	17	616	7	493	2	3	0	50	500	500	0	500	500	0	
4.7349495448e+02	18	618	6	494	5	3	0	50	500	500	0	500	500	0	
4.7399948406e+02	18	619	2	498	6	5	0	50	500	500	0	500	500	0	
4.7449963547e+02	14	624	7	493	2	5	0	50	500	500	0	500	500	0	
4.7499807298e+02	13	625	5	495	3	8	0	50	500	500	0	500	500	0	
4.7549578231e+02	12	626	2	498	2	6	0	50	500	500	0	500	500	0	
4.7599966579e+02	13	625	5	495	4	9	0	50	500	500	0	500	500	0	
4.7649877250e+02	12	627	3	497	6	4	0	50	500	500	0	500	500	0	
4.7699778307e+02	9	630	3	497	6	7	0	50	500	500	0	500	500	0	
4.7749355889e+02	5	635	7	493	4	9	0	50	500	500	0	500	500	0	
4.7799833543e+02	7	631	3	497	6	5	0	50	500	500	0	500	500	0	
4.7849943988e+02	5	633	6	494	4	8	0	50	500	500	0	500	500	0	
4.7899242552e+02	7	631	1	499	4	3	0	50	500	500	0	500	500	0	
4.7949800081e+02	6	633	5	495	9	3	0	50	500	500	0	500	500	0	
4.7999837896e+02	4	636	0	500	1	3	0	50	500	500	0	500	500	0	
4.8049894435e+02	5	638	1	499	2	5	0	50	500	500	0	500	500	0	
4.8099917137e+02	9	634	3	497	6	6	0	50	500	500	0	500	500	0	
4.8149936839e+02	6	635	7	493	6	8	0	50	500	500	0	500	500	0	
4.8199278975e+02	6	636	0	500	6	7	0	50	500	500	0	500	500	0	
4.8249774981e+02	4	639	4	496	3	7	0	50	500	500	0	500	500	0	
4.8299450664e+02	9	634	3	497	4	5	0	50	500	500	0	500	500	0	
4.8349807391e+02	5	638	2	498	5	4	0	50	500	500	0	500	500	0	
4.8399964231e+02	7	634	4	496	5	4	0	50	500	500	0	500	500	0	
4.8449861049e+02	7	635	3	497	2	2	0	50	500	500	0	500	500	0	
4.8499969332e+02	10	634	5	495	5	7	0	50	500	500	0	500	500	0	
4.8549727537e+02	9	634	0	500	5	13	0	50	500	500	0	500	500	0	
4.8599967022e+02	8	635	5	495	8	9	0	50	500	500	0	500	500	0	
4.8649991096e+02	10	632	10	490	6	2	0	50	500	500	0	500	500	0	
4.8699970594e+02	9	633	1	499	2	5	0	50	500	500	0	500	500	0	
4.8749852211e+02	8	634	5	495	3	3	0	50	500	500	0	500	500	0	
4.8799888380e+02	9	632	2	498	1	8	0	50	500	500	0	500	500	0	
4.8849955068e+02	12	628	4	496	6	6	0	50	500	500	0	500	500	0	
4.8899927917e+02	12	628	5	495	2	5	0	50	500	500	0	500	500	0	
4.8949985930e+02	11	628	4	496	6	3	0	50	500	500	0	500	500	0	
4.8999946171e+02	10	628	1	499	3	5	0	50	500	500	0	500	500	0	
4.9049897595e+02	15	627	3	497	9	10	0	50	500	500	0	500	500	0	
4.9099360256e+02	14	629	0	500	2	7	0	50	500	500	0	500	500	0	
4.9149831137e+02	15	628	6	494	1	7	0	50	500	500	0	500	500	0	
4.9199489308e+02	13	630	2	498	4	6	0	50	500	500	0	500	500	0	
4.9249807519e+02	15	626	4	496	5	9	0	50	500	500	0	500	500	0	
4.9299672317e+02	16	626	4	496	2	7	0	50	500	500	0	500	500	0	
4.9349914719e+02	15	626	4	496	6	4	0	50	500	500	0	500	500	0	
4.9399855957e+02	15	625	2	498	6	5	0	50	500	500	0	500	500	0	
4.9449960752e+02	10	630	5	495	3	10	0	50	500	500	0	500	500	0	
4.9499998033e+02	16	624	2	498	5	7	0	50	500	500	0	500	500	0	
4.9549704558e+02	14	627	6	494	2	2	0	50	500	500	0	500	500	0	
4.9599793652e+02	15	626	6	494	4	6	0	50	500	500	0	500	500	0	
4.9649811784e+02	15	626	3	497	4	9	0	50	500	500	0	500	500	0	
4.9699945830e+02	16	625	3	497	4	6	0	50	500	500	0	500	500	0	
4.9749805867e+02	15	624	5	495	4	6	0	50	500	500	0	500	500	0	
4.9799846724e+02	17	623	4	496	4	9	0	50	500	500	0	500	500	0	
4.9849963286e+02	14	627	3	497	2	5	0	50	500	500	0	500	500	0	
4.9899957752e+02	15	626	9	491	5	4	0	50	500	500	0	500	500	0	
4.9949981342e+02	17	620	8	492	2	6	0	50	500	500	0	500	500	0	
4.9999898215e+02	15	621	7	493	3	3	0	50	500	500	0	500	500	0	
5.0000101698e+02	15	621	7	493	2	4	0	50	500	500	0	500	500	0	
