0.0000000000e+00	0	0	0	0	0	500	50	0	500	500	0	500	500	0	
4.9826519878e-01	0	0	0	0	36	464	50	0	500	500	0	500	500	0	
9.9957063712e-01	0	0	0	0	50	450	50	0	500	500	0	500	500	0	
1.4999495639e+00	1	0	1	0	48	452	50	0	500	500	0	500	500	0	
1.9999055734e+00	1	0	2	0	52	448	50	0	500	500	0	500	500	0	
2.4992160134e+00	1	1	2	0	38	462	50	0	500	500	0	500	500	0	
2.9976335606e+00	1	2	2	0	44	456	50	0	500	500	0	500	500	0	
3.4962159402e+00	1	3	2	0	36	464	50	0	500	500	0	500	500	0	
3.9948536123e+00	3	3	2	1	30	470	50	0	500	500	0	500	500	0	
4.4989008031e+00	4	4	2	1	23	477	50	0	500	500	0	500	500	0	
4.9987399453e+00	5	5	3	0	33	467	50	0	500	500	0	500	500	0	
5.4994168039e+00	6	5	3	0	41	459	50	0	500	500	0	500	500	0	
5.9932865678e+00	9	4	3	0	37	463	50	0	500	500	0	500	500	0	
6.4994992539e+00	9	4	2	1	27	473	50	0	500	500	0	500	500	0	
6.9959752266e+00	11	3	3	0	22	478	50	0	500	500	0	500	500	0	
7.4997579667e+00	12	4	3	0	31	469	50	0	500	500	0	500	500	0	
7.9998217741e+00	14	3	3	0	37	463	50	0	500	500	0	500	500	0	
8.4995239573e+00	14	4	4	0	44	456	50	0	500	500	0	500	500	0	
8.9975180749e+00	16	3	5	0	40	460	50	0	500	500	0	500	500	0	
9.4961628067e+00	16	4	4	0	55	445	50	0	500	500	0	500	500	0	
9.9979936793e+00	17	5	5	0	51	449	50	0	500	500	0	500	500	0	
1.0497626647e+01	18	4	5	0	54	446	50	0	500	500	0	500	500	0	
1.0996618249e+01	19	4	5	0	34	466	50	0	500	500	0	500	500	0	
1.1498175875e+01	20	4	5	0	41	459	50	0	500	500	0	500	500	0	
1.1999672402e+01	20	5	5	0	42	458	50	0	500	500	0	500	500	0	
1.2498065720e+01	20	6	4	1	45	455	50	0	500	500	0	500	500	0	
1.2999526240e+01	20	6	5	1	37	463	50	0	500	500	0	500	500	0	
1.3499050373e+01	21	7	6	1	46	454	50	0	500	500	0	500	500	0	
1.3995076908e+01	24	7	6	1	50	450	50	0	500	500	0	500	500	0	
1.4499276003e+01	27	5	6	1	39	461	50	0	500	500	0	500	500	0	
1.4999726834e+01	29	5	7	1	37	463	50	0	500	500	0	500	500	0	
1.5498372472e+01	30	4	7	1	46	454	50	0	500	500	0	500	500	0	
1.5997038112e+01	31	6	7	1	38	462	50	0	500	500	0	500	500	0	
1.6489876570e+01	33	5	6	2	41	459	50	0	500	500	0	500	500	0	
1.6998713650e+01	36	2	7	1	46	454	50	0	500	500	0	500	500	0	
1.7497109417e+01	38	0	9	0	31	469	50	0	500	500	0	500	500	0	
1.7999639151e+01	38	0	10	0	38	462	50	0	500	500	0	500	500	0	
1.8499258121e+01	38	0	10	0	39	461	50	0	500	500	0	500	500	0	
1.8999698235e+01	38	2	10	0	24	476	50	0	500	500	0	500	500	0	
1.9489030640e+01	38	2	10	0	39	461	50	0	500	500	0	500	500	0	
1.9999896248e+01	40	3	10	0	35	465	50	0	500	500	0	500	500	0	
2.0495741439e+01	39	4	10	0	26	474	50	0	500	500	0	500	500	0	
2.0998587832e+01	39	4	8	1	47	453	50	0	500	500	0	500	500	0	
2.1493586943e+01	40	4	9	0	42	458	50	0	500	500	0	500	500	0	
2.1998077709e+01	39	4	8	1	31	469	50	0	500	500	0	500	500	0	
2.2494464524e+01	40	3	9	1	33	467	50	0	500	500	0	500	500	0	
2.2999429364e+01	41	3	9	1	42	458	50	0	500	500	0	500	500	0	
2.3495619634e+01	41	5	8	3	35	465	50	0	500	500	0	500	500	0	
2.3999581051e+01	41	5	8	3	33	467	50	0	500	500	0	500	500	0	
2.4492884714e+01	44	3	12	1	43	457	50	0	500	500	0	500	500	0	
2.4990876129e+01	46	1	12	1	56	444	50	0	500	500	0	500	500	0	
2.5498632651e+01	46	2	13	0	42	458	50	0	500	500	0	500	500	0	
2.5999169281e+01	47	1	13	0	52	448	50	0	500	500	0	500	500	0	
2.6498089973e+01	47	3	12	1	44	456	50	0	500	500	0	500	500	0	
2.6996807673e+01	47	3	12	1	46	454	50	0	500	500	0	500	500	0	
2.7497983624e+01	49	3	13	0	33	467	50	0	500	500	0	500	500	0	
2.7996993599e+01	50	2	12	0	25	475	50	0	500	500	0	500	500	0	
2.8498005953e+01	52	3	12	0	26	474	50	0	500	500	0	500	500	0	
2.8999917344e+01	53	6	11	1	37	463	50	0	500	500	0	500	500	0	
2.9497638690e+01	55	5	11	1	46	454	50	0	500	500	0	500	500	0	
2.9999330724e+01	57	3	11	1	31	469	50	0	500	500	0	500	500	0	
3.0499942124e+01	60	1	11	2	47	453	50	0	500	500	0	500	500	0	
3.0995503546e+01	60	3	13	0	49	451	50	0	500	500	0	500	500	0	
3.1498733815e+01	61	2	13	0	37	463	50	0	500	500	0	500	500	0	
3.1994425036e+01	61	3	13	1	32	468	50	0	500	500	0	500	500	0	
3.2489378208e+01	60	5	15	0	48	452	50	0	500	500	0	500	500	0	
3.2999319431e+01	60	5	15	0	41	459	50	0	500	500	0	500	500	0	
3.3497645924e+01	62	3	15	0	30	470	50	0	500	500	0	500	500	0	
3.3994659127e+01	63	4	16	0	31	469	50	0	500	500	0	500	500	0	
3.4498870753e+01	64	3	16	0	39	461	50	0	500	500	0	500	500	0	
3.4999045688e+01	65	5	15	1	33	467	50	0	500	500	0	500	500	0	
3.5499310684e+01	65	6	14	2	41	459	50	0	500	500	0	500	500	0	
3.5996930922e+01	67	5	15	1	25	475	50	0	500	500	0	500	500	0	
3.6497458477e+01	67	5	16	2	29	471	50	0	500	500	0	500	500	0	
3.6997671774e+01	69	4	16	2	43	457	50	0	500	500	0	500	500	0	
3.7499570654e+01	69	5	17	0	49	451	50	0	500	500	0	500	500	0	
3.7999241955e+01	71	5	17	0	31	469	50	0	500	500	0	500	500	0	
3.8498345114e+01	75	3	17	0	30	470	50	0	500	500	0	500	500	0	
3.8997544120e+01	77	2	15	1	41	459	50	0	500	500	0	500	500	0	
3.9495194348e+01	77	2	16	0	45	455	50	0	500	500	0	500	500	0	
3.9998486225e+01	77	3	16	0	45	455	50	0	500	500	0	500	500	0	
4.0496109611e+01	78	2	16	1	35	465	50	0	500	500	0	500	500	0	
4.0992989368e+01	80	4	17	0	52	448	50	0	500	500	0	500	500	0	
4.1497039437e+01	82	3	16	1	56	444	50	0	500	500	0	500	500	0	
4.1993873141e+01	84	2	16	1	41	459	50	0	500	500	0	500	500	0	
4.2499298537e+01	84	2	14	3	29	471	50	0	500	500	0	500	500	0	
4.2997053322e+01	85	2	17	0	36	464	50	0	500	500	0	500	500	0	
4.3498814303e+01	85	2	16	1	37	463	50	0	500	500	0	500	500	0	
4.3997844143e+01	85	2	17	0	46	454	50	0	500	500	0	500	500	0	
4.4496988057e+01	85	3	16	1	38	462	50	0	500	500	0	500	500	0	
4.4997368820e+01	85	7	15	2	24	476	50	0	500	500	0	500	500	0	
4.5499141751e+01	85	8	13	3	44	456	50	0	500	500	0	500	500	0	
4.5998438679e+01	90	4	15	1	44	456	50	0	500	500	0	500	500	0	
4.6499621259e+01	93	3	17	0	21	479	50	0	500	500	0	500	500	0	
4.6997737221e+01	95	2	17	0	33	467	50	0	500	500	0	500	500	0	
4.7499789377e+01	96	2	16	2	36	464	50	0	500	500	0	500	500	0	
4.7998529568e+01	96	2	16	3	31	469	50	0	500	500	0	500	500	0	
4.8489802214e+01	95	5	17	1	46	454	50	0	500	500	0	500	500	0	
4.8997176597e+01	98	2	17	1	40	460	50	0	500	500	0	500	500	0	
4.9498128907e+01	98	3	18	2	40	460	50	0	500	500	0	500	500	0	
4.9999894878e+01	99	2	19	1	43	457	50	0	500	500	0	500	500	0	
5.0499237916e+01	99	2	18	2	42	458	50	0	500	500	0	500	500	0	
5.0988318966e+01	99	3	18	2	50	450	50	0	500	500	0	500	500	0	
5.1498750067e+01	99	4	19	1	46	454	50	0	500	500	0	500	500	0	
5.1994343568e+01	100	3	18	2	48	452	50	0	500	500	0	500	500	0	
5.2496056661e+01	102	4	19	1	42	458	50	0	500	500	0	500	500	0	
5.2999243676e+01	103	5	20	1	41	459	50	0	500	500	0	500	500	0	
5.3489332480e+01	103	5	18	3	41	459	50	0	500	500	0	500	500	0	
5.3989018612e+01	103	6	19	2	31	469	50	0	500	500	0	500	500	0	
5.4498326958e+01	106	4	21	0	41	459	50	0	500	500	0	500	500	0	
5.4997439235e+01	106	4	21	1	37	463	50	0	500	500	0	500	500	0	
5.5498805382e+01	107	6	20	2	34	466	50	0	500	500	0	500	500	0	
5.5998725636e+01	107	6	21	1	31	469	50	0	500	500	0	500	500	0	
5.6496471303e+01	109	6	23	0	29	471	50	0	500	500	0	500	500	0	
5.6996374808e+01	109	7	20	3	30	470	50	0	500	500	0	500	500	0	
5.7499940523e+01	109	7	21	1	39	461	50	0	500	500	0	500	500	0	
5.7997815161e+01	112	4	22	0	45	455	50	0	500	500	0	500	500	0	
5.8497512317e+01	114	5	24	0	46	454	50	0	500	500	0	500	500	0	
5.8997029643e+01	115	5	24	0	56	444	50	0	500	500	0	500	500	0	
5.9499752909e+01	117	3	24	0	38	462	50	0	500	500	0	500	500	0	
5.9999828283e+01	118	3	23	1	51	449	50	0	500	500	0	500	500	0	
6.0498378932e+01	121	2	23	1	38	462	50	0	500	500	0	500	500	0	
6.0999997430e+01	122	2	19	5	48	452	50	0	500	500	0	500	500	0	
6.1496201890e+01	120	6	20	4	37	463	50	0	500	500	0	500	500	0	
6.1999832201e+01	123	5	22	2	31	469	50	0	500	500	0	500	500	0	
6.2492031771e+01	125	3	23	2	39	461	50	0	500	500	0	500	500	0	
6.2996301530e+01	125	5	22	3	40	460	50	0	500	500	0	500	500	0	
6.3496003038e+01	126	5	25	1	40	460	50	0	500	500	0	500	500	0	
6.3994823776e+01	127	5	26	0	37	463	50	0	500	500	0	500	500	0	
6.4494420466e+01	129	4	25	0	31	469	50	0	500	500	0	500	500	0	
6.4997835954e+01	129	5	23	2	31	469	50	0	500	500	0	500	500	0	
6.5498678750e+01	132	3	22	2	35	465	50	0	500	500	0	500	500	0	
6.5998375453e+01	133	3	24	1	39	461	50	0	500	500	0	500	500	0	
6.6496526894e+01	133	4	23	2	35	465	50	0	500	500	0	500	500	0	
6.6998031394e+01	134	4	22	3	28	472	50	0	500	500	0	500	500	0	
6.7498950766e+01	137	3	22	3	34	466	50	0	500	500	0	500	500	0	
6.7999671537e+01	138	3	23	2	28	472	50	0	500	500	0	500	500	0	
6.8498839051e+01	138	3	22	2	47	453	50	0	500	500	0	500	500	0	
6.8992293800e+01	138	5	24	1	49	451	50	0	500	500	0	500	500	0	
6.9493533942e+01	137	7	22	3	49	451	50	0	500	500	0	500	500	0	
6.9999225140e+01	138	7	20	4	30	470	50	0	500	500	0	500	500	0	
7.0496226317e+01	139	6	19	6	28	472	50	0	500	500	0	500	500	0	
7.0998877256e+01	139	7	21	4	47	453	50	0	500	500	0	500	500	0	
7.1499026753e+01	140	6	21	4	59	441	50	0	500	500	0	500	500	0	
7.1998128641e+01	140	6	21	4	45	455	50	0	500	500	0	500	500	0	
7.2497550842e+01	141	6	24	3	42	458	50	0	500	500	0	500	500	0	
7.2994777926e+01	141	7	26	2	54	446	50	0	500	500	0	500	500	0	
7.3499714030e+01	143	6	24	4	41	459	50	0	500	500	0	500	500	0	
7.3997765319e+01	144	5	29	3	40	460	50	0	500	500	0	500	500	0	
7.4499838083e+01	147	3	31	1	41	459	50	0	500	500	0	500	500	0	
7.4996872348e+01	148	5	30	0	27	473	50	0	500	500	0	500	500	0	
7.5497497274e+01	148	5	29	1	30	470	50	0	500	500	0	500	500	0	
7.5998190957e+01	147	5	30	0	35	465	50	0	500	500	0	500	500	0	
7.6499051904e+01	149	4	30	0	39	461	50	0	500	500	0	500	500	0	
7.6996675648e+01	151	2	30	0	40	460	50	0	500	500	0	500	500	0	
7.7498367657e+01	151	3	29	1	47	453	50	0	500	500	0	500	500	0	
7.7998865743e+01	152	3	28	2	33	467	50	0	500	500	0	500	500	0	
7.8494750786e+01	151	5	29	1	52	448	50	0	500	500	0	500	500	0	
7.8999757064e+01	153	3	28	2	37	463	50	0	500	500	0	500	500	0	
7.9497339376e+01	152	6	27	3	38	462	50	0	500	500	0	500	500	0	
7.9996496781e+01	153	7	24	5	40	460	50	0	500	500	0	500	500	0	
8.0497514384e+01	155	6	24	5	38	462	50	0	500	500	0	500	500	0	
8.0998845175e+01	159	4	24	4	34	466	50	0	500	500	0	500	500	0	
8.1497153225e+01	159	4	29	1	36	464	50	0	500	500	0	500	500	0	
8.1997411356e+01	159	4	29	2	42	458	50	0	500	500	0	500	500	0	
8.2497186066e+01	162	2	31	1	48	452	50	0	500	500	0	500	500	0	
8.2999938792e+01	162	4	31	0	50	450	50	0	500	500	0	500	500	0	
8.3498511987e+01	161	4	29	3	37	463	50	0	500	500	0	500	500	0	
8.3995999076e+01	162	7	29	3	32	468	50	0	500	500	0	500	500	0	
8.4497381959e+01	162	9	29	3	39	461	50	0	500	500	0	500	500	0	
8.4998862058e+01	165	6	29	3	43	457	50	0	500	500	0	500	500	0	
8.5499949771e+01	168	3	30	1	45	455	50	0	500	500	0	500	500	0	
8.5997074791e+01	166	4	30	1	33	467	50	0	500	500	0	500	500	0	
8.6498518332e+01	168	3	25	6	36	464	50	0	500	500	0	500	500	0	
8.6996767072e+01	167	4	27	4	30	470	50	0	500	500	0	500	500	0	
8.7499544028e+01	168	4	28	3	38	462	50	0	500	500	0	500	500	0	
8.7998503897e+01	168	5	29	2	29	471	50	0	500	500	0	500	500	0	
8.8496190797e+01	169	4	28	3	34	466	50	0	500	500	0	500	500	0	
8.8999355866e+01	169	5	28	3	34	466	50	0	500	500	0	500	500	0	
8.9496583389e+01	168	7	24	7	36	464	50	0	500	500	0	500	500	0	
8.9999272958e+01	169	5	25	5	53	447	50	0	500	500	0	500	500	0	
9.0499566353e+01	170	4	26	4	49	451	50	0	500	500	0	500	500	0	
9.0991704717e+01	170	6	26	4	43	457	50	0	500	500	0	500	500	0	
9.1499972732e+01	171	7	28	3	39	461	50	0	500	500	0	500	500	0	
9.1999644309e+01	173	6	30	1	47	453	50	0	500	500	0	500	500	0	
9.2499350842e+01	173	6	31	0	41	459	50	0	500	500	0	500	500	0	
9.2999717564e+01	176	4	29	2	29	471	50	0	500	500	0	500	500	0	
9.3499030735e+01	174	6	28	3	28	472	50	0	500	500	0	500	500	0	
9.3999942265e+01	173	6	30	2	31	469	50	0	500	500	0	500	500	0	
9.4495218606e+01	173	8	30	3	35	465	50	0	500	500	0	500	500	0	
9.4999947844e+01	173	9	29	4	28	472	50	0	500	500	0	500	500	0	
9.5498271516e+01	174	11	31	2	34	466	50	0	500	500	0	500	500	0	
9.5997836389e+01	178	8	27	6	43	457	50	0	500	500	0	500	500	0	
9.6499554980e+01	179	7	27	7	34	466	50	0	500	500	0	500	500	0	
9.6999721566e+01	183	4	28	6	49	451	50	0	500	500	0	500	500	0	
9.7498096891e+01	184	3	33	1	44	456	50	0	500	500	0	500	500	0	
9.7994351673e+01	183	4	33	1	37	463	50	0	500	500	0	500	500	0	
9.8499083453e+01	183	5	34	0	43	457	50	0	500	500	0	500	500	0	
9.8996531855e+01	185	4	33	1	23	477	50	0	500	500	0	500	500	0	
9.9499587458e+01	185	4	31	3	33	467	50	0	500	500	0	500	500	0	
9.9999462688e+01	186	3	35	0	34	466	50	0	500	500	0	500	500	0	
1.0049459164e+02	186	3	34	1	49	451	50	0	500	500	0	500	500	0	
1.0099422622e+02	189	2	33	2	38	462	50	0	500	500	0	500	500	0	
1.0149685485e+02	190	1	31	4	36	464	50	0	500	500	0	500	500	0	
1.0199733897e+02	191	1	33	2	41	459	50	0	500	500	0	500	500	0	
1.0249963215e+02	190	3	31	4	35	465	50	0	500	500	0	500	500	0	
1.0299386750e+02	192	1	34	1	38	462	50	0	500	500	0	500	500	0	
1.0349825455e+02	192	1	34	1	44	456	50	0	500	500	0	500	500	0	
1.0399807350e+02	191	2	33	2	54	446	50	0	500	500	0	500	500	0	
1.0449628883e+02	192	2	33	1	48	452	50	0	500	500	0	500	500	0	
1.0499767187e+02	191	4	31	3	55	445	50	0	500	500	0	500	500	0	
1.0549928762e+02	190	4	33	1	36	464	50	0	500	500	0	500	500	0	
1.0599597097e+02	192	4	31	3	47	453	50	0	500	500	0	500	500	0	
1.0649460137e+02	192	5	31	3	41	459	50	0	500	500	0	500	500	0	
1.0699999281e+02	194	3	31	3	39	461	50	0	500	500	0	500	500	0	
1.0749971101e+02	195	2	32	2	43	457	50	0	500	500	0	500	500	0	
1.0799619311e+02	195	2	32	2	40	460	50	0	500	500	0	500	500	0	
1.0849453684e+02	196	2	31	3	26	474	50	0	500	500	0	500	500	0	
1.0899873227e+02	197	1	32	3	37	463	50	0	500	500	0	500	500	0	
1.0949889003e+02	197	4	32	3	42	458	50	0	500	500	0	500	500	0	
1.0999832664e+02	198	5	33	1	39	461	50	0	500	500	0	500	500	0	
1.1049727579e+02	196	6	31	3	49	451	50	0	500	500	0	500	500	0	
1.1099869468e+02	199	4	30	5	29	471	50	0	500	500	0	500	500	0	
1.1149985051e+02	200	3	30	6	40	460	50	0	500	500	0	500	500	0	
1.1199972317e+02	200	2	33	4	41	459	50	0	500	500	0	500	500	0	
1.1249634327e+02	200	2	32	5	47	453	50	0	500	500	0	500	500	0	
1.1299910893e+02	201	2	35	2	32	468	50	0	500	500	0	500	500	0	
1.1349281435e+02	202	1	39	0	40	460	50	0	500	500	0	500	500	0	
1.1399218343e+02	203	0	38	0	33	467	50	0	500	500	0	500	500	0	
1.1449712900e+02	203	1	39	0	44	456	50	0	500	500	0	500	500	0	
1.1499758590e+02	203	1	38	1	46	454	50	0	500	500	0	500	500	0	
1.1549983994e+02	202	1	39	1	42	458	50	0	500	500	0	500	500	0	
1.1599893264e+02	202	2	41	2	44	456	50	0	500	500	0	500	500	0	
1.1649858435e+02	203	1	43	1	53	447	50	0	500	500	0	500	500	0	
1.1699824057e+02	203	2	41	3	38	462	50	0	500	500	0	500	500	0	
1.1749327645e+02	204	2	43	2	19	481	50	0	500	500	0	500	500	0	
1.1799665178e+02	205	2	44	1	30	470	50	0	500	500	0	500	500	0	
1.1849407020e+02	206	2	45	1	44	456	50	0	500	500	0	500	500	0	
1.1899852243e+02	205	4	45	2	50	450	50	0	500	500	0	500	500	0	
1.1949639063e+02	207	3	45	2	62	438	50	0	500	500	0	500	500	0	
1.1999888701e+02	208	3	43	4	64	436	50	0	500	500	0	500	500	0	
1.2049753660e+02	209	2	43	4	30	470	50	0	500	500	0	500	500	0	
1.2099940537e+02	208	2	44	3	33	467	50	0	500	500	0	500	500	0	
1.2149770361e+02	208	1	46	1	42	458	50	0	500	500	0	500	500	0	
1.2199197512e+02	208	1	43	3	37	463	50	0	500	500	0	500	500	0	
1.2249568156e+02	208	2	43	2	32	468	50	0	500	500	0	500	500	0	
1.2299919580e+02	209	1	43	2	35	465	50	0	500	500	0	500	500	0	
1.2349862042e+02	211	1	43	1	47	453	50	0	500	500	0	500	500	0	
1.2399562763e+02	211	1	42	2	47	453	50	0	500	500	0	500	500	0	
1.2449947606e+02	211	3	41	5	44	456	50	0	500	500	0	500	500	0	
1.2499958792e+02	212	2	44	2	32	468	50	0	500	500	0	500	500	0	
1.2549713619e+02	212	3	42	4	34	466	50	0	500	500	0	500	500	0	
1.2599026064e+02	212	4	43	4	28	472	50	0	500	500	0	500	500	0	
1.2649126339e+02	213	3	46	2	36	464	50	0	500	500	0	500	500	0	
1.2699985785e+02	214	3	45	3	28	472	50	0	500	500	0	500	500	0	
1.2749361809e+02	215	2	44	4	32	468	50	0	500	500	0	500	500	0	
1.2799491007e+02	216	2	45	3	45	455	50	0	500	500	0	500	500	0	
1.2849554298e+02	216	2	48	0	40	460	50	0	500	500	0	500	500	0	
1.2898748079e+02	216	3	47	1	45	455	50	0	500	500	0	500	500	0	
1.2949983042e+02	215	7	46	2	40	460	50	0	500	500	0	500	500	0	
1.2999956102e+02	215	7	33	15	46	454	50	0	500	500	0	500	500	0	
1.3049874968e+02	219	5	39	9	35	465	50	0	500	500	0	500	500	0	
1.3099679826e+02	221	3	45	3	29	471	50	0	500	500	0	500	500	0	
1.3149664867e+02	222	6	45	1	43	457	50	0	500	500	0	500	500	0	
1.3199792248e+02	225	5	42	3	49	451	50	0	500	500	0	500	500	0	
1.3249968491e+02	225	5	42	3	48	452	50	0	500	500	0	500	500	0	
1.3299874710e+02	227	4	45	2	45	455	50	0	500	500	0	500	500	0	
1.3349798806e+02	229	4	43	3	45	455	50	0	500	500	0	500	500	0	
1.3399614598e+02	229	4	45	2	52	448	50	0	500	500	0	500	500	0	
1.3449970150e+02	229	4	45	2	43	457	50	0	500	500	0	500	500	0	
1.3499964520e+02	231	3	42	5	37	463	50	0	500	500	0	500	500	0	
1.3549917619e+02	232	2	43	4	34	466	50	0	500	500	0	500	500	0	
1.3599990564e+02	232	2	42	5	38	462	50	0	500	500	0	500	500	0	
1.3649843642e+02	231	3	44	4	33	467	50	0	500	500	0	500	500	0	
1.3699921364e+02	234	2	43	4	38	462	50	0	500	500	0	500	500	0	
1.3749046467e+02	234	4	44	3	43	457	50	0	500	500	0	500	500	0	
1.3799932236e+02	236	4	46	1	33	467	50	0	500	500	0	500	500	0	
1.3849944286e+02	236	4	48	0	38	462	50	0	500	500	0	500	500	0	
1.3899143339e+02	236	5	46	2	58	442	50	0	500	500	0	500	500	0	
1.3949900853e+02	237	6	48	0	34	466	50	0	500	500	0	500	500	0	
1.3999989102e+02	238	5	45	3	33	467	50	0	500	500	0	500	500	0	
1.4049865746e+02	240	3	43	5	49	451	50	0	500	500	0	500	500	0	
1.4099933439e+02	240	3	43	5	39	461	50	0	500	500	0	500	500	0	
1.4149857034e+02	240	3	47	1	30	470	50	0	500	500	0	500	500	0	
1.4199519983e+02	241	2	44	4	35	465	50	0	500	500	0	500	500	0	
1.4249906595e+02	242	5	46	2	33	467	50	0	500	500	0	500	500	0	
1.4299083964e+02	245	2	46	2	34	466	50	0	500	500	0	500	500	0	
1.4349967169e+02	245	2	45	2	32	468	50	0	500	500	0	500	500	0	
1.4399671861e+02	245	2	46	1	27	473	50	0	500	500	0	500	500	0	
1.4449712415e+02	246	1	45	2	32	468	50	0	500	500	0	500	500	0	
1.4499963367e+02	246	2	46	2	34	466	50	0	500	500	0	500	500	0	
1.4549540830e+02	245	4	45	3	37	463	50	0	500	500	0	500	500	0	
1.4599787430e+02	244	6	45	4	47	453	50	0	500	500	0	500	500	0	
1.4649929528e+02	247	7	46	2	42	458	50	0	500	500	0	500	500	0	
1.4699809510e+02	249	5	45	3	30	470	50	0	500	500	0	500	500	0	
1.4749785083e+02	249	4	47	1	51	449	50	0	500	500	0	500	500	0	
1.4799937388e+02	250	4	45	3	31	469	50	0	500	500	0	500	500	0	
1.4849901649e+02	251	7	45	3	43	457	50	0	500	500	0	500	500	0	
1.4899970227e+02	254	4	46	2	43	457	50	0	500	500	0	500	500	0	
1.4949715172e+02	254	4	46	2	24	476	50	0	500	500	0	500	500	0	
1.4999645481e+02	256	2	45	3	39	461	50	0	500	500	0	500	500	0	
1.5049644362e+02	256	2	47	1	54	446	50	0	500	500	0	500	500	0	
1.5099888843e+02	256	2	46	2	62	438	50	0	500	500	0	500	500	0	
1.5149818702e+02	257	2	46	2	31	469	50	0	500	500	0	500	500	0	
1.5199532347e+02	258	3	45	1	36	464	50	0	500	500	0	500	500	0	
1.5249693369e+02	258	2	44	2	33	467	50	0	500	500	0	500	500	0	
1.5299993652e+02	258	3	41	3	38	462	50	0	500	500	0	500	500	0	
1.5349972933e+02	258	2	41	3	42	458	50	0	500	500	0	500	500	0	
1.5398838211e+02	258	3	40	4	29	471	50	0	500	500	0	500	500	0	
1.5449343214e+02	258	3	38	6	41	459	50	0	500	500	0	500	500	0	
1.5499747528e+02	260	2	41	3	47	453	50	0	500	500	0	500	500	0	
1.5549622343e+02	261	2	40	5	29	471	50	0	500	500	0	500	500	0	
1.5599868344e+02	261	1	43	2	29	471	50	0	500	500	0	500	500	0	
1.5649916912e+02	262	1	41	4	37	463	50	0	500	500	0	500	500	0	
1.5699557612e+02	261	2	43	3	66	434	50	0	500	500	0	500	500	0	
1.5749937753e+02	261	3	42	3	41	459	50	0	500	500	0	500	500	0	
1.5799898555e+02	260	5	37	8	38	462	50	0	500	500	0	500	500	0	
1.5849808476e+02	261	4	41	4	32	468	50	0	500	500	0	500	500	0	
1.5899867306e+02	261	4	42	4	41	459	50	0	500	500	0	500	500	0	
1.5949461865e+02	262	4	40	7	44	456	50	0	500	500	0	500	500	0	
1.5999894660e+02	264	2	41	6	31	469	50	0	500	500	0	500	500	0	
1.6049267508e+02	263	4	41	6	20	480	50	0	500	500	0	500	500	0	
1.6099626979e+02	262	5	43	4	34	466	50	0	500	500	0	500	500	0	
1.6149854287e+02	264	3	45	2	46	454	50	0	500	500	0	500	500	0	
1.6199975153e+02	264	2	44	3	43	457	50	0	500	500	0	500	500	0	
1.6249971278e+02	263	3	45	2	42	458	50	0	500	500	0	500	500	0	
1.6299715194e+02	263	3	43	4	54	446	50	0	500	500	0	500	500	0	
1.6349740836e+02	265	3	40	7	42	458	50	0	500	500	0	500	500	0	
1.6398917100e+02	265	2	45	2	37	463	50	0	500	500	0	500	500	0	
1.6449191362e+02	264	3	44	3	41	459	50	0	500	500	0	500	500	0	
1.6499456834e+02	263	3	45	2	26	474	50	0	500	500	0	500	500	0	
1.6549634589e+02	265	1	45	2	43	457	50	0	500	500	0	500	500	0	
1.6599911145e+02	265	3	43	6	53	447	50	0	500	500	0	500	500	0	
1.6649668114e+02	265	3	47	2	52	448	50	0	500	500	0	500	500	0	
1.6699882388e+02	265	3	45	4	47	453	50	0	500	500	0	500	500	0	
1.6749812263e+02	266	3	48	1	44	456	50	0	500	500	0	500	500	0	
1.6799915930e+02	268	2	47	3	40	460	50	0	500	500	0	500	500	0	
1.6849849904e+02	268	3	48	2	29	471	50	0	500	500	0	500	500	0	
1.6899665269e+02	268	3	49	1	44	456	50	0	500	500	0	500	500	0	
1.6949807028e+02	270	5	47	3	34	466	50	0	500	500	0	500	500	0	
1.6999956311e+02	271	5	46	5	44	456	50	0	500	500	0	500	500	0	
1.7049804993e+02	271	6	48	3	35	465	50	0	500	500	0	500	500	0	
1.7099228680e+02	274	4	42	8	35	465	50	0	500	500	0	500	500	0	
1.7149536407e+02	273	6	47	3	45	455	50	0	500	500	0	500	500	0	
1.7199969920e+02	275	5	46	3	36	464	50	0	500	500	0	500	500	0	
1.7249922381e+02	273	7	49	1	54	446	50	0	500	500	0	500	500	0	
1.7299807622e+02	277	6	49	1	39	461	50	0	500	500	0	500	500	0	
1.7349968892e+02	276	6	40	8	41	459	50	0	500	500	0	500	500	0	
1.7399939942e+02	275	8	42	6	50	450	50	0	500	500	0	500	500	0	
1.7449533372e+02	274	14	39	8	33	467	50	0	500	500	0	500	500	0	
1.7499691007e+02	278	10	40	7	48	452	50	0	500	500	0	500	500	0	
1.7549427784e+02	279	9	39	8	39	461	50	0	500	500	0	500	500	0	
1.7599860513e+02	282	6	45	3	40	460	50	0	500	500	0	500	500	0	
1.7649740333e+02	285	3	44	3	53	447	50	0	500	500	0	500	500	0	
1.7699945931e+02	285	3	44	3	44	456	50	0	500	500	0	500	500	0	
1.7749845383e+02	284	5	43	5	44	456	50	0	500	500	0	500	500	0	
1.7799494920e+02	286	6	46	2	37	463	50	0	500	500	0	500	500	0	
1.7849864222e+02	287	6	44	4	38	462	50	0	500	500	0	500	500	0	
1.7899399919e+02	288	7	45	3	46	454	50	0	500	500	0	500	500	0	
1.7949985550e+02	292	5	42	5	40	460	50	0	500	500	0	500	500	0	
1.7999996782e+02	294	4	45	2	41	459	50	0	500	500	0	500	500	0	
1.8049753958e+02	293	6	43	5	30	470	50	0	500	500	0	500	500	0	
1.8099336722e+02	294	5	42	5	34	466	50	0	500	500	0	500	500	0	
1.8149724973e+02	293	6	46	2	24	476	50	0	500	500	0	500	500	0	
1.8199856348e+02	293	5	45	3	32	468	50	0	500	500	0	500	500	0	
1.8249732147e+02	294	4	46	2	41	459	50	0	500	500	0	500	500	0	
1.8298696044e+02	295	5	46	2	37	463	50	0	500	500	0	500	500	0	
1.8349261600e+02	295	5	48	2	49	451	50	0	500	500	0	500	500	0	
1.8399580212e+02	295	5	51	2	56	444	50	0	500	500	0	500	500	0	
1.8449726224e+02	297	5	52	1	43	457	50	0	500	500	0	500	500	0	
1.8499944339e+02	299	5	43	10	39	461	50	0	500	500	0	500	500	0	
1.8549677663e+02	300	4	46	6	39	461	50	0	500	500	0	500	500	0	
1.8599838218e+02	301	4	45	8	35	465	50	0	500	500	0	500	500	0	
1.8649994500e+02	301	5	45	8	30	470	50	0	500	500	0	500	500	0	
1.8699564506e+02	302	6	46	7	31	469	50	0	500	500	0	500	500	0	
1.8749799922e+02	305	4	48	4	48	452	50	0	500	500	0	500	500	0	
1.8799898591e+02	305	6	46	7	50	450	50	0	500	500	0	500	500	0	
1.8849946435e+02	306	6	48	5	44	456	50	0	500	500	0	500	500	0	
1.8899618131e+02	306	5	49	3	30	470	50	0	500	500	0	500	500	0	
1.8949735698e+02	307	4	50	2	50	450	50	0	500	500	0	500	500	0	
1.8999987391e+02	307	5	48	4	42	458	50	0	500	500	0	500	500	0	
1.9049957270e+02	307	6	47	5	26	474	50	0	500	500	0	500	500	0	
1.9099888284e+02	310	5	51	2	41	459	50	0	500	500	0	500	500	0	
1.9149904817e+02	308	6	51	2	37	463	50	0	500	500	0	500	500	0	
1.9199140578e+02	310	7	48	4	34	466	50	0	500	500	0	500	500	0	
1.9249981677e+02	311	7	47	5	41	459	50	0	500	500	0	500	500	0	
1.9299919890e+02	313	6	48	4	42	458	50	0	500	500	0	500	500	0	
1.9349576190e+02	316	4	47	5	38	462	50	0	500	500	0	500	500	0	
1.9399942915e+02	316	4	48	3	40	460	50	0	500	500	0	500	500	0	
1.9449715292e+02	318	4	49	2	25	475	50	0	500	500	0	500	500	0	
1.9499861575e+02	317	5	49	2	37	463	50	0	500	500	0	500	500	0	
1.9549833910e+02	319	3	48	3	41	459	50	0	500	500	0	500	500	0	
1.9599770080e+02	320	4	49	2	38	462	50	0	500	500	0	500	500	0	
1.9649474257e+02	320	3	44	7	30	470	50	0	500	500	0	500	500	0	
1.9699922587e+02	321	3	43	8	31	469	50	0	500	500	0	500	500	0	
1.9748925897e+02	320	4	44	6	42	458	50	0	500	500	0	500	500	0	
1.9799919326e+02	323	5	44	6	39	461	50	0	500	500	0	500	500	0	
1.9848656642e+02	325	3	49	1	40	460	50	0	500	500	0	500	500	0	
1.9899889733e+02	326	2	47	3	28	472	50	0	500	500	0	500	500	0	
1.9949475011e+02	327	1	46	4	21	479	50	0	500	500	0	500	500	0	
1.9999825086e+02	328	1	48	2	46	454	50	0	500	500	0	500	500	0	
2.0049834456e+02	328	2	50	0	38	462	50	0	500	500	0	500	500	0	
2.0099563647e+02	328	3	50	0	51	449	50	0	500	500	0	500	500	0	
2.0149772626e+02	329	2	49	1	40	460	50	0	500	500	0	500	500	0	
2.0199998677e+02	330	2	49	1	33	467	50	0	500	500	0	500	500	0	
2.0249940081e+02	329	3	49	1	48	452	50	0	500	500	0	500	500	0	
2.0299653278e+02	330	3	48	2	25	475	50	0	500	500	0	500	500	0	
2.0349624338e+02	330	3	49	1	26	474	50	0	500	500	0	500	500	0	
2.0399548001e+02	330	5	47	3	37	463	50	0	500	500	0	500	500	0	
2.0449350886e+02	330	7	43	6	34	466	50	0	500	500	0	500	500	0	
2.0499863705e+02	332	6	40	9	35	465	50	0	500	500	0	500	500	0	
2.0549446552e+02	331	6	38	11	24	476	50	0	500	500	0	500	500	0	
2.0599899032e+02	331	6	37	12	33	467	50	0	500	500	0	500	500	0	
2.0649989908e+02	330	7	38	10	26	474	50	0	500	500	0	500	500	0	
2.0699956319e+02	330	6	39	9	39	461	50	0	500	500	0	500	500	0	
2.0749423495e+02	332	5	45	4	36	464	50	0	500	500	0	500	500	0	
2.0799978232e+02	334	3	47	2	54	446	50	0	500	500	0	500	500	0	
2.0849810354e+02	336	3	47	2	41	459	50	0	500	500	0	500	500	0	
2.0899966427e+02	336	2	46	2	39	461	50	0	500	500	0	500	500	0	
2.0949621282e+02	338	2	45	3	40	460	50	0	500	500	0	500	500	0	
2.0999841001e+02	338	2	47	1	37	463	50	0	500	500	0	500	500	0	
2.1049744144e+02	337	4	46	2	39	461	50	0	500	500	0	500	500	0	
2.1099607621e+02	338	5	41	6	36	464	50	0	500	500	0	500	500	0	
2.1149925016e+02	340	3	40	7	33	467	50	0	500	500	0	500	500	0	
2.1199795537e+02	341	2	42	5	44	456	50	0	500	500	0	500	500	0	
2.1249930347e+02	341	2	44	2	43	457	50	0	500	500	0	500	500	0	
2.1299934187e+02	339	5	40	5	36	464	50	0	500	500	0	500	500	0	
2.1349934527e+02	339	5	38	7	48	452	50	0	500	500	0	500	500	0	
2.1399158981e+02	339	4	39	7	47	453	50	0	500	500	0	500	500	0	
2.1449957650e+02	339	5	41	6	35	465	50	0	500	500	0	500	500	0	
2.1499789328e+02	340	4	40	6	19	481	50	0	500	500	0	500	500	0	
2.1549897486e+02	341	3	40	4	25	475	50	0	500	500	0	500	500	0	
2.1599782809e+02	342	3	39	5	42	458	50	0	500	500	0	500	500	0	
2.1649971095e+02	343	2	41	2	53	447	50	0	500	500	0	500	500	0	
2.1699626925e+02	344	5	38	5	56	444	50	0	500	500	0	500	500	0	
2.1749919063e+02	343	7	39	4	42	458	50	0	500	500	0	500	500	0	
2.1799975328e+02	344	6	38	4	49	451	50	0	500	500	0	500	500	0	
2.1849624831e+02	346	5	38	4	27	473	50	0	500	500	0	500	500	0	
2.1899961964e+02	346	3	37	5	50	450	50	0	500	500	0	500	500	0	
2.1949965685e+02	347	4	39	4	43	457	50	0	500	500	0	500	500	0	
2.1999095726e+02	346	5	38	5	33	467	50	0	500	500	0	500	500	0	
2.2049816125e+02	347	5	43	1	41	459	50	0	500	500	0	500	500	0	
2.2099930293e+02	347	5	42	1	31	469	50	0	500	500	0	500	500	0	
2.2149719212e+02	348	5	42	2	37	463	50	0	500	500	0	500	500	0	
2.2199858648e+02	348	6	42	1	37	463	50	0	500	500	0	500	500	0	
2.2249964973e+02	351	4	40	3	58	442	50	0	500	500	0	500	500	0	
2.2299994221e+02	350	4	37	6	47	453	50	0	500	500	0	500	500	0	
2.2349926248e+02	352	4	39	4	54	446	50	0	500	500	0	500	500	0	
2.2399879783e+02	349	6	35	8	43	457	50	0	500	500	0	500	500	0	
2.2449420873e+02	349	8	40	3	43	457	50	0	500	500	0	500	500	0	
2.2499866886e+02	350	6	41	2	22	478	50	0	500	500	0	500	500	0	
2.2549996637e+02	350	8	39	4	33	467	50	0	500	500	0	500	500	0	
2.2599656486e+02	354	5	38	5	53	447	50	0	500	500	0	500	500	0	
2.2649914748e+02	354	5	39	4	50	450	50	0	500	500	0	500	500	0	
2.2699913560e+02	354	5	39	4	42	458	50	0	500	500	0	500	500	0	
2.2749996482e+02	355	6	38	5	44	456	50	0	500	500	0	500	500	0	
2.2799993158e+02	354	8	35	8	60	440	50	0	500	500	0	500	500	0	
2.2849919121e+02	352	12	32	12	58	442	50	0	500	500	0	500	500	0	
2.2899944362e+02	353	11	35	9	37	463	50	0	500	500	0	500	500	0	
2.2949725607e+02	357	9	40	4	40	460	50	0	500	500	0	500	500	0	
2.2999928994e+02	357	9	41	4	51	449	50	0	500	500	0	500	500	0	
2.3049744214e+02	358	8	40	5	54	446	50	0	500	500	0	500	500	0	
2.3099746477e+02	360	6	40	6	51	449	50	0	500	500	0	500	500	0	
2.3149821311e+02	363	5	45	2	54	446	50	0	500	500	0	500	500	0	
2.3199691304e+02	364	4	46	1	42	458	50	0	500	500	0	500	500	0	
2.3249996451e+02	367	4	41	6	34	466	50	0	500	500	0	500	500	0	
2.3299967227e+02	366	6	43	4	39	461	50	0	500	500	0	500	500	0	
2.3349919084e+02	366	5	42	5	26	474	50	0	500	500	0	500	500	0	
2.3399822533e+02	366	6	45	2	40	460	50	0	500	500	0	500	500	0	
2.3449807048e+02	369	5	38	9	38	462	50	0	500	500	0	500	500	0	
2.3499732488e+02	370	4	39	8	39	461	50	0	500	500	0	500	500	0	
2.3549440469e+02	369	5	41	6	45	455	50	0	500	500	0	500	500	0	
2.3599986628e+02	369	4	43	4	49	451	50	0	500	500	0	500	500	0	
2.3649798741e+02	368	7	40	6	56	444	50	0	500	500	0	500	500	0	
2.3699674252e+02	366	10	37	9	34	466	50	0	500	500	0	500	500	0	
2.3749492059e+02	365	13	36	11	39	461	50	0	500	500	0	500	500	0	
2.3799674958e+02	370	9	40	8	36	464	50	0	500	500	0	500	500	0	
2.3849995862e+02	372	8	41	7	48	452	50	0	500	500	0	500	500	0	
2.3899702988e+02	374	8	39	9	50	450	50	0	500	500	0	500	500	0	
2.3949851373e+02	375	7	43	5	54	446	50	0	500	500	0	500	500	0	
2.3999909110e+02	378	6	43	5	56	444	50	0	500	500	0	500	500	0	
2.4049996019e+02	382	3	45	3	44	456	50	0	500	500	0	500	500	0	
2.4099996702e+02	383	2	44	4	32	468	50	0	500	500	0	500	500	0	
2.4149925504e+02	383	3	47	1	54	446	50	0	500	500	0	500	500	0	
2.4199803678e+02	382	5	45	4	54	446	50	0	500	500	0	500	500	0	
2.4249725021e+02	385	5	45	5	32	468	50	0	500	500	0	500	500	0	
2.4299368330e+02	387	3	44	6	26	474	50	0	500	500	0	500	500	0	
2.4349986449e+02	386	3	48	2	39	461	50	0	500	500	0	500	500	0	
2.4399903388e+02	387	3	47	1	53	447	50	0	500	500	0	500	500	0	
2.4449957081e+02	388	1	45	3	41	459	50	0	500	500	0	500	500	0	
2.4499617379e+02	388	1	45	3	35	465	50	0	500	500	0	500	500	0	
2.4549408774e+02	389	0	47	1	44	456	50	0	500	500	0	500	500	0	
2.4599994525e+02	389	0	47	1	58	442	50	0	500	500	0	500	500	0	
2.4649649350e+02	388	0	46	1	46	454	50	0	500	500	0	500	500	0	
2.4699511296e+02	387	0	47	0	44	456	50	0	500	500	0	500	500	0	
2.4749909317e+02	386	1	47	0	29	471	50	0	500	500	0	500	500	0	
2.4799387919e+02	386	2	44	3	51	449	50	0	500	500	0	500	500	0	
2.4849289231e+02	387	2	42	5	38	462	50	0	500	500	0	500	500	0	
2.4899865875e+02	387	3	47	0	27	473	50	0	500	500	0	500	500	0	
2.4949893899e+02	386	3	46	0	31	469	50	0	500	500	0	500	500	0	
2.4999991619e+02	386	3	43	3	28	472	50	0	500	500	0	500	500	0	
2.5049936551e+02	385	3	43	3	48	452	50	0	500	500	0	500	500	0	
2.5099929432e+02	384	3	46	2	32	468	50	0	500	500	0	500	500	0	
2.5149584509e+02	384	5	46	2	32	468	50	0	500	500	0	500	500	0	
2.5199856582e+02	385	4	46	3	48	452	50	0	500	500	0	500	500	0	
2.5249785393e+02	387	3	44	5	58	442	50	0	500	500	0	500	500	0	
2.5299918957e+02	385	5	47	3	35	465	50	0	500	500	0	500	500	0	
2.5349940054e+02	384	6	47	2	48	452	50	0	500	500	0	500	500	0	
2.5399548083e+02	386	4	47	2	40	460	50	0	500	500	0	500	500	0	
2.5449772714e+02	386	3	47	2	37	463	50	0	500	500	0	500	500	0	
2.5499957755e+02	383	5	45	4	42	458	50	0	500	500	0	500	500	0	
2.5549689021e+02	381	8	46	3	21	479	50	0	500	500	0	500	500	0	
2.5599896271e+02	383	5	46	3	29	471	50	0	500	500	0	500	500	0	
2.5649972957e+02	383	7	47	2	35	465	50	0	500	500	0	500	500	0	
2.5699970993e+02	383	6	45	4	29	471	50	0	500	500	0	500	500	0	
2.5749553700e+02	385	4	41	8	34	466	50	0	500	500	0	500	500	0	
2.5799646569e+02	384	5	41	8	33	467	50	0	500	500	0	500	500	0	
2.5849926187e+02	384	3	46	3	24	476	50	0	500	500	0	500	500	0	
2.5899096271e+02	384	4	48	0	34	466	50	0	500	500	0	500	500	0	
2.5949952757e+02	385	5	49	0	32	468	50	0	500	500	0	500	500	0	
2.5999959202e+02	386	4	48	3	38	462	50	0	500	500	0	500	500	0	
2.6049605555e+02	386	6	45	6	43	457	50	0	500	500	0	500	500	0	
2.6099629720e+02	385	12	47	4	49	451	50	0	500	500	0	500	500	0	
2.6149963743e+02	382	13	42	9	41	459	50	0	500	500	0	500	500	0	
2.6199623604e+02	387	8	45	6	33	467	50	0	500	500	0	500	500	0	
2.6249789076e+02	387	9	43	8	39	461	50	0	500	500	0	500	500	0	
2.6299873122e+02	390	8	43	8	37	463	50	0	500	500	0	500	500	0	
2.6349366356e+02	393	7	47	5	43	457	50	0	500	500	0	500	500	0	
2.6399930534e+02	394	5	42	10	38	462	50	0	500	500	0	500	500	0	
2.6449729186e+02	393	6	43	8	52	448	50	0	500	500	0	500	500	0	
2.6499847119e+02	395	4	50	2	55	445	50	0	500	500	0	500	500	0	
2.6549932774e+02	398	4	51	2	26	474	50	0	500	500	0	500	500	0	
2.6599948001e+02	400	3	50	3	25	475	50	0	500	500	0	500	500	0	
2.6649749802e+02	401	2	49	3	23	477	50	0	500	500	0	500	500	0	
2.6699681850e+02	401	3	49	2	36	464	50	0	500	500	0	500	500	0	
2.6749709097e+02	400	5	47	4	49	451	50	0	500	500	0	500	500	0	
2.6799849475e+02	401	3	44	7	33	467	50	0	500	500	0	500	500	0	
2.6849817808e+02	403	3	46	5	25	475	50	0	500	500	0	500	500	0	
2.6899931220e+02	401	5	45	6	28	472	50	0	500	500	0	500	500	0	
2.6949823373e+02	403	5	44	6	33	467	50	0	500	500	0	500	500	0	
2.6999711589e+02	404	4	45	6	47	453	50	0	500	500	0	500	500	0	
2.7049748032e+02	403	5	46	5	26	474	50	0	500	500	0	500	500	0	
2.7099992591e+02	404	4	45	6	34	466	50	0	500	500	0	500	500	0	
2.7149445033e+02	404	5	45	6	30	470	50	0	500	500	0	500	500	0	
2.7199985810e+02	403	5	43	8	31	469	50	0	500	500	0	500	500	0	
2.7249632454e+02	403	5	46	6	44	456	50	0	500	500	0	500	500	0	
2.7299521534e+02	404	5	44	8	38	462	50	0	500	500	0	500	500	0	
2.7349776633e+02	403	6	45	8	31	469	50	0	500	500	0	500	500	0	
2.7399798455e+02	403	6	47	6	36	464	50	0	500	500	0	500	500	0	
2.7449538750e+02	404	5	50	3	48	452	50	0	500	500	0	500	500	0	
2.7499882374e+02	406	2	52	2	54	446	50	0	500	500	0	500	500	0	
2.7549932206e+02	406	2	52	3	47	453	50	0	500	500	0	500	500	0	
2.7599787692e+02	406	2	53	3	42	458	50	0	500	500	0	500	500	0	
2.7649686904e+02	403	4	48	8	37	463	50	0	500	500	0	500	500	0	
2.7699705728e+02	404	4	48	8	50	450	50	0	500	500	0	500	500	0	
2.7749338585e+02	405	4	49	7	39	461	50	0	500	500	0	500	500	0	
2.7799941501e+02	404	4	53	3	24	476	50	0	500	500	0	500	500	0	
2.7849488873e+02	401	6	51	5	29	471	50	0	500	500	0	500	500	0	
2.7899964645e+02	401	6	52	4	41	459	50	0	500	500	0	500	500	0	
2.7949976760e+02	401	6	46	10	41	459	50	0	500	500	0	500	500	0	
2.7999328891e+02	401	6	49	7	35	465	50	0	500	500	0	500	500	0	
2.8049438745e+02	403	3	53	1	48	452	50	0	500	500	0	500	500	0	
2.8099792780e+02	403	4	45	10	26	474	50	0	500	500	0	500	500	0	
2.8149747275e+02	403	5	47	8	21	479	50	0	500	500	0	500	500	0	
2.8199779015e+02	404	7	46	10	32	468	50	0	500	500	0	500	500	0	
2.8249785637e+02	404	7	50	6	24	476	50	0	500	500	0	500	500	0	
2.8299983490e+02	404	7	51	5	34	466	50	0	500	500	0	500	500	0	
2.8349906114e+02	405	7	54	2	29	471	50	0	500	500	0	500	500	0	
2.8399940351e+02	408	3	55	2	40	460	50	0	500	500	0	500	500	0	
2.8449983754e+02	408	5	54	3	34	466	50	0	500	500	0	500	500	0	
2.8499720824e+02	410	5	52	5	38	462	50	0	500	500	0	500	500	0	
2.8549859948e+02	409	4	54	3	47	453	50	0	500	500	0	500	500	0	
2.8599939888e+02	409	3	52	6	28	472	50	0	500	500	0	500	500	0	
2.8649257306e+02	406	4	55	3	37	463	50	0	500	500	0	500	500	0	
2.8699669830e+02	408	2	51	7	42	458	50	0	500	500	0	500	500	0	
2.8749900846e+02	409	1	51	7	34	466	50	0	500	500	0	500	500	0	
2.8799779983e+02	406	2	53	5	11	489	50	0	500	500	0	500	500	0	
2.8849997064e+02	404	2	56	2	26	474	50	0	500	500	0	500	500	0	
2.8899878425e+02	402	3	48	10	35	465	50	0	500	500	0	500	500	0	
2.8949825079e+02	399	7	49	9	41	459	50	0	500	500	0	500	500	0	
2.8999855054e+02	400	7	52	6	34	466	50	0	500	500	0	500	500	0	
2.9049499428e+02	399	6	50	7	30	470	50	0	500	500	0	500	500	0	
2.9099983490e+02	402	4	51	6	17	483	50	0	500	500	0	500	500	0	
2.9149834859e+02	402	5	53	4	34	466	50	0	500	500	0	500	500	0	
2.9199979917e+02	400	4	53	4	27	473	50	0	500	500	0	500	500	0	
2.9249643656e+02	399	6	54	3	40	460	50	0	500	500	0	500	500	0	
2.9299486201e+02	400	7	53	4	22	478	50	0	500	500	0	500	500	0	
2.9349857956e+02	400	9	52	5	30	470	50	0	500	500	0	500	500	0	
2.9399869789e+02	403	7	54	3	18	482	50	0	500	500	0	500	500	0	
2.9449278056e+02	404	7	49	8	48	452	50	0	500	500	0	500	500	0	
2.9499706861e+02	402	8	50	6	45	455	50	0	500	500	0	500	500	0	
2.9549981582e+02	403	7	48	8	34	466	50	0	500	500	0	500	500	0	
2.9599883775e+02	402	8	43	13	44	456	50	0	500	500	0	500	500	0	
2.9649763625e+02	400	8	45	11	28	472	50	0	500	500	0	500	500	0	
2.9699873639e+02	403	7	46	11	30	470	50	0	500	500	0	500	500	0	
2.9749954636e+02	405	4	49	8	36	464	50	0	500	500	0	500	500	0	
2.9799957826e+02	406	4	47	10	37	463	50	0	500	500	0	500	500	0	
2.9849955047e+02	405	5	50	7	37	463	50	0	500	500	0	500	500	0	
2.9898442883e+02	406	5	50	8	42	458	50	0	500	500	0	500	500	0	
2.9949884450e+02	406	5	51	8	43	457	50	0	500	500	0	500	500	0	
2.9999720062e+02	406	6	49	9	47	453	50	0	500	500	0	500	500	0	
3.0049744000e+02	407	4	52	5	34	466	50	0	500	500	0	500	500	0	
3.0099989875e+02	407	5	53	4	37	463	50	0	500	500	0	500	500	0	
3.0149986981e+02	405	7	54	3	47	453	50	0	500	500	0	500	500	0	
3.0199903628e+02	408	4	49	7	41	459	50	0	500	500	0	500	500	0	
3.0249458248e+02	406	9	50	4	31	469	50	0	500	500	0	500	500	0	
3.0299835132e+02	408	7	50	4	41	459	50	0	500	500	0	500	500	0	
3.0349861617e+02	409	6	47	7	39	461	50	0	500	500	0	500	500	0	
3.0399906995e+02	409	6	51	3	45	455	50	0	500	500	0	500	500	0	
3.0449991729e+02	410	7	48	6	45	455	50	0	500	500	0	500	500	0	
3.0499896899e+02	412	5	50	5	48	452	50	0	500	500	0	500	500	0	
3.0549570976e+02	413	4	50	5	44	456	50	0	500	500	0	500	500	0	
3.0598458879e+02	414	4	52	3	46	454	50	0	500	500	0	500	500	0	
3.0649952368e+02	415	7	52	3	45	455	50	0	500	500	0	500	500	0	
3.0699846623e+02	415	8	51	3	45	455	50	0	500	500	0	500	500	0	
3.0749969741e+02	415	8	44	11	53	447	50	0	500	500	0	500	500	0	
3.0799933633e+02	415	10	45	10	48	452	50	0	500	500	0	500	500	0	
3.0849741177e+02	419	6	48	6	40	460	50	0	500	500	0	500	500	0	
3.0899633523e+02	418	8	46	6	46	454	50	0	500	500	0	500	500	0	
3.0949924104e+02	418	7	44	7	50	450	50	0	500	500	0	500	500	0	
3.0999942490e+02	420	5	45	6	38	462	50	0	500	500	0	500	500	0	
3.1049737974e+02	421	5	45	6	33	467	50	0	500	500	0	500	500	0	
3.1099926154e+02	422	3	44	6	34	466	50	0	500	500	0	500	500	0	
3.1149759438e+02	422	4	44	6	26	474	50	0	500	500	0	500	500	0	
3.1199938195e+02	416	9	45	6	27	473	50	0	500	500	0	500	500	0	
3.1249923555e+02	418	7	44	7	31	469	50	0	500	500	0	500	500	0	
3.1299824703e+02	418	7	44	8	33	467	50	0	500	500	0	500	500	0	
3.1349862856e+02	417	10	45	7	24	476	50	0	500	500	0	500	500	0	
3.1399849428e+02	419	8	42	10	35	465	50	0	500	500	0	500	500	0	
3.1449886097e+02	422	6	47	5	25	475	50	0	500	500	0	500	500	0	
3.1499521927e+02	421	9	43	8	33	467	50	0	500	500	0	500	500	0	
3.1549842927e+02	421	8	41	9	42	458	50	0	500	500	0	500	500	0	
3.1599661032e+02	420	9	46	5	38	462	50	0	500	500	0	500	500	0	
3.1649934601e+02	421	8	43	8	38	462	50	0	500	500	0	500	500	0	
3.1699998375e+02	423	7	39	10	34	466	50	0	500	500	0	500	500	0	
3.1749733987e+02	424	7	41	8	38	462	50	0	500	500	0	500	500	0	
3.1799035593e+02	424	9	43	5	48	452	50	0	500	500	0	500	500	0	
3.1849985739e+02	424	9	40	7	45	455	50	0	500	500	0	500	500	0	
3.1899948820e+02	426	7	42	5	42	458	50	0	500	500	0	500	500	0	
3.1949678000e+02	426	6	40	7	35	465	50	0	500	500	0	500	500	0	
3.1999935061e+02	428	5	45	2	42	458	50	0	500	500	0	500	500	0	
3.2049551296e+02	428	5	44	4	60	440	50	0	500	500	0	500	500	0	
3.2099633059e+02	429	4	47	1	34	466	50	0	500	500	0	500	500	0	
3.2149993035e+02	429	4	46	2	38	462	50	0	500	500	0	500	500	0	
3.2199664442e+02	430	5	45	3	48	452	50	0	500	500	0	500	500	0	
3.2249764572e+02	430	5	44	3	48	452	50	0	500	500	0	500	500	0	
3.2299260364e+02	430	4	43	5	38	462	50	0	500	500	0	500	500	0	
3.2349741360e+02	429	5	43	6	39	461	50	0	500	500	0	500	500	0	
3.2399902455e+02	430	3	49	0	42	458	50	0	500	500	0	500	500	0	
3.2449807023e+02	430	4	42	7	31	469	50	0	500	500	0	500	500	0	
3.2499769374e+02	430	6	42	8	31	469	50	0	500	500	0	500	500	0	
3.2549788820e+02	431	7	44	6	35	465	50	0	500	500	0	500	500	0	
3.2599934806e+02	435	4	46	4	42	458	50	0	500	500	0	500	500	0	
3.2649957244e+02	436	3	48	2	41	459	50	0	500	500	0	500	500	0	
3.2699919072e+02	436	3	47	3	39	461	50	0	500	500	0	500	500	0	
3.2749754225e+02	435	2	47	3	33	467	50	0	500	500	0	500	500	0	
3.2799779224e+02	436	2	46	4	33	467	50	0	500	500	0	500	500	0	
3.2849675444e+02	436	3	46	4	44	456	50	0	500	500	0	500	500	0	
3.2899303190e+02	436	4	48	2	39	461	50	0	500	500	0	500	500	0	
3.2949926585e+02	438	2	46	3	39	461	50	0	500	500	0	500	500	0	
3.2999898043e+02	438	4	42	6	40	460	50	0	500	500	0	500	500	0	
3.3049672212e+02	437	4	43	5	34	466	50	0	500	500	0	500	500	0	
3.3099954572e+02	438	5	46	2	44	456	50	0	500	500	0	500	500	0	
3.3149569699e+02	438	6	45	3	39	461	50	0	500	500	0	500	500	0	
3.3198965191e+02	437	7	43	5	37	463	50	0	500	500	0	500	500	0	
3.3249806070e+02	439	11	39	8	48	452	50	0	500	500	0	500	500	0	
3.3299906018e+02	443	10	38	8	41	459	50	0	500	500	0	500	500	0	
3.3349949166e+02	446	10	42	4	36	464	50	0	500	500	0	500	500	0	
3.3399697776e+02	449	7	39	7	40	460	50	0	500	500	0	500	500	0	
3.3449456478e+02	450	6	38	8	42	458	50	0	500	500	0	500	500	0	
3.3499916007e+02	449	6	33	13	33	467	50	0	500	500	0	500	500	0	
3.3549607791e+02	448	7	40	6	53	447	50	0	500	500	0	500	500	0	
3.3599937252e+02	450	5	42	4	37	463	50	0	500	500	0	500	500	0	
3.3649625542e+02	450	6	42	5	34	466	50	0	500	500	0	500	500	0	
3.3699992896e+02	450	8	39	8	35	465	50	0	500	500	0	500	500	0	
3.3749955853e+02	455	5	37	10	36	464	50	0	500	500	0	500	500	0	
3.3799876616e+02	453	8	33	14	39	461	50	0	500	500	0	500	500	0	
3.3849763660e+02	453	9	38	9	37	463	50	0	500	500	0	500	500	0	
3.3899960102e+02	451	10	40	7	35	465	50	0	500	500	0	500	500	0	
3.3949932922e+02	452	9	41	6	35	465	50	0	500	500	0	500	500	0	
3.3999353162e+02	452	9	36	11	40	460	50	0	500	500	0	500	500	0	
3.4049955797e+02	454	8	39	8	59	441	50	0	500	500	0	500	500	0	
3.4099725047e+02	454	7	43	4	50	450	50	0	500	500	0	500	500	0	
3.4149473264e+02	459	2	41	6	34	466	50	0	500	500	0	500	500	0	
3.4199965692e+02	459	2	41	6	40	460	50	0	500	500	0	500	500	0	
3.4249955981e+02	460	3	46	1	48	452	50	0	500	500	0	500	500	0	
3.4299979491e+02	460	2	45	2	39	461	50	0	500	500	0	500	500	0	
3.4349846655e+02	460	4	46	2	33	467	50	0	500	500	0	500	500	0	
3.4399407865e+02	462	5	42	6	29	471	50	0	500	500	0	500	500	0	
3.4449425809e+02	461	5	42	6	35	465	50	0	500	500	0	500	500	0	
3.4499951692e+02	460	6	43	5	43	457	50	0	500	500	0	500	500	0	
3.4549898322e+02	460	7	47	1	52	448	50	0	500	500	0	500	500	0	
3.4599928734e+02	460	8	44	4	57	443	50	0	500	500	0	500	500	0	
3.4649842075e+02	463	5	43	4	47	453	50	0	500	500	0	500	500	0	
3.4699727225e+02	465	3	42	4	46	454	50	0	500	500	0	500	500	0	
3.4749604408e+02	463	2	43	3	38	462	50	0	500	500	0	500	500	0	
3.4799465647e+02	464	1	43	3	33	467	50	0	500	500	0	500	500	0	
3.4849924839e+02	463	2	43	3	34	466	50	0	500	500	0	500	500	0	
3.4899861085e+02	463	2	41	5	28	472	50	0	500	500	0	500	500	0	
3.4949704253e+02	460	1	40	6	43	457	50	0	500	500	0	500	500	0	
3.4999956931e+02	460	2	41	5	37	463	50	0	500	500	0	500	500	0	
3.5049516005e+02	460	4	40	6	30	470	50	0	500	500	0	500	500	0	
3.5099909343e+02	459	7	43	3	35	465	50	0	500	500	0	500	500	0	
3.5149534091e+02	457	9	43	3	33	467	50	0	500	500	0	500	500	0	
3.5199877029e+02	458	7	41	5	44	456	50	0	500	500	0	500	500	0	
3.5249967296e+02	458	6	40	4	34	466	50	0	500	500	0	500	500	0	
3.5299798170e+02	460	5	42	2	28	472	50	0	500	500	0	500	500	0	
3.5349461391e+02	459	5	40	5	21	479	50	0	500	500	0	500	500	0	
3.5399915520e+02	460	4	42	3	31	469	50	0	500	500	0	500	500	0	
3.5449891059e+02	461	5	41	4	31	469	50	0	500	500	0	500	500	0	
3.5499410573e+02	463	4	39	5	42	458	50	0	500	500	0	500	500	0	
3.5549713677e+02	462	3	40	3	46	454	50	0	500	500	0	500	500	0	
3.5599646068e+02	460	5	38	6	34	466	50	0	500	500	0	500	500	0	
3.5649614861e+02	460	7	42	2	46	454	50	0	500	500	0	500	500	0	
3.5699853314e+02	460	8	39	5	30	470	50	0	500	500	0	500	500	0	
3.5749872812e+02	459	10	36	8	42	458	50	0	500	500	0	500	500	0	
3.5799855717e+02	462	7	35	9	47	453	50	0	500	500	0	500	500	0	
3.5849340267e+02	462	7	37	7	30	470	50	0	500	500	0	500	500	0	
3.5899811403e+02	463	6	40	4	23	477	50	0	500	500	0	500	500	0	
3.5949947493e+02	466	3	36	8	37	463	50	0	500	500	0	500	500	0	
3.5999900245e+02	467	4	34	11	40	460	50	0	500	500	0	500	500	0	
3.6049687005e+02	469	5	36	9	60	440	50	0	500	500	0	500	500	0	
3.6099830869e+02	467	7	39	7	45	455	50	0	500	500	0	500	500	0	
3.6149728023e+02	464	11	38	8	33	467	50	0	500	500	0	500	500	0	
3.6199928017e+02	467	9	40	6	37	463	50	0	500	500	0	500	500	0	
3.6249707516e+02	469	9	41	5	37	463	50	0	500	500	0	500	500	0	
3.6299394685e+02	469	8	42	4	42	458	50	0	500	500	0	500	500	0	
3.6349826358e+02	473	8	41	5	28	472	50	0	500	500	0	500	500	0	
3.6399714388e+02	476	5	44	2	37	463	50	0	500	500	0	500	500	0	
3.6449317334e+02	476	6	41	5	39	461	50	0	500	500	0	500	500	0	
3.6499983827e+02	477	5	41	5	42	458	50	0	500	500	0	500	500	0	
3.6549994356e+02	477	4	38	8	48	452	50	0	500	500	0	500	500	0	
3.6599922559e+02	479	3	41	5	44	456	50	0	500	500	0	500	500	0	
3.6649917424e+02	478	6	44	2	28	472	50	0	500	500	0	500	500	0	
3.6699819747e+02	478	6	44	2	25	475	50	0	500	500	0	500	500	0	
3.6749950102e+02	478	9	44	2	48	452	50	0	500	500	0	500	500	0	
3.6799925087e+02	479	9	39	7	60	440	50	0	500	500	0	500	500	0	
3.6849753938e+02	482	6	41	5	48	452	50	0	500	500	0	500	500	0	
3.6899982801e+02	481	7	37	8	40	460	50	0	500	500	0	500	500	0	
3.6949658868e+02	483	8	39	6	35	465	50	0	500	500	0	500	500	0	
3.6999949823e+02	484	10	40	5	27	473	50	0	500	500	0	500	500	0	
3.7049996982e+02	487	8	40	6	34	466	50	0	500	500	0	500	500	0	
3.7099827640e+02	486	9	39	6	34	466	50	0	500	500	0	500	500	0	
3.7149391644e+02	485	9	41	4	41	459	50	0	500	500	0	500	500	0	
3.7199897208e+02	491	3	41	4	38	462	50	0	500	500	0	500	500	0	
3.7249992682e+02	492	4	43	2	44	456	50	0	500	500	0	500	500	0	
3.7299706139e+02	493	3	43	1	35	465	50	0	500	500	0	500	500	0	
3.7349285050e+02	489	6	42	2	30	470	50	0	500	500	0	500	500	0	
3.7399897783e+02	490	6	42	2	35	465	50	0	500	500	0	500	500	0	
3.7449793120e+02	487	7	38	5	40	460	50	0	500	500	0	500	500	0	
3.7499678692e+02	486	8	37	6	38	462	50	0	500	500	0	500	500	0	
3.7549853737e+02	487	7	45	1	35	465	50	0	500	500	0	500	500	0	
3.7599654399e+02	487	7	44	2	39	461	50	0	500	500	0	500	500	0	
3.7649684618e+02	489	9	41	5	23	477	50	0	500	500	0	500	500	0	
3.7699704890e+02	491	8	40	5	47	453	50	0	500	500	0	500	500	0	
3.7749797949e+02	493	6	40	6	35	465	50	0	500	500	0	500	500	0	
3.7799566619e+02	494	5	42	4	37	463	50	0	500	500	0	500	500	0	
3.7849711194e+02	494	5	42	4	44	456	50	0	500	500	0	500	500	0	
3.7899961920e+02	495	4	36	10	48	452	50	0	500	500	0	500	500	0	
3.7949777685e+02	492	6	37	9	45	455	50	0	500	500	0	500	500	0	
3.7999820375e+02	492	8	42	4	45	455	50	0	500	500	0	500	500	0	
3.8049932568e+02	494	6	44	3	39	461	50	0	500	500	0	500	500	0	
3.8099618735e+02	497	5	45	0	33	467	50	0	500	500	0	500	500	0	
3.8149998928e+02	498	4	45	0	45	455	50	0	500	500	0	500	500	0	
3.8199822619e+02	500	2	43	3	51	449	50	0	500	500	0	500	500	0	
3.8249881114e+02	498	1	42	4	60	440	50	0	500	500	0	500	500	0	
3.8299205883e+02	495	4	42	5	36	464	50	0	500	500	0	500	500	0	
3.8349676728e+02	497	1	43	4	26	474	50	0	500	500	0	500	500	0	
3.8399346353e+02	497	1	44	3	39	461	50	0	500	500	0	500	500	0	
3.8449966988e+02	498	2	47	0	55	445	50	0	500	500	0	500	500	0	
3.8499837858e+02	497	3	45	4	43	457	50	0	500	500	0	500	500	0	
3.8549418529e+02	497	4	45	4	39	461	50	0	500	500	0	500	500	0	
3.8599962461e+02	499	2	44	5	43	457	50	0	500	500	0	500	500	0	
3.8649977819e+02	498	3	44	5	54	446	50	0	500	500	0	500	500	0	
3.8699518823e+02	498	2	46	3	53	447	50	0	500	500	0	500	500	0	
3.8749975370e+02	498	1	44	5	46	454	50	0	500	500	0	500	500	0	
3.8799615500e+02	495	5	46	3	51	449	50	0	500	500	0	500	500	0	
3.8849998770e+02	494	5	45	4	35	465	50	0	500	500	0	500	500	0	
3.8899769838e+02	496	4	45	4	31	469	50	0	500	500	0	500	500	0	
3.8949715891e+02	498	2	45	5	41	459	50	0	500	500	0	500	500	0	
3.8999920683e+02	499	1	48	2	36	464	50	0	500	500	0	500	500	0	
3.9049790941e+02	499	4	47	4	38	462	50	0	500	500	0	500	500	0	
3.9099737092e+02	498	7	48	3	49	451	50	0	500	500	0	500	500	0	
3.9149743052e+02	497	7	46	5	35	465	50	0	500	500	0	500	500	0	
3.9198213776e+02	498	9	46	5	23	477	50	0	500	500	0	500	500	0	
3.9249956557e+02	498	9	45	6	48	452	50	0	500	500	0	500	500	0	
3.9299917672e+02	501	7	46	6	41	459	50	0	500	500	0	500	500	0	
3.9349014948e+02	501	9	45	8	43	457	50	0	500	500	0	500	500	0	
3.9399840944e+02	506	5	43	9	56	444	50	0	500	500	0	500	500	0	
3.9449814905e+02	508	3	46	6	43	457	50	0	500	500	0	500	500	0	
3.9499747744e+02	509	3	43	9	45	455	50	0	500	500	0	500	500	0	
3.9549935877e+02	507	6	45	7	54	446	50	0	500	500	0	500	500	0	
3.9599627077e+02	507	9	48	4	44	456	50	0	500	500	0	500	500	0	
3.9649806597e+02	508	9	47	5	48	452	50	0	500	500	0	500	500	0	
3.9699762891e+02	514	4	48	4	29	471	50	0	500	500	0	500	500	0	
3.9749571750e+02	515	3	50	2	45	455	50	0	500	500	0	500	500	0	
3.9799749904e+02	515	4	50	2	32	468	50	0	500	500	0	500	500	0	
3.9849913152e+02	518	3	50	2	49	451	50	0	500	500	0	500	500	0	
3.9899707725e+02	520	2	46	6	57	443	50	0	500	500	0	500	500	0	
3.9949939191e+02	519	3	46	6	29	471	50	0	500	500	0	500	500	0	
3.9999847446e+02	521	2	47	5	56	444	50	0	500	500	0	500	500	0	
4.0049968493e+02	520	4	50	2	45	455	50	0	500	500	0	500	500	0	
4.0099762785e+02	522	4	49	3	36	464	50	0	500	500	0	500	500	0	
4.0149847933e+02	523	4	51	1	43	457	50	0	500	500	0	500	500	0	
4.0199775241e+02	523	5	49	3	39	461	50	0	500	500	0	500	500	0	
4.0249959850e+02	524	3	48	4	37	463	50	0	500	500	0	500	500	0	
4.0299915474e+02	524	5	48	4	35	465	50	0	500	500	0	500	500	0	
4.0349899704e+02	526	3	48	3	41	459	50	0	500	500	0	500	500	0	
4.0399689349e+02	526	4	51	1	45	455	50	0	500	500	0	500	500	0	
4.0449626500e+02	527	3	49	2	50	450	50	0	500	500	0	500	500	0	
4.0499821243e+02	525	3	46	5	45	455	50	0	500	500	0	500	500	0	
4.0549147859e+02	526	3	47	4	39	461	50	0	500	500	0	500	500	0	
4.0599985287e+02	526	4	47	4	41	459	50	0	500	500	0	500	500	0	
4.0649781425e+02	526	4	48	4	41	459	50	0	500	500	0	500	500	0	
4.0699968508e+02	526	4	47	5	36	464	50	0	500	500	0	500	500	0	
4.0749945825e+02	529	1	46	7	41	459	50	0	500	500	0	500	500	0	
4.0799984159e+02	528	3	48	5	51	449	50	0	500	500	0	500	500	0	
4.0849713091e+02	529	3	48	5	45	455	50	0	500	500	0	500	500	0	
4.0899998544e+02	530	3	51	4	53	447	50	0	500	500	0	500	500	0	
4.0949665975e+02	530	5	49	7	37	463	50	0	500	500	0	500	500	0	
4.0999410202e+02	530	7	52	5	39	461	50	0	500	500	0	500	500	0	
4.1049857871e+02	530	5	49	8	39	461	50	0	500	500	0	500	500	0	
4.1099814625e+02	530	6	53	4	44	456	50	0	500	500	0	500	500	0	
4.1149775824e+02	532	5	50	7	57	443	50	0	500	500	0	500	500	0	
4.1199936645e+02	532	8	52	5	38	462	50	0	500	500	0	500	500	0	
4.1249954956e+02	531	11	49	8	42	458	50	0	500	500	0	500	500	0	
4.1299631130e+02	528	12	47	9	33	467	50	0	500	500	0	500	500	0	
4.1349755790e+02	529	11	46	9	52	448	50	0	500	500	0	500	500	0	
4.1399274356e+02	530	11	43	13	30	470	50	0	500	500	0	500	500	0	
4.1449965228e+02	533	7	45	11	38	462	50	0	500	500	0	500	500	0	
4.1499993018e+02	531	9	41	15	39	461	50	0	500	500	0	500	500	0	
4.1549766667e+02	531	10	49	7	34	466	50	0	500	500	0	500	500	0	
4.1599812795e+02	531	11	48	8	32	468	50	0	500	500	0	500	500	0	
4.1649914052e+02	533	10	51	5	54	446	50	0	500	500	0	500	500	0	
4.1698574216e+02	536	8	47	9	33	467	50	0	500	500	0	500	500	0	
4.1749913375e+02	541	4	50	7	32	468	50	0	500	500	0	500	500	0	
4.1799721681e+02	541	5	51	7	41	459	50	0	500	500	0	500	500	0	
4.1849586364e+02	542	6	51	7	36	464	50	0	500	500	0	500	500	0	
4.1899788882e+02	541	6	50	8	30	470	50	0	500	500	0	500	500	0	
4.1949970351e+02	543	3	50	8	21	479	50	0	500	500	0	500	500	0	
4.1999641638e+02	542	5	55	3	44	456	50	0	500	500	0	500	500	0	
4.2049866867e+02	541	6	56	4	51	449	50	0	500	500	0	500	500	0	
4.2099839561e+02	541	6	56	5	48	452	50	0	500	500	0	500	500	0	
4.2149823246e+02	539	7	54	7	60	440	50	0	500	500	0	500	500	0	
4.2199762198e+02	539	5	58	3	38	462	50	0	500	500	0	500	500	0	
4.2249997930e+02	541	6	55	5	43	457	50	0	500	500	0	500	500	0	
4.2299902724e+02	541	8	55	5	42	458	50	0	500	500	0	500	500	0	
4.2349954780e+02	542	6	56	4	35	465	50	0	500	500	0	500	500	0	
4.2399979911e+02	544	5	52	8	29	471	50	0	500	500	0	500	500	0	
4.2449687715e+02	543	6	54	6	51	449	50	0	500	500	0	500	500	0	
4.2499956500e+02	544	6	57	3	35	465	50	0	500	500	0	500	500	0	
4.2549754189e+02	545	5	57	2	40	460	50	0	500	500	0	500	500	0	
4.2599501335e+02	546	6	54	5	42	458	50	0	500	500	0	500	500	0	
4.2649832851e+02	546	6	48	11	43	457	50	0	500	500	0	500	500	0	
4.2699550129e+02	550	2	56	4	39	461	50	0	500	500	0	500	500	0	
4.2749957588e+02	549	2	53	7	39	461	50	0	500	500	0	500	500	0	
4.2799983957e+02	546	5	55	5	43	457	50	0	500	500	0	500	500	0	
4.2849643866e+02	547	3	55	5	70	430	50	0	500	500	0	500	500	0	
4.2899739097e+02	546	5	54	6	48	452	50	0	500	500	0	500	500	0	
4.2949871043e+02	549	2	55	4	50	450	50	0	500	500	0	500	500	0	
4.2999501294e+02	547	4	57	2	34	466	50	0	500	500	0	500	500	0	
4.3049602578e+02	547	3	56	3	54	446	50	0	500	500	0	500	500	0	
4.3099944306e+02	547	3	53	6	39	461	50	0	500	500	0	500	500	0	
4.3149909602e+02	547	3	53	5	26	474	50	0	500	500	0	500	500	0	
4.3199810291e+02	548	3	55	4	27	473	50	0	500	500	0	500	500	0	
4.3249849677e+02	546	4	55	5	29	471	50	0	500	500	0	500	500	0	
4.3299932366e+02	547	4	51	8	49	451	50	0	500	500	0	500	500	0	
4.3349888816e+02	546	3	52	7	44	456	50	0	500	500	0	500	500	0	
4.3399879340e+02	546	4	54	6	48	452	50	0	500	500	0	500	500	0	
4.3449959185e+02	545	4	58	4	54	446	50	0	500	500	0	500	500	0	
4.3499920271e+02	544	6	55	8	43	457	50	0	500	500	0	500	500	0	
4.3549994694e+02	543	6	58	5	62	438	50	0	500	500	0	500	500	0	
4.3599435723e+02	543	6	56	7	43	457	50	0	500	500	0	500	500	0	
4.3649729159e+02	544	5	57	6	46	454	50	0	500	500	0	500	500	0	
4.3699854665e+02	546	3	59	4	48	452	50	0	500	500	0	500	500	0	
4.3749881050e+02	545	3	60	4	35	465	50	0	500	500	0	500	500	0	
4.3799902729e+02	546	4	60	4	43	457	50	0	500	500	0	500	500	0	
4.3849940356e+02	547	3	59	5	34	466	50	0	500	500	0	500	500	0	
4.3899997717e+02	546	4	55	9	35	465	50	0	500	500	0	500	500	0	
4.3949919786e+02	548	2	62	3	25	475	50	0	500	500	0	500	500	0	
4.3999989444e+02	549	2	63	3	28	472	50	0	500	500	0	500	500	0	
4.4049938036e+02	548	4	63	3	37	463	50	0	500	500	0	500	500	0	
4.4099778255e+02	546	5	63	3	28	472	50	0	500	500	0	500	500	0	
4.4149818421e+02	547	4	64	4	34	466	50	0	500	500	0	500	500	0	
4.4199892441e+02	547	5	63	5	46	454	50	0	500	500	0	500	500	0	
4.4249918646e+02	547	6	63	5	36	464	50	0	500	500	0	500	500	0	
4.4299888458e+02	547	8	63	5	36	464	50	0	500	500	0	500	500	0	
4.4349646012e+02	547	10	63	6	39	461	50	0	500	500	0	500	500	0	
4.4399965682e+02	548	11	60	7	42	458	50	0	500	500	0	500	500	0	
4.4449497310e+02	550	9	58	9	32	468	50	0	500	500	0	500	500	0	
4.4499979273e+02	547	11	60	7	45	455	50	0	500	500	0	500	500	0	
4.4549965057e+02	549	8	59	8	30	470	50	0	500	500	0	500	500	0	
4.4599857438e+02	552	5	62	5	57	443	50	0	500	500	0	500	500	0	
4.4649904521e+02	554	2	63	4	32	468	50	0	500	500	0	500	500	0	
4.4699891688e+02	555	3	60	7	35	465	50	0	500	500	0	500	500	0	
4.4749877797e+02	555	3	62	5	42	458	50	0	500	500	0	500	500	0	
4.4799962985e+02	554	6	63	5	22	478	50	0	500	500	0	500	500	0	
4.4849894501e+02	555	5	61	7	35	465	50	0	500	500	0	500	500	0	
4.4899842639e+02	557	2	62	6	38	462	50	0	500	500	0	500	500	0	
4.4949417169e+02	558	2	63	5	30	470	50	0	500	500	0	500	500	0	
4.4999809894e+02	560	2	66	2	34	466	50	0	500	500	0	500	500	0	
4.5049982848e+02	561	1	66	2	38	462	50	0	500	500	0	500	500	0	
4.5099825237e+02	561	1	65	3	38	462	50	0	500	500	0	500	500	0	
4.5149901574e+02	561	1	67	2	35	465	50	0	500	500	0	500	500	0	
4.5199766611e+02	561	2	66	3	47	453	50	0	500	500	0	500	500	0	
4.5249893243e+02	561	3	64	5	47	453	50	0	500	500	0	500	500	0	
4.5299964723e+02	561	4	62	8	50	450	50	0	500	500	0	500	500	0	
4.5349936185e+02	562	6	64	6	39	461	50	0	500	500	0	500	500	0	
4.5399911386e+02	563	3	66	4	32	468	50	0	500	500	0	500	500	0	
4.5449853498e+02	563	2	66	4	36	464	50	0	500	500	0	500	500	0	
4.5499945519e+02	565	0	69	1	34	466	50	0	500	500	0	500	500	0	
4.5549962010e+02	564	1	68	2	31	469	50	0	500	500	0	500	500	0	
4.5599655730e+02	563	2	68	2	39	461	50	0	500	500	0	500	500	0	
4.5649774895e+02	563	2	66	4	40	460	50	0	500	500	0	500	500	0	
4.5699708733e+02	563	3	66	4	45	455	50	0	500	500	0	500	500	0	
4.5749341109e+02	560	5	64	5	47	453	50	0	500	500	0	500	500	0	
4.5799930092e+02	560	3	62	7	41	459	50	0	500	500	0	500	500	0	
4.5849988610e+02	559	2	65	3	48	452	50	0	500	500	0	500	500	0	
4.5899507415e+02	558	2	63	5	43	457	50	0	500	500	0	500	500	0	
4.5949700469e+02	555	7	63	6	59	441	50	0	500	500	0	500	500	0	
4.5999767391e+02	556	6	63	6	45	455	50	0	500	500	0	500	500	0	
4.6049861962e+02	555	8	61	9	43	457	50	0	500	500	0	500	500	0	
4.6099723285e+02	557	5	64	6	49	451	50	0	500	500	0	500	500	0	
4.6149848421e+02	559	5	67	3	31	469	50	0	500	500	0	500	500	0	
4.6199702156e+02	557	5	65	5	43	457	50	0	500	500	0	500	500	0	
4.6249841019e+02	559	3	66	4	25	475	50	0	500	500	0	500	500	0	
4.6299918726e+02	558	4	63	5	49	451	50	0	500	500	0	500	500	0	
4.6349357582e+02	557	6	60	8	56	444	50	0	500	500	0	500	500	0	
4.6399881272e+02	557	6	57	12	45	455	50	0	500	500	0	500	500	0	
4.6449898153e+02	557	8	57	13	32	468	50	0	500	500	0	500	500	0	
4.6499965146e+02	558	7	61	11	26	474	50	0	500	500	0	500	500	0	
4.6549867173e+02	552	9	64	8	50	450	50	0	500	500	0	500	500	0	
4.6599795630e+02	550	11	60	12	35	465	50	0	500	500	0	500	500	0	
4.6649654271e+02	547	12	58	14	42	458	50	0	500	500	0	500	500	0	
4.6699544606e+02	550	11	56	16	33	467	50	0	500	500	0	500	500	0	
4.6749983835e+02	551	10	57	15	49	451	50	0	500	500	0	500	500	0	
4.6799863161e+02	554	8	60	12	48	452	50	0	500	500	0	500	500	0	
4.6849937796e+02	554	10	66	5	38	462	50	0	500	500	0	500	500	0	
4.6899918987e+02	557	10	66	5	30	470	50	0	500	500	0	500	500	0	
4.6949948406e+02	559	7	66	5	38	462	50	0	500	500	0	500	500	0	
4.6999478753e+02	563	4	65	5	29	471	50	0	500	500	0	500	500	0	
4.7049988999e+02	561	5	65	5	51	449	50	0	500	500	0	500	500	0	
4.7098979868e+02	558	7	63	7	53	447	50	0	500	500	0	500	500	0	
4.7149885234e+02	556	10	62	8	33	467	50	0	500	500	0	500	500	0	
4.7199943544e+02	559	5	64	6	27	473	50	0	500	500	0	500	500	0	
4.7249956135e+02	559	5	64	5	34	466	50	0	500	500	0	500	500	0	
4.7299975050e+02	558	7	63	6	46	454	50	0	500	500	0	500	500	0	
4.7349873057e+02	559	7	62	7	50	450	50	0	500	500	0	500	500	0	
4.7399708831e+02	560	7	64	6	35	465	50	0	500	500	0	500	500	0	
4.7449259364e+02	559	8	62	8	41	459	50	0	500	500	0	500	500	0	
4.7499916320e+02	558	9	63	7	45	455	50	0	500	500	0	500	500	0	
4.7549585828e+02	561	7	63	6	33	467	50	0	500	500	0	500	500	0	
4.7599639518e+02	561	7	66	3	40	460	50	0	500	500	0	500	500	0	
4.7649963707e+02	563	4	63	6	48	452	50	0	500	500	0	500	500	0	
4.7699952676e+02	564	3	67	2	41	459	50	0	500	500	0	500	500	0	
4.7749956988e+02	564	2	64	5	43	457	50	0	500	500	0	500	500	0	
4.7799757513e+02	562	3	63	6	39	461	50	0	500	500	0	500	500	0	
4.7849792149e+02	562	3	62	7	41	459	50	0	500	500	0	500	500	0	
4.7899765018e+02	562	2	65	4	28	472	50	0	500	500	0	500	500	0	
4.7949971659e+02	562	1	67	2	38	462	50	0	500	500	0	500	500	0	
4.7999518277e+02	561	0	70	0	33	467	50	0	500	500	0	500	500	0	
4.8049808383e+02	562	2	70	0	37	463	50	0	500	500	0	500	500	0	
4.8099789214e+02	562	4	65	6	43	457	50	0	500	500	0	500	500	0	
4.8149947750e+02	559	6	65	6	38	462	50	0	500	500	0	500	500	0	
4.8199937890e+02	561	3	63	8	43	457	50	0	500	500	0	500	500	0	
4.8249941027e+02	560	5	62	8	36	464	50	0	500	500	0	500	500	0	
4.8299746051e+02	559	6	65	6	34	466	50	0	500	500	0	500	500	0	
4.8349410833e+02	561	5	69	3	39	461	50	0	500	500	0	500	500	0	
4.8399369015e+02	562	3	68	3	44	456	50	0	500	500	0	500	500	0	
4.8449945870e+02	563	3	68	2	37	463	50	0	500	500	0	500	500	0	
4.8499874749e+02	565	2	69	1	43	457	50	0	500	500	0	500	500	0	
4.8549242170e+02	566	3	67	4	42	458	50	0	500	500	0	500	500	0	
4.8599881170e+02	567	2	67	5	37	463	50	0	500	500	0	500	500	0	
4.8649924370e+02	567	3	68	4	32	468	50	0	500	500	0	500	500	0	
4.8699117616e+02	566	3	67	5	39	461	50	0	500	500	0	500	500	0	
4.8749523786e+02	563	5	69	3	39	461	50	0	500	500	0	500	500	0	
4.8799968956e+02	563	5	67	5	33	467	50	0	500	500	0	500	500	0	
4.8849968807e+02	564	6	64	8	57	443	50	0	500	500	0	500	500	0	
4.8899831851e+02	564	6	58	14	53	447	50	0	500	500	0	500	500	0	
4.8949767244e+02	561	9	60	11	36	464	50	0	500	500	0	500	500	0	
4.8999913796e+02	561	10	61	10	43	457	50	0	500	500	0	500	500	0	
4.9049930592e+02	562	8	60	11	44	456	50	0	500	500	0	500	500	0	
4.9099528965e+02	561	11	62	7	46	454	50	0	500	500	0	500	500	0	
4.9149522404e+02	562	11	58	11	42	458	50	0	500	500	0	500	500	0	
4.9199382786e+02	565	7	65	5	49	451	50	0	500	500	0	500	500	0	
4.9249699044e+02	565	10	60	9	42	458	50	0	500	500	0	500	500	0	
4.9299850412e+02	564	11	58	11	34	466	50	0	500	500	0	500	500	0	
4.9349937017e+02	566	9	59	10	38	462	50	0	500	500	0	500	500	0	
4.9399882631e+02	567	9	54	16	36	464	50	0	500	500	0	500	500	0	
4.9449901611e+02	566	8	60	10	33	467	50	0	500	500	0	500	500	0	
4.9499897153e+02	565	10	58	12	31	469	50	0	500	500	0	500	500	0	
4.9549797051e+02	563	15	59	11	45	455	50	0	500	500	0	500	500	0	
4.9599968064e+02	566	12	56	12	36	464	50	0	500	500	0	500	500	0	
4.9649306274e+02	566	13	53	13	34	466	50	0	500	500	0	500	500	0	
4.9699774612e+02	564	16	52	15	22	478	50	0	500	500	0	500	500	0	
4.9749579524e+02	566	16	56	11	41	459	50	0	500	500	0	500	500	0	
4.9799925791e+02	569	13	54	13	39	461	50	0	500	500	0	500	500	0	
4.9849978817e+02	572	12	58	9	37	463	50	0	500	500	0	500	500	0	
4.9899827378e+02	577	10	55	12	27	473	50	0	500	500	0	500	500	0	
4.9949501185e+02	578	10	58	9	42	458	50	0	500	500	0	500	500	0	
4.9999967771e+02	583	5	59	7	27	473	50	0	500	500	0	500	500	0	
5.0000010714e+02	583	5	59	7	28	472	50	0	500	500	0	500	500	0	
