0.0000000000e+00	0	0	500	0	0	0	0	50	500	500	500	0	0	0	
4.9480916269e-01	0	3	499	1	1	11	0	50	500	500	500	0	0	0	
9.4960442637e-01	0	4	499	1	0	13	0	50	500	500	500	0	0	0	
1.4672333080e+00	0	7	498	2	1	23	0	50	500	500	500	0	0	0	
1.9606989106e+00	0	8	497	3	1	34	0	50	500	500	500	0	0	0	
2.4595444851e+00	0	9	496	4	0	38	0	50	500	500	500	0	0	0	
2.9944664557e+00	1	9	498	2	1	40	0	50	500	500	500	0	0	0	
3.4979346578e+00	1	12	490	10	0	48	0	50	500	500	500	0	0	0	
3.9748449958e+00	1	14	497	3	2	34	0	50	500	500	500	0	0	0	
4.4982252881e+00	2	13	490	10	4	33	0	50	500	500	500	0	0	0	
4.9976065948e+00	2	13	488	12	1	37	0	50	500	500	500	0	0	0	
5.4997008917e+00	2	14	491	9	2	40	0	50	500	500	500	0	0	0	
5.9880995364e+00	2	14	485	15	2	45	0	50	500	500	500	0	0	0	
6.4953022297e+00	2	15	489	11	1	42	0	50	500	500	500	0	0	0	
6.9932692281e+00	3	15	478	22	0	41	0	50	500	500	500	0	0	0	
7.4902400169e+00	3	16	476	24	5	37	0	50	500	500	500	0	0	0	
7.9959656664e+00	4	15	486	14	2	35	0	50	500	500	500	0	0	0	
8.4925516071e+00	4	16	487	13	1	41	0	50	500	500	500	0	0	0	
8.9880333340e+00	5	15	490	10	1	42	0	50	500	500	500	0	0	0	
9.4982185023e+00	5	15	491	9	2	42	0	50	500	500	500	0	0	0	
9.9895497203e+00	5	15	490	10	1	51	0	50	500	500	500	0	0	0	
1.0497392420e+01	5	17	491	9	5	45	0	50	500	500	500	0	0	0	
1.0999600797e+01	5	17	491	9	0	49	0	50	500	500	500	0	0	0	
1.1497465002e+01	5	19	489	11	1	42	0	50	500	500	500	0	0	0	
1.1992981360e+01	5	19	491	9	1	36	0	50	500	500	500	0	0	0	
1.2499831651e+01	5	21	487	13	1	35	0	50	500	500	500	0	0	0	
1.2999636572e+01	6	20	480	20	3	37	0	50	500	500	500	0	0	0	
1.3490020863e+01	6	20	486	14	2	44	0	50	500	500	500	0	0	0	
1.3996928488e+01	7	20	488	12	1	45	0	50	500	500	500	0	0	0	
1.4496415202e+01	7	24	486	14	3	45	0	50	500	500	500	0	0	0	
1.4997198842e+01	7	24	477	23	4	32	0	50	500	500	500	0	0	0	
1.5498490109e+01	7	26	486	14	3	30	0	50	500	500	500	0	0	0	
1.5996813438e+01	7	26	478	22	2	35	0	50	500	500	500	0	0	0	
1.6496304954e+01	7	26	480	20	2	27	0	50	500	500	500	0	0	0	
1.6996218066e+01	7	26	468	32	4	27	0	50	500	500	500	0	0	0	
1.7499155197e+01	10	23	472	28	2	35	0	50	500	500	500	0	0	0	
1.7998089397e+01	10	24	477	23	6	33	0	50	500	500	500	0	0	0	
1.8496226130e+01	10	24	492	8	2	33	0	50	500	500	500	0	0	0	
1.8986955164e+01	12	23	488	12	5	26	0	50	500	500	500	0	0	0	
1.9499882478e+01	12	25	485	15	4	32	0	50	500	500	500	0	0	0	
1.9997398283e+01	13	26	485	15	5	36	0	50	500	500	500	0	0	0	
2.0497883185e+01	13	28	480	20	1	40	0	50	500	500	500	0	0	0	
2.0997827758e+01	14	28	476	24	8	37	0	50	500	500	500	0	0	0	
2.1499737419e+01	14	29	467	33	2	46	0	50	500	500	500	0	0	0	
2.1998690615e+01	15	31	478	22	4	43	0	50	500	500	500	0	0	0	
2.2495148849e+01	17	30	478	22	3	43	0	50	500	500	500	0	0	0	
2.2996746260e+01	16	31	475	25	5	36	0	50	500	500	500	0	0	0	
2.3496912610e+01	16	33	473	27	5	40	0	50	500	500	500	0	0	0	
2.3989942808e+01	16	33	466	34	5	40	0	50	500	500	500	0	0	0	
2.4491100500e+01	17	32	473	27	6	50	0	50	500	500	500	0	0	0	
2.4994713499e+01	17	33	462	38	9	47	0	50	500	500	500	0	0	0	
2.5496067068e+01	17	33	442	58	8	49	0	50	500	500	500	0	0	0	
2.5992494762e+01	18	36	453	47	5	47	0	50	500	500	500	0	0	0	
2.6498660273e+01	20	35	455	45	3	43	0	50	500	500	500	0	0	0	
2.6980439918e+01	20	37	454	46	4	36	0	50	500	500	500	0	0	0	
2.7494058575e+01	20	38	457	43	9	38	0	50	500	500	500	0	0	0	
2.7999226483e+01	20	39	455	45	7	36	0	50	500	500	500	0	0	0	
2.8498550497e+01	22	38	455	45	2	43	0	50	500	500	500	0	0	0	
2.8997988081e+01	22	39	453	47	2	38	0	50	500	500	500	0	0	0	
2.9492690495e+01	21	42	468	32	6	32	0	50	500	500	500	0	0	0	
2.9994773754e+01	21	43	463	37	5	30	0	50	500	500	500	0	0	0	
3.0488728692e+01	22	42	457	43	2	35	0	50	500	500	500	0	0	0	
3.0999746730e+01	22	42	452	48	4	32	0	50	500	500	500	0	0	0	
3.1499263868e+01	22	43	455	45	3	30	0	50	500	500	500	0	0	0	
3.1996959868e+01	23	42	449	51	5	26	0	50	500	500	500	0	0	0	
3.2495866618e+01	22	44	448	52	7	29	0	50	500	500	500	0	0	0	
3.2993526471e+01	22	45	434	66	5	29	0	50	500	500	500	0	0	0	
3.3480257002e+01	22	45	434	66	7	20	0	50	500	500	500	0	0	0	
3.3999786151e+01	22	47	430	70	6	17	0	50	500	500	500	0	0	0	
3.4499631010e+01	21	48	439	61	1	24	0	50	500	500	500	0	0	0	
3.4998920031e+01	22	46	446	54	6	14	0	50	500	500	500	0	0	0	
3.5495189209e+01	21	47	425	75	2	19	0	50	500	500	500	0	0	0	
3.5997592134e+01	21	47	412	88	6	22	0	50	500	500	500	0	0	0	
3.6493992117e+01	21	48	399	101	4	33	0	50	500	500	500	0	0	0	
3.6995322514e+01	20	49	401	99	11	27	0	50	500	500	500	0	0	0	
3.7498204144e+01	17	53	399	101	4	29	0	50	500	500	500	0	0	0	
3.7977578113e+01	22	50	408	92	4	30	0	50	500	500	500	0	0	0	
3.8497433189e+01	21	53	399	101	4	33	0	50	500	500	500	0	0	0	
3.8990962647e+01	22	52	400	100	10	28	0	50	500	500	500	0	0	0	
3.9489410286e+01	21	54	381	119	2	35	0	50	500	500	500	0	0	0	
3.9993187289e+01	20	55	386	114	4	39	0	50	500	500	500	0	0	0	
4.0499750801e+01	21	54	409	91	5	32	0	50	500	500	500	0	0	0	
4.0999532276e+01	22	53	408	92	8	26	0	50	500	500	500	0	0	0	
4.1499163010e+01	22	54	401	99	10	21	0	50	500	500	500	0	0	0	
4.1996219059e+01	25	52	410	90	11	16	0	50	500	500	500	0	0	0	
4.2494540945e+01	24	55	405	95	6	25	0	50	500	500	500	0	0	0	
4.2998059382e+01	24	55	417	83	7	32	0	50	500	500	500	0	0	0	
4.3497290663e+01	24	57	409	91	6	36	0	50	500	500	500	0	0	0	
4.3997497096e+01	25	58	398	102	5	38	0	50	500	500	500	0	0	0	
4.4499018728e+01	24	59	400	100	8	40	0	50	500	500	500	0	0	0	
4.4993684738e+01	23	60	405	95	5	34	0	50	500	500	500	0	0	0	
4.5497841815e+01	23	60	403	97	11	26	0	50	500	500	500	0	0	0	
4.5997659457e+01	25	58	393	107	5	30	0	50	500	500	500	0	0	0	
4.6499472883e+01	26	57	394	106	12	20	0	50	500	500	500	0	0	0	
4.6993561041e+01	23	61	403	97	7	16	0	50	500	500	500	0	0	0	
4.7488114328e+01	23	61	399	101	10	15	0	50	500	500	500	0	0	0	
4.7997344158e+01	21	64	392	108	9	19	0	50	500	500	500	0	0	0	
4.8491823707e+01	19	70	384	116	4	19	0	50	500	500	500	0	0	0	
4.8997964444e+01	19	71	380	120	8	10	0	50	500	500	500	0	0	0	
4.9493440982e+01	18	73	379	121	6	19	0	50	500	500	500	0	0	0	
4.9999151066e+01	17	75	377	123	8	15	0	50	500	500	500	0	0	0	
5.0499371703e+01	16	77	371	129	6	22	0	50	500	500	500	0	0	0	
5.0997004668e+01	14	81	357	143	8	19	0	50	500	500	500	0	0	0	
5.1499693158e+01	14	81	346	154	6	19	0	50	500	500	500	0	0	0	
5.1999939298e+01	12	85	334	166	7	22	0	50	500	500	500	0	0	0	
5.2497954696e+01	12	86	309	191	4	28	0	50	500	500	500	0	0	0	
5.2994091704e+01	11	90	265	235	7	35	0	50	500	500	500	0	0	0	
5.3499324753e+01	11	90	254	246	8	28	0	50	500	500	500	0	0	0	
5.3998657405e+01	11	90	241	259	8	21	0	50	500	500	500	0	0	0	
5.4499991544e+01	11	92	223	277	14	16	0	50	500	500	500	0	0	0	
5.4996115524e+01	11	93	193	307	6	13	0	50	500	500	500	0	0	0	
5.5499939186e+01	9	96	190	310	10	16	0	50	500	500	500	0	0	0	
5.5994657296e+01	9	98	184	316	8	18	0	50	500	500	500	0	0	0	
5.6496596937e+01	9	100	169	331	11	14	0	50	500	500	500	0	0	0	
5.6998444992e+01	7	104	159	341	3	23	0	50	500	500	500	0	0	0	
5.7499569746e+01	7	106	151	349	15	17	0	50	500	500	500	0	0	0	
5.7998191843e+01	9	105	126	374	8	15	0	50	500	500	500	0	0	0	
5.8499895922e+01	9	105	114	386	8	7	0	50	500	500	500	0	0	0	
5.8997042229e+01	7	110	98	402	5	20	0	50	500	500	500	0	0	0	
5.9499106651e+01	7	110	113	387	13	17	0	50	500	500	500	0	0	0	
5.9997942974e+01	3	115	106	394	7	17	0	50	500	500	500	0	0	0	
6.0499899829e+01	3	116	103	397	10	14	0	50	500	500	500	0	0	0	
6.0995914863e+01	3	117	90	410	4	11	0	50	500	500	500	0	0	0	
6.1498364154e+01	4	116	83	417	3	8	0	50	500	500	500	0	0	0	
6.1997979791e+01	4	117	104	396	6	18	0	50	500	500	500	0	0	0	
6.2499261395e+01	4	117	104	396	10	14	0	50	500	500	500	0	0	0	
6.2996137627e+01	6	115	88	412	8	17	0	50	500	500	500	0	0	0	
6.3499601377e+01	5	117	73	427	10	19	0	50	500	500	500	0	0	0	
6.3995226681e+01	5	118	68	432	16	15	0	50	500	500	500	0	0	0	
6.4498440797e+01	4	119	85	415	16	15	0	50	500	500	500	0	0	0	
6.4998695905e+01	4	120	68	432	9	16	0	50	500	500	500	0	0	0	
6.5496029336e+01	4	120	69	431	5	16	0	50	500	500	500	0	0	0	
6.5998433341e+01	5	119	75	425	10	10	0	50	500	500	500	0	0	0	
6.6497476939e+01	4	120	65	435	10	19	0	50	500	500	500	0	0	0	
6.6999827628e+01	6	121	63	437	8	15	0	50	500	500	500	0	0	0	
6.7499836471e+01	4	123	72	428	13	9	0	50	500	500	500	0	0	0	
6.7999892503e+01	4	124	69	431	15	11	0	50	500	500	500	0	0	0	
6.8499414278e+01	5	124	73	427	8	17	0	50	500	500	500	0	0	0	
6.8997327634e+01	5	124	61	439	11	17	0	50	500	500	500	0	0	0	
6.9497557680e+01	6	125	78	422	9	19	0	50	500	500	500	0	0	0	
6.9999310929e+01	5	125	70	430	11	13	0	50	500	500	500	0	0	0	
7.0493328952e+01	6	123	55	445	8	25	0	50	500	500	500	0	0	0	
7.0991086522e+01	6	125	57	443	7	17	0	50	500	500	500	0	0	0	
7.1495547317e+01	6	126	54	446	9	14	0	50	500	500	500	0	0	0	
7.1995960090e+01	6	126	52	448	9	17	0	50	500	500	500	0	0	0	
7.2496277131e+01	5	128	53	447	6	13	0	50	500	500	500	0	0	0	
7.2998583510e+01	5	128	58	442	7	13	0	50	500	500	500	0	0	0	
7.3496306994e+01	7	128	42	458	5	16	0	50	500	500	500	0	0	0	
7.3990584137e+01	6	130	47	453	9	13	0	50	500	500	500	0	0	0	
7.4496114777e+01	6	130	53	447	8	13	0	50	500	500	500	0	0	0	
7.4997155448e+01	6	130	57	443	5	15	0	50	500	500	500	0	0	0	
7.5498645216e+01	7	129	61	439	10	12	0	50	500	500	500	0	0	0	
7.5998868292e+01	7	130	78	422	8	8	0	50	500	500	500	0	0	0	
7.6498376504e+01	8	131	69	431	8	11	0	50	500	500	500	0	0	0	
7.6998776027e+01	9	132	67	433	10	11	0	50	500	500	500	0	0	0	
7.7499818891e+01	7	135	57	443	9	19	0	50	500	500	500	0	0	0	
7.7998736243e+01	6	136	40	460	10	19	0	50	500	500	500	0	0	0	
7.8497118710e+01	7	135	33	467	11	15	0	50	500	500	500	0	0	0	
7.8996045205e+01	5	137	61	439	6	15	0	50	500	500	500	0	0	0	
7.9499565368e+01	4	138	56	444	3	12	0	50	500	500	500	0	0	0	
7.9991911249e+01	4	138	55	445	9	12	0	50	500	500	500	0	0	0	
8.0496179141e+01	4	138	54	446	11	11	0	50	500	500	500	0	0	0	
8.0999995659e+01	3	140	50	450	7	17	0	50	500	500	500	0	0	0	
8.1498441558e+01	3	142	51	449	12	9	0	50	500	500	500	0	0	0	
8.1998315586e+01	3	142	49	451	4	21	0	50	500	500	500	0	0	0	
8.2499608435e+01	1	144	51	449	10	12	0	50	500	500	500	0	0	0	
8.2999411901e+01	1	145	56	444	5	19	0	50	500	500	500	0	0	0	
8.3497852043e+01	0	146	48	452	6	19	0	50	500	500	500	0	0	0	
8.3999307902e+01	1	145	52	448	12	19	0	50	500	500	500	0	0	0	
8.4498703198e+01	1	146	61	439	9	14	0	50	500	500	500	0	0	0	
8.4993449494e+01	1	146	67	433	5	16	0	50	500	500	500	0	0	0	
8.5497605323e+01	3	144	52	448	10	16	0	50	500	500	500	0	0	0	
8.5998647325e+01	2	145	43	457	9	11	0	50	500	500	500	0	0	0	
8.6499880960e+01	3	144	42	458	9	16	0	50	500	500	500	0	0	0	
8.6999726248e+01	3	144	45	455	7	16	0	50	500	500	500	0	0	0	
8.7499372997e+01	1	146	44	456	6	10	0	50	500	500	500	0	0	0	
8.7999810806e+01	1	147	52	448	10	10	0	50	500	500	500	0	0	0	
8.8498302654e+01	1	147	53	447	8	11	0	50	500	500	500	0	0	0	
8.8985344056e+01	1	149	32	468	6	12	0	50	500	500	500	0	0	0	
8.9495151279e+01	1	149	44	456	5	16	0	50	500	500	500	0	0	0	
8.9999838733e+01	1	150	41	459	6	13	0	50	500	500	500	0	0	0	
9.0498343437e+01	1	150	41	459	8	11	0	50	500	500	500	0	0	0	
9.0996115750e+01	1	152	40	460	9	5	0	50	500	500	500	0	0	0	
9.1496119870e+01	2	152	49	451	6	14	0	50	500	500	500	0	0	0	
9.1998000157e+01	5	150	41	459	8	14	0	50	500	500	500	0	0	0	
9.2499355241e+01	5	150	27	473	10	16	0	50	500	500	500	0	0	0	
9.2999484384e+01	5	150	37	463	14	11	0	50	500	500	500	0	0	0	
9.3499528514e+01	4	153	43	457	13	20	0	50	500	500	500	0	0	0	
9.3998307194e+01	4	153	35	465	13	22	0	50	500	500	500	0	0	0	
9.4498476562e+01	6	152	44	456	8	30	0	50	500	500	500	0	0	0	
9.4999950908e+01	6	153	44	456	10	19	0	50	500	500	500	0	0	0	
9.5497428416e+01	8	152	49	451	13	15	0	50	500	500	500	0	0	0	
9.5999218640e+01	8	154	34	466	13	12	0	50	500	500	500	0	0	0	
9.6496799015e+01	7	155	47	453	6	15	0	50	500	500	500	0	0	0	
9.6998582867e+01	6	157	41	459	4	12	0	50	500	500	500	0	0	0	
9.7499786808e+01	5	160	50	450	6	9	0	50	500	500	500	0	0	0	
9.7998980636e+01	3	164	38	462	8	9	0	50	500	500	500	0	0	0	
9.8499830461e+01	4	163	36	464	8	11	0	50	500	500	500	0	0	0	
9.8996508766e+01	4	164	30	470	8	7	0	50	500	500	500	0	0	0	
9.9497531573e+01	4	164	34	466	8	10	0	50	500	500	500	0	0	0	
9.9996533453e+01	4	165	31	469	9	8	0	50	500	500	500	0	0	0	
1.0049778219e+02	4	167	34	466	8	9	0	50	500	500	500	0	0	0	
1.0099852227e+02	3	168	43	457	8	9	0	50	500	500	500	0	0	0	
1.0149933450e+02	1	171	48	452	8	12	0	50	500	500	500	0	0	0	
1.0199923578e+02	1	172	40	460	16	13	0	50	500	500	500	0	0	0	
1.0249936572e+02	2	172	28	472	11	15	0	50	500	500	500	0	0	0	
1.0299794399e+02	3	174	47	453	11	13	0	50	500	500	500	0	0	0	
1.0349674973e+02	2	175	25	475	10	11	0	50	500	500	500	0	0	0	
1.0399799410e+02	2	174	26	474	5	17	0	50	500	500	500	0	0	0	
1.0449443624e+02	1	176	32	468	12	7	0	50	500	500	500	0	0	0	
1.0499530597e+02	2	175	19	481	9	9	0	50	500	500	500	0	0	0	
1.0549946872e+02	2	176	16	484	9	12	0	50	500	500	500	0	0	0	
1.0599987903e+02	2	176	24	476	9	17	0	50	500	500	500	0	0	0	
1.0649736729e+02	3	176	47	453	14	12	0	50	500	500	500	0	0	0	
1.0699852972e+02	4	175	40	460	9	15	0	50	500	500	500	0	0	0	
1.0749446763e+02	4	175	33	467	8	20	0	50	500	500	500	0	0	0	
1.0799830850e+02	3	177	38	462	16	9	0	50	500	500	500	0	0	0	
1.0849941842e+02	4	177	34	466	4	9	0	50	500	500	500	0	0	0	
1.0899801865e+02	4	178	35	465	8	12	0	50	500	500	500	0	0	0	
1.0948957775e+02	3	181	32	468	6	10	0	50	500	500	500	0	0	0	
1.0999886077e+02	2	183	25	475	7	15	0	50	500	500	500	0	0	0	
1.1049868425e+02	2	187	29	471	7	14	0	50	500	500	500	0	0	0	
1.1099881018e+02	3	186	41	459	6	13	0	50	500	500	500	0	0	0	
1.1149470034e+02	1	189	36	464	10	13	0	50	500	500	500	0	0	0	
1.1199852708e+02	1	191	37	463	10	7	0	50	500	500	500	0	0	0	
1.1249798013e+02	2	191	25	475	12	9	0	50	500	500	500	0	0	0	
1.1299865736e+02	2	193	28	472	5	11	0	50	500	500	500	0	0	0	
1.1349750858e+02	2	193	24	476	10	10	0	50	500	500	500	0	0	0	
1.1399651374e+02	3	193	36	464	6	10	0	50	500	500	500	0	0	0	
1.1449289393e+02	3	195	35	465	9	10	0	50	500	500	500	0	0	0	
1.1499962119e+02	3	195	30	470	9	14	0	50	500	500	500	0	0	0	
1.1549789857e+02	3	194	31	469	11	15	0	50	500	500	500	0	0	0	
1.1599542482e+02	3	195	28	472	15	9	0	50	500	500	500	0	0	0	
1.1649997599e+02	2	196	29	471	11	7	0	50	500	500	500	0	0	0	
1.1699971847e+02	2	196	37	463	9	11	0	50	500	500	500	0	0	0	
1.1749928080e+02	1	196	36	464	8	7	0	50	500	500	500	0	0	0	
1.1799792364e+02	1	196	23	477	7	8	0	50	500	500	500	0	0	0	
1.1849947062e+02	1	195	23	477	8	7	0	50	500	500	500	0	0	0	
1.1899787606e+02	1	197	25	475	6	12	0	50	500	500	500	0	0	0	
1.1949654032e+02	0	199	23	477	10	10	0	50	500	500	500	0	0	0	
1.1999926260e+02	0	201	33	467	8	5	0	50	500	500	500	0	0	0	
1.2049943965e+02	2	199	40	460	6	12	0	50	500	500	500	0	0	0	
1.2099992399e+02	1	202	29	471	13	14	0	50	500	500	500	0	0	0	
1.2149897838e+02	2	202	25	475	11	13	0	50	500	500	500	0	0	0	
1.2199172797e+02	1	203	32	468	9	13	0	50	500	500	500	0	0	0	
1.2249996092e+02	0	205	26	474	12	10	0	50	500	500	500	0	0	0	
1.2299927382e+02	0	207	22	478	10	6	0	50	500	500	500	0	0	0	
1.2349773702e+02	0	209	20	480	8	13	0	50	500	500	500	0	0	0	
1.2399945741e+02	1	210	29	471	11	9	0	50	500	500	500	0	0	0	
1.2449874340e+02	2	208	27	473	7	13	0	50	500	500	500	0	0	0	
1.2499768151e+02	2	209	25	475	17	4	0	50	500	500	500	0	0	0	
1.2549864811e+02	2	210	30	470	6	13	0	50	500	500	500	0	0	0	
1.2599755121e+02	1	212	37	463	6	5	0	50	500	500	500	0	0	0	
1.2649964652e+02	1	214	26	474	12	8	0	50	500	500	500	0	0	0	
1.2699472395e+02	1	214	35	465	12	10	0	50	500	500	500	0	0	0	
1.2749905465e+02	2	214	26	474	10	8	0	50	500	500	500	0	0	0	
1.2799983460e+02	2	215	19	481	15	6	0	50	500	500	500	0	0	0	
1.2849878832e+02	1	216	17	483	4	7	0	50	500	500	500	0	0	0	
1.2899996793e+02	1	218	18	482	8	10	0	50	500	500	500	0	0	0	
1.2949922425e+02	3	216	8	492	8	8	0	50	500	500	500	0	0	0	
1.2999759384e+02	3	217	21	479	9	4	0	50	500	500	500	0	0	0	
1.3049865589e+02	3	217	22	478	6	4	0	50	500	500	500	0	0	0	
1.3099787736e+02	3	221	18	482	10	6	0	50	500	500	500	0	0	0	
1.3149056108e+02	4	220	23	477	12	5	0	50	500	500	500	0	0	0	
1.3199708191e+02	3	224	16	484	9	8	0	50	500	500	500	0	0	0	
1.3249829052e+02	3	224	20	480	11	9	0	50	500	500	500	0	0	0	
1.3299870454e+02	2	227	29	471	12	8	0	50	500	500	500	0	0	0	
1.3349290582e+02	3	226	23	477	9	10	0	50	500	500	500	0	0	0	
1.3399662474e+02	3	227	18	482	11	5	0	50	500	500	500	0	0	0	
1.3449909763e+02	3	228	21	479	8	8	0	50	500	500	500	0	0	0	
1.3499863823e+02	2	229	36	464	7	2	0	50	500	500	500	0	0	0	
1.3549538621e+02	2	229	21	479	5	8	0	50	500	500	500	0	0	0	
1.3599560507e+02	2	230	21	479	8	9	0	50	500	500	500	0	0	0	
1.3649809535e+02	3	229	17	483	13	7	0	50	500	500	500	0	0	0	
1.3699944645e+02	3	228	26	474	13	7	0	50	500	500	500	0	0	0	
1.3749976609e+02	3	229	20	480	5	9	0	50	500	500	500	0	0	0	
1.3799632307e+02	3	229	31	469	11	8	0	50	500	500	500	0	0	0	
1.3849988990e+02	3	229	23	477	13	9	0	50	500	500	500	0	0	0	
1.3899776407e+02	2	229	22	478	13	8	0	50	500	500	500	0	0	0	
1.3949809378e+02	2	231	16	484	17	6	0	50	500	500	500	0	0	0	
1.3999916376e+02	3	231	22	478	8	14	0	50	500	500	500	0	0	0	
1.4049691729e+02	4	230	30	470	9	8	0	50	500	500	500	0	0	0	
1.4099983254e+02	5	232	28	472	9	13	0	50	500	500	500	0	0	0	
1.4149915018e+02	2	235	39	461	14	7	0	50	500	500	500	0	0	0	
1.4199865218e+02	3	234	24	476	8	9	0	50	500	500	500	0	0	0	
1.4249440188e+02	2	235	23	477	8	11	0	50	500	500	500	0	0	0	
1.4299474753e+02	3	234	18	482	11	6	0	50	500	500	500	0	0	0	
1.4349978953e+02	1	237	19	481	9	6	0	50	500	500	500	0	0	0	
1.4399999408e+02	2	236	19	481	10	7	0	50	500	500	500	0	0	0	
1.4449778745e+02	1	237	20	480	10	8	0	50	500	500	500	0	0	0	
1.4499912267e+02	0	238	20	480	16	5	0	50	500	500	500	0	0	0	
1.4549584153e+02	0	238	16	484	11	8	0	50	500	500	500	0	0	0	
1.4599896732e+02	0	237	27	473	11	9	0	50	500	500	500	0	0	0	
1.4649698088e+02	0	237	20	480	12	5	0	50	500	500	500	0	0	0	
1.4699962886e+02	1	238	17	483	9	9	0	50	500	500	500	0	0	0	
1.4749363515e+02	2	236	27	473	10	10	0	50	500	500	500	0	0	0	
1.4799457188e+02	3	237	15	485	7	6	0	50	500	500	500	0	0	0	
1.4849848802e+02	3	237	23	477	15	6	0	50	500	500	500	0	0	0	
1.4899898838e+02	3	236	22	478	13	9	0	50	500	500	500	0	0	0	
1.4949890542e+02	3	236	22	478	14	10	0	50	500	500	500	0	0	0	
1.4999933065e+02	4	235	26	474	22	11	0	50	500	500	500	0	0	0	
1.5049896718e+02	3	236	17	483	19	12	0	50	500	500	500	0	0	0	
1.5099694182e+02	4	235	27	473	18	10	0	50	500	500	500	0	0	0	
1.5149815967e+02	5	234	29	471	10	8	0	50	500	500	500	0	0	0	
1.5199985835e+02	4	238	30	470	9	8	0	50	500	500	500	0	0	0	
1.5249628092e+02	4	240	20	480	9	8	0	50	500	500	500	0	0	0	
1.5299774372e+02	4	241	15	485	7	8	0	50	500	500	500	0	0	0	
1.5349784025e+02	3	243	13	487	12	3	0	50	500	500	500	0	0	0	
1.5399610204e+02	4	242	14	486	10	8	0	50	500	500	500	0	0	0	
1.5449930491e+02	5	241	24	476	8	8	0	50	500	500	500	0	0	0	
1.5499819000e+02	6	241	17	483	8	16	0	50	500	500	500	0	0	0	
1.5549857475e+02	7	242	19	481	10	9	0	50	500	500	500	0	0	0	
1.5599701644e+02	6	244	22	478	2	14	0	50	500	500	500	0	0	0	
1.5649629110e+02	4	249	28	472	5	4	0	50	500	500	500	0	0	0	
1.5699686670e+02	3	251	14	486	7	10	0	50	500	500	500	0	0	0	
1.5749717859e+02	3	253	16	484	12	5	0	50	500	500	500	0	0	0	
1.5799648402e+02	2	255	9	491	8	5	0	50	500	500	500	0	0	0	
1.5849882438e+02	2	256	13	487	3	4	0	50	500	500	500	0	0	0	
1.5899849460e+02	1	259	23	477	4	2	0	50	500	500	500	0	0	0	
1.5949994931e+02	1	262	20	480	5	7	0	50	500	500	500	0	0	0	
1.5999803567e+02	2	262	16	484	10	6	0	50	500	500	500	0	0	0	
1.6049896182e+02	1	264	16	484	12	3	0	50	500	500	500	0	0	0	
1.6099676383e+02	1	264	21	479	5	5	0	50	500	500	500	0	0	0	
1.6149996543e+02	3	262	13	487	12	5	0	50	500	500	500	0	0	0	
1.6199658872e+02	2	263	7	493	10	4	0	50	500	500	500	0	0	0	
1.6249936043e+02	2	264	18	482	7	5	0	50	500	500	500	0	0	0	
1.6299563354e+02	3	263	27	473	7	5	0	50	500	500	500	0	0	0	
1.6349983899e+02	0	268	14	486	13	9	0	50	500	500	500	0	0	0	
1.6399366580e+02	0	268	18	482	12	7	0	50	500	500	500	0	0	0	
1.6449938104e+02	0	269	13	487	10	7	0	50	500	500	500	0	0	0	
1.6499779445e+02	0	269	12	488	10	4	0	50	500	500	500	0	0	0	
1.6548806582e+02	0	270	13	487	7	4	0	50	500	500	500	0	0	0	
1.6599473574e+02	0	271	20	480	7	4	0	50	500	500	500	0	0	0	
1.6649745310e+02	0	271	16	484	8	4	0	50	500	500	500	0	0	0	
1.6699952087e+02	1	270	23	477	10	4	0	50	500	500	500	0	0	0	
1.6749877583e+02	1	270	14	486	5	10	0	50	500	500	500	0	0	0	
1.6799981313e+02	1	270	24	476	7	6	0	50	500	500	500	0	0	0	
1.6849451730e+02	2	269	13	487	12	9	0	50	500	500	500	0	0	0	
1.6899761736e+02	2	266	13	487	12	6	0	50	500	500	500	0	0	0	
1.6949928022e+02	0	268	16	484	11	9	0	50	500	500	500	0	0	0	
1.6999962733e+02	0	267	13	487	18	2	0	50	500	500	500	0	0	0	
1.7049807729e+02	0	268	10	490	11	8	0	50	500	500	500	0	0	0	
1.7099876022e+02	1	267	14	486	6	13	0	50	500	500	500	0	0	0	
1.7149952290e+02	1	268	13	487	11	1	0	50	500	500	500	0	0	0	
1.7199421155e+02	3	266	11	489	13	2	0	50	500	500	500	0	0	0	
1.7249286198e+02	2	268	14	486	18	3	0	50	500	500	500	0	0	0	
1.7299755652e+02	2	270	21	479	18	12	0	50	500	500	500	0	0	0	
1.7349906874e+02	3	270	14	486	10	14	0	50	500	500	500	0	0	0	
1.7399808041e+02	2	272	13	487	10	10	0	50	500	500	500	0	0	0	
1.7449926758e+02	2	271	17	483	12	7	0	50	500	500	500	0	0	0	
1.7499292605e+02	2	271	19	481	3	14	0	50	500	500	500	0	0	0	
1.7549916599e+02	3	270	9	491	10	3	0	50	500	500	500	0	0	0	
1.7599957622e+02	2	272	22	478	20	1	0	50	500	500	500	0	0	0	
1.7649869554e+02	3	271	22	478	8	6	0	50	500	500	500	0	0	0	
1.7699664345e+02	2	272	28	472	15	8	0	50	500	500	500	0	0	0	
1.7749997612e+02	3	270	8	492	13	9	0	50	500	500	500	0	0	0	
1.7799898629e+02	2	271	14	486	14	6	0	50	500	500	500	0	0	0	
1.7849791093e+02	3	271	21	479	13	10	0	50	500	500	500	0	0	0	
1.7899826637e+02	4	270	16	484	15	9	0	50	500	500	500	0	0	0	
1.7949502007e+02	5	270	21	479	17	6	0	50	500	500	500	0	0	0	
1.7999971848e+02	5	270	11	489	12	9	0	50	500	500	500	0	0	0	
1.8049920882e+02	5	269	14	486	15	10	0	50	500	500	500	0	0	0	
1.8099794627e+02	5	272	15	485	10	10	0	50	500	500	500	0	0	0	
1.8149851464e+02	4	272	16	484	10	9	0	50	500	500	500	0	0	0	
1.8199862522e+02	3	273	19	481	7	8	0	50	500	500	500	0	0	0	
1.8249980964e+02	2	274	18	482	9	3	0	50	500	500	500	0	0	0	
1.8299911566e+02	3	276	21	479	4	8	0	50	500	500	500	0	0	0	
1.8349944653e+02	2	278	17	483	11	8	0	50	500	500	500	0	0	0	
1.8399901373e+02	2	283	14	486	13	7	0	50	500	500	500	0	0	0	
1.8449587505e+02	1	285	12	488	17	7	0	50	500	500	500	0	0	0	
1.8499936613e+02	1	285	13	487	9	3	0	50	500	500	500	0	0	0	
1.8549693107e+02	1	287	14	486	12	5	0	50	500	500	500	0	0	0	
1.8599914156e+02	2	286	15	485	11	6	0	50	500	500	500	0	0	0	
1.8649829061e+02	1	289	21	479	8	3	0	50	500	500	500	0	0	0	
1.8699497297e+02	1	292	25	475	11	4	0	50	500	500	500	0	0	0	
1.8749997803e+02	1	292	21	479	8	3	0	50	500	500	500	0	0	0	
1.8799803774e+02	2	292	21	479	9	14	0	50	500	500	500	0	0	0	
1.8849935298e+02	1	294	22	478	9	12	0	50	500	500	500	0	0	0	
1.8898882849e+02	1	296	13	487	11	9	0	50	500	500	500	0	0	0	
1.8949971995e+02	1	296	14	486	9	7	0	50	500	500	500	0	0	0	
1.8999730120e+02	0	300	14	486	11	4	0	50	500	500	500	0	0	0	
1.9049546929e+02	0	304	17	483	9	3	0	50	500	500	500	0	0	0	
1.9099987219e+02	0	305	11	489	13	5	0	50	500	500	500	0	0	0	
1.9149890097e+02	0	306	19	481	8	6	0	50	500	500	500	0	0	0	
1.9199522497e+02	2	305	17	483	13	6	0	50	500	500	500	0	0	0	
1.9249997155e+02	3	303	16	484	10	6	0	50	500	500	500	0	0	0	
1.9299533149e+02	4	302	11	489	14	6	0	50	500	500	500	0	0	0	
1.9349916490e+02	3	303	12	488	10	9	0	50	500	500	500	0	0	0	
1.9399903757e+02	4	303	14	486	6	7	0	50	500	500	500	0	0	0	
1.9449772845e+02	3	305	12	488	8	5	0	50	500	500	500	0	0	0	
1.9499741006e+02	3	308	9	491	9	3	0	50	500	500	500	0	0	0	
1.9549997933e+02	2	309	17	483	11	8	0	50	500	500	500	0	0	0	
1.9599919005e+02	2	309	13	487	15	5	0	50	500	500	500	0	0	0	
1.9649926095e+02	3	310	11	489	14	6	0	50	500	500	500	0	0	0	
1.9699789095e+02	2	311	11	489	15	6	0	50	500	500	500	0	0	0	
1.9749723748e+02	2	312	17	483	15	5	0	50	500	500	500	0	0	0	
1.9799733692e+02	2	315	16	484	12	5	0	50	500	500	500	0	0	0	
1.9849939546e+02	3	315	16	484	15	6	0	50	500	500	500	0	0	0	
1.9899861096e+02	1	319	13	487	13	3	0	50	500	500	500	0	0	0	
1.9949685731e+02	1	319	15	485	6	3	0	50	500	500	500	0	0	0	
1.9999895378e+02	1	319	15	485	6	3	0	50	500	500	500	0	0	0	
2.0049738016e+02	2	321	19	481	12	9	0	50	500	500	500	0	0	0	
2.0099926276e+02	3	320	9	491	14	6	0	50	500	500	500	0	0	0	
2.0149578506e+02	1	322	13	487	15	6	0	50	500	500	500	0	0	0	
2.0199360717e+02	1	324	4	496	14	8	0	50	500	500	500	0	0	0	
2.0249141164e+02	4	322	15	485	15	9	0	50	500	500	500	0	0	0	
2.0299934014e+02	3	323	16	484	14	6	0	50	500	500	500	0	0	0	
2.0349153236e+02	4	323	13	487	15	4	0	50	500	500	500	0	0	0	
2.0399924315e+02	2	326	11	489	13	5	0	50	500	500	500	0	0	0	
2.0449460942e+02	3	323	14	486	12	5	0	50	500	500	500	0	0	0	
2.0499831614e+02	3	322	9	491	5	3	0	50	500	500	500	0	0	0	
2.0549220143e+02	2	323	13	487	2	6	0	50	500	500	500	0	0	0	
2.0599826373e+02	1	325	13	487	6	2	0	50	500	500	500	0	0	0	
2.0649862394e+02	0	326	14	486	5	3	0	50	500	500	500	0	0	0	
2.0699673417e+02	0	327	13	487	11	2	0	50	500	500	500	0	0	0	
2.0749596048e+02	0	327	19	481	14	2	0	50	500	500	500	0	0	0	
2.0799927967e+02	0	328	11	489	12	5	0	50	500	500	500	0	0	0	
2.0849951279e+02	0	330	12	488	7	12	0	50	500	500	500	0	0	0	
2.0899565301e+02	2	330	14	486	12	10	0	50	500	500	500	0	0	0	
2.0949682244e+02	2	331	8	492	13	6	0	50	500	500	500	0	0	0	
2.0999907460e+02	5	329	13	487	13	8	0	50	500	500	500	0	0	0	
2.1049761925e+02	6	331	16	484	10	5	0	50	500	500	500	0	0	0	
2.1099916240e+02	5	333	11	489	6	12	0	50	500	500	500	0	0	0	
2.1149864089e+02	5	333	17	483	17	5	0	50	500	500	500	0	0	0	
2.1199558827e+02	4	335	14	486	16	11	0	50	500	500	500	0	0	0	
2.1249806911e+02	5	334	7	493	16	5	0	50	500	500	500	0	0	0	
2.1299761407e+02	4	338	18	482	14	4	0	50	500	500	500	0	0	0	
2.1349793653e+02	2	340	5	495	12	7	0	50	500	500	500	0	0	0	
2.1399926180e+02	3	338	16	484	11	5	0	50	500	500	500	0	0	0	
2.1449530252e+02	3	338	13	487	8	11	0	50	500	500	500	0	0	0	
2.1499886464e+02	2	339	14	486	10	6	0	50	500	500	500	0	0	0	
2.1549962960e+02	2	338	17	483	11	6	0	50	500	500	500	0	0	0	
2.1599945859e+02	2	340	10	490	11	7	0	50	500	500	500	0	0	0	
2.1649437485e+02	3	341	12	488	6	3	0	50	500	500	500	0	0	0	
2.1699851097e+02	2	344	8	492	12	6	0	50	500	500	500	0	0	0	
2.1749830960e+02	2	345	9	491	12	6	0	50	500	500	500	0	0	0	
2.1799749670e+02	1	347	15	485	15	1	0	50	500	500	500	0	0	0	
2.1849939664e+02	1	348	10	490	12	6	0	50	500	500	500	0	0	0	
2.1899944502e+02	0	349	7	493	10	11	0	50	500	500	500	0	0	0	
2.1949153530e+02	3	346	10	490	12	7	0	50	500	500	500	0	0	0	
2.1999685908e+02	3	345	11	489	15	1	0	50	500	500	500	0	0	0	
2.2049739141e+02	1	349	18	482	13	8	0	50	500	500	500	0	0	0	
2.2099868315e+02	1	350	7	493	16	5	0	50	500	500	500	0	0	0	
2.2149828690e+02	1	351	6	494	13	5	0	50	500	500	500	0	0	0	
2.2199967130e+02	1	350	15	485	10	7	0	50	500	500	500	0	0	0	
2.2249925279e+02	0	351	20	480	11	4	0	50	500	500	500	0	0	0	
2.2299910429e+02	0	352	18	482	10	3	0	50	500	500	500	0	0	0	
2.2349894243e+02	1	352	13	487	6	4	0	50	500	500	500	0	0	0	
2.2399710610e+02	1	352	16	484	11	5	0	50	500	500	500	0	0	0	
2.2449883402e+02	1	353	9	491	15	3	0	50	500	500	500	0	0	0	
2.2499848906e+02	1	353	17	483	8	2	0	50	500	500	500	0	0	0	
2.2549962969e+02	2	352	16	484	5	8	0	50	500	500	500	0	0	0	
2.2599628300e+02	1	355	11	489	6	7	0	50	500	500	500	0	0	0	
2.2649727418e+02	1	354	7	493	16	5	0	50	500	500	500	0	0	0	
2.2699975335e+02	3	352	11	489	8	6	0	50	500	500	500	0	0	0	
2.2749969584e+02	3	354	13	487	11	4	0	50	500	500	500	0	0	0	
2.2799940597e+02	2	356	16	484	17	5	0	50	500	500	500	0	0	0	
2.2849267490e+02	1	357	17	483	12	6	0	50	500	500	500	0	0	0	
2.2899951832e+02	3	356	17	483	11	4	0	50	500	500	500	0	0	0	
2.2949974355e+02	1	359	10	490	13	5	0	50	500	500	500	0	0	0	
2.2999897538e+02	1	358	10	490	9	4	0	50	500	500	500	0	0	0	
2.3049973385e+02	2	358	8	492	14	2	0	50	500	500	500	0	0	0	
2.3099932269e+02	2	360	11	489	7	10	0	50	500	500	500	0	0	0	
2.3149869582e+02	3	360	9	491	19	8	0	50	500	500	500	0	0	0	
2.3199879702e+02	4	360	16	484	16	9	0	50	500	500	500	0	0	0	
2.3249992608e+02	3	360	14	486	11	10	0	50	500	500	500	0	0	0	
2.3299957806e+02	1	361	11	489	12	11	0	50	500	500	500	0	0	0	
2.3349813132e+02	1	364	13	487	9	6	0	50	500	500	500	0	0	0	
2.3399904948e+02	1	363	20	480	12	6	0	50	500	500	500	0	0	0	
2.3449834720e+02	1	363	11	489	10	11	0	50	500	500	500	0	0	0	
2.3499797202e+02	1	364	14	486	14	8	0	50	500	500	500	0	0	0	
2.3549770396e+02	1	364	13	487	14	4	0	50	500	500	500	0	0	0	
2.3599705308e+02	2	364	5	495	13	6	0	50	500	500	500	0	0	0	
2.3649620388e+02	3	365	15	485	6	13	0	50	500	500	500	0	0	0	
2.3699775166e+02	2	367	12	488	16	8	0	50	500	500	500	0	0	0	
2.3749825860e+02	2	368	13	487	13	4	0	50	500	500	500	0	0	0	
2.3799978393e+02	3	367	7	493	12	5	0	50	500	500	500	0	0	0	
2.3849405255e+02	5	366	9	491	14	3	0	50	500	500	500	0	0	0	
2.3899973875e+02	5	365	11	489	12	3	0	50	500	500	500	0	0	0	
2.3949993198e+02	6	365	18	482	10	2	0	50	500	500	500	0	0	0	
2.3999648524e+02	5	368	4	496	3	5	0	50	500	500	500	0	0	0	
2.4049946166e+02	3	370	13	487	3	5	0	50	500	500	500	0	0	0	
2.4099427705e+02	4	371	11	489	5	8	0	50	500	500	500	0	0	0	
2.4149704463e+02	4	371	14	486	11	11	0	50	500	500	500	0	0	0	
2.4199902443e+02	4	370	14	486	16	7	0	50	500	500	500	0	0	0	
2.4249799183e+02	1	373	10	490	19	4	0	50	500	500	500	0	0	0	
2.4299929087e+02	1	373	11	489	9	4	0	50	500	500	500	0	0	0	
2.4349696187e+02	1	373	14	486	6	7	0	50	500	500	500	0	0	0	
2.4398758679e+02	3	371	6	494	11	4	0	50	500	500	500	0	0	0	
2.4449369266e+02	3	372	8	492	7	2	0	50	500	500	500	0	0	0	
2.4499844408e+02	4	371	16	484	4	2	0	50	500	500	500	0	0	0	
2.4549701423e+02	5	370	13	487	6	7	0	50	500	500	500	0	0	0	
2.4599749766e+02	4	371	13	487	7	4	0	50	500	500	500	0	0	0	
2.4649874873e+02	4	373	9	491	11	4	0	50	500	500	500	0	0	0	
2.4699289666e+02	3	374	11	489	8	7	0	50	500	500	500	0	0	0	
2.4749824935e+02	3	375	10	490	9	2	0	50	500	500	500	0	0	0	
2.4799774524e+02	1	376	18	482	10	4	0	50	500	500	500	0	0	0	
2.4849799997e+02	1	376	10	490	11	2	0	50	500	500	500	0	0	0	
2.4899679643e+02	2	377	19	481	9	4	0	50	500	500	500	0	0	0	
2.4949780320e+02	2	377	7	493	11	5	0	50	500	500	500	0	0	0	
2.4999509654e+02	1	380	9	491	12	2	0	50	500	500	500	0	0	0	
2.5049498334e+02	1	381	13	487	8	6	0	50	500	500	500	0	0	0	
2.5099923180e+02	1	382	8	492	10	4	0	50	500	500	500	0	0	0	
2.5149979281e+02	1	381	16	484	8	6	0	50	500	500	500	0	0	0	
2.5199787167e+02	0	384	7	493	5	5	0	50	500	500	500	0	0	0	
2.5249914760e+02	1	383	15	485	9	7	0	50	500	500	500	0	0	0	
2.5299910322e+02	1	385	9	491	11	7	0	50	500	500	500	0	0	0	
2.5349241635e+02	1	385	8	492	10	3	0	50	500	500	500	0	0	0	
2.5399354895e+02	1	386	5	495	11	5	0	50	500	500	500	0	0	0	
2.5449973355e+02	1	386	13	487	20	2	0	50	500	500	500	0	0	0	
2.5499549927e+02	1	387	8	492	16	5	0	50	500	500	500	0	0	0	
2.5549594628e+02	1	388	12	488	25	4	0	50	500	500	500	0	0	0	
2.5599464029e+02	2	388	10	490	13	7	0	50	500	500	500	0	0	0	
2.5649932448e+02	2	388	10	490	10	4	0	50	500	500	500	0	0	0	
2.5699569290e+02	2	388	8	492	10	6	0	50	500	500	500	0	0	0	
2.5749898604e+02	3	388	12	488	9	5	0	50	500	500	500	0	0	0	
2.5799198670e+02	3	389	14	486	11	6	0	50	500	500	500	0	0	0	
2.5849885196e+02	2	389	6	494	9	5	0	50	500	500	500	0	0	0	
2.5899988786e+02	1	391	10	490	10	5	0	50	500	500	500	0	0	0	
2.5949771918e+02	1	390	17	483	10	4	0	50	500	500	500	0	0	0	
2.5999952061e+02	1	390	9	491	7	1	0	50	500	500	500	0	0	0	
2.6049815927e+02	2	390	9	491	8	3	0	50	500	500	500	0	0	0	
2.6099686593e+02	2	392	17	483	8	4	0	50	500	500	500	0	0	0	
2.6149725032e+02	2	395	13	487	13	1	0	50	500	500	500	0	0	0	
2.6199877869e+02	1	396	8	492	10	3	0	50	500	500	500	0	0	0	
2.6249472301e+02	1	397	13	487	14	4	0	50	500	500	500	0	0	0	
2.6299959248e+02	2	396	10	490	16	5	0	50	500	500	500	0	0	0	
2.6349782463e+02	1	398	8	492	13	5	0	50	500	500	500	0	0	0	
2.6398709357e+02	2	397	7	493	14	3	0	50	500	500	500	0	0	0	
2.6449963444e+02	3	397	5	495	7	3	0	50	500	500	500	0	0	0	
2.6499884404e+02	2	398	8	492	8	7	0	50	500	500	500	0	0	0	
2.6549662156e+02	1	400	8	492	13	8	0	50	500	500	500	0	0	0	
2.6599793905e+02	1	401	12	488	11	1	0	50	500	500	500	0	0	0	
2.6649980270e+02	1	402	11	489	13	4	0	50	500	500	500	0	0	0	
2.6699744507e+02	2	400	8	492	8	2	0	50	500	500	500	0	0	0	
2.6749867605e+02	2	401	14	486	7	4	0	50	500	500	500	0	0	0	
2.6799973370e+02	3	401	19	481	8	4	0	50	500	500	500	0	0	0	
2.6849938906e+02	5	399	12	488	10	10	0	50	500	500	500	0	0	0	
2.6899392803e+02	5	399	13	487	15	2	0	50	500	500	500	0	0	0	
2.6949835396e+02	5	399	6	494	12	6	0	50	500	500	500	0	0	0	
2.6999919446e+02	4	402	7	493	8	9	0	50	500	500	500	0	0	0	
2.7049977344e+02	4	403	7	493	14	3	0	50	500	500	500	0	0	0	
2.7099980075e+02	4	403	14	486	13	6	0	50	500	500	500	0	0	0	
2.7149462979e+02	6	403	11	489	16	3	0	50	500	500	500	0	0	0	
2.7199996826e+02	5	405	11	489	13	8	0	50	500	500	500	0	0	0	
2.7249364600e+02	7	403	5	495	11	3	0	50	500	500	500	0	0	0	
2.7299906404e+02	7	404	12	488	12	3	0	50	500	500	500	0	0	0	
2.7349571613e+02	5	407	10	490	14	5	0	50	500	500	500	0	0	0	
2.7399754003e+02	5	408	6	494	14	4	0	50	500	500	500	0	0	0	
2.7449859352e+02	4	409	15	485	9	2	0	50	500	500	500	0	0	0	
2.7499742323e+02	2	411	15	485	7	3	0	50	500	500	500	0	0	0	
2.7549711567e+02	1	412	13	487	7	4	0	50	500	500	500	0	0	0	
2.7599415192e+02	2	413	5	495	9	5	0	50	500	500	500	0	0	0	
2.7649699168e+02	1	414	11	489	12	4	0	50	500	500	500	0	0	0	
2.7699835722e+02	0	416	8	492	13	2	0	50	500	500	500	0	0	0	
2.7749540534e+02	0	416	6	494	11	0	0	50	500	500	500	0	0	0	
2.7799956023e+02	0	417	4	496	9	4	0	50	500	500	500	0	0	0	
2.7849984551e+02	0	416	10	490	10	2	0	50	500	500	500	0	0	0	
2.7899341872e+02	0	416	10	490	7	7	0	50	500	500	500	0	0	0	
2.7949793571e+02	1	417	8	492	14	3	0	50	500	500	500	0	0	0	
2.7999816930e+02	1	417	11	489	14	9	0	50	500	500	500	0	0	0	
2.8049989042e+02	1	419	9	491	12	7	0	50	500	500	500	0	0	0	
2.8099978559e+02	1	418	12	488	13	7	0	50	500	500	500	0	0	0	
2.8149968683e+02	1	419	9	491	17	3	0	50	500	500	500	0	0	0	
2.8199831117e+02	0	420	9	491	11	12	0	50	500	500	500	0	0	0	
2.8249641709e+02	1	420	10	490	13	2	0	50	500	500	500	0	0	0	
2.8299982014e+02	2	420	15	485	7	7	0	50	500	500	500	0	0	0	
2.8349855169e+02	1	422	10	490	9	1	0	50	500	500	500	0	0	0	
2.8399867267e+02	0	425	11	489	10	9	0	50	500	500	500	0	0	0	
2.8449998896e+02	1	422	9	491	13	8	0	50	500	500	500	0	0	0	
2.8499597839e+02	2	422	5	495	9	3	0	50	500	500	500	0	0	0	
2.8549981275e+02	2	422	9	491	7	5	0	50	500	500	500	0	0	0	
2.8599419554e+02	2	424	12	488	8	8	0	50	500	500	500	0	0	0	
2.8649967279e+02	1	425	11	489	14	6	0	50	500	500	500	0	0	0	
2.8699820460e+02	1	426	11	489	15	7	0	50	500	500	500	0	0	0	
2.8749696757e+02	2	426	8	492	12	2	0	50	500	500	500	0	0	0	
2.8799643089e+02	1	427	10	490	6	7	0	50	500	500	500	0	0	0	
2.8849984611e+02	3	427	10	490	12	6	0	50	500	500	500	0	0	0	
2.8899997448e+02	2	428	8	492	10	1	0	50	500	500	500	0	0	0	
2.8949615658e+02	1	429	16	484	7	5	0	50	500	500	500	0	0	0	
2.8999890484e+02	1	432	8	492	13	0	0	50	500	500	500	0	0	0	
2.9049759950e+02	1	433	10	490	8	8	0	50	500	500	500	0	0	0	
2.9099905095e+02	0	433	10	490	12	3	0	50	500	500	500	0	0	0	
2.9149993780e+02	1	432	16	484	8	5	0	50	500	500	500	0	0	0	
2.9199833130e+02	1	436	17	483	9	1	0	50	500	500	500	0	0	0	
2.9249656374e+02	1	436	12	488	6	8	0	50	500	500	500	0	0	0	
2.9299724766e+02	1	438	9	491	12	5	0	50	500	500	500	0	0	0	
2.9349771958e+02	1	438	10	490	19	3	0	50	500	500	500	0	0	0	
2.9399904891e+02	1	439	11	489	11	5	0	50	500	500	500	0	0	0	
2.9449900584e+02	1	438	11	489	10	5	0	50	500	500	500	0	0	0	
2.9498288140e+02	1	438	4	496	6	4	0	50	500	500	500	0	0	0	
2.9549992791e+02	1	439	9	491	9	6	0	50	500	500	500	0	0	0	
2.9599826921e+02	2	438	5	495	7	3	0	50	500	500	500	0	0	0	
2.9649990347e+02	1	439	4	496	7	2	0	50	500	500	500	0	0	0	
2.9699843453e+02	1	440	4	496	7	2	0	50	500	500	500	0	0	0	
2.9749883114e+02	1	439	7	493	12	2	0	50	500	500	500	0	0	0	
2.9799856410e+02	1	442	12	488	11	0	0	50	500	500	500	0	0	0	
2.9849989720e+02	1	442	11	489	17	3	0	50	500	500	500	0	0	0	
2.9899887803e+02	1	443	3	497	15	4	0	50	500	500	500	0	0	0	
2.9949496438e+02	3	441	11	489	16	6	0	50	500	500	500	0	0	0	
2.9999832718e+02	3	442	6	494	12	2	0	50	500	500	500	0	0	0	
3.0049945962e+02	2	445	12	488	10	2	0	50	500	500	500	0	0	0	
3.0099768297e+02	2	445	8	492	8	4	0	50	500	500	500	0	0	0	
3.0149933837e+02	1	447	13	487	10	1	0	50	500	500	500	0	0	0	
3.0199547247e+02	2	447	9	491	9	6	0	50	500	500	500	0	0	0	
3.0249874064e+02	1	448	19	481	14	3	0	50	500	500	500	0	0	0	
3.0299257388e+02	1	449	7	493	10	7	0	50	500	500	500	0	0	0	
3.0349989106e+02	1	450	8	492	11	6	0	50	500	500	500	0	0	0	
3.0399711909e+02	1	452	6	494	7	1	0	50	500	500	500	0	0	0	
3.0449960421e+02	0	454	3	497	2	3	0	50	500	500	500	0	0	0	
3.0499341547e+02	0	454	7	493	8	3	0	50	500	500	500	0	0	0	
3.0549946848e+02	0	455	9	491	9	2	0	50	500	500	500	0	0	0	
3.0599813276e+02	0	454	15	485	14	8	0	50	500	500	500	0	0	0	
3.0649818425e+02	0	456	14	486	19	4	0	50	500	500	500	0	0	0	
3.0699690834e+02	1	456	7	493	20	4	0	50	500	500	500	0	0	0	
3.0749687335e+02	1	456	8	492	21	3	0	50	500	500	500	0	0	0	
3.0799986189e+02	1	456	8	492	11	5	0	50	500	500	500	0	0	0	
3.0849962587e+02	3	453	9	491	13	4	0	50	500	500	500	0	0	0	
3.0899872462e+02	2	454	6	494	13	7	0	50	500	500	500	0	0	0	
3.0949507586e+02	2	454	8	492	11	7	0	50	500	500	500	0	0	0	
3.0999604853e+02	2	454	10	490	14	5	0	50	500	500	500	0	0	0	
3.1049716493e+02	2	456	8	492	15	3	0	50	500	500	500	0	0	0	
3.1099918869e+02	3	456	10	490	14	1	0	50	500	500	500	0	0	0	
3.1149697110e+02	1	458	10	490	10	3	0	50	500	500	500	0	0	0	
3.1199825947e+02	1	460	5	495	9	5	0	50	500	500	500	0	0	0	
3.1249996114e+02	2	460	14	486	11	5	0	50	500	500	500	0	0	0	
3.1299820658e+02	2	462	12	488	10	3	0	50	500	500	500	0	0	0	
3.1349921463e+02	2	463	6	494	8	3	0	50	500	500	500	0	0	0	
3.1399797606e+02	3	463	5	495	7	2	0	50	500	500	500	0	0	0	
3.1449944084e+02	3	465	12	488	7	4	0	50	500	500	500	0	0	0	
3.1499485501e+02	3	464	7	493	11	5	0	50	500	500	500	0	0	0	
3.1549977961e+02	2	464	9	491	9	4	0	50	500	500	500	0	0	0	
3.1599963047e+02	1	465	3	497	12	5	0	50	500	500	500	0	0	0	
3.1649682162e+02	1	467	4	496	8	6	0	50	500	500	500	0	0	0	
3.1699266761e+02	2	466	5	495	11	3	0	50	500	500	500	0	0	0	
3.1749849560e+02	2	467	9	491	16	12	0	50	500	500	500	0	0	0	
3.1799475884e+02	2	468	10	490	21	1	0	50	500	500	500	0	0	0	
3.1849847813e+02	2	467	9	491	16	7	0	50	500	500	500	0	0	0	
3.1899977514e+02	3	467	12	488	10	4	0	50	500	500	500	0	0	0	
3.1949699989e+02	1	469	6	494	13	5	0	50	500	500	500	0	0	0	
3.1999993766e+02	2	468	10	490	18	2	0	50	500	500	500	0	0	0	
3.2049735733e+02	1	471	8	492	8	3	0	50	500	500	500	0	0	0	
3.2099586351e+02	5	468	9	491	15	1	0	50	500	500	500	0	0	0	
3.2149924838e+02	5	469	8	492	8	2	0	50	500	500	500	0	0	0	
3.2199888902e+02	4	470	12	488	11	2	0	50	500	500	500	0	0	0	
3.2249801617e+02	3	471	10	490	10	3	0	50	500	500	500	0	0	0	
3.2299939621e+02	2	473	9	491	7	5	0	50	500	500	500	0	0	0	
3.2349963610e+02	2	474	8	492	12	6	0	50	500	500	500	0	0	0	
3.2399963196e+02	2	475	14	486	6	7	0	50	500	500	500	0	0	0	
3.2449219793e+02	3	474	9	491	18	3	0	50	500	500	500	0	0	0	
3.2499942063e+02	3	475	9	491	7	5	0	50	500	500	500	0	0	0	
3.2549978897e+02	4	475	3	497	11	2	0	50	500	500	500	0	0	0	
3.2599039668e+02	3	476	14	486	12	3	0	50	500	500	500	0	0	0	
3.2649399281e+02	3	477	7	493	12	9	0	50	500	500	500	0	0	0	
3.2699873979e+02	3	476	9	491	17	6	0	50	500	500	500	0	0	0	
3.2749538492e+02	4	475	7	493	13	4	0	50	500	500	500	0	0	0	
3.2799990857e+02	4	474	11	489	7	11	0	50	500	500	500	0	0	0	
3.2849854347e+02	4	472	11	489	12	3	0	50	500	500	500	0	0	0	
3.2899746282e+02	5	475	12	488	8	8	0	50	500	500	500	0	0	0	
3.2949743691e+02	5	475	7	493	14	4	0	50	500	500	500	0	0	0	
3.2999826745e+02	3	479	9	491	16	5	0	50	500	500	500	0	0	0	
3.3049670044e+02	3	480	4	496	18	3	0	50	500	500	500	0	0	0	
3.3099591575e+02	2	483	6	494	13	4	0	50	500	500	500	0	0	0	
3.3149962590e+02	1	486	9	491	10	1	0	50	500	500	500	0	0	0	
3.3199918535e+02	1	487	15	485	16	2	0	50	500	500	500	0	0	0	
3.3249903380e+02	0	489	9	491	10	4	0	50	500	500	500	0	0	0	
3.3299972324e+02	0	489	10	490	11	1	0	50	500	500	500	0	0	0	
3.3349902761e+02	0	490	10	490	9	2	0	50	500	500	500	0	0	0	
3.3399954302e+02	1	489	13	487	7	2	0	50	500	500	500	0	0	0	
3.3449895082e+02	1	489	13	487	8	2	0	50	500	500	500	0	0	0	
3.3499976276e+02	0	490	7	493	12	2	0	50	500	500	500	0	0	0	
3.3549872814e+02	0	490	6	494	7	4	0	50	500	500	500	0	0	0	
3.3599849562e+02	0	494	8	492	11	3	0	50	500	500	500	0	0	0	
3.3649621527e+02	2	493	6	494	14	2	0	50	500	500	500	0	0	0	
3.3699823689e+02	2	494	8	492	11	2	0	50	500	500	500	0	0	0	
3.3749907561e+02	2	492	8	492	10	2	0	50	500	500	500	0	0	0	
3.3799890734e+02	1	494	11	489	10	2	0	50	500	500	500	0	0	0	
3.3849989138e+02	1	493	3	497	8	4	0	50	500	500	500	0	0	0	
3.3899812410e+02	1	495	7	493	11	3	0	50	500	500	500	0	0	0	
3.3949414363e+02	1	495	5	495	15	1	0	50	500	500	500	0	0	0	
3.3999337041e+02	1	495	6	494	12	4	0	50	500	500	500	0	0	0	
3.4049101900e+02	1	496	4	496	11	5	0	50	500	500	500	0	0	0	
3.4099835267e+02	2	496	6	494	19	5	0	50	500	500	500	0	0	0	
3.4149805004e+02	2	497	8	492	16	3	0	50	500	500	500	0	0	0	
3.4199708697e+02	2	497	7	493	12	5	0	50	500	500	500	0	0	0	
3.4249900154e+02	2	496	14	486	10	1	0	50	500	500	500	0	0	0	
3.4299986660e+02	2	495	4	496	6	2	0	50	500	500	500	0	0	0	
3.4349365105e+02	1	496	3	497	7	4	0	50	500	500	500	0	0	0	
3.4399772145e+02	1	495	10	490	9	1	0	50	500	500	500	0	0	0	
3.4449893902e+02	1	496	5	495	8	4	0	50	500	500	500	0	0	0	
3.4499983473e+02	0	498	14	486	8	7	0	50	500	500	500	0	0	0	
3.4549740424e+02	1	499	6	494	11	3	0	50	500	500	500	0	0	0	
3.4599827220e+02	1	499	7	493	10	5	0	50	500	500	500	0	0	0	
3.4649905851e+02	1	499	10	490	10	5	0	50	500	500	500	0	0	0	
3.4699797201e+02	2	498	6	494	14	1	0	50	500	500	500	0	0	0	
3.4749708153e+02	4	498	8	492	12	2	0	50	500	500	500	0	0	0	
3.4799816202e+02	1	501	5	495	12	3	0	50	500	500	500	0	0	0	
3.4849951582e+02	1	499	10	490	14	3	0	50	500	500	500	0	0	0	
3.4899801681e+02	1	500	10	490	15	4	0	50	500	500	500	0	0	0	
3.4949988056e+02	1	498	8	492	9	6	0	50	500	500	500	0	0	0	
3.4999670666e+02	0	498	8	492	9	3	0	50	500	500	500	0	0	0	
3.5049863315e+02	1	498	8	492	13	4	0	50	500	500	500	0	0	0	
3.5099575750e+02	2	498	10	490	8	1	0	50	500	500	500	0	0	0	
3.5149927841e+02	1	497	5	495	11	3	0	50	500	500	500	0	0	0	
3.5199950632e+02	1	496	10	490	13	6	0	50	500	500	500	0	0	0	
3.5249856267e+02	1	494	2	498	13	3	0	50	500	500	500	0	0	0	
3.5299816580e+02	2	493	7	493	12	4	0	50	500	500	500	0	0	0	
3.5349346425e+02	3	492	6	494	9	1	0	50	500	500	500	0	0	0	
3.5399588735e+02	2	494	8	492	8	5	0	50	500	500	500	0	0	0	
3.5449995056e+02	4	493	14	486	10	1	0	50	500	500	500	0	0	0	
3.5499336803e+02	2	498	9	491	6	4	0	50	500	500	500	0	0	0	
3.5549937355e+02	2	495	4	496	11	11	0	50	500	500	500	0	0	0	
3.5599958205e+02	2	496	8	492	14	7	0	50	500	500	500	0	0	0	
3.5649964899e+02	0	497	14	486	14	5	0	50	500	500	500	0	0	0	
3.5699711353e+02	1	496	6	494	9	6	0	50	500	500	500	0	0	0	
3.5749554067e+02	1	496	11	489	10	4	0	50	500	500	500	0	0	0	
3.5799652702e+02	1	493	7	493	9	5	0	50	500	500	500	0	0	0	
3.5849920339e+02	0	494	12	488	13	2	0	50	500	500	500	0	0	0	
3.5899859746e+02	0	493	11	489	9	6	0	50	500	500	500	0	0	0	
3.5949701844e+02	0	492	13	487	14	4	0	50	500	500	500	0	0	0	
3.5999873727e+02	0	491	9	491	13	4	0	50	500	500	500	0	0	0	
3.6049715862e+02	0	490	8	492	11	6	0	50	500	500	500	0	0	0	
3.6099984714e+02	0	490	11	489	9	2	0	50	500	500	500	0	0	0	
3.6149797390e+02	0	490	10	490	9	0	0	50	500	500	500	0	0	0	
3.6199465118e+02	2	489	1	499	10	4	0	50	500	500	500	0	0	0	
3.6249935256e+02	1	490	4	496	7	2	0	50	500	500	500	0	0	0	
3.6299789479e+02	1	490	8	492	9	3	0	50	500	500	500	0	0	0	
3.6349823732e+02	1	492	4	496	9	4	0	50	500	500	500	0	0	0	
3.6399942450e+02	0	492	13	487	8	2	0	50	500	500	500	0	0	0	
3.6449925960e+02	0	494	5	495	11	2	0	50	500	500	500	0	0	0	
3.6499622225e+02	0	494	8	492	15	3	0	50	500	500	500	0	0	0	
3.6549879770e+02	0	497	12	488	12	1	0	50	500	500	500	0	0	0	
3.6599990696e+02	1	495	8	492	10	2	0	50	500	500	500	0	0	0	
3.6649902887e+02	1	496	14	486	11	4	0	50	500	500	500	0	0	0	
3.6699988508e+02	1	496	11	489	14	4	0	50	500	500	500	0	0	0	
3.6749659387e+02	3	494	10	490	16	6	0	50	500	500	500	0	0	0	
3.6799758629e+02	3	493	3	497	18	1	0	50	500	500	500	0	0	0	
3.6848356902e+02	3	495	5	495	9	5	0	50	500	500	500	0	0	0	
3.6899842145e+02	3	495	11	489	13	3	0	50	500	500	500	0	0	0	
3.6949919492e+02	3	497	8	492	9	7	0	50	500	500	500	0	0	0	
3.6999855301e+02	3	498	2	498	16	2	0	50	500	500	500	0	0	0	
3.7049881618e+02	4	498	8	492	11	7	0	50	500	500	500	0	0	0	
3.7099599002e+02	5	497	6	494	10	5	0	50	500	500	500	0	0	0	
3.7149975515e+02	6	496	10	490	10	4	0	50	500	500	500	0	0	0	
3.7199983953e+02	7	495	11	489	11	5	0	50	500	500	500	0	0	0	
3.7249909418e+02	6	497	7	493	8	7	0	50	500	500	500	0	0	0	
3.7299991426e+02	4	499	4	496	8	3	0	50	500	500	500	0	0	0	
3.7349983403e+02	3	500	9	491	14	5	0	50	500	500	500	0	0	0	
3.7399933269e+02	4	500	8	492	12	6	0	50	500	500	500	0	0	0	
3.7449944000e+02	2	504	12	488	17	6	0	50	500	500	500	0	0	0	
3.7499880500e+02	2	507	5	495	17	6	0	50	500	500	500	0	0	0	
3.7549737704e+02	1	510	9	491	15	1	0	50	500	500	500	0	0	0	
3.7599880292e+02	1	511	9	491	9	2	0	50	500	500	500	0	0	0	
3.7649940807e+02	1	516	8	492	8	5	0	50	500	500	500	0	0	0	
3.7699931309e+02	0	518	2	498	8	3	0	50	500	500	500	0	0	0	
3.7749942238e+02	1	520	2	498	16	2	0	50	500	500	500	0	0	0	
3.7799761284e+02	1	522	12	488	16	5	0	50	500	500	500	0	0	0	
3.7849669859e+02	0	526	7	493	15	6	0	50	500	500	500	0	0	0	
3.7899751993e+02	1	526	5	495	17	3	0	50	500	500	500	0	0	0	
3.7949471485e+02	1	525	6	494	16	5	0	50	500	500	500	0	0	0	
3.7999902080e+02	1	525	8	492	11	2	0	50	500	500	500	0	0	0	
3.8049879381e+02	1	526	5	495	11	6	0	50	500	500	500	0	0	0	
3.8099802725e+02	2	525	3	497	10	4	0	50	500	500	500	0	0	0	
3.8149697424e+02	2	524	2	498	10	2	0	50	500	500	500	0	0	0	
3.8199963527e+02	2	524	10	490	11	3	0	50	500	500	500	0	0	0	
3.8249973768e+02	2	523	11	489	14	1	0	50	500	500	500	0	0	0	
3.8299913358e+02	4	521	9	491	4	6	0	50	500	500	500	0	0	0	
3.8349573861e+02	4	521	8	492	10	4	0	50	500	500	500	0	0	0	
3.8399926772e+02	3	522	9	491	13	7	0	50	500	500	500	0	0	0	
3.8449558431e+02	5	521	2	498	18	2	0	50	500	500	500	0	0	0	
3.8499758093e+02	5	520	9	491	14	2	0	50	500	500	500	0	0	0	
3.8549989693e+02	4	519	8	492	6	0	0	50	500	500	500	0	0	0	
3.8599941469e+02	4	520	7	493	10	3	0	50	500	500	500	0	0	0	
3.8649975055e+02	3	520	6	494	11	1	0	50	500	500	500	0	0	0	
3.8699958179e+02	2	521	13	487	8	1	0	50	500	500	500	0	0	0	
3.8749605143e+02	1	522	3	497	10	5	0	50	500	500	500	0	0	0	
3.8799017070e+02	0	523	4	496	10	0	0	50	500	500	500	0	0	0	
3.8849987454e+02	0	524	6	494	14	1	0	50	500	500	500	0	0	0	
3.8899788144e+02	0	527	8	492	12	6	0	50	500	500	500	0	0	0	
3.8949999198e+02	1	527	11	489	14	1	0	50	500	500	500	0	0	0	
3.8999931051e+02	1	527	9	491	9	4	0	50	500	500	500	0	0	0	
3.9049812228e+02	1	528	2	498	7	6	0	50	500	500	500	0	0	0	
3.9099566667e+02	2	528	6	494	10	6	0	50	500	500	500	0	0	0	
3.9149958179e+02	2	527	9	491	10	6	0	50	500	500	500	0	0	0	
3.9199849332e+02	1	530	7	493	14	7	0	50	500	500	500	0	0	0	
3.9249427627e+02	1	531	8	492	12	4	0	50	500	500	500	0	0	0	
3.9299505082e+02	1	531	7	493	8	3	0	50	500	500	500	0	0	0	
3.9349912249e+02	1	531	6	494	14	2	0	50	500	500	500	0	0	0	
3.9399987870e+02	1	534	8	492	17	3	0	50	500	500	500	0	0	0	
3.9449961842e+02	2	536	6	494	10	4	0	50	500	500	500	0	0	0	
3.9499873267e+02	3	535	11	489	13	2	0	50	500	500	500	0	0	0	
3.9549914718e+02	2	537	6	494	11	4	0	50	500	500	500	0	0	0	
3.9599922223e+02	1	539	5	495	10	0	0	50	500	500	500	0	0	0	
3.9649515545e+02	1	540	6	494	11	3	0	50	500	500	500	0	0	0	
3.9698104906e+02	1	543	3	497	8	3	0	50	500	500	500	0	0	0	
3.9749850206e+02	0	544	9	491	12	2	0	50	500	500	500	0	0	0	
3.9799544398e+02	0	544	7	493	10	2	0	50	500	500	500	0	0	0	
3.9849996705e+02	1	542	10	490	11	1	0	50	500	500	500	0	0	0	
3.9899499019e+02	1	541	8	492	17	3	0	50	500	500	500	0	0	0	
3.9949858317e+02	1	542	11	489	13	4	0	50	500	500	500	0	0	0	
3.9999931508e+02	0	543	3	497	10	3	0	50	500	500	500	0	0	0	
4.0049823896e+02	1	543	8	492	8	3	0	50	500	500	500	0	0	0	
4.0099889160e+02	0	544	7	493	12	6	0	50	500	500	500	0	0	0	
4.0149276284e+02	2	543	3	497	10	9	0	50	500	500	500	0	0	0	
4.0199940056e+02	2	544	9	491	15	4	0	50	500	500	500	0	0	0	
4.0249913750e+02	1	542	7	493	14	2	0	50	500	500	500	0	0	0	
4.0299245304e+02	1	543	9	491	6	3	0	50	500	500	500	0	0	0	
4.0349869488e+02	4	540	1	499	12	7	0	50	500	500	500	0	0	0	
4.0399870011e+02	2	542	5	495	8	4	0	50	500	500	500	0	0	0	
4.0449953142e+02	2	542	12	488	10	2	0	50	500	500	500	0	0	0	
4.0499955867e+02	3	543	9	491	9	2	0	50	500	500	500	0	0	0	
4.0549809071e+02	3	543	10	490	11	5	0	50	500	500	500	0	0	0	
4.0599698450e+02	3	545	4	496	11	6	0	50	500	500	500	0	0	0	
4.0649687914e+02	3	544	6	494	23	3	0	50	500	500	500	0	0	0	
4.0699611760e+02	3	544	11	489	7	6	0	50	500	500	500	0	0	0	
4.0749928263e+02	4	542	4	496	12	1	0	50	500	500	500	0	0	0	
4.0799508096e+02	2	545	5	495	13	0	0	50	500	500	500	0	0	0	
4.0849868349e+02	2	548	5	495	15	3	0	50	500	500	500	0	0	0	
4.0899841789e+02	2	548	6	494	14	3	0	50	500	500	500	0	0	0	
4.0949850829e+02	1	551	7	493	14	2	0	50	500	500	500	0	0	0	
4.0999704508e+02	0	551	14	486	9	6	0	50	500	500	500	0	0	0	
4.1049939055e+02	1	552	7	493	11	2	0	50	500	500	500	0	0	0	
4.1099975344e+02	0	553	11	489	4	4	0	50	500	500	500	0	0	0	
4.1149977979e+02	0	553	4	496	12	2	0	50	500	500	500	0	0	0	
4.1199192344e+02	0	554	5	495	12	4	0	50	500	500	500	0	0	0	
4.1249495175e+02	0	555	8	492	12	2	0	50	500	500	500	0	0	0	
4.1299938709e+02	1	554	7	493	12	4	0	50	500	500	500	0	0	0	
4.1349333605e+02	1	554	5	495	10	3	0	50	500	500	500	0	0	0	
4.1399556677e+02	2	554	4	496	9	3	0	50	500	500	500	0	0	0	
4.1449989344e+02	2	554	8	492	15	1	0	50	500	500	500	0	0	0	
4.1499939033e+02	2	554	5	495	11	7	0	50	500	500	500	0	0	0	
4.1549652678e+02	2	554	9	491	17	5	0	50	500	500	500	0	0	0	
4.1599884451e+02	3	554	13	487	14	4	0	50	500	500	500	0	0	0	
4.1649804853e+02	2	554	6	494	15	4	0	50	500	500	500	0	0	0	
4.1699583274e+02	2	554	7	493	10	1	0	50	500	500	500	0	0	0	
4.1749796713e+02	0	556	6	494	6	4	0	50	500	500	500	0	0	0	
4.1799969476e+02	0	558	10	490	8	1	0	50	500	500	500	0	0	0	
4.1849303384e+02	0	558	5	495	9	3	0	50	500	500	500	0	0	0	
4.1899956019e+02	0	558	7	493	11	3	0	50	500	500	500	0	0	0	
4.1949916871e+02	0	560	12	488	15	5	0	50	500	500	500	0	0	0	
4.1999956941e+02	0	560	10	490	15	6	0	50	500	500	500	0	0	0	
4.2049821481e+02	0	560	10	490	12	2	0	50	500	500	500	0	0	0	
4.2099695023e+02	0	560	11	489	12	2	0	50	500	500	500	0	0	0	
4.2149584519e+02	0	560	4	496	14	2	0	50	500	500	500	0	0	0	
4.2199805561e+02	0	560	12	488	9	2	0	50	500	500	500	0	0	0	
4.2249906261e+02	1	558	8	492	8	7	0	50	500	500	500	0	0	0	
4.2299565082e+02	1	558	3	497	9	4	0	50	500	500	500	0	0	0	
4.2348855163e+02	2	559	4	496	9	4	0	50	500	500	500	0	0	0	
4.2399995726e+02	0	562	6	494	15	3	0	50	500	500	500	0	0	0	
4.2449710464e+02	2	560	4	496	9	10	0	50	500	500	500	0	0	0	
4.2499760961e+02	3	557	4	496	13	1	0	50	500	500	500	0	0	0	
4.2549936693e+02	1	561	7	493	13	1	0	50	500	500	500	0	0	0	
4.2599886633e+02	0	562	12	488	5	4	0	50	500	500	500	0	0	0	
4.2649430151e+02	1	561	7	493	13	5	0	50	500	500	500	0	0	0	
4.2699693131e+02	2	559	6	494	10	3	0	50	500	500	500	0	0	0	
4.2749896293e+02	1	559	4	496	10	6	0	50	500	500	500	0	0	0	
4.2799619490e+02	0	561	10	490	14	3	0	50	500	500	500	0	0	0	
4.2849955293e+02	1	562	8	492	10	3	0	50	500	500	500	0	0	0	
4.2899418084e+02	1	562	10	490	10	8	0	50	500	500	500	0	0	0	
4.2949997404e+02	0	563	8	492	14	7	0	50	500	500	500	0	0	0	
4.2999965061e+02	1	561	8	492	13	3	0	50	500	500	500	0	0	0	
4.3049862519e+02	2	561	6	494	14	3	0	50	500	500	500	0	0	0	
4.3099312721e+02	3	561	9	491	14	4	0	50	500	500	500	0	0	0	
4.3149970364e+02	4	561	1	499	13	4	0	50	500	500	500	0	0	0	
4.3199953888e+02	5	561	6	494	17	6	0	50	500	500	500	0	0	0	
4.3249892842e+02	2	565	11	489	15	4	0	50	500	500	500	0	0	0	
4.3299591235e+02	2	564	5	495	13	6	0	50	500	500	500	0	0	0	
4.3349935426e+02	1	566	4	496	11	3	0	50	500	500	500	0	0	0	
4.3399905541e+02	2	568	8	492	10	6	0	50	500	500	500	0	0	0	
4.3449876628e+02	2	569	8	492	15	3	0	50	500	500	500	0	0	0	
4.3499908721e+02	2	571	6	494	13	3	0	50	500	500	500	0	0	0	
4.3549163274e+02	3	571	4	496	11	3	0	50	500	500	500	0	0	0	
4.3599846666e+02	3	571	17	483	13	2	0	50	500	500	500	0	0	0	
4.3649858640e+02	3	569	2	498	14	4	0	50	500	500	500	0	0	0	
4.3699605588e+02	4	570	5	495	9	3	0	50	500	500	500	0	0	0	
4.3749976044e+02	2	573	4	496	15	3	0	50	500	500	500	0	0	0	
4.3799788170e+02	2	573	4	496	19	2	0	50	500	500	500	0	0	0	
4.3849811093e+02	2	573	8	492	14	3	0	50	500	500	500	0	0	0	
4.3899970366e+02	0	576	9	491	17	4	0	50	500	500	500	0	0	0	
4.3949642867e+02	0	576	4	496	13	3	0	50	500	500	500	0	0	0	
4.3999670513e+02	0	577	2	498	18	2	0	50	500	500	500	0	0	0	
4.4049962459e+02	0	578	9	491	18	0	0	50	500	500	500	0	0	0	
4.4099859380e+02	1	578	3	497	9	3	0	50	500	500	500	0	0	0	
4.4149835782e+02	2	575	9	491	14	0	0	50	500	500	500	0	0	0	
4.4199823375e+02	2	575	5	495	6	4	0	50	500	500	500	0	0	0	
4.4249994587e+02	3	573	7	493	22	4	0	50	500	500	500	0	0	0	
4.4299706789e+02	3	574	6	494	8	4	0	50	500	500	500	0	0	0	
4.4349935613e+02	2	574	12	488	12	5	0	50	500	500	500	0	0	0	
4.4399867932e+02	2	574	11	489	11	4	0	50	500	500	500	0	0	0	
4.4449671261e+02	2	574	9	491	14	2	0	50	500	500	500	0	0	0	
4.4499885814e+02	2	575	11	489	11	6	0	50	500	500	500	0	0	0	
4.4549433045e+02	2	575	8	492	12	5	0	50	500	500	500	0	0	0	
4.4599692647e+02	3	572	10	490	13	2	0	50	500	500	500	0	0	0	
4.4649891763e+02	4	572	6	494	13	6	0	50	500	500	500	0	0	0	
4.4699870707e+02	3	574	7	493	12	8	0	50	500	500	500	0	0	0	
4.4749637681e+02	3	574	2	498	15	2	0	50	500	500	500	0	0	0	
4.4799807705e+02	4	572	7	493	16	1	0	50	500	500	500	0	0	0	
4.4849981810e+02	3	573	5	495	16	0	0	50	500	500	500	0	0	0	
4.4899791209e+02	2	574	6	494	13	6	0	50	500	500	500	0	0	0	
4.4949961881e+02	2	574	5	495	15	7	0	50	500	500	500	0	0	0	
4.4999605223e+02	2	575	7	493	13	5	0	50	500	500	500	0	0	0	
4.5049854297e+02	3	573	11	489	7	4	0	50	500	500	500	0	0	0	
4.5099995619e+02	3	573	14	486	12	2	0	50	500	500	500	0	0	0	
4.5149961700e+02	2	574	11	489	12	3	0	50	500	500	500	0	0	0	
4.5199089316e+02	3	573	2	498	17	2	0	50	500	500	500	0	0	0	
4.5249815154e+02	3	573	8	492	10	3	0	50	500	500	500	0	0	0	
4.5299989910e+02	4	573	7	493	18	1	0	50	500	500	500	0	0	0	
4.5349982045e+02	2	577	5	495	15	2	0	50	500	500	500	0	0	0	
4.5399998833e+02	2	576	4	496	14	1	0	50	500	500	500	0	0	0	
4.5449900570e+02	0	578	10	490	13	2	0	50	500	500	500	0	0	0	
4.5499646081e+02	0	576	5	495	18	2	0	50	500	500	500	0	0	0	
4.5549737742e+02	0	576	5	495	13	0	0	50	500	500	500	0	0	0	
4.5599398269e+02	1	573	6	494	11	3	0	50	500	500	500	0	0	0	
4.5649451341e+02	2	573	10	490	8	4	0	50	500	500	500	0	0	0	
4.5699769966e+02	1	572	8	492	7	3	0	50	500	500	500	0	0	0	
4.5748710315e+02	1	572	3	497	11	2	0	50	500	500	500	0	0	0	
4.5799673063e+02	0	572	5	495	9	6	0	50	500	500	500	0	0	0	
4.5849483236e+02	1	572	6	494	14	3	0	50	500	500	500	0	0	0	
4.5899924633e+02	3	570	2	498	16	5	0	50	500	500	500	0	0	0	
4.5949628669e+02	1	572	9	491	13	0	0	50	500	500	500	0	0	0	
4.5999825034e+02	0	573	6	494	9	3	0	50	500	500	500	0	0	0	
4.6049835658e+02	0	573	8	492	10	1	0	50	500	500	500	0	0	0	
4.6099809661e+02	0	573	6	494	14	2	0	50	500	500	500	0	0	0	
4.6149866175e+02	2	571	8	492	7	8	0	50	500	500	500	0	0	0	
4.6199931923e+02	2	571	6	494	13	4	0	50	500	500	500	0	0	0	
4.6249660938e+02	2	571	8	492	11	0	0	50	500	500	500	0	0	0	
4.6299906698e+02	1	574	10	490	12	3	0	50	500	500	500	0	0	0	
4.6349880849e+02	1	575	8	492	11	7	0	50	500	500	500	0	0	0	
4.6399637012e+02	3	574	4	496	14	5	0	50	500	500	500	0	0	0	
4.6449873762e+02	1	578	3	497	10	4	0	50	500	500	500	0	0	0	
4.6499866709e+02	1	580	4	496	13	3	0	50	500	500	500	0	0	0	
4.6549793448e+02	1	581	7	493	13	3	0	50	500	500	500	0	0	0	
4.6599997546e+02	1	583	8	492	11	7	0	50	500	500	500	0	0	0	
4.6649839260e+02	1	584	8	492	10	4	0	50	500	500	500	0	0	0	
4.6699639295e+02	2	586	10	490	12	2	0	50	500	500	500	0	0	0	
4.6749872901e+02	0	588	5	495	16	4	0	50	500	500	500	0	0	0	
4.6799887008e+02	1	587	6	494	15	2	0	50	500	500	500	0	0	0	
4.6849765911e+02	1	587	9	491	14	2	0	50	500	500	500	0	0	0	
4.6899861060e+02	1	586	6	494	12	3	0	50	500	500	500	0	0	0	
4.6949926567e+02	1	586	7	493	10	4	0	50	500	500	500	0	0	0	
4.6999217781e+02	1	587	6	494	12	1	0	50	500	500	500	0	0	0	
4.7049988065e+02	0	588	5	495	10	5	0	50	500	500	500	0	0	0	
4.7099787729e+02	0	588	6	494	8	3	0	50	500	500	500	0	0	0	
4.7149920706e+02	0	588	8	492	16	3	0	50	500	500	500	0	0	0	
4.7199977483e+02	0	589	8	492	20	4	0	50	500	500	500	0	0	0	
4.7249649591e+02	0	591	9	491	20	5	0	50	500	500	500	0	0	0	
4.7299836968e+02	0	592	4	496	14	3	0	50	500	500	500	0	0	0	
4.7349825719e+02	2	591	7	493	12	6	0	50	500	500	500	0	0	0	
4.7399329016e+02	2	590	4	496	11	5	0	50	500	500	500	0	0	0	
4.7449349366e+02	1	590	4	496	13	2	0	50	500	500	500	0	0	0	
4.7499572724e+02	1	591	6	494	8	1	0	50	500	500	500	0	0	0	
4.7549937763e+02	1	591	4	496	9	4	0	50	500	500	500	0	0	0	
4.7599961861e+02	1	590	7	493	15	6	0	50	500	500	500	0	0	0	
4.7649867393e+02	0	591	10	490	12	5	0	50	500	500	500	0	0	0	
4.7699957311e+02	0	591	6	494	11	2	0	50	500	500	500	0	0	0	
4.7749821440e+02	0	590	5	495	9	4	0	50	500	500	500	0	0	0	
4.7799994133e+02	0	591	6	494	10	5	0	50	500	500	500	0	0	0	
4.7849954999e+02	2	589	12	488	11	4	0	50	500	500	500	0	0	0	
4.7899740253e+02	1	590	5	495	21	1	0	50	500	500	500	0	0	0	
4.7949971058e+02	1	591	12	488	17	2	0	50	500	500	500	0	0	0	
4.7999719113e+02	1	591	7	493	18	2	0	50	500	500	500	0	0	0	
4.8049939986e+02	3	592	5	495	13	2	0	50	500	500	500	0	0	0	
4.8099929425e+02	3	593	6	494	11	1	0	50	500	500	500	0	0	0	
4.8149980454e+02	3	591	4	496	13	3	0	50	500	500	500	0	0	0	
4.8199987985e+02	2	592	5	495	8	5	0	50	500	500	500	0	0	0	
4.8249877484e+02	2	593	8	492	5	4	0	50	500	500	500	0	0	0	
4.8299798563e+02	3	593	7	493	14	1	0	50	500	500	500	0	0	0	
4.8349343118e+02	1	596	4	496	11	2	0	50	500	500	500	0	0	0	
4.8399688817e+02	1	599	2	498	8	6	0	50	500	500	500	0	0	0	
4.8449868920e+02	1	600	5	495	12	6	0	50	500	500	500	0	0	0	
4.8499729531e+02	4	596	8	492	13	4	0	50	500	500	500	0	0	0	
4.8549908173e+02	2	598	9	491	13	1	0	50	500	500	500	0	0	0	
4.8599942307e+02	2	597	9	491	12	7	0	50	500	500	500	0	0	0	
4.8649941106e+02	3	596	4	496	13	6	0	50	500	500	500	0	0	0	
4.8699949743e+02	2	598	7	493	15	2	0	50	500	500	500	0	0	0	
4.8749931455e+02	1	599	7	493	9	6	0	50	500	500	500	0	0	0	
4.8799926627e+02	1	599	6	494	14	3	0	50	500	500	500	0	0	0	
4.8849762908e+02	1	600	5	495	11	3	0	50	500	500	500	0	0	0	
4.8899817241e+02	1	600	8	492	9	4	0	50	500	500	500	0	0	0	
4.8949913836e+02	3	600	6	494	7	4	0	50	500	500	500	0	0	0	
4.8999663708e+02	2	602	12	488	9	4	0	50	500	500	500	0	0	0	
4.9049904271e+02	2	601	2	498	7	1	0	50	500	500	500	0	0	0	
4.9099664424e+02	2	602	4	496	10	3	0	50	500	500	500	0	0	0	
4.9149872463e+02	2	600	4	496	13	0	0	50	500	500	500	0	0	0	
4.9199768988e+02	2	599	9	491	8	3	0	50	500	500	500	0	0	0	
4.9249791296e+02	3	598	11	489	11	3	0	50	500	500	500	0	0	0	
4.9299733745e+02	2	602	5	495	13	5	0	50	500	500	500	0	0	0	
4.9349979059e+02	2	603	5	495	15	4	0	50	500	500	500	0	0	0	
4.9399886628e+02	2	602	12	488	10	2	0	50	500	500	500	0	0	0	
4.9449587228e+02	1	604	6	494	14	4	0	50	500	500	500	0	0	0	
4.9499994268e+02	0	608	4	496	6	7	0	50	500	500	500	0	0	0	
4.9549726629e+02	0	607	6	494	12	4	0	50	500	500	500	0	0	0	
4.9599990511e+02	0	607	4	496	18	3	0	50	500	500	500	0	0	0	
4.9649612208e+02	0	609	8	492	13	2	0	50	500	500	500	0	0	0	
4.9699973930e+02	0	609	10	490	9	4	0	50	500	500	500	0	0	0	
4.9749195183e+02	0	610	7	493	11	2	0	50	500	500	500	0	0	0	
4.9799961741e+02	0	608	7	493	7	4	0	50	500	500	500	0	0	0	
4.9849616856e+02	1	605	2	498	10	2	0	50	500	500	500	0	0	0	
4.9899985378e+02	1	606	4	496	8	3	0	50	500	500	500	0	0	0	
4.9949964980e+02	1	607	7	493	10	5	0	50	500	500	500	0	0	0	
4.9999894178e+02	1	609	11	489	13	4	0	50	500	500	500	0	0	0	
5.0000104008e+02	1	609	10	490	13	4	0	50	500	500	500	0	0	0	
