0.0000000000e+00	0	0	0	0	0	500	500	0	500	500	0	0	0	30	
4.4870514366e-01	0	0	5	0	0	500	500	0	500	500	0	0	0	30	
9.4671551694e-01	1	2	4	3	0	500	500	0	500	500	0	0	0	30	
1.4592785129e+00	1	3	5	8	0	500	500	0	500	500	0	0	0	30	
1.9785760254e+00	1	3	5	11	1	499	500	0	500	500	0	0	0	30	
2.4293804140e+00	2	3	4	14	4	496	500	0	500	500	0	0	0	30	
2.9934317602e+00	2	4	4	18	1	499	500	0	500	500	0	0	0	30	
3.4982919830e+00	4	3	7	16	2	498	500	0	500	500	0	0	0	30	
3.9922356348e+00	6	2	11	17	1	499	500	0	500	500	0	0	0	30	
4.4994724829e+00	6	4	8	24	2	498	500	0	500	500	0	0	0	30	
4.9808273736e+00	6	5	8	26	3	497	500	0	500	500	0	0	0	30	
5.4853354446e+00	7	5	5	31	2	498	500	0	500	500	0	0	0	30	
5.9964265675e+00	8	5	11	29	6	494	500	0	500	500	0	0	0	30	
6.4981817107e+00	10	5	7	39	0	500	500	0	500	500	0	0	0	30	
6.9931116096e+00	12	3	12	35	1	499	500	0	500	500	0	0	0	30	
7.4904350940e+00	14	1	18	31	0	500	500	0	500	500	0	0	0	30	
7.9832811175e+00	14	3	12	37	0	500	500	0	500	500	0	0	0	30	
8.4939332671e+00	14	4	10	44	0	500	500	0	500	500	0	0	0	30	
8.9956176925e+00	15	3	11	45	1	499	500	0	500	500	0	0	0	30	
9.4953143258e+00	16	5	8	50	1	499	500	0	500	500	0	0	0	30	
9.9972120218e+00	17	6	7	52	1	499	500	0	500	500	0	0	0	30	
1.0494213927e+01	20	4	9	50	1	499	500	0	500	500	0	0	0	30	
1.0998271724e+01	19	7	8	54	1	499	500	0	500	500	0	0	0	30	
1.1495116785e+01	22	6	9	56	3	497	500	0	500	500	0	0	0	30	
1.1999448111e+01	25	3	12	57	3	497	500	0	500	500	0	0	0	30	
1.2497787079e+01	24	7	8	66	3	497	500	0	500	500	0	0	0	30	
1.2998542984e+01	26	5	6	73	5	495	500	0	500	500	0	0	0	30	
1.3491872160e+01	24	8	7	70	5	495	500	0	500	500	0	0	0	30	
1.3984786693e+01	23	9	8	72	6	494	500	0	500	500	0	0	0	30	
1.4488014541e+01	26	9	7	74	2	498	500	0	500	500	0	0	0	30	
1.4979924685e+01	26	10	5	79	4	496	500	0	500	500	0	0	0	30	
1.5495173504e+01	27	11	6	80	5	495	500	0	500	500	0	0	0	30	
1.5997531768e+01	29	11	2	85	4	496	500	0	500	500	0	0	0	30	
1.6496773432e+01	30	10	4	84	5	495	500	0	500	500	0	0	0	30	
1.6996716946e+01	32	8	6	82	3	497	500	0	500	500	0	0	0	30	
1.7492258888e+01	34	6	8	83	3	497	500	0	500	500	0	0	0	30	
1.7997530522e+01	35	6	18	77	2	498	500	0	500	500	0	0	0	30	
1.8496761433e+01	35	8	10	84	1	499	500	0	500	500	0	0	0	30	
1.8979783659e+01	38	6	4	92	1	499	500	0	500	500	0	0	0	30	
1.9486467201e+01	39	5	7	93	1	499	500	0	500	500	0	0	0	30	
1.9998679333e+01	38	6	9	94	1	499	500	0	500	500	0	0	0	30	
2.0498145712e+01	36	9	3	100	3	497	500	0	500	500	0	0	0	30	
2.0996299116e+01	35	12	8	97	5	495	500	0	500	500	0	0	0	30	
2.1498610222e+01	35	15	3	105	4	496	500	0	500	500	0	0	0	30	
2.1999948514e+01	36	16	1	110	9	491	500	0	500	500	0	0	0	30	
2.2495294103e+01	40	13	1	111	2	498	500	0	500	500	0	0	0	30	
2.2995279232e+01	40	14	3	110	5	495	500	0	500	500	0	0	0	30	
2.3495461040e+01	39	15	5	110	7	493	500	0	500	500	0	0	0	30	
2.3998262602e+01	40	17	6	108	4	496	500	0	500	500	0	0	0	30	
2.4499737979e+01	40	18	1	115	12	488	500	0	500	500	0	0	0	30	
2.4996417756e+01	40	19	3	117	8	492	500	0	500	500	0	0	0	30	
2.5496395830e+01	41	20	3	118	12	488	500	0	500	500	0	0	0	30	
2.5989580055e+01	43	20	2	120	13	487	500	0	500	500	0	0	0	30	
2.6498214128e+01	49	16	7	117	9	491	500	0	500	500	0	0	0	30	
2.6998240529e+01	53	13	4	119	4	496	500	0	500	500	0	0	0	30	
2.7498218932e+01	53	16	6	120	7	493	500	0	500	500	0	0	0	30	
2.7993033754e+01	53	16	1	128	10	490	500	0	500	500	0	0	0	30	
2.8499227904e+01	54	16	3	134	11	489	500	0	500	500	0	0	0	30	
2.8990420230e+01	56	14	6	132	9	491	500	0	500	500	0	0	0	30	
2.9492870342e+01	57	13	4	135	9	491	500	0	500	500	0	0	0	30	
2.9996578923e+01	56	14	4	137	2	498	500	0	500	500	0	0	0	30	
3.0499154228e+01	55	17	7	139	7	493	500	0	500	500	0	0	0	30	
3.0996075498e+01	55	17	4	144	6	494	500	0	500	500	0	0	0	30	
3.1499172984e+01	57	16	5	150	10	490	500	0	500	500	0	0	0	30	
3.1990755794e+01	57	16	4	154	5	495	500	0	500	500	0	0	0	30	
3.2499955444e+01	59	15	6	154	7	493	500	0	500	500	0	0	0	30	
3.2995745755e+01	59	15	3	158	6	494	500	0	500	500	0	0	0	30	
3.3499423502e+01	59	15	3	158	3	497	500	0	500	500	0	0	0	30	
3.3997462060e+01	59	15	3	161	2	498	500	0	500	500	0	0	0	30	
3.4499914668e+01	57	18	2	161	7	493	500	0	500	500	0	0	0	30	
3.4989779425e+01	57	19	3	161	11	489	500	0	500	500	0	0	0	30	
3.5493315030e+01	62	14	5	161	10	490	500	0	500	500	0	0	0	30	
3.5997265764e+01	63	13	7	162	11	489	500	0	500	500	0	0	0	30	
3.6498879326e+01	60	16	4	167	16	484	500	0	500	500	0	0	0	30	
3.6994942983e+01	59	18	2	170	10	490	500	0	500	500	0	0	0	30	
3.7498860567e+01	61	16	1	173	7	493	500	0	500	500	0	0	0	30	
3.7996760923e+01	61	17	1	172	8	492	500	0	500	500	0	0	0	30	
3.8498727667e+01	60	18	6	173	17	483	500	0	500	500	0	0	0	30	
3.8995186014e+01	55	26	1	178	7	493	500	0	500	500	0	0	0	30	
3.9498446277e+01	62	20	5	177	9	491	500	0	500	500	0	0	0	30	
3.9996517977e+01	58	27	0	182	17	483	500	0	500	500	0	0	0	30	
4.0490711153e+01	64	23	1	182	17	483	500	0	500	500	0	0	0	30	
4.0989009199e+01	64	23	4	182	10	490	500	0	500	500	0	0	0	30	
4.1488833210e+01	62	26	0	187	15	485	500	0	500	500	0	0	0	30	
4.1997809974e+01	66	22	1	190	13	487	500	0	500	500	0	0	0	30	
4.2495764924e+01	65	22	2	190	12	488	500	0	500	500	0	0	0	30	
4.2999127886e+01	66	23	12	181	7	493	500	0	500	500	0	0	0	30	
4.3499405239e+01	73	16	2	191	10	490	500	0	500	500	0	0	0	30	
4.3998033167e+01	67	23	3	193	8	492	500	0	500	500	0	0	0	30	
4.4498501693e+01	67	23	5	190	9	491	500	0	500	500	0	0	0	30	
4.4999160328e+01	72	19	6	189	11	489	500	0	500	500	0	0	0	30	
4.5492924010e+01	68	23	4	190	10	490	500	0	500	500	0	0	0	30	
4.5998472515e+01	65	26	3	193	10	490	500	0	500	500	0	0	0	30	
4.6498034986e+01	65	28	1	197	12	488	500	0	500	500	0	0	0	30	
4.6999894912e+01	63	32	1	199	20	480	500	0	500	500	0	0	0	30	
4.7492670140e+01	61	37	0	202	20	480	500	0	500	500	0	0	0	30	
4.7999364493e+01	55	43	1	202	16	484	500	0	500	500	0	0	0	30	
4.8499339221e+01	53	45	4	202	23	477	500	0	500	500	0	0	0	30	
4.8998474556e+01	55	42	0	206	22	478	500	0	500	500	0	0	0	30	
4.9497036313e+01	62	34	1	207	21	479	500	0	500	500	0	0	0	30	
4.9999245871e+01	60	36	1	210	25	475	500	0	500	500	0	0	0	30	
5.0498420400e+01	59	39	0	210	33	467	500	0	500	500	0	0	0	30	
5.0995844139e+01	65	33	3	207	25	475	500	0	500	500	0	0	0	30	
5.1499005062e+01	72	26	3	208	19	481	500	0	500	500	0	0	0	30	
5.1997866220e+01	73	26	1	207	20	480	500	0	500	500	0	0	0	30	
5.2490555211e+01	66	34	1	208	21	479	500	0	500	500	0	0	0	30	
5.2996049958e+01	69	33	4	210	17	483	500	0	500	500	0	0	0	30	
5.3498841882e+01	68	37	4	212	15	485	500	0	500	500	0	0	0	30	
5.3996561002e+01	61	45	1	214	20	480	500	0	500	500	0	0	0	30	
5.4499974268e+01	66	41	1	213	31	469	500	0	500	500	0	0	0	30	
5.4996979906e+01	66	43	1	218	16	484	500	0	500	500	0	0	0	30	
5.5499262227e+01	65	44	2	218	17	483	500	0	500	500	0	0	0	30	
5.5995549534e+01	67	42	2	217	21	479	500	0	500	500	0	0	0	30	
5.6497761091e+01	68	41	3	215	30	470	500	0	500	500	0	0	0	30	
5.6997808365e+01	74	36	1	214	27	473	500	0	500	500	0	0	0	30	
5.7494984356e+01	78	33	4	212	16	484	500	0	500	500	0	0	0	30	
5.7987033213e+01	75	37	0	217	16	484	500	0	500	500	0	0	0	30	
5.8489761152e+01	84	29	3	217	19	481	500	0	500	500	0	0	0	30	
5.8998420597e+01	85	29	2	217	6	494	500	0	500	500	0	0	0	30	
5.9499511963e+01	77	37	2	221	15	485	500	0	500	500	0	0	0	30	
5.9998195193e+01	76	42	1	225	31	469	500	0	500	500	0	0	0	30	
6.0497560062e+01	79	40	4	225	17	483	500	0	500	500	0	0	0	30	
6.0999499030e+01	75	45	0	230	15	485	500	0	500	500	0	0	0	30	
6.1498081128e+01	78	42	2	231	17	483	500	0	500	500	0	0	0	30	
6.1997420013e+01	79	43	2	234	19	481	500	0	500	500	0	0	0	30	
6.2499689876e+01	75	48	2	239	21	479	500	0	500	500	0	0	0	30	
6.2999436641e+01	69	55	1	241	27	473	500	0	500	500	0	0	0	30	
6.3499623169e+01	70	55	1	240	32	468	500	0	500	500	0	0	0	30	
6.3998862419e+01	79	49	1	240	22	478	500	0	500	500	0	0	0	30	
6.4498789525e+01	77	51	0	243	27	473	500	0	500	500	0	0	0	30	
6.4997800801e+01	81	47	1	240	29	471	500	0	500	500	0	0	0	30	
6.5498492960e+01	83	45	3	240	32	468	500	0	500	500	0	0	0	30	
6.5999524591e+01	90	42	4	243	33	467	500	0	500	500	0	0	0	30	
6.6495426893e+01	92	41	3	245	21	479	500	0	500	500	0	0	0	30	
6.6999685996e+01	87	47	2	247	25	475	500	0	500	500	0	0	0	30	
6.7498982216e+01	81	55	2	252	20	480	500	0	500	500	0	0	0	30	
6.7995721737e+01	76	61	0	258	28	472	500	0	500	500	0	0	0	30	
6.8498659643e+01	80	58	0	258	41	459	500	0	500	500	0	0	0	30	
6.8999928908e+01	80	59	1	257	41	459	500	0	500	500	0	0	0	30	
6.9498829630e+01	84	57	1	255	42	458	500	0	500	500	0	0	0	30	
6.9997269318e+01	82	60	2	256	47	453	500	0	500	500	0	0	0	30	
7.0498334151e+01	88	54	2	254	51	449	500	0	500	500	0	0	0	30	
7.0997196401e+01	92	49	1	254	44	456	500	0	500	500	0	0	0	30	
7.1498706865e+01	92	49	3	257	38	462	500	0	500	500	0	0	0	30	
7.1999047244e+01	88	53	2	258	37	463	500	0	500	500	0	0	0	30	
7.2489907753e+01	96	46	1	259	33	467	500	0	500	500	0	0	0	30	
7.2996031330e+01	88	54	0	262	21	479	500	0	500	500	0	0	0	30	
7.3499727887e+01	91	51	2	264	29	471	500	0	500	500	0	0	0	30	
7.3998222333e+01	89	54	4	263	37	463	500	0	500	500	0	0	0	30	
7.4490051127e+01	88	57	1	268	25	475	500	0	500	500	0	0	0	30	
7.4999218097e+01	93	55	0	271	30	470	500	0	500	500	0	0	0	30	
7.5499450700e+01	91	57	2	272	32	468	500	0	500	500	0	0	0	30	
7.5999784675e+01	93	58	2	271	43	457	500	0	500	500	0	0	0	30	
7.6497868067e+01	99	52	0	276	31	469	500	0	500	500	0	0	0	30	
7.6992110779e+01	90	61	0	279	27	473	500	0	500	500	0	0	0	30	
7.7497678053e+01	98	54	3	278	33	467	500	0	500	500	0	0	0	30	
7.7992894314e+01	94	58	0	278	29	471	500	0	500	500	0	0	0	30	
7.8495437714e+01	98	54	2	274	39	461	500	0	500	500	0	0	0	30	
7.8996283874e+01	101	52	0	278	35	465	500	0	500	500	0	0	0	30	
7.9496322861e+01	94	59	2	276	33	467	500	0	500	500	0	0	0	30	
7.9995877016e+01	91	62	1	278	30	470	500	0	500	500	0	0	0	30	
8.0498160796e+01	93	60	1	278	32	468	500	0	500	500	0	0	0	30	
8.0997956398e+01	94	59	0	280	42	458	500	0	500	500	0	0	0	30	
8.1498761110e+01	88	65	1	282	42	458	500	0	500	500	0	0	0	30	
8.1998774331e+01	82	73	0	285	54	446	500	0	500	500	0	0	0	30	
8.2497044326e+01	86	69	0	287	58	442	500	0	500	500	0	0	0	30	
8.2999675625e+01	85	70	2	283	59	441	500	0	500	500	0	0	0	30	
8.3497202766e+01	89	68	1	288	56	444	500	0	500	500	0	0	0	30	
8.3999075955e+01	86	72	2	285	56	444	500	0	500	500	0	0	0	30	
8.4498827726e+01	94	64	0	288	51	449	500	0	500	500	0	0	0	30	
8.4997363681e+01	92	67	3	284	53	447	500	0	500	500	0	0	0	30	
8.5499973843e+01	95	65	0	286	36	464	500	0	500	500	0	0	0	30	
8.5997785050e+01	99	61	0	288	39	461	500	0	500	500	0	0	0	30	
8.6498301972e+01	98	62	1	288	39	461	500	0	500	500	0	0	0	30	
8.6999525439e+01	102	59	2	287	36	464	500	0	500	500	0	0	0	30	
8.7498140461e+01	96	65	2	289	47	453	500	0	500	500	0	0	0	30	
8.7995846165e+01	94	70	2	290	47	453	500	0	500	500	0	0	0	30	
8.8499616087e+01	92	73	2	292	54	446	500	0	500	500	0	0	0	30	
8.8999137761e+01	90	76	2	292	54	446	500	0	500	500	0	0	0	30	
8.9494451420e+01	85	81	1	295	56	444	500	0	500	500	0	0	0	30	
8.9992019531e+01	92	77	1	297	48	452	500	0	500	500	0	0	0	30	
9.0499913426e+01	92	77	3	293	46	454	500	0	500	500	0	0	0	30	
9.0995028400e+01	96	74	0	296	51	449	500	0	500	500	0	0	0	30	
9.1499112671e+01	97	73	1	295	40	460	500	0	500	500	0	0	0	30	
9.1999373853e+01	98	72	1	294	52	448	500	0	500	500	0	0	0	30	
9.2499989271e+01	98	72	5	292	52	448	500	0	500	500	0	0	0	30	
9.2999772008e+01	99	72	1	296	38	462	500	0	500	500	0	0	0	30	
9.3497456157e+01	97	74	1	296	29	471	500	0	500	500	0	0	0	30	
9.3999414901e+01	101	70	2	297	43	457	500	0	500	500	0	0	0	30	
9.4495609795e+01	104	68	1	298	35	465	500	0	500	500	0	0	0	30	
9.4997731563e+01	107	66	1	298	37	463	500	0	500	500	0	0	0	30	
9.5498474323e+01	108	69	1	301	44	456	500	0	500	500	0	0	0	30	
9.5999974848e+01	108	69	0	304	46	454	500	0	500	500	0	0	0	30	
9.6499752238e+01	106	72	0	304	43	457	500	0	500	500	0	0	0	30	
9.6997455904e+01	102	77	1	302	51	449	500	0	500	500	0	0	0	30	
9.7498527329e+01	95	85	0	303	60	440	500	0	500	500	0	0	0	30	
9.7999945735e+01	102	78	2	301	72	428	500	0	500	500	0	0	0	30	
9.8498548503e+01	96	86	1	305	66	434	500	0	500	500	0	0	0	30	
9.8999442381e+01	95	87	3	305	78	422	500	0	500	500	0	0	0	30	
9.9497433513e+01	96	88	0	310	81	419	500	0	500	500	0	0	0	30	
9.9998924525e+01	98	86	0	310	66	434	500	0	500	500	0	0	0	30	
1.0049934657e+02	97	89	0	310	83	417	500	0	500	500	0	0	0	30	
1.0099997163e+02	98	88	2	310	75	425	500	0	500	500	0	0	0	30	
1.0149938541e+02	102	87	1	311	87	413	500	0	500	500	0	0	0	30	
1.0199919543e+02	111	79	0	315	78	422	500	0	500	500	0	0	0	30	
1.0249900722e+02	111	81	1	312	92	408	500	0	500	500	0	0	0	30	
1.0299913864e+02	114	78	2	309	69	431	500	0	500	500	0	0	0	30	
1.0349827708e+02	107	86	0	309	69	431	500	0	500	500	0	0	0	30	
1.0399129076e+02	112	84	0	310	52	448	500	0	500	500	0	0	0	30	
1.0449990803e+02	113	84	3	310	68	432	500	0	500	500	0	0	0	30	
1.0499992424e+02	118	79	1	314	68	432	500	0	500	500	0	0	0	30	
1.0549830019e+02	114	86	2	315	76	424	500	0	500	500	0	0	0	30	
1.0599794744e+02	111	89	1	321	73	427	500	0	500	500	0	0	0	30	
1.0649174949e+02	118	82	0	323	74	426	500	0	500	500	0	0	0	30	
1.0699755505e+02	122	77	2	322	69	431	500	0	500	500	0	0	0	30	
1.0749994020e+02	121	80	3	323	64	436	500	0	500	500	0	0	0	30	
1.0799859277e+02	106	96	1	326	68	432	500	0	500	500	0	0	0	30	
1.0849606380e+02	108	96	0	324	81	419	500	0	500	500	0	0	0	30	
1.0899900591e+02	109	95	1	322	89	411	500	0	500	500	0	0	0	30	
1.0949751314e+02	116	90	0	326	99	401	500	0	500	500	0	0	0	30	
1.0999726327e+02	118	87	2	325	113	387	500	0	500	500	0	0	0	30	
1.1049986599e+02	126	80	2	324	79	421	500	0	500	500	0	0	0	30	
1.1099858137e+02	125	83	2	324	83	417	500	0	500	500	0	0	0	30	
1.1149961585e+02	138	72	1	326	77	423	500	0	500	500	0	0	0	30	
1.1199895635e+02	127	84	1	326	72	428	500	0	500	500	0	0	0	30	
1.1249991830e+02	126	86	0	326	79	421	500	0	500	500	0	0	0	30	
1.1299556078e+02	126	86	2	323	77	423	500	0	500	500	0	0	0	30	
1.1349971103e+02	122	90	1	324	73	427	500	0	500	500	0	0	0	30	
1.1399860757e+02	119	94	0	326	91	409	500	0	500	500	0	0	0	30	
1.1449953513e+02	119	96	1	323	122	378	500	0	500	500	0	0	0	30	
1.1499983967e+02	120	97	1	323	134	366	500	0	500	500	0	0	0	30	
1.1549903055e+02	126	91	1	322	130	370	500	0	500	500	0	0	0	30	
1.1599926805e+02	122	95	0	321	118	382	500	0	500	500	0	0	0	30	
1.1649980884e+02	124	93	0	322	131	369	500	0	500	500	0	0	0	30	
1.1699692518e+02	120	98	0	320	118	382	500	0	500	500	0	0	0	30	
1.1749749410e+02	136	82	2	320	118	382	500	0	500	500	0	0	0	30	
1.1799958922e+02	139	80	1	322	95	405	500	0	500	500	0	0	0	30	
1.1849916744e+02	134	85	1	321	70	430	500	0	500	500	0	0	0	30	
1.1899802837e+02	136	84	2	319	72	428	500	0	500	500	0	0	0	30	
1.1949944780e+02	132	88	0	320	94	406	500	0	500	500	0	0	0	30	
1.1999997348e+02	138	84	1	320	94	406	500	0	500	500	0	0	0	30	
1.2049759889e+02	138	85	1	323	75	425	500	0	500	500	0	0	0	30	
1.2099856338e+02	127	96	0	328	89	411	500	0	500	500	0	0	0	30	
1.2149863787e+02	123	100	0	327	80	420	500	0	500	500	0	0	0	30	
1.2199856768e+02	120	103	1	326	77	423	500	0	500	500	0	0	0	30	
1.2249719197e+02	117	106	0	329	76	424	500	0	500	500	0	0	0	30	
1.2299949878e+02	122	102	3	325	78	422	500	0	500	500	0	0	0	30	
1.2349959751e+02	118	107	0	328	80	420	500	0	500	500	0	0	0	30	
1.2399815103e+02	124	103	1	330	99	401	500	0	500	500	0	0	0	30	
1.2449955254e+02	129	100	2	330	112	388	500	0	500	500	0	0	0	30	
1.2499943430e+02	125	106	0	333	131	369	500	0	500	500	0	0	0	30	
1.2549809197e+02	125	105	0	333	131	369	500	0	500	500	0	0	0	30	
1.2599913736e+02	125	107	0	335	157	343	500	0	500	500	0	0	0	30	
1.2649912948e+02	118	116	0	333	155	345	500	0	500	500	0	0	0	30	
1.2699831713e+02	119	116	0	336	163	337	500	0	500	500	0	0	0	30	
1.2749576269e+02	117	120	1	341	174	326	500	0	500	500	0	0	0	30	
1.2799848155e+02	125	113	0	344	175	325	500	0	500	500	0	0	0	30	
1.2849333442e+02	119	121	0	343	150	350	500	0	500	500	0	0	0	30	
1.2899626739e+02	112	126	0	344	188	312	500	0	500	500	0	0	0	30	
1.2949932042e+02	109	131	0	349	191	309	500	0	500	500	0	0	0	30	
1.2999987957e+02	116	125	0	349	207	293	500	0	500	500	0	0	0	30	
1.3049819004e+02	110	132	2	350	209	291	500	0	500	500	0	0	0	30	
1.3099961858e+02	107	136	1	350	251	249	500	0	500	500	0	0	0	30	
1.3149953589e+02	102	142	3	348	251	249	500	0	500	500	0	0	0	30	
1.3199936877e+02	94	150	0	352	291	209	500	0	500	500	0	0	0	30	
1.3249998436e+02	97	145	0	351	299	201	500	0	500	500	0	0	0	30	
1.3299991839e+02	92	151	0	353	305	195	500	0	500	500	0	0	0	30	
1.3349942190e+02	90	153	1	352	355	145	500	0	500	500	0	0	0	30	
1.3399787728e+02	90	154	0	353	319	181	500	0	500	500	0	0	0	30	
1.3449948686e+02	93	151	0	351	323	177	500	0	500	500	0	0	0	30	
1.3499597241e+02	86	160	0	348	341	159	500	0	500	500	0	0	0	30	
1.3549837598e+02	83	166	0	349	361	139	500	0	500	500	0	0	0	30	
1.3599878868e+02	78	171	0	351	365	135	500	0	500	500	0	0	0	30	
1.3649723334e+02	75	175	0	352	397	103	500	0	500	500	0	0	0	30	
1.3699926627e+02	67	182	1	353	415	85	500	0	500	500	0	0	0	30	
1.3749917763e+02	57	193	0	353	411	89	500	0	500	500	0	0	0	30	
1.3799973467e+02	55	196	0	356	420	80	500	0	500	500	0	0	0	30	
1.3849992791e+02	53	199	0	356	436	64	500	0	500	500	0	0	0	30	
1.3899941735e+02	48	206	0	355	435	65	500	0	500	500	0	0	0	30	
1.3949954963e+02	38	217	1	355	449	51	500	0	500	500	0	0	0	30	
1.3999863717e+02	38	217	0	359	439	61	500	0	500	500	0	0	0	30	
1.4049977464e+02	35	221	1	360	451	49	500	0	500	500	0	0	0	30	
1.4099943970e+02	31	225	1	360	444	56	500	0	500	500	0	0	0	30	
1.4149950702e+02	30	227	0	366	428	72	500	0	500	500	0	0	0	30	
1.4199565582e+02	24	235	0	367	449	51	500	0	500	500	0	0	0	30	
1.4249941904e+02	19	241	2	365	441	59	500	0	500	500	0	0	0	30	
1.4299916887e+02	22	240	1	365	455	45	500	0	500	500	0	0	0	30	
1.4349843753e+02	22	240	0	367	459	41	500	0	500	500	0	0	0	30	
1.4399970725e+02	21	241	0	367	453	47	500	0	500	500	0	0	0	30	
1.4449897346e+02	25	237	0	370	450	50	500	0	500	500	0	0	0	30	
1.4499728417e+02	22	241	0	371	465	35	500	0	500	500	0	0	0	30	
1.4549942250e+02	20	243	0	374	459	41	500	0	500	500	0	0	0	30	
1.4599921899e+02	20	243	0	376	460	40	500	0	500	500	0	0	0	30	
1.4649946560e+02	20	244	0	378	456	44	500	0	500	500	0	0	0	30	
1.4699969222e+02	18	248	0	377	466	34	500	0	500	500	0	0	0	30	
1.4749974903e+02	14	250	1	379	469	31	500	0	500	500	0	0	0	30	
1.4799983178e+02	10	254	1	381	461	39	500	0	500	500	0	0	0	30	
1.4849931858e+02	13	251	0	382	459	41	500	0	500	500	0	0	0	30	
1.4899931737e+02	18	247	1	384	441	59	500	0	500	500	0	0	0	30	
1.4949969285e+02	22	242	0	384	459	41	500	0	500	500	0	0	0	30	
1.4999957428e+02	22	244	1	380	459	41	500	0	500	500	0	0	0	30	
1.5049999869e+02	23	244	0	383	460	40	500	0	500	500	0	0	0	30	
1.5099989284e+02	17	252	1	383	463	37	500	0	500	500	0	0	0	30	
1.5149959830e+02	15	256	0	388	458	42	500	0	500	500	0	0	0	30	
1.5199949406e+02	16	255	0	386	455	45	500	0	500	500	0	0	0	30	
1.5249857766e+02	14	259	0	389	466	34	500	0	500	500	0	0	0	30	
1.5299989162e+02	16	257	0	393	463	37	500	0	500	500	0	0	0	30	
1.5349733166e+02	14	260	0	393	453	47	500	0	500	500	0	0	0	30	
1.5399848576e+02	11	262	0	393	462	38	500	0	500	500	0	0	0	30	
1.5449527035e+02	12	265	0	394	462	38	500	0	500	500	0	0	0	30	
1.5499970115e+02	12	266	0	393	451	49	500	0	500	500	0	0	0	30	
1.5549922195e+02	15	263	2	390	455	45	500	0	500	500	0	0	0	30	
1.5599588032e+02	13	265	0	398	472	28	500	0	500	500	0	0	0	30	
1.5649974995e+02	8	271	0	398	463	37	500	0	500	500	0	0	0	30	
1.5699838841e+02	9	271	0	398	459	41	500	0	500	500	0	0	0	30	
1.5749911717e+02	11	269	2	394	454	46	500	0	500	500	0	0	0	30	
1.5799977197e+02	11	269	0	398	476	24	500	0	500	500	0	0	0	30	
1.5849973420e+02	16	266	0	402	467	33	500	0	500	500	0	0	0	30	
1.5899855391e+02	14	268	0	402	470	30	500	0	500	500	0	0	0	30	
1.5949824490e+02	11	270	0	403	464	36	500	0	500	500	0	0	0	30	
1.5999972413e+02	6	276	0	404	450	50	500	0	500	500	0	0	0	30	
1.6049690419e+02	9	274	0	401	472	28	500	0	500	500	0	0	0	30	
1.6099941630e+02	12	271	1	401	447	53	500	0	500	500	0	0	0	30	
1.6149982471e+02	17	267	0	402	457	43	500	0	500	500	0	0	0	30	
1.6199776879e+02	16	268	1	399	475	25	500	0	500	500	0	0	0	30	
1.6249945339e+02	17	268	0	405	461	39	500	0	500	500	0	0	0	30	
1.6299761228e+02	18	267	0	403	455	45	500	0	500	500	0	0	0	30	
1.6349861824e+02	18	267	1	401	446	54	500	0	500	500	0	0	0	30	
1.6399938990e+02	18	268	0	403	462	38	500	0	500	500	0	0	0	30	
1.6449979018e+02	18	267	0	404	456	44	500	0	500	500	0	0	0	30	
1.6499730995e+02	18	269	0	403	462	38	500	0	500	500	0	0	0	30	
1.6549773045e+02	17	272	0	408	466	34	500	0	500	500	0	0	0	30	
1.6599983222e+02	17	273	1	409	468	32	500	0	500	500	0	0	0	30	
1.6649932446e+02	14	276	2	411	471	29	500	0	500	500	0	0	0	30	
1.6699859020e+02	15	274	0	411	458	42	500	0	500	500	0	0	0	30	
1.6749875080e+02	18	273	0	407	465	35	500	0	500	500	0	0	0	30	
1.6799909334e+02	16	278	0	406	452	48	500	0	500	500	0	0	0	30	
1.6849999753e+02	21	273	1	403	446	54	500	0	500	500	0	0	0	30	
1.6899995877e+02	24	271	1	403	441	59	500	0	500	500	0	0	0	30	
1.6949879753e+02	21	275	1	404	466	34	500	0	500	500	0	0	0	30	
1.6999947052e+02	21	275	0	404	457	43	500	0	500	500	0	0	0	30	
1.7049869008e+02	20	277	0	401	461	39	500	0	500	500	0	0	0	30	
1.7099482593e+02	24	274	0	407	463	37	500	0	500	500	0	0	0	30	
1.7149904095e+02	22	276	0	408	459	41	500	0	500	500	0	0	0	30	
1.7199866284e+02	23	276	0	405	460	40	500	0	500	500	0	0	0	30	
1.7249902213e+02	21	277	1	403	477	23	500	0	500	500	0	0	0	30	
1.7299746247e+02	20	278	0	403	475	25	500	0	500	500	0	0	0	30	
1.7349984521e+02	19	279	0	402	469	31	500	0	500	500	0	0	0	30	
1.7399961254e+02	18	280	0	403	475	25	500	0	500	500	0	0	0	30	
1.7449699329e+02	17	282	0	405	463	37	500	0	500	500	0	0	0	30	
1.7499987986e+02	15	283	1	400	467	33	500	0	500	500	0	0	0	30	
1.7549866367e+02	13	285	0	402	468	32	500	0	500	500	0	0	0	30	
1.7599969057e+02	17	281	1	401	460	40	500	0	500	500	0	0	0	30	
1.7649511735e+02	18	281	0	403	474	26	500	0	500	500	0	0	0	30	
1.7699663844e+02	15	287	0	405	479	21	500	0	500	500	0	0	0	30	
1.7749811763e+02	17	287	1	402	457	43	500	0	500	500	0	0	0	30	
1.7799857324e+02	21	283	0	402	460	40	500	0	500	500	0	0	0	30	
1.7849768002e+02	19	287	0	406	464	36	500	0	500	500	0	0	0	30	
1.7899089355e+02	18	287	0	407	477	23	500	0	500	500	0	0	0	30	
1.7949908134e+02	18	288	1	404	467	33	500	0	500	500	0	0	0	30	
1.7999986378e+02	17	291	0	408	471	29	500	0	500	500	0	0	0	30	
1.8049789561e+02	19	289	1	409	477	23	500	0	500	500	0	0	0	30	
1.8099970055e+02	15	295	1	408	460	40	500	0	500	500	0	0	0	30	
1.8149688604e+02	12	299	0	408	479	21	500	0	500	500	0	0	0	30	
1.8199830888e+02	12	299	0	409	474	26	500	0	500	500	0	0	0	30	
1.8249852612e+02	11	300	0	410	472	28	500	0	500	500	0	0	0	30	
1.8299884817e+02	13	299	1	410	479	21	500	0	500	500	0	0	0	30	
1.8349968159e+02	8	302	2	409	470	30	500	0	500	500	0	0	0	30	
1.8399696338e+02	8	302	0	413	459	41	500	0	500	500	0	0	0	30	
1.8449962167e+02	10	300	1	414	457	43	500	0	500	500	0	0	0	30	
1.8499954878e+02	11	299	0	414	462	38	500	0	500	500	0	0	0	30	
1.8549970777e+02	12	299	1	418	466	34	500	0	500	500	0	0	0	30	
1.8599999564e+02	10	301	0	419	461	39	500	0	500	500	0	0	0	30	
1.8649853247e+02	12	300	0	419	468	32	500	0	500	500	0	0	0	30	
1.8699906814e+02	15	298	1	414	479	21	500	0	500	500	0	0	0	30	
1.8749980605e+02	13	301	0	417	480	20	500	0	500	500	0	0	0	30	
1.8799832937e+02	16	299	0	417	472	28	500	0	500	500	0	0	0	30	
1.8849989335e+02	18	299	0	416	464	36	500	0	500	500	0	0	0	30	
1.8899566837e+02	15	303	0	420	467	33	500	0	500	500	0	0	0	30	
1.8949753180e+02	15	304	0	420	467	33	500	0	500	500	0	0	0	30	
1.8999906620e+02	16	304	0	423	473	27	500	0	500	500	0	0	0	30	
1.9049498778e+02	11	308	0	423	467	33	500	0	500	500	0	0	0	30	
1.9099972544e+02	14	308	0	425	464	36	500	0	500	500	0	0	0	30	
1.9149734516e+02	12	311	0	426	470	30	500	0	500	500	0	0	0	30	
1.9199903481e+02	11	313	0	426	475	25	500	0	500	500	0	0	0	30	
1.9249995558e+02	14	313	0	426	473	27	500	0	500	500	0	0	0	30	
1.9299871984e+02	13	314	0	424	453	47	500	0	500	500	0	0	0	30	
1.9349828871e+02	12	316	0	424	450	50	500	0	500	500	0	0	0	30	
1.9399964069e+02	13	316	0	424	461	39	500	0	500	500	0	0	0	30	
1.9449420727e+02	15	316	0	423	469	31	500	0	500	500	0	0	0	30	
1.9499976916e+02	16	315	1	421	480	20	500	0	500	500	0	0	0	30	
1.9549898222e+02	15	315	0	420	478	22	500	0	500	500	0	0	0	30	
1.9599944885e+02	10	322	0	420	482	18	500	0	500	500	0	0	0	30	
1.9649889353e+02	11	321	1	420	469	31	500	0	500	500	0	0	0	30	
1.9699941573e+02	13	319	0	424	485	15	500	0	500	500	0	0	0	30	
1.9749996224e+02	13	321	1	423	480	20	500	0	500	500	0	0	0	30	
1.9799927898e+02	12	321	0	429	477	23	500	0	500	500	0	0	0	30	
1.9849964450e+02	13	320	0	428	465	35	500	0	500	500	0	0	0	30	
1.9899829630e+02	14	320	0	425	473	27	500	0	500	500	0	0	0	30	
1.9949580324e+02	11	323	0	430	478	22	500	0	500	500	0	0	0	30	
1.9999672672e+02	12	323	0	431	466	34	500	0	500	500	0	0	0	30	
2.0049962403e+02	11	323	2	428	473	27	500	0	500	500	0	0	0	30	
2.0099956784e+02	13	322	0	427	462	38	500	0	500	500	0	0	0	30	
2.0149768509e+02	14	322	1	426	476	24	500	0	500	500	0	0	0	30	
2.0199977924e+02	12	323	0	431	474	26	500	0	500	500	0	0	0	30	
2.0249880841e+02	11	325	0	435	482	18	500	0	500	500	0	0	0	30	
2.0299994312e+02	12	325	1	433	471	29	500	0	500	500	0	0	0	30	
2.0349250347e+02	15	322	0	439	477	23	500	0	500	500	0	0	0	30	
2.0399969703e+02	15	323	0	443	482	18	500	0	500	500	0	0	0	30	
2.0449917200e+02	13	325	0	440	484	16	500	0	500	500	0	0	0	30	
2.0499796215e+02	14	325	1	440	471	29	500	0	500	500	0	0	0	30	
2.0549704015e+02	15	324	0	440	483	17	500	0	500	500	0	0	0	30	
2.0599920704e+02	13	326	0	440	470	30	500	0	500	500	0	0	0	30	
2.0649953135e+02	12	328	0	441	480	20	500	0	500	500	0	0	0	30	
2.0699933033e+02	15	328	0	442	473	27	500	0	500	500	0	0	0	30	
2.0749965361e+02	17	326	0	443	467	33	500	0	500	500	0	0	0	30	
2.0799914971e+02	17	325	0	444	473	27	500	0	500	500	0	0	0	30	
2.0849920746e+02	19	324	0	443	462	38	500	0	500	500	0	0	0	30	
2.0899669237e+02	21	322	0	442	479	21	500	0	500	500	0	0	0	30	
2.0949967131e+02	19	325	0	444	480	20	500	0	500	500	0	0	0	30	
2.0999805673e+02	15	331	1	445	458	42	500	0	500	500	0	0	0	30	
2.1049979458e+02	13	333	0	448	466	34	500	0	500	500	0	0	0	30	
2.1099814997e+02	15	333	0	448	484	16	500	0	500	500	0	0	0	30	
2.1149951211e+02	16	333	0	452	473	27	500	0	500	500	0	0	0	30	
2.1199938058e+02	15	334	0	448	482	18	500	0	500	500	0	0	0	30	
2.1249943051e+02	15	336	0	448	476	24	500	0	500	500	0	0	0	30	
2.1299736328e+02	17	334	0	448	471	29	500	0	500	500	0	0	0	30	
2.1349910213e+02	15	337	0	448	474	26	500	0	500	500	0	0	0	30	
2.1399896653e+02	14	341	1	445	472	28	500	0	500	500	0	0	0	30	
2.1449867661e+02	12	343	0	446	477	23	500	0	500	500	0	0	0	30	
2.1499495982e+02	9	346	0	443	474	26	500	0	500	500	0	0	0	30	
2.1549948736e+02	8	348	1	442	476	24	500	0	500	500	0	0	0	30	
2.1599882867e+02	8	348	1	442	473	27	500	0	500	500	0	0	0	30	
2.1649896647e+02	7	349	1	440	470	30	500	0	500	500	0	0	0	30	
2.1699807120e+02	4	356	0	439	477	23	500	0	500	500	0	0	0	30	
2.1749907396e+02	6	354	0	438	473	27	500	0	500	500	0	0	0	30	
2.1799914551e+02	7	352	0	438	476	24	500	0	500	500	0	0	0	30	
2.1849896405e+02	6	352	2	434	476	24	500	0	500	500	0	0	0	30	
2.1899978255e+02	11	348	0	437	474	26	500	0	500	500	0	0	0	30	
2.1949956945e+02	7	352	0	436	476	24	500	0	500	500	0	0	0	30	
2.1999466413e+02	11	348	0	438	466	34	500	0	500	500	0	0	0	30	
2.2049904562e+02	12	347	1	435	468	32	500	0	500	500	0	0	0	30	
2.2099928143e+02	8	352	0	439	479	21	500	0	500	500	0	0	0	30	
2.2149848914e+02	7	352	0	442	477	23	500	0	500	500	0	0	0	30	
2.2199919697e+02	6	352	0	445	467	33	500	0	500	500	0	0	0	30	
2.2249983839e+02	7	351	1	445	463	37	500	0	500	500	0	0	0	30	
2.2299996186e+02	11	348	0	445	469	31	500	0	500	500	0	0	0	30	
2.2349936113e+02	11	347	0	445	474	26	500	0	500	500	0	0	0	30	
2.2399890821e+02	13	347	0	447	463	37	500	0	500	500	0	0	0	30	
2.2449827043e+02	12	347	0	448	468	32	500	0	500	500	0	0	0	30	
2.2499987277e+02	12	347	0	450	468	32	500	0	500	500	0	0	0	30	
2.2549202095e+02	10	351	0	449	481	19	500	0	500	500	0	0	0	30	
2.2599937231e+02	9	354	0	449	491	9	500	0	500	500	0	0	0	30	
2.2649991014e+02	7	356	0	454	477	23	500	0	500	500	0	0	0	30	
2.2699742767e+02	5	359	1	455	478	22	500	0	500	500	0	0	0	30	
2.2749916581e+02	6	357	0	457	478	22	500	0	500	500	0	0	0	30	
2.2799880048e+02	6	357	0	461	477	23	500	0	500	500	0	0	0	30	
2.2849776578e+02	7	358	0	459	479	21	500	0	500	500	0	0	0	30	
2.2899976840e+02	8	357	0	462	467	33	500	0	500	500	0	0	0	30	
2.2949871668e+02	7	358	0	464	470	30	500	0	500	500	0	0	0	30	
2.2999904062e+02	10	354	0	466	478	22	500	0	500	500	0	0	0	30	
2.3049914426e+02	7	359	0	465	472	28	500	0	500	500	0	0	0	30	
2.3099958945e+02	7	359	0	463	469	31	500	0	500	500	0	0	0	30	
2.3149797892e+02	7	359	0	462	477	23	500	0	500	500	0	0	0	30	
2.3199354228e+02	8	360	0	465	475	25	500	0	500	500	0	0	0	30	
2.3249728353e+02	10	359	0	461	469	31	500	0	500	500	0	0	0	30	
2.3299830949e+02	11	360	0	461	473	27	500	0	500	500	0	0	0	30	
2.3349900527e+02	9	363	0	455	472	28	500	0	500	500	0	0	0	30	
2.3399989072e+02	9	364	0	455	475	25	500	0	500	500	0	0	0	30	
2.3449983224e+02	9	363	1	454	486	14	500	0	500	500	0	0	0	30	
2.3499762959e+02	15	360	0	458	477	23	500	0	500	500	0	0	0	30	
2.3549942289e+02	11	366	0	458	487	13	500	0	500	500	0	0	0	30	
2.3599731724e+02	11	365	0	457	481	19	500	0	500	500	0	0	0	30	
2.3649985861e+02	8	368	1	459	474	26	500	0	500	500	0	0	0	30	
2.3699752718e+02	7	373	1	458	485	15	500	0	500	500	0	0	0	30	
2.3749983669e+02	7	374	1	463	474	26	500	0	500	500	0	0	0	30	
2.3799967042e+02	9	372	0	464	479	21	500	0	500	500	0	0	0	30	
2.3849928097e+02	8	373	0	463	485	15	500	0	500	500	0	0	0	30	
2.3899937796e+02	4	379	0	462	480	20	500	0	500	500	0	0	0	30	
2.3949935125e+02	5	379	0	459	474	26	500	0	500	500	0	0	0	30	
2.3999804004e+02	9	375	0	466	480	20	500	0	500	500	0	0	0	30	
2.4049963550e+02	14	372	1	468	475	25	500	0	500	500	0	0	0	30	
2.4099862626e+02	12	374	0	469	479	21	500	0	500	500	0	0	0	30	
2.4149865517e+02	10	378	1	467	478	22	500	0	500	500	0	0	0	30	
2.4199932551e+02	10	380	0	471	481	19	500	0	500	500	0	0	0	30	
2.4249969148e+02	10	381	0	472	486	14	500	0	500	500	0	0	0	30	
2.4299875853e+02	7	385	1	468	475	25	500	0	500	500	0	0	0	30	
2.4349896243e+02	8	386	0	471	478	22	500	0	500	500	0	0	0	30	
2.4399916752e+02	4	390	0	473	484	16	500	0	500	500	0	0	0	30	
2.4449969015e+02	6	389	0	469	475	25	500	0	500	500	0	0	0	30	
2.4499729159e+02	10	386	0	470	480	20	500	0	500	500	0	0	0	30	
2.4549875621e+02	8	389	1	467	486	14	500	0	500	500	0	0	0	30	
2.4599879081e+02	9	389	0	471	472	28	500	0	500	500	0	0	0	30	
2.4649780389e+02	11	387	0	471	487	13	500	0	500	500	0	0	0	30	
2.4699909497e+02	8	390	0	475	470	30	500	0	500	500	0	0	0	30	
2.4749889460e+02	5	393	0	482	472	28	500	0	500	500	0	0	0	30	
2.4799807829e+02	6	393	0	486	473	27	500	0	500	500	0	0	0	30	
2.4849936006e+02	8	392	0	481	475	25	500	0	500	500	0	0	0	30	
2.4899859721e+02	7	393	0	483	481	19	500	0	500	500	0	0	0	30	
2.4949900466e+02	10	393	1	481	478	22	500	0	500	500	0	0	0	30	
2.4999783221e+02	11	393	0	482	477	23	500	0	500	500	0	0	0	30	
2.5049013256e+02	10	396	0	481	478	22	500	0	500	500	0	0	0	30	
2.5099916027e+02	13	394	1	480	468	32	500	0	500	500	0	0	0	30	
2.5149221352e+02	12	397	0	483	486	14	500	0	500	500	0	0	0	30	
2.5199991560e+02	13	396	0	486	477	23	500	0	500	500	0	0	0	30	
2.5249926429e+02	9	401	0	486	487	13	500	0	500	500	0	0	0	30	
2.5299480275e+02	9	403	0	490	485	15	500	0	500	500	0	0	0	30	
2.5349932136e+02	11	402	0	489	478	22	500	0	500	500	0	0	0	30	
2.5399779196e+02	9	403	0	492	476	24	500	0	500	500	0	0	0	30	
2.5449848999e+02	8	407	0	491	476	24	500	0	500	500	0	0	0	30	
2.5499879428e+02	6	409	0	491	477	23	500	0	500	500	0	0	0	30	
2.5549862027e+02	4	411	0	488	473	27	500	0	500	500	0	0	0	30	
2.5599845440e+02	9	406	0	485	479	21	500	0	500	500	0	0	0	30	
2.5649973533e+02	7	407	0	483	481	19	500	0	500	500	0	0	0	30	
2.5699968675e+02	9	406	0	485	477	23	500	0	500	500	0	0	0	30	
2.5749881590e+02	11	403	0	483	482	18	500	0	500	500	0	0	0	30	
2.5799469944e+02	11	404	0	486	480	20	500	0	500	500	0	0	0	30	
2.5849776172e+02	12	404	0	488	464	36	500	0	500	500	0	0	0	30	
2.5899993801e+02	10	406	0	496	484	16	500	0	500	500	0	0	0	30	
2.5949881904e+02	9	407	0	495	479	21	500	0	500	500	0	0	0	30	
2.5999797271e+02	9	407	0	494	491	9	500	0	500	500	0	0	0	30	
2.6049989322e+02	10	407	1	495	480	20	500	0	500	500	0	0	0	30	
2.6099937362e+02	11	409	1	495	482	18	500	0	500	500	0	0	0	30	
2.6149962163e+02	10	412	0	493	484	16	500	0	500	500	0	0	0	30	
2.6199910864e+02	6	418	0	488	480	20	500	0	500	500	0	0	0	30	
2.6249599875e+02	5	420	0	489	484	16	500	0	500	500	0	0	0	30	
2.6299938124e+02	3	422	1	490	478	22	500	0	500	500	0	0	0	30	
2.6349921298e+02	3	420	0	496	478	22	500	0	500	500	0	0	0	30	
2.6399923369e+02	3	422	0	493	480	20	500	0	500	500	0	0	0	30	
2.6449617979e+02	1	428	0	491	492	8	500	0	500	500	0	0	0	30	
2.6499921411e+02	4	425	0	492	482	18	500	0	500	500	0	0	0	30	
2.6549772588e+02	5	427	0	494	481	19	500	0	500	500	0	0	0	30	
2.6599860128e+02	4	431	0	493	480	20	500	0	500	500	0	0	0	30	
2.6649949055e+02	3	432	0	492	487	13	500	0	500	500	0	0	0	30	
2.6699800139e+02	2	434	0	490	485	15	500	0	500	500	0	0	0	30	
2.6749844338e+02	3	434	0	489	481	19	500	0	500	500	0	0	0	30	
2.6799848079e+02	6	430	1	489	476	24	500	0	500	500	0	0	0	30	
2.6849992053e+02	10	429	1	493	489	11	500	0	500	500	0	0	0	30	
2.6899878510e+02	10	428	0	491	485	15	500	0	500	500	0	0	0	30	
2.6949933694e+02	9	431	0	493	481	19	500	0	500	500	0	0	0	30	
2.6999933569e+02	10	429	0	493	486	14	500	0	500	500	0	0	0	30	
2.7049981657e+02	15	424	0	490	483	17	500	0	500	500	0	0	0	30	
2.7099832571e+02	14	424	0	489	484	16	500	0	500	500	0	0	0	30	
2.7149769327e+02	14	427	0	491	480	20	500	0	500	500	0	0	0	30	
2.7199744734e+02	16	425	1	490	482	18	500	0	500	500	0	0	0	30	
2.7249868086e+02	15	426	1	489	478	22	500	0	500	500	0	0	0	30	
2.7299975244e+02	14	429	0	490	484	16	500	0	500	500	0	0	0	30	
2.7349912369e+02	14	429	1	487	472	28	500	0	500	500	0	0	0	30	
2.7399958115e+02	14	428	1	487	490	10	500	0	500	500	0	0	0	30	
2.7449755972e+02	8	433	0	492	487	13	500	0	500	500	0	0	0	30	
2.7499969246e+02	8	434	0	491	486	14	500	0	500	500	0	0	0	30	
2.7549896421e+02	8	434	0	489	488	12	500	0	500	500	0	0	0	30	
2.7599905413e+02	9	432	0	487	486	14	500	0	500	500	0	0	0	30	
2.7649849408e+02	8	434	0	486	489	11	500	0	500	500	0	0	0	30	
2.7699986935e+02	6	439	1	484	485	15	500	0	500	500	0	0	0	30	
2.7749957201e+02	11	435	0	485	483	17	500	0	500	500	0	0	0	30	
2.7799455513e+02	8	439	0	483	482	18	500	0	500	500	0	0	0	30	
2.7849314927e+02	9	439	0	480	492	8	500	0	500	500	0	0	0	30	
2.7899787918e+02	7	441	0	481	490	10	500	0	500	500	0	0	0	30	
2.7949659939e+02	10	438	0	485	480	20	500	0	500	500	0	0	0	30	
2.7999688091e+02	11	437	0	484	480	20	500	0	500	500	0	0	0	30	
2.8049727821e+02	9	441	0	483	492	8	500	0	500	500	0	0	0	30	
2.8099757666e+02	10	442	0	486	479	21	500	0	500	500	0	0	0	30	
2.8149991406e+02	12	441	1	484	477	23	500	0	500	500	0	0	0	30	
2.8199894609e+02	11	442	0	484	484	16	500	0	500	500	0	0	0	30	
2.8249762426e+02	7	447	0	486	477	23	500	0	500	500	0	0	0	30	
2.8299604970e+02	6	448	0	486	478	22	500	0	500	500	0	0	0	30	
2.8349845720e+02	7	448	0	487	479	21	500	0	500	500	0	0	0	30	
2.8399874481e+02	5	451	0	486	477	23	500	0	500	500	0	0	0	30	
2.8449211433e+02	6	450	0	488	486	14	500	0	500	500	0	0	0	30	
2.8499950608e+02	6	451	1	486	485	15	500	0	500	500	0	0	0	30	
2.8549978320e+02	6	453	0	484	483	17	500	0	500	500	0	0	0	30	
2.8599900169e+02	5	453	0	485	476	24	500	0	500	500	0	0	0	30	
2.8649789898e+02	5	456	0	485	475	25	500	0	500	500	0	0	0	30	
2.8699901853e+02	5	455	0	486	478	22	500	0	500	500	0	0	0	30	
2.8749896689e+02	8	452	0	483	492	8	500	0	500	500	0	0	0	30	
2.8799841896e+02	8	453	0	485	483	17	500	0	500	500	0	0	0	30	
2.8849431318e+02	9	453	0	487	481	19	500	0	500	500	0	0	0	30	
2.8899951377e+02	9	451	0	485	472	28	500	0	500	500	0	0	0	30	
2.8949865191e+02	7	455	0	481	489	11	500	0	500	500	0	0	0	30	
2.8999493960e+02	8	455	0	482	477	23	500	0	500	500	0	0	0	30	
2.9049855358e+02	10	456	2	482	486	14	500	0	500	500	0	0	0	30	
2.9099866996e+02	10	456	0	483	485	15	500	0	500	500	0	0	0	30	
2.9149824502e+02	9	459	0	484	487	13	500	0	500	500	0	0	0	30	
2.9199954806e+02	7	462	0	485	488	12	500	0	500	500	0	0	0	30	
2.9249999321e+02	9	460	1	484	478	22	500	0	500	500	0	0	0	30	
2.9299950964e+02	9	458	0	482	486	14	500	0	500	500	0	0	0	30	
2.9349927133e+02	10	457	1	478	480	20	500	0	500	500	0	0	0	30	
2.9399854544e+02	10	457	0	480	486	14	500	0	500	500	0	0	0	30	
2.9449992117e+02	7	459	0	483	490	10	500	0	500	500	0	0	0	30	
2.9499660554e+02	5	461	0	482	482	18	500	0	500	500	0	0	0	30	
2.9549940318e+02	5	461	0	484	478	22	500	0	500	500	0	0	0	30	
2.9599995429e+02	7	459	1	482	485	15	500	0	500	500	0	0	0	30	
2.9649867814e+02	8	459	0	483	480	20	500	0	500	500	0	0	0	30	
2.9699925207e+02	10	458	0	482	478	22	500	0	500	500	0	0	0	30	
2.9749903430e+02	11	460	1	480	478	22	500	0	500	500	0	0	0	30	
2.9799216301e+02	10	461	0	481	481	19	500	0	500	500	0	0	0	30	
2.9849877722e+02	8	464	0	482	480	20	500	0	500	500	0	0	0	30	
2.9899789750e+02	10	462	0	480	472	28	500	0	500	500	0	0	0	30	
2.9949801544e+02	11	459	0	480	479	21	500	0	500	500	0	0	0	30	
2.9999973132e+02	13	457	0	480	479	21	500	0	500	500	0	0	0	30	
3.0049669724e+02	12	458	0	484	484	16	500	0	500	500	0	0	0	30	
3.0099471769e+02	9	462	0	485	486	14	500	0	500	500	0	0	0	30	
3.0149487323e+02	8	465	0	483	489	11	500	0	500	500	0	0	0	30	
3.0199835280e+02	9	463	0	480	482	18	500	0	500	500	0	0	0	30	
3.0249654324e+02	8	463	0	482	484	16	500	0	500	500	0	0	0	30	
3.0299744675e+02	10	464	0	482	480	20	500	0	500	500	0	0	0	30	
3.0349759634e+02	10	464	0	482	485	15	500	0	500	500	0	0	0	30	
3.0399748468e+02	9	466	0	482	485	15	500	0	500	500	0	0	0	30	
3.0449967714e+02	9	467	0	479	477	23	500	0	500	500	0	0	0	30	
3.0499961122e+02	9	468	0	479	487	13	500	0	500	500	0	0	0	30	
3.0549928130e+02	8	469	0	476	483	17	500	0	500	500	0	0	0	30	
3.0599750961e+02	8	467	0	474	491	9	500	0	500	500	0	0	0	30	
3.0649973635e+02	9	466	0	475	480	20	500	0	500	500	0	0	0	30	
3.0699777753e+02	12	464	0	475	491	9	500	0	500	500	0	0	0	30	
3.0749930339e+02	13	463	1	473	480	20	500	0	500	500	0	0	0	30	
3.0799908718e+02	13	463	0	476	479	21	500	0	500	500	0	0	0	30	
3.0849925056e+02	10	467	0	478	489	11	500	0	500	500	0	0	0	30	
3.0899864881e+02	13	464	0	482	485	15	500	0	500	500	0	0	0	30	
3.0949123373e+02	15	461	0	482	482	18	500	0	500	500	0	0	0	30	
3.0999692962e+02	13	463	0	477	486	14	500	0	500	500	0	0	0	30	
3.1049906055e+02	12	464	0	476	484	16	500	0	500	500	0	0	0	30	
3.1099990447e+02	14	462	0	474	475	25	500	0	500	500	0	0	0	30	
3.1149977769e+02	15	462	1	474	477	23	500	0	500	500	0	0	0	30	
3.1199877773e+02	18	460	0	475	484	16	500	0	500	500	0	0	0	30	
3.1249475468e+02	16	461	0	471	482	18	500	0	500	500	0	0	0	30	
3.1299933593e+02	14	465	0	473	485	15	500	0	500	500	0	0	0	30	
3.1349901842e+02	10	470	0	470	482	18	500	0	500	500	0	0	0	30	
3.1399881831e+02	10	470	0	468	478	22	500	0	500	500	0	0	0	30	
3.1449909874e+02	11	470	0	473	489	11	500	0	500	500	0	0	0	30	
3.1499994208e+02	12	469	3	471	478	22	500	0	500	500	0	0	0	30	
3.1549993091e+02	10	471	0	476	475	25	500	0	500	500	0	0	0	30	
3.1599940088e+02	13	468	0	476	482	18	500	0	500	500	0	0	0	30	
3.1649993750e+02	11	467	1	474	483	17	500	0	500	500	0	0	0	30	
3.1699966213e+02	13	465	0	478	487	13	500	0	500	500	0	0	0	30	
3.1749954992e+02	15	462	0	476	477	23	500	0	500	500	0	0	0	30	
3.1799701573e+02	14	466	0	476	487	13	500	0	500	500	0	0	0	30	
3.1849946905e+02	12	469	1	476	479	21	500	0	500	500	0	0	0	30	
3.1899974035e+02	13	469	0	478	479	21	500	0	500	500	0	0	0	30	
3.1949949814e+02	10	473	0	480	494	6	500	0	500	500	0	0	0	30	
3.1999747887e+02	8	476	1	480	488	12	500	0	500	500	0	0	0	30	
3.2049651556e+02	6	478	0	477	493	7	500	0	500	500	0	0	0	30	
3.2099645865e+02	6	478	0	479	482	18	500	0	500	500	0	0	0	30	
3.2149993699e+02	5	478	1	481	483	17	500	0	500	500	0	0	0	30	
3.2199777327e+02	5	479	0	483	485	15	500	0	500	500	0	0	0	30	
3.2249838051e+02	4	480	0	482	494	6	500	0	500	500	0	0	0	30	
3.2299471161e+02	4	480	0	483	481	19	500	0	500	500	0	0	0	30	
3.2349844536e+02	5	479	0	485	486	14	500	0	500	500	0	0	0	30	
3.2399482507e+02	5	480	0	488	490	10	500	0	500	500	0	0	0	30	
3.2449947640e+02	6	480	0	488	487	13	500	0	500	500	0	0	0	30	
3.2499770895e+02	7	479	0	489	479	21	500	0	500	500	0	0	0	30	
3.2549926171e+02	6	480	0	484	490	10	500	0	500	500	0	0	0	30	
3.2599750115e+02	7	479	0	484	478	22	500	0	500	500	0	0	0	30	
3.2649956941e+02	8	478	0	481	488	12	500	0	500	500	0	0	0	30	
3.2699794237e+02	11	476	0	480	486	14	500	0	500	500	0	0	0	30	
3.2749595843e+02	10	476	0	480	490	10	500	0	500	500	0	0	0	30	
3.2799889684e+02	8	478	0	480	484	16	500	0	500	500	0	0	0	30	
3.2849980638e+02	10	475	1	479	484	16	500	0	500	500	0	0	0	30	
3.2899814103e+02	8	477	0	481	485	15	500	0	500	500	0	0	0	30	
3.2949984863e+02	7	478	0	484	487	13	500	0	500	500	0	0	0	30	
3.2999989776e+02	8	481	0	483	483	17	500	0	500	500	0	0	0	30	
3.3049936427e+02	8	481	0	488	478	22	500	0	500	500	0	0	0	30	
3.3099969381e+02	7	483	0	491	476	24	500	0	500	500	0	0	0	30	
3.3149947040e+02	10	480	0	493	486	14	500	0	500	500	0	0	0	30	
3.3199570617e+02	10	481	0	491	489	11	500	0	500	500	0	0	0	30	
3.3249733809e+02	14	477	0	490	492	8	500	0	500	500	0	0	0	30	
3.3299828691e+02	11	482	0	488	490	10	500	0	500	500	0	0	0	30	
3.3349456295e+02	6	487	0	485	489	11	500	0	500	500	0	0	0	30	
3.3399976278e+02	6	488	0	482	477	23	500	0	500	500	0	0	0	30	
3.3449968303e+02	12	482	0	479	475	25	500	0	500	500	0	0	0	30	
3.3499982693e+02	11	483	1	477	478	22	500	0	500	500	0	0	0	30	
3.3549781051e+02	10	483	0	478	490	10	500	0	500	500	0	0	0	30	
3.3599962840e+02	11	482	0	478	482	18	500	0	500	500	0	0	0	30	
3.3649499707e+02	11	483	0	475	486	14	500	0	500	500	0	0	0	30	
3.3698998728e+02	10	485	0	475	486	14	500	0	500	500	0	0	0	30	
3.3749945280e+02	10	484	0	477	482	18	500	0	500	500	0	0	0	30	
3.3799953218e+02	7	487	0	479	485	15	500	0	500	500	0	0	0	30	
3.3849916660e+02	8	485	0	478	474	26	500	0	500	500	0	0	0	30	
3.3899933370e+02	8	487	0	479	484	16	500	0	500	500	0	0	0	30	
3.3949872366e+02	11	484	0	479	488	12	500	0	500	500	0	0	0	30	
3.3999860146e+02	11	485	0	481	481	19	500	0	500	500	0	0	0	30	
3.4049918424e+02	10	488	0	479	488	12	500	0	500	500	0	0	0	30	
3.4099866183e+02	10	491	0	478	481	19	500	0	500	500	0	0	0	30	
3.4149478037e+02	8	496	0	480	486	14	500	0	500	500	0	0	0	30	
3.4199871478e+02	8	497	0	481	494	6	500	0	500	500	0	0	0	30	
3.4249827281e+02	11	494	0	482	487	13	500	0	500	500	0	0	0	30	
3.4299858717e+02	11	494	0	482	481	19	500	0	500	500	0	0	0	30	
3.4349862029e+02	10	496	0	480	486	14	500	0	500	500	0	0	0	30	
3.4399178537e+02	9	496	0	478	482	18	500	0	500	500	0	0	0	30	
3.4449848919e+02	9	497	0	478	491	9	500	0	500	500	0	0	0	30	
3.4499381954e+02	8	498	0	476	484	16	500	0	500	500	0	0	0	30	
3.4549837517e+02	7	499	0	474	487	13	500	0	500	500	0	0	0	30	
3.4599923669e+02	6	502	0	475	480	20	500	0	500	500	0	0	0	30	
3.4649700700e+02	7	501	0	472	489	11	500	0	500	500	0	0	0	30	
3.4699755613e+02	8	501	0	471	488	12	500	0	500	500	0	0	0	30	
3.4749938815e+02	8	502	0	471	489	11	500	0	500	500	0	0	0	30	
3.4799962179e+02	10	501	0	471	488	12	500	0	500	500	0	0	0	30	
3.4849907756e+02	10	502	0	471	483	17	500	0	500	500	0	0	0	30	
3.4899995112e+02	10	503	1	466	488	12	500	0	500	500	0	0	0	30	
3.4949945417e+02	7	507	1	473	479	21	500	0	500	500	0	0	0	30	
3.4999875006e+02	9	507	0	475	491	9	500	0	500	500	0	0	0	30	
3.5049986628e+02	8	508	0	474	481	19	500	0	500	500	0	0	0	30	
3.5099958037e+02	7	509	0	474	489	11	500	0	500	500	0	0	0	30	
3.5149861196e+02	8	508	0	478	487	13	500	0	500	500	0	0	0	30	
3.5199725617e+02	8	509	0	476	491	9	500	0	500	500	0	0	0	30	
3.5249909815e+02	10	504	0	476	486	14	500	0	500	500	0	0	0	30	
3.5299607394e+02	11	503	0	477	490	10	500	0	500	500	0	0	0	30	
3.5349864652e+02	8	505	0	478	484	16	500	0	500	500	0	0	0	30	
3.5399969670e+02	10	504	0	475	490	10	500	0	500	500	0	0	0	30	
3.5449882142e+02	10	505	0	474	477	23	500	0	500	500	0	0	0	30	
3.5499956244e+02	13	502	1	477	481	19	500	0	500	500	0	0	0	30	
3.5549978144e+02	9	507	0	479	480	20	500	0	500	500	0	0	0	30	
3.5599829778e+02	8	512	0	477	482	18	500	0	500	500	0	0	0	30	
3.5649927246e+02	10	511	0	476	486	14	500	0	500	500	0	0	0	30	
3.5699786074e+02	8	513	0	478	488	12	500	0	500	500	0	0	0	30	
3.5749982047e+02	7	514	2	476	485	15	500	0	500	500	0	0	0	30	
3.5799915331e+02	5	518	0	480	488	12	500	0	500	500	0	0	0	30	
3.5849941682e+02	4	519	0	481	487	13	500	0	500	500	0	0	0	30	
3.5899979555e+02	7	518	0	480	485	15	500	0	500	500	0	0	0	30	
3.5949858900e+02	9	516	0	479	483	17	500	0	500	500	0	0	0	30	
3.5999594432e+02	9	516	0	481	490	10	500	0	500	500	0	0	0	30	
3.6049772359e+02	9	518	0	482	489	11	500	0	500	500	0	0	0	30	
3.6099878515e+02	8	522	0	480	490	10	500	0	500	500	0	0	0	30	
3.6149998245e+02	7	524	1	480	485	15	500	0	500	500	0	0	0	30	
3.6199831469e+02	5	527	0	477	478	22	500	0	500	500	0	0	0	30	
3.6249902321e+02	5	533	0	477	484	16	500	0	500	500	0	0	0	30	
3.6299948211e+02	4	533	0	481	484	16	500	0	500	500	0	0	0	30	
3.6349780970e+02	6	532	0	479	492	8	500	0	500	500	0	0	0	30	
3.6399999797e+02	8	531	1	476	491	9	500	0	500	500	0	0	0	30	
3.6449892869e+02	9	533	0	477	484	16	500	0	500	500	0	0	0	30	
3.6499399615e+02	9	532	0	481	486	14	500	0	500	500	0	0	0	30	
3.6549189566e+02	10	530	0	482	487	13	500	0	500	500	0	0	0	30	
3.6599992843e+02	10	531	0	484	484	16	500	0	500	500	0	0	0	30	
3.6649757909e+02	11	530	0	482	488	12	500	0	500	500	0	0	0	30	
3.6699855521e+02	10	532	0	480	484	16	500	0	500	500	0	0	0	30	
3.6749894533e+02	10	534	0	479	492	8	500	0	500	500	0	0	0	30	
3.6799905282e+02	12	533	0	477	484	16	500	0	500	500	0	0	0	30	
3.6849986024e+02	11	535	0	476	487	13	500	0	500	500	0	0	0	30	
3.6899676434e+02	12	535	0	477	485	15	500	0	500	500	0	0	0	30	
3.6949982889e+02	9	540	0	475	482	18	500	0	500	500	0	0	0	30	
3.6999765343e+02	9	540	0	470	488	12	500	0	500	500	0	0	0	30	
3.7049772724e+02	8	540	0	471	489	11	500	0	500	500	0	0	0	30	
3.7099555702e+02	9	540	0	471	481	19	500	0	500	500	0	0	0	30	
3.7149991656e+02	6	543	0	472	485	15	500	0	500	500	0	0	0	30	
3.7199937359e+02	7	542	1	474	488	12	500	0	500	500	0	0	0	30	
3.7249896185e+02	5	546	1	472	490	10	500	0	500	500	0	0	0	30	
3.7299967054e+02	5	546	0	475	486	14	500	0	500	500	0	0	0	30	
3.7349995768e+02	5	547	0	473	490	10	500	0	500	500	0	0	0	30	
3.7399940638e+02	6	546	1	476	483	17	500	0	500	500	0	0	0	30	
3.7449962765e+02	6	547	1	476	485	15	500	0	500	500	0	0	0	30	
3.7499885327e+02	3	548	1	474	490	10	500	0	500	500	0	0	0	30	
3.7549987739e+02	4	546	1	469	484	16	500	0	500	500	0	0	0	30	
3.7599922653e+02	7	542	1	469	483	17	500	0	500	500	0	0	0	30	
3.7649978015e+02	9	541	0	472	479	21	500	0	500	500	0	0	0	30	
3.7699978215e+02	7	542	1	471	484	16	500	0	500	500	0	0	0	30	
3.7749800348e+02	8	540	1	468	488	12	500	0	500	500	0	0	0	30	
3.7799391998e+02	8	539	0	471	487	13	500	0	500	500	0	0	0	30	
3.7849907059e+02	9	537	0	471	491	9	500	0	500	500	0	0	0	30	
3.7899955397e+02	9	539	0	472	481	19	500	0	500	500	0	0	0	30	
3.7949848266e+02	8	540	0	471	483	17	500	0	500	500	0	0	0	30	
3.7999619599e+02	11	537	0	474	486	14	500	0	500	500	0	0	0	30	
3.8049945534e+02	6	543	0	478	488	12	500	0	500	500	0	0	0	30	
3.8099905998e+02	4	544	0	475	482	18	500	0	500	500	0	0	0	30	
3.8149955707e+02	6	542	0	479	489	11	500	0	500	500	0	0	0	30	
3.8199972897e+02	6	541	0	482	488	12	500	0	500	500	0	0	0	30	
3.8249858595e+02	5	543	0	479	488	12	500	0	500	500	0	0	0	30	
3.8299880038e+02	7	541	0	476	486	14	500	0	500	500	0	0	0	30	
3.8349961854e+02	4	545	0	472	478	22	500	0	500	500	0	0	0	30	
3.8399828975e+02	6	545	0	473	493	7	500	0	500	500	0	0	0	30	
3.8449778831e+02	4	547	0	473	486	14	500	0	500	500	0	0	0	30	
3.8499962258e+02	6	547	0	472	490	10	500	0	500	500	0	0	0	30	
3.8549704316e+02	7	545	0	470	490	10	500	0	500	500	0	0	0	30	
3.8599670585e+02	8	544	0	469	495	5	500	0	500	500	0	0	0	30	
3.8649907853e+02	7	545	0	471	485	15	500	0	500	500	0	0	0	30	
3.8699923423e+02	6	546	0	473	484	16	500	0	500	500	0	0	0	30	
3.8749967058e+02	7	545	0	475	482	18	500	0	500	500	0	0	0	30	
3.8799905515e+02	5	548	0	477	494	6	500	0	500	500	0	0	0	30	
3.8849573986e+02	5	548	0	479	493	7	500	0	500	500	0	0	0	30	
3.8899877681e+02	4	550	0	481	487	13	500	0	500	500	0	0	0	30	
3.8949983511e+02	1	554	0	479	486	14	500	0	500	500	0	0	0	30	
3.8999812703e+02	4	550	0	480	493	7	500	0	500	500	0	0	0	30	
3.9049918038e+02	5	551	0	482	481	19	500	0	500	500	0	0	0	30	
3.9099985981e+02	5	552	1	481	485	15	500	0	500	500	0	0	0	30	
3.9149851728e+02	3	553	0	484	485	15	500	0	500	500	0	0	0	30	
3.9199594123e+02	5	552	0	487	491	9	500	0	500	500	0	0	0	30	
3.9249911618e+02	3	553	1	484	496	4	500	0	500	500	0	0	0	30	
3.9299970399e+02	4	553	0	483	491	9	500	0	500	500	0	0	0	30	
3.9349935673e+02	2	554	0	484	484	16	500	0	500	500	0	0	0	30	
3.9399878409e+02	4	553	0	481	481	19	500	0	500	500	0	0	0	30	
3.9449834902e+02	7	552	1	480	494	6	500	0	500	500	0	0	0	30	
3.9499977768e+02	7	551	0	478	488	12	500	0	500	500	0	0	0	30	
3.9549641182e+02	6	551	0	478	485	15	500	0	500	500	0	0	0	30	
3.9599944849e+02	9	550	1	477	485	15	500	0	500	500	0	0	0	30	
3.9649872192e+02	8	550	0	482	485	15	500	0	500	500	0	0	0	30	
3.9699885511e+02	6	552	0	484	487	13	500	0	500	500	0	0	0	30	
3.9749908947e+02	4	554	0	479	489	11	500	0	500	500	0	0	0	30	
3.9799892351e+02	4	554	0	477	492	8	500	0	500	500	0	0	0	30	
3.9849957033e+02	3	556	1	475	485	15	500	0	500	500	0	0	0	30	
3.9899941871e+02	2	557	0	477	494	6	500	0	500	500	0	0	0	30	
3.9949413097e+02	5	554	0	479	490	10	500	0	500	500	0	0	0	30	
3.9999893398e+02	6	553	1	478	489	11	500	0	500	500	0	0	0	30	
4.0049792358e+02	6	553	1	480	487	13	500	0	500	500	0	0	0	30	
4.0099848963e+02	6	553	0	478	489	11	500	0	500	500	0	0	0	30	
4.0149972038e+02	4	556	0	480	489	11	500	0	500	500	0	0	0	30	
4.0199548906e+02	2	558	0	480	486	14	500	0	500	500	0	0	0	30	
4.0249934456e+02	3	555	0	482	478	22	500	0	500	500	0	0	0	30	
4.0299875467e+02	5	551	0	489	483	17	500	0	500	500	0	0	0	30	
4.0349797335e+02	6	550	0	489	480	20	500	0	500	500	0	0	0	30	
4.0399429030e+02	5	552	0	491	481	19	500	0	500	500	0	0	0	30	
4.0449986870e+02	3	554	1	494	487	13	500	0	500	500	0	0	0	30	
4.0499962982e+02	2	557	0	496	494	6	500	0	500	500	0	0	0	30	
4.0549277895e+02	3	555	0	495	490	10	500	0	500	500	0	0	0	30	
4.0599787845e+02	2	558	0	495	486	14	500	0	500	500	0	0	0	30	
4.0649971403e+02	2	559	0	496	485	15	500	0	500	500	0	0	0	30	
4.0699755986e+02	5	557	0	497	498	2	500	0	500	500	0	0	0	30	
4.0749652064e+02	6	559	0	493	480	20	500	0	500	500	0	0	0	30	
4.0799873633e+02	5	559	0	489	487	13	500	0	500	500	0	0	0	30	
4.0849981481e+02	8	556	1	489	485	15	500	0	500	500	0	0	0	30	
4.0899917526e+02	9	554	0	492	486	14	500	0	500	500	0	0	0	30	
4.0949932943e+02	7	558	0	493	479	21	500	0	500	500	0	0	0	30	
4.0999947776e+02	11	554	0	490	490	10	500	0	500	500	0	0	0	30	
4.1049515841e+02	13	554	0	489	480	20	500	0	500	500	0	0	0	30	
4.1099959365e+02	14	554	0	490	491	9	500	0	500	500	0	0	0	30	
4.1148995281e+02	6	562	0	492	489	11	500	0	500	500	0	0	0	30	
4.1199853158e+02	7	561	1	490	481	19	500	0	500	500	0	0	0	30	
4.1249984680e+02	7	561	0	492	493	7	500	0	500	500	0	0	0	30	
4.1299958609e+02	5	565	0	494	491	9	500	0	500	500	0	0	0	30	
4.1349936820e+02	6	564	0	495	489	11	500	0	500	500	0	0	0	30	
4.1399805008e+02	5	567	0	493	494	6	500	0	500	500	0	0	0	30	
4.1449855755e+02	6	567	0	492	484	16	500	0	500	500	0	0	0	30	
4.1499970612e+02	5	570	0	491	485	15	500	0	500	500	0	0	0	30	
4.1549836044e+02	7	567	0	493	488	12	500	0	500	500	0	0	0	30	
4.1599760814e+02	7	567	0	492	486	14	500	0	500	500	0	0	0	30	
4.1649984755e+02	7	567	2	486	491	9	500	0	500	500	0	0	0	30	
4.1699881295e+02	6	568	0	488	494	6	500	0	500	500	0	0	0	30	
4.1749574457e+02	8	566	0	487	478	22	500	0	500	500	0	0	0	30	
4.1799986839e+02	8	567	0	488	487	13	500	0	500	500	0	0	0	30	
4.1849894788e+02	7	568	0	489	490	10	500	0	500	500	0	0	0	30	
4.1899834696e+02	9	566	0	489	484	16	500	0	500	500	0	0	0	30	
4.1949265388e+02	10	565	0	490	484	16	500	0	500	500	0	0	0	30	
4.1999753871e+02	10	566	0	491	481	19	500	0	500	500	0	0	0	30	
4.2049961819e+02	13	562	0	494	485	15	500	0	500	500	0	0	0	30	
4.2099389685e+02	11	566	0	496	489	11	500	0	500	500	0	0	0	30	
4.2149737726e+02	9	569	0	497	491	9	500	0	500	500	0	0	0	30	
4.2199890666e+02	10	569	0	499	482	18	500	0	500	500	0	0	0	30	
4.2249979975e+02	7	572	0	499	491	9	500	0	500	500	0	0	0	30	
4.2299702624e+02	8	573	0	501	493	7	500	0	500	500	0	0	0	30	
4.2349663481e+02	6	575	0	500	491	9	500	0	500	500	0	0	0	30	
4.2399561410e+02	4	578	0	496	493	7	500	0	500	500	0	0	0	30	
4.2449587105e+02	3	579	0	495	487	13	500	0	500	500	0	0	0	30	
4.2499964287e+02	4	580	0	493	493	7	500	0	500	500	0	0	0	30	
4.2549992798e+02	5	582	0	493	490	10	500	0	500	500	0	0	0	30	
4.2599617765e+02	5	581	0	493	484	16	500	0	500	500	0	0	0	30	
4.2649995416e+02	5	582	0	494	484	16	500	0	500	500	0	0	0	30	
4.2699930654e+02	8	579	0	494	489	11	500	0	500	500	0	0	0	30	
4.2749995964e+02	8	579	0	492	486	14	500	0	500	500	0	0	0	30	
4.2799526358e+02	7	581	0	489	480	20	500	0	500	500	0	0	0	30	
4.2849906401e+02	13	575	0	491	492	8	500	0	500	500	0	0	0	30	
4.2899994879e+02	12	576	2	491	491	9	500	0	500	500	0	0	0	30	
4.2949700075e+02	15	575	1	495	482	18	500	0	500	500	0	0	0	30	
4.2999983661e+02	11	579	0	495	491	9	500	0	500	500	0	0	0	30	
4.3049419863e+02	11	580	0	495	492	8	500	0	500	500	0	0	0	30	
4.3099929449e+02	9	584	0	498	490	10	500	0	500	500	0	0	0	30	
4.3149926219e+02	8	585	0	499	485	15	500	0	500	500	0	0	0	30	
4.3199763712e+02	7	586	0	496	486	14	500	0	500	500	0	0	0	30	
4.3249695769e+02	8	584	0	496	488	12	500	0	500	500	0	0	0	30	
4.3299911733e+02	9	585	0	497	484	16	500	0	500	500	0	0	0	30	
4.3349912996e+02	9	585	0	495	491	9	500	0	500	500	0	0	0	30	
4.3399695140e+02	10	583	0	495	490	10	500	0	500	500	0	0	0	30	
4.3449809911e+02	7	584	0	492	488	12	500	0	500	500	0	0	0	30	
4.3499725334e+02	9	581	0	490	495	5	500	0	500	500	0	0	0	30	
4.3549808069e+02	11	580	0	489	486	14	500	0	500	500	0	0	0	30	
4.3599902728e+02	10	580	0	487	483	17	500	0	500	500	0	0	0	30	
4.3649919538e+02	9	583	0	486	482	18	500	0	500	500	0	0	0	30	
4.3699976616e+02	7	584	1	488	482	18	500	0	500	500	0	0	0	30	
4.3749984784e+02	8	583	1	488	485	15	500	0	500	500	0	0	0	30	
4.3799915403e+02	9	579	0	488	482	18	500	0	500	500	0	0	0	30	
4.3849993724e+02	10	578	0	490	488	12	500	0	500	500	0	0	0	30	
4.3899939537e+02	8	578	0	490	493	7	500	0	500	500	0	0	0	30	
4.3949749310e+02	6	581	0	488	490	10	500	0	500	500	0	0	0	30	
4.3999989778e+02	6	581	0	484	490	10	500	0	500	500	0	0	0	30	
4.4049970852e+02	8	578	0	483	484	16	500	0	500	500	0	0	0	30	
4.4099931188e+02	8	577	0	483	486	14	500	0	500	500	0	0	0	30	
4.4149906058e+02	8	577	1	481	486	14	500	0	500	500	0	0	0	30	
4.4199855042e+02	5	579	0	482	481	19	500	0	500	500	0	0	0	30	
4.4249849780e+02	7	577	0	483	492	8	500	0	500	500	0	0	0	30	
4.4299873036e+02	9	574	0	483	488	12	500	0	500	500	0	0	0	30	
4.4349941330e+02	10	573	0	487	487	13	500	0	500	500	0	0	0	30	
4.4399681177e+02	9	575	0	491	490	10	500	0	500	500	0	0	0	30	
4.4449915784e+02	9	573	0	492	488	12	500	0	500	500	0	0	0	30	
4.4499858657e+02	9	574	0	494	490	10	500	0	500	500	0	0	0	30	
4.4549865800e+02	7	575	0	495	490	10	500	0	500	500	0	0	0	30	
4.4599795306e+02	5	578	0	496	486	14	500	0	500	500	0	0	0	30	
4.4649892657e+02	5	578	0	498	483	17	500	0	500	500	0	0	0	30	
4.4699933354e+02	5	579	0	498	488	12	500	0	500	500	0	0	0	30	
4.4749484195e+02	5	580	0	498	479	21	500	0	500	500	0	0	0	30	
4.4799419676e+02	6	580	0	496	487	13	500	0	500	500	0	0	0	30	
4.4849945512e+02	7	579	0	495	491	9	500	0	500	500	0	0	0	30	
4.4899953331e+02	7	579	0	491	488	12	500	0	500	500	0	0	0	30	
4.4949960478e+02	9	576	0	496	488	12	500	0	500	500	0	0	0	30	
4.4999295376e+02	11	574	0	493	491	9	500	0	500	500	0	0	0	30	
4.5049547361e+02	10	576	0	494	485	15	500	0	500	500	0	0	0	30	
4.5099858559e+02	11	575	1	494	487	13	500	0	500	500	0	0	0	30	
4.5149965685e+02	11	575	2	494	486	14	500	0	500	500	0	0	0	30	
4.5199493699e+02	9	579	0	499	488	12	500	0	500	500	0	0	0	30	
4.5249942839e+02	8	578	1	499	493	7	500	0	500	500	0	0	0	30	
4.5299724855e+02	10	576	0	502	492	8	500	0	500	500	0	0	0	30	
4.5349944246e+02	6	580	0	497	486	14	500	0	500	500	0	0	0	30	
4.5399970646e+02	6	581	0	494	493	7	500	0	500	500	0	0	0	30	
4.5449976517e+02	4	582	1	494	490	10	500	0	500	500	0	0	0	30	
4.5499816519e+02	5	582	0	496	489	11	500	0	500	500	0	0	0	30	
4.5549749351e+02	8	579	0	496	493	7	500	0	500	500	0	0	0	30	
4.5599939205e+02	7	581	0	499	487	13	500	0	500	500	0	0	0	30	
4.5649916189e+02	9	579	0	499	491	9	500	0	500	500	0	0	0	30	
4.5699655470e+02	10	578	0	499	478	22	500	0	500	500	0	0	0	30	
4.5749815821e+02	12	576	0	494	491	9	500	0	500	500	0	0	0	30	
4.5799728788e+02	12	576	0	496	487	13	500	0	500	500	0	0	0	30	
4.5849986408e+02	13	576	0	496	490	10	500	0	500	500	0	0	0	30	
4.5899489985e+02	10	580	0	499	484	16	500	0	500	500	0	0	0	30	
4.5949798022e+02	9	582	0	501	485	15	500	0	500	500	0	0	0	30	
4.5999494884e+02	10	583	0	501	493	7	500	0	500	500	0	0	0	30	
4.6049833860e+02	9	585	0	502	489	11	500	0	500	500	0	0	0	30	
4.6099699257e+02	8	587	0	499	483	17	500	0	500	500	0	0	0	30	
4.6149899088e+02	11	584	0	496	491	9	500	0	500	500	0	0	0	30	
4.6199925248e+02	11	584	0	496	484	16	500	0	500	500	0	0	0	30	
4.6249906171e+02	10	586	0	497	488	12	500	0	500	500	0	0	0	30	
4.6299938313e+02	9	590	0	498	484	16	500	0	500	500	0	0	0	30	
4.6349736335e+02	9	589	0	500	494	6	500	0	500	500	0	0	0	30	
4.6399947877e+02	9	590	0	501	483	17	500	0	500	500	0	0	0	30	
4.6449949032e+02	11	588	0	499	481	19	500	0	500	500	0	0	0	30	
4.6499935539e+02	10	588	0	499	487	13	500	0	500	500	0	0	0	30	
4.6549988790e+02	13	585	0	498	490	10	500	0	500	500	0	0	0	30	
4.6599834046e+02	14	583	0	499	481	19	500	0	500	500	0	0	0	30	
4.6649632909e+02	12	584	0	500	487	13	500	0	500	500	0	0	0	30	
4.6699767678e+02	10	588	0	501	485	15	500	0	500	500	0	0	0	30	
4.6749879341e+02	8	589	0	508	482	18	500	0	500	500	0	0	0	30	
4.6799976843e+02	6	593	0	506	477	23	500	0	500	500	0	0	0	30	
4.6849907073e+02	2	596	0	507	497	3	500	0	500	500	0	0	0	30	
4.6899915809e+02	2	597	0	505	488	12	500	0	500	500	0	0	0	30	
4.6949594413e+02	3	596	0	503	497	3	500	0	500	500	0	0	0	30	
4.6999848660e+02	2	596	0	503	483	17	500	0	500	500	0	0	0	30	
4.7049616600e+02	4	594	0	503	493	7	500	0	500	500	0	0	0	30	
4.7099389743e+02	2	597	0	500	488	12	500	0	500	500	0	0	0	30	
4.7149845889e+02	1	598	0	505	487	13	500	0	500	500	0	0	0	30	
4.7199986946e+02	2	598	0	503	490	10	500	0	500	500	0	0	0	30	
4.7249949721e+02	3	597	0	502	487	13	500	0	500	500	0	0	0	30	
4.7299561909e+02	2	598	0	507	493	7	500	0	500	500	0	0	0	30	
4.7349969996e+02	2	599	0	508	485	15	500	0	500	500	0	0	0	30	
4.7399986748e+02	4	597	0	511	493	7	500	0	500	500	0	0	0	30	
4.7449829301e+02	6	595	0	511	493	7	500	0	500	500	0	0	0	30	
4.7499607135e+02	6	595	0	513	487	13	500	0	500	500	0	0	0	30	
4.7549993390e+02	6	593	0	512	485	15	500	0	500	500	0	0	0	30	
4.7599767428e+02	6	594	0	517	487	13	500	0	500	500	0	0	0	30	
4.7649853063e+02	9	587	0	515	489	11	500	0	500	500	0	0	0	30	
4.7699984315e+02	11	586	0	515	485	15	500	0	500	500	0	0	0	30	
4.7749878363e+02	9	590	0	515	495	5	500	0	500	500	0	0	0	30	
4.7799815996e+02	8	592	0	520	489	11	500	0	500	500	0	0	0	30	
4.7849826538e+02	8	592	0	519	494	6	500	0	500	500	0	0	0	30	
4.7899802216e+02	6	596	0	515	487	13	500	0	500	500	0	0	0	30	
4.7949976991e+02	4	598	0	517	491	9	500	0	500	500	0	0	0	30	
4.7999762521e+02	4	599	0	519	492	8	500	0	500	500	0	0	0	30	
4.8049924154e+02	4	601	0	521	488	12	500	0	500	500	0	0	0	30	
4.8099825961e+02	3	601	0	522	489	11	500	0	500	500	0	0	0	30	
4.8149501959e+02	3	602	0	521	494	6	500	0	500	500	0	0	0	30	
4.8199886773e+02	4	601	0	517	490	10	500	0	500	500	0	0	0	30	
4.8249961767e+02	4	601	0	517	493	7	500	0	500	500	0	0	0	30	
4.8299697014e+02	3	604	0	518	479	21	500	0	500	500	0	0	0	30	
4.8349828922e+02	3	604	0	521	492	8	500	0	500	500	0	0	0	30	
4.8399782867e+02	3	604	0	520	488	12	500	0	500	500	0	0	0	30	
4.8449970181e+02	5	601	0	522	488	12	500	0	500	500	0	0	0	30	
4.8499976503e+02	4	604	1	522	492	8	500	0	500	500	0	0	0	30	
4.8549982272e+02	4	604	2	524	483	17	500	0	500	500	0	0	0	30	
4.8599969447e+02	6	605	0	530	487	13	500	0	500	500	0	0	0	30	
4.8649963115e+02	6	605	0	532	490	10	500	0	500	500	0	0	0	30	
4.8699808612e+02	5	609	0	533	490	10	500	0	500	500	0	0	0	30	
4.8749946274e+02	8	607	1	530	494	6	500	0	500	500	0	0	0	30	
4.8799912916e+02	6	614	0	532	485	15	500	0	500	500	0	0	0	30	
4.8849994259e+02	4	617	0	530	489	11	500	0	500	500	0	0	0	30	
4.8899626083e+02	5	617	0	530	486	14	500	0	500	500	0	0	0	30	
4.8949954054e+02	6	617	1	526	485	15	500	0	500	500	0	0	0	30	
4.8999647945e+02	8	616	0	527	489	11	500	0	500	500	0	0	0	30	
4.9049767850e+02	5	620	0	526	492	8	500	0	500	500	0	0	0	30	
4.9099933335e+02	4	618	0	529	490	10	500	0	500	500	0	0	0	30	
4.9149970267e+02	6	615	0	531	487	13	500	0	500	500	0	0	0	30	
4.9199939679e+02	4	618	1	532	492	8	500	0	500	500	0	0	0	30	
4.9249947587e+02	4	617	0	533	489	11	500	0	500	500	0	0	0	30	
4.9299685077e+02	6	615	0	531	485	15	500	0	500	500	0	0	0	30	
4.9349781549e+02	7	617	0	526	492	8	500	0	500	500	0	0	0	30	
4.9399967543e+02	6	617	1	526	496	4	500	0	500	500	0	0	0	30	
4.9449817531e+02	6	616	0	529	491	9	500	0	500	500	0	0	0	30	
4.9499944333e+02	4	617	0	529	494	6	500	0	500	500	0	0	0	30	
4.9549517168e+02	4	617	1	527	482	18	500	0	500	500	0	0	0	30	
4.9599957308e+02	4	618	0	529	487	13	500	0	500	500	0	0	0	30	
4.9649942847e+02	4	618	0	528	493	7	500	0	500	500	0	0	0	30	
4.9699400455e+02	5	613	0	526	485	15	500	0	500	500	0	0	0	30	
4.9749351556e+02	8	611	0	527	490	10	500	0	500	500	0	0	0	30	
4.9799754775e+02	8	611	0	526	498	2	500	0	500	500	0	0	0	30	
4.9848934368e+02	12	607	0	523	491	9	500	0	500	500	0	0	0	30	
4.9899899968e+02	9	611	0	523	493	7	500	0	500	500	0	0	0	30	
4.9949782338e+02	6	616	0	523	490	10	500	0	500	500	0	0	0	30	
4.9999950456e+02	6	617	1	522	493	7	500	0	500	500	0	0	0	30	
5.0000023522e+02	6	617	1	522	492	8	500	0	500	500	0	0	0	30	
