0.0000000000e+00	0	0	500	0	0	0	0	500	500	500	500	0	0	0	
4.9969956029e-01	0	0	500	0	0	106	0	500	500	500	500	0	0	0	
9.9516346505e-01	0	0	500	0	0	204	0	500	500	500	500	0	0	0	
1.4985883720e+00	1	0	500	0	0	263	0	500	500	500	500	0	0	0	
1.9994250058e+00	1	0	500	0	0	313	0	500	500	500	500	0	0	0	
2.4983242860e+00	1	0	500	0	0	357	0	500	500	500	500	0	0	0	
2.9980926527e+00	1	2	499	1	0	398	0	500	500	500	500	0	0	0	
3.4989527153e+00	1	3	497	3	0	413	0	500	500	500	500	0	0	0	
3.9991046781e+00	3	1	498	2	0	424	0	500	500	500	500	0	0	0	
4.4987664047e+00	3	2	500	0	0	445	0	500	500	500	500	0	0	0	
4.9988116924e+00	3	5	498	2	0	469	0	500	500	500	500	0	0	0	
5.4995177166e+00	4	4	496	4	0	474	0	500	500	500	500	0	0	0	
5.9960326293e+00	5	4	497	3	0	482	0	500	500	500	500	0	0	0	
6.4980563668e+00	7	4	497	3	0	477	0	500	500	500	500	0	0	0	
6.9953551606e+00	9	4	496	4	0	509	0	500	500	500	500	0	0	0	
7.4989466893e+00	10	4	495	5	0	483	0	500	500	500	500	0	0	0	
7.9957886571e+00	12	4	497	3	0	474	0	500	500	500	500	0	0	0	
8.4999508006e+00	13	6	493	7	0	504	0	500	500	500	500	0	0	0	
8.9986881252e+00	16	4	498	2	0	495	0	500	500	500	500	0	0	0	
9.4965092473e+00	19	2	499	1	0	503	0	500	500	500	500	0	0	0	
9.9956947026e+00	19	4	497	3	0	503	0	500	500	500	500	0	0	0	
1.0498928411e+01	20	3	499	1	0	502	0	500	500	500	500	0	0	0	
1.0999917073e+01	21	3	496	4	0	518	0	500	500	500	500	0	0	0	
1.1493765080e+01	21	4	498	2	0	542	0	500	500	500	500	0	0	0	
1.1995735123e+01	21	5	499	1	0	523	0	500	500	500	500	0	0	0	
1.2499945620e+01	23	3	499	1	0	522	0	500	500	500	500	0	0	0	
1.2999662288e+01	24	2	499	1	0	513	0	500	500	500	500	0	0	0	
1.3498160609e+01	25	2	500	0	0	503	0	500	500	500	500	0	0	0	
1.3998826581e+01	26	3	499	1	0	490	0	500	500	500	500	0	0	0	
1.4496735502e+01	26	3	499	1	0	503	0	500	500	500	500	0	0	0	
1.4998901501e+01	27	2	496	4	0	500	0	500	500	500	500	0	0	0	
1.5498797955e+01	28	2	499	1	0	492	0	500	500	500	500	0	0	0	
1.5996576518e+01	29	2	498	2	0	487	0	500	500	500	500	0	0	0	
1.6495906565e+01	29	2	497	3	0	486	0	500	500	500	500	0	0	0	
1.6995336941e+01	28	4	496	4	0	513	0	500	500	500	500	0	0	0	
1.7496003156e+01	29	3	496	4	0	501	0	500	500	500	500	0	0	0	
1.7999916723e+01	30	3	500	0	0	503	0	500	500	500	500	0	0	0	
1.8498623316e+01	30	3	497	3	0	489	0	500	500	500	500	0	0	0	
1.8997652751e+01	31	5	499	1	0	487	0	500	500	500	500	0	0	0	
1.9495012304e+01	32	4	498	2	0	496	0	500	500	500	500	0	0	0	
1.9998291579e+01	32	4	496	4	0	506	0	500	500	500	500	0	0	0	
2.0498398311e+01	33	3	498	2	0	509	0	500	500	500	500	0	0	0	
2.0998093397e+01	33	3	499	1	0	498	0	500	500	500	500	0	0	0	
2.1498898125e+01	33	4	497	3	0	485	0	500	500	500	500	0	0	0	
2.1997629520e+01	33	5	496	4	0	493	0	500	500	500	500	0	0	0	
2.2496750556e+01	35	7	497	3	0	496	0	500	500	500	500	0	0	0	
2.2997920939e+01	36	6	497	3	0	508	0	500	500	500	500	0	0	0	
2.3499872685e+01	36	6	497	3	0	500	0	500	500	500	500	0	0	0	
2.3997105123e+01	36	8	496	4	0	525	0	500	500	500	500	0	0	0	
2.4494385461e+01	38	7	493	7	0	553	0	500	500	500	500	0	0	0	
2.4998264990e+01	38	8	492	8	0	518	0	500	500	500	500	0	0	0	
2.5497741115e+01	40	9	497	3	0	518	0	500	500	500	500	0	0	0	
2.5999559594e+01	42	8	495	5	0	521	0	500	500	500	500	0	0	0	
2.6498697641e+01	45	5	492	8	0	529	0	500	500	500	500	0	0	0	
2.6999111512e+01	46	6	496	4	0	516	0	500	500	500	500	0	0	0	
2.7499954043e+01	49	3	496	4	0	489	0	500	500	500	500	0	0	0	
2.7995525855e+01	49	3	498	2	0	480	0	500	500	500	500	0	0	0	
2.8499882747e+01	49	3	497	3	0	472	0	500	500	500	500	0	0	0	
2.8996668868e+01	49	6	496	4	0	488	0	500	500	500	500	0	0	0	
2.9495905417e+01	51	5	496	4	0	496	0	500	500	500	500	0	0	0	
2.9999645230e+01	52	5	496	4	0	511	0	500	500	500	500	0	0	0	
3.0498269325e+01	55	2	496	4	0	501	0	500	500	500	500	0	0	0	
3.0998015126e+01	56	3	497	3	0	493	0	500	500	500	500	0	0	0	
3.1494654937e+01	56	3	497	3	0	523	0	500	500	500	500	0	0	0	
3.1995639922e+01	56	4	499	1	0	505	0	500	500	500	500	0	0	0	
3.2499600661e+01	59	3	499	1	0	498	0	500	500	500	500	0	0	0	
3.2993578773e+01	59	4	494	6	0	529	0	500	500	500	500	0	0	0	
3.3497400094e+01	59	4	496	4	0	527	0	500	500	500	500	0	0	0	
3.3999742918e+01	61	4	496	4	0	520	0	500	500	500	500	0	0	0	
3.4496126028e+01	61	4	495	5	0	536	0	500	500	500	500	0	0	0	
3.4997508224e+01	61	6	495	5	0	524	0	500	500	500	500	0	0	0	
3.5499502696e+01	65	3	498	2	0	508	0	500	500	500	500	0	0	0	
3.5998253790e+01	65	3	495	5	0	517	0	500	500	500	500	0	0	0	
3.6499567825e+01	67	1	497	3	0	503	0	500	500	500	500	0	0	0	
3.6998630953e+01	67	1	496	4	0	529	0	500	500	500	500	0	0	0	
3.7497468287e+01	67	1	498	2	0	525	0	500	500	500	500	0	0	0	
3.7997910041e+01	67	4	498	2	0	508	0	500	500	500	500	0	0	0	
3.8495645070e+01	70	2	498	2	0	531	0	500	500	500	500	0	0	0	
3.8999838931e+01	70	3	499	1	0	510	0	500	500	500	500	0	0	0	
3.9499257410e+01	71	3	498	2	0	512	0	500	500	500	500	0	0	0	
3.9993476183e+01	73	2	496	4	0	490	0	500	500	500	500	0	0	0	
4.0497507487e+01	72	2	497	3	0	483	0	500	500	500	500	0	0	0	
4.0998757082e+01	72	3	494	6	0	495	0	500	500	500	500	0	0	0	
4.1497157804e+01	72	4	497	3	0	484	0	500	500	500	500	0	0	0	
4.1995566944e+01	74	3	498	2	0	482	0	500	500	500	500	0	0	0	
4.2499581602e+01	75	4	496	4	0	481	0	500	500	500	500	0	0	0	
4.2995127471e+01	75	5	493	7	0	506	0	500	500	500	500	0	0	0	
4.3497762244e+01	75	5	497	3	0	501	0	500	500	500	500	0	0	0	
4.3997318508e+01	76	5	497	3	0	517	0	500	500	500	500	0	0	0	
4.4499664164e+01	78	3	496	4	0	532	0	500	500	500	500	0	0	0	
4.4994087585e+01	79	2	496	4	0	514	0	500	500	500	500	0	0	0	
4.5499828954e+01	78	4	495	5	0	499	0	500	500	500	500	0	0	0	
4.5998067124e+01	78	4	495	5	0	493	0	500	500	500	500	0	0	0	
4.6496417320e+01	79	7	497	3	0	508	0	500	500	500	500	0	0	0	
4.6998005496e+01	80	5	494	6	0	499	0	500	500	500	500	0	0	0	
4.7499786442e+01	81	5	493	7	0	513	0	500	500	500	500	0	0	0	
4.7995246231e+01	79	9	491	9	0	510	0	500	500	500	500	0	0	0	
4.8489685554e+01	80	8	485	15	0	520	0	500	500	500	500	0	0	0	
4.8999467674e+01	81	8	495	5	0	507	0	500	500	500	500	0	0	0	
4.9498675642e+01	83	7	498	2	0	496	0	500	500	500	500	0	0	0	
4.9998811104e+01	86	4	496	4	0	498	0	500	500	500	500	0	0	0	
5.0497471223e+01	87	5	497	3	0	513	0	500	500	500	500	0	0	0	
5.0999730504e+01	88	5	497	3	0	522	0	500	500	500	500	0	0	0	
5.1499896957e+01	88	8	495	5	0	519	0	500	500	500	500	0	0	0	
5.1998905400e+01	89	7	495	5	0	510	0	500	500	500	500	0	0	0	
5.2499747153e+01	91	7	497	3	0	510	0	500	500	500	500	0	0	0	
5.2999488473e+01	91	9	496	4	0	505	0	500	500	500	500	0	0	0	
5.3499184509e+01	93	8	495	5	0	495	0	500	500	500	500	0	0	0	
5.3999943121e+01	96	7	493	7	0	491	0	500	500	500	500	0	0	0	
5.4496497771e+01	96	8	496	4	0	490	0	500	500	500	500	0	0	0	
5.4999561601e+01	99	6	494	6	0	481	0	500	500	500	500	0	0	0	
5.5498887534e+01	99	6	492	8	0	482	0	500	500	500	500	0	0	0	
5.5995915331e+01	99	7	492	8	0	487	0	500	500	500	500	0	0	0	
5.6498878391e+01	99	8	493	7	0	510	0	500	500	500	500	0	0	0	
5.6998878108e+01	103	6	497	3	0	518	0	500	500	500	500	0	0	0	
5.7499808235e+01	101	6	497	3	0	483	0	500	500	500	500	0	0	0	
5.7996189230e+01	101	6	498	2	0	490	0	500	500	500	500	0	0	0	
5.8498786485e+01	102	6	498	2	0	493	0	500	500	500	500	0	0	0	
5.8998808976e+01	103	5	496	4	0	498	0	500	500	500	500	0	0	0	
5.9494045006e+01	104	6	493	7	0	507	0	500	500	500	500	0	0	0	
5.9999756790e+01	105	7	497	3	0	527	0	500	500	500	500	0	0	0	
6.0498046081e+01	105	7	492	8	0	518	0	500	500	500	500	0	0	0	
6.0998656059e+01	107	6	496	4	0	495	0	500	500	500	500	0	0	0	
6.1494947248e+01	107	7	496	4	0	498	0	500	500	500	500	0	0	0	
6.1999984039e+01	110	5	493	7	0	499	0	500	500	500	500	0	0	0	
6.2495128508e+01	111	4	499	1	0	513	0	500	500	500	500	0	0	0	
6.2998071339e+01	112	3	499	1	0	500	0	500	500	500	500	0	0	0	
6.3499586037e+01	112	3	494	6	0	505	0	500	500	500	500	0	0	0	
6.3994658550e+01	113	2	499	1	0	503	0	500	500	500	500	0	0	0	
6.4496037201e+01	114	1	500	0	0	502	0	500	500	500	500	0	0	0	
6.4999270808e+01	114	1	500	0	0	506	0	500	500	500	500	0	0	0	
6.5499336337e+01	113	2	499	1	0	508	0	500	500	500	500	0	0	0	
6.5999997552e+01	113	4	498	2	0	517	0	500	500	500	500	0	0	0	
6.6498934174e+01	113	4	500	0	0	504	0	500	500	500	500	0	0	0	
6.6999677825e+01	113	4	497	3	0	514	0	500	500	500	500	0	0	0	
6.7499429786e+01	116	4	495	5	0	519	0	500	500	500	500	0	0	0	
6.7998266229e+01	116	4	499	1	0	542	0	500	500	500	500	0	0	0	
6.8498220164e+01	118	4	498	2	0	538	0	500	500	500	500	0	0	0	
6.8999562532e+01	121	4	496	4	0	528	0	500	500	500	500	0	0	0	
6.9495568137e+01	121	7	498	2	0	536	0	500	500	500	500	0	0	0	
6.9998239768e+01	124	7	495	5	0	522	0	500	500	500	500	0	0	0	
7.0491608163e+01	125	6	497	3	0	491	0	500	500	500	500	0	0	0	
7.0998176670e+01	125	7	497	3	0	498	0	500	500	500	500	0	0	0	
7.1495988240e+01	128	5	498	2	0	490	0	500	500	500	500	0	0	0	
7.1997795562e+01	128	4	499	1	0	482	0	500	500	500	500	0	0	0	
7.2496165962e+01	128	6	497	3	0	502	0	500	500	500	500	0	0	0	
7.2997729804e+01	128	6	496	4	0	491	0	500	500	500	500	0	0	0	
7.3496430188e+01	126	8	500	0	0	481	0	500	500	500	500	0	0	0	
7.3999895621e+01	127	8	497	3	0	488	0	500	500	500	500	0	0	0	
7.4499445092e+01	129	9	493	7	0	509	0	500	500	500	500	0	0	0	
7.4991888514e+01	131	8	493	7	0	506	0	500	500	500	500	0	0	0	
7.5497783694e+01	133	8	498	2	0	487	0	500	500	500	500	0	0	0	
7.5997347129e+01	133	7	497	3	0	500	0	500	500	500	500	0	0	0	
7.6498642892e+01	134	7	494	6	0	492	0	500	500	500	500	0	0	0	
7.6997251529e+01	136	6	496	4	0	495	0	500	500	500	500	0	0	0	
7.7495719789e+01	139	3	494	6	0	479	0	500	500	500	500	0	0	0	
7.7996915213e+01	140	5	499	1	0	467	0	500	500	500	500	0	0	0	
7.8498062286e+01	140	6	494	6	0	488	0	500	500	500	500	0	0	0	
7.8999477869e+01	140	6	493	7	0	505	0	500	500	500	500	0	0	0	
7.9498274206e+01	140	6	492	8	0	515	0	500	500	500	500	0	0	0	
7.9996254653e+01	141	7	493	7	0	531	0	500	500	500	500	0	0	0	
8.0498840614e+01	143	5	493	7	0	518	0	500	500	500	500	0	0	0	
8.0994933594e+01	142	5	497	3	0	511	0	500	500	500	500	0	0	0	
8.1497999617e+01	142	6	498	2	0	544	0	500	500	500	500	0	0	0	
8.1995773190e+01	145	4	496	4	0	536	0	500	500	500	500	0	0	0	
8.2499848424e+01	146	4	496	4	0	562	0	500	500	500	500	0	0	0	
8.2998637859e+01	145	8	498	2	0	563	0	500	500	500	500	0	0	0	
8.3499035504e+01	148	8	496	4	0	531	0	500	500	500	500	0	0	0	
8.3997343056e+01	149	7	496	4	0	516	0	500	500	500	500	0	0	0	
8.4499956438e+01	151	5	494	6	0	499	0	500	500	500	500	0	0	0	
8.4999197489e+01	152	6	495	5	0	493	0	500	500	500	500	0	0	0	
8.5499931015e+01	154	4	497	3	0	507	0	500	500	500	500	0	0	0	
8.5999480182e+01	154	4	498	2	0	489	0	500	500	500	500	0	0	0	
8.6499691134e+01	155	3	499	1	0	504	0	500	500	500	500	0	0	0	
8.6999006888e+01	155	4	499	1	0	479	0	500	500	500	500	0	0	0	
8.7497243120e+01	155	3	500	0	0	471	0	500	500	500	500	0	0	0	
8.7996925490e+01	155	4	500	0	0	471	0	500	500	500	500	0	0	0	
8.8499526677e+01	155	5	496	4	0	478	0	500	500	500	500	0	0	0	
8.8998551305e+01	156	4	498	2	0	496	0	500	500	500	500	0	0	0	
8.9499044646e+01	156	5	497	3	0	495	0	500	500	500	500	0	0	0	
8.9997861462e+01	155	5	496	4	0	484	0	500	500	500	500	0	0	0	
9.0490832609e+01	155	5	498	2	0	503	0	500	500	500	500	0	0	0	
9.0998390042e+01	157	3	498	2	0	526	0	500	500	500	500	0	0	0	
9.1494123834e+01	158	3	498	2	0	542	0	500	500	500	500	0	0	0	
9.1996675395e+01	158	5	498	2	0	546	0	500	500	500	500	0	0	0	
9.2499320561e+01	161	3	497	3	0	540	0	500	500	500	500	0	0	0	
9.2998545154e+01	163	3	499	1	0	541	0	500	500	500	500	0	0	0	
9.3498306730e+01	163	5	498	2	0	534	0	500	500	500	500	0	0	0	
9.3999546327e+01	164	4	498	2	0	539	0	500	500	500	500	0	0	0	
9.4499812044e+01	165	4	495	5	0	546	0	500	500	500	500	0	0	0	
9.4998260870e+01	168	2	498	2	0	511	0	500	500	500	500	0	0	0	
9.5493580648e+01	169	3	495	5	0	487	0	500	500	500	500	0	0	0	
9.5999061525e+01	168	4	495	5	0	483	0	500	500	500	500	0	0	0	
9.6497662198e+01	169	5	496	4	0	473	0	500	500	500	500	0	0	0	
9.6998544232e+01	170	4	496	4	0	480	0	500	500	500	500	0	0	0	
9.7498849012e+01	170	6	495	5	0	485	0	500	500	500	500	0	0	0	
9.7999677508e+01	170	7	492	8	0	477	0	500	500	500	500	0	0	0	
9.8498787563e+01	171	8	491	9	0	463	0	500	500	500	500	0	0	0	
9.8998559372e+01	175	5	491	9	0	499	0	500	500	500	500	0	0	0	
9.9498704869e+01	174	6	492	8	0	477	0	500	500	500	500	0	0	0	
9.9998919130e+01	175	6	491	9	0	485	0	500	500	500	500	0	0	0	
1.0049702203e+02	172	10	490	10	0	502	0	500	500	500	500	0	0	0	
1.0099917090e+02	175	7	494	6	0	477	0	500	500	500	500	0	0	0	
1.0149871919e+02	176	8	495	5	0	481	0	500	500	500	500	0	0	0	
1.0199978131e+02	178	8	490	10	0	479	0	500	500	500	500	0	0	0	
1.0249873309e+02	178	11	488	12	0	506	0	500	500	500	500	0	0	0	
1.0299814398e+02	180	10	495	5	0	492	0	500	500	500	500	0	0	0	
1.0349724809e+02	182	8	490	10	0	509	0	500	500	500	500	0	0	0	
1.0399957775e+02	184	6	493	7	0	508	0	500	500	500	500	0	0	0	
1.0449865631e+02	184	7	495	5	0	477	0	500	500	500	500	0	0	0	
1.0499908854e+02	185	7	495	5	0	498	0	500	500	500	500	0	0	0	
1.0549646936e+02	185	8	497	3	0	524	0	500	500	500	500	0	0	0	
1.0599554573e+02	187	6	497	3	0	496	0	500	500	500	500	0	0	0	
1.0649644780e+02	187	7	496	4	0	506	0	500	500	500	500	0	0	0	
1.0699703331e+02	188	6	496	4	0	520	0	500	500	500	500	0	0	0	
1.0749961321e+02	188	6	496	4	0	502	0	500	500	500	500	0	0	0	
1.0799934502e+02	188	5	496	4	0	508	0	500	500	500	500	0	0	0	
1.0849970112e+02	188	5	496	4	0	498	0	500	500	500	500	0	0	0	
1.0899623259e+02	184	11	488	12	0	507	0	500	500	500	500	0	0	0	
1.0949917034e+02	187	9	490	10	0	492	0	500	500	500	500	0	0	0	
1.0999848031e+02	190	8	494	6	0	517	0	500	500	500	500	0	0	0	
1.1049964089e+02	192	6	496	4	0	509	0	500	500	500	500	0	0	0	
1.1099805066e+02	194	5	492	8	0	500	0	500	500	500	500	0	0	0	
1.1149926361e+02	194	5	493	7	0	528	0	500	500	500	500	0	0	0	
1.1199894762e+02	194	5	494	6	0	525	0	500	500	500	500	0	0	0	
1.1249961449e+02	195	5	498	2	0	517	0	500	500	500	500	0	0	0	
1.1299860222e+02	195	7	494	6	0	497	0	500	500	500	500	0	0	0	
1.1349789226e+02	198	4	497	3	0	513	0	500	500	500	500	0	0	0	
1.1399986597e+02	198	5	498	2	0	502	0	500	500	500	500	0	0	0	
1.1449981288e+02	200	5	496	4	0	496	0	500	500	500	500	0	0	0	
1.1499725101e+02	201	4	498	2	0	499	0	500	500	500	500	0	0	0	
1.1549855802e+02	202	3	498	2	0	481	0	500	500	500	500	0	0	0	
1.1599768376e+02	203	4	494	6	0	495	0	500	500	500	500	0	0	0	
1.1649826818e+02	203	4	493	7	0	485	0	500	500	500	500	0	0	0	
1.1699689213e+02	205	3	495	5	0	492	0	500	500	500	500	0	0	0	
1.1749897094e+02	206	3	499	1	0	522	0	500	500	500	500	0	0	0	
1.1799962843e+02	206	2	499	1	0	509	0	500	500	500	500	0	0	0	
1.1849829616e+02	206	4	497	3	0	512	0	500	500	500	500	0	0	0	
1.1899412689e+02	206	4	499	1	0	519	0	500	500	500	500	0	0	0	
1.1949898044e+02	207	3	499	1	0	502	0	500	500	500	500	0	0	0	
1.1999933548e+02	207	3	499	1	0	477	0	500	500	500	500	0	0	0	
1.2049955836e+02	208	2	498	2	0	478	0	500	500	500	500	0	0	0	
1.2099986266e+02	208	6	499	1	0	482	0	500	500	500	500	0	0	0	
1.2149977506e+02	210	7	497	3	0	478	0	500	500	500	500	0	0	0	
1.2199987886e+02	212	5	494	6	0	491	0	500	500	500	500	0	0	0	
1.2249914054e+02	213	5	497	3	0	515	0	500	500	500	500	0	0	0	
1.2299737076e+02	213	6	493	7	0	508	0	500	500	500	500	0	0	0	
1.2349851808e+02	213	8	492	8	0	506	0	500	500	500	500	0	0	0	
1.2399883807e+02	215	6	495	5	0	534	0	500	500	500	500	0	0	0	
1.2449838444e+02	217	7	495	5	0	520	0	500	500	500	500	0	0	0	
1.2499988921e+02	218	6	495	5	0	542	0	500	500	500	500	0	0	0	
1.2549756429e+02	216	6	492	8	0	534	0	500	500	500	500	0	0	0	
1.2599686222e+02	216	6	496	4	0	507	0	500	500	500	500	0	0	0	
1.2649789144e+02	218	4	496	4	0	481	0	500	500	500	500	0	0	0	
1.2699918266e+02	217	5	496	4	0	480	0	500	500	500	500	0	0	0	
1.2749985222e+02	219	4	493	7	0	483	0	500	500	500	500	0	0	0	
1.2799938246e+02	218	5	491	9	0	487	0	500	500	500	500	0	0	0	
1.2849977005e+02	222	1	496	4	0	494	0	500	500	500	500	0	0	0	
1.2899762854e+02	223	1	497	3	0	510	0	500	500	500	500	0	0	0	
1.2949842178e+02	223	1	499	1	0	518	0	500	500	500	500	0	0	0	
1.2999935840e+02	224	0	499	1	0	514	0	500	500	500	500	0	0	0	
1.3049224052e+02	224	1	499	1	0	506	0	500	500	500	500	0	0	0	
1.3099957522e+02	224	0	498	2	0	518	0	500	500	500	500	0	0	0	
1.3149884029e+02	224	0	497	3	0	529	0	500	500	500	500	0	0	0	
1.3199989335e+02	224	2	500	0	0	522	0	500	500	500	500	0	0	0	
1.3249849060e+02	224	3	495	5	0	492	0	500	500	500	500	0	0	0	
1.3299710311e+02	223	4	495	5	0	494	0	500	500	500	500	0	0	0	
1.3349522943e+02	222	5	496	4	0	501	0	500	500	500	500	0	0	0	
1.3399419519e+02	221	7	495	5	0	520	0	500	500	500	500	0	0	0	
1.3449927135e+02	220	7	491	9	0	525	0	500	500	500	500	0	0	0	
1.3499993082e+02	220	6	496	4	0	566	0	500	500	500	500	0	0	0	
1.3549512313e+02	223	4	497	3	0	556	0	500	500	500	500	0	0	0	
1.3599938186e+02	223	4	497	3	0	555	0	500	500	500	500	0	0	0	
1.3649932439e+02	224	3	497	3	0	551	0	500	500	500	500	0	0	0	
1.3699341858e+02	224	4	494	6	0	519	0	500	500	500	500	0	0	0	
1.3749939504e+02	227	3	497	3	0	542	0	500	500	500	500	0	0	0	
1.3799243337e+02	227	5	493	7	0	536	0	500	500	500	500	0	0	0	
1.3849924046e+02	229	4	497	3	0	552	0	500	500	500	500	0	0	0	
1.3899624209e+02	231	2	497	3	0	527	0	500	500	500	500	0	0	0	
1.3949913270e+02	233	1	495	5	0	496	0	500	500	500	500	0	0	0	
1.3999993490e+02	233	4	498	2	0	507	0	500	500	500	500	0	0	0	
1.4049789303e+02	232	3	499	1	0	497	0	500	500	500	500	0	0	0	
1.4099930482e+02	232	4	495	5	0	522	0	500	500	500	500	0	0	0	
1.4149900252e+02	232	6	495	5	0	529	0	500	500	500	500	0	0	0	
1.4199940702e+02	231	8	493	7	0	522	0	500	500	500	500	0	0	0	
1.4249843719e+02	231	8	494	6	0	543	0	500	500	500	500	0	0	0	
1.4299896764e+02	232	8	493	7	0	534	0	500	500	500	500	0	0	0	
1.4349896982e+02	233	7	492	8	0	533	0	500	500	500	500	0	0	0	
1.4399954038e+02	232	7	493	7	0	540	0	500	500	500	500	0	0	0	
1.4449925798e+02	234	6	495	5	0	508	0	500	500	500	500	0	0	0	
1.4499986105e+02	236	7	494	6	0	513	0	500	500	500	500	0	0	0	
1.4549810728e+02	235	10	492	8	0	510	0	500	500	500	500	0	0	0	
1.4599978762e+02	236	9	491	9	0	513	0	500	500	500	500	0	0	0	
1.4649884860e+02	240	8	488	12	0	524	0	500	500	500	500	0	0	0	
1.4699834458e+02	242	6	492	8	0	553	0	500	500	500	500	0	0	0	
1.4749948134e+02	245	5	491	9	0	555	0	500	500	500	500	0	0	0	
1.4799962712e+02	245	6	495	5	0	554	0	500	500	500	500	0	0	0	
1.4849721175e+02	248	4	496	4	0	550	0	500	500	500	500	0	0	0	
1.4899911877e+02	250	4	496	4	0	552	0	500	500	500	500	0	0	0	
1.4949370398e+02	250	4	496	4	0	529	0	500	500	500	500	0	0	0	
1.4999993290e+02	251	3	498	2	0	499	0	500	500	500	500	0	0	0	
1.5049987471e+02	252	3	497	3	0	513	0	500	500	500	500	0	0	0	
1.5099748245e+02	252	5	495	5	0	521	0	500	500	500	500	0	0	0	
1.5149524120e+02	252	4	498	2	0	503	0	500	500	500	500	0	0	0	
1.5199931811e+02	252	4	498	2	0	509	0	500	500	500	500	0	0	0	
1.5249904128e+02	253	4	497	3	0	522	0	500	500	500	500	0	0	0	
1.5299977446e+02	255	2	496	4	0	485	0	500	500	500	500	0	0	0	
1.5349808300e+02	253	4	493	7	0	475	0	500	500	500	500	0	0	0	
1.5399507548e+02	254	3	495	5	0	462	0	500	500	500	500	0	0	0	
1.5449584474e+02	254	7	495	5	0	483	0	500	500	500	500	0	0	0	
1.5499796523e+02	256	6	494	6	0	468	0	500	500	500	500	0	0	0	
1.5549994533e+02	258	4	492	8	0	474	0	500	500	500	500	0	0	0	
1.5599719524e+02	260	3	496	4	0	484	0	500	500	500	500	0	0	0	
1.5649912292e+02	261	4	496	4	0	479	0	500	500	500	500	0	0	0	
1.5699913562e+02	262	4	494	6	0	482	0	500	500	500	500	0	0	0	
1.5749747160e+02	262	4	493	7	0	486	0	500	500	500	500	0	0	0	
1.5799780563e+02	262	4	500	0	0	493	0	500	500	500	500	0	0	0	
1.5849709938e+02	262	5	498	2	0	510	0	500	500	500	500	0	0	0	
1.5899993120e+02	262	5	497	3	0	503	0	500	500	500	500	0	0	0	
1.5949912541e+02	262	5	499	1	0	505	0	500	500	500	500	0	0	0	
1.5999995037e+02	263	5	498	2	0	505	0	500	500	500	500	0	0	0	
1.6049910006e+02	265	5	497	3	0	499	0	500	500	500	500	0	0	0	
1.6099860828e+02	266	5	495	5	0	497	0	500	500	500	500	0	0	0	
1.6149570846e+02	266	6	491	9	0	496	0	500	500	500	500	0	0	0	
1.6199888492e+02	268	4	490	10	0	513	0	500	500	500	500	0	0	0	
1.6249987361e+02	269	4	495	5	0	505	0	500	500	500	500	0	0	0	
1.6299980511e+02	269	5	497	3	0	498	0	500	500	500	500	0	0	0	
1.6349809192e+02	270	9	498	2	0	492	0	500	500	500	500	0	0	0	
1.6399536694e+02	267	12	494	6	0	489	0	500	500	500	500	0	0	0	
1.6449968391e+02	270	9	490	10	0	495	0	500	500	500	500	0	0	0	
1.6499661050e+02	269	11	489	11	0	491	0	500	500	500	500	0	0	0	
1.6549731724e+02	272	8	492	8	0	497	0	500	500	500	500	0	0	0	
1.6599736322e+02	275	6	496	4	0	493	0	500	500	500	500	0	0	0	
1.6649849518e+02	277	4	496	4	0	487	0	500	500	500	500	0	0	0	
1.6699829930e+02	276	4	494	6	0	488	0	500	500	500	500	0	0	0	
1.6749616306e+02	277	4	494	6	0	495	0	500	500	500	500	0	0	0	
1.6799848807e+02	276	7	490	10	0	501	0	500	500	500	500	0	0	0	
1.6849886279e+02	279	7	495	5	0	518	0	500	500	500	500	0	0	0	
1.6899337457e+02	281	5	495	5	0	530	0	500	500	500	500	0	0	0	
1.6949657827e+02	282	5	491	9	0	512	0	500	500	500	500	0	0	0	
1.6999706417e+02	285	2	496	4	0	526	0	500	500	500	500	0	0	0	
1.7049632456e+02	285	2	497	3	0	529	0	500	500	500	500	0	0	0	
1.7099868225e+02	286	1	498	2	0	523	0	500	500	500	500	0	0	0	
1.7149814609e+02	288	1	498	2	0	541	0	500	500	500	500	0	0	0	
1.7199930818e+02	287	3	497	3	0	531	0	500	500	500	500	0	0	0	
1.7249985155e+02	290	4	500	0	0	547	0	500	500	500	500	0	0	0	
1.7299909661e+02	291	6	495	5	0	539	0	500	500	500	500	0	0	0	
1.7349754998e+02	291	7	496	4	0	506	0	500	500	500	500	0	0	0	
1.7399859586e+02	290	9	495	5	0	468	0	500	500	500	500	0	0	0	
1.7449678500e+02	293	5	496	4	0	459	0	500	500	500	500	0	0	0	
1.7499975720e+02	294	4	496	4	0	458	0	500	500	500	500	0	0	0	
1.7549942173e+02	295	5	497	3	0	475	0	500	500	500	500	0	0	0	
1.7599830806e+02	295	7	498	2	0	479	0	500	500	500	500	0	0	0	
1.7649836467e+02	297	5	496	4	0	477	0	500	500	500	500	0	0	0	
1.7699899508e+02	300	4	492	8	0	496	0	500	500	500	500	0	0	0	
1.7749973059e+02	301	3	496	4	0	484	0	500	500	500	500	0	0	0	
1.7799208180e+02	299	3	497	3	0	501	0	500	500	500	500	0	0	0	
1.7849195446e+02	298	5	493	7	0	487	0	500	500	500	500	0	0	0	
1.7899690144e+02	297	8	494	6	0	502	0	500	500	500	500	0	0	0	
1.7949833128e+02	299	9	492	8	0	477	0	500	500	500	500	0	0	0	
1.7999842468e+02	302	6	495	5	0	479	0	500	500	500	500	0	0	0	
1.8049907959e+02	302	6	492	8	0	482	0	500	500	500	500	0	0	0	
1.8099963221e+02	304	5	489	11	0	505	0	500	500	500	500	0	0	0	
1.8149890647e+02	304	6	492	8	0	495	0	500	500	500	500	0	0	0	
1.8199859540e+02	306	6	493	7	0	494	0	500	500	500	500	0	0	0	
1.8249588133e+02	306	7	491	9	0	508	0	500	500	500	500	0	0	0	
1.8299977198e+02	306	9	492	8	0	492	0	500	500	500	500	0	0	0	
1.8349545488e+02	305	9	489	11	0	472	0	500	500	500	500	0	0	0	
1.8399752769e+02	305	9	490	10	0	447	0	500	500	500	500	0	0	0	
1.8449984144e+02	305	9	494	6	0	447	0	500	500	500	500	0	0	0	
1.8499966301e+02	306	7	495	5	0	481	0	500	500	500	500	0	0	0	
1.8549995174e+02	308	6	498	2	0	493	0	500	500	500	500	0	0	0	
1.8599818227e+02	307	7	493	7	0	483	0	500	500	500	500	0	0	0	
1.8649981552e+02	309	6	490	10	0	488	0	500	500	500	500	0	0	0	
1.8699379995e+02	309	6	491	9	0	485	0	500	500	500	500	0	0	0	
1.8749675860e+02	309	7	492	8	0	510	0	500	500	500	500	0	0	0	
1.8799669917e+02	310	6	490	10	0	508	0	500	500	500	500	0	0	0	
1.8849218344e+02	310	6	494	6	0	491	0	500	500	500	500	0	0	0	
1.8899822381e+02	310	6	490	10	0	515	0	500	500	500	500	0	0	0	
1.8949779490e+02	312	6	491	9	0	516	0	500	500	500	500	0	0	0	
1.8999934060e+02	312	5	492	8	0	495	0	500	500	500	500	0	0	0	
1.9049871422e+02	308	7	491	9	0	476	0	500	500	500	500	0	0	0	
1.9099947079e+02	308	7	489	11	0	509	0	500	500	500	500	0	0	0	
1.9149878945e+02	308	7	492	8	0	484	0	500	500	500	500	0	0	0	
1.9199864021e+02	309	6	490	10	0	496	0	500	500	500	500	0	0	0	
1.9249474529e+02	310	5	491	9	0	506	0	500	500	500	500	0	0	0	
1.9299999129e+02	310	7	493	7	0	518	0	500	500	500	500	0	0	0	
1.9349851062e+02	309	8	489	11	0	523	0	500	500	500	500	0	0	0	
1.9399975485e+02	309	8	491	9	0	523	0	500	500	500	500	0	0	0	
1.9449830577e+02	308	8	492	8	0	527	0	500	500	500	500	0	0	0	
1.9499878988e+02	308	8	495	5	0	532	0	500	500	500	500	0	0	0	
1.9549960836e+02	307	11	490	10	0	525	0	500	500	500	500	0	0	0	
1.9599954504e+02	309	9	485	15	0	511	0	500	500	500	500	0	0	0	
1.9649699638e+02	308	11	487	13	0	505	0	500	500	500	500	0	0	0	
1.9699711983e+02	309	10	490	10	0	515	0	500	500	500	500	0	0	0	
1.9749793723e+02	308	11	486	14	0	530	0	500	500	500	500	0	0	0	
1.9799827304e+02	308	11	483	17	0	523	0	500	500	500	500	0	0	0	
1.9849779062e+02	313	7	484	16	0	528	0	500	500	500	500	0	0	0	
1.9899494197e+02	313	8	485	15	0	533	0	500	500	500	500	0	0	0	
1.9949876734e+02	316	6	490	10	0	533	0	500	500	500	500	0	0	0	
1.9999979359e+02	318	4	496	4	0	536	0	500	500	500	500	0	0	0	
2.0049772960e+02	316	6	493	7	0	499	0	500	500	500	500	0	0	0	
2.0099900665e+02	317	7	495	5	0	511	0	500	500	500	500	0	0	0	
2.0149998928e+02	321	5	499	1	0	504	0	500	500	500	500	0	0	0	
2.0199728783e+02	321	6	494	6	0	507	0	500	500	500	500	0	0	0	
2.0249110858e+02	324	4	495	5	0	517	0	500	500	500	500	0	0	0	
2.0299810291e+02	324	4	495	5	0	500	0	500	500	500	500	0	0	0	
2.0349839538e+02	325	4	496	4	0	519	0	500	500	500	500	0	0	0	
2.0399993954e+02	327	6	496	4	0	525	0	500	500	500	500	0	0	0	
2.0449853192e+02	326	8	493	7	0	535	0	500	500	500	500	0	0	0	
2.0499977917e+02	327	8	488	12	0	529	0	500	500	500	500	0	0	0	
2.0549893690e+02	327	10	491	9	0	529	0	500	500	500	500	0	0	0	
2.0599845449e+02	328	10	489	11	0	535	0	500	500	500	500	0	0	0	
2.0649949506e+02	329	10	483	17	0	535	0	500	500	500	500	0	0	0	
2.0699800051e+02	329	12	485	15	0	506	0	500	500	500	500	0	0	0	
2.0749787237e+02	329	13	486	14	0	498	0	500	500	500	500	0	0	0	
2.0799871721e+02	330	12	481	19	0	505	0	500	500	500	500	0	0	0	
2.0849977800e+02	330	13	489	11	0	494	0	500	500	500	500	0	0	0	
2.0899699049e+02	330	13	487	13	0	480	0	500	500	500	500	0	0	0	
2.0949502624e+02	331	15	491	9	0	445	0	500	500	500	500	0	0	0	
2.0999666312e+02	329	18	482	18	0	441	0	500	500	500	500	0	0	0	
2.1049873690e+02	328	21	485	15	0	438	0	500	500	500	500	0	0	0	
2.1099938039e+02	328	22	478	22	0	438	0	500	500	500	500	0	0	0	
2.1149922284e+02	330	20	486	14	0	456	0	500	500	500	500	0	0	0	
2.1199943963e+02	334	18	483	17	0	468	0	500	500	500	500	0	0	0	
2.1249988227e+02	338	15	484	16	0	486	0	500	500	500	500	0	0	0	
2.1299906022e+02	339	15	474	26	0	505	0	500	500	500	500	0	0	0	
2.1349427116e+02	344	11	488	12	0	508	0	500	500	500	500	0	0	0	
2.1399967036e+02	343	13	490	10	0	492	0	500	500	500	500	0	0	0	
2.1449920582e+02	347	9	492	8	0	478	0	500	500	500	500	0	0	0	
2.1499642991e+02	346	9	489	11	0	481	0	500	500	500	500	0	0	0	
2.1549991122e+02	346	8	490	10	0	491	0	500	500	500	500	0	0	0	
2.1599959058e+02	347	7	490	10	0	484	0	500	500	500	500	0	0	0	
2.1649965811e+02	350	4	486	14	0	481	0	500	500	500	500	0	0	0	
2.1699736887e+02	350	5	492	8	0	464	0	500	500	500	500	0	0	0	
2.1749914152e+02	352	4	493	7	0	469	0	500	500	500	500	0	0	0	
2.1799616280e+02	352	4	497	3	0	474	0	500	500	500	500	0	0	0	
2.1849988115e+02	353	4	494	6	0	457	0	500	500	500	500	0	0	0	
2.1899728022e+02	354	3	495	5	0	490	0	500	500	500	500	0	0	0	
2.1949636829e+02	354	5	497	3	0	498	0	500	500	500	500	0	0	0	
2.1999792306e+02	355	5	496	4	0	519	0	500	500	500	500	0	0	0	
2.2049964714e+02	355	6	495	5	0	510	0	500	500	500	500	0	0	0	
2.2099940034e+02	357	4	489	11	0	491	0	500	500	500	500	0	0	0	
2.2149863413e+02	356	5	492	8	0	481	0	500	500	500	500	0	0	0	
2.2199464774e+02	357	4	496	4	0	473	0	500	500	500	500	0	0	0	
2.2249919525e+02	358	5	496	4	0	487	0	500	500	500	500	0	0	0	
2.2299898902e+02	357	5	493	7	0	495	0	500	500	500	500	0	0	0	
2.2349955558e+02	358	6	493	7	0	519	0	500	500	500	500	0	0	0	
2.2399767211e+02	358	6	495	5	0	498	0	500	500	500	500	0	0	0	
2.2449863731e+02	358	8	495	5	0	514	0	500	500	500	500	0	0	0	
2.2499603537e+02	356	11	491	9	0	511	0	500	500	500	500	0	0	0	
2.2549892777e+02	358	10	486	14	0	512	0	500	500	500	500	0	0	0	
2.2599989626e+02	361	7	490	10	0	508	0	500	500	500	500	0	0	0	
2.2649859215e+02	360	7	493	7	0	496	0	500	500	500	500	0	0	0	
2.2699918116e+02	361	6	493	7	0	488	0	500	500	500	500	0	0	0	
2.2749997276e+02	362	6	494	6	0	464	0	500	500	500	500	0	0	0	
2.2799977446e+02	361	9	491	9	0	493	0	500	500	500	500	0	0	0	
2.2849985130e+02	363	9	493	7	0	518	0	500	500	500	500	0	0	0	
2.2899935159e+02	365	8	489	11	0	514	0	500	500	500	500	0	0	0	
2.2949907638e+02	364	8	487	13	0	513	0	500	500	500	500	0	0	0	
2.2999664565e+02	364	10	496	4	0	502	0	500	500	500	500	0	0	0	
2.3049696248e+02	368	6	494	6	0	522	0	500	500	500	500	0	0	0	
2.3099455079e+02	369	6	490	10	0	523	0	500	500	500	500	0	0	0	
2.3149896727e+02	366	8	491	9	0	519	0	500	500	500	500	0	0	0	
2.3199902972e+02	365	9	490	10	0	495	0	500	500	500	500	0	0	0	
2.3249731547e+02	363	10	488	12	0	491	0	500	500	500	500	0	0	0	
2.3299852846e+02	363	13	487	13	0	498	0	500	500	500	500	0	0	0	
2.3349947408e+02	364	12	484	16	0	518	0	500	500	500	500	0	0	0	
2.3399998281e+02	364	12	483	17	0	519	0	500	500	500	500	0	0	0	
2.3449706968e+02	368	11	484	16	0	530	0	500	500	500	500	0	0	0	
2.3499898957e+02	371	8	489	11	0	519	0	500	500	500	500	0	0	0	
2.3549660636e+02	372	8	487	13	0	498	0	500	500	500	500	0	0	0	
2.3599803103e+02	375	6	491	9	0	471	0	500	500	500	500	0	0	0	
2.3649921564e+02	374	7	488	12	0	479	0	500	500	500	500	0	0	0	
2.3699850443e+02	375	6	494	6	0	494	0	500	500	500	500	0	0	0	
2.3749974486e+02	377	5	498	2	0	497	0	500	500	500	500	0	0	0	
2.3799990036e+02	375	4	496	4	0	500	0	500	500	500	500	0	0	0	
2.3849972051e+02	375	3	497	3	0	505	0	500	500	500	500	0	0	0	
2.3899988849e+02	375	4	497	3	0	483	0	500	500	500	500	0	0	0	
2.3949856469e+02	376	2	497	3	0	480	0	500	500	500	500	0	0	0	
2.3999871523e+02	376	3	498	2	0	471	0	500	500	500	500	0	0	0	
2.4049684009e+02	377	3	499	1	0	453	0	500	500	500	500	0	0	0	
2.4099693642e+02	377	3	499	1	0	430	0	500	500	500	500	0	0	0	
2.4149645818e+02	377	6	497	3	0	444	0	500	500	500	500	0	0	0	
2.4199512830e+02	378	5	496	4	0	455	0	500	500	500	500	0	0	0	
2.4249882727e+02	379	4	488	12	0	497	0	500	500	500	500	0	0	0	
2.4299796954e+02	379	4	495	5	0	496	0	500	500	500	500	0	0	0	
2.4349700732e+02	379	4	492	8	0	489	0	500	500	500	500	0	0	0	
2.4399810737e+02	378	5	492	8	0	474	0	500	500	500	500	0	0	0	
2.4449962968e+02	378	6	491	9	0	472	0	500	500	500	500	0	0	0	
2.4499706273e+02	379	5	489	11	0	462	0	500	500	500	500	0	0	0	
2.4549710645e+02	378	7	495	5	0	452	0	500	500	500	500	0	0	0	
2.4599949927e+02	381	4	494	6	0	470	0	500	500	500	500	0	0	0	
2.4649424556e+02	381	6	499	1	0	475	0	500	500	500	500	0	0	0	
2.4699516773e+02	382	6	496	4	0	485	0	500	500	500	500	0	0	0	
2.4749778174e+02	382	7	493	7	0	492	0	500	500	500	500	0	0	0	
2.4799925367e+02	385	7	486	14	0	516	0	500	500	500	500	0	0	0	
2.4849936699e+02	385	10	493	7	0	505	0	500	500	500	500	0	0	0	
2.4899860510e+02	383	11	492	8	0	487	0	500	500	500	500	0	0	0	
2.4949913712e+02	385	9	484	16	0	506	0	500	500	500	500	0	0	0	
2.4999699904e+02	387	8	493	7	0	514	0	500	500	500	500	0	0	0	
2.5049741069e+02	390	6	494	6	0	527	0	500	500	500	500	0	0	0	
2.5099667045e+02	390	5	497	3	0	539	0	500	500	500	500	0	0	0	
2.5149875692e+02	389	5	497	3	0	517	0	500	500	500	500	0	0	0	
2.5199644369e+02	386	8	496	4	0	505	0	500	500	500	500	0	0	0	
2.5249991270e+02	389	5	496	4	0	513	0	500	500	500	500	0	0	0	
2.5299891370e+02	391	5	492	8	0	532	0	500	500	500	500	0	0	0	
2.5349283949e+02	392	4	496	4	0	524	0	500	500	500	500	0	0	0	
2.5399844370e+02	388	10	491	9	0	511	0	500	500	500	500	0	0	0	
2.5449893687e+02	390	8	491	9	0	507	0	500	500	500	500	0	0	0	
2.5499793197e+02	389	8	493	7	0	510	0	500	500	500	500	0	0	0	
2.5549611258e+02	388	9	492	8	0	489	0	500	500	500	500	0	0	0	
2.5599906475e+02	391	8	495	5	0	481	0	500	500	500	500	0	0	0	
2.5649706370e+02	393	5	492	8	0	477	0	500	500	500	500	0	0	0	
2.5699982841e+02	393	5	489	11	0	489	0	500	500	500	500	0	0	0	
2.5749635376e+02	393	5	486	14	0	486	0	500	500	500	500	0	0	0	
2.5799794936e+02	393	9	492	8	0	485	0	500	500	500	500	0	0	0	
2.5849959563e+02	395	7	485	15	0	495	0	500	500	500	500	0	0	0	
2.5899959260e+02	395	8	492	8	0	493	0	500	500	500	500	0	0	0	
2.5949909300e+02	399	7	491	9	0	517	0	500	500	500	500	0	0	0	
2.5999930197e+02	400	8	489	11	0	512	0	500	500	500	500	0	0	0	
2.6049728559e+02	401	7	494	6	0	490	0	500	500	500	500	0	0	0	
2.6099985577e+02	402	6	499	1	0	463	0	500	500	500	500	0	0	0	
2.6149900895e+02	404	6	494	6	0	481	0	500	500	500	500	0	0	0	
2.6199867415e+02	403	7	492	8	0	485	0	500	500	500	500	0	0	0	
2.6249862773e+02	403	10	488	12	0	498	0	500	500	500	500	0	0	0	
2.6299884526e+02	405	9	487	13	0	492	0	500	500	500	500	0	0	0	
2.6349982292e+02	405	11	492	8	0	487	0	500	500	500	500	0	0	0	
2.6399998838e+02	404	13	490	10	0	489	0	500	500	500	500	0	0	0	
2.6449908867e+02	402	17	484	16	0	494	0	500	500	500	500	0	0	0	
2.6499916899e+02	404	15	489	11	0	483	0	500	500	500	500	0	0	0	
2.6549977548e+02	402	17	491	9	0	496	0	500	500	500	500	0	0	0	
2.6599513272e+02	406	14	489	11	0	492	0	500	500	500	500	0	0	0	
2.6649810099e+02	409	13	490	10	0	481	0	500	500	500	500	0	0	0	
2.6699749103e+02	409	13	490	10	0	475	0	500	500	500	500	0	0	0	
2.6749947463e+02	409	15	485	15	0	490	0	500	500	500	500	0	0	0	
2.6799990409e+02	413	11	484	16	0	488	0	500	500	500	500	0	0	0	
2.6849823489e+02	414	9	483	17	0	502	0	500	500	500	500	0	0	0	
2.6899924329e+02	413	10	487	13	0	493	0	500	500	500	500	0	0	0	
2.6949942157e+02	417	6	491	9	0	505	0	500	500	500	500	0	0	0	
2.6999920348e+02	413	11	484	16	0	502	0	500	500	500	500	0	0	0	
2.7049370959e+02	414	11	493	7	0	507	0	500	500	500	500	0	0	0	
2.7099837145e+02	414	9	490	10	0	528	0	500	500	500	500	0	0	0	
2.7149718320e+02	414	11	490	10	0	506	0	500	500	500	500	0	0	0	
2.7199701481e+02	415	13	488	12	0	528	0	500	500	500	500	0	0	0	
2.7249993399e+02	414	16	483	17	0	514	0	500	500	500	500	0	0	0	
2.7299778639e+02	414	17	479	21	0	505	0	500	500	500	500	0	0	0	
2.7349872911e+02	414	18	477	23	0	475	0	500	500	500	500	0	0	0	
2.7399929856e+02	417	15	479	21	0	483	0	500	500	500	500	0	0	0	
2.7449990541e+02	417	16	477	23	0	484	0	500	500	500	500	0	0	0	
2.7499959085e+02	419	14	479	21	0	483	0	500	500	500	500	0	0	0	
2.7549748520e+02	421	12	490	10	0	474	0	500	500	500	500	0	0	0	
2.7599780144e+02	423	14	482	18	0	464	0	500	500	500	500	0	0	0	
2.7649747706e+02	424	16	482	18	0	452	0	500	500	500	500	0	0	0	
2.7699864320e+02	424	15	491	9	0	446	0	500	500	500	500	0	0	0	
2.7749990505e+02	422	17	493	7	0	441	0	500	500	500	500	0	0	0	
2.7799882740e+02	423	17	481	19	0	441	0	500	500	500	500	0	0	0	
2.7849970528e+02	423	18	488	12	0	449	0	500	500	500	500	0	0	0	
2.7899568988e+02	424	18	484	16	0	459	0	500	500	500	500	0	0	0	
2.7949848567e+02	422	20	479	21	0	469	0	500	500	500	500	0	0	0	
2.7999952595e+02	418	24	482	18	0	467	0	500	500	500	500	0	0	0	
2.8049798944e+02	421	22	482	18	0	492	0	500	500	500	500	0	0	0	
2.8099813856e+02	424	21	474	26	0	497	0	500	500	500	500	0	0	0	
2.8149962675e+02	425	21	479	21	0	502	0	500	500	500	500	0	0	0	
2.8199675312e+02	427	19	478	22	0	504	0	500	500	500	500	0	0	0	
2.8249975396e+02	425	19	474	26	0	512	0	500	500	500	500	0	0	0	
2.8299876235e+02	429	16	487	13	0	489	0	500	500	500	500	0	0	0	
2.8349687948e+02	432	14	481	19	0	492	0	500	500	500	500	0	0	0	
2.8399916592e+02	433	12	477	23	0	473	0	500	500	500	500	0	0	0	
2.8449996392e+02	432	13	484	16	0	488	0	500	500	500	500	0	0	0	
2.8499673952e+02	433	12	494	6	0	491	0	500	500	500	500	0	0	0	
2.8549551574e+02	433	12	486	14	0	469	0	500	500	500	500	0	0	0	
2.8599884111e+02	432	13	487	13	0	469	0	500	500	500	500	0	0	0	
2.8649842292e+02	430	15	483	17	0	460	0	500	500	500	500	0	0	0	
2.8699895513e+02	430	16	477	23	0	474	0	500	500	500	500	0	0	0	
2.8749512709e+02	429	19	482	18	0	471	0	500	500	500	500	0	0	0	
2.8799866135e+02	425	23	478	22	0	471	0	500	500	500	500	0	0	0	
2.8849852699e+02	425	24	481	19	0	485	0	500	500	500	500	0	0	0	
2.8899899027e+02	427	23	468	32	0	501	0	500	500	500	500	0	0	0	
2.8949474929e+02	433	19	465	35	0	497	0	500	500	500	500	0	0	0	
2.8999919410e+02	434	22	479	21	0	504	0	500	500	500	500	0	0	0	
2.9049979621e+02	437	20	475	25	0	536	0	500	500	500	500	0	0	0	
2.9099962349e+02	442	15	478	22	0	527	0	500	500	500	500	0	0	0	
2.9149873033e+02	439	18	484	16	0	503	0	500	500	500	500	0	0	0	
2.9199996097e+02	438	19	478	22	0	510	0	500	500	500	500	0	0	0	
2.9249969012e+02	440	17	476	24	0	506	0	500	500	500	500	0	0	0	
2.9299571404e+02	439	17	483	17	0	476	0	500	500	500	500	0	0	0	
2.9349955473e+02	445	12	486	14	0	480	0	500	500	500	500	0	0	0	
2.9399906994e+02	444	13	479	21	0	488	0	500	500	500	500	0	0	0	
2.9449856310e+02	446	11	485	15	0	477	0	500	500	500	500	0	0	0	
2.9499831062e+02	448	8	487	13	0	469	0	500	500	500	500	0	0	0	
2.9549910720e+02	448	10	494	6	0	481	0	500	500	500	500	0	0	0	
2.9599794216e+02	450	9	494	6	0	488	0	500	500	500	500	0	0	0	
2.9649962682e+02	448	11	490	10	0	476	0	500	500	500	500	0	0	0	
2.9699890339e+02	446	11	492	8	0	469	0	500	500	500	500	0	0	0	
2.9749973121e+02	448	10	490	10	0	498	0	500	500	500	500	0	0	0	
2.9799314704e+02	448	10	485	15	0	497	0	500	500	500	500	0	0	0	
2.9849931436e+02	450	11	485	15	0	481	0	500	500	500	500	0	0	0	
2.9899741733e+02	450	11	488	12	0	499	0	500	500	500	500	0	0	0	
2.9949960494e+02	448	13	483	17	0	483	0	500	500	500	500	0	0	0	
2.9999914162e+02	449	10	490	10	0	489	0	500	500	500	500	0	0	0	
3.0049306544e+02	448	10	493	7	0	480	0	500	500	500	500	0	0	0	
3.0099996290e+02	448	10	495	5	0	500	0	500	500	500	500	0	0	0	
3.0149980589e+02	449	10	492	8	0	499	0	500	500	500	500	0	0	0	
3.0199973024e+02	449	10	488	12	0	482	0	500	500	500	500	0	0	0	
3.0249837209e+02	450	11	491	9	0	484	0	500	500	500	500	0	0	0	
3.0299972576e+02	448	14	489	11	0	503	0	500	500	500	500	0	0	0	
3.0349958346e+02	448	15	491	9	0	497	0	500	500	500	500	0	0	0	
3.0399841811e+02	448	15	485	15	0	501	0	500	500	500	500	0	0	0	
3.0449937090e+02	450	13	483	17	0	502	0	500	500	500	500	0	0	0	
3.0499841786e+02	450	13	491	9	0	491	0	500	500	500	500	0	0	0	
3.0549996696e+02	452	11	485	15	0	487	0	500	500	500	500	0	0	0	
3.0599843870e+02	454	9	491	9	0	489	0	500	500	500	500	0	0	0	
3.0649940898e+02	455	8	492	8	0	504	0	500	500	500	500	0	0	0	
3.0699994633e+02	455	9	490	10	0	506	0	500	500	500	500	0	0	0	
3.0749980115e+02	454	10	489	11	0	506	0	500	500	500	500	0	0	0	
3.0799820315e+02	453	13	488	12	0	494	0	500	500	500	500	0	0	0	
3.0849440986e+02	451	15	480	20	0	493	0	500	500	500	500	0	0	0	
3.0899926170e+02	452	15	482	18	0	516	0	500	500	500	500	0	0	0	
3.0949745742e+02	454	14	480	20	0	519	0	500	500	500	500	0	0	0	
3.0999927636e+02	457	12	482	18	0	535	0	500	500	500	500	0	0	0	
3.1049880388e+02	458	11	488	12	0	544	0	500	500	500	500	0	0	0	
3.1099841967e+02	460	9	483	17	0	545	0	500	500	500	500	0	0	0	
3.1149979862e+02	461	9	489	11	0	545	0	500	500	500	500	0	0	0	
3.1199919310e+02	461	12	487	13	0	532	0	500	500	500	500	0	0	0	
3.1249987995e+02	463	10	489	11	0	522	0	500	500	500	500	0	0	0	
3.1299843258e+02	464	10	485	15	0	529	0	500	500	500	500	0	0	0	
3.1349923829e+02	462	11	493	7	0	533	0	500	500	500	500	0	0	0	
3.1399436245e+02	461	14	490	10	0	528	0	500	500	500	500	0	0	0	
3.1449944147e+02	457	20	480	20	0	526	0	500	500	500	500	0	0	0	
3.1499669669e+02	457	19	479	21	0	531	0	500	500	500	500	0	0	0	
3.1549922973e+02	458	17	470	30	0	522	0	500	500	500	500	0	0	0	
3.1599968915e+02	461	16	477	23	0	499	0	500	500	500	500	0	0	0	
3.1649851673e+02	461	17	485	15	0	478	0	500	500	500	500	0	0	0	
3.1699809475e+02	464	15	490	10	0	488	0	500	500	500	500	0	0	0	
3.1749864260e+02	467	12	490	10	0	456	0	500	500	500	500	0	0	0	
3.1799770080e+02	468	11	489	11	0	476	0	500	500	500	500	0	0	0	
3.1849837723e+02	468	11	484	16	0	482	0	500	500	500	500	0	0	0	
3.1899954950e+02	468	9	490	10	0	501	0	500	500	500	500	0	0	0	
3.1949973030e+02	468	9	490	10	0	505	0	500	500	500	500	0	0	0	
3.1999899123e+02	469	7	490	10	0	496	0	500	500	500	500	0	0	0	
3.2049840239e+02	472	5	496	4	0	494	0	500	500	500	500	0	0	0	
3.2099904829e+02	472	6	493	7	0	497	0	500	500	500	500	0	0	0	
3.2149994390e+02	473	4	492	8	0	469	0	500	500	500	500	0	0	0	
3.2199972308e+02	472	6	487	13	0	489	0	500	500	500	500	0	0	0	
3.2249796583e+02	471	9	487	13	0	490	0	500	500	500	500	0	0	0	
3.2299952309e+02	471	9	487	13	0	509	0	500	500	500	500	0	0	0	
3.2349980953e+02	469	9	487	13	0	492	0	500	500	500	500	0	0	0	
3.2399630068e+02	472	7	495	5	0	498	0	500	500	500	500	0	0	0	
3.2449843755e+02	473	6	494	6	0	496	0	500	500	500	500	0	0	0	
3.2499926296e+02	474	9	489	11	0	489	0	500	500	500	500	0	0	0	
3.2549999462e+02	476	8	489	11	0	497	0	500	500	500	500	0	0	0	
3.2599118526e+02	476	6	494	6	0	488	0	500	500	500	500	0	0	0	
3.2649912132e+02	473	7	495	5	0	494	0	500	500	500	500	0	0	0	
3.2699745151e+02	472	7	499	1	0	497	0	500	500	500	500	0	0	0	
3.2749707264e+02	473	8	496	4	0	503	0	500	500	500	500	0	0	0	
3.2799868218e+02	471	11	482	18	0	495	0	500	500	500	500	0	0	0	
3.2849783719e+02	471	11	479	21	0	475	0	500	500	500	500	0	0	0	
3.2899838496e+02	470	12	486	14	0	491	0	500	500	500	500	0	0	0	
3.2949889889e+02	471	15	486	14	0	492	0	500	500	500	500	0	0	0	
3.2999981273e+02	471	16	491	9	0	484	0	500	500	500	500	0	0	0	
3.3049625645e+02	473	15	488	12	0	480	0	500	500	500	500	0	0	0	
3.3099993365e+02	477	11	493	7	0	478	0	500	500	500	500	0	0	0	
3.3149802161e+02	481	6	489	11	0	504	0	500	500	500	500	0	0	0	
3.3199893081e+02	482	6	494	6	0	512	0	500	500	500	500	0	0	0	
3.3249782878e+02	481	8	493	7	0	499	0	500	500	500	500	0	0	0	
3.3299685894e+02	484	5	493	7	0	496	0	500	500	500	500	0	0	0	
3.3349973567e+02	485	5	496	4	0	497	0	500	500	500	500	0	0	0	
3.3399836280e+02	484	6	496	4	0	473	0	500	500	500	500	0	0	0	
3.3449784828e+02	483	6	494	6	0	501	0	500	500	500	500	0	0	0	
3.3499376904e+02	481	7	491	9	0	515	0	500	500	500	500	0	0	0	
3.3549967625e+02	482	5	494	6	0	533	0	500	500	500	500	0	0	0	
3.3599939717e+02	483	5	495	5	0	558	0	500	500	500	500	0	0	0	
3.3649617557e+02	485	3	497	3	0	566	0	500	500	500	500	0	0	0	
3.3699785747e+02	485	3	497	3	0	528	0	500	500	500	500	0	0	0	
3.3749984433e+02	484	5	496	4	0	513	0	500	500	500	500	0	0	0	
3.3799938921e+02	484	6	493	7	0	503	0	500	500	500	500	0	0	0	
3.3849359279e+02	484	6	490	10	0	489	0	500	500	500	500	0	0	0	
3.3899999932e+02	483	8	489	11	0	497	0	500	500	500	500	0	0	0	
3.3949932409e+02	483	10	490	10	0	510	0	500	500	500	500	0	0	0	
3.3999678132e+02	485	11	486	14	0	485	0	500	500	500	500	0	0	0	
3.4049775131e+02	487	8	487	13	0	479	0	500	500	500	500	0	0	0	
3.4099944343e+02	487	9	494	6	0	493	0	500	500	500	500	0	0	0	
3.4149609172e+02	488	9	487	13	0	485	0	500	500	500	500	0	0	0	
3.4199735909e+02	486	13	489	11	0	462	0	500	500	500	500	0	0	0	
3.4249821259e+02	486	16	489	11	0	497	0	500	500	500	500	0	0	0	
3.4299598019e+02	489	14	482	18	0	482	0	500	500	500	500	0	0	0	
3.4349873595e+02	491	13	491	9	0	518	0	500	500	500	500	0	0	0	
3.4399867865e+02	490	15	487	13	0	505	0	500	500	500	500	0	0	0	
3.4449911335e+02	492	15	487	13	0	470	0	500	500	500	500	0	0	0	
3.4499684193e+02	490	15	483	17	0	470	0	500	500	500	500	0	0	0	
3.4549630352e+02	491	14	487	13	0	472	0	500	500	500	500	0	0	0	
3.4599812199e+02	493	12	485	15	0	485	0	500	500	500	500	0	0	0	
3.4649986731e+02	492	14	486	14	0	485	0	500	500	500	500	0	0	0	
3.4699713566e+02	496	10	487	13	0	476	0	500	500	500	500	0	0	0	
3.4749719532e+02	496	10	487	13	0	450	0	500	500	500	500	0	0	0	
3.4799953386e+02	498	8	493	7	0	441	0	500	500	500	500	0	0	0	
3.4849959446e+02	499	8	495	5	0	429	0	500	500	500	500	0	0	0	
3.4899816292e+02	499	6	494	6	0	429	0	500	500	500	500	0	0	0	
3.4949745698e+02	498	10	491	9	0	436	0	500	500	500	500	0	0	0	
3.4999851531e+02	500	9	489	11	0	446	0	500	500	500	500	0	0	0	
3.5049962758e+02	498	12	484	16	0	486	0	500	500	500	500	0	0	0	
3.5099765091e+02	498	12	480	20	0	511	0	500	500	500	500	0	0	0	
3.5149825145e+02	500	12	485	15	0	493	0	500	500	500	500	0	0	0	
3.5199824878e+02	501	12	489	11	0	503	0	500	500	500	500	0	0	0	
3.5249688346e+02	500	13	488	12	0	532	0	500	500	500	500	0	0	0	
3.5299846493e+02	502	11	479	21	0	532	0	500	500	500	500	0	0	0	
3.5349989179e+02	500	13	491	9	0	509	0	500	500	500	500	0	0	0	
3.5399985372e+02	504	11	490	10	0	504	0	500	500	500	500	0	0	0	
3.5449987372e+02	507	9	492	8	0	524	0	500	500	500	500	0	0	0	
3.5499763869e+02	504	11	490	10	0	509	0	500	500	500	500	0	0	0	
3.5549973576e+02	503	13	488	12	0	490	0	500	500	500	500	0	0	0	
3.5599707165e+02	506	10	492	8	0	502	0	500	500	500	500	0	0	0	
3.5649912732e+02	506	10	485	15	0	499	0	500	500	500	500	0	0	0	
3.5699763348e+02	505	12	490	10	0	514	0	500	500	500	500	0	0	0	
3.5749926659e+02	507	11	492	8	0	526	0	500	500	500	500	0	0	0	
3.5799728551e+02	504	13	482	18	0	541	0	500	500	500	500	0	0	0	
3.5849805785e+02	504	12	487	13	0	527	0	500	500	500	500	0	0	0	
3.5899838282e+02	505	12	494	6	0	519	0	500	500	500	500	0	0	0	
3.5949877318e+02	505	12	492	8	0	526	0	500	500	500	500	0	0	0	
3.5999199115e+02	507	11	490	10	0	507	0	500	500	500	500	0	0	0	
3.6049959832e+02	504	14	487	13	0	497	0	500	500	500	500	0	0	0	
3.6099576637e+02	506	13	479	21	0	503	0	500	500	500	500	0	0	0	
3.6149847956e+02	508	10	484	16	0	498	0	500	500	500	500	0	0	0	
3.6199971308e+02	508	11	479	21	0	488	0	500	500	500	500	0	0	0	
3.6249803635e+02	513	6	484	16	0	506	0	500	500	500	500	0	0	0	
3.6299935731e+02	511	7	484	16	0	501	0	500	500	500	500	0	0	0	
3.6349840533e+02	512	7	486	14	0	518	0	500	500	500	500	0	0	0	
3.6399977917e+02	514	8	481	19	0	538	0	500	500	500	500	0	0	0	
3.6449705992e+02	517	6	488	12	0	548	0	500	500	500	500	0	0	0	
3.6499752681e+02	518	4	490	10	0	552	0	500	500	500	500	0	0	0	
3.6549820198e+02	518	5	489	11	0	519	0	500	500	500	500	0	0	0	
3.6599980106e+02	517	6	490	10	0	521	0	500	500	500	500	0	0	0	
3.6649097515e+02	517	8	490	10	0	512	0	500	500	500	500	0	0	0	
3.6699985836e+02	512	11	490	10	0	520	0	500	500	500	500	0	0	0	
3.6749976158e+02	513	10	493	7	0	517	0	500	500	500	500	0	0	0	
3.6799919606e+02	510	14	488	12	0	506	0	500	500	500	500	0	0	0	
3.6849940170e+02	504	21	481	19	0	498	0	500	500	500	500	0	0	0	
3.6899997769e+02	508	17	475	25	0	493	0	500	500	500	500	0	0	0	
3.6949846592e+02	508	16	475	25	0	492	0	500	500	500	500	0	0	0	
3.6999936760e+02	507	17	482	18	0	492	0	500	500	500	500	0	0	0	
3.7049961377e+02	508	18	479	21	0	495	0	500	500	500	500	0	0	0	
3.7099987452e+02	512	16	484	16	0	498	0	500	500	500	500	0	0	0	
3.7149532266e+02	512	14	483	17	0	482	0	500	500	500	500	0	0	0	
3.7199925842e+02	514	11	483	17	0	492	0	500	500	500	500	0	0	0	
3.7249721711e+02	514	10	483	17	0	489	0	500	500	500	500	0	0	0	
3.7299953757e+02	515	8	490	10	0	491	0	500	500	500	500	0	0	0	
3.7349919953e+02	517	8	492	8	0	484	0	500	500	500	500	0	0	0	
3.7399995910e+02	518	5	497	3	0	487	0	500	500	500	500	0	0	0	
3.7449956129e+02	518	5	495	5	0	470	0	500	500	500	500	0	0	0	
3.7499496056e+02	517	6	492	8	0	466	0	500	500	500	500	0	0	0	
3.7549502205e+02	519	4	492	8	0	461	0	500	500	500	500	0	0	0	
3.7599922857e+02	520	3	497	3	0	449	0	500	500	500	500	0	0	0	
3.7649809015e+02	521	3	497	3	0	443	0	500	500	500	500	0	0	0	
3.7699898363e+02	519	4	494	6	0	477	0	500	500	500	500	0	0	0	
3.7749720494e+02	517	9	492	8	0	470	0	500	500	500	500	0	0	0	
3.7799961030e+02	519	7	494	6	0	491	0	500	500	500	500	0	0	0	
3.7849787585e+02	518	9	492	8	0	501	0	500	500	500	500	0	0	0	
3.7899963162e+02	519	10	495	5	0	517	0	500	500	500	500	0	0	0	
3.7949808775e+02	520	10	492	8	0	510	0	500	500	500	500	0	0	0	
3.7999956893e+02	519	11	486	14	0	511	0	500	500	500	500	0	0	0	
3.8049546375e+02	521	10	491	9	0	498	0	500	500	500	500	0	0	0	
3.8099957388e+02	523	9	489	11	0	491	0	500	500	500	500	0	0	0	
3.8149916286e+02	522	10	491	9	0	487	0	500	500	500	500	0	0	0	
3.8199962603e+02	522	11	483	17	0	473	0	500	500	500	500	0	0	0	
3.8249817817e+02	520	15	484	16	0	470	0	500	500	500	500	0	0	0	
3.8299966452e+02	521	16	478	22	0	477	0	500	500	500	500	0	0	0	
3.8349989314e+02	521	15	479	21	0	486	0	500	500	500	500	0	0	0	
3.8399678852e+02	525	11	485	15	0	478	0	500	500	500	500	0	0	0	
3.8449884433e+02	527	8	486	14	0	490	0	500	500	500	500	0	0	0	
3.8499968511e+02	529	6	486	14	0	502	0	500	500	500	500	0	0	0	
3.8549735906e+02	526	10	485	15	0	510	0	500	500	500	500	0	0	0	
3.8599869060e+02	528	8	491	9	0	516	0	500	500	500	500	0	0	0	
3.8649358243e+02	524	11	491	9	0	534	0	500	500	500	500	0	0	0	
3.8699866633e+02	526	11	491	9	0	532	0	500	500	500	500	0	0	0	
3.8749957622e+02	529	8	495	5	0	537	0	500	500	500	500	0	0	0	
3.8799971444e+02	529	7	490	10	0	501	0	500	500	500	500	0	0	0	
3.8849525267e+02	532	4	495	5	0	519	0	500	500	500	500	0	0	0	
3.8899955892e+02	530	7	498	2	0	485	0	500	500	500	500	0	0	0	
3.8949773642e+02	529	9	492	8	0	469	0	500	500	500	500	0	0	0	
3.8999771697e+02	532	8	488	12	0	465	0	500	500	500	500	0	0	0	
3.9049975348e+02	531	9	494	6	0	486	0	500	500	500	500	0	0	0	
3.9099487708e+02	530	13	482	18	0	484	0	500	500	500	500	0	0	0	
3.9149834874e+02	525	19	486	14	0	494	0	500	500	500	500	0	0	0	
3.9199833443e+02	523	19	485	15	0	476	0	500	500	500	500	0	0	0	
3.9249784028e+02	524	18	484	16	0	453	0	500	500	500	500	0	0	0	
3.9299976971e+02	526	13	485	15	0	453	0	500	500	500	500	0	0	0	
3.9349561674e+02	528	11	489	11	0	455	0	500	500	500	500	0	0	0	
3.9399725045e+02	530	11	490	10	0	479	0	500	500	500	500	0	0	0	
3.9449842874e+02	530	11	489	11	0	473	0	500	500	500	500	0	0	0	
3.9499774133e+02	530	11	492	8	0	476	0	500	500	500	500	0	0	0	
3.9549683070e+02	526	17	485	15	0	460	0	500	500	500	500	0	0	0	
3.9599980390e+02	527	17	481	19	0	466	0	500	500	500	500	0	0	0	
3.9649620603e+02	527	19	479	21	0	470	0	500	500	500	500	0	0	0	
3.9699845883e+02	526	21	482	18	0	469	0	500	500	500	500	0	0	0	
3.9749941558e+02	526	23	478	22	0	478	0	500	500	500	500	0	0	0	
3.9799986870e+02	528	22	479	21	0	460	0	500	500	500	500	0	0	0	
3.9849731857e+02	531	18	487	13	0	443	0	500	500	500	500	0	0	0	
3.9899960908e+02	532	19	486	14	0	466	0	500	500	500	500	0	0	0	
3.9949954914e+02	537	14	493	7	0	467	0	500	500	500	500	0	0	0	
3.9999631407e+02	538	14	492	8	0	489	0	500	500	500	500	0	0	0	
4.0049920235e+02	539	13	488	12	0	489	0	500	500	500	500	0	0	0	
4.0099843440e+02	541	9	488	12	0	484	0	500	500	500	500	0	0	0	
4.0149698382e+02	543	7	488	12	0	475	0	500	500	500	500	0	0	0	
4.0199927878e+02	541	11	493	7	0	465	0	500	500	500	500	0	0	0	
4.0249989773e+02	543	11	491	9	0	468	0	500	500	500	500	0	0	0	
4.0299866376e+02	543	11	487	13	0	477	0	500	500	500	500	0	0	0	
4.0349847805e+02	539	16	483	17	0	484	0	500	500	500	500	0	0	0	
4.0399800353e+02	540	16	479	21	0	495	0	500	500	500	500	0	0	0	
4.0449878030e+02	539	17	484	16	0	504	0	500	500	500	500	0	0	0	
4.0499755052e+02	541	14	487	13	0	504	0	500	500	500	500	0	0	0	
4.0549966703e+02	544	13	482	18	0	516	0	500	500	500	500	0	0	0	
4.0599882295e+02	545	11	489	11	0	501	0	500	500	500	500	0	0	0	
4.0649962765e+02	546	10	488	12	0	497	0	500	500	500	500	0	0	0	
4.0699902288e+02	548	9	492	8	0	501	0	500	500	500	500	0	0	0	
4.0749923111e+02	547	11	486	14	0	493	0	500	500	500	500	0	0	0	
4.0799769525e+02	549	9	493	7	0	485	0	500	500	500	500	0	0	0	
4.0849583680e+02	550	8	491	9	0	479	0	500	500	500	500	0	0	0	
4.0899883230e+02	551	7	489	11	0	496	0	500	500	500	500	0	0	0	
4.0949761121e+02	550	7	493	7	0	493	0	500	500	500	500	0	0	0	
4.0999901726e+02	550	7	488	12	0	484	0	500	500	500	500	0	0	0	
4.1049828777e+02	547	9	488	12	0	471	0	500	500	500	500	0	0	0	
4.1099928040e+02	547	8	490	10	0	484	0	500	500	500	500	0	0	0	
4.1149977555e+02	550	5	492	8	0	486	0	500	500	500	500	0	0	0	
4.1199929232e+02	549	5	495	5	0	479	0	500	500	500	500	0	0	0	
4.1249707864e+02	548	5	493	7	0	481	0	500	500	500	500	0	0	0	
4.1299846555e+02	550	3	489	11	0	484	0	500	500	500	500	0	0	0	
4.1349918498e+02	548	5	490	10	0	480	0	500	500	500	500	0	0	0	
4.1399672595e+02	548	6	492	8	0	485	0	500	500	500	500	0	0	0	
4.1449925297e+02	548	6	494	6	0	487	0	500	500	500	500	0	0	0	
4.1499824824e+02	547	8	496	4	0	506	0	500	500	500	500	0	0	0	
4.1549987798e+02	546	11	490	10	0	465	0	500	500	500	500	0	0	0	
4.1599809203e+02	547	9	494	6	0	506	0	500	500	500	500	0	0	0	
4.1649945157e+02	549	7	489	11	0	498	0	500	500	500	500	0	0	0	
4.1699989555e+02	547	8	491	9	0	501	0	500	500	500	500	0	0	0	
4.1749851727e+02	552	3	490	10	0	491	0	500	500	500	500	0	0	0	
4.1799799225e+02	552	3	493	7	0	524	0	500	500	500	500	0	0	0	
4.1849891979e+02	550	5	492	8	0	511	0	500	500	500	500	0	0	0	
4.1899780574e+02	550	4	492	8	0	492	0	500	500	500	500	0	0	0	
4.1949943085e+02	550	4	492	8	0	490	0	500	500	500	500	0	0	0	
4.1999928577e+02	550	5	493	7	0	497	0	500	500	500	500	0	0	0	
4.2049805304e+02	551	5	491	9	0	501	0	500	500	500	500	0	0	0	
4.2099987048e+02	552	5	491	9	0	478	0	500	500	500	500	0	0	0	
4.2149968571e+02	552	6	494	6	0	490	0	500	500	500	500	0	0	0	
4.2199604034e+02	554	6	498	2	0	519	0	500	500	500	500	0	0	0	
4.2249941467e+02	554	6	492	8	0	501	0	500	500	500	500	0	0	0	
4.2299774524e+02	555	6	492	8	0	494	0	500	500	500	500	0	0	0	
4.2349861777e+02	556	8	484	16	0	502	0	500	500	500	500	0	0	0	
4.2399930938e+02	557	7	490	10	0	486	0	500	500	500	500	0	0	0	
4.2449869641e+02	557	6	490	10	0	486	0	500	500	500	500	0	0	0	
4.2499722724e+02	558	6	491	9	0	499	0	500	500	500	500	0	0	0	
4.2549947963e+02	559	8	495	5	0	486	0	500	500	500	500	0	0	0	
4.2599814983e+02	561	7	495	5	0	467	0	500	500	500	500	0	0	0	
4.2649443165e+02	561	6	489	11	0	469	0	500	500	500	500	0	0	0	
4.2699881898e+02	561	7	488	12	0	473	0	500	500	500	500	0	0	0	
4.2749995457e+02	558	9	492	8	0	469	0	500	500	500	500	0	0	0	
4.2799828666e+02	556	10	496	4	0	508	0	500	500	500	500	0	0	0	
4.2849846321e+02	558	10	492	8	0	531	0	500	500	500	500	0	0	0	
4.2899777351e+02	560	9	490	10	0	510	0	500	500	500	500	0	0	0	
4.2949983609e+02	559	11	487	13	0	494	0	500	500	500	500	0	0	0	
4.2999759671e+02	558	13	487	13	0	517	0	500	500	500	500	0	0	0	
4.3049840104e+02	557	15	481	19	0	537	0	500	500	500	500	0	0	0	
4.3099985112e+02	554	19	478	22	0	534	0	500	500	500	500	0	0	0	
4.3149804268e+02	554	20	473	27	0	500	0	500	500	500	500	0	0	0	
4.3199265664e+02	552	21	466	34	0	481	0	500	500	500	500	0	0	0	
4.3249955130e+02	545	27	471	29	0	484	0	500	500	500	500	0	0	0	
4.3299753503e+02	547	26	470	30	0	491	0	500	500	500	500	0	0	0	
4.3349989720e+02	556	19	469	31	0	480	0	500	500	500	500	0	0	0	
4.3399975557e+02	551	25	467	33	0	497	0	500	500	500	500	0	0	0	
4.3449881753e+02	551	27	475	25	0	488	0	500	500	500	500	0	0	0	
4.3499744033e+02	557	21	478	22	0	502	0	500	500	500	500	0	0	0	
4.3549862762e+02	552	24	469	31	0	519	0	500	500	500	500	0	0	0	
4.3599669012e+02	557	21	470	30	0	509	0	500	500	500	500	0	0	0	
4.3649642171e+02	561	18	475	25	0	515	0	500	500	500	500	0	0	0	
4.3699933728e+02	558	20	487	13	0	485	0	500	500	500	500	0	0	0	
4.3749722815e+02	557	22	480	20	0	480	0	500	500	500	500	0	0	0	
4.3799744885e+02	557	22	472	28	0	452	0	500	500	500	500	0	0	0	
4.3849978869e+02	554	25	478	22	0	472	0	500	500	500	500	0	0	0	
4.3899939266e+02	555	24	477	23	0	466	0	500	500	500	500	0	0	0	
4.3949759098e+02	557	22	474	26	0	470	0	500	500	500	500	0	0	0	
4.3999840856e+02	558	22	478	22	0	461	0	500	500	500	500	0	0	0	
4.4049982323e+02	558	23	469	31	0	457	0	500	500	500	500	0	0	0	
4.4099984274e+02	555	25	468	32	0	470	0	500	500	500	500	0	0	0	
4.4149897026e+02	557	22	477	23	0	475	0	500	500	500	500	0	0	0	
4.4199997445e+02	561	20	466	34	0	476	0	500	500	500	500	0	0	0	
4.4249914328e+02	559	22	472	28	0	489	0	500	500	500	500	0	0	0	
4.4299953757e+02	562	19	470	30	0	487	0	500	500	500	500	0	0	0	
4.4349927590e+02	564	17	471	29	0	500	0	500	500	500	500	0	0	0	
4.4399929157e+02	566	16	475	25	0	492	0	500	500	500	500	0	0	0	
4.4449893845e+02	566	18	474	26	0	496	0	500	500	500	500	0	0	0	
4.4499682787e+02	566	19	477	23	0	472	0	500	500	500	500	0	0	0	
4.4549944710e+02	564	21	482	18	0	499	0	500	500	500	500	0	0	0	
4.4599890591e+02	560	25	476	24	0	510	0	500	500	500	500	0	0	0	
4.4649914827e+02	568	17	474	26	0	519	0	500	500	500	500	0	0	0	
4.4699915535e+02	570	14	474	26	0	520	0	500	500	500	500	0	0	0	
4.4749852158e+02	571	13	479	21	0	519	0	500	500	500	500	0	0	0	
4.4799932467e+02	572	13	495	5	0	528	0	500	500	500	500	0	0	0	
4.4849890297e+02	576	10	484	16	0	506	0	500	500	500	500	0	0	0	
4.4899973351e+02	577	9	496	4	0	511	0	500	500	500	500	0	0	0	
4.4949951407e+02	575	10	489	11	0	473	0	500	500	500	500	0	0	0	
4.4999923366e+02	575	10	487	13	0	493	0	500	500	500	500	0	0	0	
4.5049982528e+02	576	10	486	14	0	504	0	500	500	500	500	0	0	0	
4.5099869991e+02	572	13	493	7	0	486	0	500	500	500	500	0	0	0	
4.5149683138e+02	572	14	480	20	0	490	0	500	500	500	500	0	0	0	
4.5199936971e+02	575	12	482	18	0	503	0	500	500	500	500	0	0	0	
4.5249508230e+02	576	13	486	14	0	519	0	500	500	500	500	0	0	0	
4.5299922256e+02	574	16	490	10	0	531	0	500	500	500	500	0	0	0	
4.5349942694e+02	577	14	484	16	0	517	0	500	500	500	500	0	0	0	
4.5399971177e+02	582	8	481	19	0	507	0	500	500	500	500	0	0	0	
4.5449784590e+02	578	12	485	15	0	494	0	500	500	500	500	0	0	0	
4.5499812975e+02	578	11	486	14	0	496	0	500	500	500	500	0	0	0	
4.5549969444e+02	574	15	484	16	0	506	0	500	500	500	500	0	0	0	
4.5599424440e+02	576	13	487	13	0	518	0	500	500	500	500	0	0	0	
4.5649878523e+02	575	15	488	12	0	532	0	500	500	500	500	0	0	0	
4.5699658212e+02	578	12	490	10	0	524	0	500	500	500	500	0	0	0	
4.5749898691e+02	579	13	481	19	0	513	0	500	500	500	500	0	0	0	
4.5799997196e+02	580	11	488	12	0	503	0	500	500	500	500	0	0	0	
4.5849855628e+02	580	12	493	7	0	488	0	500	500	500	500	0	0	0	
4.5899545702e+02	580	13	493	7	0	510	0	500	500	500	500	0	0	0	
4.5949929096e+02	581	14	485	15	0	504	0	500	500	500	500	0	0	0	
4.5999369930e+02	577	19	476	24	0	497	0	500	500	500	500	0	0	0	
4.6049854174e+02	577	18	472	28	0	469	0	500	500	500	500	0	0	0	
4.6099895009e+02	575	20	470	30	0	471	0	500	500	500	500	0	0	0	
4.6149857532e+02	574	21	473	27	0	461	0	500	500	500	500	0	0	0	
4.6199762583e+02	574	21	471	29	0	481	0	500	500	500	500	0	0	0	
4.6249974515e+02	572	24	476	24	0	497	0	500	500	500	500	0	0	0	
4.6299809579e+02	574	24	485	15	0	516	0	500	500	500	500	0	0	0	
4.6349841487e+02	574	22	486	14	0	516	0	500	500	500	500	0	0	0	
4.6399935350e+02	578	19	482	18	0	506	0	500	500	500	500	0	0	0	
4.6449984941e+02	578	20	474	26	0	500	0	500	500	500	500	0	0	0	
4.6499484200e+02	577	21	481	19	0	477	0	500	500	500	500	0	0	0	
4.6549599504e+02	580	18	474	26	0	491	0	500	500	500	500	0	0	0	
4.6599912105e+02	583	15	482	18	0	501	0	500	500	500	500	0	0	0	
4.6649887499e+02	589	11	485	15	0	514	0	500	500	500	500	0	0	0	
4.6699836172e+02	587	12	482	18	0	504	0	500	500	500	500	0	0	0	
4.6749753537e+02	589	12	490	10	0	501	0	500	500	500	500	0	0	0	
4.6799852305e+02	589	12	484	16	0	520	0	500	500	500	500	0	0	0	
4.6849924664e+02	587	18	473	27	0	527	0	500	500	500	500	0	0	0	
4.6899850238e+02	587	19	475	25	0	529	0	500	500	500	500	0	0	0	
4.6949893644e+02	582	23	469	31	0	542	0	500	500	500	500	0	0	0	
4.6999347811e+02	585	22	481	19	0	539	0	500	500	500	500	0	0	0	
4.7049955824e+02	587	19	478	22	0	487	0	500	500	500	500	0	0	0	
4.7099704581e+02	589	19	483	17	0	497	0	500	500	500	500	0	0	0	
4.7149879315e+02	594	16	479	21	0	487	0	500	500	500	500	0	0	0	
4.7199736307e+02	594	15	479	21	0	497	0	500	500	500	500	0	0	0	
4.7249998777e+02	597	12	486	14	0	511	0	500	500	500	500	0	0	0	
4.7299786080e+02	597	13	480	20	0	535	0	500	500	500	500	0	0	0	
4.7349360359e+02	597	14	476	24	0	552	0	500	500	500	500	0	0	0	
4.7399638477e+02	597	17	474	26	0	519	0	500	500	500	500	0	0	0	
4.7449858939e+02	600	14	485	15	0	504	0	500	500	500	500	0	0	0	
4.7499999069e+02	602	12	488	12	0	507	0	500	500	500	500	0	0	0	
4.7549576908e+02	604	11	488	12	0	508	0	500	500	500	500	0	0	0	
4.7599744047e+02	607	10	487	13	0	499	0	500	500	500	500	0	0	0	
4.7649772671e+02	607	11	482	18	0	502	0	500	500	500	500	0	0	0	
4.7699937217e+02	603	16	483	17	0	492	0	500	500	500	500	0	0	0	
4.7749986019e+02	604	16	483	17	0	500	0	500	500	500	500	0	0	0	
4.7799979585e+02	606	16	478	22	0	503	0	500	500	500	500	0	0	0	
4.7849578431e+02	600	22	472	28	0	524	0	500	500	500	500	0	0	0	
4.7899724446e+02	604	19	475	25	0	514	0	500	500	500	500	0	0	0	
4.7949936729e+02	604	19	475	25	0	503	0	500	500	500	500	0	0	0	
4.7999964117e+02	603	20	483	17	0	485	0	500	500	500	500	0	0	0	
4.8049891124e+02	606	19	485	15	0	500	0	500	500	500	500	0	0	0	
4.8099841860e+02	604	21	483	17	0	476	0	500	500	500	500	0	0	0	
4.8149959105e+02	605	20	479	21	0	483	0	500	500	500	500	0	0	0	
4.8199757177e+02	605	20	478	22	0	478	0	500	500	500	500	0	0	0	
4.8249907729e+02	607	20	477	23	0	466	0	500	500	500	500	0	0	0	
4.8299433634e+02	609	18	469	31	0	466	0	500	500	500	500	0	0	0	
4.8349716300e+02	607	21	471	29	0	455	0	500	500	500	500	0	0	0	
4.8399979785e+02	610	18	470	30	0	464	0	500	500	500	500	0	0	0	
4.8449696840e+02	612	16	461	39	0	474	0	500	500	500	500	0	0	0	
4.8499884900e+02	613	13	466	34	0	475	0	500	500	500	500	0	0	0	
4.8549875600e+02	614	12	480	20	0	498	0	500	500	500	500	0	0	0	
4.8599798522e+02	612	12	492	8	0	503	0	500	500	500	500	0	0	0	
4.8649830000e+02	613	14	486	14	0	517	0	500	500	500	500	0	0	0	
4.8699977404e+02	615	14	483	17	0	501	0	500	500	500	500	0	0	0	
4.8749943149e+02	616	14	488	12	0	490	0	500	500	500	500	0	0	0	
4.8799689229e+02	620	11	483	17	0	469	0	500	500	500	500	0	0	0	
4.8849742302e+02	623	8	483	17	0	464	0	500	500	500	500	0	0	0	
4.8899553879e+02	622	8	488	12	0	484	0	500	500	500	500	0	0	0	
4.8949993122e+02	624	5	489	11	0	498	0	500	500	500	500	0	0	0	
4.8999969959e+02	622	7	497	3	0	511	0	500	500	500	500	0	0	0	
4.9049904208e+02	624	7	493	7	0	521	0	500	500	500	500	0	0	0	
4.9099930887e+02	625	9	492	8	0	529	0	500	500	500	500	0	0	0	
4.9149993305e+02	625	9	485	15	0	538	0	500	500	500	500	0	0	0	
4.9199806146e+02	624	11	483	17	0	496	0	500	500	500	500	0	0	0	
4.9249823560e+02	624	11	485	15	0	513	0	500	500	500	500	0	0	0	
4.9299855395e+02	623	13	485	15	0	509	0	500	500	500	500	0	0	0	
4.9349957814e+02	622	16	479	21	0	491	0	500	500	500	500	0	0	0	
4.9399883540e+02	621	18	485	15	0	466	0	500	500	500	500	0	0	0	
4.9449951259e+02	621	17	488	12	0	475	0	500	500	500	500	0	0	0	
4.9499989930e+02	622	17	486	14	0	467	0	500	500	500	500	0	0	0	
4.9549992429e+02	625	15	482	18	0	472	0	500	500	500	500	0	0	0	
4.9599667743e+02	625	13	480	20	0	500	0	500	500	500	500	0	0	0	
4.9649955753e+02	626	13	470	30	0	498	0	500	500	500	500	0	0	0	
4.9699825519e+02	628	11	484	16	0	506	0	500	500	500	500	0	0	0	
4.9749981296e+02	629	9	489	11	0	524	0	500	500	500	500	0	0	0	
4.9799204906e+02	628	10	493	7	0	552	0	500	500	500	500	0	0	0	
4.9849859775e+02	627	10	493	7	0	550	0	500	500	500	500	0	0	0	
4.9899946446e+02	627	9	492	8	0	554	0	500	500	500	500	0	0	0	
4.9949909883e+02	629	7	489	11	0	542	0	500	500	500	500	0	0	0	
4.9999778643e+02	629	8	495	5	0	538	0	500	500	500	500	0	0	0	
5.0000183681e+02	629	8	495	5	0	537	0	500	500	500	500	0	0	0	
