0.0000000000e+00	0	0	0	0	0	500	50	0	500	500	500	0	0	30	
4.9690260614e-01	1	1	0	0	0	500	50	0	500	500	500	0	0	30	
9.8473511737e-01	1	3	0	0	1	499	50	0	500	500	500	0	0	30	
1.3077137330e+00	3	1	1	0	0	500	50	0	500	500	500	0	0	30	
2.4667689086e+00	4	2	3	0	1	499	50	0	500	500	500	0	0	30	
2.9449606859e+00	4	3	1	2	1	499	50	0	500	500	500	0	0	30	
3.4606680190e+00	5	4	2	1	3	497	50	0	500	500	500	0	0	30	
3.9933024560e+00	7	4	3	0	1	499	50	0	500	500	500	0	0	30	
4.4738592858e+00	9	4	2	0	3	497	50	0	500	500	500	0	0	30	
4.9804473049e+00	11	6	2	0	1	499	50	0	500	500	500	0	0	30	
5.4702868023e+00	12	6	1	1	0	500	50	0	500	500	500	0	0	30	
5.9888750130e+00	13	6	0	2	2	498	50	0	500	500	500	0	0	30	
6.4775420571e+00	14	5	3	0	3	497	50	0	500	500	500	0	0	30	
6.9781459630e+00	14	6	1	2	3	497	50	0	500	500	500	0	0	30	
7.4575611874e+00	15	5	2	1	4	496	50	0	500	500	500	0	0	30	
7.9825566661e+00	17	3	3	0	1	499	50	0	500	500	500	0	0	30	
8.4705141635e+00	17	3	1	3	0	500	50	0	500	500	500	0	0	30	
8.9804639322e+00	18	3	3	1	1	499	50	0	500	500	500	0	0	30	
9.4701118967e+00	19	6	3	1	2	498	50	0	500	500	500	0	0	30	
9.9602564261e+00	20	7	3	1	1	499	50	0	500	500	500	0	0	30	
1.0483520003e+01	22	8	3	1	1	499	50	0	500	500	500	0	0	30	
1.0935454271e+01	22	9	2	2	2	498	50	0	500	500	500	0	0	30	
1.1488648664e+01	24	7	3	1	2	498	50	0	500	500	500	0	0	30	
1.1985014287e+01	26	6	2	3	2	498	50	0	500	500	500	0	0	30	
1.2486560631e+01	27	7	2	2	4	496	50	0	500	500	500	0	0	30	
1.2998843501e+01	29	6	1	3	4	496	50	0	500	500	500	0	0	30	
1.3415121282e+01	33	3	2	2	0	500	50	0	500	500	500	0	0	30	
1.3978094508e+01	33	4	2	2	4	496	50	0	500	500	500	0	0	30	
1.4498669734e+01	34	3	3	1	2	498	50	0	500	500	500	0	0	30	
1.4903177337e+01	36	2	3	1	2	498	50	0	500	500	500	0	0	30	
1.5495334436e+01	36	4	3	2	3	497	50	0	500	500	500	0	0	30	
1.5858957441e+01	37	5	4	1	0	500	50	0	500	500	500	0	0	30	
1.6477285174e+01	38	5	4	1	5	495	50	0	500	500	500	0	0	30	
1.6999467079e+01	39	6	4	2	6	494	50	0	500	500	500	0	0	30	
1.7496663407e+01	40	5	3	4	2	498	50	0	500	500	500	0	0	30	
1.7957576131e+01	42	4	4	3	1	499	50	0	500	500	500	0	0	30	
1.8498650702e+01	43	5	5	2	1	499	50	0	500	500	500	0	0	30	
1.8861286463e+01	43	6	5	2	2	498	50	0	500	500	500	0	0	30	
1.9381806130e+01	44	6	6	1	3	497	50	0	500	500	500	0	0	30	
1.9967470435e+01	45	6	6	1	2	498	50	0	500	500	500	0	0	30	
2.0489700802e+01	46	6	5	2	1	499	50	0	500	500	500	0	0	30	
2.0961426238e+01	46	6	6	1	1	499	50	0	500	500	500	0	0	30	
2.1487328154e+01	47	7	7	1	2	498	50	0	500	500	500	0	0	30	
2.1940716164e+01	47	7	7	1	2	498	50	0	500	500	500	0	0	30	
2.2494043776e+01	48	8	6	2	2	498	50	0	500	500	500	0	0	30	
2.2995434394e+01	52	4	8	0	0	500	50	0	500	500	500	0	0	30	
2.3459609508e+01	52	6	4	5	2	498	50	0	500	500	500	0	0	30	
2.3986153064e+01	53	5	7	2	3	497	50	0	500	500	500	0	0	30	
2.4490886431e+01	54	5	7	2	2	498	50	0	500	500	500	0	0	30	
2.4982276729e+01	55	7	8	1	4	496	50	0	500	500	500	0	0	30	
2.5490582543e+01	56	6	7	2	4	496	50	0	500	500	500	0	0	30	
2.5995738390e+01	56	8	8	1	1	499	50	0	500	500	500	0	0	30	
2.6490312894e+01	58	6	6	3	1	499	50	0	500	500	500	0	0	30	
2.6986137845e+01	60	6	8	1	2	498	50	0	500	500	500	0	0	30	
2.7499429338e+01	61	6	8	1	3	497	50	0	500	500	500	0	0	30	
2.7993202297e+01	63	5	6	3	5	495	50	0	500	500	500	0	0	30	
2.8426412923e+01	63	6	4	5	4	496	50	0	500	500	500	0	0	30	
2.8989789635e+01	64	5	8	3	3	497	50	0	500	500	500	0	0	30	
2.9491027143e+01	66	3	5	6	3	497	50	0	500	500	500	0	0	30	
2.9979465803e+01	68	1	6	5	3	497	50	0	500	500	500	0	0	30	
3.0483955916e+01	67	2	4	7	3	497	50	0	500	500	500	0	0	30	
3.0940554802e+01	67	2	6	5	1	499	50	0	500	500	500	0	0	30	
3.1481814962e+01	68	2	8	4	0	500	50	0	500	500	500	0	0	30	
3.1941650709e+01	68	3	10	3	0	500	50	0	500	500	500	0	0	30	
3.2494142111e+01	68	3	10	3	5	495	50	0	500	500	500	0	0	30	
3.2997727117e+01	69	2	10	4	3	497	50	0	500	500	500	0	0	30	
3.3452562972e+01	69	2	11	4	2	498	50	0	500	500	500	0	0	30	
3.3992625328e+01	70	3	11	4	3	497	50	0	500	500	500	0	0	30	
3.4478685176e+01	70	4	9	6	1	499	50	0	500	500	500	0	0	30	
3.4994729432e+01	70	4	9	6	2	498	50	0	500	500	500	0	0	30	
3.5495994443e+01	71	4	11	4	4	496	50	0	500	500	500	0	0	30	
3.5959252523e+01	70	5	14	2	3	497	50	0	500	500	500	0	0	30	
3.6381955811e+01	70	6	14	1	2	498	50	0	500	500	500	0	0	30	
3.6993676889e+01	70	6	11	4	3	497	50	0	500	500	500	0	0	30	
3.7462780643e+01	73	3	10	6	2	498	50	0	500	500	500	0	0	30	
3.7999877382e+01	73	7	12	4	5	495	50	0	500	500	500	0	0	30	
3.8493414663e+01	75	6	13	3	4	496	50	0	500	500	500	0	0	30	
3.8996582197e+01	77	4	16	1	0	500	50	0	500	500	500	0	0	30	
3.9494724188e+01	79	3	13	4	1	499	50	0	500	500	500	0	0	30	
3.9990453266e+01	79	4	12	6	1	499	50	0	500	500	500	0	0	30	
4.0430451863e+01	77	6	11	7	1	499	50	0	500	500	500	0	0	30	
4.0999608886e+01	78	6	12	6	1	499	50	0	500	500	500	0	0	30	
4.1492856954e+01	78	8	15	2	4	496	50	0	500	500	500	0	0	30	
4.1998758117e+01	80	8	12	5	4	496	50	0	500	500	500	0	0	30	
4.2471239982e+01	82	9	11	6	3	497	50	0	500	500	500	0	0	30	
4.2988928025e+01	84	8	12	5	4	496	50	0	500	500	500	0	0	30	
4.3427709821e+01	86	6	13	4	1	499	50	0	500	500	500	0	0	30	
4.3977356873e+01	88	4	14	4	3	497	50	0	500	500	500	0	0	30	
4.4479959852e+01	88	4	9	9	2	498	50	0	500	500	500	0	0	30	
4.4965758960e+01	91	3	16	2	2	498	50	0	500	500	500	0	0	30	
4.5484279734e+01	91	3	14	4	2	498	50	0	500	500	500	0	0	30	
4.5977289444e+01	93	1	15	3	2	498	50	0	500	500	500	0	0	30	
4.6418069751e+01	94	2	18	1	1	499	50	0	500	500	500	0	0	30	
4.6971229325e+01	95	2	17	3	1	499	50	0	500	500	500	0	0	30	
4.7483041231e+01	97	4	12	8	2	498	50	0	500	500	500	0	0	30	
4.7992458428e+01	97	4	15	5	0	500	50	0	500	500	500	0	0	30	
4.8480894416e+01	99	4	11	9	1	499	50	0	500	500	500	0	0	30	
4.8946723981e+01	100	3	18	3	4	496	50	0	500	500	500	0	0	30	
4.9499009391e+01	99	7	20	3	5	495	50	0	500	500	500	0	0	30	
4.9985906704e+01	101	5	18	5	2	498	50	0	500	500	500	0	0	30	
5.0480606998e+01	103	3	21	2	3	497	50	0	500	500	500	0	0	30	
5.0946568089e+01	103	4	18	6	3	497	50	0	500	500	500	0	0	30	
5.1484662407e+01	105	2	16	9	3	497	50	0	500	500	500	0	0	30	
5.1994538502e+01	104	3	21	4	1	499	50	0	500	500	500	0	0	30	
5.2363539080e+01	104	3	22	3	0	500	50	0	500	500	500	0	0	30	
5.2980114756e+01	104	5	19	6	1	499	50	0	500	500	500	0	0	30	
5.3476821903e+01	105	4	17	8	2	498	50	0	500	500	500	0	0	30	
5.3960283268e+01	106	4	18	7	1	499	50	0	500	500	500	0	0	30	
5.4491417565e+01	106	6	17	9	3	497	50	0	500	500	500	0	0	30	
5.4974433588e+01	109	7	24	2	1	499	50	0	500	500	500	0	0	30	
5.5455945523e+01	110	7	24	2	3	497	50	0	500	500	500	0	0	30	
5.5997581992e+01	111	6	18	8	3	497	50	0	500	500	500	0	0	30	
5.6492212572e+01	112	5	22	4	3	497	50	0	500	500	500	0	0	30	
5.6971327352e+01	113	4	20	6	2	498	50	0	500	500	500	0	0	30	
5.7497707572e+01	113	6	21	5	4	496	50	0	500	500	500	0	0	30	
5.7993575175e+01	113	5	22	4	1	499	50	0	500	500	500	0	0	30	
5.8467883968e+01	114	4	19	7	2	498	50	0	500	500	500	0	0	30	
5.8986842541e+01	115	3	20	6	0	500	50	0	500	500	500	0	0	30	
5.9469993842e+01	116	5	23	3	3	497	50	0	500	500	500	0	0	30	
5.9942682290e+01	117	4	22	5	1	499	50	0	500	500	500	0	0	30	
6.0475499317e+01	118	3	23	4	2	498	50	0	500	500	500	0	0	30	
6.0966990242e+01	119	3	19	8	3	497	50	0	500	500	500	0	0	30	
6.1498707893e+01	120	3	18	10	2	498	50	0	500	500	500	0	0	30	
6.1992675833e+01	123	1	18	9	0	500	50	0	500	500	500	0	0	30	
6.2488223521e+01	120	3	16	11	1	499	50	0	500	500	500	0	0	30	
6.2992641252e+01	120	3	17	10	1	499	50	0	500	500	500	0	0	30	
6.3492863759e+01	121	2	23	4	0	500	50	0	500	500	500	0	0	30	
6.3968235687e+01	121	2	23	4	1	499	50	0	500	500	500	0	0	30	
6.4445701368e+01	122	2	17	10	0	500	50	0	500	500	500	0	0	30	
6.4990353567e+01	123	2	22	5	0	500	50	0	500	500	500	0	0	30	
6.5486667755e+01	123	4	23	4	0	500	50	0	500	500	500	0	0	30	
6.5987902580e+01	121	6	22	5	2	498	50	0	500	500	500	0	0	30	
6.6470849914e+01	121	6	21	6	1	499	50	0	500	500	500	0	0	30	
6.6991399325e+01	122	6	25	2	3	497	50	0	500	500	500	0	0	30	
6.7494765992e+01	123	7	22	6	4	496	50	0	500	500	500	0	0	30	
6.7992063125e+01	122	9	25	2	6	494	50	0	500	500	500	0	0	30	
6.8486639027e+01	123	9	22	5	3	497	50	0	500	500	500	0	0	30	
6.8998095314e+01	124	10	21	6	6	494	50	0	500	500	500	0	0	30	
6.9498483574e+01	125	10	23	4	3	497	50	0	500	500	500	0	0	30	
6.9990955242e+01	125	14	22	5	4	496	50	0	500	500	500	0	0	30	
7.0499947546e+01	128	12	22	5	9	491	50	0	500	500	500	0	0	30	
7.0984244265e+01	130	11	24	4	9	491	50	0	500	500	500	0	0	30	
7.1495938268e+01	134	9	26	2	6	494	50	0	500	500	500	0	0	30	
7.1984008011e+01	138	5	21	7	4	496	50	0	500	500	500	0	0	30	
7.2496762848e+01	138	7	21	7	9	491	50	0	500	500	500	0	0	30	
7.2999099141e+01	140	7	24	4	8	492	50	0	500	500	500	0	0	30	
7.3496940276e+01	143	5	20	8	3	497	50	0	500	500	500	0	0	30	
7.3994258841e+01	144	5	19	9	2	498	50	0	500	500	500	0	0	30	
7.4494861449e+01	143	8	22	7	1	499	50	0	500	500	500	0	0	30	
7.4931225133e+01	144	7	21	8	3	497	50	0	500	500	500	0	0	30	
7.5472601994e+01	143	8	21	8	6	494	50	0	500	500	500	0	0	30	
7.5996097267e+01	143	9	22	7	4	496	50	0	500	500	500	0	0	30	
7.6498422991e+01	146	8	21	8	3	497	50	0	500	500	500	0	0	30	
7.6999841456e+01	147	7	24	5	3	497	50	0	500	500	500	0	0	30	
7.7452197983e+01	149	5	21	8	3	497	50	0	500	500	500	0	0	30	
7.7996066100e+01	150	4	19	10	1	499	50	0	500	500	500	0	0	30	
7.8462555214e+01	150	5	19	9	3	497	50	0	500	500	500	0	0	30	
7.8992755124e+01	150	6	20	8	3	497	50	0	500	500	500	0	0	30	
7.9490896559e+01	149	10	19	10	4	496	50	0	500	500	500	0	0	30	
7.9992829149e+01	152	8	24	5	3	497	50	0	500	500	500	0	0	30	
8.0492449474e+01	153	9	14	15	5	495	50	0	500	500	500	0	0	30	
8.0994778646e+01	155	9	25	5	3	497	50	0	500	500	500	0	0	30	
8.1494501309e+01	158	7	27	3	2	498	50	0	500	500	500	0	0	30	
8.1995096212e+01	160	5	22	8	4	496	50	0	500	500	500	0	0	30	
8.2473634850e+01	162	4	27	3	2	498	50	0	500	500	500	0	0	30	
8.2998390451e+01	164	4	26	5	2	498	50	0	500	500	500	0	0	30	
8.3445668060e+01	165	4	24	7	1	499	50	0	500	500	500	0	0	30	
8.3988553543e+01	165	4	26	5	1	499	50	0	500	500	500	0	0	30	
8.4487785520e+01	166	5	23	8	3	497	50	0	500	500	500	0	0	30	
8.4971015108e+01	165	7	26	5	4	496	50	0	500	500	500	0	0	30	
8.5486363419e+01	165	6	23	8	6	494	50	0	500	500	500	0	0	30	
8.5998447855e+01	166	7	21	10	4	496	50	0	500	500	500	0	0	30	
8.6488266863e+01	166	8	21	10	3	497	50	0	500	500	500	0	0	30	
8.6986401671e+01	167	9	20	11	2	498	50	0	500	500	500	0	0	30	
8.7498732714e+01	167	10	19	11	2	498	50	0	500	500	500	0	0	30	
8.7989763069e+01	166	12	14	16	2	498	50	0	500	500	500	0	0	30	
8.8499692983e+01	168	8	20	10	1	499	50	0	500	500	500	0	0	30	
8.8990363132e+01	170	8	25	5	1	499	50	0	500	500	500	0	0	30	
8.9487149662e+01	171	7	23	6	2	498	50	0	500	500	500	0	0	30	
8.9972182843e+01	170	8	21	8	1	499	50	0	500	500	500	0	0	30	
9.0482710078e+01	170	8	24	5	3	497	50	0	500	500	500	0	0	30	
9.0973122444e+01	172	8	25	3	1	499	50	0	500	500	500	0	0	30	
9.1475085462e+01	172	10	26	2	7	493	50	0	500	500	500	0	0	30	
9.1984331510e+01	173	8	24	4	9	491	50	0	500	500	500	0	0	30	
9.2488021900e+01	174	9	22	7	5	495	50	0	500	500	500	0	0	30	
9.2997117489e+01	176	9	24	6	0	500	50	0	500	500	500	0	0	30	
9.3475508822e+01	177	7	26	4	2	498	50	0	500	500	500	0	0	30	
9.3999719125e+01	177	10	21	8	3	497	50	0	500	500	500	0	0	30	
9.4493843494e+01	178	9	16	13	4	496	50	0	500	500	500	0	0	30	
9.4996574799e+01	178	10	22	8	6	494	50	0	500	500	500	0	0	30	
9.5497599728e+01	181	8	19	11	3	497	50	0	500	500	500	0	0	30	
9.5998514772e+01	181	8	25	6	4	496	50	0	500	500	500	0	0	30	
9.6463968859e+01	181	7	26	5	3	497	50	0	500	500	500	0	0	30	
9.6988025994e+01	185	4	27	4	2	498	50	0	500	500	500	0	0	30	
9.7490615006e+01	185	5	22	9	1	499	50	0	500	500	500	0	0	30	
9.7980183005e+01	183	6	23	8	1	499	50	0	500	500	500	0	0	30	
9.8495603055e+01	183	8	24	8	3	497	50	0	500	500	500	0	0	30	
9.8998861777e+01	184	8	25	7	4	496	50	0	500	500	500	0	0	30	
9.9495311634e+01	184	8	21	11	3	497	50	0	500	500	500	0	0	30	
9.9995096866e+01	184	8	25	7	7	493	50	0	500	500	500	0	0	30	
1.0049608325e+02	184	7	26	7	4	496	50	0	500	500	500	0	0	30	
1.0099314337e+02	184	7	29	5	1	499	50	0	500	500	500	0	0	30	
1.0149488085e+02	185	7	23	11	8	492	50	0	500	500	500	0	0	30	
1.0198791363e+02	186	7	30	4	4	496	50	0	500	500	500	0	0	30	
1.0249739119e+02	190	3	31	3	3	497	50	0	500	500	500	0	0	30	
1.0297807649e+02	191	2	24	8	2	498	50	0	500	500	500	0	0	30	
1.0348518399e+02	189	3	21	11	1	499	50	0	500	500	500	0	0	30	
1.0393038528e+02	187	3	23	9	2	498	50	0	500	500	500	0	0	30	
1.0441843191e+02	189	2	29	3	1	499	50	0	500	500	500	0	0	30	
1.0499219853e+02	188	3	25	7	3	497	50	0	500	500	500	0	0	30	
1.0549634027e+02	187	8	22	10	5	495	50	0	500	500	500	0	0	30	
1.0599933457e+02	188	8	24	8	5	495	50	0	500	500	500	0	0	30	
1.0649428606e+02	189	7	24	8	9	491	50	0	500	500	500	0	0	30	
1.0697260625e+02	192	6	24	8	1	499	50	0	500	500	500	0	0	30	
1.0747728508e+02	194	4	22	10	2	498	50	0	500	500	500	0	0	30	
1.0798335138e+02	194	4	26	8	2	498	50	0	500	500	500	0	0	30	
1.0847294848e+02	196	4	23	11	3	497	50	0	500	500	500	0	0	30	
1.0899883479e+02	197	3	31	3	3	497	50	0	500	500	500	0	0	30	
1.0949700953e+02	197	3	26	8	3	497	50	0	500	500	500	0	0	30	
1.0999057073e+02	198	2	24	10	3	497	50	0	500	500	500	0	0	30	
1.1044937512e+02	197	4	25	9	2	498	50	0	500	500	500	0	0	30	
1.1098904120e+02	197	4	29	5	5	495	50	0	500	500	500	0	0	30	
1.1144361754e+02	198	3	27	7	1	499	50	0	500	500	500	0	0	30	
1.1198905807e+02	196	6	26	8	1	499	50	0	500	500	500	0	0	30	
1.1248275764e+02	196	8	31	3	0	500	50	0	500	500	500	0	0	30	
1.1299751469e+02	200	6	27	7	1	499	50	0	500	500	500	0	0	30	
1.1348927267e+02	200	7	29	6	1	499	50	0	500	500	500	0	0	30	
1.1399561463e+02	199	9	22	12	3	497	50	0	500	500	500	0	0	30	
1.1447280138e+02	201	7	25	8	1	499	50	0	500	500	500	0	0	30	
1.1499023164e+02	203	8	25	9	1	499	50	0	500	500	500	0	0	30	
1.1549955690e+02	203	10	25	8	3	497	50	0	500	500	500	0	0	30	
1.1596842410e+02	204	12	24	9	3	497	50	0	500	500	500	0	0	30	
1.1648994588e+02	205	13	22	11	5	495	50	0	500	500	500	0	0	30	
1.1699539354e+02	207	13	23	11	6	494	50	0	500	500	500	0	0	30	
1.1749287382e+02	210	12	26	8	4	496	50	0	500	500	500	0	0	30	
1.1797403306e+02	211	11	29	5	2	498	50	0	500	500	500	0	0	30	
1.1849359155e+02	212	8	22	12	2	498	50	0	500	500	500	0	0	30	
1.1899970170e+02	210	10	26	8	8	492	50	0	500	500	500	0	0	30	
1.1948406144e+02	210	12	23	11	9	491	50	0	500	500	500	0	0	30	
1.1999101110e+02	211	12	27	7	4	496	50	0	500	500	500	0	0	30	
1.2047545051e+02	214	10	27	7	5	495	50	0	500	500	500	0	0	30	
1.2099658054e+02	216	8	24	10	0	500	50	0	500	500	500	0	0	30	
1.2145239110e+02	218	8	26	9	8	492	50	0	500	500	500	0	0	30	
1.2199945396e+02	214	11	24	11	7	493	50	0	500	500	500	0	0	30	
1.2249389996e+02	215	12	27	8	8	492	50	0	500	500	500	0	0	30	
1.2298266514e+02	219	8	29	6	7	493	50	0	500	500	500	0	0	30	
1.2345436390e+02	220	7	28	6	3	497	50	0	500	500	500	0	0	30	
1.2398370670e+02	221	6	20	15	0	500	50	0	500	500	500	0	0	30	
1.2449635172e+02	225	3	24	11	1	499	50	0	500	500	500	0	0	30	
1.2497404396e+02	223	6	25	11	1	499	50	0	500	500	500	0	0	30	
1.2547189519e+02	225	6	23	12	3	497	50	0	500	500	500	0	0	30	
1.2599819634e+02	224	9	25	10	5	495	50	0	500	500	500	0	0	30	
1.2649608402e+02	225	7	27	8	3	497	50	0	500	500	500	0	0	30	
1.2698761422e+02	226	8	24	10	5	495	50	0	500	500	500	0	0	30	
1.2748812738e+02	228	11	24	10	10	490	50	0	500	500	500	0	0	30	
1.2799030350e+02	230	9	29	5	11	489	50	0	500	500	500	0	0	30	
1.2847398758e+02	232	8	25	9	7	493	50	0	500	500	500	0	0	30	
1.2899943709e+02	231	11	28	6	7	493	50	0	500	500	500	0	0	30	
1.2949044606e+02	234	10	31	3	7	493	50	0	500	500	500	0	0	30	
1.2999359128e+02	235	13	28	6	4	496	50	0	500	500	500	0	0	30	
1.3047710702e+02	235	13	28	6	4	496	50	0	500	500	500	0	0	30	
1.3099241223e+02	238	10	24	9	8	492	50	0	500	500	500	0	0	30	
1.3148416327e+02	241	10	23	10	5	495	50	0	500	500	500	0	0	30	
1.3199737474e+02	244	8	22	10	5	495	50	0	500	500	500	0	0	30	
1.3248060368e+02	243	11	21	11	4	496	50	0	500	500	500	0	0	30	
1.3299137308e+02	244	10	21	12	6	494	50	0	500	500	500	0	0	30	
1.3349721093e+02	244	12	26	8	4	496	50	0	500	500	500	0	0	30	
1.3397766662e+02	246	10	18	16	4	496	50	0	500	500	500	0	0	30	
1.3448353201e+02	246	10	22	12	6	494	50	0	500	500	500	0	0	30	
1.3499274977e+02	247	10	22	12	9	491	50	0	500	500	500	0	0	30	
1.3549699360e+02	248	10	26	8	6	494	50	0	500	500	500	0	0	30	
1.3599953222e+02	252	6	24	9	1	499	50	0	500	500	500	0	0	30	
1.3649203741e+02	253	6	24	9	3	497	50	0	500	500	500	0	0	30	
1.3699886262e+02	254	7	21	11	7	493	50	0	500	500	500	0	0	30	
1.3749975446e+02	254	7	24	8	2	498	50	0	500	500	500	0	0	30	
1.3799717928e+02	255	8	26	6	3	497	50	0	500	500	500	0	0	30	
1.3847697661e+02	256	8	22	11	6	494	50	0	500	500	500	0	0	30	
1.3896987441e+02	257	8	21	12	7	493	50	0	500	500	500	0	0	30	
1.3949392880e+02	254	11	23	10	10	490	50	0	500	500	500	0	0	30	
1.3997927808e+02	254	9	23	11	8	492	50	0	500	500	500	0	0	30	
1.4049196932e+02	255	9	28	5	3	497	50	0	500	500	500	0	0	30	
1.4099770978e+02	256	8	27	6	4	496	50	0	500	500	500	0	0	30	
1.4149997326e+02	255	9	25	9	7	493	50	0	500	500	500	0	0	30	
1.4199818058e+02	255	11	26	7	9	491	50	0	500	500	500	0	0	30	
1.4249051268e+02	255	11	28	6	6	494	50	0	500	500	500	0	0	30	
1.4299875704e+02	257	10	27	7	6	494	50	0	500	500	500	0	0	30	
1.4346479639e+02	257	11	27	7	5	495	50	0	500	500	500	0	0	30	
1.4399920800e+02	261	7	27	7	6	494	50	0	500	500	500	0	0	30	
1.4449979306e+02	259	10	26	9	15	485	50	0	500	500	500	0	0	30	
1.4494521818e+02	260	11	30	5	6	494	50	0	500	500	500	0	0	30	
1.4549258162e+02	260	12	26	9	4	496	50	0	500	500	500	0	0	30	
1.4599047899e+02	262	10	30	5	4	496	50	0	500	500	500	0	0	30	
1.4649618424e+02	265	8	26	9	8	492	50	0	500	500	500	0	0	30	
1.4699189786e+02	266	8	24	12	6	494	50	0	500	500	500	0	0	30	
1.4749811403e+02	267	8	30	6	4	496	50	0	500	500	500	0	0	30	
1.4799270592e+02	272	3	29	7	6	494	50	0	500	500	500	0	0	30	
1.4849280533e+02	271	4	26	9	4	496	50	0	500	500	500	0	0	30	
1.4898049658e+02	271	4	30	5	4	496	50	0	500	500	500	0	0	30	
1.4947543725e+02	271	5	29	5	2	498	50	0	500	500	500	0	0	30	
1.4998093093e+02	273	4	26	8	1	499	50	0	500	500	500	0	0	30	
1.5048555027e+02	272	5	26	9	3	497	50	0	500	500	500	0	0	30	
1.5099603191e+02	272	7	30	5	3	497	50	0	500	500	500	0	0	30	
1.5149596106e+02	277	3	26	10	4	496	50	0	500	500	500	0	0	30	
1.5198041956e+02	277	3	31	5	5	495	50	0	500	500	500	0	0	30	
1.5248539027e+02	277	5	29	7	3	497	50	0	500	500	500	0	0	30	
1.5299240093e+02	277	5	25	11	0	500	50	0	500	500	500	0	0	30	
1.5348540395e+02	278	4	34	2	5	495	50	0	500	500	500	0	0	30	
1.5397846396e+02	277	6	26	9	2	498	50	0	500	500	500	0	0	30	
1.5449680886e+02	276	10	29	7	3	497	50	0	500	500	500	0	0	30	
1.5499497427e+02	278	9	29	7	7	493	50	0	500	500	500	0	0	30	
1.5549989433e+02	280	8	31	6	4	496	50	0	500	500	500	0	0	30	
1.5599906399e+02	280	8	30	7	5	495	50	0	500	500	500	0	0	30	
1.5649037573e+02	282	7	29	9	4	496	50	0	500	500	500	0	0	30	
1.5699596057e+02	282	9	25	13	5	495	50	0	500	500	500	0	0	30	
1.5748455688e+02	280	12	25	13	2	498	50	0	500	500	500	0	0	30	
1.5799843729e+02	283	10	24	14	2	498	50	0	500	500	500	0	0	30	
1.5846849778e+02	286	7	24	13	3	497	50	0	500	500	500	0	0	30	
1.5898701428e+02	288	8	23	14	2	498	50	0	500	500	500	0	0	30	
1.5948524272e+02	291	6	28	10	6	494	50	0	500	500	500	0	0	30	
1.5998326174e+02	293	4	25	13	4	496	50	0	500	500	500	0	0	30	
1.6049307685e+02	292	9	28	10	5	495	50	0	500	500	500	0	0	30	
1.6098615015e+02	292	11	33	5	6	494	50	0	500	500	500	0	0	30	
1.6148351666e+02	294	9	31	7	8	492	50	0	500	500	500	0	0	30	
1.6199850631e+02	293	11	29	9	3	497	50	0	500	500	500	0	0	30	
1.6249317883e+02	295	10	32	6	4	496	50	0	500	500	500	0	0	30	
1.6299961292e+02	296	10	30	8	7	493	50	0	500	500	500	0	0	30	
1.6349153379e+02	299	8	26	13	8	492	50	0	500	500	500	0	0	30	
1.6399489772e+02	301	6	32	7	5	495	50	0	500	500	500	0	0	30	
1.6449470839e+02	303	5	32	6	3	497	50	0	500	500	500	0	0	30	
1.6492613113e+02	303	6	30	8	3	497	50	0	500	500	500	0	0	30	
1.6548675380e+02	305	4	28	9	4	496	50	0	500	500	500	0	0	30	
1.6599413744e+02	306	6	30	7	5	495	50	0	500	500	500	0	0	30	
1.6647584460e+02	305	7	29	8	3	497	50	0	500	500	500	0	0	30	
1.6699991810e+02	305	6	29	8	5	495	50	0	500	500	500	0	0	30	
1.6748844879e+02	306	7	26	11	5	495	50	0	500	500	500	0	0	30	
1.6799970397e+02	302	11	27	10	2	498	50	0	500	500	500	0	0	30	
1.6848266548e+02	305	9	26	10	4	496	50	0	500	500	500	0	0	30	
1.6899752283e+02	304	9	25	11	3	497	50	0	500	500	500	0	0	30	
1.6949544651e+02	305	7	31	5	3	497	50	0	500	500	500	0	0	30	
1.6999651935e+02	305	7	35	1	4	496	50	0	500	500	500	0	0	30	
1.7048116391e+02	305	8	29	7	4	496	50	0	500	500	500	0	0	30	
1.7099354563e+02	306	7	28	8	3	497	50	0	500	500	500	0	0	30	
1.7148202484e+02	306	6	28	8	1	499	50	0	500	500	500	0	0	30	
1.7196537866e+02	308	7	23	13	1	499	50	0	500	500	500	0	0	30	
1.7249688692e+02	305	9	24	12	4	496	50	0	500	500	500	0	0	30	
1.7299849106e+02	307	9	28	8	3	497	50	0	500	500	500	0	0	30	
1.7349031175e+02	310	7	25	11	5	495	50	0	500	500	500	0	0	30	
1.7399569630e+02	309	10	32	4	2	498	50	0	500	500	500	0	0	30	
1.7449381777e+02	311	9	30	6	5	495	50	0	500	500	500	0	0	30	
1.7499178053e+02	313	8	31	4	6	494	50	0	500	500	500	0	0	30	
1.7548803972e+02	315	8	24	11	1	499	50	0	500	500	500	0	0	30	
1.7596251977e+02	316	6	26	9	1	499	50	0	500	500	500	0	0	30	
1.7648853355e+02	313	6	26	9	2	498	50	0	500	500	500	0	0	30	
1.7697420763e+02	312	8	21	14	3	497	50	0	500	500	500	0	0	30	
1.7749348146e+02	313	7	27	9	2	498	50	0	500	500	500	0	0	30	
1.7799184399e+02	313	7	25	13	3	497	50	0	500	500	500	0	0	30	
1.7849875214e+02	314	8	25	13	5	495	50	0	500	500	500	0	0	30	
1.7899960076e+02	315	8	29	9	4	496	50	0	500	500	500	0	0	30	
1.7948487716e+02	317	6	35	3	1	499	50	0	500	500	500	0	0	30	
1.7999720863e+02	318	7	31	7	6	494	50	0	500	500	500	0	0	30	
1.8048972262e+02	318	7	27	10	3	497	50	0	500	500	500	0	0	30	
1.8099645541e+02	320	5	30	7	4	496	50	0	500	500	500	0	0	30	
1.8149615360e+02	320	6	27	10	3	497	50	0	500	500	500	0	0	30	
1.8197785185e+02	321	5	24	13	4	496	50	0	500	500	500	0	0	30	
1.8248674126e+02	320	8	28	9	7	493	50	0	500	500	500	0	0	30	
1.8299096318e+02	321	8	28	9	3	497	50	0	500	500	500	0	0	30	
1.8349659199e+02	324	6	30	7	2	498	50	0	500	500	500	0	0	30	
1.8399648614e+02	325	5	25	11	5	495	50	0	500	500	500	0	0	30	
1.8449486855e+02	326	6	26	10	1	499	50	0	500	500	500	0	0	30	
1.8499273473e+02	327	6	31	5	4	496	50	0	500	500	500	0	0	30	
1.8548966291e+02	326	6	27	9	3	497	50	0	500	500	500	0	0	30	
1.8599484222e+02	328	3	30	6	2	498	50	0	500	500	500	0	0	30	
1.8649916012e+02	326	4	30	8	5	495	50	0	500	500	500	0	0	30	
1.8699395382e+02	325	7	32	6	8	492	50	0	500	500	500	0	0	30	
1.8749355788e+02	326	8	30	8	8	492	50	0	500	500	500	0	0	30	
1.8799282905e+02	326	8	33	5	7	493	50	0	500	500	500	0	0	30	
1.8849287464e+02	328	8	30	8	4	496	50	0	500	500	500	0	0	30	
1.8898594036e+02	328	9	30	8	3	497	50	0	500	500	500	0	0	30	
1.8949741603e+02	329	8	34	4	5	495	50	0	500	500	500	0	0	30	
1.8999156812e+02	330	10	31	8	4	496	50	0	500	500	500	0	0	30	
1.9048859374e+02	331	9	22	17	4	496	50	0	500	500	500	0	0	30	
1.9099706139e+02	332	10	28	12	2	498	50	0	500	500	500	0	0	30	
1.9149795696e+02	334	8	28	12	3	497	50	0	500	500	500	0	0	30	
1.9198731552e+02	334	9	30	11	5	495	50	0	500	500	500	0	0	30	
1.9249928554e+02	331	11	30	10	12	488	50	0	500	500	500	0	0	30	
1.9299510858e+02	332	11	33	6	5	495	50	0	500	500	500	0	0	30	
1.9349380634e+02	335	8	32	7	6	494	50	0	500	500	500	0	0	30	
1.9399799335e+02	336	7	34	6	3	497	50	0	500	500	500	0	0	30	
1.9449081918e+02	338	8	29	11	6	494	50	0	500	500	500	0	0	30	
1.9498146546e+02	338	9	32	8	0	500	50	0	500	500	500	0	0	30	
1.9549624695e+02	338	8	28	12	4	496	50	0	500	500	500	0	0	30	
1.9598720766e+02	334	12	31	9	7	493	50	0	500	500	500	0	0	30	
1.9649372163e+02	336	11	26	14	3	497	50	0	500	500	500	0	0	30	
1.9694587891e+02	338	9	34	7	3	497	50	0	500	500	500	0	0	30	
1.9749179673e+02	337	10	33	8	6	494	50	0	500	500	500	0	0	30	
1.9799622183e+02	338	10	33	8	5	495	50	0	500	500	500	0	0	30	
1.9847710563e+02	342	7	36	7	4	496	50	0	500	500	500	0	0	30	
1.9898560734e+02	345	4	38	6	5	495	50	0	500	500	500	0	0	30	
1.9948883016e+02	345	4	27	18	1	499	50	0	500	500	500	0	0	30	
1.9998476983e+02	345	4	29	15	1	499	50	0	500	500	500	0	0	30	
2.0048696170e+02	345	5	28	15	1	499	50	0	500	500	500	0	0	30	
2.0098467498e+02	342	7	30	14	7	493	50	0	500	500	500	0	0	30	
2.0149051417e+02	342	7	27	16	4	496	50	0	500	500	500	0	0	30	
2.0197529184e+02	341	9	30	13	7	493	50	0	500	500	500	0	0	30	
2.0248506393e+02	337	14	33	10	3	497	50	0	500	500	500	0	0	30	
2.0299455710e+02	341	12	37	6	9	491	50	0	500	500	500	0	0	30	
2.0349419205e+02	343	11	28	15	7	493	50	0	500	500	500	0	0	30	
2.0399791826e+02	342	15	29	14	7	493	50	0	500	500	500	0	0	30	
2.0449822203e+02	343	18	33	10	5	495	50	0	500	500	500	0	0	30	
2.0499935483e+02	344	18	30	12	13	487	50	0	500	500	500	0	0	30	
2.0549918252e+02	348	15	31	11	5	495	50	0	500	500	500	0	0	30	
2.0598344513e+02	349	14	30	12	10	490	50	0	500	500	500	0	0	30	
2.0648037780e+02	354	10	31	11	4	496	50	0	500	500	500	0	0	30	
2.0699559375e+02	351	13	25	18	1	499	50	0	500	500	500	0	0	30	
2.0749413968e+02	353	13	26	17	3	497	50	0	500	500	500	0	0	30	
2.0798956114e+02	357	9	36	7	2	498	50	0	500	500	500	0	0	30	
2.0849988302e+02	358	8	34	9	3	497	50	0	500	500	500	0	0	30	
2.0899131293e+02	358	12	33	10	5	495	50	0	500	500	500	0	0	30	
2.0948628072e+02	361	9	37	6	9	491	50	0	500	500	500	0	0	30	
2.0999557489e+02	361	9	38	5	2	498	50	0	500	500	500	0	0	30	
2.1049825075e+02	362	11	37	6	9	491	50	0	500	500	500	0	0	30	
2.1097609236e+02	366	7	30	12	6	494	50	0	500	500	500	0	0	30	
2.1149328685e+02	364	7	31	11	6	494	50	0	500	500	500	0	0	30	
2.1199887944e+02	366	6	29	13	7	493	50	0	500	500	500	0	0	30	
2.1249588152e+02	364	7	32	10	5	495	50	0	500	500	500	0	0	30	
2.1299268983e+02	365	6	34	8	3	497	50	0	500	500	500	0	0	30	
2.1348770816e+02	367	5	34	8	4	496	50	0	500	500	500	0	0	30	
2.1399345594e+02	365	8	31	12	4	496	50	0	500	500	500	0	0	30	
2.1449553638e+02	366	7	35	7	3	497	50	0	500	500	500	0	0	30	
2.1499762100e+02	366	7	33	9	3	497	50	0	500	500	500	0	0	30	
2.1548750632e+02	367	7	34	9	4	496	50	0	500	500	500	0	0	30	
2.1598435170e+02	367	9	35	8	3	497	50	0	500	500	500	0	0	30	
2.1647462799e+02	366	12	37	6	5	495	50	0	500	500	500	0	0	30	
2.1699418466e+02	362	16	35	8	5	495	50	0	500	500	500	0	0	30	
2.1749056350e+02	365	12	39	4	7	493	50	0	500	500	500	0	0	30	
2.1798380958e+02	367	8	36	7	6	494	50	0	500	500	500	0	0	30	
2.1847649242e+02	367	7	38	6	4	496	50	0	500	500	500	0	0	30	
2.1897879247e+02	366	8	34	9	3	497	50	0	500	500	500	0	0	30	
2.1948283683e+02	365	8	34	8	8	492	50	0	500	500	500	0	0	30	
2.1999495266e+02	366	7	36	6	6	494	50	0	500	500	500	0	0	30	
2.2049911020e+02	366	8	36	6	9	491	50	0	500	500	500	0	0	30	
2.2099954103e+02	366	9	32	7	5	495	50	0	500	500	500	0	0	30	
2.2149075096e+02	365	8	27	13	2	498	50	0	500	500	500	0	0	30	
2.2198930169e+02	364	10	34	6	2	498	50	0	500	500	500	0	0	30	
2.2246471950e+02	367	7	29	11	4	496	50	0	500	500	500	0	0	30	
2.2299779629e+02	370	4	31	9	2	498	50	0	500	500	500	0	0	30	
2.2349481795e+02	370	5	33	7	3	497	50	0	500	500	500	0	0	30	
2.2399473670e+02	370	5	34	6	7	493	50	0	500	500	500	0	0	30	
2.2449883334e+02	372	4	32	8	2	498	50	0	500	500	500	0	0	30	
2.2498405152e+02	370	6	32	8	0	500	50	0	500	500	500	0	0	30	
2.2548416169e+02	370	7	35	5	4	496	50	0	500	500	500	0	0	30	
2.2599882473e+02	371	9	35	6	3	497	50	0	500	500	500	0	0	30	
2.2648935965e+02	370	10	33	8	6	494	50	0	500	500	500	0	0	30	
2.2699351582e+02	373	9	30	11	13	487	50	0	500	500	500	0	0	30	
2.2749204610e+02	377	5	32	9	8	492	50	0	500	500	500	0	0	30	
2.2798690448e+02	375	8	29	12	6	494	50	0	500	500	500	0	0	30	
2.2849694817e+02	379	5	28	13	4	496	50	0	500	500	500	0	0	30	
2.2895632103e+02	378	5	31	11	4	496	50	0	500	500	500	0	0	30	
2.2949093388e+02	377	7	30	13	1	499	50	0	500	500	500	0	0	30	
2.2995461753e+02	376	9	29	14	6	494	50	0	500	500	500	0	0	30	
2.3048033604e+02	378	8	36	7	0	500	50	0	500	500	500	0	0	30	
2.3099122678e+02	380	7	33	10	4	496	50	0	500	500	500	0	0	30	
2.3149743039e+02	379	9	32	11	4	496	50	0	500	500	500	0	0	30	
2.3195267794e+02	381	7	36	7	3	497	50	0	500	500	500	0	0	30	
2.3249100149e+02	385	4	32	11	4	496	50	0	500	500	500	0	0	30	
2.3299954848e+02	383	8	33	10	4	496	50	0	500	500	500	0	0	30	
2.3349249470e+02	384	10	36	7	10	490	50	0	500	500	500	0	0	30	
2.3398647896e+02	386	8	28	15	10	490	50	0	500	500	500	0	0	30	
2.3449331211e+02	386	8	30	14	11	489	50	0	500	500	500	0	0	30	
2.3499806502e+02	383	12	35	10	5	495	50	0	500	500	500	0	0	30	
2.3549218295e+02	388	8	37	8	9	491	50	0	500	500	500	0	0	30	
2.3599744668e+02	390	7	33	12	7	493	50	0	500	500	500	0	0	30	
2.3648274597e+02	388	9	35	10	4	496	50	0	500	500	500	0	0	30	
2.3699353639e+02	390	7	38	8	3	497	50	0	500	500	500	0	0	30	
2.3746865270e+02	391	7	34	12	5	495	50	0	500	500	500	0	0	30	
2.3799215704e+02	391	7	39	8	10	490	50	0	500	500	500	0	0	30	
2.3848851973e+02	393	4	40	7	6	494	50	0	500	500	500	0	0	30	
2.3899274415e+02	393	5	40	7	5	495	50	0	500	500	500	0	0	30	
2.3946912501e+02	390	7	41	6	3	497	50	0	500	500	500	0	0	30	
2.3999072414e+02	390	6	39	8	1	499	50	0	500	500	500	0	0	30	
2.4049258081e+02	391	4	36	11	1	499	50	0	500	500	500	0	0	30	
2.4097894629e+02	391	8	34	14	3	497	50	0	500	500	500	0	0	30	
2.4149923175e+02	392	6	36	10	9	491	50	0	500	500	500	0	0	30	
2.4199751476e+02	390	8	40	6	4	496	50	0	500	500	500	0	0	30	
2.4248458753e+02	390	10	36	10	4	496	50	0	500	500	500	0	0	30	
2.4299494169e+02	391	9	30	16	5	495	50	0	500	500	500	0	0	30	
2.4348956980e+02	390	10	36	10	8	492	50	0	500	500	500	0	0	30	
2.4399070093e+02	391	10	36	9	3	497	50	0	500	500	500	0	0	30	
2.4447555726e+02	395	6	38	7	3	497	50	0	500	500	500	0	0	30	
2.4499670473e+02	394	11	37	9	15	485	50	0	500	500	500	0	0	30	
2.4549938444e+02	396	10	40	7	6	494	50	0	500	500	500	0	0	30	
2.4599432465e+02	397	10	34	13	1	499	50	0	500	500	500	0	0	30	
2.4649077919e+02	397	10	39	9	4	496	50	0	500	500	500	0	0	30	
2.4699863920e+02	398	11	34	14	4	496	50	0	500	500	500	0	0	30	
2.4748502760e+02	399	14	33	16	11	489	50	0	500	500	500	0	0	30	
2.4799288390e+02	401	12	41	8	9	491	50	0	500	500	500	0	0	30	
2.4849240216e+02	400	13	34	14	5	495	50	0	500	500	500	0	0	30	
2.4899009210e+02	403	10	36	12	5	495	50	0	500	500	500	0	0	30	
2.4949970457e+02	404	9	34	15	8	492	50	0	500	500	500	0	0	30	
2.4998380348e+02	406	6	41	8	3	497	50	0	500	500	500	0	0	30	
2.5049515517e+02	407	4	43	7	2	498	50	0	500	500	500	0	0	30	
2.5099268123e+02	406	5	37	13	5	495	50	0	500	500	500	0	0	30	
2.5149339233e+02	402	10	37	12	8	492	50	0	500	500	500	0	0	30	
2.5199927249e+02	401	11	35	13	10	490	50	0	500	500	500	0	0	30	
2.5249779435e+02	404	12	37	11	9	491	50	0	500	500	500	0	0	30	
2.5298485029e+02	404	13	38	10	8	492	50	0	500	500	500	0	0	30	
2.5349994229e+02	401	14	38	10	10	490	50	0	500	500	500	0	0	30	
2.5398942832e+02	403	13	37	12	7	493	50	0	500	500	500	0	0	30	
2.5449128238e+02	406	9	33	15	6	494	50	0	500	500	500	0	0	30	
2.5499346500e+02	409	7	35	13	3	497	50	0	500	500	500	0	0	30	
2.5549274527e+02	407	10	35	13	5	495	50	0	500	500	500	0	0	30	
2.5599950930e+02	407	10	37	10	7	493	50	0	500	500	500	0	0	30	
2.5649636428e+02	406	10	40	7	8	492	50	0	500	500	500	0	0	30	
2.5699602328e+02	404	11	38	7	3	497	50	0	500	500	500	0	0	30	
2.5749428742e+02	408	9	34	11	3	497	50	0	500	500	500	0	0	30	
2.5799438974e+02	408	9	33	12	5	495	50	0	500	500	500	0	0	30	
2.5848065930e+02	409	8	41	4	10	490	50	0	500	500	500	0	0	30	
2.5899031365e+02	408	8	38	9	5	495	50	0	500	500	500	0	0	30	
2.5949042082e+02	408	9	39	8	6	494	50	0	500	500	500	0	0	30	
2.5999317517e+02	407	8	39	10	4	496	50	0	500	500	500	0	0	30	
2.6049155392e+02	407	9	38	10	3	497	50	0	500	500	500	0	0	30	
2.6099948627e+02	409	7	39	9	4	496	50	0	500	500	500	0	0	30	
2.6149864934e+02	410	9	38	10	4	496	50	0	500	500	500	0	0	30	
2.6199624581e+02	411	8	39	8	4	496	50	0	500	500	500	0	0	30	
2.6248886704e+02	414	8	38	8	10	490	50	0	500	500	500	0	0	30	
2.6297560269e+02	414	7	35	12	3	497	50	0	500	500	500	0	0	30	
2.6349351131e+02	414	7	36	11	5	495	50	0	500	500	500	0	0	30	
2.6397826222e+02	414	8	33	13	4	496	50	0	500	500	500	0	0	30	
2.6449952099e+02	415	7	36	10	3	497	50	0	500	500	500	0	0	30	
2.6499889444e+02	409	12	31	15	5	495	50	0	500	500	500	0	0	30	
2.6549658181e+02	405	18	35	11	7	493	50	0	500	500	500	0	0	30	
2.6598374170e+02	405	19	36	10	7	493	50	0	500	500	500	0	0	30	
2.6649907185e+02	407	18	34	12	13	487	50	0	500	500	500	0	0	30	
2.6698043038e+02	404	21	38	8	12	488	50	0	500	500	500	0	0	30	
2.6748836327e+02	404	21	38	8	17	483	50	0	500	500	500	0	0	30	
2.6799573816e+02	405	19	39	8	14	486	50	0	500	500	500	0	0	30	
2.6849623110e+02	406	19	36	12	10	490	50	0	500	500	500	0	0	30	
2.6899955082e+02	412	15	39	9	7	493	50	0	500	500	500	0	0	30	
2.6948987803e+02	416	11	38	9	13	487	50	0	500	500	500	0	0	30	
2.6999682582e+02	416	14	32	14	6	494	50	0	500	500	500	0	0	30	
2.7047081470e+02	415	14	38	8	10	490	50	0	500	500	500	0	0	30	
2.7099049172e+02	414	15	39	8	11	489	50	0	500	500	500	0	0	30	
2.7149816476e+02	414	14	33	14	13	487	50	0	500	500	500	0	0	30	
2.7199699575e+02	416	11	42	5	12	488	50	0	500	500	500	0	0	30	
2.7249850160e+02	417	10	37	10	7	493	50	0	500	500	500	0	0	30	
2.7299901525e+02	418	9	39	7	8	492	50	0	500	500	500	0	0	30	
2.7349139140e+02	419	10	36	10	7	493	50	0	500	500	500	0	0	30	
2.7398969829e+02	416	12	35	12	3	497	50	0	500	500	500	0	0	30	
2.7449779275e+02	419	9	40	7	6	494	50	0	500	500	500	0	0	30	
2.7498857502e+02	421	7	37	9	3	497	50	0	500	500	500	0	0	30	
2.7549076427e+02	421	7	36	10	4	496	50	0	500	500	500	0	0	30	
2.7598848168e+02	422	7	39	7	1	499	50	0	500	500	500	0	0	30	
2.7649759860e+02	423	7	40	6	7	493	50	0	500	500	500	0	0	30	
2.7699643569e+02	424	6	35	11	6	494	50	0	500	500	500	0	0	30	
2.7749622673e+02	425	6	35	11	3	497	50	0	500	500	500	0	0	30	
2.7799965607e+02	427	4	35	11	3	497	50	0	500	500	500	0	0	30	
2.7849929608e+02	425	7	27	19	4	496	50	0	500	500	500	0	0	30	
2.7896283432e+02	422	8	30	14	4	496	50	0	500	500	500	0	0	30	
2.7949598253e+02	421	11	33	12	4	496	50	0	500	500	500	0	0	30	
2.7999131279e+02	420	12	38	7	10	490	50	0	500	500	500	0	0	30	
2.8049863031e+02	426	7	37	9	7	493	50	0	500	500	500	0	0	30	
2.8098067295e+02	426	7	34	12	5	495	50	0	500	500	500	0	0	30	
2.8149337366e+02	425	7	30	15	5	495	50	0	500	500	500	0	0	30	
2.8198287967e+02	428	6	34	11	3	497	50	0	500	500	500	0	0	30	
2.8248667758e+02	431	3	33	12	3	497	50	0	500	500	500	0	0	30	
2.8299400829e+02	427	6	30	16	5	495	50	0	500	500	500	0	0	30	
2.8349559251e+02	426	9	35	11	6	494	50	0	500	500	500	0	0	30	
2.8399582842e+02	425	11	34	13	3	497	50	0	500	500	500	0	0	30	
2.8449391090e+02	424	12	41	6	9	491	50	0	500	500	500	0	0	30	
2.8499984135e+02	424	12	38	9	6	494	50	0	500	500	500	0	0	30	
2.8549665038e+02	424	13	40	7	5	495	50	0	500	500	500	0	0	30	
2.8599900874e+02	426	13	37	10	6	494	50	0	500	500	500	0	0	30	
2.8648999387e+02	424	16	38	10	11	489	50	0	500	500	500	0	0	30	
2.8699890870e+02	430	11	41	7	7	493	50	0	500	500	500	0	0	30	
2.8748531126e+02	431	9	38	10	9	491	50	0	500	500	500	0	0	30	
2.8799751075e+02	429	10	32	14	8	492	50	0	500	500	500	0	0	30	
2.8846210650e+02	430	10	35	12	4	496	50	0	500	500	500	0	0	30	
2.8899070401e+02	432	9	30	17	6	494	50	0	500	500	500	0	0	30	
2.8949875294e+02	431	9	39	9	4	496	50	0	500	500	500	0	0	30	
2.8998935990e+02	434	8	35	11	6	494	50	0	500	500	500	0	0	30	
2.9049064787e+02	433	10	33	12	3	497	50	0	500	500	500	0	0	30	
2.9099918308e+02	430	13	37	8	11	489	50	0	500	500	500	0	0	30	
2.9149924869e+02	432	11	38	9	8	492	50	0	500	500	500	0	0	30	
2.9199495443e+02	433	11	31	17	6	494	50	0	500	500	500	0	0	30	
2.9249260752e+02	437	10	33	15	2	498	50	0	500	500	500	0	0	30	
2.9299921876e+02	437	11	36	12	8	492	50	0	500	500	500	0	0	30	
2.9348250429e+02	441	7	33	15	4	496	50	0	500	500	500	0	0	30	
2.9399665534e+02	440	8	30	18	6	494	50	0	500	500	500	0	0	30	
2.9446465263e+02	439	7	40	7	6	494	50	0	500	500	500	0	0	30	
2.9499985104e+02	437	8	38	9	10	490	50	0	500	500	500	0	0	30	
2.9547038401e+02	438	6	38	9	4	496	50	0	500	500	500	0	0	30	
2.9599658389e+02	441	4	36	11	4	496	50	0	500	500	500	0	0	30	
2.9649438144e+02	439	5	41	7	4	496	50	0	500	500	500	0	0	30	
2.9696049462e+02	442	3	37	11	7	493	50	0	500	500	500	0	0	30	
2.9746994950e+02	441	3	37	10	5	495	50	0	500	500	500	0	0	30	
2.9798001045e+02	440	3	34	13	3	497	50	0	500	500	500	0	0	30	
2.9848850720e+02	439	5	35	12	1	499	50	0	500	500	500	0	0	30	
2.9898636973e+02	441	4	39	9	4	496	50	0	500	500	500	0	0	30	
2.9948490842e+02	441	4	39	9	5	495	50	0	500	500	500	0	0	30	
2.9998945969e+02	441	5	39	9	6	494	50	0	500	500	500	0	0	30	
3.0049188914e+02	441	7	41	7	7	493	50	0	500	500	500	0	0	30	
3.0099777852e+02	441	7	37	11	2	498	50	0	500	500	500	0	0	30	
3.0149541804e+02	438	11	33	14	8	492	50	0	500	500	500	0	0	30	
3.0199615648e+02	438	13	36	10	6	494	50	0	500	500	500	0	0	30	
3.0249507974e+02	439	13	37	9	6	494	50	0	500	500	500	0	0	30	
3.0299435934e+02	442	10	36	10	11	489	50	0	500	500	500	0	0	30	
3.0349207625e+02	442	10	33	13	7	493	50	0	500	500	500	0	0	30	
3.0399430791e+02	442	11	36	11	12	488	50	0	500	500	500	0	0	30	
3.0449931232e+02	445	8	40	8	8	492	50	0	500	500	500	0	0	30	
3.0499795760e+02	445	9	40	8	14	486	50	0	500	500	500	0	0	30	
3.0549674567e+02	446	9	37	12	6	494	50	0	500	500	500	0	0	30	
3.0599583333e+02	444	11	36	14	8	492	50	0	500	500	500	0	0	30	
3.0649449724e+02	443	12	38	12	4	496	50	0	500	500	500	0	0	30	
3.0699984383e+02	445	10	40	10	7	493	50	0	500	500	500	0	0	30	
3.0748898669e+02	446	9	40	10	11	489	50	0	500	500	500	0	0	30	
3.0799990657e+02	446	9	32	19	4	496	50	0	500	500	500	0	0	30	
3.0849401072e+02	445	9	34	18	4	496	50	0	500	500	500	0	0	30	
3.0897125131e+02	448	8	44	7	7	493	50	0	500	500	500	0	0	30	
3.0949814706e+02	450	9	44	7	6	494	50	0	500	500	500	0	0	30	
3.0999568394e+02	452	8	41	10	3	497	50	0	500	500	500	0	0	30	
3.1049485502e+02	450	11	36	14	1	499	50	0	500	500	500	0	0	30	
3.1096339611e+02	452	10	34	14	6	494	50	0	500	500	500	0	0	30	
3.1149939629e+02	448	12	36	12	7	493	50	0	500	500	500	0	0	30	
3.1199201332e+02	448	13	32	16	17	483	50	0	500	500	500	0	0	30	
3.1249844844e+02	448	14	31	17	10	490	50	0	500	500	500	0	0	30	
3.1299235272e+02	450	12	41	7	11	489	50	0	500	500	500	0	0	30	
3.1348461196e+02	452	10	37	11	8	492	50	0	500	500	500	0	0	30	
3.1399399884e+02	455	7	42	7	6	494	50	0	500	500	500	0	0	30	
3.1449706167e+02	454	9	38	13	5	495	50	0	500	500	500	0	0	30	
3.1497027299e+02	455	8	43	8	10	490	50	0	500	500	500	0	0	30	
3.1549785139e+02	457	9	39	11	8	492	50	0	500	500	500	0	0	30	
3.1598620343e+02	457	10	46	4	7	493	50	0	500	500	500	0	0	30	
3.1648440232e+02	458	9	35	15	12	488	50	0	500	500	500	0	0	30	
3.1699894714e+02	460	10	38	12	13	487	50	0	500	500	500	0	0	30	
3.1748472948e+02	460	11	42	8	6	494	50	0	500	500	500	0	0	30	
3.1799213003e+02	461	10	39	11	10	490	50	0	500	500	500	0	0	30	
3.1848901962e+02	462	9	40	10	2	498	50	0	500	500	500	0	0	30	
3.1899287189e+02	464	7	40	11	11	489	50	0	500	500	500	0	0	30	
3.1949742830e+02	463	7	40	11	8	492	50	0	500	500	500	0	0	30	
3.1999817912e+02	461	8	37	14	7	493	50	0	500	500	500	0	0	30	
3.2049227511e+02	460	11	33	17	6	494	50	0	500	500	500	0	0	30	
3.2099638402e+02	460	10	36	14	10	490	50	0	500	500	500	0	0	30	
3.2149628225e+02	459	13	41	9	5	495	50	0	500	500	500	0	0	30	
3.2199780880e+02	458	15	41	9	7	493	50	0	500	500	500	0	0	30	
3.2249898270e+02	460	13	41	9	7	493	50	0	500	500	500	0	0	30	
3.2299277936e+02	465	8	34	16	7	493	50	0	500	500	500	0	0	30	
3.2346510249e+02	464	8	42	8	6	494	50	0	500	500	500	0	0	30	
3.2399459484e+02	460	12	39	11	5	495	50	0	500	500	500	0	0	30	
3.2449562576e+02	460	14	41	9	15	485	50	0	500	500	500	0	0	30	
3.2499743280e+02	468	7	44	6	8	492	50	0	500	500	500	0	0	30	
3.2549830052e+02	468	7	43	8	4	496	50	0	500	500	500	0	0	30	
3.2599869445e+02	468	7	40	11	5	495	50	0	500	500	500	0	0	30	
3.2648902546e+02	469	7	45	6	4	496	50	0	500	500	500	0	0	30	
3.2698601462e+02	469	6	43	8	5	495	50	0	500	500	500	0	0	30	
3.2748280128e+02	469	7	45	5	6	494	50	0	500	500	500	0	0	30	
3.2799339454e+02	470	6	42	8	5	495	50	0	500	500	500	0	0	30	
3.2849600348e+02	473	2	42	9	3	497	50	0	500	500	500	0	0	30	
3.2898970365e+02	471	4	40	10	2	498	50	0	500	500	500	0	0	30	
3.2948619238e+02	470	7	41	8	4	496	50	0	500	500	500	0	0	30	
3.2999202483e+02	471	6	38	10	8	492	50	0	500	500	500	0	0	30	
3.3049976700e+02	472	4	40	8	5	495	50	0	500	500	500	0	0	30	
3.3098400537e+02	473	4	37	11	3	497	50	0	500	500	500	0	0	30	
3.3146624586e+02	472	9	33	14	6	494	50	0	500	500	500	0	0	30	
3.3197270825e+02	471	13	38	9	5	495	50	0	500	500	500	0	0	30	
3.3249409594e+02	475	10	38	9	4	496	50	0	500	500	500	0	0	30	
3.3298808807e+02	474	12	33	14	6	494	50	0	500	500	500	0	0	30	
3.3347979795e+02	480	6	29	18	4	496	50	0	500	500	500	0	0	30	
3.3396912152e+02	478	7	35	12	3	497	50	0	500	500	500	0	0	30	
3.3447491089e+02	479	6	41	6	8	492	50	0	500	500	500	0	0	30	
3.3499960343e+02	477	8	41	7	6	494	50	0	500	500	500	0	0	30	
3.3549352023e+02	477	9	34	14	5	495	50	0	500	500	500	0	0	30	
3.3599988070e+02	476	10	37	12	10	490	50	0	500	500	500	0	0	30	
3.3649657350e+02	477	9	34	15	9	491	50	0	500	500	500	0	0	30	
3.3699527078e+02	475	11	35	15	7	493	50	0	500	500	500	0	0	30	
3.3749805731e+02	475	12	37	13	8	492	50	0	500	500	500	0	0	30	
3.3799952340e+02	477	10	39	11	7	493	50	0	500	500	500	0	0	30	
3.3849991413e+02	477	10	39	10	6	494	50	0	500	500	500	0	0	30	
3.3899882989e+02	473	15	41	9	6	494	50	0	500	500	500	0	0	30	
3.3949392370e+02	475	15	41	9	10	490	50	0	500	500	500	0	0	30	
3.3999959850e+02	483	10	38	12	12	488	50	0	500	500	500	0	0	30	
3.4049465478e+02	482	11	44	6	10	490	50	0	500	500	500	0	0	30	
3.4098968061e+02	482	13	39	11	15	485	50	0	500	500	500	0	0	30	
3.4149107583e+02	482	11	45	5	6	494	50	0	500	500	500	0	0	30	
3.4198956633e+02	482	12	42	8	9	491	50	0	500	500	500	0	0	30	
3.4248302605e+02	481	12	40	10	8	492	50	0	500	500	500	0	0	30	
3.4299506684e+02	484	9	34	14	5	495	50	0	500	500	500	0	0	30	
3.4348541693e+02	483	11	40	8	7	493	50	0	500	500	500	0	0	30	
3.4399739379e+02	487	9	40	8	9	491	50	0	500	500	500	0	0	30	
3.4447185917e+02	488	6	39	9	3	497	50	0	500	500	500	0	0	30	
3.4499443797e+02	489	5	34	14	6	494	50	0	500	500	500	0	0	30	
3.4549907320e+02	490	4	31	17	4	496	50	0	500	500	500	0	0	30	
3.4598765084e+02	486	8	29	18	9	491	50	0	500	500	500	0	0	30	
3.4648865748e+02	487	6	28	19	4	496	50	0	500	500	500	0	0	30	
3.4699238750e+02	487	8	36	11	6	494	50	0	500	500	500	0	0	30	
3.4749065420e+02	487	7	35	12	7	493	50	0	500	500	500	0	0	30	
3.4799363193e+02	485	10	38	11	4	496	50	0	500	500	500	0	0	30	
3.4849680670e+02	485	12	40	9	4	496	50	0	500	500	500	0	0	30	
3.4898880899e+02	486	12	38	11	3	497	50	0	500	500	500	0	0	30	
3.4946159940e+02	487	11	39	10	3	497	50	0	500	500	500	0	0	30	
3.4999947899e+02	488	11	38	10	11	489	50	0	500	500	500	0	0	30	
3.5049905933e+02	490	9	41	8	7	493	50	0	500	500	500	0	0	30	
3.5098933355e+02	489	10	42	8	9	491	50	0	500	500	500	0	0	30	
3.5149239870e+02	492	11	39	10	3	497	50	0	500	500	500	0	0	30	
3.5199334217e+02	492	11	40	9	3	497	50	0	500	500	500	0	0	30	
3.5249405191e+02	494	12	34	15	6	494	50	0	500	500	500	0	0	30	
3.5299744390e+02	497	9	41	9	6	494	50	0	500	500	500	0	0	30	
3.5348268042e+02	498	7	40	11	7	493	50	0	500	500	500	0	0	30	
3.5399523249e+02	502	4	41	10	1	499	50	0	500	500	500	0	0	30	
3.5449929640e+02	502	5	44	7	5	495	50	0	500	500	500	0	0	30	
3.5499556043e+02	500	7	47	4	7	493	50	0	500	500	500	0	0	30	
3.5549397567e+02	501	7	38	13	6	494	50	0	500	500	500	0	0	30	
3.5598668474e+02	500	9	38	13	7	493	50	0	500	500	500	0	0	30	
3.5649307603e+02	500	7	40	11	7	493	50	0	500	500	500	0	0	30	
3.5699277674e+02	500	10	39	12	4	496	50	0	500	500	500	0	0	30	
3.5747962850e+02	502	7	42	9	6	494	50	0	500	500	500	0	0	30	
3.5797092744e+02	501	9	40	11	5	495	50	0	500	500	500	0	0	30	
3.5849954315e+02	503	8	45	6	5	495	50	0	500	500	500	0	0	30	
3.5898955384e+02	503	10	46	5	3	497	50	0	500	500	500	0	0	30	
3.5949504827e+02	507	7	41	9	9	491	50	0	500	500	500	0	0	30	
3.5999456270e+02	508	6	40	9	7	493	50	0	500	500	500	0	0	30	
3.6048492854e+02	507	7	34	14	5	495	50	0	500	500	500	0	0	30	
3.6099679163e+02	506	8	33	16	8	492	50	0	500	500	500	0	0	30	
3.6149553753e+02	506	8	35	14	5	495	50	0	500	500	500	0	0	30	
3.6199811611e+02	505	7	35	15	3	497	50	0	500	500	500	0	0	30	
3.6248482101e+02	507	5	44	5	2	498	50	0	500	500	500	0	0	30	
3.6299516316e+02	507	5	42	7	1	499	50	0	500	500	500	0	0	30	
3.6349594354e+02	506	6	36	14	5	495	50	0	500	500	500	0	0	30	
3.6399959304e+02	506	10	36	13	8	492	50	0	500	500	500	0	0	30	
3.6449946390e+02	510	6	40	9	7	493	50	0	500	500	500	0	0	30	
3.6499911613e+02	512	3	37	12	6	494	50	0	500	500	500	0	0	30	
3.6548887834e+02	510	8	40	9	5	495	50	0	500	500	500	0	0	30	
3.6599833856e+02	509	8	41	9	8	492	50	0	500	500	500	0	0	30	
3.6649335647e+02	509	9	40	10	6	494	50	0	500	500	500	0	0	30	
3.6699068951e+02	509	9	36	14	10	490	50	0	500	500	500	0	0	30	
3.6747859908e+02	508	10	42	8	1	499	50	0	500	500	500	0	0	30	
3.6799077022e+02	506	12	41	9	3	497	50	0	500	500	500	0	0	30	
3.6849111190e+02	512	8	39	11	6	494	50	0	500	500	500	0	0	30	
3.6899163649e+02	512	6	39	12	8	492	50	0	500	500	500	0	0	30	
3.6949525884e+02	512	8	41	10	6	494	50	0	500	500	500	0	0	30	
3.6999751368e+02	514	8	39	12	8	492	50	0	500	500	500	0	0	30	
3.7049115950e+02	515	7	43	9	6	494	50	0	500	500	500	0	0	30	
3.7097497890e+02	516	6	44	8	4	496	50	0	500	500	500	0	0	30	
3.7149907402e+02	518	6	38	13	6	494	50	0	500	500	500	0	0	30	
3.7199227777e+02	516	7	42	9	6	494	50	0	500	500	500	0	0	30	
3.7249973261e+02	516	6	38	13	7	493	50	0	500	500	500	0	0	30	
3.7297313389e+02	516	8	36	14	4	496	50	0	500	500	500	0	0	30	
3.7349519420e+02	518	6	34	17	3	497	50	0	500	500	500	0	0	30	
3.7398830564e+02	519	8	34	17	3	497	50	0	500	500	500	0	0	30	
3.7449882003e+02	520	8	36	15	8	492	50	0	500	500	500	0	0	30	
3.7499653133e+02	519	10	39	12	9	491	50	0	500	500	500	0	0	30	
3.7549081112e+02	520	10	38	11	6	494	50	0	500	500	500	0	0	30	
3.7598882606e+02	521	11	38	12	5	495	50	0	500	500	500	0	0	30	
3.7647725775e+02	519	11	39	11	4	496	50	0	500	500	500	0	0	30	
3.7699105195e+02	521	10	47	4	3	497	50	0	500	500	500	0	0	30	
3.7748803194e+02	523	8	38	13	7	493	50	0	500	500	500	0	0	30	
3.7799754062e+02	523	7	38	13	5	495	50	0	500	500	500	0	0	30	
3.7849671294e+02	519	11	42	10	11	489	50	0	500	500	500	0	0	30	
3.7899361111e+02	521	10	38	13	8	492	50	0	500	500	500	0	0	30	
3.7949236605e+02	520	10	42	8	3	497	50	0	500	500	500	0	0	30	
3.7997988166e+02	523	9	36	14	9	491	50	0	500	500	500	0	0	30	
3.8049970997e+02	520	11	33	17	5	495	50	0	500	500	500	0	0	30	
3.8099505248e+02	523	9	43	8	9	491	50	0	500	500	500	0	0	30	
3.8149221235e+02	522	12	41	10	6	494	50	0	500	500	500	0	0	30	
3.8199948698e+02	526	8	40	11	7	493	50	0	500	500	500	0	0	30	
3.8248129473e+02	523	12	41	9	6	494	50	0	500	500	500	0	0	30	
3.8299834985e+02	524	12	44	6	10	490	50	0	500	500	500	0	0	30	
3.8347401920e+02	527	8	43	6	6	494	50	0	500	500	500	0	0	30	
3.8399208506e+02	525	12	38	10	2	498	50	0	500	500	500	0	0	30	
3.8449887163e+02	529	9	37	11	7	493	50	0	500	500	500	0	0	30	
3.8499848435e+02	530	9	36	12	8	492	50	0	500	500	500	0	0	30	
3.8549307518e+02	525	15	39	9	7	493	50	0	500	500	500	0	0	30	
3.8599321467e+02	526	13	37	10	12	488	50	0	500	500	500	0	0	30	
3.8649195072e+02	530	8	32	15	3	497	50	0	500	500	500	0	0	30	
3.8697986303e+02	530	10	38	9	6	494	50	0	500	500	500	0	0	30	
3.8749936264e+02	531	9	40	7	4	496	50	0	500	500	500	0	0	30	
3.8799634153e+02	532	9	38	9	4	496	50	0	500	500	500	0	0	30	
3.8849698911e+02	532	9	37	10	9	491	50	0	500	500	500	0	0	30	
3.8899058372e+02	535	5	36	11	8	492	50	0	500	500	500	0	0	30	
3.8948639078e+02	535	6	38	9	5	495	50	0	500	500	500	0	0	30	
3.8998841997e+02	530	10	31	16	6	494	50	0	500	500	500	0	0	30	
3.9049982698e+02	530	10	35	12	10	490	50	0	500	500	500	0	0	30	
3.9097447484e+02	534	6	38	9	4	496	50	0	500	500	500	0	0	30	
3.9148724888e+02	533	7	40	7	3	497	50	0	500	500	500	0	0	30	
3.9199129889e+02	535	5	41	6	3	497	50	0	500	500	500	0	0	30	
3.9249556367e+02	535	5	37	10	6	494	50	0	500	500	500	0	0	30	
3.9298882934e+02	536	4	36	12	10	490	50	0	500	500	500	0	0	30	
3.9346877748e+02	534	6	39	8	5	495	50	0	500	500	500	0	0	30	
3.9398884885e+02	533	6	30	17	3	497	50	0	500	500	500	0	0	30	
3.9446754164e+02	532	7	30	17	3	497	50	0	500	500	500	0	0	30	
3.9499793879e+02	532	6	37	11	8	492	50	0	500	500	500	0	0	30	
3.9545464077e+02	533	4	37	11	4	496	50	0	500	500	500	0	0	30	
3.9599233787e+02	532	5	37	11	4	496	50	0	500	500	500	0	0	30	
3.9649141682e+02	531	6	35	13	0	500	50	0	500	500	500	0	0	30	
3.9698042078e+02	531	5	37	11	5	495	50	0	500	500	500	0	0	30	
3.9747615471e+02	530	7	39	10	6	494	50	0	500	500	500	0	0	30	
3.9799560463e+02	531	5	35	13	3	497	50	0	500	500	500	0	0	30	
3.9848581739e+02	531	5	37	11	1	499	50	0	500	500	500	0	0	30	
3.9899382020e+02	529	7	31	17	4	496	50	0	500	500	500	0	0	30	
3.9949640233e+02	529	7	38	11	7	493	50	0	500	500	500	0	0	30	
3.9999217909e+02	529	8	35	13	4	496	50	0	500	500	500	0	0	30	
4.0049941528e+02	529	9	35	12	3	497	50	0	500	500	500	0	0	30	
4.0099690024e+02	528	8	37	12	7	493	50	0	500	500	500	0	0	30	
4.0148894593e+02	529	7	44	5	6	494	50	0	500	500	500	0	0	30	
4.0199126398e+02	527	9	41	8	6	494	50	0	500	500	500	0	0	30	
4.0249578683e+02	529	8	43	6	9	491	50	0	500	500	500	0	0	30	
4.0299512829e+02	526	10	44	5	6	494	50	0	500	500	500	0	0	30	
4.0349597947e+02	526	9	41	8	10	490	50	0	500	500	500	0	0	30	
4.0399486166e+02	528	8	37	12	5	495	50	0	500	500	500	0	0	30	
4.0448946077e+02	529	7	35	14	3	497	50	0	500	500	500	0	0	30	
4.0496009918e+02	528	9	33	16	4	496	50	0	500	500	500	0	0	30	
4.0549679938e+02	527	11	34	15	4	496	50	0	500	500	500	0	0	30	
4.0597052696e+02	526	11	42	8	10	490	50	0	500	500	500	0	0	30	
4.0649652640e+02	527	10	40	10	8	492	50	0	500	500	500	0	0	30	
4.0699122795e+02	525	11	38	13	6	494	50	0	500	500	500	0	0	30	
4.0749279128e+02	528	9	41	11	8	492	50	0	500	500	500	0	0	30	
4.0799534465e+02	527	8	43	9	10	490	50	0	500	500	500	0	0	30	
4.0849931622e+02	530	7	45	7	3	497	50	0	500	500	500	0	0	30	
4.0899461301e+02	529	8	42	10	10	490	50	0	500	500	500	0	0	30	
4.0949774304e+02	531	10	43	9	10	490	50	0	500	500	500	0	0	30	
4.0999509903e+02	532	9	38	14	8	492	50	0	500	500	500	0	0	30	
4.1049626731e+02	529	9	44	8	4	496	50	0	500	500	500	0	0	30	
4.1099315514e+02	529	13	40	12	8	492	50	0	500	500	500	0	0	30	
4.1149967668e+02	528	13	46	6	4	496	50	0	500	500	500	0	0	30	
4.1198972457e+02	531	12	45	7	5	495	50	0	500	500	500	0	0	30	
4.1247194302e+02	534	9	42	10	7	493	50	0	500	500	500	0	0	30	
4.1299438033e+02	532	10	39	13	2	498	50	0	500	500	500	0	0	30	
4.1349840866e+02	535	6	42	10	4	496	50	0	500	500	500	0	0	30	
4.1397333985e+02	537	5	40	12	6	494	50	0	500	500	500	0	0	30	
4.1449293698e+02	537	4	38	13	0	500	50	0	500	500	500	0	0	30	
4.1498725218e+02	537	4	41	12	2	498	50	0	500	500	500	0	0	30	
4.1548077234e+02	534	4	43	11	3	497	50	0	500	500	500	0	0	30	
4.1598304122e+02	534	3	42	13	2	498	50	0	500	500	500	0	0	30	
4.1647621720e+02	533	3	46	8	3	497	50	0	500	500	500	0	0	30	
4.1698146111e+02	532	4	43	11	6	494	50	0	500	500	500	0	0	30	
4.1748898620e+02	532	3	41	13	5	495	50	0	500	500	500	0	0	30	
4.1798910120e+02	531	5	41	12	7	493	50	0	500	500	500	0	0	30	
4.1849466675e+02	529	7	42	11	8	492	50	0	500	500	500	0	0	30	
4.1899470621e+02	530	8	37	16	1	499	50	0	500	500	500	0	0	30	
4.1949903487e+02	531	7	43	10	4	496	50	0	500	500	500	0	0	30	
4.1999810459e+02	530	7	42	13	6	494	50	0	500	500	500	0	0	30	
4.2049684653e+02	531	6	48	7	3	497	50	0	500	500	500	0	0	30	
4.2099590734e+02	532	7	47	7	3	497	50	0	500	500	500	0	0	30	
4.2149747421e+02	532	7	43	13	3	497	50	0	500	500	500	0	0	30	
4.2199000768e+02	531	11	46	12	4	496	50	0	500	500	500	0	0	30	
4.2249840444e+02	530	13	52	6	10	490	50	0	500	500	500	0	0	30	
4.2299927903e+02	532	11	49	10	7	493	50	0	500	500	500	0	0	30	
4.2349269052e+02	527	15	45	14	3	497	50	0	500	500	500	0	0	30	
4.2398591942e+02	526	15	49	10	8	492	50	0	500	500	500	0	0	30	
4.2449883598e+02	530	12	47	12	13	487	50	0	500	500	500	0	0	30	
4.2499915485e+02	532	9	48	11	11	489	50	0	500	500	500	0	0	30	
4.2548935396e+02	535	6	55	4	6	494	50	0	500	500	500	0	0	30	
4.2597522340e+02	536	4	52	8	7	493	50	0	500	500	500	0	0	30	
4.2649392830e+02	536	4	47	13	4	496	50	0	500	500	500	0	0	30	
4.2699867213e+02	532	11	48	13	6	494	50	0	500	500	500	0	0	30	
4.2749994258e+02	532	12	44	17	6	494	50	0	500	500	500	0	0	30	
4.2799421275e+02	530	14	40	20	6	494	50	0	500	500	500	0	0	30	
4.2849856778e+02	533	13	35	24	8	492	50	0	500	500	500	0	0	30	
4.2899964821e+02	534	13	44	15	7	493	50	0	500	500	500	0	0	30	
4.2948495802e+02	536	11	51	9	11	489	50	0	500	500	500	0	0	30	
4.2999912149e+02	539	9	52	8	6	494	50	0	500	500	500	0	0	30	
4.3049682718e+02	536	11	52	8	3	497	50	0	500	500	500	0	0	30	
4.3098588524e+02	538	9	53	7	0	500	50	0	500	500	500	0	0	30	
4.3149848424e+02	536	11	52	8	4	496	50	0	500	500	500	0	0	30	
4.3197445730e+02	535	12	47	13	6	494	50	0	500	500	500	0	0	30	
4.3249854248e+02	536	12	42	18	9	491	50	0	500	500	500	0	0	30	
4.3299888588e+02	535	14	56	2	8	492	50	0	500	500	500	0	0	30	
4.3347466560e+02	538	11	49	8	5	495	50	0	500	500	500	0	0	30	
4.3399546999e+02	535	11	51	5	5	495	50	0	500	500	500	0	0	30	
4.3448975221e+02	537	12	43	11	4	496	50	0	500	500	500	0	0	30	
4.3499351857e+02	538	12	39	13	6	494	50	0	500	500	500	0	0	30	
4.3548461790e+02	537	16	41	11	9	491	50	0	500	500	500	0	0	30	
4.3599973164e+02	538	14	45	7	10	490	50	0	500	500	500	0	0	30	
4.3647550016e+02	538	14	41	11	9	491	50	0	500	500	500	0	0	30	
4.3699114607e+02	540	14	46	6	13	487	50	0	500	500	500	0	0	30	
4.3749995466e+02	538	15	35	17	13	487	50	0	500	500	500	0	0	30	
4.3798633845e+02	537	16	37	15	11	489	50	0	500	500	500	0	0	30	
4.3849792159e+02	536	16	35	16	10	490	50	0	500	500	500	0	0	30	
4.3899698393e+02	538	17	45	7	10	490	50	0	500	500	500	0	0	30	
4.3948611732e+02	543	12	37	15	9	491	50	0	500	500	500	0	0	30	
4.3998999282e+02	541	13	35	15	7	493	50	0	500	500	500	0	0	30	
4.4049355908e+02	544	10	38	12	6	494	50	0	500	500	500	0	0	30	
4.4099321764e+02	545	10	38	12	3	497	50	0	500	500	500	0	0	30	
4.4148088047e+02	543	14	36	13	3	497	50	0	500	500	500	0	0	30	
4.4199699239e+02	546	12	45	4	7	493	50	0	500	500	500	0	0	30	
4.4249567925e+02	548	11	42	7	9	491	50	0	500	500	500	0	0	30	
4.4299536437e+02	550	10	44	5	15	485	50	0	500	500	500	0	0	30	
4.4349464157e+02	550	12	45	4	9	491	50	0	500	500	500	0	0	30	
4.4398890261e+02	552	8	31	18	4	496	50	0	500	500	500	0	0	30	
4.4448896037e+02	551	10	38	12	5	495	50	0	500	500	500	0	0	30	
4.4498952782e+02	552	9	39	11	5	495	50	0	500	500	500	0	0	30	
4.4549990099e+02	554	10	43	7	7	493	50	0	500	500	500	0	0	30	
4.4599042902e+02	555	9	38	12	13	487	50	0	500	500	500	0	0	30	
4.4649927243e+02	554	10	44	7	9	491	50	0	500	500	500	0	0	30	
4.4699977114e+02	552	13	45	6	9	491	50	0	500	500	500	0	0	30	
4.4749666818e+02	552	12	41	9	11	489	50	0	500	500	500	0	0	30	
4.4799326013e+02	554	11	41	7	8	492	50	0	500	500	500	0	0	30	
4.4849423551e+02	556	9	36	11	5	495	50	0	500	500	500	0	0	30	
4.4899906543e+02	559	6	38	10	4	496	50	0	500	500	500	0	0	30	
4.4949521838e+02	558	7	41	7	4	496	50	0	500	500	500	0	0	30	
4.4999526679e+02	559	6	34	14	3	497	50	0	500	500	500	0	0	30	
4.5047568840e+02	558	7	37	11	6	494	50	0	500	500	500	0	0	30	
4.5096772494e+02	559	8	37	11	8	492	50	0	500	500	500	0	0	30	
4.5148554545e+02	555	11	35	13	11	489	50	0	500	500	500	0	0	30	
4.5199999839e+02	552	13	37	11	10	490	50	0	500	500	500	0	0	30	
4.5249610423e+02	552	13	44	4	10	490	50	0	500	500	500	0	0	30	
4.5299320925e+02	553	13	38	9	2	498	50	0	500	500	500	0	0	30	
4.5349681758e+02	551	15	33	12	5	495	50	0	500	500	500	0	0	30	
4.5399550702e+02	551	17	35	10	8	492	50	0	500	500	500	0	0	30	
4.5449674525e+02	554	14	42	4	9	491	50	0	500	500	500	0	0	30	
4.5499671914e+02	554	15	44	2	7	493	50	0	500	500	500	0	0	30	
4.5544709988e+02	558	12	35	11	13	487	50	0	500	500	500	0	0	30	
4.5599915343e+02	559	12	37	10	9	491	50	0	500	500	500	0	0	30	
4.5648668025e+02	558	13	36	12	6	494	50	0	500	500	500	0	0	30	
4.5699518788e+02	558	13	38	10	7	493	50	0	500	500	500	0	0	30	
4.5749891723e+02	555	14	37	11	8	492	50	0	500	500	500	0	0	30	
4.5799983795e+02	557	9	40	7	6	494	50	0	500	500	500	0	0	30	
4.5849984586e+02	556	7	38	8	7	493	50	0	500	500	500	0	0	30	
4.5899576078e+02	554	8	43	4	10	490	50	0	500	500	500	0	0	30	
4.5949302004e+02	556	5	42	5	3	497	50	0	500	500	500	0	0	30	
4.5999658816e+02	548	13	40	7	4	496	50	0	500	500	500	0	0	30	
4.6049261645e+02	552	9	33	13	5	495	50	0	500	500	500	0	0	30	
4.6098283817e+02	555	8	38	9	5	495	50	0	500	500	500	0	0	30	
4.6147256454e+02	551	10	36	11	3	497	50	0	500	500	500	0	0	30	
4.6199104479e+02	549	11	36	11	2	498	50	0	500	500	500	0	0	30	
4.6249408986e+02	551	9	35	12	8	492	50	0	500	500	500	0	0	30	
4.6299327863e+02	551	10	39	9	4	496	50	0	500	500	500	0	0	30	
4.6348838224e+02	549	12	36	10	8	492	50	0	500	500	500	0	0	30	
4.6399064724e+02	551	10	38	8	7	493	50	0	500	500	500	0	0	30	
4.6448977168e+02	552	9	35	11	7	493	50	0	500	500	500	0	0	30	
4.6498851815e+02	551	9	37	10	8	492	50	0	500	500	500	0	0	30	
4.6549589586e+02	549	14	35	12	5	495	50	0	500	500	500	0	0	30	
4.6599766305e+02	549	12	33	14	4	496	50	0	500	500	500	0	0	30	
4.6649568187e+02	548	12	33	14	10	490	50	0	500	500	500	0	0	30	
4.6699945572e+02	550	10	38	8	7	493	50	0	500	500	500	0	0	30	
4.6749767798e+02	549	13	36	10	10	490	50	0	500	500	500	0	0	30	
4.6799135767e+02	550	14	35	10	6	494	50	0	500	500	500	0	0	30	
4.6849924168e+02	551	15	37	9	13	487	50	0	500	500	500	0	0	30	
4.6899786085e+02	556	12	41	5	7	493	50	0	500	500	500	0	0	30	
4.6946081900e+02	555	13	42	3	5	495	50	0	500	500	500	0	0	30	
4.6999519402e+02	556	11	35	10	9	491	50	0	500	500	500	0	0	30	
4.7049866570e+02	556	12	36	9	2	498	50	0	500	500	500	0	0	30	
4.7098942227e+02	556	10	35	10	3	497	50	0	500	500	500	0	0	30	
4.7146893345e+02	559	8	36	9	10	490	50	0	500	500	500	0	0	30	
4.7198068603e+02	562	4	37	8	3	497	50	0	500	500	500	0	0	30	
4.7248969093e+02	559	6	39	5	4	496	50	0	500	500	500	0	0	30	
4.7299695373e+02	560	6	31	13	6	494	50	0	500	500	500	0	0	30	
4.7348568511e+02	559	7	32	12	11	489	50	0	500	500	500	0	0	30	
4.7399908609e+02	560	7	37	7	6	494	50	0	500	500	500	0	0	30	
4.7448588948e+02	560	7	34	9	5	495	50	0	500	500	500	0	0	30	
4.7499730630e+02	560	8	35	8	3	497	50	0	500	500	500	0	0	30	
4.7549626653e+02	556	12	36	7	7	493	50	0	500	500	500	0	0	30	
4.7599567519e+02	561	7	37	6	8	492	50	0	500	500	500	0	0	30	
4.7648050959e+02	562	7	34	9	5	495	50	0	500	500	500	0	0	30	
4.7699866853e+02	557	10	29	14	8	492	50	0	500	500	500	0	0	30	
4.7749602631e+02	560	9	32	11	5	495	50	0	500	500	500	0	0	30	
4.7798277485e+02	559	15	35	8	7	493	50	0	500	500	500	0	0	30	
4.7849815588e+02	564	11	33	10	8	492	50	0	500	500	500	0	0	30	
4.7897657819e+02	564	12	32	11	10	490	50	0	500	500	500	0	0	30	
4.7949842569e+02	563	12	32	11	4	496	50	0	500	500	500	0	0	30	
4.7999464260e+02	564	10	32	11	2	498	50	0	500	500	500	0	0	30	
4.8049455084e+02	563	12	30	12	5	495	50	0	500	500	500	0	0	30	
4.8099975330e+02	564	11	36	6	6	494	50	0	500	500	500	0	0	30	
4.8149037119e+02	564	10	32	11	8	492	50	0	500	500	500	0	0	30	
4.8198035610e+02	562	13	34	9	5	495	50	0	500	500	500	0	0	30	
4.8249903920e+02	563	13	34	9	5	495	50	0	500	500	500	0	0	30	
4.8299867714e+02	566	10	31	11	4	496	50	0	500	500	500	0	0	30	
4.8349891168e+02	563	13	37	5	4	496	50	0	500	500	500	0	0	30	
4.8398426021e+02	564	11	31	12	6	494	50	0	500	500	500	0	0	30	
4.8449202937e+02	565	11	37	7	7	493	50	0	500	500	500	0	0	30	
4.8499945223e+02	566	10	35	8	6	494	50	0	500	500	500	0	0	30	
4.8547797623e+02	568	9	36	7	6	494	50	0	500	500	500	0	0	30	
4.8597380666e+02	568	8	39	4	7	493	50	0	500	500	500	0	0	30	
4.8649974766e+02	570	7	38	5	3	497	50	0	500	500	500	0	0	30	
4.8699189754e+02	571	6	35	9	6	494	50	0	500	500	500	0	0	30	
4.8749780010e+02	574	4	36	9	4	496	50	0	500	500	500	0	0	30	
4.8797858249e+02	574	6	36	9	5	495	50	0	500	500	500	0	0	30	
4.8849788730e+02	573	6	35	8	4	496	50	0	500	500	500	0	0	30	
4.8899600209e+02	574	5	32	12	7	493	50	0	500	500	500	0	0	30	
4.8948171107e+02	572	8	32	11	4	496	50	0	500	500	500	0	0	30	
4.8999240282e+02	572	9	29	14	4	496	50	0	500	500	500	0	0	30	
4.9047013212e+02	569	14	36	7	11	489	50	0	500	500	500	0	0	30	
4.9099493188e+02	568	16	36	8	10	490	50	0	500	500	500	0	0	30	
4.9149916020e+02	570	16	36	8	10	490	50	0	500	500	500	0	0	30	
4.9197398852e+02	571	14	29	14	5	495	50	0	500	500	500	0	0	30	
4.9249021128e+02	568	17	35	7	10	490	50	0	500	500	500	0	0	30	
4.9298967380e+02	572	14	34	8	5	495	50	0	500	500	500	0	0	30	
4.9349849495e+02	575	12	30	12	5	495	50	0	500	500	500	0	0	30	
4.9399101238e+02	577	10	34	8	7	493	50	0	500	500	500	0	0	30	
4.9447574594e+02	578	8	34	8	7	493	50	0	500	500	500	0	0	30	
4.9499590225e+02	577	8	38	4	6	494	50	0	500	500	500	0	0	30	
4.9548921856e+02	578	7	34	9	4	496	50	0	500	500	500	0	0	30	
4.9599682685e+02	579	9	35	7	6	494	50	0	500	500	500	0	0	30	
4.9648941503e+02	580	8	34	8	7	493	50	0	500	500	500	0	0	30	
4.9699615992e+02	582	6	35	7	5	495	50	0	500	500	500	0	0	30	
4.9748881612e+02	582	8	28	14	3	497	50	0	500	500	500	0	0	30	
4.9799544836e+02	580	10	32	10	6	494	50	0	500	500	500	0	0	30	
4.9849547361e+02	578	12	34	8	9	491	50	0	500	500	500	0	0	30	
4.9898968803e+02	581	11	32	9	7	493	50	0	500	500	500	0	0	30	
4.9949268539e+02	579	13	31	10	5	495	50	0	500	500	500	0	0	30	
4.9999754923e+02	585	10	25	16	12	488	50	0	500	500	500	0	0	30	
5.0000486677e+02	585	10	25	16	13	487	50	0	500	500	500	0	0	30	
