0.0000000000e+00	0	0	0	0	0	500	50	0	500	500	0	0	0	0	
3.6003412878e-01	0	0	1	0	0	500	50	0	500	500	0	0	0	0	
1.4137470231e+00	0	2	2	0	0	500	50	0	500	500	0	0	0	0	
1.9446808214e+00	0	1	2	0	0	500	50	0	500	500	0	0	0	0	
2.3094363764e+00	0	3	2	0	0	500	50	0	500	500	0	0	0	0	
2.9931768475e+00	1	5	3	0	3	497	50	0	500	500	0	0	0	0	
3.4277263600e+00	2	5	3	0	0	500	50	0	500	500	0	0	0	0	
3.9611057923e+00	3	6	3	0	2	498	50	0	500	500	0	0	0	0	
4.4858588879e+00	6	7	2	1	4	496	50	0	500	500	0	0	0	0	
4.9979660768e+00	10	3	3	0	1	499	50	0	500	500	0	0	0	0	
5.4984390908e+00	10	5	3	0	3	497	50	0	500	500	0	0	0	0	
5.9856959369e+00	10	7	2	1	4	496	50	0	500	500	0	0	0	0	
6.3671379532e+00	11	7	3	0	1	499	50	0	500	500	0	0	0	0	
6.9906499763e+00	11	7	3	0	3	497	50	0	500	500	0	0	0	0	
7.4427702370e+00	13	5	2	1	2	498	50	0	500	500	0	0	0	0	
7.9396391691e+00	15	3	2	1	1	499	50	0	500	500	0	0	0	0	
8.4782730048e+00	16	2	2	1	1	499	50	0	500	500	0	0	0	0	
8.9880673874e+00	16	4	3	0	1	499	50	0	500	500	0	0	0	0	
9.4524349168e+00	17	3	3	0	1	499	50	0	500	500	0	0	0	0	
9.9179586037e+00	17	5	2	0	0	500	50	0	500	500	0	0	0	0	
1.0421354113e+01	19	4	2	0	1	499	50	0	500	500	0	0	0	0	
1.0966399495e+01	21	2	2	0	0	500	50	0	500	500	0	0	0	0	
1.1481341708e+01	21	3	2	0	1	499	50	0	500	500	0	0	0	0	
1.1999230403e+01	22	4	1	1	1	499	50	0	500	500	0	0	0	0	
1.2402995433e+01	24	3	2	0	2	498	50	0	500	500	0	0	0	0	
1.2989568814e+01	25	3	2	0	0	500	50	0	500	500	0	0	0	0	
1.3473292508e+01	27	2	4	0	0	500	50	0	500	500	0	0	0	0	
1.3949115622e+01	28	4	6	0	3	497	50	0	500	500	0	0	0	0	
1.4483859520e+01	30	5	6	0	1	499	50	0	500	500	0	0	0	0	
1.4947482766e+01	31	4	6	0	5	495	50	0	500	500	0	0	0	0	
1.5461980352e+01	32	3	5	2	2	498	50	0	500	500	0	0	0	0	
1.5853269795e+01	33	2	9	0	1	499	50	0	500	500	0	0	0	0	
1.6438694053e+01	33	3	8	1	1	499	50	0	500	500	0	0	0	0	
1.6989244651e+01	34	5	9	1	1	499	50	0	500	500	0	0	0	0	
1.7476600124e+01	35	4	8	2	0	500	50	0	500	500	0	0	0	0	
1.7994794494e+01	35	5	10	0	2	498	50	0	500	500	0	0	0	0	
1.8450318959e+01	35	6	10	0	1	499	50	0	500	500	0	0	0	0	
1.8968383203e+01	36	6	9	1	2	498	50	0	500	500	0	0	0	0	
1.9376719018e+01	36	7	9	1	1	499	50	0	500	500	0	0	0	0	
1.9999753958e+01	37	6	10	1	6	494	50	0	500	500	0	0	0	0	
2.0441456761e+01	41	4	11	0	0	500	50	0	500	500	0	0	0	0	
2.0981219199e+01	43	7	11	0	4	496	50	0	500	500	0	0	0	0	
2.1497928906e+01	44	6	10	1	4	496	50	0	500	500	0	0	0	0	
2.1998701760e+01	44	8	10	1	5	495	50	0	500	500	0	0	0	0	
2.2487948517e+01	48	4	8	3	1	499	50	0	500	500	0	0	0	0	
2.2961760624e+01	48	4	8	3	1	499	50	0	500	500	0	0	0	0	
2.3434357120e+01	50	2	11	1	2	498	50	0	500	500	0	0	0	0	
2.3852609621e+01	50	3	11	1	1	499	50	0	500	500	0	0	0	0	
2.4470679864e+01	51	2	11	1	0	500	50	0	500	500	0	0	0	0	
2.4822686994e+01	51	2	12	1	2	498	50	0	500	500	0	0	0	0	
2.5372897951e+01	52	1	12	1	1	499	50	0	500	500	0	0	0	0	
2.5930033047e+01	52	1	13	0	0	500	50	0	500	500	0	0	0	0	
2.6490779940e+01	52	2	13	0	1	499	50	0	500	500	0	0	0	0	
2.6962649458e+01	52	2	14	0	2	498	50	0	500	500	0	0	0	0	
2.7491513433e+01	53	2	14	0	2	498	50	0	500	500	0	0	0	0	
2.7964774924e+01	53	3	14	0	2	498	50	0	500	500	0	0	0	0	
2.8496566265e+01	53	3	14	0	2	498	50	0	500	500	0	0	0	0	
2.8892638385e+01	53	4	13	1	2	498	50	0	500	500	0	0	0	0	
2.9491042333e+01	54	4	13	1	2	498	50	0	500	500	0	0	0	0	
2.9960899324e+01	54	5	14	0	2	498	50	0	500	500	0	0	0	0	
3.0444296950e+01	54	6	13	1	5	495	50	0	500	500	0	0	0	0	
3.0981693078e+01	56	6	12	2	2	498	50	0	500	500	0	0	0	0	
3.1498010422e+01	58	5	14	0	2	498	50	0	500	500	0	0	0	0	
3.1998725199e+01	60	6	13	1	2	498	50	0	500	500	0	0	0	0	
3.2474497464e+01	61	5	14	0	3	497	50	0	500	500	0	0	0	0	
3.2951310348e+01	63	4	13	1	2	498	50	0	500	500	0	0	0	0	
3.3495923732e+01	63	4	14	0	7	493	50	0	500	500	0	0	0	0	
3.3990405784e+01	65	4	14	0	7	493	50	0	500	500	0	0	0	0	
3.4446047035e+01	65	5	14	0	1	499	50	0	500	500	0	0	0	0	
3.4992220421e+01	66	6	12	2	2	498	50	0	500	500	0	0	0	0	
3.5495317023e+01	67	9	11	4	4	496	50	0	500	500	0	0	0	0	
3.5992331326e+01	70	8	13	3	4	496	50	0	500	500	0	0	0	0	
3.6391901822e+01	72	7	13	3	2	498	50	0	500	500	0	0	0	0	
3.6949120329e+01	73	9	13	3	5	495	50	0	500	500	0	0	0	0	
3.7490453478e+01	75	7	16	1	5	495	50	0	500	500	0	0	0	0	
3.7944926058e+01	75	7	17	0	1	499	50	0	500	500	0	0	0	0	
3.8459139653e+01	78	5	17	0	4	496	50	0	500	500	0	0	0	0	
3.8986752511e+01	79	6	16	1	3	497	50	0	500	500	0	0	0	0	
3.9456051123e+01	81	5	16	1	1	499	50	0	500	500	0	0	0	0	
3.9998959796e+01	82	3	19	0	1	499	50	0	500	500	0	0	0	0	
4.0481866493e+01	82	2	19	0	2	498	50	0	500	500	0	0	0	0	
4.0956472120e+01	82	3	18	1	4	496	50	0	500	500	0	0	0	0	
4.1465443187e+01	83	3	19	0	0	500	50	0	500	500	0	0	0	0	
4.1981678205e+01	84	5	19	0	1	499	50	0	500	500	0	0	0	0	
4.2483265264e+01	84	6	19	0	2	498	50	0	500	500	0	0	0	0	
4.2996294812e+01	84	7	20	0	2	498	50	0	500	500	0	0	0	0	
4.3488003326e+01	85	9	20	0	5	495	50	0	500	500	0	0	0	0	
4.3972653987e+01	85	10	19	0	3	497	50	0	500	500	0	0	0	0	
4.4499821129e+01	87	9	16	2	2	498	50	0	500	500	0	0	0	0	
4.4999613381e+01	89	8	18	1	2	498	50	0	500	500	0	0	0	0	
4.5499323455e+01	89	8	17	2	6	494	50	0	500	500	0	0	0	0	
4.5994584049e+01	91	6	14	5	4	496	50	0	500	500	0	0	0	0	
4.6462726417e+01	94	5	17	2	3	497	50	0	500	500	0	0	0	0	
4.6892790682e+01	96	6	20	0	5	495	50	0	500	500	0	0	0	0	
4.7488952620e+01	96	7	18	2	1	499	50	0	500	500	0	0	0	0	
4.7992994463e+01	96	7	19	1	2	498	50	0	500	500	0	0	0	0	
4.8402895646e+01	99	6	20	0	3	497	50	0	500	500	0	0	0	0	
4.8985181317e+01	101	5	20	0	4	496	50	0	500	500	0	0	0	0	
4.9489904260e+01	101	6	18	2	3	497	50	0	500	500	0	0	0	0	
4.9998947042e+01	101	7	18	2	7	493	50	0	500	500	0	0	0	0	
5.0492697432e+01	103	5	17	3	3	497	50	0	500	500	0	0	0	0	
5.0886036314e+01	102	6	17	3	0	500	50	0	500	500	0	0	0	0	
5.1491459889e+01	102	7	17	3	2	498	50	0	500	500	0	0	0	0	
5.1992970496e+01	102	7	17	3	1	499	50	0	500	500	0	0	0	0	
5.2481648454e+01	105	4	17	3	3	497	50	0	500	500	0	0	0	0	
5.2945639392e+01	105	6	18	2	2	498	50	0	500	500	0	0	0	0	
5.3483905954e+01	107	5	18	2	3	497	50	0	500	500	0	0	0	0	
5.3969880976e+01	108	5	17	3	3	497	50	0	500	500	0	0	0	0	
5.4423494634e+01	109	4	18	2	2	498	50	0	500	500	0	0	0	0	
5.4997316511e+01	111	5	17	2	1	499	50	0	500	500	0	0	0	0	
5.5499724674e+01	114	3	16	3	3	497	50	0	500	500	0	0	0	0	
5.5935940151e+01	115	3	18	2	0	500	50	0	500	500	0	0	0	0	
5.6498493138e+01	117	2	18	2	0	500	50	0	500	500	0	0	0	0	
5.6967033597e+01	117	2	18	2	0	500	50	0	500	500	0	0	0	0	
5.7497741568e+01	116	4	19	1	2	498	50	0	500	500	0	0	0	0	
5.7961671407e+01	118	3	18	2	2	498	50	0	500	500	0	0	0	0	
5.8423127839e+01	120	1	20	1	1	499	50	0	500	500	0	0	0	0	
5.8975200523e+01	120	1	19	2	5	495	50	0	500	500	0	0	0	0	
5.9378513755e+01	120	3	20	1	2	498	50	0	500	500	0	0	0	0	
5.9990731433e+01	122	2	17	4	1	499	50	0	500	500	0	0	0	0	
6.0482308312e+01	124	1	19	2	1	499	50	0	500	500	0	0	0	0	
6.0943612673e+01	124	2	21	0	1	499	50	0	500	500	0	0	0	0	
6.1498683050e+01	123	3	22	0	2	498	50	0	500	500	0	0	0	0	
6.1960183972e+01	123	4	21	1	2	498	50	0	500	500	0	0	0	0	
6.2458847299e+01	123	5	22	0	5	495	50	0	500	500	0	0	0	0	
6.2995404588e+01	126	2	23	0	3	497	50	0	500	500	0	0	0	0	
6.3487295826e+01	126	4	22	1	3	497	50	0	500	500	0	0	0	0	
6.3972176863e+01	127	3	22	1	1	499	50	0	500	500	0	0	0	0	
6.4410505957e+01	129	1	22	1	1	499	50	0	500	500	0	0	0	0	
6.4998251262e+01	129	2	21	3	0	500	50	0	500	500	0	0	0	0	
6.5439170749e+01	129	3	23	1	1	499	50	0	500	500	0	0	0	0	
6.5982833494e+01	129	3	23	1	5	495	50	0	500	500	0	0	0	0	
6.6326373144e+01	129	3	22	2	2	498	50	0	500	500	0	0	0	0	
6.6966186163e+01	129	3	24	0	0	500	50	0	500	500	0	0	0	0	
6.7464404734e+01	129	4	21	3	3	497	50	0	500	500	0	0	0	0	
6.7990869251e+01	129	5	23	0	4	496	50	0	500	500	0	0	0	0	
6.8467318678e+01	130	6	25	0	1	499	50	0	500	500	0	0	0	0	
6.8987504124e+01	130	6	23	2	5	495	50	0	500	500	0	0	0	0	
6.9477001236e+01	131	5	24	2	2	498	50	0	500	500	0	0	0	0	
6.9993889497e+01	131	7	24	2	1	499	50	0	500	500	0	0	0	0	
7.0497003156e+01	130	8	23	4	3	497	50	0	500	500	0	0	0	0	
7.0980366111e+01	131	8	26	2	4	496	50	0	500	500	0	0	0	0	
7.1467431985e+01	133	7	25	2	4	496	50	0	500	500	0	0	0	0	
7.1995491634e+01	136	5	27	2	1	499	50	0	500	500	0	0	0	0	
7.2454965581e+01	136	4	27	2	2	498	50	0	500	500	0	0	0	0	
7.2982415382e+01	136	5	27	3	3	497	50	0	500	500	0	0	0	0	
7.3497247695e+01	136	7	28	1	6	494	50	0	500	500	0	0	0	0	
7.3971037660e+01	137	9	27	2	4	496	50	0	500	500	0	0	0	0	
7.4498307530e+01	138	8	24	5	2	498	50	0	500	500	0	0	0	0	
7.4979271157e+01	140	7	23	5	1	499	50	0	500	500	0	0	0	0	
7.5449511755e+01	142	5	24	4	2	498	50	0	500	500	0	0	0	0	
7.5977449901e+01	142	6	25	3	4	496	50	0	500	500	0	0	0	0	
7.6488367049e+01	143	7	27	1	1	499	50	0	500	500	0	0	0	0	
7.6949159542e+01	147	6	24	3	2	498	50	0	500	500	0	0	0	0	
7.7483057999e+01	148	5	27	1	0	500	50	0	500	500	0	0	0	0	
7.7942951851e+01	149	6	25	3	5	495	50	0	500	500	0	0	0	0	
7.8460950055e+01	149	8	26	2	6	494	50	0	500	500	0	0	0	0	
7.8965310120e+01	152	6	24	4	2	498	50	0	500	500	0	0	0	0	
7.9482820851e+01	153	6	25	2	5	495	50	0	500	500	0	0	0	0	
7.9917746341e+01	153	6	26	1	0	500	50	0	500	500	0	0	0	0	
8.0483494880e+01	153	5	23	5	1	499	50	0	500	500	0	0	0	0	
8.0979410436e+01	153	7	25	3	3	497	50	0	500	500	0	0	0	0	
8.1496183801e+01	155	6	26	2	1	499	50	0	500	500	0	0	0	0	
8.1959580848e+01	158	6	26	3	1	499	50	0	500	500	0	0	0	0	
8.2475707913e+01	162	2	26	3	3	497	50	0	500	500	0	0	0	0	
8.2980939301e+01	162	3	28	2	4	496	50	0	500	500	0	0	0	0	
8.3472608476e+01	160	5	27	3	1	499	50	0	500	500	0	0	0	0	
8.3978074907e+01	161	6	29	2	4	496	50	0	500	500	0	0	0	0	
8.4498160638e+01	163	5	28	4	1	499	50	0	500	500	0	0	0	0	
8.4984250180e+01	162	8	30	2	3	497	50	0	500	500	0	0	0	0	
8.5495288692e+01	164	7	30	3	4	496	50	0	500	500	0	0	0	0	
8.5999053463e+01	163	8	28	5	3	497	50	0	500	500	0	0	0	0	
8.6401647362e+01	163	9	28	4	3	497	50	0	500	500	0	0	0	0	
8.6965243634e+01	164	11	26	5	8	492	50	0	500	500	0	0	0	0	
8.7465092925e+01	167	9	30	1	10	490	50	0	500	500	0	0	0	0	
8.7965122288e+01	168	8	29	2	7	493	50	0	500	500	0	0	0	0	
8.8485825295e+01	171	6	26	5	3	497	50	0	500	500	0	0	0	0	
8.8979102348e+01	173	5	26	5	1	499	50	0	500	500	0	0	0	0	
8.9443541159e+01	172	9	28	3	2	498	50	0	500	500	0	0	0	0	
8.9998394851e+01	172	10	26	5	1	499	50	0	500	500	0	0	0	0	
9.0498444510e+01	174	9	27	4	3	497	50	0	500	500	0	0	0	0	
9.0957369207e+01	177	6	30	1	1	499	50	0	500	500	0	0	0	0	
9.1463541526e+01	177	7	28	3	1	499	50	0	500	500	0	0	0	0	
9.1845495102e+01	178	6	27	5	0	500	50	0	500	500	0	0	0	0	
9.2476874160e+01	180	4	29	3	0	500	50	0	500	500	0	0	0	0	
9.2999537090e+01	180	5	31	2	2	498	50	0	500	500	0	0	0	0	
9.3471717543e+01	180	5	33	1	0	500	50	0	500	500	0	0	0	0	
9.3867300649e+01	182	3	33	1	1	499	50	0	500	500	0	0	0	0	
9.4460867470e+01	182	5	34	1	3	497	50	0	500	500	0	0	0	0	
9.4987162091e+01	180	7	30	3	3	497	50	0	500	500	0	0	0	0	
9.5435136815e+01	183	5	33	1	2	498	50	0	500	500	0	0	0	0	
9.5956707500e+01	187	2	30	4	1	499	50	0	500	500	0	0	0	0	
9.6397892426e+01	187	3	33	3	0	500	50	0	500	500	0	0	0	0	
9.6988259189e+01	188	2	34	2	3	497	50	0	500	500	0	0	0	0	
9.7383685219e+01	189	2	34	2	1	499	50	0	500	500	0	0	0	0	
9.7893917152e+01	190	2	35	0	0	500	50	0	500	500	0	0	0	0	
9.8499442059e+01	191	2	33	2	1	499	50	0	500	500	0	0	0	0	
9.8993139327e+01	191	3	35	2	3	497	50	0	500	500	0	0	0	0	
9.9488899331e+01	191	3	34	3	2	498	50	0	500	500	0	0	0	0	
9.9988688485e+01	191	4	35	3	2	498	50	0	500	500	0	0	0	0	
1.0047097421e+02	192	3	37	2	3	497	50	0	500	500	0	0	0	0	
1.0093867867e+02	193	2	36	3	1	499	50	0	500	500	0	0	0	0	
1.0147673895e+02	193	2	37	2	3	497	50	0	500	500	0	0	0	0	
1.0186896494e+02	193	2	37	2	1	499	50	0	500	500	0	0	0	0	
1.0248043434e+02	194	1	36	4	5	495	50	0	500	500	0	0	0	0	
1.0299933839e+02	196	2	39	1	3	497	50	0	500	500	0	0	0	0	
1.0347335503e+02	196	4	38	2	1	499	50	0	500	500	0	0	0	0	
1.0394893878e+02	198	3	37	3	1	499	50	0	500	500	0	0	0	0	
1.0441629905e+02	198	3	36	4	0	500	50	0	500	500	0	0	0	0	
1.0497401366e+02	200	3	37	3	0	500	50	0	500	500	0	0	0	0	
1.0541393056e+02	200	6	33	6	2	498	50	0	500	500	0	0	0	0	
1.0599004211e+02	201	5	35	3	1	499	50	0	500	500	0	0	0	0	
1.0647925289e+02	202	4	34	4	2	498	50	0	500	500	0	0	0	0	
1.0694371576e+02	204	3	39	1	1	499	50	0	500	500	0	0	0	0	
1.0747173139e+02	205	3	38	2	2	498	50	0	500	500	0	0	0	0	
1.0799554816e+02	205	3	37	4	3	497	50	0	500	500	0	0	0	0	
1.0849623124e+02	205	5	36	5	3	497	50	0	500	500	0	0	0	0	
1.0898499574e+02	204	5	35	7	2	498	50	0	500	500	0	0	0	0	
1.0946004589e+02	202	7	38	4	2	498	50	0	500	500	0	0	0	0	
1.0999716752e+02	203	6	36	6	3	497	50	0	500	500	0	0	0	0	
1.1045574427e+02	201	7	40	2	2	498	50	0	500	500	0	0	0	0	
1.1099130901e+02	202	8	38	4	4	496	50	0	500	500	0	0	0	0	
1.1149915478e+02	203	6	34	8	3	497	50	0	500	500	0	0	0	0	
1.1195643374e+02	205	6	34	7	1	499	50	0	500	500	0	0	0	0	
1.1238765759e+02	206	6	38	3	0	500	50	0	500	500	0	0	0	0	
1.1298836018e+02	207	6	39	2	0	500	50	0	500	500	0	0	0	0	
1.1346490738e+02	206	7	39	2	3	497	50	0	500	500	0	0	0	0	
1.1399939775e+02	209	7	38	4	4	496	50	0	500	500	0	0	0	0	
1.1448171575e+02	210	7	36	7	6	494	50	0	500	500	0	0	0	0	
1.1499879478e+02	212	5	36	7	9	491	50	0	500	500	0	0	0	0	
1.1547048379e+02	212	6	38	5	2	498	50	0	500	500	0	0	0	0	
1.1597327398e+02	212	6	38	5	5	495	50	0	500	500	0	0	0	0	
1.1649265064e+02	214	4	40	3	1	499	50	0	500	500	0	0	0	0	
1.1698514843e+02	214	4	43	0	4	496	50	0	500	500	0	0	0	0	
1.1748660424e+02	215	6	44	0	5	495	50	0	500	500	0	0	0	0	
1.1799045903e+02	215	6	43	1	5	495	50	0	500	500	0	0	0	0	
1.1849574521e+02	217	4	41	3	5	495	50	0	500	500	0	0	0	0	
1.1897170890e+02	219	5	44	0	5	495	50	0	500	500	0	0	0	0	
1.1949547444e+02	219	8	41	3	5	495	50	0	500	500	0	0	0	0	
1.1998480845e+02	222	5	40	4	2	498	50	0	500	500	0	0	0	0	
1.2047050919e+02	223	7	42	2	2	498	50	0	500	500	0	0	0	0	
1.2099088851e+02	225	5	43	1	2	498	50	0	500	500	0	0	0	0	
1.2147098853e+02	226	4	41	3	1	499	50	0	500	500	0	0	0	0	
1.2191535981e+02	226	5	42	2	2	498	50	0	500	500	0	0	0	0	
1.2246729907e+02	227	4	43	1	4	496	50	0	500	500	0	0	0	0	
1.2299054132e+02	225	5	41	3	3	497	50	0	500	500	0	0	0	0	
1.2347320018e+02	226	5	40	4	2	498	50	0	500	500	0	0	0	0	
1.2399563208e+02	227	6	42	2	1	499	50	0	500	500	0	0	0	0	
1.2447069740e+02	227	6	40	4	2	498	50	0	500	500	0	0	0	0	
1.2499813295e+02	228	6	42	2	2	498	50	0	500	500	0	0	0	0	
1.2549145765e+02	230	4	39	4	3	497	50	0	500	500	0	0	0	0	
1.2599659142e+02	230	4	42	1	4	496	50	0	500	500	0	0	0	0	
1.2649024188e+02	229	4	40	2	1	499	50	0	500	500	0	0	0	0	
1.2692794783e+02	230	3	40	1	0	500	50	0	500	500	0	0	0	0	
1.2726538840e+02	231	3	40	1	0	500	50	0	500	500	0	0	0	0	
1.2799874616e+02	232	4	39	1	2	498	50	0	500	500	0	0	0	0	
1.2846134587e+02	232	5	38	3	4	496	50	0	500	500	0	0	0	0	
1.2898543042e+02	233	4	38	2	3	497	50	0	500	500	0	0	0	0	
1.2949631047e+02	235	3	39	1	3	497	50	0	500	500	0	0	0	0	
1.2997086055e+02	235	4	40	1	3	497	50	0	500	500	0	0	0	0	
1.3049811251e+02	234	4	38	3	3	497	50	0	500	500	0	0	0	0	
1.3087357415e+02	235	4	39	2	1	499	50	0	500	500	0	0	0	0	
1.3142315409e+02	237	2	38	1	2	498	50	0	500	500	0	0	0	0	
1.3196015822e+02	237	2	38	0	3	497	50	0	500	500	0	0	0	0	
1.3249630145e+02	237	2	38	0	1	499	50	0	500	500	0	0	0	0	
1.3299194633e+02	238	1	38	0	1	499	50	0	500	500	0	0	0	0	
1.3346646211e+02	238	2	38	0	2	498	50	0	500	500	0	0	0	0	
1.3399009512e+02	237	5	34	4	4	496	50	0	500	500	0	0	0	0	
1.3446892291e+02	239	3	36	2	3	497	50	0	500	500	0	0	0	0	
1.3498688031e+02	241	5	35	3	1	499	50	0	500	500	0	0	0	0	
1.3549523186e+02	242	4	36	3	1	499	50	0	500	500	0	0	0	0	
1.3597174062e+02	245	2	36	3	4	496	50	0	500	500	0	0	0	0	
1.3649573806e+02	246	5	37	2	4	496	50	0	500	500	0	0	0	0	
1.3697837135e+02	247	5	37	1	3	497	50	0	500	500	0	0	0	0	
1.3747857791e+02	248	5	36	1	3	497	50	0	500	500	0	0	0	0	
1.3798802675e+02	246	7	32	5	5	495	50	0	500	500	0	0	0	0	
1.3845955091e+02	246	7	33	4	0	500	50	0	500	500	0	0	0	0	
1.3896714818e+02	246	8	35	3	4	496	50	0	500	500	0	0	0	0	
1.3948541694e+02	250	5	34	4	4	496	50	0	500	500	0	0	0	0	
1.3996391362e+02	250	5	37	1	1	499	50	0	500	500	0	0	0	0	
1.4043250409e+02	248	8	34	4	2	498	50	0	500	500	0	0	0	0	
1.4098122001e+02	249	7	33	5	3	497	50	0	500	500	0	0	0	0	
1.4149625594e+02	249	7	33	5	2	498	50	0	500	500	0	0	0	0	
1.4198262810e+02	249	8	33	5	4	496	50	0	500	500	0	0	0	0	
1.4249278585e+02	250	8	35	3	7	493	50	0	500	500	0	0	0	0	
1.4298237376e+02	254	4	35	3	3	497	50	0	500	500	0	0	0	0	
1.4344043367e+02	255	3	36	3	2	498	50	0	500	500	0	0	0	0	
1.4398199839e+02	255	4	37	2	3	497	50	0	500	500	0	0	0	0	
1.4440705205e+02	255	4	36	3	2	498	50	0	500	500	0	0	0	0	
1.4498731163e+02	254	4	34	5	4	496	50	0	500	500	0	0	0	0	
1.4548152516e+02	254	3	35	4	2	498	50	0	500	500	0	0	0	0	
1.4598658319e+02	252	5	37	2	0	500	50	0	500	500	0	0	0	0	
1.4647817187e+02	251	6	39	1	4	496	50	0	500	500	0	0	0	0	
1.4697273292e+02	250	7	37	3	2	498	50	0	500	500	0	0	0	0	
1.4745065269e+02	251	7	36	4	5	495	50	0	500	500	0	0	0	0	
1.4798590329e+02	253	5	35	6	6	494	50	0	500	500	0	0	0	0	
1.4849742216e+02	252	6	39	2	1	499	50	0	500	500	0	0	0	0	
1.4898528364e+02	253	5	38	3	1	499	50	0	500	500	0	0	0	0	
1.4945316533e+02	253	6	41	1	3	497	50	0	500	500	0	0	0	0	
1.4997337762e+02	254	5	41	1	4	496	50	0	500	500	0	0	0	0	
1.5040013680e+02	256	3	42	0	3	497	50	0	500	500	0	0	0	0	
1.5094571703e+02	256	2	39	2	2	498	50	0	500	500	0	0	0	0	
1.5147666230e+02	257	2	40	1	1	499	50	0	500	500	0	0	0	0	
1.5199435914e+02	257	2	39	2	1	499	50	0	500	500	0	0	0	0	
1.5248077180e+02	258	3	40	1	3	497	50	0	500	500	0	0	0	0	
1.5297549421e+02	259	2	39	2	1	499	50	0	500	500	0	0	0	0	
1.5349635917e+02	260	2	39	2	4	496	50	0	500	500	0	0	0	0	
1.5398533616e+02	261	2	40	2	1	499	50	0	500	500	0	0	0	0	
1.5447576524e+02	261	4	42	2	3	497	50	0	500	500	0	0	0	0	
1.5496422742e+02	261	5	38	7	1	499	50	0	500	500	0	0	0	0	
1.5546778345e+02	262	5	43	2	4	496	50	0	500	500	0	0	0	0	
1.5598845276e+02	262	5	44	2	2	498	50	0	500	500	0	0	0	0	
1.5648260114e+02	262	6	41	5	4	496	50	0	500	500	0	0	0	0	
1.5699339189e+02	264	4	44	2	2	498	50	0	500	500	0	0	0	0	
1.5746473827e+02	264	5	46	1	2	498	50	0	500	500	0	0	0	0	
1.5798846028e+02	265	6	46	2	5	495	50	0	500	500	0	0	0	0	
1.5846249505e+02	265	6	45	3	2	498	50	0	500	500	0	0	0	0	
1.5899851818e+02	267	5	48	0	1	499	50	0	500	500	0	0	0	0	
1.5947148188e+02	267	6	45	3	1	499	50	0	500	500	0	0	0	0	
1.5997068893e+02	268	4	45	3	1	499	50	0	500	500	0	0	0	0	
1.6049289598e+02	267	4	48	0	2	498	50	0	500	500	0	0	0	0	
1.6091767833e+02	267	5	45	4	1	499	50	0	500	500	0	0	0	0	
1.6145530572e+02	265	5	45	4	1	499	50	0	500	500	0	0	0	0	
1.6198529389e+02	267	4	44	6	3	497	50	0	500	500	0	0	0	0	
1.6248284808e+02	268	5	42	8	2	498	50	0	500	500	0	0	0	0	
1.6299945477e+02	267	6	43	7	6	494	50	0	500	500	0	0	0	0	
1.6347967070e+02	268	5	45	5	2	498	50	0	500	500	0	0	0	0	
1.6396642387e+02	269	4	47	3	4	496	50	0	500	500	0	0	0	0	
1.6445721485e+02	272	1	48	2	2	498	50	0	500	500	0	0	0	0	
1.6492722483e+02	272	2	49	2	0	500	50	0	500	500	0	0	0	0	
1.6548548212e+02	272	2	47	4	2	498	50	0	500	500	0	0	0	0	
1.6598891282e+02	270	4	44	8	3	497	50	0	500	500	0	0	0	0	
1.6647517646e+02	270	4	46	6	2	498	50	0	500	500	0	0	0	0	
1.6699319072e+02	271	3	50	3	3	497	50	0	500	500	0	0	0	0	
1.6749379543e+02	270	6	49	3	8	492	50	0	500	500	0	0	0	0	
1.6797041639e+02	270	6	50	3	4	496	50	0	500	500	0	0	0	0	
1.6848342089e+02	271	7	46	6	4	496	50	0	500	500	0	0	0	0	
1.6899806435e+02	274	6	43	9	5	495	50	0	500	500	0	0	0	0	
1.6949404870e+02	275	5	46	7	4	496	50	0	500	500	0	0	0	0	
1.6999333491e+02	277	4	44	8	1	499	50	0	500	500	0	0	0	0	
1.7048442073e+02	278	5	49	4	1	499	50	0	500	500	0	0	0	0	
1.7099868349e+02	279	3	51	1	6	494	50	0	500	500	0	0	0	0	
1.7143076878e+02	280	2	49	3	1	499	50	0	500	500	0	0	0	0	
1.7198562310e+02	281	1	50	2	2	498	50	0	500	500	0	0	0	0	
1.7247775421e+02	281	1	50	1	1	499	50	0	500	500	0	0	0	0	
1.7299135264e+02	281	1	47	3	1	499	50	0	500	500	0	0	0	0	
1.7348005754e+02	280	3	47	3	3	497	50	0	500	500	0	0	0	0	
1.7396586877e+02	279	6	46	4	9	491	50	0	500	500	0	0	0	0	
1.7446074253e+02	280	5	42	8	5	495	50	0	500	500	0	0	0	0	
1.7498591660e+02	280	6	43	7	6	494	50	0	500	500	0	0	0	0	
1.7549289322e+02	278	8	44	7	4	496	50	0	500	500	0	0	0	0	
1.7599048023e+02	278	7	45	6	7	493	50	0	500	500	0	0	0	0	
1.7648497497e+02	279	6	48	4	2	498	50	0	500	500	0	0	0	0	
1.7697361568e+02	283	3	48	4	3	497	50	0	500	500	0	0	0	0	
1.7743439396e+02	284	3	48	4	1	499	50	0	500	500	0	0	0	0	
1.7796340260e+02	282	3	49	3	2	498	50	0	500	500	0	0	0	0	
1.7848770997e+02	283	3	51	1	3	497	50	0	500	500	0	0	0	0	
1.7889107311e+02	284	2	50	2	1	499	50	0	500	500	0	0	0	0	
1.7949301115e+02	286	1	51	1	2	498	50	0	500	500	0	0	0	0	
1.7995935443e+02	284	2	51	1	2	498	50	0	500	500	0	0	0	0	
1.8046462010e+02	284	3	49	3	2	498	50	0	500	500	0	0	0	0	
1.8098810325e+02	281	6	47	5	3	497	50	0	500	500	0	0	0	0	
1.8149879331e+02	281	7	47	5	5	495	50	0	500	500	0	0	0	0	
1.8199654448e+02	278	8	45	7	4	496	50	0	500	500	0	0	0	0	
1.8249675982e+02	281	6	44	8	6	494	50	0	500	500	0	0	0	0	
1.8297764918e+02	282	7	46	6	3	497	50	0	500	500	0	0	0	0	
1.8346450912e+02	284	6	47	4	6	494	50	0	500	500	0	0	0	0	
1.8396644478e+02	286	5	47	4	2	498	50	0	500	500	0	0	0	0	
1.8449499871e+02	287	5	45	5	4	496	50	0	500	500	0	0	0	0	
1.8499319377e+02	288	6	46	4	2	498	50	0	500	500	0	0	0	0	
1.8548379106e+02	288	8	42	8	3	497	50	0	500	500	0	0	0	0	
1.8599967644e+02	287	9	48	4	5	495	50	0	500	500	0	0	0	0	
1.8649691307e+02	288	9	48	3	7	493	50	0	500	500	0	0	0	0	
1.8699872754e+02	290	9	42	8	6	494	50	0	500	500	0	0	0	0	
1.8745834594e+02	293	6	46	4	4	496	50	0	500	500	0	0	0	0	
1.8799386238e+02	292	7	42	7	3	497	50	0	500	500	0	0	0	0	
1.8849098515e+02	293	6	39	10	5	495	50	0	500	500	0	0	0	0	
1.8898754339e+02	293	7	40	9	2	498	50	0	500	500	0	0	0	0	
1.8949066621e+02	295	6	42	7	3	497	50	0	500	500	0	0	0	0	
1.8998805295e+02	297	4	43	6	2	498	50	0	500	500	0	0	0	0	
1.9047988986e+02	296	8	43	6	2	498	50	0	500	500	0	0	0	0	
1.9094339012e+02	297	7	44	5	4	496	50	0	500	500	0	0	0	0	
1.9147569980e+02	298	8	44	5	3	497	50	0	500	500	0	0	0	0	
1.9197817869e+02	302	6	42	7	4	496	50	0	500	500	0	0	0	0	
1.9245518084e+02	300	5	45	3	1	499	50	0	500	500	0	0	0	0	
1.9297667980e+02	300	5	44	4	6	494	50	0	500	500	0	0	0	0	
1.9349799465e+02	300	6	38	9	4	496	50	0	500	500	0	0	0	0	
1.9398748405e+02	300	7	41	6	7	493	50	0	500	500	0	0	0	0	
1.9448505518e+02	304	4	39	7	3	497	50	0	500	500	0	0	0	0	
1.9497810660e+02	302	5	41	4	4	496	50	0	500	500	0	0	0	0	
1.9548781675e+02	303	8	35	9	5	495	50	0	500	500	0	0	0	0	
1.9596216889e+02	304	7	40	4	5	495	50	0	500	500	0	0	0	0	
1.9649298936e+02	306	4	41	3	1	499	50	0	500	500	0	0	0	0	
1.9699490817e+02	307	4	42	1	3	497	50	0	500	500	0	0	0	0	
1.9749432971e+02	306	4	42	1	5	495	50	0	500	500	0	0	0	0	
1.9799260491e+02	306	6	38	4	4	496	50	0	500	500	0	0	0	0	
1.9849473620e+02	306	8	36	6	3	497	50	0	500	500	0	0	0	0	
1.9899837437e+02	307	8	39	4	6	494	50	0	500	500	0	0	0	0	
1.9949265079e+02	311	4	37	6	11	489	50	0	500	500	0	0	0	0	
1.9999792362e+02	310	6	36	7	3	497	50	0	500	500	0	0	0	0	
2.0048437088e+02	312	7	37	6	10	490	50	0	500	500	0	0	0	0	
2.0098832617e+02	314	7	38	5	4	496	50	0	500	500	0	0	0	0	
2.0149040480e+02	316	5	39	4	4	496	50	0	500	500	0	0	0	0	
2.0199963688e+02	315	6	40	3	8	492	50	0	500	500	0	0	0	0	
2.0248711863e+02	318	3	38	5	4	496	50	0	500	500	0	0	0	0	
2.0295960553e+02	319	2	40	4	0	500	50	0	500	500	0	0	0	0	
2.0348387630e+02	319	4	38	4	0	500	50	0	500	500	0	0	0	0	
2.0397628112e+02	321	2	41	1	1	499	50	0	500	500	0	0	0	0	
2.0441919590e+02	322	4	36	6	3	497	50	0	500	500	0	0	0	0	
2.0499810245e+02	324	2	39	3	5	495	50	0	500	500	0	0	0	0	
2.0549883767e+02	323	3	41	3	3	497	50	0	500	500	0	0	0	0	
2.0598770237e+02	324	4	42	3	3	497	50	0	500	500	0	0	0	0	
2.0648063674e+02	325	4	40	5	1	499	50	0	500	500	0	0	0	0	
2.0698107117e+02	324	6	40	5	4	496	50	0	500	500	0	0	0	0	
2.0749638750e+02	327	4	43	2	5	495	50	0	500	500	0	0	0	0	
2.0799979010e+02	328	3	40	5	2	498	50	0	500	500	0	0	0	0	
2.0845512267e+02	329	3	42	3	1	499	50	0	500	500	0	0	0	0	
2.0899659879e+02	329	2	42	3	3	497	50	0	500	500	0	0	0	0	
2.0949932208e+02	329	5	43	2	1	499	50	0	500	500	0	0	0	0	
2.0998757472e+02	328	6	44	2	5	495	50	0	500	500	0	0	0	0	
2.1049201075e+02	329	5	44	2	4	496	50	0	500	500	0	0	0	0	
2.1097533787e+02	330	4	43	3	3	497	50	0	500	500	0	0	0	0	
2.1149730267e+02	330	6	43	3	3	497	50	0	500	500	0	0	0	0	
2.1199771346e+02	330	6	42	4	5	495	50	0	500	500	0	0	0	0	
2.1247612307e+02	331	5	40	6	5	495	50	0	500	500	0	0	0	0	
2.1299614351e+02	329	6	40	6	2	498	50	0	500	500	0	0	0	0	
2.1347917753e+02	331	6	43	5	4	496	50	0	500	500	0	0	0	0	
2.1395299282e+02	330	9	44	4	4	496	50	0	500	500	0	0	0	0	
2.1449249795e+02	328	11	42	6	3	497	50	0	500	500	0	0	0	0	
2.1499628109e+02	331	8	40	7	6	494	50	0	500	500	0	0	0	0	
2.1549864663e+02	332	6	41	7	4	496	50	0	500	500	0	0	0	0	
2.1595547854e+02	332	8	41	7	0	500	50	0	500	500	0	0	0	0	
2.1646928924e+02	335	7	45	2	3	497	50	0	500	500	0	0	0	0	
2.1699447152e+02	336	6	44	3	3	497	50	0	500	500	0	0	0	0	
2.1747755630e+02	337	7	44	4	4	496	50	0	500	500	0	0	0	0	
2.1797289711e+02	339	8	42	6	4	496	50	0	500	500	0	0	0	0	
2.1847074141e+02	342	5	44	4	5	495	50	0	500	500	0	0	0	0	
2.1899310713e+02	344	4	43	5	4	496	50	0	500	500	0	0	0	0	
2.1949488807e+02	341	8	43	6	4	496	50	0	500	500	0	0	0	0	
2.1997189588e+02	342	7	42	7	5	495	50	0	500	500	0	0	0	0	
2.2049593775e+02	342	6	45	5	8	492	50	0	500	500	0	0	0	0	
2.2099759538e+02	343	6	46	4	9	491	50	0	500	500	0	0	0	0	
2.2148118805e+02	345	4	48	2	4	496	50	0	500	500	0	0	0	0	
2.2199805948e+02	344	5	43	6	3	497	50	0	500	500	0	0	0	0	
2.2247584520e+02	345	5	47	3	2	498	50	0	500	500	0	0	0	0	
2.2299294897e+02	342	8	48	3	8	492	50	0	500	500	0	0	0	0	
2.2347795639e+02	343	6	50	1	3	497	50	0	500	500	0	0	0	0	
2.2397999934e+02	344	6	44	7	3	497	50	0	500	500	0	0	0	0	
2.2449811745e+02	342	7	42	9	5	495	50	0	500	500	0	0	0	0	
2.2496901608e+02	345	4	48	3	4	496	50	0	500	500	0	0	0	0	
2.2548294812e+02	347	3	51	0	6	494	50	0	500	500	0	0	0	0	
2.2598501719e+02	348	3	48	2	3	497	50	0	500	500	0	0	0	0	
2.2647507735e+02	349	2	47	3	2	498	50	0	500	500	0	0	0	0	
2.2699385650e+02	350	1	45	5	2	498	50	0	500	500	0	0	0	0	
2.2745906077e+02	349	2	47	2	0	500	50	0	500	500	0	0	0	0	
2.2799576736e+02	351	1	46	2	5	495	50	0	500	500	0	0	0	0	
2.2849168999e+02	350	0	47	2	3	497	50	0	500	500	0	0	0	0	
2.2898021240e+02	349	0	48	1	2	498	50	0	500	500	0	0	0	0	
2.2948049088e+02	349	0	46	3	2	498	50	0	500	500	0	0	0	0	
2.2999829645e+02	349	1	48	2	1	499	50	0	500	500	0	0	0	0	
2.3049786946e+02	349	2	47	3	2	498	50	0	500	500	0	0	0	0	
2.3099020728e+02	350	1	47	3	3	497	50	0	500	500	0	0	0	0	
2.3147321337e+02	349	2	47	3	1	499	50	0	500	500	0	0	0	0	
2.3194810902e+02	349	2	49	1	1	499	50	0	500	500	0	0	0	0	
2.3248627543e+02	350	4	47	3	0	500	50	0	500	500	0	0	0	0	
2.3298900609e+02	352	4	43	7	1	499	50	0	500	500	0	0	0	0	
2.3348471668e+02	353	4	46	4	2	498	50	0	500	500	0	0	0	0	
2.3398774516e+02	353	4	46	4	4	496	50	0	500	500	0	0	0	0	
2.3447978700e+02	354	4	45	5	4	496	50	0	500	500	0	0	0	0	
2.3496325389e+02	356	1	44	6	4	496	50	0	500	500	0	0	0	0	
2.3549841127e+02	356	2	46	5	1	499	50	0	500	500	0	0	0	0	
2.3593739648e+02	357	2	48	2	0	500	50	0	500	500	0	0	0	0	
2.3649986635e+02	357	3	49	2	2	498	50	0	500	500	0	0	0	0	
2.3697039397e+02	357	5	46	5	3	497	50	0	500	500	0	0	0	0	
2.3746212090e+02	355	7	47	5	5	495	50	0	500	500	0	0	0	0	
2.3796770009e+02	357	6	50	4	4	496	50	0	500	500	0	0	0	0	
2.3848032287e+02	359	4	50	4	2	498	50	0	500	500	0	0	0	0	
2.3898413485e+02	359	5	51	2	3	497	50	0	500	500	0	0	0	0	
2.3944386398e+02	359	5	49	4	0	500	50	0	500	500	0	0	0	0	
2.3995996249e+02	359	7	46	7	2	498	50	0	500	500	0	0	0	0	
2.4047156027e+02	356	10	46	7	5	495	50	0	500	500	0	0	0	0	
2.4099358013e+02	354	15	48	5	4	496	50	0	500	500	0	0	0	0	
2.4147711740e+02	357	13	45	8	9	491	50	0	500	500	0	0	0	0	
2.4199710503e+02	359	9	47	6	7	493	50	0	500	500	0	0	0	0	
2.4249420087e+02	358	10	47	6	5	495	50	0	500	500	0	0	0	0	
2.4298317214e+02	361	7	48	5	5	495	50	0	500	500	0	0	0	0	
2.4348528913e+02	361	7	46	7	2	498	50	0	500	500	0	0	0	0	
2.4397130976e+02	362	6	49	4	1	499	50	0	500	500	0	0	0	0	
2.4447189810e+02	362	5	52	2	4	496	50	0	500	500	0	0	0	0	
2.4498970027e+02	361	6	53	1	3	497	50	0	500	500	0	0	0	0	
2.4548068289e+02	360	7	46	7	3	497	50	0	500	500	0	0	0	0	
2.4597130690e+02	360	10	44	9	4	496	50	0	500	500	0	0	0	0	
2.4649643590e+02	361	11	42	11	6	494	50	0	500	500	0	0	0	0	
2.4699985745e+02	365	7	47	6	4	496	50	0	500	500	0	0	0	0	
2.4748984410e+02	366	7	50	3	2	498	50	0	500	500	0	0	0	0	
2.4799866620e+02	366	7	47	7	5	495	50	0	500	500	0	0	0	0	
2.4845102445e+02	369	7	47	8	1	499	50	0	500	500	0	0	0	0	
2.4895010837e+02	370	7	51	6	2	498	50	0	500	500	0	0	0	0	
2.4947747096e+02	370	9	48	8	6	494	50	0	500	500	0	0	0	0	
2.4999887032e+02	371	7	49	7	11	489	50	0	500	500	0	0	0	0	
2.5048449980e+02	373	5	49	7	4	496	50	0	500	500	0	0	0	0	
2.5098452680e+02	373	6	48	8	7	493	50	0	500	500	0	0	0	0	
2.5149485214e+02	372	7	48	8	3	497	50	0	500	500	0	0	0	0	
2.5199345062e+02	371	10	46	10	5	495	50	0	500	500	0	0	0	0	
2.5249087611e+02	373	10	51	7	5	495	50	0	500	500	0	0	0	0	
2.5299176446e+02	374	8	48	9	6	494	50	0	500	500	0	0	0	0	
2.5349726512e+02	374	8	52	5	6	494	50	0	500	500	0	0	0	0	
2.5399115431e+02	376	7	54	3	1	499	50	0	500	500	0	0	0	0	
2.5449975525e+02	376	9	52	5	7	493	50	0	500	500	0	0	0	0	
2.5499734038e+02	376	10	51	6	13	487	50	0	500	500	0	0	0	0	
2.5549284239e+02	377	11	51	6	6	494	50	0	500	500	0	0	0	0	
2.5598238171e+02	378	13	46	11	6	494	50	0	500	500	0	0	0	0	
2.5649490493e+02	381	9	51	6	8	492	50	0	500	500	0	0	0	0	
2.5695818716e+02	384	8	54	3	4	496	50	0	500	500	0	0	0	0	
2.5749478820e+02	384	8	49	7	2	498	50	0	500	500	0	0	0	0	
2.5799084647e+02	383	9	51	5	6	494	50	0	500	500	0	0	0	0	
2.5849725286e+02	383	9	52	4	5	495	50	0	500	500	0	0	0	0	
2.5899265997e+02	386	8	50	6	6	494	50	0	500	500	0	0	0	0	
2.5949823109e+02	388	7	51	6	2	498	50	0	500	500	0	0	0	0	
2.5999992996e+02	389	9	49	8	5	495	50	0	500	500	0	0	0	0	
2.6049249683e+02	388	8	55	3	5	495	50	0	500	500	0	0	0	0	
2.6097252354e+02	387	10	51	8	7	493	50	0	500	500	0	0	0	0	
2.6149887987e+02	389	11	54	7	4	496	50	0	500	500	0	0	0	0	
2.6196979785e+02	389	10	52	8	6	494	50	0	500	500	0	0	0	0	
2.6248254049e+02	393	6	55	5	7	493	50	0	500	500	0	0	0	0	
2.6299945925e+02	396	5	54	6	7	493	50	0	500	500	0	0	0	0	
2.6348328513e+02	397	4	53	7	2	498	50	0	500	500	0	0	0	0	
2.6394086598e+02	401	1	56	5	1	499	50	0	500	500	0	0	0	0	
2.6442972817e+02	400	1	57	4	0	500	50	0	500	500	0	0	0	0	
2.6494637541e+02	401	0	59	2	2	498	50	0	500	500	0	0	0	0	
2.6543259422e+02	401	0	59	2	1	499	50	0	500	500	0	0	0	0	
2.6598642685e+02	401	0	60	1	1	499	50	0	500	500	0	0	0	0	
2.6644079434e+02	401	1	58	4	1	499	50	0	500	500	0	0	0	0	
2.6696099231e+02	402	2	57	5	1	499	50	0	500	500	0	0	0	0	
2.6748855044e+02	401	2	61	1	3	497	50	0	500	500	0	0	0	0	
2.6793763325e+02	401	3	61	1	2	498	50	0	500	500	0	0	0	0	
2.6847685784e+02	401	4	56	5	2	498	50	0	500	500	0	0	0	0	
2.6898810017e+02	399	5	58	3	2	498	50	0	500	500	0	0	0	0	
2.6947648021e+02	398	7	57	5	3	497	50	0	500	500	0	0	0	0	
2.6994731695e+02	400	5	57	5	5	495	50	0	500	500	0	0	0	0	
2.7048816168e+02	400	5	56	6	4	496	50	0	500	500	0	0	0	0	
2.7099956549e+02	400	7	57	5	3	497	50	0	500	500	0	0	0	0	
2.7149687073e+02	399	9	60	3	7	493	50	0	500	500	0	0	0	0	
2.7197445731e+02	400	8	61	2	6	494	50	0	500	500	0	0	0	0	
2.7248112906e+02	402	9	59	3	9	491	50	0	500	500	0	0	0	0	
2.7297478667e+02	404	7	59	3	0	500	50	0	500	500	0	0	0	0	
2.7349192261e+02	406	6	56	4	4	496	50	0	500	500	0	0	0	0	
2.7399843174e+02	407	6	57	3	5	495	50	0	500	500	0	0	0	0	
2.7449277312e+02	410	4	54	5	1	499	50	0	500	500	0	0	0	0	
2.7498214950e+02	411	4	56	3	3	497	50	0	500	500	0	0	0	0	
2.7549051359e+02	412	4	55	4	2	498	50	0	500	500	0	0	0	0	
2.7598342827e+02	413	6	57	2	7	493	50	0	500	500	0	0	0	0	
2.7647096041e+02	412	6	56	3	9	491	50	0	500	500	0	0	0	0	
2.7698860733e+02	414	4	52	6	3	497	50	0	500	500	0	0	0	0	
2.7749631873e+02	413	5	54	3	3	497	50	0	500	500	0	0	0	0	
2.7796924317e+02	413	6	53	4	3	497	50	0	500	500	0	0	0	0	
2.7847358450e+02	415	5	52	5	5	495	50	0	500	500	0	0	0	0	
2.7896209237e+02	415	6	54	4	4	496	50	0	500	500	0	0	0	0	
2.7948486971e+02	416	5	53	5	2	498	50	0	500	500	0	0	0	0	
2.7999179091e+02	417	6	55	3	7	493	50	0	500	500	0	0	0	0	
2.8048147888e+02	417	5	49	8	0	500	50	0	500	500	0	0	0	0	
2.8099419142e+02	417	6	49	9	4	496	50	0	500	500	0	0	0	0	
2.8148244124e+02	418	5	53	5	4	496	50	0	500	500	0	0	0	0	
2.8199732983e+02	418	8	49	9	5	495	50	0	500	500	0	0	0	0	
2.8249234947e+02	417	9	53	5	7	493	50	0	500	500	0	0	0	0	
2.8299316220e+02	418	8	52	5	7	493	50	0	500	500	0	0	0	0	
2.8348708125e+02	417	10	54	3	6	494	50	0	500	500	0	0	0	0	
2.8399873644e+02	420	7	45	10	6	494	50	0	500	500	0	0	0	0	
2.8449032196e+02	421	8	45	10	1	499	50	0	500	500	0	0	0	0	
2.8498890075e+02	424	5	50	6	3	497	50	0	500	500	0	0	0	0	
2.8548927247e+02	423	7	50	6	2	498	50	0	500	500	0	0	0	0	
2.8599925659e+02	423	7	52	4	5	495	50	0	500	500	0	0	0	0	
2.8647370439e+02	423	8	50	4	5	495	50	0	500	500	0	0	0	0	
2.8699550703e+02	424	9	47	8	4	496	50	0	500	500	0	0	0	0	
2.8749962106e+02	424	10	45	10	3	497	50	0	500	500	0	0	0	0	
2.8796390046e+02	425	11	47	8	5	495	50	0	500	500	0	0	0	0	
2.8846477996e+02	427	9	49	6	4	496	50	0	500	500	0	0	0	0	
2.8899762357e+02	429	8	49	6	6	494	50	0	500	500	0	0	0	0	
2.8944828691e+02	430	7	49	6	4	496	50	0	500	500	0	0	0	0	
2.8999167322e+02	431	7	50	5	4	496	50	0	500	500	0	0	0	0	
2.9047922252e+02	431	7	47	7	5	495	50	0	500	500	0	0	0	0	
2.9099625646e+02	431	9	47	8	3	497	50	0	500	500	0	0	0	0	
2.9149582680e+02	431	9	45	10	7	493	50	0	500	500	0	0	0	0	
2.9199369574e+02	432	8	43	11	3	497	50	0	500	500	0	0	0	0	
2.9248603087e+02	435	7	46	8	2	498	50	0	500	500	0	0	0	0	
2.9299672137e+02	437	5	47	7	2	498	50	0	500	500	0	0	0	0	
2.9346872901e+02	437	6	46	8	4	496	50	0	500	500	0	0	0	0	
2.9398416792e+02	439	5	49	4	5	495	50	0	500	500	0	0	0	0	
2.9449058371e+02	437	7	45	8	6	494	50	0	500	500	0	0	0	0	
2.9499534956e+02	438	9	47	6	7	493	50	0	500	500	0	0	0	0	
2.9549274100e+02	440	7	44	9	3	497	50	0	500	500	0	0	0	0	
2.9597598944e+02	442	5	45	8	4	496	50	0	500	500	0	0	0	0	
2.9648455519e+02	442	7	50	3	5	495	50	0	500	500	0	0	0	0	
2.9695792831e+02	445	6	48	5	5	495	50	0	500	500	0	0	0	0	
2.9746192748e+02	443	8	45	8	1	499	50	0	500	500	0	0	0	0	
2.9799755237e+02	443	8	45	7	3	497	50	0	500	500	0	0	0	0	
2.9848826518e+02	445	7	43	9	5	495	50	0	500	500	0	0	0	0	
2.9896805172e+02	447	4	43	9	7	493	50	0	500	500	0	0	0	0	
2.9945058653e+02	448	5	46	7	2	498	50	0	500	500	0	0	0	0	
2.9996531154e+02	451	3	47	5	2	498	50	0	500	500	0	0	0	0	
3.0046978694e+02	452	1	50	3	4	496	50	0	500	500	0	0	0	0	
3.0099652235e+02	452	1	48	5	5	495	50	0	500	500	0	0	0	0	
3.0147078106e+02	451	2	46	7	2	498	50	0	500	500	0	0	0	0	
3.0196636923e+02	450	2	50	3	4	496	50	0	500	500	0	0	0	0	
3.0247460200e+02	449	3	50	3	2	498	50	0	500	500	0	0	0	0	
3.0297993541e+02	450	2	49	4	2	498	50	0	500	500	0	0	0	0	
3.0344721432e+02	452	3	51	3	2	498	50	0	500	500	0	0	0	0	
3.0397865441e+02	452	2	50	4	2	498	50	0	500	500	0	0	0	0	
3.0446568748e+02	451	4	52	3	4	496	50	0	500	500	0	0	0	0	
3.0496107567e+02	452	5	51	4	1	499	50	0	500	500	0	0	0	0	
3.0548852756e+02	452	7	51	5	6	494	50	0	500	500	0	0	0	0	
3.0598286958e+02	453	6	46	10	5	495	50	0	500	500	0	0	0	0	
3.0648133793e+02	452	7	51	5	10	490	50	0	500	500	0	0	0	0	
3.0697743049e+02	452	7	49	7	3	497	50	0	500	500	0	0	0	0	
3.0747938672e+02	452	8	49	8	7	493	50	0	500	500	0	0	0	0	
3.0799983199e+02	455	6	52	5	5	495	50	0	500	500	0	0	0	0	
3.0849748426e+02	457	4	55	2	3	497	50	0	500	500	0	0	0	0	
3.0897633658e+02	456	6	50	7	6	494	50	0	500	500	0	0	0	0	
3.0949354859e+02	455	5	49	9	6	494	50	0	500	500	0	0	0	0	
3.0995628553e+02	455	6	53	5	7	493	50	0	500	500	0	0	0	0	
3.1048852820e+02	454	9	52	6	8	492	50	0	500	500	0	0	0	0	
3.1099600384e+02	456	7	50	8	9	491	50	0	500	500	0	0	0	0	
3.1143290440e+02	457	7	51	5	3	497	50	0	500	500	0	0	0	0	
3.1199657704e+02	457	7	52	5	4	496	50	0	500	500	0	0	0	0	
3.1248336861e+02	455	11	54	3	3	497	50	0	500	500	0	0	0	0	
3.1299361367e+02	457	9	53	4	3	497	50	0	500	500	0	0	0	0	
3.1342056682e+02	461	5	53	5	1	499	50	0	500	500	0	0	0	0	
3.1399633733e+02	462	5	59	1	5	495	50	0	500	500	0	0	0	0	
3.1446249731e+02	464	4	57	3	5	495	50	0	500	500	0	0	0	0	
3.1497891142e+02	462	6	54	6	7	493	50	0	500	500	0	0	0	0	
3.1549113940e+02	463	6	51	7	4	496	50	0	500	500	0	0	0	0	
3.1599818396e+02	463	7	53	5	9	491	50	0	500	500	0	0	0	0	
3.1648682800e+02	459	12	48	10	5	495	50	0	500	500	0	0	0	0	
3.1699259528e+02	461	13	46	12	8	492	50	0	500	500	0	0	0	0	
3.1747237822e+02	464	10	46	11	6	494	50	0	500	500	0	0	0	0	
3.1798008059e+02	467	8	47	10	8	492	50	0	500	500	0	0	0	0	
3.1848844308e+02	466	9	48	9	1	499	50	0	500	500	0	0	0	0	
3.1899965472e+02	467	8	51	8	4	496	50	0	500	500	0	0	0	0	
3.1949796275e+02	470	6	51	8	1	499	50	0	500	500	0	0	0	0	
3.1998388830e+02	471	5	51	8	2	498	50	0	500	500	0	0	0	0	
3.2049586873e+02	470	7	52	6	4	496	50	0	500	500	0	0	0	0	
3.2098849575e+02	470	7	54	7	2	498	50	0	500	500	0	0	0	0	
3.2149420271e+02	471	6	53	9	4	496	50	0	500	500	0	0	0	0	
3.2199756352e+02	472	6	50	11	8	492	50	0	500	500	0	0	0	0	
3.2249194182e+02	471	5	54	7	5	495	50	0	500	500	0	0	0	0	
3.2299631691e+02	472	6	54	7	7	493	50	0	500	500	0	0	0	0	
3.2349972164e+02	474	5	55	6	4	496	50	0	500	500	0	0	0	0	
3.2398443700e+02	474	5	54	7	5	495	50	0	500	500	0	0	0	0	
3.2445153620e+02	474	5	58	3	2	498	50	0	500	500	0	0	0	0	
3.2499132399e+02	473	6	59	1	4	496	50	0	500	500	0	0	0	0	
3.2549098976e+02	473	6	57	4	3	497	50	0	500	500	0	0	0	0	
3.2599262207e+02	473	6	55	6	6	494	50	0	500	500	0	0	0	0	
3.2648823240e+02	471	10	52	9	5	495	50	0	500	500	0	0	0	0	
3.2699901733e+02	472	9	55	6	10	490	50	0	500	500	0	0	0	0	
3.2749191084e+02	474	8	51	10	5	495	50	0	500	500	0	0	0	0	
3.2797616601e+02	474	8	51	9	4	496	50	0	500	500	0	0	0	0	
3.2845395789e+02	474	8	53	7	7	493	50	0	500	500	0	0	0	0	
3.2899531840e+02	473	7	51	10	5	495	50	0	500	500	0	0	0	0	
3.2948875822e+02	473	8	52	9	3	497	50	0	500	500	0	0	0	0	
3.2999229416e+02	473	9	54	7	6	494	50	0	500	500	0	0	0	0	
3.3048281016e+02	474	8	52	9	5	495	50	0	500	500	0	0	0	0	
3.3098669697e+02	474	8	52	7	2	498	50	0	500	500	0	0	0	0	
3.3148744741e+02	472	10	50	9	5	495	50	0	500	500	0	0	0	0	
3.3199999519e+02	473	8	49	8	1	499	50	0	500	500	0	0	0	0	
3.3248334385e+02	474	7	52	5	5	495	50	0	500	500	0	0	0	0	
3.3299869372e+02	476	5	53	4	4	496	50	0	500	500	0	0	0	0	
3.3348157581e+02	474	6	55	3	1	499	50	0	500	500	0	0	0	0	
3.3397719084e+02	474	6	52	6	4	496	50	0	500	500	0	0	0	0	
3.3449848026e+02	473	7	50	8	5	495	50	0	500	500	0	0	0	0	
3.3499994628e+02	474	6	54	4	5	495	50	0	500	500	0	0	0	0	
3.3549629843e+02	475	6	56	2	8	492	50	0	500	500	0	0	0	0	
3.3598980395e+02	474	7	47	10	3	497	50	0	500	500	0	0	0	0	
3.3649543246e+02	473	6	47	10	4	496	50	0	500	500	0	0	0	0	
3.3699966698e+02	471	9	49	8	4	496	50	0	500	500	0	0	0	0	
3.3748676249e+02	469	10	48	9	8	492	50	0	500	500	0	0	0	0	
3.3798270961e+02	471	8	50	8	11	489	50	0	500	500	0	0	0	0	
3.3849322308e+02	471	8	53	4	10	490	50	0	500	500	0	0	0	0	
3.3896928878e+02	471	9	50	6	9	491	50	0	500	500	0	0	0	0	
3.3949312949e+02	470	10	48	9	7	493	50	0	500	500	0	0	0	0	
3.3999719490e+02	472	12	46	11	9	491	50	0	500	500	0	0	0	0	
3.4049956961e+02	475	9	48	9	5	495	50	0	500	500	0	0	0	0	
3.4099138803e+02	475	10	45	12	5	495	50	0	500	500	0	0	0	0	
3.4149660632e+02	477	9	52	5	10	490	50	0	500	500	0	0	0	0	
3.4198652425e+02	479	7	49	8	4	496	50	0	500	500	0	0	0	0	
3.4247374739e+02	483	3	48	8	5	495	50	0	500	500	0	0	0	0	
3.4298943741e+02	483	4	49	6	2	498	50	0	500	500	0	0	0	0	
3.4338455987e+02	486	1	49	6	2	498	50	0	500	500	0	0	0	0	
3.4397023309e+02	486	2	50	5	2	498	50	0	500	500	0	0	0	0	
3.4449843406e+02	485	5	50	4	6	494	50	0	500	500	0	0	0	0	
3.4499179022e+02	485	5	47	7	3	497	50	0	500	500	0	0	0	0	
3.4549852790e+02	483	6	45	8	6	494	50	0	500	500	0	0	0	0	
3.4598962637e+02	482	6	46	7	6	494	50	0	500	500	0	0	0	0	
3.4649841385e+02	481	7	46	7	1	499	50	0	500	500	0	0	0	0	
3.4699916571e+02	482	6	44	9	2	498	50	0	500	500	0	0	0	0	
3.4746675916e+02	481	8	50	3	3	497	50	0	500	500	0	0	0	0	
3.4798943748e+02	483	7	50	3	4	496	50	0	500	500	0	0	0	0	
3.4848051779e+02	482	7	46	7	4	496	50	0	500	500	0	0	0	0	
3.4896918565e+02	484	10	44	8	4	496	50	0	500	500	0	0	0	0	
3.4946495259e+02	488	7	47	6	5	495	50	0	500	500	0	0	0	0	
3.4998441004e+02	487	9	49	4	5	495	50	0	500	500	0	0	0	0	
3.5049557779e+02	488	9	49	3	3	497	50	0	500	500	0	0	0	0	
3.5096910051e+02	488	11	49	2	3	497	50	0	500	500	0	0	0	0	
3.5147052953e+02	491	9	46	5	3	497	50	0	500	500	0	0	0	0	
3.5194726552e+02	491	9	47	4	3	497	50	0	500	500	0	0	0	0	
3.5244831909e+02	491	10	43	8	5	495	50	0	500	500	0	0	0	0	
3.5298333436e+02	492	10	45	6	3	497	50	0	500	500	0	0	0	0	
3.5349582662e+02	491	11	44	7	9	491	50	0	500	500	0	0	0	0	
3.5399667277e+02	490	13	40	12	9	491	50	0	500	500	0	0	0	0	
3.5449390717e+02	492	12	44	8	7	493	50	0	500	500	0	0	0	0	
3.5499966343e+02	493	12	42	10	8	492	50	0	500	500	0	0	0	0	
3.5549835019e+02	492	13	43	9	8	492	50	0	500	500	0	0	0	0	
3.5599737450e+02	493	12	42	10	5	495	50	0	500	500	0	0	0	0	
3.5649986095e+02	494	13	45	9	8	492	50	0	500	500	0	0	0	0	
3.5699930599e+02	495	12	41	12	3	497	50	0	500	500	0	0	0	0	
3.5749280323e+02	498	10	47	5	3	497	50	0	500	500	0	0	0	0	
3.5799085309e+02	502	5	51	2	3	497	50	0	500	500	0	0	0	0	
3.5841049357e+02	502	4	50	3	0	500	50	0	500	500	0	0	0	0	
3.5894457274e+02	503	4	50	4	4	496	50	0	500	500	0	0	0	0	
3.5949913895e+02	502	9	49	5	2	498	50	0	500	500	0	0	0	0	
3.5995819868e+02	502	7	47	6	6	494	50	0	500	500	0	0	0	0	
3.6049964950e+02	502	8	48	5	4	496	50	0	500	500	0	0	0	0	
3.6098055204e+02	501	10	46	7	8	492	50	0	500	500	0	0	0	0	
3.6148220809e+02	500	12	48	5	11	489	50	0	500	500	0	0	0	0	
3.6196386792e+02	501	10	46	6	4	496	50	0	500	500	0	0	0	0	
3.6249679266e+02	502	10	46	6	5	495	50	0	500	500	0	0	0	0	
3.6298741987e+02	501	11	46	6	2	498	50	0	500	500	0	0	0	0	
3.6349116337e+02	499	12	38	14	5	495	50	0	500	500	0	0	0	0	
3.6399232685e+02	503	9	43	10	9	491	50	0	500	500	0	0	0	0	
3.6448108097e+02	504	8	45	8	10	490	50	0	500	500	0	0	0	0	
3.6499718530e+02	505	7	43	10	11	489	50	0	500	500	0	0	0	0	
3.6549931664e+02	505	8	47	7	7	493	50	0	500	500	0	0	0	0	
3.6599979923e+02	505	8	46	9	5	495	50	0	500	500	0	0	0	0	
3.6648316545e+02	507	7	48	7	3	497	50	0	500	500	0	0	0	0	
3.6696809896e+02	506	7	43	11	3	497	50	0	500	500	0	0	0	0	
3.6748631699e+02	503	6	45	8	3	497	50	0	500	500	0	0	0	0	
3.6798092514e+02	504	8	38	14	3	497	50	0	500	500	0	0	0	0	
3.6848478228e+02	505	7	45	7	8	492	50	0	500	500	0	0	0	0	
3.6899837140e+02	503	10	45	7	5	495	50	0	500	500	0	0	0	0	
3.6949631779e+02	505	8	47	5	3	497	50	0	500	500	0	0	0	0	
3.6996817217e+02	507	6	45	6	5	495	50	0	500	500	0	0	0	0	
3.7048754719e+02	508	4	46	5	5	495	50	0	500	500	0	0	0	0	
3.7096018247e+02	506	6	43	8	4	496	50	0	500	500	0	0	0	0	
3.7149747161e+02	507	5	45	6	5	495	50	0	500	500	0	0	0	0	
3.7199105625e+02	504	6	44	7	3	497	50	0	500	500	0	0	0	0	
3.7249552957e+02	504	6	44	7	6	494	50	0	500	500	0	0	0	0	
3.7297688252e+02	503	8	41	9	3	497	50	0	500	500	0	0	0	0	
3.7349323881e+02	506	5	43	7	3	497	50	0	500	500	0	0	0	0	
3.7399785287e+02	507	4	45	7	7	493	50	0	500	500	0	0	0	0	
3.7446496352e+02	505	6	47	5	2	498	50	0	500	500	0	0	0	0	
3.7498264333e+02	505	10	45	8	7	493	50	0	500	500	0	0	0	0	
3.7547419058e+02	506	10	48	5	5	495	50	0	500	500	0	0	0	0	
3.7599828588e+02	507	8	50	3	4	496	50	0	500	500	0	0	0	0	
3.7649775636e+02	507	9	45	8	3	497	50	0	500	500	0	0	0	0	
3.7699128900e+02	508	8	47	5	6	494	50	0	500	500	0	0	0	0	
3.7748939654e+02	509	8	43	9	2	498	50	0	500	500	0	0	0	0	
3.7796287504e+02	510	8	41	11	2	498	50	0	500	500	0	0	0	0	
3.7848483940e+02	510	7	38	14	5	495	50	0	500	500	0	0	0	0	
3.7899437422e+02	507	12	38	12	8	492	50	0	500	500	0	0	0	0	
3.7949390950e+02	509	11	39	11	10	490	50	0	500	500	0	0	0	0	
3.7999988633e+02	511	11	41	9	6	494	50	0	500	500	0	0	0	0	
3.8049964440e+02	509	14	41	9	6	494	50	0	500	500	0	0	0	0	
3.8098403077e+02	513	12	42	8	13	487	50	0	500	500	0	0	0	0	
3.8149425331e+02	514	13	40	9	8	492	50	0	500	500	0	0	0	0	
3.8199897479e+02	513	14	39	9	16	484	50	0	500	500	0	0	0	0	
3.8249333792e+02	517	10	39	9	10	490	50	0	500	500	0	0	0	0	
3.8298607887e+02	519	8	37	11	6	494	50	0	500	500	0	0	0	0	
3.8349347720e+02	517	8	40	8	7	493	50	0	500	500	0	0	0	0	
3.8398430125e+02	516	9	36	11	5	495	50	0	500	500	0	0	0	0	
3.8449722620e+02	516	10	37	10	5	495	50	0	500	500	0	0	0	0	
3.8499105425e+02	515	9	37	11	2	498	50	0	500	500	0	0	0	0	
3.8549784440e+02	514	10	36	12	2	498	50	0	500	500	0	0	0	0	
3.8599306409e+02	516	9	44	5	4	496	50	0	500	500	0	0	0	0	
3.8647109147e+02	517	7	41	8	5	495	50	0	500	500	0	0	0	0	
3.8698801767e+02	517	8	45	4	9	491	50	0	500	500	0	0	0	0	
3.8747622682e+02	517	9	46	2	3	497	50	0	500	500	0	0	0	0	
3.8797932584e+02	518	8	44	5	5	495	50	0	500	500	0	0	0	0	
3.8849880041e+02	518	9	45	4	8	492	50	0	500	500	0	0	0	0	
3.8898094253e+02	520	10	39	10	4	496	50	0	500	500	0	0	0	0	
3.8947671231e+02	522	7	43	6	3	497	50	0	500	500	0	0	0	0	
3.8999658584e+02	523	7	42	6	2	498	50	0	500	500	0	0	0	0	
3.9049118288e+02	522	8	42	6	10	490	50	0	500	500	0	0	0	0	
3.9099789434e+02	519	11	41	6	10	490	50	0	500	500	0	0	0	0	
3.9146004391e+02	522	9	36	10	4	496	50	0	500	500	0	0	0	0	
3.9198433658e+02	519	11	34	12	8	492	50	0	500	500	0	0	0	0	
3.9249298312e+02	522	9	37	9	7	493	50	0	500	500	0	0	0	0	
3.9299137173e+02	520	13	35	11	6	494	50	0	500	500	0	0	0	0	
3.9347894853e+02	521	13	35	12	7	493	50	0	500	500	0	0	0	0	
3.9397841610e+02	517	15	32	15	10	490	50	0	500	500	0	0	0	0	
3.9448782541e+02	521	11	37	10	4	496	50	0	500	500	0	0	0	0	
3.9495878943e+02	522	9	39	8	3	497	50	0	500	500	0	0	0	0	
3.9549615487e+02	523	9	42	5	8	492	50	0	500	500	0	0	0	0	
3.9599578216e+02	526	7	36	11	5	495	50	0	500	500	0	0	0	0	
3.9649838112e+02	526	8	36	11	4	496	50	0	500	500	0	0	0	0	
3.9699988026e+02	528	8	32	15	1	499	50	0	500	500	0	0	0	0	
3.9749982212e+02	529	5	38	8	3	497	50	0	500	500	0	0	0	0	
3.9796692471e+02	528	6	41	5	5	495	50	0	500	500	0	0	0	0	
3.9848448178e+02	527	8	40	8	3	497	50	0	500	500	0	0	0	0	
3.9899750113e+02	529	7	43	5	3	497	50	0	500	500	0	0	0	0	
3.9948466798e+02	530	7	40	8	1	499	50	0	500	500	0	0	0	0	
3.9999798420e+02	529	8	43	5	2	498	50	0	500	500	0	0	0	0	
4.0048185047e+02	528	11	43	5	5	495	50	0	500	500	0	0	0	0	
4.0098324511e+02	530	10	41	7	4	496	50	0	500	500	0	0	0	0	
4.0147082565e+02	532	8	38	10	8	492	50	0	500	500	0	0	0	0	
4.0199062178e+02	531	10	41	6	2	498	50	0	500	500	0	0	0	0	
4.0249882440e+02	529	12	36	10	5	495	50	0	500	500	0	0	0	0	
4.0299557960e+02	529	11	36	10	6	494	50	0	500	500	0	0	0	0	
4.0348573353e+02	533	10	42	4	9	491	50	0	500	500	0	0	0	0	
4.0399910629e+02	533	10	42	4	6	494	50	0	500	500	0	0	0	0	
4.0449506748e+02	534	9	40	4	8	492	50	0	500	500	0	0	0	0	
4.0498415432e+02	536	7	40	3	2	498	50	0	500	500	0	0	0	0	
4.0549606739e+02	540	4	42	1	3	497	50	0	500	500	0	0	0	0	
4.0596725209e+02	540	4	39	3	4	496	50	0	500	500	0	0	0	0	
4.0649575111e+02	541	3	39	2	5	495	50	0	500	500	0	0	0	0	
4.0697260726e+02	540	4	39	2	4	496	50	0	500	500	0	0	0	0	
4.0748598653e+02	539	7	37	4	6	494	50	0	500	500	0	0	0	0	
4.0798269866e+02	539	7	35	6	1	499	50	0	500	500	0	0	0	0	
4.0849209996e+02	539	7	35	7	7	493	50	0	500	500	0	0	0	0	
4.0899724430e+02	538	8	34	8	7	493	50	0	500	500	0	0	0	0	
4.0948161705e+02	536	9	34	8	6	494	50	0	500	500	0	0	0	0	
4.0999832292e+02	538	6	32	11	7	493	50	0	500	500	0	0	0	0	
4.1048376700e+02	538	7	30	13	9	491	50	0	500	500	0	0	0	0	
4.1098596789e+02	537	7	28	15	8	492	50	0	500	500	0	0	0	0	
4.1149237454e+02	540	6	34	11	8	492	50	0	500	500	0	0	0	0	
4.1199822244e+02	537	10	32	13	2	498	50	0	500	500	0	0	0	0	
4.1249720790e+02	537	10	37	8	12	488	50	0	500	500	0	0	0	0	
4.1299788571e+02	539	7	36	9	5	495	50	0	500	500	0	0	0	0	
4.1347934846e+02	541	7	38	6	7	493	50	0	500	500	0	0	0	0	
4.1399429063e+02	542	7	44	1	4	496	50	0	500	500	0	0	0	0	
4.1447647868e+02	543	7	41	4	4	496	50	0	500	500	0	0	0	0	
4.1499032514e+02	544	6	34	11	4	496	50	0	500	500	0	0	0	0	
4.1548278556e+02	542	7	39	5	6	494	50	0	500	500	0	0	0	0	
4.1599449344e+02	544	5	41	3	2	498	50	0	500	500	0	0	0	0	
4.1648849779e+02	547	5	38	6	3	497	50	0	500	500	0	0	0	0	
4.1695212645e+02	547	3	40	4	1	499	50	0	500	500	0	0	0	0	
4.1749333178e+02	547	4	45	0	3	497	50	0	500	500	0	0	0	0	
4.1795998873e+02	550	1	44	1	0	500	50	0	500	500	0	0	0	0	
4.1848302738e+02	551	0	43	3	2	498	50	0	500	500	0	0	0	0	
4.1899445368e+02	553	0	43	3	4	496	50	0	500	500	0	0	0	0	
4.1948185857e+02	551	1	43	3	4	496	50	0	500	500	0	0	0	0	
4.1999264613e+02	551	2	43	3	1	499	50	0	500	500	0	0	0	0	
4.2049717756e+02	548	4	41	5	7	493	50	0	500	500	0	0	0	0	
4.2098588649e+02	548	5	37	7	3	497	50	0	500	500	0	0	0	0	
4.2146785693e+02	550	5	41	3	0	500	50	0	500	500	0	0	0	0	
4.2197417678e+02	551	5	44	1	2	498	50	0	500	500	0	0	0	0	
4.2247131945e+02	551	6	41	4	2	498	50	0	500	500	0	0	0	0	
4.2298761890e+02	551	6	40	5	7	493	50	0	500	500	0	0	0	0	
4.2345994958e+02	551	6	40	5	4	496	50	0	500	500	0	0	0	0	
4.2397809977e+02	554	6	40	6	0	500	50	0	500	500	0	0	0	0	
4.2449781660e+02	552	10	34	12	10	490	50	0	500	500	0	0	0	0	
4.2498097698e+02	548	14	37	9	14	486	50	0	500	500	0	0	0	0	
4.2549470169e+02	551	9	34	12	11	489	50	0	500	500	0	0	0	0	
4.2597930911e+02	552	9	38	8	7	493	50	0	500	500	0	0	0	0	
4.2649542915e+02	554	9	42	4	5	495	50	0	500	500	0	0	0	0	
4.2699075592e+02	556	7	37	9	6	494	50	0	500	500	0	0	0	0	
4.2749201972e+02	556	10	39	7	4	496	50	0	500	500	0	0	0	0	
4.2799931271e+02	557	9	35	11	7	493	50	0	500	500	0	0	0	0	
4.2848660264e+02	555	10	39	8	11	489	50	0	500	500	0	0	0	0	
4.2899937597e+02	556	10	41	6	5	495	50	0	500	500	0	0	0	0	
4.2949329870e+02	560	10	43	4	7	493	50	0	500	500	0	0	0	0	
4.2999604198e+02	561	13	42	6	7	493	50	0	500	500	0	0	0	0	
4.3049500344e+02	562	13	40	8	5	495	50	0	500	500	0	0	0	0	
4.3098413755e+02	563	13	36	12	17	483	50	0	500	500	0	0	0	0	
4.3149644044e+02	566	10	38	11	5	495	50	0	500	500	0	0	0	0	
4.3199600223e+02	567	9	41	8	5	495	50	0	500	500	0	0	0	0	
4.3249868655e+02	566	9	42	7	7	493	50	0	500	500	0	0	0	0	
4.3299763531e+02	566	10	42	8	15	485	50	0	500	500	0	0	0	0	
4.3349133825e+02	568	10	43	7	6	494	50	0	500	500	0	0	0	0	
4.3399794237e+02	572	6	43	5	4	496	50	0	500	500	0	0	0	0	
4.3449573774e+02	569	10	36	12	6	494	50	0	500	500	0	0	0	0	
4.3499930626e+02	567	10	37	11	7	493	50	0	500	500	0	0	0	0	
4.3549829997e+02	568	12	39	9	7	493	50	0	500	500	0	0	0	0	
4.3599508392e+02	569	11	37	10	6	494	50	0	500	500	0	0	0	0	
4.3649781972e+02	566	13	40	8	6	494	50	0	500	500	0	0	0	0	
4.3697924146e+02	566	13	43	6	3	497	50	0	500	500	0	0	0	0	
4.3749888321e+02	565	12	45	5	3	497	50	0	500	500	0	0	0	0	
4.3798312022e+02	562	18	45	5	9	491	50	0	500	500	0	0	0	0	
4.3849985496e+02	562	19	39	11	12	488	50	0	500	500	0	0	0	0	
4.3899654377e+02	558	18	40	10	9	491	50	0	500	500	0	0	0	0	
4.3948044524e+02	563	13	38	12	7	493	50	0	500	500	0	0	0	0	
4.3999832735e+02	560	17	34	17	8	492	50	0	500	500	0	0	0	0	
4.4047527472e+02	562	16	40	11	9	491	50	0	500	500	0	0	0	0	
4.4099068140e+02	560	18	38	13	7	493	50	0	500	500	0	0	0	0	
4.4149849166e+02	563	17	34	17	12	488	50	0	500	500	0	0	0	0	
4.4197807072e+02	564	17	38	13	3	497	50	0	500	500	0	0	0	0	
4.4249676584e+02	563	18	42	10	7	493	50	0	500	500	0	0	0	0	
4.4299014032e+02	569	12	44	8	8	492	50	0	500	500	0	0	0	0	
4.4349806563e+02	569	11	45	7	9	491	50	0	500	500	0	0	0	0	
4.4398495639e+02	574	5	46	6	10	490	50	0	500	500	0	0	0	0	
4.4449857253e+02	572	6	49	3	7	493	50	0	500	500	0	0	0	0	
4.4498327821e+02	572	7	47	5	5	495	50	0	500	500	0	0	0	0	
4.4549768045e+02	571	7	46	7	9	491	50	0	500	500	0	0	0	0	
4.4598875822e+02	572	6	46	7	6	494	50	0	500	500	0	0	0	0	
4.4649713509e+02	572	7	43	10	8	492	50	0	500	500	0	0	0	0	
4.4697098321e+02	571	8	45	9	7	493	50	0	500	500	0	0	0	0	
4.4749952079e+02	572	7	48	6	8	492	50	0	500	500	0	0	0	0	
4.4798451920e+02	570	10	48	7	2	498	50	0	500	500	0	0	0	0	
4.4848939720e+02	574	8	49	5	7	493	50	0	500	500	0	0	0	0	
4.4899734352e+02	576	9	52	2	4	496	50	0	500	500	0	0	0	0	
4.4949601536e+02	577	8	49	5	9	491	50	0	500	500	0	0	0	0	
4.4998799617e+02	577	8	41	14	7	493	50	0	500	500	0	0	0	0	
4.5046950701e+02	577	9	45	11	6	494	50	0	500	500	0	0	0	0	
4.5099855134e+02	577	10	49	6	2	498	50	0	500	500	0	0	0	0	
4.5149541042e+02	580	7	50	5	7	493	50	0	500	500	0	0	0	0	
4.5198664700e+02	579	7	51	4	10	490	50	0	500	500	0	0	0	0	
4.5248838654e+02	579	6	51	4	5	495	50	0	500	500	0	0	0	0	
4.5299558046e+02	580	4	48	6	6	494	50	0	500	500	0	0	0	0	
4.5347087860e+02	579	7	46	8	3	497	50	0	500	500	0	0	0	0	
4.5399354927e+02	579	7	45	9	5	495	50	0	500	500	0	0	0	0	
4.5447302502e+02	581	5	44	10	3	497	50	0	500	500	0	0	0	0	
4.5499584132e+02	579	8	44	10	2	498	50	0	500	500	0	0	0	0	
4.5549243863e+02	581	7	45	10	5	495	50	0	500	500	0	0	0	0	
4.5599828488e+02	580	11	45	9	12	488	50	0	500	500	0	0	0	0	
4.5649466988e+02	585	6	43	9	3	497	50	0	500	500	0	0	0	0	
4.5697293250e+02	585	6	44	8	4	496	50	0	500	500	0	0	0	0	
4.5749494121e+02	585	7	44	8	9	491	50	0	500	500	0	0	0	0	
4.5798444306e+02	584	5	40	11	4	496	50	0	500	500	0	0	0	0	
4.5849166553e+02	584	7	34	18	5	495	50	0	500	500	0	0	0	0	
4.5899332748e+02	587	6	38	13	6	494	50	0	500	500	0	0	0	0	
4.5947100042e+02	587	7	43	8	7	493	50	0	500	500	0	0	0	0	
4.5998047532e+02	587	6	47	4	2	498	50	0	500	500	0	0	0	0	
4.6049152016e+02	588	6	46	5	3	497	50	0	500	500	0	0	0	0	
4.6099548433e+02	585	9	43	8	3	497	50	0	500	500	0	0	0	0	
4.6149845140e+02	584	9	42	10	9	491	50	0	500	500	0	0	0	0	
4.6199108066e+02	581	13	49	3	8	492	50	0	500	500	0	0	0	0	
4.6249409692e+02	585	11	47	4	7	493	50	0	500	500	0	0	0	0	
4.6297420872e+02	587	9	48	4	6	494	50	0	500	500	0	0	0	0	
4.6349880159e+02	586	8	44	7	4	496	50	0	500	500	0	0	0	0	
4.6398870389e+02	585	9	42	9	5	495	50	0	500	500	0	0	0	0	
4.6444724582e+02	584	8	44	7	2	498	50	0	500	500	0	0	0	0	
4.6499532743e+02	583	9	39	11	6	494	50	0	500	500	0	0	0	0	
4.6549315934e+02	581	11	37	13	12	488	50	0	500	500	0	0	0	0	
4.6599998041e+02	582	8	45	6	6	494	50	0	500	500	0	0	0	0	
4.6649957790e+02	579	9	48	4	6	494	50	0	500	500	0	0	0	0	
4.6698464776e+02	580	9	45	6	10	490	50	0	500	500	0	0	0	0	
4.6749497865e+02	577	10	41	10	3	497	50	0	500	500	0	0	0	0	
4.6799012340e+02	578	10	37	13	3	497	50	0	500	500	0	0	0	0	
4.6849691833e+02	579	9	36	13	4	496	50	0	500	500	0	0	0	0	
4.6899418784e+02	577	12	37	12	5	495	50	0	500	500	0	0	0	0	
4.6948851399e+02	577	12	36	13	8	492	50	0	500	500	0	0	0	0	
4.6998675602e+02	580	11	40	9	4	496	50	0	500	500	0	0	0	0	
4.7049652015e+02	580	11	38	10	9	491	50	0	500	500	0	0	0	0	
4.7099317574e+02	586	7	39	9	11	489	50	0	500	500	0	0	0	0	
4.7147391800e+02	587	7	40	6	4	496	50	0	500	500	0	0	0	0	
4.7199505117e+02	586	12	41	5	7	493	50	0	500	500	0	0	0	0	
4.7249884210e+02	584	13	41	5	13	487	50	0	500	500	0	0	0	0	
4.7298883120e+02	585	14	40	7	5	495	50	0	500	500	0	0	0	0	
4.7347935581e+02	588	12	36	11	6	494	50	0	500	500	0	0	0	0	
4.7398327912e+02	592	10	39	8	1	499	50	0	500	500	0	0	0	0	
4.7448831979e+02	592	11	39	8	8	492	50	0	500	500	0	0	0	0	
4.7499889838e+02	597	9	36	11	5	495	50	0	500	500	0	0	0	0	
4.7548447039e+02	597	9	40	7	10	490	50	0	500	500	0	0	0	0	
4.7598253997e+02	601	4	38	9	8	492	50	0	500	500	0	0	0	0	
4.7648786837e+02	602	4	39	9	6	494	50	0	500	500	0	0	0	0	
4.7699311117e+02	603	4	35	13	4	496	50	0	500	500	0	0	0	0	
4.7745739303e+02	607	2	37	11	0	500	50	0	500	500	0	0	0	0	
4.7797598619e+02	605	4	41	9	3	497	50	0	500	500	0	0	0	0	
4.7849962173e+02	605	5	43	6	3	497	50	0	500	500	0	0	0	0	
4.7899182047e+02	606	5	47	4	4	496	50	0	500	500	0	0	0	0	
4.7946904240e+02	607	4	48	3	5	495	50	0	500	500	0	0	0	0	
4.7999683131e+02	609	2	47	4	1	499	50	0	500	500	0	0	0	0	
4.8049515633e+02	608	4	45	6	4	496	50	0	500	500	0	0	0	0	
4.8099409267e+02	607	4	44	7	4	496	50	0	500	500	0	0	0	0	
4.8148848659e+02	607	4	44	7	2	498	50	0	500	500	0	0	0	0	
4.8199818070e+02	608	4	44	7	2	498	50	0	500	500	0	0	0	0	
4.8245859156e+02	610	3	47	4	6	494	50	0	500	500	0	0	0	0	
4.8296569361e+02	611	2	49	2	0	500	50	0	500	500	0	0	0	0	
4.8349420722e+02	611	5	51	1	3	497	50	0	500	500	0	0	0	0	
4.8398837209e+02	611	7	50	2	3	497	50	0	500	500	0	0	0	0	
4.8444616985e+02	613	6	48	4	5	495	50	0	500	500	0	0	0	0	
4.8499790044e+02	614	4	49	3	2	498	50	0	500	500	0	0	0	0	
4.8540527839e+02	614	4	47	5	2	498	50	0	500	500	0	0	0	0	
4.8598213550e+02	615	4	51	1	2	498	50	0	500	500	0	0	0	0	
4.8649802900e+02	615	3	48	4	3	497	50	0	500	500	0	0	0	0	
4.8699452422e+02	614	4	45	8	5	495	50	0	500	500	0	0	0	0	
4.8746295486e+02	613	4	49	3	3	497	50	0	500	500	0	0	0	0	
4.8798160432e+02	609	7	50	2	4	496	50	0	500	500	0	0	0	0	
4.8848787106e+02	609	5	47	5	2	498	50	0	500	500	0	0	0	0	
4.8899843716e+02	608	6	46	6	5	495	50	0	500	500	0	0	0	0	
4.8949921333e+02	609	5	45	7	5	495	50	0	500	500	0	0	0	0	
4.8998581232e+02	608	6	46	6	5	495	50	0	500	500	0	0	0	0	
4.9049453699e+02	610	8	48	4	4	496	50	0	500	500	0	0	0	0	
4.9099173702e+02	612	6	49	2	3	497	50	0	500	500	0	0	0	0	
4.9147116646e+02	612	7	45	6	2	498	50	0	500	500	0	0	0	0	
4.9198449114e+02	613	7	42	8	5	495	50	0	500	500	0	0	0	0	
4.9249736888e+02	613	6	37	13	4	496	50	0	500	500	0	0	0	0	
4.9298663554e+02	613	6	41	10	6	494	50	0	500	500	0	0	0	0	
4.9349880233e+02	614	6	42	9	9	491	50	0	500	500	0	0	0	0	
4.9399810786e+02	615	5	48	6	6	494	50	0	500	500	0	0	0	0	
4.9449223758e+02	614	8	47	7	4	496	50	0	500	500	0	0	0	0	
4.9499448284e+02	616	10	49	5	9	491	50	0	500	500	0	0	0	0	
4.9549936397e+02	615	11	45	8	5	495	50	0	500	500	0	0	0	0	
4.9599922210e+02	614	12	47	6	9	491	50	0	500	500	0	0	0	0	
4.9647836041e+02	619	7	45	8	6	494	50	0	500	500	0	0	0	0	
4.9699573212e+02	617	9	40	13	6	494	50	0	500	500	0	0	0	0	
4.9749091909e+02	620	7	47	6	6	494	50	0	500	500	0	0	0	0	
4.9799908698e+02	617	9	48	4	2	498	50	0	500	500	0	0	0	0	
4.9849988860e+02	617	8	41	11	7	493	50	0	500	500	0	0	0	0	
4.9899590810e+02	619	6	41	11	1	499	50	0	500	500	0	0	0	0	
4.9949092332e+02	618	6	48	5	8	492	50	0	500	500	0	0	0	0	
4.9998676515e+02	617	7	48	6	7	493	50	0	500	500	0	0	0	0	
5.0002528519e+02	617	7	48	6	6	494	50	0	500	500	0	0	0	0	
