0.0000000000e+00	0	0	0	0	0	500	500	0	500	500	0	500	500	0	
4.9896076018e-01	0	1	1	0	22	478	500	0	500	500	0	500	500	0	
9.9902022843e-01	1	1	2	0	38	462	500	0	500	500	0	500	500	0	
1.4987982338e+00	1	2	6	0	40	460	500	0	500	500	0	500	500	0	
1.9994262438e+00	1	4	8	0	42	458	500	0	500	500	0	500	500	0	
2.4956157912e+00	2	5	10	0	46	454	500	0	500	500	0	500	500	0	
2.9990111834e+00	3	5	12	0	38	462	500	0	500	500	0	500	500	0	
3.4967710065e+00	6	4	13	0	48	452	500	0	500	500	0	500	500	0	
3.9992685121e+00	9	1	14	0	40	460	500	0	500	500	0	500	500	0	
4.4982595822e+00	9	3	15	0	25	475	500	0	500	500	0	500	500	0	
4.9992243642e+00	10	3	16	1	34	466	500	0	500	500	0	500	500	0	
5.4982684393e+00	11	3	19	1	35	465	500	0	500	500	0	500	500	0	
5.9962698134e+00	12	2	17	2	37	463	500	0	500	500	0	500	500	0	
6.4986452583e+00	12	2	21	0	32	468	500	0	500	500	0	500	500	0	
6.9976249258e+00	13	2	22	1	36	464	500	0	500	500	0	500	500	0	
7.4993392093e+00	14	3	23	1	32	468	500	0	500	500	0	500	500	0	
7.9939709941e+00	14	4	26	1	45	455	500	0	500	500	0	500	500	0	
8.4965169270e+00	14	4	28	1	36	464	500	0	500	500	0	500	500	0	
8.9959379004e+00	14	5	29	2	22	478	500	0	500	500	0	500	500	0	
9.4976621144e+00	15	4	30	2	25	475	500	0	500	500	0	500	500	0	
9.9977640864e+00	18	3	32	2	31	469	500	0	500	500	0	500	500	0	
1.0497062712e+01	21	3	35	1	47	453	500	0	500	500	0	500	500	0	
1.0999684849e+01	23	1	35	1	32	468	500	0	500	500	0	500	500	0	
1.1492010914e+01	23	2	37	1	46	454	500	0	500	500	0	500	500	0	
1.1999156566e+01	23	3	39	1	39	461	500	0	500	500	0	500	500	0	
1.2499198920e+01	23	4	40	2	37	463	500	0	500	500	0	500	500	0	
1.2998836172e+01	25	4	41	2	44	456	500	0	500	500	0	500	500	0	
1.3499058154e+01	27	4	42	5	40	460	500	0	500	500	0	500	500	0	
1.3998721290e+01	30	1	46	4	40	460	500	0	500	500	0	500	500	0	
1.4499860350e+01	31	2	51	2	50	450	500	0	500	500	0	500	500	0	
1.4996141851e+01	31	4	53	4	32	468	500	0	500	500	0	500	500	0	
1.5499861254e+01	32	4	56	3	44	456	500	0	500	500	0	500	500	0	
1.5993933549e+01	33	5	60	2	32	468	500	0	500	500	0	500	500	0	
1.6497503273e+01	36	3	60	2	44	456	500	0	500	500	0	500	500	0	
1.6997386220e+01	37	2	60	3	41	459	500	0	500	500	0	500	500	0	
1.7499897612e+01	37	2	63	2	32	468	500	0	500	500	0	500	500	0	
1.7997164862e+01	37	2	67	1	39	461	500	0	500	500	0	500	500	0	
1.8499756772e+01	39	1	68	1	38	462	500	0	500	500	0	500	500	0	
1.8993931570e+01	39	2	70	0	52	448	500	0	500	500	0	500	500	0	
1.9494177601e+01	39	3	70	0	51	449	500	0	500	500	0	500	500	0	
1.9997409293e+01	39	5	72	2	43	457	500	0	500	500	0	500	500	0	
2.0499788950e+01	41	4	74	3	49	451	500	0	500	500	0	500	500	0	
2.0998017582e+01	42	4	78	2	36	464	500	0	500	500	0	500	500	0	
2.1499015000e+01	44	2	83	1	31	469	500	0	500	500	0	500	500	0	
2.1996733029e+01	44	2	85	1	25	475	500	0	500	500	0	500	500	0	
2.2499217283e+01	44	3	89	3	48	452	500	0	500	500	0	500	500	0	
2.2998871643e+01	44	6	95	1	65	435	500	0	500	500	0	500	500	0	
2.3499432281e+01	44	7	90	7	48	452	500	0	500	500	0	500	500	0	
2.3995585352e+01	46	6	91	8	47	453	500	0	500	500	0	500	500	0	
2.4499068430e+01	47	6	95	5	38	462	500	0	500	500	0	500	500	0	
2.4998779671e+01	50	3	99	4	30	470	500	0	500	500	0	500	500	0	
2.5497727333e+01	50	3	104	1	36	464	500	0	500	500	0	500	500	0	
2.5994825058e+01	50	4	104	2	48	452	500	0	500	500	0	500	500	0	
2.6498641038e+01	50	4	108	1	28	472	500	0	500	500	0	500	500	0	
2.6997621611e+01	51	4	109	2	40	460	500	0	500	500	0	500	500	0	
2.7498604496e+01	51	5	109	5	50	450	500	0	500	500	0	500	500	0	
2.7989091727e+01	51	5	106	8	39	461	500	0	500	500	0	500	500	0	
2.8496509773e+01	51	7	105	10	30	470	500	0	500	500	0	500	500	0	
2.8999600042e+01	51	7	107	9	39	461	500	0	500	500	0	500	500	0	
2.9496383713e+01	52	7	110	9	36	464	500	0	500	500	0	500	500	0	
2.9993742648e+01	55	4	113	7	41	459	500	0	500	500	0	500	500	0	
3.0499943131e+01	57	2	120	5	32	468	500	0	500	500	0	500	500	0	
3.0997066687e+01	57	3	123	3	41	459	500	0	500	500	0	500	500	0	
3.1499556171e+01	57	3	126	4	33	467	500	0	500	500	0	500	500	0	
3.1995567907e+01	59	2	129	4	29	471	500	0	500	500	0	500	500	0	
3.2494513651e+01	59	4	135	3	40	460	500	0	500	500	0	500	500	0	
3.2999717711e+01	59	5	134	4	44	456	500	0	500	500	0	500	500	0	
3.3486955169e+01	60	4	138	2	51	449	500	0	500	500	0	500	500	0	
3.3999037414e+01	60	7	137	3	39	461	500	0	500	500	0	500	500	0	
3.4498395208e+01	61	6	139	2	32	468	500	0	500	500	0	500	500	0	
3.4999674669e+01	62	5	142	3	35	465	500	0	500	500	0	500	500	0	
3.5499296787e+01	63	6	139	6	44	456	500	0	500	500	0	500	500	0	
3.5997349879e+01	63	9	146	2	36	464	500	0	500	500	0	500	500	0	
3.6499597421e+01	63	8	148	4	27	473	500	0	500	500	0	500	500	0	
3.6997685730e+01	64	10	147	8	41	459	500	0	500	500	0	500	500	0	
3.7498275385e+01	67	9	148	7	31	469	500	0	500	500	0	500	500	0	
3.7998263879e+01	71	6	147	8	45	455	500	0	500	500	0	500	500	0	
3.8497397355e+01	74	3	147	7	44	456	500	0	500	500	0	500	500	0	
3.8999212693e+01	75	2	153	2	49	451	500	0	500	500	0	500	500	0	
3.9499835868e+01	76	2	149	5	33	467	500	0	500	500	0	500	500	0	
3.9995328725e+01	76	3	154	3	39	461	500	0	500	500	0	500	500	0	
4.0499501238e+01	77	6	156	2	42	458	500	0	500	500	0	500	500	0	
4.0997843978e+01	77	6	158	1	41	459	500	0	500	500	0	500	500	0	
4.1498495545e+01	80	3	153	5	41	459	500	0	500	500	0	500	500	0	
4.1996689927e+01	79	4	155	6	39	461	500	0	500	500	0	500	500	0	
4.2495771676e+01	79	5	155	8	34	466	500	0	500	500	0	500	500	0	
4.2999569224e+01	80	6	152	12	35	465	500	0	500	500	0	500	500	0	
4.3499099570e+01	82	6	156	9	36	464	500	0	500	500	0	500	500	0	
4.3999325698e+01	83	7	155	10	24	476	500	0	500	500	0	500	500	0	
4.4496912853e+01	83	8	161	8	31	469	500	0	500	500	0	500	500	0	
4.4998924843e+01	85	7	165	6	33	467	500	0	500	500	0	500	500	0	
4.5497526560e+01	88	4	166	5	33	467	500	0	500	500	0	500	500	0	
4.5997800398e+01	89	5	168	3	47	453	500	0	500	500	0	500	500	0	
4.6499150594e+01	91	5	168	4	60	440	500	0	500	500	0	500	500	0	
4.6997983668e+01	94	3	168	5	52	448	500	0	500	500	0	500	500	0	
4.7496719021e+01	97	0	168	4	40	460	500	0	500	500	0	500	500	0	
4.7989493866e+01	97	1	168	3	52	448	500	0	500	500	0	500	500	0	
4.8499774136e+01	98	0	172	1	33	467	500	0	500	500	0	500	500	0	
4.8998857900e+01	98	1	175	0	39	461	500	0	500	500	0	500	500	0	
4.9499800725e+01	97	1	175	0	48	452	500	0	500	500	0	500	500	0	
4.9998197300e+01	97	2	176	0	38	462	500	0	500	500	0	500	500	0	
5.0499167462e+01	97	3	172	3	53	447	500	0	500	500	0	500	500	0	
5.0996519272e+01	98	4	171	5	45	455	500	0	500	500	0	500	500	0	
5.1493452535e+01	99	5	175	1	57	443	500	0	500	500	0	500	500	0	
5.1999533983e+01	101	5	172	5	55	445	500	0	500	500	0	500	500	0	
5.2499167750e+01	103	4	173	6	46	454	500	0	500	500	0	500	500	0	
5.2999790367e+01	103	4	172	7	28	472	500	0	500	500	0	500	500	0	
5.3499575713e+01	104	5	175	9	47	453	500	0	500	500	0	500	500	0	
5.3997644298e+01	105	5	180	7	41	459	500	0	500	500	0	500	500	0	
5.4498828878e+01	108	3	185	7	48	452	500	0	500	500	0	500	500	0	
5.4999497568e+01	109	3	191	3	40	460	500	0	500	500	0	500	500	0	
5.5499689528e+01	108	3	192	2	36	464	500	0	500	500	0	500	500	0	
5.5994303395e+01	109	3	193	3	34	466	500	0	500	500	0	500	500	0	
5.6489385662e+01	111	2	197	1	27	473	500	0	500	500	0	500	500	0	
5.6994056400e+01	111	2	201	1	42	458	500	0	500	500	0	500	500	0	
5.7497863276e+01	112	2	201	2	46	454	500	0	500	500	0	500	500	0	
5.7997751338e+01	113	2	204	1	44	456	500	0	500	500	0	500	500	0	
5.8496108232e+01	113	2	209	0	39	461	500	0	500	500	0	500	500	0	
5.8996789769e+01	114	1	209	2	50	450	500	0	500	500	0	500	500	0	
5.9497837015e+01	115	0	206	4	34	466	500	0	500	500	0	500	500	0	
5.9998979175e+01	115	2	207	3	40	460	500	0	500	500	0	500	500	0	
6.0499734845e+01	115	6	205	6	36	464	500	0	500	500	0	500	500	0	
6.0998568492e+01	118	4	206	6	46	454	500	0	500	500	0	500	500	0	
6.1499981526e+01	121	3	212	3	38	462	500	0	500	500	0	500	500	0	
6.1997511307e+01	122	2	213	5	37	463	500	0	500	500	0	500	500	0	
6.2499849060e+01	122	4	213	4	42	458	500	0	500	500	0	500	500	0	
6.2992568437e+01	122	6	211	8	43	457	500	0	500	500	0	500	500	0	
6.3499414426e+01	126	2	209	11	32	468	500	0	500	500	0	500	500	0	
6.3999612588e+01	124	4	217	5	24	476	500	0	500	500	0	500	500	0	
6.4498499659e+01	125	6	218	4	24	476	500	0	500	500	0	500	500	0	
6.4998546345e+01	127	5	221	2	37	463	500	0	500	500	0	500	500	0	
6.5498044077e+01	129	4	220	4	41	459	500	0	500	500	0	500	500	0	
6.5998615720e+01	130	5	218	7	39	461	500	0	500	500	0	500	500	0	
6.6499722114e+01	132	2	221	8	35	465	500	0	500	500	0	500	500	0	
6.6998193393e+01	132	3	218	11	49	451	500	0	500	500	0	500	500	0	
6.7498049108e+01	133	3	227	6	40	460	500	0	500	500	0	500	500	0	
6.7998839276e+01	131	3	229	5	40	460	500	0	500	500	0	500	500	0	
6.8494712366e+01	131	3	234	3	22	478	500	0	500	500	0	500	500	0	
6.8997020884e+01	131	3	236	2	42	458	500	0	500	500	0	500	500	0	
6.9491429120e+01	133	2	237	3	37	463	500	0	500	500	0	500	500	0	
6.9998887198e+01	134	1	244	2	28	472	500	0	500	500	0	500	500	0	
7.0497417367e+01	135	1	251	0	44	456	500	0	500	500	0	500	500	0	
7.0995713948e+01	135	4	253	0	36	464	500	0	500	500	0	500	500	0	
7.1494153735e+01	134	7	246	5	37	463	500	0	500	500	0	500	500	0	
7.1999425363e+01	133	10	246	5	36	464	500	0	500	500	0	500	500	0	
7.2493220012e+01	134	10	245	10	21	479	500	0	500	500	0	500	500	0	
7.2999865317e+01	136	8	247	11	36	464	500	0	500	500	0	500	500	0	
7.3499759456e+01	137	8	246	12	32	468	500	0	500	500	0	500	500	0	
7.3997797994e+01	138	8	251	11	45	455	500	0	500	500	0	500	500	0	
7.4493018962e+01	140	7	253	7	35	465	500	0	500	500	0	500	500	0	
7.4998101770e+01	140	8	253	7	26	474	500	0	500	500	0	500	500	0	
7.5491537140e+01	140	8	254	7	35	465	500	0	500	500	0	500	500	0	
7.5998642663e+01	141	7	258	8	36	464	500	0	500	500	0	500	500	0	
7.6494114186e+01	141	8	260	8	48	452	500	0	500	500	0	500	500	0	
7.6996400384e+01	141	9	263	6	47	453	500	0	500	500	0	500	500	0	
7.7499683818e+01	142	10	263	9	38	462	500	0	500	500	0	500	500	0	
7.7999894389e+01	146	6	267	6	35	465	500	0	500	500	0	500	500	0	
7.8499971863e+01	145	8	267	7	39	461	500	0	500	500	0	500	500	0	
7.8997010298e+01	146	7	260	11	34	466	500	0	500	500	0	500	500	0	
7.9499494734e+01	145	8	258	13	36	464	500	0	500	500	0	500	500	0	
7.9995981688e+01	146	7	262	10	29	471	500	0	500	500	0	500	500	0	
8.0499236060e+01	150	4	268	5	30	470	500	0	500	500	0	500	500	0	
8.0996227567e+01	151	4	272	3	31	469	500	0	500	500	0	500	500	0	
8.1498041450e+01	153	4	269	6	36	464	500	0	500	500	0	500	500	0	
8.1993732546e+01	154	4	270	8	45	455	500	0	500	500	0	500	500	0	
8.2494627034e+01	155	4	277	6	42	458	500	0	500	500	0	500	500	0	
8.2996789794e+01	155	4	280	5	33	467	500	0	500	500	0	500	500	0	
8.3499618907e+01	154	4	279	6	36	464	500	0	500	500	0	500	500	0	
8.3997791296e+01	155	3	283	4	35	465	500	0	500	500	0	500	500	0	
8.4497850975e+01	157	3	287	2	24	476	500	0	500	500	0	500	500	0	
8.4999990572e+01	159	2	285	3	37	463	500	0	500	500	0	500	500	0	
8.5497385992e+01	158	3	285	4	39	461	500	0	500	500	0	500	500	0	
8.5998274510e+01	158	3	289	1	49	451	500	0	500	500	0	500	500	0	
8.6499977968e+01	159	2	287	2	39	461	500	0	500	500	0	500	500	0	
8.6992635695e+01	160	1	290	1	40	460	500	0	500	500	0	500	500	0	
8.7496707161e+01	161	1	290	1	34	466	500	0	500	500	0	500	500	0	
8.7997449520e+01	161	2	291	3	52	448	500	0	500	500	0	500	500	0	
8.8496339953e+01	161	2	293	2	34	466	500	0	500	500	0	500	500	0	
8.8995983812e+01	159	4	289	6	31	469	500	0	500	500	0	500	500	0	
8.9493631735e+01	160	4	289	7	40	460	500	0	500	500	0	500	500	0	
8.9999029703e+01	161	4	293	5	41	459	500	0	500	500	0	500	500	0	
9.0499619852e+01	161	6	292	8	39	461	500	0	500	500	0	500	500	0	
9.0999843643e+01	163	3	291	11	48	452	500	0	500	500	0	500	500	0	
9.1498412706e+01	164	2	295	10	42	458	500	0	500	500	0	500	500	0	
9.1998972510e+01	166	1	298	6	44	456	500	0	500	500	0	500	500	0	
9.2499680392e+01	167	0	306	3	48	452	500	0	500	500	0	500	500	0	
9.2994770866e+01	168	0	308	2	48	452	500	0	500	500	0	500	500	0	
9.3499218046e+01	167	2	310	2	34	466	500	0	500	500	0	500	500	0	
9.3999152166e+01	169	2	312	3	27	473	500	0	500	500	0	500	500	0	
9.4499115259e+01	169	3	314	1	30	470	500	0	500	500	0	500	500	0	
9.4998495076e+01	169	3	314	7	39	461	500	0	500	500	0	500	500	0	
9.5497889808e+01	168	5	315	6	56	444	500	0	500	500	0	500	500	0	
9.5999261178e+01	168	5	319	5	39	461	500	0	500	500	0	500	500	0	
9.6498342431e+01	167	8	319	6	32	468	500	0	500	500	0	500	500	0	
9.6998553898e+01	166	10	313	12	41	459	500	0	500	500	0	500	500	0	
9.7497893521e+01	168	8	314	13	31	469	500	0	500	500	0	500	500	0	
9.7999799259e+01	169	8	313	12	37	463	500	0	500	500	0	500	500	0	
9.8499320405e+01	171	7	307	20	28	472	500	0	500	500	0	500	500	0	
9.8998492594e+01	171	7	311	20	28	472	500	0	500	500	0	500	500	0	
9.9496474208e+01	170	8	311	18	35	465	500	0	500	500	0	500	500	0	
9.9999034221e+01	171	9	316	12	41	459	500	0	500	500	0	500	500	0	
1.0049860194e+02	172	9	321	10	24	476	500	0	500	500	0	500	500	0	
1.0099928659e+02	176	5	328	9	33	467	500	0	500	500	0	500	500	0	
1.0149908183e+02	178	4	329	11	35	465	500	0	500	500	0	500	500	0	
1.0199944159e+02	180	2	340	7	45	455	500	0	500	500	0	500	500	0	
1.0249674089e+02	181	4	339	7	42	458	500	0	500	500	0	500	500	0	
1.0299973616e+02	182	3	345	4	49	451	500	0	500	500	0	500	500	0	
1.0349820617e+02	183	2	342	5	48	452	500	0	500	500	0	500	500	0	
1.0399578397e+02	183	3	345	4	38	462	500	0	500	500	0	500	500	0	
1.0449174087e+02	184	3	348	1	45	455	500	0	500	500	0	500	500	0	
1.0499973513e+02	185	8	348	2	32	468	500	0	500	500	0	500	500	0	
1.0549802826e+02	184	9	343	4	45	455	500	0	500	500	0	500	500	0	
1.0599963125e+02	187	7	338	6	51	449	500	0	500	500	0	500	500	0	
1.0649933609e+02	186	11	330	12	52	448	500	0	500	500	0	500	500	0	
1.0699890914e+02	190	8	333	9	49	451	500	0	500	500	0	500	500	0	
1.0749988797e+02	188	12	340	7	25	475	500	0	500	500	0	500	500	0	
1.0799983205e+02	190	11	343	5	35	465	500	0	500	500	0	500	500	0	
1.0849409513e+02	194	8	345	6	34	466	500	0	500	500	0	500	500	0	
1.0899794981e+02	195	8	345	6	37	463	500	0	500	500	0	500	500	0	
1.0949787464e+02	196	10	345	7	38	462	500	0	500	500	0	500	500	0	
1.0999976588e+02	199	7	338	12	53	447	500	0	500	500	0	500	500	0	
1.1049828347e+02	199	8	337	12	35	465	500	0	500	500	0	500	500	0	
1.1099962186e+02	204	3	343	9	49	451	500	0	500	500	0	500	500	0	
1.1149606784e+02	204	3	345	6	39	461	500	0	500	500	0	500	500	0	
1.1199966560e+02	207	1	343	6	35	465	500	0	500	500	0	500	500	0	
1.1249652047e+02	204	2	344	4	49	451	500	0	500	500	0	500	500	0	
1.1299518856e+02	206	1	346	4	48	452	500	0	500	500	0	500	500	0	
1.1349971604e+02	207	0	346	5	40	460	500	0	500	500	0	500	500	0	
1.1399470182e+02	207	0	350	3	43	457	500	0	500	500	0	500	500	0	
1.1449741444e+02	207	2	351	2	44	456	500	0	500	500	0	500	500	0	
1.1499977471e+02	207	3	351	4	45	455	500	0	500	500	0	500	500	0	
1.1549149592e+02	208	3	351	5	32	468	500	0	500	500	0	500	500	0	
1.1599772955e+02	210	1	353	3	30	470	500	0	500	500	0	500	500	0	
1.1649783185e+02	210	2	352	4	40	460	500	0	500	500	0	500	500	0	
1.1699927613e+02	211	1	352	4	39	461	500	0	500	500	0	500	500	0	
1.1749886370e+02	211	1	351	4	21	479	500	0	500	500	0	500	500	0	
1.1799972443e+02	210	2	353	5	47	453	500	0	500	500	0	500	500	0	
1.1849607968e+02	210	3	354	3	48	452	500	0	500	500	0	500	500	0	
1.1899759866e+02	210	4	353	6	41	459	500	0	500	500	0	500	500	0	
1.1949951745e+02	209	9	353	6	34	466	500	0	500	500	0	500	500	0	
1.1999375650e+02	209	10	349	10	33	467	500	0	500	500	0	500	500	0	
1.2049470611e+02	211	9	346	13	25	475	500	0	500	500	0	500	500	0	
1.2099986251e+02	212	9	345	14	40	460	500	0	500	500	0	500	500	0	
1.2149821286e+02	212	10	349	9	34	466	500	0	500	500	0	500	500	0	
1.2199876475e+02	213	10	354	9	51	449	500	0	500	500	0	500	500	0	
1.2249311672e+02	213	11	351	10	37	463	500	0	500	500	0	500	500	0	
1.2299875223e+02	216	8	348	11	46	454	500	0	500	500	0	500	500	0	
1.2349908389e+02	218	8	347	13	32	468	500	0	500	500	0	500	500	0	
1.2399823006e+02	219	7	354	6	30	470	500	0	500	500	0	500	500	0	
1.2449961612e+02	220	5	348	12	39	461	500	0	500	500	0	500	500	0	
1.2499912653e+02	220	7	353	6	38	462	500	0	500	500	0	500	500	0	
1.2549886045e+02	223	4	354	4	27	473	500	0	500	500	0	500	500	0	
1.2599694917e+02	222	5	354	4	44	456	500	0	500	500	0	500	500	0	
1.2649974931e+02	222	5	347	10	35	465	500	0	500	500	0	500	500	0	
1.2699896562e+02	223	8	338	17	31	469	500	0	500	500	0	500	500	0	
1.2749731829e+02	226	7	344	12	32	468	500	0	500	500	0	500	500	0	
1.2799668039e+02	224	10	345	11	34	466	500	0	500	500	0	500	500	0	
1.2849650294e+02	229	7	345	12	45	455	500	0	500	500	0	500	500	0	
1.2899366740e+02	232	4	347	13	27	473	500	0	500	500	0	500	500	0	
1.2949285047e+02	231	6	353	10	29	471	500	0	500	500	0	500	500	0	
1.2999945757e+02	233	4	357	8	31	469	500	0	500	500	0	500	500	0	
1.3049954333e+02	233	5	362	3	38	462	500	0	500	500	0	500	500	0	
1.3099772361e+02	231	6	358	10	35	465	500	0	500	500	0	500	500	0	
1.3149911486e+02	233	7	358	11	38	462	500	0	500	500	0	500	500	0	
1.3199999144e+02	232	9	356	12	34	466	500	0	500	500	0	500	500	0	
1.3249784368e+02	233	8	355	11	38	462	500	0	500	500	0	500	500	0	
1.3299310180e+02	236	7	356	11	33	467	500	0	500	500	0	500	500	0	
1.3349756920e+02	239	4	354	12	41	459	500	0	500	500	0	500	500	0	
1.3399515580e+02	241	5	350	15	31	469	500	0	500	500	0	500	500	0	
1.3449561528e+02	240	6	351	13	37	463	500	0	500	500	0	500	500	0	
1.3499497382e+02	240	7	351	12	33	467	500	0	500	500	0	500	500	0	
1.3549925551e+02	243	6	351	11	35	465	500	0	500	500	0	500	500	0	
1.3599767278e+02	247	5	348	14	30	470	500	0	500	500	0	500	500	0	
1.3649992874e+02	248	5	348	11	41	459	500	0	500	500	0	500	500	0	
1.3699612762e+02	250	7	345	13	49	451	500	0	500	500	0	500	500	0	
1.3749761103e+02	248	9	342	16	44	456	500	0	500	500	0	500	500	0	
1.3799692917e+02	251	5	349	8	40	460	500	0	500	500	0	500	500	0	
1.3849584159e+02	251	7	353	10	50	450	500	0	500	500	0	500	500	0	
1.3899744308e+02	251	9	357	7	60	440	500	0	500	500	0	500	500	0	
1.3949688448e+02	255	5	361	7	41	459	500	0	500	500	0	500	500	0	
1.3999725824e+02	256	3	359	9	41	459	500	0	500	500	0	500	500	0	
1.4049933707e+02	253	9	350	15	42	458	500	0	500	500	0	500	500	0	
1.4099794747e+02	256	8	355	12	42	458	500	0	500	500	0	500	500	0	
1.4149951556e+02	255	8	359	11	48	452	500	0	500	500	0	500	500	0	
1.4199620737e+02	253	10	362	12	45	455	500	0	500	500	0	500	500	0	
1.4249893505e+02	253	12	366	11	47	453	500	0	500	500	0	500	500	0	
1.4299911795e+02	256	10	366	14	31	469	500	0	500	500	0	500	500	0	
1.4349836195e+02	259	7	370	11	51	449	500	0	500	500	0	500	500	0	
1.4399746965e+02	260	7	374	8	47	453	500	0	500	500	0	500	500	0	
1.4449902814e+02	261	6	373	10	48	452	500	0	500	500	0	500	500	0	
1.4499956569e+02	262	5	373	8	39	461	500	0	500	500	0	500	500	0	
1.4549982735e+02	262	5	379	4	51	449	500	0	500	500	0	500	500	0	
1.4599746541e+02	264	5	366	11	44	456	500	0	500	500	0	500	500	0	
1.4649576098e+02	264	9	367	12	39	461	500	0	500	500	0	500	500	0	
1.4699979544e+02	263	11	363	19	21	479	500	0	500	500	0	500	500	0	
1.4749886787e+02	263	12	359	25	36	464	500	0	500	500	0	500	500	0	
1.4799969827e+02	260	16	359	23	38	462	500	0	500	500	0	500	500	0	
1.4849983350e+02	261	17	358	26	44	456	500	0	500	500	0	500	500	0	
1.4899190845e+02	261	19	354	32	56	444	500	0	500	500	0	500	500	0	
1.4949865032e+02	269	14	353	34	42	458	500	0	500	500	0	500	500	0	
1.4999412120e+02	272	13	353	33	50	450	500	0	500	500	0	500	500	0	
1.5049721179e+02	277	9	359	24	43	457	500	0	500	500	0	500	500	0	
1.5099955243e+02	277	10	364	19	49	451	500	0	500	500	0	500	500	0	
1.5149997715e+02	279	9	369	16	32	468	500	0	500	500	0	500	500	0	
1.5199946262e+02	275	13	360	21	41	459	500	0	500	500	0	500	500	0	
1.5249981213e+02	279	10	362	21	44	456	500	0	500	500	0	500	500	0	
1.5299980558e+02	281	8	368	18	27	473	500	0	500	500	0	500	500	0	
1.5349990814e+02	280	10	371	17	24	476	500	0	500	500	0	500	500	0	
1.5399998657e+02	281	10	377	12	41	459	500	0	500	500	0	500	500	0	
1.5449803441e+02	282	13	375	16	38	462	500	0	500	500	0	500	500	0	
1.5499684844e+02	285	11	376	16	39	461	500	0	500	500	0	500	500	0	
1.5549771686e+02	287	8	384	8	39	461	500	0	500	500	0	500	500	0	
1.5599982631e+02	285	13	381	10	37	463	500	0	500	500	0	500	500	0	
1.5649856582e+02	284	14	371	21	51	449	500	0	500	500	0	500	500	0	
1.5699924717e+02	288	13	370	20	50	450	500	0	500	500	0	500	500	0	
1.5749524306e+02	290	11	371	18	36	464	500	0	500	500	0	500	500	0	
1.5799892073e+02	292	10	377	13	41	459	500	0	500	500	0	500	500	0	
1.5849693406e+02	292	10	371	18	28	472	500	0	500	500	0	500	500	0	
1.5899984122e+02	294	10	373	17	27	473	500	0	500	500	0	500	500	0	
1.5949980385e+02	298	7	375	15	21	479	500	0	500	500	0	500	500	0	
1.5999996901e+02	298	10	377	13	43	457	500	0	500	500	0	500	500	0	
1.6049978811e+02	298	11	380	15	27	473	500	0	500	500	0	500	500	0	
1.6099753085e+02	300	9	389	11	32	468	500	0	500	500	0	500	500	0	
1.6149990057e+02	302	7	396	8	45	455	500	0	500	500	0	500	500	0	
1.6199827409e+02	305	4	399	4	37	463	500	0	500	500	0	500	500	0	
1.6249508596e+02	305	5	400	4	46	454	500	0	500	500	0	500	500	0	
1.6299917163e+02	307	4	402	2	39	461	500	0	500	500	0	500	500	0	
1.6349884257e+02	305	4	397	8	44	456	500	0	500	500	0	500	500	0	
1.6399983390e+02	303	7	400	7	34	466	500	0	500	500	0	500	500	0	
1.6449844459e+02	304	6	403	9	38	462	500	0	500	500	0	500	500	0	
1.6499945417e+02	302	8	407	8	33	467	500	0	500	500	0	500	500	0	
1.6549833213e+02	303	7	412	4	42	458	500	0	500	500	0	500	500	0	
1.6599942873e+02	307	3	408	8	39	461	500	0	500	500	0	500	500	0	
1.6649998502e+02	307	3	412	4	42	458	500	0	500	500	0	500	500	0	
1.6699906320e+02	308	2	410	8	34	466	500	0	500	500	0	500	500	0	
1.6749807925e+02	308	2	411	7	29	471	500	0	500	500	0	500	500	0	
1.6799395276e+02	310	1	418	3	38	462	500	0	500	500	0	500	500	0	
1.6849899944e+02	310	2	412	5	56	444	500	0	500	500	0	500	500	0	
1.6899913327e+02	309	5	414	5	55	445	500	0	500	500	0	500	500	0	
1.6949650702e+02	310	8	407	10	52	448	500	0	500	500	0	500	500	0	
1.6999999711e+02	310	7	406	11	46	454	500	0	500	500	0	500	500	0	
1.7049668527e+02	311	6	408	10	40	460	500	0	500	500	0	500	500	0	
1.7099975339e+02	313	4	405	14	37	463	500	0	500	500	0	500	500	0	
1.7149903819e+02	315	3	408	11	28	472	500	0	500	500	0	500	500	0	
1.7199668716e+02	314	4	412	5	41	459	500	0	500	500	0	500	500	0	
1.7249817555e+02	312	6	416	2	37	463	500	0	500	500	0	500	500	0	
1.7299369872e+02	312	6	409	8	34	466	500	0	500	500	0	500	500	0	
1.7349932241e+02	314	4	415	6	49	451	500	0	500	500	0	500	500	0	
1.7399774118e+02	313	5	412	9	42	458	500	0	500	500	0	500	500	0	
1.7449645738e+02	312	7	412	9	31	469	500	0	500	500	0	500	500	0	
1.7499943972e+02	313	7	413	8	36	464	500	0	500	500	0	500	500	0	
1.7549941429e+02	315	5	414	10	31	469	500	0	500	500	0	500	500	0	
1.7599948328e+02	316	4	412	15	39	461	500	0	500	500	0	500	500	0	
1.7649779687e+02	316	3	419	7	43	457	500	0	500	500	0	500	500	0	
1.7699899830e+02	316	4	415	6	43	457	500	0	500	500	0	500	500	0	
1.7749921515e+02	316	5	415	5	43	457	500	0	500	500	0	500	500	0	
1.7799734425e+02	318	3	408	10	31	469	500	0	500	500	0	500	500	0	
1.7849875416e+02	318	4	412	5	44	456	500	0	500	500	0	500	500	0	
1.7899824917e+02	317	5	403	10	43	457	500	0	500	500	0	500	500	0	
1.7949808407e+02	319	5	405	10	42	458	500	0	500	500	0	500	500	0	
1.7999872821e+02	318	7	404	10	41	459	500	0	500	500	0	500	500	0	
1.8049964284e+02	317	8	412	6	43	457	500	0	500	500	0	500	500	0	
1.8099894542e+02	318	7	413	7	30	470	500	0	500	500	0	500	500	0	
1.8149965406e+02	321	6	415	8	34	466	500	0	500	500	0	500	500	0	
1.8199964188e+02	321	7	414	9	26	474	500	0	500	500	0	500	500	0	
1.8249858336e+02	323	5	419	4	37	463	500	0	500	500	0	500	500	0	
1.8299659338e+02	324	4	411	9	44	456	500	0	500	500	0	500	500	0	
1.8349978982e+02	324	4	411	10	47	453	500	0	500	500	0	500	500	0	
1.8399949498e+02	326	5	407	15	46	454	500	0	500	500	0	500	500	0	
1.8449884143e+02	328	4	418	12	30	470	500	0	500	500	0	500	500	0	
1.8499904804e+02	329	4	423	7	24	476	500	0	500	500	0	500	500	0	
1.8549932329e+02	330	2	428	6	30	470	500	0	500	500	0	500	500	0	
1.8599857311e+02	330	4	425	9	34	466	500	0	500	500	0	500	500	0	
1.8649732181e+02	329	6	424	10	42	458	500	0	500	500	0	500	500	0	
1.8699965321e+02	330	5	429	7	38	462	500	0	500	500	0	500	500	0	
1.8749173904e+02	331	5	426	10	42	458	500	0	500	500	0	500	500	0	
1.8799885866e+02	331	8	430	8	44	456	500	0	500	500	0	500	500	0	
1.8849925083e+02	332	7	424	12	44	456	500	0	500	500	0	500	500	0	
1.8899764131e+02	329	9	427	8	36	464	500	0	500	500	0	500	500	0	
1.8949179347e+02	330	9	416	13	34	466	500	0	500	500	0	500	500	0	
1.8999925778e+02	329	11	416	13	39	461	500	0	500	500	0	500	500	0	
1.9049937459e+02	329	12	411	17	41	459	500	0	500	500	0	500	500	0	
1.9099954299e+02	329	12	412	14	36	464	500	0	500	500	0	500	500	0	
1.9149962826e+02	330	13	402	25	41	459	500	0	500	500	0	500	500	0	
1.9199711418e+02	328	18	402	27	28	472	500	0	500	500	0	500	500	0	
1.9249967578e+02	329	18	392	33	39	461	500	0	500	500	0	500	500	0	
1.9299995670e+02	330	19	399	27	48	452	500	0	500	500	0	500	500	0	
1.9349903903e+02	337	12	398	30	39	461	500	0	500	500	0	500	500	0	
1.9399792587e+02	339	10	397	29	32	468	500	0	500	500	0	500	500	0	
1.9449911577e+02	339	11	399	27	36	464	500	0	500	500	0	500	500	0	
1.9499933745e+02	334	18	396	30	45	455	500	0	500	500	0	500	500	0	
1.9549823378e+02	334	18	391	32	35	465	500	0	500	500	0	500	500	0	
1.9599926900e+02	332	19	377	48	46	454	500	0	500	500	0	500	500	0	
1.9649980959e+02	332	22	371	54	59	441	500	0	500	500	0	500	500	0	
1.9699723707e+02	334	20	384	43	48	452	500	0	500	500	0	500	500	0	
1.9749797538e+02	337	18	385	42	46	454	500	0	500	500	0	500	500	0	
1.9799828019e+02	342	13	396	30	54	446	500	0	500	500	0	500	500	0	
1.9849768114e+02	344	11	396	29	50	450	500	0	500	500	0	500	500	0	
1.9899752972e+02	349	8	401	24	37	463	500	0	500	500	0	500	500	0	
1.9949877147e+02	345	13	406	21	44	456	500	0	500	500	0	500	500	0	
1.9999831926e+02	346	11	410	16	35	465	500	0	500	500	0	500	500	0	
2.0049234118e+02	347	11	410	18	50	450	500	0	500	500	0	500	500	0	
2.0099605059e+02	346	14	406	21	35	465	500	0	500	500	0	500	500	0	
2.0149953254e+02	347	13	400	29	43	457	500	0	500	500	0	500	500	0	
2.0199591205e+02	350	11	409	21	24	476	500	0	500	500	0	500	500	0	
2.0249935231e+02	351	13	415	12	31	469	500	0	500	500	0	500	500	0	
2.0299970216e+02	352	13	411	17	51	449	500	0	500	500	0	500	500	0	
2.0349787728e+02	354	11	412	15	51	449	500	0	500	500	0	500	500	0	
2.0399891877e+02	356	10	410	17	34	466	500	0	500	500	0	500	500	0	
2.0449955609e+02	357	11	410	15	26	474	500	0	500	500	0	500	500	0	
2.0499659273e+02	359	9	411	14	24	476	500	0	500	500	0	500	500	0	
2.0549686806e+02	359	7	409	16	34	466	500	0	500	500	0	500	500	0	
2.0599776577e+02	358	8	417	9	27	473	500	0	500	500	0	500	500	0	
2.0649972335e+02	361	6	418	9	50	450	500	0	500	500	0	500	500	0	
2.0699857548e+02	366	3	419	7	36	464	500	0	500	500	0	500	500	0	
2.0749859685e+02	367	2	422	5	15	485	500	0	500	500	0	500	500	0	
2.0799798636e+02	368	3	420	7	24	476	500	0	500	500	0	500	500	0	
2.0849930190e+02	367	4	418	10	35	465	500	0	500	500	0	500	500	0	
2.0899559958e+02	369	2	421	8	33	467	500	0	500	500	0	500	500	0	
2.0949939534e+02	369	2	422	8	33	467	500	0	500	500	0	500	500	0	
2.0999887532e+02	366	6	424	7	42	458	500	0	500	500	0	500	500	0	
2.1049947512e+02	365	7	425	6	37	463	500	0	500	500	0	500	500	0	
2.1099217122e+02	366	6	416	16	45	455	500	0	500	500	0	500	500	0	
2.1149832647e+02	368	5	425	7	40	460	500	0	500	500	0	500	500	0	
2.1199984455e+02	367	8	425	8	44	456	500	0	500	500	0	500	500	0	
2.1249948102e+02	370	5	424	10	61	439	500	0	500	500	0	500	500	0	
2.1299813928e+02	367	8	421	14	53	447	500	0	500	500	0	500	500	0	
2.1349520340e+02	372	3	425	10	45	455	500	0	500	500	0	500	500	0	
2.1399635707e+02	371	6	429	10	64	436	500	0	500	500	0	500	500	0	
2.1449975514e+02	370	8	422	14	53	447	500	0	500	500	0	500	500	0	
2.1499998677e+02	372	7	420	15	59	441	500	0	500	500	0	500	500	0	
2.1549775419e+02	372	8	422	12	45	455	500	0	500	500	0	500	500	0	
2.1599884426e+02	374	7	425	9	47	453	500	0	500	500	0	500	500	0	
2.1649992317e+02	375	6	426	10	44	456	500	0	500	500	0	500	500	0	
2.1699762409e+02	376	8	427	5	36	464	500	0	500	500	0	500	500	0	
2.1749847745e+02	379	5	423	11	42	458	500	0	500	500	0	500	500	0	
2.1799980097e+02	376	7	428	11	42	458	500	0	500	500	0	500	500	0	
2.1849981226e+02	380	3	432	9	38	462	500	0	500	500	0	500	500	0	
2.1899914404e+02	380	3	439	4	46	454	500	0	500	500	0	500	500	0	
2.1949899427e+02	382	3	435	6	42	458	500	0	500	500	0	500	500	0	
2.1999920028e+02	381	3	432	6	31	469	500	0	500	500	0	500	500	0	
2.2049800867e+02	380	4	427	8	25	475	500	0	500	500	0	500	500	0	
2.2099744455e+02	378	9	429	8	40	460	500	0	500	500	0	500	500	0	
2.2149967901e+02	381	6	430	9	38	462	500	0	500	500	0	500	500	0	
2.2199806863e+02	382	6	431	11	40	460	500	0	500	500	0	500	500	0	
2.2249475876e+02	382	7	431	15	39	461	500	0	500	500	0	500	500	0	
2.2299893964e+02	383	5	437	13	42	458	500	0	500	500	0	500	500	0	
2.2349584337e+02	383	7	438	13	43	457	500	0	500	500	0	500	500	0	
2.2399844263e+02	385	5	435	16	31	469	500	0	500	500	0	500	500	0	
2.2449164239e+02	385	5	431	18	35	465	500	0	500	500	0	500	500	0	
2.2499861398e+02	385	6	437	12	41	459	500	0	500	500	0	500	500	0	
2.2549644773e+02	384	7	433	18	33	467	500	0	500	500	0	500	500	0	
2.2599945947e+02	385	6	430	22	43	457	500	0	500	500	0	500	500	0	
2.2649608093e+02	386	7	435	15	47	453	500	0	500	500	0	500	500	0	
2.2699571380e+02	387	6	428	18	44	456	500	0	500	500	0	500	500	0	
2.2749929477e+02	385	8	431	17	42	458	500	0	500	500	0	500	500	0	
2.2799681389e+02	385	7	438	10	42	458	500	0	500	500	0	500	500	0	
2.2849639619e+02	384	7	438	8	55	445	500	0	500	500	0	500	500	0	
2.2899711600e+02	384	7	437	6	43	457	500	0	500	500	0	500	500	0	
2.2949632571e+02	386	7	434	9	45	455	500	0	500	500	0	500	500	0	
2.2999354174e+02	386	8	436	8	36	464	500	0	500	500	0	500	500	0	
2.3049874867e+02	386	10	429	12	37	463	500	0	500	500	0	500	500	0	
2.3099923182e+02	389	8	430	11	40	460	500	0	500	500	0	500	500	0	
2.3149954834e+02	389	9	429	12	23	477	500	0	500	500	0	500	500	0	
2.3199821140e+02	391	7	429	16	35	465	500	0	500	500	0	500	500	0	
2.3248414246e+02	395	4	436	13	27	473	500	0	500	500	0	500	500	0	
2.3299250450e+02	395	5	440	9	27	473	500	0	500	500	0	500	500	0	
2.3349884830e+02	396	6	437	10	32	468	500	0	500	500	0	500	500	0	
2.3399892729e+02	396	6	438	13	42	458	500	0	500	500	0	500	500	0	
2.3449974928e+02	397	8	432	17	51	449	500	0	500	500	0	500	500	0	
2.3499438996e+02	398	7	432	18	39	461	500	0	500	500	0	500	500	0	
2.3549816149e+02	396	12	433	16	42	458	500	0	500	500	0	500	500	0	
2.3599575227e+02	398	10	427	21	50	450	500	0	500	500	0	500	500	0	
2.3649884778e+02	396	11	429	18	38	462	500	0	500	500	0	500	500	0	
2.3699996828e+02	393	17	419	30	41	459	500	0	500	500	0	500	500	0	
2.3748170503e+02	393	17	426	22	32	468	500	0	500	500	0	500	500	0	
2.3799874583e+02	392	16	423	27	51	449	500	0	500	500	0	500	500	0	
2.3849905018e+02	391	16	418	32	62	438	500	0	500	500	0	500	500	0	
2.3899880302e+02	393	15	413	35	62	438	500	0	500	500	0	500	500	0	
2.3949920599e+02	398	10	413	34	48	452	500	0	500	500	0	500	500	0	
2.3999479374e+02	395	13	424	26	33	467	500	0	500	500	0	500	500	0	
2.4049815234e+02	397	13	430	21	32	468	500	0	500	500	0	500	500	0	
2.4099975203e+02	397	12	424	20	48	452	500	0	500	500	0	500	500	0	
2.4149935778e+02	396	14	423	21	54	446	500	0	500	500	0	500	500	0	
2.4199905636e+02	402	10	425	21	44	456	500	0	500	500	0	500	500	0	
2.4249798899e+02	398	14	430	18	33	467	500	0	500	500	0	500	500	0	
2.4299805559e+02	400	13	435	15	49	451	500	0	500	500	0	500	500	0	
2.4349576527e+02	401	12	431	14	45	455	500	0	500	500	0	500	500	0	
2.4399746714e+02	400	14	430	14	57	443	500	0	500	500	0	500	500	0	
2.4449865876e+02	402	13	422	20	41	459	500	0	500	500	0	500	500	0	
2.4499772584e+02	403	11	425	17	40	460	500	0	500	500	0	500	500	0	
2.4549950059e+02	406	10	426	13	36	464	500	0	500	500	0	500	500	0	
2.4599600082e+02	404	12	423	19	43	457	500	0	500	500	0	500	500	0	
2.4649787798e+02	407	10	428	13	46	454	500	0	500	500	0	500	500	0	
2.4699936199e+02	408	10	419	20	38	462	500	0	500	500	0	500	500	0	
2.4749874938e+02	409	9	422	18	24	476	500	0	500	500	0	500	500	0	
2.4799462474e+02	412	6	427	14	41	459	500	0	500	500	0	500	500	0	
2.4849842985e+02	414	4	431	9	52	448	500	0	500	500	0	500	500	0	
2.4899687001e+02	414	4	433	6	51	449	500	0	500	500	0	500	500	0	
2.4949948276e+02	413	6	429	12	46	454	500	0	500	500	0	500	500	0	
2.4999946008e+02	414	5	427	14	32	468	500	0	500	500	0	500	500	0	
2.5049728174e+02	414	4	429	12	50	450	500	0	500	500	0	500	500	0	
2.5099702396e+02	415	4	422	19	21	479	500	0	500	500	0	500	500	0	
2.5149752532e+02	413	5	426	13	37	463	500	0	500	500	0	500	500	0	
2.5199998090e+02	412	8	432	9	30	470	500	0	500	500	0	500	500	0	
2.5249635484e+02	411	10	428	11	43	457	500	0	500	500	0	500	500	0	
2.5299959740e+02	410	12	418	22	32	468	500	0	500	500	0	500	500	0	
2.5349518897e+02	413	10	424	17	30	470	500	0	500	500	0	500	500	0	
2.5399956301e+02	414	9	426	16	30	470	500	0	500	500	0	500	500	0	
2.5449991111e+02	415	8	427	15	51	449	500	0	500	500	0	500	500	0	
2.5499868550e+02	415	6	430	13	37	463	500	0	500	500	0	500	500	0	
2.5549925456e+02	414	7	429	15	37	463	500	0	500	500	0	500	500	0	
2.5599754770e+02	414	6	429	12	47	453	500	0	500	500	0	500	500	0	
2.5649825658e+02	416	5	437	8	39	461	500	0	500	500	0	500	500	0	
2.5699791900e+02	416	7	437	11	46	454	500	0	500	500	0	500	500	0	
2.5749964668e+02	417	9	439	11	39	461	500	0	500	500	0	500	500	0	
2.5799935168e+02	420	7	435	15	40	460	500	0	500	500	0	500	500	0	
2.5849862527e+02	421	7	440	11	47	453	500	0	500	500	0	500	500	0	
2.5899744543e+02	421	7	430	18	40	460	500	0	500	500	0	500	500	0	
2.5949612927e+02	421	7	427	18	29	471	500	0	500	500	0	500	500	0	
2.5999651396e+02	424	7	427	17	31	469	500	0	500	500	0	500	500	0	
2.6049718466e+02	422	9	430	13	31	469	500	0	500	500	0	500	500	0	
2.6099666796e+02	424	10	423	19	31	469	500	0	500	500	0	500	500	0	
2.6149885132e+02	426	8	428	15	44	456	500	0	500	500	0	500	500	0	
2.6199911886e+02	426	13	422	19	36	464	500	0	500	500	0	500	500	0	
2.6249843606e+02	427	16	419	23	35	465	500	0	500	500	0	500	500	0	
2.6299780649e+02	433	10	416	26	37	463	500	0	500	500	0	500	500	0	
2.6349959052e+02	434	10	412	32	26	474	500	0	500	500	0	500	500	0	
2.6399959347e+02	430	16	413	34	26	474	500	0	500	500	0	500	500	0	
2.6449980430e+02	429	18	414	35	48	452	500	0	500	500	0	500	500	0	
2.6499826979e+02	432	16	410	36	36	464	500	0	500	500	0	500	500	0	
2.6549508432e+02	431	16	413	36	42	458	500	0	500	500	0	500	500	0	
2.6599542596e+02	430	18	410	37	35	465	500	0	500	500	0	500	500	0	
2.6649959955e+02	430	22	410	36	36	464	500	0	500	500	0	500	500	0	
2.6699731882e+02	432	20	416	34	54	446	500	0	500	500	0	500	500	0	
2.6749324694e+02	435	19	424	23	46	454	500	0	500	500	0	500	500	0	
2.6799682699e+02	439	16	411	35	46	454	500	0	500	500	0	500	500	0	
2.6849016425e+02	434	22	417	28	39	461	500	0	500	500	0	500	500	0	
2.6899971792e+02	434	23	410	36	43	457	500	0	500	500	0	500	500	0	
2.6949856746e+02	428	28	389	57	42	458	500	0	500	500	0	500	500	0	
2.6999949658e+02	426	30	393	55	59	441	500	0	500	500	0	500	500	0	
2.7049832408e+02	425	31	379	70	49	451	500	0	500	500	0	500	500	0	
2.7099832037e+02	424	30	376	71	52	448	500	0	500	500	0	500	500	0	
2.7149735181e+02	428	27	376	69	52	448	500	0	500	500	0	500	500	0	
2.7199724142e+02	426	29	393	54	42	458	500	0	500	500	0	500	500	0	
2.7249779404e+02	424	31	394	52	27	473	500	0	500	500	0	500	500	0	
2.7299863338e+02	431	25	395	50	27	473	500	0	500	500	0	500	500	0	
2.7349861816e+02	430	26	398	51	40	460	500	0	500	500	0	500	500	0	
2.7399855558e+02	434	22	399	53	38	462	500	0	500	500	0	500	500	0	
2.7449774341e+02	428	32	399	54	38	462	500	0	500	500	0	500	500	0	
2.7499495814e+02	434	27	381	70	23	477	500	0	500	500	0	500	500	0	
2.7549906410e+02	434	31	368	80	28	472	500	0	500	500	0	500	500	0	
2.7599845705e+02	438	28	372	76	36	464	500	0	500	500	0	500	500	0	
2.7649724989e+02	430	35	361	89	29	471	500	0	500	500	0	500	500	0	
2.7699869602e+02	425	38	346	103	50	450	500	0	500	500	0	500	500	0	
2.7749992809e+02	424	38	332	114	38	462	500	0	500	500	0	500	500	0	
2.7799796712e+02	423	38	335	113	36	464	500	0	500	500	0	500	500	0	
2.7849616250e+02	421	40	331	115	40	460	500	0	500	500	0	500	500	0	
2.7899639712e+02	415	46	325	120	44	456	500	0	500	500	0	500	500	0	
2.7949772249e+02	413	47	309	135	36	464	500	0	500	500	0	500	500	0	
2.7999987996e+02	417	43	320	125	46	454	500	0	500	500	0	500	500	0	
2.8049857780e+02	403	57	324	122	39	461	500	0	500	500	0	500	500	0	
2.8099913547e+02	406	56	316	132	51	449	500	0	500	500	0	500	500	0	
2.8149804481e+02	407	57	297	151	33	467	500	0	500	500	0	500	500	0	
2.8199992002e+02	400	64	291	158	29	471	500	0	500	500	0	500	500	0	
2.8249850595e+02	399	68	252	196	44	456	500	0	500	500	0	500	500	0	
2.8299857008e+02	391	76	239	214	41	459	500	0	500	500	0	500	500	0	
2.8349917535e+02	396	72	202	251	43	457	500	0	500	500	0	500	500	0	
2.8399715262e+02	388	79	199	256	48	452	500	0	500	500	0	500	500	0	
2.8449940891e+02	372	95	180	276	37	463	500	0	500	500	0	500	500	0	
2.8499711818e+02	370	97	153	304	41	459	500	0	500	500	0	500	500	0	
2.8549975674e+02	365	102	131	327	44	456	500	0	500	500	0	500	500	0	
2.8599914274e+02	374	93	102	356	41	459	500	0	500	500	0	500	500	0	
2.8649863106e+02	348	121	75	380	32	468	500	0	500	500	0	500	500	0	
2.8699724158e+02	340	132	42	412	53	447	500	0	500	500	0	500	500	0	
2.8749739172e+02	331	142	22	431	39	461	500	0	500	500	0	500	500	0	
2.8799963466e+02	320	153	19	437	47	453	500	0	500	500	0	500	500	0	
2.8849967036e+02	307	166	20	437	63	437	500	0	500	500	0	500	500	0	
2.8899989716e+02	314	160	16	438	51	449	500	0	500	500	0	500	500	0	
2.8949749328e+02	303	173	28	427	35	465	500	0	500	500	0	500	500	0	
2.8999833066e+02	300	177	19	437	27	473	500	0	500	500	0	500	500	0	
2.9049825795e+02	288	190	18	441	43	457	500	0	500	500	0	500	500	0	
2.9099985480e+02	296	183	16	440	52	448	500	0	500	500	0	500	500	0	
2.9149898143e+02	299	182	11	448	52	448	500	0	500	500	0	500	500	0	
2.9199807545e+02	307	175	16	441	32	468	500	0	500	500	0	500	500	0	
2.9249907053e+02	303	179	15	440	27	473	500	0	500	500	0	500	500	0	
2.9299911278e+02	308	173	15	434	45	455	500	0	500	500	0	500	500	0	
2.9349997140e+02	316	165	16	431	40	460	500	0	500	500	0	500	500	0	
2.9399626723e+02	312	169	13	431	50	450	500	0	500	500	0	500	500	0	
2.9449754571e+02	317	166	23	424	38	462	500	0	500	500	0	500	500	0	
2.9499988391e+02	316	168	23	424	37	463	500	0	500	500	0	500	500	0	
2.9549681042e+02	325	160	22	422	46	454	500	0	500	500	0	500	500	0	
2.9599932614e+02	328	158	13	428	46	454	500	0	500	500	0	500	500	0	
2.9649947557e+02	316	171	25	415	55	445	500	0	500	500	0	500	500	0	
2.9699700650e+02	321	168	17	423	41	459	500	0	500	500	0	500	500	0	
2.9749888644e+02	310	179	16	426	29	471	500	0	500	500	0	500	500	0	
2.9799983844e+02	306	185	22	426	44	456	500	0	500	500	0	500	500	0	
2.9849990682e+02	306	183	24	427	34	466	500	0	500	500	0	500	500	0	
2.9899918402e+02	294	195	17	434	40	460	500	0	500	500	0	500	500	0	
2.9949970641e+02	301	190	12	439	34	466	500	0	500	500	0	500	500	0	
2.9999964788e+02	296	195	19	432	29	471	500	0	500	500	0	500	500	0	
3.0049990886e+02	295	199	20	432	36	464	500	0	500	500	0	500	500	0	
3.0099967764e+02	301	195	25	429	39	461	500	0	500	500	0	500	500	0	
3.0149925471e+02	303	197	16	436	59	441	500	0	500	500	0	500	500	0	
3.0199965616e+02	312	190	16	437	39	461	500	0	500	500	0	500	500	0	
3.0249974791e+02	317	187	14	439	41	459	500	0	500	500	0	500	500	0	
3.0299935448e+02	313	193	28	425	56	444	500	0	500	500	0	500	500	0	
3.0349846953e+02	326	179	19	435	42	458	500	0	500	500	0	500	500	0	
3.0399998338e+02	320	186	22	435	38	462	500	0	500	500	0	500	500	0	
3.0449931731e+02	324	182	12	442	36	464	500	0	500	500	0	500	500	0	
3.0499745090e+02	311	196	17	437	31	469	500	0	500	500	0	500	500	0	
3.0549946994e+02	316	191	15	442	52	448	500	0	500	500	0	500	500	0	
3.0599818384e+02	303	203	16	442	43	457	500	0	500	500	0	500	500	0	
3.0649715750e+02	278	227	20	440	32	468	500	0	500	500	0	500	500	0	
3.0699924564e+02	284	220	14	446	37	463	500	0	500	500	0	500	500	0	
3.0749915669e+02	290	215	21	442	39	461	500	0	500	500	0	500	500	0	
3.0799963720e+02	292	212	10	455	52	448	500	0	500	500	0	500	500	0	
3.0849882559e+02	296	208	10	455	36	464	500	0	500	500	0	500	500	0	
3.0899888689e+02	309	195	11	454	32	468	500	0	500	500	0	500	500	0	
3.0949986412e+02	315	191	14	448	39	461	500	0	500	500	0	500	500	0	
3.0999685861e+02	312	197	18	443	36	464	500	0	500	500	0	500	500	0	
3.1049976868e+02	310	198	11	450	35	465	500	0	500	500	0	500	500	0	
3.1099966699e+02	291	218	17	446	34	466	500	0	500	500	0	500	500	0	
3.1149874783e+02	297	213	12	451	39	461	500	0	500	500	0	500	500	0	
3.1199911198e+02	306	204	11	453	28	472	500	0	500	500	0	500	500	0	
3.1249897291e+02	302	209	12	454	40	460	500	0	500	500	0	500	500	0	
3.1299902553e+02	309	201	21	445	47	453	500	0	500	500	0	500	500	0	
3.1349964598e+02	300	213	16	446	46	454	500	0	500	500	0	500	500	0	
3.1399727719e+02	307	207	25	436	34	466	500	0	500	500	0	500	500	0	
3.1449602693e+02	309	204	20	441	46	454	500	0	500	500	0	500	500	0	
3.1499815872e+02	320	194	13	449	35	465	500	0	500	500	0	500	500	0	
3.1549905606e+02	315	199	15	451	47	453	500	0	500	500	0	500	500	0	
3.1599982409e+02	323	191	15	452	40	460	500	0	500	500	0	500	500	0	
3.1649814385e+02	338	175	16	451	38	462	500	0	500	500	0	500	500	0	
3.1699951978e+02	332	183	17	449	52	448	500	0	500	500	0	500	500	0	
3.1749916078e+02	318	196	26	440	53	447	500	0	500	500	0	500	500	0	
3.1799950969e+02	335	180	20	445	45	455	500	0	500	500	0	500	500	0	
3.1849960497e+02	325	189	11	453	28	472	500	0	500	500	0	500	500	0	
3.1899814312e+02	324	192	7	456	29	471	500	0	500	500	0	500	500	0	
3.1949953755e+02	318	198	14	449	43	457	500	0	500	500	0	500	500	0	
3.1999859666e+02	316	199	13	450	46	454	500	0	500	500	0	500	500	0	
3.2049939168e+02	319	195	15	446	33	467	500	0	500	500	0	500	500	0	
3.2099968000e+02	322	192	22	442	40	460	500	0	500	500	0	500	500	0	
3.2149620165e+02	308	205	22	447	42	458	500	0	500	500	0	500	500	0	
3.2199961593e+02	305	208	13	451	40	460	500	0	500	500	0	500	500	0	
3.2249952450e+02	312	202	13	450	40	460	500	0	500	500	0	500	500	0	
3.2299721500e+02	309	205	14	449	41	459	500	0	500	500	0	500	500	0	
3.2349841815e+02	306	208	16	447	39	461	500	0	500	500	0	500	500	0	
3.2399906038e+02	301	214	12	451	62	438	500	0	500	500	0	500	500	0	
3.2449625659e+02	300	213	22	441	40	460	500	0	500	500	0	500	500	0	
3.2499922743e+02	294	219	19	441	55	445	500	0	500	500	0	500	500	0	
3.2549967537e+02	300	213	25	437	43	457	500	0	500	500	0	500	500	0	
3.2599993268e+02	333	181	14	450	53	447	500	0	500	500	0	500	500	0	
3.2649994549e+02	329	187	11	452	40	460	500	0	500	500	0	500	500	0	
3.2699949035e+02	325	191	20	442	42	458	500	0	500	500	0	500	500	0	
3.2749916181e+02	333	184	25	433	41	459	500	0	500	500	0	500	500	0	
3.2799779208e+02	328	190	22	435	40	460	500	0	500	500	0	500	500	0	
3.2849881083e+02	336	183	10	449	46	454	500	0	500	500	0	500	500	0	
3.2899935103e+02	323	197	18	439	31	469	500	0	500	500	0	500	500	0	
3.2949886166e+02	328	192	11	446	40	460	500	0	500	500	0	500	500	0	
3.2999748157e+02	337	184	9	448	40	460	500	0	500	500	0	500	500	0	
3.3049814007e+02	327	193	12	440	45	455	500	0	500	500	0	500	500	0	
3.3099819304e+02	325	195	14	440	38	462	500	0	500	500	0	500	500	0	
3.3149798513e+02	323	198	14	439	32	468	500	0	500	500	0	500	500	0	
3.3199496091e+02	328	193	14	438	39	461	500	0	500	500	0	500	500	0	
3.3249699408e+02	317	204	14	444	34	466	500	0	500	500	0	500	500	0	
3.3299829655e+02	320	202	18	436	54	446	500	0	500	500	0	500	500	0	
3.3349772390e+02	324	198	16	435	41	459	500	0	500	500	0	500	500	0	
3.3399729107e+02	317	205	17	435	26	474	500	0	500	500	0	500	500	0	
3.3449661216e+02	312	211	12	443	30	470	500	0	500	500	0	500	500	0	
3.3499981378e+02	313	211	12	446	45	455	500	0	500	500	0	500	500	0	
3.3549761100e+02	321	203	9	448	31	469	500	0	500	500	0	500	500	0	
3.3599976002e+02	326	197	16	441	32	468	500	0	500	500	0	500	500	0	
3.3649846086e+02	342	181	12	442	27	473	500	0	500	500	0	500	500	0	
3.3699607573e+02	331	192	14	441	28	472	500	0	500	500	0	500	500	0	
3.3749925935e+02	336	188	11	446	44	456	500	0	500	500	0	500	500	0	
3.3799994375e+02	334	189	16	440	34	466	500	0	500	500	0	500	500	0	
3.3849847779e+02	334	189	22	437	49	451	500	0	500	500	0	500	500	0	
3.3899885656e+02	345	179	22	436	40	460	500	0	500	500	0	500	500	0	
3.3949823678e+02	363	162	21	435	55	445	500	0	500	500	0	500	500	0	
3.3999763436e+02	352	172	23	430	53	447	500	0	500	500	0	500	500	0	
3.4049988379e+02	351	173	17	439	43	457	500	0	500	500	0	500	500	0	
3.4099987709e+02	336	188	23	431	36	464	500	0	500	500	0	500	500	0	
3.4149898641e+02	334	190	23	428	35	465	500	0	500	500	0	500	500	0	
3.4199997655e+02	343	182	13	439	39	461	500	0	500	500	0	500	500	0	
3.4249957401e+02	345	180	12	439	54	446	500	0	500	500	0	500	500	0	
3.4299973160e+02	350	177	19	432	29	471	500	0	500	500	0	500	500	0	
3.4349833038e+02	354	174	19	433	54	446	500	0	500	500	0	500	500	0	
3.4399709972e+02	354	176	15	434	42	458	500	0	500	500	0	500	500	0	
3.4449782847e+02	353	178	15	432	41	459	500	0	500	500	0	500	500	0	
3.4499952307e+02	360	171	18	432	54	446	500	0	500	500	0	500	500	0	
3.4549865756e+02	356	177	14	437	21	479	500	0	500	500	0	500	500	0	
3.4599999058e+02	360	172	21	429	39	461	500	0	500	500	0	500	500	0	
3.4649817115e+02	345	188	15	436	46	454	500	0	500	500	0	500	500	0	
3.4699509048e+02	335	198	20	434	46	454	500	0	500	500	0	500	500	0	
3.4749888432e+02	337	195	8	445	37	463	500	0	500	500	0	500	500	0	
3.4799980069e+02	341	192	18	439	49	451	500	0	500	500	0	500	500	0	
3.4849756272e+02	315	217	10	447	50	450	500	0	500	500	0	500	500	0	
3.4899978438e+02	333	201	6	448	46	454	500	0	500	500	0	500	500	0	
3.4949887067e+02	332	203	17	438	32	468	500	0	500	500	0	500	500	0	
3.4999950201e+02	341	193	11	442	39	461	500	0	500	500	0	500	500	0	
3.5049849062e+02	336	199	15	441	43	457	500	0	500	500	0	500	500	0	
3.5099875213e+02	337	199	14	437	50	450	500	0	500	500	0	500	500	0	
3.5149870227e+02	333	203	19	434	39	461	500	0	500	500	0	500	500	0	
3.5199983455e+02	328	209	10	440	35	465	500	0	500	500	0	500	500	0	
3.5249997027e+02	317	220	12	440	32	468	500	0	500	500	0	500	500	0	
3.5299839153e+02	320	218	15	438	29	471	500	0	500	500	0	500	500	0	
3.5349826158e+02	317	220	9	442	32	468	500	0	500	500	0	500	500	0	
3.5399974564e+02	321	218	13	437	33	467	500	0	500	500	0	500	500	0	
3.5449975460e+02	309	230	12	439	36	464	500	0	500	500	0	500	500	0	
3.5499860944e+02	319	221	13	437	41	459	500	0	500	500	0	500	500	0	
3.5549953145e+02	324	216	12	438	34	466	500	0	500	500	0	500	500	0	
3.5599633559e+02	317	224	9	437	42	458	500	0	500	500	0	500	500	0	
3.5649797432e+02	334	208	10	437	36	464	500	0	500	500	0	500	500	0	
3.5699974390e+02	326	217	13	435	42	458	500	0	500	500	0	500	500	0	
3.5749971046e+02	336	208	15	436	38	462	500	0	500	500	0	500	500	0	
3.5799985971e+02	332	212	18	435	39	461	500	0	500	500	0	500	500	0	
3.5849870767e+02	321	222	11	441	31	469	500	0	500	500	0	500	500	0	
3.5899879961e+02	333	210	20	434	35	465	500	0	500	500	0	500	500	0	
3.5949973075e+02	334	208	11	437	52	448	500	0	500	500	0	500	500	0	
3.5999871392e+02	334	208	9	439	43	457	500	0	500	500	0	500	500	0	
3.6049888627e+02	346	196	16	434	45	455	500	0	500	500	0	500	500	0	
3.6099819792e+02	334	210	14	437	26	474	500	0	500	500	0	500	500	0	
3.6149945610e+02	343	202	19	435	35	465	500	0	500	500	0	500	500	0	
3.6199952303e+02	334	211	10	444	31	469	500	0	500	500	0	500	500	0	
3.6249914959e+02	317	229	12	443	31	469	500	0	500	500	0	500	500	0	
3.6299821694e+02	328	218	9	446	36	464	500	0	500	500	0	500	500	0	
3.6349766440e+02	309	238	12	447	44	456	500	0	500	500	0	500	500	0	
3.6399822130e+02	304	242	9	452	40	460	500	0	500	500	0	500	500	0	
3.6449622889e+02	298	249	18	444	32	468	500	0	500	500	0	500	500	0	
3.6499851939e+02	296	252	7	460	43	457	500	0	500	500	0	500	500	0	
3.6549973796e+02	297	250	11	456	37	463	500	0	500	500	0	500	500	0	
3.6599806691e+02	308	240	6	462	45	455	500	0	500	500	0	500	500	0	
3.6649994311e+02	309	241	14	450	48	452	500	0	500	500	0	500	500	0	
3.6699905861e+02	320	232	9	453	55	445	500	0	500	500	0	500	500	0	
3.6749760521e+02	319	233	13	448	27	473	500	0	500	500	0	500	500	0	
3.6799985401e+02	326	225	7	452	41	459	500	0	500	500	0	500	500	0	
3.6849801250e+02	315	234	13	444	44	456	500	0	500	500	0	500	500	0	
3.6899840576e+02	324	225	8	448	36	464	500	0	500	500	0	500	500	0	
3.6949843991e+02	314	235	12	442	52	448	500	0	500	500	0	500	500	0	
3.6999892224e+02	317	232	16	439	36	464	500	0	500	500	0	500	500	0	
3.7049928592e+02	330	217	22	433	45	455	500	0	500	500	0	500	500	0	
3.7099986909e+02	333	215	17	439	39	461	500	0	500	500	0	500	500	0	
3.7149693252e+02	346	202	10	444	38	462	500	0	500	500	0	500	500	0	
3.7199743494e+02	342	206	12	442	40	460	500	0	500	500	0	500	500	0	
3.7249988570e+02	342	204	20	430	21	479	500	0	500	500	0	500	500	0	
3.7299968076e+02	343	203	13	435	39	461	500	0	500	500	0	500	500	0	
3.7349821445e+02	333	216	19	432	27	473	500	0	500	500	0	500	500	0	
3.7399943007e+02	345	204	19	431	42	458	500	0	500	500	0	500	500	0	
3.7449773905e+02	347	202	9	441	35	465	500	0	500	500	0	500	500	0	
3.7499959850e+02	332	218	16	435	47	453	500	0	500	500	0	500	500	0	
3.7549928182e+02	331	219	9	441	35	465	500	0	500	500	0	500	500	0	
3.7599952247e+02	321	227	9	444	33	467	500	0	500	500	0	500	500	0	
3.7649704777e+02	335	214	8	448	32	468	500	0	500	500	0	500	500	0	
3.7699974264e+02	331	220	21	435	31	469	500	0	500	500	0	500	500	0	
3.7749862184e+02	340	214	17	434	39	461	500	0	500	500	0	500	500	0	
3.7799800987e+02	344	211	14	439	58	442	500	0	500	500	0	500	500	0	
3.7849984763e+02	341	214	13	441	42	458	500	0	500	500	0	500	500	0	
3.7899917843e+02	333	224	14	437	29	471	500	0	500	500	0	500	500	0	
3.7949805824e+02	330	226	6	447	28	472	500	0	500	500	0	500	500	0	
3.7999990793e+02	325	231	16	435	41	459	500	0	500	500	0	500	500	0	
3.8049797713e+02	342	214	16	436	43	457	500	0	500	500	0	500	500	0	
3.8099766978e+02	341	216	16	436	37	463	500	0	500	500	0	500	500	0	
3.8149963064e+02	354	205	16	433	41	459	500	0	500	500	0	500	500	0	
3.8199952324e+02	369	189	15	431	39	461	500	0	500	500	0	500	500	0	
3.8249836375e+02	352	207	11	437	36	464	500	0	500	500	0	500	500	0	
3.8299862624e+02	346	213	11	438	42	458	500	0	500	500	0	500	500	0	
3.8349963954e+02	342	216	12	438	49	451	500	0	500	500	0	500	500	0	
3.8399972392e+02	341	217	11	442	45	455	500	0	500	500	0	500	500	0	
3.8449734047e+02	357	202	18	436	41	459	500	0	500	500	0	500	500	0	
3.8499808296e+02	364	194	16	440	44	456	500	0	500	500	0	500	500	0	
3.8549912540e+02	350	208	18	436	38	462	500	0	500	500	0	500	500	0	
3.8599773729e+02	352	208	11	443	40	460	500	0	500	500	0	500	500	0	
3.8649926832e+02	339	220	31	420	15	485	500	0	500	500	0	500	500	0	
3.8699873325e+02	341	218	14	436	52	448	500	0	500	500	0	500	500	0	
3.8749898877e+02	344	214	19	431	40	460	500	0	500	500	0	500	500	0	
3.8799905195e+02	351	206	24	425	35	465	500	0	500	500	0	500	500	0	
3.8849885317e+02	363	195	15	437	45	455	500	0	500	500	0	500	500	0	
3.8899862534e+02	351	208	9	441	46	454	500	0	500	500	0	500	500	0	
3.8949985510e+02	356	205	14	436	39	461	500	0	500	500	0	500	500	0	
3.8999841852e+02	357	203	27	427	45	455	500	0	500	500	0	500	500	0	
3.9049770730e+02	350	210	22	433	41	459	500	0	500	500	0	500	500	0	
3.9099617381e+02	346	216	9	446	43	457	500	0	500	500	0	500	500	0	
3.9149740162e+02	345	219	14	443	43	457	500	0	500	500	0	500	500	0	
3.9199861353e+02	349	216	10	449	29	471	500	0	500	500	0	500	500	0	
3.9249890226e+02	356	209	17	441	46	454	500	0	500	500	0	500	500	0	
3.9299939045e+02	347	220	11	449	36	464	500	0	500	500	0	500	500	0	
3.9349037366e+02	350	218	10	448	34	466	500	0	500	500	0	500	500	0	
3.9399981081e+02	341	227	12	447	39	461	500	0	500	500	0	500	500	0	
3.9449834267e+02	333	235	15	445	31	469	500	0	500	500	0	500	500	0	
3.9499964239e+02	345	221	14	445	39	461	500	0	500	500	0	500	500	0	
3.9549921144e+02	331	237	10	449	47	453	500	0	500	500	0	500	500	0	
3.9599822982e+02	329	239	15	442	40	460	500	0	500	500	0	500	500	0	
3.9649969254e+02	342	226	15	441	42	458	500	0	500	500	0	500	500	0	
3.9699881531e+02	348	220	15	439	48	452	500	0	500	500	0	500	500	0	
3.9749705480e+02	348	219	16	441	50	450	500	0	500	500	0	500	500	0	
3.9799923074e+02	354	214	9	444	37	463	500	0	500	500	0	500	500	0	
3.9849848375e+02	356	211	12	441	41	459	500	0	500	500	0	500	500	0	
3.9899848539e+02	360	207	15	436	36	464	500	0	500	500	0	500	500	0	
3.9949969031e+02	346	222	18	431	36	464	500	0	500	500	0	500	500	0	
3.9999727616e+02	356	211	13	433	38	462	500	0	500	500	0	500	500	0	
4.0049899236e+02	360	208	16	432	38	462	500	0	500	500	0	500	500	0	
4.0099993425e+02	361	209	16	435	46	454	500	0	500	500	0	500	500	0	
4.0149910806e+02	354	216	15	431	45	455	500	0	500	500	0	500	500	0	
4.0199964234e+02	368	203	13	433	62	438	500	0	500	500	0	500	500	0	
4.0249973098e+02	367	205	15	431	48	452	500	0	500	500	0	500	500	0	
4.0299965671e+02	363	212	16	432	34	466	500	0	500	500	0	500	500	0	
4.0349825581e+02	376	199	13	432	42	458	500	0	500	500	0	500	500	0	
4.0399788350e+02	370	203	21	424	40	460	500	0	500	500	0	500	500	0	
4.0449951797e+02	361	212	12	433	34	466	500	0	500	500	0	500	500	0	
4.0499874312e+02	376	198	16	429	34	466	500	0	500	500	0	500	500	0	
4.0549661127e+02	374	201	11	433	26	474	500	0	500	500	0	500	500	0	
4.0599652423e+02	375	200	10	433	46	454	500	0	500	500	0	500	500	0	
4.0649898571e+02	392	184	17	427	55	445	500	0	500	500	0	500	500	0	
4.0699977979e+02	390	188	11	438	44	456	500	0	500	500	0	500	500	0	
4.0749870521e+02	393	186	7	439	26	474	500	0	500	500	0	500	500	0	
4.0799993335e+02	379	201	21	427	26	474	500	0	500	500	0	500	500	0	
4.0849972282e+02	374	208	15	433	34	466	500	0	500	500	0	500	500	0	
4.0899949470e+02	376	207	13	436	43	457	500	0	500	500	0	500	500	0	
4.0949968909e+02	366	215	21	429	36	464	500	0	500	500	0	500	500	0	
4.0999862865e+02	352	228	10	442	44	456	500	0	500	500	0	500	500	0	
4.1049834434e+02	349	231	9	445	34	466	500	0	500	500	0	500	500	0	
4.1099964776e+02	348	231	4	449	37	463	500	0	500	500	0	500	500	0	
4.1149866225e+02	342	238	11	440	31	469	500	0	500	500	0	500	500	0	
4.1199918992e+02	343	237	12	441	21	479	500	0	500	500	0	500	500	0	
4.1249679381e+02	345	237	12	438	31	469	500	0	500	500	0	500	500	0	
4.1299468236e+02	334	248	13	438	17	483	500	0	500	500	0	500	500	0	
4.1349867240e+02	340	239	12	442	36	464	500	0	500	500	0	500	500	0	
4.1399999165e+02	353	226	20	432	50	450	500	0	500	500	0	500	500	0	
4.1449969059e+02	363	215	18	433	41	459	500	0	500	500	0	500	500	0	
4.1499783901e+02	360	220	11	440	55	445	500	0	500	500	0	500	500	0	
4.1549976460e+02	352	229	11	439	41	459	500	0	500	500	0	500	500	0	
4.1599933466e+02	354	230	14	435	32	468	500	0	500	500	0	500	500	0	
4.1649869382e+02	357	226	9	437	37	463	500	0	500	500	0	500	500	0	
4.1699880288e+02	355	229	14	432	45	455	500	0	500	500	0	500	500	0	
4.1749922904e+02	353	232	12	432	45	455	500	0	500	500	0	500	500	0	
4.1799854733e+02	366	220	12	431	38	462	500	0	500	500	0	500	500	0	
4.1849911018e+02	367	219	14	432	55	445	500	0	500	500	0	500	500	0	
4.1899854270e+02	351	236	11	437	55	445	500	0	500	500	0	500	500	0	
4.1949982267e+02	354	234	22	427	16	484	500	0	500	500	0	500	500	0	
4.1999954180e+02	364	224	10	439	21	479	500	0	500	500	0	500	500	0	
4.2049931460e+02	363	226	7	445	58	442	500	0	500	500	0	500	500	0	
4.2099938569e+02	371	216	11	440	62	438	500	0	500	500	0	500	500	0	
4.2149766297e+02	367	219	18	432	50	450	500	0	500	500	0	500	500	0	
4.2199940018e+02	373	210	16	438	52	448	500	0	500	500	0	500	500	0	
4.2249701081e+02	356	226	11	442	27	473	500	0	500	500	0	500	500	0	
4.2299895306e+02	371	212	11	447	38	462	500	0	500	500	0	500	500	0	
4.2349968094e+02	369	213	11	447	35	465	500	0	500	500	0	500	500	0	
4.2399933181e+02	363	219	20	439	35	465	500	0	500	500	0	500	500	0	
4.2449955827e+02	364	219	14	443	26	474	500	0	500	500	0	500	500	0	
4.2499924307e+02	365	218	19	439	32	468	500	0	500	500	0	500	500	0	
4.2549943532e+02	368	214	16	445	49	451	500	0	500	500	0	500	500	0	
4.2599950262e+02	360	222	27	434	44	456	500	0	500	500	0	500	500	0	
4.2649997756e+02	354	227	11	450	49	451	500	0	500	500	0	500	500	0	
4.2699971940e+02	338	243	8	450	26	474	500	0	500	500	0	500	500	0	
4.2749968709e+02	337	245	15	444	42	458	500	0	500	500	0	500	500	0	
4.2799980405e+02	335	249	14	446	38	462	500	0	500	500	0	500	500	0	
4.2849970109e+02	340	244	11	450	39	461	500	0	500	500	0	500	500	0	
4.2899877647e+02	333	253	14	443	37	463	500	0	500	500	0	500	500	0	
4.2949989898e+02	331	255	5	453	43	457	500	0	500	500	0	500	500	0	
4.2999793303e+02	333	254	19	439	31	469	500	0	500	500	0	500	500	0	
4.3049670419e+02	326	259	13	447	25	475	500	0	500	500	0	500	500	0	
4.3099862631e+02	333	252	6	452	31	469	500	0	500	500	0	500	500	0	
4.3149853984e+02	335	250	17	439	23	477	500	0	500	500	0	500	500	0	
4.3199795278e+02	346	237	4	453	35	465	500	0	500	500	0	500	500	0	
4.3249940971e+02	354	230	9	450	42	458	500	0	500	500	0	500	500	0	
4.3299807667e+02	368	217	12	451	40	460	500	0	500	500	0	500	500	0	
4.3349955896e+02	362	223	16	448	25	475	500	0	500	500	0	500	500	0	
4.3399776803e+02	358	228	22	440	30	470	500	0	500	500	0	500	500	0	
4.3449831962e+02	375	211	11	447	31	469	500	0	500	500	0	500	500	0	
4.3499985518e+02	361	226	14	443	41	459	500	0	500	500	0	500	500	0	
4.3549775747e+02	376	212	15	443	49	451	500	0	500	500	0	500	500	0	
4.3599988376e+02	377	211	13	443	32	468	500	0	500	500	0	500	500	0	
4.3649822523e+02	360	229	15	440	38	462	500	0	500	500	0	500	500	0	
4.3699989927e+02	367	222	11	445	62	438	500	0	500	500	0	500	500	0	
4.3749944794e+02	366	223	11	442	42	458	500	0	500	500	0	500	500	0	
4.3799915050e+02	369	219	14	442	40	460	500	0	500	500	0	500	500	0	
4.3849838166e+02	374	215	13	443	53	447	500	0	500	500	0	500	500	0	
4.3899976326e+02	385	203	9	447	45	455	500	0	500	500	0	500	500	0	
4.3949849720e+02	388	201	11	446	52	448	500	0	500	500	0	500	500	0	
4.3999981879e+02	375	215	9	445	42	458	500	0	500	500	0	500	500	0	
4.4049853919e+02	368	221	11	440	63	437	500	0	500	500	0	500	500	0	
4.4099476884e+02	364	225	18	433	40	460	500	0	500	500	0	500	500	0	
4.4149998414e+02	364	225	14	434	36	464	500	0	500	500	0	500	500	0	
4.4199962538e+02	365	224	13	431	23	477	500	0	500	500	0	500	500	0	
4.4249791879e+02	356	235	10	438	35	465	500	0	500	500	0	500	500	0	
4.4299854588e+02	352	238	11	436	30	470	500	0	500	500	0	500	500	0	
4.4349910235e+02	351	240	8	442	28	472	500	0	500	500	0	500	500	0	
4.4399983771e+02	342	250	8	439	39	461	500	0	500	500	0	500	500	0	
4.4449741647e+02	343	248	11	435	21	479	500	0	500	500	0	500	500	0	
4.4499870894e+02	347	242	11	433	35	465	500	0	500	500	0	500	500	0	
4.4549929538e+02	348	241	14	434	39	461	500	0	500	500	0	500	500	0	
4.4599961356e+02	342	246	19	425	40	460	500	0	500	500	0	500	500	0	
4.4649724373e+02	335	255	12	433	33	467	500	0	500	500	0	500	500	0	
4.4699987018e+02	335	255	7	439	44	456	500	0	500	500	0	500	500	0	
4.4749958921e+02	327	264	14	431	27	473	500	0	500	500	0	500	500	0	
4.4799839757e+02	334	259	8	435	41	459	500	0	500	500	0	500	500	0	
4.4849939824e+02	332	262	8	435	42	458	500	0	500	500	0	500	500	0	
4.4899690344e+02	350	244	10	432	40	460	500	0	500	500	0	500	500	0	
4.4949969947e+02	348	245	14	427	51	449	500	0	500	500	0	500	500	0	
4.4999552762e+02	353	241	15	420	42	458	500	0	500	500	0	500	500	0	
4.5049873042e+02	357	237	8	424	38	462	500	0	500	500	0	500	500	0	
4.5099997467e+02	357	237	11	423	35	465	500	0	500	500	0	500	500	0	
4.5149757236e+02	365	229	15	421	31	469	500	0	500	500	0	500	500	0	
4.5199952141e+02	378	217	10	430	30	470	500	0	500	500	0	500	500	0	
4.5249828644e+02	356	239	20	421	22	478	500	0	500	500	0	500	500	0	
4.5299856606e+02	367	227	11	431	44	456	500	0	500	500	0	500	500	0	
4.5349939831e+02	361	233	12	431	38	462	500	0	500	500	0	500	500	0	
4.5399614269e+02	363	232	18	426	34	466	500	0	500	500	0	500	500	0	
4.5449834427e+02	365	231	11	434	32	468	500	0	500	500	0	500	500	0	
4.5499832952e+02	366	230	21	431	53	447	500	0	500	500	0	500	500	0	
4.5549810203e+02	370	226	11	443	37	463	500	0	500	500	0	500	500	0	
4.5599961812e+02	359	237	7	444	33	467	500	0	500	500	0	500	500	0	
4.5649856334e+02	369	224	12	440	44	456	500	0	500	500	0	500	500	0	
4.5699973771e+02	377	217	16	434	37	463	500	0	500	500	0	500	500	0	
4.5749813064e+02	380	214	21	427	39	461	500	0	500	500	0	500	500	0	
4.5799842063e+02	372	222	21	433	37	463	500	0	500	500	0	500	500	0	
4.5849968653e+02	363	230	7	446	38	462	500	0	500	500	0	500	500	0	
4.5899978059e+02	349	246	6	452	39	461	500	0	500	500	0	500	500	0	
4.5949866705e+02	363	233	8	450	32	468	500	0	500	500	0	500	500	0	
4.5999862511e+02	360	236	9	450	45	455	500	0	500	500	0	500	500	0	
4.6049999436e+02	363	237	7	452	45	455	500	0	500	500	0	500	500	0	
4.6099839222e+02	375	225	9	452	42	458	500	0	500	500	0	500	500	0	
4.6149895003e+02	369	232	7	453	34	466	500	0	500	500	0	500	500	0	
4.6199854650e+02	374	227	9	454	45	455	500	0	500	500	0	500	500	0	
4.6249624984e+02	391	209	9	452	48	452	500	0	500	500	0	500	500	0	
4.6299972290e+02	398	202	14	450	47	453	500	0	500	500	0	500	500	0	
4.6349983480e+02	403	197	16	449	44	456	500	0	500	500	0	500	500	0	
4.6399774326e+02	404	199	17	444	41	459	500	0	500	500	0	500	500	0	
4.6449999130e+02	399	205	20	439	33	467	500	0	500	500	0	500	500	0	
4.6499756063e+02	404	201	21	437	35	465	500	0	500	500	0	500	500	0	
4.6549748433e+02	400	204	18	439	14	486	500	0	500	500	0	500	500	0	
4.6599963906e+02	399	207	11	445	32	468	500	0	500	500	0	500	500	0	
4.6649766590e+02	396	210	16	437	41	459	500	0	500	500	0	500	500	0	
4.6699922411e+02	386	221	17	438	58	442	500	0	500	500	0	500	500	0	
4.6749931007e+02	390	219	10	445	49	451	500	0	500	500	0	500	500	0	
4.6799969548e+02	386	226	11	444	49	451	500	0	500	500	0	500	500	0	
4.6849729566e+02	392	224	13	440	42	458	500	0	500	500	0	500	500	0	
4.6899892161e+02	388	228	13	440	40	460	500	0	500	500	0	500	500	0	
4.6949546655e+02	371	245	9	444	28	472	500	0	500	500	0	500	500	0	
4.6999996963e+02	379	239	15	435	38	462	500	0	500	500	0	500	500	0	
4.7049994016e+02	372	247	14	434	44	456	500	0	500	500	0	500	500	0	
4.7099940393e+02	377	242	11	437	32	468	500	0	500	500	0	500	500	0	
4.7149977279e+02	357	262	12	436	45	455	500	0	500	500	0	500	500	0	
4.7199574111e+02	361	259	6	439	29	471	500	0	500	500	0	500	500	0	
4.7249984354e+02	363	255	17	428	36	464	500	0	500	500	0	500	500	0	
4.7299940783e+02	371	247	8	438	50	450	500	0	500	500	0	500	500	0	
4.7349865368e+02	386	232	3	440	36	464	500	0	500	500	0	500	500	0	
4.7399763307e+02	392	227	14	430	44	456	500	0	500	500	0	500	500	0	
4.7449966522e+02	407	213	11	428	46	454	500	0	500	500	0	500	500	0	
4.7499953929e+02	399	222	15	424	40	460	500	0	500	500	0	500	500	0	
4.7549942116e+02	401	221	13	425	34	466	500	0	500	500	0	500	500	0	
4.7599741798e+02	398	224	11	430	44	456	500	0	500	500	0	500	500	0	
4.7649200769e+02	414	207	17	423	33	467	500	0	500	500	0	500	500	0	
4.7699764812e+02	416	203	10	429	27	473	500	0	500	500	0	500	500	0	
4.7749935782e+02	403	216	18	419	32	468	500	0	500	500	0	500	500	0	
4.7799997621e+02	406	212	23	413	33	467	500	0	500	500	0	500	500	0	
4.7849958301e+02	405	214	21	417	38	462	500	0	500	500	0	500	500	0	
4.7899922405e+02	402	218	7	433	32	468	500	0	500	500	0	500	500	0	
4.7949939985e+02	421	197	11	428	47	453	500	0	500	500	0	500	500	0	
4.7999959257e+02	417	200	10	429	46	454	500	0	500	500	0	500	500	0	
4.8049918980e+02	396	221	17	423	28	472	500	0	500	500	0	500	500	0	
4.8099954391e+02	385	236	12	431	39	461	500	0	500	500	0	500	500	0	
4.8149968589e+02	391	229	15	429	26	474	500	0	500	500	0	500	500	0	
4.8199826058e+02	388	233	18	428	40	460	500	0	500	500	0	500	500	0	
4.8249917329e+02	388	233	17	429	51	449	500	0	500	500	0	500	500	0	
4.8299893791e+02	375	245	12	438	41	459	500	0	500	500	0	500	500	0	
4.8349988464e+02	374	247	12	440	45	455	500	0	500	500	0	500	500	0	
4.8399986424e+02	358	261	11	441	35	465	500	0	500	500	0	500	500	0	
4.8449857001e+02	365	254	16	435	50	450	500	0	500	500	0	500	500	0	
4.8499870755e+02	375	246	17	434	41	459	500	0	500	500	0	500	500	0	
4.8549945830e+02	388	233	11	440	32	468	500	0	500	500	0	500	500	0	
4.8599788035e+02	393	229	15	436	46	454	500	0	500	500	0	500	500	0	
4.8649989232e+02	381	242	25	428	41	459	500	0	500	500	0	500	500	0	
4.8699946935e+02	387	237	9	445	28	472	500	0	500	500	0	500	500	0	
4.8749914784e+02	383	242	15	443	45	455	500	0	500	500	0	500	500	0	
4.8799897411e+02	391	234	9	448	45	455	500	0	500	500	0	500	500	0	
4.8849936744e+02	401	225	13	446	35	465	500	0	500	500	0	500	500	0	
4.8899782064e+02	410	217	17	446	40	460	500	0	500	500	0	500	500	0	
4.8949980829e+02	418	209	13	447	42	458	500	0	500	500	0	500	500	0	
4.8999738788e+02	424	203	17	440	35	465	500	0	500	500	0	500	500	0	
4.9049990653e+02	414	214	16	440	24	476	500	0	500	500	0	500	500	0	
4.9099979729e+02	398	231	9	447	35	465	500	0	500	500	0	500	500	0	
4.9149885946e+02	387	244	13	444	33	467	500	0	500	500	0	500	500	0	
4.9199997115e+02	402	230	14	445	28	472	500	0	500	500	0	500	500	0	
4.9249884365e+02	395	237	11	450	33	467	500	0	500	500	0	500	500	0	
4.9299925321e+02	388	244	7	452	40	460	500	0	500	500	0	500	500	0	
4.9349516217e+02	397	237	14	444	20	480	500	0	500	500	0	500	500	0	
4.9399866832e+02	393	243	12	444	44	456	500	0	500	500	0	500	500	0	
4.9449799015e+02	382	255	8	449	28	472	500	0	500	500	0	500	500	0	
4.9499933693e+02	401	235	12	442	35	465	500	0	500	500	0	500	500	0	
4.9549962814e+02	411	227	13	440	33	467	500	0	500	500	0	500	500	0	
4.9599725398e+02	402	237	8	443	37	463	500	0	500	500	0	500	500	0	
4.9649772349e+02	404	236	22	433	34	466	500	0	500	500	0	500	500	0	
4.9699878857e+02	407	232	16	439	29	471	500	0	500	500	0	500	500	0	
4.9749869708e+02	393	248	15	442	37	463	500	0	500	500	0	500	500	0	
4.9799794524e+02	388	254	14	441	39	461	500	0	500	500	0	500	500	0	
4.9849715939e+02	377	267	9	447	36	464	500	0	500	500	0	500	500	0	
4.9899667908e+02	375	269	12	443	36	464	500	0	500	500	0	500	500	0	
4.9949682760e+02	392	251	10	445	47	453	500	0	500	500	0	500	500	0	
4.9999477174e+02	410	234	13	441	42	458	500	0	500	500	0	500	500	0	
5.0000149306e+02	410	234	12	442	42	458	500	0	500	500	0	500	500	0	
