0.0000000000e+00	0	0	0	0	0	500	50	0	500	500	500	500	500	30	
4.9886262826e-01	0	1	0	0	48	452	50	0	500	500	500	500	500	30	
9.9470556387e-01	1	1	0	0	49	451	50	0	500	500	500	500	500	30	
1.4966423131e+00	1	3	0	0	42	458	50	0	500	500	500	500	500	30	
1.9891609275e+00	2	3	0	0	39	461	50	0	500	500	500	500	500	30	
2.4977559946e+00	2	3	0	0	31	469	50	0	500	500	500	500	500	30	
2.9983519604e+00	2	6	0	0	48	452	50	0	500	500	500	500	500	30	
3.4937009934e+00	5	3	1	0	42	458	50	0	500	500	500	500	500	30	
3.9999597207e+00	5	3	1	0	37	463	50	0	500	500	500	500	500	30	
4.4972787123e+00	6	3	0	1	35	465	50	0	500	500	500	500	500	30	
4.9992108176e+00	8	1	1	0	58	442	50	0	500	500	500	500	500	30	
5.4978114791e+00	10	1	1	0	57	443	50	0	500	500	500	500	500	30	
5.9999475291e+00	10	1	1	0	47	453	50	0	500	500	500	500	500	30	
6.4998963108e+00	10	2	1	0	52	448	50	0	500	500	500	500	500	30	
6.9962518319e+00	11	3	0	1	40	460	50	0	500	500	500	500	500	30	
7.4972202842e+00	12	2	0	1	44	456	50	0	500	500	500	500	500	30	
7.9996215497e+00	12	3	1	0	38	462	50	0	500	500	500	500	500	30	
8.4996286104e+00	12	5	0	1	46	454	50	0	500	500	500	500	500	30	
8.9995704610e+00	13	5	0	1	44	456	50	0	500	500	500	500	500	30	
9.4989547269e+00	14	4	1	0	37	463	50	0	500	500	500	500	500	30	
9.9991440983e+00	14	5	1	0	41	459	50	0	500	500	500	500	500	30	
1.0499419179e+01	14	5	1	0	33	467	50	0	500	500	500	500	500	30	
1.0998784476e+01	15	8	1	0	30	470	50	0	500	500	500	500	500	30	
1.1499188584e+01	17	7	1	0	44	456	50	0	500	500	500	500	500	30	
1.1996865734e+01	20	5	0	1	44	456	50	0	500	500	500	500	500	30	
1.2497962733e+01	21	5	0	1	47	453	50	0	500	500	500	500	500	30	
1.2997886791e+01	24	2	1	0	21	479	50	0	500	500	500	500	500	30	
1.3499947642e+01	24	3	0	1	42	458	50	0	500	500	500	500	500	30	
1.3996008528e+01	24	3	1	0	48	452	50	0	500	500	500	500	500	30	
1.4486879078e+01	26	4	1	0	53	447	50	0	500	500	500	500	500	30	
1.4999480052e+01	27	4	1	0	47	453	50	0	500	500	500	500	500	30	
1.5498925285e+01	28	4	1	0	52	448	50	0	500	500	500	500	500	30	
1.5995863506e+01	27	4	1	0	60	440	50	0	500	500	500	500	500	30	
1.6499743440e+01	28	5	0	1	57	443	50	0	500	500	500	500	500	30	
1.6999313250e+01	27	6	1	0	35	465	50	0	500	500	500	500	500	30	
1.7498352553e+01	27	7	1	0	40	460	50	0	500	500	500	500	500	30	
1.7998137693e+01	30	5	1	0	33	467	50	0	500	500	500	500	500	30	
1.8499619586e+01	33	4	1	0	55	445	50	0	500	500	500	500	500	30	
1.8997574111e+01	35	4	1	0	32	468	50	0	500	500	500	500	500	30	
1.9494499211e+01	36	6	1	0	42	458	50	0	500	500	500	500	500	30	
1.9997342329e+01	39	5	1	0	43	457	50	0	500	500	500	500	500	30	
2.0497205583e+01	41	6	1	0	42	458	50	0	500	500	500	500	500	30	
2.0999799239e+01	41	6	1	0	43	457	50	0	500	500	500	500	500	30	
2.1495412521e+01	43	4	1	0	35	465	50	0	500	500	500	500	500	30	
2.1990567325e+01	43	5	1	0	43	457	50	0	500	500	500	500	500	30	
2.2499118267e+01	44	6	1	0	50	450	50	0	500	500	500	500	500	30	
2.2999546436e+01	45	8	1	0	69	431	50	0	500	500	500	500	500	30	
2.3496145834e+01	48	5	1	0	46	454	50	0	500	500	500	500	500	30	
2.3991843565e+01	50	3	1	0	51	449	50	0	500	500	500	500	500	30	
2.4497588944e+01	51	2	1	0	35	465	50	0	500	500	500	500	500	30	
2.4998237762e+01	52	2	1	0	33	467	50	0	500	500	500	500	500	30	
2.5498177734e+01	52	1	1	0	38	462	50	0	500	500	500	500	500	30	
2.5998387282e+01	52	1	1	0	29	471	50	0	500	500	500	500	500	30	
2.6492495162e+01	53	2	2	0	31	469	50	0	500	500	500	500	500	30	
2.6997976985e+01	54	1	2	0	46	454	50	0	500	500	500	500	500	30	
2.7499120743e+01	54	2	2	0	43	457	50	0	500	500	500	500	500	30	
2.7997860247e+01	55	1	2	0	46	454	50	0	500	500	500	500	500	30	
2.8498397431e+01	55	2	2	0	55	445	50	0	500	500	500	500	500	30	
2.8999682966e+01	55	3	1	1	28	472	50	0	500	500	500	500	500	30	
2.9497905753e+01	56	3	2	1	48	452	50	0	500	500	500	500	500	30	
2.9998116502e+01	57	3	2	1	53	447	50	0	500	500	500	500	500	30	
3.0496570890e+01	57	4	2	1	36	464	50	0	500	500	500	500	500	30	
3.0998082114e+01	58	4	3	1	37	463	50	0	500	500	500	500	500	30	
3.1499852186e+01	58	6	2	2	43	457	50	0	500	500	500	500	500	30	
3.1994384636e+01	61	4	4	1	32	468	50	0	500	500	500	500	500	30	
3.2498357768e+01	62	3	5	0	55	445	50	0	500	500	500	500	500	30	
3.2999860252e+01	65	2	3	2	32	468	50	0	500	500	500	500	500	30	
3.3497780168e+01	66	2	4	1	43	457	50	0	500	500	500	500	500	30	
3.3997512943e+01	66	1	3	2	23	477	50	0	500	500	500	500	500	30	
3.4498473653e+01	66	4	6	1	43	457	50	0	500	500	500	500	500	30	
3.4999865475e+01	67	4	6	1	36	464	50	0	500	500	500	500	500	30	
3.5495349884e+01	66	6	8	0	38	462	50	0	500	500	500	500	500	30	
3.5998147578e+01	67	5	8	0	40	460	50	0	500	500	500	500	500	30	
3.6499372654e+01	68	4	6	3	30	470	50	0	500	500	500	500	500	30	
3.6999048160e+01	70	4	3	6	30	470	50	0	500	500	500	500	500	30	
3.7496790588e+01	70	4	4	5	23	477	50	0	500	500	500	500	500	30	
3.7998512676e+01	71	5	6	3	37	463	50	0	500	500	500	500	500	30	
3.8498957673e+01	72	5	6	4	42	458	50	0	500	500	500	500	500	30	
3.8997610108e+01	74	5	10	0	35	465	50	0	500	500	500	500	500	30	
3.9496770481e+01	74	5	8	2	35	465	50	0	500	500	500	500	500	30	
3.9997772578e+01	74	6	9	1	35	465	50	0	500	500	500	500	500	30	
4.0499001497e+01	76	4	8	2	40	460	50	0	500	500	500	500	500	30	
4.0994492993e+01	76	6	3	7	40	460	50	0	500	500	500	500	500	30	
4.1499690586e+01	78	5	6	4	52	448	50	0	500	500	500	500	500	30	
4.1993427809e+01	79	5	8	2	41	459	50	0	500	500	500	500	500	30	
4.2498668216e+01	81	4	9	1	29	471	50	0	500	500	500	500	500	30	
4.2998924127e+01	85	1	7	3	29	471	50	0	500	500	500	500	500	30	
4.3499472007e+01	85	2	7	3	38	462	50	0	500	500	500	500	500	30	
4.3999782666e+01	85	5	9	1	31	469	50	0	500	500	500	500	500	30	
4.4498861150e+01	86	5	3	7	48	452	50	0	500	500	500	500	500	30	
4.4992035605e+01	86	5	8	2	48	452	50	0	500	500	500	500	500	30	
4.5499929075e+01	87	4	7	3	46	454	50	0	500	500	500	500	500	30	
4.5999932601e+01	87	3	4	5	38	462	50	0	500	500	500	500	500	30	
4.6496671483e+01	87	3	7	2	41	459	50	0	500	500	500	500	500	30	
4.6999969973e+01	88	3	7	2	39	461	50	0	500	500	500	500	500	30	
4.7495112242e+01	91	1	7	2	24	476	50	0	500	500	500	500	500	30	
4.7993917206e+01	91	1	7	2	39	461	50	0	500	500	500	500	500	30	
4.8496477984e+01	92	0	4	5	35	465	50	0	500	500	500	500	500	30	
4.8999127974e+01	92	2	8	2	49	451	50	0	500	500	500	500	500	30	
4.9499439390e+01	92	2	8	2	66	434	50	0	500	500	500	500	500	30	
4.9998322133e+01	93	2	4	6	56	444	50	0	500	500	500	500	500	30	
5.0496495720e+01	94	1	6	4	42	458	50	0	500	500	500	500	500	30	
5.0998762442e+01	94	1	9	0	51	449	50	0	500	500	500	500	500	30	
5.1499929632e+01	95	1	7	2	41	459	50	0	500	500	500	500	500	30	
5.1999496381e+01	94	2	8	1	45	455	50	0	500	500	500	500	500	30	
5.2497861085e+01	93	3	7	2	31	469	50	0	500	500	500	500	500	30	
5.2999023336e+01	93	4	5	4	35	465	50	0	500	500	500	500	500	30	
5.3498903790e+01	94	3	8	1	49	451	50	0	500	500	500	500	500	30	
5.3999540390e+01	94	3	6	4	48	452	50	0	500	500	500	500	500	30	
5.4499875071e+01	94	2	6	5	56	444	50	0	500	500	500	500	500	30	
5.4995510325e+01	95	2	10	1	47	453	50	0	500	500	500	500	500	30	
5.5498008542e+01	97	3	9	2	44	456	50	0	500	500	500	500	500	30	
5.5999480425e+01	98	2	9	2	42	458	50	0	500	500	500	500	500	30	
5.6499531640e+01	99	4	9	2	30	470	50	0	500	500	500	500	500	30	
5.6992013552e+01	102	5	7	4	34	466	50	0	500	500	500	500	500	30	
5.7498947579e+01	103	5	10	1	43	457	50	0	500	500	500	500	500	30	
5.7999244970e+01	104	7	10	1	50	450	50	0	500	500	500	500	500	30	
5.8497206557e+01	107	4	8	3	44	456	50	0	500	500	500	500	500	30	
5.8997335521e+01	108	3	10	1	33	467	50	0	500	500	500	500	500	30	
5.9497460528e+01	109	3	8	3	30	470	50	0	500	500	500	500	500	30	
5.9999868072e+01	111	1	7	4	34	466	50	0	500	500	500	500	500	30	
6.0495099900e+01	112	2	9	2	36	464	50	0	500	500	500	500	500	30	
6.0993976529e+01	113	2	9	1	41	459	50	0	500	500	500	500	500	30	
6.1498420104e+01	116	1	8	2	48	452	50	0	500	500	500	500	500	30	
6.1999006169e+01	117	2	7	3	38	462	50	0	500	500	500	500	500	30	
6.2496857960e+01	118	1	8	2	34	466	50	0	500	500	500	500	500	30	
6.2995014897e+01	118	3	6	4	38	462	50	0	500	500	500	500	500	30	
6.3494980641e+01	118	4	7	3	44	456	50	0	500	500	500	500	500	30	
6.3999903445e+01	118	7	5	5	39	461	50	0	500	500	500	500	500	30	
6.4499198244e+01	119	9	7	3	31	469	50	0	500	500	500	500	500	30	
6.4997384753e+01	122	6	9	1	53	447	50	0	500	500	500	500	500	30	
6.5498449061e+01	121	8	8	2	39	461	50	0	500	500	500	500	500	30	
6.5999626604e+01	121	8	9	1	30	470	50	0	500	500	500	500	500	30	
6.6492232377e+01	124	5	8	2	44	456	50	0	500	500	500	500	500	30	
6.6998604665e+01	124	6	9	2	39	461	50	0	500	500	500	500	500	30	
6.7499501832e+01	125	7	6	5	42	458	50	0	500	500	500	500	500	30	
6.7999816060e+01	125	7	10	1	47	453	50	0	500	500	500	500	500	30	
6.8498911469e+01	128	4	5	6	52	448	50	0	500	500	500	500	500	30	
6.8999936327e+01	127	4	10	1	39	461	50	0	500	500	500	500	500	30	
6.9499174865e+01	127	6	10	1	43	457	50	0	500	500	500	500	500	30	
6.9996570247e+01	127	8	8	3	26	474	50	0	500	500	500	500	500	30	
7.0499687126e+01	131	5	7	4	40	460	50	0	500	500	500	500	500	30	
7.0997249507e+01	134	2	12	0	44	456	50	0	500	500	500	500	500	30	
7.1499590740e+01	134	2	9	3	42	458	50	0	500	500	500	500	500	30	
7.1998394923e+01	132	3	11	2	30	470	50	0	500	500	500	500	500	30	
7.2499209950e+01	132	3	10	4	32	468	50	0	500	500	500	500	500	30	
7.2993615980e+01	136	3	13	1	53	447	50	0	500	500	500	500	500	30	
7.3499647060e+01	137	2	13	1	35	465	50	0	500	500	500	500	500	30	
7.3992354065e+01	139	1	14	1	38	462	50	0	500	500	500	500	500	30	
7.4491577596e+01	139	1	13	2	37	463	50	0	500	500	500	500	500	30	
7.4998644377e+01	139	2	12	4	30	470	50	0	500	500	500	500	500	30	
7.5499929459e+01	137	5	10	6	38	462	50	0	500	500	500	500	500	30	
7.5994311963e+01	139	4	11	5	42	458	50	0	500	500	500	500	500	30	
7.6495708513e+01	140	4	9	7	37	463	50	0	500	500	500	500	500	30	
7.6995365231e+01	141	2	10	6	42	458	50	0	500	500	500	500	500	30	
7.7499635582e+01	143	0	11	5	44	456	50	0	500	500	500	500	500	30	
7.7997421935e+01	144	3	11	5	38	462	50	0	500	500	500	500	500	30	
7.8496829131e+01	144	3	8	8	27	473	50	0	500	500	500	500	500	30	
7.8999457973e+01	146	3	14	2	44	456	50	0	500	500	500	500	500	30	
7.9499492501e+01	148	2	13	3	32	468	50	0	500	500	500	500	500	30	
7.9999310160e+01	148	2	11	4	38	462	50	0	500	500	500	500	500	30	
8.0499461564e+01	149	2	10	5	36	464	50	0	500	500	500	500	500	30	
8.0999763882e+01	149	3	13	2	38	462	50	0	500	500	500	500	500	30	
8.1495024566e+01	150	2	9	4	41	459	50	0	500	500	500	500	500	30	
8.1996692996e+01	150	2	8	5	40	460	50	0	500	500	500	500	500	30	
8.2499356584e+01	150	2	12	2	44	456	50	0	500	500	500	500	500	30	
8.2999407548e+01	151	3	13	1	36	464	50	0	500	500	500	500	500	30	
8.3496224369e+01	154	1	10	3	39	461	50	0	500	500	500	500	500	30	
8.3998388764e+01	154	3	9	4	42	458	50	0	500	500	500	500	500	30	
8.4499113590e+01	154	3	6	7	54	446	50	0	500	500	500	500	500	30	
8.4992385234e+01	156	1	12	1	33	467	50	0	500	500	500	500	500	30	
8.5499703224e+01	156	0	12	1	37	463	50	0	500	500	500	500	500	30	
8.5999684821e+01	156	1	10	3	42	458	50	0	500	500	500	500	500	30	
8.6497076040e+01	157	1	10	4	33	467	50	0	500	500	500	500	500	30	
8.6999808636e+01	158	1	7	7	41	459	50	0	500	500	500	500	500	30	
8.7499628710e+01	158	2	8	6	46	454	50	0	500	500	500	500	500	30	
8.7998567865e+01	158	3	8	7	38	462	50	0	500	500	500	500	500	30	
8.8494324803e+01	159	2	13	2	33	467	50	0	500	500	500	500	500	30	
8.8998747899e+01	160	1	12	3	39	461	50	0	500	500	500	500	500	30	
8.9496522746e+01	158	1	11	4	40	460	50	0	500	500	500	500	500	30	
8.9997309991e+01	159	0	10	5	44	456	50	0	500	500	500	500	500	30	
9.0499310207e+01	159	0	10	5	29	471	50	0	500	500	500	500	500	30	
9.0998191771e+01	159	0	10	6	32	468	50	0	500	500	500	500	500	30	
9.1499901381e+01	159	1	14	2	44	456	50	0	500	500	500	500	500	30	
9.1999527538e+01	161	1	15	1	39	461	50	0	500	500	500	500	500	30	
9.2496889822e+01	161	3	12	4	38	462	50	0	500	500	500	500	500	30	
9.2998329810e+01	161	4	10	5	38	462	50	0	500	500	500	500	500	30	
9.3498175934e+01	163	4	12	4	36	464	50	0	500	500	500	500	500	30	
9.3998158399e+01	164	2	13	3	43	457	50	0	500	500	500	500	500	30	
9.4495968800e+01	165	3	11	5	33	467	50	0	500	500	500	500	500	30	
9.4999153121e+01	166	4	9	7	48	452	50	0	500	500	500	500	500	30	
9.5499381631e+01	170	0	13	3	43	457	50	0	500	500	500	500	500	30	
9.5999948414e+01	169	1	7	8	48	452	50	0	500	500	500	500	500	30	
9.6498456740e+01	166	5	13	2	46	454	50	0	500	500	500	500	500	30	
9.6995883234e+01	167	3	13	3	42	458	50	0	500	500	500	500	500	30	
9.7499289207e+01	169	3	11	5	51	449	50	0	500	500	500	500	500	30	
9.7996680960e+01	169	5	7	9	59	441	50	0	500	500	500	500	500	30	
9.8494765300e+01	172	6	11	5	28	472	50	0	500	500	500	500	500	30	
9.8998736131e+01	173	5	8	8	30	470	50	0	500	500	500	500	500	30	
9.9497497557e+01	171	9	10	6	33	467	50	0	500	500	500	500	500	30	
9.9998733059e+01	171	10	13	3	51	449	50	0	500	500	500	500	500	30	
1.0049936877e+02	172	9	16	0	23	477	50	0	500	500	500	500	500	30	
1.0099979726e+02	174	8	12	4	46	454	50	0	500	500	500	500	500	30	
1.0149952976e+02	175	8	10	5	45	455	50	0	500	500	500	500	500	30	
1.0199930110e+02	176	9	13	3	31	469	50	0	500	500	500	500	500	30	
1.0249631237e+02	179	6	12	4	37	463	50	0	500	500	500	500	500	30	
1.0299645340e+02	181	5	14	2	43	457	50	0	500	500	500	500	500	30	
1.0349988684e+02	183	4	12	4	33	467	50	0	500	500	500	500	500	30	
1.0399969771e+02	182	5	14	2	52	448	50	0	500	500	500	500	500	30	
1.0449868355e+02	184	5	15	1	50	450	50	0	500	500	500	500	500	30	
1.0499493101e+02	185	5	13	3	32	468	50	0	500	500	500	500	500	30	
1.0549718440e+02	188	2	10	7	32	468	50	0	500	500	500	500	500	30	
1.0599643905e+02	189	2	12	5	50	450	50	0	500	500	500	500	500	30	
1.0649953198e+02	189	3	15	2	34	466	50	0	500	500	500	500	500	30	
1.0699922724e+02	189	3	11	7	27	473	50	0	500	500	500	500	500	30	
1.0749955855e+02	190	3	14	4	32	468	50	0	500	500	500	500	500	30	
1.0799905281e+02	190	5	12	6	38	462	50	0	500	500	500	500	500	30	
1.0849752332e+02	191	6	16	2	28	472	50	0	500	500	500	500	500	30	
1.0899975491e+02	192	5	17	2	32	468	50	0	500	500	500	500	500	30	
1.0949838655e+02	192	6	14	5	46	454	50	0	500	500	500	500	500	30	
1.0999150617e+02	194	5	12	7	51	449	50	0	500	500	500	500	500	30	
1.1049742750e+02	196	4	12	7	48	452	50	0	500	500	500	500	500	30	
1.1099719150e+02	195	8	16	3	47	453	50	0	500	500	500	500	500	30	
1.1149963396e+02	197	8	13	6	58	442	50	0	500	500	500	500	500	30	
1.1199849211e+02	200	7	16	4	49	451	50	0	500	500	500	500	500	30	
1.1249982333e+02	199	8	16	6	56	444	50	0	500	500	500	500	500	30	
1.1299944816e+02	203	6	15	7	35	465	50	0	500	500	500	500	500	30	
1.1349955846e+02	206	4	21	2	32	468	50	0	500	500	500	500	500	30	
1.1399956806e+02	206	4	14	8	32	468	50	0	500	500	500	500	500	30	
1.1449999845e+02	207	4	18	4	28	472	50	0	500	500	500	500	500	30	
1.1499978892e+02	208	5	16	6	31	469	50	0	500	500	500	500	500	30	
1.1549694299e+02	208	7	17	5	49	451	50	0	500	500	500	500	500	30	
1.1599893413e+02	210	6	17	5	51	449	50	0	500	500	500	500	500	30	
1.1649766640e+02	212	4	17	5	31	469	50	0	500	500	500	500	500	30	
1.1699845530e+02	213	3	22	0	50	450	50	0	500	500	500	500	500	30	
1.1749877912e+02	212	4	18	4	39	461	50	0	500	500	500	500	500	30	
1.1799934146e+02	213	5	15	8	42	458	50	0	500	500	500	500	500	30	
1.1849942452e+02	214	6	16	6	48	452	50	0	500	500	500	500	500	30	
1.1899997073e+02	215	9	16	6	33	467	50	0	500	500	500	500	500	30	
1.1949734710e+02	216	8	15	7	33	467	50	0	500	500	500	500	500	30	
1.1999405110e+02	216	12	18	5	56	444	50	0	500	500	500	500	500	30	
1.2049557519e+02	220	8	15	8	47	453	50	0	500	500	500	500	500	30	
1.2099746894e+02	219	8	20	3	54	446	50	0	500	500	500	500	500	30	
1.2149929756e+02	220	10	19	4	51	449	50	0	500	500	500	500	500	30	
1.2199873279e+02	224	6	13	10	40	460	50	0	500	500	500	500	500	30	
1.2249691364e+02	224	6	19	3	39	461	50	0	500	500	500	500	500	30	
1.2299871121e+02	225	5	15	8	53	447	50	0	500	500	500	500	500	30	
1.2349949119e+02	228	3	19	4	50	450	50	0	500	500	500	500	500	30	
1.2399887024e+02	229	2	16	7	25	475	50	0	500	500	500	500	500	30	
1.2449271241e+02	229	3	19	5	36	464	50	0	500	500	500	500	500	30	
1.2499705104e+02	229	3	16	8	28	472	50	0	500	500	500	500	500	30	
1.2549989501e+02	229	6	17	7	27	473	50	0	500	500	500	500	500	30	
1.2599942411e+02	230	8	17	6	28	472	50	0	500	500	500	500	500	30	
1.2649659333e+02	231	9	17	7	35	465	50	0	500	500	500	500	500	30	
1.2699935498e+02	232	10	18	6	35	465	50	0	500	500	500	500	500	30	
1.2749892557e+02	238	5	16	8	58	442	50	0	500	500	500	500	500	30	
1.2799884454e+02	238	3	20	4	33	467	50	0	500	500	500	500	500	30	
1.2849647740e+02	239	2	24	1	38	462	50	0	500	500	500	500	500	30	
1.2899997023e+02	238	1	18	7	46	454	50	0	500	500	500	500	500	30	
1.2949685121e+02	238	2	17	8	33	467	50	0	500	500	500	500	500	30	
1.2999841137e+02	239	2	20	5	41	459	50	0	500	500	500	500	500	30	
1.3049943876e+02	239	3	16	9	36	464	50	0	500	500	500	500	500	30	
1.3099936360e+02	239	3	16	9	21	479	50	0	500	500	500	500	500	30	
1.3149957779e+02	239	4	21	4	33	467	50	0	500	500	500	500	500	30	
1.3199439122e+02	240	4	18	7	48	452	50	0	500	500	500	500	500	30	
1.3249814637e+02	240	4	17	8	48	452	50	0	500	500	500	500	500	30	
1.3299962345e+02	241	3	22	3	52	448	50	0	500	500	500	500	500	30	
1.3349906008e+02	240	5	18	8	44	456	50	0	500	500	500	500	500	30	
1.3399984736e+02	242	3	19	7	42	458	50	0	500	500	500	500	500	30	
1.3449999699e+02	243	4	18	8	35	465	50	0	500	500	500	500	500	30	
1.3499897271e+02	245	2	18	8	34	466	50	0	500	500	500	500	500	30	
1.3549491004e+02	245	4	24	3	48	452	50	0	500	500	500	500	500	30	
1.3599978581e+02	245	4	23	4	31	469	50	0	500	500	500	500	500	30	
1.3649868294e+02	244	6	19	8	41	459	50	0	500	500	500	500	500	30	
1.3699872083e+02	246	5	20	7	45	455	50	0	500	500	500	500	500	30	
1.3749998574e+02	247	4	21	6	53	447	50	0	500	500	500	500	500	30	
1.3798724022e+02	248	3	17	10	52	448	50	0	500	500	500	500	500	30	
1.3849747868e+02	247	3	20	7	34	466	50	0	500	500	500	500	500	30	
1.3899992528e+02	249	2	15	12	31	469	50	0	500	500	500	500	500	30	
1.3949945359e+02	248	3	21	6	38	462	50	0	500	500	500	500	500	30	
1.3999685608e+02	249	2	18	8	27	473	50	0	500	500	500	500	500	30	
1.4049952137e+02	250	1	16	10	48	452	50	0	500	500	500	500	500	30	
1.4099740009e+02	251	0	17	9	50	450	50	0	500	500	500	500	500	30	
1.4149445589e+02	251	1	20	6	40	460	50	0	500	500	500	500	500	30	
1.4199691616e+02	248	4	24	3	34	466	50	0	500	500	500	500	500	30	
1.4249869670e+02	249	6	25	3	41	459	50	0	500	500	500	500	500	30	
1.4299977587e+02	249	5	21	7	34	466	50	0	500	500	500	500	500	30	
1.4349304284e+02	248	7	25	4	42	458	50	0	500	500	500	500	500	30	
1.4399904532e+02	249	8	20	9	49	451	50	0	500	500	500	500	500	30	
1.4449841312e+02	249	8	22	7	27	473	50	0	500	500	500	500	500	30	
1.4499873787e+02	251	7	21	8	41	459	50	0	500	500	500	500	500	30	
1.4549962244e+02	250	7	17	12	47	453	50	0	500	500	500	500	500	30	
1.4599899928e+02	249	8	23	6	45	455	50	0	500	500	500	500	500	30	
1.4649863751e+02	251	6	23	5	25	475	50	0	500	500	500	500	500	30	
1.4699701765e+02	250	6	20	9	32	468	50	0	500	500	500	500	500	30	
1.4749854490e+02	251	5	24	6	27	473	50	0	500	500	500	500	500	30	
1.4799534183e+02	252	5	23	7	28	472	50	0	500	500	500	500	500	30	
1.4849886109e+02	252	4	18	12	28	472	50	0	500	500	500	500	500	30	
1.4899700497e+02	253	3	22	8	36	464	50	0	500	500	500	500	500	30	
1.4949985633e+02	253	3	21	9	45	455	50	0	500	500	500	500	500	30	
1.4999536725e+02	255	2	18	12	45	455	50	0	500	500	500	500	500	30	
1.5049541505e+02	253	4	21	10	47	453	50	0	500	500	500	500	500	30	
1.5099811571e+02	251	6	23	8	36	464	50	0	500	500	500	500	500	30	
1.5149016846e+02	252	5	23	8	35	465	50	0	500	500	500	500	500	30	
1.5199992513e+02	254	3	18	13	50	450	50	0	500	500	500	500	500	30	
1.5249593567e+02	255	4	19	12	53	447	50	0	500	500	500	500	500	30	
1.5299955564e+02	255	4	24	7	38	462	50	0	500	500	500	500	500	30	
1.5349954384e+02	255	5	19	12	37	463	50	0	500	500	500	500	500	30	
1.5399604599e+02	255	6	20	11	20	480	50	0	500	500	500	500	500	30	
1.5449951867e+02	254	8	26	5	41	459	50	0	500	500	500	500	500	30	
1.5499968188e+02	257	6	24	8	46	454	50	0	500	500	500	500	500	30	
1.5549899262e+02	259	4	28	4	39	461	50	0	500	500	500	500	500	30	
1.5599893166e+02	259	5	28	5	42	458	50	0	500	500	500	500	500	30	
1.5649735829e+02	261	4	28	5	51	449	50	0	500	500	500	500	500	30	
1.5699684984e+02	261	5	26	7	41	459	50	0	500	500	500	500	500	30	
1.5749895563e+02	264	3	22	10	47	453	50	0	500	500	500	500	500	30	
1.5799949820e+02	265	2	27	4	42	458	50	0	500	500	500	500	500	30	
1.5849793351e+02	265	2	26	5	43	457	50	0	500	500	500	500	500	30	
1.5899558153e+02	266	5	24	7	44	456	50	0	500	500	500	500	500	30	
1.5949849558e+02	269	2	23	8	41	459	50	0	500	500	500	500	500	30	
1.5999964870e+02	269	3	22	11	41	459	50	0	500	500	500	500	500	30	
1.6049838768e+02	270	3	28	5	35	465	50	0	500	500	500	500	500	30	
1.6099997319e+02	269	6	23	10	35	465	50	0	500	500	500	500	500	30	
1.6149891871e+02	270	4	21	13	24	476	50	0	500	500	500	500	500	30	
1.6199903373e+02	271	3	25	9	33	467	50	0	500	500	500	500	500	30	
1.6249942418e+02	273	3	23	11	42	458	50	0	500	500	500	500	500	30	
1.6299931063e+02	273	3	28	6	51	449	50	0	500	500	500	500	500	30	
1.6349788738e+02	273	6	27	7	50	450	50	0	500	500	500	500	500	30	
1.6399794246e+02	274	5	24	10	50	450	50	0	500	500	500	500	500	30	
1.6449803377e+02	274	5	25	9	32	468	50	0	500	500	500	500	500	30	
1.6499989396e+02	273	6	25	9	45	455	50	0	500	500	500	500	500	30	
1.6549599702e+02	274	5	27	7	40	460	50	0	500	500	500	500	500	30	
1.6599795189e+02	275	7	25	9	50	450	50	0	500	500	500	500	500	30	
1.6649887656e+02	276	6	26	7	41	459	50	0	500	500	500	500	500	30	
1.6699219303e+02	275	8	25	8	39	461	50	0	500	500	500	500	500	30	
1.6749986590e+02	276	10	26	7	40	460	50	0	500	500	500	500	500	30	
1.6799808925e+02	278	9	25	8	46	454	50	0	500	500	500	500	500	30	
1.6849693006e+02	281	8	26	7	37	463	50	0	500	500	500	500	500	30	
1.6899811094e+02	283	5	30	3	29	471	50	0	500	500	500	500	500	30	
1.6949628390e+02	284	5	25	8	39	461	50	0	500	500	500	500	500	30	
1.6999708248e+02	285	5	25	10	36	464	50	0	500	500	500	500	500	30	
1.7049872371e+02	287	5	27	9	30	470	50	0	500	500	500	500	500	30	
1.7099930897e+02	290	3	25	11	39	461	50	0	500	500	500	500	500	30	
1.7149916515e+02	290	2	28	8	37	463	50	0	500	500	500	500	500	30	
1.7199756499e+02	290	4	25	11	38	462	50	0	500	500	500	500	500	30	
1.7249592336e+02	289	6	29	7	43	457	50	0	500	500	500	500	500	30	
1.7299856607e+02	290	6	28	8	38	462	50	0	500	500	500	500	500	30	
1.7349841410e+02	291	6	26	10	35	465	50	0	500	500	500	500	500	30	
1.7399775221e+02	291	6	27	9	45	455	50	0	500	500	500	500	500	30	
1.7449827580e+02	287	11	26	10	34	466	50	0	500	500	500	500	500	30	
1.7499574319e+02	289	9	29	7	45	455	50	0	500	500	500	500	500	30	
1.7548852113e+02	289	10	34	3	46	454	50	0	500	500	500	500	500	30	
1.7599922526e+02	293	8	24	13	42	458	50	0	500	500	500	500	500	30	
1.7649550917e+02	294	8	26	11	49	451	50	0	500	500	500	500	500	30	
1.7699971592e+02	293	8	27	11	32	468	50	0	500	500	500	500	500	30	
1.7749816626e+02	293	8	29	11	54	446	50	0	500	500	500	500	500	30	
1.7799274397e+02	294	8	33	8	60	440	50	0	500	500	500	500	500	30	
1.7849943183e+02	297	5	32	9	66	434	50	0	500	500	500	500	500	30	
1.7899773876e+02	298	4	27	14	40	460	50	0	500	500	500	500	500	30	
1.7949634252e+02	298	5	34	8	33	467	50	0	500	500	500	500	500	30	
1.7999914708e+02	298	6	31	11	30	470	50	0	500	500	500	500	500	30	
1.8049725660e+02	295	6	32	9	46	454	50	0	500	500	500	500	500	30	
1.8099620614e+02	296	6	31	10	34	466	50	0	500	500	500	500	500	30	
1.8149892527e+02	298	3	35	6	38	462	50	0	500	500	500	500	500	30	
1.8199962406e+02	298	3	31	10	43	457	50	0	500	500	500	500	500	30	
1.8249796575e+02	298	5	30	11	50	450	50	0	500	500	500	500	500	30	
1.8299718500e+02	300	5	34	6	54	446	50	0	500	500	500	500	500	30	
1.8349929874e+02	302	3	33	7	53	447	50	0	500	500	500	500	500	30	
1.8399994429e+02	300	4	31	11	60	440	50	0	500	500	500	500	500	30	
1.8449565009e+02	300	5	29	13	55	445	50	0	500	500	500	500	500	30	
1.8499901722e+02	301	4	27	14	38	462	50	0	500	500	500	500	500	30	
1.8549978245e+02	302	3	27	12	32	468	50	0	500	500	500	500	500	30	
1.8599976485e+02	302	6	28	11	52	448	50	0	500	500	500	500	500	30	
1.8649952090e+02	304	6	31	8	41	459	50	0	500	500	500	500	500	30	
1.8699956411e+02	304	9	28	9	55	445	50	0	500	500	500	500	500	30	
1.8749909084e+02	304	14	31	6	45	455	50	0	500	500	500	500	500	30	
1.8799871715e+02	303	15	33	4	41	459	50	0	500	500	500	500	500	30	
1.8849890529e+02	305	13	28	9	37	463	50	0	500	500	500	500	500	30	
1.8899849688e+02	307	12	28	9	50	450	50	0	500	500	500	500	500	30	
1.8949809978e+02	309	10	29	7	56	444	50	0	500	500	500	500	500	30	
1.8999951254e+02	315	5	30	6	54	446	50	0	500	500	500	500	500	30	
1.9049982507e+02	314	6	21	15	34	466	50	0	500	500	500	500	500	30	
1.9099733414e+02	315	8	26	10	40	460	50	0	500	500	500	500	500	30	
1.9149982497e+02	316	6	28	9	32	468	50	0	500	500	500	500	500	30	
1.9199718896e+02	317	7	31	6	34	466	50	0	500	500	500	500	500	30	
1.9249900556e+02	317	7	30	8	42	458	50	0	500	500	500	500	500	30	
1.9299985602e+02	318	6	25	13	33	467	50	0	500	500	500	500	500	30	
1.9349942910e+02	318	6	28	9	33	467	50	0	500	500	500	500	500	30	
1.9399936092e+02	316	11	32	5	35	465	50	0	500	500	500	500	500	30	
1.9448788176e+02	317	9	29	8	40	460	50	0	500	500	500	500	500	30	
1.9499964261e+02	319	6	24	13	48	452	50	0	500	500	500	500	500	30	
1.9549863123e+02	321	6	30	7	33	467	50	0	500	500	500	500	500	30	
1.9599855310e+02	321	6	28	8	22	478	50	0	500	500	500	500	500	30	
1.9649590593e+02	322	6	29	7	37	463	50	0	500	500	500	500	500	30	
1.9699790655e+02	323	6	29	7	40	460	50	0	500	500	500	500	500	30	
1.9749940058e+02	321	9	28	8	47	453	50	0	500	500	500	500	500	30	
1.9798941802e+02	322	6	27	10	38	462	50	0	500	500	500	500	500	30	
1.9849973565e+02	323	5	26	11	41	459	50	0	500	500	500	500	500	30	
1.9899788295e+02	322	6	29	8	45	455	50	0	500	500	500	500	500	30	
1.9949928024e+02	322	5	25	12	29	471	50	0	500	500	500	500	500	30	
1.9999599434e+02	324	3	30	7	30	470	50	0	500	500	500	500	500	30	
2.0049894498e+02	321	4	33	5	39	461	50	0	500	500	500	500	500	30	
2.0099943975e+02	321	4	26	11	34	466	50	0	500	500	500	500	500	30	
2.0149834898e+02	321	6	29	8	44	456	50	0	500	500	500	500	500	30	
2.0199712665e+02	321	7	31	6	40	460	50	0	500	500	500	500	500	30	
2.0249962066e+02	317	9	29	8	45	455	50	0	500	500	500	500	500	30	
2.0299907694e+02	318	7	26	11	29	471	50	0	500	500	500	500	500	30	
2.0349921806e+02	319	6	29	8	31	469	50	0	500	500	500	500	500	30	
2.0399973962e+02	320	5	31	6	37	463	50	0	500	500	500	500	500	30	
2.0449792816e+02	321	5	33	4	31	469	50	0	500	500	500	500	500	30	
2.0499958699e+02	321	5	30	6	43	457	50	0	500	500	500	500	500	30	
2.0549925305e+02	323	3	29	7	55	445	50	0	500	500	500	500	500	30	
2.0599836282e+02	322	4	26	10	49	451	50	0	500	500	500	500	500	30	
2.0649486427e+02	321	4	27	9	60	440	50	0	500	500	500	500	500	30	
2.0698954368e+02	320	6	24	12	51	449	50	0	500	500	500	500	500	30	
2.0749983880e+02	321	6	28	8	55	445	50	0	500	500	500	500	500	30	
2.0799926660e+02	322	5	24	13	45	455	50	0	500	500	500	500	500	30	
2.0849840884e+02	323	4	32	8	48	452	50	0	500	500	500	500	500	30	
2.0899895066e+02	326	1	32	8	45	455	50	0	500	500	500	500	500	30	
2.0949994753e+02	326	1	26	14	36	464	50	0	500	500	500	500	500	30	
2.0999597051e+02	326	1	33	7	36	464	50	0	500	500	500	500	500	30	
2.1049901982e+02	326	1	35	4	51	449	50	0	500	500	500	500	500	30	
2.1099849560e+02	327	2	31	8	56	444	50	0	500	500	500	500	500	30	
2.1149712309e+02	326	2	31	8	49	451	50	0	500	500	500	500	500	30	
2.1199548464e+02	323	5	28	10	51	449	50	0	500	500	500	500	500	30	
2.1249348392e+02	323	6	29	9	53	447	50	0	500	500	500	500	500	30	
2.1299877381e+02	324	4	22	17	39	461	50	0	500	500	500	500	500	30	
2.1349696842e+02	322	7	32	8	34	466	50	0	500	500	500	500	500	30	
2.1399999775e+02	320	7	31	9	47	453	50	0	500	500	500	500	500	30	
2.1449969663e+02	320	12	32	9	58	442	50	0	500	500	500	500	500	30	
2.1499708607e+02	324	10	31	10	58	442	50	0	500	500	500	500	500	30	
2.1549952889e+02	325	10	28	13	50	450	50	0	500	500	500	500	500	30	
2.1599893573e+02	325	10	34	7	39	461	50	0	500	500	500	500	500	30	
2.1649545478e+02	326	10	30	11	44	456	50	0	500	500	500	500	500	30	
2.1699914219e+02	326	10	26	15	47	453	50	0	500	500	500	500	500	30	
2.1749990657e+02	329	8	35	8	42	458	50	0	500	500	500	500	500	30	
2.1799819191e+02	331	6	35	9	31	469	50	0	500	500	500	500	500	30	
2.1849905605e+02	332	7	32	12	41	459	50	0	500	500	500	500	500	30	
2.1899975447e+02	331	9	37	7	39	461	50	0	500	500	500	500	500	30	
2.1949831895e+02	333	8	37	7	39	461	50	0	500	500	500	500	500	30	
2.1999448180e+02	334	7	41	3	33	467	50	0	500	500	500	500	500	30	
2.2049925205e+02	336	5	34	10	64	436	50	0	500	500	500	500	500	30	
2.2099723518e+02	337	4	37	7	46	454	50	0	500	500	500	500	500	30	
2.2149606291e+02	334	8	37	7	38	462	50	0	500	500	500	500	500	30	
2.2199873085e+02	335	7	41	4	32	468	50	0	500	500	500	500	500	30	
2.2249739978e+02	335	7	37	8	32	468	50	0	500	500	500	500	500	30	
2.2299742690e+02	333	10	34	10	57	443	50	0	500	500	500	500	500	30	
2.2349977229e+02	335	8	30	14	63	437	50	0	500	500	500	500	500	30	
2.2399689852e+02	337	4	34	10	50	450	50	0	500	500	500	500	500	30	
2.2449941441e+02	335	4	32	13	43	457	50	0	500	500	500	500	500	30	
2.2499964650e+02	336	5	37	9	56	444	50	0	500	500	500	500	500	30	
2.2549512965e+02	339	2	37	9	44	456	50	0	500	500	500	500	500	30	
2.2599934193e+02	339	2	34	12	56	444	50	0	500	500	500	500	500	30	
2.2649642346e+02	340	1	37	9	49	451	50	0	500	500	500	500	500	30	
2.2699780526e+02	339	2	36	10	53	447	50	0	500	500	500	500	500	30	
2.2749730551e+02	336	5	36	10	60	440	50	0	500	500	500	500	500	30	
2.2799876875e+02	336	8	41	6	55	445	50	0	500	500	500	500	500	30	
2.2849135538e+02	337	7	40	7	60	440	50	0	500	500	500	500	500	30	
2.2899686810e+02	338	6	38	9	66	434	50	0	500	500	500	500	500	30	
2.2949652458e+02	339	5	38	9	58	442	50	0	500	500	500	500	500	30	
2.2999843243e+02	341	3	34	11	52	448	50	0	500	500	500	500	500	30	
2.3049934446e+02	340	6	37	9	31	469	50	0	500	500	500	500	500	30	
2.3099709302e+02	337	11	29	17	40	460	50	0	500	500	500	500	500	30	
2.3149890369e+02	339	10	33	12	45	455	50	0	500	500	500	500	500	30	
2.3199964255e+02	339	11	27	18	36	464	50	0	500	500	500	500	500	30	
2.3249679980e+02	339	11	30	15	37	463	50	0	500	500	500	500	500	30	
2.3299971223e+02	340	11	36	10	38	462	50	0	500	500	500	500	500	30	
2.3349987370e+02	343	9	37	9	33	467	50	0	500	500	500	500	500	30	
2.3399844192e+02	342	10	32	14	46	454	50	0	500	500	500	500	500	30	
2.3449986928e+02	343	9	34	11	50	450	50	0	500	500	500	500	500	30	
2.3499799537e+02	344	7	27	18	57	443	50	0	500	500	500	500	500	30	
2.3549976353e+02	348	5	36	9	48	452	50	0	500	500	500	500	500	30	
2.3599670246e+02	347	9	34	11	35	465	50	0	500	500	500	500	500	30	
2.3649866357e+02	349	6	32	13	59	441	50	0	500	500	500	500	500	30	
2.3699737588e+02	349	8	31	14	46	454	50	0	500	500	500	500	500	30	
2.3749707786e+02	351	6	38	8	41	459	50	0	500	500	500	500	500	30	
2.3799874984e+02	350	7	39	6	35	465	50	0	500	500	500	500	500	30	
2.3849996439e+02	350	7	37	8	47	453	50	0	500	500	500	500	500	30	
2.3899947593e+02	352	6	33	12	40	460	50	0	500	500	500	500	500	30	
2.3949486216e+02	353	6	39	5	43	457	50	0	500	500	500	500	500	30	
2.3999652183e+02	352	7	35	9	46	454	50	0	500	500	500	500	500	30	
2.4049809625e+02	356	4	33	12	43	457	50	0	500	500	500	500	500	30	
2.4099855908e+02	356	6	33	12	50	450	50	0	500	500	500	500	500	30	
2.4149869370e+02	356	6	35	10	31	469	50	0	500	500	500	500	500	30	
2.4199760755e+02	356	6	38	7	44	456	50	0	500	500	500	500	500	30	
2.4249951268e+02	359	5	37	8	51	449	50	0	500	500	500	500	500	30	
2.4299932659e+02	359	5	36	9	39	461	50	0	500	500	500	500	500	30	
2.4349584126e+02	361	3	37	8	45	455	50	0	500	500	500	500	500	30	
2.4399858656e+02	362	4	36	9	34	466	50	0	500	500	500	500	500	30	
2.4449936220e+02	363	4	41	4	46	454	50	0	500	500	500	500	500	30	
2.4499335819e+02	363	6	37	8	42	458	50	0	500	500	500	500	500	30	
2.4549973620e+02	362	7	37	8	46	454	50	0	500	500	500	500	500	30	
2.4599762116e+02	364	6	36	9	44	456	50	0	500	500	500	500	500	30	
2.4649714780e+02	364	8	36	9	48	452	50	0	500	500	500	500	500	30	
2.4699997062e+02	363	9	37	8	54	446	50	0	500	500	500	500	500	30	
2.4749847660e+02	364	6	39	5	45	455	50	0	500	500	500	500	500	30	
2.4799732899e+02	367	4	37	5	47	453	50	0	500	500	500	500	500	30	
2.4849885787e+02	370	2	36	5	65	435	50	0	500	500	500	500	500	30	
2.4899734973e+02	370	2	31	9	48	452	50	0	500	500	500	500	500	30	
2.4949809652e+02	368	5	29	10	48	452	50	0	500	500	500	500	500	30	
2.4999458893e+02	371	2	32	7	32	468	50	0	500	500	500	500	500	30	
2.5049683261e+02	371	2	32	7	19	481	50	0	500	500	500	500	500	30	
2.5099805780e+02	368	4	29	9	29	471	50	0	500	500	500	500	500	30	
2.5149892610e+02	367	7	31	7	28	472	50	0	500	500	500	500	500	30	
2.5199693578e+02	369	6	27	10	29	471	50	0	500	500	500	500	500	30	
2.5249980522e+02	369	6	24	12	48	452	50	0	500	500	500	500	500	30	
2.5299775784e+02	371	4	25	12	47	453	50	0	500	500	500	500	500	30	
2.5349959649e+02	372	3	29	8	37	463	50	0	500	500	500	500	500	30	
2.5399874756e+02	371	5	28	7	41	459	50	0	500	500	500	500	500	30	
2.5449874132e+02	371	5	32	4	46	454	50	0	500	500	500	500	500	30	
2.5499962923e+02	372	4	29	7	27	473	50	0	500	500	500	500	500	30	
2.5549966080e+02	373	5	28	8	33	467	50	0	500	500	500	500	500	30	
2.5599988515e+02	375	4	28	7	26	474	50	0	500	500	500	500	500	30	
2.5649928239e+02	373	6	29	6	39	461	50	0	500	500	500	500	500	30	
2.5699970252e+02	375	5	27	7	39	461	50	0	500	500	500	500	500	30	
2.5749952728e+02	374	5	25	9	38	462	50	0	500	500	500	500	500	30	
2.5799988726e+02	377	6	27	7	30	470	50	0	500	500	500	500	500	30	
2.5849971384e+02	379	5	28	6	35	465	50	0	500	500	500	500	500	30	
2.5899667800e+02	380	6	27	8	33	467	50	0	500	500	500	500	500	30	
2.5949441338e+02	381	9	28	7	47	453	50	0	500	500	500	500	500	30	
2.5999886027e+02	383	7	29	6	51	449	50	0	500	500	500	500	500	30	
2.6049993820e+02	383	8	27	7	40	460	50	0	500	500	500	500	500	30	
2.6099977283e+02	383	9	27	7	48	452	50	0	500	500	500	500	500	30	
2.6149851267e+02	385	6	26	8	47	453	50	0	500	500	500	500	500	30	
2.6199756818e+02	386	8	27	7	30	470	50	0	500	500	500	500	500	30	
2.6249550217e+02	385	9	27	8	44	456	50	0	500	500	500	500	500	30	
2.6299823707e+02	388	6	29	6	41	459	50	0	500	500	500	500	500	30	
2.6349498987e+02	388	6	27	8	50	450	50	0	500	500	500	500	500	30	
2.6399950185e+02	386	8	23	12	40	460	50	0	500	500	500	500	500	30	
2.6449938420e+02	387	7	25	10	44	456	50	0	500	500	500	500	500	30	
2.6499768589e+02	389	5	27	8	42	458	50	0	500	500	500	500	500	30	
2.6549578667e+02	388	7	26	9	52	448	50	0	500	500	500	500	500	30	
2.6599922374e+02	388	8	27	7	39	461	50	0	500	500	500	500	500	30	
2.6649916320e+02	387	9	28	7	37	463	50	0	500	500	500	500	500	30	
2.6699988191e+02	390	7	23	12	45	455	50	0	500	500	500	500	500	30	
2.6749642997e+02	391	7	26	9	35	465	50	0	500	500	500	500	500	30	
2.6799945813e+02	393	6	28	7	31	469	50	0	500	500	500	500	500	30	
2.6849911678e+02	394	5	29	5	41	459	50	0	500	500	500	500	500	30	
2.6899838693e+02	395	4	26	8	49	451	50	0	500	500	500	500	500	30	
2.6949968062e+02	394	7	25	9	42	458	50	0	500	500	500	500	500	30	
2.6999710819e+02	394	10	23	11	47	453	50	0	500	500	500	500	500	30	
2.7049593541e+02	395	10	26	9	47	453	50	0	500	500	500	500	500	30	
2.7099979766e+02	397	7	27	8	51	449	50	0	500	500	500	500	500	30	
2.7149490781e+02	396	8	28	7	40	460	50	0	500	500	500	500	500	30	
2.7198936249e+02	393	11	27	8	54	446	50	0	500	500	500	500	500	30	
2.7249199024e+02	396	7	25	9	51	449	50	0	500	500	500	500	500	30	
2.7299870080e+02	395	9	27	7	39	461	50	0	500	500	500	500	500	30	
2.7349941202e+02	395	9	25	9	27	473	50	0	500	500	500	500	500	30	
2.7399971278e+02	395	8	27	7	38	462	50	0	500	500	500	500	500	30	
2.7449763085e+02	393	11	29	6	47	453	50	0	500	500	500	500	500	30	
2.7499822028e+02	397	9	28	7	41	459	50	0	500	500	500	500	500	30	
2.7549997698e+02	399	6	26	10	43	457	50	0	500	500	500	500	500	30	
2.7599993761e+02	398	7	28	9	54	446	50	0	500	500	500	500	500	30	
2.7649617984e+02	398	8	27	10	55	445	50	0	500	500	500	500	500	30	
2.7699851226e+02	398	8	28	9	47	453	50	0	500	500	500	500	500	30	
2.7749996771e+02	398	7	31	6	44	456	50	0	500	500	500	500	500	30	
2.7799564085e+02	397	8	30	8	29	471	50	0	500	500	500	500	500	30	
2.7849883052e+02	398	10	25	12	47	453	50	0	500	500	500	500	500	30	
2.7899959634e+02	401	7	24	13	44	456	50	0	500	500	500	500	500	30	
2.7949973111e+02	403	3	29	8	56	444	50	0	500	500	500	500	500	30	
2.7999637613e+02	403	2	30	8	38	462	50	0	500	500	500	500	500	30	
2.8049467523e+02	404	2	31	6	55	445	50	0	500	500	500	500	500	30	
2.8099859184e+02	403	4	24	13	50	450	50	0	500	500	500	500	500	30	
2.8149575929e+02	403	7	31	6	47	453	50	0	500	500	500	500	500	30	
2.8199609138e+02	403	7	35	2	48	452	50	0	500	500	500	500	500	30	
2.8249923209e+02	405	5	30	7	44	456	50	0	500	500	500	500	500	30	
2.8299891760e+02	405	6	26	9	33	467	50	0	500	500	500	500	500	30	
2.8349745614e+02	407	7	25	10	30	470	50	0	500	500	500	500	500	30	
2.8399684655e+02	406	8	29	6	33	467	50	0	500	500	500	500	500	30	
2.8449980670e+02	402	11	30	5	39	461	50	0	500	500	500	500	500	30	
2.8499737962e+02	405	9	29	6	30	470	50	0	500	500	500	500	500	30	
2.8549949021e+02	408	8	24	10	47	453	50	0	500	500	500	500	500	30	
2.8599943791e+02	408	8	28	6	57	443	50	0	500	500	500	500	500	30	
2.8649979910e+02	409	8	28	6	62	438	50	0	500	500	500	500	500	30	
2.8699846280e+02	410	7	28	6	44	456	50	0	500	500	500	500	500	30	
2.8749888844e+02	410	8	28	6	61	439	50	0	500	500	500	500	500	30	
2.8799779631e+02	412	6	30	5	34	466	50	0	500	500	500	500	500	30	
2.8849794708e+02	413	5	29	6	40	460	50	0	500	500	500	500	500	30	
2.8899855138e+02	417	4	28	8	41	459	50	0	500	500	500	500	500	30	
2.8949965558e+02	416	5	22	14	34	466	50	0	500	500	500	500	500	30	
2.8999937194e+02	417	5	27	10	48	452	50	0	500	500	500	500	500	30	
2.9049883500e+02	416	5	28	9	35	465	50	0	500	500	500	500	500	30	
2.9099980731e+02	416	5	31	6	46	454	50	0	500	500	500	500	500	30	
2.9149820110e+02	415	8	26	11	41	459	50	0	500	500	500	500	500	30	
2.9199968954e+02	416	7	24	13	53	447	50	0	500	500	500	500	500	30	
2.9249435610e+02	416	6	26	11	44	456	50	0	500	500	500	500	500	30	
2.9299952273e+02	415	6	24	14	47	453	50	0	500	500	500	500	500	30	
2.9349904395e+02	412	9	28	11	35	465	50	0	500	500	500	500	500	30	
2.9399709301e+02	414	7	33	7	30	470	50	0	500	500	500	500	500	30	
2.9449603045e+02	415	5	29	8	51	449	50	0	500	500	500	500	500	30	
2.9499729002e+02	417	5	27	10	41	459	50	0	500	500	500	500	500	30	
2.9549945932e+02	413	10	24	13	51	449	50	0	500	500	500	500	500	30	
2.9599738758e+02	414	9	27	10	33	467	50	0	500	500	500	500	500	30	
2.9649971929e+02	415	8	26	11	33	467	50	0	500	500	500	500	500	30	
2.9699928387e+02	417	6	28	8	30	470	50	0	500	500	500	500	500	30	
2.9749829911e+02	415	7	24	11	37	463	50	0	500	500	500	500	500	30	
2.9799845340e+02	415	8	26	9	53	447	50	0	500	500	500	500	500	30	
2.9849715862e+02	416	8	20	15	46	454	50	0	500	500	500	500	500	30	
2.9899910544e+02	418	8	27	7	33	467	50	0	500	500	500	500	500	30	
2.9949950318e+02	421	6	29	5	45	455	50	0	500	500	500	500	500	30	
2.9999775966e+02	419	7	29	5	52	448	50	0	500	500	500	500	500	30	
3.0049883026e+02	419	7	27	7	29	471	50	0	500	500	500	500	500	30	
3.0099880596e+02	418	7	23	10	45	455	50	0	500	500	500	500	500	30	
3.0149324142e+02	421	6	30	4	54	446	50	0	500	500	500	500	500	30	
3.0199750327e+02	422	7	28	6	40	460	50	0	500	500	500	500	500	30	
3.0249915284e+02	421	7	27	7	33	467	50	0	500	500	500	500	500	30	
3.0299911774e+02	422	6	26	8	45	455	50	0	500	500	500	500	500	30	
3.0349618189e+02	423	6	26	8	40	460	50	0	500	500	500	500	500	30	
3.0399838350e+02	425	4	25	9	38	462	50	0	500	500	500	500	500	30	
3.0449976505e+02	427	4	26	8	34	466	50	0	500	500	500	500	500	30	
3.0499939110e+02	428	3	30	4	33	467	50	0	500	500	500	500	500	30	
3.0549995833e+02	429	2	29	5	32	468	50	0	500	500	500	500	500	30	
3.0599977478e+02	429	3	26	8	41	459	50	0	500	500	500	500	500	30	
3.0649899493e+02	429	5	25	9	35	465	50	0	500	500	500	500	500	30	
3.0699903995e+02	428	6	26	8	29	471	50	0	500	500	500	500	500	30	
3.0749617388e+02	428	8	26	8	39	461	50	0	500	500	500	500	500	30	
3.0799791026e+02	430	7	30	4	50	450	50	0	500	500	500	500	500	30	
3.0849397218e+02	433	5	28	6	36	464	50	0	500	500	500	500	500	30	
3.0899990218e+02	433	6	28	5	37	463	50	0	500	500	500	500	500	30	
3.0949941888e+02	432	6	27	6	42	458	50	0	500	500	500	500	500	30	
3.0999735739e+02	434	4	21	12	32	468	50	0	500	500	500	500	500	30	
3.1049972485e+02	436	3	25	8	32	468	50	0	500	500	500	500	500	30	
3.1099737705e+02	433	7	25	6	33	467	50	0	500	500	500	500	500	30	
3.1149430511e+02	431	10	23	7	46	454	50	0	500	500	500	500	500	30	
3.1199908554e+02	434	9	23	8	40	460	50	0	500	500	500	500	500	30	
3.1249920110e+02	433	13	20	11	60	440	50	0	500	500	500	500	500	30	
3.1299932578e+02	435	13	22	9	45	455	50	0	500	500	500	500	500	30	
3.1349034094e+02	436	11	24	7	31	469	50	0	500	500	500	500	500	30	
3.1399740370e+02	436	14	22	9	30	470	50	0	500	500	500	500	500	30	
3.1449604447e+02	440	8	24	7	30	470	50	0	500	500	500	500	500	30	
3.1499926827e+02	441	7	27	4	64	436	50	0	500	500	500	500	500	30	
3.1549698116e+02	442	6	25	7	58	442	50	0	500	500	500	500	500	30	
3.1599662183e+02	444	4	23	9	57	443	50	0	500	500	500	500	500	30	
3.1649937140e+02	444	4	26	6	45	455	50	0	500	500	500	500	500	30	
3.1699874286e+02	442	4	23	9	33	467	50	0	500	500	500	500	500	30	
3.1749190164e+02	441	5	24	7	49	451	50	0	500	500	500	500	500	30	
3.1799958211e+02	442	4	28	2	40	460	50	0	500	500	500	500	500	30	
3.1849927193e+02	445	3	26	5	38	462	50	0	500	500	500	500	500	30	
3.1899937394e+02	448	3	25	7	47	453	50	0	500	500	500	500	500	30	
3.1949685635e+02	446	7	25	7	31	469	50	0	500	500	500	500	500	30	
3.1999516389e+02	448	5	26	7	49	451	50	0	500	500	500	500	500	30	
3.2049938182e+02	446	6	26	6	25	475	50	0	500	500	500	500	500	30	
3.2099997463e+02	447	6	19	13	34	466	50	0	500	500	500	500	500	30	
3.2149885194e+02	449	3	26	6	37	463	50	0	500	500	500	500	500	30	
3.2199862180e+02	448	6	25	7	33	467	50	0	500	500	500	500	500	30	
3.2249993798e+02	448	6	23	8	47	453	50	0	500	500	500	500	500	30	
3.2299885344e+02	451	4	29	2	37	463	50	0	500	500	500	500	500	30	
3.2349467920e+02	451	4	25	6	33	467	50	0	500	500	500	500	500	30	
3.2399861972e+02	452	2	25	6	43	457	50	0	500	500	500	500	500	30	
3.2449844285e+02	451	3	25	6	42	458	50	0	500	500	500	500	500	30	
3.2498879836e+02	452	3	27	2	41	459	50	0	500	500	500	500	500	30	
3.2549987088e+02	451	5	22	7	50	450	50	0	500	500	500	500	500	30	
3.2599871455e+02	451	5	23	6	37	463	50	0	500	500	500	500	500	30	
3.2649452110e+02	451	6	25	4	38	462	50	0	500	500	500	500	500	30	
3.2699938955e+02	454	4	23	6	41	459	50	0	500	500	500	500	500	30	
3.2749977117e+02	455	6	24	4	38	462	50	0	500	500	500	500	500	30	
3.2799964813e+02	457	5	25	3	46	454	50	0	500	500	500	500	500	30	
3.2849954198e+02	459	4	25	3	40	460	50	0	500	500	500	500	500	30	
3.2899786147e+02	460	3	22	6	44	456	50	0	500	500	500	500	500	30	
3.2949914052e+02	459	5	21	8	52	448	50	0	500	500	500	500	500	30	
3.2999986004e+02	459	5	19	10	35	465	50	0	500	500	500	500	500	30	
3.3049992300e+02	457	4	22	7	30	470	50	0	500	500	500	500	500	30	
3.3099961310e+02	458	3	26	4	40	460	50	0	500	500	500	500	500	30	
3.3148914775e+02	459	3	27	3	48	452	50	0	500	500	500	500	500	30	
3.3199740119e+02	459	3	27	4	34	466	50	0	500	500	500	500	500	30	
3.3249977663e+02	458	5	29	3	44	456	50	0	500	500	500	500	500	30	
3.3299943153e+02	458	6	25	9	55	445	50	0	500	500	500	500	500	30	
3.3349968466e+02	459	5	23	12	61	439	50	0	500	500	500	500	500	30	
3.3399977659e+02	457	7	28	6	51	449	50	0	500	500	500	500	500	30	
3.3449604167e+02	459	7	27	7	52	448	50	0	500	500	500	500	500	30	
3.3499984544e+02	459	8	24	10	47	453	50	0	500	500	500	500	500	30	
3.3549986300e+02	459	7	21	14	50	450	50	0	500	500	500	500	500	30	
3.3599982202e+02	461	5	25	10	33	467	50	0	500	500	500	500	500	30	
3.3649976786e+02	462	4	23	12	38	462	50	0	500	500	500	500	500	30	
3.3699735602e+02	462	3	30	6	43	457	50	0	500	500	500	500	500	30	
3.3749864696e+02	463	2	31	5	46	454	50	0	500	500	500	500	500	30	
3.3799957807e+02	463	2	26	10	43	457	50	0	500	500	500	500	500	30	
3.3849988749e+02	460	4	28	7	42	458	50	0	500	500	500	500	500	30	
3.3899905959e+02	459	6	24	11	46	454	50	0	500	500	500	500	500	30	
3.3949841809e+02	459	6	28	7	30	470	50	0	500	500	500	500	500	30	
3.3999973450e+02	460	7	29	5	33	467	50	0	500	500	500	500	500	30	
3.4049909141e+02	460	6	26	8	40	460	50	0	500	500	500	500	500	30	
3.4099853556e+02	461	6	27	7	55	445	50	0	500	500	500	500	500	30	
3.4149970602e+02	460	7	25	10	46	454	50	0	500	500	500	500	500	30	
3.4199989015e+02	460	6	27	8	42	458	50	0	500	500	500	500	500	30	
3.4249846668e+02	459	7	27	8	39	461	50	0	500	500	500	500	500	30	
3.4299998129e+02	457	8	22	13	49	451	50	0	500	500	500	500	500	30	
3.4349915366e+02	461	8	26	9	43	457	50	0	500	500	500	500	500	30	
3.4399997839e+02	460	10	24	11	38	462	50	0	500	500	500	500	500	30	
3.4449657635e+02	461	9	26	9	36	464	50	0	500	500	500	500	500	30	
3.4499854690e+02	463	8	24	11	46	454	50	0	500	500	500	500	500	30	
3.4549998825e+02	460	12	28	7	39	461	50	0	500	500	500	500	500	30	
3.4599895729e+02	461	11	29	6	50	450	50	0	500	500	500	500	500	30	
3.4649521125e+02	460	11	25	10	31	469	50	0	500	500	500	500	500	30	
3.4699857741e+02	462	9	25	10	45	455	50	0	500	500	500	500	500	30	
3.4749543967e+02	459	13	23	12	30	470	50	0	500	500	500	500	500	30	
3.4799461379e+02	462	11	23	12	26	474	50	0	500	500	500	500	500	30	
3.4849998584e+02	463	10	26	9	32	468	50	0	500	500	500	500	500	30	
3.4899918434e+02	466	6	26	9	47	453	50	0	500	500	500	500	500	30	
3.4949972353e+02	467	7	26	9	42	458	50	0	500	500	500	500	500	30	
3.4999944772e+02	469	7	27	7	45	455	50	0	500	500	500	500	500	30	
3.5049984284e+02	468	8	24	11	31	469	50	0	500	500	500	500	500	30	
3.5099734751e+02	468	9	27	8	41	459	50	0	500	500	500	500	500	30	
3.5149663917e+02	469	8	27	8	49	451	50	0	500	500	500	500	500	30	
3.5199907776e+02	470	8	27	8	60	440	50	0	500	500	500	500	500	30	
3.5249622059e+02	470	11	26	8	60	440	50	0	500	500	500	500	500	30	
3.5299979851e+02	470	12	19	16	31	469	50	0	500	500	500	500	500	30	
3.5348444785e+02	470	15	22	13	49	451	50	0	500	500	500	500	500	30	
3.5399908359e+02	473	14	28	7	40	460	50	0	500	500	500	500	500	30	
3.5448531458e+02	478	8	27	8	47	453	50	0	500	500	500	500	500	30	
3.5499601811e+02	479	5	27	8	44	456	50	0	500	500	500	500	500	30	
3.5549953588e+02	480	4	23	11	40	460	50	0	500	500	500	500	500	30	
3.5599649603e+02	482	4	31	4	46	454	50	0	500	500	500	500	500	30	
3.5649931913e+02	485	3	27	8	54	446	50	0	500	500	500	500	500	30	
3.5699440752e+02	483	8	24	11	36	464	50	0	500	500	500	500	500	30	
3.5749706663e+02	485	7	25	12	49	451	50	0	500	500	500	500	500	30	
3.5799807168e+02	488	4	28	9	49	451	50	0	500	500	500	500	500	30	
3.5849969499e+02	487	8	28	9	40	460	50	0	500	500	500	500	500	30	
3.5899986740e+02	488	9	34	3	42	458	50	0	500	500	500	500	500	30	
3.5949674321e+02	491	6	28	9	38	462	50	0	500	500	500	500	500	30	
3.5999726955e+02	492	5	28	9	50	450	50	0	500	500	500	500	500	30	
3.6049680114e+02	493	5	23	15	42	458	50	0	500	500	500	500	500	30	
3.6099847475e+02	492	6	27	12	49	451	50	0	500	500	500	500	500	30	
3.6149990813e+02	492	8	32	7	44	456	50	0	500	500	500	500	500	30	
3.6199758643e+02	494	6	32	7	62	438	50	0	500	500	500	500	500	30	
3.6249981181e+02	496	4	32	7	47	453	50	0	500	500	500	500	500	30	
3.6299957727e+02	497	3	30	9	62	438	50	0	500	500	500	500	500	30	
3.6349832954e+02	497	6	32	7	50	450	50	0	500	500	500	500	500	30	
3.6399979551e+02	496	8	33	6	41	459	50	0	500	500	500	500	500	30	
3.6449921919e+02	501	5	35	4	47	453	50	0	500	500	500	500	500	30	
3.6499938278e+02	503	4	34	5	46	454	50	0	500	500	500	500	500	30	
3.6549961902e+02	502	4	32	7	66	434	50	0	500	500	500	500	500	30	
3.6599871504e+02	503	3	29	10	55	445	50	0	500	500	500	500	500	30	
3.6649840376e+02	501	7	33	6	57	443	50	0	500	500	500	500	500	30	
3.6699877220e+02	503	6	28	11	50	450	50	0	500	500	500	500	500	30	
3.6749687232e+02	505	7	31	9	40	460	50	0	500	500	500	500	500	30	
3.6799857719e+02	507	4	29	10	45	455	50	0	500	500	500	500	500	30	
3.6849787375e+02	508	3	28	11	39	461	50	0	500	500	500	500	500	30	
3.6899919261e+02	507	4	29	10	52	448	50	0	500	500	500	500	500	30	
3.6949770874e+02	507	6	32	7	36	464	50	0	500	500	500	500	500	30	
3.6999911466e+02	507	7	25	14	54	446	50	0	500	500	500	500	500	30	
3.7049786823e+02	507	8	27	12	40	460	50	0	500	500	500	500	500	30	
3.7099936409e+02	507	10	24	15	50	450	50	0	500	500	500	500	500	30	
3.7149976160e+02	511	6	23	15	35	465	50	0	500	500	500	500	500	30	
3.7199971999e+02	512	6	25	13	40	460	50	0	500	500	500	500	500	30	
3.7249633099e+02	514	4	29	9	41	459	50	0	500	500	500	500	500	30	
3.7299985653e+02	513	6	24	14	46	454	50	0	500	500	500	500	500	30	
3.7349227973e+02	514	6	28	10	38	462	50	0	500	500	500	500	500	30	
3.7399200549e+02	515	5	33	5	31	469	50	0	500	500	500	500	500	30	
3.7449808949e+02	513	6	25	13	30	470	50	0	500	500	500	500	500	30	
3.7499796180e+02	513	6	32	6	46	454	50	0	500	500	500	500	500	30	
3.7549637864e+02	514	6	27	11	41	459	50	0	500	500	500	500	500	30	
3.7599984527e+02	515	7	26	12	51	449	50	0	500	500	500	500	500	30	
3.7649417778e+02	514	11	31	7	53	447	50	0	500	500	500	500	500	30	
3.7699939182e+02	512	11	25	13	43	457	50	0	500	500	500	500	500	30	
3.7749971328e+02	512	11	28	11	52	448	50	0	500	500	500	500	500	30	
3.7799827631e+02	512	13	32	6	38	462	50	0	500	500	500	500	500	30	
3.7849791998e+02	515	8	34	5	33	467	50	0	500	500	500	500	500	30	
3.7899926656e+02	515	8	32	6	39	461	50	0	500	500	500	500	500	30	
3.7949893620e+02	515	12	28	10	47	453	50	0	500	500	500	500	500	30	
3.7999798253e+02	514	15	28	11	46	454	50	0	500	500	500	500	500	30	
3.8049748585e+02	518	11	30	9	44	456	50	0	500	500	500	500	500	30	
3.8099826775e+02	523	7	30	9	60	440	50	0	500	500	500	500	500	30	
3.8149653432e+02	522	7	28	12	42	458	50	0	500	500	500	500	500	30	
3.8199454716e+02	526	4	34	5	41	459	50	0	500	500	500	500	500	30	
3.8249629091e+02	524	5	35	5	48	452	50	0	500	500	500	500	500	30	
3.8299893967e+02	524	4	29	11	45	455	50	0	500	500	500	500	500	30	
3.8349959508e+02	521	4	29	9	27	473	50	0	500	500	500	500	500	30	
3.8399863190e+02	520	4	32	7	42	458	50	0	500	500	500	500	500	30	
3.8449726074e+02	519	4	28	11	51	449	50	0	500	500	500	500	500	30	
3.8499951867e+02	520	4	28	11	41	459	50	0	500	500	500	500	500	30	
3.8549787374e+02	519	5	28	11	37	463	50	0	500	500	500	500	500	30	
3.8599945896e+02	521	4	30	9	43	457	50	0	500	500	500	500	500	30	
3.8649895853e+02	520	6	31	8	44	456	50	0	500	500	500	500	500	30	
3.8699985295e+02	519	7	29	10	48	452	50	0	500	500	500	500	500	30	
3.8749788353e+02	522	4	25	12	46	454	50	0	500	500	500	500	500	30	
3.8799808252e+02	523	3	28	10	31	469	50	0	500	500	500	500	500	30	
3.8849795133e+02	521	4	35	3	39	461	50	0	500	500	500	500	500	30	
3.8899737602e+02	520	5	33	5	45	455	50	0	500	500	500	500	500	30	
3.8949834142e+02	521	5	30	10	47	453	50	0	500	500	500	500	500	30	
3.8999884558e+02	520	6	30	10	44	456	50	0	500	500	500	500	500	30	
3.9049709091e+02	519	8	27	13	47	453	50	0	500	500	500	500	500	30	
3.9099299095e+02	517	10	28	12	45	455	50	0	500	500	500	500	500	30	
3.9149991982e+02	515	11	35	6	31	469	50	0	500	500	500	500	500	30	
3.9199814414e+02	519	8	32	8	59	441	50	0	500	500	500	500	500	30	
3.9249899325e+02	522	6	29	10	44	456	50	0	500	500	500	500	500	30	
3.9299888035e+02	525	5	34	5	38	462	50	0	500	500	500	500	500	30	
3.9349982163e+02	528	3	27	12	43	457	50	0	500	500	500	500	500	30	
3.9399916214e+02	526	6	26	13	35	465	50	0	500	500	500	500	500	30	
3.9449822866e+02	524	6	29	11	36	464	50	0	500	500	500	500	500	30	
3.9499995148e+02	524	8	34	6	54	446	50	0	500	500	500	500	500	30	
3.9549998954e+02	524	9	34	6	54	446	50	0	500	500	500	500	500	30	
3.9599696885e+02	523	11	34	7	35	465	50	0	500	500	500	500	500	30	
3.9649082710e+02	521	12	35	6	43	457	50	0	500	500	500	500	500	30	
3.9699882090e+02	524	12	35	6	37	463	50	0	500	500	500	500	500	30	
3.9749193512e+02	525	10	32	9	47	453	50	0	500	500	500	500	500	30	
3.9799862880e+02	530	6	32	9	31	469	50	0	500	500	500	500	500	30	
3.9849697658e+02	531	7	33	8	44	456	50	0	500	500	500	500	500	30	
3.9899950257e+02	531	8	30	11	49	451	50	0	500	500	500	500	500	30	
3.9949732516e+02	531	6	33	8	43	457	50	0	500	500	500	500	500	30	
3.9999331503e+02	531	6	30	12	52	448	50	0	500	500	500	500	500	30	
4.0049984118e+02	531	6	31	11	50	450	50	0	500	500	500	500	500	30	
4.0099848468e+02	530	9	34	10	59	441	50	0	500	500	500	500	500	30	
4.0149538351e+02	534	6	38	7	60	440	50	0	500	500	500	500	500	30	
4.0199953592e+02	536	5	34	11	55	445	50	0	500	500	500	500	500	30	
4.0249906226e+02	534	7	30	14	44	456	50	0	500	500	500	500	500	30	
4.0299969802e+02	531	10	32	12	46	454	50	0	500	500	500	500	500	30	
4.0349748633e+02	533	8	34	12	54	446	50	0	500	500	500	500	500	30	
4.0399994514e+02	535	7	32	15	41	459	50	0	500	500	500	500	500	30	
4.0449805208e+02	532	9	42	6	30	470	50	0	500	500	500	500	500	30	
4.0499950014e+02	532	11	41	7	41	459	50	0	500	500	500	500	500	30	
4.0549862961e+02	534	11	38	9	40	460	50	0	500	500	500	500	500	30	
4.0599973250e+02	536	10	35	12	30	470	50	0	500	500	500	500	500	30	
4.0649351416e+02	535	12	31	17	43	457	50	0	500	500	500	500	500	30	
4.0699886350e+02	537	12	36	11	55	445	50	0	500	500	500	500	500	30	
4.0749929621e+02	538	10	35	12	43	457	50	0	500	500	500	500	500	30	
4.0799256785e+02	539	10	36	11	46	454	50	0	500	500	500	500	500	30	
4.0849712350e+02	539	9	30	18	39	461	50	0	500	500	500	500	500	30	
4.0899995590e+02	541	9	44	4	51	449	50	0	500	500	500	500	500	30	
4.0949659942e+02	545	6	41	8	51	449	50	0	500	500	500	500	500	30	
4.0999688522e+02	544	6	36	13	41	459	50	0	500	500	500	500	500	30	
4.1049902893e+02	546	4	40	8	34	466	50	0	500	500	500	500	500	30	
4.1099528811e+02	546	5	37	11	45	455	50	0	500	500	500	500	500	30	
4.1149693979e+02	547	4	36	12	46	454	50	0	500	500	500	500	500	30	
4.1199511145e+02	546	4	39	9	36	464	50	0	500	500	500	500	500	30	
4.1249953403e+02	545	6	34	14	30	470	50	0	500	500	500	500	500	30	
4.1299364733e+02	545	6	30	18	51	449	50	0	500	500	500	500	500	30	
4.1349865149e+02	545	6	33	15	31	469	50	0	500	500	500	500	500	30	
4.1399956130e+02	544	6	36	13	39	461	50	0	500	500	500	500	500	30	
4.1449791438e+02	545	6	38	11	37	463	50	0	500	500	500	500	500	30	
4.1499972829e+02	544	7	37	12	35	465	50	0	500	500	500	500	500	30	
4.1549953070e+02	541	8	38	10	46	454	50	0	500	500	500	500	500	30	
4.1599978835e+02	543	4	37	11	31	469	50	0	500	500	500	500	500	30	
4.1649709563e+02	543	5	35	13	42	458	50	0	500	500	500	500	500	30	
4.1699565481e+02	542	6	39	10	45	455	50	0	500	500	500	500	500	30	
4.1749833129e+02	544	5	40	10	40	460	50	0	500	500	500	500	500	30	
4.1799426245e+02	547	2	43	7	43	457	50	0	500	500	500	500	500	30	
4.1849995842e+02	548	3	45	6	53	447	50	0	500	500	500	500	500	30	
4.1899520429e+02	546	6	40	10	34	466	50	0	500	500	500	500	500	30	
4.1949417473e+02	547	7	33	16	41	459	50	0	500	500	500	500	500	30	
4.1999989592e+02	547	6	34	16	48	452	50	0	500	500	500	500	500	30	
4.2049994221e+02	549	5	38	11	49	451	50	0	500	500	500	500	500	30	
4.2099960915e+02	550	5	42	7	54	446	50	0	500	500	500	500	500	30	
4.2149887855e+02	551	4	44	5	40	460	50	0	500	500	500	500	500	30	
4.2199929508e+02	552	4	37	12	46	454	50	0	500	500	500	500	500	30	
4.2249795863e+02	551	5	33	16	63	437	50	0	500	500	500	500	500	30	
4.2299513894e+02	555	1	39	8	39	461	50	0	500	500	500	500	500	30	
4.2349659364e+02	555	2	36	11	42	458	50	0	500	500	500	500	500	30	
4.2399984088e+02	553	3	35	12	48	452	50	0	500	500	500	500	500	30	
4.2449867973e+02	551	5	41	6	35	465	50	0	500	500	500	500	500	30	
4.2499985582e+02	549	7	41	6	36	464	50	0	500	500	500	500	500	30	
4.2549957323e+02	551	5	43	5	36	464	50	0	500	500	500	500	500	30	
4.2599825441e+02	549	11	35	13	39	461	50	0	500	500	500	500	500	30	
4.2649723861e+02	550	9	40	8	38	462	50	0	500	500	500	500	500	30	
4.2699641824e+02	553	5	39	9	45	455	50	0	500	500	500	500	500	30	
4.2749400600e+02	554	6	37	11	41	459	50	0	500	500	500	500	500	30	
4.2799893248e+02	553	5	40	8	34	466	50	0	500	500	500	500	500	30	
4.2849763850e+02	550	9	35	14	47	453	50	0	500	500	500	500	500	30	
4.2899545759e+02	549	10	36	13	39	461	50	0	500	500	500	500	500	30	
4.2949833005e+02	550	9	42	7	49	451	50	0	500	500	500	500	500	30	
4.2999332762e+02	549	9	41	8	34	466	50	0	500	500	500	500	500	30	
4.3049881181e+02	549	10	40	9	52	448	50	0	500	500	500	500	500	30	
4.3099594598e+02	554	7	41	9	48	452	50	0	500	500	500	500	500	30	
4.3149903628e+02	555	6	39	12	55	445	50	0	500	500	500	500	500	30	
4.3199956671e+02	555	8	44	8	53	447	50	0	500	500	500	500	500	30	
4.3249962236e+02	556	7	39	13	43	457	50	0	500	500	500	500	500	30	
4.3299744860e+02	557	6	39	12	46	454	50	0	500	500	500	500	500	30	
4.3349772587e+02	557	7	43	9	45	455	50	0	500	500	500	500	500	30	
4.3399979393e+02	555	8	43	8	48	452	50	0	500	500	500	500	500	30	
4.3449071814e+02	558	5	40	11	43	457	50	0	500	500	500	500	500	30	
4.3499945122e+02	556	6	36	15	48	452	50	0	500	500	500	500	500	30	
4.3549837459e+02	557	6	44	6	39	461	50	0	500	500	500	500	500	30	
4.3599871038e+02	558	6	42	9	57	443	50	0	500	500	500	500	500	30	
4.3649952698e+02	555	7	40	11	36	464	50	0	500	500	500	500	500	30	
4.3699901406e+02	555	6	44	8	43	457	50	0	500	500	500	500	500	30	
4.3749941422e+02	556	7	39	12	42	458	50	0	500	500	500	500	500	30	
4.3799612274e+02	556	8	40	11	60	440	50	0	500	500	500	500	500	30	
4.3849732188e+02	557	7	39	12	40	460	50	0	500	500	500	500	500	30	
4.3899636196e+02	556	8	34	18	45	455	50	0	500	500	500	500	500	30	
4.3949690684e+02	557	6	41	11	33	467	50	0	500	500	500	500	500	30	
4.3999614615e+02	558	3	34	18	37	463	50	0	500	500	500	500	500	30	
4.4049503672e+02	560	3	34	18	32	468	50	0	500	500	500	500	500	30	
4.4099590213e+02	560	2	41	11	44	456	50	0	500	500	500	500	500	30	
4.4149716166e+02	561	1	41	11	52	448	50	0	500	500	500	500	500	30	
4.4199595112e+02	561	2	44	8	29	471	50	0	500	500	500	500	500	30	
4.4249984227e+02	562	2	48	3	42	458	50	0	500	500	500	500	500	30	
4.4299663822e+02	561	3	42	8	59	441	50	0	500	500	500	500	500	30	
4.4349534236e+02	558	5	44	8	41	459	50	0	500	500	500	500	500	30	
4.4399277163e+02	559	4	45	8	65	435	50	0	500	500	500	500	500	30	
4.4449172686e+02	558	5	40	13	41	459	50	0	500	500	500	500	500	30	
4.4499954032e+02	558	4	39	14	42	458	50	0	500	500	500	500	500	30	
4.4549910253e+02	556	5	42	11	38	462	50	0	500	500	500	500	500	30	
4.4599808222e+02	557	5	44	10	52	448	50	0	500	500	500	500	500	30	
4.4649780419e+02	557	4	47	7	46	454	50	0	500	500	500	500	500	30	
4.4699918608e+02	556	5	40	14	41	459	50	0	500	500	500	500	500	30	
4.4749843189e+02	555	7	44	10	46	454	50	0	500	500	500	500	500	30	
4.4799877272e+02	558	5	42	12	55	445	50	0	500	500	500	500	500	30	
4.4849762998e+02	561	2	42	11	24	476	50	0	500	500	500	500	500	30	
4.4899736345e+02	558	5	44	8	38	462	50	0	500	500	500	500	500	30	
4.4949924035e+02	560	3	38	15	34	466	50	0	500	500	500	500	500	30	
4.4999924027e+02	557	6	47	6	44	456	50	0	500	500	500	500	500	30	
4.5049941085e+02	559	5	45	8	45	455	50	0	500	500	500	500	500	30	
4.5099659924e+02	562	3	48	5	48	452	50	0	500	500	500	500	500	30	
4.5149767111e+02	560	5	47	6	40	460	50	0	500	500	500	500	500	30	
4.5199987086e+02	559	5	42	12	41	459	50	0	500	500	500	500	500	30	
4.5249851514e+02	557	7	40	14	32	468	50	0	500	500	500	500	500	30	
4.5299736857e+02	556	8	44	10	40	460	50	0	500	500	500	500	500	30	
4.5349241293e+02	558	7	38	15	37	463	50	0	500	500	500	500	500	30	
4.5399858020e+02	558	7	38	15	42	458	50	0	500	500	500	500	500	30	
4.5449704798e+02	561	4	38	15	50	450	50	0	500	500	500	500	500	30	
4.5499820269e+02	562	3	39	14	47	453	50	0	500	500	500	500	500	30	
4.5549902169e+02	562	1	47	8	48	452	50	0	500	500	500	500	500	30	
4.5599824195e+02	558	5	45	10	47	453	50	0	500	500	500	500	500	30	
4.5649973306e+02	561	3	48	7	62	438	50	0	500	500	500	500	500	30	
4.5699219749e+02	561	3	46	9	52	448	50	0	500	500	500	500	500	30	
4.5749814396e+02	560	5	42	13	33	467	50	0	500	500	500	500	500	30	
4.5799982614e+02	556	9	46	11	46	454	50	0	500	500	500	500	500	30	
4.5849765518e+02	557	10	43	13	56	444	50	0	500	500	500	500	500	30	
4.5899797058e+02	557	12	47	10	56	444	50	0	500	500	500	500	500	30	
4.5949983292e+02	561	8	40	17	69	431	50	0	500	500	500	500	500	30	
4.5999974037e+02	560	8	38	19	47	453	50	0	500	500	500	500	500	30	
4.6049990590e+02	562	7	48	8	47	453	50	0	500	500	500	500	500	30	
4.6099938196e+02	561	7	47	9	38	462	50	0	500	500	500	500	500	30	
4.6149967484e+02	558	8	45	11	45	455	50	0	500	500	500	500	500	30	
4.6199923529e+02	556	9	51	5	50	450	50	0	500	500	500	500	500	30	
4.6249817570e+02	556	9	43	12	27	473	50	0	500	500	500	500	500	30	
4.6299902723e+02	557	9	45	10	62	438	50	0	500	500	500	500	500	30	
4.6349755686e+02	554	11	43	12	48	452	50	0	500	500	500	500	500	30	
4.6399775704e+02	560	6	49	6	47	453	50	0	500	500	500	500	500	30	
4.6449841071e+02	560	5	49	7	38	462	50	0	500	500	500	500	500	30	
4.6499858402e+02	561	4	53	4	57	443	50	0	500	500	500	500	500	30	
4.6549995500e+02	563	2	48	9	45	455	50	0	500	500	500	500	500	30	
4.6599757662e+02	560	6	44	13	42	458	50	0	500	500	500	500	500	30	
4.6649783866e+02	563	3	45	12	42	458	50	0	500	500	500	500	500	30	
4.6699866774e+02	565	0	41	16	46	454	50	0	500	500	500	500	500	30	
4.6749796741e+02	563	2	41	17	31	469	50	0	500	500	500	500	500	30	
4.6799488880e+02	564	2	47	12	32	468	50	0	500	500	500	500	500	30	
4.6849952513e+02	559	4	46	13	33	467	50	0	500	500	500	500	500	30	
4.6899746729e+02	560	5	43	16	43	457	50	0	500	500	500	500	500	30	
4.6949859771e+02	560	5	44	16	44	456	50	0	500	500	500	500	500	30	
4.6999994201e+02	560	5	49	10	48	452	50	0	500	500	500	500	500	30	
4.7049315758e+02	563	5	48	12	37	463	50	0	500	500	500	500	500	30	
4.7099582928e+02	563	6	47	13	41	459	50	0	500	500	500	500	500	30	
4.7149830630e+02	561	9	52	9	48	452	50	0	500	500	500	500	500	30	
4.7199635482e+02	563	8	44	18	39	461	50	0	500	500	500	500	500	30	
4.7249867273e+02	563	9	44	19	29	471	50	0	500	500	500	500	500	30	
4.7299944904e+02	565	8	52	12	38	462	50	0	500	500	500	500	500	30	
4.7349991606e+02	565	8	57	7	51	449	50	0	500	500	500	500	500	30	
4.7399961313e+02	566	6	57	7	51	449	50	0	500	500	500	500	500	30	
4.7449913568e+02	567	3	50	14	42	458	50	0	500	500	500	500	500	30	
4.7499572888e+02	564	6	45	19	32	468	50	0	500	500	500	500	500	30	
4.7549453241e+02	565	5	46	17	43	457	50	0	500	500	500	500	500	30	
4.7599917935e+02	566	5	48	16	44	456	50	0	500	500	500	500	500	30	
4.7649754518e+02	566	8	49	15	53	447	50	0	500	500	500	500	500	30	
4.7699828810e+02	565	10	47	17	49	451	50	0	500	500	500	500	500	30	
4.7749860584e+02	570	6	50	14	47	453	50	0	500	500	500	500	500	30	
4.7799800887e+02	572	6	45	18	53	447	50	0	500	500	500	500	500	30	
4.7849903136e+02	571	5	48	14	38	462	50	0	500	500	500	500	500	30	
4.7899654867e+02	568	8	51	12	45	455	50	0	500	500	500	500	500	30	
4.7949956467e+02	567	9	47	15	48	452	50	0	500	500	500	500	500	30	
4.7999960183e+02	568	11	53	10	62	438	50	0	500	500	500	500	500	30	
4.8049900433e+02	570	9	50	14	52	448	50	0	500	500	500	500	500	30	
4.8099832498e+02	570	9	54	10	53	447	50	0	500	500	500	500	500	30	
4.8149646283e+02	570	8	52	12	43	457	50	0	500	500	500	500	500	30	
4.8199948242e+02	573	6	53	10	38	462	50	0	500	500	500	500	500	30	
4.8249974141e+02	572	7	51	12	33	467	50	0	500	500	500	500	500	30	
4.8299989553e+02	574	5	50	13	51	449	50	0	500	500	500	500	500	30	
4.8349935433e+02	572	8	48	14	49	451	50	0	500	500	500	500	500	30	
4.8399660881e+02	572	9	55	7	40	460	50	0	500	500	500	500	500	30	
4.8449982088e+02	575	8	53	9	58	442	50	0	500	500	500	500	500	30	
4.8499848789e+02	575	9	56	6	42	458	50	0	500	500	500	500	500	30	
4.8549956278e+02	576	8	58	5	56	444	50	0	500	500	500	500	500	30	
4.8599861724e+02	576	9	52	11	65	435	50	0	500	500	500	500	500	30	
4.8649750089e+02	576	10	56	7	70	430	50	0	500	500	500	500	500	30	
4.8699919672e+02	579	9	50	14	43	457	50	0	500	500	500	500	500	30	
4.8748783681e+02	577	11	56	8	46	454	50	0	500	500	500	500	500	30	
4.8799984762e+02	578	8	52	12	32	468	50	0	500	500	500	500	500	30	
4.8849855963e+02	576	9	49	16	47	453	50	0	500	500	500	500	500	30	
4.8899896202e+02	575	7	51	14	39	461	50	0	500	500	500	500	500	30	
4.8949875676e+02	577	8	46	20	44	456	50	0	500	500	500	500	500	30	
4.8999883482e+02	574	10	51	14	36	464	50	0	500	500	500	500	500	30	
4.9049730073e+02	576	9	54	12	42	458	50	0	500	500	500	500	500	30	
4.9099920589e+02	574	10	53	12	44	456	50	0	500	500	500	500	500	30	
4.9149989334e+02	575	7	55	10	45	455	50	0	500	500	500	500	500	30	
4.9199320323e+02	573	9	50	15	46	454	50	0	500	500	500	500	500	30	
4.9249869254e+02	570	13	52	13	44	456	50	0	500	500	500	500	500	30	
4.9299949437e+02	573	11	53	14	37	463	50	0	500	500	500	500	500	30	
4.9349930013e+02	572	12	60	8	32	468	50	0	500	500	500	500	500	30	
4.9399705218e+02	569	15	55	14	37	463	50	0	500	500	500	500	500	30	
4.9449730572e+02	568	16	52	15	37	463	50	0	500	500	500	500	500	30	
4.9499930730e+02	573	12	59	8	55	445	50	0	500	500	500	500	500	30	
4.9549991075e+02	576	10	59	7	43	457	50	0	500	500	500	500	500	30	
4.9599936568e+02	577	9	62	4	41	459	50	0	500	500	500	500	500	30	
4.9649824971e+02	577	9	52	14	31	469	50	0	500	500	500	500	500	30	
4.9699565936e+02	580	9	50	16	53	447	50	0	500	500	500	500	500	30	
4.9749524216e+02	582	7	46	19	53	447	50	0	500	500	500	500	500	30	
4.9799713828e+02	580	9	47	19	49	451	50	0	500	500	500	500	500	30	
4.9849860007e+02	579	11	51	15	39	461	50	0	500	500	500	500	500	30	
4.9899671799e+02	581	9	52	15	34	466	50	0	500	500	500	500	500	30	
4.9949855976e+02	583	8	57	11	35	465	50	0	500	500	500	500	500	30	
4.9999742010e+02	585	7	57	11	35	465	50	0	500	500	500	500	500	30	
5.0000148785e+02	585	7	57	11	36	464	50	0	500	500	500	500	500	30	
