0.0000000000e+00	0	0	0	0	0	500	50	0	500	500	500	0	0	0	
5.4339437179e-01	0	1	0	0	0	500	50	0	500	500	500	0	0	0	
6.8977892314e-01	0	2	0	0	0	500	50	0	500	500	500	0	0	0	
1.4311723957e+00	0	3	0	0	3	497	50	0	500	500	500	0	0	0	
1.8894472672e+00	0	3	0	0	1	499	50	0	500	500	500	0	0	0	
2.4797158764e+00	0	4	0	0	1	499	50	0	500	500	500	0	0	0	
2.9700807615e+00	3	2	1	0	1	499	50	0	500	500	500	0	0	0	
3.3137896532e+00	3	3	2	0	2	498	50	0	500	500	500	0	0	0	
3.9992775205e+00	3	3	2	0	2	498	50	0	500	500	500	0	0	0	
4.4508849111e+00	4	3	2	0	3	497	50	0	500	500	500	0	0	0	
4.9461248249e+00	4	3	2	0	3	497	50	0	500	500	500	0	0	0	
5.4673968845e+00	4	5	2	0	1	499	50	0	500	500	500	0	0	0	
5.9766858305e+00	4	6	3	0	1	499	50	0	500	500	500	0	0	0	
6.4392280211e+00	5	6	3	0	3	497	50	0	500	500	500	0	0	0	
6.9430719640e+00	6	6	3	0	2	498	50	0	500	500	500	0	0	0	
7.4875281461e+00	6	6	3	0	2	498	50	0	500	500	500	0	0	0	
7.9906601758e+00	8	6	3	0	3	497	50	0	500	500	500	0	0	0	
8.4595978062e+00	10	5	3	0	3	497	50	0	500	500	500	0	0	0	
8.9774516464e+00	11	7	2	1	4	496	50	0	500	500	500	0	0	0	
9.4933552917e+00	12	8	3	0	2	498	50	0	500	500	500	0	0	0	
9.9982451827e+00	13	8	3	0	4	496	50	0	500	500	500	0	0	0	
1.0468809005e+01	16	6	3	0	5	495	50	0	500	500	500	0	0	0	
1.0960673795e+01	16	8	2	1	2	498	50	0	500	500	500	0	0	0	
1.1480047149e+01	20	6	4	0	4	496	50	0	500	500	500	0	0	0	
1.1964419402e+01	22	5	4	0	2	498	50	0	500	500	500	0	0	0	
1.2497400236e+01	24	3	3	1	1	499	50	0	500	500	500	0	0	0	
1.2910669252e+01	24	4	4	0	0	500	50	0	500	500	500	0	0	0	
1.3478138842e+01	24	4	3	1	0	500	50	0	500	500	500	0	0	0	
1.3994637693e+01	25	4	5	0	2	498	50	0	500	500	500	0	0	0	
1.4453949653e+01	27	3	6	0	0	500	50	0	500	500	500	0	0	0	
1.4982675350e+01	28	2	7	0	4	496	50	0	500	500	500	0	0	0	
1.5483680785e+01	29	3	7	0	3	497	50	0	500	500	500	0	0	0	
1.5867027549e+01	29	4	7	0	1	499	50	0	500	500	500	0	0	0	
1.6433437336e+01	30	4	6	1	1	499	50	0	500	500	500	0	0	0	
1.6938436665e+01	34	1	7	0	1	499	50	0	500	500	500	0	0	0	
1.7491009515e+01	34	3	7	0	0	500	50	0	500	500	500	0	0	0	
1.7879615962e+01	34	5	6	1	2	498	50	0	500	500	500	0	0	0	
1.8453083135e+01	37	2	8	0	0	500	50	0	500	500	500	0	0	0	
1.8825636310e+01	37	2	7	1	0	500	50	0	500	500	500	0	0	0	
1.9484127290e+01	37	3	7	1	0	500	50	0	500	500	500	0	0	0	
1.9967347032e+01	38	2	9	0	0	500	50	0	500	500	500	0	0	0	
2.0434035585e+01	39	3	9	0	1	499	50	0	500	500	500	0	0	0	
2.0764086288e+01	41	1	9	0	1	499	50	0	500	500	500	0	0	0	
2.1167090069e+01	42	0	9	0	0	500	50	0	500	500	500	0	0	0	
2.1991935142e+01	42	2	8	1	0	500	50	0	500	500	500	0	0	0	
2.2487029562e+01	42	4	8	1	4	496	50	0	500	500	500	0	0	0	
2.2930229777e+01	42	5	9	0	1	499	50	0	500	500	500	0	0	0	
2.3494723005e+01	43	6	10	0	2	498	50	0	500	500	500	0	0	0	
2.3914936544e+01	44	5	10	0	7	493	50	0	500	500	500	0	0	0	
2.4471316799e+01	45	4	9	0	3	497	50	0	500	500	500	0	0	0	
2.4943050617e+01	45	4	9	0	1	499	50	0	500	500	500	0	0	0	
2.5474492320e+01	46	5	9	0	2	498	50	0	500	500	500	0	0	0	
2.5991602724e+01	46	5	10	0	4	496	50	0	500	500	500	0	0	0	
2.6459162331e+01	48	4	10	1	4	496	50	0	500	500	500	0	0	0	
2.6982223661e+01	48	6	10	1	2	498	50	0	500	500	500	0	0	0	
2.7427759247e+01	49	5	10	1	2	498	50	0	500	500	500	0	0	0	
2.7980968171e+01	50	4	11	0	4	496	50	0	500	500	500	0	0	0	
2.8466868671e+01	50	4	11	1	1	499	50	0	500	500	500	0	0	0	
2.8987092797e+01	51	3	11	1	0	500	50	0	500	500	500	0	0	0	
2.9387408428e+01	52	4	12	0	1	499	50	0	500	500	500	0	0	0	
2.9989091759e+01	53	3	13	0	0	500	50	0	500	500	500	0	0	0	
3.0491976335e+01	52	3	13	1	2	498	50	0	500	500	500	0	0	0	
3.0993389566e+01	53	3	13	1	4	496	50	0	500	500	500	0	0	0	
3.1217680899e+01	53	3	14	0	0	500	50	0	500	500	500	0	0	0	
3.1992187710e+01	54	4	15	0	2	498	50	0	500	500	500	0	0	0	
3.2433075564e+01	54	5	16	0	1	499	50	0	500	500	500	0	0	0	
3.2998454773e+01	55	5	16	0	5	495	50	0	500	500	500	0	0	0	
3.3420409018e+01	57	3	14	2	3	497	50	0	500	500	500	0	0	0	
3.3981911814e+01	57	7	15	1	1	499	50	0	500	500	500	0	0	0	
3.4497834510e+01	60	5	14	2	3	497	50	0	500	500	500	0	0	0	
3.4936292101e+01	60	6	15	1	6	494	50	0	500	500	500	0	0	0	
3.5497669015e+01	61	6	14	2	4	496	50	0	500	500	500	0	0	0	
3.5992840540e+01	61	7	15	1	3	497	50	0	500	500	500	0	0	0	
3.6491039790e+01	62	6	15	1	2	498	50	0	500	500	500	0	0	0	
3.6923831077e+01	65	3	16	1	3	497	50	0	500	500	500	0	0	0	
3.7476548812e+01	66	4	15	2	3	497	50	0	500	500	500	0	0	0	
3.7955758325e+01	66	5	17	0	0	500	50	0	500	500	500	0	0	0	
3.8497939230e+01	68	5	16	1	0	500	50	0	500	500	500	0	0	0	
3.8916253070e+01	69	5	17	0	1	499	50	0	500	500	500	0	0	0	
3.9377007224e+01	70	4	17	0	2	498	50	0	500	500	500	0	0	0	
3.9993582459e+01	71	5	16	1	3	497	50	0	500	500	500	0	0	0	
4.0262354861e+01	71	4	17	0	2	498	50	0	500	500	500	0	0	0	
4.0969295170e+01	73	4	18	0	1	499	50	0	500	500	500	0	0	0	
4.1466500962e+01	74	3	18	0	1	499	50	0	500	500	500	0	0	0	
4.1936471674e+01	75	3	16	2	0	500	50	0	500	500	500	0	0	0	
4.2498812219e+01	75	3	18	0	3	497	50	0	500	500	500	0	0	0	
4.2952359298e+01	76	2	18	0	1	499	50	0	500	500	500	0	0	0	
4.3414405397e+01	77	1	18	0	1	499	50	0	500	500	500	0	0	0	
4.3741465125e+01	77	2	18	0	0	500	50	0	500	500	500	0	0	0	
4.4497582385e+01	79	1	17	1	1	499	50	0	500	500	500	0	0	0	
4.4957123911e+01	79	3	18	0	0	500	50	0	500	500	500	0	0	0	
4.5459952735e+01	81	3	17	1	1	499	50	0	500	500	500	0	0	0	
4.5973998584e+01	81	4	18	0	3	497	50	0	500	500	500	0	0	0	
4.6468607347e+01	81	4	17	2	5	495	50	0	500	500	500	0	0	0	
4.6951860422e+01	83	5	16	3	0	500	50	0	500	500	500	0	0	0	
4.7497760485e+01	86	4	17	2	3	497	50	0	500	500	500	0	0	0	
4.7919694560e+01	87	3	18	1	1	499	50	0	500	500	500	0	0	0	
4.8459194784e+01	88	3	18	2	1	499	50	0	500	500	500	0	0	0	
4.8998685290e+01	91	2	19	1	3	497	50	0	500	500	500	0	0	0	
4.9499697500e+01	92	1	19	1	2	498	50	0	500	500	500	0	0	0	
4.9893225059e+01	93	1	20	0	2	498	50	0	500	500	500	0	0	0	
5.0366850909e+01	93	1	20	1	0	500	50	0	500	500	500	0	0	0	
5.0975320600e+01	93	1	21	0	1	499	50	0	500	500	500	0	0	0	
5.1347536124e+01	93	3	19	2	0	500	50	0	500	500	500	0	0	0	
5.1868460983e+01	93	3	21	0	0	500	50	0	500	500	500	0	0	0	
5.2405181177e+01	93	4	20	0	0	500	50	0	500	500	500	0	0	0	
5.2964767757e+01	93	5	18	2	2	498	50	0	500	500	500	0	0	0	
5.3498653107e+01	93	6	20	1	2	498	50	0	500	500	500	0	0	0	
5.3991181150e+01	95	6	21	0	4	496	50	0	500	500	500	0	0	0	
5.4498244943e+01	95	6	20	1	2	498	50	0	500	500	500	0	0	0	
5.4986300129e+01	95	6	18	3	5	495	50	0	500	500	500	0	0	0	
5.5486293069e+01	97	4	21	1	4	496	50	0	500	500	500	0	0	0	
5.5988297266e+01	96	4	20	1	3	497	50	0	500	500	500	0	0	0	
5.6458416916e+01	96	4	19	2	0	500	50	0	500	500	500	0	0	0	
5.6984341009e+01	97	4	20	1	0	500	50	0	500	500	500	0	0	0	
5.7487692348e+01	100	2	19	2	1	499	50	0	500	500	500	0	0	0	
5.7973002504e+01	100	2	18	3	1	499	50	0	500	500	500	0	0	0	
5.8438748116e+01	100	4	19	1	1	499	50	0	500	500	500	0	0	0	
5.8987219386e+01	102	4	18	2	2	498	50	0	500	500	500	0	0	0	
5.9489232354e+01	104	4	19	1	2	498	50	0	500	500	500	0	0	0	
5.9996342040e+01	104	4	19	1	1	499	50	0	500	500	500	0	0	0	
6.0479413352e+01	105	4	21	0	2	498	50	0	500	500	500	0	0	0	
6.0989344813e+01	106	4	20	1	1	499	50	0	500	500	500	0	0	0	
6.1495564191e+01	106	4	19	1	0	500	50	0	500	500	500	0	0	0	
6.1994579340e+01	109	2	21	0	1	499	50	0	500	500	500	0	0	0	
6.2480241830e+01	110	1	22	0	1	499	50	0	500	500	500	0	0	0	
6.2985645481e+01	111	1	22	0	0	500	50	0	500	500	500	0	0	0	
6.3492129344e+01	112	2	20	2	0	500	50	0	500	500	500	0	0	0	
6.3983494456e+01	112	4	21	1	2	498	50	0	500	500	500	0	0	0	
6.4495194400e+01	113	5	22	2	4	496	50	0	500	500	500	0	0	0	
6.4970283636e+01	114	4	24	1	3	497	50	0	500	500	500	0	0	0	
6.5496039038e+01	116	3	27	1	4	496	50	0	500	500	500	0	0	0	
6.5979764933e+01	116	4	26	2	2	498	50	0	500	500	500	0	0	0	
6.6484716082e+01	118	3	27	1	2	498	50	0	500	500	500	0	0	0	
6.6996619282e+01	119	3	27	1	2	498	50	0	500	500	500	0	0	0	
6.7497219781e+01	119	3	28	1	2	498	50	0	500	500	500	0	0	0	
6.7947301189e+01	120	2	29	0	2	498	50	0	500	500	500	0	0	0	
6.8476539614e+01	122	4	28	1	4	496	50	0	500	500	500	0	0	0	
6.8981768677e+01	122	4	28	1	2	498	50	0	500	500	500	0	0	0	
6.9498111572e+01	122	4	28	1	2	498	50	0	500	500	500	0	0	0	
6.9972789564e+01	122	4	30	0	1	499	50	0	500	500	500	0	0	0	
7.0496661332e+01	123	3	31	0	1	499	50	0	500	500	500	0	0	0	
7.0941822772e+01	123	3	30	1	2	498	50	0	500	500	500	0	0	0	
7.1435926520e+01	124	3	28	3	3	497	50	0	500	500	500	0	0	0	
7.1949382395e+01	126	3	30	1	4	496	50	0	500	500	500	0	0	0	
7.2499231056e+01	126	5	30	1	1	499	50	0	500	500	500	0	0	0	
7.2986077420e+01	125	7	28	3	4	496	50	0	500	500	500	0	0	0	
7.3467726626e+01	128	4	29	2	0	500	50	0	500	500	500	0	0	0	
7.3983961702e+01	130	4	32	0	5	495	50	0	500	500	500	0	0	0	
7.4466279799e+01	129	6	31	1	1	499	50	0	500	500	500	0	0	0	
7.4986287524e+01	133	2	31	1	3	497	50	0	500	500	500	0	0	0	
7.5384246079e+01	133	2	32	0	2	498	50	0	500	500	500	0	0	0	
7.5968702801e+01	133	3	32	0	1	499	50	0	500	500	500	0	0	0	
7.6498866251e+01	134	4	31	0	2	498	50	0	500	500	500	0	0	0	
7.6989401212e+01	135	5	26	5	1	499	50	0	500	500	500	0	0	0	
7.7487355269e+01	135	6	29	3	4	496	50	0	500	500	500	0	0	0	
7.7974660770e+01	135	7	28	4	1	499	50	0	500	500	500	0	0	0	
7.8470776952e+01	137	5	30	1	4	496	50	0	500	500	500	0	0	0	
7.8939287481e+01	138	4	30	1	2	498	50	0	500	500	500	0	0	0	
7.9496354865e+01	140	2	28	3	3	497	50	0	500	500	500	0	0	0	
7.9995945322e+01	142	2	29	3	1	499	50	0	500	500	500	0	0	0	
8.0435721046e+01	142	1	30	1	3	497	50	0	500	500	500	0	0	0	
8.0985634314e+01	142	1	30	0	2	498	50	0	500	500	500	0	0	0	
8.1425226630e+01	142	1	29	0	0	500	50	0	500	500	500	0	0	0	
8.2406634126e+01	142	3	28	1	1	499	50	0	500	500	500	0	0	0	
8.2963992772e+01	142	3	29	0	2	498	50	0	500	500	500	0	0	0	
8.3474695641e+01	141	3	27	2	0	500	50	0	500	500	500	0	0	0	
8.3892085781e+01	143	2	29	0	1	499	50	0	500	500	500	0	0	0	
8.4453397308e+01	143	4	29	0	3	497	50	0	500	500	500	0	0	0	
8.4966337072e+01	144	5	29	0	1	499	50	0	500	500	500	0	0	0	
8.5497986326e+01	146	7	27	1	1	499	50	0	500	500	500	0	0	0	
8.5981870386e+01	147	7	26	2	1	499	50	0	500	500	500	0	0	0	
8.6416912800e+01	150	5	27	1	1	499	50	0	500	500	500	0	0	0	
8.6999029556e+01	151	5	26	2	4	496	50	0	500	500	500	0	0	0	
8.7477000893e+01	151	4	25	3	3	497	50	0	500	500	500	0	0	0	
8.7989864945e+01	152	3	25	3	2	498	50	0	500	500	500	0	0	0	
8.8457481967e+01	152	3	25	3	1	499	50	0	500	500	500	0	0	0	
8.8864246066e+01	152	3	27	1	1	499	50	0	500	500	500	0	0	0	
8.9490935562e+01	151	4	25	2	1	499	50	0	500	500	500	0	0	0	
8.9978444716e+01	153	4	27	0	1	499	50	0	500	500	500	0	0	0	
9.0486754277e+01	154	5	23	4	2	498	50	0	500	500	500	0	0	0	
9.0952267798e+01	157	4	26	1	1	499	50	0	500	500	500	0	0	0	
9.1444847099e+01	159	3	27	0	5	495	50	0	500	500	500	0	0	0	
9.1993654164e+01	159	5	27	0	3	497	50	0	500	500	500	0	0	0	
9.2471133309e+01	161	5	25	2	4	496	50	0	500	500	500	0	0	0	
9.2990390125e+01	162	5	23	4	3	497	50	0	500	500	500	0	0	0	
9.3495493410e+01	162	6	25	4	3	497	50	0	500	500	500	0	0	0	
9.3993416002e+01	164	10	28	2	8	492	50	0	500	500	500	0	0	0	
9.4494981418e+01	165	10	28	2	6	494	50	0	500	500	500	0	0	0	
9.4971495421e+01	166	10	25	5	5	495	50	0	500	500	500	0	0	0	
9.5499438994e+01	167	10	24	4	14	486	50	0	500	500	500	0	0	0	
9.5957418927e+01	169	9	26	2	10	490	50	0	500	500	500	0	0	0	
9.6497995991e+01	170	9	25	3	3	497	50	0	500	500	500	0	0	0	
9.6942637503e+01	171	7	24	4	5	495	50	0	500	500	500	0	0	0	
9.7478020433e+01	172	6	24	4	6	494	50	0	500	500	500	0	0	0	
9.7997689075e+01	172	5	27	1	4	496	50	0	500	500	500	0	0	0	
9.8473581340e+01	175	3	25	3	1	499	50	0	500	500	500	0	0	0	
9.8914485515e+01	175	6	27	1	0	500	50	0	500	500	500	0	0	0	
9.9491403325e+01	178	5	26	2	3	497	50	0	500	500	500	0	0	0	
9.9960940799e+01	179	4	26	2	2	498	50	0	500	500	500	0	0	0	
1.0047221078e+02	179	4	25	3	2	498	50	0	500	500	500	0	0	0	
1.0098781656e+02	180	5	24	4	1	499	50	0	500	500	500	0	0	0	
1.0147551782e+02	181	5	24	4	2	498	50	0	500	500	500	0	0	0	
1.0197754380e+02	182	5	26	1	2	498	50	0	500	500	500	0	0	0	
1.0249285976e+02	184	5	27	0	5	495	50	0	500	500	500	0	0	0	
1.0299911484e+02	185	6	27	0	6	494	50	0	500	500	500	0	0	0	
1.0340094170e+02	188	3	27	0	5	495	50	0	500	500	500	0	0	0	
1.0399694232e+02	187	6	26	1	3	497	50	0	500	500	500	0	0	0	
1.0449799843e+02	187	7	26	1	5	495	50	0	500	500	500	0	0	0	
1.0496303633e+02	190	6	27	0	0	500	50	0	500	500	500	0	0	0	
1.0549166386e+02	189	9	26	1	3	497	50	0	500	500	500	0	0	0	
1.0599743713e+02	189	8	25	2	3	497	50	0	500	500	500	0	0	0	
1.0647198123e+02	191	9	23	4	1	499	50	0	500	500	500	0	0	0	
1.0699782287e+02	194	8	25	2	5	495	50	0	500	500	500	0	0	0	
1.0749834932e+02	195	9	24	4	5	495	50	0	500	500	500	0	0	0	
1.0794693855e+02	196	9	24	4	4	496	50	0	500	500	500	0	0	0	
1.0844163080e+02	198	7	28	1	1	499	50	0	500	500	500	0	0	0	
1.0898057919e+02	200	6	28	1	2	498	50	0	500	500	500	0	0	0	
1.0949047085e+02	200	9	29	2	8	492	50	0	500	500	500	0	0	0	
1.0994580413e+02	202	8	29	3	3	497	50	0	500	500	500	0	0	0	
1.1049640374e+02	201	10	28	4	2	498	50	0	500	500	500	0	0	0	
1.1098811319e+02	202	9	31	1	2	498	50	0	500	500	500	0	0	0	
1.1145860264e+02	206	6	31	1	2	498	50	0	500	500	500	0	0	0	
1.1198629374e+02	207	7	28	4	0	500	50	0	500	500	500	0	0	0	
1.1249782094e+02	208	9	31	2	2	498	50	0	500	500	500	0	0	0	
1.1295346791e+02	210	5	31	2	1	499	50	0	500	500	500	0	0	0	
1.1341504607e+02	211	5	32	1	2	498	50	0	500	500	500	0	0	0	
1.1391974598e+02	213	3	29	4	1	499	50	0	500	500	500	0	0	0	
1.1449469340e+02	214	5	32	0	2	498	50	0	500	500	500	0	0	0	
1.1493109454e+02	215	4	29	2	2	498	50	0	500	500	500	0	0	0	
1.1548776461e+02	215	5	30	1	5	495	50	0	500	500	500	0	0	0	
1.1599925473e+02	215	5	30	1	6	494	50	0	500	500	500	0	0	0	
1.1642253420e+02	215	6	31	1	3	497	50	0	500	500	500	0	0	0	
1.1699463980e+02	215	7	29	3	2	498	50	0	500	500	500	0	0	0	
1.1747539591e+02	215	9	28	4	2	498	50	0	500	500	500	0	0	0	
1.1799822628e+02	214	12	30	2	6	494	50	0	500	500	500	0	0	0	
1.1848862237e+02	214	11	29	3	3	497	50	0	500	500	500	0	0	0	
1.1899719716e+02	217	9	25	7	3	497	50	0	500	500	500	0	0	0	
1.1949560941e+02	217	9	27	5	2	498	50	0	500	500	500	0	0	0	
1.1999154325e+02	219	9	28	4	7	493	50	0	500	500	500	0	0	0	
1.2047782243e+02	219	10	31	1	9	491	50	0	500	500	500	0	0	0	
1.2099940428e+02	220	10	29	2	7	493	50	0	500	500	500	0	0	0	
1.2146294540e+02	222	10	27	4	4	496	50	0	500	500	500	0	0	0	
1.2196548901e+02	223	9	28	3	4	496	50	0	500	500	500	0	0	0	
1.2249324559e+02	222	10	30	1	4	496	50	0	500	500	500	0	0	0	
1.2299941117e+02	224	8	29	2	9	491	50	0	500	500	500	0	0	0	
1.2349688397e+02	227	5	29	2	3	497	50	0	500	500	500	0	0	0	
1.2396467742e+02	229	5	31	1	1	499	50	0	500	500	500	0	0	0	
1.2447606450e+02	230	4	29	2	2	498	50	0	500	500	500	0	0	0	
1.2499617317e+02	231	3	31	0	2	498	50	0	500	500	500	0	0	0	
1.2548182958e+02	232	4	32	0	4	496	50	0	500	500	500	0	0	0	
1.2599480390e+02	233	4	30	1	1	499	50	0	500	500	500	0	0	0	
1.2649817579e+02	234	5	32	0	2	498	50	0	500	500	500	0	0	0	
1.2694459990e+02	234	4	33	0	2	498	50	0	500	500	500	0	0	0	
1.2746140051e+02	235	3	32	1	2	498	50	0	500	500	500	0	0	0	
1.2799468668e+02	235	3	29	2	3	497	50	0	500	500	500	0	0	0	
1.2848926586e+02	236	3	31	1	5	495	50	0	500	500	500	0	0	0	
1.2898335226e+02	238	1	31	0	1	499	50	0	500	500	500	0	0	0	
1.2946985290e+02	238	3	31	0	1	499	50	0	500	500	500	0	0	0	
1.2998536076e+02	238	5	30	2	3	497	50	0	500	500	500	0	0	0	
1.3048539178e+02	237	7	29	3	4	496	50	0	500	500	500	0	0	0	
1.3099469183e+02	239	4	29	3	6	494	50	0	500	500	500	0	0	0	
1.3149944753e+02	239	4	31	1	6	494	50	0	500	500	500	0	0	0	
1.3199408980e+02	241	4	29	3	1	499	50	0	500	500	500	0	0	0	
1.3249441910e+02	243	3	32	0	3	497	50	0	500	500	500	0	0	0	
1.3299778101e+02	243	4	32	0	2	498	50	0	500	500	500	0	0	0	
1.3349633291e+02	243	4	29	3	0	500	50	0	500	500	500	0	0	0	
1.3395037937e+02	243	3	27	4	2	498	50	0	500	500	500	0	0	0	
1.3446435973e+02	244	3	31	0	3	497	50	0	500	500	500	0	0	0	
1.3496216582e+02	244	2	30	1	3	497	50	0	500	500	500	0	0	0	
1.3544448025e+02	244	3	31	0	2	498	50	0	500	500	500	0	0	0	
1.3599706887e+02	244	3	29	2	5	495	50	0	500	500	500	0	0	0	
1.3643655120e+02	242	2	30	1	3	497	50	0	500	500	500	0	0	0	
1.3697275116e+02	242	3	30	3	2	498	50	0	500	500	500	0	0	0	
1.3749562727e+02	244	3	31	2	5	495	50	0	500	500	500	0	0	0	
1.3799659781e+02	245	2	33	0	5	495	50	0	500	500	500	0	0	0	
1.3848012852e+02	245	3	32	0	2	498	50	0	500	500	500	0	0	0	
1.3899265307e+02	247	4	31	1	2	498	50	0	500	500	500	0	0	0	
1.3948376401e+02	248	3	31	1	1	499	50	0	500	500	500	0	0	0	
1.3999210105e+02	246	5	26	4	1	499	50	0	500	500	500	0	0	0	
1.4048484853e+02	247	3	29	1	1	499	50	0	500	500	500	0	0	0	
1.4095589715e+02	246	4	29	1	1	499	50	0	500	500	500	0	0	0	
1.4141694628e+02	245	4	28	2	1	499	50	0	500	500	500	0	0	0	
1.4194294896e+02	244	5	29	0	2	498	50	0	500	500	500	0	0	0	
1.4248158337e+02	245	5	29	0	2	498	50	0	500	500	500	0	0	0	
1.4299032964e+02	248	5	27	2	3	497	50	0	500	500	500	0	0	0	
1.4349799089e+02	249	4	27	2	4	496	50	0	500	500	500	0	0	0	
1.4399799594e+02	249	5	27	1	4	496	50	0	500	500	500	0	0	0	
1.4445465811e+02	252	4	28	0	3	497	50	0	500	500	500	0	0	0	
1.4499301257e+02	253	4	27	1	5	495	50	0	500	500	500	0	0	0	
1.4549394295e+02	255	2	28	1	1	499	50	0	500	500	500	0	0	0	
1.4596521095e+02	255	1	26	2	4	496	50	0	500	500	500	0	0	0	
1.4645422173e+02	255	0	28	0	1	499	50	0	500	500	500	0	0	0	
1.4699709660e+02	255	0	26	2	0	500	50	0	500	500	500	0	0	0	
1.4749613649e+02	254	1	27	1	1	499	50	0	500	500	500	0	0	0	
1.4785481519e+02	255	1	27	1	2	498	50	0	500	500	500	0	0	0	
1.4848433307e+02	256	3	28	0	1	499	50	0	500	500	500	0	0	0	
1.4893970576e+02	257	1	29	0	1	499	50	0	500	500	500	0	0	0	
1.4942790201e+02	257	2	28	1	3	497	50	0	500	500	500	0	0	0	
1.4998254096e+02	256	4	27	2	1	499	50	0	500	500	500	0	0	0	
1.5046065334e+02	254	6	26	3	3	497	50	0	500	500	500	0	0	0	
1.5098920482e+02	255	5	29	0	2	498	50	0	500	500	500	0	0	0	
1.5147396197e+02	257	3	26	3	2	498	50	0	500	500	500	0	0	0	
1.5196577599e+02	257	4	27	2	2	498	50	0	500	500	500	0	0	0	
1.5248672454e+02	257	5	27	2	2	498	50	0	500	500	500	0	0	0	
1.5299814121e+02	256	6	29	1	5	495	50	0	500	500	500	0	0	0	
1.5349058161e+02	256	7	25	5	4	496	50	0	500	500	500	0	0	0	
1.5394927727e+02	258	6	27	3	5	495	50	0	500	500	500	0	0	0	
1.5447376239e+02	257	6	29	1	2	498	50	0	500	500	500	0	0	0	
1.5499713375e+02	257	6	29	1	1	499	50	0	500	500	500	0	0	0	
1.5544888588e+02	259	5	29	1	1	499	50	0	500	500	500	0	0	0	
1.5599681420e+02	259	6	30	0	5	495	50	0	500	500	500	0	0	0	
1.5639650792e+02	260	6	28	2	3	497	50	0	500	500	500	0	0	0	
1.5696900959e+02	260	7	28	3	0	500	50	0	500	500	500	0	0	0	
1.5745126552e+02	260	6	26	5	4	496	50	0	500	500	500	0	0	0	
1.5793953332e+02	262	4	30	1	2	498	50	0	500	500	500	0	0	0	
1.5847811316e+02	263	5	27	4	2	498	50	0	500	500	500	0	0	0	
1.5899302901e+02	264	5	25	6	2	498	50	0	500	500	500	0	0	0	
1.5946806579e+02	264	7	24	7	1	499	50	0	500	500	500	0	0	0	
1.5996502148e+02	266	6	26	5	4	496	50	0	500	500	500	0	0	0	
1.6047318209e+02	267	7	24	7	3	497	50	0	500	500	500	0	0	0	
1.6098880076e+02	268	7	28	3	3	497	50	0	500	500	500	0	0	0	
1.6145751596e+02	269	7	31	0	7	493	50	0	500	500	500	0	0	0	
1.6196980651e+02	271	5	26	3	4	496	50	0	500	500	500	0	0	0	
1.6239979367e+02	273	3	29	0	1	499	50	0	500	500	500	0	0	0	
1.6299938302e+02	274	5	27	3	5	495	50	0	500	500	500	0	0	0	
1.6347492366e+02	273	6	28	2	5	495	50	0	500	500	500	0	0	0	
1.6399242883e+02	274	5	28	2	7	493	50	0	500	500	500	0	0	0	
1.6447022791e+02	274	6	28	2	2	498	50	0	500	500	500	0	0	0	
1.6498887302e+02	277	4	27	3	2	498	50	0	500	500	500	0	0	0	
1.6549236165e+02	277	4	29	1	4	496	50	0	500	500	500	0	0	0	
1.6594470578e+02	279	5	32	0	2	498	50	0	500	500	500	0	0	0	
1.6649275190e+02	280	8	30	2	4	496	50	0	500	500	500	0	0	0	
1.6695609099e+02	281	6	29	2	2	498	50	0	500	500	500	0	0	0	
1.6748223624e+02	281	6	29	2	5	495	50	0	500	500	500	0	0	0	
1.6792012695e+02	285	2	29	2	1	499	50	0	500	500	500	0	0	0	
1.6846079160e+02	286	5	29	2	1	499	50	0	500	500	500	0	0	0	
1.6896061576e+02	288	3	31	1	4	496	50	0	500	500	500	0	0	0	
1.6947342043e+02	290	3	33	0	1	499	50	0	500	500	500	0	0	0	
1.6999976490e+02	290	4	33	0	5	495	50	0	500	500	500	0	0	0	
1.7043882812e+02	292	4	33	0	4	496	50	0	500	500	500	0	0	0	
1.7097470768e+02	292	4	30	4	3	497	50	0	500	500	500	0	0	0	
1.7149542094e+02	294	3	34	0	3	497	50	0	500	500	500	0	0	0	
1.7196994336e+02	294	6	31	2	4	496	50	0	500	500	500	0	0	0	
1.7248655419e+02	296	6	32	1	5	495	50	0	500	500	500	0	0	0	
1.7297775079e+02	297	5	32	1	1	499	50	0	500	500	500	0	0	0	
1.7348302795e+02	295	6	33	1	2	498	50	0	500	500	500	0	0	0	
1.7399502179e+02	297	6	32	2	6	494	50	0	500	500	500	0	0	0	
1.7449945268e+02	299	4	30	3	6	494	50	0	500	500	500	0	0	0	
1.7498730029e+02	300	3	32	1	4	496	50	0	500	500	500	0	0	0	
1.7549414624e+02	300	4	30	3	4	496	50	0	500	500	500	0	0	0	
1.7598353747e+02	300	5	33	0	4	496	50	0	500	500	500	0	0	0	
1.7649535007e+02	302	4	31	1	4	496	50	0	500	500	500	0	0	0	
1.7697053555e+02	304	5	29	3	2	498	50	0	500	500	500	0	0	0	
1.7749251692e+02	303	7	28	3	4	496	50	0	500	500	500	0	0	0	
1.7799179079e+02	304	7	27	4	4	496	50	0	500	500	500	0	0	0	
1.7846610988e+02	307	6	29	2	2	498	50	0	500	500	500	0	0	0	
1.7898658888e+02	308	10	29	2	7	493	50	0	500	500	500	0	0	0	
1.7946950088e+02	310	9	30	2	6	494	50	0	500	500	500	0	0	0	
1.7997750916e+02	312	8	29	3	8	492	50	0	500	500	500	0	0	0	
1.8048425365e+02	314	7	29	3	3	497	50	0	500	500	500	0	0	0	
1.8099944669e+02	314	7	29	3	1	499	50	0	500	500	500	0	0	0	
1.8145398400e+02	313	7	30	2	4	496	50	0	500	500	500	0	0	0	
1.8199989311e+02	316	7	28	4	4	496	50	0	500	500	500	0	0	0	
1.8245617846e+02	315	7	28	4	3	497	50	0	500	500	500	0	0	0	
1.8291996302e+02	317	5	32	0	6	494	50	0	500	500	500	0	0	0	
1.8348841031e+02	318	6	28	4	1	499	50	0	500	500	500	0	0	0	
1.8396098424e+02	318	4	32	0	5	495	50	0	500	500	500	0	0	0	
1.8449202522e+02	319	3	31	1	1	499	50	0	500	500	500	0	0	0	
1.8497009245e+02	319	3	31	1	3	497	50	0	500	500	500	0	0	0	
1.8547535911e+02	320	6	30	2	2	498	50	0	500	500	500	0	0	0	
1.8599748575e+02	321	6	27	6	4	496	50	0	500	500	500	0	0	0	
1.8647504142e+02	324	3	32	1	5	495	50	0	500	500	500	0	0	0	
1.8699753500e+02	325	3	31	3	1	499	50	0	500	500	500	0	0	0	
1.8749659989e+02	324	4	32	2	4	496	50	0	500	500	500	0	0	0	
1.8798992496e+02	325	3	32	1	1	499	50	0	500	500	500	0	0	0	
1.8848780385e+02	326	3	31	2	3	497	50	0	500	500	500	0	0	0	
1.8899831385e+02	326	3	31	2	2	498	50	0	500	500	500	0	0	0	
1.8946779506e+02	326	5	30	3	1	499	50	0	500	500	500	0	0	0	
1.8997354664e+02	327	7	30	2	1	499	50	0	500	500	500	0	0	0	
1.9049864771e+02	327	8	29	2	4	496	50	0	500	500	500	0	0	0	
1.9099885135e+02	328	8	28	3	2	498	50	0	500	500	500	0	0	0	
1.9147771086e+02	328	8	28	3	5	495	50	0	500	500	500	0	0	0	
1.9199686843e+02	330	8	25	6	6	494	50	0	500	500	500	0	0	0	
1.9249204421e+02	331	8	26	5	6	494	50	0	500	500	500	0	0	0	
1.9298342367e+02	331	10	27	4	2	498	50	0	500	500	500	0	0	0	
1.9345212938e+02	332	10	27	4	0	500	50	0	500	500	500	0	0	0	
1.9399656238e+02	335	7	31	2	4	496	50	0	500	500	500	0	0	0	
1.9449576055e+02	335	8	31	2	3	497	50	0	500	500	500	0	0	0	
1.9498837439e+02	336	8	31	2	2	498	50	0	500	500	500	0	0	0	
1.9549986908e+02	336	10	32	2	5	495	50	0	500	500	500	0	0	0	
1.9594970341e+02	338	9	32	2	5	495	50	0	500	500	500	0	0	0	
1.9648179265e+02	341	6	33	1	10	490	50	0	500	500	500	0	0	0	
1.9699783036e+02	343	5	32	3	5	495	50	0	500	500	500	0	0	0	
1.9744695256e+02	344	4	35	1	4	496	50	0	500	500	500	0	0	0	
1.9798206266e+02	343	5	36	0	6	494	50	0	500	500	500	0	0	0	
1.9848879264e+02	343	6	34	2	0	500	50	0	500	500	500	0	0	0	
1.9899727753e+02	343	7	32	5	2	498	50	0	500	500	500	0	0	0	
1.9949819792e+02	345	5	34	4	3	497	50	0	500	500	500	0	0	0	
1.9999297527e+02	345	5	34	3	4	496	50	0	500	500	500	0	0	0	
2.0049376398e+02	345	5	32	5	3	497	50	0	500	500	500	0	0	0	
2.0097589488e+02	345	5	32	6	4	496	50	0	500	500	500	0	0	0	
2.0146444196e+02	345	8	34	4	2	498	50	0	500	500	500	0	0	0	
2.0198693212e+02	344	9	35	3	9	491	50	0	500	500	500	0	0	0	
2.0248608574e+02	343	11	34	4	6	494	50	0	500	500	500	0	0	0	
2.0298578055e+02	346	10	36	3	3	497	50	0	500	500	500	0	0	0	
2.0346945789e+02	345	15	36	2	2	498	50	0	500	500	500	0	0	0	
2.0399598535e+02	348	13	36	2	3	497	50	0	500	500	500	0	0	0	
2.0449629328e+02	348	14	33	5	5	495	50	0	500	500	500	0	0	0	
2.0498006081e+02	350	12	34	5	5	495	50	0	500	500	500	0	0	0	
2.0545972020e+02	358	6	37	2	1	499	50	0	500	500	500	0	0	0	
2.0599770140e+02	359	5	36	4	2	498	50	0	500	500	500	0	0	0	
2.0645055000e+02	359	8	39	1	0	500	50	0	500	500	500	0	0	0	
2.0696205089e+02	361	9	38	2	3	497	50	0	500	500	500	0	0	0	
2.0749852072e+02	363	8	37	4	2	498	50	0	500	500	500	0	0	0	
2.0799260860e+02	366	6	38	4	6	494	50	0	500	500	500	0	0	0	
2.0845767827e+02	367	5	40	2	2	498	50	0	500	500	500	0	0	0	
2.0899234509e+02	369	3	40	3	1	499	50	0	500	500	500	0	0	0	
2.0949897091e+02	369	3	41	1	3	497	50	0	500	500	500	0	0	0	
2.0994754435e+02	369	2	39	3	3	497	50	0	500	500	500	0	0	0	
2.1049600357e+02	370	4	39	3	2	498	50	0	500	500	500	0	0	0	
2.1098330159e+02	369	6	40	2	2	498	50	0	500	500	500	0	0	0	
2.1142922520e+02	368	6	40	3	0	500	50	0	500	500	500	0	0	0	
2.1194626245e+02	368	6	36	7	3	497	50	0	500	500	500	0	0	0	
2.1242599286e+02	371	3	41	2	2	498	50	0	500	500	500	0	0	0	
2.1299987841e+02	370	6	43	2	2	498	50	0	500	500	500	0	0	0	
2.1346178620e+02	370	5	45	1	2	498	50	0	500	500	500	0	0	0	
2.1395672756e+02	373	2	45	1	1	499	50	0	500	500	500	0	0	0	
2.1445740441e+02	374	1	45	1	3	497	50	0	500	500	500	0	0	0	
2.1499793293e+02	373	2	42	4	3	497	50	0	500	500	500	0	0	0	
2.1548178474e+02	373	2	44	2	1	499	50	0	500	500	500	0	0	0	
2.1596749315e+02	374	2	45	2	1	499	50	0	500	500	500	0	0	0	
2.1649978377e+02	375	2	43	4	3	497	50	0	500	500	500	0	0	0	
2.1699263957e+02	375	3	44	3	1	499	50	0	500	500	500	0	0	0	
2.1746330604e+02	375	4	43	4	3	497	50	0	500	500	500	0	0	0	
2.1796244025e+02	377	5	44	2	0	500	50	0	500	500	500	0	0	0	
2.1849564675e+02	379	4	43	4	4	496	50	0	500	500	500	0	0	0	
2.1899024697e+02	380	3	41	6	3	497	50	0	500	500	500	0	0	0	
2.1949826330e+02	380	7	40	7	7	493	50	0	500	500	500	0	0	0	
2.1998986411e+02	380	7	44	4	4	496	50	0	500	500	500	0	0	0	
2.2048054190e+02	382	6	42	7	3	497	50	0	500	500	500	0	0	0	
2.2099307340e+02	384	6	41	7	2	498	50	0	500	500	500	0	0	0	
2.2146488780e+02	383	9	45	3	3	497	50	0	500	500	500	0	0	0	
2.2198749964e+02	386	6	42	6	5	495	50	0	500	500	500	0	0	0	
2.2249933650e+02	386	8	44	4	5	495	50	0	500	500	500	0	0	0	
2.2296498003e+02	387	8	47	1	5	495	50	0	500	500	500	0	0	0	
2.2349977959e+02	386	8	44	3	11	489	50	0	500	500	500	0	0	0	
2.2399589529e+02	386	7	43	4	5	495	50	0	500	500	500	0	0	0	
2.2449668258e+02	385	8	47	0	3	497	50	0	500	500	500	0	0	0	
2.2498010797e+02	386	7	41	5	5	495	50	0	500	500	500	0	0	0	
2.2547178204e+02	385	8	40	6	2	498	50	0	500	500	500	0	0	0	
2.2599347464e+02	387	6	42	4	7	493	50	0	500	500	500	0	0	0	
2.2647349920e+02	386	8	39	6	3	497	50	0	500	500	500	0	0	0	
2.2699865373e+02	386	8	42	3	5	495	50	0	500	500	500	0	0	0	
2.2749662137e+02	386	12	38	7	6	494	50	0	500	500	500	0	0	0	
2.2799329819e+02	388	11	41	4	6	494	50	0	500	500	500	0	0	0	
2.2849951171e+02	389	10	42	3	7	493	50	0	500	500	500	0	0	0	
2.2897519267e+02	390	10	39	6	10	490	50	0	500	500	500	0	0	0	
2.2949496360e+02	389	11	42	3	10	490	50	0	500	500	500	0	0	0	
2.2997212823e+02	390	11	41	4	8	492	50	0	500	500	500	0	0	0	
2.3048496387e+02	390	12	43	2	4	496	50	0	500	500	500	0	0	0	
2.3097786539e+02	392	10	42	3	5	495	50	0	500	500	500	0	0	0	
2.3149986555e+02	392	11	40	5	3	497	50	0	500	500	500	0	0	0	
2.3199563080e+02	394	12	36	9	6	494	50	0	500	500	500	0	0	0	
2.3249600780e+02	397	9	40	6	4	496	50	0	500	500	500	0	0	0	
2.3297927867e+02	396	9	41	5	3	497	50	0	500	500	500	0	0	0	
2.3348933172e+02	398	9	42	4	5	495	50	0	500	500	500	0	0	0	
2.3398572565e+02	399	12	39	7	6	494	50	0	500	500	500	0	0	0	
2.3448813480e+02	401	10	36	9	5	495	50	0	500	500	500	0	0	0	
2.3497069087e+02	401	13	37	6	4	496	50	0	500	500	500	0	0	0	
2.3549402590e+02	402	13	39	4	7	493	50	0	500	500	500	0	0	0	
2.3596397080e+02	405	12	39	4	1	499	50	0	500	500	500	0	0	0	
2.3646917461e+02	408	8	40	3	5	495	50	0	500	500	500	0	0	0	
2.3699208714e+02	410	7	38	5	3	497	50	0	500	500	500	0	0	0	
2.3749308936e+02	411	5	42	1	6	494	50	0	500	500	500	0	0	0	
2.3799671241e+02	412	7	40	3	11	489	50	0	500	500	500	0	0	0	
2.3849338493e+02	411	9	39	4	5	495	50	0	500	500	500	0	0	0	
2.3899533257e+02	411	8	38	5	6	494	50	0	500	500	500	0	0	0	
2.3943358493e+02	410	10	42	1	3	497	50	0	500	500	500	0	0	0	
2.3998090068e+02	409	9	44	0	3	497	50	0	500	500	500	0	0	0	
2.4048316573e+02	411	7	40	4	3	497	50	0	500	500	500	0	0	0	
2.4099305978e+02	411	8	41	3	1	499	50	0	500	500	500	0	0	0	
2.4149622538e+02	414	7	42	2	7	493	50	0	500	500	500	0	0	0	
2.4198938000e+02	412	7	42	2	6	494	50	0	500	500	500	0	0	0	
2.4248933364e+02	415	5	44	1	5	495	50	0	500	500	500	0	0	0	
2.4296317186e+02	414	5	45	0	2	498	50	0	500	500	500	0	0	0	
2.4348322312e+02	416	3	44	1	2	498	50	0	500	500	500	0	0	0	
2.4399201352e+02	416	3	43	2	5	495	50	0	500	500	500	0	0	0	
2.4449200542e+02	417	3	44	2	7	493	50	0	500	500	500	0	0	0	
2.4499263365e+02	417	3	45	1	1	499	50	0	500	500	500	0	0	0	
2.4546836792e+02	418	4	45	1	6	494	50	0	500	500	500	0	0	0	
2.4599673221e+02	418	5	45	0	6	494	50	0	500	500	500	0	0	0	
2.4647067926e+02	420	4	44	1	4	496	50	0	500	500	500	0	0	0	
2.4699999302e+02	421	3	44	1	5	495	50	0	500	500	500	0	0	0	
2.4747695142e+02	422	4	43	2	0	500	50	0	500	500	500	0	0	0	
2.4795263218e+02	423	3	43	2	3	497	50	0	500	500	500	0	0	0	
2.4847672166e+02	423	4	43	2	3	497	50	0	500	500	500	0	0	0	
2.4897458503e+02	422	8	42	3	2	498	50	0	500	500	500	0	0	0	
2.4945642098e+02	421	8	43	2	2	498	50	0	500	500	500	0	0	0	
2.4999364432e+02	419	10	40	5	7	493	50	0	500	500	500	0	0	0	
2.5048001747e+02	420	11	40	5	11	489	50	0	500	500	500	0	0	0	
2.5098882408e+02	422	10	39	6	7	493	50	0	500	500	500	0	0	0	
2.5147115160e+02	426	8	40	6	1	499	50	0	500	500	500	0	0	0	
2.5199618590e+02	425	8	42	4	7	493	50	0	500	500	500	0	0	0	
2.5248916258e+02	425	8	43	3	6	494	50	0	500	500	500	0	0	0	
2.5299413678e+02	427	7	45	1	7	493	50	0	500	500	500	0	0	0	
2.5349925381e+02	428	7	41	4	7	493	50	0	500	500	500	0	0	0	
2.5398243805e+02	429	6	43	2	9	491	50	0	500	500	500	0	0	0	
2.5449944523e+02	430	4	41	4	5	495	50	0	500	500	500	0	0	0	
2.5498206017e+02	431	3	41	4	5	495	50	0	500	500	500	0	0	0	
2.5548796668e+02	431	4	42	3	2	498	50	0	500	500	500	0	0	0	
2.5594105657e+02	430	6	41	4	4	496	50	0	500	500	500	0	0	0	
2.5648873409e+02	430	6	44	1	5	495	50	0	500	500	500	0	0	0	
2.5698025722e+02	431	6	44	1	5	495	50	0	500	500	500	0	0	0	
2.5747986591e+02	432	7	42	3	4	496	50	0	500	500	500	0	0	0	
2.5798285458e+02	433	6	39	6	5	495	50	0	500	500	500	0	0	0	
2.5849810166e+02	434	6	41	3	4	496	50	0	500	500	500	0	0	0	
2.5898862626e+02	435	4	43	1	4	496	50	0	500	500	500	0	0	0	
2.5949817741e+02	435	4	42	2	0	500	50	0	500	500	500	0	0	0	
2.5999848508e+02	436	5	41	3	1	499	50	0	500	500	500	0	0	0	
2.6049593302e+02	437	5	38	5	5	495	50	0	500	500	500	0	0	0	
2.6099836431e+02	438	5	40	2	2	498	50	0	500	500	500	0	0	0	
2.6146080709e+02	438	5	41	1	4	496	50	0	500	500	500	0	0	0	
2.6197634869e+02	438	6	42	1	5	495	50	0	500	500	500	0	0	0	
2.6246733322e+02	439	5	43	1	6	494	50	0	500	500	500	0	0	0	
2.6295408774e+02	441	3	41	3	1	499	50	0	500	500	500	0	0	0	
2.6348995663e+02	443	3	42	2	3	497	50	0	500	500	500	0	0	0	
2.6398923883e+02	444	1	42	3	0	500	50	0	500	500	500	0	0	0	
2.6449387686e+02	444	1	43	2	1	499	50	0	500	500	500	0	0	0	
2.6495851094e+02	444	1	41	4	4	496	50	0	500	500	500	0	0	0	
2.6548925381e+02	445	0	39	4	0	500	50	0	500	500	500	0	0	0	
2.6599299578e+02	442	2	41	3	0	500	50	0	500	500	500	0	0	0	
2.6649581669e+02	443	3	37	6	1	499	50	0	500	500	500	0	0	0	
2.6698905703e+02	441	3	42	1	2	498	50	0	500	500	500	0	0	0	
2.6748091410e+02	442	2	41	3	4	496	50	0	500	500	500	0	0	0	
2.6799937443e+02	442	2	39	4	3	497	50	0	500	500	500	0	0	0	
2.6849408323e+02	442	2	41	2	1	499	50	0	500	500	500	0	0	0	
2.6897933136e+02	442	3	41	3	4	496	50	0	500	500	500	0	0	0	
2.6949380004e+02	442	4	40	4	4	496	50	0	500	500	500	0	0	0	
2.6998319196e+02	443	6	42	3	2	498	50	0	500	500	500	0	0	0	
2.7045424446e+02	443	6	43	2	0	500	50	0	500	500	500	0	0	0	
2.7099980131e+02	443	6	42	4	3	497	50	0	500	500	500	0	0	0	
2.7149715893e+02	444	6	43	4	4	496	50	0	500	500	500	0	0	0	
2.7196202595e+02	445	5	42	5	3	497	50	0	500	500	500	0	0	0	
2.7245958362e+02	443	7	44	5	0	500	50	0	500	500	500	0	0	0	
2.7298782674e+02	444	5	46	2	4	496	50	0	500	500	500	0	0	0	
2.7347781745e+02	444	6	44	3	4	496	50	0	500	500	500	0	0	0	
2.7397499866e+02	443	5	44	3	3	497	50	0	500	500	500	0	0	0	
2.7449316369e+02	444	7	43	4	3	497	50	0	500	500	500	0	0	0	
2.7498203789e+02	445	5	42	5	0	500	50	0	500	500	500	0	0	0	
2.7546347286e+02	444	7	45	2	3	497	50	0	500	500	500	0	0	0	
2.7599495138e+02	446	8	46	1	5	495	50	0	500	500	500	0	0	0	
2.7648382017e+02	448	7	47	1	1	499	50	0	500	500	500	0	0	0	
2.7699796418e+02	448	10	48	0	6	494	50	0	500	500	500	0	0	0	
2.7749881514e+02	453	6	46	2	3	497	50	0	500	500	500	0	0	0	
2.7797083390e+02	454	5	48	0	4	496	50	0	500	500	500	0	0	0	
2.7848884213e+02	453	6	47	0	6	494	50	0	500	500	500	0	0	0	
2.7899058157e+02	452	7	43	3	6	494	50	0	500	500	500	0	0	0	
2.7949943941e+02	453	8	42	4	4	496	50	0	500	500	500	0	0	0	
2.7997294279e+02	454	8	44	2	5	495	50	0	500	500	500	0	0	0	
2.8048440729e+02	457	6	43	3	8	492	50	0	500	500	500	0	0	0	
2.8097883953e+02	457	8	44	2	8	492	50	0	500	500	500	0	0	0	
2.8149849495e+02	458	7	46	1	5	495	50	0	500	500	500	0	0	0	
2.8197928125e+02	460	5	42	6	5	495	50	0	500	500	500	0	0	0	
2.8248851342e+02	460	5	41	7	3	497	50	0	500	500	500	0	0	0	
2.8299616450e+02	461	5	46	1	3	497	50	0	500	500	500	0	0	0	
2.8349625725e+02	460	9	45	3	6	494	50	0	500	500	500	0	0	0	
2.8399570785e+02	462	8	40	6	4	496	50	0	500	500	500	0	0	0	
2.8448672380e+02	463	8	43	3	5	495	50	0	500	500	500	0	0	0	
2.8499843334e+02	462	9	42	4	7	493	50	0	500	500	500	0	0	0	
2.8549338456e+02	464	8	41	5	8	492	50	0	500	500	500	0	0	0	
2.8599796524e+02	465	8	41	5	9	491	50	0	500	500	500	0	0	0	
2.8647789897e+02	467	7	42	4	3	497	50	0	500	500	500	0	0	0	
2.8698840738e+02	467	8	43	3	2	498	50	0	500	500	500	0	0	0	
2.8749850570e+02	470	7	39	8	5	495	50	0	500	500	500	0	0	0	
2.8798970959e+02	472	5	42	6	9	491	50	0	500	500	500	0	0	0	
2.8848999886e+02	471	5	42	6	3	497	50	0	500	500	500	0	0	0	
2.8899866275e+02	472	5	45	3	1	499	50	0	500	500	500	0	0	0	
2.8949932649e+02	473	4	47	1	3	497	50	0	500	500	500	0	0	0	
2.8999442124e+02	473	4	44	4	4	496	50	0	500	500	500	0	0	0	
2.9047979731e+02	473	4	42	6	2	498	50	0	500	500	500	0	0	0	
2.9099474648e+02	473	4	46	2	2	498	50	0	500	500	500	0	0	0	
2.9146416276e+02	473	6	44	4	3	497	50	0	500	500	500	0	0	0	
2.9197109705e+02	473	9	43	5	3	497	50	0	500	500	500	0	0	0	
2.9246686058e+02	474	8	46	2	5	495	50	0	500	500	500	0	0	0	
2.9299680067e+02	475	7	39	8	4	496	50	0	500	500	500	0	0	0	
2.9349118784e+02	477	5	41	6	3	497	50	0	500	500	500	0	0	0	
2.9396596385e+02	478	4	44	4	4	496	50	0	500	500	500	0	0	0	
2.9449956156e+02	479	3	43	5	4	496	50	0	500	500	500	0	0	0	
2.9499618894e+02	479	5	43	4	6	494	50	0	500	500	500	0	0	0	
2.9549758090e+02	479	6	47	0	2	498	50	0	500	500	500	0	0	0	
2.9596482241e+02	481	5	46	1	11	489	50	0	500	500	500	0	0	0	
2.9649606650e+02	481	3	44	4	1	499	50	0	500	500	500	0	0	0	
2.9697362532e+02	484	0	46	2	2	498	50	0	500	500	500	0	0	0	
2.9749284013e+02	484	1	43	4	1	499	50	0	500	500	500	0	0	0	
2.9799142195e+02	485	0	43	4	3	497	50	0	500	500	500	0	0	0	
2.9847991392e+02	484	1	48	0	1	499	50	0	500	500	500	0	0	0	
2.9889138601e+02	483	0	47	1	3	497	50	0	500	500	500	0	0	0	
2.9935479856e+02	483	0	46	2	2	498	50	0	500	500	500	0	0	0	
2.9999942579e+02	483	0	48	0	3	497	50	0	500	500	500	0	0	0	
3.0049373166e+02	481	0	47	1	3	497	50	0	500	500	500	0	0	0	
3.0099967860e+02	481	2	48	0	5	495	50	0	500	500	500	0	0	0	
3.0147866580e+02	481	4	44	6	2	498	50	0	500	500	500	0	0	0	
3.0195659217e+02	481	5	46	4	5	495	50	0	500	500	500	0	0	0	
3.0249557634e+02	482	4	45	4	0	500	50	0	500	500	500	0	0	0	
3.0298626999e+02	483	4	45	3	8	492	50	0	500	500	500	0	0	0	
3.0349344072e+02	483	4	46	2	7	493	50	0	500	500	500	0	0	0	
3.0398595004e+02	484	3	45	4	5	495	50	0	500	500	500	0	0	0	
3.0443295284e+02	484	6	43	6	9	491	50	0	500	500	500	0	0	0	
3.0499321251e+02	483	8	42	7	4	496	50	0	500	500	500	0	0	0	
3.0549768035e+02	484	7	45	4	9	491	50	0	500	500	500	0	0	0	
3.0597890786e+02	484	10	38	10	8	492	50	0	500	500	500	0	0	0	
3.0649245733e+02	485	9	47	1	4	496	50	0	500	500	500	0	0	0	
3.0698826535e+02	488	6	45	4	3	497	50	0	500	500	500	0	0	0	
3.0749017597e+02	489	4	45	4	6	494	50	0	500	500	500	0	0	0	
3.0799154659e+02	487	4	48	2	4	496	50	0	500	500	500	0	0	0	
3.0846174048e+02	487	5	49	1	1	499	50	0	500	500	500	0	0	0	
3.0899322667e+02	488	4	45	5	5	495	50	0	500	500	500	0	0	0	
3.0949565251e+02	488	4	48	1	5	495	50	0	500	500	500	0	0	0	
3.0999608118e+02	488	5	48	1	2	498	50	0	500	500	500	0	0	0	
3.1047931843e+02	489	5	46	3	5	495	50	0	500	500	500	0	0	0	
3.1096502656e+02	491	3	49	0	2	498	50	0	500	500	500	0	0	0	
3.1149425514e+02	490	4	47	2	2	498	50	0	500	500	500	0	0	0	
3.1198886538e+02	489	5	46	3	5	495	50	0	500	500	500	0	0	0	
3.1249147170e+02	488	7	48	2	7	493	50	0	500	500	500	0	0	0	
3.1299198151e+02	489	7	44	6	6	494	50	0	500	500	500	0	0	0	
3.1349068070e+02	489	8	44	7	10	490	50	0	500	500	500	0	0	0	
3.1399943047e+02	490	7	48	3	6	494	50	0	500	500	500	0	0	0	
3.1449431488e+02	491	6	48	3	6	494	50	0	500	500	500	0	0	0	
3.1499815978e+02	492	6	47	4	5	495	50	0	500	500	500	0	0	0	
3.1548462928e+02	492	7	46	5	1	499	50	0	500	500	500	0	0	0	
3.1597541887e+02	493	6	45	5	7	493	50	0	500	500	500	0	0	0	
3.1649616416e+02	490	8	46	4	3	497	50	0	500	500	500	0	0	0	
3.1698199963e+02	492	6	45	5	5	495	50	0	500	500	500	0	0	0	
3.1749517972e+02	494	7	43	6	6	494	50	0	500	500	500	0	0	0	
3.1799303822e+02	497	5	39	9	6	494	50	0	500	500	500	0	0	0	
3.1849347530e+02	496	6	41	7	5	495	50	0	500	500	500	0	0	0	
3.1899691102e+02	495	8	43	5	8	492	50	0	500	500	500	0	0	0	
3.1949190862e+02	498	6	42	6	6	494	50	0	500	500	500	0	0	0	
3.1999084051e+02	500	4	41	8	4	496	50	0	500	500	500	0	0	0	
3.2049126105e+02	500	5	46	4	2	498	50	0	500	500	500	0	0	0	
3.2097574586e+02	500	4	47	3	3	497	50	0	500	500	500	0	0	0	
3.2149779355e+02	501	3	48	3	3	497	50	0	500	500	500	0	0	0	
3.2199422741e+02	502	2	52	0	3	497	50	0	500	500	500	0	0	0	
3.2244555834e+02	502	3	51	1	2	498	50	0	500	500	500	0	0	0	
3.2299672328e+02	502	3	50	2	4	496	50	0	500	500	500	0	0	0	
3.2347543210e+02	500	5	50	2	3	497	50	0	500	500	500	0	0	0	
3.2396522534e+02	501	6	48	4	8	492	50	0	500	500	500	0	0	0	
3.2449090472e+02	500	7	47	5	5	495	50	0	500	500	500	0	0	0	
3.2495775693e+02	502	5	49	3	6	494	50	0	500	500	500	0	0	0	
3.2549185569e+02	503	3	48	3	3	497	50	0	500	500	500	0	0	0	
3.2599035683e+02	504	3	49	3	2	498	50	0	500	500	500	0	0	0	
3.2649710550e+02	505	3	50	2	2	498	50	0	500	500	500	0	0	0	
3.2698404499e+02	505	4	48	5	3	497	50	0	500	500	500	0	0	0	
3.2749567450e+02	504	6	49	3	10	490	50	0	500	500	500	0	0	0	
3.2798816290e+02	504	6	46	7	5	495	50	0	500	500	500	0	0	0	
3.2847996546e+02	503	8	50	3	7	493	50	0	500	500	500	0	0	0	
3.2897698901e+02	501	9	49	3	8	492	50	0	500	500	500	0	0	0	
3.2949567984e+02	502	7	51	1	5	495	50	0	500	500	500	0	0	0	
3.2998602244e+02	503	7	47	5	4	496	50	0	500	500	500	0	0	0	
3.3043259472e+02	506	5	45	7	5	495	50	0	500	500	500	0	0	0	
3.3098050877e+02	508	5	44	8	1	499	50	0	500	500	500	0	0	0	
3.3149184213e+02	509	4	49	3	2	498	50	0	500	500	500	0	0	0	
3.3198046410e+02	508	6	51	1	4	496	50	0	500	500	500	0	0	0	
3.3248644493e+02	507	7	48	5	6	494	50	0	500	500	500	0	0	0	
3.3294815319e+02	507	5	47	6	4	496	50	0	500	500	500	0	0	0	
3.3347667108e+02	508	5	52	1	2	498	50	0	500	500	500	0	0	0	
3.3398920167e+02	508	6	50	3	6	494	50	0	500	500	500	0	0	0	
3.3449348437e+02	510	6	49	4	6	494	50	0	500	500	500	0	0	0	
3.3499387269e+02	512	6	45	8	6	494	50	0	500	500	500	0	0	0	
3.3549366718e+02	511	10	49	4	8	492	50	0	500	500	500	0	0	0	
3.3599216565e+02	508	13	46	7	2	498	50	0	500	500	500	0	0	0	
3.3649365448e+02	512	10	50	3	11	489	50	0	500	500	500	0	0	0	
3.3698759039e+02	513	9	50	4	7	493	50	0	500	500	500	0	0	0	
3.3749014190e+02	514	7	48	6	5	495	50	0	500	500	500	0	0	0	
3.3799750129e+02	518	4	51	3	4	496	50	0	500	500	500	0	0	0	
3.3848760229e+02	518	4	50	3	4	496	50	0	500	500	500	0	0	0	
3.3898967219e+02	519	6	51	2	3	497	50	0	500	500	500	0	0	0	
3.3948552454e+02	519	9	50	3	6	494	50	0	500	500	500	0	0	0	
3.3998869842e+02	521	7	51	2	4	496	50	0	500	500	500	0	0	0	
3.4049994138e+02	522	8	48	5	2	498	50	0	500	500	500	0	0	0	
3.4099614010e+02	525	6	47	6	3	497	50	0	500	500	500	0	0	0	
3.4145112610e+02	527	6	49	3	4	496	50	0	500	500	500	0	0	0	
3.4199529776e+02	528	4	49	5	7	493	50	0	500	500	500	0	0	0	
3.4249495846e+02	528	4	45	8	3	497	50	0	500	500	500	0	0	0	
3.4298476498e+02	529	3	47	6	1	499	50	0	500	500	500	0	0	0	
3.4349925060e+02	528	6	52	3	5	495	50	0	500	500	500	0	0	0	
3.4399242855e+02	531	3	54	1	1	499	50	0	500	500	500	0	0	0	
3.4446167905e+02	532	2	48	6	2	498	50	0	500	500	500	0	0	0	
3.4496051513e+02	529	3	50	4	1	499	50	0	500	500	500	0	0	0	
3.4549876251e+02	531	1	48	6	3	497	50	0	500	500	500	0	0	0	
3.4599224772e+02	530	4	51	3	3	497	50	0	500	500	500	0	0	0	
3.4646856367e+02	528	4	49	5	10	490	50	0	500	500	500	0	0	0	
3.4698547048e+02	526	7	47	7	6	494	50	0	500	500	500	0	0	0	
3.4749613407e+02	526	7	49	5	4	496	50	0	500	500	500	0	0	0	
3.4798958783e+02	528	6	46	7	8	492	50	0	500	500	500	0	0	0	
3.4849655591e+02	530	5	51	2	4	496	50	0	500	500	500	0	0	0	
3.4898660881e+02	531	4	49	4	4	496	50	0	500	500	500	0	0	0	
3.4944495749e+02	531	4	50	2	6	494	50	0	500	500	500	0	0	0	
3.4997548408e+02	531	7	51	1	8	492	50	0	500	500	500	0	0	0	
3.5049414279e+02	531	7	46	6	6	494	50	0	500	500	500	0	0	0	
3.5099759136e+02	530	7	44	8	9	491	50	0	500	500	500	0	0	0	
3.5148635264e+02	531	8	49	3	5	495	50	0	500	500	500	0	0	0	
3.5199684168e+02	533	6	49	3	4	496	50	0	500	500	500	0	0	0	
3.5249024484e+02	534	6	48	4	3	497	50	0	500	500	500	0	0	0	
3.5299483407e+02	536	4	51	2	3	497	50	0	500	500	500	0	0	0	
3.5347644385e+02	537	3	49	3	1	499	50	0	500	500	500	0	0	0	
3.5388861754e+02	538	2	50	2	2	498	50	0	500	500	500	0	0	0	
3.5448238804e+02	538	1	46	6	3	497	50	0	500	500	500	0	0	0	
3.5499724332e+02	536	6	50	3	3	497	50	0	500	500	500	0	0	0	
3.5548061545e+02	534	9	47	7	7	493	50	0	500	500	500	0	0	0	
3.5596508334e+02	533	13	50	4	6	494	50	0	500	500	500	0	0	0	
3.5649096392e+02	534	13	51	3	11	489	50	0	500	500	500	0	0	0	
3.5699776667e+02	536	11	46	8	5	495	50	0	500	500	500	0	0	0	
3.5748541163e+02	538	10	48	7	7	493	50	0	500	500	500	0	0	0	
3.5799477502e+02	540	9	46	9	9	491	50	0	500	500	500	0	0	0	
3.5847167401e+02	539	9	46	11	4	496	50	0	500	500	500	0	0	0	
3.5899494156e+02	538	12	49	8	9	491	50	0	500	500	500	0	0	0	
3.5949704531e+02	542	8	53	4	9	491	50	0	500	500	500	0	0	0	
3.5998799969e+02	545	6	48	10	7	493	50	0	500	500	500	0	0	0	
3.6047868954e+02	542	9	51	7	2	498	50	0	500	500	500	0	0	0	
3.6098996777e+02	541	8	52	6	5	495	50	0	500	500	500	0	0	0	
3.6141121125e+02	542	8	53	5	3	497	50	0	500	500	500	0	0	0	
3.6199612134e+02	542	7	56	2	5	495	50	0	500	500	500	0	0	0	
3.6249234005e+02	541	9	54	4	4	496	50	0	500	500	500	0	0	0	
3.6297838779e+02	543	6	52	6	5	495	50	0	500	500	500	0	0	0	
3.6348593055e+02	544	7	53	6	2	498	50	0	500	500	500	0	0	0	
3.6399951929e+02	545	6	56	3	4	496	50	0	500	500	500	0	0	0	
3.6448528556e+02	543	8	52	6	2	498	50	0	500	500	500	0	0	0	
3.6498983002e+02	543	7	50	5	3	497	50	0	500	500	500	0	0	0	
3.6549014442e+02	546	5	54	2	2	498	50	0	500	500	500	0	0	0	
3.6597035383e+02	546	6	54	1	3	497	50	0	500	500	500	0	0	0	
3.6649782500e+02	548	5	51	4	7	493	50	0	500	500	500	0	0	0	
3.6699984096e+02	549	5	52	3	5	495	50	0	500	500	500	0	0	0	
3.6748952198e+02	548	6	46	8	2	498	50	0	500	500	500	0	0	0	
3.6798219342e+02	548	8	51	3	12	488	50	0	500	500	500	0	0	0	
3.6847420022e+02	548	9	47	7	3	497	50	0	500	500	500	0	0	0	
3.6899480668e+02	552	6	46	8	6	494	50	0	500	500	500	0	0	0	
3.6949813111e+02	550	7	48	6	3	497	50	0	500	500	500	0	0	0	
3.6997913118e+02	549	8	49	4	5	495	50	0	500	500	500	0	0	0	
3.7046376635e+02	552	3	48	5	4	496	50	0	500	500	500	0	0	0	
3.7099559294e+02	552	3	47	6	2	498	50	0	500	500	500	0	0	0	
3.7149656762e+02	553	3	48	5	2	498	50	0	500	500	500	0	0	0	
3.7199035834e+02	552	3	49	4	4	496	50	0	500	500	500	0	0	0	
3.7248616745e+02	552	4	50	4	1	499	50	0	500	500	500	0	0	0	
3.7299467684e+02	553	3	51	3	6	494	50	0	500	500	500	0	0	0	
3.7346043452e+02	554	3	50	4	2	498	50	0	500	500	500	0	0	0	
3.7398750094e+02	554	5	53	4	2	498	50	0	500	500	500	0	0	0	
3.7444760952e+02	554	5	52	5	3	497	50	0	500	500	500	0	0	0	
3.7498660370e+02	556	5	52	4	3	497	50	0	500	500	500	0	0	0	
3.7549879644e+02	556	5	48	7	6	494	50	0	500	500	500	0	0	0	
3.7599219882e+02	556	5	50	6	2	498	50	0	500	500	500	0	0	0	
3.7648994229e+02	557	4	50	6	6	494	50	0	500	500	500	0	0	0	
3.7699066984e+02	555	8	51	5	7	493	50	0	500	500	500	0	0	0	
3.7749596211e+02	555	7	49	7	8	492	50	0	500	500	500	0	0	0	
3.7798240626e+02	556	6	53	4	4	496	50	0	500	500	500	0	0	0	
3.7848291747e+02	557	6	53	4	10	490	50	0	500	500	500	0	0	0	
3.7898418982e+02	558	6	51	6	5	495	50	0	500	500	500	0	0	0	
3.7949883399e+02	559	7	53	4	5	495	50	0	500	500	500	0	0	0	
3.7998918139e+02	561	6	54	4	8	492	50	0	500	500	500	0	0	0	
3.8049305308e+02	561	8	54	4	7	493	50	0	500	500	500	0	0	0	
3.8099970380e+02	560	8	50	8	4	496	50	0	500	500	500	0	0	0	
3.8148110438e+02	559	8	49	9	2	498	50	0	500	500	500	0	0	0	
3.8199749434e+02	562	5	57	3	4	496	50	0	500	500	500	0	0	0	
3.8249301981e+02	561	7	54	5	9	491	50	0	500	500	500	0	0	0	
3.8299925461e+02	562	7	58	2	9	491	50	0	500	500	500	0	0	0	
3.8345899925e+02	565	4	56	4	1	499	50	0	500	500	500	0	0	0	
3.8399772684e+02	566	3	56	3	5	495	50	0	500	500	500	0	0	0	
3.8448176361e+02	565	5	56	4	7	493	50	0	500	500	500	0	0	0	
3.8499244247e+02	566	5	56	5	4	496	50	0	500	500	500	0	0	0	
3.8545327680e+02	568	6	60	1	6	494	50	0	500	500	500	0	0	0	
3.8598950218e+02	568	7	56	5	8	492	50	0	500	500	500	0	0	0	
3.8646886630e+02	570	5	57	4	5	495	50	0	500	500	500	0	0	0	
3.8699562459e+02	569	5	56	5	6	494	50	0	500	500	500	0	0	0	
3.8745897076e+02	570	5	54	5	9	491	50	0	500	500	500	0	0	0	
3.8798727912e+02	571	7	50	9	9	491	50	0	500	500	500	0	0	0	
3.8849359609e+02	571	9	50	8	7	493	50	0	500	500	500	0	0	0	
3.8897364564e+02	573	8	54	4	6	494	50	0	500	500	500	0	0	0	
3.8948685971e+02	572	8	52	6	4	496	50	0	500	500	500	0	0	0	
3.8999646805e+02	575	6	45	12	7	493	50	0	500	500	500	0	0	0	
3.9049860901e+02	574	7	52	5	6	494	50	0	500	500	500	0	0	0	
3.9098942186e+02	573	10	52	5	7	493	50	0	500	500	500	0	0	0	
3.9148909749e+02	575	10	53	4	8	492	50	0	500	500	500	0	0	0	
3.9198536950e+02	576	9	52	4	8	492	50	0	500	500	500	0	0	0	
3.9249400593e+02	576	10	48	8	5	495	50	0	500	500	500	0	0	0	
3.9299671055e+02	577	11	48	8	6	494	50	0	500	500	500	0	0	0	
3.9348521752e+02	577	13	47	10	8	492	50	0	500	500	500	0	0	0	
3.9398554365e+02	579	12	46	11	6	494	50	0	500	500	500	0	0	0	
3.9449677314e+02	579	13	51	7	6	494	50	0	500	500	500	0	0	0	
3.9499900189e+02	581	11	53	5	11	489	50	0	500	500	500	0	0	0	
3.9548743805e+02	582	10	48	10	14	486	50	0	500	500	500	0	0	0	
3.9598647635e+02	583	8	50	8	9	491	50	0	500	500	500	0	0	0	
3.9649862301e+02	582	9	53	5	5	495	50	0	500	500	500	0	0	0	
3.9698474914e+02	581	10	53	5	3	497	50	0	500	500	500	0	0	0	
3.9749561115e+02	584	7	54	4	9	491	50	0	500	500	500	0	0	0	
3.9799579110e+02	585	6	52	5	7	493	50	0	500	500	500	0	0	0	
3.9847226903e+02	585	5	53	4	7	493	50	0	500	500	500	0	0	0	
3.9899603732e+02	584	6	52	5	4	496	50	0	500	500	500	0	0	0	
3.9949953309e+02	586	5	56	0	5	495	50	0	500	500	500	0	0	0	
3.9997287226e+02	586	5	55	1	2	498	50	0	500	500	500	0	0	0	
4.0047353293e+02	585	6	54	2	6	494	50	0	500	500	500	0	0	0	
4.0099858241e+02	584	6	53	2	6	494	50	0	500	500	500	0	0	0	
4.0144231921e+02	587	4	53	2	5	495	50	0	500	500	500	0	0	0	
4.0198028917e+02	585	7	49	6	4	496	50	0	500	500	500	0	0	0	
4.0249200936e+02	587	7	50	6	0	500	50	0	500	500	500	0	0	0	
4.0293289161e+02	587	7	51	4	0	500	50	0	500	500	500	0	0	0	
4.0349709507e+02	588	6	53	1	6	494	50	0	500	500	500	0	0	0	
4.0399885820e+02	587	7	51	2	7	493	50	0	500	500	500	0	0	0	
4.0446144387e+02	588	6	47	6	2	498	50	0	500	500	500	0	0	0	
4.0497070772e+02	588	6	46	7	3	497	50	0	500	500	500	0	0	0	
4.0549776204e+02	588	5	46	7	9	491	50	0	500	500	500	0	0	0	
4.0599441452e+02	588	5	49	4	7	493	50	0	500	500	500	0	0	0	
4.0648370327e+02	587	7	51	1	8	492	50	0	500	500	500	0	0	0	
4.0698348290e+02	588	6	48	3	3	497	50	0	500	500	500	0	0	0	
4.0748673425e+02	589	5	47	3	9	491	50	0	500	500	500	0	0	0	
4.0798671065e+02	589	5	48	2	5	495	50	0	500	500	500	0	0	0	
4.0848118893e+02	589	6	46	5	7	493	50	0	500	500	500	0	0	0	
4.0899354872e+02	588	7	47	5	6	494	50	0	500	500	500	0	0	0	
4.0948468457e+02	588	8	45	7	4	496	50	0	500	500	500	0	0	0	
4.0999487926e+02	588	7	45	8	9	491	50	0	500	500	500	0	0	0	
4.1049466196e+02	589	7	51	1	12	488	50	0	500	500	500	0	0	0	
4.1097415588e+02	589	6	50	2	2	498	50	0	500	500	500	0	0	0	
4.1149383428e+02	588	9	51	1	6	494	50	0	500	500	500	0	0	0	
4.1198884377e+02	593	6	47	4	2	498	50	0	500	500	500	0	0	0	
4.1249024971e+02	594	6	50	1	5	495	50	0	500	500	500	0	0	0	
4.1299932578e+02	594	7	44	7	6	494	50	0	500	500	500	0	0	0	
4.1344691716e+02	597	4	48	3	7	493	50	0	500	500	500	0	0	0	
4.1397067765e+02	597	4	47	4	3	497	50	0	500	500	500	0	0	0	
4.1447248664e+02	597	4	48	3	1	499	50	0	500	500	500	0	0	0	
4.1498684209e+02	597	3	49	2	0	500	50	0	500	500	500	0	0	0	
4.1543404764e+02	597	3	48	3	3	497	50	0	500	500	500	0	0	0	
4.1594139674e+02	597	3	47	3	1	499	50	0	500	500	500	0	0	0	
4.1649918356e+02	596	3	46	4	6	494	50	0	500	500	500	0	0	0	
4.1696743317e+02	597	4	47	3	4	496	50	0	500	500	500	0	0	0	
4.1749938757e+02	597	6	43	7	2	498	50	0	500	500	500	0	0	0	
4.1799109352e+02	596	6	41	8	9	491	50	0	500	500	500	0	0	0	
4.1849287845e+02	598	4	43	6	6	494	50	0	500	500	500	0	0	0	
4.1898906316e+02	599	5	44	3	7	493	50	0	500	500	500	0	0	0	
4.1945869433e+02	601	3	45	2	2	498	50	0	500	500	500	0	0	0	
4.1995615932e+02	599	7	39	7	0	500	50	0	500	500	500	0	0	0	
4.2049439906e+02	601	6	41	6	5	495	50	0	500	500	500	0	0	0	
4.2098738540e+02	602	5	42	7	0	500	50	0	500	500	500	0	0	0	
4.2149807277e+02	603	8	43	6	5	495	50	0	500	500	500	0	0	0	
4.2199940210e+02	604	11	41	8	7	493	50	0	500	500	500	0	0	0	
4.2249397040e+02	607	9	44	5	7	493	50	0	500	500	500	0	0	0	
4.2299710478e+02	606	9	45	4	4	496	50	0	500	500	500	0	0	0	
4.2349042664e+02	608	9	41	8	5	495	50	0	500	500	500	0	0	0	
4.2399332307e+02	605	8	44	6	6	494	50	0	500	500	500	0	0	0	
4.2449285947e+02	605	9	45	6	5	495	50	0	500	500	500	0	0	0	
4.2499730903e+02	603	11	45	6	7	493	50	0	500	500	500	0	0	0	
4.2549556832e+02	605	9	44	6	10	490	50	0	500	500	500	0	0	0	
4.2596828935e+02	606	9	42	7	4	496	50	0	500	500	500	0	0	0	
4.2648338648e+02	604	11	39	10	9	491	50	0	500	500	500	0	0	0	
4.2699254092e+02	602	12	48	2	8	492	50	0	500	500	500	0	0	0	
4.2749711607e+02	604	11	44	6	8	492	50	0	500	500	500	0	0	0	
4.2799801818e+02	605	12	43	7	9	491	50	0	500	500	500	0	0	0	
4.2849963755e+02	608	10	41	9	4	496	50	0	500	500	500	0	0	0	
4.2898170515e+02	610	8	46	4	4	496	50	0	500	500	500	0	0	0	
4.2948386702e+02	608	9	48	2	1	499	50	0	500	500	500	0	0	0	
4.2999569111e+02	611	5	48	2	6	494	50	0	500	500	500	0	0	0	
4.3048648883e+02	609	9	42	7	5	495	50	0	500	500	500	0	0	0	
4.3098556165e+02	610	9	39	11	4	496	50	0	500	500	500	0	0	0	
4.3149185756e+02	612	7	42	8	5	495	50	0	500	500	500	0	0	0	
4.3199507957e+02	614	6	41	9	3	497	50	0	500	500	500	0	0	0	
4.3247979492e+02	614	5	46	3	9	491	50	0	500	500	500	0	0	0	
4.3299118982e+02	615	5	44	5	6	494	50	0	500	500	500	0	0	0	
4.3349363175e+02	610	10	42	5	5	495	50	0	500	500	500	0	0	0	
4.3398185195e+02	610	8	42	4	4	496	50	0	500	500	500	0	0	0	
4.3449580856e+02	613	5	45	2	6	494	50	0	500	500	500	0	0	0	
4.3499249533e+02	612	6	39	7	7	493	50	0	500	500	500	0	0	0	
4.3549762289e+02	613	5	42	3	6	494	50	0	500	500	500	0	0	0	
4.3599537168e+02	614	4	42	3	2	498	50	0	500	500	500	0	0	0	
4.3647611730e+02	611	8	41	5	6	494	50	0	500	500	500	0	0	0	
4.3698850772e+02	613	6	41	6	5	495	50	0	500	500	500	0	0	0	
4.3748741899e+02	615	5	45	1	1	499	50	0	500	500	500	0	0	0	
4.3797503736e+02	616	4	43	4	7	493	50	0	500	500	500	0	0	0	
4.3849674091e+02	616	3	45	3	7	493	50	0	500	500	500	0	0	0	
4.3898657642e+02	616	3	45	2	2	498	50	0	500	500	500	0	0	0	
4.3946631126e+02	616	4	46	1	4	496	50	0	500	500	500	0	0	0	
4.3992727376e+02	615	5	42	5	4	496	50	0	500	500	500	0	0	0	
4.4048665153e+02	616	5	42	5	6	494	50	0	500	500	500	0	0	0	
4.4098497178e+02	616	5	45	2	1	499	50	0	500	500	500	0	0	0	
4.4149392092e+02	614	5	44	4	5	495	50	0	500	500	500	0	0	0	
4.4199926428e+02	613	7	43	4	3	497	50	0	500	500	500	0	0	0	
4.4249519501e+02	613	7	44	5	4	496	50	0	500	500	500	0	0	0	
4.4299230166e+02	615	7	47	2	4	496	50	0	500	500	500	0	0	0	
4.4347823428e+02	614	7	43	4	4	496	50	0	500	500	500	0	0	0	
4.4398740346e+02	615	6	41	7	1	499	50	0	500	500	500	0	0	0	
4.4448335443e+02	614	7	41	7	5	495	50	0	500	500	500	0	0	0	
4.4499457167e+02	615	6	44	4	4	496	50	0	500	500	500	0	0	0	
4.4547855290e+02	615	7	45	3	6	494	50	0	500	500	500	0	0	0	
4.4599341440e+02	613	8	46	3	9	491	50	0	500	500	500	0	0	0	
4.4648846001e+02	614	7	46	3	8	492	50	0	500	500	500	0	0	0	
4.4699528361e+02	616	5	45	5	2	498	50	0	500	500	500	0	0	0	
4.4747730157e+02	616	7	45	4	6	494	50	0	500	500	500	0	0	0	
4.4799946502e+02	618	5	44	5	11	489	50	0	500	500	500	0	0	0	
4.4848518054e+02	615	7	40	8	8	492	50	0	500	500	500	0	0	0	
4.4899968154e+02	616	6	41	7	4	496	50	0	500	500	500	0	0	0	
4.4949963136e+02	616	6	41	6	7	493	50	0	500	500	500	0	0	0	
4.4997367928e+02	617	6	46	1	2	498	50	0	500	500	500	0	0	0	
4.5048402608e+02	617	6	47	2	5	495	50	0	500	500	500	0	0	0	
4.5093242890e+02	619	5	48	2	5	495	50	0	500	500	500	0	0	0	
4.5148443833e+02	618	6	49	1	5	495	50	0	500	500	500	0	0	0	
4.5199386436e+02	618	8	40	10	6	494	50	0	500	500	500	0	0	0	
4.5249885013e+02	617	9	39	10	6	494	50	0	500	500	500	0	0	0	
4.5299358575e+02	615	10	42	7	4	496	50	0	500	500	500	0	0	0	
4.5348866872e+02	614	12	40	9	6	494	50	0	500	500	500	0	0	0	
4.5396501844e+02	614	13	43	6	6	494	50	0	500	500	500	0	0	0	
4.5449950877e+02	614	13	43	6	4	496	50	0	500	500	500	0	0	0	
4.5499949792e+02	613	13	43	7	5	495	50	0	500	500	500	0	0	0	
4.5549665085e+02	613	14	48	2	6	494	50	0	500	500	500	0	0	0	
4.5598442772e+02	614	13	48	3	8	492	50	0	500	500	500	0	0	0	
4.5649752193e+02	614	12	46	5	15	485	50	0	500	500	500	0	0	0	
4.5699800749e+02	615	12	47	4	11	489	50	0	500	500	500	0	0	0	
4.5747134156e+02	618	8	47	3	3	497	50	0	500	500	500	0	0	0	
4.5796644374e+02	618	11	45	5	6	494	50	0	500	500	500	0	0	0	
4.5848572953e+02	617	13	42	8	9	491	50	0	500	500	500	0	0	0	
4.5899107516e+02	620	13	43	7	10	490	50	0	500	500	500	0	0	0	
4.5949814539e+02	620	14	44	6	7	493	50	0	500	500	500	0	0	0	
4.5999743629e+02	625	12	40	9	7	493	50	0	500	500	500	0	0	0	
4.6047635678e+02	626	14	35	14	3	497	50	0	500	500	500	0	0	0	
4.6099237806e+02	629	11	40	10	9	491	50	0	500	500	500	0	0	0	
4.6148235202e+02	632	11	42	8	11	489	50	0	500	500	500	0	0	0	
4.6198246607e+02	632	11	42	9	4	496	50	0	500	500	500	0	0	0	
4.6248012086e+02	635	8	47	4	3	497	50	0	500	500	500	0	0	0	
4.6296996892e+02	634	9	50	2	4	496	50	0	500	500	500	0	0	0	
4.6346515138e+02	635	7	46	6	3	497	50	0	500	500	500	0	0	0	
4.6398830707e+02	638	5	42	10	5	495	50	0	500	500	500	0	0	0	
4.6449021687e+02	639	4	41	10	2	498	50	0	500	500	500	0	0	0	
4.6497274025e+02	640	3	44	8	5	495	50	0	500	500	500	0	0	0	
4.6548593809e+02	640	1	49	4	3	497	50	0	500	500	500	0	0	0	
4.6598838681e+02	640	1	50	2	2	498	50	0	500	500	500	0	0	0	
4.6649694152e+02	640	2	50	2	9	491	50	0	500	500	500	0	0	0	
4.6699458204e+02	641	3	49	3	6	494	50	0	500	500	500	0	0	0	
4.6747386830e+02	640	4	50	2	7	493	50	0	500	500	500	0	0	0	
4.6798005095e+02	639	4	49	4	5	495	50	0	500	500	500	0	0	0	
4.6848709566e+02	641	4	48	5	0	500	50	0	500	500	500	0	0	0	
4.6899748259e+02	640	5	51	2	5	495	50	0	500	500	500	0	0	0	
4.6949258550e+02	639	5	51	2	7	493	50	0	500	500	500	0	0	0	
4.6999594677e+02	638	4	51	4	12	488	50	0	500	500	500	0	0	0	
4.7049496275e+02	637	3	53	3	3	497	50	0	500	500	500	0	0	0	
4.7099791628e+02	637	1	54	1	2	498	50	0	500	500	500	0	0	0	
4.7147983085e+02	636	3	56	0	3	497	50	0	500	500	500	0	0	0	
4.7194771737e+02	636	2	56	0	4	496	50	0	500	500	500	0	0	0	
4.7249754117e+02	634	3	52	4	2	498	50	0	500	500	500	0	0	0	
4.7299891710e+02	634	5	51	5	4	496	50	0	500	500	500	0	0	0	
4.7349183573e+02	636	5	54	3	3	497	50	0	500	500	500	0	0	0	
4.7398690276e+02	637	3	54	3	4	496	50	0	500	500	500	0	0	0	
4.7448349713e+02	636	3	55	2	1	499	50	0	500	500	500	0	0	0	
4.7498553800e+02	634	4	52	3	2	498	50	0	500	500	500	0	0	0	
4.7549852291e+02	634	6	52	3	3	497	50	0	500	500	500	0	0	0	
4.7598910929e+02	635	6	49	5	6	494	50	0	500	500	500	0	0	0	
4.7649295877e+02	636	7	48	5	5	495	50	0	500	500	500	0	0	0	
4.7697358387e+02	635	7	47	5	7	493	50	0	500	500	500	0	0	0	
4.7749402985e+02	632	7	45	7	5	495	50	0	500	500	500	0	0	0	
4.7799448392e+02	630	9	41	11	7	493	50	0	500	500	500	0	0	0	
4.7848009653e+02	629	11	46	6	9	491	50	0	500	500	500	0	0	0	
4.7899827681e+02	626	14	43	9	5	495	50	0	500	500	500	0	0	0	
4.7949173038e+02	628	10	48	5	7	493	50	0	500	500	500	0	0	0	
4.7998896339e+02	628	12	48	5	7	493	50	0	500	500	500	0	0	0	
4.8046740818e+02	630	11	49	4	1	499	50	0	500	500	500	0	0	0	
4.8099554957e+02	631	10	51	1	5	495	50	0	500	500	500	0	0	0	
4.8149791309e+02	632	9	50	3	4	496	50	0	500	500	500	0	0	0	
4.8199190037e+02	637	4	49	6	6	494	50	0	500	500	500	0	0	0	
4.8249146029e+02	638	6	52	3	5	495	50	0	500	500	500	0	0	0	
4.8296363224e+02	638	9	53	2	5	495	50	0	500	500	500	0	0	0	
4.8346006442e+02	639	7	51	4	3	497	50	0	500	500	500	0	0	0	
4.8399612160e+02	638	10	52	4	4	496	50	0	500	500	500	0	0	0	
4.8449072777e+02	639	9	48	9	2	498	50	0	500	500	500	0	0	0	
4.8499411597e+02	639	10	48	8	4	496	50	0	500	500	500	0	0	0	
4.8549788468e+02	639	9	47	9	4	496	50	0	500	500	500	0	0	0	
4.8597876710e+02	639	10	47	9	4	496	50	0	500	500	500	0	0	0	
4.8649438128e+02	640	12	46	10	5	495	50	0	500	500	500	0	0	0	
4.8697049292e+02	642	9	52	5	5	495	50	0	500	500	500	0	0	0	
4.8747305642e+02	646	5	54	4	3	497	50	0	500	500	500	0	0	0	
4.8799353850e+02	645	8	52	5	1	499	50	0	500	500	500	0	0	0	
4.8847807481e+02	645	8	51	5	5	495	50	0	500	500	500	0	0	0	
4.8899679891e+02	646	9	42	13	5	495	50	0	500	500	500	0	0	0	
4.8949075838e+02	645	9	50	5	6	494	50	0	500	500	500	0	0	0	
4.8999727835e+02	644	12	48	7	8	492	50	0	500	500	500	0	0	0	
4.9049779615e+02	648	11	45	9	4	496	50	0	500	500	500	0	0	0	
4.9098481381e+02	646	13	42	12	5	495	50	0	500	500	500	0	0	0	
4.9148756244e+02	644	12	47	7	5	495	50	0	500	500	500	0	0	0	
4.9199435091e+02	644	10	51	3	10	490	50	0	500	500	500	0	0	0	
4.9248809388e+02	645	10	50	3	7	493	50	0	500	500	500	0	0	0	
4.9299001883e+02	646	9	45	8	9	491	50	0	500	500	500	0	0	0	
4.9348250651e+02	644	12	45	8	5	495	50	0	500	500	500	0	0	0	
4.9399692950e+02	645	10	45	9	4	496	50	0	500	500	500	0	0	0	
4.9449290425e+02	645	12	48	7	6	494	50	0	500	500	500	0	0	0	
4.9497361692e+02	645	13	53	2	5	495	50	0	500	500	500	0	0	0	
4.9548316430e+02	648	10	51	4	6	494	50	0	500	500	500	0	0	0	
4.9598903696e+02	651	6	47	7	9	491	50	0	500	500	500	0	0	0	
4.9648466405e+02	650	9	46	8	5	495	50	0	500	500	500	0	0	0	
4.9699007165e+02	647	10	45	9	6	494	50	0	500	500	500	0	0	0	
4.9749386541e+02	647	10	45	8	6	494	50	0	500	500	500	0	0	0	
4.9799853888e+02	649	9	46	8	4	496	50	0	500	500	500	0	0	0	
4.9849540746e+02	651	8	43	10	9	491	50	0	500	500	500	0	0	0	
4.9897600685e+02	650	9	44	9	1	499	50	0	500	500	500	0	0	0	
4.9948658532e+02	652	8	44	9	4	496	50	0	500	500	500	0	0	0	
4.9999246063e+02	652	11	45	10	7	493	50	0	500	500	500	0	0	0	
5.0000911902e+02	652	11	45	10	8	492	50	0	500	500	500	0	0	0	
