0.0000000000e+00	0	0	500	0	0	0	0	50	500	500	500	500	500	0	
4.9056330243e-01	0	0	500	0	1	6	0	50	500	500	500	500	500	0	
9.9781586332e-01	0	0	500	0	2	15	0	50	500	500	500	500	500	0	
1.4976023374e+00	0	2	500	0	1	14	0	50	500	500	500	500	500	0	
1.9905586197e+00	0	2	500	0	4	5	0	50	500	500	500	500	500	0	
2.4984657635e+00	0	2	499	1	2	6	0	50	500	500	500	500	500	0	
2.9999503324e+00	0	3	499	1	3	7	0	50	500	500	500	500	500	0	
3.4957584343e+00	1	2	499	1	1	8	0	50	500	500	500	500	500	0	
3.9960550558e+00	1	4	499	1	2	6	0	50	500	500	500	500	500	0	
4.4976234022e+00	1	5	500	0	2	7	0	50	500	500	500	500	500	0	
4.9914086707e+00	1	7	499	1	2	4	0	50	500	500	500	500	500	0	
5.4974121602e+00	1	7	496	4	2	4	0	50	500	500	500	500	500	0	
5.9979476659e+00	1	9	495	5	2	8	0	50	500	500	500	500	500	0	
6.4926250558e+00	1	9	492	8	2	12	0	50	500	500	500	500	500	0	
6.9796676390e+00	1	9	495	5	2	7	0	50	500	500	500	500	500	0	
7.4875695614e+00	1	11	493	7	0	3	0	50	500	500	500	500	500	0	
7.9946427187e+00	1	13	495	5	0	6	0	50	500	500	500	500	500	0	
8.4962469554e+00	1	13	494	6	1	6	0	50	500	500	500	500	500	0	
8.9948652211e+00	1	15	486	14	3	5	0	50	500	500	500	500	500	0	
9.4891104152e+00	1	15	487	13	1	8	0	50	500	500	500	500	500	0	
9.9947065078e+00	1	15	487	13	0	8	0	50	500	500	500	500	500	0	
1.0491347063e+01	2	14	486	14	5	8	0	50	500	500	500	500	500	0	
1.0993529684e+01	2	14	488	12	4	10	0	50	500	500	500	500	500	0	
1.1497513946e+01	2	17	493	7	3	3	0	50	500	500	500	500	500	0	
1.1999509994e+01	2	18	490	10	2	9	0	50	500	500	500	500	500	0	
1.2494963505e+01	2	18	488	12	4	5	0	50	500	500	500	500	500	0	
1.2999524030e+01	2	18	494	6	2	8	0	50	500	500	500	500	500	0	
1.3488776120e+01	2	18	492	8	1	5	0	50	500	500	500	500	500	0	
1.3999569836e+01	2	19	487	13	1	3	0	50	500	500	500	500	500	0	
1.4493293258e+01	2	20	490	10	5	7	0	50	500	500	500	500	500	0	
1.4999790720e+01	2	22	487	13	2	9	0	50	500	500	500	500	500	0	
1.5496934604e+01	2	22	480	20	0	6	0	50	500	500	500	500	500	0	
1.5992516176e+01	2	24	476	24	0	3	0	50	500	500	500	500	500	0	
1.6498245615e+01	3	24	479	21	3	8	0	50	500	500	500	500	500	0	
1.6998583431e+01	3	27	477	23	3	5	0	50	500	500	500	500	500	0	
1.7498127592e+01	3	27	472	28	0	9	0	50	500	500	500	500	500	0	
1.7999591597e+01	3	31	463	37	4	7	0	50	500	500	500	500	500	0	
1.8499818682e+01	3	34	469	31	6	7	0	50	500	500	500	500	500	0	
1.8986675872e+01	3	36	472	28	3	12	0	50	500	500	500	500	500	0	
1.9499402197e+01	4	36	468	32	4	5	0	50	500	500	500	500	500	0	
1.9993285984e+01	6	36	470	30	4	7	0	50	500	500	500	500	500	0	
2.0491075533e+01	7	35	469	31	4	6	0	50	500	500	500	500	500	0	
2.0999151520e+01	7	34	463	37	1	5	0	50	500	500	500	500	500	0	
2.1497412997e+01	7	35	462	38	2	2	0	50	500	500	500	500	500	0	
2.1994419720e+01	7	36	467	33	3	1	0	50	500	500	500	500	500	0	
2.2497253038e+01	6	38	461	39	1	7	0	50	500	500	500	500	500	0	
2.2995777512e+01	7	39	466	34	3	3	0	50	500	500	500	500	500	0	
2.3481666625e+01	9	37	465	35	2	10	0	50	500	500	500	500	500	0	
2.3999006538e+01	10	36	452	48	2	8	0	50	500	500	500	500	500	0	
2.4494343061e+01	10	37	457	43	3	8	0	50	500	500	500	500	500	0	
2.4996952449e+01	10	38	455	45	1	5	0	50	500	500	500	500	500	0	
2.5499581508e+01	10	39	454	46	2	6	0	50	500	500	500	500	500	0	
2.5999852993e+01	10	39	453	47	1	7	0	50	500	500	500	500	500	0	
2.6492799035e+01	10	42	443	57	1	6	0	50	500	500	500	500	500	0	
2.6995348345e+01	10	42	442	58	2	7	0	50	500	500	500	500	500	0	
2.7498917307e+01	10	42	442	58	6	7	0	50	500	500	500	500	500	0	
2.7996705290e+01	11	41	459	41	6	3	0	50	500	500	500	500	500	0	
2.8497841164e+01	12	40	452	48	3	13	0	50	500	500	500	500	500	0	
2.8999714940e+01	13	40	447	53	3	13	0	50	500	500	500	500	500	0	
2.9496842466e+01	14	39	461	39	5	10	0	50	500	500	500	500	500	0	
2.9990039384e+01	14	41	460	40	5	9	0	50	500	500	500	500	500	0	
3.0499522069e+01	15	40	466	34	3	7	0	50	500	500	500	500	500	0	
3.0999874381e+01	16	40	452	48	6	9	0	50	500	500	500	500	500	0	
3.1489743808e+01	16	42	455	45	1	8	0	50	500	500	500	500	500	0	
3.1992593042e+01	15	43	448	52	5	7	0	50	500	500	500	500	500	0	
3.2498235158e+01	15	43	448	52	5	5	0	50	500	500	500	500	500	0	
3.2999929653e+01	16	44	449	51	2	9	0	50	500	500	500	500	500	0	
3.3494883579e+01	16	46	449	51	4	7	0	50	500	500	500	500	500	0	
3.3998587441e+01	16	48	446	54	4	6	0	50	500	500	500	500	500	0	
3.4486592897e+01	16	49	452	48	3	5	0	50	500	500	500	500	500	0	
3.4991160347e+01	15	51	451	49	1	4	0	50	500	500	500	500	500	0	
3.5498288114e+01	16	50	431	69	6	6	0	50	500	500	500	500	500	0	
3.5998776048e+01	17	49	423	77	2	10	0	50	500	500	500	500	500	0	
3.6499887693e+01	16	51	417	83	4	5	0	50	500	500	500	500	500	0	
3.6991391416e+01	15	52	420	80	2	4	0	50	500	500	500	500	500	0	
3.7498341933e+01	15	52	417	83	2	4	0	50	500	500	500	500	500	0	
3.7997757050e+01	16	51	425	75	4	3	0	50	500	500	500	500	500	0	
3.8495617937e+01	16	51	418	82	3	5	0	50	500	500	500	500	500	0	
3.8997622109e+01	16	53	413	87	2	11	0	50	500	500	500	500	500	0	
3.9497606920e+01	15	55	406	94	1	8	0	50	500	500	500	500	500	0	
3.9997077547e+01	15	57	407	93	3	3	0	50	500	500	500	500	500	0	
4.0499091499e+01	14	59	404	96	1	2	0	50	500	500	500	500	500	0	
4.0997957362e+01	14	59	401	99	4	6	0	50	500	500	500	500	500	0	
4.1495843516e+01	15	58	392	108	3	10	0	50	500	500	500	500	500	0	
4.1989176448e+01	15	60	383	117	3	8	0	50	500	500	500	500	500	0	
4.2497144865e+01	14	62	382	118	5	3	0	50	500	500	500	500	500	0	
4.2999130462e+01	13	65	378	122	1	10	0	50	500	500	500	500	500	0	
4.3498410169e+01	13	65	370	130	8	6	0	50	500	500	500	500	500	0	
4.3999005032e+01	14	64	381	119	10	5	0	50	500	500	500	500	500	0	
4.4498868407e+01	13	66	371	129	3	7	0	50	500	500	500	500	500	0	
4.4994824917e+01	13	67	381	119	1	5	0	50	500	500	500	500	500	0	
4.5496765396e+01	13	67	381	119	2	5	0	50	500	500	500	500	500	0	
4.5996443545e+01	11	70	379	121	1	9	0	50	500	500	500	500	500	0	
4.6497243367e+01	10	72	363	137	3	6	0	50	500	500	500	500	500	0	
4.6998596725e+01	9	74	349	151	3	9	0	50	500	500	500	500	500	0	
4.7499687695e+01	6	78	346	154	6	9	0	50	500	500	500	500	500	0	
4.7999176104e+01	7	78	333	167	5	6	0	50	500	500	500	500	500	0	
4.8497725911e+01	9	76	320	180	5	2	0	50	500	500	500	500	500	0	
4.8996753679e+01	10	76	294	206	3	4	0	50	500	500	500	500	500	0	
4.9499731707e+01	8	78	291	209	5	4	0	50	500	500	500	500	500	0	
4.9998637795e+01	7	81	282	218	5	9	0	50	500	500	500	500	500	0	
5.0497825947e+01	8	81	253	247	3	5	0	50	500	500	500	500	500	0	
5.0996902780e+01	6	84	237	263	3	3	0	50	500	500	500	500	500	0	
5.1499595856e+01	6	85	244	256	3	7	0	50	500	500	500	500	500	0	
5.1999861325e+01	8	83	233	267	3	6	0	50	500	500	500	500	500	0	
5.2499807448e+01	8	83	204	296	6	6	0	50	500	500	500	500	500	0	
5.2998435720e+01	8	83	210	290	3	11	0	50	500	500	500	500	500	0	
5.3495851813e+01	10	82	210	290	5	5	0	50	500	500	500	500	500	0	
5.3998850152e+01	10	83	210	290	3	7	0	50	500	500	500	500	500	0	
5.4498126425e+01	8	85	198	302	3	9	0	50	500	500	500	500	500	0	
5.4997317223e+01	8	85	210	290	1	3	0	50	500	500	500	500	500	0	
5.5498389470e+01	6	89	221	279	2	6	0	50	500	500	500	500	500	0	
5.5999187005e+01	6	90	210	290	8	6	0	50	500	500	500	500	500	0	
5.6499305205e+01	6	91	185	315	4	11	0	50	500	500	500	500	500	0	
5.6999271956e+01	5	92	172	328	4	7	0	50	500	500	500	500	500	0	
5.7498757878e+01	5	92	161	339	2	7	0	50	500	500	500	500	500	0	
5.7994073251e+01	4	94	134	366	8	8	0	50	500	500	500	500	500	0	
5.8498525383e+01	4	95	129	371	7	7	0	50	500	500	500	500	500	0	
5.8999971243e+01	5	93	130	370	6	8	0	50	500	500	500	500	500	0	
5.9498804847e+01	4	95	125	375	5	7	0	50	500	500	500	500	500	0	
5.9988497727e+01	3	98	122	378	3	6	0	50	500	500	500	500	500	0	
6.0499660566e+01	3	99	134	366	3	5	0	50	500	500	500	500	500	0	
6.0998989120e+01	5	98	138	362	2	6	0	50	500	500	500	500	500	0	
6.1496768240e+01	4	99	138	362	3	4	0	50	500	500	500	500	500	0	
6.1997921163e+01	4	100	155	345	5	5	0	50	500	500	500	500	500	0	
6.2497911538e+01	4	101	138	362	4	12	0	50	500	500	500	500	500	0	
6.2999931307e+01	5	102	140	360	1	7	0	50	500	500	500	500	500	0	
6.3494548093e+01	5	104	141	359	2	4	0	50	500	500	500	500	500	0	
6.3998869553e+01	5	106	118	382	7	7	0	50	500	500	500	500	500	0	
6.4499143572e+01	3	109	115	385	4	4	0	50	500	500	500	500	500	0	
6.4999916677e+01	3	110	118	382	5	11	0	50	500	500	500	500	500	0	
6.5499038925e+01	4	112	116	384	0	10	0	50	500	500	500	500	500	0	
6.5999130524e+01	6	109	89	411	4	5	0	50	500	500	500	500	500	0	
6.6499091730e+01	3	112	100	400	2	7	0	50	500	500	500	500	500	0	
6.6995298377e+01	5	112	115	385	4	8	0	50	500	500	500	500	500	0	
6.7496131903e+01	5	113	109	391	4	7	0	50	500	500	500	500	500	0	
6.7998031149e+01	6	113	99	401	1	6	0	50	500	500	500	500	500	0	
6.8499451801e+01	4	115	96	404	2	8	0	50	500	500	500	500	500	0	
6.8999776864e+01	3	116	79	421	3	6	0	50	500	500	500	500	500	0	
6.9498862987e+01	2	117	85	415	1	7	0	50	500	500	500	500	500	0	
6.9999792111e+01	2	117	93	407	1	5	0	50	500	500	500	500	500	0	
7.0496362659e+01	2	117	68	432	2	3	0	50	500	500	500	500	500	0	
7.0999807500e+01	4	117	67	433	1	12	0	50	500	500	500	500	500	0	
7.1499783608e+01	7	115	70	430	3	7	0	50	500	500	500	500	500	0	
7.1995514148e+01	6	117	71	429	2	4	0	50	500	500	500	500	500	0	
7.2495319317e+01	6	117	82	418	3	4	0	50	500	500	500	500	500	0	
7.2999855450e+01	5	118	79	421	4	3	0	50	500	500	500	500	500	0	
7.3495175787e+01	3	121	67	433	3	3	0	50	500	500	500	500	500	0	
7.3997640658e+01	2	123	72	428	6	3	0	50	500	500	500	500	500	0	
7.4499583458e+01	2	123	66	434	4	11	0	50	500	500	500	500	500	0	
7.4998559665e+01	1	125	59	441	1	6	0	50	500	500	500	500	500	0	
7.5499805133e+01	4	123	60	440	2	8	0	50	500	500	500	500	500	0	
7.5999802333e+01	8	119	55	445	5	9	0	50	500	500	500	500	500	0	
7.6497401176e+01	5	122	55	445	6	7	0	50	500	500	500	500	500	0	
7.6998378474e+01	7	121	59	441	3	8	0	50	500	500	500	500	500	0	
7.7494995217e+01	8	122	63	437	6	9	0	50	500	500	500	500	500	0	
7.7995779498e+01	3	128	74	426	4	4	0	50	500	500	500	500	500	0	
7.8496622331e+01	2	130	66	434	3	7	0	50	500	500	500	500	500	0	
7.8996900655e+01	2	132	63	437	2	7	0	50	500	500	500	500	500	0	
7.9499003868e+01	4	131	48	452	1	5	0	50	500	500	500	500	500	0	
7.9996652360e+01	2	137	58	442	4	9	0	50	500	500	500	500	500	0	
8.0498627393e+01	4	135	48	452	4	8	0	50	500	500	500	500	500	0	
8.0996710521e+01	2	138	53	447	4	5	0	50	500	500	500	500	500	0	
8.1499539836e+01	2	138	57	443	4	6	0	50	500	500	500	500	500	0	
8.1996303495e+01	2	138	62	438	1	3	0	50	500	500	500	500	500	0	
8.2492924438e+01	3	137	67	433	3	7	0	50	500	500	500	500	500	0	
8.2999316926e+01	3	139	59	441	3	7	0	50	500	500	500	500	500	0	
8.3498066136e+01	5	137	58	442	2	5	0	50	500	500	500	500	500	0	
8.3992937563e+01	6	135	59	441	2	7	0	50	500	500	500	500	500	0	
8.4495655863e+01	7	134	45	455	6	11	0	50	500	500	500	500	500	0	
8.4998565947e+01	6	137	54	446	3	7	0	50	500	500	500	500	500	0	
8.5499658743e+01	7	139	51	449	3	5	0	50	500	500	500	500	500	0	
8.5998531886e+01	7	141	49	451	3	9	0	50	500	500	500	500	500	0	
8.6497351915e+01	5	142	38	462	4	4	0	50	500	500	500	500	500	0	
8.6997609147e+01	4	144	48	452	4	7	0	50	500	500	500	500	500	0	
8.7496938956e+01	3	146	46	454	3	1	0	50	500	500	500	500	500	0	
8.7997388911e+01	2	148	50	450	1	5	0	50	500	500	500	500	500	0	
8.8499315552e+01	2	149	43	457	5	7	0	50	500	500	500	500	500	0	
8.8991450277e+01	2	151	38	462	3	6	0	50	500	500	500	500	500	0	
8.9492081605e+01	2	152	31	469	1	8	0	50	500	500	500	500	500	0	
8.9997212224e+01	3	152	49	451	1	11	0	50	500	500	500	500	500	0	
9.0495573662e+01	2	153	40	460	5	6	0	50	500	500	500	500	500	0	
9.0999913781e+01	3	154	29	471	2	6	0	50	500	500	500	500	500	0	
9.1497339416e+01	3	154	34	466	4	3	0	50	500	500	500	500	500	0	
9.1995073814e+01	6	152	51	449	4	4	0	50	500	500	500	500	500	0	
9.2496237284e+01	7	154	33	467	3	3	0	50	500	500	500	500	500	0	
9.2997580270e+01	8	154	28	472	4	6	0	50	500	500	500	500	500	0	
9.3499865094e+01	8	154	37	463	1	7	0	50	500	500	500	500	500	0	
9.3989914968e+01	8	155	54	446	5	3	0	50	500	500	500	500	500	0	
9.4499305589e+01	11	153	45	455	1	10	0	50	500	500	500	500	500	0	
9.4993723575e+01	12	153	47	453	2	7	0	50	500	500	500	500	500	0	
9.5488170310e+01	13	154	44	456	5	7	0	50	500	500	500	500	500	0	
9.5999815961e+01	11	156	28	472	6	6	0	50	500	500	500	500	500	0	
9.6497178148e+01	8	159	34	466	5	7	0	50	500	500	500	500	500	0	
9.6998223506e+01	9	160	37	463	5	5	0	50	500	500	500	500	500	0	
9.7499449737e+01	6	164	26	474	3	6	0	50	500	500	500	500	500	0	
9.7999523596e+01	6	163	39	461	2	4	0	50	500	500	500	500	500	0	
9.8498826874e+01	5	164	31	469	3	8	0	50	500	500	500	500	500	0	
9.8998011172e+01	6	164	46	454	7	8	0	50	500	500	500	500	500	0	
9.9499090636e+01	8	162	46	454	0	8	0	50	500	500	500	500	500	0	
9.9996940229e+01	7	162	43	457	4	6	0	50	500	500	500	500	500	0	
1.0049483646e+02	7	162	44	456	2	9	0	50	500	500	500	500	500	0	
1.0099203358e+02	7	162	43	457	0	8	0	50	500	500	500	500	500	0	
1.0149957458e+02	10	161	52	448	0	7	0	50	500	500	500	500	500	0	
1.0199979977e+02	9	162	57	443	2	6	0	50	500	500	500	500	500	0	
1.0249928850e+02	7	164	42	458	3	6	0	50	500	500	500	500	500	0	
1.0299927711e+02	6	165	22	478	4	4	0	50	500	500	500	500	500	0	
1.0349259100e+02	4	167	34	466	1	7	0	50	500	500	500	500	500	0	
1.0399742177e+02	3	168	29	471	4	7	0	50	500	500	500	500	500	0	
1.0449906836e+02	5	167	21	479	7	6	0	50	500	500	500	500	500	0	
1.0499949931e+02	6	167	17	483	6	2	0	50	500	500	500	500	500	0	
1.0549930618e+02	7	167	30	470	2	5	0	50	500	500	500	500	500	0	
1.0599891678e+02	6	168	28	472	2	5	0	50	500	500	500	500	500	0	
1.0649985563e+02	7	167	36	464	5	5	0	50	500	500	500	500	500	0	
1.0699803118e+02	5	168	39	461	10	7	0	50	500	500	500	500	500	0	
1.0749260286e+02	5	169	26	474	7	7	0	50	500	500	500	500	500	0	
1.0799625574e+02	7	168	25	475	5	4	0	50	500	500	500	500	500	0	
1.0849671352e+02	8	169	34	466	5	10	0	50	500	500	500	500	500	0	
1.0899993156e+02	11	169	44	456	6	13	0	50	500	500	500	500	500	0	
1.0949886655e+02	10	171	41	459	4	14	0	50	500	500	500	500	500	0	
1.0999750629e+02	9	173	36	464	3	8	0	50	500	500	500	500	500	0	
1.1049690979e+02	10	173	47	453	3	9	0	50	500	500	500	500	500	0	
1.1099860945e+02	8	173	36	464	0	7	0	50	500	500	500	500	500	0	
1.1149841096e+02	9	172	43	457	2	4	0	50	500	500	500	500	500	0	
1.1199959879e+02	10	172	37	463	3	3	0	50	500	500	500	500	500	0	
1.1249981021e+02	9	175	33	467	1	4	0	50	500	500	500	500	500	0	
1.1299808269e+02	7	178	28	472	0	3	0	50	500	500	500	500	500	0	
1.1349671831e+02	6	180	24	476	5	5	0	50	500	500	500	500	500	0	
1.1398881558e+02	7	179	46	454	6	6	0	50	500	500	500	500	500	0	
1.1449988974e+02	7	180	29	471	2	6	0	50	500	500	500	500	500	0	
1.1499999836e+02	6	183	37	463	4	3	0	50	500	500	500	500	500	0	
1.1549790482e+02	8	181	36	464	2	8	0	50	500	500	500	500	500	0	
1.1599873968e+02	10	181	33	467	4	3	0	50	500	500	500	500	500	0	
1.1648917618e+02	8	183	30	470	2	4	0	50	500	500	500	500	500	0	
1.1699911804e+02	6	185	20	480	3	3	0	50	500	500	500	500	500	0	
1.1749785436e+02	6	185	26	474	2	7	0	50	500	500	500	500	500	0	
1.1799960974e+02	8	183	22	478	2	8	0	50	500	500	500	500	500	0	
1.1849873359e+02	10	183	29	471	1	4	0	50	500	500	500	500	500	0	
1.1899817679e+02	10	184	24	476	1	7	0	50	500	500	500	500	500	0	
1.1949769149e+02	10	184	32	468	5	4	0	50	500	500	500	500	500	0	
1.1999952706e+02	8	187	32	468	6	10	0	50	500	500	500	500	500	0	
1.2049972341e+02	8	185	36	464	5	7	0	50	500	500	500	500	500	0	
1.2099904147e+02	9	184	29	471	4	9	0	50	500	500	500	500	500	0	
1.2149877165e+02	10	184	26	474	4	11	0	50	500	500	500	500	500	0	
1.2198761555e+02	11	183	28	472	0	4	0	50	500	500	500	500	500	0	
1.2249881637e+02	12	184	34	466	2	6	0	50	500	500	500	500	500	0	
1.2299789648e+02	10	186	21	479	1	8	0	50	500	500	500	500	500	0	
1.2349819427e+02	11	189	34	466	4	4	0	50	500	500	500	500	500	0	
1.2399618339e+02	13	189	27	473	4	4	0	50	500	500	500	500	500	0	
1.2449971417e+02	14	189	32	468	4	6	0	50	500	500	500	500	500	0	
1.2499935849e+02	11	194	31	469	3	6	0	50	500	500	500	500	500	0	
1.2549992620e+02	10	195	29	471	0	8	0	50	500	500	500	500	500	0	
1.2599856181e+02	7	198	32	468	4	9	0	50	500	500	500	500	500	0	
1.2649741848e+02	6	201	25	475	4	5	0	50	500	500	500	500	500	0	
1.2699966531e+02	6	205	22	478	1	7	0	50	500	500	500	500	500	0	
1.2749446000e+02	6	205	32	468	4	12	0	50	500	500	500	500	500	0	
1.2799766935e+02	4	212	28	472	2	4	0	50	500	500	500	500	500	0	
1.2849808026e+02	4	212	21	479	0	11	0	50	500	500	500	500	500	0	
1.2899931283e+02	5	212	26	474	2	5	0	50	500	500	500	500	500	0	
1.2949822461e+02	5	214	20	480	4	5	0	50	500	500	500	500	500	0	
1.2999992135e+02	5	214	24	476	3	5	0	50	500	500	500	500	500	0	
1.3049962414e+02	5	213	18	482	5	4	0	50	500	500	500	500	500	0	
1.3099796696e+02	4	214	22	478	5	5	0	50	500	500	500	500	500	0	
1.3149926540e+02	7	212	21	479	3	5	0	50	500	500	500	500	500	0	
1.3199999040e+02	9	210	30	470	4	10	0	50	500	500	500	500	500	0	
1.3249715633e+02	12	209	35	465	6	8	0	50	500	500	500	500	500	0	
1.3299914869e+02	13	208	20	480	5	8	0	50	500	500	500	500	500	0	
1.3349879450e+02	14	207	22	478	4	6	0	50	500	500	500	500	500	0	
1.3399543749e+02	11	211	21	479	4	10	0	50	500	500	500	500	500	0	
1.3449993175e+02	13	210	19	481	8	6	0	50	500	500	500	500	500	0	
1.3499779458e+02	11	211	25	475	3	9	0	50	500	500	500	500	500	0	
1.3549954296e+02	8	215	26	474	1	12	0	50	500	500	500	500	500	0	
1.3599213068e+02	10	214	28	472	4	4	0	50	500	500	500	500	500	0	
1.3649966499e+02	9	216	30	470	6	2	0	50	500	500	500	500	500	0	
1.3699823029e+02	4	221	31	469	8	5	0	50	500	500	500	500	500	0	
1.3749736877e+02	6	221	11	489	6	3	0	50	500	500	500	500	500	0	
1.3799988683e+02	6	221	23	477	2	8	0	50	500	500	500	500	500	0	
1.3849865341e+02	9	222	30	470	3	8	0	50	500	500	500	500	500	0	
1.3899799422e+02	8	224	23	477	2	3	0	50	500	500	500	500	500	0	
1.3949797447e+02	7	225	22	478	2	5	0	50	500	500	500	500	500	0	
1.3999872803e+02	7	227	24	476	2	5	0	50	500	500	500	500	500	0	
1.4049902154e+02	9	226	17	483	3	6	0	50	500	500	500	500	500	0	
1.4099525361e+02	8	228	30	470	4	5	0	50	500	500	500	500	500	0	
1.4149704318e+02	10	227	15	485	2	6	0	50	500	500	500	500	500	0	
1.4199923073e+02	10	227	23	477	1	5	0	50	500	500	500	500	500	0	
1.4249813634e+02	13	224	22	478	2	5	0	50	500	500	500	500	500	0	
1.4299319856e+02	13	224	14	486	3	1	0	50	500	500	500	500	500	0	
1.4349860288e+02	11	227	18	482	1	4	0	50	500	500	500	500	500	0	
1.4399898426e+02	10	230	16	484	4	7	0	50	500	500	500	500	500	0	
1.4449943571e+02	12	229	29	471	4	7	0	50	500	500	500	500	500	0	
1.4499950204e+02	10	232	21	479	4	2	0	50	500	500	500	500	500	0	
1.4549311849e+02	8	235	21	479	3	3	0	50	500	500	500	500	500	0	
1.4599621466e+02	6	238	27	473	5	6	0	50	500	500	500	500	500	0	
1.4649731528e+02	7	237	15	485	5	4	0	50	500	500	500	500	500	0	
1.4699587086e+02	10	234	25	475	5	5	0	50	500	500	500	500	500	0	
1.4749926822e+02	8	238	20	480	2	2	0	50	500	500	500	500	500	0	
1.4799888000e+02	7	239	15	485	3	8	0	50	500	500	500	500	500	0	
1.4849889632e+02	7	240	25	475	3	6	0	50	500	500	500	500	500	0	
1.4899845665e+02	5	242	25	475	1	6	0	50	500	500	500	500	500	0	
1.4949600021e+02	6	241	16	484	1	8	0	50	500	500	500	500	500	0	
1.4999746307e+02	6	241	14	486	2	4	0	50	500	500	500	500	500	0	
1.5049686662e+02	8	241	21	479	7	7	0	50	500	500	500	500	500	0	
1.5099791508e+02	8	244	26	474	5	6	0	50	500	500	500	500	500	0	
1.5149918338e+02	6	246	17	483	4	6	0	50	500	500	500	500	500	0	
1.5199850892e+02	4	248	11	489	4	10	0	50	500	500	500	500	500	0	
1.5249910446e+02	4	250	10	490	6	8	0	50	500	500	500	500	500	0	
1.5299367694e+02	5	251	28	472	4	7	0	50	500	500	500	500	500	0	
1.5349960728e+02	5	251	19	481	3	3	0	50	500	500	500	500	500	0	
1.5399888494e+02	6	251	16	484	4	9	0	50	500	500	500	500	500	0	
1.5449752743e+02	6	252	26	474	4	8	0	50	500	500	500	500	500	0	
1.5499917227e+02	6	252	33	467	5	4	0	50	500	500	500	500	500	0	
1.5549800056e+02	5	254	9	491	3	3	0	50	500	500	500	500	500	0	
1.5599667961e+02	5	254	19	481	1	5	0	50	500	500	500	500	500	0	
1.5649886541e+02	10	250	19	481	5	5	0	50	500	500	500	500	500	0	
1.5699936521e+02	9	252	18	482	5	3	0	50	500	500	500	500	500	0	
1.5749373235e+02	6	256	21	479	2	8	0	50	500	500	500	500	500	0	
1.5799915868e+02	7	257	13	487	5	3	0	50	500	500	500	500	500	0	
1.5849795660e+02	6	259	18	482	8	5	0	50	500	500	500	500	500	0	
1.5899687823e+02	5	260	22	478	2	5	0	50	500	500	500	500	500	0	
1.5949990688e+02	8	258	11	489	7	4	0	50	500	500	500	500	500	0	
1.5999966359e+02	8	258	19	481	1	4	0	50	500	500	500	500	500	0	
1.6049886428e+02	8	260	16	484	1	5	0	50	500	500	500	500	500	0	
1.6099790164e+02	9	259	21	479	3	2	0	50	500	500	500	500	500	0	
1.6149757946e+02	9	260	10	490	1	4	0	50	500	500	500	500	500	0	
1.6199945824e+02	7	261	18	482	5	4	0	50	500	500	500	500	500	0	
1.6249768963e+02	8	261	14	486	5	5	0	50	500	500	500	500	500	0	
1.6299797365e+02	8	262	18	482	0	8	0	50	500	500	500	500	500	0	
1.6349758708e+02	7	263	22	478	6	4	0	50	500	500	500	500	500	0	
1.6399756464e+02	10	260	15	485	6	5	0	50	500	500	500	500	500	0	
1.6449846758e+02	8	265	24	476	6	3	0	50	500	500	500	500	500	0	
1.6499099747e+02	6	267	22	478	2	4	0	50	500	500	500	500	500	0	
1.6549670323e+02	3	271	25	475	5	5	0	50	500	500	500	500	500	0	
1.6599924268e+02	2	273	12	488	5	5	0	50	500	500	500	500	500	0	
1.6649962610e+02	4	274	16	484	4	13	0	50	500	500	500	500	500	0	
1.6699849584e+02	5	273	24	476	5	12	0	50	500	500	500	500	500	0	
1.6749482494e+02	5	273	12	488	6	7	0	50	500	500	500	500	500	0	
1.6799100251e+02	6	271	17	483	4	5	0	50	500	500	500	500	500	0	
1.6849962570e+02	7	270	12	488	3	4	0	50	500	500	500	500	500	0	
1.6899965637e+02	6	271	14	486	3	3	0	50	500	500	500	500	500	0	
1.6949787198e+02	10	266	10	490	6	10	0	50	500	500	500	500	500	0	
1.6999872536e+02	8	270	25	475	7	8	0	50	500	500	500	500	500	0	
1.7049655669e+02	8	272	15	485	3	3	0	50	500	500	500	500	500	0	
1.7099945521e+02	7	272	20	480	1	4	0	50	500	500	500	500	500	0	
1.7149633044e+02	8	272	16	484	1	3	0	50	500	500	500	500	500	0	
1.7199756796e+02	8	272	22	478	3	5	0	50	500	500	500	500	500	0	
1.7249876207e+02	8	272	12	488	5	6	0	50	500	500	500	500	500	0	
1.7299871578e+02	6	277	16	484	5	5	0	50	500	500	500	500	500	0	
1.7349984665e+02	4	279	15	485	2	6	0	50	500	500	500	500	500	0	
1.7399909925e+02	4	279	17	483	10	9	0	50	500	500	500	500	500	0	
1.7449905707e+02	5	279	9	491	5	10	0	50	500	500	500	500	500	0	
1.7499913036e+02	6	278	16	484	5	6	0	50	500	500	500	500	500	0	
1.7549936155e+02	5	283	14	486	1	9	0	50	500	500	500	500	500	0	
1.7599949373e+02	4	285	16	484	1	3	0	50	500	500	500	500	500	0	
1.7649998031e+02	6	284	12	488	4	6	0	50	500	500	500	500	500	0	
1.7699619704e+02	7	285	16	484	3	9	0	50	500	500	500	500	500	0	
1.7749980705e+02	8	285	14	486	3	8	0	50	500	500	500	500	500	0	
1.7799920569e+02	8	284	14	486	3	6	0	50	500	500	500	500	500	0	
1.7849960965e+02	9	283	19	481	7	6	0	50	500	500	500	500	500	0	
1.7899848990e+02	12	281	18	482	3	8	0	50	500	500	500	500	500	0	
1.7949781391e+02	10	283	17	483	10	16	0	50	500	500	500	500	500	0	
1.7999835612e+02	15	278	15	485	6	13	0	50	500	500	500	500	500	0	
1.8049830314e+02	14	278	11	489	6	11	0	50	500	500	500	500	500	0	
1.8099938805e+02	15	278	17	483	4	10	0	50	500	500	500	500	500	0	
1.8149899629e+02	14	278	18	482	7	8	0	50	500	500	500	500	500	0	
1.8199944971e+02	9	284	26	474	5	3	0	50	500	500	500	500	500	0	
1.8249193626e+02	7	287	13	487	4	4	0	50	500	500	500	500	500	0	
1.8299873567e+02	9	284	14	486	3	2	0	50	500	500	500	500	500	0	
1.8349831877e+02	9	283	16	484	2	3	0	50	500	500	500	500	500	0	
1.8399656129e+02	6	286	13	487	3	4	0	50	500	500	500	500	500	0	
1.8449909997e+02	5	290	19	481	2	4	0	50	500	500	500	500	500	0	
1.8499548817e+02	6	291	9	491	1	8	0	50	500	500	500	500	500	0	
1.8549964564e+02	6	291	10	490	4	7	0	50	500	500	500	500	500	0	
1.8599891895e+02	5	292	15	485	7	5	0	50	500	500	500	500	500	0	
1.8649924317e+02	4	295	13	487	3	5	0	50	500	500	500	500	500	0	
1.8699781668e+02	4	297	5	495	3	7	0	50	500	500	500	500	500	0	
1.8749748541e+02	5	297	9	491	5	4	0	50	500	500	500	500	500	0	
1.8799781615e+02	7	296	8	492	3	10	0	50	500	500	500	500	500	0	
1.8849916476e+02	10	294	19	481	8	11	0	50	500	500	500	500	500	0	
1.8899992358e+02	10	294	17	483	2	6	0	50	500	500	500	500	500	0	
1.8949977525e+02	11	294	17	483	7	8	0	50	500	500	500	500	500	0	
1.8999445098e+02	11	296	21	479	4	5	0	50	500	500	500	500	500	0	
1.9049960615e+02	9	299	14	486	5	4	0	50	500	500	500	500	500	0	
1.9099985545e+02	10	298	13	487	6	5	0	50	500	500	500	500	500	0	
1.9149819594e+02	8	301	8	492	3	4	0	50	500	500	500	500	500	0	
1.9199700930e+02	8	301	10	490	6	2	0	50	500	500	500	500	500	0	
1.9249751326e+02	11	298	9	491	4	6	0	50	500	500	500	500	500	0	
1.9299643729e+02	7	303	17	483	4	5	0	50	500	500	500	500	500	0	
1.9349489791e+02	7	304	14	486	4	4	0	50	500	500	500	500	500	0	
1.9399831794e+02	3	308	12	488	3	2	0	50	500	500	500	500	500	0	
1.9449929411e+02	3	309	12	488	2	3	0	50	500	500	500	500	500	0	
1.9499699961e+02	5	307	12	488	4	9	0	50	500	500	500	500	500	0	
1.9549818004e+02	7	307	15	485	7	4	0	50	500	500	500	500	500	0	
1.9599993861e+02	6	308	14	486	1	5	0	50	500	500	500	500	500	0	
1.9649999518e+02	3	311	22	478	2	7	0	50	500	500	500	500	500	0	
1.9699938458e+02	5	308	19	481	6	5	0	50	500	500	500	500	500	0	
1.9749906045e+02	5	309	10	490	4	4	0	50	500	500	500	500	500	0	
1.9799706435e+02	5	310	15	485	4	2	0	50	500	500	500	500	500	0	
1.9849851587e+02	6	310	6	494	6	8	0	50	500	500	500	500	500	0	
1.9899807779e+02	7	309	18	482	3	5	0	50	500	500	500	500	500	0	
1.9949985158e+02	5	314	22	478	4	0	0	50	500	500	500	500	500	0	
1.9999869559e+02	8	310	16	484	1	3	0	50	500	500	500	500	500	0	
2.0049648408e+02	6	315	14	486	4	3	0	50	500	500	500	500	500	0	
2.0099710808e+02	8	313	15	485	3	7	0	50	500	500	500	500	500	0	
2.0149174128e+02	9	315	19	481	4	4	0	50	500	500	500	500	500	0	
2.0199881401e+02	10	315	15	485	5	5	0	50	500	500	500	500	500	0	
2.0249700226e+02	12	315	13	487	2	7	0	50	500	500	500	500	500	0	
2.0299997429e+02	10	319	13	487	5	2	0	50	500	500	500	500	500	0	
2.0349791445e+02	8	322	13	487	4	6	0	50	500	500	500	500	500	0	
2.0399725095e+02	7	324	11	489	2	3	0	50	500	500	500	500	500	0	
2.0449975446e+02	6	325	13	487	1	1	0	50	500	500	500	500	500	0	
2.0499740071e+02	5	325	15	485	4	3	0	50	500	500	500	500	500	0	
2.0549938983e+02	6	323	13	487	5	6	0	50	500	500	500	500	500	0	
2.0599785504e+02	6	324	24	476	2	7	0	50	500	500	500	500	500	0	
2.0649964176e+02	6	323	19	481	4	10	0	50	500	500	500	500	500	0	
2.0699884110e+02	9	320	16	484	4	10	0	50	500	500	500	500	500	0	
2.0749723373e+02	12	316	15	485	6	5	0	50	500	500	500	500	500	0	
2.0799885667e+02	15	315	9	491	6	7	0	50	500	500	500	500	500	0	
2.0849197822e+02	15	313	19	481	4	11	0	50	500	500	500	500	500	0	
2.0899808171e+02	13	317	15	485	6	6	0	50	500	500	500	500	500	0	
2.0949994682e+02	14	315	17	483	1	8	0	50	500	500	500	500	500	0	
2.0999984266e+02	10	320	17	483	4	7	0	50	500	500	500	500	500	0	
2.1049925846e+02	12	319	6	494	3	5	0	50	500	500	500	500	500	0	
2.1099629109e+02	10	322	14	486	5	5	0	50	500	500	500	500	500	0	
2.1149817829e+02	10	321	12	488	0	9	0	50	500	500	500	500	500	0	
2.1199738002e+02	9	322	18	482	6	5	0	50	500	500	500	500	500	0	
2.1249655671e+02	10	322	15	485	2	4	0	50	500	500	500	500	500	0	
2.1299792014e+02	10	323	25	475	7	8	0	50	500	500	500	500	500	0	
2.1349918280e+02	9	327	12	488	10	5	0	50	500	500	500	500	500	0	
2.1399419933e+02	9	327	10	490	4	1	0	50	500	500	500	500	500	0	
2.1449348217e+02	10	326	20	480	3	2	0	50	500	500	500	500	500	0	
2.1499745368e+02	8	329	20	480	3	1	0	50	500	500	500	500	500	0	
2.1549964003e+02	9	328	21	479	7	4	0	50	500	500	500	500	500	0	
2.1599706929e+02	8	329	16	484	2	9	0	50	500	500	500	500	500	0	
2.1649996112e+02	4	333	18	482	2	5	0	50	500	500	500	500	500	0	
2.1699837492e+02	2	336	12	488	1	2	0	50	500	500	500	500	500	0	
2.1749344004e+02	2	337	20	480	3	5	0	50	500	500	500	500	500	0	
2.1799998435e+02	5	337	10	490	3	4	0	50	500	500	500	500	500	0	
2.1849281218e+02	6	338	13	487	4	4	0	50	500	500	500	500	500	0	
2.1899700552e+02	13	331	17	483	6	5	0	50	500	500	500	500	500	0	
2.1949982681e+02	15	329	9	491	5	7	0	50	500	500	500	500	500	0	
2.1999729375e+02	14	330	17	483	3	1	0	50	500	500	500	500	500	0	
2.2049929618e+02	11	334	17	483	3	6	0	50	500	500	500	500	500	0	
2.2099968007e+02	14	332	10	490	5	6	0	50	500	500	500	500	500	0	
2.2149473605e+02	13	333	17	483	3	7	0	50	500	500	500	500	500	0	
2.2199976151e+02	11	336	13	487	3	3	0	50	500	500	500	500	500	0	
2.2249722588e+02	11	339	10	490	4	1	0	50	500	500	500	500	500	0	
2.2299987998e+02	10	340	10	490	3	8	0	50	500	500	500	500	500	0	
2.2349961342e+02	9	343	14	486	4	7	0	50	500	500	500	500	500	0	
2.2399958693e+02	9	344	7	493	8	5	0	50	500	500	500	500	500	0	
2.2449764886e+02	10	343	11	489	3	7	0	50	500	500	500	500	500	0	
2.2499732231e+02	8	345	15	485	9	7	0	50	500	500	500	500	500	0	
2.2549744174e+02	9	343	13	487	3	5	0	50	500	500	500	500	500	0	
2.2599758542e+02	10	343	8	492	6	7	0	50	500	500	500	500	500	0	
2.2649989808e+02	9	343	19	481	5	5	0	50	500	500	500	500	500	0	
2.2699815172e+02	10	341	9	491	3	7	0	50	500	500	500	500	500	0	
2.2749975257e+02	10	343	15	485	6	5	0	50	500	500	500	500	500	0	
2.2799495414e+02	6	347	9	491	1	1	0	50	500	500	500	500	500	0	
2.2849983624e+02	7	347	14	486	3	7	0	50	500	500	500	500	500	0	
2.2899985760e+02	8	347	13	487	3	5	0	50	500	500	500	500	500	0	
2.2949635965e+02	9	347	7	493	4	8	0	50	500	500	500	500	500	0	
2.2999955483e+02	11	346	10	490	4	9	0	50	500	500	500	500	500	0	
2.3049999939e+02	8	349	14	486	4	6	0	50	500	500	500	500	500	0	
2.3099951909e+02	8	350	15	485	2	9	0	50	500	500	500	500	500	0	
2.3149897317e+02	7	351	10	490	7	5	0	50	500	500	500	500	500	0	
2.3199914814e+02	6	354	18	482	4	3	0	50	500	500	500	500	500	0	
2.3249867755e+02	7	353	16	484	4	9	0	50	500	500	500	500	500	0	
2.3299849901e+02	6	354	12	488	6	8	0	50	500	500	500	500	500	0	
2.3349632875e+02	4	357	14	486	2	5	0	50	500	500	500	500	500	0	
2.3399679216e+02	6	355	10	490	3	5	0	50	500	500	500	500	500	0	
2.3449701423e+02	5	357	10	490	5	2	0	50	500	500	500	500	500	0	
2.3499634092e+02	6	357	18	482	2	7	0	50	500	500	500	500	500	0	
2.3549977949e+02	6	359	11	489	7	11	0	50	500	500	500	500	500	0	
2.3599877817e+02	7	359	15	485	3	5	0	50	500	500	500	500	500	0	
2.3649963481e+02	7	358	10	490	6	10	0	50	500	500	500	500	500	0	
2.3699866770e+02	13	354	3	497	2	10	0	50	500	500	500	500	500	0	
2.3749901672e+02	13	354	6	494	7	7	0	50	500	500	500	500	500	0	
2.3799970065e+02	12	354	15	485	2	12	0	50	500	500	500	500	500	0	
2.3849857761e+02	10	356	16	484	3	8	0	50	500	500	500	500	500	0	
2.3899880421e+02	12	355	19	481	4	7	0	50	500	500	500	500	500	0	
2.3949882512e+02	12	357	19	481	5	10	0	50	500	500	500	500	500	0	
2.3999693351e+02	7	363	14	486	5	8	0	50	500	500	500	500	500	0	
2.4049905582e+02	6	366	19	481	5	10	0	50	500	500	500	500	500	0	
2.4099680172e+02	7	364	13	487	0	6	0	50	500	500	500	500	500	0	
2.4149439174e+02	4	370	5	495	2	3	0	50	500	500	500	500	500	0	
2.4199628110e+02	7	370	9	491	3	6	0	50	500	500	500	500	500	0	
2.4249831451e+02	7	373	8	492	4	7	0	50	500	500	500	500	500	0	
2.4299886150e+02	9	371	8	492	5	14	0	50	500	500	500	500	500	0	
2.4349923117e+02	11	370	8	492	2	10	0	50	500	500	500	500	500	0	
2.4399969445e+02	9	373	10	490	6	5	0	50	500	500	500	500	500	0	
2.4449703156e+02	9	377	7	493	4	12	0	50	500	500	500	500	500	0	
2.4499655473e+02	13	374	9	491	5	7	0	50	500	500	500	500	500	0	
2.4549175353e+02	10	378	15	485	1	4	0	50	500	500	500	500	500	0	
2.4599995461e+02	10	378	5	495	3	8	0	50	500	500	500	500	500	0	
2.4649986200e+02	10	378	18	482	1	7	0	50	500	500	500	500	500	0	
2.4699788816e+02	7	383	9	491	4	5	0	50	500	500	500	500	500	0	
2.4749990668e+02	10	380	8	492	4	3	0	50	500	500	500	500	500	0	
2.4799910992e+02	11	379	11	489	1	7	0	50	500	500	500	500	500	0	
2.4849586910e+02	10	381	8	492	2	6	0	50	500	500	500	500	500	0	
2.4899811381e+02	10	383	6	494	7	3	0	50	500	500	500	500	500	0	
2.4949811360e+02	11	383	8	492	2	6	0	50	500	500	500	500	500	0	
2.4999990694e+02	13	380	8	492	2	7	0	50	500	500	500	500	500	0	
2.5049829640e+02	9	387	13	487	4	10	0	50	500	500	500	500	500	0	
2.5099800694e+02	11	386	9	491	7	4	0	50	500	500	500	500	500	0	
2.5149491885e+02	10	387	18	482	6	3	0	50	500	500	500	500	500	0	
2.5199448772e+02	10	388	9	491	3	3	0	50	500	500	500	500	500	0	
2.5249999387e+02	10	388	18	482	6	8	0	50	500	500	500	500	500	0	
2.5299928887e+02	10	387	5	495	4	6	0	50	500	500	500	500	500	0	
2.5349945082e+02	12	385	12	488	1	2	0	50	500	500	500	500	500	0	
2.5399949791e+02	13	387	8	492	3	2	0	50	500	500	500	500	500	0	
2.5449901086e+02	11	390	13	487	2	6	0	50	500	500	500	500	500	0	
2.5499590805e+02	9	394	10	490	5	10	0	50	500	500	500	500	500	0	
2.5549929391e+02	13	387	12	488	5	6	0	50	500	500	500	500	500	0	
2.5599724345e+02	10	391	9	491	3	4	0	50	500	500	500	500	500	0	
2.5649959705e+02	10	393	6	494	3	7	0	50	500	500	500	500	500	0	
2.5699850319e+02	13	390	10	490	6	3	0	50	500	500	500	500	500	0	
2.5749995650e+02	13	392	12	488	4	2	0	50	500	500	500	500	500	0	
2.5799831001e+02	10	397	13	487	4	6	0	50	500	500	500	500	500	0	
2.5849922612e+02	10	397	8	492	5	5	0	50	500	500	500	500	500	0	
2.5899877350e+02	10	396	10	490	9	3	0	50	500	500	500	500	500	0	
2.5949702441e+02	13	395	6	494	4	10	0	50	500	500	500	500	500	0	
2.5999696340e+02	13	397	11	489	4	6	0	50	500	500	500	500	500	0	
2.6049774136e+02	12	398	15	485	0	4	0	50	500	500	500	500	500	0	
2.6099919312e+02	11	399	12	488	3	9	0	50	500	500	500	500	500	0	
2.6149606741e+02	9	401	11	489	5	9	0	50	500	500	500	500	500	0	
2.6199996715e+02	5	408	10	490	4	5	0	50	500	500	500	500	500	0	
2.6249884090e+02	7	409	14	486	3	5	0	50	500	500	500	500	500	0	
2.6299968019e+02	7	409	9	491	0	7	0	50	500	500	500	500	500	0	
2.6349973314e+02	8	409	10	490	1	10	0	50	500	500	500	500	500	0	
2.6399938103e+02	8	410	15	485	4	6	0	50	500	500	500	500	500	0	
2.6449712564e+02	10	407	9	491	4	11	0	50	500	500	500	500	500	0	
2.6499748064e+02	8	409	6	494	2	6	0	50	500	500	500	500	500	0	
2.6549932551e+02	10	407	7	493	5	10	0	50	500	500	500	500	500	0	
2.6599084456e+02	13	404	9	491	4	7	0	50	500	500	500	500	500	0	
2.6649929418e+02	10	408	13	487	3	3	0	50	500	500	500	500	500	0	
2.6699986826e+02	13	407	14	486	5	1	0	50	500	500	500	500	500	0	
2.6749605040e+02	12	407	5	495	3	10	0	50	500	500	500	500	500	0	
2.6799767218e+02	12	407	9	491	9	3	0	50	500	500	500	500	500	0	
2.6849937697e+02	10	409	13	487	9	4	0	50	500	500	500	500	500	0	
2.6899522017e+02	11	409	5	495	3	5	0	50	500	500	500	500	500	0	
2.6948741900e+02	11	408	5	495	2	4	0	50	500	500	500	500	500	0	
2.6999695367e+02	10	409	13	487	7	5	0	50	500	500	500	500	500	0	
2.7049960040e+02	12	407	7	493	5	6	0	50	500	500	500	500	500	0	
2.7099789608e+02	11	410	5	495	2	7	0	50	500	500	500	500	500	0	
2.7149879392e+02	10	412	18	482	5	6	0	50	500	500	500	500	500	0	
2.7199913140e+02	11	411	11	489	3	3	0	50	500	500	500	500	500	0	
2.7249539022e+02	8	416	10	490	4	5	0	50	500	500	500	500	500	0	
2.7299981589e+02	8	416	10	490	4	6	0	50	500	500	500	500	500	0	
2.7349546025e+02	8	416	6	494	1	6	0	50	500	500	500	500	500	0	
2.7399679536e+02	7	418	10	490	4	4	0	50	500	500	500	500	500	0	
2.7449913799e+02	13	413	10	490	5	8	0	50	500	500	500	500	500	0	
2.7499951932e+02	14	413	10	490	7	11	0	50	500	500	500	500	500	0	
2.7549925189e+02	17	413	11	489	9	10	0	50	500	500	500	500	500	0	
2.7599962841e+02	13	420	11	489	4	6	0	50	500	500	500	500	500	0	
2.7649530481e+02	13	419	8	492	4	6	0	50	500	500	500	500	500	0	
2.7699956128e+02	14	420	10	490	7	5	0	50	500	500	500	500	500	0	
2.7749959542e+02	13	422	14	486	10	5	0	50	500	500	500	500	500	0	
2.7799968555e+02	12	423	8	492	5	6	0	50	500	500	500	500	500	0	
2.7849931048e+02	13	422	5	495	5	7	0	50	500	500	500	500	500	0	
2.7899960393e+02	12	425	6	494	4	6	0	50	500	500	500	500	500	0	
2.7949649059e+02	14	422	10	490	4	4	0	50	500	500	500	500	500	0	
2.7999914940e+02	14	424	10	490	4	3	0	50	500	500	500	500	500	0	
2.8049793204e+02	12	425	14	486	3	2	0	50	500	500	500	500	500	0	
2.8099653846e+02	12	425	8	492	8	4	0	50	500	500	500	500	500	0	
2.8149651954e+02	11	427	11	489	6	4	0	50	500	500	500	500	500	0	
2.8199873778e+02	10	427	7	493	4	7	0	50	500	500	500	500	500	0	
2.8249758523e+02	10	426	10	490	6	1	0	50	500	500	500	500	500	0	
2.8299523868e+02	10	427	9	491	5	2	0	50	500	500	500	500	500	0	
2.8349949396e+02	8	427	10	490	3	6	0	50	500	500	500	500	500	0	
2.8399847529e+02	10	427	10	490	4	6	0	50	500	500	500	500	500	0	
2.8449824042e+02	7	432	9	491	6	3	0	50	500	500	500	500	500	0	
2.8499803557e+02	8	431	11	489	2	10	0	50	500	500	500	500	500	0	
2.8549987473e+02	8	431	9	491	6	3	0	50	500	500	500	500	500	0	
2.8599945724e+02	10	430	15	485	6	3	0	50	500	500	500	500	500	0	
2.8649949642e+02	8	433	6	494	3	9	0	50	500	500	500	500	500	0	
2.8699999396e+02	8	433	8	492	3	7	0	50	500	500	500	500	500	0	
2.8749459799e+02	10	431	11	489	6	7	0	50	500	500	500	500	500	0	
2.8799970175e+02	12	430	8	492	9	11	0	50	500	500	500	500	500	0	
2.8849932550e+02	12	429	7	493	3	4	0	50	500	500	500	500	500	0	
2.8899875825e+02	12	430	11	489	3	7	0	50	500	500	500	500	500	0	
2.8949957910e+02	13	429	7	493	5	8	0	50	500	500	500	500	500	0	
2.8999745653e+02	15	427	8	492	7	9	0	50	500	500	500	500	500	0	
2.9049476745e+02	15	428	7	493	6	7	0	50	500	500	500	500	500	0	
2.9099754710e+02	13	429	12	488	2	6	0	50	500	500	500	500	500	0	
2.9149923860e+02	14	429	9	491	3	3	0	50	500	500	500	500	500	0	
2.9199760807e+02	13	432	11	489	0	3	0	50	500	500	500	500	500	0	
2.9249553170e+02	9	437	3	497	2	3	0	50	500	500	500	500	500	0	
2.9299937532e+02	9	438	12	488	6	9	0	50	500	500	500	500	500	0	
2.9349341836e+02	11	436	6	494	2	9	0	50	500	500	500	500	500	0	
2.9399889282e+02	10	437	8	492	4	4	0	50	500	500	500	500	500	0	
2.9449888217e+02	4	447	9	491	1	4	0	50	500	500	500	500	500	0	
2.9499533145e+02	11	440	7	493	4	6	0	50	500	500	500	500	500	0	
2.9549927094e+02	7	446	10	490	4	4	0	50	500	500	500	500	500	0	
2.9599813796e+02	10	443	12	488	3	8	0	50	500	500	500	500	500	0	
2.9649655020e+02	11	442	6	494	2	4	0	50	500	500	500	500	500	0	
2.9699925075e+02	11	444	13	487	3	4	0	50	500	500	500	500	500	0	
2.9749799674e+02	13	443	8	492	4	4	0	50	500	500	500	500	500	0	
2.9799835710e+02	13	442	8	492	6	4	0	50	500	500	500	500	500	0	
2.9849650506e+02	16	439	10	490	7	6	0	50	500	500	500	500	500	0	
2.9899837764e+02	12	445	14	486	4	3	0	50	500	500	500	500	500	0	
2.9949956084e+02	11	446	9	491	3	8	0	50	500	500	500	500	500	0	
2.9999944259e+02	11	447	8	492	3	3	0	50	500	500	500	500	500	0	
3.0049342739e+02	9	448	12	488	0	5	0	50	500	500	500	500	500	0	
3.0099740067e+02	10	448	7	493	6	4	0	50	500	500	500	500	500	0	
3.0149768301e+02	8	451	6	494	3	2	0	50	500	500	500	500	500	0	
3.0199932317e+02	6	455	9	491	5	5	0	50	500	500	500	500	500	0	
3.0249914818e+02	6	455	6	494	2	9	0	50	500	500	500	500	500	0	
3.0299962330e+02	9	452	6	494	5	6	0	50	500	500	500	500	500	0	
3.0349806824e+02	10	453	11	489	3	11	0	50	500	500	500	500	500	0	
3.0399915874e+02	11	453	5	495	6	4	0	50	500	500	500	500	500	0	
3.0449943082e+02	11	453	12	488	6	6	0	50	500	500	500	500	500	0	
3.0499982357e+02	13	449	10	490	3	6	0	50	500	500	500	500	500	0	
3.0549938047e+02	13	451	10	490	5	6	0	50	500	500	500	500	500	0	
3.0599975547e+02	15	450	11	489	5	3	0	50	500	500	500	500	500	0	
3.0649867132e+02	9	457	11	489	2	8	0	50	500	500	500	500	500	0	
3.0699985941e+02	9	457	13	487	4	7	0	50	500	500	500	500	500	0	
3.0749472819e+02	8	459	3	497	2	2	0	50	500	500	500	500	500	0	
3.0799921020e+02	7	460	11	489	3	6	0	50	500	500	500	500	500	0	
3.0849881844e+02	13	454	9	491	9	5	0	50	500	500	500	500	500	0	
3.0899840216e+02	11	456	7	493	3	9	0	50	500	500	500	500	500	0	
3.0949172410e+02	11	456	10	490	5	6	0	50	500	500	500	500	500	0	
3.0999221978e+02	14	452	8	492	8	7	0	50	500	500	500	500	500	0	
3.1049840292e+02	18	446	10	490	5	5	0	50	500	500	500	500	500	0	
3.1099995963e+02	12	453	12	488	3	9	0	50	500	500	500	500	500	0	
3.1149458717e+02	8	457	10	490	4	3	0	50	500	500	500	500	500	0	
3.1199756943e+02	11	456	3	497	2	10	0	50	500	500	500	500	500	0	
3.1249876151e+02	14	452	11	489	4	7	0	50	500	500	500	500	500	0	
3.1299616287e+02	11	454	6	494	6	3	0	50	500	500	500	500	500	0	
3.1349947722e+02	10	455	10	490	5	3	0	50	500	500	500	500	500	0	
3.1399809400e+02	10	456	6	494	5	4	0	50	500	500	500	500	500	0	
3.1449700682e+02	10	456	2	498	1	3	0	50	500	500	500	500	500	0	
3.1499969725e+02	9	458	8	492	6	6	0	50	500	500	500	500	500	0	
3.1549556784e+02	10	458	4	496	5	5	0	50	500	500	500	500	500	0	
3.1599896899e+02	12	456	6	494	3	4	0	50	500	500	500	500	500	0	
3.1649842458e+02	9	459	13	487	2	5	0	50	500	500	500	500	500	0	
3.1699569687e+02	12	457	12	488	2	4	0	50	500	500	500	500	500	0	
3.1749389174e+02	9	460	8	492	0	3	0	50	500	500	500	500	500	0	
3.1799927454e+02	11	457	9	491	4	3	0	50	500	500	500	500	500	0	
3.1849953734e+02	13	456	6	494	3	7	0	50	500	500	500	500	500	0	
3.1898988867e+02	11	458	5	495	5	4	0	50	500	500	500	500	500	0	
3.1949908090e+02	12	456	7	493	2	5	0	50	500	500	500	500	500	0	
3.1999716308e+02	15	453	7	493	2	6	0	50	500	500	500	500	500	0	
3.2049832284e+02	17	451	12	488	4	8	0	50	500	500	500	500	500	0	
3.2099949870e+02	20	448	11	489	2	6	0	50	500	500	500	500	500	0	
3.2149875684e+02	17	453	10	490	5	3	0	50	500	500	500	500	500	0	
3.2199842127e+02	14	459	1	499	2	12	0	50	500	500	500	500	500	0	
3.2249997912e+02	13	462	14	486	0	7	0	50	500	500	500	500	500	0	
3.2299856546e+02	14	461	6	494	4	4	0	50	500	500	500	500	500	0	
3.2349668501e+02	16	458	8	492	0	5	0	50	500	500	500	500	500	0	
3.2399970635e+02	15	460	6	494	4	6	0	50	500	500	500	500	500	0	
3.2449996822e+02	15	460	2	498	4	4	0	50	500	500	500	500	500	0	
3.2499512735e+02	14	464	5	495	6	3	0	50	500	500	500	500	500	0	
3.2549828757e+02	13	467	13	487	5	4	0	50	500	500	500	500	500	0	
3.2599969649e+02	12	471	8	492	2	11	0	50	500	500	500	500	500	0	
3.2649976548e+02	13	472	7	493	4	6	0	50	500	500	500	500	500	0	
3.2699876167e+02	12	475	6	494	5	5	0	50	500	500	500	500	500	0	
3.2749832550e+02	14	470	7	493	5	7	0	50	500	500	500	500	500	0	
3.2799994132e+02	10	475	9	491	6	7	0	50	500	500	500	500	500	0	
3.2849839632e+02	7	480	9	491	4	6	0	50	500	500	500	500	500	0	
3.2899795110e+02	6	480	12	488	11	5	0	50	500	500	500	500	500	0	
3.2949841513e+02	7	479	7	493	13	7	0	50	500	500	500	500	500	0	
3.2999722392e+02	9	478	11	489	6	5	0	50	500	500	500	500	500	0	
3.3049775052e+02	12	476	13	487	6	5	0	50	500	500	500	500	500	0	
3.3099939937e+02	12	476	6	494	5	4	0	50	500	500	500	500	500	0	
3.3149893372e+02	13	475	10	490	9	8	0	50	500	500	500	500	500	0	
3.3199944383e+02	14	475	7	493	10	10	0	50	500	500	500	500	500	0	
3.3249868182e+02	15	475	8	492	12	2	0	50	500	500	500	500	500	0	
3.3299827048e+02	13	478	4	496	4	5	0	50	500	500	500	500	500	0	
3.3349694109e+02	9	482	10	490	4	8	0	50	500	500	500	500	500	0	
3.3399846113e+02	16	473	16	484	2	2	0	50	500	500	500	500	500	0	
3.3449811664e+02	17	472	13	487	4	3	0	50	500	500	500	500	500	0	
3.3499935469e+02	12	478	8	492	4	3	0	50	500	500	500	500	500	0	
3.3549783137e+02	10	481	9	491	7	6	0	50	500	500	500	500	500	0	
3.3599573202e+02	14	479	7	493	2	4	0	50	500	500	500	500	500	0	
3.3649827338e+02	12	479	6	494	4	5	0	50	500	500	500	500	500	0	
3.3699953306e+02	12	479	11	489	3	11	0	50	500	500	500	500	500	0	
3.3749817146e+02	15	476	10	490	6	7	0	50	500	500	500	500	500	0	
3.3799813940e+02	14	477	8	492	4	6	0	50	500	500	500	500	500	0	
3.3849586733e+02	10	482	6	494	3	5	0	50	500	500	500	500	500	0	
3.3899893227e+02	10	486	5	495	4	6	0	50	500	500	500	500	500	0	
3.3949944952e+02	9	488	7	493	6	6	0	50	500	500	500	500	500	0	
3.3999781332e+02	11	486	7	493	3	5	0	50	500	500	500	500	500	0	
3.4049745999e+02	9	488	11	489	3	9	0	50	500	500	500	500	500	0	
3.4099800300e+02	11	487	8	492	6	6	0	50	500	500	500	500	500	0	
3.4149838732e+02	12	484	16	484	1	4	0	50	500	500	500	500	500	0	
3.4199380194e+02	10	487	5	495	3	5	0	50	500	500	500	500	500	0	
3.4248910379e+02	9	490	11	489	2	5	0	50	500	500	500	500	500	0	
3.4299787242e+02	12	486	4	496	2	6	0	50	500	500	500	500	500	0	
3.4349779817e+02	17	481	4	496	5	5	0	50	500	500	500	500	500	0	
3.4399936034e+02	16	484	12	488	5	2	0	50	500	500	500	500	500	0	
3.4449925989e+02	14	486	3	497	6	6	0	50	500	500	500	500	500	0	
3.4499771633e+02	15	486	6	494	2	5	0	50	500	500	500	500	500	0	
3.4549969713e+02	11	491	7	493	7	5	0	50	500	500	500	500	500	0	
3.4599871070e+02	11	492	9	491	4	4	0	50	500	500	500	500	500	0	
3.4649909956e+02	11	492	15	485	5	6	0	50	500	500	500	500	500	0	
3.4699679845e+02	10	493	9	491	5	7	0	50	500	500	500	500	500	0	
3.4749775918e+02	11	491	6	494	6	4	0	50	500	500	500	500	500	0	
3.4799809901e+02	13	490	9	491	3	6	0	50	500	500	500	500	500	0	
3.4849996440e+02	13	492	8	492	5	2	0	50	500	500	500	500	500	0	
3.4899904397e+02	18	487	9	491	1	6	0	50	500	500	500	500	500	0	
3.4949533098e+02	15	492	13	487	5	2	0	50	500	500	500	500	500	0	
3.4999969134e+02	13	493	7	493	3	6	0	50	500	500	500	500	500	0	
3.5049917007e+02	12	493	16	484	3	5	0	50	500	500	500	500	500	0	
3.5099656878e+02	10	495	13	487	7	5	0	50	500	500	500	500	500	0	
3.5149832244e+02	15	491	8	492	2	7	0	50	500	500	500	500	500	0	
3.5198965747e+02	13	494	6	494	6	3	0	50	500	500	500	500	500	0	
3.5249955242e+02	13	493	6	494	4	5	0	50	500	500	500	500	500	0	
3.5299947614e+02	12	497	11	489	4	2	0	50	500	500	500	500	500	0	
3.5349925104e+02	7	502	16	484	3	2	0	50	500	500	500	500	500	0	
3.5399907149e+02	6	503	8	492	1	8	0	50	500	500	500	500	500	0	
3.5449938920e+02	7	503	9	491	6	6	0	50	500	500	500	500	500	0	
3.5499245763e+02	7	505	2	498	9	4	0	50	500	500	500	500	500	0	
3.5549962636e+02	12	502	7	493	9	5	0	50	500	500	500	500	500	0	
3.5599580264e+02	14	501	5	495	3	4	0	50	500	500	500	500	500	0	
3.5649858042e+02	12	505	13	487	1	4	0	50	500	500	500	500	500	0	
3.5699676013e+02	8	509	14	486	3	2	0	50	500	500	500	500	500	0	
3.5749704577e+02	7	511	9	491	6	9	0	50	500	500	500	500	500	0	
3.5799918116e+02	5	514	3	497	8	6	0	50	500	500	500	500	500	0	
3.5849812059e+02	8	510	9	491	4	9	0	50	500	500	500	500	500	0	
3.5899968360e+02	10	507	8	492	5	9	0	50	500	500	500	500	500	0	
3.5949933821e+02	12	505	6	494	5	11	0	50	500	500	500	500	500	0	
3.5999524812e+02	11	505	10	490	0	5	0	50	500	500	500	500	500	0	
3.6049905599e+02	12	505	7	493	2	3	0	50	500	500	500	500	500	0	
3.6099736501e+02	9	509	7	493	4	2	0	50	500	500	500	500	500	0	
3.6149445623e+02	7	511	8	492	5	4	0	50	500	500	500	500	500	0	
3.6199852429e+02	8	508	4	496	3	4	0	50	500	500	500	500	500	0	
3.6249817168e+02	10	507	5	495	9	2	0	50	500	500	500	500	500	0	
3.6299943236e+02	9	508	10	490	1	5	0	50	500	500	500	500	500	0	
3.6349789948e+02	9	509	6	494	6	2	0	50	500	500	500	500	500	0	
3.6399975849e+02	10	508	8	492	5	4	0	50	500	500	500	500	500	0	
3.6449872786e+02	10	508	9	491	3	3	0	50	500	500	500	500	500	0	
3.6499852951e+02	13	505	11	489	2	3	0	50	500	500	500	500	500	0	
3.6549968240e+02	9	508	11	489	5	2	0	50	500	500	500	500	500	0	
3.6599631278e+02	9	507	10	490	2	6	0	50	500	500	500	500	500	0	
3.6649584373e+02	8	510	8	492	4	4	0	50	500	500	500	500	500	0	
3.6699868093e+02	10	508	10	490	5	3	0	50	500	500	500	500	500	0	
3.6749679321e+02	8	511	7	493	2	2	0	50	500	500	500	500	500	0	
3.6799769383e+02	8	512	10	490	1	14	0	50	500	500	500	500	500	0	
3.6849897608e+02	11	510	8	492	4	9	0	50	500	500	500	500	500	0	
3.6899992679e+02	10	509	16	484	2	6	0	50	500	500	500	500	500	0	
3.6949959545e+02	7	512	11	489	3	2	0	50	500	500	500	500	500	0	
3.6999868542e+02	6	513	2	498	7	4	0	50	500	500	500	500	500	0	
3.7049725131e+02	5	513	6	494	4	7	0	50	500	500	500	500	500	0	
3.7099975704e+02	8	510	11	489	8	6	0	50	500	500	500	500	500	0	
3.7149486424e+02	7	512	6	494	4	6	0	50	500	500	500	500	500	0	
3.7199985590e+02	8	510	5	495	4	4	0	50	500	500	500	500	500	0	
3.7249918870e+02	9	510	6	494	5	4	0	50	500	500	500	500	500	0	
3.7299810147e+02	9	510	5	495	6	4	0	50	500	500	500	500	500	0	
3.7349925787e+02	11	508	14	486	8	7	0	50	500	500	500	500	500	0	
3.7399724750e+02	13	506	7	493	6	5	0	50	500	500	500	500	500	0	
3.7449764545e+02	15	501	10	490	8	8	0	50	500	500	500	500	500	0	
3.7499846080e+02	19	498	10	490	6	6	0	50	500	500	500	500	500	0	
3.7549883292e+02	14	502	8	492	6	6	0	50	500	500	500	500	500	0	
3.7599675112e+02	14	503	8	492	2	3	0	50	500	500	500	500	500	0	
3.7649737772e+02	16	501	5	495	6	2	0	50	500	500	500	500	500	0	
3.7699979546e+02	15	501	10	490	5	7	0	50	500	500	500	500	500	0	
3.7749392204e+02	14	502	6	494	3	5	0	50	500	500	500	500	500	0	
3.7799717504e+02	14	502	5	495	3	4	0	50	500	500	500	500	500	0	
3.7849853281e+02	13	502	6	494	5	1	0	50	500	500	500	500	500	0	
3.7899778077e+02	14	504	7	493	4	2	0	50	500	500	500	500	500	0	
3.7949887526e+02	19	500	7	493	4	9	0	50	500	500	500	500	500	0	
3.7999672570e+02	19	501	4	496	2	4	0	50	500	500	500	500	500	0	
3.8049921133e+02	19	501	11	489	4	12	0	50	500	500	500	500	500	0	
3.8099920696e+02	15	505	8	492	5	5	0	50	500	500	500	500	500	0	
3.8148761030e+02	12	508	14	486	4	5	0	50	500	500	500	500	500	0	
3.8199902533e+02	9	513	10	490	2	3	0	50	500	500	500	500	500	0	
3.8249977865e+02	11	512	11	489	2	11	0	50	500	500	500	500	500	0	
3.8299923669e+02	10	513	5	495	5	2	0	50	500	500	500	500	500	0	
3.8349892840e+02	12	511	6	494	3	5	0	50	500	500	500	500	500	0	
3.8399837043e+02	14	513	8	492	1	2	0	50	500	500	500	500	500	0	
3.8449865795e+02	11	517	9	491	3	5	0	50	500	500	500	500	500	0	
3.8499895710e+02	14	515	7	493	4	4	0	50	500	500	500	500	500	0	
3.8549862652e+02	12	517	7	493	3	8	0	50	500	500	500	500	500	0	
3.8599894613e+02	9	520	4	496	8	4	0	50	500	500	500	500	500	0	
3.8649913172e+02	12	517	12	488	2	6	0	50	500	500	500	500	500	0	
3.8699855949e+02	12	520	6	494	2	5	0	50	500	500	500	500	500	0	
3.8749814035e+02	12	521	8	492	4	9	0	50	500	500	500	500	500	0	
3.8799572161e+02	12	522	6	494	7	9	0	50	500	500	500	500	500	0	
3.8849559533e+02	7	528	9	491	3	6	0	50	500	500	500	500	500	0	
3.8899951283e+02	7	529	8	492	8	2	0	50	500	500	500	500	500	0	
3.8949738544e+02	7	530	7	493	2	6	0	50	500	500	500	500	500	0	
3.8999915465e+02	6	530	5	495	3	1	0	50	500	500	500	500	500	0	
3.9049945702e+02	6	529	6	494	3	8	0	50	500	500	500	500	500	0	
3.9099967245e+02	7	528	8	492	8	5	0	50	500	500	500	500	500	0	
3.9149999027e+02	5	531	11	489	6	3	0	50	500	500	500	500	500	0	
3.9199969782e+02	5	531	3	497	4	9	0	50	500	500	500	500	500	0	
3.9249083096e+02	8	528	10	490	3	3	0	50	500	500	500	500	500	0	
3.9299889630e+02	10	527	8	492	2	5	0	50	500	500	500	500	500	0	
3.9349806476e+02	8	528	5	495	3	5	0	50	500	500	500	500	500	0	
3.9399950053e+02	13	521	8	492	4	7	0	50	500	500	500	500	500	0	
3.9449917457e+02	13	524	10	490	3	8	0	50	500	500	500	500	500	0	
3.9499972952e+02	11	527	5	495	6	6	0	50	500	500	500	500	500	0	
3.9549984672e+02	7	530	4	496	2	4	0	50	500	500	500	500	500	0	
3.9599794156e+02	7	530	4	496	3	4	0	50	500	500	500	500	500	0	
3.9649824498e+02	8	532	3	497	6	7	0	50	500	500	500	500	500	0	
3.9699787542e+02	9	534	10	490	4	10	0	50	500	500	500	500	500	0	
3.9749861571e+02	10	532	2	498	6	9	0	50	500	500	500	500	500	0	
3.9799845127e+02	9	532	9	491	3	9	0	50	500	500	500	500	500	0	
3.9849747506e+02	12	529	9	491	5	5	0	50	500	500	500	500	500	0	
3.9899991327e+02	10	529	5	495	4	4	0	50	500	500	500	500	500	0	
3.9949735302e+02	13	529	7	493	4	5	0	50	500	500	500	500	500	0	
3.9999961694e+02	15	527	4	496	3	3	0	50	500	500	500	500	500	0	
4.0049945554e+02	16	527	8	492	3	4	0	50	500	500	500	500	500	0	
4.0099825561e+02	13	532	11	489	6	5	0	50	500	500	500	500	500	0	
4.0149851050e+02	12	533	6	494	3	3	0	50	500	500	500	500	500	0	
4.0199944586e+02	10	535	4	496	4	3	0	50	500	500	500	500	500	0	
4.0249716874e+02	10	535	3	497	1	5	0	50	500	500	500	500	500	0	
4.0299744202e+02	12	533	7	493	3	4	0	50	500	500	500	500	500	0	
4.0349371570e+02	11	534	4	496	7	4	0	50	500	500	500	500	500	0	
4.0399800106e+02	11	536	9	491	4	9	0	50	500	500	500	500	500	0	
4.0449576163e+02	9	538	4	496	1	5	0	50	500	500	500	500	500	0	
4.0499944625e+02	7	540	2	498	1	3	0	50	500	500	500	500	500	0	
4.0549986171e+02	8	539	13	487	3	9	0	50	500	500	500	500	500	0	
4.0599861518e+02	10	534	11	489	8	5	0	50	500	500	500	500	500	0	
4.0649994816e+02	10	533	13	487	12	6	0	50	500	500	500	500	500	0	
4.0699683090e+02	18	525	8	492	2	18	0	50	500	500	500	500	500	0	
4.0749882800e+02	14	530	6	494	6	9	0	50	500	500	500	500	500	0	
4.0799993051e+02	16	529	4	496	5	9	0	50	500	500	500	500	500	0	
4.0849332696e+02	17	528	10	490	2	4	0	50	500	500	500	500	500	0	
4.0899820135e+02	17	527	8	492	5	6	0	50	500	500	500	500	500	0	
4.0949920506e+02	15	530	9	491	4	6	0	50	500	500	500	500	500	0	
4.0999909454e+02	16	529	4	496	6	4	0	50	500	500	500	500	500	0	
4.1049952025e+02	15	530	7	493	8	4	0	50	500	500	500	500	500	0	
4.1099907455e+02	13	533	9	491	4	7	0	50	500	500	500	500	500	0	
4.1149953745e+02	15	531	9	491	3	8	0	50	500	500	500	500	500	0	
4.1199955097e+02	13	534	8	492	5	8	0	50	500	500	500	500	500	0	
4.1249862154e+02	12	535	9	491	9	8	0	50	500	500	500	500	500	0	
4.1299996427e+02	12	537	9	491	3	3	0	50	500	500	500	500	500	0	
4.1349810626e+02	13	537	8	492	3	5	0	50	500	500	500	500	500	0	
4.1399967831e+02	15	535	8	492	3	5	0	50	500	500	500	500	500	0	
4.1449941796e+02	12	535	11	489	7	2	0	50	500	500	500	500	500	0	
4.1499705116e+02	11	536	9	491	2	4	0	50	500	500	500	500	500	0	
4.1549956108e+02	12	534	7	493	4	4	0	50	500	500	500	500	500	0	
4.1599965184e+02	11	535	11	489	2	6	0	50	500	500	500	500	500	0	
4.1649943269e+02	9	538	6	494	6	4	0	50	500	500	500	500	500	0	
4.1699786024e+02	10	535	8	492	4	9	0	50	500	500	500	500	500	0	
4.1749879890e+02	9	535	6	494	2	7	0	50	500	500	500	500	500	0	
4.1799794676e+02	13	530	11	489	7	7	0	50	500	500	500	500	500	0	
4.1849896166e+02	14	528	6	494	8	7	0	50	500	500	500	500	500	0	
4.1899875759e+02	13	530	4	496	5	6	0	50	500	500	500	500	500	0	
4.1949887988e+02	12	532	7	493	3	6	0	50	500	500	500	500	500	0	
4.1999975338e+02	12	535	14	486	4	8	0	50	500	500	500	500	500	0	
4.2049843022e+02	14	534	10	490	5	10	0	50	500	500	500	500	500	0	
4.2099921472e+02	15	532	8	492	9	6	0	50	500	500	500	500	500	0	
4.2149965927e+02	18	529	13	487	5	8	0	50	500	500	500	500	500	0	
4.2199964495e+02	19	528	8	492	6	6	0	50	500	500	500	500	500	0	
4.2249932947e+02	16	531	6	494	3	4	0	50	500	500	500	500	500	0	
4.2299837272e+02	19	528	7	493	6	3	0	50	500	500	500	500	500	0	
4.2349313006e+02	15	530	7	493	4	5	0	50	500	500	500	500	500	0	
4.2399979868e+02	14	530	11	489	5	4	0	50	500	500	500	500	500	0	
4.2449985523e+02	12	532	8	492	7	3	0	50	500	500	500	500	500	0	
4.2499978443e+02	10	533	4	496	7	7	0	50	500	500	500	500	500	0	
4.2549667464e+02	11	534	9	491	4	4	0	50	500	500	500	500	500	0	
4.2599894044e+02	17	528	11	489	5	4	0	50	500	500	500	500	500	0	
4.2649962940e+02	16	533	7	493	2	6	0	50	500	500	500	500	500	0	
4.2699872786e+02	13	535	6	494	5	7	0	50	500	500	500	500	500	0	
4.2749661974e+02	12	536	7	493	4	5	0	50	500	500	500	500	500	0	
4.2799984420e+02	10	538	8	492	5	7	0	50	500	500	500	500	500	0	
4.2849900604e+02	12	537	10	490	10	6	0	50	500	500	500	500	500	0	
4.2899998150e+02	18	532	7	493	6	9	0	50	500	500	500	500	500	0	
4.2949928387e+02	15	537	11	489	2	7	0	50	500	500	500	500	500	0	
4.2999882657e+02	17	535	7	493	0	6	0	50	500	500	500	500	500	0	
4.3049947356e+02	16	537	6	494	9	3	0	50	500	500	500	500	500	0	
4.3099884818e+02	16	538	6	494	5	13	0	50	500	500	500	500	500	0	
4.3149914529e+02	14	541	7	493	5	6	0	50	500	500	500	500	500	0	
4.3199597274e+02	15	540	7	493	4	7	0	50	500	500	500	500	500	0	
4.3249959288e+02	15	540	8	492	5	4	0	50	500	500	500	500	500	0	
4.3299871934e+02	13	540	4	496	2	6	0	50	500	500	500	500	500	0	
4.3349688196e+02	11	542	6	494	2	3	0	50	500	500	500	500	500	0	
4.3399960756e+02	9	548	8	492	4	3	0	50	500	500	500	500	500	0	
4.3449405988e+02	14	543	3	497	4	5	0	50	500	500	500	500	500	0	
4.3499794116e+02	9	547	4	496	3	7	0	50	500	500	500	500	500	0	
4.3549850879e+02	9	545	6	494	6	4	0	50	500	500	500	500	500	0	
4.3599907413e+02	10	544	4	496	3	10	0	50	500	500	500	500	500	0	
4.3649880355e+02	11	544	9	491	5	8	0	50	500	500	500	500	500	0	
4.3699804895e+02	13	544	4	496	7	5	0	50	500	500	500	500	500	0	
4.3749651432e+02	16	542	3	497	7	6	0	50	500	500	500	500	500	0	
4.3799930171e+02	16	542	12	488	9	9	0	50	500	500	500	500	500	0	
4.3849905255e+02	13	546	4	496	4	10	0	50	500	500	500	500	500	0	
4.3899907620e+02	11	547	8	492	5	7	0	50	500	500	500	500	500	0	
4.3949720945e+02	15	542	5	495	12	5	0	50	500	500	500	500	500	0	
4.3999995335e+02	15	541	7	493	5	11	0	50	500	500	500	500	500	0	
4.4049994405e+02	18	538	7	493	7	7	0	50	500	500	500	500	500	0	
4.4099857091e+02	18	538	9	491	5	12	0	50	500	500	500	500	500	0	
4.4149966369e+02	16	539	8	492	4	2	0	50	500	500	500	500	500	0	
4.4199864061e+02	12	541	12	488	0	8	0	50	500	500	500	500	500	0	
4.4249939683e+02	16	540	7	493	1	4	0	50	500	500	500	500	500	0	
4.4299915565e+02	13	540	8	492	5	4	0	50	500	500	500	500	500	0	
4.4349866595e+02	15	538	6	494	0	2	0	50	500	500	500	500	500	0	
4.4399959691e+02	16	536	5	495	4	5	0	50	500	500	500	500	500	0	
4.4449531969e+02	13	539	8	492	2	6	0	50	500	500	500	500	500	0	
4.4499915062e+02	11	542	10	490	4	12	0	50	500	500	500	500	500	0	
4.4549982177e+02	11	543	9	491	5	3	0	50	500	500	500	500	500	0	
4.4599992022e+02	10	544	6	494	4	6	0	50	500	500	500	500	500	0	
4.4649437874e+02	9	545	3	497	4	6	0	50	500	500	500	500	500	0	
4.4699563721e+02	10	545	2	498	5	4	0	50	500	500	500	500	500	0	
4.4749808861e+02	9	546	6	494	5	11	0	50	500	500	500	500	500	0	
4.4799782055e+02	9	548	4	496	11	5	0	50	500	500	500	500	500	0	
4.4849807674e+02	9	548	6	494	7	3	0	50	500	500	500	500	500	0	
4.4899958172e+02	7	550	4	496	6	7	0	50	500	500	500	500	500	0	
4.4949999690e+02	9	549	9	491	6	9	0	50	500	500	500	500	500	0	
4.4999736150e+02	7	549	2	498	8	5	0	50	500	500	500	500	500	0	
4.5049749127e+02	4	551	4	496	3	8	0	50	500	500	500	500	500	0	
4.5099731203e+02	3	551	8	492	2	5	0	50	500	500	500	500	500	0	
4.5149761494e+02	8	547	7	493	8	4	0	50	500	500	500	500	500	0	
4.5199989170e+02	10	545	9	491	5	4	0	50	500	500	500	500	500	0	
4.5249967725e+02	14	542	4	496	5	6	0	50	500	500	500	500	500	0	
4.5299855524e+02	14	542	4	496	8	6	0	50	500	500	500	500	500	0	
4.5349858956e+02	16	540	10	490	6	10	0	50	500	500	500	500	500	0	
4.5399994013e+02	15	541	5	495	4	10	0	50	500	500	500	500	500	0	
4.5449963384e+02	19	537	4	496	6	2	0	50	500	500	500	500	500	0	
4.5499933578e+02	15	541	11	489	5	4	0	50	500	500	500	500	500	0	
4.5549754774e+02	14	544	4	496	6	6	0	50	500	500	500	500	500	0	
4.5599980959e+02	15	544	2	498	1	6	0	50	500	500	500	500	500	0	
4.5649751099e+02	10	548	10	490	6	6	0	50	500	500	500	500	500	0	
4.5699891023e+02	11	546	12	488	4	11	0	50	500	500	500	500	500	0	
4.5749990933e+02	9	547	6	494	2	5	0	50	500	500	500	500	500	0	
4.5799867511e+02	8	548	8	492	3	5	0	50	500	500	500	500	500	0	
4.5849974100e+02	7	549	5	495	5	7	0	50	500	500	500	500	500	0	
4.5899815795e+02	8	548	5	495	4	1	0	50	500	500	500	500	500	0	
4.5949967035e+02	9	548	8	492	4	3	0	50	500	500	500	500	500	0	
4.5999998606e+02	8	549	7	493	5	6	0	50	500	500	500	500	500	0	
4.6049880599e+02	8	550	7	493	6	9	0	50	500	500	500	500	500	0	
4.6098891118e+02	8	550	4	496	6	2	0	50	500	500	500	500	500	0	
4.6149820496e+02	6	552	5	495	4	5	0	50	500	500	500	500	500	0	
4.6199957801e+02	6	552	8	492	3	7	0	50	500	500	500	500	500	0	
4.6249903335e+02	11	550	5	495	3	3	0	50	500	500	500	500	500	0	
4.6299672128e+02	14	548	5	495	5	5	0	50	500	500	500	500	500	0	
4.6349545918e+02	14	550	5	495	3	8	0	50	500	500	500	500	500	0	
4.6399747849e+02	14	551	6	494	3	11	0	50	500	500	500	500	500	0	
4.6449880229e+02	19	547	13	487	6	5	0	50	500	500	500	500	500	0	
4.6499919660e+02	19	548	10	490	4	8	0	50	500	500	500	500	500	0	
4.6549709796e+02	20	547	6	494	3	4	0	50	500	500	500	500	500	0	
4.6599980212e+02	17	550	5	495	2	7	0	50	500	500	500	500	500	0	
4.6649338463e+02	17	550	14	486	4	4	0	50	500	500	500	500	500	0	
4.6699808337e+02	19	550	6	494	3	5	0	50	500	500	500	500	500	0	
4.6749946038e+02	18	554	9	491	3	4	0	50	500	500	500	500	500	0	
4.6799991478e+02	15	559	8	492	5	7	0	50	500	500	500	500	500	0	
4.6849960193e+02	12	561	6	494	3	6	0	50	500	500	500	500	500	0	
4.6899728473e+02	10	562	10	490	2	6	0	50	500	500	500	500	500	0	
4.6949769154e+02	6	566	7	493	4	6	0	50	500	500	500	500	500	0	
4.6999979785e+02	4	570	10	490	2	8	0	50	500	500	500	500	500	0	
4.7049793317e+02	7	566	9	491	7	3	0	50	500	500	500	500	500	0	
4.7099572135e+02	7	567	13	487	3	7	0	50	500	500	500	500	500	0	
4.7149932577e+02	7	568	3	497	6	7	0	50	500	500	500	500	500	0	
4.7199965206e+02	6	568	9	491	1	8	0	50	500	500	500	500	500	0	
4.7249826786e+02	8	565	9	491	4	6	0	50	500	500	500	500	500	0	
4.7299723302e+02	11	561	7	493	2	2	0	50	500	500	500	500	500	0	
4.7349461212e+02	11	561	2	498	5	5	0	50	500	500	500	500	500	0	
4.7399923357e+02	14	556	5	495	4	8	0	50	500	500	500	500	500	0	
4.7449978834e+02	13	558	9	491	4	7	0	50	500	500	500	500	500	0	
4.7499896713e+02	13	558	9	491	4	2	0	50	500	500	500	500	500	0	
4.7549786930e+02	13	558	5	495	7	3	0	50	500	500	500	500	500	0	
4.7599780817e+02	12	559	7	493	3	5	0	50	500	500	500	500	500	0	
4.7649865331e+02	12	559	9	491	3	1	0	50	500	500	500	500	500	0	
4.7699974653e+02	10	560	7	493	2	7	0	50	500	500	500	500	500	0	
4.7749841466e+02	12	558	5	495	5	4	0	50	500	500	500	500	500	0	
4.7799717014e+02	10	558	9	491	8	3	0	50	500	500	500	500	500	0	
4.7849965439e+02	13	555	8	492	5	2	0	50	500	500	500	500	500	0	
4.7899907020e+02	18	549	10	490	5	7	0	50	500	500	500	500	500	0	
4.7949888019e+02	22	545	7	493	2	11	0	50	500	500	500	500	500	0	
4.7999863449e+02	21	547	10	490	3	9	0	50	500	500	500	500	500	0	
4.8049850667e+02	19	550	6	494	7	8	0	50	500	500	500	500	500	0	
4.8099968965e+02	17	551	3	497	8	3	0	50	500	500	500	500	500	0	
4.8149755446e+02	16	553	8	492	7	4	0	50	500	500	500	500	500	0	
4.8199874688e+02	19	549	4	496	3	7	0	50	500	500	500	500	500	0	
4.8249738741e+02	20	548	3	497	6	6	0	50	500	500	500	500	500	0	
4.8299787048e+02	17	552	8	492	3	5	0	50	500	500	500	500	500	0	
4.8349573548e+02	16	553	11	489	4	4	0	50	500	500	500	500	500	0	
4.8399950317e+02	11	557	3	497	8	5	0	50	500	500	500	500	500	0	
4.8449832690e+02	10	558	8	492	5	6	0	50	500	500	500	500	500	0	
4.8499819549e+02	10	558	7	493	5	8	0	50	500	500	500	500	500	0	
4.8549965634e+02	9	561	10	490	2	5	0	50	500	500	500	500	500	0	
4.8599925105e+02	6	566	7	493	5	6	0	50	500	500	500	500	500	0	
4.8649912891e+02	10	562	3	497	5	5	0	50	500	500	500	500	500	0	
4.8699982384e+02	10	564	6	494	8	5	0	50	500	500	500	500	500	0	
4.8749907024e+02	8	565	7	493	4	5	0	50	500	500	500	500	500	0	
4.8799447303e+02	10	563	3	497	7	4	0	50	500	500	500	500	500	0	
4.8849717197e+02	7	567	7	493	7	7	0	50	500	500	500	500	500	0	
4.8899982018e+02	9	567	11	489	5	8	0	50	500	500	500	500	500	0	
4.8949984308e+02	4	574	5	495	5	7	0	50	500	500	500	500	500	0	
4.8999837525e+02	7	570	3	497	4	4	0	50	500	500	500	500	500	0	
4.9049979627e+02	10	567	10	490	2	5	0	50	500	500	500	500	500	0	
4.9099683841e+02	9	568	5	495	7	5	0	50	500	500	500	500	500	0	
4.9149674548e+02	14	565	3	497	8	5	0	50	500	500	500	500	500	0	
4.9199542947e+02	11	566	9	491	3	6	0	50	500	500	500	500	500	0	
4.9249643117e+02	12	566	7	493	1	6	0	50	500	500	500	500	500	0	
4.9299340770e+02	14	564	3	497	3	6	0	50	500	500	500	500	500	0	
4.9349369446e+02	16	564	5	495	3	6	0	50	500	500	500	500	500	0	
4.9399933145e+02	12	569	4	496	1	4	0	50	500	500	500	500	500	0	
4.9449981507e+02	8	573	8	492	5	2	0	50	500	500	500	500	500	0	
4.9499890119e+02	10	570	6	494	8	8	0	50	500	500	500	500	500	0	
4.9549814464e+02	9	571	3	497	3	2	0	50	500	500	500	500	500	0	
4.9599735377e+02	8	573	6	494	3	2	0	50	500	500	500	500	500	0	
4.9649947713e+02	8	575	9	491	6	4	0	50	500	500	500	500	500	0	
4.9699810234e+02	8	575	11	489	2	5	0	50	500	500	500	500	500	0	
4.9749880462e+02	8	578	6	494	5	4	0	50	500	500	500	500	500	0	
4.9799977327e+02	7	578	2	498	2	6	0	50	500	500	500	500	500	0	
4.9849894763e+02	9	577	5	495	8	7	0	50	500	500	500	500	500	0	
4.9899978731e+02	11	575	7	493	4	9	0	50	500	500	500	500	500	0	
4.9949938717e+02	14	574	7	493	6	6	0	50	500	500	500	500	500	0	
4.9999887197e+02	14	575	8	492	4	4	0	50	500	500	500	500	500	0	
5.0000056938e+02	14	575	8	492	4	5	0	50	500	500	500	500	500	0	
