0.0000000000e+00	0	0	500	0	0	0	0	500	500	500	500	0	0	0	
4.9727362708e-01	0	0	500	0	0	123	0	500	500	500	500	0	0	0	
9.9888710411e-01	0	1	500	0	0	222	0	500	500	500	500	0	0	0	
1.4958311984e+00	0	3	499	1	0	258	0	500	500	500	500	0	0	0	
1.9987686860e+00	0	4	498	2	1	297	0	500	500	500	500	0	0	0	
2.4932138154e+00	1	3	499	1	1	345	0	500	500	500	500	0	0	0	
2.9996413702e+00	2	3	500	0	1	372	0	500	500	500	500	0	0	0	
3.4881167924e+00	5	3	500	0	0	385	0	500	500	500	500	0	0	0	
3.9953924115e+00	5	6	500	0	0	411	0	500	500	500	500	0	0	0	
4.4993545008e+00	6	7	498	2	2	431	0	500	500	500	500	0	0	0	
4.9983836372e+00	10	3	499	1	0	447	0	500	500	500	500	0	0	0	
5.4985969728e+00	10	4	500	0	1	463	0	500	500	500	500	0	0	0	
5.9999874398e+00	13	1	499	1	0	481	0	500	500	500	500	0	0	0	
6.4994836291e+00	14	0	500	0	1	485	0	500	500	500	500	0	0	0	
6.9957342805e+00	14	0	499	1	0	492	0	500	500	500	500	0	0	0	
7.4994579141e+00	14	2	499	1	1	473	0	500	500	500	500	0	0	0	
7.9975037875e+00	14	2	498	2	0	486	0	500	500	500	500	0	0	0	
8.4979175617e+00	14	3	500	0	1	488	0	500	500	500	500	0	0	0	
8.9988032171e+00	15	2	500	0	1	479	0	500	500	500	500	0	0	0	
9.4966853959e+00	16	2	500	0	2	474	0	500	500	500	500	0	0	0	
9.9981919447e+00	16	3	500	0	1	489	0	500	500	500	500	0	0	0	
1.0492861614e+01	16	3	497	3	0	497	0	500	500	500	500	0	0	0	
1.0999948989e+01	18	3	496	4	0	501	0	500	500	500	500	0	0	0	
1.1499502673e+01	18	5	494	6	1	517	0	500	500	500	500	0	0	0	
1.1999231663e+01	20	3	498	2	1	499	0	500	500	500	500	0	0	0	
1.2498619569e+01	21	5	499	1	1	485	0	500	500	500	500	0	0	0	
1.2998906123e+01	21	5	498	2	1	468	0	500	500	500	500	0	0	0	
1.3496707554e+01	22	5	496	4	1	460	0	500	500	500	500	0	0	0	
1.3998930779e+01	23	4	496	4	2	444	0	500	500	500	500	0	0	0	
1.4499632905e+01	24	3	498	2	1	453	0	500	500	500	500	0	0	0	
1.4998113634e+01	25	3	500	0	2	460	0	500	500	500	500	0	0	0	
1.5499814419e+01	26	2	500	0	1	463	0	500	500	500	500	0	0	0	
1.5999929635e+01	27	2	499	1	0	467	0	500	500	500	500	0	0	0	
1.6496595007e+01	28	2	499	1	0	456	0	500	500	500	500	0	0	0	
1.6999739081e+01	29	3	500	0	1	460	0	500	500	500	500	0	0	0	
1.7499715529e+01	29	5	497	3	0	463	0	500	500	500	500	0	0	0	
1.7998745439e+01	31	4	496	4	2	478	0	500	500	500	500	0	0	0	
1.8498819580e+01	31	5	497	3	0	479	0	500	500	500	500	0	0	0	
1.8999897320e+01	32	6	497	3	1	508	0	500	500	500	500	0	0	0	
1.9498313295e+01	34	4	498	2	3	494	0	500	500	500	500	0	0	0	
1.9999356214e+01	37	4	499	1	1	477	0	500	500	500	500	0	0	0	
2.0496378176e+01	38	4	499	1	3	462	0	500	500	500	500	0	0	0	
2.0996471413e+01	41	1	497	3	2	483	0	500	500	500	500	0	0	0	
2.1498296387e+01	41	1	497	3	1	497	0	500	500	500	500	0	0	0	
2.1997468111e+01	42	2	497	3	1	519	0	500	500	500	500	0	0	0	
2.2495572995e+01	42	4	496	4	0	526	0	500	500	500	500	0	0	0	
2.2999693773e+01	45	1	498	2	0	552	0	500	500	500	500	0	0	0	
2.3499599214e+01	45	3	498	2	0	538	0	500	500	500	500	0	0	0	
2.3998171240e+01	44	6	497	3	1	514	0	500	500	500	500	0	0	0	
2.4489708637e+01	46	4	496	4	0	527	0	500	500	500	500	0	0	0	
2.4999330418e+01	46	5	497	3	1	521	0	500	500	500	500	0	0	0	
2.5498983945e+01	49	5	498	2	2	520	0	500	500	500	500	0	0	0	
2.5996700157e+01	50	6	499	1	1	515	0	500	500	500	500	0	0	0	
2.6496919087e+01	52	5	497	3	1	503	0	500	500	500	500	0	0	0	
2.6997421158e+01	52	5	497	3	1	482	0	500	500	500	500	0	0	0	
2.7495862500e+01	53	5	495	5	1	485	0	500	500	500	500	0	0	0	
2.7998983935e+01	52	6	496	4	1	465	0	500	500	500	500	0	0	0	
2.8499648413e+01	53	6	490	10	0	498	0	500	500	500	500	0	0	0	
2.8998901241e+01	57	5	498	2	2	489	0	500	500	500	500	0	0	0	
2.9499428480e+01	58	4	498	2	0	493	0	500	500	500	500	0	0	0	
2.9998835612e+01	60	2	498	2	1	506	0	500	500	500	500	0	0	0	
3.0496573770e+01	59	5	497	3	3	497	0	500	500	500	500	0	0	0	
3.0999337451e+01	59	5	498	2	1	495	0	500	500	500	500	0	0	0	
3.1497977594e+01	61	4	499	1	2	484	0	500	500	500	500	0	0	0	
3.1998645404e+01	64	2	497	3	0	495	0	500	500	500	500	0	0	0	
3.2499228314e+01	65	3	500	0	0	506	0	500	500	500	500	0	0	0	
3.2995913878e+01	65	4	497	3	0	496	0	500	500	500	500	0	0	0	
3.3499016020e+01	67	3	498	2	3	484	0	500	500	500	500	0	0	0	
3.3999801541e+01	68	3	496	4	2	483	0	500	500	500	500	0	0	0	
3.4499286908e+01	68	4	498	2	2	475	0	500	500	500	500	0	0	0	
3.4998909769e+01	70	2	497	3	0	469	0	500	500	500	500	0	0	0	
3.5499781791e+01	71	2	499	1	0	480	0	500	500	500	500	0	0	0	
3.5998629725e+01	72	2	497	3	0	490	0	500	500	500	500	0	0	0	
3.6499687824e+01	72	2	498	2	3	496	0	500	500	500	500	0	0	0	
3.6998685530e+01	71	3	500	0	1	491	0	500	500	500	500	0	0	0	
3.7499895060e+01	73	2	498	2	1	472	0	500	500	500	500	0	0	0	
3.7999459008e+01	73	3	498	2	0	502	0	500	500	500	500	0	0	0	
3.8496633701e+01	74	2	499	1	0	504	0	500	500	500	500	0	0	0	
3.8998319794e+01	75	4	498	2	3	513	0	500	500	500	500	0	0	0	
3.9498941022e+01	75	5	499	1	1	496	0	500	500	500	500	0	0	0	
3.9999857866e+01	75	8	496	4	1	486	0	500	500	500	500	0	0	0	
4.0498157498e+01	76	7	494	6	3	512	0	500	500	500	500	0	0	0	
4.0996449391e+01	75	8	496	4	2	523	0	500	500	500	500	0	0	0	
4.1499247875e+01	77	6	496	4	6	521	0	500	500	500	500	0	0	0	
4.1996712764e+01	77	9	496	4	6	503	0	500	500	500	500	0	0	0	
4.2498220227e+01	78	8	492	8	4	503	0	500	500	500	500	0	0	0	
4.2999641573e+01	81	7	497	3	0	474	0	500	500	500	500	0	0	0	
4.3490496440e+01	84	5	494	6	1	481	0	500	500	500	500	0	0	0	
4.3998340319e+01	85	5	495	5	1	470	0	500	500	500	500	0	0	0	
4.4495046835e+01	83	5	497	3	3	455	0	500	500	500	500	0	0	0	
4.4999509973e+01	83	6	496	4	2	457	0	500	500	500	500	0	0	0	
4.5499185449e+01	85	5	497	3	0	449	0	500	500	500	500	0	0	0	
4.5996027347e+01	87	3	499	1	2	455	0	500	500	500	500	0	0	0	
4.6499734223e+01	88	4	499	1	1	466	0	500	500	500	500	0	0	0	
4.6999713420e+01	89	4	496	4	0	503	0	500	500	500	500	0	0	0	
4.7496181296e+01	89	4	497	3	0	492	0	500	500	500	500	0	0	0	
4.7999949325e+01	89	5	499	1	1	521	0	500	500	500	500	0	0	0	
4.8497816085e+01	88	5	496	4	1	514	0	500	500	500	500	0	0	0	
4.8998929094e+01	88	6	496	4	3	517	0	500	500	500	500	0	0	0	
4.9499206447e+01	89	5	496	4	3	532	0	500	500	500	500	0	0	0	
4.9999686355e+01	90	4	497	3	1	528	0	500	500	500	500	0	0	0	
5.0496703271e+01	90	4	496	4	1	519	0	500	500	500	500	0	0	0	
5.0998626985e+01	91	6	497	3	4	501	0	500	500	500	500	0	0	0	
5.1499748406e+01	92	7	495	5	4	510	0	500	500	500	500	0	0	0	
5.1998755692e+01	92	8	494	6	2	517	0	500	500	500	500	0	0	0	
5.2499489023e+01	95	6	492	8	0	504	0	500	500	500	500	0	0	0	
5.2998521591e+01	94	7	495	5	4	496	0	500	500	500	500	0	0	0	
5.3497668319e+01	94	8	492	8	1	500	0	500	500	500	500	0	0	0	
5.3995869890e+01	96	6	493	7	1	528	0	500	500	500	500	0	0	0	
5.4497534946e+01	97	5	498	2	1	519	0	500	500	500	500	0	0	0	
5.4999915789e+01	97	6	495	5	0	503	0	500	500	500	500	0	0	0	
5.5495274684e+01	100	4	499	1	3	478	0	500	500	500	500	0	0	0	
5.5997522883e+01	100	5	494	6	1	472	0	500	500	500	500	0	0	0	
5.6499924841e+01	101	5	498	2	1	487	0	500	500	500	500	0	0	0	
5.6999840687e+01	101	8	496	4	1	478	0	500	500	500	500	0	0	0	
5.7498657629e+01	101	8	495	5	0	464	0	500	500	500	500	0	0	0	
5.7993966191e+01	105	5	494	6	0	459	0	500	500	500	500	0	0	0	
5.8495965605e+01	104	5	498	2	1	452	0	500	500	500	500	0	0	0	
5.8996276373e+01	104	5	496	4	3	477	0	500	500	500	500	0	0	0	
5.9498611480e+01	105	4	494	6	2	458	0	500	500	500	500	0	0	0	
5.9996607735e+01	106	4	493	7	3	467	0	500	500	500	500	0	0	0	
6.0498570242e+01	108	6	496	4	2	448	0	500	500	500	500	0	0	0	
6.0998721541e+01	109	6	498	2	1	455	0	500	500	500	500	0	0	0	
6.1499666889e+01	111	4	497	3	2	441	0	500	500	500	500	0	0	0	
6.1995716723e+01	111	5	496	4	4	470	0	500	500	500	500	0	0	0	
6.2497437314e+01	113	5	496	4	1	459	0	500	500	500	500	0	0	0	
6.2995819126e+01	114	6	497	3	0	450	0	500	500	500	500	0	0	0	
6.3499581575e+01	114	5	500	0	1	472	0	500	500	500	500	0	0	0	
6.3997441320e+01	114	4	500	0	1	472	0	500	500	500	500	0	0	0	
6.4496887300e+01	116	3	496	4	2	461	0	500	500	500	500	0	0	0	
6.4996143678e+01	115	6	498	2	4	454	0	500	500	500	500	0	0	0	
6.5496043453e+01	116	7	497	3	2	436	0	500	500	500	500	0	0	0	
6.5999204461e+01	117	6	496	4	0	452	0	500	500	500	500	0	0	0	
6.6497340096e+01	117	6	491	9	4	458	0	500	500	500	500	0	0	0	
6.6996863776e+01	118	5	496	4	5	462	0	500	500	500	500	0	0	0	
6.7498206873e+01	119	4	494	6	2	466	0	500	500	500	500	0	0	0	
6.7992981022e+01	118	5	490	10	1	483	0	500	500	500	500	0	0	0	
6.8499302054e+01	118	6	490	10	2	489	0	500	500	500	500	0	0	0	
6.8998855309e+01	119	6	493	7	2	493	0	500	500	500	500	0	0	0	
6.9499932111e+01	120	5	494	6	0	501	0	500	500	500	500	0	0	0	
6.9999908912e+01	120	5	495	5	6	502	0	500	500	500	500	0	0	0	
7.0499182551e+01	121	4	493	7	2	497	0	500	500	500	500	0	0	0	
7.0998769457e+01	122	4	496	4	5	511	0	500	500	500	500	0	0	0	
7.1499948707e+01	120	5	495	5	1	515	0	500	500	500	500	0	0	0	
7.1999219099e+01	122	6	495	5	3	509	0	500	500	500	500	0	0	0	
7.2498683905e+01	124	5	492	8	3	527	0	500	500	500	500	0	0	0	
7.2999375805e+01	125	5	489	11	1	518	0	500	500	500	500	0	0	0	
7.3498830556e+01	126	5	494	6	0	529	0	500	500	500	500	0	0	0	
7.3996536468e+01	126	4	499	1	1	539	0	500	500	500	500	0	0	0	
7.4498590647e+01	128	3	498	2	3	527	0	500	500	500	500	0	0	0	
7.4999061439e+01	129	3	498	2	2	523	0	500	500	500	500	0	0	0	
7.5499301077e+01	129	4	496	4	0	534	0	500	500	500	500	0	0	0	
7.5998870568e+01	131	3	496	4	0	530	0	500	500	500	500	0	0	0	
7.6499704531e+01	133	4	496	4	0	545	0	500	500	500	500	0	0	0	
7.6998324987e+01	135	4	498	2	3	533	0	500	500	500	500	0	0	0	
7.7498911875e+01	135	4	497	3	4	509	0	500	500	500	500	0	0	0	
7.7999633245e+01	135	5	494	6	5	490	0	500	500	500	500	0	0	0	
7.8499038843e+01	135	6	495	5	2	497	0	500	500	500	500	0	0	0	
7.8997576371e+01	135	6	493	7	0	486	0	500	500	500	500	0	0	0	
7.9499885904e+01	137	5	494	6	6	489	0	500	500	500	500	0	0	0	
7.9998612317e+01	137	5	499	1	1	508	0	500	500	500	500	0	0	0	
8.0497488883e+01	136	5	497	3	3	508	0	500	500	500	500	0	0	0	
8.0999899154e+01	137	4	497	3	1	507	0	500	500	500	500	0	0	0	
8.1497478155e+01	138	5	496	4	0	532	0	500	500	500	500	0	0	0	
8.1999419063e+01	140	3	496	4	1	545	0	500	500	500	500	0	0	0	
8.2499349977e+01	140	3	500	0	1	561	0	500	500	500	500	0	0	0	
8.2997919752e+01	142	2	499	1	1	536	0	500	500	500	500	0	0	0	
8.3497272596e+01	142	2	498	2	2	528	0	500	500	500	500	0	0	0	
8.3999695541e+01	142	3	498	2	0	518	0	500	500	500	500	0	0	0	
8.4497981381e+01	141	4	498	2	2	524	0	500	500	500	500	0	0	0	
8.4999101568e+01	142	4	497	3	1	509	0	500	500	500	500	0	0	0	
8.5498605070e+01	143	4	498	2	1	502	0	500	500	500	500	0	0	0	
8.5995684977e+01	144	3	493	7	0	509	0	500	500	500	500	0	0	0	
8.6499259852e+01	143	5	497	3	2	506	0	500	500	500	500	0	0	0	
8.6996362251e+01	143	5	497	3	3	516	0	500	500	500	500	0	0	0	
8.7496632220e+01	142	9	494	6	3	508	0	500	500	500	500	0	0	0	
8.7997737053e+01	144	7	495	5	2	493	0	500	500	500	500	0	0	0	
8.8498518917e+01	144	8	496	4	5	503	0	500	500	500	500	0	0	0	
8.8999610215e+01	148	4	494	6	4	515	0	500	500	500	500	0	0	0	
8.9499522748e+01	149	3	494	6	1	535	0	500	500	500	500	0	0	0	
8.9999359812e+01	150	7	497	3	0	525	0	500	500	500	500	0	0	0	
9.0499354631e+01	151	7	497	3	3	513	0	500	500	500	500	0	0	0	
9.0998967572e+01	152	7	494	6	2	496	0	500	500	500	500	0	0	0	
9.1495277048e+01	153	7	493	7	1	491	0	500	500	500	500	0	0	0	
9.1991385783e+01	155	7	497	3	2	486	0	500	500	500	500	0	0	0	
9.2499495642e+01	154	8	490	10	2	505	0	500	500	500	500	0	0	0	
9.2997703338e+01	155	7	496	4	2	511	0	500	500	500	500	0	0	0	
9.3499647246e+01	157	5	495	5	6	526	0	500	500	500	500	0	0	0	
9.3998908723e+01	157	6	498	2	2	504	0	500	500	500	500	0	0	0	
9.4499536794e+01	157	7	492	8	2	512	0	500	500	500	500	0	0	0	
9.4995744531e+01	160	5	500	0	2	491	0	500	500	500	500	0	0	0	
9.5496655047e+01	162	3	498	2	2	508	0	500	500	500	500	0	0	0	
9.5997828093e+01	163	3	497	3	0	504	0	500	500	500	500	0	0	0	
9.6490914858e+01	164	2	499	1	0	499	0	500	500	500	500	0	0	0	
9.6999765089e+01	165	1	498	2	1	489	0	500	500	500	500	0	0	0	
9.7498559508e+01	164	1	498	2	0	479	0	500	500	500	500	0	0	0	
9.7999754078e+01	164	2	499	1	0	507	0	500	500	500	500	0	0	0	
9.8499653956e+01	164	2	500	0	1	510	0	500	500	500	500	0	0	0	
9.8998935477e+01	165	1	499	1	0	507	0	500	500	500	500	0	0	0	
9.9498844327e+01	165	4	497	3	0	516	0	500	500	500	500	0	0	0	
9.9998891144e+01	163	5	494	6	2	539	0	500	500	500	500	0	0	0	
1.0049740843e+02	165	4	494	6	1	534	0	500	500	500	500	0	0	0	
1.0099465839e+02	166	4	494	6	1	518	0	500	500	500	500	0	0	0	
1.0149968147e+02	167	4	493	7	2	493	0	500	500	500	500	0	0	0	
1.0199947162e+02	169	5	493	7	1	494	0	500	500	500	500	0	0	0	
1.0249581080e+02	170	4	498	2	1	499	0	500	500	500	500	0	0	0	
1.0299974204e+02	171	3	497	3	2	484	0	500	500	500	500	0	0	0	
1.0349479206e+02	170	3	498	2	0	478	0	500	500	500	500	0	0	0	
1.0399873593e+02	171	4	495	5	3	469	0	500	500	500	500	0	0	0	
1.0449757291e+02	174	1	496	4	1	484	0	500	500	500	500	0	0	0	
1.0499965570e+02	175	1	499	1	2	490	0	500	500	500	500	0	0	0	
1.0549958703e+02	175	2	497	3	0	474	0	500	500	500	500	0	0	0	
1.0599733063e+02	174	3	498	2	1	487	0	500	500	500	500	0	0	0	
1.0649795278e+02	174	4	495	5	1	483	0	500	500	500	500	0	0	0	
1.0699974195e+02	175	3	499	1	0	485	0	500	500	500	500	0	0	0	
1.0749377519e+02	175	2	499	1	3	512	0	500	500	500	500	0	0	0	
1.0799517296e+02	175	2	497	3	0	514	0	500	500	500	500	0	0	0	
1.0849731788e+02	176	3	496	4	1	527	0	500	500	500	500	0	0	0	
1.0899797201e+02	177	2	498	2	3	520	0	500	500	500	500	0	0	0	
1.0949754088e+02	179	2	496	4	1	509	0	500	500	500	500	0	0	0	
1.0999930725e+02	180	1	497	3	0	481	0	500	500	500	500	0	0	0	
1.1049887985e+02	180	0	498	2	0	472	0	500	500	500	500	0	0	0	
1.1099857607e+02	180	3	495	5	1	488	0	500	500	500	500	0	0	0	
1.1149930238e+02	182	1	494	6	2	471	0	500	500	500	500	0	0	0	
1.1199953199e+02	183	1	499	1	0	486	0	500	500	500	500	0	0	0	
1.1249992262e+02	184	0	498	2	0	501	0	500	500	500	500	0	0	0	
1.1299909394e+02	184	2	497	3	1	501	0	500	500	500	500	0	0	0	
1.1349656097e+02	182	3	498	2	0	499	0	500	500	500	500	0	0	0	
1.1399563109e+02	183	3	498	2	0	496	0	500	500	500	500	0	0	0	
1.1449919989e+02	183	2	500	0	1	486	0	500	500	500	500	0	0	0	
1.1499638199e+02	183	3	499	1	2	471	0	500	500	500	500	0	0	0	
1.1549983358e+02	184	5	497	3	3	489	0	500	500	500	500	0	0	0	
1.1599716774e+02	184	5	495	5	2	498	0	500	500	500	500	0	0	0	
1.1649820755e+02	185	6	499	1	3	500	0	500	500	500	500	0	0	0	
1.1699905565e+02	185	6	496	4	3	508	0	500	500	500	500	0	0	0	
1.1749415919e+02	186	6	498	2	2	499	0	500	500	500	500	0	0	0	
1.1799220043e+02	186	7	495	5	4	492	0	500	500	500	500	0	0	0	
1.1849991951e+02	187	9	494	6	1	482	0	500	500	500	500	0	0	0	
1.1899743013e+02	189	8	493	7	1	493	0	500	500	500	500	0	0	0	
1.1949826473e+02	191	7	492	8	5	490	0	500	500	500	500	0	0	0	
1.1999858638e+02	191	7	494	6	2	483	0	500	500	500	500	0	0	0	
1.2049714005e+02	191	7	497	3	2	482	0	500	500	500	500	0	0	0	
1.2099896750e+02	192	8	495	5	3	471	0	500	500	500	500	0	0	0	
1.2149782798e+02	194	7	495	5	2	498	0	500	500	500	500	0	0	0	
1.2199671084e+02	194	8	492	8	1	511	0	500	500	500	500	0	0	0	
1.2249984891e+02	196	6	495	5	3	490	0	500	500	500	500	0	0	0	
1.2299956066e+02	197	6	495	5	1	475	0	500	500	500	500	0	0	0	
1.2349969472e+02	196	5	497	3	0	504	0	500	500	500	500	0	0	0	
1.2399779900e+02	197	5	496	4	0	531	0	500	500	500	500	0	0	0	
1.2449987808e+02	198	6	493	7	1	541	0	500	500	500	500	0	0	0	
1.2499462441e+02	201	3	499	1	1	543	0	500	500	500	500	0	0	0	
1.2549872600e+02	202	3	499	1	1	516	0	500	500	500	500	0	0	0	
1.2599728724e+02	201	5	496	4	3	517	0	500	500	500	500	0	0	0	
1.2649856529e+02	201	5	495	5	2	523	0	500	500	500	500	0	0	0	
1.2699839513e+02	201	5	493	7	1	524	0	500	500	500	500	0	0	0	
1.2749975751e+02	203	4	496	4	3	536	0	500	500	500	500	0	0	0	
1.2799978466e+02	202	3	496	4	2	491	0	500	500	500	500	0	0	0	
1.2849753849e+02	202	6	494	6	2	496	0	500	500	500	500	0	0	0	
1.2899784869e+02	202	6	492	8	3	482	0	500	500	500	500	0	0	0	
1.2949840444e+02	202	6	494	6	1	467	0	500	500	500	500	0	0	0	
1.2999874034e+02	203	6	492	8	2	461	0	500	500	500	500	0	0	0	
1.3049735707e+02	204	6	495	5	1	454	0	500	500	500	500	0	0	0	
1.3099818996e+02	204	8	495	5	3	457	0	500	500	500	500	0	0	0	
1.3149881744e+02	207	6	493	7	3	478	0	500	500	500	500	0	0	0	
1.3199734870e+02	211	4	497	3	4	465	0	500	500	500	500	0	0	0	
1.3249901954e+02	212	4	499	1	1	500	0	500	500	500	500	0	0	0	
1.3299984899e+02	211	4	497	3	0	514	0	500	500	500	500	0	0	0	
1.3349932795e+02	214	2	497	3	1	515	0	500	500	500	500	0	0	0	
1.3399698236e+02	215	3	496	4	3	512	0	500	500	500	500	0	0	0	
1.3449631612e+02	215	5	498	2	0	502	0	500	500	500	500	0	0	0	
1.3499879383e+02	216	4	495	5	2	501	0	500	500	500	500	0	0	0	
1.3549916689e+02	216	5	496	4	5	531	0	500	500	500	500	0	0	0	
1.3599468489e+02	217	5	489	11	4	515	0	500	500	500	500	0	0	0	
1.3649639680e+02	219	3	497	3	3	508	0	500	500	500	500	0	0	0	
1.3699725169e+02	219	5	493	7	2	504	0	500	500	500	500	0	0	0	
1.3749792414e+02	219	5	493	7	2	524	0	500	500	500	500	0	0	0	
1.3799855284e+02	220	5	497	3	2	528	0	500	500	500	500	0	0	0	
1.3849662436e+02	220	6	491	9	2	534	0	500	500	500	500	0	0	0	
1.3899754507e+02	219	6	494	6	5	542	0	500	500	500	500	0	0	0	
1.3949124175e+02	219	7	492	8	4	521	0	500	500	500	500	0	0	0	
1.3999895588e+02	218	7	492	8	4	515	0	500	500	500	500	0	0	0	
1.4049894625e+02	219	7	493	7	1	524	0	500	500	500	500	0	0	0	
1.4099979968e+02	219	8	492	8	6	532	0	500	500	500	500	0	0	0	
1.4149724940e+02	220	8	497	3	2	513	0	500	500	500	500	0	0	0	
1.4199836902e+02	221	9	494	6	2	515	0	500	500	500	500	0	0	0	
1.4249852835e+02	218	10	484	16	3	498	0	500	500	500	500	0	0	0	
1.4299953567e+02	219	9	493	7	5	509	0	500	500	500	500	0	0	0	
1.4349906990e+02	221	8	496	4	3	522	0	500	500	500	500	0	0	0	
1.4399855084e+02	222	7	495	5	2	512	0	500	500	500	500	0	0	0	
1.4449680010e+02	223	8	489	11	1	528	0	500	500	500	500	0	0	0	
1.4499998073e+02	224	12	489	11	1	517	0	500	500	500	500	0	0	0	
1.4549957157e+02	228	9	491	9	3	533	0	500	500	500	500	0	0	0	
1.4599837774e+02	229	8	488	12	5	520	0	500	500	500	500	0	0	0	
1.4649935342e+02	229	8	490	10	2	505	0	500	500	500	500	0	0	0	
1.4699557795e+02	232	5	495	5	2	494	0	500	500	500	500	0	0	0	
1.4749623348e+02	233	4	497	3	4	490	0	500	500	500	500	0	0	0	
1.4799949859e+02	232	4	496	4	5	501	0	500	500	500	500	0	0	0	
1.4849858386e+02	232	5	496	4	1	518	0	500	500	500	500	0	0	0	
1.4899994296e+02	232	6	494	6	2	504	0	500	500	500	500	0	0	0	
1.4949976718e+02	232	6	495	5	3	479	0	500	500	500	500	0	0	0	
1.4999943208e+02	234	5	498	2	2	529	0	500	500	500	500	0	0	0	
1.5049984639e+02	234	7	498	2	2	533	0	500	500	500	500	0	0	0	
1.5099987003e+02	234	8	490	10	2	537	0	500	500	500	500	0	0	0	
1.5149903915e+02	233	9	491	9	1	530	0	500	500	500	500	0	0	0	
1.5199620653e+02	237	7	492	8	2	520	0	500	500	500	500	0	0	0	
1.5249942989e+02	238	8	491	9	0	488	0	500	500	500	500	0	0	0	
1.5299981155e+02	239	7	488	12	1	528	0	500	500	500	500	0	0	0	
1.5349253521e+02	240	6	496	4	1	533	0	500	500	500	500	0	0	0	
1.5399985551e+02	242	6	486	14	2	555	0	500	500	500	500	0	0	0	
1.5449802585e+02	244	4	495	5	1	535	0	500	500	500	500	0	0	0	
1.5499994448e+02	245	3	497	3	2	518	0	500	500	500	500	0	0	0	
1.5549747739e+02	247	2	496	4	0	527	0	500	500	500	500	0	0	0	
1.5599927526e+02	247	1	498	2	0	508	0	500	500	500	500	0	0	0	
1.5649889036e+02	246	1	497	3	1	455	0	500	500	500	500	0	0	0	
1.5699954241e+02	246	2	498	2	0	479	0	500	500	500	500	0	0	0	
1.5749814610e+02	246	2	500	0	0	500	0	500	500	500	500	0	0	0	
1.5799476153e+02	246	4	499	1	2	498	0	500	500	500	500	0	0	0	
1.5849987922e+02	247	4	497	3	2	519	0	500	500	500	500	0	0	0	
1.5899842583e+02	248	3	495	5	1	490	0	500	500	500	500	0	0	0	
1.5949505498e+02	249	2	497	3	2	510	0	500	500	500	500	0	0	0	
1.5999794102e+02	250	2	495	5	1	518	0	500	500	500	500	0	0	0	
1.6049937022e+02	248	5	495	5	2	520	0	500	500	500	500	0	0	0	
1.6099967892e+02	247	4	496	4	1	537	0	500	500	500	500	0	0	0	
1.6149970003e+02	248	4	496	4	3	529	0	500	500	500	500	0	0	0	
1.6199837645e+02	248	3	495	5	0	526	0	500	500	500	500	0	0	0	
1.6249943621e+02	250	3	495	5	2	501	0	500	500	500	500	0	0	0	
1.6299670653e+02	250	4	495	5	1	510	0	500	500	500	500	0	0	0	
1.6349956156e+02	249	5	494	6	1	504	0	500	500	500	500	0	0	0	
1.6399752810e+02	250	6	495	5	0	495	0	500	500	500	500	0	0	0	
1.6449965586e+02	252	6	493	7	0	501	0	500	500	500	500	0	0	0	
1.6499821297e+02	252	11	491	9	1	490	0	500	500	500	500	0	0	0	
1.6549996425e+02	253	10	490	10	3	495	0	500	500	500	500	0	0	0	
1.6599545564e+02	253	10	493	7	5	465	0	500	500	500	500	0	0	0	
1.6649778842e+02	256	8	490	10	2	473	0	500	500	500	500	0	0	0	
1.6699960238e+02	255	9	492	8	5	457	0	500	500	500	500	0	0	0	
1.6749407412e+02	256	9	495	5	2	482	0	500	500	500	500	0	0	0	
1.6799998822e+02	256	10	494	6	0	475	0	500	500	500	500	0	0	0	
1.6849987614e+02	257	8	490	10	3	482	0	500	500	500	500	0	0	0	
1.6899974598e+02	259	6	492	8	2	502	0	500	500	500	500	0	0	0	
1.6949407142e+02	260	7	490	10	3	517	0	500	500	500	500	0	0	0	
1.6999830438e+02	262	5	498	2	2	528	0	500	500	500	500	0	0	0	
1.7049973440e+02	263	4	494	6	2	517	0	500	500	500	500	0	0	0	
1.7099286779e+02	264	4	496	4	0	516	0	500	500	500	500	0	0	0	
1.7149968702e+02	263	7	493	7	2	532	0	500	500	500	500	0	0	0	
1.7199731337e+02	264	6	491	9	3	495	0	500	500	500	500	0	0	0	
1.7249748745e+02	266	5	490	10	3	515	0	500	500	500	500	0	0	0	
1.7299863478e+02	267	3	493	7	4	511	0	500	500	500	500	0	0	0	
1.7349928157e+02	266	5	494	6	3	507	0	500	500	500	500	0	0	0	
1.7399968683e+02	265	8	497	3	5	519	0	500	500	500	500	0	0	0	
1.7449849257e+02	266	8	494	6	1	514	0	500	500	500	500	0	0	0	
1.7499875664e+02	267	7	498	2	1	514	0	500	500	500	500	0	0	0	
1.7549875918e+02	269	6	497	3	5	490	0	500	500	500	500	0	0	0	
1.7599749121e+02	270	6	493	7	2	483	0	500	500	500	500	0	0	0	
1.7649891681e+02	269	9	493	7	7	487	0	500	500	500	500	0	0	0	
1.7699840108e+02	269	9	488	12	6	483	0	500	500	500	500	0	0	0	
1.7749806682e+02	270	8	485	15	3	495	0	500	500	500	500	0	0	0	
1.7799777495e+02	271	9	487	13	3	486	0	500	500	500	500	0	0	0	
1.7849815035e+02	271	9	488	12	4	478	0	500	500	500	500	0	0	0	
1.7899657843e+02	271	9	487	13	3	493	0	500	500	500	500	0	0	0	
1.7949933256e+02	271	11	489	11	3	498	0	500	500	500	500	0	0	0	
1.7999756277e+02	272	10	489	11	6	512	0	500	500	500	500	0	0	0	
1.8049895033e+02	275	9	486	14	1	519	0	500	500	500	500	0	0	0	
1.8099953512e+02	277	8	494	6	3	520	0	500	500	500	500	0	0	0	
1.8149709498e+02	280	6	495	5	0	488	0	500	500	500	500	0	0	0	
1.8199589223e+02	282	4	497	3	1	482	0	500	500	500	500	0	0	0	
1.8249027146e+02	280	8	492	8	3	499	0	500	500	500	500	0	0	0	
1.8299917710e+02	278	9	487	13	2	497	0	500	500	500	500	0	0	0	
1.8349798801e+02	280	7	490	10	2	530	0	500	500	500	500	0	0	0	
1.8399927866e+02	282	6	490	10	0	524	0	500	500	500	500	0	0	0	
1.8449989134e+02	283	5	491	9	8	515	0	500	500	500	500	0	0	0	
1.8499977030e+02	283	8	490	10	5	511	0	500	500	500	500	0	0	0	
1.8549820192e+02	283	9	490	10	4	491	0	500	500	500	500	0	0	0	
1.8599989400e+02	283	11	494	6	1	490	0	500	500	500	500	0	0	0	
1.8649904488e+02	285	10	489	11	6	485	0	500	500	500	500	0	0	0	
1.8699509615e+02	288	7	492	8	2	516	0	500	500	500	500	0	0	0	
1.8749744040e+02	289	7	490	10	1	537	0	500	500	500	500	0	0	0	
1.8799821711e+02	292	7	497	3	2	522	0	500	500	500	500	0	0	0	
1.8849871719e+02	294	6	493	7	5	534	0	500	500	500	500	0	0	0	
1.8899724602e+02	296	5	496	4	2	513	0	500	500	500	500	0	0	0	
1.8949981881e+02	295	7	496	4	4	506	0	500	500	500	500	0	0	0	
1.8999960099e+02	296	5	495	5	5	518	0	500	500	500	500	0	0	0	
1.9049763580e+02	296	5	497	3	4	497	0	500	500	500	500	0	0	0	
1.9099725808e+02	297	6	494	6	3	487	0	500	500	500	500	0	0	0	
1.9149816326e+02	297	5	491	9	5	496	0	500	500	500	500	0	0	0	
1.9199768422e+02	298	6	494	6	3	492	0	500	500	500	500	0	0	0	
1.9249633877e+02	297	7	493	7	1	492	0	500	500	500	500	0	0	0	
1.9299798839e+02	299	6	493	7	5	520	0	500	500	500	500	0	0	0	
1.9349935574e+02	299	7	493	7	7	519	0	500	500	500	500	0	0	0	
1.9399767199e+02	298	6	498	2	0	517	0	500	500	500	500	0	0	0	
1.9449928658e+02	300	4	495	5	4	491	0	500	500	500	500	0	0	0	
1.9499646605e+02	300	6	499	1	5	482	0	500	500	500	500	0	0	0	
1.9549445614e+02	300	7	494	6	7	472	0	500	500	500	500	0	0	0	
1.9599937197e+02	302	6	491	9	7	480	0	500	500	500	500	0	0	0	
1.9649586809e+02	302	5	495	5	3	496	0	500	500	500	500	0	0	0	
1.9699815180e+02	302	5	499	1	2	483	0	500	500	500	500	0	0	0	
1.9749856618e+02	304	4	494	6	0	494	0	500	500	500	500	0	0	0	
1.9799835714e+02	302	9	496	4	3	491	0	500	500	500	500	0	0	0	
1.9849969093e+02	305	8	493	7	5	487	0	500	500	500	500	0	0	0	
1.9899868436e+02	306	10	488	12	4	465	0	500	500	500	500	0	0	0	
1.9949595212e+02	307	10	493	7	1	460	0	500	500	500	500	0	0	0	
1.9999894211e+02	313	6	495	5	1	451	0	500	500	500	500	0	0	0	
2.0049851373e+02	314	8	490	10	1	480	0	500	500	500	500	0	0	0	
2.0099513335e+02	315	6	495	5	4	485	0	500	500	500	500	0	0	0	
2.0149659900e+02	313	7	494	6	3	516	0	500	500	500	500	0	0	0	
2.0199996713e+02	311	8	497	3	0	524	0	500	500	500	500	0	0	0	
2.0249559055e+02	312	8	494	6	5	512	0	500	500	500	500	0	0	0	
2.0299804448e+02	314	6	489	11	3	491	0	500	500	500	500	0	0	0	
2.0349750031e+02	314	9	487	13	2	472	0	500	500	500	500	0	0	0	
2.0399725142e+02	314	10	491	9	4	477	0	500	500	500	500	0	0	0	
2.0449919977e+02	316	9	492	8	1	484	0	500	500	500	500	0	0	0	
2.0499999806e+02	318	8	490	10	0	486	0	500	500	500	500	0	0	0	
2.0549147020e+02	318	10	489	11	2	485	0	500	500	500	500	0	0	0	
2.0599932485e+02	320	9	488	12	3	482	0	500	500	500	500	0	0	0	
2.0649889022e+02	320	9	494	6	4	513	0	500	500	500	500	0	0	0	
2.0699949773e+02	321	9	494	6	3	498	0	500	500	500	500	0	0	0	
2.0749954363e+02	323	10	495	5	3	494	0	500	500	500	500	0	0	0	
2.0799830105e+02	326	9	497	3	2	492	0	500	500	500	500	0	0	0	
2.0849828447e+02	325	13	492	8	1	444	0	500	500	500	500	0	0	0	
2.0899823819e+02	325	15	489	11	3	438	0	500	500	500	500	0	0	0	
2.0949978526e+02	324	14	476	24	7	453	0	500	500	500	500	0	0	0	
2.0999941108e+02	327	11	480	20	7	480	0	500	500	500	500	0	0	0	
2.1049769846e+02	330	9	485	15	3	499	0	500	500	500	500	0	0	0	
2.1099987621e+02	330	9	488	12	5	486	0	500	500	500	500	0	0	0	
2.1149981137e+02	334	7	497	3	3	502	0	500	500	500	500	0	0	0	
2.1199819094e+02	336	5	497	3	2	485	0	500	500	500	500	0	0	0	
2.1249753783e+02	335	6	494	6	3	502	0	500	500	500	500	0	0	0	
2.1299680513e+02	336	6	495	5	5	513	0	500	500	500	500	0	0	0	
2.1349697668e+02	335	6	497	3	1	531	0	500	500	500	500	0	0	0	
2.1399922610e+02	336	8	492	8	3	527	0	500	500	500	500	0	0	0	
2.1449968144e+02	337	8	495	5	5	512	0	500	500	500	500	0	0	0	
2.1499943608e+02	339	7	491	9	4	507	0	500	500	500	500	0	0	0	
2.1549982111e+02	339	7	489	11	3	541	0	500	500	500	500	0	0	0	
2.1599931281e+02	337	11	485	15	2	545	0	500	500	500	500	0	0	0	
2.1649916176e+02	339	10	492	8	3	522	0	500	500	500	500	0	0	0	
2.1699897206e+02	338	11	488	12	4	514	0	500	500	500	500	0	0	0	
2.1749998703e+02	341	9	491	9	4	507	0	500	500	500	500	0	0	0	
2.1799891563e+02	346	6	494	6	3	485	0	500	500	500	500	0	0	0	
2.1849914786e+02	348	6	492	8	8	484	0	500	500	500	500	0	0	0	
2.1899959968e+02	349	7	491	9	1	486	0	500	500	500	500	0	0	0	
2.1949972677e+02	350	5	497	3	5	479	0	500	500	500	500	0	0	0	
2.1999618689e+02	350	7	496	4	4	448	0	500	500	500	500	0	0	0	
2.2049847771e+02	348	8	496	4	3	438	0	500	500	500	500	0	0	0	
2.2099980345e+02	346	9	491	9	4	460	0	500	500	500	500	0	0	0	
2.2149827621e+02	348	6	489	11	4	457	0	500	500	500	500	0	0	0	
2.2199877010e+02	348	6	488	12	1	449	0	500	500	500	500	0	0	0	
2.2249538914e+02	347	6	497	3	4	477	0	500	500	500	500	0	0	0	
2.2299886847e+02	348	6	495	5	2	475	0	500	500	500	500	0	0	0	
2.2349902138e+02	347	8	495	5	1	469	0	500	500	500	500	0	0	0	
2.2399743084e+02	348	9	491	9	6	467	0	500	500	500	500	0	0	0	
2.2449408223e+02	348	11	494	6	2	469	0	500	500	500	500	0	0	0	
2.2499992533e+02	347	12	494	6	6	483	0	500	500	500	500	0	0	0	
2.2549884183e+02	344	16	489	11	6	495	0	500	500	500	500	0	0	0	
2.2599820427e+02	346	14	489	11	8	496	0	500	500	500	500	0	0	0	
2.2649766446e+02	354	8	489	11	3	493	0	500	500	500	500	0	0	0	
2.2699927337e+02	355	7	491	9	4	503	0	500	500	500	500	0	0	0	
2.2749762752e+02	359	6	492	8	2	489	0	500	500	500	500	0	0	0	
2.2799783502e+02	356	8	493	7	0	482	0	500	500	500	500	0	0	0	
2.2848878279e+02	355	8	491	9	0	495	0	500	500	500	500	0	0	0	
2.2899906905e+02	352	12	488	12	1	512	0	500	500	500	500	0	0	0	
2.2949935200e+02	353	11	492	8	5	502	0	500	500	500	500	0	0	0	
2.2999963213e+02	353	10	491	9	5	500	0	500	500	500	500	0	0	0	
2.3049569540e+02	356	7	487	13	4	503	0	500	500	500	500	0	0	0	
2.3099751306e+02	356	8	488	12	2	493	0	500	500	500	500	0	0	0	
2.3149476325e+02	357	7	493	7	4	482	0	500	500	500	500	0	0	0	
2.3199960123e+02	356	10	489	11	6	475	0	500	500	500	500	0	0	0	
2.3249991050e+02	357	12	481	19	4	483	0	500	500	500	500	0	0	0	
2.3299989766e+02	358	11	483	17	5	513	0	500	500	500	500	0	0	0	
2.3349847849e+02	357	13	487	13	5	494	0	500	500	500	500	0	0	0	
2.3399993093e+02	359	11	485	15	5	508	0	500	500	500	500	0	0	0	
2.3449989033e+02	358	12	493	7	4	524	0	500	500	500	500	0	0	0	
2.3499378028e+02	358	12	489	11	2	518	0	500	500	500	500	0	0	0	
2.3549893310e+02	357	12	488	12	5	513	0	500	500	500	500	0	0	0	
2.3599750938e+02	358	11	489	11	4	505	0	500	500	500	500	0	0	0	
2.3649931511e+02	359	11	489	11	7	483	0	500	500	500	500	0	0	0	
2.3699817032e+02	361	10	490	10	2	511	0	500	500	500	500	0	0	0	
2.3749923436e+02	361	11	493	7	4	517	0	500	500	500	500	0	0	0	
2.3799992890e+02	363	9	482	18	6	533	0	500	500	500	500	0	0	0	
2.3849732545e+02	363	9	483	17	1	543	0	500	500	500	500	0	0	0	
2.3899988553e+02	362	11	487	13	3	509	0	500	500	500	500	0	0	0	
2.3949651483e+02	363	9	487	13	4	493	0	500	500	500	500	0	0	0	
2.3999841299e+02	365	7	494	6	5	508	0	500	500	500	500	0	0	0	
2.4049681638e+02	365	6	490	10	0	495	0	500	500	500	500	0	0	0	
2.4099849125e+02	365	7	491	9	1	488	0	500	500	500	500	0	0	0	
2.4149796184e+02	364	9	494	6	1	504	0	500	500	500	500	0	0	0	
2.4199835309e+02	363	11	495	5	1	478	0	500	500	500	500	0	0	0	
2.4249988760e+02	364	8	494	6	2	496	0	500	500	500	500	0	0	0	
2.4299809763e+02	365	8	493	7	3	485	0	500	500	500	500	0	0	0	
2.4349916440e+02	364	11	491	9	4	481	0	500	500	500	500	0	0	0	
2.4399417158e+02	364	10	496	4	2	515	0	500	500	500	500	0	0	0	
2.4449960321e+02	363	12	489	11	4	508	0	500	500	500	500	0	0	0	
2.4499983043e+02	363	11	490	10	5	497	0	500	500	500	500	0	0	0	
2.4549781134e+02	361	12	484	16	3	507	0	500	500	500	500	0	0	0	
2.4599868221e+02	365	8	487	13	1	502	0	500	500	500	500	0	0	0	
2.4649911364e+02	365	10	491	9	1	481	0	500	500	500	500	0	0	0	
2.4699528485e+02	364	11	486	14	2	450	0	500	500	500	500	0	0	0	
2.4749742145e+02	364	11	486	14	4	412	0	500	500	500	500	0	0	0	
2.4799988153e+02	365	10	486	14	3	421	0	500	500	500	500	0	0	0	
2.4849802495e+02	364	11	486	14	3	440	0	500	500	500	500	0	0	0	
2.4899918935e+02	367	9	493	7	4	426	0	500	500	500	500	0	0	0	
2.4949768495e+02	370	8	488	12	4	436	0	500	500	500	500	0	0	0	
2.4999958667e+02	371	10	487	13	3	472	0	500	500	500	500	0	0	0	
2.5049951367e+02	371	9	493	7	4	496	0	500	500	500	500	0	0	0	
2.5099816502e+02	370	9	492	8	4	507	0	500	500	500	500	0	0	0	
2.5149933242e+02	374	6	495	5	4	512	0	500	500	500	500	0	0	0	
2.5199808987e+02	375	5	495	5	3	494	0	500	500	500	500	0	0	0	
2.5249841762e+02	373	5	496	4	4	480	0	500	500	500	500	0	0	0	
2.5299877050e+02	375	5	494	6	1	470	0	500	500	500	500	0	0	0	
2.5349917980e+02	378	3	498	2	4	490	0	500	500	500	500	0	0	0	
2.5399997619e+02	376	4	496	4	4	493	0	500	500	500	500	0	0	0	
2.5449915215e+02	376	5	498	2	3	459	0	500	500	500	500	0	0	0	
2.5499819447e+02	377	5	492	8	2	443	0	500	500	500	500	0	0	0	
2.5549929371e+02	377	6	487	13	7	443	0	500	500	500	500	0	0	0	
2.5599803889e+02	377	8	487	13	1	466	0	500	500	500	500	0	0	0	
2.5649965891e+02	377	9	489	11	5	445	0	500	500	500	500	0	0	0	
2.5699883442e+02	374	11	488	12	2	464	0	500	500	500	500	0	0	0	
2.5749992667e+02	374	13	491	9	2	469	0	500	500	500	500	0	0	0	
2.5799991181e+02	377	10	491	9	4	484	0	500	500	500	500	0	0	0	
2.5849910054e+02	379	9	493	7	1	487	0	500	500	500	500	0	0	0	
2.5899983062e+02	380	10	490	10	1	486	0	500	500	500	500	0	0	0	
2.5949977696e+02	382	10	491	9	4	524	0	500	500	500	500	0	0	0	
2.5999933630e+02	383	10	488	12	1	524	0	500	500	500	500	0	0	0	
2.6049981479e+02	383	11	489	11	6	519	0	500	500	500	500	0	0	0	
2.6099512806e+02	383	12	489	11	7	517	0	500	500	500	500	0	0	0	
2.6149850529e+02	382	13	485	15	6	526	0	500	500	500	500	0	0	0	
2.6199979887e+02	380	13	478	22	4	518	0	500	500	500	500	0	0	0	
2.6249872640e+02	379	14	483	17	5	506	0	500	500	500	500	0	0	0	
2.6299891624e+02	375	16	485	15	5	485	0	500	500	500	500	0	0	0	
2.6349681677e+02	378	13	489	11	5	465	0	500	500	500	500	0	0	0	
2.6399768263e+02	377	15	479	21	7	466	0	500	500	500	500	0	0	0	
2.6449418043e+02	377	15	480	20	6	478	0	500	500	500	500	0	0	0	
2.6499837142e+02	381	11	482	18	4	485	0	500	500	500	500	0	0	0	
2.6549848847e+02	382	9	488	12	4	479	0	500	500	500	500	0	0	0	
2.6599981549e+02	385	7	496	4	4	482	0	500	500	500	500	0	0	0	
2.6649933909e+02	387	6	495	5	5	473	0	500	500	500	500	0	0	0	
2.6699915236e+02	384	11	491	9	6	470	0	500	500	500	500	0	0	0	
2.6749713863e+02	385	12	488	12	5	488	0	500	500	500	500	0	0	0	
2.6799992332e+02	385	12	488	12	1	478	0	500	500	500	500	0	0	0	
2.6849517570e+02	387	13	491	9	4	473	0	500	500	500	500	0	0	0	
2.6899646437e+02	388	12	490	10	2	475	0	500	500	500	500	0	0	0	
2.6949946786e+02	388	13	493	7	6	480	0	500	500	500	500	0	0	0	
2.6999693530e+02	391	11	492	8	10	472	0	500	500	500	500	0	0	0	
2.7049978426e+02	392	9	494	6	3	491	0	500	500	500	500	0	0	0	
2.7099825201e+02	395	7	496	4	4	512	0	500	500	500	500	0	0	0	
2.7149932027e+02	396	7	493	7	5	527	0	500	500	500	500	0	0	0	
2.7199899050e+02	398	7	491	9	4	525	0	500	500	500	500	0	0	0	
2.7249150288e+02	399	7	494	6	4	505	0	500	500	500	500	0	0	0	
2.7299800508e+02	398	9	487	13	4	512	0	500	500	500	500	0	0	0	
2.7349952386e+02	398	9	483	17	1	516	0	500	500	500	500	0	0	0	
2.7399972258e+02	393	14	491	9	6	518	0	500	500	500	500	0	0	0	
2.7449908695e+02	392	14	485	15	3	538	0	500	500	500	500	0	0	0	
2.7499776715e+02	393	14	488	12	7	525	0	500	500	500	500	0	0	0	
2.7549628711e+02	395	12	483	17	1	524	0	500	500	500	500	0	0	0	
2.7599999124e+02	397	10	488	12	4	505	0	500	500	500	500	0	0	0	
2.7649994658e+02	395	10	483	17	2	497	0	500	500	500	500	0	0	0	
2.7699832277e+02	394	11	478	22	6	522	0	500	500	500	500	0	0	0	
2.7749873106e+02	393	13	480	20	6	529	0	500	500	500	500	0	0	0	
2.7799932065e+02	393	13	476	24	11	500	0	500	500	500	500	0	0	0	
2.7849934598e+02	393	12	477	23	2	514	0	500	500	500	500	0	0	0	
2.7899969280e+02	395	12	479	21	5	496	0	500	500	500	500	0	0	0	
2.7949837666e+02	395	11	486	14	3	488	0	500	500	500	500	0	0	0	
2.7999512586e+02	397	10	490	10	1	463	0	500	500	500	500	0	0	0	
2.8049853767e+02	398	10	489	11	7	451	0	500	500	500	500	0	0	0	
2.8099944371e+02	397	10	488	12	3	466	0	500	500	500	500	0	0	0	
2.8149776385e+02	396	11	489	11	3	452	0	500	500	500	500	0	0	0	
2.8199980402e+02	393	15	494	6	5	461	0	500	500	500	500	0	0	0	
2.8249306484e+02	395	12	488	12	5	458	0	500	500	500	500	0	0	0	
2.8299827333e+02	393	14	488	12	6	466	0	500	500	500	500	0	0	0	
2.8349816683e+02	391	17	487	13	5	472	0	500	500	500	500	0	0	0	
2.8399619064e+02	393	15	488	12	1	479	0	500	500	500	500	0	0	0	
2.8449484274e+02	394	14	488	12	6	486	0	500	500	500	500	0	0	0	
2.8499731210e+02	396	13	486	14	3	485	0	500	500	500	500	0	0	0	
2.8549992391e+02	395	14	487	13	4	488	0	500	500	500	500	0	0	0	
2.8599898068e+02	397	13	491	9	3	489	0	500	500	500	500	0	0	0	
2.8649981303e+02	403	9	492	8	4	502	0	500	500	500	500	0	0	0	
2.8699892943e+02	404	8	491	9	4	507	0	500	500	500	500	0	0	0	
2.8749685855e+02	407	6	493	7	1	498	0	500	500	500	500	0	0	0	
2.8799748570e+02	406	9	493	7	2	487	0	500	500	500	500	0	0	0	
2.8849837322e+02	404	12	493	7	1	485	0	500	500	500	500	0	0	0	
2.8899977911e+02	406	10	491	9	4	485	0	500	500	500	500	0	0	0	
2.8949944531e+02	405	12	485	15	6	479	0	500	500	500	500	0	0	0	
2.8999963798e+02	408	10	486	14	3	483	0	500	500	500	500	0	0	0	
2.9049753634e+02	409	11	498	2	0	478	0	500	500	500	500	0	0	0	
2.9099562605e+02	411	10	492	8	7	470	0	500	500	500	500	0	0	0	
2.9149831967e+02	414	8	495	5	2	473	0	500	500	500	500	0	0	0	
2.9199856048e+02	416	7	492	8	3	483	0	500	500	500	500	0	0	0	
2.9249930465e+02	416	9	490	10	5	467	0	500	500	500	500	0	0	0	
2.9299618709e+02	415	10	492	8	2	455	0	500	500	500	500	0	0	0	
2.9349806065e+02	414	11	495	5	10	450	0	500	500	500	500	0	0	0	
2.9399939393e+02	419	7	493	7	2	452	0	500	500	500	500	0	0	0	
2.9449778635e+02	417	11	495	5	2	454	0	500	500	500	500	0	0	0	
2.9499897413e+02	421	10	486	14	7	455	0	500	500	500	500	0	0	0	
2.9549955620e+02	420	12	493	7	3	469	0	500	500	500	500	0	0	0	
2.9599634142e+02	422	11	493	7	4	463	0	500	500	500	500	0	0	0	
2.9649936040e+02	421	11	488	12	4	471	0	500	500	500	500	0	0	0	
2.9699664540e+02	422	11	488	12	2	465	0	500	500	500	500	0	0	0	
2.9749844683e+02	423	10	489	11	7	492	0	500	500	500	500	0	0	0	
2.9799809931e+02	424	9	491	9	2	499	0	500	500	500	500	0	0	0	
2.9849958229e+02	424	11	488	12	8	486	0	500	500	500	500	0	0	0	
2.9899354930e+02	424	11	485	15	4	507	0	500	500	500	500	0	0	0	
2.9949982281e+02	422	15	489	11	2	500	0	500	500	500	500	0	0	0	
2.9999969752e+02	425	11	486	14	2	503	0	500	500	500	500	0	0	0	
3.0049994989e+02	428	8	487	13	7	527	0	500	500	500	500	0	0	0	
3.0099795977e+02	431	6	493	7	2	521	0	500	500	500	500	0	0	0	
3.0149828462e+02	432	7	493	7	4	516	0	500	500	500	500	0	0	0	
3.0199972392e+02	436	3	496	4	5	495	0	500	500	500	500	0	0	0	
3.0249810043e+02	437	3	497	3	2	479	0	500	500	500	500	0	0	0	
3.0299901140e+02	437	3	497	3	0	476	0	500	500	500	500	0	0	0	
3.0349846626e+02	437	3	496	4	1	466	0	500	500	500	500	0	0	0	
3.0399210903e+02	437	7	495	5	2	493	0	500	500	500	500	0	0	0	
3.0449887415e+02	437	8	491	9	5	474	0	500	500	500	500	0	0	0	
3.0499974765e+02	438	7	491	9	4	481	0	500	500	500	500	0	0	0	
3.0549634356e+02	438	9	495	5	4	483	0	500	500	500	500	0	0	0	
3.0599734935e+02	437	11	485	15	6	497	0	500	500	500	500	0	0	0	
3.0649946366e+02	440	8	486	14	3	523	0	500	500	500	500	0	0	0	
3.0699799547e+02	440	8	489	11	3	508	0	500	500	500	500	0	0	0	
3.0749797231e+02	442	6	489	11	1	511	0	500	500	500	500	0	0	0	
3.0799989688e+02	442	10	490	10	6	496	0	500	500	500	500	0	0	0	
3.0849585843e+02	440	12	488	12	7	477	0	500	500	500	500	0	0	0	
3.0899712601e+02	441	12	482	18	2	484	0	500	500	500	500	0	0	0	
3.0949489997e+02	444	9	485	15	4	497	0	500	500	500	500	0	0	0	
3.0999913033e+02	443	9	491	9	6	498	0	500	500	500	500	0	0	0	
3.1049864774e+02	448	4	491	9	3	534	0	500	500	500	500	0	0	0	
3.1099973905e+02	447	6	489	11	4	522	0	500	500	500	500	0	0	0	
3.1149926094e+02	446	8	490	10	7	519	0	500	500	500	500	0	0	0	
3.1199849562e+02	447	7	491	9	3	529	0	500	500	500	500	0	0	0	
3.1249919272e+02	450	6	494	6	1	507	0	500	500	500	500	0	0	0	
3.1299909973e+02	451	5	491	9	0	523	0	500	500	500	500	0	0	0	
3.1349691503e+02	453	3	495	5	2	519	0	500	500	500	500	0	0	0	
3.1399647674e+02	452	3	496	4	3	511	0	500	500	500	500	0	0	0	
3.1449437230e+02	451	4	494	6	1	487	0	500	500	500	500	0	0	0	
3.1499883373e+02	452	4	495	5	2	501	0	500	500	500	500	0	0	0	
3.1549775848e+02	452	3	494	6	2	477	0	500	500	500	500	0	0	0	
3.1599727150e+02	453	1	496	4	0	477	0	500	500	500	500	0	0	0	
3.1649839792e+02	452	2	493	7	2	483	0	500	500	500	500	0	0	0	
3.1699966723e+02	451	3	493	7	1	502	0	500	500	500	500	0	0	0	
3.1749439140e+02	452	2	497	3	1	516	0	500	500	500	500	0	0	0	
3.1799703485e+02	453	3	497	3	1	508	0	500	500	500	500	0	0	0	
3.1849796919e+02	454	4	497	3	3	513	0	500	500	500	500	0	0	0	
3.1899740161e+02	455	3	495	5	0	537	0	500	500	500	500	0	0	0	
3.1949852034e+02	455	4	498	2	1	543	0	500	500	500	500	0	0	0	
3.1999898392e+02	454	5	495	5	7	518	0	500	500	500	500	0	0	0	
3.2049728564e+02	452	10	481	19	2	505	0	500	500	500	500	0	0	0	
3.2099885996e+02	449	14	486	14	10	484	0	500	500	500	500	0	0	0	
3.2149848578e+02	449	13	488	12	5	484	0	500	500	500	500	0	0	0	
3.2199814373e+02	449	13	489	11	3	499	0	500	500	500	500	0	0	0	
3.2249820736e+02	451	12	486	14	4	497	0	500	500	500	500	0	0	0	
3.2299928958e+02	455	11	485	15	8	495	0	500	500	500	500	0	0	0	
3.2349596611e+02	459	9	484	16	4	496	0	500	500	500	500	0	0	0	
3.2399941992e+02	459	9	492	8	2	491	0	500	500	500	500	0	0	0	
3.2449963491e+02	460	7	489	11	3	482	0	500	500	500	500	0	0	0	
3.2499813464e+02	460	8	494	6	4	465	0	500	500	500	500	0	0	0	
3.2549559249e+02	462	7	489	11	3	463	0	500	500	500	500	0	0	0	
3.2599545805e+02	459	8	493	7	1	439	0	500	500	500	500	0	0	0	
3.2649913570e+02	460	6	496	4	5	443	0	500	500	500	500	0	0	0	
3.2699976905e+02	458	9	496	4	5	467	0	500	500	500	500	0	0	0	
3.2749730310e+02	461	7	491	9	0	447	0	500	500	500	500	0	0	0	
3.2799298929e+02	463	5	495	5	1	445	0	500	500	500	500	0	0	0	
3.2849997464e+02	463	4	492	8	3	470	0	500	500	500	500	0	0	0	
3.2899984773e+02	463	5	494	6	2	486	0	500	500	500	500	0	0	0	
3.2949796789e+02	463	5	493	7	0	492	0	500	500	500	500	0	0	0	
3.2999908588e+02	462	5	490	10	2	498	0	500	500	500	500	0	0	0	
3.3049932957e+02	463	6	494	6	3	491	0	500	500	500	500	0	0	0	
3.3099940090e+02	463	6	489	11	0	510	0	500	500	500	500	0	0	0	
3.3149802396e+02	462	9	489	11	4	474	0	500	500	500	500	0	0	0	
3.3199903132e+02	465	6	493	7	2	479	0	500	500	500	500	0	0	0	
3.3249911996e+02	466	6	488	12	4	480	0	500	500	500	500	0	0	0	
3.3299861924e+02	466	10	485	15	3	473	0	500	500	500	500	0	0	0	
3.3349966338e+02	469	7	490	10	5	467	0	500	500	500	500	0	0	0	
3.3399994803e+02	468	8	489	11	5	481	0	500	500	500	500	0	0	0	
3.3449928942e+02	468	9	491	9	6	498	0	500	500	500	500	0	0	0	
3.3499708132e+02	466	10	488	12	5	489	0	500	500	500	500	0	0	0	
3.3549835832e+02	468	8	496	4	2	510	0	500	500	500	500	0	0	0	
3.3599799325e+02	469	9	489	11	4	528	0	500	500	500	500	0	0	0	
3.3649861463e+02	468	10	478	22	3	522	0	500	500	500	500	0	0	0	
3.3699867392e+02	465	14	484	16	5	509	0	500	500	500	500	0	0	0	
3.3749845155e+02	463	16	484	16	3	507	0	500	500	500	500	0	0	0	
3.3799943883e+02	463	16	476	24	6	526	0	500	500	500	500	0	0	0	
3.3849929314e+02	463	15	485	15	3	525	0	500	500	500	500	0	0	0	
3.3899862451e+02	469	11	490	10	7	491	0	500	500	500	500	0	0	0	
3.3949896432e+02	471	9	489	11	1	497	0	500	500	500	500	0	0	0	
3.3999714705e+02	473	8	491	9	5	492	0	500	500	500	500	0	0	0	
3.4049784687e+02	474	7	495	5	6	497	0	500	500	500	500	0	0	0	
3.4099677088e+02	475	6	492	8	2	501	0	500	500	500	500	0	0	0	
3.4149974166e+02	475	7	492	8	1	487	0	500	500	500	500	0	0	0	
3.4199789155e+02	477	7	493	7	4	484	0	500	500	500	500	0	0	0	
3.4249644672e+02	477	9	491	9	4	472	0	500	500	500	500	0	0	0	
3.4299803959e+02	475	12	488	12	2	476	0	500	500	500	500	0	0	0	
3.4349959735e+02	471	14	488	12	4	477	0	500	500	500	500	0	0	0	
3.4399894562e+02	473	11	491	9	4	467	0	500	500	500	500	0	0	0	
3.4449886532e+02	474	9	488	12	3	458	0	500	500	500	500	0	0	0	
3.4499941562e+02	475	8	487	13	7	467	0	500	500	500	500	0	0	0	
3.4549986974e+02	478	5	490	10	2	474	0	500	500	500	500	0	0	0	
3.4599947826e+02	477	5	493	7	5	464	0	500	500	500	500	0	0	0	
3.4649720789e+02	477	6	496	4	2	454	0	500	500	500	500	0	0	0	
3.4699927387e+02	475	7	493	7	0	445	0	500	500	500	500	0	0	0	
3.4749603419e+02	476	6	497	3	3	446	0	500	500	500	500	0	0	0	
3.4799653039e+02	476	4	494	6	0	476	0	500	500	500	500	0	0	0	
3.4849996293e+02	474	4	496	4	2	507	0	500	500	500	500	0	0	0	
3.4899978015e+02	473	4	494	6	2	509	0	500	500	500	500	0	0	0	
3.4949229816e+02	472	5	494	6	3	500	0	500	500	500	500	0	0	0	
3.4999981180e+02	473	4	497	3	2	506	0	500	500	500	500	0	0	0	
3.5049872913e+02	473	5	496	4	3	511	0	500	500	500	500	0	0	0	
3.5099932176e+02	473	4	497	3	0	511	0	500	500	500	500	0	0	0	
3.5149895663e+02	475	4	500	0	3	504	0	500	500	500	500	0	0	0	
3.5199639409e+02	475	6	494	6	1	521	0	500	500	500	500	0	0	0	
3.5249955419e+02	475	6	493	7	2	523	0	500	500	500	500	0	0	0	
3.5299982482e+02	474	6	493	7	2	504	0	500	500	500	500	0	0	0	
3.5349841875e+02	472	8	488	12	2	506	0	500	500	500	500	0	0	0	
3.5399423680e+02	472	8	487	13	3	501	0	500	500	500	500	0	0	0	
3.5449964755e+02	473	9	485	15	3	483	0	500	500	500	500	0	0	0	
3.5499945893e+02	474	8	488	12	4	482	0	500	500	500	500	0	0	0	
3.5549320470e+02	474	8	492	8	2	479	0	500	500	500	500	0	0	0	
3.5599975951e+02	473	9	493	7	3	474	0	500	500	500	500	0	0	0	
3.5649673065e+02	472	8	492	8	0	483	0	500	500	500	500	0	0	0	
3.5699732156e+02	473	8	496	4	1	492	0	500	500	500	500	0	0	0	
3.5749889601e+02	470	9	492	8	7	482	0	500	500	500	500	0	0	0	
3.5799722508e+02	468	11	487	13	3	481	0	500	500	500	500	0	0	0	
3.5849865072e+02	467	11	487	13	3	480	0	500	500	500	500	0	0	0	
3.5899506248e+02	465	12	488	12	4	474	0	500	500	500	500	0	0	0	
3.5949981311e+02	468	9	494	6	1	452	0	500	500	500	500	0	0	0	
3.5999731363e+02	468	10	491	9	10	449	0	500	500	500	500	0	0	0	
3.6049967628e+02	471	8	493	7	3	456	0	500	500	500	500	0	0	0	
3.6099590168e+02	471	8	490	10	2	477	0	500	500	500	500	0	0	0	
3.6149813707e+02	468	10	493	7	2	477	0	500	500	500	500	0	0	0	
3.6199975411e+02	470	8	492	8	3	488	0	500	500	500	500	0	0	0	
3.6249925495e+02	470	10	494	6	3	493	0	500	500	500	500	0	0	0	
3.6299934785e+02	469	12	489	11	2	500	0	500	500	500	500	0	0	0	
3.6349606028e+02	470	12	493	7	10	478	0	500	500	500	500	0	0	0	
3.6399760489e+02	475	7	490	10	4	499	0	500	500	500	500	0	0	0	
3.6449798452e+02	475	7	488	12	2	491	0	500	500	500	500	0	0	0	
3.6499827866e+02	473	8	494	6	1	494	0	500	500	500	500	0	0	0	
3.6549989748e+02	474	6	493	7	0	503	0	500	500	500	500	0	0	0	
3.6599993515e+02	473	6	494	6	1	505	0	500	500	500	500	0	0	0	
3.6649889766e+02	474	6	491	9	2	483	0	500	500	500	500	0	0	0	
3.6699482550e+02	474	6	481	19	1	517	0	500	500	500	500	0	0	0	
3.6749447955e+02	475	6	489	11	2	532	0	500	500	500	500	0	0	0	
3.6799864255e+02	475	7	491	9	3	538	0	500	500	500	500	0	0	0	
3.6849476415e+02	475	6	490	10	3	551	0	500	500	500	500	0	0	0	
3.6899849550e+02	472	7	493	7	4	527	0	500	500	500	500	0	0	0	
3.6949774543e+02	469	7	493	7	3	540	0	500	500	500	500	0	0	0	
3.6999951902e+02	470	7	495	5	2	559	0	500	500	500	500	0	0	0	
3.7049692920e+02	473	6	493	7	3	513	0	500	500	500	500	0	0	0	
3.7099945491e+02	473	6	490	10	6	521	0	500	500	500	500	0	0	0	
3.7149431421e+02	473	7	489	11	2	518	0	500	500	500	500	0	0	0	
3.7199981537e+02	473	7	484	16	6	514	0	500	500	500	500	0	0	0	
3.7249889978e+02	474	7	490	10	5	519	0	500	500	500	500	0	0	0	
3.7299956049e+02	476	5	498	2	2	478	0	500	500	500	500	0	0	0	
3.7349704125e+02	478	3	494	6	4	478	0	500	500	500	500	0	0	0	
3.7399959604e+02	476	6	491	9	5	480	0	500	500	500	500	0	0	0	
3.7449755970e+02	476	5	493	7	2	465	0	500	500	500	500	0	0	0	
3.7499992677e+02	476	8	492	8	1	477	0	500	500	500	500	0	0	0	
3.7549965565e+02	477	7	494	6	5	470	0	500	500	500	500	0	0	0	
3.7599683240e+02	478	6	490	10	1	479	0	500	500	500	500	0	0	0	
3.7649939565e+02	478	7	492	8	7	476	0	500	500	500	500	0	0	0	
3.7699816218e+02	478	8	493	7	5	499	0	500	500	500	500	0	0	0	
3.7749874972e+02	477	11	490	10	3	500	0	500	500	500	500	0	0	0	
3.7799776129e+02	475	14	483	17	6	508	0	500	500	500	500	0	0	0	
3.7849867923e+02	475	14	483	17	1	527	0	500	500	500	500	0	0	0	
3.7899930638e+02	478	13	489	11	3	516	0	500	500	500	500	0	0	0	
3.7949962465e+02	478	13	490	10	3	526	0	500	500	500	500	0	0	0	
3.7999903038e+02	481	12	491	9	2	533	0	500	500	500	500	0	0	0	
3.8049900139e+02	483	10	492	8	2	551	0	500	500	500	500	0	0	0	
3.8099628538e+02	485	9	490	10	3	556	0	500	500	500	500	0	0	0	
3.8149830045e+02	484	10	485	15	5	528	0	500	500	500	500	0	0	0	
3.8199764958e+02	486	9	486	14	2	532	0	500	500	500	500	0	0	0	
3.8249946377e+02	488	6	489	11	3	504	0	500	500	500	500	0	0	0	
3.8299921221e+02	487	8	490	10	1	523	0	500	500	500	500	0	0	0	
3.8349959338e+02	487	9	494	6	3	504	0	500	500	500	500	0	0	0	
3.8399719361e+02	486	9	491	9	2	497	0	500	500	500	500	0	0	0	
3.8449851526e+02	485	10	486	14	5	497	0	500	500	500	500	0	0	0	
3.8499912909e+02	484	15	486	14	3	497	0	500	500	500	500	0	0	0	
3.8549423249e+02	487	12	485	15	4	501	0	500	500	500	500	0	0	0	
3.8599750748e+02	487	12	483	17	6	497	0	500	500	500	500	0	0	0	
3.8649969112e+02	485	14	493	7	7	532	0	500	500	500	500	0	0	0	
3.8699889368e+02	483	15	491	9	5	522	0	500	500	500	500	0	0	0	
3.8749489825e+02	483	16	483	17	5	516	0	500	500	500	500	0	0	0	
3.8799958401e+02	477	20	483	17	6	506	0	500	500	500	500	0	0	0	
3.8849962016e+02	482	15	476	24	4	486	0	500	500	500	500	0	0	0	
3.8899670669e+02	480	17	477	23	6	464	0	500	500	500	500	0	0	0	
3.8949964445e+02	483	16	480	20	9	460	0	500	500	500	500	0	0	0	
3.8999794076e+02	484	15	483	17	7	471	0	500	500	500	500	0	0	0	
3.9049766002e+02	488	12	486	14	3	498	0	500	500	500	500	0	0	0	
3.9099866190e+02	491	9	481	19	3	486	0	500	500	500	500	0	0	0	
3.9149687496e+02	489	11	483	17	6	481	0	500	500	500	500	0	0	0	
3.9199919340e+02	492	8	487	13	3	483	0	500	500	500	500	0	0	0	
3.9249669312e+02	494	6	494	6	3	493	0	500	500	500	500	0	0	0	
3.9299864589e+02	491	8	493	7	1	477	0	500	500	500	500	0	0	0	
3.9349965360e+02	490	7	493	7	3	487	0	500	500	500	500	0	0	0	
3.9399813228e+02	488	7	491	9	10	483	0	500	500	500	500	0	0	0	
3.9449819532e+02	488	8	490	10	6	512	0	500	500	500	500	0	0	0	
3.9499559344e+02	488	9	490	10	3	494	0	500	500	500	500	0	0	0	
3.9549766315e+02	489	8	494	6	4	491	0	500	500	500	500	0	0	0	
3.9599944259e+02	490	8	492	8	1	491	0	500	500	500	500	0	0	0	
3.9649307376e+02	490	8	488	12	5	489	0	500	500	500	500	0	0	0	
3.9699872805e+02	489	12	493	7	3	498	0	500	500	500	500	0	0	0	
3.9749954839e+02	492	10	491	9	1	498	0	500	500	500	500	0	0	0	
3.9799811016e+02	493	8	490	10	2	491	0	500	500	500	500	0	0	0	
3.9849942795e+02	494	6	492	8	2	487	0	500	500	500	500	0	0	0	
3.9899943452e+02	495	5	497	3	2	465	0	500	500	500	500	0	0	0	
3.9949738749e+02	495	7	490	10	3	474	0	500	500	500	500	0	0	0	
3.9999713035e+02	494	7	489	11	3	471	0	500	500	500	500	0	0	0	
4.0049874923e+02	495	7	490	10	4	478	0	500	500	500	500	0	0	0	
4.0099770376e+02	496	6	488	12	1	488	0	500	500	500	500	0	0	0	
4.0149946505e+02	498	4	493	7	0	505	0	500	500	500	500	0	0	0	
4.0199998954e+02	495	7	496	4	2	505	0	500	500	500	500	0	0	0	
4.0249876607e+02	498	4	494	6	2	518	0	500	500	500	500	0	0	0	
4.0299963987e+02	497	5	497	3	0	524	0	500	500	500	500	0	0	0	
4.0349900659e+02	497	5	496	4	1	510	0	500	500	500	500	0	0	0	
4.0399471727e+02	500	3	494	6	1	515	0	500	500	500	500	0	0	0	
4.0449606895e+02	498	5	496	4	4	516	0	500	500	500	500	0	0	0	
4.0499533948e+02	500	4	497	3	1	503	0	500	500	500	500	0	0	0	
4.0549985915e+02	499	4	490	10	5	488	0	500	500	500	500	0	0	0	
4.0599803944e+02	498	6	494	6	2	503	0	500	500	500	500	0	0	0	
4.0649741730e+02	499	7	489	11	4	495	0	500	500	500	500	0	0	0	
4.0699852411e+02	499	9	479	21	5	485	0	500	500	500	500	0	0	0	
4.0749817504e+02	499	9	488	12	3	478	0	500	500	500	500	0	0	0	
4.0799949715e+02	501	8	491	9	2	463	0	500	500	500	500	0	0	0	
4.0849823337e+02	503	5	491	9	0	479	0	500	500	500	500	0	0	0	
4.0899890532e+02	504	3	495	5	3	493	0	500	500	500	500	0	0	0	
4.0949923977e+02	504	3	495	5	2	493	0	500	500	500	500	0	0	0	
4.0999870924e+02	503	7	493	7	1	493	0	500	500	500	500	0	0	0	
4.1049933725e+02	503	6	494	6	1	489	0	500	500	500	500	0	0	0	
4.1099914509e+02	502	6	494	6	4	468	0	500	500	500	500	0	0	0	
4.1149956646e+02	504	4	495	5	6	467	0	500	500	500	500	0	0	0	
4.1199894149e+02	502	6	494	6	2	495	0	500	500	500	500	0	0	0	
4.1249962210e+02	501	6	492	8	6	529	0	500	500	500	500	0	0	0	
4.1299916007e+02	504	3	491	9	3	507	0	500	500	500	500	0	0	0	
4.1349874364e+02	503	3	495	5	2	525	0	500	500	500	500	0	0	0	
4.1399796065e+02	502	5	492	8	2	518	0	500	500	500	500	0	0	0	
4.1449959772e+02	502	8	489	11	3	501	0	500	500	500	500	0	0	0	
4.1499607465e+02	503	8	490	10	2	498	0	500	500	500	500	0	0	0	
4.1549650660e+02	504	7	493	7	1	531	0	500	500	500	500	0	0	0	
4.1599867900e+02	506	5	488	12	3	515	0	500	500	500	500	0	0	0	
4.1649663717e+02	508	4	488	12	0	509	0	500	500	500	500	0	0	0	
4.1699592612e+02	509	2	492	8	2	505	0	500	500	500	500	0	0	0	
4.1749821395e+02	508	4	494	6	2	508	0	500	500	500	500	0	0	0	
4.1799984850e+02	509	4	495	5	0	518	0	500	500	500	500	0	0	0	
4.1849522411e+02	508	6	495	5	5	514	0	500	500	500	500	0	0	0	
4.1899783769e+02	507	8	494	6	5	514	0	500	500	500	500	0	0	0	
4.1949503417e+02	508	9	493	7	1	505	0	500	500	500	500	0	0	0	
4.1999792821e+02	508	10	495	5	4	520	0	500	500	500	500	0	0	0	
4.2049750063e+02	513	5	496	4	1	502	0	500	500	500	500	0	0	0	
4.2099946597e+02	512	6	495	5	1	497	0	500	500	500	500	0	0	0	
4.2149981292e+02	512	7	494	6	3	507	0	500	500	500	500	0	0	0	
4.2199952991e+02	512	8	490	10	5	507	0	500	500	500	500	0	0	0	
4.2249992476e+02	513	8	493	7	3	517	0	500	500	500	500	0	0	0	
4.2299986555e+02	515	7	493	7	7	509	0	500	500	500	500	0	0	0	
4.2349522540e+02	516	7	489	11	6	523	0	500	500	500	500	0	0	0	
4.2399602013e+02	517	7	492	8	2	534	0	500	500	500	500	0	0	0	
4.2449951357e+02	519	6	494	6	2	527	0	500	500	500	500	0	0	0	
4.2499985599e+02	519	5	490	10	3	513	0	500	500	500	500	0	0	0	
4.2549959913e+02	518	8	494	6	2	523	0	500	500	500	500	0	0	0	
4.2599882424e+02	521	5	487	13	7	505	0	500	500	500	500	0	0	0	
4.2649919420e+02	521	6	493	7	5	496	0	500	500	500	500	0	0	0	
4.2699789795e+02	519	8	488	12	7	513	0	500	500	500	500	0	0	0	
4.2749716907e+02	517	9	486	14	2	514	0	500	500	500	500	0	0	0	
4.2799863410e+02	517	9	486	14	4	511	0	500	500	500	500	0	0	0	
4.2849964808e+02	518	8	487	13	3	525	0	500	500	500	500	0	0	0	
4.2899946408e+02	519	8	482	18	2	513	0	500	500	500	500	0	0	0	
4.2949766292e+02	518	7	483	17	4	498	0	500	500	500	500	0	0	0	
4.2999831340e+02	519	7	491	9	5	460	0	500	500	500	500	0	0	0	
4.3049982686e+02	520	11	487	13	5	488	0	500	500	500	500	0	0	0	
4.3099977556e+02	521	10	495	5	4	473	0	500	500	500	500	0	0	0	
4.3149916757e+02	520	10	487	13	4	506	0	500	500	500	500	0	0	0	
4.3199811058e+02	522	6	481	19	4	496	0	500	500	500	500	0	0	0	
4.3249756812e+02	521	7	489	11	3	482	0	500	500	500	500	0	0	0	
4.3299780005e+02	523	5	493	7	2	496	0	500	500	500	500	0	0	0	
4.3349962823e+02	519	9	496	4	3	473	0	500	500	500	500	0	0	0	
4.3399927513e+02	521	9	495	5	6	467	0	500	500	500	500	0	0	0	
4.3449966535e+02	522	7	496	4	9	451	0	500	500	500	500	0	0	0	
4.3499925429e+02	522	8	488	12	6	455	0	500	500	500	500	0	0	0	
4.3549865020e+02	522	10	492	8	5	456	0	500	500	500	500	0	0	0	
4.3599549489e+02	524	8	492	8	2	462	0	500	500	500	500	0	0	0	
4.3649478899e+02	525	7	493	7	5	480	0	500	500	500	500	0	0	0	
4.3699918201e+02	522	10	485	15	6	477	0	500	500	500	500	0	0	0	
4.3749852946e+02	523	8	492	8	5	463	0	500	500	500	500	0	0	0	
4.3799991012e+02	524	8	488	12	2	448	0	500	500	500	500	0	0	0	
4.3849981800e+02	526	6	485	15	2	466	0	500	500	500	500	0	0	0	
4.3899705437e+02	526	7	492	8	0	482	0	500	500	500	500	0	0	0	
4.3949346750e+02	526	6	494	6	1	482	0	500	500	500	500	0	0	0	
4.3999481604e+02	524	8	498	2	3	499	0	500	500	500	500	0	0	0	
4.4049553823e+02	527	5	493	7	5	493	0	500	500	500	500	0	0	0	
4.4099398210e+02	527	5	494	6	2	490	0	500	500	500	500	0	0	0	
4.4149725864e+02	530	4	497	3	3	485	0	500	500	500	500	0	0	0	
4.4199978918e+02	529	5	496	4	1	515	0	500	500	500	500	0	0	0	
4.4249519977e+02	529	6	494	6	2	506	0	500	500	500	500	0	0	0	
4.4299797678e+02	529	6	493	7	3	504	0	500	500	500	500	0	0	0	
4.4349809805e+02	530	9	497	3	1	503	0	500	500	500	500	0	0	0	
4.4399544399e+02	529	8	489	11	1	506	0	500	500	500	500	0	0	0	
4.4449620235e+02	531	8	488	12	2	535	0	500	500	500	500	0	0	0	
4.4499829934e+02	532	6	489	11	2	541	0	500	500	500	500	0	0	0	
4.4549882762e+02	536	4	497	3	4	532	0	500	500	500	500	0	0	0	
4.4599530687e+02	537	3	498	2	3	529	0	500	500	500	500	0	0	0	
4.4649834039e+02	537	4	497	3	1	516	0	500	500	500	500	0	0	0	
4.4699861092e+02	536	4	493	7	1	519	0	500	500	500	500	0	0	0	
4.4749714224e+02	534	6	490	10	6	498	0	500	500	500	500	0	0	0	
4.4799962943e+02	529	10	490	10	6	485	0	500	500	500	500	0	0	0	
4.4849898738e+02	531	8	491	9	2	484	0	500	500	500	500	0	0	0	
4.4899985672e+02	530	8	494	6	3	493	0	500	500	500	500	0	0	0	
4.4949737204e+02	532	8	490	10	1	478	0	500	500	500	500	0	0	0	
4.4999564917e+02	536	5	494	6	5	488	0	500	500	500	500	0	0	0	
4.5049983819e+02	537	4	493	7	1	487	0	500	500	500	500	0	0	0	
4.5099957026e+02	537	5	489	11	4	488	0	500	500	500	500	0	0	0	
4.5149643238e+02	537	5	492	8	1	506	0	500	500	500	500	0	0	0	
4.5199809013e+02	538	4	492	8	4	485	0	500	500	500	500	0	0	0	
4.5249807290e+02	540	2	496	4	2	490	0	500	500	500	500	0	0	0	
4.5299945946e+02	540	4	493	7	0	493	0	500	500	500	500	0	0	0	
4.5349907420e+02	539	5	489	11	1	495	0	500	500	500	500	0	0	0	
4.5399885215e+02	543	4	494	6	6	497	0	500	500	500	500	0	0	0	
4.5449935141e+02	544	4	495	5	1	487	0	500	500	500	500	0	0	0	
4.5499951915e+02	543	7	492	8	5	468	0	500	500	500	500	0	0	0	
4.5549885016e+02	544	6	493	7	4	458	0	500	500	500	500	0	0	0	
4.5599975897e+02	544	6	497	3	7	452	0	500	500	500	500	0	0	0	
4.5649944278e+02	543	6	491	9	5	433	0	500	500	500	500	0	0	0	
4.5699912900e+02	543	8	492	8	5	445	0	500	500	500	500	0	0	0	
4.5749980776e+02	542	9	490	10	4	463	0	500	500	500	500	0	0	0	
4.5799992599e+02	543	10	490	10	4	481	0	500	500	500	500	0	0	0	
4.5849997679e+02	541	11	490	10	6	497	0	500	500	500	500	0	0	0	
4.5899956791e+02	542	11	492	8	3	471	0	500	500	500	500	0	0	0	
4.5949785082e+02	543	12	491	9	5	499	0	500	500	500	500	0	0	0	
4.5999767756e+02	545	10	494	6	2	508	0	500	500	500	500	0	0	0	
4.6049955907e+02	546	10	489	11	4	492	0	500	500	500	500	0	0	0	
4.6099818743e+02	547	10	486	14	3	487	0	500	500	500	500	0	0	0	
4.6149900671e+02	547	11	490	10	5	482	0	500	500	500	500	0	0	0	
4.6199998350e+02	548	12	487	13	6	472	0	500	500	500	500	0	0	0	
4.6249854086e+02	547	14	480	20	7	469	0	500	500	500	500	0	0	0	
4.6299816511e+02	545	17	488	12	5	478	0	500	500	500	500	0	0	0	
4.6349850160e+02	550	12	487	13	5	461	0	500	500	500	500	0	0	0	
4.6399957435e+02	549	15	479	21	4	477	0	500	500	500	500	0	0	0	
4.6449518586e+02	549	17	473	27	7	484	0	500	500	500	500	0	0	0	
4.6499756426e+02	549	17	474	26	5	478	0	500	500	500	500	0	0	0	
4.6549909218e+02	552	16	473	27	6	466	0	500	500	500	500	0	0	0	
4.6599990101e+02	552	16	482	18	6	463	0	500	500	500	500	0	0	0	
4.6649766869e+02	551	17	478	22	9	479	0	500	500	500	500	0	0	0	
4.6699975928e+02	548	20	479	21	6	499	0	500	500	500	500	0	0	0	
4.6749972268e+02	549	19	476	24	7	502	0	500	500	500	500	0	0	0	
4.6799737149e+02	549	19	483	17	10	516	0	500	500	500	500	0	0	0	
4.6849835031e+02	551	18	477	23	11	505	0	500	500	500	500	0	0	0	
4.6899926626e+02	551	17	477	23	9	498	0	500	500	500	500	0	0	0	
4.6949919553e+02	551	17	479	21	4	504	0	500	500	500	500	0	0	0	
4.6999931864e+02	550	19	485	15	5	499	0	500	500	500	500	0	0	0	
4.7049947610e+02	554	15	480	20	7	503	0	500	500	500	500	0	0	0	
4.7099888451e+02	553	18	477	23	8	482	0	500	500	500	500	0	0	0	
4.7149991282e+02	555	15	480	20	9	476	0	500	500	500	500	0	0	0	
4.7199912957e+02	557	13	486	14	11	473	0	500	500	500	500	0	0	0	
4.7249969125e+02	559	11	493	7	3	502	0	500	500	500	500	0	0	0	
4.7299876193e+02	560	12	488	12	6	491	0	500	500	500	500	0	0	0	
4.7349795090e+02	560	14	480	20	5	478	0	500	500	500	500	0	0	0	
4.7399864807e+02	555	20	479	21	6	468	0	500	500	500	500	0	0	0	
4.7449948552e+02	555	21	467	33	9	450	0	500	500	500	500	0	0	0	
4.7499959918e+02	549	28	464	36	7	461	0	500	500	500	500	0	0	0	
4.7549913284e+02	551	29	463	37	13	435	0	500	500	500	500	0	0	0	
4.7599770080e+02	555	25	455	45	13	412	0	500	500	500	500	0	0	0	
4.7649599046e+02	556	25	462	38	12	434	0	500	500	500	500	0	0	0	
4.7699919836e+02	555	25	472	28	14	433	0	500	500	500	500	0	0	0	
4.7749874021e+02	558	24	467	33	2	462	0	500	500	500	500	0	0	0	
4.7799849590e+02	563	20	473	27	7	442	0	500	500	500	500	0	0	0	
4.7849894671e+02	562	22	469	31	3	450	0	500	500	500	500	0	0	0	
4.7899888213e+02	564	19	474	26	7	449	0	500	500	500	500	0	0	0	
4.7949768924e+02	560	23	477	23	7	445	0	500	500	500	500	0	0	0	
4.7999994079e+02	563	20	476	24	8	452	0	500	500	500	500	0	0	0	
4.8049999285e+02	563	19	485	15	5	479	0	500	500	500	500	0	0	0	
4.8099927586e+02	563	19	481	19	6	470	0	500	500	500	500	0	0	0	
4.8149870744e+02	563	18	478	22	4	464	0	500	500	500	500	0	0	0	
4.8199901679e+02	564	17	477	23	7	469	0	500	500	500	500	0	0	0	
4.8249805375e+02	563	20	473	27	8	448	0	500	500	500	500	0	0	0	
4.8299418450e+02	562	21	473	27	4	457	0	500	500	500	500	0	0	0	
4.8349544202e+02	563	20	480	20	7	464	0	500	500	500	500	0	0	0	
4.8399929410e+02	559	25	471	29	9	475	0	500	500	500	500	0	0	0	
4.8449843757e+02	560	24	473	27	8	484	0	500	500	500	500	0	0	0	
4.8499982059e+02	565	19	472	28	8	479	0	500	500	500	500	0	0	0	
4.8549909380e+02	565	19	473	27	12	475	0	500	500	500	500	0	0	0	
4.8599840857e+02	563	23	463	37	8	491	0	500	500	500	500	0	0	0	
4.8649848430e+02	563	22	467	33	7	493	0	500	500	500	500	0	0	0	
4.8699841032e+02	565	19	473	27	8	476	0	500	500	500	500	0	0	0	
4.8749858131e+02	572	13	481	19	7	481	0	500	500	500	500	0	0	0	
4.8799979159e+02	571	17	488	12	9	472	0	500	500	500	500	0	0	0	
4.8849942789e+02	571	17	482	18	6	480	0	500	500	500	500	0	0	0	
4.8899751701e+02	575	13	489	11	5	467	0	500	500	500	500	0	0	0	
4.8949873123e+02	575	12	487	13	5	465	0	500	500	500	500	0	0	0	
4.8999820924e+02	572	18	491	9	10	457	0	500	500	500	500	0	0	0	
4.9049839497e+02	573	17	490	10	8	485	0	500	500	500	500	0	0	0	
4.9099634166e+02	575	15	493	7	6	507	0	500	500	500	500	0	0	0	
4.9149977037e+02	572	16	491	9	7	529	0	500	500	500	500	0	0	0	
4.9199913693e+02	574	15	482	18	7	513	0	500	500	500	500	0	0	0	
4.9249739688e+02	574	16	484	16	5	522	0	500	500	500	500	0	0	0	
4.9299941303e+02	576	15	483	17	9	546	0	500	500	500	500	0	0	0	
4.9349974060e+02	576	14	485	15	9	541	0	500	500	500	500	0	0	0	
4.9399795490e+02	576	15	487	13	8	524	0	500	500	500	500	0	0	0	
4.9449969633e+02	576	15	482	18	4	505	0	500	500	500	500	0	0	0	
4.9499997002e+02	581	11	481	19	8	501	0	500	500	500	500	0	0	0	
4.9549984178e+02	582	9	485	15	6	504	0	500	500	500	500	0	0	0	
4.9599773377e+02	582	8	488	12	3	505	0	500	500	500	500	0	0	0	
4.9649888829e+02	581	9	487	13	2	525	0	500	500	500	500	0	0	0	
4.9699961685e+02	584	7	492	8	5	534	0	500	500	500	500	0	0	0	
4.9749965828e+02	585	6	490	10	2	516	0	500	500	500	500	0	0	0	
4.9799999204e+02	584	5	490	10	4	488	0	500	500	500	500	0	0	0	
4.9849960669e+02	583	6	496	4	4	506	0	500	500	500	500	0	0	0	
4.9899476558e+02	582	7	494	6	4	494	0	500	500	500	500	0	0	0	
4.9949757660e+02	581	11	495	5	4	482	0	500	500	500	500	0	0	0	
4.9999691633e+02	577	12	485	15	2	477	0	500	500	500	500	0	0	0	
5.0000201828e+02	577	12	485	15	2	478	0	500	500	500	500	0	0	0	
