0.0000000000e+00	0	0	0	0	0	500	50	0	500	500	0	0	0	0	
4.1505952815e-01	0	0	2	0	0	500	50	0	500	500	0	0	0	0	
8.8625861756e-01	1	0	2	0	0	500	50	0	500	500	0	0	0	0	
2.3091038742e+00	1	1	2	0	0	500	50	0	500	500	0	0	0	0	
2.6423285101e+00	1	3	2	0	0	500	50	0	500	500	0	0	0	0	
3.4023561721e+00	1	4	2	0	0	500	50	0	500	500	0	0	0	0	
3.9750389640e+00	3	2	2	1	0	500	50	0	500	500	0	0	0	0	
4.1299090472e+00	3	2	2	0	0	500	50	0	500	500	0	0	0	0	
4.9725542463e+00	4	2	4	0	0	500	50	0	500	500	0	0	0	0	
5.4234862300e+00	5	3	4	0	0	500	50	0	500	500	0	0	0	0	
5.9531565844e+00	6	4	4	0	0	500	50	0	500	500	0	0	0	0	
6.4484378458e+00	8	3	4	0	0	500	50	0	500	500	0	0	0	0	
6.9126260626e+00	9	2	4	0	0	500	50	0	500	500	0	0	0	0	
7.4303467196e+00	10	1	4	0	0	500	50	0	500	500	0	0	0	0	
7.8021029555e+00	10	2	4	0	0	500	50	0	500	500	0	0	0	0	
8.4534094741e+00	10	3	5	0	0	500	50	0	500	500	0	0	0	0	
9.4779887643e+00	10	6	5	0	0	500	50	0	500	500	0	0	0	0	
9.9172163102e+00	12	6	6	1	0	500	50	0	500	500	0	0	0	0	
1.0207428516e+01	12	7	8	0	0	500	50	0	500	500	0	0	0	0	
1.1347087134e+01	14	5	8	0	0	500	50	0	500	500	0	0	0	0	
1.1844347221e+01	14	5	6	2	0	500	50	0	500	500	0	0	0	0	
1.2424652236e+01	15	6	8	0	0	500	50	0	500	500	0	0	0	0	
1.2746819293e+01	15	7	9	0	0	500	50	0	500	500	0	0	0	0	
1.3474859151e+01	17	7	9	0	0	500	50	0	500	500	0	0	0	0	
1.3946287799e+01	18	8	8	1	0	500	50	0	500	500	0	0	0	0	
1.4281953572e+01	21	6	10	0	0	500	50	0	500	500	0	0	0	0	
1.5425238849e+01	22	5	11	0	0	500	50	0	500	500	0	0	0	0	
1.5903667413e+01	24	3	10	1	0	500	50	0	500	500	0	0	0	0	
1.6368856640e+01	26	3	11	1	0	500	50	0	500	500	0	0	0	0	
1.6970803274e+01	27	3	10	2	0	500	50	0	500	500	0	0	0	0	
1.7390471495e+01	29	4	11	2	0	500	50	0	500	500	0	0	0	0	
1.7974401931e+01	29	7	13	0	0	500	50	0	500	500	0	0	0	0	
1.8345817362e+01	32	5	13	0	0	500	50	0	500	500	0	0	0	0	
1.8949057183e+01	34	4	14	0	0	500	50	0	500	500	0	0	0	0	
1.9460339958e+01	36	3	13	1	0	500	50	0	500	500	0	0	0	0	
1.9761994340e+01	38	2	13	1	0	500	50	0	500	500	0	0	0	0	
2.0477104219e+01	39	1	13	1	0	500	50	0	500	500	0	0	0	0	
2.0689620008e+01	39	1	13	0	0	500	50	0	500	500	0	0	0	0	
2.1303415821e+01	39	3	13	0	0	500	50	0	500	500	0	0	0	0	
2.1590118295e+01	40	2	13	0	0	500	50	0	500	500	0	0	0	0	
2.2410698808e+01	40	2	12	1	0	500	50	0	500	500	0	0	0	0	
2.2947623105e+01	40	4	13	0	0	500	50	0	500	500	0	0	0	0	
2.3484539609e+01	42	3	12	1	0	500	50	0	500	500	0	0	0	0	
2.3914583897e+01	44	2	13	0	0	500	50	0	500	500	0	0	0	0	
2.4396475109e+01	44	2	13	1	0	500	50	0	500	500	0	0	0	0	
2.4859234878e+01	44	3	13	1	0	500	50	0	500	500	0	0	0	0	
2.5077720867e+01	44	3	12	2	0	500	50	0	500	500	0	0	0	0	
2.5934990903e+01	45	4	12	2	0	500	50	0	500	500	0	0	0	0	
2.6493010917e+01	48	5	13	1	0	500	50	0	500	500	0	0	0	0	
2.6740475832e+01	47	5	14	0	0	500	50	0	500	500	0	0	0	0	
2.7485973968e+01	47	7	12	2	0	500	50	0	500	500	0	0	0	0	
2.7983355415e+01	50	4	12	1	0	500	50	0	500	500	0	0	0	0	
2.8075890751e+01	50	4	11	2	0	500	50	0	500	500	0	0	0	0	
2.8976665937e+01	49	5	14	0	0	500	50	0	500	500	0	0	0	0	
2.9261311059e+01	50	5	14	0	0	500	50	0	500	500	0	0	0	0	
2.9743798768e+01	52	6	11	3	0	500	50	0	500	500	0	0	0	0	
3.0433213335e+01	54	4	12	1	0	500	50	0	500	500	0	0	0	0	
3.0969798968e+01	56	4	12	1	0	500	50	0	500	500	0	0	0	0	
3.1184645558e+01	57	3	12	1	0	500	50	0	500	500	0	0	0	0	
3.1857381697e+01	57	3	11	2	0	500	50	0	500	500	0	0	0	0	
3.2427056346e+01	57	5	13	1	0	500	50	0	500	500	0	0	0	0	
3.2964101563e+01	60	2	13	1	0	500	50	0	500	500	0	0	0	0	
3.3103876925e+01	60	4	14	0	0	500	50	0	500	500	0	0	0	0	
3.3937836538e+01	60	5	13	1	0	500	50	0	500	500	0	0	0	0	
3.4404684094e+01	63	6	12	2	0	500	50	0	500	500	0	0	0	0	
3.4938066018e+01	64	6	14	0	0	500	50	0	500	500	0	0	0	0	
3.5490231087e+01	68	4	14	0	0	500	50	0	500	500	0	0	0	0	
3.5840647678e+01	70	4	14	0	0	500	50	0	500	500	0	0	0	0	
3.6226905246e+01	69	4	14	0	0	500	50	0	500	500	0	0	0	0	
3.6998449017e+01	73	0	12	2	0	500	50	0	500	500	0	0	0	0	
3.7264096926e+01	73	0	14	0	0	500	50	0	500	500	0	0	0	0	
3.7983020481e+01	73	1	14	0	0	500	50	0	500	500	0	0	0	0	
3.8290758278e+01	73	2	14	0	0	500	50	0	500	500	0	0	0	0	
3.8980198262e+01	73	3	13	1	0	500	50	0	500	500	0	0	0	0	
3.9432269605e+01	75	1	14	0	0	500	50	0	500	500	0	0	0	0	
3.9902620415e+01	76	4	14	0	0	500	50	0	500	500	0	0	0	0	
4.0344089629e+01	76	6	13	0	0	500	50	0	500	500	0	0	0	0	
4.0718655731e+01	79	3	13	0	0	500	50	0	500	500	0	0	0	0	
4.1396746484e+01	79	4	12	2	0	500	50	0	500	500	0	0	0	0	
4.1869312895e+01	79	6	11	3	0	500	50	0	500	500	0	0	0	0	
4.2422013685e+01	80	5	11	3	0	500	50	0	500	500	0	0	0	0	
4.2969414299e+01	81	5	12	2	0	500	50	0	500	500	0	0	0	0	
4.3428045329e+01	83	3	10	4	0	500	50	0	500	500	0	0	0	0	
4.3596076397e+01	84	2	11	3	0	500	50	0	500	500	0	0	0	0	
4.4258516901e+01	84	2	9	4	0	500	50	0	500	500	0	0	0	0	
4.4971568900e+01	84	2	12	1	0	500	50	0	500	500	0	0	0	0	
4.5048384885e+01	84	2	13	0	0	500	50	0	500	500	0	0	0	0	
4.5721179256e+01	84	2	12	1	0	500	50	0	500	500	0	0	0	0	
4.6228945931e+01	83	3	11	2	0	500	50	0	500	500	0	0	0	0	
4.6932077325e+01	86	2	12	1	0	500	50	0	500	500	0	0	0	0	
4.7458893009e+01	86	3	13	1	0	500	50	0	500	500	0	0	0	0	
4.8281087138e+01	86	5	14	0	0	500	50	0	500	500	0	0	0	0	
4.8938733925e+01	89	2	14	0	0	500	50	0	500	500	0	0	0	0	
4.9467888201e+01	89	5	13	1	0	500	50	0	500	500	0	0	0	0	
4.9955577147e+01	89	7	13	1	0	500	50	0	500	500	0	0	0	0	
5.0462444263e+01	89	7	10	4	0	500	50	0	500	500	0	0	0	0	
5.0908459565e+01	90	8	13	2	0	500	50	0	500	500	0	0	0	0	
5.1154361069e+01	93	5	14	1	0	500	50	0	500	500	0	0	0	0	
5.1971168578e+01	95	4	14	1	0	500	50	0	500	500	0	0	0	0	
5.2476139791e+01	96	4	14	1	0	500	50	0	500	500	0	0	0	0	
5.2764153521e+01	96	3	15	1	0	500	50	0	500	500	0	0	0	0	
5.3281687287e+01	96	4	15	1	0	500	50	0	500	500	0	0	0	0	
5.3789697830e+01	97	4	15	1	0	500	50	0	500	500	0	0	0	0	
5.4436391198e+01	98	3	16	0	0	500	50	0	500	500	0	0	0	0	
5.4884672576e+01	99	3	16	1	0	500	50	0	500	500	0	0	0	0	
5.5476239112e+01	99	5	16	1	0	500	50	0	500	500	0	0	0	0	
5.5975081257e+01	98	6	16	1	0	500	50	0	500	500	0	0	0	0	
5.6490104863e+01	100	5	15	2	0	500	50	0	500	500	0	0	0	0	
5.6965100136e+01	100	6	17	1	0	500	50	0	500	500	0	0	0	0	
5.7499765324e+01	100	7	14	4	0	500	50	0	500	500	0	0	0	0	
5.7912329336e+01	101	6	16	2	0	500	50	0	500	500	0	0	0	0	
5.8365643146e+01	102	5	17	1	0	500	50	0	500	500	0	0	0	0	
5.8987559202e+01	101	5	16	2	0	500	50	0	500	500	0	0	0	0	
5.9460130890e+01	101	5	16	2	0	500	50	0	500	500	0	0	0	0	
5.9887132608e+01	102	5	15	3	0	500	50	0	500	500	0	0	0	0	
6.0455265621e+01	100	6	12	6	0	500	50	0	500	500	0	0	0	0	
6.0998215370e+01	100	8	18	0	0	500	50	0	500	500	0	0	0	0	
6.1452032860e+01	104	6	18	1	0	500	50	0	500	500	0	0	0	0	
6.1936121063e+01	105	6	17	1	0	500	50	0	500	500	0	0	0	0	
6.2412240274e+01	105	7	18	1	0	500	50	0	500	500	0	0	0	0	
6.2990862657e+01	107	5	20	0	0	500	50	0	500	500	0	0	0	0	
6.3376189560e+01	106	6	19	1	0	500	50	0	500	500	0	0	0	0	
6.3968109059e+01	109	6	17	3	0	500	50	0	500	500	0	0	0	0	
6.4386444391e+01	111	6	17	3	0	500	50	0	500	500	0	0	0	0	
6.4948835429e+01	111	7	18	2	0	500	50	0	500	500	0	0	0	0	
6.5412486442e+01	115	3	18	2	0	500	50	0	500	500	0	0	0	0	
6.5865126336e+01	115	3	19	1	0	500	50	0	500	500	0	0	0	0	
6.6395527685e+01	116	2	18	1	0	500	50	0	500	500	0	0	0	0	
6.6910314141e+01	116	2	18	1	0	500	50	0	500	500	0	0	0	0	
6.7416578840e+01	115	6	18	1	0	500	50	0	500	500	0	0	0	0	
6.7973024433e+01	116	6	18	2	0	500	50	0	500	500	0	0	0	0	
6.8498334448e+01	117	7	18	2	0	500	50	0	500	500	0	0	0	0	
6.8970288248e+01	116	11	15	5	0	500	50	0	500	500	0	0	0	0	
6.9476872334e+01	120	8	15	5	0	500	50	0	500	500	0	0	0	0	
6.9972354828e+01	120	8	15	5	0	500	50	0	500	500	0	0	0	0	
7.0462475830e+01	122	7	20	2	0	500	50	0	500	500	0	0	0	0	
7.0936108408e+01	126	4	17	5	0	500	50	0	500	500	0	0	0	0	
7.1492330228e+01	125	5	21	1	0	500	50	0	500	500	0	0	0	0	
7.1942450397e+01	125	7	21	2	0	500	50	0	500	500	0	0	0	0	
7.2416068176e+01	125	8	22	1	0	500	50	0	500	500	0	0	0	0	
7.2940501432e+01	128	5	23	0	0	500	50	0	500	500	0	0	0	0	
7.3392037516e+01	130	4	21	2	0	500	50	0	500	500	0	0	0	0	
7.3952516582e+01	129	6	19	5	0	500	50	0	500	500	0	0	0	0	
7.4445360097e+01	130	6	22	1	0	500	50	0	500	500	0	0	0	0	
7.4946428511e+01	132	6	20	3	0	500	50	0	500	500	0	0	0	0	
7.5359891226e+01	133	5	19	4	0	500	50	0	500	500	0	0	0	0	
7.5929235870e+01	134	6	20	3	0	500	50	0	500	500	0	0	0	0	
7.6486027135e+01	134	8	21	1	0	500	50	0	500	500	0	0	0	0	
7.6949663133e+01	134	10	19	3	0	500	50	0	500	500	0	0	0	0	
7.7429029821e+01	135	11	19	3	0	500	50	0	500	500	0	0	0	0	
7.7943617522e+01	137	9	21	1	0	500	50	0	500	500	0	0	0	0	
7.8417130288e+01	141	6	22	0	0	500	50	0	500	500	0	0	0	0	
7.8823475424e+01	143	5	21	1	0	500	50	0	500	500	0	0	0	0	
7.9320796016e+01	145	4	22	0	0	500	50	0	500	500	0	0	0	0	
7.9952677552e+01	145	5	21	1	0	500	50	0	500	500	0	0	0	0	
8.0402496879e+01	147	3	20	2	0	500	50	0	500	500	0	0	0	0	
8.0794358633e+01	147	7	21	1	0	500	50	0	500	500	0	0	0	0	
8.1269165118e+01	148	7	21	1	0	500	50	0	500	500	0	0	0	0	
8.1991152805e+01	148	8	20	2	0	500	50	0	500	500	0	0	0	0	
8.2410562921e+01	148	8	20	2	0	500	50	0	500	500	0	0	0	0	
8.2854464358e+01	150	6	21	1	0	500	50	0	500	500	0	0	0	0	
8.3451090958e+01	152	4	22	0	0	500	50	0	500	500	0	0	0	0	
8.3964988531e+01	153	3	21	1	0	500	50	0	500	500	0	0	0	0	
8.4465474391e+01	153	6	21	1	0	500	50	0	500	500	0	0	0	0	
8.4945501174e+01	152	9	21	2	0	500	50	0	500	500	0	0	0	0	
8.5393611744e+01	153	8	22	1	0	500	50	0	500	500	0	0	0	0	
8.5940456655e+01	153	9	17	6	0	500	50	0	500	500	0	0	0	0	
8.6452842071e+01	158	5	19	4	0	500	50	0	500	500	0	0	0	0	
8.6950361339e+01	158	6	20	3	0	500	50	0	500	500	0	0	0	0	
8.7400978620e+01	158	5	21	2	0	500	50	0	500	500	0	0	0	0	
8.7922787787e+01	158	5	19	4	0	500	50	0	500	500	0	0	0	0	
8.8484221778e+01	160	3	20	3	0	500	50	0	500	500	0	0	0	0	
8.8917923268e+01	161	4	22	2	0	500	50	0	500	500	0	0	0	0	
8.9410832450e+01	160	4	22	2	0	500	50	0	500	500	0	0	0	0	
8.9990329884e+01	161	4	20	4	0	500	50	0	500	500	0	0	0	0	
9.0453922152e+01	162	2	23	1	0	500	50	0	500	500	0	0	0	0	
9.0939411930e+01	163	2	24	1	0	500	50	0	500	500	0	0	0	0	
9.1359883596e+01	164	2	23	1	0	500	50	0	500	500	0	0	0	0	
9.1842182750e+01	164	2	23	1	0	500	50	0	500	500	0	0	0	0	
9.2486127955e+01	162	2	24	0	0	500	50	0	500	500	0	0	0	0	
9.2793452391e+01	162	3	23	1	0	500	50	0	500	500	0	0	0	0	
9.3475763768e+01	163	3	22	2	0	500	50	0	500	500	0	0	0	0	
9.3906559396e+01	166	2	25	1	0	500	50	0	500	500	0	0	0	0	
9.4415836703e+01	166	2	26	1	0	500	50	0	500	500	0	0	0	0	
9.4734973328e+01	166	4	26	1	0	500	50	0	500	500	0	0	0	0	
9.5458228295e+01	168	2	28	0	0	500	50	0	500	500	0	0	0	0	
9.5759240214e+01	168	4	28	0	0	500	50	0	500	500	0	0	0	0	
9.6452394812e+01	171	2	26	2	0	500	50	0	500	500	0	0	0	0	
9.6662479044e+01	173	1	27	1	0	500	50	0	500	500	0	0	0	0	
9.7374652282e+01	173	3	28	0	0	500	50	0	500	500	0	0	0	0	
9.7836894743e+01	173	4	27	1	0	500	50	0	500	500	0	0	0	0	
9.8417466807e+01	172	4	28	0	0	500	50	0	500	500	0	0	0	0	
9.8969177184e+01	173	3	25	3	0	500	50	0	500	500	0	0	0	0	
9.9173757799e+01	175	1	27	1	0	500	50	0	500	500	0	0	0	0	
9.9988003464e+01	175	1	27	1	0	500	50	0	500	500	0	0	0	0	
1.0041288937e+02	175	1	27	0	0	500	50	0	500	500	0	0	0	0	
1.0094928030e+02	176	2	28	0	0	500	50	0	500	500	0	0	0	0	
1.0134079984e+02	176	3	27	1	0	500	50	0	500	500	0	0	0	0	
1.0197323254e+02	176	4	27	1	0	500	50	0	500	500	0	0	0	0	
1.0240148071e+02	177	8	27	1	0	500	50	0	500	500	0	0	0	0	
1.0287963343e+02	178	7	27	1	0	500	50	0	500	500	0	0	0	0	
1.0347191800e+02	182	5	27	1	0	500	50	0	500	500	0	0	0	0	
1.0396748542e+02	182	5	26	2	0	500	50	0	500	500	0	0	0	0	
1.0447865785e+02	181	5	25	3	0	500	50	0	500	500	0	0	0	0	
1.0491796431e+02	182	6	25	3	0	500	50	0	500	500	0	0	0	0	
1.0547105881e+02	185	5	23	5	0	500	50	0	500	500	0	0	0	0	
1.0593317573e+02	185	5	25	3	0	500	50	0	500	500	0	0	0	0	
1.0644915645e+02	186	3	28	0	0	500	50	0	500	500	0	0	0	0	
1.0668500380e+02	187	1	28	0	0	500	50	0	500	500	0	0	0	0	
1.0741236746e+02	187	1	28	0	0	500	50	0	500	500	0	0	0	0	
1.0787813774e+02	188	0	27	1	0	500	50	0	500	500	0	0	0	0	
1.0896804343e+02	188	0	28	0	0	500	50	0	500	500	0	0	0	0	
1.0999739519e+02	188	0	27	1	0	500	50	0	500	500	0	0	0	0	
1.1032911403e+02	187	0	29	0	0	500	50	0	500	500	0	0	0	0	
1.1076771526e+02	187	0	29	0	0	500	50	0	500	500	0	0	0	0	
1.1118791534e+02	187	0	28	1	0	500	50	0	500	500	0	0	0	0	
1.1193784253e+02	187	2	28	1	0	500	50	0	500	500	0	0	0	0	
1.1224152990e+02	188	2	28	1	0	500	50	0	500	500	0	0	0	0	
1.1299628357e+02	188	2	28	1	0	500	50	0	500	500	0	0	0	0	
1.1345138014e+02	188	1	28	1	0	500	50	0	500	500	0	0	0	0	
1.1395648834e+02	187	2	29	1	0	500	50	0	500	500	0	0	0	0	
1.1434892244e+02	186	2	27	2	0	500	50	0	500	500	0	0	0	0	
1.1490690180e+02	186	4	28	1	0	500	50	0	500	500	0	0	0	0	
1.1540005121e+02	188	5	29	1	0	500	50	0	500	500	0	0	0	0	
1.1593858111e+02	188	5	28	2	0	500	50	0	500	500	0	0	0	0	
1.1644511499e+02	187	7	29	2	0	500	50	0	500	500	0	0	0	0	
1.1697062363e+02	188	6	25	6	0	500	50	0	500	500	0	0	0	0	
1.1747426094e+02	189	5	25	5	0	500	50	0	500	500	0	0	0	0	
1.1796885952e+02	192	3	27	3	0	500	50	0	500	500	0	0	0	0	
1.1847497802e+02	191	6	25	5	0	500	50	0	500	500	0	0	0	0	
1.1891584448e+02	188	9	28	2	0	500	50	0	500	500	0	0	0	0	
1.1945379242e+02	189	9	27	3	0	500	50	0	500	500	0	0	0	0	
1.1983520856e+02	190	8	29	1	0	500	50	0	500	500	0	0	0	0	
1.2045012705e+02	192	6	25	4	0	500	50	0	500	500	0	0	0	0	
1.2097827338e+02	193	4	26	4	0	500	50	0	500	500	0	0	0	0	
1.2148765984e+02	194	3	28	2	0	500	50	0	500	500	0	0	0	0	
1.2195547338e+02	195	3	28	2	0	500	50	0	500	500	0	0	0	0	
1.2249770687e+02	195	2	25	4	0	500	50	0	500	500	0	0	0	0	
1.2290177644e+02	195	5	27	2	0	500	50	0	500	500	0	0	0	0	
1.2343013322e+02	197	5	28	2	0	500	50	0	500	500	0	0	0	0	
1.2385468981e+02	199	4	28	2	0	500	50	0	500	500	0	0	0	0	
1.2445812720e+02	199	4	29	1	0	500	50	0	500	500	0	0	0	0	
1.2489376669e+02	200	4	29	1	0	500	50	0	500	500	0	0	0	0	
1.2548942183e+02	200	5	26	4	0	500	50	0	500	500	0	0	0	0	
1.2595930093e+02	201	5	23	7	0	500	50	0	500	500	0	0	0	0	
1.2648664778e+02	202	7	26	5	0	500	50	0	500	500	0	0	0	0	
1.2678840319e+02	203	7	26	4	0	500	50	0	500	500	0	0	0	0	
1.2749370891e+02	203	7	22	8	0	500	50	0	500	500	0	0	0	0	
1.2799459020e+02	203	6	25	6	0	500	50	0	500	500	0	0	0	0	
1.2849237348e+02	204	4	29	2	0	500	50	0	500	500	0	0	0	0	
1.2895258423e+02	203	4	30	1	0	500	50	0	500	500	0	0	0	0	
1.2945431064e+02	204	4	29	2	0	500	50	0	500	500	0	0	0	0	
1.2990290744e+02	205	4	32	2	0	500	50	0	500	500	0	0	0	0	
1.3044065038e+02	205	5	34	0	0	500	50	0	500	500	0	0	0	0	
1.3091801472e+02	206	5	32	1	0	500	50	0	500	500	0	0	0	0	
1.3148094004e+02	205	7	30	4	0	500	50	0	500	500	0	0	0	0	
1.3197858561e+02	208	4	31	3	0	500	50	0	500	500	0	0	0	0	
1.3244869231e+02	208	5	33	1	0	500	50	0	500	500	0	0	0	0	
1.3290895889e+02	209	5	33	1	0	500	50	0	500	500	0	0	0	0	
1.3343688618e+02	212	4	33	1	0	500	50	0	500	500	0	0	0	0	
1.3397238766e+02	214	4	33	2	0	500	50	0	500	500	0	0	0	0	
1.3434353364e+02	214	4	34	1	0	500	50	0	500	500	0	0	0	0	
1.3498225008e+02	215	4	31	4	0	500	50	0	500	500	0	0	0	0	
1.3548103004e+02	215	6	33	2	0	500	50	0	500	500	0	0	0	0	
1.3596733723e+02	217	4	34	0	0	500	50	0	500	500	0	0	0	0	
1.3625902805e+02	219	2	33	1	0	500	50	0	500	500	0	0	0	0	
1.3691145277e+02	220	1	33	3	0	500	50	0	500	500	0	0	0	0	
1.3739578071e+02	220	1	35	2	0	500	50	0	500	500	0	0	0	0	
1.3796978874e+02	220	4	36	1	0	500	50	0	500	500	0	0	0	0	
1.3843084143e+02	219	6	36	1	0	500	50	0	500	500	0	0	0	0	
1.3899703368e+02	219	7	35	3	0	500	50	0	500	500	0	0	0	0	
1.3944165804e+02	221	5	32	6	0	500	50	0	500	500	0	0	0	0	
1.3993186398e+02	223	3	36	3	0	500	50	0	500	500	0	0	0	0	
1.4041729795e+02	223	3	37	2	0	500	50	0	500	500	0	0	0	0	
1.4099606916e+02	223	3	38	2	0	500	50	0	500	500	0	0	0	0	
1.4145640032e+02	225	2	38	2	0	500	50	0	500	500	0	0	0	0	
1.4161385357e+02	225	2	36	3	0	500	50	0	500	500	0	0	0	0	
1.4239628538e+02	227	0	38	2	0	500	50	0	500	500	0	0	0	0	
1.4290096254e+02	226	1	41	0	0	500	50	0	500	500	0	0	0	0	
1.4332346439e+02	226	1	39	2	0	500	50	0	500	500	0	0	0	0	
1.4447673280e+02	225	2	42	0	0	500	50	0	500	500	0	0	0	0	
1.4498645606e+02	225	3	42	0	0	500	50	0	500	500	0	0	0	0	
1.4546507703e+02	226	3	41	1	0	500	50	0	500	500	0	0	0	0	
1.4594903663e+02	226	4	41	0	0	500	50	0	500	500	0	0	0	0	
1.4648570118e+02	226	4	38	2	0	500	50	0	500	500	0	0	0	0	
1.4684643953e+02	227	2	38	2	0	500	50	0	500	500	0	0	0	0	
1.4741010274e+02	227	2	34	6	0	500	50	0	500	500	0	0	0	0	
1.4785732838e+02	228	2	38	2	0	500	50	0	500	500	0	0	0	0	
1.4840642448e+02	229	2	37	3	0	500	50	0	500	500	0	0	0	0	
1.4898341601e+02	230	2	37	3	0	500	50	0	500	500	0	0	0	0	
1.4941347891e+02	228	4	40	1	0	500	50	0	500	500	0	0	0	0	
1.4991978177e+02	228	4	39	2	0	500	50	0	500	500	0	0	0	0	
1.5047851885e+02	229	4	39	2	0	500	50	0	500	500	0	0	0	0	
1.5097353135e+02	230	4	37	4	0	500	50	0	500	500	0	0	0	0	
1.5149450571e+02	230	5	37	4	0	500	50	0	500	500	0	0	0	0	
1.5196216745e+02	231	5	38	3	0	500	50	0	500	500	0	0	0	0	
1.5245411163e+02	231	7	36	6	0	500	50	0	500	500	0	0	0	0	
1.5294617763e+02	233	7	38	4	0	500	50	0	500	500	0	0	0	0	
1.5348533402e+02	238	3	39	3	0	500	50	0	500	500	0	0	0	0	
1.5392703408e+02	240	2	40	1	0	500	50	0	500	500	0	0	0	0	
1.5447698581e+02	240	4	37	3	0	500	50	0	500	500	0	0	0	0	
1.5499007905e+02	240	4	34	5	0	500	50	0	500	500	0	0	0	0	
1.5533414262e+02	239	5	37	2	0	500	50	0	500	500	0	0	0	0	
1.5599898750e+02	238	4	37	2	0	500	50	0	500	500	0	0	0	0	
1.5642822153e+02	238	4	35	4	0	500	50	0	500	500	0	0	0	0	
1.5696040624e+02	238	4	34	5	0	500	50	0	500	500	0	0	0	0	
1.5748500323e+02	239	5	33	7	0	500	50	0	500	500	0	0	0	0	
1.5792307948e+02	239	5	37	3	0	500	50	0	500	500	0	0	0	0	
1.5835721899e+02	239	6	36	4	0	500	50	0	500	500	0	0	0	0	
1.5899207216e+02	240	4	37	3	0	500	50	0	500	500	0	0	0	0	
1.5942171869e+02	241	3	38	2	0	500	50	0	500	500	0	0	0	0	
1.5999980999e+02	242	4	35	5	0	500	50	0	500	500	0	0	0	0	
1.6032290230e+02	243	3	36	3	0	500	50	0	500	500	0	0	0	0	
1.6098954198e+02	241	5	37	2	0	500	50	0	500	500	0	0	0	0	
1.6149868166e+02	241	6	33	5	0	500	50	0	500	500	0	0	0	0	
1.6199972427e+02	241	6	33	4	0	500	50	0	500	500	0	0	0	0	
1.6240334720e+02	244	4	37	1	0	500	50	0	500	500	0	0	0	0	
1.6294143442e+02	245	7	37	1	0	500	50	0	500	500	0	0	0	0	
1.6340655495e+02	245	7	34	4	0	500	50	0	500	500	0	0	0	0	
1.6393501572e+02	247	4	35	3	0	500	50	0	500	500	0	0	0	0	
1.6448807003e+02	248	5	32	6	0	500	50	0	500	500	0	0	0	0	
1.6497647823e+02	247	9	31	7	0	500	50	0	500	500	0	0	0	0	
1.6548784612e+02	250	8	32	6	0	500	50	0	500	500	0	0	0	0	
1.6590496216e+02	248	10	33	5	0	500	50	0	500	500	0	0	0	0	
1.6630549863e+02	248	10	31	7	0	500	50	0	500	500	0	0	0	0	
1.6697551564e+02	249	10	35	3	0	500	50	0	500	500	0	0	0	0	
1.6747500907e+02	250	9	35	3	0	500	50	0	500	500	0	0	0	0	
1.6786317752e+02	255	4	37	3	0	500	50	0	500	500	0	0	0	0	
1.6848498059e+02	255	4	42	1	0	500	50	0	500	500	0	0	0	0	
1.6898197469e+02	257	3	42	1	0	500	50	0	500	500	0	0	0	0	
1.6947162531e+02	258	4	41	2	0	500	50	0	500	500	0	0	0	0	
1.6981879417e+02	260	2	39	3	0	500	50	0	500	500	0	0	0	0	
1.7048275084e+02	259	4	41	1	0	500	50	0	500	500	0	0	0	0	
1.7090913875e+02	259	4	38	4	0	500	50	0	500	500	0	0	0	0	
1.7143257020e+02	260	5	40	2	0	500	50	0	500	500	0	0	0	0	
1.7189919692e+02	260	6	39	3	0	500	50	0	500	500	0	0	0	0	
1.7248746435e+02	261	6	39	3	0	500	50	0	500	500	0	0	0	0	
1.7299137948e+02	263	7	38	4	0	500	50	0	500	500	0	0	0	0	
1.7346937257e+02	264	9	37	5	0	500	50	0	500	500	0	0	0	0	
1.7398627960e+02	266	7	34	8	0	500	50	0	500	500	0	0	0	0	
1.7444926486e+02	266	10	38	4	0	500	50	0	500	500	0	0	0	0	
1.7496914287e+02	269	9	39	2	0	500	50	0	500	500	0	0	0	0	
1.7547261930e+02	271	7	37	3	0	500	50	0	500	500	0	0	0	0	
1.7599782276e+02	274	4	35	5	0	500	50	0	500	500	0	0	0	0	
1.7642668012e+02	273	4	37	3	0	500	50	0	500	500	0	0	0	0	
1.7695291547e+02	273	6	37	3	0	500	50	0	500	500	0	0	0	0	
1.7741336896e+02	274	6	35	5	0	500	50	0	500	500	0	0	0	0	
1.7798995200e+02	276	4	36	4	0	500	50	0	500	500	0	0	0	0	
1.7849141526e+02	277	3	38	2	0	500	50	0	500	500	0	0	0	0	
1.7897302699e+02	278	3	36	4	0	500	50	0	500	500	0	0	0	0	
1.7947330049e+02	278	5	33	7	0	500	50	0	500	500	0	0	0	0	
1.7998439112e+02	279	5	36	4	0	500	50	0	500	500	0	0	0	0	
1.8044742325e+02	280	3	35	5	0	500	50	0	500	500	0	0	0	0	
1.8094745921e+02	279	4	34	6	0	500	50	0	500	500	0	0	0	0	
1.8146458013e+02	280	3	32	8	0	500	50	0	500	500	0	0	0	0	
1.8182354762e+02	281	2	36	6	0	500	50	0	500	500	0	0	0	0	
1.8243676904e+02	279	3	40	2	0	500	50	0	500	500	0	0	0	0	
1.8285875693e+02	278	3	40	3	0	500	50	0	500	500	0	0	0	0	
1.8349755301e+02	278	3	42	1	0	500	50	0	500	500	0	0	0	0	
1.8396947074e+02	278	4	41	3	0	500	50	0	500	500	0	0	0	0	
1.8449165887e+02	280	4	42	2	0	500	50	0	500	500	0	0	0	0	
1.8499312991e+02	279	7	40	3	0	500	50	0	500	500	0	0	0	0	
1.8549723552e+02	281	8	40	3	0	500	50	0	500	500	0	0	0	0	
1.8598148774e+02	280	9	40	3	0	500	50	0	500	500	0	0	0	0	
1.8645933571e+02	283	9	42	1	0	500	50	0	500	500	0	0	0	0	
1.8699459398e+02	283	9	40	2	0	500	50	0	500	500	0	0	0	0	
1.8742536690e+02	284	9	40	1	0	500	50	0	500	500	0	0	0	0	
1.8799367658e+02	285	7	41	1	0	500	50	0	500	500	0	0	0	0	
1.8847577220e+02	286	8	39	3	0	500	50	0	500	500	0	0	0	0	
1.8896497064e+02	289	5	35	7	0	500	50	0	500	500	0	0	0	0	
1.8948748436e+02	290	4	37	5	0	500	50	0	500	500	0	0	0	0	
1.8995000132e+02	290	5	37	4	0	500	50	0	500	500	0	0	0	0	
1.9044540579e+02	290	6	38	3	0	500	50	0	500	500	0	0	0	0	
1.9097949206e+02	293	4	40	2	0	500	50	0	500	500	0	0	0	0	
1.9147930441e+02	292	8	39	3	0	500	50	0	500	500	0	0	0	0	
1.9197438741e+02	295	5	33	10	0	500	50	0	500	500	0	0	0	0	
1.9243388455e+02	295	5	38	6	0	500	50	0	500	500	0	0	0	0	
1.9299099619e+02	297	5	40	4	0	500	50	0	500	500	0	0	0	0	
1.9349639905e+02	296	6	38	6	0	500	50	0	500	500	0	0	0	0	
1.9399949389e+02	297	8	41	2	0	500	50	0	500	500	0	0	0	0	
1.9442871197e+02	297	8	40	3	0	500	50	0	500	500	0	0	0	0	
1.9494361402e+02	299	6	37	5	0	500	50	0	500	500	0	0	0	0	
1.9544591271e+02	300	5	36	6	0	500	50	0	500	500	0	0	0	0	
1.9598208630e+02	298	8	36	6	0	500	50	0	500	500	0	0	0	0	
1.9645219958e+02	299	6	36	6	0	500	50	0	500	500	0	0	0	0	
1.9699931677e+02	299	7	39	4	0	500	50	0	500	500	0	0	0	0	
1.9748851567e+02	297	7	36	7	0	500	50	0	500	500	0	0	0	0	
1.9796233243e+02	297	7	40	4	0	500	50	0	500	500	0	0	0	0	
1.9847845406e+02	299	4	40	4	0	500	50	0	500	500	0	0	0	0	
1.9881340210e+02	299	4	40	4	0	500	50	0	500	500	0	0	0	0	
1.9949765050e+02	299	5	41	3	0	500	50	0	500	500	0	0	0	0	
1.9989070952e+02	301	4	44	0	0	500	50	0	500	500	0	0	0	0	
2.0047383708e+02	301	5	41	3	0	500	50	0	500	500	0	0	0	0	
2.0095237608e+02	301	5	38	6	0	500	50	0	500	500	0	0	0	0	
2.0149594840e+02	301	10	38	6	0	500	50	0	500	500	0	0	0	0	
2.0197203158e+02	302	9	38	6	0	500	50	0	500	500	0	0	0	0	
2.0247409675e+02	304	7	36	8	0	500	50	0	500	500	0	0	0	0	
2.0299425028e+02	306	6	39	5	0	500	50	0	500	500	0	0	0	0	
2.0344145325e+02	307	6	44	1	0	500	50	0	500	500	0	0	0	0	
2.0391758143e+02	309	5	42	3	0	500	50	0	500	500	0	0	0	0	
2.0447807800e+02	310	5	42	3	0	500	50	0	500	500	0	0	0	0	
2.0490846070e+02	311	3	42	3	0	500	50	0	500	500	0	0	0	0	
2.0543871434e+02	311	5	42	3	0	500	50	0	500	500	0	0	0	0	
2.0591655249e+02	311	4	41	4	0	500	50	0	500	500	0	0	0	0	
2.0647140703e+02	312	4	40	4	0	500	50	0	500	500	0	0	0	0	
2.0696709133e+02	314	2	39	5	0	500	50	0	500	500	0	0	0	0	
2.0748864065e+02	316	2	41	3	0	500	50	0	500	500	0	0	0	0	
2.0799313432e+02	315	3	37	7	0	500	50	0	500	500	0	0	0	0	
2.0849036919e+02	316	3	37	7	0	500	50	0	500	500	0	0	0	0	
2.0899898515e+02	315	6	39	5	0	500	50	0	500	500	0	0	0	0	
2.0948063170e+02	315	6	42	1	0	500	50	0	500	500	0	0	0	0	
2.0999158715e+02	318	3	42	0	0	500	50	0	500	500	0	0	0	0	
2.1049086407e+02	318	5	39	4	0	500	50	0	500	500	0	0	0	0	
2.1099399034e+02	318	7	38	6	0	500	50	0	500	500	0	0	0	0	
2.1147393766e+02	319	6	41	3	0	500	50	0	500	500	0	0	0	0	
2.1195875748e+02	322	5	41	2	0	500	50	0	500	500	0	0	0	0	
2.1245242295e+02	323	4	42	1	0	500	50	0	500	500	0	0	0	0	
2.1298327771e+02	324	3	41	1	0	500	50	0	500	500	0	0	0	0	
2.1336347013e+02	325	3	41	2	0	500	50	0	500	500	0	0	0	0	
2.1362024196e+02	325	4	42	2	0	500	50	0	500	500	0	0	0	0	
2.1447422056e+02	327	4	36	7	0	500	50	0	500	500	0	0	0	0	
2.1499960317e+02	324	8	36	8	0	500	50	0	500	500	0	0	0	0	
2.1549209319e+02	326	6	41	3	0	500	50	0	500	500	0	0	0	0	
2.1596011239e+02	324	10	38	6	0	500	50	0	500	500	0	0	0	0	
2.1647907415e+02	325	10	37	7	0	500	50	0	500	500	0	0	0	0	
2.1699527502e+02	326	8	41	2	0	500	50	0	500	500	0	0	0	0	
2.1736990348e+02	328	6	39	4	0	500	50	0	500	500	0	0	0	0	
2.1799893659e+02	327	6	38	5	0	500	50	0	500	500	0	0	0	0	
2.1848718483e+02	329	7	40	4	0	500	50	0	500	500	0	0	0	0	
2.1899782846e+02	331	7	37	7	0	500	50	0	500	500	0	0	0	0	
2.1945917689e+02	332	6	38	6	0	500	50	0	500	500	0	0	0	0	
2.1993473259e+02	332	7	35	9	0	500	50	0	500	500	0	0	0	0	
2.2048188873e+02	330	10	36	8	0	500	50	0	500	500	0	0	0	0	
2.2097608069e+02	329	9	39	4	0	500	50	0	500	500	0	0	0	0	
2.2149701451e+02	331	7	39	4	0	500	50	0	500	500	0	0	0	0	
2.2197371719e+02	334	8	35	9	0	500	50	0	500	500	0	0	0	0	
2.2248491830e+02	334	8	37	7	0	500	50	0	500	500	0	0	0	0	
2.2297797441e+02	335	8	40	5	0	500	50	0	500	500	0	0	0	0	
2.2349539113e+02	335	8	42	4	0	500	50	0	500	500	0	0	0	0	
2.2398211078e+02	335	8	40	7	0	500	50	0	500	500	0	0	0	0	
2.2443849213e+02	336	9	42	5	0	500	50	0	500	500	0	0	0	0	
2.2499450802e+02	337	8	44	3	0	500	50	0	500	500	0	0	0	0	
2.2547129803e+02	337	9	45	2	0	500	50	0	500	500	0	0	0	0	
2.2597589009e+02	339	6	44	3	0	500	50	0	500	500	0	0	0	0	
2.2649007543e+02	338	7	43	4	0	500	50	0	500	500	0	0	0	0	
2.2697962443e+02	339	7	40	6	0	500	50	0	500	500	0	0	0	0	
2.2738089478e+02	339	9	43	2	0	500	50	0	500	500	0	0	0	0	
2.2797222964e+02	342	7	39	6	0	500	50	0	500	500	0	0	0	0	
2.2839552578e+02	343	6	42	3	0	500	50	0	500	500	0	0	0	0	
2.2898168411e+02	344	6	41	4	0	500	50	0	500	500	0	0	0	0	
2.2943142479e+02	345	6	44	0	0	500	50	0	500	500	0	0	0	0	
2.2990902003e+02	347	6	41	4	0	500	50	0	500	500	0	0	0	0	
2.3047835358e+02	346	7	41	3	0	500	50	0	500	500	0	0	0	0	
2.3098748202e+02	346	7	39	5	0	500	50	0	500	500	0	0	0	0	
2.3147979984e+02	344	10	37	6	0	500	50	0	500	500	0	0	0	0	
2.3199745831e+02	346	8	40	4	0	500	50	0	500	500	0	0	0	0	
2.3247051917e+02	347	8	39	5	0	500	50	0	500	500	0	0	0	0	
2.3298286208e+02	348	6	39	4	0	500	50	0	500	500	0	0	0	0	
2.3349081722e+02	348	7	36	7	0	500	50	0	500	500	0	0	0	0	
2.3395411822e+02	349	6	37	6	0	500	50	0	500	500	0	0	0	0	
2.3448847267e+02	349	6	39	4	0	500	50	0	500	500	0	0	0	0	
2.3499117622e+02	348	6	39	4	0	500	50	0	500	500	0	0	0	0	
2.3546366588e+02	350	5	40	3	0	500	50	0	500	500	0	0	0	0	
2.3597990507e+02	350	6	34	8	0	500	50	0	500	500	0	0	0	0	
2.3649443816e+02	350	6	34	8	0	500	50	0	500	500	0	0	0	0	
2.3684467580e+02	351	6	35	7	0	500	50	0	500	500	0	0	0	0	
2.3746766086e+02	350	6	40	2	0	500	50	0	500	500	0	0	0	0	
2.3793838282e+02	352	6	41	1	0	500	50	0	500	500	0	0	0	0	
2.3845666248e+02	353	8	38	4	0	500	50	0	500	500	0	0	0	0	
2.3894506337e+02	352	10	38	4	0	500	50	0	500	500	0	0	0	0	
2.3946259666e+02	352	8	41	1	0	500	50	0	500	500	0	0	0	0	
2.3992897056e+02	352	8	38	4	0	500	50	0	500	500	0	0	0	0	
2.4049228737e+02	353	7	38	5	0	500	50	0	500	500	0	0	0	0	
2.4098448716e+02	353	8	37	6	0	500	50	0	500	500	0	0	0	0	
2.4149602662e+02	355	7	37	6	0	500	50	0	500	500	0	0	0	0	
2.4198174354e+02	356	7	41	2	0	500	50	0	500	500	0	0	0	0	
2.4249368195e+02	359	6	39	6	0	500	50	0	500	500	0	0	0	0	
2.4298446611e+02	360	9	39	6	0	500	50	0	500	500	0	0	0	0	
2.4347674164e+02	361	9	38	9	0	500	50	0	500	500	0	0	0	0	
2.4399335707e+02	362	7	40	6	0	500	50	0	500	500	0	0	0	0	
2.4448135331e+02	363	7	38	8	0	500	50	0	500	500	0	0	0	0	
2.4496997944e+02	365	7	40	5	0	500	50	0	500	500	0	0	0	0	
2.4549410419e+02	366	7	40	5	0	500	50	0	500	500	0	0	0	0	
2.4599995195e+02	367	5	38	7	0	500	50	0	500	500	0	0	0	0	
2.4644300927e+02	367	5	38	7	0	500	50	0	500	500	0	0	0	0	
2.4697649384e+02	369	3	42	3	0	500	50	0	500	500	0	0	0	0	
2.4741328851e+02	368	6	39	6	0	500	50	0	500	500	0	0	0	0	
2.4798102093e+02	368	5	39	5	0	500	50	0	500	500	0	0	0	0	
2.4847845096e+02	369	4	37	7	0	500	50	0	500	500	0	0	0	0	
2.4886345911e+02	370	3	43	2	0	500	50	0	500	500	0	0	0	0	
2.4942299535e+02	370	3	43	1	0	500	50	0	500	500	0	0	0	0	
2.4982353749e+02	371	3	43	1	0	500	50	0	500	500	0	0	0	0	
2.5046035478e+02	369	5	41	2	0	500	50	0	500	500	0	0	0	0	
2.5099429286e+02	367	7	36	7	0	500	50	0	500	500	0	0	0	0	
2.5142501860e+02	369	7	37	6	0	500	50	0	500	500	0	0	0	0	
2.5198197733e+02	370	6	39	4	0	500	50	0	500	500	0	0	0	0	
2.5247626027e+02	371	6	40	2	0	500	50	0	500	500	0	0	0	0	
2.5299619911e+02	372	8	39	3	0	500	50	0	500	500	0	0	0	0	
2.5346928541e+02	374	6	38	4	0	500	50	0	500	500	0	0	0	0	
2.5399886221e+02	373	6	34	7	0	500	50	0	500	500	0	0	0	0	
2.5448531958e+02	374	5	39	3	0	500	50	0	500	500	0	0	0	0	
2.5497862660e+02	375	5	39	1	0	500	50	0	500	500	0	0	0	0	
2.5548540919e+02	376	4	38	2	0	500	50	0	500	500	0	0	0	0	
2.5598673022e+02	376	3	38	3	0	500	50	0	500	500	0	0	0	0	
2.5648874964e+02	374	5	35	6	0	500	50	0	500	500	0	0	0	0	
2.5698040930e+02	371	6	31	10	0	500	50	0	500	500	0	0	0	0	
2.5748114923e+02	375	4	36	5	0	500	50	0	500	500	0	0	0	0	
2.5790873545e+02	375	4	38	2	0	500	50	0	500	500	0	0	0	0	
2.5845711638e+02	375	5	36	4	0	500	50	0	500	500	0	0	0	0	
2.5890933882e+02	377	4	35	4	0	500	50	0	500	500	0	0	0	0	
2.5949947169e+02	376	5	34	6	0	500	50	0	500	500	0	0	0	0	
2.5990179626e+02	378	3	38	2	0	500	50	0	500	500	0	0	0	0	
2.6047734633e+02	381	1	39	0	0	500	50	0	500	500	0	0	0	0	
2.6092885856e+02	381	1	39	1	0	500	50	0	500	500	0	0	0	0	
2.6124429685e+02	381	2	38	2	0	500	50	0	500	500	0	0	0	0	
2.6194905313e+02	384	2	38	3	0	500	50	0	500	500	0	0	0	0	
2.6244537672e+02	384	4	38	3	0	500	50	0	500	500	0	0	0	0	
2.6287827773e+02	385	4	38	3	0	500	50	0	500	500	0	0	0	0	
2.6348523462e+02	385	4	39	2	0	500	50	0	500	500	0	0	0	0	
2.6394626086e+02	385	5	38	2	0	500	50	0	500	500	0	0	0	0	
2.6447858250e+02	385	6	37	3	0	500	50	0	500	500	0	0	0	0	
2.6497124550e+02	385	5	40	0	0	500	50	0	500	500	0	0	0	0	
2.6536696182e+02	385	4	39	1	0	500	50	0	500	500	0	0	0	0	
2.6598467985e+02	388	3	38	2	0	500	50	0	500	500	0	0	0	0	
2.6649800483e+02	389	2	33	5	0	500	50	0	500	500	0	0	0	0	
2.6690408020e+02	389	3	35	2	0	500	50	0	500	500	0	0	0	0	
2.6732340955e+02	390	2	37	0	0	500	50	0	500	500	0	0	0	0	
2.6783889069e+02	391	2	37	0	0	500	50	0	500	500	0	0	0	0	
2.6842480345e+02	390	3	36	1	0	500	50	0	500	500	0	0	0	0	
2.6893644519e+02	390	3	34	3	0	500	50	0	500	500	0	0	0	0	
2.6948788009e+02	390	5	33	3	0	500	50	0	500	500	0	0	0	0	
2.6994436158e+02	390	5	32	4	0	500	50	0	500	500	0	0	0	0	
2.7044242835e+02	389	7	32	4	0	500	50	0	500	500	0	0	0	0	
2.7094902612e+02	392	6	33	3	0	500	50	0	500	500	0	0	0	0	
2.7136314044e+02	394	4	34	2	0	500	50	0	500	500	0	0	0	0	
2.7199714203e+02	395	4	36	0	0	500	50	0	500	500	0	0	0	0	
2.7243465708e+02	396	2	34	1	0	500	50	0	500	500	0	0	0	0	
2.7293626082e+02	397	2	31	2	0	500	50	0	500	500	0	0	0	0	
2.7349505557e+02	397	2	30	3	0	500	50	0	500	500	0	0	0	0	
2.7396487748e+02	397	4	33	0	0	500	50	0	500	500	0	0	0	0	
2.7448730031e+02	399	2	32	0	0	500	50	0	500	500	0	0	0	0	
2.7493604004e+02	398	2	30	1	0	500	50	0	500	500	0	0	0	0	
2.7547979613e+02	395	3	30	1	0	500	50	0	500	500	0	0	0	0	
2.7599922194e+02	395	2	29	1	0	500	50	0	500	500	0	0	0	0	
2.7639851186e+02	396	1	29	1	0	500	50	0	500	500	0	0	0	0	
2.7692870672e+02	397	1	29	0	0	500	50	0	500	500	0	0	0	0	
2.7716558562e+02	397	1	28	1	0	500	50	0	500	500	0	0	0	0	
2.7798677154e+02	396	2	28	1	0	500	50	0	500	500	0	0	0	0	
2.7848400279e+02	397	0	29	1	0	500	50	0	500	500	0	0	0	0	
2.7888400131e+02	397	0	31	0	0	500	50	0	500	500	0	0	0	0	
2.7999101514e+02	397	1	32	0	0	500	50	0	500	500	0	0	0	0	
2.8049585983e+02	397	2	31	1	0	500	50	0	500	500	0	0	0	0	
2.8097003872e+02	397	3	30	2	0	500	50	0	500	500	0	0	0	0	
2.8148888183e+02	397	3	26	6	0	500	50	0	500	500	0	0	0	0	
2.8197640240e+02	396	6	29	3	0	500	50	0	500	500	0	0	0	0	
2.8245289954e+02	397	4	29	3	0	500	50	0	500	500	0	0	0	0	
2.8299183351e+02	395	4	29	3	0	500	50	0	500	500	0	0	0	0	
2.8338827269e+02	395	5	29	3	0	500	50	0	500	500	0	0	0	0	
2.8389802730e+02	395	4	29	3	0	500	50	0	500	500	0	0	0	0	
2.8446431708e+02	397	3	26	6	0	500	50	0	500	500	0	0	0	0	
2.8497749437e+02	397	3	27	5	0	500	50	0	500	500	0	0	0	0	
2.8548758613e+02	395	4	29	4	0	500	50	0	500	500	0	0	0	0	
2.8595886583e+02	395	6	32	1	0	500	50	0	500	500	0	0	0	0	
2.8643855597e+02	394	7	30	4	0	500	50	0	500	500	0	0	0	0	
2.8699418647e+02	396	5	31	3	0	500	50	0	500	500	0	0	0	0	
2.8748581276e+02	397	3	33	1	0	500	50	0	500	500	0	0	0	0	
2.8764925519e+02	397	4	34	0	0	500	50	0	500	500	0	0	0	0	
2.8844784811e+02	397	4	30	4	0	500	50	0	500	500	0	0	0	0	
2.8891040473e+02	399	2	34	0	0	500	50	0	500	500	0	0	0	0	
2.8947699708e+02	399	4	31	3	0	500	50	0	500	500	0	0	0	0	
2.8996197653e+02	400	3	28	7	0	500	50	0	500	500	0	0	0	0	
2.9048343996e+02	400	4	31	4	0	500	50	0	500	500	0	0	0	0	
2.9089420979e+02	401	4	31	3	0	500	50	0	500	500	0	0	0	0	
2.9149093946e+02	400	6	30	4	0	500	50	0	500	500	0	0	0	0	
2.9196066320e+02	402	5	32	2	0	500	50	0	500	500	0	0	0	0	
2.9245570981e+02	402	4	32	2	0	500	50	0	500	500	0	0	0	0	
2.9287266512e+02	401	4	31	4	0	500	50	0	500	500	0	0	0	0	
2.9345102668e+02	402	3	33	2	0	500	50	0	500	500	0	0	0	0	
2.9398373880e+02	403	3	31	4	0	500	50	0	500	500	0	0	0	0	
2.9449584479e+02	402	5	35	1	0	500	50	0	500	500	0	0	0	0	
2.9498602058e+02	401	7	36	0	0	500	50	0	500	500	0	0	0	0	
2.9549412091e+02	399	6	34	2	0	500	50	0	500	500	0	0	0	0	
2.9598065136e+02	401	4	35	2	0	500	50	0	500	500	0	0	0	0	
2.9648730991e+02	402	5	34	4	0	500	50	0	500	500	0	0	0	0	
2.9697747930e+02	403	5	31	7	0	500	50	0	500	500	0	0	0	0	
2.9748864240e+02	401	8	35	3	0	500	50	0	500	500	0	0	0	0	
2.9791672214e+02	402	7	31	7	0	500	50	0	500	500	0	0	0	0	
2.9849430326e+02	402	10	31	7	0	500	50	0	500	500	0	0	0	0	
2.9890857246e+02	405	9	33	5	0	500	50	0	500	500	0	0	0	0	
2.9949340538e+02	406	10	29	9	0	500	50	0	500	500	0	0	0	0	
2.9996596276e+02	407	10	33	5	0	500	50	0	500	500	0	0	0	0	
3.0047436508e+02	406	10	30	8	0	500	50	0	500	500	0	0	0	0	
3.0098317813e+02	409	10	27	11	0	500	50	0	500	500	0	0	0	0	
3.0149818011e+02	408	11	32	6	0	500	50	0	500	500	0	0	0	0	
3.0199035955e+02	407	12	32	6	0	500	50	0	500	500	0	0	0	0	
3.0243622359e+02	410	11	30	8	0	500	50	0	500	500	0	0	0	0	
3.0298095340e+02	412	10	28	10	0	500	50	0	500	500	0	0	0	0	
3.0347455821e+02	413	8	31	7	0	500	50	0	500	500	0	0	0	0	
3.0396000395e+02	412	9	30	8	0	500	50	0	500	500	0	0	0	0	
3.0449237175e+02	414	7	35	3	0	500	50	0	500	500	0	0	0	0	
3.0496456832e+02	417	4	34	4	0	500	50	0	500	500	0	0	0	0	
3.0546921665e+02	417	5	35	3	0	500	50	0	500	500	0	0	0	0	
3.0595056412e+02	417	8	32	6	0	500	50	0	500	500	0	0	0	0	
3.0649178087e+02	424	3	33	5	0	500	50	0	500	500	0	0	0	0	
3.0696665912e+02	423	4	31	7	0	500	50	0	500	500	0	0	0	0	
3.0745311352e+02	423	4	34	4	0	500	50	0	500	500	0	0	0	0	
3.0795941960e+02	423	4	34	4	0	500	50	0	500	500	0	0	0	0	
3.0849773694e+02	425	3	35	3	0	500	50	0	500	500	0	0	0	0	
3.0899266717e+02	425	5	35	4	0	500	50	0	500	500	0	0	0	0	
3.0942977449e+02	428	2	33	6	0	500	50	0	500	500	0	0	0	0	
3.0997224590e+02	426	4	33	6	0	500	50	0	500	500	0	0	0	0	
3.1039961970e+02	426	6	36	4	0	500	50	0	500	500	0	0	0	0	
3.1090343224e+02	425	6	38	3	0	500	50	0	500	500	0	0	0	0	
3.1115652037e+02	425	5	39	2	0	500	50	0	500	500	0	0	0	0	
3.1194509239e+02	425	5	37	3	0	500	50	0	500	500	0	0	0	0	
3.1244682136e+02	427	4	36	3	0	500	50	0	500	500	0	0	0	0	
3.1299403497e+02	429	4	35	4	0	500	50	0	500	500	0	0	0	0	
3.1349162199e+02	429	4	34	5	0	500	50	0	500	500	0	0	0	0	
3.1397259094e+02	431	4	32	7	0	500	50	0	500	500	0	0	0	0	
3.1446414616e+02	431	4	35	4	0	500	50	0	500	500	0	0	0	0	
3.1498382074e+02	429	7	35	4	0	500	50	0	500	500	0	0	0	0	
3.1545927956e+02	429	11	32	7	0	500	50	0	500	500	0	0	0	0	
3.1599635297e+02	431	10	31	7	0	500	50	0	500	500	0	0	0	0	
3.1648508984e+02	430	11	33	3	0	500	50	0	500	500	0	0	0	0	
3.1696511101e+02	430	11	29	7	0	500	50	0	500	500	0	0	0	0	
3.1748451407e+02	430	11	30	7	0	500	50	0	500	500	0	0	0	0	
3.1799996751e+02	433	8	33	4	0	500	50	0	500	500	0	0	0	0	
3.1848614744e+02	434	7	31	6	0	500	50	0	500	500	0	0	0	0	
3.1898563007e+02	435	8	27	10	0	500	50	0	500	500	0	0	0	0	
3.1949911136e+02	437	6	33	5	0	500	50	0	500	500	0	0	0	0	
3.1999819208e+02	436	4	34	4	0	500	50	0	500	500	0	0	0	0	
3.2048232725e+02	437	4	32	6	0	500	50	0	500	500	0	0	0	0	
3.2089914153e+02	437	3	37	2	0	500	50	0	500	500	0	0	0	0	
3.2146692319e+02	436	4	38	2	0	500	50	0	500	500	0	0	0	0	
3.2186143527e+02	437	4	38	2	0	500	50	0	500	500	0	0	0	0	
3.2249536814e+02	437	4	37	3	0	500	50	0	500	500	0	0	0	0	
3.2294153454e+02	436	7	36	4	0	500	50	0	500	500	0	0	0	0	
3.2349233692e+02	436	7	33	7	0	500	50	0	500	500	0	0	0	0	
3.2399331855e+02	433	10	35	5	0	500	50	0	500	500	0	0	0	0	
3.2447475840e+02	434	8	30	9	0	500	50	0	500	500	0	0	0	0	
3.2494309226e+02	435	7	29	10	0	500	50	0	500	500	0	0	0	0	
3.2548764784e+02	436	7	32	7	0	500	50	0	500	500	0	0	0	0	
3.2599082815e+02	439	7	33	6	0	500	50	0	500	500	0	0	0	0	
3.2645743514e+02	439	8	31	7	0	500	50	0	500	500	0	0	0	0	
3.2696931076e+02	439	9	29	9	0	500	50	0	500	500	0	0	0	0	
3.2749994200e+02	440	9	33	5	0	500	50	0	500	500	0	0	0	0	
3.2793298748e+02	443	6	38	1	0	500	50	0	500	500	0	0	0	0	
3.2847836307e+02	442	8	34	4	0	500	50	0	500	500	0	0	0	0	
3.2894391738e+02	442	8	30	7	0	500	50	0	500	500	0	0	0	0	
3.2948091863e+02	440	10	30	7	0	500	50	0	500	500	0	0	0	0	
3.2998817207e+02	443	8	31	6	0	500	50	0	500	500	0	0	0	0	
3.3047088959e+02	444	7	33	4	0	500	50	0	500	500	0	0	0	0	
3.3092181259e+02	444	6	32	5	0	500	50	0	500	500	0	0	0	0	
3.3146916895e+02	443	9	33	4	0	500	50	0	500	500	0	0	0	0	
3.3199872407e+02	441	12	31	6	0	500	50	0	500	500	0	0	0	0	
3.3249941221e+02	444	12	30	7	0	500	50	0	500	500	0	0	0	0	
3.3298177280e+02	446	10	30	7	0	500	50	0	500	500	0	0	0	0	
3.3346249491e+02	449	8	31	7	0	500	50	0	500	500	0	0	0	0	
3.3397786087e+02	446	10	31	7	0	500	50	0	500	500	0	0	0	0	
3.3447514269e+02	447	10	31	7	0	500	50	0	500	500	0	0	0	0	
3.3497564219e+02	449	9	29	10	0	500	50	0	500	500	0	0	0	0	
3.3549542976e+02	449	10	33	6	0	500	50	0	500	500	0	0	0	0	
3.3590229869e+02	449	11	35	3	0	500	50	0	500	500	0	0	0	0	
3.3646834470e+02	449	11	34	4	0	500	50	0	500	500	0	0	0	0	
3.3696347584e+02	452	9	37	2	0	500	50	0	500	500	0	0	0	0	
3.3746501112e+02	455	7	37	3	0	500	50	0	500	500	0	0	0	0	
3.3789967826e+02	456	6	37	4	0	500	50	0	500	500	0	0	0	0	
3.3839548280e+02	456	7	39	1	0	500	50	0	500	500	0	0	0	0	
3.3899931963e+02	460	6	36	5	0	500	50	0	500	500	0	0	0	0	
3.3938760392e+02	462	4	36	4	0	500	50	0	500	500	0	0	0	0	
3.3978434359e+02	463	3	39	1	0	500	50	0	500	500	0	0	0	0	
3.4039340010e+02	464	3	37	3	0	500	50	0	500	500	0	0	0	0	
3.4099264910e+02	465	2	35	6	0	500	50	0	500	500	0	0	0	0	
3.4148016700e+02	465	2	36	5	0	500	50	0	500	500	0	0	0	0	
3.4199435556e+02	467	2	35	5	0	500	50	0	500	500	0	0	0	0	
3.4236805551e+02	468	2	34	5	0	500	50	0	500	500	0	0	0	0	
3.4296105454e+02	467	3	34	5	0	500	50	0	500	500	0	0	0	0	
3.4340829301e+02	468	2	35	4	0	500	50	0	500	500	0	0	0	0	
3.4396385294e+02	468	1	39	1	0	500	50	0	500	500	0	0	0	0	
3.4449730388e+02	467	4	37	2	0	500	50	0	500	500	0	0	0	0	
3.4497520851e+02	468	5	34	4	0	500	50	0	500	500	0	0	0	0	
3.4548394260e+02	472	2	33	4	0	500	50	0	500	500	0	0	0	0	
3.4596561518e+02	471	4	35	3	0	500	50	0	500	500	0	0	0	0	
3.4646399481e+02	472	4	33	5	0	500	50	0	500	500	0	0	0	0	
3.4697813120e+02	473	4	32	6	0	500	50	0	500	500	0	0	0	0	
3.4748535578e+02	475	3	32	5	0	500	50	0	500	500	0	0	0	0	
3.4798369098e+02	473	6	32	4	0	500	50	0	500	500	0	0	0	0	
3.4849743744e+02	472	7	31	5	0	500	50	0	500	500	0	0	0	0	
3.4898506047e+02	473	7	24	11	0	500	50	0	500	500	0	0	0	0	
3.4944067730e+02	473	7	26	9	0	500	50	0	500	500	0	0	0	0	
3.4998338559e+02	476	5	33	3	0	500	50	0	500	500	0	0	0	0	
3.5048771755e+02	474	6	33	3	0	500	50	0	500	500	0	0	0	0	
3.5096690427e+02	476	6	33	3	0	500	50	0	500	500	0	0	0	0	
3.5147304529e+02	477	4	33	3	0	500	50	0	500	500	0	0	0	0	
3.5197206703e+02	478	5	30	6	0	500	50	0	500	500	0	0	0	0	
3.5248387157e+02	476	8	29	7	0	500	50	0	500	500	0	0	0	0	
3.5299907096e+02	479	7	28	8	0	500	50	0	500	500	0	0	0	0	
3.5347404240e+02	478	6	33	4	0	500	50	0	500	500	0	0	0	0	
3.5379650709e+02	481	5	33	4	0	500	50	0	500	500	0	0	0	0	
3.5445410984e+02	479	4	32	5	0	500	50	0	500	500	0	0	0	0	
3.5496201046e+02	481	2	34	4	0	500	50	0	500	500	0	0	0	0	
3.5545687054e+02	480	4	32	6	0	500	50	0	500	500	0	0	0	0	
3.5590727230e+02	479	5	34	4	0	500	50	0	500	500	0	0	0	0	
3.5648870674e+02	480	6	35	3	0	500	50	0	500	500	0	0	0	0	
3.5699441226e+02	479	7	35	4	0	500	50	0	500	500	0	0	0	0	
3.5740268811e+02	478	7	34	5	0	500	50	0	500	500	0	0	0	0	
3.5786492026e+02	481	5	28	11	0	500	50	0	500	500	0	0	0	0	
3.5849424955e+02	483	4	30	9	0	500	50	0	500	500	0	0	0	0	
3.5895600329e+02	482	7	34	5	0	500	50	0	500	500	0	0	0	0	
3.5949034202e+02	482	7	35	5	0	500	50	0	500	500	0	0	0	0	
3.5994995039e+02	483	7	36	3	0	500	50	0	500	500	0	0	0	0	
3.6042661566e+02	484	7	38	2	0	500	50	0	500	500	0	0	0	0	
3.6097697480e+02	484	9	37	3	0	500	50	0	500	500	0	0	0	0	
3.6144805303e+02	487	8	33	7	0	500	50	0	500	500	0	0	0	0	
3.6198954623e+02	490	5	32	7	0	500	50	0	500	500	0	0	0	0	
3.6234232423e+02	492	3	35	4	0	500	50	0	500	500	0	0	0	0	
3.6292997811e+02	491	6	33	6	0	500	50	0	500	500	0	0	0	0	
3.6346176305e+02	490	8	34	5	0	500	50	0	500	500	0	0	0	0	
3.6398716187e+02	493	7	30	9	0	500	50	0	500	500	0	0	0	0	
3.6444277410e+02	491	10	32	7	0	500	50	0	500	500	0	0	0	0	
3.6496440129e+02	493	10	34	6	0	500	50	0	500	500	0	0	0	0	
3.6548467937e+02	493	11	34	5	0	500	50	0	500	500	0	0	0	0	
3.6598933579e+02	495	9	34	5	0	500	50	0	500	500	0	0	0	0	
3.6646594109e+02	496	10	34	5	0	500	50	0	500	500	0	0	0	0	
3.6699563233e+02	498	8	35	5	0	500	50	0	500	500	0	0	0	0	
3.6738419879e+02	498	8	37	3	0	500	50	0	500	500	0	0	0	0	
3.6797807371e+02	499	7	36	4	0	500	50	0	500	500	0	0	0	0	
3.6849042107e+02	500	7	34	6	0	500	50	0	500	500	0	0	0	0	
3.6899554747e+02	501	6	36	4	0	500	50	0	500	500	0	0	0	0	
3.6949350531e+02	503	5	37	2	0	500	50	0	500	500	0	0	0	0	
3.6992637698e+02	502	5	34	5	0	500	50	0	500	500	0	0	0	0	
3.7042287997e+02	503	8	35	4	0	500	50	0	500	500	0	0	0	0	
3.7099849818e+02	503	8	33	5	0	500	50	0	500	500	0	0	0	0	
3.7149670276e+02	503	8	34	3	0	500	50	0	500	500	0	0	0	0	
3.7199763151e+02	504	8	37	2	0	500	50	0	500	500	0	0	0	0	
3.7243911550e+02	505	6	36	3	0	500	50	0	500	500	0	0	0	0	
3.7296881856e+02	504	8	37	4	0	500	50	0	500	500	0	0	0	0	
3.7346976896e+02	505	7	37	4	0	500	50	0	500	500	0	0	0	0	
3.7396396088e+02	506	6	38	3	0	500	50	0	500	500	0	0	0	0	
3.7442193001e+02	509	3	36	4	0	500	50	0	500	500	0	0	0	0	
3.7495547730e+02	507	4	35	5	0	500	50	0	500	500	0	0	0	0	
3.7549322123e+02	510	3	37	3	0	500	50	0	500	500	0	0	0	0	
3.7595426698e+02	509	3	36	4	0	500	50	0	500	500	0	0	0	0	
3.7649375223e+02	510	3	35	5	0	500	50	0	500	500	0	0	0	0	
3.7699485945e+02	510	3	40	1	0	500	50	0	500	500	0	0	0	0	
3.7748625485e+02	508	5	38	4	0	500	50	0	500	500	0	0	0	0	
3.7798635804e+02	509	7	37	5	0	500	50	0	500	500	0	0	0	0	
3.7845132996e+02	509	7	38	5	0	500	50	0	500	500	0	0	0	0	
3.7895686944e+02	509	8	39	4	0	500	50	0	500	500	0	0	0	0	
3.7949816604e+02	508	11	36	7	0	500	50	0	500	500	0	0	0	0	
3.7999579163e+02	507	12	34	9	0	500	50	0	500	500	0	0	0	0	
3.8049286689e+02	511	9	37	8	0	500	50	0	500	500	0	0	0	0	
3.8097070622e+02	513	8	40	5	0	500	50	0	500	500	0	0	0	0	
3.8142925164e+02	518	5	39	6	0	500	50	0	500	500	0	0	0	0	
3.8193105866e+02	519	5	38	7	0	500	50	0	500	500	0	0	0	0	
3.8248367412e+02	517	5	40	5	0	500	50	0	500	500	0	0	0	0	
3.8295629044e+02	518	4	37	8	0	500	50	0	500	500	0	0	0	0	
3.8340372902e+02	516	5	39	6	0	500	50	0	500	500	0	0	0	0	
3.8398821869e+02	515	5	42	3	0	500	50	0	500	500	0	0	0	0	
3.8449748998e+02	518	3	41	5	0	500	50	0	500	500	0	0	0	0	
3.8498809359e+02	517	4	37	9	0	500	50	0	500	500	0	0	0	0	
3.8547517319e+02	517	4	38	7	0	500	50	0	500	500	0	0	0	0	
3.8595082771e+02	514	4	40	5	0	500	50	0	500	500	0	0	0	0	
3.8648439185e+02	514	4	39	6	0	500	50	0	500	500	0	0	0	0	
3.8692074937e+02	516	2	43	2	0	500	50	0	500	500	0	0	0	0	
3.8743678629e+02	517	2	44	2	0	500	50	0	500	500	0	0	0	0	
3.8794299159e+02	518	2	43	3	0	500	50	0	500	500	0	0	0	0	
3.8848637695e+02	519	1	43	3	0	500	50	0	500	500	0	0	0	0	
3.8890857694e+02	520	0	44	2	0	500	50	0	500	500	0	0	0	0	
3.8948349419e+02	518	1	45	2	0	500	50	0	500	500	0	0	0	0	
3.8999539604e+02	517	3	41	5	0	500	50	0	500	500	0	0	0	0	
3.9049537737e+02	519	1	41	5	0	500	50	0	500	500	0	0	0	0	
3.9098971255e+02	519	3	41	6	0	500	50	0	500	500	0	0	0	0	
3.9146829895e+02	521	2	42	5	0	500	50	0	500	500	0	0	0	0	
3.9197872203e+02	521	2	42	6	0	500	50	0	500	500	0	0	0	0	
3.9246312276e+02	519	6	43	5	0	500	50	0	500	500	0	0	0	0	
3.9297990448e+02	520	6	45	3	0	500	50	0	500	500	0	0	0	0	
3.9345789100e+02	518	5	45	4	0	500	50	0	500	500	0	0	0	0	
3.9396476126e+02	516	6	44	5	0	500	50	0	500	500	0	0	0	0	
3.9448703514e+02	515	6	44	5	0	500	50	0	500	500	0	0	0	0	
3.9497333797e+02	515	6	45	4	0	500	50	0	500	500	0	0	0	0	
3.9546124390e+02	513	9	43	6	0	500	50	0	500	500	0	0	0	0	
3.9599439799e+02	513	10	43	7	0	500	50	0	500	500	0	0	0	0	
3.9649370350e+02	514	10	42	8	0	500	50	0	500	500	0	0	0	0	
3.9693489429e+02	514	11	43	8	0	500	50	0	500	500	0	0	0	0	
3.9749319898e+02	516	11	47	4	0	500	50	0	500	500	0	0	0	0	
3.9799965254e+02	519	8	47	5	0	500	50	0	500	500	0	0	0	0	
3.9834969411e+02	520	7	48	4	0	500	50	0	500	500	0	0	0	0	
3.9894396658e+02	518	6	45	8	0	500	50	0	500	500	0	0	0	0	
3.9946228713e+02	516	9	40	13	0	500	50	0	500	500	0	0	0	0	
3.9999327377e+02	518	7	40	12	0	500	50	0	500	500	0	0	0	0	
4.0046934173e+02	517	10	43	10	0	500	50	0	500	500	0	0	0	0	
4.0094956422e+02	518	9	48	5	0	500	50	0	500	500	0	0	0	0	
4.0149996482e+02	517	12	45	9	0	500	50	0	500	500	0	0	0	0	
4.0198994615e+02	519	10	43	11	0	500	50	0	500	500	0	0	0	0	
4.0248789696e+02	520	11	41	13	0	500	50	0	500	500	0	0	0	0	
4.0299374809e+02	521	11	46	8	0	500	50	0	500	500	0	0	0	0	
4.0349627323e+02	518	13	47	8	0	500	50	0	500	500	0	0	0	0	
4.0396600391e+02	518	13	45	10	0	500	50	0	500	500	0	0	0	0	
4.0448430599e+02	520	12	45	9	0	500	50	0	500	500	0	0	0	0	
4.0499413346e+02	522	10	46	8	0	500	50	0	500	500	0	0	0	0	
4.0546783245e+02	523	11	48	7	0	500	50	0	500	500	0	0	0	0	
4.0599999733e+02	521	14	44	11	0	500	50	0	500	500	0	0	0	0	
4.0647983566e+02	522	14	43	11	0	500	50	0	500	500	0	0	0	0	
4.0697520589e+02	521	14	40	14	0	500	50	0	500	500	0	0	0	0	
4.0740556321e+02	521	16	38	17	0	500	50	0	500	500	0	0	0	0	
4.0798407679e+02	522	15	46	9	0	500	50	0	500	500	0	0	0	0	
4.0848484568e+02	525	14	46	8	0	500	50	0	500	500	0	0	0	0	
4.0898619927e+02	525	15	48	6	0	500	50	0	500	500	0	0	0	0	
4.0948302488e+02	529	12	46	7	0	500	50	0	500	500	0	0	0	0	
4.0995049358e+02	529	12	46	8	0	500	50	0	500	500	0	0	0	0	
4.1049543675e+02	531	10	49	4	0	500	50	0	500	500	0	0	0	0	
4.1099385741e+02	533	8	49	4	0	500	50	0	500	500	0	0	0	0	
4.1149178324e+02	532	10	47	6	0	500	50	0	500	500	0	0	0	0	
4.1195726407e+02	533	9	45	7	0	500	50	0	500	500	0	0	0	0	
4.1246161919e+02	531	10	42	10	0	500	50	0	500	500	0	0	0	0	
4.1299945485e+02	531	9	45	7	0	500	50	0	500	500	0	0	0	0	
4.1346813230e+02	535	8	39	12	0	500	50	0	500	500	0	0	0	0	
4.1396808848e+02	532	11	45	9	0	500	50	0	500	500	0	0	0	0	
4.1449492915e+02	530	14	40	14	0	500	50	0	500	500	0	0	0	0	
4.1496506168e+02	529	15	46	8	0	500	50	0	500	500	0	0	0	0	
4.1548393805e+02	530	17	43	11	0	500	50	0	500	500	0	0	0	0	
4.1598152443e+02	533	12	46	8	0	500	50	0	500	500	0	0	0	0	
4.1649701800e+02	535	11	45	7	0	500	50	0	500	500	0	0	0	0	
4.1698511805e+02	534	11	46	6	0	500	50	0	500	500	0	0	0	0	
4.1749036751e+02	533	12	42	10	0	500	50	0	500	500	0	0	0	0	
4.1799594012e+02	537	10	43	9	0	500	50	0	500	500	0	0	0	0	
4.1849185463e+02	535	9	44	8	0	500	50	0	500	500	0	0	0	0	
4.1885417094e+02	535	8	47	5	0	500	50	0	500	500	0	0	0	0	
4.1942451328e+02	535	7	42	9	0	500	50	0	500	500	0	0	0	0	
4.1998894343e+02	533	9	44	7	0	500	50	0	500	500	0	0	0	0	
4.2047668497e+02	534	9	42	9	0	500	50	0	500	500	0	0	0	0	
4.2099663710e+02	532	14	44	7	0	500	50	0	500	500	0	0	0	0	
4.2147626674e+02	528	19	39	12	0	500	50	0	500	500	0	0	0	0	
4.2198831301e+02	531	15	39	12	0	500	50	0	500	500	0	0	0	0	
4.2249472935e+02	532	14	39	12	0	500	50	0	500	500	0	0	0	0	
4.2297055892e+02	531	14	45	6	0	500	50	0	500	500	0	0	0	0	
4.2349208554e+02	532	12	41	10	0	500	50	0	500	500	0	0	0	0	
4.2398444405e+02	532	10	46	5	0	500	50	0	500	500	0	0	0	0	
4.2446744232e+02	532	11	41	10	0	500	50	0	500	500	0	0	0	0	
4.2497551089e+02	533	12	42	9	0	500	50	0	500	500	0	0	0	0	
4.2548720575e+02	533	13	39	11	0	500	50	0	500	500	0	0	0	0	
4.2599493885e+02	536	10	39	11	0	500	50	0	500	500	0	0	0	0	
4.2647386416e+02	534	11	39	10	0	500	50	0	500	500	0	0	0	0	
4.2695169835e+02	537	9	42	7	0	500	50	0	500	500	0	0	0	0	
4.2749480734e+02	538	10	42	6	0	500	50	0	500	500	0	0	0	0	
4.2795415948e+02	538	12	43	5	0	500	50	0	500	500	0	0	0	0	
4.2847740740e+02	542	9	42	6	0	500	50	0	500	500	0	0	0	0	
4.2896161794e+02	539	12	41	7	0	500	50	0	500	500	0	0	0	0	
4.2949597040e+02	538	14	39	10	0	500	50	0	500	500	0	0	0	0	
4.2997559253e+02	539	11	39	10	0	500	50	0	500	500	0	0	0	0	
4.3043199236e+02	538	11	34	15	0	500	50	0	500	500	0	0	0	0	
4.3097094147e+02	537	14	41	8	0	500	50	0	500	500	0	0	0	0	
4.3148956735e+02	539	12	43	8	0	500	50	0	500	500	0	0	0	0	
4.3199926054e+02	544	7	39	12	0	500	50	0	500	500	0	0	0	0	
4.3249758428e+02	543	10	43	7	0	500	50	0	500	500	0	0	0	0	
4.3299533964e+02	545	9	45	5	0	500	50	0	500	500	0	0	0	0	
4.3341210160e+02	546	8	46	3	0	500	50	0	500	500	0	0	0	0	
4.3398944072e+02	546	7	44	5	0	500	50	0	500	500	0	0	0	0	
4.3449015810e+02	546	7	42	7	0	500	50	0	500	500	0	0	0	0	
4.3499465358e+02	544	8	42	8	0	500	50	0	500	500	0	0	0	0	
4.3545532926e+02	543	9	44	6	0	500	50	0	500	500	0	0	0	0	
4.3597518075e+02	544	8	43	7	0	500	50	0	500	500	0	0	0	0	
4.3648419902e+02	542	10	42	9	0	500	50	0	500	500	0	0	0	0	
4.3699881504e+02	543	10	40	11	0	500	50	0	500	500	0	0	0	0	
4.3749175494e+02	544	10	32	19	0	500	50	0	500	500	0	0	0	0	
4.3798418543e+02	551	4	38	13	0	500	50	0	500	500	0	0	0	0	
4.3848033057e+02	553	5	41	11	0	500	50	0	500	500	0	0	0	0	
4.3899820746e+02	553	5	46	4	0	500	50	0	500	500	0	0	0	0	
4.3946672026e+02	553	5	43	7	0	500	50	0	500	500	0	0	0	0	
4.3995375352e+02	552	7	42	8	0	500	50	0	500	500	0	0	0	0	
4.4047414453e+02	552	12	44	6	0	500	50	0	500	500	0	0	0	0	
4.4093933322e+02	552	15	42	8	0	500	50	0	500	500	0	0	0	0	
4.4149680269e+02	551	18	39	11	0	500	50	0	500	500	0	0	0	0	
4.4195665769e+02	551	19	38	11	0	500	50	0	500	500	0	0	0	0	
4.4248702470e+02	551	18	40	8	0	500	50	0	500	500	0	0	0	0	
4.4296119462e+02	553	18	40	8	0	500	50	0	500	500	0	0	0	0	
4.4345616539e+02	554	18	40	8	0	500	50	0	500	500	0	0	0	0	
4.4398994700e+02	554	18	34	14	0	500	50	0	500	500	0	0	0	0	
4.4449783297e+02	555	15	37	11	0	500	50	0	500	500	0	0	0	0	
4.4499549935e+02	556	14	36	12	0	500	50	0	500	500	0	0	0	0	
4.4546561890e+02	557	15	36	13	0	500	50	0	500	500	0	0	0	0	
4.4599337465e+02	558	15	34	15	0	500	50	0	500	500	0	0	0	0	
4.4647704882e+02	562	11	31	17	0	500	50	0	500	500	0	0	0	0	
4.4699812600e+02	562	12	34	13	0	500	50	0	500	500	0	0	0	0	
4.4749974518e+02	561	14	42	5	0	500	50	0	500	500	0	0	0	0	
4.4799349390e+02	562	13	41	5	0	500	50	0	500	500	0	0	0	0	
4.4848954635e+02	563	12	36	10	0	500	50	0	500	500	0	0	0	0	
4.4898328629e+02	564	14	41	5	0	500	50	0	500	500	0	0	0	0	
4.4948282607e+02	566	13	43	4	0	500	50	0	500	500	0	0	0	0	
4.4999512026e+02	568	10	42	5	0	500	50	0	500	500	0	0	0	0	
4.5043013847e+02	570	11	40	7	0	500	50	0	500	500	0	0	0	0	
4.5099330966e+02	571	10	41	7	0	500	50	0	500	500	0	0	0	0	
4.5138519694e+02	572	8	41	7	0	500	50	0	500	500	0	0	0	0	
4.5193001838e+02	575	6	39	9	0	500	50	0	500	500	0	0	0	0	
4.5247591426e+02	570	9	38	10	0	500	50	0	500	500	0	0	0	0	
4.5296449698e+02	570	10	40	8	0	500	50	0	500	500	0	0	0	0	
4.5348806493e+02	569	11	36	12	0	500	50	0	500	500	0	0	0	0	
4.5399754272e+02	570	14	37	10	0	500	50	0	500	500	0	0	0	0	
4.5449357214e+02	571	12	36	11	0	500	50	0	500	500	0	0	0	0	
4.5495461493e+02	572	11	37	12	0	500	50	0	500	500	0	0	0	0	
4.5549370704e+02	572	10	40	9	0	500	50	0	500	500	0	0	0	0	
4.5597994102e+02	570	11	34	14	0	500	50	0	500	500	0	0	0	0	
4.5649483376e+02	570	14	30	16	0	500	50	0	500	500	0	0	0	0	
4.5697333976e+02	572	13	34	12	0	500	50	0	500	500	0	0	0	0	
4.5749236768e+02	574	16	33	13	0	500	50	0	500	500	0	0	0	0	
4.5798201516e+02	577	14	34	11	0	500	50	0	500	500	0	0	0	0	
4.5846863603e+02	577	13	38	8	0	500	50	0	500	500	0	0	0	0	
4.5892296832e+02	579	12	36	10	0	500	50	0	500	500	0	0	0	0	
4.5949898475e+02	581	10	36	10	0	500	50	0	500	500	0	0	0	0	
4.5998771626e+02	581	12	34	12	0	500	50	0	500	500	0	0	0	0	
4.6045948494e+02	583	11	40	7	0	500	50	0	500	500	0	0	0	0	
4.6092000288e+02	585	7	37	9	0	500	50	0	500	500	0	0	0	0	
4.6147827320e+02	584	7	40	6	0	500	50	0	500	500	0	0	0	0	
4.6198261014e+02	585	7	40	6	0	500	50	0	500	500	0	0	0	0	
4.6245625711e+02	588	7	37	9	0	500	50	0	500	500	0	0	0	0	
4.6299898181e+02	587	9	38	8	0	500	50	0	500	500	0	0	0	0	
4.6343695728e+02	585	11	41	5	0	500	50	0	500	500	0	0	0	0	
4.6399671325e+02	589	8	38	8	0	500	50	0	500	500	0	0	0	0	
4.6449357285e+02	590	9	42	4	0	500	50	0	500	500	0	0	0	0	
4.6499894625e+02	592	9	41	5	0	500	50	0	500	500	0	0	0	0	
4.6549746280e+02	593	7	36	10	0	500	50	0	500	500	0	0	0	0	
4.6599140522e+02	594	8	37	9	0	500	50	0	500	500	0	0	0	0	
4.6648863965e+02	594	10	41	6	0	500	50	0	500	500	0	0	0	0	
4.6697421539e+02	595	9	38	9	0	500	50	0	500	500	0	0	0	0	
4.6744000564e+02	596	7	42	5	0	500	50	0	500	500	0	0	0	0	
4.6798428041e+02	593	9	39	10	0	500	50	0	500	500	0	0	0	0	
4.6848507683e+02	592	10	42	8	0	500	50	0	500	500	0	0	0	0	
4.6897506213e+02	593	7	46	5	0	500	50	0	500	500	0	0	0	0	
4.6948812939e+02	592	8	44	7	0	500	50	0	500	500	0	0	0	0	
4.6995864089e+02	592	7	42	9	0	500	50	0	500	500	0	0	0	0	
4.7039594572e+02	593	8	41	9	0	500	50	0	500	500	0	0	0	0	
4.7092398027e+02	594	8	41	10	0	500	50	0	500	500	0	0	0	0	
4.7148088408e+02	592	10	41	10	0	500	50	0	500	500	0	0	0	0	
4.7199578901e+02	590	12	44	7	0	500	50	0	500	500	0	0	0	0	
4.7249307367e+02	596	7	42	7	0	500	50	0	500	500	0	0	0	0	
4.7299831712e+02	599	5	42	9	0	500	50	0	500	500	0	0	0	0	
4.7347159532e+02	599	4	48	4	0	500	50	0	500	500	0	0	0	0	
4.7399850547e+02	597	9	48	5	0	500	50	0	500	500	0	0	0	0	
4.7447432261e+02	597	11	45	8	0	500	50	0	500	500	0	0	0	0	
4.7499364036e+02	601	9	48	6	0	500	50	0	500	500	0	0	0	0	
4.7541661797e+02	600	10	45	10	0	500	50	0	500	500	0	0	0	0	
4.7599674459e+02	598	11	44	12	0	500	50	0	500	500	0	0	0	0	
4.7649314652e+02	600	10	49	8	0	500	50	0	500	500	0	0	0	0	
4.7699673722e+02	601	9	50	7	0	500	50	0	500	500	0	0	0	0	
4.7749077957e+02	600	9	54	3	0	500	50	0	500	500	0	0	0	0	
4.7798497236e+02	601	8	45	11	0	500	50	0	500	500	0	0	0	0	
4.7847907193e+02	599	9	48	8	0	500	50	0	500	500	0	0	0	0	
4.7897916158e+02	601	6	50	6	0	500	50	0	500	500	0	0	0	0	
4.7947430276e+02	601	5	52	5	0	500	50	0	500	500	0	0	0	0	
4.7998996173e+02	600	5	47	10	0	500	50	0	500	500	0	0	0	0	
4.8048418826e+02	597	7	50	7	0	500	50	0	500	500	0	0	0	0	
4.8095744114e+02	600	6	49	8	0	500	50	0	500	500	0	0	0	0	
4.8145937126e+02	599	6	52	5	0	500	50	0	500	500	0	0	0	0	
4.8199847024e+02	600	6	48	10	0	500	50	0	500	500	0	0	0	0	
4.8246342266e+02	603	4	49	9	0	500	50	0	500	500	0	0	0	0	
4.8296883420e+02	601	4	52	7	0	500	50	0	500	500	0	0	0	0	
4.8348974214e+02	600	8	52	7	0	500	50	0	500	500	0	0	0	0	
4.8399958160e+02	599	10	53	6	0	500	50	0	500	500	0	0	0	0	
4.8448374678e+02	601	8	51	8	0	500	50	0	500	500	0	0	0	0	
4.8489143782e+02	605	6	55	5	0	500	50	0	500	500	0	0	0	0	
4.8542877186e+02	605	6	51	9	0	500	50	0	500	500	0	0	0	0	
4.8599859753e+02	605	8	52	8	0	500	50	0	500	500	0	0	0	0	
4.8648467605e+02	608	8	52	7	0	500	50	0	500	500	0	0	0	0	
4.8699314003e+02	610	6	52	7	0	500	50	0	500	500	0	0	0	0	
4.8748781444e+02	610	9	51	10	0	500	50	0	500	500	0	0	0	0	
4.8790907408e+02	609	10	52	9	0	500	50	0	500	500	0	0	0	0	
4.8848392846e+02	609	11	56	7	0	500	50	0	500	500	0	0	0	0	
4.8895491876e+02	608	13	52	12	0	500	50	0	500	500	0	0	0	0	
4.8948887738e+02	610	12	55	9	0	500	50	0	500	500	0	0	0	0	
4.8993546468e+02	616	6	51	13	0	500	50	0	500	500	0	0	0	0	
4.9045957922e+02	616	6	57	6	0	500	50	0	500	500	0	0	0	0	
4.9093186672e+02	615	9	58	5	0	500	50	0	500	500	0	0	0	0	
4.9143085531e+02	615	10	52	11	0	500	50	0	500	500	0	0	0	0	
4.9194539489e+02	615	9	55	9	0	500	50	0	500	500	0	0	0	0	
4.9242630838e+02	616	8	59	5	0	500	50	0	500	500	0	0	0	0	
4.9298522304e+02	616	9	60	4	0	500	50	0	500	500	0	0	0	0	
4.9349619281e+02	617	9	60	5	0	500	50	0	500	500	0	0	0	0	
4.9399861496e+02	619	7	58	8	0	500	50	0	500	500	0	0	0	0	
4.9449976319e+02	620	9	55	11	0	500	50	0	500	500	0	0	0	0	
4.9497557800e+02	621	8	60	7	0	500	50	0	500	500	0	0	0	0	
4.9549252076e+02	621	9	58	9	0	500	50	0	500	500	0	0	0	0	
4.9599506935e+02	622	9	62	4	0	500	50	0	500	500	0	0	0	0	
4.9646481400e+02	621	10	64	3	0	500	50	0	500	500	0	0	0	0	
4.9696311557e+02	620	9	63	4	0	500	50	0	500	500	0	0	0	0	
4.9748466070e+02	622	7	61	6	0	500	50	0	500	500	0	0	0	0	
4.9794585622e+02	623	7	62	5	0	500	50	0	500	500	0	0	0	0	
4.9847130016e+02	622	9	56	11	0	500	50	0	500	500	0	0	0	0	
4.9899924951e+02	624	8	53	14	0	500	50	0	500	500	0	0	0	0	
4.9949463829e+02	624	8	55	12	0	500	50	0	500	500	0	0	0	0	
4.9998987964e+02	626	7	55	10	0	500	50	0	500	500	0	0	0	0	
5.0000567169e+02	626	7	54	11	0	500	50	0	500	500	0	0	0	0	
