0.0000000000e+00	0	0	500	0	0	0	0	50	500	500	0	500	500	0	
4.9856080310e-01	0	2	500	0	1	7	0	50	500	500	0	500	500	0	
9.9972937983e-01	0	3	500	0	1	8	0	50	500	500	0	500	500	0	
1.4912718210e+00	0	4	492	8	3	6	0	50	500	500	0	500	500	0	
1.9964566758e+00	0	5	494	6	1	7	0	50	500	500	0	500	500	0	
2.4949073878e+00	0	5	496	4	1	6	0	50	500	500	0	500	500	0	
2.9979625297e+00	0	7	497	3	2	6	0	50	500	500	0	500	500	0	
3.4845539067e+00	0	8	495	5	1	6	0	50	500	500	0	500	500	0	
3.9780706847e+00	0	9	495	5	2	8	0	50	500	500	0	500	500	0	
4.4936994985e+00	0	9	490	10	2	7	0	50	500	500	0	500	500	0	
4.9912160693e+00	0	11	485	15	1	5	0	50	500	500	0	500	500	0	
5.4935676753e+00	0	12	486	14	3	9	0	50	500	500	0	500	500	0	
5.9986726791e+00	0	15	488	12	1	10	0	50	500	500	0	500	500	0	
6.4841377688e+00	0	16	485	15	4	5	0	50	500	500	0	500	500	0	
6.9952675466e+00	0	17	479	21	0	6	0	50	500	500	0	500	500	0	
7.4992318698e+00	0	17	474	26	2	3	0	50	500	500	0	500	500	0	
7.9924939308e+00	0	16	471	29	2	5	0	50	500	500	0	500	500	0	
8.4931002683e+00	0	16	474	26	1	8	0	50	500	500	0	500	500	0	
8.9988313381e+00	0	17	477	23	3	10	0	50	500	500	0	500	500	0	
9.4967274366e+00	0	20	484	16	6	7	0	50	500	500	0	500	500	0	
9.9890081267e+00	0	22	479	21	3	8	0	50	500	500	0	500	500	0	
1.0499405107e+01	2	22	476	24	3	7	0	50	500	500	0	500	500	0	
1.0978072172e+01	2	23	473	27	3	3	0	50	500	500	0	500	500	0	
1.1497747728e+01	2	24	471	29	2	6	0	50	500	500	0	500	500	0	
1.1993397735e+01	3	23	462	38	3	7	0	50	500	500	0	500	500	0	
1.2497824123e+01	3	25	460	40	0	8	0	50	500	500	0	500	500	0	
1.2994822791e+01	3	28	460	40	2	9	0	50	500	500	0	500	500	0	
1.3497923523e+01	2	30	452	48	1	11	0	50	500	500	0	500	500	0	
1.3996844777e+01	2	32	455	45	2	15	0	50	500	500	0	500	500	0	
1.4499547094e+01	2	33	455	45	2	13	0	50	500	500	0	500	500	0	
1.4994113105e+01	2	35	438	62	2	10	0	50	500	500	0	500	500	0	
1.5496889868e+01	2	35	412	88	3	14	0	50	500	500	0	500	500	0	
1.5990969840e+01	2	35	411	89	1	11	0	50	500	500	0	500	500	0	
1.6490245382e+01	3	38	410	90	3	11	0	50	500	500	0	500	500	0	
1.6998053053e+01	3	39	404	96	0	8	0	50	500	500	0	500	500	0	
1.7492047770e+01	3	40	404	96	3	4	0	50	500	500	0	500	500	0	
1.7994962398e+01	3	46	395	105	2	4	0	50	500	500	0	500	500	0	
1.8499103258e+01	3	46	392	108	0	5	0	50	500	500	0	500	500	0	
1.8997048936e+01	3	46	386	114	3	2	0	50	500	500	0	500	500	0	
1.9499560994e+01	4	45	375	125	5	8	0	50	500	500	0	500	500	0	
1.9999088239e+01	5	45	364	136	4	8	0	50	500	500	0	500	500	0	
2.0498817675e+01	5	47	355	145	3	7	0	50	500	500	0	500	500	0	
2.0995241238e+01	4	50	344	156	3	5	0	50	500	500	0	500	500	0	
2.1499560022e+01	4	52	338	162	3	7	0	50	500	500	0	500	500	0	
2.1998223578e+01	4	52	335	165	3	5	0	50	500	500	0	500	500	0	
2.2499157335e+01	3	53	326	174	2	9	0	50	500	500	0	500	500	0	
2.2998833297e+01	3	54	326	174	2	6	0	50	500	500	0	500	500	0	
2.3489762902e+01	3	54	305	195	1	7	0	50	500	500	0	500	500	0	
2.3996213183e+01	4	53	296	204	3	8	0	50	500	500	0	500	500	0	
2.4499221669e+01	4	54	294	206	2	4	0	50	500	500	0	500	500	0	
2.4995543777e+01	2	57	291	209	0	8	0	50	500	500	0	500	500	0	
2.5499207631e+01	2	58	287	213	3	9	0	50	500	500	0	500	500	0	
2.5994726801e+01	3	58	272	228	0	8	0	50	500	500	0	500	500	0	
2.6496771904e+01	3	60	281	219	5	8	0	50	500	500	0	500	500	0	
2.6999721650e+01	4	60	272	228	2	8	0	50	500	500	0	500	500	0	
2.7499473921e+01	5	63	263	237	1	6	0	50	500	500	0	500	500	0	
2.7990710631e+01	5	66	256	244	3	4	0	50	500	500	0	500	500	0	
2.8498880586e+01	5	66	253	247	1	5	0	50	500	500	0	500	500	0	
2.8993719633e+01	5	66	237	263	2	4	0	50	500	500	0	500	500	0	
2.9499352066e+01	5	69	213	287	1	8	0	50	500	500	0	500	500	0	
2.9996669291e+01	3	70	194	306	1	11	0	50	500	500	0	500	500	0	
3.0494358174e+01	2	72	183	317	3	6	0	50	500	500	0	500	500	0	
3.0997924176e+01	2	72	183	317	5	7	0	50	500	500	0	500	500	0	
3.1499549391e+01	2	72	172	328	2	11	0	50	500	500	0	500	500	0	
3.1994232830e+01	3	73	145	355	6	6	0	50	500	500	0	500	500	0	
3.2494404095e+01	3	73	134	366	3	4	0	50	500	500	0	500	500	0	
3.2998128839e+01	3	77	124	376	4	4	0	50	500	500	0	500	500	0	
3.3497420543e+01	2	79	113	387	2	10	0	50	500	500	0	500	500	0	
3.3998853778e+01	3	80	95	405	3	6	0	50	500	500	0	500	500	0	
3.4498379721e+01	5	80	92	408	0	9	0	50	500	500	0	500	500	0	
3.4997521858e+01	4	83	77	423	5	3	0	50	500	500	0	500	500	0	
3.5493578043e+01	4	83	69	431	0	11	0	50	500	500	0	500	500	0	
3.5996412311e+01	3	85	65	435	2	6	0	50	500	500	0	500	500	0	
3.6498969498e+01	4	87	69	431	1	11	0	50	500	500	0	500	500	0	
3.6996119813e+01	7	84	71	429	5	10	0	50	500	500	0	500	500	0	
3.7496409562e+01	6	86	76	424	2	9	0	50	500	500	0	500	500	0	
3.7994892989e+01	2	90	66	434	1	14	0	50	500	500	0	500	500	0	
3.8491086833e+01	3	92	68	432	5	8	0	50	500	500	0	500	500	0	
3.8998674990e+01	4	91	49	451	2	10	0	50	500	500	0	500	500	0	
3.9499119907e+01	3	93	41	459	3	3	0	50	500	500	0	500	500	0	
3.9997322640e+01	2	95	51	449	2	7	0	50	500	500	0	500	500	0	
4.0495516776e+01	3	96	50	450	0	8	0	50	500	500	0	500	500	0	
4.0995545242e+01	3	96	54	446	3	12	0	50	500	500	0	500	500	0	
4.1492347478e+01	2	98	47	453	2	4	0	50	500	500	0	500	500	0	
4.1991362030e+01	2	99	43	457	0	8	0	50	500	500	0	500	500	0	
4.2494087091e+01	0	102	54	446	5	10	0	50	500	500	0	500	500	0	
4.2997615165e+01	2	101	62	438	2	8	0	50	500	500	0	500	500	0	
4.3499895232e+01	3	101	54	446	3	9	0	50	500	500	0	500	500	0	
4.3992713448e+01	2	104	40	460	4	5	0	50	500	500	0	500	500	0	
4.4490280045e+01	4	103	51	449	1	10	0	50	500	500	0	500	500	0	
4.4995716077e+01	3	104	35	465	3	7	0	50	500	500	0	500	500	0	
4.5499518541e+01	4	103	33	467	0	11	0	50	500	500	0	500	500	0	
4.5998590431e+01	4	103	28	472	4	5	0	50	500	500	0	500	500	0	
4.6496782540e+01	1	106	37	463	1	6	0	50	500	500	0	500	500	0	
4.6998685137e+01	1	107	43	457	1	9	0	50	500	500	0	500	500	0	
4.7498433882e+01	1	107	51	449	4	8	0	50	500	500	0	500	500	0	
4.7997917947e+01	1	108	49	451	1	8	0	50	500	500	0	500	500	0	
4.8495843860e+01	2	108	43	457	3	5	0	50	500	500	0	500	500	0	
4.8995687166e+01	1	109	52	448	2	12	0	50	500	500	0	500	500	0	
4.9499288117e+01	1	109	43	457	3	10	0	50	500	500	0	500	500	0	
4.9999505023e+01	1	112	34	466	3	7	0	50	500	500	0	500	500	0	
5.0495064777e+01	2	111	39	461	1	5	0	50	500	500	0	500	500	0	
5.0996334610e+01	2	110	28	472	2	4	0	50	500	500	0	500	500	0	
5.1498933458e+01	2	110	27	473	2	6	0	50	500	500	0	500	500	0	
5.1995404820e+01	7	105	37	463	3	9	0	50	500	500	0	500	500	0	
5.2496437390e+01	5	108	40	460	1	10	0	50	500	500	0	500	500	0	
5.2999580357e+01	4	110	28	472	4	7	0	50	500	500	0	500	500	0	
5.3498766081e+01	5	109	31	469	1	8	0	50	500	500	0	500	500	0	
5.3992490826e+01	4	112	32	468	5	10	0	50	500	500	0	500	500	0	
5.4494163649e+01	6	110	37	463	4	8	0	50	500	500	0	500	500	0	
5.4998740215e+01	5	112	39	461	2	7	0	50	500	500	0	500	500	0	
5.5489191723e+01	5	111	39	461	3	8	0	50	500	500	0	500	500	0	
5.5997807457e+01	4	113	42	458	2	6	0	50	500	500	0	500	500	0	
5.6497041401e+01	3	115	25	475	2	12	0	50	500	500	0	500	500	0	
5.6996692677e+01	3	115	30	470	1	12	0	50	500	500	0	500	500	0	
5.7498758965e+01	5	114	32	468	0	8	0	50	500	500	0	500	500	0	
5.7997940005e+01	4	115	34	466	3	4	0	50	500	500	0	500	500	0	
5.8498486145e+01	4	118	37	463	1	6	0	50	500	500	0	500	500	0	
5.8996321382e+01	3	122	23	477	5	7	0	50	500	500	0	500	500	0	
5.9499774082e+01	2	125	31	469	2	13	0	50	500	500	0	500	500	0	
5.9995745498e+01	2	126	33	467	2	15	0	50	500	500	0	500	500	0	
6.0499701575e+01	3	126	22	478	1	15	0	50	500	500	0	500	500	0	
6.0995154851e+01	4	127	25	475	2	7	0	50	500	500	0	500	500	0	
6.1496541310e+01	3	128	30	470	2	11	0	50	500	500	0	500	500	0	
6.1998136275e+01	1	130	36	464	2	8	0	50	500	500	0	500	500	0	
6.2499958891e+01	2	129	28	472	3	13	0	50	500	500	0	500	500	0	
6.2998666760e+01	4	127	37	463	4	5	0	50	500	500	0	500	500	0	
6.3492581344e+01	3	129	19	481	1	10	0	50	500	500	0	500	500	0	
6.3999884996e+01	5	128	31	469	4	13	0	50	500	500	0	500	500	0	
6.4497531961e+01	6	127	34	466	7	10	0	50	500	500	0	500	500	0	
6.4999129170e+01	7	126	38	462	2	6	0	50	500	500	0	500	500	0	
6.5494548620e+01	7	128	30	470	1	7	0	50	500	500	0	500	500	0	
6.5999460149e+01	7	130	43	457	2	12	0	50	500	500	0	500	500	0	
6.6494608011e+01	6	132	28	472	2	12	0	50	500	500	0	500	500	0	
6.6999184294e+01	4	135	28	472	4	5	0	50	500	500	0	500	500	0	
6.7499213536e+01	5	136	24	476	2	6	0	50	500	500	0	500	500	0	
6.7995115834e+01	7	137	15	485	1	6	0	50	500	500	0	500	500	0	
6.8498969008e+01	2	143	18	482	1	10	0	50	500	500	0	500	500	0	
6.8992613468e+01	5	142	13	487	4	8	0	50	500	500	0	500	500	0	
6.9488852412e+01	4	144	25	475	4	9	0	50	500	500	0	500	500	0	
6.9992555384e+01	6	144	19	481	2	13	0	50	500	500	0	500	500	0	
7.0497907232e+01	4	146	23	477	4	8	0	50	500	500	0	500	500	0	
7.0994620104e+01	4	147	29	471	1	7	0	50	500	500	0	500	500	0	
7.1496602262e+01	4	148	26	474	0	10	0	50	500	500	0	500	500	0	
7.1995383436e+01	4	151	24	476	3	11	0	50	500	500	0	500	500	0	
7.2499697725e+01	6	149	20	480	1	9	0	50	500	500	0	500	500	0	
7.2998869314e+01	6	149	19	481	1	10	0	50	500	500	0	500	500	0	
7.3498673519e+01	3	152	21	479	2	5	0	50	500	500	0	500	500	0	
7.3999928484e+01	5	150	24	476	2	8	0	50	500	500	0	500	500	0	
7.4499920059e+01	6	150	28	472	4	7	0	50	500	500	0	500	500	0	
7.4989053261e+01	3	153	21	479	2	10	0	50	500	500	0	500	500	0	
7.5494215371e+01	5	152	17	483	1	11	0	50	500	500	0	500	500	0	
7.5995244781e+01	5	153	20	480	1	8	0	50	500	500	0	500	500	0	
7.6495105623e+01	6	151	16	484	5	8	0	50	500	500	0	500	500	0	
7.6997793690e+01	6	152	22	478	2	5	0	50	500	500	0	500	500	0	
7.7498930728e+01	5	153	13	487	0	10	0	50	500	500	0	500	500	0	
7.7997500034e+01	4	155	14	486	6	4	0	50	500	500	0	500	500	0	
7.8493648697e+01	4	157	24	476	1	10	0	50	500	500	0	500	500	0	
7.8993809180e+01	4	157	17	483	1	9	0	50	500	500	0	500	500	0	
7.9489611241e+01	6	156	17	483	0	8	0	50	500	500	0	500	500	0	
7.9995450413e+01	6	156	12	488	3	7	0	50	500	500	0	500	500	0	
8.0483559371e+01	7	154	18	482	1	6	0	50	500	500	0	500	500	0	
8.0996325358e+01	5	157	26	474	1	5	0	50	500	500	0	500	500	0	
8.1494134506e+01	3	160	22	478	5	6	0	50	500	500	0	500	500	0	
8.1999316096e+01	2	162	20	480	0	9	0	50	500	500	0	500	500	0	
8.2493420063e+01	4	160	28	472	4	7	0	50	500	500	0	500	500	0	
8.2997312846e+01	6	159	19	481	3	13	0	50	500	500	0	500	500	0	
8.3494321226e+01	6	159	23	477	8	11	0	50	500	500	0	500	500	0	
8.3996012951e+01	6	162	27	473	6	9	0	50	500	500	0	500	500	0	
8.4499405355e+01	9	160	17	483	1	9	0	50	500	500	0	500	500	0	
8.4996702093e+01	8	162	16	484	1	9	0	50	500	500	0	500	500	0	
8.5499101991e+01	10	159	23	477	0	7	0	50	500	500	0	500	500	0	
8.5999956167e+01	9	160	15	485	2	5	0	50	500	500	0	500	500	0	
8.6499728205e+01	8	165	17	483	3	3	0	50	500	500	0	500	500	0	
8.6984817646e+01	7	169	19	481	1	7	0	50	500	500	0	500	500	0	
8.7494883499e+01	7	169	30	470	2	5	0	50	500	500	0	500	500	0	
8.7998119496e+01	7	169	19	481	0	9	0	50	500	500	0	500	500	0	
8.8483575365e+01	5	171	14	486	2	8	0	50	500	500	0	500	500	0	
8.8999870374e+01	6	170	21	479	3	5	0	50	500	500	0	500	500	0	
8.9498268842e+01	4	175	24	476	1	7	0	50	500	500	0	500	500	0	
8.9999451009e+01	4	175	9	491	1	6	0	50	500	500	0	500	500	0	
9.0494947576e+01	2	177	18	482	2	7	0	50	500	500	0	500	500	0	
9.0989854197e+01	1	179	22	478	2	6	0	50	500	500	0	500	500	0	
9.1498281288e+01	3	177	22	478	5	11	0	50	500	500	0	500	500	0	
9.1999031425e+01	3	177	13	487	2	9	0	50	500	500	0	500	500	0	
9.2499945644e+01	4	176	19	481	0	7	0	50	500	500	0	500	500	0	
9.2999669704e+01	3	179	13	487	5	7	0	50	500	500	0	500	500	0	
9.3498933782e+01	8	174	16	484	1	9	0	50	500	500	0	500	500	0	
9.3997778807e+01	8	176	29	471	3	4	0	50	500	500	0	500	500	0	
9.4498114047e+01	8	177	22	478	2	5	0	50	500	500	0	500	500	0	
9.4999511706e+01	6	180	18	482	3	8	0	50	500	500	0	500	500	0	
9.5493281460e+01	6	181	11	489	2	11	0	50	500	500	0	500	500	0	
9.5999914606e+01	6	182	20	480	1	10	0	50	500	500	0	500	500	0	
9.6493543249e+01	3	185	13	487	1	5	0	50	500	500	0	500	500	0	
9.6999057590e+01	6	184	19	481	4	5	0	50	500	500	0	500	500	0	
9.7499626222e+01	6	186	14	486	2	5	0	50	500	500	0	500	500	0	
9.7996127976e+01	4	187	15	485	4	4	0	50	500	500	0	500	500	0	
9.8499900750e+01	4	187	16	484	3	7	0	50	500	500	0	500	500	0	
9.8999728419e+01	4	186	19	481	4	8	0	50	500	500	0	500	500	0	
9.9499112813e+01	4	188	13	487	0	13	0	50	500	500	0	500	500	0	
9.9997927596e+01	4	190	15	485	1	12	0	50	500	500	0	500	500	0	
1.0049874380e+02	4	190	18	482	7	5	0	50	500	500	0	500	500	0	
1.0099525403e+02	4	191	23	477	2	6	0	50	500	500	0	500	500	0	
1.0149707004e+02	5	190	21	479	1	13	0	50	500	500	0	500	500	0	
1.0199912307e+02	4	190	19	481	4	8	0	50	500	500	0	500	500	0	
1.0249203385e+02	5	190	14	486	2	8	0	50	500	500	0	500	500	0	
1.0299756257e+02	6	189	20	480	3	9	0	50	500	500	0	500	500	0	
1.0349839083e+02	8	188	13	487	2	11	0	50	500	500	0	500	500	0	
1.0399921959e+02	5	193	23	477	0	10	0	50	500	500	0	500	500	0	
1.0449783332e+02	5	193	23	477	2	5	0	50	500	500	0	500	500	0	
1.0499514943e+02	6	194	14	486	2	8	0	50	500	500	0	500	500	0	
1.0549951963e+02	6	194	8	492	0	14	0	50	500	500	0	500	500	0	
1.0599822196e+02	7	193	14	486	5	9	0	50	500	500	0	500	500	0	
1.0649910587e+02	5	195	10	490	3	7	0	50	500	500	0	500	500	0	
1.0699387139e+02	6	194	13	487	2	9	0	50	500	500	0	500	500	0	
1.0749580887e+02	8	193	19	481	4	8	0	50	500	500	0	500	500	0	
1.0799684379e+02	6	196	15	485	4	7	0	50	500	500	0	500	500	0	
1.0849661377e+02	9	194	16	484	4	10	0	50	500	500	0	500	500	0	
1.0899265550e+02	7	196	23	477	4	6	0	50	500	500	0	500	500	0	
1.0948764370e+02	6	200	17	483	2	6	0	50	500	500	0	500	500	0	
1.0999879432e+02	5	202	17	483	1	3	0	50	500	500	0	500	500	0	
1.1048671410e+02	5	203	19	481	1	5	0	50	500	500	0	500	500	0	
1.1099628267e+02	4	205	14	486	1	11	0	50	500	500	0	500	500	0	
1.1149973399e+02	2	206	9	491	4	9	0	50	500	500	0	500	500	0	
1.1199842692e+02	1	207	12	488	1	8	0	50	500	500	0	500	500	0	
1.1249913225e+02	1	209	21	479	4	7	0	50	500	500	0	500	500	0	
1.1299991440e+02	2	210	17	483	1	6	0	50	500	500	0	500	500	0	
1.1349975417e+02	2	210	14	486	2	5	0	50	500	500	0	500	500	0	
1.1399785081e+02	2	210	7	493	2	4	0	50	500	500	0	500	500	0	
1.1449545707e+02	5	208	15	485	1	3	0	50	500	500	0	500	500	0	
1.1499841597e+02	6	210	9	491	2	4	0	50	500	500	0	500	500	0	
1.1549911574e+02	5	211	9	491	1	5	0	50	500	500	0	500	500	0	
1.1599834134e+02	3	213	10	490	1	5	0	50	500	500	0	500	500	0	
1.1649688280e+02	4	214	16	484	1	9	0	50	500	500	0	500	500	0	
1.1699835726e+02	4	215	14	486	2	8	0	50	500	500	0	500	500	0	
1.1749903556e+02	4	218	16	484	2	7	0	50	500	500	0	500	500	0	
1.1799500867e+02	4	217	14	486	2	8	0	50	500	500	0	500	500	0	
1.1849474555e+02	4	220	11	489	0	7	0	50	500	500	0	500	500	0	
1.1899912505e+02	4	222	7	493	3	5	0	50	500	500	0	500	500	0	
1.1949547141e+02	4	221	16	484	4	5	0	50	500	500	0	500	500	0	
1.1999889960e+02	4	220	12	488	1	10	0	50	500	500	0	500	500	0	
1.2049517235e+02	6	220	16	484	2	9	0	50	500	500	0	500	500	0	
1.2099983379e+02	4	223	8	492	2	8	0	50	500	500	0	500	500	0	
1.2149913668e+02	2	226	10	490	3	8	0	50	500	500	0	500	500	0	
1.2199458779e+02	3	226	7	493	1	6	0	50	500	500	0	500	500	0	
1.2249739037e+02	4	223	12	488	2	14	0	50	500	500	0	500	500	0	
1.2299361792e+02	8	220	13	487	5	12	0	50	500	500	0	500	500	0	
1.2349925325e+02	7	222	8	492	1	6	0	50	500	500	0	500	500	0	
1.2399897987e+02	6	224	9	491	5	4	0	50	500	500	0	500	500	0	
1.2449524240e+02	6	224	22	478	4	8	0	50	500	500	0	500	500	0	
1.2499753035e+02	7	224	17	483	2	11	0	50	500	500	0	500	500	0	
1.2548842314e+02	10	221	11	489	4	11	0	50	500	500	0	500	500	0	
1.2599521950e+02	9	224	13	487	2	8	0	50	500	500	0	500	500	0	
1.2649577272e+02	11	223	16	484	3	4	0	50	500	500	0	500	500	0	
1.2699578331e+02	10	225	8	492	0	8	0	50	500	500	0	500	500	0	
1.2749888399e+02	9	226	14	486	2	6	0	50	500	500	0	500	500	0	
1.2799757973e+02	11	224	15	485	1	7	0	50	500	500	0	500	500	0	
1.2849986597e+02	10	226	22	478	3	9	0	50	500	500	0	500	500	0	
1.2899714747e+02	9	229	21	479	1	12	0	50	500	500	0	500	500	0	
1.2949516498e+02	7	232	14	486	3	8	0	50	500	500	0	500	500	0	
1.2998823247e+02	6	235	18	482	3	2	0	50	500	500	0	500	500	0	
1.3049743821e+02	6	234	16	484	1	10	0	50	500	500	0	500	500	0	
1.3099855661e+02	6	235	20	480	2	3	0	50	500	500	0	500	500	0	
1.3149935171e+02	6	235	11	489	1	6	0	50	500	500	0	500	500	0	
1.3199682219e+02	6	236	10	490	2	5	0	50	500	500	0	500	500	0	
1.3249767146e+02	4	242	14	486	2	9	0	50	500	500	0	500	500	0	
1.3299972278e+02	4	242	17	483	4	12	0	50	500	500	0	500	500	0	
1.3349437351e+02	3	245	5	495	3	8	0	50	500	500	0	500	500	0	
1.3399996712e+02	5	243	7	493	2	5	0	50	500	500	0	500	500	0	
1.3449596955e+02	5	244	11	489	0	8	0	50	500	500	0	500	500	0	
1.3499789828e+02	4	246	12	488	0	5	0	50	500	500	0	500	500	0	
1.3549989954e+02	3	248	9	491	3	8	0	50	500	500	0	500	500	0	
1.3599798862e+02	5	247	11	489	5	5	0	50	500	500	0	500	500	0	
1.3649845272e+02	6	247	6	494	4	10	0	50	500	500	0	500	500	0	
1.3699912138e+02	4	251	18	482	1	10	0	50	500	500	0	500	500	0	
1.3749793283e+02	4	250	11	489	5	12	0	50	500	500	0	500	500	0	
1.3799801780e+02	7	248	11	489	4	5	0	50	500	500	0	500	500	0	
1.3849868003e+02	6	250	9	491	2	2	0	50	500	500	0	500	500	0	
1.3899470818e+02	4	254	17	483	7	9	0	50	500	500	0	500	500	0	
1.3949836238e+02	5	253	17	483	7	7	0	50	500	500	0	500	500	0	
1.3999827065e+02	7	252	10	490	3	10	0	50	500	500	0	500	500	0	
1.4049569000e+02	6	253	11	489	1	14	0	50	500	500	0	500	500	0	
1.4099884764e+02	9	250	9	491	2	7	0	50	500	500	0	500	500	0	
1.4149739258e+02	9	252	17	483	3	6	0	50	500	500	0	500	500	0	
1.4199962918e+02	9	252	6	494	7	13	0	50	500	500	0	500	500	0	
1.4249784435e+02	11	250	14	486	4	11	0	50	500	500	0	500	500	0	
1.4299915999e+02	10	252	8	492	4	10	0	50	500	500	0	500	500	0	
1.4349518779e+02	12	252	14	486	1	7	0	50	500	500	0	500	500	0	
1.4399760069e+02	6	260	10	490	1	7	0	50	500	500	0	500	500	0	
1.4449923580e+02	6	260	7	493	3	3	0	50	500	500	0	500	500	0	
1.4499866686e+02	6	261	14	486	2	7	0	50	500	500	0	500	500	0	
1.4549689093e+02	7	258	8	492	2	7	0	50	500	500	0	500	500	0	
1.4599967958e+02	4	261	11	489	5	7	0	50	500	500	0	500	500	0	
1.4649195168e+02	5	259	16	484	2	8	0	50	500	500	0	500	500	0	
1.4699950748e+02	4	261	15	485	4	9	0	50	500	500	0	500	500	0	
1.4749898779e+02	7	258	8	492	3	12	0	50	500	500	0	500	500	0	
1.4799910894e+02	6	259	9	491	3	6	0	50	500	500	0	500	500	0	
1.4849593422e+02	3	262	7	493	0	5	0	50	500	500	0	500	500	0	
1.4899972612e+02	2	262	8	492	2	3	0	50	500	500	0	500	500	0	
1.4949766647e+02	3	261	6	494	4	8	0	50	500	500	0	500	500	0	
1.4999875853e+02	3	261	12	488	5	9	0	50	500	500	0	500	500	0	
1.5049864015e+02	6	258	11	489	5	9	0	50	500	500	0	500	500	0	
1.5099949249e+02	6	258	6	494	1	12	0	50	500	500	0	500	500	0	
1.5149580437e+02	6	257	13	487	0	15	0	50	500	500	0	500	500	0	
1.5199929159e+02	3	260	4	496	2	15	0	50	500	500	0	500	500	0	
1.5249671524e+02	5	257	6	494	3	11	0	50	500	500	0	500	500	0	
1.5299922974e+02	5	257	10	490	4	10	0	50	500	500	0	500	500	0	
1.5349543782e+02	4	259	16	484	2	6	0	50	500	500	0	500	500	0	
1.5399713843e+02	4	259	7	493	1	4	0	50	500	500	0	500	500	0	
1.5449810373e+02	3	260	7	493	2	5	0	50	500	500	0	500	500	0	
1.5499701509e+02	2	263	6	494	0	9	0	50	500	500	0	500	500	0	
1.5549819174e+02	2	264	16	484	0	6	0	50	500	500	0	500	500	0	
1.5598971433e+02	4	261	11	489	7	8	0	50	500	500	0	500	500	0	
1.5649418564e+02	4	262	17	483	2	7	0	50	500	500	0	500	500	0	
1.5699397092e+02	4	265	9	491	2	13	0	50	500	500	0	500	500	0	
1.5748089389e+02	6	264	9	491	5	6	0	50	500	500	0	500	500	0	
1.5799969975e+02	8	265	7	493	3	7	0	50	500	500	0	500	500	0	
1.5848246820e+02	9	265	9	491	1	7	0	50	500	500	0	500	500	0	
1.5899329659e+02	7	268	10	490	0	6	0	50	500	500	0	500	500	0	
1.5949968820e+02	7	268	4	496	0	8	0	50	500	500	0	500	500	0	
1.5999841092e+02	6	271	7	493	7	8	0	50	500	500	0	500	500	0	
1.6049617270e+02	5	272	14	486	4	8	0	50	500	500	0	500	500	0	
1.6098987954e+02	5	273	9	491	5	4	0	50	500	500	0	500	500	0	
1.6149964319e+02	5	275	10	490	3	8	0	50	500	500	0	500	500	0	
1.6199787563e+02	6	275	5	495	5	7	0	50	500	500	0	500	500	0	
1.6249660850e+02	10	272	8	492	3	7	0	50	500	500	0	500	500	0	
1.6299844297e+02	12	271	10	490	4	14	0	50	500	500	0	500	500	0	
1.6348907982e+02	11	271	7	493	3	6	0	50	500	500	0	500	500	0	
1.6399475114e+02	9	274	11	489	3	8	0	50	500	500	0	500	500	0	
1.6449911737e+02	7	275	17	483	3	6	0	50	500	500	0	500	500	0	
1.6499163526e+02	7	276	12	488	1	8	0	50	500	500	0	500	500	0	
1.6549700832e+02	5	280	14	486	3	7	0	50	500	500	0	500	500	0	
1.6599818872e+02	3	284	9	491	0	2	0	50	500	500	0	500	500	0	
1.6649796297e+02	3	285	12	488	4	13	0	50	500	500	0	500	500	0	
1.6699905541e+02	5	283	14	486	7	13	0	50	500	500	0	500	500	0	
1.6749850110e+02	6	283	9	491	5	7	0	50	500	500	0	500	500	0	
1.6799989364e+02	6	283	13	487	4	4	0	50	500	500	0	500	500	0	
1.6849736663e+02	6	283	7	493	3	6	0	50	500	500	0	500	500	0	
1.6899701909e+02	6	283	11	489	1	11	0	50	500	500	0	500	500	0	
1.6949744572e+02	4	286	15	485	3	8	0	50	500	500	0	500	500	0	
1.6999931258e+02	5	285	15	485	1	8	0	50	500	500	0	500	500	0	
1.7048416879e+02	4	286	7	493	6	9	0	50	500	500	0	500	500	0	
1.7099929872e+02	6	282	6	494	6	12	0	50	500	500	0	500	500	0	
1.7149832649e+02	11	279	15	485	7	10	0	50	500	500	0	500	500	0	
1.7199884965e+02	12	280	12	488	3	8	0	50	500	500	0	500	500	0	
1.7249737362e+02	12	280	8	492	6	5	0	50	500	500	0	500	500	0	
1.7299970717e+02	10	283	14	486	4	8	0	50	500	500	0	500	500	0	
1.7349117176e+02	11	283	10	490	2	6	0	50	500	500	0	500	500	0	
1.7399961413e+02	12	282	14	486	0	10	0	50	500	500	0	500	500	0	
1.7449896272e+02	10	285	10	490	3	9	0	50	500	500	0	500	500	0	
1.7499813756e+02	9	287	10	490	4	6	0	50	500	500	0	500	500	0	
1.7549961696e+02	10	286	14	486	3	7	0	50	500	500	0	500	500	0	
1.7598190682e+02	9	287	4	496	3	5	0	50	500	500	0	500	500	0	
1.7649994676e+02	6	290	21	479	1	9	0	50	500	500	0	500	500	0	
1.7699962932e+02	8	287	12	488	2	6	0	50	500	500	0	500	500	0	
1.7749973629e+02	9	289	10	490	2	10	0	50	500	500	0	500	500	0	
1.7799664470e+02	8	290	7	493	1	14	0	50	500	500	0	500	500	0	
1.7849903284e+02	8	291	7	493	4	11	0	50	500	500	0	500	500	0	
1.7899856475e+02	5	294	10	490	2	8	0	50	500	500	0	500	500	0	
1.7949756150e+02	6	293	9	491	1	9	0	50	500	500	0	500	500	0	
1.7999933441e+02	6	298	14	486	3	8	0	50	500	500	0	500	500	0	
1.8049993294e+02	6	300	14	486	1	5	0	50	500	500	0	500	500	0	
1.8099946807e+02	5	302	10	490	0	5	0	50	500	500	0	500	500	0	
1.8149697428e+02	4	303	6	494	0	6	0	50	500	500	0	500	500	0	
1.8199284329e+02	2	308	5	495	0	12	0	50	500	500	0	500	500	0	
1.8249562737e+02	6	303	13	487	4	4	0	50	500	500	0	500	500	0	
1.8299592378e+02	6	304	11	489	2	11	0	50	500	500	0	500	500	0	
1.8349728347e+02	6	304	8	492	3	8	0	50	500	500	0	500	500	0	
1.8399764542e+02	7	303	7	493	6	4	0	50	500	500	0	500	500	0	
1.8449845788e+02	6	305	7	493	4	5	0	50	500	500	0	500	500	0	
1.8499588763e+02	6	307	11	489	2	7	0	50	500	500	0	500	500	0	
1.8549487649e+02	5	309	9	491	5	11	0	50	500	500	0	500	500	0	
1.8599808503e+02	5	309	11	489	2	8	0	50	500	500	0	500	500	0	
1.8649276468e+02	8	307	7	493	5	5	0	50	500	500	0	500	500	0	
1.8699067689e+02	10	305	8	492	4	9	0	50	500	500	0	500	500	0	
1.8749909338e+02	9	307	13	487	4	10	0	50	500	500	0	500	500	0	
1.8799003419e+02	10	305	6	494	4	8	0	50	500	500	0	500	500	0	
1.8849980641e+02	8	307	11	489	2	9	0	50	500	500	0	500	500	0	
1.8899684597e+02	8	307	21	479	2	4	0	50	500	500	0	500	500	0	
1.8949739918e+02	9	307	18	482	1	9	0	50	500	500	0	500	500	0	
1.8999981325e+02	12	305	10	490	5	8	0	50	500	500	0	500	500	0	
1.9049890274e+02	10	307	8	492	4	8	0	50	500	500	0	500	500	0	
1.9099879317e+02	12	305	15	485	1	6	0	50	500	500	0	500	500	0	
1.9149987267e+02	12	304	5	495	3	3	0	50	500	500	0	500	500	0	
1.9199287584e+02	11	308	6	494	1	6	0	50	500	500	0	500	500	0	
1.9249748576e+02	7	314	8	492	3	6	0	50	500	500	0	500	500	0	
1.9299969781e+02	8	314	9	491	0	10	0	50	500	500	0	500	500	0	
1.9349441481e+02	6	316	12	488	3	5	0	50	500	500	0	500	500	0	
1.9399306685e+02	4	319	10	490	3	9	0	50	500	500	0	500	500	0	
1.9449497295e+02	5	317	8	492	5	9	0	50	500	500	0	500	500	0	
1.9499746634e+02	8	315	5	495	2	12	0	50	500	500	0	500	500	0	
1.9549834486e+02	6	317	11	489	2	4	0	50	500	500	0	500	500	0	
1.9599427938e+02	5	318	11	489	2	7	0	50	500	500	0	500	500	0	
1.9649859487e+02	4	320	5	495	3	7	0	50	500	500	0	500	500	0	
1.9699580053e+02	3	321	13	487	5	7	0	50	500	500	0	500	500	0	
1.9749937981e+02	5	320	4	496	4	7	0	50	500	500	0	500	500	0	
1.9799763315e+02	5	322	11	489	5	4	0	50	500	500	0	500	500	0	
1.9849685972e+02	4	325	8	492	3	4	0	50	500	500	0	500	500	0	
1.9899586758e+02	4	326	8	492	3	6	0	50	500	500	0	500	500	0	
1.9948866154e+02	1	331	7	493	0	2	0	50	500	500	0	500	500	0	
1.9999671363e+02	1	331	9	491	1	4	0	50	500	500	0	500	500	0	
2.0049629161e+02	2	331	6	494	1	4	0	50	500	500	0	500	500	0	
2.0099929240e+02	2	331	10	490	3	6	0	50	500	500	0	500	500	0	
2.0149149286e+02	2	333	16	484	1	7	0	50	500	500	0	500	500	0	
2.0199840782e+02	3	331	16	484	2	8	0	50	500	500	0	500	500	0	
2.0249865402e+02	4	330	3	497	4	12	0	50	500	500	0	500	500	0	
2.0299792747e+02	8	329	5	495	3	9	0	50	500	500	0	500	500	0	
2.0348907344e+02	6	331	8	492	2	8	0	50	500	500	0	500	500	0	
2.0399510109e+02	6	334	7	493	4	7	0	50	500	500	0	500	500	0	
2.0449672758e+02	6	335	8	492	2	8	0	50	500	500	0	500	500	0	
2.0499916234e+02	8	334	8	492	2	9	0	50	500	500	0	500	500	0	
2.0549952060e+02	10	332	7	493	1	10	0	50	500	500	0	500	500	0	
2.0599891541e+02	10	332	9	491	3	6	0	50	500	500	0	500	500	0	
2.0649692586e+02	8	334	5	495	2	11	0	50	500	500	0	500	500	0	
2.0699762478e+02	6	337	5	495	3	9	0	50	500	500	0	500	500	0	
2.0749729354e+02	6	338	4	496	3	11	0	50	500	500	0	500	500	0	
2.0799622794e+02	10	334	7	493	3	17	0	50	500	500	0	500	500	0	
2.0849833042e+02	11	336	7	493	4	11	0	50	500	500	0	500	500	0	
2.0899640394e+02	11	336	7	493	4	6	0	50	500	500	0	500	500	0	
2.0949968356e+02	12	334	11	489	4	3	0	50	500	500	0	500	500	0	
2.0999801705e+02	10	335	13	487	0	3	0	50	500	500	0	500	500	0	
2.1049517999e+02	7	337	7	493	3	1	0	50	500	500	0	500	500	0	
2.1099990204e+02	9	335	6	494	1	4	0	50	500	500	0	500	500	0	
2.1149907414e+02	12	334	9	491	2	5	0	50	500	500	0	500	500	0	
2.1199807126e+02	8	339	8	492	1	11	0	50	500	500	0	500	500	0	
2.1249764762e+02	6	342	3	497	1	8	0	50	500	500	0	500	500	0	
2.1299899753e+02	7	344	7	493	2	5	0	50	500	500	0	500	500	0	
2.1349009210e+02	8	345	14	486	2	6	0	50	500	500	0	500	500	0	
2.1399834045e+02	8	345	5	495	3	6	0	50	500	500	0	500	500	0	
2.1449776223e+02	9	347	5	495	2	6	0	50	500	500	0	500	500	0	
2.1499954278e+02	9	348	7	493	1	4	0	50	500	500	0	500	500	0	
2.1549948398e+02	8	351	4	496	1	5	0	50	500	500	0	500	500	0	
2.1599905976e+02	5	355	17	483	2	6	0	50	500	500	0	500	500	0	
2.1649534116e+02	4	356	6	494	2	5	0	50	500	500	0	500	500	0	
2.1699532720e+02	4	358	4	496	1	8	0	50	500	500	0	500	500	0	
2.1749788335e+02	3	361	11	489	1	11	0	50	500	500	0	500	500	0	
2.1799986984e+02	5	360	11	489	5	8	0	50	500	500	0	500	500	0	
2.1849668017e+02	5	360	9	491	3	12	0	50	500	500	0	500	500	0	
2.1899624303e+02	5	361	10	490	4	8	0	50	500	500	0	500	500	0	
2.1949711226e+02	5	362	11	489	5	4	0	50	500	500	0	500	500	0	
2.1999539661e+02	9	359	6	494	2	8	0	50	500	500	0	500	500	0	
2.2049436357e+02	11	357	11	489	5	7	0	50	500	500	0	500	500	0	
2.2099922151e+02	10	357	7	493	5	10	0	50	500	500	0	500	500	0	
2.2149843267e+02	11	355	11	489	3	6	0	50	500	500	0	500	500	0	
2.2199971822e+02	14	352	9	491	3	4	0	50	500	500	0	500	500	0	
2.2249762394e+02	9	359	12	488	1	8	0	50	500	500	0	500	500	0	
2.2299402927e+02	8	360	8	492	1	12	0	50	500	500	0	500	500	0	
2.2349758076e+02	7	360	7	493	4	8	0	50	500	500	0	500	500	0	
2.2399789949e+02	8	359	10	490	1	16	0	50	500	500	0	500	500	0	
2.2449488062e+02	7	360	8	492	2	6	0	50	500	500	0	500	500	0	
2.2499911856e+02	4	362	8	492	0	9	0	50	500	500	0	500	500	0	
2.2549933958e+02	6	360	5	495	2	12	0	50	500	500	0	500	500	0	
2.2599689149e+02	10	357	5	495	2	13	0	50	500	500	0	500	500	0	
2.2649945194e+02	7	360	6	494	3	7	0	50	500	500	0	500	500	0	
2.2699425025e+02	3	363	1	499	1	7	0	50	500	500	0	500	500	0	
2.2749803981e+02	3	366	7	493	0	4	0	50	500	500	0	500	500	0	
2.2799998625e+02	3	368	9	491	0	6	0	50	500	500	0	500	500	0	
2.2849804113e+02	2	371	6	494	0	7	0	50	500	500	0	500	500	0	
2.2899947192e+02	2	370	10	490	1	5	0	50	500	500	0	500	500	0	
2.2949119263e+02	3	369	14	486	2	6	0	50	500	500	0	500	500	0	
2.2999722607e+02	2	370	7	493	1	6	0	50	500	500	0	500	500	0	
2.3049625075e+02	5	368	10	490	2	9	0	50	500	500	0	500	500	0	
2.3099923633e+02	7	366	11	489	3	3	0	50	500	500	0	500	500	0	
2.3149491361e+02	6	367	7	493	1	5	0	50	500	500	0	500	500	0	
2.3199842502e+02	5	368	8	492	0	12	0	50	500	500	0	500	500	0	
2.3249591642e+02	7	368	6	494	2	8	0	50	500	500	0	500	500	0	
2.3299548757e+02	5	371	10	490	3	7	0	50	500	500	0	500	500	0	
2.3349818401e+02	5	370	10	490	1	17	0	50	500	500	0	500	500	0	
2.3399963674e+02	5	372	5	495	2	8	0	50	500	500	0	500	500	0	
2.3449811743e+02	7	371	7	493	4	9	0	50	500	500	0	500	500	0	
2.3499943425e+02	7	373	11	489	0	9	0	50	500	500	0	500	500	0	
2.3549851572e+02	7	373	3	497	1	10	0	50	500	500	0	500	500	0	
2.3599913156e+02	8	374	8	492	1	8	0	50	500	500	0	500	500	0	
2.3648652193e+02	7	378	6	494	2	5	0	50	500	500	0	500	500	0	
2.3699704680e+02	7	378	11	489	2	14	0	50	500	500	0	500	500	0	
2.3749869293e+02	6	380	12	488	4	10	0	50	500	500	0	500	500	0	
2.3799678083e+02	8	377	7	493	3	15	0	50	500	500	0	500	500	0	
2.3849911331e+02	6	379	10	490	3	9	0	50	500	500	0	500	500	0	
2.3899640749e+02	6	379	6	494	3	7	0	50	500	500	0	500	500	0	
2.3949188209e+02	4	381	4	496	2	4	0	50	500	500	0	500	500	0	
2.3999840905e+02	6	380	9	491	0	1	0	50	500	500	0	500	500	0	
2.4049980859e+02	7	378	9	491	1	5	0	50	500	500	0	500	500	0	
2.4099401052e+02	6	381	10	490	1	3	0	50	500	500	0	500	500	0	
2.4149846811e+02	6	384	8	492	2	8	0	50	500	500	0	500	500	0	
2.4199900819e+02	10	380	1	499	6	9	0	50	500	500	0	500	500	0	
2.4249749883e+02	12	381	6	494	4	11	0	50	500	500	0	500	500	0	
2.4299161615e+02	12	381	8	492	4	12	0	50	500	500	0	500	500	0	
2.4349652716e+02	12	383	7	493	0	13	0	50	500	500	0	500	500	0	
2.4399172302e+02	13	383	8	492	2	11	0	50	500	500	0	500	500	0	
2.4449635022e+02	12	387	12	488	2	12	0	50	500	500	0	500	500	0	
2.4499752502e+02	11	390	4	496	4	7	0	50	500	500	0	500	500	0	
2.4549997932e+02	10	391	2	498	3	8	0	50	500	500	0	500	500	0	
2.4599741734e+02	10	393	6	494	3	10	0	50	500	500	0	500	500	0	
2.4649930247e+02	12	391	6	494	4	8	0	50	500	500	0	500	500	0	
2.4699945713e+02	10	395	6	494	3	5	0	50	500	500	0	500	500	0	
2.4749997624e+02	10	395	11	489	2	9	0	50	500	500	0	500	500	0	
2.4799788823e+02	10	395	9	491	1	8	0	50	500	500	0	500	500	0	
2.4849831737e+02	8	398	8	492	2	9	0	50	500	500	0	500	500	0	
2.4899804436e+02	8	399	4	496	0	7	0	50	500	500	0	500	500	0	
2.4947992117e+02	8	399	12	488	4	9	0	50	500	500	0	500	500	0	
2.4999136520e+02	8	401	9	491	2	8	0	50	500	500	0	500	500	0	
2.5049930891e+02	7	401	6	494	4	6	0	50	500	500	0	500	500	0	
2.5099625365e+02	8	401	7	493	2	6	0	50	500	500	0	500	500	0	
2.5149177618e+02	4	407	7	493	4	9	0	50	500	500	0	500	500	0	
2.5198870214e+02	8	403	1	499	2	9	0	50	500	500	0	500	500	0	
2.5249581529e+02	13	399	6	494	7	2	0	50	500	500	0	500	500	0	
2.5299575817e+02	13	401	4	496	0	6	0	50	500	500	0	500	500	0	
2.5349468252e+02	14	400	3	497	3	12	0	50	500	500	0	500	500	0	
2.5399590851e+02	14	399	3	497	3	7	0	50	500	500	0	500	500	0	
2.5449938574e+02	13	400	11	489	2	7	0	50	500	500	0	500	500	0	
2.5498187670e+02	12	401	6	494	3	5	0	50	500	500	0	500	500	0	
2.5549710627e+02	8	407	9	491	2	9	0	50	500	500	0	500	500	0	
2.5599774914e+02	9	408	5	495	3	13	0	50	500	500	0	500	500	0	
2.5649828720e+02	11	408	7	493	4	9	0	50	500	500	0	500	500	0	
2.5699940517e+02	14	403	7	493	4	6	0	50	500	500	0	500	500	0	
2.5749705292e+02	10	407	7	493	5	6	0	50	500	500	0	500	500	0	
2.5799253557e+02	12	405	7	493	2	9	0	50	500	500	0	500	500	0	
2.5849261242e+02	11	406	11	489	4	13	0	50	500	500	0	500	500	0	
2.5899912205e+02	12	407	6	494	4	7	0	50	500	500	0	500	500	0	
2.5949657841e+02	11	409	2	498	5	9	0	50	500	500	0	500	500	0	
2.5999856350e+02	7	413	4	496	1	11	0	50	500	500	0	500	500	0	
2.6049501949e+02	10	412	4	496	3	5	0	50	500	500	0	500	500	0	
2.6099542917e+02	10	412	6	494	4	5	0	50	500	500	0	500	500	0	
2.6149788365e+02	9	415	8	492	6	6	0	50	500	500	0	500	500	0	
2.6199733893e+02	9	414	10	490	4	6	0	50	500	500	0	500	500	0	
2.6249352749e+02	10	414	1	499	1	8	0	50	500	500	0	500	500	0	
2.6299418303e+02	9	416	4	496	5	11	0	50	500	500	0	500	500	0	
2.6349581987e+02	9	415	6	494	1	4	0	50	500	500	0	500	500	0	
2.6399690208e+02	10	414	5	495	3	9	0	50	500	500	0	500	500	0	
2.6449651666e+02	12	412	5	495	5	8	0	50	500	500	0	500	500	0	
2.6499170479e+02	10	415	3	497	1	6	0	50	500	500	0	500	500	0	
2.6549733790e+02	7	420	7	493	2	5	0	50	500	500	0	500	500	0	
2.6599826003e+02	7	418	6	494	5	10	0	50	500	500	0	500	500	0	
2.6649939912e+02	6	419	7	493	3	8	0	50	500	500	0	500	500	0	
2.6699983423e+02	7	418	9	491	3	11	0	50	500	500	0	500	500	0	
2.6749918811e+02	8	421	5	495	4	5	0	50	500	500	0	500	500	0	
2.6799943592e+02	7	422	5	495	2	2	0	50	500	500	0	500	500	0	
2.6849922869e+02	7	422	9	491	1	9	0	50	500	500	0	500	500	0	
2.6897863473e+02	8	421	4	496	3	7	0	50	500	500	0	500	500	0	
2.6949954244e+02	3	425	7	493	3	7	0	50	500	500	0	500	500	0	
2.6998206608e+02	3	425	4	496	3	4	0	50	500	500	0	500	500	0	
2.7049151926e+02	5	424	7	493	2	10	0	50	500	500	0	500	500	0	
2.7099655938e+02	7	423	7	493	1	8	0	50	500	500	0	500	500	0	
2.7149104559e+02	8	425	5	495	2	7	0	50	500	500	0	500	500	0	
2.7199191597e+02	10	418	11	489	3	4	0	50	500	500	0	500	500	0	
2.7249976076e+02	8	420	1	499	3	8	0	50	500	500	0	500	500	0	
2.7299822020e+02	9	420	6	494	1	10	0	50	500	500	0	500	500	0	
2.7348467389e+02	10	420	9	491	2	5	0	50	500	500	0	500	500	0	
2.7399731330e+02	9	421	2	498	2	6	0	50	500	500	0	500	500	0	
2.7449946762e+02	7	424	6	494	0	10	0	50	500	500	0	500	500	0	
2.7498187272e+02	5	426	4	496	1	10	0	50	500	500	0	500	500	0	
2.7549996136e+02	7	426	9	491	3	11	0	50	500	500	0	500	500	0	
2.7599951425e+02	9	426	2	498	6	5	0	50	500	500	0	500	500	0	
2.7648179991e+02	8	428	2	498	2	2	0	50	500	500	0	500	500	0	
2.7699818186e+02	7	430	6	494	1	7	0	50	500	500	0	500	500	0	
2.7749690064e+02	8	430	10	490	2	6	0	50	500	500	0	500	500	0	
2.7799503679e+02	12	425	7	493	4	9	0	50	500	500	0	500	500	0	
2.7849104596e+02	11	427	6	494	1	11	0	50	500	500	0	500	500	0	
2.7899788140e+02	7	430	5	495	3	11	0	50	500	500	0	500	500	0	
2.7949963845e+02	6	432	10	490	6	10	0	50	500	500	0	500	500	0	
2.7999946242e+02	5	433	8	492	0	9	0	50	500	500	0	500	500	0	
2.8049904107e+02	6	434	4	496	1	8	0	50	500	500	0	500	500	0	
2.8099954985e+02	6	433	7	493	3	5	0	50	500	500	0	500	500	0	
2.8149604961e+02	9	432	8	492	1	9	0	50	500	500	0	500	500	0	
2.8199898238e+02	11	431	11	489	3	4	0	50	500	500	0	500	500	0	
2.8248655018e+02	9	434	6	494	3	9	0	50	500	500	0	500	500	0	
2.8299407456e+02	8	435	6	494	1	3	0	50	500	500	0	500	500	0	
2.8349343650e+02	7	435	6	494	1	11	0	50	500	500	0	500	500	0	
2.8398330003e+02	8	434	5	495	1	10	0	50	500	500	0	500	500	0	
2.8449799807e+02	11	433	8	492	2	12	0	50	500	500	0	500	500	0	
2.8499497786e+02	14	428	5	495	3	8	0	50	500	500	0	500	500	0	
2.8549933268e+02	10	431	7	493	1	6	0	50	500	500	0	500	500	0	
2.8598783590e+02	12	430	8	492	5	8	0	50	500	500	0	500	500	0	
2.8649769647e+02	9	435	8	492	0	8	0	50	500	500	0	500	500	0	
2.8699474979e+02	10	432	8	492	1	10	0	50	500	500	0	500	500	0	
2.8749597235e+02	8	435	6	494	1	11	0	50	500	500	0	500	500	0	
2.8799899203e+02	9	434	6	494	4	9	0	50	500	500	0	500	500	0	
2.8849272893e+02	9	433	5	495	3	8	0	50	500	500	0	500	500	0	
2.8899106419e+02	6	437	4	496	0	6	0	50	500	500	0	500	500	0	
2.8949835075e+02	5	441	3	497	2	3	0	50	500	500	0	500	500	0	
2.8999942817e+02	2	444	1	499	3	7	0	50	500	500	0	500	500	0	
2.9049293109e+02	4	443	8	492	1	5	0	50	500	500	0	500	500	0	
2.9099726321e+02	3	444	4	496	1	7	0	50	500	500	0	500	500	0	
2.9149036390e+02	2	447	3	497	1	5	0	50	500	500	0	500	500	0	
2.9199722990e+02	3	450	4	496	1	13	0	50	500	500	0	500	500	0	
2.9249862897e+02	6	447	6	494	7	11	0	50	500	500	0	500	500	0	
2.9299745306e+02	5	448	7	493	5	9	0	50	500	500	0	500	500	0	
2.9349554321e+02	6	449	7	493	3	10	0	50	500	500	0	500	500	0	
2.9399833167e+02	6	449	5	495	0	10	0	50	500	500	0	500	500	0	
2.9449773184e+02	10	446	4	496	1	9	0	50	500	500	0	500	500	0	
2.9499143116e+02	6	449	3	497	3	7	0	50	500	500	0	500	500	0	
2.9549832069e+02	6	450	4	496	4	8	0	50	500	500	0	500	500	0	
2.9599627318e+02	7	449	4	496	4	5	0	50	500	500	0	500	500	0	
2.9649657278e+02	10	449	6	494	3	3	0	50	500	500	0	500	500	0	
2.9699973769e+02	10	451	4	496	6	9	0	50	500	500	0	500	500	0	
2.9749875486e+02	10	452	6	494	3	11	0	50	500	500	0	500	500	0	
2.9799780035e+02	9	454	8	492	3	10	0	50	500	500	0	500	500	0	
2.9849778730e+02	7	455	7	493	1	13	0	50	500	500	0	500	500	0	
2.9899602081e+02	9	453	5	495	4	9	0	50	500	500	0	500	500	0	
2.9949832377e+02	8	455	6	494	4	8	0	50	500	500	0	500	500	0	
2.9998604070e+02	8	456	3	497	2	8	0	50	500	500	0	500	500	0	
3.0049720743e+02	8	456	5	495	1	7	0	50	500	500	0	500	500	0	
3.0099500790e+02	5	460	2	498	0	9	0	50	500	500	0	500	500	0	
3.0149006211e+02	3	463	4	496	1	5	0	50	500	500	0	500	500	0	
3.0199657500e+02	2	464	7	493	1	3	0	50	500	500	0	500	500	0	
3.0249730077e+02	3	464	4	496	2	6	0	50	500	500	0	500	500	0	
3.0299720278e+02	4	463	5	495	2	11	0	50	500	500	0	500	500	0	
3.0349484054e+02	4	461	6	494	1	12	0	50	500	500	0	500	500	0	
3.0399998051e+02	5	460	6	494	1	9	0	50	500	500	0	500	500	0	
3.0448460104e+02	9	457	6	494	6	6	0	50	500	500	0	500	500	0	
3.0499829764e+02	8	458	3	497	2	10	0	50	500	500	0	500	500	0	
3.0549701131e+02	7	459	4	496	1	9	0	50	500	500	0	500	500	0	
3.0599616382e+02	9	457	10	490	3	6	0	50	500	500	0	500	500	0	
3.0649849669e+02	8	459	7	493	3	8	0	50	500	500	0	500	500	0	
3.0699463271e+02	6	461	2	498	3	10	0	50	500	500	0	500	500	0	
3.0749959878e+02	5	462	6	494	2	9	0	50	500	500	0	500	500	0	
3.0799708941e+02	3	462	11	489	1	6	0	50	500	500	0	500	500	0	
3.0849939519e+02	4	461	7	493	4	2	0	50	500	500	0	500	500	0	
3.0899749019e+02	6	459	8	492	3	5	0	50	500	500	0	500	500	0	
3.0949946432e+02	4	461	8	492	2	9	0	50	500	500	0	500	500	0	
3.0999847654e+02	3	461	4	496	2	3	0	50	500	500	0	500	500	0	
3.1048935106e+02	4	460	8	492	2	6	0	50	500	500	0	500	500	0	
3.1099999351e+02	6	459	1	499	3	13	0	50	500	500	0	500	500	0	
3.1149983337e+02	6	461	7	493	2	7	0	50	500	500	0	500	500	0	
3.1199634749e+02	7	460	4	496	1	9	0	50	500	500	0	500	500	0	
3.1249923309e+02	8	462	10	490	2	6	0	50	500	500	0	500	500	0	
3.1299563592e+02	9	464	5	495	0	3	0	50	500	500	0	500	500	0	
3.1349904280e+02	7	465	5	495	1	5	0	50	500	500	0	500	500	0	
3.1399646807e+02	4	470	7	493	4	4	0	50	500	500	0	500	500	0	
3.1449419793e+02	4	469	7	493	2	11	0	50	500	500	0	500	500	0	
3.1498287852e+02	4	468	5	495	4	12	0	50	500	500	0	500	500	0	
3.1549858226e+02	6	466	10	490	4	8	0	50	500	500	0	500	500	0	
3.1599706272e+02	10	464	6	494	2	10	0	50	500	500	0	500	500	0	
3.1649944552e+02	7	469	3	497	1	5	0	50	500	500	0	500	500	0	
3.1699328973e+02	6	472	3	497	2	6	0	50	500	500	0	500	500	0	
3.1749965342e+02	7	472	5	495	4	4	0	50	500	500	0	500	500	0	
3.1799438516e+02	6	474	10	490	2	6	0	50	500	500	0	500	500	0	
3.1849863603e+02	6	477	7	493	1	7	0	50	500	500	0	500	500	0	
3.1899821456e+02	7	476	3	497	2	6	0	50	500	500	0	500	500	0	
3.1949875819e+02	5	478	5	495	2	7	0	50	500	500	0	500	500	0	
3.1999724466e+02	5	478	5	495	3	11	0	50	500	500	0	500	500	0	
3.2049527367e+02	9	474	4	496	3	5	0	50	500	500	0	500	500	0	
3.2099177308e+02	7	475	3	497	2	3	0	50	500	500	0	500	500	0	
3.2149574034e+02	8	474	5	495	1	7	0	50	500	500	0	500	500	0	
3.2199951280e+02	8	475	8	492	0	4	0	50	500	500	0	500	500	0	
3.2249988702e+02	6	479	6	494	2	4	0	50	500	500	0	500	500	0	
3.2299722100e+02	6	480	4	496	0	5	0	50	500	500	0	500	500	0	
3.2349815066e+02	7	480	11	489	1	5	0	50	500	500	0	500	500	0	
3.2399604965e+02	6	480	2	498	1	9	0	50	500	500	0	500	500	0	
3.2449940400e+02	5	481	8	492	2	6	0	50	500	500	0	500	500	0	
3.2499851744e+02	7	481	0	500	3	10	0	50	500	500	0	500	500	0	
3.2549733895e+02	7	482	1	499	3	10	0	50	500	500	0	500	500	0	
3.2598305179e+02	6	482	4	496	6	8	0	50	500	500	0	500	500	0	
3.2649998650e+02	5	484	7	493	1	10	0	50	500	500	0	500	500	0	
3.2699905409e+02	4	484	7	493	2	8	0	50	500	500	0	500	500	0	
3.2749951910e+02	9	480	3	497	4	7	0	50	500	500	0	500	500	0	
3.2799336371e+02	8	482	11	489	1	4	0	50	500	500	0	500	500	0	
3.2849788021e+02	9	481	8	492	4	12	0	50	500	500	0	500	500	0	
3.2899947176e+02	9	481	7	493	1	6	0	50	500	500	0	500	500	0	
3.2949658404e+02	9	479	6	494	0	13	0	50	500	500	0	500	500	0	
3.2999771783e+02	8	481	6	494	0	7	0	50	500	500	0	500	500	0	
3.3048575523e+02	10	479	9	491	4	2	0	50	500	500	0	500	500	0	
3.3099989759e+02	12	478	5	495	2	9	0	50	500	500	0	500	500	0	
3.3149754678e+02	12	479	7	493	1	6	0	50	500	500	0	500	500	0	
3.3199471599e+02	11	480	2	498	1	8	0	50	500	500	0	500	500	0	
3.3249717334e+02	9	484	4	496	1	6	0	50	500	500	0	500	500	0	
3.3299452914e+02	8	487	6	494	4	4	0	50	500	500	0	500	500	0	
3.3349745638e+02	7	489	5	495	3	2	0	50	500	500	0	500	500	0	
3.3399567703e+02	5	492	5	495	2	6	0	50	500	500	0	500	500	0	
3.3449913103e+02	10	487	2	498	1	15	0	50	500	500	0	500	500	0	
3.3499715855e+02	11	487	6	494	2	8	0	50	500	500	0	500	500	0	
3.3549878572e+02	10	488	6	494	1	11	0	50	500	500	0	500	500	0	
3.3599761540e+02	9	489	1	499	2	8	0	50	500	500	0	500	500	0	
3.3649848032e+02	9	489	4	496	2	6	0	50	500	500	0	500	500	0	
3.3699679090e+02	6	491	4	496	4	11	0	50	500	500	0	500	500	0	
3.3749994561e+02	7	491	2	498	0	10	0	50	500	500	0	500	500	0	
3.3799906977e+02	8	490	4	496	3	11	0	50	500	500	0	500	500	0	
3.3849735914e+02	8	489	4	496	5	11	0	50	500	500	0	500	500	0	
3.3899842248e+02	6	491	3	497	5	9	0	50	500	500	0	500	500	0	
3.3949689230e+02	5	493	7	493	2	7	0	50	500	500	0	500	500	0	
3.3998146044e+02	7	490	11	489	2	2	0	50	500	500	0	500	500	0	
3.4049999399e+02	7	491	8	492	1	8	0	50	500	500	0	500	500	0	
3.4099992318e+02	7	489	6	494	5	7	0	50	500	500	0	500	500	0	
3.4149143698e+02	5	492	5	495	1	5	0	50	500	500	0	500	500	0	
3.4199950838e+02	6	493	9	491	5	6	0	50	500	500	0	500	500	0	
3.4249950542e+02	5	492	3	497	5	4	0	50	500	500	0	500	500	0	
3.4299881674e+02	4	493	4	496	6	6	0	50	500	500	0	500	500	0	
3.4349218522e+02	7	491	6	494	3	8	0	50	500	500	0	500	500	0	
3.4399764454e+02	8	491	5	495	3	13	0	50	500	500	0	500	500	0	
3.4449958440e+02	9	490	16	484	2	7	0	50	500	500	0	500	500	0	
3.4499871630e+02	9	493	7	493	3	8	0	50	500	500	0	500	500	0	
3.4549899836e+02	7	494	10	490	3	6	0	50	500	500	0	500	500	0	
3.4599770040e+02	8	494	6	494	5	9	0	50	500	500	0	500	500	0	
3.4649634843e+02	13	490	4	496	2	3	0	50	500	500	0	500	500	0	
3.4699971231e+02	12	491	2	498	1	5	0	50	500	500	0	500	500	0	
3.4749999296e+02	10	493	8	492	0	5	0	50	500	500	0	500	500	0	
3.4799864274e+02	7	496	4	496	2	10	0	50	500	500	0	500	500	0	
3.4849785770e+02	9	493	3	497	1	7	0	50	500	500	0	500	500	0	
3.4899719652e+02	8	494	3	497	3	4	0	50	500	500	0	500	500	0	
3.4949725200e+02	10	492	6	494	5	8	0	50	500	500	0	500	500	0	
3.4999981110e+02	14	488	6	494	2	12	0	50	500	500	0	500	500	0	
3.5049731030e+02	10	493	2	498	1	10	0	50	500	500	0	500	500	0	
3.5099947028e+02	11	493	3	497	1	13	0	50	500	500	0	500	500	0	
3.5149774036e+02	8	496	3	497	0	9	0	50	500	500	0	500	500	0	
3.5199915016e+02	10	494	5	495	3	4	0	50	500	500	0	500	500	0	
3.5249929667e+02	9	496	4	496	2	7	0	50	500	500	0	500	500	0	
3.5299893448e+02	10	496	7	493	1	7	0	50	500	500	0	500	500	0	
3.5349751046e+02	8	499	7	493	2	9	0	50	500	500	0	500	500	0	
3.5399759939e+02	9	501	5	495	3	4	0	50	500	500	0	500	500	0	
3.5449828227e+02	8	503	6	494	0	13	0	50	500	500	0	500	500	0	
3.5499674976e+02	7	507	7	493	4	5	0	50	500	500	0	500	500	0	
3.5549418730e+02	7	509	9	491	1	10	0	50	500	500	0	500	500	0	
3.5599974112e+02	6	512	2	498	2	10	0	50	500	500	0	500	500	0	
3.5649892032e+02	6	514	4	496	3	6	0	50	500	500	0	500	500	0	
3.5699531192e+02	10	511	3	497	4	11	0	50	500	500	0	500	500	0	
3.5749876138e+02	11	510	7	493	1	7	0	50	500	500	0	500	500	0	
3.5799571752e+02	9	514	4	496	3	5	0	50	500	500	0	500	500	0	
3.5849269355e+02	8	515	8	492	1	9	0	50	500	500	0	500	500	0	
3.5899883023e+02	9	515	8	492	3	7	0	50	500	500	0	500	500	0	
3.5949781991e+02	13	512	4	496	4	3	0	50	500	500	0	500	500	0	
3.5999351202e+02	9	516	3	497	0	8	0	50	500	500	0	500	500	0	
3.6049395507e+02	7	518	3	497	0	5	0	50	500	500	0	500	500	0	
3.6099838611e+02	7	519	3	497	3	7	0	50	500	500	0	500	500	0	
3.6149697904e+02	7	519	4	496	3	9	0	50	500	500	0	500	500	0	
3.6199803244e+02	9	517	2	498	2	8	0	50	500	500	0	500	500	0	
3.6249663314e+02	5	521	3	497	1	9	0	50	500	500	0	500	500	0	
3.6299810198e+02	6	522	6	494	3	4	0	50	500	500	0	500	500	0	
3.6349744254e+02	8	519	8	492	0	9	0	50	500	500	0	500	500	0	
3.6399948926e+02	6	522	8	492	0	2	0	50	500	500	0	500	500	0	
3.6449786970e+02	7	521	4	496	2	5	0	50	500	500	0	500	500	0	
3.6499834655e+02	12	515	3	497	2	8	0	50	500	500	0	500	500	0	
3.6549934505e+02	14	513	3	497	2	8	0	50	500	500	0	500	500	0	
3.6599767760e+02	12	515	2	498	1	9	0	50	500	500	0	500	500	0	
3.6649566331e+02	8	522	5	495	1	6	0	50	500	500	0	500	500	0	
3.6699887153e+02	7	524	8	492	1	5	0	50	500	500	0	500	500	0	
3.6749979000e+02	7	525	3	497	2	9	0	50	500	500	0	500	500	0	
3.6799758022e+02	7	525	6	494	2	5	0	50	500	500	0	500	500	0	
3.6849796188e+02	6	526	6	494	4	5	0	50	500	500	0	500	500	0	
3.6899718300e+02	6	525	3	497	1	9	0	50	500	500	0	500	500	0	
3.6949781586e+02	8	523	2	498	1	11	0	50	500	500	0	500	500	0	
3.6999660304e+02	9	524	4	496	5	5	0	50	500	500	0	500	500	0	
3.7049687093e+02	8	527	8	492	3	10	0	50	500	500	0	500	500	0	
3.7099267964e+02	8	527	4	496	1	10	0	50	500	500	0	500	500	0	
3.7149802340e+02	8	528	2	498	5	10	0	50	500	500	0	500	500	0	
3.7199803455e+02	9	529	0	500	3	9	0	50	500	500	0	500	500	0	
3.7248846512e+02	10	529	3	497	3	9	0	50	500	500	0	500	500	0	
3.7299038704e+02	12	527	2	498	0	10	0	50	500	500	0	500	500	0	
3.7349486206e+02	14	525	6	494	5	5	0	50	500	500	0	500	500	0	
3.7399192767e+02	10	527	6	494	0	4	0	50	500	500	0	500	500	0	
3.7449359596e+02	10	528	7	493	1	9	0	50	500	500	0	500	500	0	
3.7499976233e+02	9	530	3	497	1	8	0	50	500	500	0	500	500	0	
3.7549162377e+02	7	531	6	494	2	8	0	50	500	500	0	500	500	0	
3.7599307035e+02	10	529	1	499	6	7	0	50	500	500	0	500	500	0	
3.7649247827e+02	11	528	5	495	2	12	0	50	500	500	0	500	500	0	
3.7699824856e+02	10	529	5	495	5	13	0	50	500	500	0	500	500	0	
3.7749485668e+02	8	533	1	499	2	11	0	50	500	500	0	500	500	0	
3.7799995336e+02	12	529	2	498	4	8	0	50	500	500	0	500	500	0	
3.7849744470e+02	10	530	6	494	0	9	0	50	500	500	0	500	500	0	
3.7899331218e+02	10	531	2	498	6	7	0	50	500	500	0	500	500	0	
3.7949895646e+02	10	534	2	498	4	2	0	50	500	500	0	500	500	0	
3.7999635880e+02	8	535	3	497	2	4	0	50	500	500	0	500	500	0	
3.8049598406e+02	10	532	6	494	3	8	0	50	500	500	0	500	500	0	
3.8099962864e+02	8	535	4	496	0	11	0	50	500	500	0	500	500	0	
3.8149391248e+02	12	531	4	496	0	8	0	50	500	500	0	500	500	0	
3.8199308485e+02	11	534	0	500	2	9	0	50	500	500	0	500	500	0	
3.8249947193e+02	12	533	5	495	5	11	0	50	500	500	0	500	500	0	
3.8299425834e+02	11	533	3	497	3	6	0	50	500	500	0	500	500	0	
3.8349443212e+02	11	534	4	496	2	4	0	50	500	500	0	500	500	0	
3.8399842813e+02	12	534	4	496	4	8	0	50	500	500	0	500	500	0	
3.8449409636e+02	11	537	2	498	4	8	0	50	500	500	0	500	500	0	
3.8499828169e+02	14	534	5	495	3	8	0	50	500	500	0	500	500	0	
3.8549505672e+02	15	534	4	496	2	9	0	50	500	500	0	500	500	0	
3.8599583339e+02	9	541	4	496	3	7	0	50	500	500	0	500	500	0	
3.8649676179e+02	11	540	6	494	2	10	0	50	500	500	0	500	500	0	
3.8699793038e+02	7	544	3	497	1	7	0	50	500	500	0	500	500	0	
3.8749945629e+02	9	541	4	496	1	11	0	50	500	500	0	500	500	0	
3.8799185614e+02	10	541	11	489	0	11	0	50	500	500	0	500	500	0	
3.8849787316e+02	9	546	1	499	1	7	0	50	500	500	0	500	500	0	
3.8899522811e+02	13	544	3	497	4	6	0	50	500	500	0	500	500	0	
3.8949802935e+02	14	546	6	494	2	11	0	50	500	500	0	500	500	0	
3.8999757082e+02	14	547	4	496	0	10	0	50	500	500	0	500	500	0	
3.9049554270e+02	15	546	2	498	1	8	0	50	500	500	0	500	500	0	
3.9099643963e+02	12	549	5	495	3	3	0	50	500	500	0	500	500	0	
3.9149541743e+02	15	547	4	496	1	8	0	50	500	500	0	500	500	0	
3.9199883047e+02	12	548	6	494	1	7	0	50	500	500	0	500	500	0	
3.9249055227e+02	10	550	4	496	2	3	0	50	500	500	0	500	500	0	
3.9299929329e+02	11	548	3	497	2	3	0	50	500	500	0	500	500	0	
3.9349699212e+02	7	551	7	493	2	6	0	50	500	500	0	500	500	0	
3.9399972246e+02	8	550	5	495	1	8	0	50	500	500	0	500	500	0	
3.9449987963e+02	4	555	4	496	3	5	0	50	500	500	0	500	500	0	
3.9499950436e+02	4	555	8	492	4	8	0	50	500	500	0	500	500	0	
3.9549532837e+02	2	557	2	498	2	7	0	50	500	500	0	500	500	0	
3.9599338569e+02	5	553	5	495	2	6	0	50	500	500	0	500	500	0	
3.9649969304e+02	5	553	5	495	4	8	0	50	500	500	0	500	500	0	
3.9698908905e+02	8	550	2	498	2	8	0	50	500	500	0	500	500	0	
3.9749759235e+02	8	549	5	495	4	8	0	50	500	500	0	500	500	0	
3.9798712907e+02	11	549	3	497	3	7	0	50	500	500	0	500	500	0	
3.9849839971e+02	13	547	5	495	1	7	0	50	500	500	0	500	500	0	
3.9899890979e+02	16	545	2	498	3	7	0	50	500	500	0	500	500	0	
3.9949931137e+02	14	547	5	495	2	6	0	50	500	500	0	500	500	0	
3.9999575312e+02	13	547	5	495	1	8	0	50	500	500	0	500	500	0	
4.0049385389e+02	12	550	4	496	2	7	0	50	500	500	0	500	500	0	
4.0099831121e+02	12	551	7	493	5	7	0	50	500	500	0	500	500	0	
4.0149978336e+02	12	552	3	497	2	6	0	50	500	500	0	500	500	0	
4.0199541436e+02	9	555	2	498	3	6	0	50	500	500	0	500	500	0	
4.0249219577e+02	9	555	6	494	3	4	0	50	500	500	0	500	500	0	
4.0299449775e+02	10	556	7	493	3	9	0	50	500	500	0	500	500	0	
4.0349937802e+02	8	561	4	496	1	9	0	50	500	500	0	500	500	0	
4.0399692010e+02	8	561	4	496	1	8	0	50	500	500	0	500	500	0	
4.0449642818e+02	8	560	2	498	1	11	0	50	500	500	0	500	500	0	
4.0499870783e+02	6	563	5	495	4	7	0	50	500	500	0	500	500	0	
4.0549200312e+02	8	561	2	498	5	5	0	50	500	500	0	500	500	0	
4.0599550254e+02	8	560	6	494	2	4	0	50	500	500	0	500	500	0	
4.0649588333e+02	8	560	6	494	1	13	0	50	500	500	0	500	500	0	
4.0699829139e+02	10	559	7	493	4	8	0	50	500	500	0	500	500	0	
4.0749905192e+02	9	560	5	495	1	13	0	50	500	500	0	500	500	0	
4.0799974156e+02	11	560	2	498	4	3	0	50	500	500	0	500	500	0	
4.0849891716e+02	9	562	6	494	5	5	0	50	500	500	0	500	500	0	
4.0899942433e+02	11	559	6	494	3	10	0	50	500	500	0	500	500	0	
4.0949817860e+02	14	558	3	497	2	9	0	50	500	500	0	500	500	0	
4.0999886655e+02	15	560	5	495	4	11	0	50	500	500	0	500	500	0	
4.1049727230e+02	15	561	3	497	5	11	0	50	500	500	0	500	500	0	
4.1099865057e+02	14	561	6	494	1	8	0	50	500	500	0	500	500	0	
4.1149951590e+02	17	559	5	495	2	7	0	50	500	500	0	500	500	0	
4.1199827857e+02	16	560	4	496	4	12	0	50	500	500	0	500	500	0	
4.1249557683e+02	16	561	2	498	3	9	0	50	500	500	0	500	500	0	
4.1299536317e+02	13	564	3	497	5	11	0	50	500	500	0	500	500	0	
4.1348997261e+02	14	563	8	492	0	6	0	50	500	500	0	500	500	0	
4.1399825573e+02	9	570	4	496	0	7	0	50	500	500	0	500	500	0	
4.1449919339e+02	10	569	4	496	1	11	0	50	500	500	0	500	500	0	
4.1499660632e+02	10	571	4	496	2	10	0	50	500	500	0	500	500	0	
4.1549872099e+02	9	575	2	498	0	9	0	50	500	500	0	500	500	0	
4.1599954979e+02	9	576	4	496	3	8	0	50	500	500	0	500	500	0	
4.1649586206e+02	9	579	7	493	2	6	0	50	500	500	0	500	500	0	
4.1699871992e+02	9	583	6	494	2	4	0	50	500	500	0	500	500	0	
4.1749456089e+02	7	585	5	495	1	5	0	50	500	500	0	500	500	0	
4.1799643735e+02	6	587	4	496	2	11	0	50	500	500	0	500	500	0	
4.1849699563e+02	8	588	4	496	3	13	0	50	500	500	0	500	500	0	
4.1899712322e+02	10	589	7	493	1	8	0	50	500	500	0	500	500	0	
4.1949974101e+02	7	591	7	493	2	10	0	50	500	500	0	500	500	0	
4.1999781886e+02	8	589	4	496	3	9	0	50	500	500	0	500	500	0	
4.2049855822e+02	11	586	3	497	2	8	0	50	500	500	0	500	500	0	
4.2099969421e+02	11	584	10	490	2	12	0	50	500	500	0	500	500	0	
4.2149806438e+02	11	584	3	497	3	4	0	50	500	500	0	500	500	0	
4.2199218884e+02	10	587	4	496	6	8	0	50	500	500	0	500	500	0	
4.2249908852e+02	8	590	3	497	2	13	0	50	500	500	0	500	500	0	
4.2299063465e+02	8	589	1	499	4	10	0	50	500	500	0	500	500	0	
4.2349896704e+02	9	587	4	496	1	10	0	50	500	500	0	500	500	0	
4.2399847850e+02	8	589	2	498	0	7	0	50	500	500	0	500	500	0	
4.2449664576e+02	7	588	5	495	2	9	0	50	500	500	0	500	500	0	
4.2499721271e+02	6	585	4	496	2	15	0	50	500	500	0	500	500	0	
4.2549816194e+02	12	583	6	494	1	12	0	50	500	500	0	500	500	0	
4.2599847472e+02	11	585	4	496	2	6	0	50	500	500	0	500	500	0	
4.2649469846e+02	11	585	2	498	2	8	0	50	500	500	0	500	500	0	
4.2699931267e+02	11	586	5	495	0	7	0	50	500	500	0	500	500	0	
4.2749798109e+02	11	585	1	499	4	7	0	50	500	500	0	500	500	0	
4.2799162804e+02	14	583	5	495	7	8	0	50	500	500	0	500	500	0	
4.2849654494e+02	12	585	5	495	1	3	0	50	500	500	0	500	500	0	
4.2899781463e+02	13	584	5	495	1	10	0	50	500	500	0	500	500	0	
4.2949965307e+02	12	586	7	493	4	9	0	50	500	500	0	500	500	0	
4.2999426303e+02	10	589	3	497	2	6	0	50	500	500	0	500	500	0	
4.3048582059e+02	6	594	0	500	0	5	0	50	500	500	0	500	500	0	
4.3099263793e+02	10	592	6	494	2	6	0	50	500	500	0	500	500	0	
4.3149544104e+02	9	595	6	494	5	3	0	50	500	500	0	500	500	0	
4.3199815092e+02	12	593	3	497	4	9	0	50	500	500	0	500	500	0	
4.3249938690e+02	13	594	2	498	3	11	0	50	500	500	0	500	500	0	
4.3299999283e+02	10	595	6	494	1	9	0	50	500	500	0	500	500	0	
4.3349617586e+02	11	595	6	494	6	5	0	50	500	500	0	500	500	0	
4.3399671338e+02	12	590	6	494	4	7	0	50	500	500	0	500	500	0	
4.3449112594e+02	10	591	1	499	1	8	0	50	500	500	0	500	500	0	
4.3499862658e+02	10	592	3	497	1	4	0	50	500	500	0	500	500	0	
4.3549845008e+02	9	594	6	494	2	6	0	50	500	500	0	500	500	0	
4.3599592325e+02	8	595	2	498	1	10	0	50	500	500	0	500	500	0	
4.3649218119e+02	10	593	5	495	4	9	0	50	500	500	0	500	500	0	
4.3699380797e+02	12	591	5	495	0	8	0	50	500	500	0	500	500	0	
4.3748815741e+02	12	591	2	498	3	5	0	50	500	500	0	500	500	0	
4.3799989539e+02	9	594	8	492	0	11	0	50	500	500	0	500	500	0	
4.3849989419e+02	9	594	5	495	2	10	0	50	500	500	0	500	500	0	
4.3899774906e+02	8	594	8	492	4	5	0	50	500	500	0	500	500	0	
4.3949367432e+02	7	595	4	496	2	11	0	50	500	500	0	500	500	0	
4.3999861585e+02	6	601	6	494	3	4	0	50	500	500	0	500	500	0	
4.4049776863e+02	6	601	2	498	3	9	0	50	500	500	0	500	500	0	
4.4099669564e+02	5	601	5	495	3	4	0	50	500	500	0	500	500	0	
4.4149412623e+02	5	601	4	496	1	7	0	50	500	500	0	500	500	0	
4.4197902097e+02	6	600	0	500	1	5	0	50	500	500	0	500	500	0	
4.4249864884e+02	9	597	6	494	3	11	0	50	500	500	0	500	500	0	
4.4299418390e+02	6	601	5	495	2	4	0	50	500	500	0	500	500	0	
4.4349242497e+02	4	603	5	495	1	10	0	50	500	500	0	500	500	0	
4.4398847893e+02	6	602	9	491	2	5	0	50	500	500	0	500	500	0	
4.4447872554e+02	10	597	3	497	1	9	0	50	500	500	0	500	500	0	
4.4499926561e+02	11	599	4	496	3	7	0	50	500	500	0	500	500	0	
4.4549705342e+02	11	598	3	497	2	4	0	50	500	500	0	500	500	0	
4.4599910065e+02	8	601	4	496	1	8	0	50	500	500	0	500	500	0	
4.4649490280e+02	9	601	6	494	3	15	0	50	500	500	0	500	500	0	
4.4698771014e+02	9	602	4	496	3	6	0	50	500	500	0	500	500	0	
4.4749957286e+02	11	600	6	494	1	9	0	50	500	500	0	500	500	0	
4.4799562048e+02	12	600	4	496	4	9	0	50	500	500	0	500	500	0	
4.4849687050e+02	11	600	3	497	2	6	0	50	500	500	0	500	500	0	
4.4899149124e+02	8	605	6	494	2	7	0	50	500	500	0	500	500	0	
4.4949643089e+02	9	604	3	497	3	12	0	50	500	500	0	500	500	0	
4.4999155880e+02	8	607	7	493	3	6	0	50	500	500	0	500	500	0	
4.5049931478e+02	8	609	2	498	3	3	0	50	500	500	0	500	500	0	
4.5099505199e+02	7	608	5	495	2	5	0	50	500	500	0	500	500	0	
4.5149985887e+02	6	607	1	499	4	6	0	50	500	500	0	500	500	0	
4.5199929634e+02	8	606	3	497	2	8	0	50	500	500	0	500	500	0	
4.5249914637e+02	10	603	6	494	4	5	0	50	500	500	0	500	500	0	
4.5299652773e+02	9	604	3	497	4	6	0	50	500	500	0	500	500	0	
4.5349400118e+02	11	603	5	495	2	6	0	50	500	500	0	500	500	0	
4.5399852726e+02	12	601	3	497	0	10	0	50	500	500	0	500	500	0	
4.5449619555e+02	12	601	5	495	3	9	0	50	500	500	0	500	500	0	
4.5498934277e+02	10	604	3	497	1	3	0	50	500	500	0	500	500	0	
4.5549954652e+02	10	605	0	500	2	6	0	50	500	500	0	500	500	0	
4.5599938030e+02	11	608	3	497	2	7	0	50	500	500	0	500	500	0	
4.5649662490e+02	13	606	7	493	3	8	0	50	500	500	0	500	500	0	
4.5699762388e+02	16	603	4	496	2	4	0	50	500	500	0	500	500	0	
4.5749188236e+02	18	603	4	496	1	6	0	50	500	500	0	500	500	0	
4.5799890195e+02	19	601	3	497	3	7	0	50	500	500	0	500	500	0	
4.5849892493e+02	15	604	4	496	2	5	0	50	500	500	0	500	500	0	
4.5899854214e+02	13	604	3	497	4	5	0	50	500	500	0	500	500	0	
4.5949795186e+02	11	612	1	499	2	7	0	50	500	500	0	500	500	0	
4.5999545832e+02	11	612	5	495	1	5	0	50	500	500	0	500	500	0	
4.6049777638e+02	13	611	5	495	2	15	0	50	500	500	0	500	500	0	
4.6099824074e+02	17	610	7	493	5	8	0	50	500	500	0	500	500	0	
4.6149832695e+02	19	609	8	492	6	12	0	50	500	500	0	500	500	0	
4.6199377575e+02	17	612	7	493	4	5	0	50	500	500	0	500	500	0	
4.6249948064e+02	17	612	5	495	2	5	0	50	500	500	0	500	500	0	
4.6299059071e+02	13	616	6	494	0	5	0	50	500	500	0	500	500	0	
4.6349210863e+02	9	620	3	497	0	12	0	50	500	500	0	500	500	0	
4.6399513713e+02	10	621	3	497	3	8	0	50	500	500	0	500	500	0	
4.6449265784e+02	7	624	5	495	2	2	0	50	500	500	0	500	500	0	
4.6499695786e+02	6	625	3	497	1	5	0	50	500	500	0	500	500	0	
4.6549928799e+02	9	622	1	499	3	4	0	50	500	500	0	500	500	0	
4.6599832479e+02	7	622	5	495	1	5	0	50	500	500	0	500	500	0	
4.6649903945e+02	9	621	3	497	3	4	0	50	500	500	0	500	500	0	
4.6699983550e+02	6	624	4	496	1	10	0	50	500	500	0	500	500	0	
4.6749636883e+02	7	625	3	497	3	5	0	50	500	500	0	500	500	0	
4.6799842775e+02	8	626	3	497	1	9	0	50	500	500	0	500	500	0	
4.6849922258e+02	6	629	4	496	1	8	0	50	500	500	0	500	500	0	
4.6899733292e+02	6	630	5	495	1	12	0	50	500	500	0	500	500	0	
4.6949732907e+02	11	625	5	495	2	7	0	50	500	500	0	500	500	0	
4.6999456830e+02	9	627	5	495	2	5	0	50	500	500	0	500	500	0	
4.7049679548e+02	8	629	4	496	3	8	0	50	500	500	0	500	500	0	
4.7099873242e+02	5	632	2	498	2	11	0	50	500	500	0	500	500	0	
4.7149963971e+02	8	630	10	490	2	8	0	50	500	500	0	500	500	0	
4.7199410812e+02	12	627	2	498	4	9	0	50	500	500	0	500	500	0	
4.7249447036e+02	14	626	6	494	4	5	0	50	500	500	0	500	500	0	
4.7299845305e+02	15	625	1	499	6	5	0	50	500	500	0	500	500	0	
4.7348666796e+02	15	626	1	499	3	7	0	50	500	500	0	500	500	0	
4.7399905086e+02	15	626	12	488	5	2	0	50	500	500	0	500	500	0	
4.7449824768e+02	9	635	2	498	0	6	0	50	500	500	0	500	500	0	
4.7499701197e+02	9	635	4	496	0	4	0	50	500	500	0	500	500	0	
4.7549874723e+02	5	638	5	495	1	3	0	50	500	500	0	500	500	0	
4.7599683260e+02	6	637	0	500	3	7	0	50	500	500	0	500	500	0	
4.7649921341e+02	4	640	1	499	5	5	0	50	500	500	0	500	500	0	
4.7699889994e+02	2	641	1	499	5	10	0	50	500	500	0	500	500	0	
4.7749207677e+02	5	639	5	495	7	5	0	50	500	500	0	500	500	0	
4.7799376767e+02	9	634	7	493	2	11	0	50	500	500	0	500	500	0	
4.7849337331e+02	10	635	6	494	2	5	0	50	500	500	0	500	500	0	
4.7899855278e+02	10	636	1	499	0	7	0	50	500	500	0	500	500	0	
4.7949588122e+02	10	637	6	494	3	10	0	50	500	500	0	500	500	0	
4.7999745085e+02	8	639	7	493	6	6	0	50	500	500	0	500	500	0	
4.8049492918e+02	11	637	1	499	1	14	0	50	500	500	0	500	500	0	
4.8099953428e+02	12	638	6	494	4	7	0	50	500	500	0	500	500	0	
4.8149692916e+02	6	645	1	499	4	8	0	50	500	500	0	500	500	0	
4.8199946087e+02	8	641	4	496	4	6	0	50	500	500	0	500	500	0	
4.8249954270e+02	9	640	5	495	4	7	0	50	500	500	0	500	500	0	
4.8299291110e+02	9	643	1	499	0	11	0	50	500	500	0	500	500	0	
4.8349744119e+02	8	644	4	496	2	9	0	50	500	500	0	500	500	0	
4.8399265777e+02	9	638	2	498	2	6	0	50	500	500	0	500	500	0	
4.8449726632e+02	10	636	3	497	6	5	0	50	500	500	0	500	500	0	
4.8497935658e+02	9	637	3	497	1	7	0	50	500	500	0	500	500	0	
4.8549855589e+02	10	636	8	492	1	10	0	50	500	500	0	500	500	0	
4.8599930709e+02	6	639	1	499	2	4	0	50	500	500	0	500	500	0	
4.8649424815e+02	5	641	7	493	2	7	0	50	500	500	0	500	500	0	
4.8699931752e+02	6	641	3	497	3	5	0	50	500	500	0	500	500	0	
4.8749449626e+02	8	639	7	493	2	9	0	50	500	500	0	500	500	0	
4.8799720765e+02	7	638	2	498	1	6	0	50	500	500	0	500	500	0	
4.8849531189e+02	6	641	1	499	1	7	0	50	500	500	0	500	500	0	
4.8899940714e+02	6	639	3	497	2	4	0	50	500	500	0	500	500	0	
4.8949352908e+02	7	638	2	498	2	8	0	50	500	500	0	500	500	0	
4.8999005583e+02	7	641	3	497	3	5	0	50	500	500	0	500	500	0	
4.9049958074e+02	7	643	4	496	4	3	0	50	500	500	0	500	500	0	
4.9099962143e+02	6	644	1	499	3	3	0	50	500	500	0	500	500	0	
4.9149567176e+02	5	645	2	498	3	6	0	50	500	500	0	500	500	0	
4.9199361064e+02	7	646	0	500	5	8	0	50	500	500	0	500	500	0	
4.9248985026e+02	6	650	1	499	4	8	0	50	500	500	0	500	500	0	
4.9299897350e+02	5	650	6	494	2	11	0	50	500	500	0	500	500	0	
4.9349945472e+02	5	650	8	492	2	7	0	50	500	500	0	500	500	0	
4.9399739553e+02	5	649	8	492	1	2	0	50	500	500	0	500	500	0	
4.9449710543e+02	5	650	4	496	1	7	0	50	500	500	0	500	500	0	
4.9499932830e+02	5	650	2	498	3	4	0	50	500	500	0	500	500	0	
4.9549505970e+02	7	645	3	497	3	6	0	50	500	500	0	500	500	0	
4.9599915132e+02	5	648	1	499	2	7	0	50	500	500	0	500	500	0	
4.9649892153e+02	8	646	4	496	2	10	0	50	500	500	0	500	500	0	
4.9698964440e+02	11	644	2	498	3	10	0	50	500	500	0	500	500	0	
4.9749822152e+02	9	646	3	497	1	3	0	50	500	500	0	500	500	0	
4.9799042931e+02	11	642	4	496	1	5	0	50	500	500	0	500	500	0	
4.9849753689e+02	9	643	4	496	2	8	0	50	500	500	0	500	500	0	
4.9899270064e+02	11	642	7	493	1	12	0	50	500	500	0	500	500	0	
4.9949472807e+02	10	642	6	494	2	10	0	50	500	500	0	500	500	0	
4.9999289519e+02	12	640	3	497	1	6	0	50	500	500	0	500	500	0	
5.0000150764e+02	12	640	2	498	1	6	0	50	500	500	0	500	500	0	
