0.0000000000e+00	0	0	500	0	0	0	0	50	500	500	500	0	0	0	
4.8695174940e-01	0	2	499	1	0	12	0	50	500	500	500	0	0	0	
9.7997137380e-01	0	3	500	0	0	15	0	50	500	500	500	0	0	0	
1.4920734459e+00	0	3	499	1	0	24	0	50	500	500	500	0	0	0	
1.9910418098e+00	0	5	499	1	0	26	0	50	500	500	500	0	0	0	
2.4718202055e+00	0	5	498	2	1	30	0	50	500	500	500	0	0	0	
2.9942193346e+00	1	5	496	4	0	37	0	50	500	500	500	0	0	0	
3.4942329403e+00	2	7	495	5	1	45	0	50	500	500	500	0	0	0	
3.9790678392e+00	2	8	495	5	3	47	0	50	500	500	500	0	0	0	
4.4887874651e+00	2	9	491	9	1	51	0	50	500	500	500	0	0	0	
4.9889764114e+00	2	9	489	11	1	48	0	50	500	500	500	0	0	0	
5.4963768739e+00	2	10	489	11	0	54	0	50	500	500	500	0	0	0	
5.9546355478e+00	2	10	490	10	1	50	0	50	500	500	500	0	0	0	
6.4990045375e+00	2	10	492	8	5	45	0	50	500	500	500	0	0	0	
6.9914352837e+00	2	10	492	8	0	45	0	50	500	500	500	0	0	0	
7.4792710480e+00	2	12	495	5	4	51	0	50	500	500	500	0	0	0	
7.9991404295e+00	3	11	492	8	2	56	0	50	500	500	500	0	0	0	
8.4953441334e+00	3	12	496	4	1	57	0	50	500	500	500	0	0	0	
8.9936836257e+00	3	14	492	8	0	60	0	50	500	500	500	0	0	0	
9.4986389321e+00	3	14	491	9	0	64	0	50	500	500	500	0	0	0	
9.9996426230e+00	3	15	491	9	1	62	0	50	500	500	500	0	0	0	
1.0497918450e+01	4	15	493	7	1	55	0	50	500	500	500	0	0	0	
1.0991971216e+01	5	15	494	6	0	49	0	50	500	500	500	0	0	0	
1.1463506444e+01	5	15	492	8	1	46	0	50	500	500	500	0	0	0	
1.1999421343e+01	6	14	491	9	2	44	0	50	500	500	500	0	0	0	
1.2489917698e+01	6	17	491	9	3	46	0	50	500	500	500	0	0	0	
1.2983822706e+01	7	16	490	10	3	44	0	50	500	500	500	0	0	0	
1.3489533112e+01	7	16	490	10	1	43	0	50	500	500	500	0	0	0	
1.3993956335e+01	7	17	486	14	1	42	0	50	500	500	500	0	0	0	
1.4497009153e+01	7	19	481	19	2	48	0	50	500	500	500	0	0	0	
1.4993648618e+01	8	21	485	15	2	49	0	50	500	500	500	0	0	0	
1.5498350342e+01	8	22	482	18	4	41	0	50	500	500	500	0	0	0	
1.5999760803e+01	8	24	486	14	4	41	0	50	500	500	500	0	0	0	
1.6490471201e+01	8	24	483	17	4	38	0	50	500	500	500	0	0	0	
1.6990855624e+01	8	27	481	19	3	38	0	50	500	500	500	0	0	0	
1.7499454750e+01	8	27	485	15	2	37	0	50	500	500	500	0	0	0	
1.7984682722e+01	9	29	485	15	4	32	0	50	500	500	500	0	0	0	
1.8499176459e+01	10	29	480	20	6	32	0	50	500	500	500	0	0	0	
1.8995170983e+01	12	29	477	23	4	35	0	50	500	500	500	0	0	0	
1.9499912562e+01	12	32	465	35	4	33	0	50	500	500	500	0	0	0	
1.9999484471e+01	11	34	476	24	3	33	0	50	500	500	500	0	0	0	
2.0476384738e+01	11	34	470	30	2	31	0	50	500	500	500	0	0	0	
2.0994823316e+01	12	37	464	36	5	36	0	50	500	500	500	0	0	0	
2.1499090678e+01	12	38	475	25	6	34	0	50	500	500	500	0	0	0	
2.1998755262e+01	13	38	469	31	1	31	0	50	500	500	500	0	0	0	
2.2499747914e+01	13	40	472	28	3	33	0	50	500	500	500	0	0	0	
2.2990598454e+01	14	40	472	28	5	36	0	50	500	500	500	0	0	0	
2.3494416773e+01	15	40	460	40	3	31	0	50	500	500	500	0	0	0	
2.3999566531e+01	15	43	449	51	4	33	0	50	500	500	500	0	0	0	
2.4486936813e+01	15	43	450	50	7	30	0	50	500	500	500	0	0	0	
2.4993794796e+01	16	43	458	42	6	34	0	50	500	500	500	0	0	0	
2.5497868564e+01	16	45	448	52	7	31	0	50	500	500	500	0	0	0	
2.5999595798e+01	16	47	451	49	4	32	0	50	500	500	500	0	0	0	
2.6484118725e+01	17	46	452	48	2	32	0	50	500	500	500	0	0	0	
2.6998239401e+01	19	44	442	58	7	26	0	50	500	500	500	0	0	0	
2.7497345388e+01	19	47	449	51	6	28	0	50	500	500	500	0	0	0	
2.7998249601e+01	19	50	437	63	6	27	0	50	500	500	500	0	0	0	
2.8496669377e+01	19	50	428	72	5	29	0	50	500	500	500	0	0	0	
2.8997039863e+01	20	50	426	74	6	30	0	50	500	500	500	0	0	0	
2.9494181409e+01	20	55	410	90	6	27	0	50	500	500	500	0	0	0	
2.9998129825e+01	18	59	391	109	4	22	0	50	500	500	500	0	0	0	
3.0498498446e+01	16	64	396	104	4	18	0	50	500	500	500	0	0	0	
3.0999203795e+01	15	65	387	113	3	12	0	50	500	500	500	0	0	0	
3.1499980406e+01	14	67	390	110	5	12	0	50	500	500	500	0	0	0	
3.1999785830e+01	14	68	375	125	5	13	0	50	500	500	500	0	0	0	
3.2498110442e+01	13	70	367	133	2	23	0	50	500	500	500	0	0	0	
3.2998418226e+01	14	74	341	159	5	22	0	50	500	500	500	0	0	0	
3.3499669884e+01	16	73	315	185	10	19	0	50	500	500	500	0	0	0	
3.3998375090e+01	16	74	308	192	10	14	0	50	500	500	500	0	0	0	
3.4498746854e+01	14	79	305	195	10	15	0	50	500	500	500	0	0	0	
3.4999830396e+01	13	82	295	205	7	16	0	50	500	500	500	0	0	0	
3.5498279826e+01	9	87	301	199	2	18	0	50	500	500	500	0	0	0	
3.5998976498e+01	7	90	273	227	9	13	0	50	500	500	500	0	0	0	
3.6497513947e+01	8	90	250	250	6	15	0	50	500	500	500	0	0	0	
3.6998184684e+01	6	92	229	271	6	20	0	50	500	500	500	0	0	0	
3.7499678492e+01	7	92	224	276	11	17	0	50	500	500	500	0	0	0	
3.7996735349e+01	6	94	204	296	6	13	0	50	500	500	500	0	0	0	
3.8499026026e+01	4	96	192	308	9	10	0	50	500	500	500	0	0	0	
3.8997860077e+01	4	96	191	309	6	8	0	50	500	500	500	0	0	0	
3.9496398588e+01	2	99	191	309	3	15	0	50	500	500	500	0	0	0	
3.9999152869e+01	2	99	163	337	6	12	0	50	500	500	500	0	0	0	
4.0497797981e+01	2	100	157	343	4	21	0	50	500	500	500	0	0	0	
4.0998406400e+01	2	100	147	353	9	16	0	50	500	500	500	0	0	0	
4.1498501453e+01	1	102	152	348	10	14	0	50	500	500	500	0	0	0	
4.1997544460e+01	2	103	156	344	8	11	0	50	500	500	500	0	0	0	
4.2495180805e+01	2	103	121	379	5	15	0	50	500	500	500	0	0	0	
4.2999337454e+01	2	105	109	391	5	19	0	50	500	500	500	0	0	0	
4.3499978322e+01	2	105	107	393	8	10	0	50	500	500	500	0	0	0	
4.3999266500e+01	2	105	77	423	14	17	0	50	500	500	500	0	0	0	
4.4497195128e+01	2	105	86	414	13	22	0	50	500	500	500	0	0	0	
4.4999394183e+01	3	105	98	402	16	11	0	50	500	500	500	0	0	0	
4.5497265870e+01	4	106	103	397	7	19	0	50	500	500	500	0	0	0	
4.5999909773e+01	3	107	78	422	7	16	0	50	500	500	500	0	0	0	
4.6498872619e+01	3	108	86	414	6	20	0	50	500	500	500	0	0	0	
4.6998867014e+01	4	108	79	421	8	18	0	50	500	500	500	0	0	0	
4.7497431485e+01	2	111	88	412	11	20	0	50	500	500	500	0	0	0	
4.7999884838e+01	4	109	85	415	12	27	0	50	500	500	500	0	0	0	
4.8499556179e+01	4	110	90	410	12	26	0	50	500	500	500	0	0	0	
4.8996995906e+01	3	113	97	403	15	17	0	50	500	500	500	0	0	0	
4.9496799109e+01	2	114	86	414	10	16	0	50	500	500	500	0	0	0	
4.9998645171e+01	3	114	74	426	12	14	0	50	500	500	500	0	0	0	
5.0499711097e+01	3	114	65	435	13	24	0	50	500	500	500	0	0	0	
5.0999933877e+01	5	112	77	423	11	20	0	50	500	500	500	0	0	0	
5.1497369864e+01	5	114	80	420	7	22	0	50	500	500	500	0	0	0	
5.1998819408e+01	5	115	91	409	11	10	0	50	500	500	500	0	0	0	
5.2499385118e+01	3	120	84	416	6	13	0	50	500	500	500	0	0	0	
5.2999760393e+01	4	119	67	433	6	13	0	50	500	500	500	0	0	0	
5.3495921527e+01	3	123	70	430	6	11	0	50	500	500	500	0	0	0	
5.3995402801e+01	4	122	67	433	11	10	0	50	500	500	500	0	0	0	
5.4497810462e+01	4	123	66	434	9	10	0	50	500	500	500	0	0	0	
5.4998192606e+01	6	123	76	424	10	14	0	50	500	500	500	0	0	0	
5.5498069039e+01	3	126	75	425	10	13	0	50	500	500	500	0	0	0	
5.5997305740e+01	2	129	47	453	10	14	0	50	500	500	500	0	0	0	
5.6498648206e+01	3	128	39	461	13	12	0	50	500	500	500	0	0	0	
5.6998589150e+01	2	131	49	451	3	8	0	50	500	500	500	0	0	0	
5.7497012358e+01	1	134	42	458	6	11	0	50	500	500	500	0	0	0	
5.7995498390e+01	2	133	51	449	10	17	0	50	500	500	500	0	0	0	
5.8499477588e+01	1	134	43	457	14	14	0	50	500	500	500	0	0	0	
5.8989277576e+01	1	135	40	460	10	16	0	50	500	500	500	0	0	0	
5.9499661491e+01	3	133	55	445	11	11	0	50	500	500	500	0	0	0	
5.9998107071e+01	4	133	37	463	11	13	0	50	500	500	500	0	0	0	
6.0497091281e+01	4	133	52	448	12	15	0	50	500	500	500	0	0	0	
6.0997786990e+01	4	136	52	448	8	15	0	50	500	500	500	0	0	0	
6.1498418987e+01	3	137	46	454	8	16	0	50	500	500	500	0	0	0	
6.1998984775e+01	2	140	62	438	13	9	0	50	500	500	500	0	0	0	
6.2497988784e+01	1	141	51	449	9	9	0	50	500	500	500	0	0	0	
6.2998486340e+01	2	141	48	452	6	6	0	50	500	500	500	0	0	0	
6.3490817413e+01	3	140	54	446	12	6	0	50	500	500	500	0	0	0	
6.3998176826e+01	2	143	43	457	10	8	0	50	500	500	500	0	0	0	
6.4499843049e+01	2	144	38	462	9	12	0	50	500	500	500	0	0	0	
6.4994355443e+01	3	143	35	465	9	12	0	50	500	500	500	0	0	0	
6.5498054903e+01	3	143	36	464	15	10	0	50	500	500	500	0	0	0	
6.5996882717e+01	2	144	34	466	8	12	0	50	500	500	500	0	0	0	
6.6498006051e+01	2	145	41	459	6	11	0	50	500	500	500	0	0	0	
6.6999803388e+01	1	147	42	458	5	20	0	50	500	500	500	0	0	0	
6.7497526188e+01	0	149	38	462	12	13	0	50	500	500	500	0	0	0	
6.7996603988e+01	0	148	34	466	9	9	0	50	500	500	500	0	0	0	
6.8499779350e+01	0	151	38	462	13	10	0	50	500	500	500	0	0	0	
6.8999492760e+01	0	151	34	466	12	8	0	50	500	500	500	0	0	0	
6.9499444428e+01	0	150	24	476	6	14	0	50	500	500	500	0	0	0	
6.9999634429e+01	2	149	37	463	4	15	0	50	500	500	500	0	0	0	
7.0497470492e+01	3	148	44	456	9	9	0	50	500	500	500	0	0	0	
7.0998474768e+01	3	147	41	459	14	3	0	50	500	500	500	0	0	0	
7.1498859561e+01	3	146	58	442	5	15	0	50	500	500	500	0	0	0	
7.1997765527e+01	4	148	61	439	8	9	0	50	500	500	500	0	0	0	
7.2497519108e+01	4	150	48	452	8	6	0	50	500	500	500	0	0	0	
7.2999374771e+01	4	151	53	447	10	8	0	50	500	500	500	0	0	0	
7.3498873092e+01	2	152	29	471	9	10	0	50	500	500	500	0	0	0	
7.3999847794e+01	1	153	36	464	8	8	0	50	500	500	500	0	0	0	
7.4499567438e+01	0	156	34	466	8	11	0	50	500	500	500	0	0	0	
7.4997389588e+01	0	157	47	453	7	13	0	50	500	500	500	0	0	0	
7.5498528305e+01	1	158	43	457	11	13	0	50	500	500	500	0	0	0	
7.5998108523e+01	1	159	29	471	4	9	0	50	500	500	500	0	0	0	
7.6493538749e+01	1	160	38	462	8	9	0	50	500	500	500	0	0	0	
7.6997634385e+01	3	161	28	472	10	11	0	50	500	500	500	0	0	0	
7.7499708011e+01	3	162	30	470	12	9	0	50	500	500	500	0	0	0	
7.7997539183e+01	3	162	27	473	12	14	0	50	500	500	500	0	0	0	
7.8499718512e+01	1	165	23	477	9	15	0	50	500	500	500	0	0	0	
7.8998484662e+01	1	167	23	477	9	16	0	50	500	500	500	0	0	0	
7.9496923943e+01	2	167	22	478	11	8	0	50	500	500	500	0	0	0	
7.9991996720e+01	2	168	22	478	8	6	0	50	500	500	500	0	0	0	
8.0499223760e+01	1	169	41	459	9	14	0	50	500	500	500	0	0	0	
8.0999555755e+01	1	170	33	467	15	9	0	50	500	500	500	0	0	0	
8.1499471490e+01	1	171	34	466	14	11	0	50	500	500	500	0	0	0	
8.1993186124e+01	3	169	32	468	13	13	0	50	500	500	500	0	0	0	
8.2497630111e+01	3	171	43	457	13	17	0	50	500	500	500	0	0	0	
8.2998668384e+01	3	172	38	462	12	11	0	50	500	500	500	0	0	0	
8.3499138130e+01	3	172	41	459	11	11	0	50	500	500	500	0	0	0	
8.3996670524e+01	3	174	42	458	8	11	0	50	500	500	500	0	0	0	
8.4498525231e+01	2	175	36	464	12	12	0	50	500	500	500	0	0	0	
8.4995010335e+01	3	176	43	457	9	11	0	50	500	500	500	0	0	0	
8.5498144027e+01	2	177	19	481	7	6	0	50	500	500	500	0	0	0	
8.5998859727e+01	2	178	28	472	10	9	0	50	500	500	500	0	0	0	
8.6498988917e+01	4	177	28	472	9	11	0	50	500	500	500	0	0	0	
8.6999804144e+01	5	178	32	468	5	14	0	50	500	500	500	0	0	0	
8.7495893808e+01	3	181	16	484	10	11	0	50	500	500	500	0	0	0	
8.7999981645e+01	3	182	27	473	7	9	0	50	500	500	500	0	0	0	
8.8495459882e+01	3	182	33	467	10	13	0	50	500	500	500	0	0	0	
8.8998275530e+01	3	182	40	460	19	6	0	50	500	500	500	0	0	0	
8.9499569362e+01	3	182	52	448	15	10	0	50	500	500	500	0	0	0	
8.9999689164e+01	3	182	33	467	17	12	0	50	500	500	500	0	0	0	
9.0498800671e+01	4	183	26	474	8	13	0	50	500	500	500	0	0	0	
9.0999445382e+01	5	182	27	473	10	10	0	50	500	500	500	0	0	0	
9.1497083026e+01	4	183	28	472	13	11	0	50	500	500	500	0	0	0	
9.1999387847e+01	6	182	29	471	14	12	0	50	500	500	500	0	0	0	
9.2499065890e+01	10	180	32	468	13	8	0	50	500	500	500	0	0	0	
9.2996214439e+01	9	181	39	461	6	8	0	50	500	500	500	0	0	0	
9.3495957569e+01	9	181	40	460	7	11	0	50	500	500	500	0	0	0	
9.3990950445e+01	5	184	25	475	7	11	0	50	500	500	500	0	0	0	
9.4496111614e+01	6	183	16	484	10	11	0	50	500	500	500	0	0	0	
9.4997798042e+01	5	185	32	468	7	13	0	50	500	500	500	0	0	0	
9.5498168819e+01	3	188	36	464	7	5	0	50	500	500	500	0	0	0	
9.5995097020e+01	3	189	33	467	3	4	0	50	500	500	500	0	0	0	
9.6496917166e+01	5	187	26	474	4	11	0	50	500	500	500	0	0	0	
9.6999870772e+01	6	188	24	476	15	11	0	50	500	500	500	0	0	0	
9.7489188833e+01	5	191	24	476	11	7	0	50	500	500	500	0	0	0	
9.7996970855e+01	4	197	41	459	10	12	0	50	500	500	500	0	0	0	
9.8496940505e+01	4	199	30	470	9	10	0	50	500	500	500	0	0	0	
9.8993197028e+01	5	200	18	482	12	7	0	50	500	500	500	0	0	0	
9.9499981502e+01	5	200	21	479	7	4	0	50	500	500	500	0	0	0	
9.9997590094e+01	3	204	22	478	4	18	0	50	500	500	500	0	0	0	
1.0049497777e+02	3	203	23	477	10	7	0	50	500	500	500	0	0	0	
1.0099310363e+02	3	207	22	478	8	9	0	50	500	500	500	0	0	0	
1.0149928648e+02	3	208	25	475	6	10	0	50	500	500	500	0	0	0	
1.0199900020e+02	3	208	24	476	9	6	0	50	500	500	500	0	0	0	
1.0249836816e+02	3	207	29	471	7	14	0	50	500	500	500	0	0	0	
1.0299590890e+02	3	206	27	473	13	9	0	50	500	500	500	0	0	0	
1.0349860762e+02	3	205	33	467	8	14	0	50	500	500	500	0	0	0	
1.0399994154e+02	3	207	22	478	11	6	0	50	500	500	500	0	0	0	
1.0449898744e+02	4	209	32	468	11	9	0	50	500	500	500	0	0	0	
1.0499897509e+02	4	209	28	472	10	8	0	50	500	500	500	0	0	0	
1.0549748277e+02	2	209	15	485	13	13	0	50	500	500	500	0	0	0	
1.0599743486e+02	3	210	20	480	14	10	0	50	500	500	500	0	0	0	
1.0649974788e+02	4	209	19	481	12	10	0	50	500	500	500	0	0	0	
1.0699908450e+02	5	209	28	472	10	9	0	50	500	500	500	0	0	0	
1.0749820697e+02	5	209	21	479	9	7	0	50	500	500	500	0	0	0	
1.0799798495e+02	4	210	23	477	6	6	0	50	500	500	500	0	0	0	
1.0849715234e+02	4	210	21	479	6	11	0	50	500	500	500	0	0	0	
1.0899739081e+02	2	213	24	476	11	7	0	50	500	500	500	0	0	0	
1.0949987475e+02	0	217	29	471	13	11	0	50	500	500	500	0	0	0	
1.0999495193e+02	0	219	40	460	12	14	0	50	500	500	500	0	0	0	
1.1049703028e+02	1	221	35	465	8	6	0	50	500	500	500	0	0	0	
1.1099946862e+02	2	221	22	478	14	11	0	50	500	500	500	0	0	0	
1.1149900985e+02	2	221	18	482	13	6	0	50	500	500	500	0	0	0	
1.1199658036e+02	2	223	25	475	16	7	0	50	500	500	500	0	0	0	
1.1249938109e+02	3	223	22	478	13	10	0	50	500	500	500	0	0	0	
1.1299971740e+02	3	223	19	481	9	5	0	50	500	500	500	0	0	0	
1.1349832452e+02	6	222	24	476	12	10	0	50	500	500	500	0	0	0	
1.1399858516e+02	5	222	11	489	11	14	0	50	500	500	500	0	0	0	
1.1449773353e+02	4	225	15	485	12	2	0	50	500	500	500	0	0	0	
1.1499794418e+02	4	225	23	477	14	8	0	50	500	500	500	0	0	0	
1.1549949965e+02	5	226	17	483	11	11	0	50	500	500	500	0	0	0	
1.1599933419e+02	4	227	20	480	13	12	0	50	500	500	500	0	0	0	
1.1649939384e+02	7	225	16	484	13	11	0	50	500	500	500	0	0	0	
1.1699585424e+02	5	230	27	473	7	11	0	50	500	500	500	0	0	0	
1.1749945003e+02	6	231	16	484	6	9	0	50	500	500	500	0	0	0	
1.1799430650e+02	6	233	17	483	10	10	0	50	500	500	500	0	0	0	
1.1849630639e+02	4	236	33	467	9	9	0	50	500	500	500	0	0	0	
1.1899759243e+02	5	234	25	475	14	10	0	50	500	500	500	0	0	0	
1.1949721067e+02	4	235	25	475	10	13	0	50	500	500	500	0	0	0	
1.1999959053e+02	3	238	34	466	11	9	0	50	500	500	500	0	0	0	
1.2049976197e+02	4	237	13	487	9	8	0	50	500	500	500	0	0	0	
1.2099102554e+02	4	236	15	485	8	7	0	50	500	500	500	0	0	0	
1.2149926516e+02	5	236	15	485	6	7	0	50	500	500	500	0	0	0	
1.2199484255e+02	4	237	31	469	15	5	0	50	500	500	500	0	0	0	
1.2249592759e+02	5	239	13	487	12	9	0	50	500	500	500	0	0	0	
1.2299892342e+02	3	242	16	484	14	6	0	50	500	500	500	0	0	0	
1.2349970971e+02	5	241	15	485	9	8	0	50	500	500	500	0	0	0	
1.2399982624e+02	7	240	17	483	16	2	0	50	500	500	500	0	0	0	
1.2449782744e+02	7	241	7	493	14	7	0	50	500	500	500	0	0	0	
1.2499891667e+02	7	243	24	476	11	9	0	50	500	500	500	0	0	0	
1.2549152596e+02	7	244	22	478	14	8	0	50	500	500	500	0	0	0	
1.2599890810e+02	6	248	17	483	11	14	0	50	500	500	500	0	0	0	
1.2649539757e+02	5	249	21	479	10	9	0	50	500	500	500	0	0	0	
1.2699953276e+02	6	248	27	473	17	3	0	50	500	500	500	0	0	0	
1.2749865192e+02	3	252	19	481	9	4	0	50	500	500	500	0	0	0	
1.2799942726e+02	2	254	19	481	8	4	0	50	500	500	500	0	0	0	
1.2849880935e+02	1	256	17	483	4	5	0	50	500	500	500	0	0	0	
1.2898973364e+02	1	258	16	484	8	2	0	50	500	500	500	0	0	0	
1.2949957053e+02	2	259	25	475	7	8	0	50	500	500	500	0	0	0	
1.2999909053e+02	2	260	19	481	7	10	0	50	500	500	500	0	0	0	
1.3049530163e+02	2	260	16	484	9	5	0	50	500	500	500	0	0	0	
1.3099918765e+02	2	261	13	487	10	5	0	50	500	500	500	0	0	0	
1.3148931677e+02	1	263	20	480	9	7	0	50	500	500	500	0	0	0	
1.3199823006e+02	1	264	14	486	11	12	0	50	500	500	500	0	0	0	
1.3249866934e+02	2	263	16	484	9	11	0	50	500	500	500	0	0	0	
1.3299677506e+02	2	264	20	480	10	7	0	50	500	500	500	0	0	0	
1.3349666214e+02	4	262	17	483	8	10	0	50	500	500	500	0	0	0	
1.3399840927e+02	4	263	21	479	13	10	0	50	500	500	500	0	0	0	
1.3449938625e+02	3	265	20	480	14	9	0	50	500	500	500	0	0	0	
1.3499665420e+02	3	265	13	487	12	6	0	50	500	500	500	0	0	0	
1.3549604159e+02	2	267	12	488	19	7	0	50	500	500	500	0	0	0	
1.3599954473e+02	2	268	23	477	17	7	0	50	500	500	500	0	0	0	
1.3649939788e+02	2	269	14	486	13	11	0	50	500	500	500	0	0	0	
1.3699933991e+02	1	274	14	486	14	8	0	50	500	500	500	0	0	0	
1.3749989136e+02	1	274	24	476	7	8	0	50	500	500	500	0	0	0	
1.3799838665e+02	2	275	16	484	10	7	0	50	500	500	500	0	0	0	
1.3849241585e+02	3	273	11	489	8	5	0	50	500	500	500	0	0	0	
1.3899604969e+02	4	274	22	478	11	4	0	50	500	500	500	0	0	0	
1.3949938642e+02	5	274	17	483	12	2	0	50	500	500	500	0	0	0	
1.3999746680e+02	5	275	16	484	12	8	0	50	500	500	500	0	0	0	
1.4049960185e+02	8	272	21	479	16	3	0	50	500	500	500	0	0	0	
1.4099995255e+02	8	275	21	479	12	2	0	50	500	500	500	0	0	0	
1.4149840878e+02	8	275	22	478	11	9	0	50	500	500	500	0	0	0	
1.4199938559e+02	6	278	17	483	8	11	0	50	500	500	500	0	0	0	
1.4249681280e+02	6	281	12	488	11	6	0	50	500	500	500	0	0	0	
1.4299918099e+02	3	284	14	486	13	4	0	50	500	500	500	0	0	0	
1.4349975311e+02	4	286	20	480	6	9	0	50	500	500	500	0	0	0	
1.4399911382e+02	4	286	14	486	5	10	0	50	500	500	500	0	0	0	
1.4449996638e+02	3	288	10	490	9	13	0	50	500	500	500	0	0	0	
1.4499587581e+02	4	289	20	480	13	8	0	50	500	500	500	0	0	0	
1.4549758443e+02	3	290	20	480	12	14	0	50	500	500	500	0	0	0	
1.4599920154e+02	2	291	14	486	14	8	0	50	500	500	500	0	0	0	
1.4649735260e+02	2	292	7	493	13	5	0	50	500	500	500	0	0	0	
1.4699857486e+02	3	293	22	478	14	13	0	50	500	500	500	0	0	0	
1.4749987671e+02	5	292	15	485	9	7	0	50	500	500	500	0	0	0	
1.4799808477e+02	5	294	18	482	4	5	0	50	500	500	500	0	0	0	
1.4849876124e+02	5	292	15	485	10	2	0	50	500	500	500	0	0	0	
1.4899943589e+02	5	293	16	484	8	6	0	50	500	500	500	0	0	0	
1.4949665641e+02	5	292	18	482	5	9	0	50	500	500	500	0	0	0	
1.4999729227e+02	4	294	11	489	4	8	0	50	500	500	500	0	0	0	
1.5049678349e+02	3	296	10	490	17	4	0	50	500	500	500	0	0	0	
1.5099955551e+02	3	297	10	490	9	5	0	50	500	500	500	0	0	0	
1.5149946076e+02	2	298	10	490	6	2	0	50	500	500	500	0	0	0	
1.5199974970e+02	3	297	18	482	11	7	0	50	500	500	500	0	0	0	
1.5249892025e+02	3	299	15	485	11	6	0	50	500	500	500	0	0	0	
1.5299546994e+02	4	299	14	486	9	3	0	50	500	500	500	0	0	0	
1.5349369599e+02	4	297	11	489	14	5	0	50	500	500	500	0	0	0	
1.5399854100e+02	3	299	16	484	15	6	0	50	500	500	500	0	0	0	
1.5449990447e+02	3	298	15	485	16	8	0	50	500	500	500	0	0	0	
1.5499967283e+02	2	298	8	492	15	4	0	50	500	500	500	0	0	0	
1.5549832187e+02	2	300	19	481	10	7	0	50	500	500	500	0	0	0	
1.5599920453e+02	2	299	13	487	10	8	0	50	500	500	500	0	0	0	
1.5649849749e+02	1	302	26	474	13	4	0	50	500	500	500	0	0	0	
1.5699113352e+02	0	304	16	484	11	6	0	50	500	500	500	0	0	0	
1.5749601399e+02	0	304	9	491	3	10	0	50	500	500	500	0	0	0	
1.5799699539e+02	1	302	13	487	12	7	0	50	500	500	500	0	0	0	
1.5849806009e+02	1	302	8	492	10	5	0	50	500	500	500	0	0	0	
1.5899782903e+02	3	301	19	481	11	9	0	50	500	500	500	0	0	0	
1.5949758251e+02	5	299	15	485	12	4	0	50	500	500	500	0	0	0	
1.5999305258e+02	5	300	18	482	11	5	0	50	500	500	500	0	0	0	
1.6049611156e+02	5	300	19	481	14	7	0	50	500	500	500	0	0	0	
1.6099706428e+02	4	302	12	488	11	5	0	50	500	500	500	0	0	0	
1.6149994558e+02	4	302	13	487	6	10	0	50	500	500	500	0	0	0	
1.6199544356e+02	3	304	10	490	11	5	0	50	500	500	500	0	0	0	
1.6249744495e+02	3	305	20	480	14	5	0	50	500	500	500	0	0	0	
1.6299973468e+02	2	305	13	487	10	6	0	50	500	500	500	0	0	0	
1.6349543693e+02	2	304	22	478	10	4	0	50	500	500	500	0	0	0	
1.6399905470e+02	3	303	16	484	16	10	0	50	500	500	500	0	0	0	
1.6449872186e+02	2	304	11	489	10	8	0	50	500	500	500	0	0	0	
1.6499723600e+02	3	303	12	488	13	4	0	50	500	500	500	0	0	0	
1.6548910234e+02	1	305	18	482	7	6	0	50	500	500	500	0	0	0	
1.6599923516e+02	1	304	9	491	9	3	0	50	500	500	500	0	0	0	
1.6649454189e+02	1	306	13	487	13	5	0	50	500	500	500	0	0	0	
1.6699885461e+02	4	303	15	485	12	4	0	50	500	500	500	0	0	0	
1.6749452824e+02	4	303	3	497	9	7	0	50	500	500	500	0	0	0	
1.6799610476e+02	3	307	17	483	10	8	0	50	500	500	500	0	0	0	
1.6849892448e+02	3	310	11	489	15	11	0	50	500	500	500	0	0	0	
1.6899935431e+02	3	311	17	483	18	10	0	50	500	500	500	0	0	0	
1.6949985300e+02	3	311	10	490	14	8	0	50	500	500	500	0	0	0	
1.6999963502e+02	3	312	10	490	12	3	0	50	500	500	500	0	0	0	
1.7049413893e+02	3	311	16	484	13	4	0	50	500	500	500	0	0	0	
1.7099773418e+02	3	311	22	478	9	10	0	50	500	500	500	0	0	0	
1.7149943580e+02	4	311	18	482	18	9	0	50	500	500	500	0	0	0	
1.7199618501e+02	4	312	12	488	14	4	0	50	500	500	500	0	0	0	
1.7249260276e+02	4	313	13	487	9	4	0	50	500	500	500	0	0	0	
1.7299748767e+02	4	315	13	487	9	6	0	50	500	500	500	0	0	0	
1.7349976120e+02	5	317	22	478	8	12	0	50	500	500	500	0	0	0	
1.7399991859e+02	4	320	11	489	11	7	0	50	500	500	500	0	0	0	
1.7449440377e+02	3	321	14	486	9	7	0	50	500	500	500	0	0	0	
1.7499973875e+02	3	323	15	485	5	7	0	50	500	500	500	0	0	0	
1.7549993223e+02	4	322	6	494	11	6	0	50	500	500	500	0	0	0	
1.7599689698e+02	3	325	12	488	10	11	0	50	500	500	500	0	0	0	
1.7649931911e+02	3	325	21	479	17	5	0	50	500	500	500	0	0	0	
1.7699752801e+02	2	327	20	480	9	9	0	50	500	500	500	0	0	0	
1.7749879221e+02	1	329	10	490	15	7	0	50	500	500	500	0	0	0	
1.7799885007e+02	0	332	9	491	9	4	0	50	500	500	500	0	0	0	
1.7849546184e+02	1	332	11	489	3	4	0	50	500	500	500	0	0	0	
1.7899802287e+02	1	332	8	492	6	2	0	50	500	500	500	0	0	0	
1.7949889104e+02	0	333	11	489	7	3	0	50	500	500	500	0	0	0	
1.7999668938e+02	2	331	14	486	4	4	0	50	500	500	500	0	0	0	
1.8049435462e+02	2	332	9	491	12	8	0	50	500	500	500	0	0	0	
1.8099945651e+02	1	333	12	488	12	8	0	50	500	500	500	0	0	0	
1.8149734068e+02	2	332	12	488	16	6	0	50	500	500	500	0	0	0	
1.8199851612e+02	4	332	11	489	22	4	0	50	500	500	500	0	0	0	
1.8249746946e+02	3	333	5	495	15	8	0	50	500	500	500	0	0	0	
1.8299946168e+02	4	335	9	491	18	3	0	50	500	500	500	0	0	0	
1.8349294959e+02	2	337	11	489	14	5	0	50	500	500	500	0	0	0	
1.8399726705e+02	4	336	10	490	11	2	0	50	500	500	500	0	0	0	
1.8449987334e+02	3	338	13	487	10	3	0	50	500	500	500	0	0	0	
1.8499870381e+02	2	341	8	492	14	2	0	50	500	500	500	0	0	0	
1.8549987384e+02	3	340	8	492	11	4	0	50	500	500	500	0	0	0	
1.8599998733e+02	4	339	16	484	11	3	0	50	500	500	500	0	0	0	
1.8649427318e+02	5	338	13	487	8	3	0	50	500	500	500	0	0	0	
1.8699618599e+02	3	342	13	487	9	4	0	50	500	500	500	0	0	0	
1.8749992268e+02	4	342	11	489	8	7	0	50	500	500	500	0	0	0	
1.8799831921e+02	2	345	11	489	12	6	0	50	500	500	500	0	0	0	
1.8849992245e+02	3	346	18	482	10	8	0	50	500	500	500	0	0	0	
1.8899591085e+02	3	345	11	489	10	7	0	50	500	500	500	0	0	0	
1.8949831193e+02	4	344	12	488	12	3	0	50	500	500	500	0	0	0	
1.8999833882e+02	4	345	13	487	11	6	0	50	500	500	500	0	0	0	
1.9049892154e+02	4	345	13	487	16	4	0	50	500	500	500	0	0	0	
1.9099840408e+02	5	345	11	489	18	0	0	50	500	500	500	0	0	0	
1.9149710998e+02	7	343	9	491	9	8	0	50	500	500	500	0	0	0	
1.9199897495e+02	5	344	10	490	10	11	0	50	500	500	500	0	0	0	
1.9249981965e+02	3	346	11	489	11	5	0	50	500	500	500	0	0	0	
1.9299804004e+02	2	348	9	491	8	4	0	50	500	500	500	0	0	0	
1.9349836655e+02	2	352	13	487	12	6	0	50	500	500	500	0	0	0	
1.9399474833e+02	2	351	9	491	17	4	0	50	500	500	500	0	0	0	
1.9449339290e+02	3	350	14	486	14	15	0	50	500	500	500	0	0	0	
1.9499801607e+02	5	349	7	493	17	10	0	50	500	500	500	0	0	0	
1.9549428051e+02	6	349	13	487	14	3	0	50	500	500	500	0	0	0	
1.9599856733e+02	5	349	21	479	11	4	0	50	500	500	500	0	0	0	
1.9649455576e+02	4	349	14	486	7	6	0	50	500	500	500	0	0	0	
1.9699552856e+02	4	349	10	490	13	6	0	50	500	500	500	0	0	0	
1.9749716559e+02	4	349	13	487	12	2	0	50	500	500	500	0	0	0	
1.9799479621e+02	5	349	13	487	12	8	0	50	500	500	500	0	0	0	
1.9849780321e+02	5	351	17	483	10	8	0	50	500	500	500	0	0	0	
1.9899999783e+02	5	351	17	483	10	4	0	50	500	500	500	0	0	0	
1.9949482418e+02	4	353	9	491	10	5	0	50	500	500	500	0	0	0	
1.9999964685e+02	3	354	9	491	7	5	0	50	500	500	500	0	0	0	
2.0049963346e+02	2	359	9	491	10	4	0	50	500	500	500	0	0	0	
2.0099808607e+02	0	363	13	487	8	7	0	50	500	500	500	0	0	0	
2.0149826288e+02	0	364	10	490	10	6	0	50	500	500	500	0	0	0	
2.0199912403e+02	1	363	14	486	12	7	0	50	500	500	500	0	0	0	
2.0249921685e+02	2	363	9	491	10	6	0	50	500	500	500	0	0	0	
2.0299924276e+02	2	363	7	493	15	4	0	50	500	500	500	0	0	0	
2.0349866157e+02	2	363	9	491	13	5	0	50	500	500	500	0	0	0	
2.0399786924e+02	2	364	14	486	15	6	0	50	500	500	500	0	0	0	
2.0449852506e+02	1	366	13	487	11	6	0	50	500	500	500	0	0	0	
2.0499548041e+02	1	367	19	481	12	5	0	50	500	500	500	0	0	0	
2.0549916740e+02	1	368	10	490	11	9	0	50	500	500	500	0	0	0	
2.0599995792e+02	1	368	6	494	10	6	0	50	500	500	500	0	0	0	
2.0649878708e+02	2	368	12	488	11	8	0	50	500	500	500	0	0	0	
2.0699914303e+02	2	367	13	487	15	4	0	50	500	500	500	0	0	0	
2.0749373380e+02	2	370	7	493	16	5	0	50	500	500	500	0	0	0	
2.0799304409e+02	2	371	11	489	11	5	0	50	500	500	500	0	0	0	
2.0849245181e+02	3	370	9	491	12	5	0	50	500	500	500	0	0	0	
2.0899459806e+02	3	371	8	492	10	5	0	50	500	500	500	0	0	0	
2.0949791765e+02	3	372	13	487	7	7	0	50	500	500	500	0	0	0	
2.0999705355e+02	4	372	13	487	13	6	0	50	500	500	500	0	0	0	
2.1049906996e+02	3	375	7	493	11	7	0	50	500	500	500	0	0	0	
2.1099558899e+02	4	374	11	489	18	2	0	50	500	500	500	0	0	0	
2.1149386880e+02	4	376	10	490	11	5	0	50	500	500	500	0	0	0	
2.1199816895e+02	4	376	5	495	9	6	0	50	500	500	500	0	0	0	
2.1249849606e+02	2	380	6	494	13	5	0	50	500	500	500	0	0	0	
2.1299173300e+02	2	382	9	491	8	3	0	50	500	500	500	0	0	0	
2.1349989822e+02	0	384	16	484	8	6	0	50	500	500	500	0	0	0	
2.1399623997e+02	0	384	8	492	10	7	0	50	500	500	500	0	0	0	
2.1449488433e+02	0	384	8	492	10	3	0	50	500	500	500	0	0	0	
2.1499790913e+02	1	383	17	483	10	4	0	50	500	500	500	0	0	0	
2.1549986722e+02	2	382	13	487	7	5	0	50	500	500	500	0	0	0	
2.1599987042e+02	2	384	6	494	8	3	0	50	500	500	500	0	0	0	
2.1649478976e+02	2	384	8	492	11	7	0	50	500	500	500	0	0	0	
2.1699851275e+02	2	384	17	483	17	3	0	50	500	500	500	0	0	0	
2.1749977223e+02	2	384	9	491	9	4	0	50	500	500	500	0	0	0	
2.1799984745e+02	1	384	14	486	7	9	0	50	500	500	500	0	0	0	
2.1849802333e+02	1	384	15	485	14	3	0	50	500	500	500	0	0	0	
2.1899741651e+02	1	384	16	484	13	7	0	50	500	500	500	0	0	0	
2.1949981889e+02	3	382	9	491	12	5	0	50	500	500	500	0	0	0	
2.1999956285e+02	3	382	13	487	8	8	0	50	500	500	500	0	0	0	
2.2049885433e+02	2	384	14	486	12	4	0	50	500	500	500	0	0	0	
2.2099895116e+02	2	388	6	494	14	4	0	50	500	500	500	0	0	0	
2.2149924810e+02	1	389	9	491	6	3	0	50	500	500	500	0	0	0	
2.2198567330e+02	1	389	16	484	8	3	0	50	500	500	500	0	0	0	
2.2249797875e+02	0	391	10	490	9	5	0	50	500	500	500	0	0	0	
2.2299914431e+02	1	390	12	488	11	2	0	50	500	500	500	0	0	0	
2.2349749258e+02	0	392	10	490	13	5	0	50	500	500	500	0	0	0	
2.2399854025e+02	0	392	11	489	13	5	0	50	500	500	500	0	0	0	
2.2449664220e+02	0	392	9	491	16	4	0	50	500	500	500	0	0	0	
2.2499905407e+02	0	393	10	490	10	7	0	50	500	500	500	0	0	0	
2.2549878327e+02	1	393	11	489	16	5	0	50	500	500	500	0	0	0	
2.2599920266e+02	2	393	10	490	8	3	0	50	500	500	500	0	0	0	
2.2649316376e+02	2	393	13	487	9	6	0	50	500	500	500	0	0	0	
2.2699554685e+02	2	396	10	490	14	5	0	50	500	500	500	0	0	0	
2.2749992028e+02	2	395	9	491	6	6	0	50	500	500	500	0	0	0	
2.2799423104e+02	2	397	5	495	10	1	0	50	500	500	500	0	0	0	
2.2849999767e+02	1	395	11	489	7	3	0	50	500	500	500	0	0	0	
2.2899959633e+02	1	396	13	487	11	3	0	50	500	500	500	0	0	0	
2.2949898086e+02	1	396	7	493	8	6	0	50	500	500	500	0	0	0	
2.2999821108e+02	2	397	11	489	10	5	0	50	500	500	500	0	0	0	
2.3049923161e+02	1	399	10	490	10	2	0	50	500	500	500	0	0	0	
2.3099792396e+02	1	400	8	492	6	6	0	50	500	500	500	0	0	0	
2.3149914037e+02	1	400	17	483	7	5	0	50	500	500	500	0	0	0	
2.3199937941e+02	2	402	10	490	10	8	0	50	500	500	500	0	0	0	
2.3249904902e+02	2	402	9	491	13	5	0	50	500	500	500	0	0	0	
2.3299770053e+02	3	401	8	492	12	6	0	50	500	500	500	0	0	0	
2.3349925117e+02	4	401	5	495	16	7	0	50	500	500	500	0	0	0	
2.3399959793e+02	5	402	8	492	8	7	0	50	500	500	500	0	0	0	
2.3449911108e+02	3	406	11	489	8	4	0	50	500	500	500	0	0	0	
2.3499882492e+02	2	407	9	491	7	4	0	50	500	500	500	0	0	0	
2.3549839811e+02	2	409	12	488	10	4	0	50	500	500	500	0	0	0	
2.3599855746e+02	1	410	8	492	7	4	0	50	500	500	500	0	0	0	
2.3649952237e+02	1	411	8	492	6	3	0	50	500	500	500	0	0	0	
2.3699898821e+02	1	414	10	490	5	5	0	50	500	500	500	0	0	0	
2.3749988432e+02	1	415	8	492	7	6	0	50	500	500	500	0	0	0	
2.3799977433e+02	3	414	10	490	12	5	0	50	500	500	500	0	0	0	
2.3849999801e+02	3	413	17	483	15	5	0	50	500	500	500	0	0	0	
2.3899697043e+02	5	413	5	495	15	3	0	50	500	500	500	0	0	0	
2.3949886973e+02	4	415	10	490	18	4	0	50	500	500	500	0	0	0	
2.3999483318e+02	4	415	6	494	12	2	0	50	500	500	500	0	0	0	
2.4049796734e+02	4	417	8	492	8	2	0	50	500	500	500	0	0	0	
2.4099820217e+02	3	416	8	492	9	5	0	50	500	500	500	0	0	0	
2.4149737233e+02	3	415	10	490	13	4	0	50	500	500	500	0	0	0	
2.4199781681e+02	3	415	12	488	9	6	0	50	500	500	500	0	0	0	
2.4249985262e+02	2	416	13	487	14	2	0	50	500	500	500	0	0	0	
2.4299745888e+02	2	415	14	486	13	10	0	50	500	500	500	0	0	0	
2.4349853451e+02	2	413	10	490	21	4	0	50	500	500	500	0	0	0	
2.4399949322e+02	3	412	14	486	18	7	0	50	500	500	500	0	0	0	
2.4449295686e+02	3	413	11	489	10	0	0	50	500	500	500	0	0	0	
2.4499931415e+02	2	416	12	488	8	3	0	50	500	500	500	0	0	0	
2.4549623785e+02	1	417	14	486	10	3	0	50	500	500	500	0	0	0	
2.4599941336e+02	2	418	7	493	17	5	0	50	500	500	500	0	0	0	
2.4649737134e+02	2	417	12	488	11	5	0	50	500	500	500	0	0	0	
2.4699753828e+02	2	416	7	493	11	3	0	50	500	500	500	0	0	0	
2.4749874168e+02	2	415	12	488	13	3	0	50	500	500	500	0	0	0	
2.4799147125e+02	1	416	3	497	11	4	0	50	500	500	500	0	0	0	
2.4849708684e+02	1	415	8	492	13	3	0	50	500	500	500	0	0	0	
2.4899339789e+02	0	415	18	482	10	7	0	50	500	500	500	0	0	0	
2.4949945507e+02	2	413	11	489	15	4	0	50	500	500	500	0	0	0	
2.4999952404e+02	5	411	9	491	20	6	0	50	500	500	500	0	0	0	
2.5049976457e+02	4	413	10	490	17	4	0	50	500	500	500	0	0	0	
2.5099899156e+02	4	413	12	488	15	6	0	50	500	500	500	0	0	0	
2.5149702531e+02	5	413	10	490	18	6	0	50	500	500	500	0	0	0	
2.5199991779e+02	5	411	6	494	20	5	0	50	500	500	500	0	0	0	
2.5249156627e+02	3	414	9	491	16	6	0	50	500	500	500	0	0	0	
2.5299916748e+02	3	414	17	483	10	3	0	50	500	500	500	0	0	0	
2.5349546411e+02	2	421	7	493	9	4	0	50	500	500	500	0	0	0	
2.5399832867e+02	2	422	13	487	7	1	0	50	500	500	500	0	0	0	
2.5449843645e+02	2	423	12	488	12	2	0	50	500	500	500	0	0	0	
2.5499989655e+02	1	424	13	487	14	5	0	50	500	500	500	0	0	0	
2.5549584757e+02	1	426	7	493	14	1	0	50	500	500	500	0	0	0	
2.5599431838e+02	1	426	8	492	9	5	0	50	500	500	500	0	0	0	
2.5649920923e+02	2	425	5	495	7	6	0	50	500	500	500	0	0	0	
2.5699655328e+02	3	424	16	484	8	4	0	50	500	500	500	0	0	0	
2.5749932906e+02	4	424	10	490	12	3	0	50	500	500	500	0	0	0	
2.5799954043e+02	3	426	7	493	8	3	0	50	500	500	500	0	0	0	
2.5849411029e+02	2	426	8	492	10	3	0	50	500	500	500	0	0	0	
2.5899934861e+02	2	428	6	494	12	3	0	50	500	500	500	0	0	0	
2.5949948557e+02	2	427	11	489	10	4	0	50	500	500	500	0	0	0	
2.5999947738e+02	3	426	10	490	12	2	0	50	500	500	500	0	0	0	
2.6049962114e+02	3	426	8	492	14	2	0	50	500	500	500	0	0	0	
2.6099389487e+02	1	429	13	487	12	6	0	50	500	500	500	0	0	0	
2.6149942873e+02	1	433	12	488	10	4	0	50	500	500	500	0	0	0	
2.6199688475e+02	2	432	7	493	7	5	0	50	500	500	500	0	0	0	
2.6249694379e+02	1	435	5	495	11	7	0	50	500	500	500	0	0	0	
2.6299698861e+02	2	432	9	491	11	4	0	50	500	500	500	0	0	0	
2.6349942581e+02	1	434	16	484	10	5	0	50	500	500	500	0	0	0	
2.6399959195e+02	4	432	10	490	16	3	0	50	500	500	500	0	0	0	
2.6449616055e+02	4	433	8	492	11	6	0	50	500	500	500	0	0	0	
2.6499949642e+02	3	437	7	493	11	7	0	50	500	500	500	0	0	0	
2.6549770927e+02	3	436	9	491	8	8	0	50	500	500	500	0	0	0	
2.6599888948e+02	3	436	9	491	6	9	0	50	500	500	500	0	0	0	
2.6649894212e+02	4	438	7	493	8	6	0	50	500	500	500	0	0	0	
2.6699944541e+02	4	441	7	493	14	7	0	50	500	500	500	0	0	0	
2.6749765092e+02	5	439	8	492	13	1	0	50	500	500	500	0	0	0	
2.6799762060e+02	3	443	8	492	8	4	0	50	500	500	500	0	0	0	
2.6849901642e+02	4	443	22	478	8	2	0	50	500	500	500	0	0	0	
2.6899715720e+02	3	444	9	491	10	5	0	50	500	500	500	0	0	0	
2.6949969133e+02	3	448	8	492	9	6	0	50	500	500	500	0	0	0	
2.6999618288e+02	1	451	9	491	12	3	0	50	500	500	500	0	0	0	
2.7049585507e+02	0	452	10	490	5	10	0	50	500	500	500	0	0	0	
2.7099939618e+02	2	449	11	489	13	2	0	50	500	500	500	0	0	0	
2.7149806562e+02	1	450	7	493	11	4	0	50	500	500	500	0	0	0	
2.7199983441e+02	1	449	8	492	7	5	0	50	500	500	500	0	0	0	
2.7249939631e+02	1	449	7	493	9	5	0	50	500	500	500	0	0	0	
2.7299990140e+02	1	451	6	494	12	2	0	50	500	500	500	0	0	0	
2.7349647729e+02	2	449	12	488	13	2	0	50	500	500	500	0	0	0	
2.7399785408e+02	3	449	13	487	16	3	0	50	500	500	500	0	0	0	
2.7449953716e+02	2	450	6	494	10	4	0	50	500	500	500	0	0	0	
2.7499943240e+02	2	450	4	496	10	5	0	50	500	500	500	0	0	0	
2.7549992037e+02	2	451	8	492	16	4	0	50	500	500	500	0	0	0	
2.7599948802e+02	2	454	11	489	15	4	0	50	500	500	500	0	0	0	
2.7649864934e+02	2	454	12	488	7	3	0	50	500	500	500	0	0	0	
2.7699991412e+02	1	455	7	493	13	0	0	50	500	500	500	0	0	0	
2.7749987316e+02	1	456	7	493	8	0	0	50	500	500	500	0	0	0	
2.7799784348e+02	1	457	11	489	6	2	0	50	500	500	500	0	0	0	
2.7849585685e+02	1	457	10	490	9	7	0	50	500	500	500	0	0	0	
2.7899926584e+02	1	458	15	485	9	4	0	50	500	500	500	0	0	0	
2.7949960295e+02	1	458	11	489	5	7	0	50	500	500	500	0	0	0	
2.7999910040e+02	1	457	6	494	12	3	0	50	500	500	500	0	0	0	
2.8049665277e+02	0	459	7	493	14	4	0	50	500	500	500	0	0	0	
2.8099993831e+02	0	461	12	488	10	6	0	50	500	500	500	0	0	0	
2.8149981091e+02	0	461	10	490	6	5	0	50	500	500	500	0	0	0	
2.8199831635e+02	0	461	10	490	7	5	0	50	500	500	500	0	0	0	
2.8249229281e+02	1	460	10	490	7	6	0	50	500	500	500	0	0	0	
2.8299863345e+02	2	458	9	491	4	3	0	50	500	500	500	0	0	0	
2.8349517363e+02	3	458	6	494	3	3	0	50	500	500	500	0	0	0	
2.8399882551e+02	2	459	7	493	5	4	0	50	500	500	500	0	0	0	
2.8449373374e+02	1	459	10	490	12	5	0	50	500	500	500	0	0	0	
2.8499979490e+02	3	458	12	488	12	3	0	50	500	500	500	0	0	0	
2.8549896449e+02	3	458	10	490	8	3	0	50	500	500	500	0	0	0	
2.8599946006e+02	3	455	12	488	11	3	0	50	500	500	500	0	0	0	
2.8649708625e+02	2	458	9	491	16	3	0	50	500	500	500	0	0	0	
2.8699991549e+02	2	459	14	486	15	5	0	50	500	500	500	0	0	0	
2.8749681295e+02	2	461	9	491	14	7	0	50	500	500	500	0	0	0	
2.8799921626e+02	2	461	11	489	12	4	0	50	500	500	500	0	0	0	
2.8849959862e+02	3	460	3	497	16	5	0	50	500	500	500	0	0	0	
2.8899756738e+02	5	459	9	491	15	5	0	50	500	500	500	0	0	0	
2.8949678681e+02	6	458	7	493	13	4	0	50	500	500	500	0	0	0	
2.8999252901e+02	3	461	14	486	10	5	0	50	500	500	500	0	0	0	
2.9049966938e+02	1	466	8	492	8	6	0	50	500	500	500	0	0	0	
2.9099527729e+02	2	466	10	490	8	4	0	50	500	500	500	0	0	0	
2.9149922980e+02	1	468	10	490	12	4	0	50	500	500	500	0	0	0	
2.9199655082e+02	1	468	9	491	9	3	0	50	500	500	500	0	0	0	
2.9249919522e+02	1	469	13	487	8	3	0	50	500	500	500	0	0	0	
2.9299373639e+02	2	468	8	492	13	4	0	50	500	500	500	0	0	0	
2.9349825992e+02	1	469	12	488	11	5	0	50	500	500	500	0	0	0	
2.9399622237e+02	2	468	10	490	7	2	0	50	500	500	500	0	0	0	
2.9449729053e+02	2	469	7	493	6	3	0	50	500	500	500	0	0	0	
2.9499962229e+02	3	469	7	493	11	5	0	50	500	500	500	0	0	0	
2.9549894485e+02	4	468	4	496	12	3	0	50	500	500	500	0	0	0	
2.9599979886e+02	4	467	9	491	10	0	0	50	500	500	500	0	0	0	
2.9649760924e+02	2	469	5	495	10	2	0	50	500	500	500	0	0	0	
2.9699560808e+02	2	471	11	489	4	4	0	50	500	500	500	0	0	0	
2.9749966160e+02	2	471	5	495	8	1	0	50	500	500	500	0	0	0	
2.9799574419e+02	1	473	4	496	8	2	0	50	500	500	500	0	0	0	
2.9849684033e+02	3	471	9	491	15	1	0	50	500	500	500	0	0	0	
2.9899836100e+02	2	472	6	494	8	5	0	50	500	500	500	0	0	0	
2.9949991067e+02	3	475	12	488	11	7	0	50	500	500	500	0	0	0	
2.9999390766e+02	2	477	3	497	14	2	0	50	500	500	500	0	0	0	
3.0049686413e+02	2	478	14	486	16	5	0	50	500	500	500	0	0	0	
3.0099847718e+02	1	481	6	494	8	4	0	50	500	500	500	0	0	0	
3.0148985864e+02	1	482	8	492	6	3	0	50	500	500	500	0	0	0	
3.0199475403e+02	1	483	5	495	8	7	0	50	500	500	500	0	0	0	
3.0249694163e+02	2	483	6	494	5	5	0	50	500	500	500	0	0	0	
3.0299917097e+02	1	483	3	497	10	0	0	50	500	500	500	0	0	0	
3.0349842678e+02	0	485	7	493	4	3	0	50	500	500	500	0	0	0	
3.0399799095e+02	0	487	7	493	7	1	0	50	500	500	500	0	0	0	
3.0449251063e+02	2	486	11	489	7	4	0	50	500	500	500	0	0	0	
3.0499877459e+02	1	489	20	480	8	2	0	50	500	500	500	0	0	0	
3.0549565912e+02	1	489	11	489	5	0	0	50	500	500	500	0	0	0	
3.0599442954e+02	1	490	13	487	7	2	0	50	500	500	500	0	0	0	
3.0649783284e+02	1	492	11	489	9	3	0	50	500	500	500	0	0	0	
3.0699937915e+02	0	493	12	488	10	6	0	50	500	500	500	0	0	0	
3.0749891850e+02	2	489	11	489	10	3	0	50	500	500	500	0	0	0	
3.0799241896e+02	2	489	5	495	12	2	0	50	500	500	500	0	0	0	
3.0849759409e+02	3	489	11	489	8	3	0	50	500	500	500	0	0	0	
3.0899949366e+02	3	489	12	488	12	3	0	50	500	500	500	0	0	0	
3.0949804863e+02	3	486	6	494	18	4	0	50	500	500	500	0	0	0	
3.0999943005e+02	2	488	12	488	10	4	0	50	500	500	500	0	0	0	
3.1049949261e+02	2	488	10	490	7	2	0	50	500	500	500	0	0	0	
3.1099896291e+02	3	485	9	491	13	2	0	50	500	500	500	0	0	0	
3.1149720810e+02	3	486	9	491	15	5	0	50	500	500	500	0	0	0	
3.1199846797e+02	3	486	9	491	7	5	0	50	500	500	500	0	0	0	
3.1249793758e+02	3	485	7	493	8	2	0	50	500	500	500	0	0	0	
3.1299892139e+02	2	487	9	491	13	3	0	50	500	500	500	0	0	0	
3.1349713584e+02	2	486	6	494	16	3	0	50	500	500	500	0	0	0	
3.1399621675e+02	2	485	10	490	15	3	0	50	500	500	500	0	0	0	
3.1449716267e+02	2	486	4	496	16	4	0	50	500	500	500	0	0	0	
3.1499877045e+02	2	488	8	492	13	2	0	50	500	500	500	0	0	0	
3.1549692639e+02	3	487	7	493	10	2	0	50	500	500	500	0	0	0	
3.1599438216e+02	2	489	7	493	8	5	0	50	500	500	500	0	0	0	
3.1649369880e+02	2	491	6	494	11	1	0	50	500	500	500	0	0	0	
3.1699710718e+02	1	493	15	485	10	3	0	50	500	500	500	0	0	0	
3.1749611614e+02	1	493	9	491	9	2	0	50	500	500	500	0	0	0	
3.1799927528e+02	1	495	8	492	11	1	0	50	500	500	500	0	0	0	
3.1849986243e+02	1	495	11	489	7	2	0	50	500	500	500	0	0	0	
3.1899883590e+02	1	496	4	496	9	4	0	50	500	500	500	0	0	0	
3.1949690710e+02	2	494	10	490	9	4	0	50	500	500	500	0	0	0	
3.1999969472e+02	2	494	12	488	11	2	0	50	500	500	500	0	0	0	
3.2049765634e+02	1	495	11	489	8	3	0	50	500	500	500	0	0	0	
3.2099876269e+02	0	498	9	491	10	6	0	50	500	500	500	0	0	0	
3.2149600918e+02	0	497	5	495	9	4	0	50	500	500	500	0	0	0	
3.2199971101e+02	0	496	6	494	13	3	0	50	500	500	500	0	0	0	
3.2249850976e+02	0	498	13	487	6	4	0	50	500	500	500	0	0	0	
3.2299603332e+02	0	500	11	489	11	3	0	50	500	500	500	0	0	0	
3.2349872484e+02	1	500	9	491	12	1	0	50	500	500	500	0	0	0	
3.2399897807e+02	1	502	7	493	13	2	0	50	500	500	500	0	0	0	
3.2449591336e+02	1	503	10	490	5	3	0	50	500	500	500	0	0	0	
3.2499995132e+02	1	501	11	489	7	3	0	50	500	500	500	0	0	0	
3.2549202315e+02	1	505	8	492	10	5	0	50	500	500	500	0	0	0	
3.2599892911e+02	2	504	10	490	14	2	0	50	500	500	500	0	0	0	
3.2649991274e+02	3	505	4	496	16	5	0	50	500	500	500	0	0	0	
3.2699827915e+02	1	509	11	489	9	3	0	50	500	500	500	0	0	0	
3.2749771214e+02	0	511	3	497	6	5	0	50	500	500	500	0	0	0	
3.2799386308e+02	1	511	3	497	18	2	0	50	500	500	500	0	0	0	
3.2849568841e+02	1	509	8	492	7	3	0	50	500	500	500	0	0	0	
3.2899820959e+02	2	507	12	488	15	7	0	50	500	500	500	0	0	0	
3.2949609611e+02	5	505	4	496	14	6	0	50	500	500	500	0	0	0	
3.2999920382e+02	3	507	6	494	11	3	0	50	500	500	500	0	0	0	
3.3049900685e+02	4	506	11	489	11	3	0	50	500	500	500	0	0	0	
3.3099447335e+02	4	505	5	495	5	4	0	50	500	500	500	0	0	0	
3.3149851627e+02	3	508	9	491	10	0	0	50	500	500	500	0	0	0	
3.3199958255e+02	3	508	9	491	6	3	0	50	500	500	500	0	0	0	
3.3249835422e+02	5	508	7	493	9	5	0	50	500	500	500	0	0	0	
3.3299954541e+02	5	507	6	494	7	3	0	50	500	500	500	0	0	0	
3.3349874867e+02	6	505	7	493	14	2	0	50	500	500	500	0	0	0	
3.3399575018e+02	7	506	7	493	9	1	0	50	500	500	500	0	0	0	
3.3449915524e+02	6	506	8	492	7	4	0	50	500	500	500	0	0	0	
3.3499870892e+02	6	507	2	498	10	4	0	50	500	500	500	0	0	0	
3.3549788287e+02	5	509	5	495	11	1	0	50	500	500	500	0	0	0	
3.3599892829e+02	3	510	17	483	9	0	0	50	500	500	500	0	0	0	
3.3649712088e+02	4	509	9	491	10	5	0	50	500	500	500	0	0	0	
3.3699933888e+02	3	511	5	495	15	4	0	50	500	500	500	0	0	0	
3.3749689181e+02	3	511	11	489	15	5	0	50	500	500	500	0	0	0	
3.3799987461e+02	5	510	3	497	18	6	0	50	500	500	500	0	0	0	
3.3849989931e+02	4	514	8	492	8	9	0	50	500	500	500	0	0	0	
3.3899907096e+02	4	513	8	492	8	2	0	50	500	500	500	0	0	0	
3.3949444590e+02	4	513	7	493	7	3	0	50	500	500	500	0	0	0	
3.3999523715e+02	5	512	9	491	15	2	0	50	500	500	500	0	0	0	
3.4049974351e+02	5	512	2	498	16	6	0	50	500	500	500	0	0	0	
3.4099888215e+02	3	513	7	493	13	5	0	50	500	500	500	0	0	0	
3.4149948553e+02	1	516	4	496	12	3	0	50	500	500	500	0	0	0	
3.4199933302e+02	1	515	6	494	10	3	0	50	500	500	500	0	0	0	
3.4249901637e+02	1	517	6	494	7	5	0	50	500	500	500	0	0	0	
3.4299961319e+02	2	518	10	490	9	6	0	50	500	500	500	0	0	0	
3.4349898481e+02	3	517	6	494	8	4	0	50	500	500	500	0	0	0	
3.4399689108e+02	3	516	6	494	11	2	0	50	500	500	500	0	0	0	
3.4449883615e+02	1	519	2	498	9	2	0	50	500	500	500	0	0	0	
3.4499974671e+02	1	520	10	490	8	4	0	50	500	500	500	0	0	0	
3.4548509907e+02	1	520	9	491	10	2	0	50	500	500	500	0	0	0	
3.4599597408e+02	2	520	10	490	17	2	0	50	500	500	500	0	0	0	
3.4649856409e+02	2	520	5	495	10	6	0	50	500	500	500	0	0	0	
3.4699509094e+02	3	519	13	487	11	1	0	50	500	500	500	0	0	0	
3.4749922010e+02	4	520	9	491	12	4	0	50	500	500	500	0	0	0	
3.4799531013e+02	4	520	5	495	15	2	0	50	500	500	500	0	0	0	
3.4849946539e+02	3	521	8	492	20	6	0	50	500	500	500	0	0	0	
3.4899989993e+02	6	517	11	489	16	6	0	50	500	500	500	0	0	0	
3.4949850226e+02	5	519	10	490	14	3	0	50	500	500	500	0	0	0	
3.4999850636e+02	5	518	8	492	13	2	0	50	500	500	500	0	0	0	
3.5049834203e+02	5	520	2	498	16	3	0	50	500	500	500	0	0	0	
3.5099868244e+02	5	519	9	491	13	2	0	50	500	500	500	0	0	0	
3.5149898619e+02	3	522	8	492	9	4	0	50	500	500	500	0	0	0	
3.5199960915e+02	2	524	6	494	19	1	0	50	500	500	500	0	0	0	
3.5249650862e+02	1	525	6	494	13	1	0	50	500	500	500	0	0	0	
3.5299716366e+02	1	525	8	492	14	3	0	50	500	500	500	0	0	0	
3.5349289278e+02	2	524	5	495	14	2	0	50	500	500	500	0	0	0	
3.5399666991e+02	2	523	4	496	16	4	0	50	500	500	500	0	0	0	
3.5449869550e+02	1	527	9	491	19	2	0	50	500	500	500	0	0	0	
3.5499493543e+02	1	527	15	485	12	6	0	50	500	500	500	0	0	0	
3.5549684704e+02	1	527	8	492	14	8	0	50	500	500	500	0	0	0	
3.5599089048e+02	1	526	2	498	10	5	0	50	500	500	500	0	0	0	
3.5649852240e+02	1	527	7	493	12	5	0	50	500	500	500	0	0	0	
3.5699781288e+02	3	525	10	490	14	7	0	50	500	500	500	0	0	0	
3.5749930708e+02	3	525	8	492	10	8	0	50	500	500	500	0	0	0	
3.5799883010e+02	5	525	9	491	13	8	0	50	500	500	500	0	0	0	
3.5849600172e+02	6	524	10	490	15	5	0	50	500	500	500	0	0	0	
3.5898785014e+02	4	525	3	497	13	1	0	50	500	500	500	0	0	0	
3.5949951473e+02	4	525	8	492	8	7	0	50	500	500	500	0	0	0	
3.5999996374e+02	4	526	6	494	13	5	0	50	500	500	500	0	0	0	
3.6049928375e+02	5	526	8	492	10	2	0	50	500	500	500	0	0	0	
3.6099976589e+02	3	527	8	492	11	1	0	50	500	500	500	0	0	0	
3.6148387328e+02	3	527	5	495	6	4	0	50	500	500	500	0	0	0	
3.6199971088e+02	2	530	9	491	7	2	0	50	500	500	500	0	0	0	
3.6249936036e+02	2	530	6	494	10	5	0	50	500	500	500	0	0	0	
3.6299644011e+02	4	527	16	484	16	4	0	50	500	500	500	0	0	0	
3.6349867537e+02	2	530	3	497	9	2	0	50	500	500	500	0	0	0	
3.6399850632e+02	3	528	13	487	11	4	0	50	500	500	500	0	0	0	
3.6449621450e+02	3	528	6	494	9	2	0	50	500	500	500	0	0	0	
3.6499896374e+02	2	527	6	494	11	1	0	50	500	500	500	0	0	0	
3.6549726748e+02	0	531	11	489	9	1	0	50	500	500	500	0	0	0	
3.6599938353e+02	0	531	10	490	9	3	0	50	500	500	500	0	0	0	
3.6649768618e+02	2	531	9	491	11	5	0	50	500	500	500	0	0	0	
3.6699704465e+02	2	532	3	497	13	7	0	50	500	500	500	0	0	0	
3.6749948560e+02	1	533	5	495	20	5	0	50	500	500	500	0	0	0	
3.6799234356e+02	2	532	6	494	19	4	0	50	500	500	500	0	0	0	
3.6849723329e+02	2	531	8	492	8	4	0	50	500	500	500	0	0	0	
3.6899987986e+02	2	530	11	489	9	1	0	50	500	500	500	0	0	0	
3.6949897497e+02	1	532	8	492	8	1	0	50	500	500	500	0	0	0	
3.6999936746e+02	1	532	7	493	9	3	0	50	500	500	500	0	0	0	
3.7049721510e+02	2	532	4	496	17	3	0	50	500	500	500	0	0	0	
3.7099853921e+02	2	531	12	488	8	7	0	50	500	500	500	0	0	0	
3.7149701040e+02	1	530	6	494	7	4	0	50	500	500	500	0	0	0	
3.7198921693e+02	1	528	6	494	5	6	0	50	500	500	500	0	0	0	
3.7249898834e+02	0	528	6	494	13	2	0	50	500	500	500	0	0	0	
3.7299885648e+02	0	527	7	493	12	4	0	50	500	500	500	0	0	0	
3.7349796089e+02	2	526	7	493	9	5	0	50	500	500	500	0	0	0	
3.7399533973e+02	3	526	3	497	15	2	0	50	500	500	500	0	0	0	
3.7449999207e+02	2	526	9	491	8	5	0	50	500	500	500	0	0	0	
3.7499277305e+02	3	525	3	497	12	3	0	50	500	500	500	0	0	0	
3.7549792881e+02	4	526	7	493	8	4	0	50	500	500	500	0	0	0	
3.7599962997e+02	6	526	10	490	8	3	0	50	500	500	500	0	0	0	
3.7649650788e+02	7	526	9	491	6	2	0	50	500	500	500	0	0	0	
3.7699003269e+02	7	528	3	497	8	2	0	50	500	500	500	0	0	0	
3.7749981609e+02	4	532	7	493	15	7	0	50	500	500	500	0	0	0	
3.7799718702e+02	5	531	4	496	15	4	0	50	500	500	500	0	0	0	
3.7849962228e+02	2	534	7	493	16	8	0	50	500	500	500	0	0	0	
3.7899811976e+02	2	533	5	495	10	3	0	50	500	500	500	0	0	0	
3.7949947479e+02	2	533	9	491	7	5	0	50	500	500	500	0	0	0	
3.7999796861e+02	1	533	12	488	22	1	0	50	500	500	500	0	0	0	
3.8049942646e+02	1	535	12	488	14	6	0	50	500	500	500	0	0	0	
3.8099169932e+02	1	535	12	488	17	7	0	50	500	500	500	0	0	0	
3.8149998298e+02	1	535	7	493	10	0	0	50	500	500	500	0	0	0	
3.8199318905e+02	0	536	9	491	7	3	0	50	500	500	500	0	0	0	
3.8249772317e+02	1	536	8	492	9	2	0	50	500	500	500	0	0	0	
3.8299889410e+02	1	538	7	493	8	1	0	50	500	500	500	0	0	0	
3.8349820653e+02	1	542	9	491	8	1	0	50	500	500	500	0	0	0	
3.8399969117e+02	1	541	8	492	12	2	0	50	500	500	500	0	0	0	
3.8449906539e+02	1	541	8	492	14	3	0	50	500	500	500	0	0	0	
3.8499910784e+02	1	541	6	494	10	2	0	50	500	500	500	0	0	0	
3.8549248851e+02	1	543	0	500	7	2	0	50	500	500	500	0	0	0	
3.8599547499e+02	1	543	8	492	11	3	0	50	500	500	500	0	0	0	
3.8649877378e+02	2	542	7	493	14	3	0	50	500	500	500	0	0	0	
3.8699586323e+02	1	543	9	491	8	2	0	50	500	500	500	0	0	0	
3.8749408571e+02	1	544	6	494	7	1	0	50	500	500	500	0	0	0	
3.8799821629e+02	1	544	5	495	8	4	0	50	500	500	500	0	0	0	
3.8849884961e+02	1	545	8	492	19	2	0	50	500	500	500	0	0	0	
3.8899883037e+02	2	543	7	493	14	6	0	50	500	500	500	0	0	0	
3.8949957620e+02	2	544	6	494	12	2	0	50	500	500	500	0	0	0	
3.8999884508e+02	3	542	11	489	6	3	0	50	500	500	500	0	0	0	
3.9049844571e+02	1	545	10	490	7	1	0	50	500	500	500	0	0	0	
3.9099866671e+02	1	543	12	488	9	1	0	50	500	500	500	0	0	0	
3.9149724782e+02	2	544	9	491	6	4	0	50	500	500	500	0	0	0	
3.9199614951e+02	2	542	10	490	8	2	0	50	500	500	500	0	0	0	
3.9249915942e+02	1	543	8	492	8	7	0	50	500	500	500	0	0	0	
3.9299859658e+02	1	544	11	489	12	5	0	50	500	500	500	0	0	0	
3.9349948737e+02	2	543	8	492	15	2	0	50	500	500	500	0	0	0	
3.9399939678e+02	4	541	6	494	12	4	0	50	500	500	500	0	0	0	
3.9449771315e+02	3	546	11	489	7	5	0	50	500	500	500	0	0	0	
3.9499762054e+02	3	546	6	494	6	2	0	50	500	500	500	0	0	0	
3.9549903782e+02	3	546	3	497	10	4	0	50	500	500	500	0	0	0	
3.9599379646e+02	2	546	7	493	10	3	0	50	500	500	500	0	0	0	
3.9649989757e+02	1	546	9	491	10	7	0	50	500	500	500	0	0	0	
3.9699814668e+02	2	546	4	496	14	4	0	50	500	500	500	0	0	0	
3.9749938831e+02	0	546	6	494	13	4	0	50	500	500	500	0	0	0	
3.9799881442e+02	0	549	7	493	22	3	0	50	500	500	500	0	0	0	
3.9849131547e+02	0	549	5	495	16	4	0	50	500	500	500	0	0	0	
3.9899901131e+02	0	549	6	494	14	3	0	50	500	500	500	0	0	0	
3.9949948675e+02	0	549	6	494	11	5	0	50	500	500	500	0	0	0	
3.9999851712e+02	1	550	8	492	12	6	0	50	500	500	500	0	0	0	
4.0049742079e+02	2	549	7	493	9	3	0	50	500	500	500	0	0	0	
4.0099681144e+02	2	550	11	489	4	2	0	50	500	500	500	0	0	0	
4.0149971122e+02	2	549	4	496	8	5	0	50	500	500	500	0	0	0	
4.0199893587e+02	2	550	9	491	13	3	0	50	500	500	500	0	0	0	
4.0249435748e+02	1	551	8	492	11	4	0	50	500	500	500	0	0	0	
4.0299899111e+02	2	550	9	491	14	4	0	50	500	500	500	0	0	0	
4.0349862453e+02	3	549	7	493	14	6	0	50	500	500	500	0	0	0	
4.0399990329e+02	4	549	8	492	11	2	0	50	500	500	500	0	0	0	
4.0449741878e+02	3	551	13	487	13	3	0	50	500	500	500	0	0	0	
4.0499842861e+02	3	552	4	496	12	1	0	50	500	500	500	0	0	0	
4.0549760901e+02	2	553	5	495	14	2	0	50	500	500	500	0	0	0	
4.0599446033e+02	1	555	5	495	16	4	0	50	500	500	500	0	0	0	
4.0649862125e+02	1	557	10	490	13	3	0	50	500	500	500	0	0	0	
4.0699368307e+02	1	558	6	494	14	1	0	50	500	500	500	0	0	0	
4.0749597822e+02	2	557	9	491	6	3	0	50	500	500	500	0	0	0	
4.0799497115e+02	2	559	6	494	14	4	0	50	500	500	500	0	0	0	
4.0849920479e+02	1	558	4	496	12	2	0	50	500	500	500	0	0	0	
4.0899889707e+02	2	556	7	493	17	1	0	50	500	500	500	0	0	0	
4.0948372538e+02	2	556	7	493	15	3	0	50	500	500	500	0	0	0	
4.0999323899e+02	1	559	5	495	8	5	0	50	500	500	500	0	0	0	
4.1049693377e+02	2	559	5	495	15	2	0	50	500	500	500	0	0	0	
4.1099804143e+02	2	560	10	490	15	5	0	50	500	500	500	0	0	0	
4.1149843776e+02	2	562	7	493	12	1	0	50	500	500	500	0	0	0	
4.1199846605e+02	1	563	4	496	10	3	0	50	500	500	500	0	0	0	
4.1249987353e+02	1	563	8	492	12	2	0	50	500	500	500	0	0	0	
4.1299928820e+02	1	565	7	493	13	5	0	50	500	500	500	0	0	0	
4.1349108429e+02	1	565	9	491	14	4	0	50	500	500	500	0	0	0	
4.1399747580e+02	4	562	16	484	14	2	0	50	500	500	500	0	0	0	
4.1449505044e+02	5	561	16	484	13	5	0	50	500	500	500	0	0	0	
4.1499997459e+02	2	563	2	498	9	3	0	50	500	500	500	0	0	0	
4.1549955810e+02	3	563	8	492	7	2	0	50	500	500	500	0	0	0	
4.1599921989e+02	3	563	12	488	17	3	0	50	500	500	500	0	0	0	
4.1649105916e+02	1	565	9	491	10	2	0	50	500	500	500	0	0	0	
4.1699995737e+02	2	565	10	490	6	2	0	50	500	500	500	0	0	0	
4.1749896912e+02	2	566	10	490	11	6	0	50	500	500	500	0	0	0	
4.1799878199e+02	3	566	4	496	15	2	0	50	500	500	500	0	0	0	
4.1849337992e+02	3	565	6	494	7	4	0	50	500	500	500	0	0	0	
4.1899926716e+02	3	566	8	492	7	3	0	50	500	500	500	0	0	0	
4.1949893823e+02	3	566	7	493	9	3	0	50	500	500	500	0	0	0	
4.1999890044e+02	3	566	4	496	9	7	0	50	500	500	500	0	0	0	
4.2049559902e+02	3	566	2	498	13	5	0	50	500	500	500	0	0	0	
4.2099995477e+02	4	567	8	492	8	2	0	50	500	500	500	0	0	0	
4.2149952262e+02	4	568	7	493	9	1	0	50	500	500	500	0	0	0	
4.2199989032e+02	4	568	6	494	9	2	0	50	500	500	500	0	0	0	
4.2249926196e+02	2	571	7	493	12	3	0	50	500	500	500	0	0	0	
4.2299841177e+02	3	571	8	492	11	5	0	50	500	500	500	0	0	0	
4.2349693941e+02	4	571	9	491	15	3	0	50	500	500	500	0	0	0	
4.2399985198e+02	4	571	10	490	10	4	0	50	500	500	500	0	0	0	
4.2449538691e+02	4	570	5	495	8	3	0	50	500	500	500	0	0	0	
4.2499962592e+02	4	571	7	493	17	4	0	50	500	500	500	0	0	0	
4.2549803185e+02	5	570	8	492	13	3	0	50	500	500	500	0	0	0	
4.2599807214e+02	6	572	6	494	14	6	0	50	500	500	500	0	0	0	
4.2649553633e+02	4	574	10	490	17	1	0	50	500	500	500	0	0	0	
4.2699908535e+02	4	576	9	491	15	4	0	50	500	500	500	0	0	0	
4.2749987900e+02	4	575	3	497	16	4	0	50	500	500	500	0	0	0	
4.2799906625e+02	3	576	12	488	11	4	0	50	500	500	500	0	0	0	
4.2849743289e+02	3	577	5	495	5	3	0	50	500	500	500	0	0	0	
4.2899711655e+02	3	577	8	492	13	3	0	50	500	500	500	0	0	0	
4.2949556074e+02	5	574	5	495	13	7	0	50	500	500	500	0	0	0	
4.2999923066e+02	4	574	9	491	11	1	0	50	500	500	500	0	0	0	
4.3049948801e+02	4	574	7	493	13	1	0	50	500	500	500	0	0	0	
4.3099612999e+02	1	577	6	494	8	4	0	50	500	500	500	0	0	0	
4.3149887634e+02	1	579	5	495	10	5	0	50	500	500	500	0	0	0	
4.3199555452e+02	0	581	8	492	16	5	0	50	500	500	500	0	0	0	
4.3249862830e+02	1	580	4	496	16	2	0	50	500	500	500	0	0	0	
4.3299964640e+02	1	579	3	497	16	3	0	50	500	500	500	0	0	0	
4.3349996841e+02	1	580	10	490	8	4	0	50	500	500	500	0	0	0	
4.3399962023e+02	1	580	5	495	9	4	0	50	500	500	500	0	0	0	
4.3449640046e+02	2	579	8	492	9	2	0	50	500	500	500	0	0	0	
4.3499876173e+02	3	579	6	494	7	4	0	50	500	500	500	0	0	0	
4.3549906320e+02	2	581	3	497	15	6	0	50	500	500	500	0	0	0	
4.3599895908e+02	1	582	14	486	15	5	0	50	500	500	500	0	0	0	
4.3649949664e+02	3	580	3	497	16	4	0	50	500	500	500	0	0	0	
4.3699696461e+02	2	583	8	492	10	5	0	50	500	500	500	0	0	0	
4.3749843491e+02	1	587	2	498	13	0	0	50	500	500	500	0	0	0	
4.3798962800e+02	1	591	5	495	8	1	0	50	500	500	500	0	0	0	
4.3849728243e+02	1	591	8	492	10	0	0	50	500	500	500	0	0	0	
4.3899974239e+02	2	589	6	494	6	1	0	50	500	500	500	0	0	0	
4.3949228668e+02	3	587	5	495	7	4	0	50	500	500	500	0	0	0	
4.3999115052e+02	3	589	8	492	16	3	0	50	500	500	500	0	0	0	
4.4049072190e+02	2	593	3	497	10	2	0	50	500	500	500	0	0	0	
4.4099911777e+02	2	595	5	495	7	3	0	50	500	500	500	0	0	0	
4.4149824545e+02	2	597	5	495	10	2	0	50	500	500	500	0	0	0	
4.4199911534e+02	3	596	11	489	16	4	0	50	500	500	500	0	0	0	
4.4249999998e+02	5	594	10	490	19	0	0	50	500	500	500	0	0	0	
4.4299511295e+02	4	596	3	497	6	4	0	50	500	500	500	0	0	0	
4.4349482580e+02	2	596	7	493	7	5	0	50	500	500	500	0	0	0	
4.4399995467e+02	3	595	8	492	12	6	0	50	500	500	500	0	0	0	
4.4449580881e+02	2	597	4	496	13	3	0	50	500	500	500	0	0	0	
4.4499954931e+02	2	600	3	497	10	2	0	50	500	500	500	0	0	0	
4.4549913835e+02	2	599	5	495	12	2	0	50	500	500	500	0	0	0	
4.4599790385e+02	2	598	9	491	6	3	0	50	500	500	500	0	0	0	
4.4649927455e+02	1	600	0	500	13	4	0	50	500	500	500	0	0	0	
4.4699508302e+02	1	600	8	492	14	2	0	50	500	500	500	0	0	0	
4.4749901259e+02	1	602	3	497	6	2	0	50	500	500	500	0	0	0	
4.4799591056e+02	1	603	5	495	16	5	0	50	500	500	500	0	0	0	
4.4849738745e+02	1	602	10	490	11	4	0	50	500	500	500	0	0	0	
4.4899874560e+02	2	604	7	493	13	3	0	50	500	500	500	0	0	0	
4.4949905358e+02	1	606	7	493	10	1	0	50	500	500	500	0	0	0	
4.4999658427e+02	3	603	2	498	11	3	0	50	500	500	500	0	0	0	
4.5049290705e+02	5	601	8	492	10	2	0	50	500	500	500	0	0	0	
4.5099906612e+02	6	600	5	495	15	3	0	50	500	500	500	0	0	0	
4.5149935790e+02	6	601	5	495	15	2	0	50	500	500	500	0	0	0	
4.5199994740e+02	5	602	3	497	11	1	0	50	500	500	500	0	0	0	
4.5249344699e+02	4	602	8	492	11	2	0	50	500	500	500	0	0	0	
4.5299851548e+02	4	603	7	493	10	6	0	50	500	500	500	0	0	0	
4.5349973409e+02	3	607	3	497	14	6	0	50	500	500	500	0	0	0	
4.5399835996e+02	2	607	6	494	15	4	0	50	500	500	500	0	0	0	
4.5449961375e+02	2	607	5	495	6	3	0	50	500	500	500	0	0	0	
4.5499912057e+02	3	608	6	494	8	1	0	50	500	500	500	0	0	0	
4.5549990911e+02	3	608	5	495	4	6	0	50	500	500	500	0	0	0	
4.5599867110e+02	2	610	7	493	9	4	0	50	500	500	500	0	0	0	
4.5649972275e+02	1	615	7	493	14	4	0	50	500	500	500	0	0	0	
4.5699940616e+02	1	618	8	492	12	1	0	50	500	500	500	0	0	0	
4.5749947447e+02	0	619	4	496	9	2	0	50	500	500	500	0	0	0	
4.5799891425e+02	0	618	4	496	18	4	0	50	500	500	500	0	0	0	
4.5849967325e+02	1	616	4	496	11	3	0	50	500	500	500	0	0	0	
4.5899991990e+02	1	616	7	493	7	3	0	50	500	500	500	0	0	0	
4.5949331916e+02	1	615	3	497	8	1	0	50	500	500	500	0	0	0	
4.5999940858e+02	1	617	5	495	8	6	0	50	500	500	500	0	0	0	
4.6049900755e+02	2	616	5	495	13	4	0	50	500	500	500	0	0	0	
4.6099065018e+02	2	616	5	495	15	2	0	50	500	500	500	0	0	0	
4.6149237869e+02	2	617	6	494	14	1	0	50	500	500	500	0	0	0	
4.6199995761e+02	3	616	15	485	15	5	0	50	500	500	500	0	0	0	
4.6249971506e+02	5	613	4	496	14	6	0	50	500	500	500	0	0	0	
4.6299852826e+02	6	613	6	494	9	6	0	50	500	500	500	0	0	0	
4.6349977937e+02	4	617	6	494	13	4	0	50	500	500	500	0	0	0	
4.6399777771e+02	4	617	9	491	13	1	0	50	500	500	500	0	0	0	
4.6449944155e+02	3	620	5	495	12	4	0	50	500	500	500	0	0	0	
4.6499387609e+02	3	620	5	495	14	1	0	50	500	500	500	0	0	0	
4.6549940237e+02	3	624	10	490	6	4	0	50	500	500	500	0	0	0	
4.6599914998e+02	2	626	1	499	12	3	0	50	500	500	500	0	0	0	
4.6649675984e+02	1	627	6	494	16	0	0	50	500	500	500	0	0	0	
4.6699837899e+02	1	627	4	496	12	3	0	50	500	500	500	0	0	0	
4.6749942088e+02	1	628	9	491	14	5	0	50	500	500	500	0	0	0	
4.6799952304e+02	0	631	6	494	11	2	0	50	500	500	500	0	0	0	
4.6849890166e+02	0	632	6	494	11	2	0	50	500	500	500	0	0	0	
4.6899674790e+02	1	631	8	492	16	1	0	50	500	500	500	0	0	0	
4.6949535610e+02	1	632	5	495	14	2	0	50	500	500	500	0	0	0	
4.6999705578e+02	1	632	6	494	10	2	0	50	500	500	500	0	0	0	
4.7049877110e+02	1	632	11	489	13	1	0	50	500	500	500	0	0	0	
4.7099526815e+02	0	633	5	495	12	3	0	50	500	500	500	0	0	0	
4.7149198107e+02	1	634	6	494	10	6	0	50	500	500	500	0	0	0	
4.7199823576e+02	1	635	10	490	15	4	0	50	500	500	500	0	0	0	
4.7249942899e+02	2	635	9	491	12	4	0	50	500	500	500	0	0	0	
4.7299675694e+02	2	635	11	489	9	3	0	50	500	500	500	0	0	0	
4.7349989794e+02	2	634	6	494	11	1	0	50	500	500	500	0	0	0	
4.7399508630e+02	2	636	4	496	7	3	0	50	500	500	500	0	0	0	
4.7449935786e+02	2	636	3	497	16	4	0	50	500	500	500	0	0	0	
4.7499934546e+02	1	638	6	494	14	2	0	50	500	500	500	0	0	0	
4.7549890019e+02	2	638	7	493	11	4	0	50	500	500	500	0	0	0	
4.7599500057e+02	2	638	3	497	16	1	0	50	500	500	500	0	0	0	
4.7649805371e+02	3	638	12	488	10	4	0	50	500	500	500	0	0	0	
4.7699934858e+02	4	637	6	494	10	2	0	50	500	500	500	0	0	0	
4.7749960716e+02	3	639	4	496	11	2	0	50	500	500	500	0	0	0	
4.7799966232e+02	1	642	7	493	10	4	0	50	500	500	500	0	0	0	
4.7849891758e+02	1	642	5	495	10	3	0	50	500	500	500	0	0	0	
4.7899917410e+02	1	642	4	496	12	7	0	50	500	500	500	0	0	0	
4.7949973723e+02	0	644	3	497	11	4	0	50	500	500	500	0	0	0	
4.7999948275e+02	0	643	8	492	10	1	0	50	500	500	500	0	0	0	
4.8049720774e+02	0	642	1	499	10	6	0	50	500	500	500	0	0	0	
4.8099599933e+02	3	641	3	497	12	5	0	50	500	500	500	0	0	0	
4.8149823099e+02	6	639	7	493	18	1	0	50	500	500	500	0	0	0	
4.8199937551e+02	4	642	4	496	19	3	0	50	500	500	500	0	0	0	
4.8249810918e+02	4	643	6	494	10	3	0	50	500	500	500	0	0	0	
4.8299951044e+02	3	644	7	493	12	2	0	50	500	500	500	0	0	0	
4.8349918731e+02	2	648	3	497	14	3	0	50	500	500	500	0	0	0	
4.8399549039e+02	3	649	7	493	13	2	0	50	500	500	500	0	0	0	
4.8449700559e+02	2	650	3	497	10	2	0	50	500	500	500	0	0	0	
4.8499819753e+02	1	651	7	493	6	7	0	50	500	500	500	0	0	0	
4.8549927726e+02	2	651	6	494	8	4	0	50	500	500	500	0	0	0	
4.8599994009e+02	2	652	7	493	4	1	0	50	500	500	500	0	0	0	
4.8649560497e+02	2	651	8	492	5	3	0	50	500	500	500	0	0	0	
4.8699881316e+02	1	652	4	496	11	4	0	50	500	500	500	0	0	0	
4.8749258113e+02	1	654	0	500	13	5	0	50	500	500	500	0	0	0	
4.8799893306e+02	1	654	8	492	7	4	0	50	500	500	500	0	0	0	
4.8849816373e+02	1	657	7	493	9	4	0	50	500	500	500	0	0	0	
4.8898328045e+02	3	655	1	499	9	5	0	50	500	500	500	0	0	0	
4.8949607582e+02	4	654	7	493	10	6	0	50	500	500	500	0	0	0	
4.8999912761e+02	5	653	4	496	14	2	0	50	500	500	500	0	0	0	
4.9049467914e+02	4	654	3	497	13	2	0	50	500	500	500	0	0	0	
4.9099464412e+02	2	657	4	496	12	1	0	50	500	500	500	0	0	0	
4.9149884863e+02	1	659	6	494	17	1	0	50	500	500	500	0	0	0	
4.9199820538e+02	1	658	6	494	15	1	0	50	500	500	500	0	0	0	
4.9249649442e+02	2	658	5	495	14	6	0	50	500	500	500	0	0	0	
4.9299891001e+02	1	659	12	488	15	4	0	50	500	500	500	0	0	0	
4.9349873405e+02	3	658	5	495	14	2	0	50	500	500	500	0	0	0	
4.9399826875e+02	3	657	3	497	13	1	0	50	500	500	500	0	0	0	
4.9449991066e+02	3	656	5	495	12	3	0	50	500	500	500	0	0	0	
4.9499999472e+02	2	657	7	493	18	2	0	50	500	500	500	0	0	0	
4.9549739926e+02	3	655	1	499	10	7	0	50	500	500	500	0	0	0	
4.9599799933e+02	0	658	9	491	15	7	0	50	500	500	500	0	0	0	
4.9648701050e+02	0	658	10	490	19	4	0	50	500	500	500	0	0	0	
4.9699973027e+02	0	659	6	494	14	6	0	50	500	500	500	0	0	0	
4.9749670159e+02	0	660	8	492	13	1	0	50	500	500	500	0	0	0	
4.9799532773e+02	0	663	3	497	6	6	0	50	500	500	500	0	0	0	
4.9849525199e+02	0	665	6	494	10	6	0	50	500	500	500	0	0	0	
4.9899856947e+02	0	665	11	489	8	5	0	50	500	500	500	0	0	0	
4.9949975877e+02	1	664	5	495	13	5	0	50	500	500	500	0	0	0	
4.9999996911e+02	1	665	7	493	11	6	0	50	500	500	500	0	0	0	
5.0000041801e+02	1	665	6	494	11	6	0	50	500	500	500	0	0	0	
