0.0000000000e+00	0	0	500	0	0	0	0	50	500	500	500	500	500	40	
4.9962267897e-01	0	0	484	16	2	4	0	50	500	500	500	500	500	40	
9.9977501323e-01	0	1	477	23	1	8	0	50	500	500	500	500	500	40	
1.4985323313e+00	0	2	462	38	0	3	0	50	500	500	500	500	500	40	
1.9988959995e+00	0	3	467	33	4	9	0	50	500	500	500	500	500	40	
2.4986498059e+00	0	4	460	40	6	9	0	50	500	500	500	500	500	40	
2.9976119528e+00	0	5	454	46	1	8	0	50	500	500	500	500	500	40	
3.4985511567e+00	0	6	457	43	2	9	0	50	500	500	500	500	500	40	
3.9968283219e+00	1	6	457	43	3	9	0	50	500	500	500	500	500	40	
4.4881347011e+00	1	7	458	42	2	8	0	50	500	500	500	500	500	40	
4.9989798754e+00	1	8	446	54	5	8	0	50	500	500	500	500	500	40	
5.4985314633e+00	1	9	454	46	7	10	0	50	500	500	500	500	500	40	
5.9892718579e+00	0	11	456	44	5	4	0	50	500	500	500	500	500	40	
6.4989867254e+00	0	12	444	56	2	6	0	50	500	500	500	500	500	40	
6.9978161827e+00	0	13	446	54	2	7	0	50	500	500	500	500	500	40	
7.4967931712e+00	0	14	458	42	1	9	0	50	500	500	500	500	500	40	
7.9985063935e+00	0	15	465	35	4	12	0	50	500	500	500	500	500	40	
8.4972902720e+00	0	15	471	29	3	11	0	50	500	500	500	500	500	40	
8.9984136788e+00	0	17	456	44	4	15	0	50	500	500	500	500	500	40	
9.4948194003e+00	0	19	445	55	4	8	0	50	500	500	500	500	500	40	
9.9991196866e+00	1	19	446	54	1	9	0	50	500	500	500	500	500	40	
1.0499204380e+01	1	22	441	59	3	7	0	50	500	500	500	500	500	40	
1.0998467534e+01	1	22	438	62	3	6	0	50	500	500	500	500	500	40	
1.1491678277e+01	1	23	447	53	2	7	0	50	500	500	500	500	500	40	
1.1997960474e+01	2	23	445	55	4	9	0	50	500	500	500	500	500	40	
1.2498139447e+01	2	23	448	52	2	12	0	50	500	500	500	500	500	40	
1.2994753105e+01	3	22	447	53	5	9	0	50	500	500	500	500	500	40	
1.3498088398e+01	3	23	458	42	0	11	0	50	500	500	500	500	500	40	
1.3998794377e+01	4	22	449	51	3	12	0	50	500	500	500	500	500	40	
1.4491944384e+01	4	23	444	56	5	9	0	50	500	500	500	500	500	40	
1.4992582365e+01	4	23	450	50	6	8	0	50	500	500	500	500	500	40	
1.5494745995e+01	4	23	458	42	2	6	0	50	500	500	500	500	500	40	
1.5997496178e+01	4	24	459	41	2	5	0	50	500	500	500	500	500	40	
1.6491346269e+01	4	24	461	39	1	2	0	50	500	500	500	500	500	40	
1.6994660077e+01	5	23	457	43	5	8	0	50	500	500	500	500	500	40	
1.7497699899e+01	5	23	460	40	4	5	0	50	500	500	500	500	500	40	
1.7999679752e+01	5	24	453	47	1	6	0	50	500	500	500	500	500	40	
1.8497808672e+01	5	26	451	49	1	3	0	50	500	500	500	500	500	40	
1.8998961075e+01	5	26	442	58	1	9	0	50	500	500	500	500	500	40	
1.9499952196e+01	5	27	442	58	4	9	0	50	500	500	500	500	500	40	
1.9998484095e+01	6	27	439	61	8	5	0	50	500	500	500	500	500	40	
2.0499072041e+01	6	28	454	46	3	9	0	50	500	500	500	500	500	40	
2.0997388139e+01	6	28	438	62	3	10	0	50	500	500	500	500	500	40	
2.1499629803e+01	6	29	433	67	3	10	0	50	500	500	500	500	500	40	
2.1998543908e+01	6	30	450	50	2	13	0	50	500	500	500	500	500	40	
2.2498239945e+01	6	30	459	41	5	7	0	50	500	500	500	500	500	40	
2.2996786156e+01	6	30	462	38	2	8	0	50	500	500	500	500	500	40	
2.3493233107e+01	6	30	457	43	2	9	0	50	500	500	500	500	500	40	
2.3993802173e+01	6	30	447	53	3	6	0	50	500	500	500	500	500	40	
2.4495322312e+01	6	31	455	45	6	8	0	50	500	500	500	500	500	40	
2.4993526341e+01	6	31	443	57	4	2	0	50	500	500	500	500	500	40	
2.5495135363e+01	6	32	460	40	5	5	0	50	500	500	500	500	500	40	
2.5997777540e+01	6	33	472	28	2	5	0	50	500	500	500	500	500	40	
2.6497359916e+01	5	35	470	30	2	5	0	50	500	500	500	500	500	40	
2.6997897768e+01	5	36	466	34	4	8	0	50	500	500	500	500	500	40	
2.7498611239e+01	6	36	460	40	5	12	0	50	500	500	500	500	500	40	
2.7998381979e+01	6	36	460	40	1	9	0	50	500	500	500	500	500	40	
2.8494200926e+01	5	37	460	40	1	11	0	50	500	500	500	500	500	40	
2.8998159987e+01	5	38	447	53	0	6	0	50	500	500	500	500	500	40	
2.9493214189e+01	5	39	439	61	2	4	0	50	500	500	500	500	500	40	
2.9997935072e+01	5	41	442	58	6	4	0	50	500	500	500	500	500	40	
3.0493925195e+01	5	41	443	57	3	8	0	50	500	500	500	500	500	40	
3.0977033756e+01	5	41	445	55	4	10	0	50	500	500	500	500	500	40	
3.1499791484e+01	5	41	447	53	3	9	0	50	500	500	500	500	500	40	
3.1999653952e+01	6	40	457	43	4	5	0	50	500	500	500	500	500	40	
3.2497931164e+01	6	40	463	37	6	10	0	50	500	500	500	500	500	40	
3.2995635994e+01	6	41	465	35	5	3	0	50	500	500	500	500	500	40	
3.3498003008e+01	6	43	459	41	5	3	0	50	500	500	500	500	500	40	
3.3999806449e+01	6	43	464	36	4	8	0	50	500	500	500	500	500	40	
3.4499867824e+01	6	44	444	56	3	6	0	50	500	500	500	500	500	40	
3.4997311493e+01	7	45	439	61	1	5	0	50	500	500	500	500	500	40	
3.5499005591e+01	6	47	446	54	3	5	0	50	500	500	500	500	500	40	
3.5993932665e+01	6	49	442	58	1	7	0	50	500	500	500	500	500	40	
3.6499380957e+01	6	50	441	59	3	6	0	50	500	500	500	500	500	40	
3.6999175043e+01	6	50	445	55	7	5	0	50	500	500	500	500	500	40	
3.7499764336e+01	6	52	447	53	2	9	0	50	500	500	500	500	500	40	
3.7999297262e+01	5	53	447	53	1	11	0	50	500	500	500	500	500	40	
3.8499715079e+01	5	56	431	69	5	8	0	50	500	500	500	500	500	40	
3.8988834141e+01	6	56	445	55	2	5	0	50	500	500	500	500	500	40	
3.9493318633e+01	6	58	441	59	2	7	0	50	500	500	500	500	500	40	
3.9998871465e+01	6	60	454	46	1	5	0	50	500	500	500	500	500	40	
4.0498733156e+01	5	63	455	45	3	5	0	50	500	500	500	500	500	40	
4.0976475115e+01	5	63	455	45	3	7	0	50	500	500	500	500	500	40	
4.1496453278e+01	5	64	459	41	2	5	0	50	500	500	500	500	500	40	
4.1983875015e+01	6	63	457	43	2	9	0	50	500	500	500	500	500	40	
4.2498859983e+01	5	64	452	48	1	11	0	50	500	500	500	500	500	40	
4.2994883090e+01	5	65	455	45	3	6	0	50	500	500	500	500	500	40	
4.3494378348e+01	4	68	447	53	2	8	0	50	500	500	500	500	500	40	
4.3998670774e+01	3	69	456	44	3	14	0	50	500	500	500	500	500	40	
4.4499318597e+01	3	69	454	46	4	6	0	50	500	500	500	500	500	40	
4.4996503204e+01	4	68	452	48	4	9	0	50	500	500	500	500	500	40	
4.5497894427e+01	6	70	447	53	4	6	0	50	500	500	500	500	500	40	
4.5993853749e+01	7	70	439	61	5	11	0	50	500	500	500	500	500	40	
4.6496522612e+01	8	69	439	61	4	6	0	50	500	500	500	500	500	40	
4.6995739554e+01	8	69	450	50	3	10	0	50	500	500	500	500	500	40	
4.7496815230e+01	8	69	459	41	5	12	0	50	500	500	500	500	500	40	
4.7997736174e+01	8	70	447	53	2	7	0	50	500	500	500	500	500	40	
4.8499990845e+01	9	71	448	52	2	7	0	50	500	500	500	500	500	40	
4.8995364333e+01	10	71	452	48	3	3	0	50	500	500	500	500	500	40	
4.9499252582e+01	10	73	450	50	1	4	0	50	500	500	500	500	500	40	
4.9999774969e+01	9	74	443	57	5	11	0	50	500	500	500	500	500	40	
5.0497151828e+01	8	77	444	56	4	12	0	50	500	500	500	500	500	40	
5.0999619309e+01	8	77	446	54	6	11	0	50	500	500	500	500	500	40	
5.1498201830e+01	7	78	443	57	5	8	0	50	500	500	500	500	500	40	
5.1990213372e+01	7	78	449	51	4	14	0	50	500	500	500	500	500	40	
5.2492136104e+01	10	77	453	47	5	14	0	50	500	500	500	500	500	40	
5.2997924981e+01	10	79	443	57	2	10	0	50	500	500	500	500	500	40	
5.3499361850e+01	11	78	449	51	4	5	0	50	500	500	500	500	500	40	
5.3999768569e+01	11	79	453	47	0	12	0	50	500	500	500	500	500	40	
5.4495729520e+01	11	80	444	56	1	9	0	50	500	500	500	500	500	40	
5.4997540296e+01	10	80	437	63	5	7	0	50	500	500	500	500	500	40	
5.5497169717e+01	9	83	457	43	0	4	0	50	500	500	500	500	500	40	
5.5999078643e+01	8	85	469	31	0	1	0	50	500	500	500	500	500	40	
5.6499162910e+01	6	88	453	47	1	4	0	50	500	500	500	500	500	40	
5.6997447819e+01	6	88	450	50	0	6	0	50	500	500	500	500	500	40	
5.7494929660e+01	6	88	443	57	3	8	0	50	500	500	500	500	500	40	
5.7998683613e+01	6	88	438	62	2	4	0	50	500	500	500	500	500	40	
5.8499903134e+01	7	89	448	52	2	6	0	50	500	500	500	500	500	40	
5.8999318333e+01	7	90	443	57	3	3	0	50	500	500	500	500	500	40	
5.9496237014e+01	7	91	452	48	2	6	0	50	500	500	500	500	500	40	
5.9988237921e+01	7	92	461	39	1	5	0	50	500	500	500	500	500	40	
6.0492161300e+01	7	92	457	43	0	7	0	50	500	500	500	500	500	40	
6.0990074751e+01	8	91	459	41	2	9	0	50	500	500	500	500	500	40	
6.1498817067e+01	9	91	455	45	3	5	0	50	500	500	500	500	500	40	
6.1997606572e+01	9	92	448	52	2	7	0	50	500	500	500	500	500	40	
6.2499929658e+01	10	91	446	54	4	5	0	50	500	500	500	500	500	40	
6.2986723657e+01	12	89	454	46	1	5	0	50	500	500	500	500	500	40	
6.3499873173e+01	13	88	453	47	4	4	0	50	500	500	500	500	500	40	
6.3997897210e+01	13	89	455	45	4	8	0	50	500	500	500	500	500	40	
6.4499387033e+01	13	90	457	43	4	7	0	50	500	500	500	500	500	40	
6.4998407257e+01	14	89	460	40	8	8	0	50	500	500	500	500	500	40	
6.5499865944e+01	14	92	461	39	5	4	0	50	500	500	500	500	500	40	
6.5998677503e+01	13	94	449	51	6	7	0	50	500	500	500	500	500	40	
6.6497631438e+01	13	94	462	38	7	8	0	50	500	500	500	500	500	40	
6.6998428298e+01	13	94	465	35	0	4	0	50	500	500	500	500	500	40	
6.7492328317e+01	13	95	453	47	0	6	0	50	500	500	500	500	500	40	
6.7993576171e+01	14	94	456	44	5	6	0	50	500	500	500	500	500	40	
6.8499668882e+01	14	95	458	42	1	13	0	50	500	500	500	500	500	40	
6.8997439721e+01	14	97	465	35	4	6	0	50	500	500	500	500	500	40	
6.9498984983e+01	15	96	469	31	7	9	0	50	500	500	500	500	500	40	
6.9994005658e+01	15	97	458	42	1	10	0	50	500	500	500	500	500	40	
7.0499461718e+01	16	96	448	52	3	6	0	50	500	500	500	500	500	40	
7.0998795073e+01	17	96	454	46	2	7	0	50	500	500	500	500	500	40	
7.1499823813e+01	17	98	458	42	5	4	0	50	500	500	500	500	500	40	
7.1999598271e+01	18	99	461	39	4	7	0	50	500	500	500	500	500	40	
7.2499708716e+01	19	99	450	50	2	9	0	50	500	500	500	500	500	40	
7.2996476124e+01	19	101	452	48	7	5	0	50	500	500	500	500	500	40	
7.3496761536e+01	18	101	453	47	5	5	0	50	500	500	500	500	500	40	
7.3999633505e+01	19	100	446	54	6	6	0	50	500	500	500	500	500	40	
7.4499838663e+01	18	102	443	57	6	5	0	50	500	500	500	500	500	40	
7.4997161899e+01	17	103	440	60	1	7	0	50	500	500	500	500	500	40	
7.5498512440e+01	17	107	457	43	3	4	0	50	500	500	500	500	500	40	
7.5999662816e+01	18	107	467	33	3	5	0	50	500	500	500	500	500	40	
7.6494046455e+01	18	107	468	32	2	7	0	50	500	500	500	500	500	40	
7.6986576372e+01	18	108	463	37	1	6	0	50	500	500	500	500	500	40	
7.7499639770e+01	20	107	456	44	2	5	0	50	500	500	500	500	500	40	
7.7999630566e+01	20	109	464	36	7	4	0	50	500	500	500	500	500	40	
7.8491401191e+01	22	107	453	47	0	5	0	50	500	500	500	500	500	40	
7.8996340269e+01	20	109	451	49	4	4	0	50	500	500	500	500	500	40	
7.9493678104e+01	19	111	465	35	3	12	0	50	500	500	500	500	500	40	
7.9998875658e+01	22	108	471	29	7	5	0	50	500	500	500	500	500	40	
8.0498307720e+01	25	107	453	47	5	6	0	50	500	500	500	500	500	40	
8.0998776581e+01	26	109	454	46	6	6	0	50	500	500	500	500	500	40	
8.1499831341e+01	25	111	452	48	2	7	0	50	500	500	500	500	500	40	
8.1999102963e+01	27	110	458	42	4	7	0	50	500	500	500	500	500	40	
8.2492952564e+01	27	113	449	51	1	5	0	50	500	500	500	500	500	40	
8.2999178547e+01	30	111	432	68	3	7	0	50	500	500	500	500	500	40	
8.3499334303e+01	30	112	443	57	2	6	0	50	500	500	500	500	500	40	
8.3997982604e+01	30	113	461	39	2	7	0	50	500	500	500	500	500	40	
8.4493838005e+01	31	113	465	35	2	8	0	50	500	500	500	500	500	40	
8.4998961354e+01	34	110	455	45	2	11	0	50	500	500	500	500	500	40	
8.5499532594e+01	31	114	462	38	2	3	0	50	500	500	500	500	500	40	
8.5997434241e+01	31	114	459	41	6	9	0	50	500	500	500	500	500	40	
8.6496960758e+01	32	114	463	37	1	5	0	50	500	500	500	500	500	40	
8.6996745572e+01	32	114	482	18	4	5	0	50	500	500	500	500	500	40	
8.7499822895e+01	33	116	466	34	2	7	0	50	500	500	500	500	500	40	
8.7998688453e+01	33	116	462	38	1	9	0	50	500	500	500	500	500	40	
8.8496350912e+01	32	116	455	45	4	6	0	50	500	500	500	500	500	40	
8.8996339085e+01	36	113	459	41	3	7	0	50	500	500	500	500	500	40	
8.9495053759e+01	36	113	458	42	5	7	0	50	500	500	500	500	500	40	
8.9997657757e+01	36	114	454	46	5	4	0	50	500	500	500	500	500	40	
9.0499600594e+01	37	114	456	44	3	6	0	50	500	500	500	500	500	40	
9.0997012321e+01	36	115	453	47	4	1	0	50	500	500	500	500	500	40	
9.1499037508e+01	36	116	459	41	4	6	0	50	500	500	500	500	500	40	
9.1997368366e+01	36	115	455	45	2	7	0	50	500	500	500	500	500	40	
9.2498817992e+01	37	114	458	42	2	20	0	50	500	500	500	500	500	40	
9.2998922541e+01	38	113	452	48	5	5	0	50	500	500	500	500	500	40	
9.3497298716e+01	39	112	458	42	1	9	0	50	500	500	500	500	500	40	
9.3998341113e+01	36	116	452	48	1	11	0	50	500	500	500	500	500	40	
9.4499539693e+01	36	118	466	34	6	5	0	50	500	500	500	500	500	40	
9.4992393319e+01	39	116	465	35	7	8	0	50	500	500	500	500	500	40	
9.5498107653e+01	40	115	464	36	6	7	0	50	500	500	500	500	500	40	
9.5997845116e+01	38	117	470	30	6	2	0	50	500	500	500	500	500	40	
9.6497919397e+01	37	120	476	24	2	6	0	50	500	500	500	500	500	40	
9.6989239930e+01	38	119	458	42	4	9	0	50	500	500	500	500	500	40	
9.7497775953e+01	38	120	461	39	3	7	0	50	500	500	500	500	500	40	
9.7999128953e+01	38	122	458	42	3	9	0	50	500	500	500	500	500	40	
9.8496309998e+01	36	126	450	50	4	7	0	50	500	500	500	500	500	40	
9.8998486519e+01	36	127	456	44	4	10	0	50	500	500	500	500	500	40	
9.9493088841e+01	37	127	446	54	11	12	0	50	500	500	500	500	500	40	
9.9999362047e+01	36	130	446	54	4	7	0	50	500	500	500	500	500	40	
1.0049912130e+02	35	130	444	56	3	5	0	50	500	500	500	500	500	40	
1.0099858773e+02	34	133	442	58	5	5	0	50	500	500	500	500	500	40	
1.0149999164e+02	33	136	450	50	7	5	0	50	500	500	500	500	500	40	
1.0199740787e+02	32	136	439	61	4	8	0	50	500	500	500	500	500	40	
1.0249577991e+02	33	136	444	56	7	6	0	50	500	500	500	500	500	40	
1.0299714215e+02	34	136	451	49	6	9	0	50	500	500	500	500	500	40	
1.0349729915e+02	41	129	456	44	7	8	0	50	500	500	500	500	500	40	
1.0399902311e+02	41	131	462	38	7	12	0	50	500	500	500	500	500	40	
1.0449975865e+02	41	131	465	35	4	3	0	50	500	500	500	500	500	40	
1.0499695176e+02	42	132	452	48	2	8	0	50	500	500	500	500	500	40	
1.0549949152e+02	41	132	433	67	3	2	0	50	500	500	500	500	500	40	
1.0599830207e+02	39	135	436	64	3	6	0	50	500	500	500	500	500	40	
1.0649679464e+02	39	136	450	50	4	6	0	50	500	500	500	500	500	40	
1.0699825610e+02	40	135	459	41	2	10	0	50	500	500	500	500	500	40	
1.0749540778e+02	41	134	461	39	0	6	0	50	500	500	500	500	500	40	
1.0799429702e+02	40	137	450	50	4	7	0	50	500	500	500	500	500	40	
1.0848367439e+02	37	141	445	55	2	7	0	50	500	500	500	500	500	40	
1.0899729543e+02	39	140	430	70	6	6	0	50	500	500	500	500	500	40	
1.0949998832e+02	37	142	431	69	6	6	0	50	500	500	500	500	500	40	
1.0999642557e+02	38	141	437	63	3	9	0	50	500	500	500	500	500	40	
1.1049775436e+02	39	141	444	56	4	14	0	50	500	500	500	500	500	40	
1.1099713686e+02	39	142	447	53	7	9	0	50	500	500	500	500	500	40	
1.1149966952e+02	41	141	456	44	5	7	0	50	500	500	500	500	500	40	
1.1199683372e+02	40	142	464	36	3	5	0	50	500	500	500	500	500	40	
1.1249219609e+02	41	142	466	34	3	9	0	50	500	500	500	500	500	40	
1.1299934694e+02	41	142	468	32	2	4	0	50	500	500	500	500	500	40	
1.1349701697e+02	41	143	469	31	2	5	0	50	500	500	500	500	500	40	
1.1399893861e+02	42	144	464	36	3	7	0	50	500	500	500	500	500	40	
1.1449816311e+02	42	145	464	36	2	11	0	50	500	500	500	500	500	40	
1.1499438085e+02	44	143	462	38	3	9	0	50	500	500	500	500	500	40	
1.1549855821e+02	44	145	465	35	6	6	0	50	500	500	500	500	500	40	
1.1599970152e+02	43	148	463	37	2	11	0	50	500	500	500	500	500	40	
1.1649057651e+02	44	149	456	44	5	11	0	50	500	500	500	500	500	40	
1.1699757458e+02	46	147	469	31	6	11	0	50	500	500	500	500	500	40	
1.1749996494e+02	47	148	458	42	6	5	0	50	500	500	500	500	500	40	
1.1799784734e+02	47	149	457	43	1	10	0	50	500	500	500	500	500	40	
1.1849989797e+02	47	147	457	43	9	4	0	50	500	500	500	500	500	40	
1.1899570147e+02	49	144	462	38	0	5	0	50	500	500	500	500	500	40	
1.1949935084e+02	50	145	459	41	3	4	0	50	500	500	500	500	500	40	
1.1999863222e+02	49	146	456	44	4	7	0	50	500	500	500	500	500	40	
1.2048680732e+02	48	148	457	43	1	0	0	50	500	500	500	500	500	40	
1.2099818984e+02	47	149	457	43	3	5	0	50	500	500	500	500	500	40	
1.2149901351e+02	48	148	448	52	1	7	0	50	500	500	500	500	500	40	
1.2199065096e+02	46	150	440	60	2	3	0	50	500	500	500	500	500	40	
1.2249514199e+02	47	149	441	59	6	5	0	50	500	500	500	500	500	40	
1.2299619110e+02	49	149	453	47	4	5	0	50	500	500	500	500	500	40	
1.2349913150e+02	50	148	452	48	4	7	0	50	500	500	500	500	500	40	
1.2399679732e+02	48	151	440	60	4	8	0	50	500	500	500	500	500	40	
1.2449825016e+02	50	152	456	44	2	6	0	50	500	500	500	500	500	40	
1.2499694749e+02	50	152	457	43	3	5	0	50	500	500	500	500	500	40	
1.2549494335e+02	52	150	452	48	5	5	0	50	500	500	500	500	500	40	
1.2599446500e+02	54	147	462	38	3	7	0	50	500	500	500	500	500	40	
1.2649877568e+02	55	148	458	42	4	11	0	50	500	500	500	500	500	40	
1.2699910530e+02	55	152	465	35	3	4	0	50	500	500	500	500	500	40	
1.2749857720e+02	56	151	459	41	4	6	0	50	500	500	500	500	500	40	
1.2798612872e+02	54	154	452	48	2	6	0	50	500	500	500	500	500	40	
1.2849553316e+02	54	153	450	50	3	6	0	50	500	500	500	500	500	40	
1.2899546833e+02	55	152	451	49	4	6	0	50	500	500	500	500	500	40	
1.2949998406e+02	57	150	453	47	9	7	0	50	500	500	500	500	500	40	
1.2999951075e+02	57	152	457	43	5	6	0	50	500	500	500	500	500	40	
1.3049165689e+02	56	153	452	48	6	6	0	50	500	500	500	500	500	40	
1.3099954824e+02	53	159	442	58	3	4	0	50	500	500	500	500	500	40	
1.3149914824e+02	54	157	448	52	2	6	0	50	500	500	500	500	500	40	
1.3199854876e+02	52	160	441	59	6	7	0	50	500	500	500	500	500	40	
1.3249950709e+02	53	160	448	52	4	12	0	50	500	500	500	500	500	40	
1.3299782029e+02	56	158	450	50	10	8	0	50	500	500	500	500	500	40	
1.3349258657e+02	55	159	440	60	2	13	0	50	500	500	500	500	500	40	
1.3399678274e+02	56	158	435	65	4	3	0	50	500	500	500	500	500	40	
1.3449898164e+02	55	160	445	55	2	5	0	50	500	500	500	500	500	40	
1.3499910372e+02	56	159	448	52	2	3	0	50	500	500	500	500	500	40	
1.3549453285e+02	56	159	458	42	3	4	0	50	500	500	500	500	500	40	
1.3599726150e+02	56	160	460	40	3	4	0	50	500	500	500	500	500	40	
1.3649653546e+02	58	158	447	53	3	5	0	50	500	500	500	500	500	40	
1.3699555371e+02	58	159	448	52	8	2	0	50	500	500	500	500	500	40	
1.3749805180e+02	57	160	447	53	6	7	0	50	500	500	500	500	500	40	
1.3799846905e+02	61	156	438	62	8	6	0	50	500	500	500	500	500	40	
1.3849257633e+02	61	155	447	53	4	6	0	50	500	500	500	500	500	40	
1.3899830016e+02	58	158	453	47	4	8	0	50	500	500	500	500	500	40	
1.3949897711e+02	56	161	449	51	3	10	0	50	500	500	500	500	500	40	
1.3999983176e+02	55	163	447	53	1	6	0	50	500	500	500	500	500	40	
1.4048879423e+02	55	163	450	50	2	7	0	50	500	500	500	500	500	40	
1.4099967230e+02	55	163	452	48	1	3	0	50	500	500	500	500	500	40	
1.4149511975e+02	56	165	457	43	4	7	0	50	500	500	500	500	500	40	
1.4199520964e+02	54	167	451	49	1	7	0	50	500	500	500	500	500	40	
1.4249559572e+02	54	167	457	43	2	3	0	50	500	500	500	500	500	40	
1.4299762880e+02	51	171	454	46	3	5	0	50	500	500	500	500	500	40	
1.4349574189e+02	49	173	451	49	0	9	0	50	500	500	500	500	500	40	
1.4399996282e+02	47	174	455	45	2	7	0	50	500	500	500	500	500	40	
1.4449785437e+02	46	175	460	40	5	3	0	50	500	500	500	500	500	40	
1.4499976350e+02	44	177	471	29	4	7	0	50	500	500	500	500	500	40	
1.4548609186e+02	45	177	467	33	1	6	0	50	500	500	500	500	500	40	
1.4599935680e+02	46	178	461	39	2	5	0	50	500	500	500	500	500	40	
1.4649930812e+02	46	180	463	37	3	6	0	50	500	500	500	500	500	40	
1.4699906358e+02	47	179	456	44	0	8	0	50	500	500	500	500	500	40	
1.4749979841e+02	49	179	456	44	11	6	0	50	500	500	500	500	500	40	
1.4799294207e+02	52	176	451	49	3	7	0	50	500	500	500	500	500	40	
1.4849861303e+02	55	176	451	49	3	6	0	50	500	500	500	500	500	40	
1.4899696348e+02	56	177	440	60	6	8	0	50	500	500	500	500	500	40	
1.4949442791e+02	57	177	448	52	3	10	0	50	500	500	500	500	500	40	
1.4999215782e+02	55	181	446	54	2	15	0	50	500	500	500	500	500	40	
1.5049977969e+02	55	183	440	60	4	4	0	50	500	500	500	500	500	40	
1.5099993213e+02	53	184	457	43	1	4	0	50	500	500	500	500	500	40	
1.5149823457e+02	54	183	451	49	3	7	0	50	500	500	500	500	500	40	
1.5198832826e+02	53	184	462	38	1	2	0	50	500	500	500	500	500	40	
1.5249976857e+02	52	185	460	40	3	8	0	50	500	500	500	500	500	40	
1.5299708491e+02	54	183	457	43	3	10	0	50	500	500	500	500	500	40	
1.5349630583e+02	54	184	457	43	1	6	0	50	500	500	500	500	500	40	
1.5399562114e+02	54	184	464	36	3	8	0	50	500	500	500	500	500	40	
1.5449282940e+02	57	182	456	44	4	3	0	50	500	500	500	500	500	40	
1.5499670631e+02	57	184	460	40	6	3	0	50	500	500	500	500	500	40	
1.5549921478e+02	58	184	460	40	4	4	0	50	500	500	500	500	500	40	
1.5599716915e+02	60	182	461	39	3	2	0	50	500	500	500	500	500	40	
1.5649574674e+02	61	182	448	52	4	7	0	50	500	500	500	500	500	40	
1.5699789561e+02	60	185	445	55	5	6	0	50	500	500	500	500	500	40	
1.5749786308e+02	61	186	447	53	4	9	0	50	500	500	500	500	500	40	
1.5799892835e+02	63	185	449	51	4	10	0	50	500	500	500	500	500	40	
1.5849933813e+02	65	183	443	57	6	5	0	50	500	500	500	500	500	40	
1.5899967731e+02	66	183	448	52	7	2	0	50	500	500	500	500	500	40	
1.5949879206e+02	67	182	460	40	3	5	0	50	500	500	500	500	500	40	
1.5999461413e+02	66	186	462	38	4	4	0	50	500	500	500	500	500	40	
1.6049134937e+02	66	187	461	39	1	3	0	50	500	500	500	500	500	40	
1.6099829906e+02	67	187	453	47	5	5	0	50	500	500	500	500	500	40	
1.6149186744e+02	66	190	442	58	3	9	0	50	500	500	500	500	500	40	
1.6199785957e+02	65	191	434	66	1	4	0	50	500	500	500	500	500	40	
1.6249507041e+02	63	193	441	59	3	5	0	50	500	500	500	500	500	40	
1.6299820051e+02	63	192	437	63	1	5	0	50	500	500	500	500	500	40	
1.6349417877e+02	61	195	420	80	2	4	0	50	500	500	500	500	500	40	
1.6399894438e+02	59	199	421	79	4	6	0	50	500	500	500	500	500	40	
1.6449778424e+02	59	201	430	70	7	5	0	50	500	500	500	500	500	40	
1.6499760204e+02	60	202	437	63	3	5	0	50	500	500	500	500	500	40	
1.6549993522e+02	59	202	438	62	1	3	0	50	500	500	500	500	500	40	
1.6599871957e+02	60	201	431	69	2	11	0	50	500	500	500	500	500	40	
1.6649875670e+02	60	203	438	62	2	7	0	50	500	500	500	500	500	40	
1.6699621033e+02	59	208	436	64	4	4	0	50	500	500	500	500	500	40	
1.6748594743e+02	59	208	446	54	2	2	0	50	500	500	500	500	500	40	
1.6799925750e+02	58	209	445	55	4	4	0	50	500	500	500	500	500	40	
1.6849457325e+02	59	209	454	46	5	6	0	50	500	500	500	500	500	40	
1.6899098101e+02	61	209	454	46	2	4	0	50	500	500	500	500	500	40	
1.6949835010e+02	61	212	459	41	4	10	0	50	500	500	500	500	500	40	
1.6999693343e+02	62	211	465	35	5	6	0	50	500	500	500	500	500	40	
1.7049350034e+02	60	214	466	34	5	2	0	50	500	500	500	500	500	40	
1.7099607813e+02	59	216	474	26	2	7	0	50	500	500	500	500	500	40	
1.7149193994e+02	61	215	472	28	1	6	0	50	500	500	500	500	500	40	
1.7199899076e+02	60	217	466	34	2	4	0	50	500	500	500	500	500	40	
1.7249952231e+02	61	216	463	37	2	13	0	50	500	500	500	500	500	40	
1.7299761542e+02	64	214	463	37	4	14	0	50	500	500	500	500	500	40	
1.7349239811e+02	67	211	459	41	9	10	0	50	500	500	500	500	500	40	
1.7399964902e+02	63	215	464	36	5	7	0	50	500	500	500	500	500	40	
1.7449648398e+02	65	215	463	37	2	7	0	50	500	500	500	500	500	40	
1.7499791047e+02	66	212	467	33	2	8	0	50	500	500	500	500	500	40	
1.7549699884e+02	65	215	446	54	0	6	0	50	500	500	500	500	500	40	
1.7599623107e+02	64	215	440	60	3	4	0	50	500	500	500	500	500	40	
1.7649490616e+02	61	218	456	44	2	8	0	50	500	500	500	500	500	40	
1.7699960736e+02	64	216	457	43	5	4	0	50	500	500	500	500	500	40	
1.7749458512e+02	63	217	457	43	4	8	0	50	500	500	500	500	500	40	
1.7799942806e+02	65	217	466	34	6	6	0	50	500	500	500	500	500	40	
1.7849796368e+02	65	216	461	39	5	6	0	50	500	500	500	500	500	40	
1.7899808502e+02	64	218	451	49	6	4	0	50	500	500	500	500	500	40	
1.7949500052e+02	62	221	456	44	2	8	0	50	500	500	500	500	500	40	
1.7999547599e+02	62	222	458	42	6	3	0	50	500	500	500	500	500	40	
1.8049880996e+02	63	223	451	49	8	5	0	50	500	500	500	500	500	40	
1.8099938349e+02	60	226	451	49	2	6	0	50	500	500	500	500	500	40	
1.8149974798e+02	61	228	454	46	6	13	0	50	500	500	500	500	500	40	
1.8199372210e+02	59	231	471	29	4	14	0	50	500	500	500	500	500	40	
1.8249792561e+02	62	230	451	49	7	3	0	50	500	500	500	500	500	40	
1.8299767704e+02	60	232	454	46	5	5	0	50	500	500	500	500	500	40	
1.8349896405e+02	63	229	453	47	4	8	0	50	500	500	500	500	500	40	
1.8399973555e+02	61	231	460	40	7	4	0	50	500	500	500	500	500	40	
1.8449483719e+02	62	230	449	51	4	11	0	50	500	500	500	500	500	40	
1.8499930223e+02	63	230	465	35	8	4	0	50	500	500	500	500	500	40	
1.8549779953e+02	65	229	456	44	3	8	0	50	500	500	500	500	500	40	
1.8599593964e+02	68	228	463	37	3	7	0	50	500	500	500	500	500	40	
1.8649835996e+02	71	223	458	42	3	7	0	50	500	500	500	500	500	40	
1.8699797809e+02	71	225	459	41	4	9	0	50	500	500	500	500	500	40	
1.8749988754e+02	71	226	449	51	6	11	0	50	500	500	500	500	500	40	
1.8799934573e+02	72	225	450	50	8	12	0	50	500	500	500	500	500	40	
1.8849955135e+02	73	224	444	56	9	8	0	50	500	500	500	500	500	40	
1.8899896037e+02	73	223	444	56	7	5	0	50	500	500	500	500	500	40	
1.8949928333e+02	76	221	439	61	3	6	0	50	500	500	500	500	500	40	
1.8999769743e+02	75	221	444	56	5	11	0	50	500	500	500	500	500	40	
1.9049958541e+02	73	226	445	55	3	7	0	50	500	500	500	500	500	40	
1.9099994073e+02	72	227	445	55	4	4	0	50	500	500	500	500	500	40	
1.9149720645e+02	73	226	453	47	7	8	0	50	500	500	500	500	500	40	
1.9199896928e+02	75	225	459	41	6	2	0	50	500	500	500	500	500	40	
1.9249944532e+02	75	225	449	51	1	10	0	50	500	500	500	500	500	40	
1.9299519464e+02	76	225	464	36	5	10	0	50	500	500	500	500	500	40	
1.9349902023e+02	76	226	464	36	5	4	0	50	500	500	500	500	500	40	
1.9399714017e+02	76	227	463	37	3	6	0	50	500	500	500	500	500	40	
1.9449976003e+02	76	228	452	48	0	4	0	50	500	500	500	500	500	40	
1.9499930931e+02	73	231	453	47	3	6	0	50	500	500	500	500	500	40	
1.9549609703e+02	74	230	445	55	1	6	0	50	500	500	500	500	500	40	
1.9599452292e+02	75	229	441	59	2	5	0	50	500	500	500	500	500	40	
1.9649478269e+02	74	230	443	57	4	7	0	50	500	500	500	500	500	40	
1.9699780268e+02	73	233	442	58	3	4	0	50	500	500	500	500	500	40	
1.9749842887e+02	76	230	439	61	5	6	0	50	500	500	500	500	500	40	
1.9799770487e+02	75	230	438	62	6	4	0	50	500	500	500	500	500	40	
1.9849661571e+02	77	229	430	70	5	11	0	50	500	500	500	500	500	40	
1.9899966585e+02	77	230	437	63	4	4	0	50	500	500	500	500	500	40	
1.9949936780e+02	77	231	432	68	6	3	0	50	500	500	500	500	500	40	
1.9999911605e+02	74	234	422	78	5	7	0	50	500	500	500	500	500	40	
2.0049933784e+02	75	233	428	72	6	8	0	50	500	500	500	500	500	40	
2.0099910802e+02	77	231	441	59	2	6	0	50	500	500	500	500	500	40	
2.0149978401e+02	74	234	449	51	3	7	0	50	500	500	500	500	500	40	
2.0199630428e+02	76	233	448	52	3	3	0	50	500	500	500	500	500	40	
2.0248927324e+02	76	234	444	56	6	8	0	50	500	500	500	500	500	40	
2.0299332097e+02	73	239	452	48	6	7	0	50	500	500	500	500	500	40	
2.0349749257e+02	75	238	449	51	5	10	0	50	500	500	500	500	500	40	
2.0399864048e+02	75	237	448	52	4	8	0	50	500	500	500	500	500	40	
2.0449673523e+02	76	238	443	57	4	8	0	50	500	500	500	500	500	40	
2.0499775862e+02	74	241	448	52	1	6	0	50	500	500	500	500	500	40	
2.0549498337e+02	75	241	446	54	2	1	0	50	500	500	500	500	500	40	
2.0599716897e+02	70	248	451	49	1	6	0	50	500	500	500	500	500	40	
2.0649297456e+02	72	248	453	47	2	5	0	50	500	500	500	500	500	40	
2.0699937903e+02	73	247	451	49	3	8	0	50	500	500	500	500	500	40	
2.0749981222e+02	74	247	455	45	3	5	0	50	500	500	500	500	500	40	
2.0799172078e+02	77	245	449	51	3	3	0	50	500	500	500	500	500	40	
2.0849865161e+02	79	244	451	49	3	5	0	50	500	500	500	500	500	40	
2.0899288224e+02	78	246	455	45	5	6	0	50	500	500	500	500	500	40	
2.0949789727e+02	80	246	458	42	5	2	0	50	500	500	500	500	500	40	
2.0999968813e+02	79	248	439	61	2	9	0	50	500	500	500	500	500	40	
2.1049765616e+02	78	250	444	56	2	13	0	50	500	500	500	500	500	40	
2.1099896166e+02	77	252	458	42	4	6	0	50	500	500	500	500	500	40	
2.1149872973e+02	77	255	463	37	5	4	0	50	500	500	500	500	500	40	
2.1199435377e+02	78	257	457	43	2	5	0	50	500	500	500	500	500	40	
2.1249719111e+02	77	258	454	46	1	3	0	50	500	500	500	500	500	40	
2.1299499897e+02	76	261	452	48	0	1	0	50	500	500	500	500	500	40	
2.1349942732e+02	76	261	434	66	6	5	0	50	500	500	500	500	500	40	
2.1399620884e+02	74	264	449	51	6	12	0	50	500	500	500	500	500	40	
2.1449953671e+02	73	266	449	51	5	8	0	50	500	500	500	500	500	40	
2.1499769734e+02	73	265	451	49	4	9	0	50	500	500	500	500	500	40	
2.1549965544e+02	73	268	450	50	6	8	0	50	500	500	500	500	500	40	
2.1599925281e+02	73	269	451	49	7	2	0	50	500	500	500	500	500	40	
2.1649866849e+02	73	269	440	60	4	7	0	50	500	500	500	500	500	40	
2.1699769514e+02	74	271	450	50	8	10	0	50	500	500	500	500	500	40	
2.1749854988e+02	71	273	443	57	2	8	0	50	500	500	500	500	500	40	
2.1799830512e+02	70	276	452	48	3	7	0	50	500	500	500	500	500	40	
2.1849701226e+02	70	276	465	35	3	7	0	50	500	500	500	500	500	40	
2.1899840096e+02	72	274	474	26	6	12	0	50	500	500	500	500	500	40	
2.1949852671e+02	73	274	467	33	5	4	0	50	500	500	500	500	500	40	
2.1999835699e+02	72	275	480	20	4	6	0	50	500	500	500	500	500	40	
2.2048940523e+02	73	278	476	24	4	3	0	50	500	500	500	500	500	40	
2.2099090237e+02	75	276	478	22	4	7	0	50	500	500	500	500	500	40	
2.2149727658e+02	75	277	469	31	4	5	0	50	500	500	500	500	500	40	
2.2199512643e+02	75	277	461	39	3	5	0	50	500	500	500	500	500	40	
2.2249838453e+02	78	275	467	33	6	11	0	50	500	500	500	500	500	40	
2.2299948186e+02	78	276	471	29	11	2	0	50	500	500	500	500	500	40	
2.2349812543e+02	77	277	464	36	7	10	0	50	500	500	500	500	500	40	
2.2399870451e+02	71	284	456	44	2	9	0	50	500	500	500	500	500	40	
2.2448893243e+02	70	286	459	41	1	4	0	50	500	500	500	500	500	40	
2.2499952976e+02	73	283	437	63	5	2	0	50	500	500	500	500	500	40	
2.2549750755e+02	73	283	433	67	6	3	0	50	500	500	500	500	500	40	
2.2599362979e+02	70	287	427	73	4	7	0	50	500	500	500	500	500	40	
2.2648856744e+02	70	288	432	68	4	4	0	50	500	500	500	500	500	40	
2.2699954305e+02	67	292	439	61	3	3	0	50	500	500	500	500	500	40	
2.2749981966e+02	68	291	442	58	6	9	0	50	500	500	500	500	500	40	
2.2799890829e+02	66	293	457	43	6	6	0	50	500	500	500	500	500	40	
2.2849591099e+02	67	292	450	50	1	9	0	50	500	500	500	500	500	40	
2.2899758971e+02	69	288	449	51	5	6	0	50	500	500	500	500	500	40	
2.2949962204e+02	69	290	451	49	2	6	0	50	500	500	500	500	500	40	
2.2999943842e+02	68	289	443	57	3	3	0	50	500	500	500	500	500	40	
2.3049780105e+02	67	291	465	35	7	3	0	50	500	500	500	500	500	40	
2.3099590751e+02	68	290	460	40	5	7	0	50	500	500	500	500	500	40	
2.3149882833e+02	69	289	470	30	6	9	0	50	500	500	500	500	500	40	
2.3199822762e+02	71	287	460	40	4	12	0	50	500	500	500	500	500	40	
2.3249207645e+02	70	288	457	43	6	7	0	50	500	500	500	500	500	40	
2.3299809101e+02	70	288	457	43	6	5	0	50	500	500	500	500	500	40	
2.3349902661e+02	73	287	449	51	3	9	0	50	500	500	500	500	500	40	
2.3399858071e+02	71	292	438	62	4	5	0	50	500	500	500	500	500	40	
2.3449464657e+02	71	293	444	56	4	5	0	50	500	500	500	500	500	40	
2.3499642491e+02	75	291	455	45	3	4	0	50	500	500	500	500	500	40	
2.3549632908e+02	74	292	456	44	3	3	0	50	500	500	500	500	500	40	
2.3599978078e+02	78	288	452	48	3	8	0	50	500	500	500	500	500	40	
2.3649979874e+02	77	290	450	50	2	9	0	50	500	500	500	500	500	40	
2.3699969029e+02	79	288	444	56	7	10	0	50	500	500	500	500	500	40	
2.3749547757e+02	80	287	445	55	4	4	0	50	500	500	500	500	500	40	
2.3799934102e+02	79	288	437	63	2	9	0	50	500	500	500	500	500	40	
2.3849934839e+02	76	290	444	56	4	9	0	50	500	500	500	500	500	40	
2.3899816539e+02	78	289	453	47	5	7	0	50	500	500	500	500	500	40	
2.3949653129e+02	78	290	440	60	7	7	0	50	500	500	500	500	500	40	
2.3999567193e+02	79	289	446	54	1	6	0	50	500	500	500	500	500	40	
2.4049774637e+02	83	285	438	62	1	8	0	50	500	500	500	500	500	40	
2.4099913131e+02	82	287	444	56	2	4	0	50	500	500	500	500	500	40	
2.4149981524e+02	80	289	451	49	3	6	0	50	500	500	500	500	500	40	
2.4199975696e+02	77	292	444	56	1	3	0	50	500	500	500	500	500	40	
2.4249961095e+02	78	292	457	43	7	7	0	50	500	500	500	500	500	40	
2.4299909305e+02	83	288	451	49	10	9	0	50	500	500	500	500	500	40	
2.4348887429e+02	84	289	466	34	4	9	0	50	500	500	500	500	500	40	
2.4399837115e+02	82	292	460	40	4	4	0	50	500	500	500	500	500	40	
2.4449302408e+02	82	292	447	53	8	6	0	50	500	500	500	500	500	40	
2.4499447855e+02	85	289	448	52	6	1	0	50	500	500	500	500	500	40	
2.4549949482e+02	84	292	442	58	5	10	0	50	500	500	500	500	500	40	
2.4599911926e+02	81	295	436	64	5	13	0	50	500	500	500	500	500	40	
2.4649990827e+02	82	295	438	62	7	5	0	50	500	500	500	500	500	40	
2.4699885344e+02	78	299	441	59	7	7	0	50	500	500	500	500	500	40	
2.4749996149e+02	79	298	454	46	3	12	0	50	500	500	500	500	500	40	
2.4798206968e+02	78	302	447	53	3	7	0	50	500	500	500	500	500	40	
2.4849988737e+02	76	303	451	49	3	12	0	50	500	500	500	500	500	40	
2.4899788514e+02	78	303	456	44	4	13	0	50	500	500	500	500	500	40	
2.4949966341e+02	81	302	448	52	7	4	0	50	500	500	500	500	500	40	
2.4999558692e+02	81	302	442	58	4	9	0	50	500	500	500	500	500	40	
2.5049414454e+02	82	302	447	53	5	8	0	50	500	500	500	500	500	40	
2.5099980771e+02	78	306	437	63	10	10	0	50	500	500	500	500	500	40	
2.5149976237e+02	81	303	434	66	9	9	0	50	500	500	500	500	500	40	
2.5199365505e+02	84	298	446	54	6	6	0	50	500	500	500	500	500	40	
2.5249776132e+02	88	293	452	48	3	5	0	50	500	500	500	500	500	40	
2.5299980791e+02	90	291	457	43	5	5	0	50	500	500	500	500	500	40	
2.5349746560e+02	89	293	454	46	3	6	0	50	500	500	500	500	500	40	
2.5399904902e+02	89	292	463	37	4	7	0	50	500	500	500	500	500	40	
2.5449954562e+02	91	292	463	37	4	6	0	50	500	500	500	500	500	40	
2.5499804361e+02	89	294	460	40	3	6	0	50	500	500	500	500	500	40	
2.5549896522e+02	87	297	452	48	3	4	0	50	500	500	500	500	500	40	
2.5599811502e+02	86	299	440	60	1	6	0	50	500	500	500	500	500	40	
2.5649951074e+02	87	300	431	69	2	10	0	50	500	500	500	500	500	40	
2.5699983520e+02	87	300	459	41	4	5	0	50	500	500	500	500	500	40	
2.5749862493e+02	89	297	465	35	4	7	0	50	500	500	500	500	500	40	
2.5799786858e+02	90	297	467	33	3	10	0	50	500	500	500	500	500	40	
2.5849937089e+02	91	296	454	46	1	8	0	50	500	500	500	500	500	40	
2.5899956071e+02	90	299	446	54	3	7	0	50	500	500	500	500	500	40	
2.5949880456e+02	88	301	448	52	1	4	0	50	500	500	500	500	500	40	
2.5999854918e+02	87	304	461	39	2	3	0	50	500	500	500	500	500	40	
2.6049684121e+02	85	308	448	52	4	4	0	50	500	500	500	500	500	40	
2.6099563406e+02	86	310	451	49	6	6	0	50	500	500	500	500	500	40	
2.6149987045e+02	92	305	450	50	3	10	0	50	500	500	500	500	500	40	
2.6199886801e+02	96	301	454	46	5	10	0	50	500	500	500	500	500	40	
2.6249984422e+02	100	298	471	29	5	6	0	50	500	500	500	500	500	40	
2.6299972148e+02	99	300	464	36	4	5	0	50	500	500	500	500	500	40	
2.6349838009e+02	98	303	461	39	6	4	0	50	500	500	500	500	500	40	
2.6399992438e+02	100	300	459	41	2	4	0	50	500	500	500	500	500	40	
2.6449969342e+02	100	302	459	41	2	4	0	50	500	500	500	500	500	40	
2.6499688048e+02	98	304	458	42	7	6	0	50	500	500	500	500	500	40	
2.6549932141e+02	100	302	458	42	1	10	0	50	500	500	500	500	500	40	
2.6599841699e+02	100	302	450	50	4	4	0	50	500	500	500	500	500	40	
2.6649915953e+02	104	299	450	50	5	7	0	50	500	500	500	500	500	40	
2.6699489434e+02	106	296	448	52	8	8	0	50	500	500	500	500	500	40	
2.6749737644e+02	106	296	454	46	6	3	0	50	500	500	500	500	500	40	
2.6799907409e+02	107	294	434	66	1	10	0	50	500	500	500	500	500	40	
2.6849935156e+02	105	296	444	56	7	11	0	50	500	500	500	500	500	40	
2.6899961048e+02	106	296	455	45	2	10	0	50	500	500	500	500	500	40	
2.6949743799e+02	107	295	462	38	6	3	0	50	500	500	500	500	500	40	
2.6999882016e+02	108	294	457	43	6	2	0	50	500	500	500	500	500	40	
2.7049475633e+02	110	292	456	44	3	8	0	50	500	500	500	500	500	40	
2.7099755737e+02	111	294	461	39	3	10	0	50	500	500	500	500	500	40	
2.7149991938e+02	112	293	458	42	7	5	0	50	500	500	500	500	500	40	
2.7199371493e+02	112	294	444	56	4	9	0	50	500	500	500	500	500	40	
2.7249865996e+02	111	296	434	66	8	5	0	50	500	500	500	500	500	40	
2.7299790377e+02	111	296	441	59	3	8	0	50	500	500	500	500	500	40	
2.7349802126e+02	111	295	440	60	4	6	0	50	500	500	500	500	500	40	
2.7399792871e+02	106	300	446	54	3	4	0	50	500	500	500	500	500	40	
2.7449925979e+02	106	301	448	52	6	4	0	50	500	500	500	500	500	40	
2.7499866677e+02	106	301	438	62	5	5	0	50	500	500	500	500	500	40	
2.7549721357e+02	103	305	453	47	5	7	0	50	500	500	500	500	500	40	
2.7599818589e+02	103	306	459	41	5	6	0	50	500	500	500	500	500	40	
2.7649307494e+02	103	308	459	41	7	6	0	50	500	500	500	500	500	40	
2.7699791987e+02	107	305	456	44	5	5	0	50	500	500	500	500	500	40	
2.7749844089e+02	104	307	455	45	1	10	0	50	500	500	500	500	500	40	
2.7799765126e+02	103	308	456	44	6	5	0	50	500	500	500	500	500	40	
2.7849856010e+02	100	312	451	49	4	3	0	50	500	500	500	500	500	40	
2.7899145385e+02	100	313	465	35	1	5	0	50	500	500	500	500	500	40	
2.7949843116e+02	99	316	455	45	5	4	0	50	500	500	500	500	500	40	
2.7999877750e+02	100	316	453	47	5	2	0	50	500	500	500	500	500	40	
2.8049424123e+02	101	317	447	53	1	6	0	50	500	500	500	500	500	40	
2.8099768221e+02	101	317	434	66	4	5	0	50	500	500	500	500	500	40	
2.8149523225e+02	103	317	444	56	2	10	0	50	500	500	500	500	500	40	
2.8199343306e+02	104	318	457	43	3	1	0	50	500	500	500	500	500	40	
2.8249989559e+02	105	317	446	54	4	3	0	50	500	500	500	500	500	40	
2.8299804114e+02	104	318	441	59	5	3	0	50	500	500	500	500	500	40	
2.8349370465e+02	106	317	448	52	4	4	0	50	500	500	500	500	500	40	
2.8399721105e+02	102	323	437	63	5	5	0	50	500	500	500	500	500	40	
2.8449802772e+02	100	326	444	56	2	6	0	50	500	500	500	500	500	40	
2.8499936801e+02	101	326	444	56	2	4	0	50	500	500	500	500	500	40	
2.8549667837e+02	102	325	454	46	3	5	0	50	500	500	500	500	500	40	
2.8598536774e+02	103	326	455	45	5	8	0	50	500	500	500	500	500	40	
2.8649945706e+02	101	327	459	41	5	10	0	50	500	500	500	500	500	40	
2.8699479570e+02	102	326	462	38	9	6	0	50	500	500	500	500	500	40	
2.8749772293e+02	108	321	452	48	5	9	0	50	500	500	500	500	500	40	
2.8799870048e+02	111	319	441	59	4	7	0	50	500	500	500	500	500	40	
2.8849921749e+02	109	321	451	49	4	10	0	50	500	500	500	500	500	40	
2.8899918159e+02	109	322	461	39	4	7	0	50	500	500	500	500	500	40	
2.8949652408e+02	109	324	458	42	4	4	0	50	500	500	500	500	500	40	
2.8999747853e+02	113	320	470	30	4	3	0	50	500	500	500	500	500	40	
2.9049982023e+02	113	321	470	30	8	3	0	50	500	500	500	500	500	40	
2.9099958179e+02	114	321	462	38	4	6	0	50	500	500	500	500	500	40	
2.9149909086e+02	117	319	454	46	2	3	0	50	500	500	500	500	500	40	
2.9199435426e+02	116	320	444	56	3	4	0	50	500	500	500	500	500	40	
2.9249541789e+02	114	322	436	64	2	7	0	50	500	500	500	500	500	40	
2.9299991532e+02	113	324	441	59	6	11	0	50	500	500	500	500	500	40	
2.9349871310e+02	114	322	452	48	3	7	0	50	500	500	500	500	500	40	
2.9399866920e+02	110	328	458	42	1	3	0	50	500	500	500	500	500	40	
2.9449716057e+02	111	328	460	40	1	3	0	50	500	500	500	500	500	40	
2.9499277047e+02	108	331	458	42	1	5	0	50	500	500	500	500	500	40	
2.9549088931e+02	105	334	450	50	3	6	0	50	500	500	500	500	500	40	
2.9599281599e+02	107	331	454	46	4	8	0	50	500	500	500	500	500	40	
2.9649596249e+02	110	328	460	40	2	7	0	50	500	500	500	500	500	40	
2.9699994103e+02	110	328	468	32	4	4	0	50	500	500	500	500	500	40	
2.9749557775e+02	109	331	463	37	3	4	0	50	500	500	500	500	500	40	
2.9799996204e+02	107	335	455	45	2	4	0	50	500	500	500	500	500	40	
2.9849843895e+02	104	338	438	62	3	6	0	50	500	500	500	500	500	40	
2.9899908438e+02	102	340	450	50	3	6	0	50	500	500	500	500	500	40	
2.9949919200e+02	99	344	450	50	5	4	0	50	500	500	500	500	500	40	
2.9999989370e+02	101	342	449	51	4	4	0	50	500	500	500	500	500	40	
3.0049522516e+02	104	339	444	56	3	6	0	50	500	500	500	500	500	40	
3.0099533294e+02	104	339	443	57	2	9	0	50	500	500	500	500	500	40	
3.0149794890e+02	103	339	446	54	4	7	0	50	500	500	500	500	500	40	
3.0199817913e+02	103	339	436	64	3	4	0	50	500	500	500	500	500	40	
3.0249829906e+02	102	340	445	55	6	8	0	50	500	500	500	500	500	40	
3.0299525443e+02	101	340	450	50	3	10	0	50	500	500	500	500	500	40	
3.0349982289e+02	102	339	448	52	7	7	0	50	500	500	500	500	500	40	
3.0399966096e+02	101	340	456	44	4	8	0	50	500	500	500	500	500	40	
3.0449493651e+02	102	339	463	37	5	11	0	50	500	500	500	500	500	40	
3.0499854812e+02	100	341	447	53	6	3	0	50	500	500	500	500	500	40	
3.0549548035e+02	99	343	439	61	2	5	0	50	500	500	500	500	500	40	
3.0599971872e+02	97	347	443	57	4	2	0	50	500	500	500	500	500	40	
3.0649982698e+02	96	349	462	38	4	5	0	50	500	500	500	500	500	40	
3.0699093893e+02	98	346	458	42	5	6	0	50	500	500	500	500	500	40	
3.0749886711e+02	98	347	461	39	6	10	0	50	500	500	500	500	500	40	
3.0799723220e+02	98	347	454	46	6	5	0	50	500	500	500	500	500	40	
3.0849518588e+02	97	349	451	49	3	5	0	50	500	500	500	500	500	40	
3.0899938044e+02	95	352	453	47	5	5	0	50	500	500	500	500	500	40	
3.0949851601e+02	94	352	449	51	4	12	0	50	500	500	500	500	500	40	
3.0999817845e+02	94	352	444	56	5	8	0	50	500	500	500	500	500	40	
3.1049703356e+02	94	355	453	47	3	11	0	50	500	500	500	500	500	40	
3.1099656611e+02	93	355	453	47	5	4	0	50	500	500	500	500	500	40	
3.1148321807e+02	93	355	449	51	3	6	0	50	500	500	500	500	500	40	
3.1199571526e+02	92	355	446	54	4	9	0	50	500	500	500	500	500	40	
3.1249992168e+02	92	356	455	45	6	8	0	50	500	500	500	500	500	40	
3.1299249483e+02	95	352	456	44	1	12	0	50	500	500	500	500	500	40	
3.1349034006e+02	95	352	460	40	9	5	0	50	500	500	500	500	500	40	
3.1399769794e+02	96	352	451	49	1	9	0	50	500	500	500	500	500	40	
3.1449977002e+02	94	355	462	38	2	3	0	50	500	500	500	500	500	40	
3.1499430567e+02	98	350	454	46	3	6	0	50	500	500	500	500	500	40	
3.1549925019e+02	100	350	458	42	5	3	0	50	500	500	500	500	500	40	
3.1599889161e+02	100	351	457	43	8	6	0	50	500	500	500	500	500	40	
3.1649717850e+02	102	349	449	51	3	9	0	50	500	500	500	500	500	40	
3.1699965487e+02	104	346	450	50	1	11	0	50	500	500	500	500	500	40	
3.1749191372e+02	103	348	447	53	4	1	0	50	500	500	500	500	500	40	
3.1799833245e+02	101	351	447	53	6	5	0	50	500	500	500	500	500	40	
3.1849848295e+02	101	351	442	58	4	2	0	50	500	500	500	500	500	40	
3.1899649363e+02	101	352	448	52	3	4	0	50	500	500	500	500	500	40	
3.1949969763e+02	102	353	454	46	6	8	0	50	500	500	500	500	500	40	
3.1999352893e+02	105	351	457	43	2	5	0	50	500	500	500	500	500	40	
3.2049555952e+02	107	351	457	43	5	3	0	50	500	500	500	500	500	40	
3.2099704709e+02	108	350	461	39	8	3	0	50	500	500	500	500	500	40	
3.2149949315e+02	114	346	452	48	8	3	0	50	500	500	500	500	500	40	
3.2199840539e+02	114	346	450	50	4	7	0	50	500	500	500	500	500	40	
3.2249935416e+02	115	345	447	53	5	7	0	50	500	500	500	500	500	40	
3.2298948047e+02	116	345	441	59	1	6	0	50	500	500	500	500	500	40	
3.2349307298e+02	117	343	441	59	1	9	0	50	500	500	500	500	500	40	
3.2399855404e+02	115	345	448	52	2	8	0	50	500	500	500	500	500	40	
3.2449943502e+02	117	344	442	58	7	8	0	50	500	500	500	500	500	40	
3.2499731414e+02	121	340	436	64	2	9	0	50	500	500	500	500	500	40	
3.2549755265e+02	122	342	439	61	5	9	0	50	500	500	500	500	500	40	
3.2599588005e+02	120	341	453	47	9	8	0	50	500	500	500	500	500	40	
3.2649870713e+02	118	343	451	49	6	10	0	50	500	500	500	500	500	40	
3.2699857277e+02	118	343	451	49	3	6	0	50	500	500	500	500	500	40	
3.2749951646e+02	114	348	440	60	5	6	0	50	500	500	500	500	500	40	
3.2799994181e+02	113	351	446	54	6	6	0	50	500	500	500	500	500	40	
3.2849875983e+02	111	353	433	67	5	8	0	50	500	500	500	500	500	40	
3.2899847316e+02	109	355	436	64	3	6	0	50	500	500	500	500	500	40	
3.2949513992e+02	107	358	446	54	2	3	0	50	500	500	500	500	500	40	
3.2999803749e+02	108	357	446	54	4	8	0	50	500	500	500	500	500	40	
3.3049951760e+02	106	362	450	50	9	1	0	50	500	500	500	500	500	40	
3.3099958192e+02	107	362	453	47	2	6	0	50	500	500	500	500	500	40	
3.3149898457e+02	110	359	462	38	5	5	0	50	500	500	500	500	500	40	
3.3199741818e+02	110	358	461	39	1	6	0	50	500	500	500	500	500	40	
3.3249774972e+02	109	361	463	37	4	5	0	50	500	500	500	500	500	40	
3.3299653532e+02	107	363	455	45	3	3	0	50	500	500	500	500	500	40	
3.3349954255e+02	107	363	451	49	6	6	0	50	500	500	500	500	500	40	
3.3399711596e+02	106	364	443	57	5	2	0	50	500	500	500	500	500	40	
3.3449810209e+02	105	365	440	60	0	3	0	50	500	500	500	500	500	40	
3.3499694400e+02	101	369	436	64	4	12	0	50	500	500	500	500	500	40	
3.3549961185e+02	108	362	445	55	9	7	0	50	500	500	500	500	500	40	
3.3599941246e+02	111	362	446	54	5	4	0	50	500	500	500	500	500	40	
3.3649308801e+02	112	362	453	47	4	6	0	50	500	500	500	500	500	40	
3.3699657105e+02	116	357	452	48	6	6	0	50	500	500	500	500	500	40	
3.3749811951e+02	114	359	449	51	4	3	0	50	500	500	500	500	500	40	
3.3799924756e+02	115	358	446	54	7	3	0	50	500	500	500	500	500	40	
3.3849725465e+02	114	360	465	35	6	4	0	50	500	500	500	500	500	40	
3.3899845897e+02	117	357	478	22	8	7	0	50	500	500	500	500	500	40	
3.3949764261e+02	116	359	465	35	6	5	0	50	500	500	500	500	500	40	
3.3999647513e+02	118	357	472	28	3	10	0	50	500	500	500	500	500	40	
3.4049909216e+02	118	359	461	39	1	7	0	50	500	500	500	500	500	40	
3.4099728314e+02	111	366	458	42	0	8	0	50	500	500	500	500	500	40	
3.4149766964e+02	113	365	473	27	5	4	0	50	500	500	500	500	500	40	
3.4198925066e+02	115	363	477	23	5	3	0	50	500	500	500	500	500	40	
3.4249896273e+02	115	363	476	24	4	7	0	50	500	500	500	500	500	40	
3.4299610094e+02	114	364	470	30	4	4	0	50	500	500	500	500	500	40	
3.4349887895e+02	115	367	449	51	2	3	0	50	500	500	500	500	500	40	
3.4399939446e+02	113	369	450	50	4	5	0	50	500	500	500	500	500	40	
3.4449820612e+02	111	371	450	50	6	5	0	50	500	500	500	500	500	40	
3.4499522519e+02	112	371	452	48	4	10	0	50	500	500	500	500	500	40	
3.4549930142e+02	115	369	443	57	3	9	0	50	500	500	500	500	500	40	
3.4599596721e+02	113	372	452	48	3	4	0	50	500	500	500	500	500	40	
3.4649998427e+02	115	369	454	46	4	8	0	50	500	500	500	500	500	40	
3.4699962018e+02	118	367	455	45	8	3	0	50	500	500	500	500	500	40	
3.4748859348e+02	117	369	448	52	4	4	0	50	500	500	500	500	500	40	
3.4799930353e+02	119	366	445	55	7	8	0	50	500	500	500	500	500	40	
3.4849965926e+02	124	362	437	63	4	3	0	50	500	500	500	500	500	40	
3.4899725953e+02	125	363	446	54	4	4	0	50	500	500	500	500	500	40	
3.4948981159e+02	126	362	455	45	6	6	0	50	500	500	500	500	500	40	
3.4999964521e+02	125	362	453	47	2	11	0	50	500	500	500	500	500	40	
3.5049137433e+02	123	364	458	42	4	4	0	50	500	500	500	500	500	40	
3.5099665792e+02	122	365	445	55	2	7	0	50	500	500	500	500	500	40	
3.5149774111e+02	119	368	460	40	2	10	0	50	500	500	500	500	500	40	
3.5199843742e+02	118	368	456	44	3	4	0	50	500	500	500	500	500	40	
3.5249815673e+02	121	366	436	64	2	5	0	50	500	500	500	500	500	40	
3.5299985988e+02	120	370	441	59	4	6	0	50	500	500	500	500	500	40	
3.5349911382e+02	122	369	449	51	5	4	0	50	500	500	500	500	500	40	
3.5399727805e+02	118	376	459	41	2	5	0	50	500	500	500	500	500	40	
3.5449933176e+02	117	378	449	51	0	5	0	50	500	500	500	500	500	40	
3.5499907334e+02	117	379	448	52	5	8	0	50	500	500	500	500	500	40	
3.5549656455e+02	118	380	456	44	3	11	0	50	500	500	500	500	500	40	
3.5599460064e+02	116	382	459	41	6	6	0	50	500	500	500	500	500	40	
3.5649993444e+02	115	383	448	52	10	3	0	50	500	500	500	500	500	40	
3.5699911056e+02	116	383	442	58	4	5	0	50	500	500	500	500	500	40	
3.5749790072e+02	115	383	459	41	7	2	0	50	500	500	500	500	500	40	
3.5799999712e+02	116	382	457	43	2	5	0	50	500	500	500	500	500	40	
3.5849637072e+02	120	379	453	47	3	4	0	50	500	500	500	500	500	40	
3.5899719308e+02	122	377	451	49	5	3	0	50	500	500	500	500	500	40	
3.5949958298e+02	123	377	459	41	7	4	0	50	500	500	500	500	500	40	
3.5999694112e+02	121	380	459	41	2	9	0	50	500	500	500	500	500	40	
3.6049903291e+02	122	379	462	38	2	11	0	50	500	500	500	500	500	40	
3.6099592960e+02	119	381	457	43	2	4	0	50	500	500	500	500	500	40	
3.6149996690e+02	120	380	461	39	3	8	0	50	500	500	500	500	500	40	
3.6199645512e+02	119	379	458	42	9	8	0	50	500	500	500	500	500	40	
3.6249766019e+02	124	375	457	43	8	8	0	50	500	500	500	500	500	40	
3.6299823256e+02	125	373	441	59	5	9	0	50	500	500	500	500	500	40	
3.6349874175e+02	126	374	440	60	0	6	0	50	500	500	500	500	500	40	
3.6399892588e+02	127	374	449	51	5	1	0	50	500	500	500	500	500	40	
3.6449970012e+02	130	372	459	41	3	4	0	50	500	500	500	500	500	40	
3.6499966295e+02	129	376	460	40	1	11	0	50	500	500	500	500	500	40	
3.6549812982e+02	129	377	464	36	2	5	0	50	500	500	500	500	500	40	
3.6599971644e+02	129	377	476	24	3	6	0	50	500	500	500	500	500	40	
3.6649768090e+02	127	379	470	30	2	7	0	50	500	500	500	500	500	40	
3.6699726217e+02	131	376	476	24	4	3	0	50	500	500	500	500	500	40	
3.6749921964e+02	132	376	466	34	4	3	0	50	500	500	500	500	500	40	
3.6799681958e+02	135	373	470	30	3	9	0	50	500	500	500	500	500	40	
3.6849976636e+02	133	374	467	33	4	6	0	50	500	500	500	500	500	40	
3.6899516305e+02	134	373	452	48	5	7	0	50	500	500	500	500	500	40	
3.6949992845e+02	133	376	459	41	6	8	0	50	500	500	500	500	500	40	
3.6999787021e+02	133	379	458	42	6	5	0	50	500	500	500	500	500	40	
3.7049125185e+02	135	379	459	41	3	2	0	50	500	500	500	500	500	40	
3.7099798108e+02	134	380	454	46	4	9	0	50	500	500	500	500	500	40	
3.7149941623e+02	131	383	447	53	9	9	0	50	500	500	500	500	500	40	
3.7199915531e+02	132	382	449	51	6	5	0	50	500	500	500	500	500	40	
3.7249973100e+02	134	381	444	56	4	10	0	50	500	500	500	500	500	40	
3.7299428866e+02	135	382	434	66	4	4	0	50	500	500	500	500	500	40	
3.7349699490e+02	133	383	446	54	3	9	0	50	500	500	500	500	500	40	
3.7399871273e+02	130	388	449	51	3	1	0	50	500	500	500	500	500	40	
3.7449569640e+02	129	388	446	54	3	4	0	50	500	500	500	500	500	40	
3.7499930173e+02	131	386	443	57	7	1	0	50	500	500	500	500	500	40	
3.7549727653e+02	129	390	455	45	3	2	0	50	500	500	500	500	500	40	
3.7599964956e+02	129	389	465	35	6	4	0	50	500	500	500	500	500	40	
3.7649446194e+02	128	390	461	39	10	7	0	50	500	500	500	500	500	40	
3.7699680181e+02	125	393	467	33	5	4	0	50	500	500	500	500	500	40	
3.7749872303e+02	126	396	460	40	2	4	0	50	500	500	500	500	500	40	
3.7799956454e+02	128	396	442	58	8	9	0	50	500	500	500	500	500	40	
3.7849898906e+02	133	392	451	49	4	5	0	50	500	500	500	500	500	40	
3.7899918645e+02	134	393	458	42	7	7	0	50	500	500	500	500	500	40	
3.7949488502e+02	136	391	452	48	9	2	0	50	500	500	500	500	500	40	
3.7999470411e+02	137	392	456	44	3	7	0	50	500	500	500	500	500	40	
3.8049351163e+02	133	397	451	49	8	5	0	50	500	500	500	500	500	40	
3.8099922360e+02	134	397	454	46	7	3	0	50	500	500	500	500	500	40	
3.8149622419e+02	133	400	454	46	2	6	0	50	500	500	500	500	500	40	
3.8199476419e+02	132	401	449	51	6	3	0	50	500	500	500	500	500	40	
3.8249720704e+02	130	405	450	50	7	8	0	50	500	500	500	500	500	40	
3.8299886937e+02	132	402	447	53	3	7	0	50	500	500	500	500	500	40	
3.8349931545e+02	132	402	435	65	2	9	0	50	500	500	500	500	500	40	
3.8399712365e+02	130	404	443	57	6	9	0	50	500	500	500	500	500	40	
3.8449790927e+02	131	404	428	72	2	12	0	50	500	500	500	500	500	40	
3.8499995529e+02	133	402	441	59	6	2	0	50	500	500	500	500	500	40	
3.8549942938e+02	130	406	448	52	4	2	0	50	500	500	500	500	500	40	
3.8599581367e+02	126	410	452	48	1	4	0	50	500	500	500	500	500	40	
3.8649615810e+02	128	409	453	47	2	7	0	50	500	500	500	500	500	40	
3.8699703900e+02	131	407	442	58	4	15	0	50	500	500	500	500	500	40	
3.8749953089e+02	133	405	439	61	8	10	0	50	500	500	500	500	500	40	
3.8799705279e+02	130	407	445	55	10	7	0	50	500	500	500	500	500	40	
3.8849239734e+02	132	405	458	42	7	9	0	50	500	500	500	500	500	40	
3.8899917568e+02	137	401	461	39	5	8	0	50	500	500	500	500	500	40	
3.8949597932e+02	139	399	454	46	8	3	0	50	500	500	500	500	500	40	
3.8999649694e+02	141	397	449	51	7	1	0	50	500	500	500	500	500	40	
3.9049805359e+02	137	403	445	55	3	5	0	50	500	500	500	500	500	40	
3.9099593990e+02	140	399	442	58	5	7	0	50	500	500	500	500	500	40	
3.9149940108e+02	140	396	443	57	3	4	0	50	500	500	500	500	500	40	
3.9199891005e+02	139	398	462	38	1	2	0	50	500	500	500	500	500	40	
3.9248801117e+02	139	397	450	50	3	2	0	50	500	500	500	500	500	40	
3.9299259006e+02	139	400	460	40	2	2	0	50	500	500	500	500	500	40	
3.9349841617e+02	135	405	453	47	5	7	0	50	500	500	500	500	500	40	
3.9399831762e+02	132	407	441	59	2	9	0	50	500	500	500	500	500	40	
3.9449903632e+02	133	406	458	42	3	8	0	50	500	500	500	500	500	40	
3.9499997604e+02	134	404	460	40	5	3	0	50	500	500	500	500	500	40	
3.9548779474e+02	138	401	450	50	5	2	0	50	500	500	500	500	500	40	
3.9599859959e+02	137	402	453	47	7	7	0	50	500	500	500	500	500	40	
3.9649814955e+02	136	406	451	49	5	5	0	50	500	500	500	500	500	40	
3.9699654937e+02	135	410	454	46	5	6	0	50	500	500	500	500	500	40	
3.9749624140e+02	133	414	459	41	3	6	0	50	500	500	500	500	500	40	
3.9799460042e+02	131	416	461	39	2	6	0	50	500	500	500	500	500	40	
3.9849839638e+02	129	419	449	51	7	8	0	50	500	500	500	500	500	40	
3.9899873403e+02	130	417	441	59	7	7	0	50	500	500	500	500	500	40	
3.9949936850e+02	133	413	458	42	5	5	0	50	500	500	500	500	500	40	
3.9999937879e+02	135	412	460	40	2	7	0	50	500	500	500	500	500	40	
4.0049971718e+02	140	408	448	52	6	7	0	50	500	500	500	500	500	40	
4.0099373662e+02	135	413	458	42	0	4	0	50	500	500	500	500	500	40	
4.0149973371e+02	134	417	461	39	1	2	0	50	500	500	500	500	500	40	
4.0199929770e+02	138	414	463	37	2	5	0	50	500	500	500	500	500	40	
4.0249801137e+02	143	409	456	44	4	1	0	50	500	500	500	500	500	40	
4.0299703125e+02	142	410	454	46	2	10	0	50	500	500	500	500	500	40	
4.0349807516e+02	141	413	459	41	2	5	0	50	500	500	500	500	500	40	
4.0399930527e+02	141	417	453	47	9	4	0	50	500	500	500	500	500	40	
4.0449941914e+02	140	418	452	48	6	12	0	50	500	500	500	500	500	40	
4.0499779241e+02	141	417	458	42	2	11	0	50	500	500	500	500	500	40	
4.0549979025e+02	141	415	462	38	0	6	0	50	500	500	500	500	500	40	
4.0599456624e+02	137	420	457	43	3	4	0	50	500	500	500	500	500	40	
4.0649905721e+02	138	418	459	41	4	6	0	50	500	500	500	500	500	40	
4.0699442736e+02	137	420	473	27	3	4	0	50	500	500	500	500	500	40	
4.0749848268e+02	139	421	475	25	3	4	0	50	500	500	500	500	500	40	
4.0799936203e+02	137	424	466	34	4	4	0	50	500	500	500	500	500	40	
4.0849543455e+02	135	427	458	42	1	8	0	50	500	500	500	500	500	40	
4.0899684817e+02	137	424	463	37	5	1	0	50	500	500	500	500	500	40	
4.0949977705e+02	139	423	455	45	1	5	0	50	500	500	500	500	500	40	
4.0999694603e+02	141	420	453	47	6	5	0	50	500	500	500	500	500	40	
4.1049835614e+02	142	421	455	45	2	5	0	50	500	500	500	500	500	40	
4.1099563395e+02	142	421	450	50	8	5	0	50	500	500	500	500	500	40	
4.1149649661e+02	142	423	440	60	4	9	0	50	500	500	500	500	500	40	
4.1199994819e+02	142	420	451	49	4	0	0	50	500	500	500	500	500	40	
4.1249833073e+02	142	420	447	53	3	4	0	50	500	500	500	500	500	40	
4.1299689026e+02	145	418	461	39	6	8	0	50	500	500	500	500	500	40	
4.1349736163e+02	147	415	455	45	5	5	0	50	500	500	500	500	500	40	
4.1399958486e+02	147	418	446	54	8	6	0	50	500	500	500	500	500	40	
4.1449916040e+02	146	419	439	61	4	7	0	50	500	500	500	500	500	40	
4.1499976188e+02	143	422	436	64	2	2	0	50	500	500	500	500	500	40	
4.1549984325e+02	134	431	452	48	4	4	0	50	500	500	500	500	500	40	
4.1599912369e+02	131	435	454	46	3	3	0	50	500	500	500	500	500	40	
4.1649974178e+02	127	439	456	44	3	6	0	50	500	500	500	500	500	40	
4.1699508152e+02	129	436	462	38	3	4	0	50	500	500	500	500	500	40	
4.1749972717e+02	126	438	455	45	8	7	0	50	500	500	500	500	500	40	
4.1799975151e+02	125	439	439	61	3	4	0	50	500	500	500	500	500	40	
4.1849988387e+02	124	437	453	47	3	6	0	50	500	500	500	500	500	40	
4.1899743842e+02	124	437	452	48	2	6	0	50	500	500	500	500	500	40	
4.1949968670e+02	124	436	458	42	3	6	0	50	500	500	500	500	500	40	
4.1999440514e+02	124	435	462	38	4	3	0	50	500	500	500	500	500	40	
4.2049963259e+02	124	437	462	38	3	4	0	50	500	500	500	500	500	40	
4.2099044828e+02	123	438	453	47	3	4	0	50	500	500	500	500	500	40	
4.2149945726e+02	122	435	462	38	7	8	0	50	500	500	500	500	500	40	
4.2199746880e+02	125	432	475	25	9	3	0	50	500	500	500	500	500	40	
4.2249857847e+02	126	430	472	28	6	2	0	50	500	500	500	500	500	40	
4.2299941191e+02	124	431	469	31	6	5	0	50	500	500	500	500	500	40	
4.2349946126e+02	124	433	464	36	8	8	0	50	500	500	500	500	500	40	
4.2399936675e+02	127	430	451	49	2	8	0	50	500	500	500	500	500	40	
4.2449519039e+02	124	433	443	57	0	8	0	50	500	500	500	500	500	40	
4.2499940644e+02	125	435	440	60	5	7	0	50	500	500	500	500	500	40	
4.2549390697e+02	121	439	442	58	2	8	0	50	500	500	500	500	500	40	
4.2599860486e+02	120	440	435	65	2	9	0	50	500	500	500	500	500	40	
4.2649693015e+02	123	438	445	55	2	5	0	50	500	500	500	500	500	40	
4.2699662001e+02	125	437	440	60	3	4	0	50	500	500	500	500	500	40	
4.2749158987e+02	129	435	443	57	1	2	0	50	500	500	500	500	500	40	
4.2799888549e+02	124	440	442	58	4	7	0	50	500	500	500	500	500	40	
4.2849840453e+02	121	446	436	64	3	2	0	50	500	500	500	500	500	40	
4.2899969342e+02	119	449	435	65	4	6	0	50	500	500	500	500	500	40	
4.2949881235e+02	119	450	427	73	7	3	0	50	500	500	500	500	500	40	
4.2999916747e+02	118	451	438	62	4	9	0	50	500	500	500	500	500	40	
4.3049741598e+02	115	456	453	47	4	5	0	50	500	500	500	500	500	40	
4.3099963767e+02	115	458	449	51	6	4	0	50	500	500	500	500	500	40	
4.3149700091e+02	115	458	450	50	5	8	0	50	500	500	500	500	500	40	
4.3199938123e+02	114	460	453	47	4	6	0	50	500	500	500	500	500	40	
4.3249283582e+02	110	464	447	53	4	8	0	50	500	500	500	500	500	40	
4.3299799486e+02	112	461	445	55	8	6	0	50	500	500	500	500	500	40	
4.3349420112e+02	114	461	447	53	2	11	0	50	500	500	500	500	500	40	
4.3399803187e+02	118	458	459	41	3	9	0	50	500	500	500	500	500	40	
4.3449889532e+02	117	461	459	41	5	10	0	50	500	500	500	500	500	40	
4.3499900670e+02	120	458	467	33	3	2	0	50	500	500	500	500	500	40	
4.3549573021e+02	120	460	464	36	3	7	0	50	500	500	500	500	500	40	
4.3599821855e+02	117	463	474	26	3	6	0	50	500	500	500	500	500	40	
4.3649908763e+02	121	462	458	42	2	6	0	50	500	500	500	500	500	40	
4.3699635486e+02	117	466	454	46	2	9	0	50	500	500	500	500	500	40	
4.3749956251e+02	115	467	454	46	2	7	0	50	500	500	500	500	500	40	
4.3799778996e+02	115	466	456	44	2	4	0	50	500	500	500	500	500	40	
4.3849875711e+02	114	466	462	38	3	7	0	50	500	500	500	500	500	40	
4.3899299672e+02	114	466	466	34	1	11	0	50	500	500	500	500	500	40	
4.3949727201e+02	119	459	451	49	3	11	0	50	500	500	500	500	500	40	
4.3999981166e+02	121	456	452	48	5	4	0	50	500	500	500	500	500	40	
4.4049848793e+02	120	459	439	61	4	9	0	50	500	500	500	500	500	40	
4.4099953370e+02	119	460	446	54	6	5	0	50	500	500	500	500	500	40	
4.4149973049e+02	119	460	436	64	3	8	0	50	500	500	500	500	500	40	
4.4199529222e+02	116	462	443	57	1	7	0	50	500	500	500	500	500	40	
4.4249838573e+02	117	460	438	62	5	3	0	50	500	500	500	500	500	40	
4.4299775239e+02	115	461	432	68	2	6	0	50	500	500	500	500	500	40	
4.4349896956e+02	115	462	436	64	2	5	0	50	500	500	500	500	500	40	
4.4399372870e+02	112	464	444	56	2	4	0	50	500	500	500	500	500	40	
4.4449513951e+02	109	466	445	55	2	4	0	50	500	500	500	500	500	40	
4.4499614378e+02	110	466	456	44	3	7	0	50	500	500	500	500	500	40	
4.4549444769e+02	111	467	450	50	0	6	0	50	500	500	500	500	500	40	
4.4599214475e+02	111	467	458	42	4	4	0	50	500	500	500	500	500	40	
4.4649589348e+02	109	471	464	36	7	2	0	50	500	500	500	500	500	40	
4.4699982914e+02	107	473	463	37	5	8	0	50	500	500	500	500	500	40	
4.4749597775e+02	107	474	458	42	8	4	0	50	500	500	500	500	500	40	
4.4799969748e+02	109	474	459	41	2	8	0	50	500	500	500	500	500	40	
4.4849785702e+02	111	472	452	48	4	2	0	50	500	500	500	500	500	40	
4.4899708461e+02	110	473	449	51	5	8	0	50	500	500	500	500	500	40	
4.4949895948e+02	111	472	440	60	4	3	0	50	500	500	500	500	500	40	
4.4999939945e+02	110	475	432	68	3	5	0	50	500	500	500	500	500	40	
4.5049873945e+02	104	482	440	60	5	6	0	50	500	500	500	500	500	40	
4.5099578640e+02	102	485	434	66	4	6	0	50	500	500	500	500	500	40	
4.5149684837e+02	105	482	445	55	4	4	0	50	500	500	500	500	500	40	
4.5199994394e+02	102	485	443	57	6	4	0	50	500	500	500	500	500	40	
4.5249817816e+02	99	488	458	42	2	2	0	50	500	500	500	500	500	40	
4.5299289555e+02	98	493	469	31	1	7	0	50	500	500	500	500	500	40	
4.5349970660e+02	98	494	467	33	5	3	0	50	500	500	500	500	500	40	
4.5399480657e+02	98	495	461	39	1	3	0	50	500	500	500	500	500	40	
4.5449223745e+02	99	497	458	42	2	1	0	50	500	500	500	500	500	40	
4.5499943516e+02	99	500	456	44	4	4	0	50	500	500	500	500	500	40	
4.5549234207e+02	104	495	440	60	4	6	0	50	500	500	500	500	500	40	
4.5599720896e+02	103	495	445	55	5	6	0	50	500	500	500	500	500	40	
4.5649569940e+02	101	497	452	48	2	8	0	50	500	500	500	500	500	40	
4.5699992210e+02	100	498	464	36	8	8	0	50	500	500	500	500	500	40	
4.5749984829e+02	100	497	450	50	8	5	0	50	500	500	500	500	500	40	
4.5799860063e+02	99	499	469	31	5	8	0	50	500	500	500	500	500	40	
4.5849270194e+02	102	498	468	32	2	6	0	50	500	500	500	500	500	40	
4.5899824498e+02	103	498	474	26	4	3	0	50	500	500	500	500	500	40	
4.5949756919e+02	104	497	474	26	3	2	0	50	500	500	500	500	500	40	
4.5999981373e+02	106	494	470	30	1	7	0	50	500	500	500	500	500	40	
4.6049651413e+02	109	494	475	25	2	3	0	50	500	500	500	500	500	40	
4.6099933049e+02	109	494	466	34	5	4	0	50	500	500	500	500	500	40	
4.6149858093e+02	109	493	451	49	6	4	0	50	500	500	500	500	500	40	
4.6199119848e+02	111	492	448	52	5	5	0	50	500	500	500	500	500	40	
4.6249925176e+02	113	493	448	52	5	4	0	50	500	500	500	500	500	40	
4.6299911794e+02	112	492	463	37	5	2	0	50	500	500	500	500	500	40	
4.6349923535e+02	113	490	448	52	7	3	0	50	500	500	500	500	500	40	
4.6399991581e+02	112	492	449	51	3	5	0	50	500	500	500	500	500	40	
4.6449790136e+02	112	495	464	36	6	4	0	50	500	500	500	500	500	40	
4.6499094039e+02	113	496	470	30	6	4	0	50	500	500	500	500	500	40	
4.6549801676e+02	113	498	462	38	4	7	0	50	500	500	500	500	500	40	
4.6599843947e+02	113	499	467	33	3	3	0	50	500	500	500	500	500	40	
4.6649959156e+02	116	497	480	20	4	10	0	50	500	500	500	500	500	40	
4.6699917195e+02	117	495	469	31	4	7	0	50	500	500	500	500	500	40	
4.6749936715e+02	115	497	459	41	4	10	0	50	500	500	500	500	500	40	
4.6799807862e+02	118	494	453	47	4	9	0	50	500	500	500	500	500	40	
4.6849849012e+02	115	496	450	50	1	13	0	50	500	500	500	500	500	40	
4.6899775781e+02	120	492	460	40	7	6	0	50	500	500	500	500	500	40	
4.6949984256e+02	124	488	453	47	4	17	0	50	500	500	500	500	500	40	
4.6999844943e+02	123	488	451	49	6	4	0	50	500	500	500	500	500	40	
4.7049388514e+02	127	484	458	42	5	5	0	50	500	500	500	500	500	40	
4.7099941701e+02	127	484	454	46	4	8	0	50	500	500	500	500	500	40	
4.7149676679e+02	128	482	450	50	1	7	0	50	500	500	500	500	500	40	
4.7199791749e+02	127	484	447	53	3	4	0	50	500	500	500	500	500	40	
4.7249893443e+02	127	485	448	52	3	7	0	50	500	500	500	500	500	40	
4.7299500106e+02	128	484	448	52	1	4	0	50	500	500	500	500	500	40	
4.7349825812e+02	125	489	459	41	2	12	0	50	500	500	500	500	500	40	
4.7399983581e+02	129	486	459	41	9	8	0	50	500	500	500	500	500	40	
4.7449974869e+02	127	488	453	47	5	2	0	50	500	500	500	500	500	40	
4.7499899358e+02	128	488	449	51	4	1	0	50	500	500	500	500	500	40	
4.7549713930e+02	124	493	452	48	5	2	0	50	500	500	500	500	500	40	
4.7599900682e+02	124	491	456	44	5	3	0	50	500	500	500	500	500	40	
4.7649837765e+02	123	493	460	40	4	11	0	50	500	500	500	500	500	40	
4.7699944615e+02	122	495	457	43	3	3	0	50	500	500	500	500	500	40	
4.7749939608e+02	124	492	457	43	4	8	0	50	500	500	500	500	500	40	
4.7799279623e+02	124	492	457	43	2	4	0	50	500	500	500	500	500	40	
4.7849511717e+02	123	491	457	43	2	7	0	50	500	500	500	500	500	40	
4.7899578719e+02	121	492	453	47	5	4	0	50	500	500	500	500	500	40	
4.7949934350e+02	121	493	448	52	3	5	0	50	500	500	500	500	500	40	
4.7999837688e+02	119	495	458	42	3	9	0	50	500	500	500	500	500	40	
4.8049513369e+02	121	493	450	50	5	9	0	50	500	500	500	500	500	40	
4.8099622335e+02	124	490	448	52	8	6	0	50	500	500	500	500	500	40	
4.8149879655e+02	126	489	442	58	4	5	0	50	500	500	500	500	500	40	
4.8199836024e+02	125	489	449	51	3	6	0	50	500	500	500	500	500	40	
4.8249884751e+02	125	489	454	46	2	5	0	50	500	500	500	500	500	40	
4.8299655769e+02	122	493	458	42	7	5	0	50	500	500	500	500	500	40	
4.8349965308e+02	120	494	456	44	2	10	0	50	500	500	500	500	500	40	
4.8399926502e+02	123	490	461	39	5	8	0	50	500	500	500	500	500	40	
4.8449996982e+02	123	492	453	47	4	7	0	50	500	500	500	500	500	40	
4.8499894924e+02	121	494	449	51	4	4	0	50	500	500	500	500	500	40	
4.8549908566e+02	125	491	449	51	6	5	0	50	500	500	500	500	500	40	
4.8599927274e+02	130	486	450	50	5	7	0	50	500	500	500	500	500	40	
4.8649833577e+02	133	484	443	57	6	4	0	50	500	500	500	500	500	40	
4.8699906917e+02	130	487	446	54	2	7	0	50	500	500	500	500	500	40	
4.8749919749e+02	129	489	444	56	2	11	0	50	500	500	500	500	500	40	
4.8799949513e+02	131	488	452	48	4	9	0	50	500	500	500	500	500	40	
4.8849624990e+02	134	485	458	42	4	4	0	50	500	500	500	500	500	40	
4.8899935778e+02	134	485	445	55	3	3	0	50	500	500	500	500	500	40	
4.8949465594e+02	131	489	443	57	3	3	0	50	500	500	500	500	500	40	
4.8999797301e+02	134	485	448	52	4	11	0	50	500	500	500	500	500	40	
4.9049737321e+02	134	485	444	56	5	8	0	50	500	500	500	500	500	40	
4.9099975836e+02	136	484	450	50	11	3	0	50	500	500	500	500	500	40	
4.9149859180e+02	136	484	445	55	5	3	0	50	500	500	500	500	500	40	
4.9199908344e+02	135	485	455	45	3	8	0	50	500	500	500	500	500	40	
4.9249247873e+02	136	487	456	44	3	6	0	50	500	500	500	500	500	40	
4.9299794142e+02	135	492	456	44	4	7	0	50	500	500	500	500	500	40	
4.9349648247e+02	136	492	463	37	2	2	0	50	500	500	500	500	500	40	
4.9399564029e+02	137	491	454	46	5	1	0	50	500	500	500	500	500	40	
4.9449977869e+02	138	490	466	34	2	9	0	50	500	500	500	500	500	40	
4.9499792021e+02	139	489	460	40	8	4	0	50	500	500	500	500	500	40	
4.9549999903e+02	137	492	465	35	6	6	0	50	500	500	500	500	500	40	
4.9599354354e+02	138	492	455	45	4	5	0	50	500	500	500	500	500	40	
4.9649682274e+02	136	496	460	40	4	7	0	50	500	500	500	500	500	40	
4.9699988274e+02	137	494	468	32	9	3	0	50	500	500	500	500	500	40	
4.9749800492e+02	137	496	464	36	5	6	0	50	500	500	500	500	500	40	
4.9799873122e+02	140	494	458	42	4	6	0	50	500	500	500	500	500	40	
4.9849873082e+02	138	496	461	39	2	6	0	50	500	500	500	500	500	40	
4.9899591504e+02	139	495	452	48	6	6	0	50	500	500	500	500	500	40	
4.9949223412e+02	138	498	448	52	2	6	0	50	500	500	500	500	500	40	
4.9999608825e+02	136	499	463	37	5	4	0	50	500	500	500	500	500	40	
5.0000349478e+02	136	499	463	37	6	3	0	50	500	500	500	500	500	40	
