0.0000000000e+00	0	0	500	0	0	0	0	500	500	500	0	0	0	0	
4.9794941498e-01	0	4	499	1	0	108	0	500	500	500	0	0	0	0	
9.9842143663e-01	0	5	496	4	0	178	0	500	500	500	0	0	0	0	
1.4926890962e+00	1	4	496	4	0	238	0	500	500	500	0	0	0	0	
1.9968408622e+00	2	5	495	5	0	289	0	500	500	500	0	0	0	0	
2.4994045537e+00	3	5	492	8	0	340	0	500	500	500	0	0	0	0	
2.9987720853e+00	4	5	495	5	0	365	0	500	500	500	0	0	0	0	
3.4972681139e+00	6	4	495	5	0	393	0	500	500	500	0	0	0	0	
3.9936126902e+00	7	4	496	4	0	424	0	500	500	500	0	0	0	0	
4.4930236793e+00	10	1	498	2	0	422	0	500	500	500	0	0	0	0	
4.9992280396e+00	10	2	498	2	0	435	0	500	500	500	0	0	0	0	
5.4998605592e+00	11	2	498	2	0	466	0	500	500	500	0	0	0	0	
5.9971712432e+00	12	1	499	1	0	442	0	500	500	500	0	0	0	0	
6.4981622536e+00	12	2	500	0	0	459	0	500	500	500	0	0	0	0	
6.9997888787e+00	13	2	500	0	0	502	0	500	500	500	0	0	0	0	
7.4972787805e+00	13	2	499	1	0	487	0	500	500	500	0	0	0	0	
7.9959826996e+00	13	4	498	2	0	454	0	500	500	500	0	0	0	0	
8.4957608569e+00	15	2	496	4	0	463	0	500	500	500	0	0	0	0	
8.9984902851e+00	15	3	495	5	0	450	0	500	500	500	0	0	0	0	
9.4987547994e+00	15	3	497	3	0	479	0	500	500	500	0	0	0	0	
9.9994562283e+00	15	3	498	2	0	503	0	500	500	500	0	0	0	0	
1.0494121973e+01	15	4	499	1	0	512	0	500	500	500	0	0	0	0	
1.0998255972e+01	15	6	495	5	0	511	0	500	500	500	0	0	0	0	
1.1499524710e+01	17	6	492	8	0	504	0	500	500	500	0	0	0	0	
1.1998878258e+01	23	2	493	7	0	525	0	500	500	500	0	0	0	0	
1.2497384653e+01	23	3	498	2	0	507	0	500	500	500	0	0	0	0	
1.2998841091e+01	23	4	498	2	0	519	0	500	500	500	0	0	0	0	
1.3499620705e+01	24	5	497	3	0	524	0	500	500	500	0	0	0	0	
1.3994241855e+01	25	4	498	2	0	509	0	500	500	500	0	0	0	0	
1.4499450146e+01	25	7	494	6	0	498	0	500	500	500	0	0	0	0	
1.4997900278e+01	27	6	493	7	0	497	0	500	500	500	0	0	0	0	
1.5497905645e+01	30	4	495	5	0	491	0	500	500	500	0	0	0	0	
1.5997751673e+01	31	5	493	7	0	489	0	500	500	500	0	0	0	0	
1.6499198950e+01	31	7	495	5	0	481	0	500	500	500	0	0	0	0	
1.6999166351e+01	31	6	490	10	0	504	0	500	500	500	0	0	0	0	
1.7499879980e+01	31	7	492	8	0	513	0	500	500	500	0	0	0	0	
1.7999030435e+01	32	7	491	9	0	501	0	500	500	500	0	0	0	0	
1.8488465732e+01	33	6	492	8	0	479	0	500	500	500	0	0	0	0	
1.8990240665e+01	33	6	491	9	0	482	0	500	500	500	0	0	0	0	
1.9498991629e+01	32	10	490	10	0	503	0	500	500	500	0	0	0	0	
1.9996261833e+01	38	8	489	11	0	506	0	500	500	500	0	0	0	0	
2.0498940076e+01	40	6	492	8	0	496	0	500	500	500	0	0	0	0	
2.0999582796e+01	40	6	495	5	0	521	0	500	500	500	0	0	0	0	
2.1499803613e+01	42	5	492	8	0	486	0	500	500	500	0	0	0	0	
2.1996252861e+01	43	6	494	6	0	470	0	500	500	500	0	0	0	0	
2.2499705253e+01	43	7	494	6	0	468	0	500	500	500	0	0	0	0	
2.2999354259e+01	47	6	490	10	0	482	0	500	500	500	0	0	0	0	
2.3499118924e+01	49	6	492	8	0	492	0	500	500	500	0	0	0	0	
2.3998477540e+01	50	5	493	7	0	513	0	500	500	500	0	0	0	0	
2.4498980927e+01	51	7	492	8	0	494	0	500	500	500	0	0	0	0	
2.4999831591e+01	52	9	493	7	0	481	0	500	500	500	0	0	0	0	
2.5497604466e+01	51	13	492	8	0	475	0	500	500	500	0	0	0	0	
2.5998435837e+01	55	12	489	11	0	467	0	500	500	500	0	0	0	0	
2.6499776770e+01	55	12	490	10	0	488	0	500	500	500	0	0	0	0	
2.6993769773e+01	58	9	490	10	0	528	0	500	500	500	0	0	0	0	
2.7499243696e+01	59	9	483	17	0	520	0	500	500	500	0	0	0	0	
2.7999614528e+01	58	12	492	8	0	505	0	500	500	500	0	0	0	0	
2.8499894541e+01	59	14	490	10	0	524	0	500	500	500	0	0	0	0	
2.8999971468e+01	62	11	490	10	0	529	0	500	500	500	0	0	0	0	
2.9497070978e+01	65	9	492	8	0	512	0	500	500	500	0	0	0	0	
2.9999707818e+01	68	7	493	7	0	518	0	500	500	500	0	0	0	0	
3.0499700415e+01	68	9	489	11	0	492	0	500	500	500	0	0	0	0	
3.0999918118e+01	71	7	492	8	0	491	0	500	500	500	0	0	0	0	
3.1499530446e+01	73	5	499	1	0	461	0	500	500	500	0	0	0	0	
3.1995889485e+01	74	5	496	4	0	484	0	500	500	500	0	0	0	0	
3.2499437132e+01	74	5	493	7	0	482	0	500	500	500	0	0	0	0	
3.2999229699e+01	76	6	490	10	0	495	0	500	500	500	0	0	0	0	
3.3499721758e+01	79	4	495	5	0	504	0	500	500	500	0	0	0	0	
3.3999754293e+01	79	4	496	4	0	500	0	500	500	500	0	0	0	0	
3.4498451606e+01	79	3	496	4	0	510	0	500	500	500	0	0	0	0	
3.4999822233e+01	79	3	497	3	0	498	0	500	500	500	0	0	0	0	
3.5498210717e+01	79	6	497	3	0	471	0	500	500	500	0	0	0	0	
3.5999192350e+01	77	7	496	4	0	489	0	500	500	500	0	0	0	0	
3.6497227735e+01	79	4	495	5	0	507	0	500	500	500	0	0	0	0	
3.6999206882e+01	80	3	493	7	0	484	0	500	500	500	0	0	0	0	
3.7494142622e+01	81	4	498	2	0	481	0	500	500	500	0	0	0	0	
3.7999983296e+01	84	1	497	3	0	487	0	500	500	500	0	0	0	0	
3.8499203566e+01	84	1	496	4	0	464	0	500	500	500	0	0	0	0	
3.8995125387e+01	84	4	497	3	0	475	0	500	500	500	0	0	0	0	
3.9499508744e+01	85	5	497	3	0	466	0	500	500	500	0	0	0	0	
3.9998410978e+01	87	3	495	5	0	463	0	500	500	500	0	0	0	0	
4.0497065886e+01	88	2	498	2	0	451	0	500	500	500	0	0	0	0	
4.0989249337e+01	89	2	497	3	0	454	0	500	500	500	0	0	0	0	
4.1498810942e+01	89	5	495	5	0	482	0	500	500	500	0	0	0	0	
4.1997068756e+01	90	3	495	5	0	458	0	500	500	500	0	0	0	0	
4.2497032473e+01	90	4	496	4	0	453	0	500	500	500	0	0	0	0	
4.2996326407e+01	90	5	498	2	0	444	0	500	500	500	0	0	0	0	
4.3499980550e+01	91	5	497	3	0	454	0	500	500	500	0	0	0	0	
4.3997016997e+01	93	4	492	8	0	451	0	500	500	500	0	0	0	0	
4.4499660903e+01	93	5	494	6	0	456	0	500	500	500	0	0	0	0	
4.4997939995e+01	93	8	490	10	0	456	0	500	500	500	0	0	0	0	
4.5499603727e+01	94	11	491	9	0	472	0	500	500	500	0	0	0	0	
4.5996561119e+01	98	8	489	11	0	478	0	500	500	500	0	0	0	0	
4.6499595604e+01	98	9	489	11	0	466	0	500	500	500	0	0	0	0	
4.6998321617e+01	97	9	492	8	0	503	0	500	500	500	0	0	0	0	
4.7498673612e+01	99	7	483	17	0	493	0	500	500	500	0	0	0	0	
4.7998937343e+01	100	6	479	21	0	511	0	500	500	500	0	0	0	0	
4.8498770237e+01	102	5	482	18	0	532	0	500	500	500	0	0	0	0	
4.8992015931e+01	101	6	488	12	0	523	0	500	500	500	0	0	0	0	
4.9498801058e+01	102	7	494	6	0	494	0	500	500	500	0	0	0	0	
4.9998134285e+01	107	2	497	3	0	493	0	500	500	500	0	0	0	0	
5.0499042588e+01	108	2	498	2	0	512	0	500	500	500	0	0	0	0	
5.0999663172e+01	109	1	498	2	0	494	0	500	500	500	0	0	0	0	
5.1498971474e+01	109	1	499	1	0	511	0	500	500	500	0	0	0	0	
5.1993344638e+01	109	1	496	4	0	513	0	500	500	500	0	0	0	0	
5.2499206573e+01	110	1	495	5	0	524	0	500	500	500	0	0	0	0	
5.2998291364e+01	111	1	497	3	0	514	0	500	500	500	0	0	0	0	
5.3496855409e+01	111	1	498	2	0	527	0	500	500	500	0	0	0	0	
5.3997183942e+01	112	2	497	3	0	497	0	500	500	500	0	0	0	0	
5.4493749788e+01	113	2	496	4	0	484	0	500	500	500	0	0	0	0	
5.4990094400e+01	113	2	498	2	0	481	0	500	500	500	0	0	0	0	
5.5499852499e+01	113	4	497	3	0	489	0	500	500	500	0	0	0	0	
5.5999291594e+01	115	4	495	5	0	513	0	500	500	500	0	0	0	0	
5.6499515079e+01	115	4	488	12	0	514	0	500	500	500	0	0	0	0	
5.6995239589e+01	116	3	492	8	0	492	0	500	500	500	0	0	0	0	
5.7499185644e+01	115	4	496	4	0	506	0	500	500	500	0	0	0	0	
5.7999574699e+01	115	4	491	9	0	495	0	500	500	500	0	0	0	0	
5.8499139565e+01	116	4	493	7	0	485	0	500	500	500	0	0	0	0	
5.8993362645e+01	117	5	491	9	0	493	0	500	500	500	0	0	0	0	
5.9499672109e+01	116	7	492	8	0	497	0	500	500	500	0	0	0	0	
5.9999194255e+01	117	6	493	7	0	484	0	500	500	500	0	0	0	0	
6.0499832101e+01	119	6	494	6	0	488	0	500	500	500	0	0	0	0	
6.0995528794e+01	122	4	496	4	0	511	0	500	500	500	0	0	0	0	
6.1499002330e+01	122	6	493	7	0	521	0	500	500	500	0	0	0	0	
6.1996888399e+01	125	4	496	4	0	511	0	500	500	500	0	0	0	0	
6.2499590818e+01	125	5	496	4	0	507	0	500	500	500	0	0	0	0	
6.2996499905e+01	125	5	496	4	0	494	0	500	500	500	0	0	0	0	
6.3499348822e+01	125	6	495	5	0	489	0	500	500	500	0	0	0	0	
6.3999408301e+01	128	3	497	3	0	475	0	500	500	500	0	0	0	0	
6.4498100855e+01	129	2	495	5	0	465	0	500	500	500	0	0	0	0	
6.4998722399e+01	130	3	499	1	0	458	0	500	500	500	0	0	0	0	
6.5491378842e+01	130	4	494	6	0	459	0	500	500	500	0	0	0	0	
6.5997598814e+01	130	5	494	6	0	465	0	500	500	500	0	0	0	0	
6.6497570199e+01	133	4	489	11	0	482	0	500	500	500	0	0	0	0	
6.6996602833e+01	134	3	492	8	0	491	0	500	500	500	0	0	0	0	
6.7499336660e+01	134	3	492	8	0	488	0	500	500	500	0	0	0	0	
6.7999785198e+01	134	3	496	4	0	514	0	500	500	500	0	0	0	0	
6.8498229204e+01	134	4	497	3	0	503	0	500	500	500	0	0	0	0	
6.8999634180e+01	133	5	498	2	0	481	0	500	500	500	0	0	0	0	
6.9497312617e+01	132	9	493	7	0	487	0	500	500	500	0	0	0	0	
6.9998767950e+01	135	6	496	4	0	473	0	500	500	500	0	0	0	0	
7.0497385609e+01	138	5	494	6	0	478	0	500	500	500	0	0	0	0	
7.0999811459e+01	140	5	493	7	0	477	0	500	500	500	0	0	0	0	
7.1497951237e+01	142	5	491	9	0	494	0	500	500	500	0	0	0	0	
7.1999313878e+01	144	5	491	9	0	489	0	500	500	500	0	0	0	0	
7.2499679158e+01	147	2	492	8	0	503	0	500	500	500	0	0	0	0	
7.2996068228e+01	146	3	495	5	0	499	0	500	500	500	0	0	0	0	
7.3497942398e+01	146	3	494	6	0	509	0	500	500	500	0	0	0	0	
7.3999003326e+01	145	6	493	7	0	521	0	500	500	500	0	0	0	0	
7.4499914869e+01	145	9	492	8	0	530	0	500	500	500	0	0	0	0	
7.4999837928e+01	146	9	493	7	0	516	0	500	500	500	0	0	0	0	
7.5498307582e+01	149	8	492	8	0	524	0	500	500	500	0	0	0	0	
7.5999156175e+01	151	8	494	6	0	516	0	500	500	500	0	0	0	0	
7.6494249993e+01	154	6	494	6	0	516	0	500	500	500	0	0	0	0	
7.6998459280e+01	156	4	493	7	0	505	0	500	500	500	0	0	0	0	
7.7498748679e+01	157	3	495	5	0	510	0	500	500	500	0	0	0	0	
7.7997574682e+01	154	6	492	8	0	509	0	500	500	500	0	0	0	0	
7.8499086103e+01	154	7	492	8	0	496	0	500	500	500	0	0	0	0	
7.8999348524e+01	157	5	497	3	0	490	0	500	500	500	0	0	0	0	
7.9495569073e+01	157	5	495	5	0	501	0	500	500	500	0	0	0	0	
7.9992666410e+01	159	3	497	3	0	480	0	500	500	500	0	0	0	0	
8.0499059481e+01	159	2	497	3	0	475	0	500	500	500	0	0	0	0	
8.0998440413e+01	160	4	499	1	0	492	0	500	500	500	0	0	0	0	
8.1499173453e+01	160	5	493	7	0	499	0	500	500	500	0	0	0	0	
8.1999740441e+01	162	3	493	7	0	497	0	500	500	500	0	0	0	0	
8.2499676488e+01	162	4	496	4	0	490	0	500	500	500	0	0	0	0	
8.2997889836e+01	161	4	494	6	0	481	0	500	500	500	0	0	0	0	
8.3498929940e+01	163	4	493	7	0	456	0	500	500	500	0	0	0	0	
8.3992219677e+01	163	4	495	5	0	446	0	500	500	500	0	0	0	0	
8.4499996529e+01	163	4	493	7	0	464	0	500	500	500	0	0	0	0	
8.4999276103e+01	164	7	494	6	0	469	0	500	500	500	0	0	0	0	
8.5499619452e+01	165	8	489	11	0	464	0	500	500	500	0	0	0	0	
8.5997747201e+01	167	7	492	8	0	467	0	500	500	500	0	0	0	0	
8.6497658656e+01	166	8	492	8	0	477	0	500	500	500	0	0	0	0	
8.6999584217e+01	169	5	491	9	0	499	0	500	500	500	0	0	0	0	
8.7499112444e+01	168	8	490	10	0	507	0	500	500	500	0	0	0	0	
8.7998893476e+01	169	7	485	15	0	487	0	500	500	500	0	0	0	0	
8.8496309557e+01	170	8	488	12	0	522	0	500	500	500	0	0	0	0	
8.8999303026e+01	172	6	484	16	0	489	0	500	500	500	0	0	0	0	
8.9498716594e+01	171	7	481	19	0	474	0	500	500	500	0	0	0	0	
8.9999533719e+01	173	6	490	10	0	495	0	500	500	500	0	0	0	0	
9.0498385958e+01	175	5	490	10	0	495	0	500	500	500	0	0	0	0	
9.0998154069e+01	176	5	484	16	0	498	0	500	500	500	0	0	0	0	
9.1497244525e+01	176	5	487	13	0	491	0	500	500	500	0	0	0	0	
9.1997625288e+01	177	7	490	10	0	493	0	500	500	500	0	0	0	0	
9.2498941094e+01	178	9	493	7	0	491	0	500	500	500	0	0	0	0	
9.2999884897e+01	177	11	488	12	0	537	0	500	500	500	0	0	0	0	
9.3499327656e+01	179	8	486	14	0	525	0	500	500	500	0	0	0	0	
9.3999251536e+01	182	5	490	10	0	522	0	500	500	500	0	0	0	0	
9.4496911891e+01	183	6	490	10	0	523	0	500	500	500	0	0	0	0	
9.4997597898e+01	183	7	495	5	0	505	0	500	500	500	0	0	0	0	
9.5499091812e+01	185	5	494	6	0	505	0	500	500	500	0	0	0	0	
9.5998541764e+01	186	4	497	3	0	518	0	500	500	500	0	0	0	0	
9.6499738156e+01	188	2	495	5	0	518	0	500	500	500	0	0	0	0	
9.6999780838e+01	188	3	492	8	0	517	0	500	500	500	0	0	0	0	
9.7499794099e+01	190	5	491	9	0	525	0	500	500	500	0	0	0	0	
9.7999337591e+01	191	4	495	5	0	527	0	500	500	500	0	0	0	0	
9.8498546698e+01	191	4	496	4	0	515	0	500	500	500	0	0	0	0	
9.8996323385e+01	191	5	494	6	0	514	0	500	500	500	0	0	0	0	
9.9497697399e+01	191	6	495	5	0	524	0	500	500	500	0	0	0	0	
9.9999612899e+01	191	6	498	2	0	525	0	500	500	500	0	0	0	0	
1.0049956113e+02	193	4	495	5	0	536	0	500	500	500	0	0	0	0	
1.0099686938e+02	195	3	496	4	0	554	0	500	500	500	0	0	0	0	
1.0149746959e+02	195	2	495	5	0	533	0	500	500	500	0	0	0	0	
1.0199802815e+02	195	2	495	5	0	506	0	500	500	500	0	0	0	0	
1.0249793091e+02	194	3	496	4	0	505	0	500	500	500	0	0	0	0	
1.0299946230e+02	195	3	496	4	0	497	0	500	500	500	0	0	0	0	
1.0349792794e+02	196	4	496	4	0	474	0	500	500	500	0	0	0	0	
1.0399893751e+02	197	4	497	3	0	495	0	500	500	500	0	0	0	0	
1.0449889206e+02	199	3	493	7	0	487	0	500	500	500	0	0	0	0	
1.0499821279e+02	200	4	494	6	0	489	0	500	500	500	0	0	0	0	
1.0549982835e+02	198	6	490	10	0	492	0	500	500	500	0	0	0	0	
1.0599680054e+02	197	6	492	8	0	484	0	500	500	500	0	0	0	0	
1.0649767612e+02	198	4	495	5	0	492	0	500	500	500	0	0	0	0	
1.0699969298e+02	198	4	498	2	0	505	0	500	500	500	0	0	0	0	
1.0749974387e+02	198	6	494	6	0	488	0	500	500	500	0	0	0	0	
1.0799862964e+02	199	5	496	4	0	483	0	500	500	500	0	0	0	0	
1.0849855692e+02	196	7	485	15	0	483	0	500	500	500	0	0	0	0	
1.0899656411e+02	197	6	488	12	0	511	0	500	500	500	0	0	0	0	
1.0949720353e+02	197	6	490	10	0	513	0	500	500	500	0	0	0	0	
1.0999803069e+02	198	5	487	13	0	521	0	500	500	500	0	0	0	0	
1.1049911209e+02	199	4	491	9	0	514	0	500	500	500	0	0	0	0	
1.1099792216e+02	201	3	491	9	0	493	0	500	500	500	0	0	0	0	
1.1149971833e+02	204	2	496	4	0	493	0	500	500	500	0	0	0	0	
1.1199564305e+02	205	4	497	3	0	516	0	500	500	500	0	0	0	0	
1.1249984149e+02	206	5	496	4	0	508	0	500	500	500	0	0	0	0	
1.1299902287e+02	208	6	495	5	0	502	0	500	500	500	0	0	0	0	
1.1349922466e+02	208	8	497	3	0	503	0	500	500	500	0	0	0	0	
1.1399984499e+02	209	8	495	5	0	530	0	500	500	500	0	0	0	0	
1.1449873158e+02	211	6	496	4	0	507	0	500	500	500	0	0	0	0	
1.1499900018e+02	212	6	492	8	0	511	0	500	500	500	0	0	0	0	
1.1549872134e+02	213	6	491	9	0	487	0	500	500	500	0	0	0	0	
1.1599943700e+02	215	4	492	8	0	488	0	500	500	500	0	0	0	0	
1.1649984218e+02	215	4	491	9	0	483	0	500	500	500	0	0	0	0	
1.1699801942e+02	215	4	490	10	0	499	0	500	500	500	0	0	0	0	
1.1749971284e+02	214	4	494	6	0	509	0	500	500	500	0	0	0	0	
1.1799387243e+02	214	5	492	8	0	515	0	500	500	500	0	0	0	0	
1.1849993866e+02	212	6	492	8	0	534	0	500	500	500	0	0	0	0	
1.1899944015e+02	214	6	496	4	0	545	0	500	500	500	0	0	0	0	
1.1949766804e+02	217	5	495	5	0	520	0	500	500	500	0	0	0	0	
1.1999910125e+02	215	9	489	11	0	539	0	500	500	500	0	0	0	0	
1.2049900423e+02	218	8	490	10	0	558	0	500	500	500	0	0	0	0	
1.2099194027e+02	216	9	482	18	0	561	0	500	500	500	0	0	0	0	
1.2149979934e+02	216	9	481	19	0	545	0	500	500	500	0	0	0	0	
1.2199970852e+02	216	9	490	10	0	527	0	500	500	500	0	0	0	0	
1.2249854741e+02	215	10	492	8	0	533	0	500	500	500	0	0	0	0	
1.2299919904e+02	216	10	487	13	0	548	0	500	500	500	0	0	0	0	
1.2349839957e+02	217	11	481	19	0	512	0	500	500	500	0	0	0	0	
1.2399818673e+02	218	9	488	12	0	533	0	500	500	500	0	0	0	0	
1.2449291044e+02	220	9	487	13	0	526	0	500	500	500	0	0	0	0	
1.2499770897e+02	222	8	485	15	0	504	0	500	500	500	0	0	0	0	
1.2549981966e+02	222	8	488	12	0	511	0	500	500	500	0	0	0	0	
1.2599902039e+02	222	9	490	10	0	475	0	500	500	500	0	0	0	0	
1.2649964879e+02	221	10	486	14	0	477	0	500	500	500	0	0	0	0	
1.2699943722e+02	223	9	490	10	0	471	0	500	500	500	0	0	0	0	
1.2749950237e+02	224	10	491	9	0	467	0	500	500	500	0	0	0	0	
1.2799706124e+02	224	10	494	6	0	477	0	500	500	500	0	0	0	0	
1.2849928325e+02	227	7	489	11	0	485	0	500	500	500	0	0	0	0	
1.2899880388e+02	230	6	496	4	0	472	0	500	500	500	0	0	0	0	
1.2949922855e+02	231	8	493	7	0	490	0	500	500	500	0	0	0	0	
1.2999546745e+02	230	10	488	12	0	491	0	500	500	500	0	0	0	0	
1.3049565515e+02	230	11	485	15	0	491	0	500	500	500	0	0	0	0	
1.3098598788e+02	233	8	489	11	0	497	0	500	500	500	0	0	0	0	
1.3148932443e+02	236	10	487	13	0	499	0	500	500	500	0	0	0	0	
1.3199891903e+02	238	10	488	12	0	490	0	500	500	500	0	0	0	0	
1.3249899092e+02	239	9	485	15	0	487	0	500	500	500	0	0	0	0	
1.3299891212e+02	239	10	476	24	0	504	0	500	500	500	0	0	0	0	
1.3349926093e+02	241	9	479	21	0	492	0	500	500	500	0	0	0	0	
1.3399960077e+02	240	10	483	17	0	498	0	500	500	500	0	0	0	0	
1.3449963812e+02	242	8	486	14	0	514	0	500	500	500	0	0	0	0	
1.3499871032e+02	241	9	488	12	0	506	0	500	500	500	0	0	0	0	
1.3549871168e+02	243	8	491	9	0	506	0	500	500	500	0	0	0	0	
1.3599620366e+02	246	6	489	11	0	484	0	500	500	500	0	0	0	0	
1.3649971716e+02	248	5	494	6	0	485	0	500	500	500	0	0	0	0	
1.3699635438e+02	247	8	492	8	0	480	0	500	500	500	0	0	0	0	
1.3749789014e+02	247	9	490	10	0	463	0	500	500	500	0	0	0	0	
1.3799839111e+02	245	10	488	12	0	478	0	500	500	500	0	0	0	0	
1.3849825968e+02	249	6	487	13	0	467	0	500	500	500	0	0	0	0	
1.3899870670e+02	249	7	492	8	0	481	0	500	500	500	0	0	0	0	
1.3949932824e+02	248	10	481	19	0	478	0	500	500	500	0	0	0	0	
1.3999941884e+02	247	10	485	15	0	507	0	500	500	500	0	0	0	0	
1.4049908693e+02	250	9	479	21	0	530	0	500	500	500	0	0	0	0	
1.4099608757e+02	251	9	488	12	0	562	0	500	500	500	0	0	0	0	
1.4149886509e+02	252	8	488	12	0	548	0	500	500	500	0	0	0	0	
1.4199996098e+02	249	11	483	17	0	548	0	500	500	500	0	0	0	0	
1.4249643629e+02	247	12	477	23	0	557	0	500	500	500	0	0	0	0	
1.4299719458e+02	248	10	485	15	0	530	0	500	500	500	0	0	0	0	
1.4349951521e+02	248	11	484	16	0	539	0	500	500	500	0	0	0	0	
1.4399411974e+02	250	11	482	18	0	543	0	500	500	500	0	0	0	0	
1.4449871963e+02	248	14	487	13	0	510	0	500	500	500	0	0	0	0	
1.4499778474e+02	250	13	484	16	0	515	0	500	500	500	0	0	0	0	
1.4549941074e+02	252	12	482	18	0	502	0	500	500	500	0	0	0	0	
1.4599522770e+02	252	12	483	17	0	495	0	500	500	500	0	0	0	0	
1.4649993645e+02	254	12	484	16	0	483	0	500	500	500	0	0	0	0	
1.4699619884e+02	255	11	491	9	0	472	0	500	500	500	0	0	0	0	
1.4749611308e+02	256	11	479	21	0	482	0	500	500	500	0	0	0	0	
1.4799965095e+02	255	12	483	17	0	504	0	500	500	500	0	0	0	0	
1.4849596638e+02	257	10	474	26	0	526	0	500	500	500	0	0	0	0	
1.4899827504e+02	255	11	470	30	0	512	0	500	500	500	0	0	0	0	
1.4949960046e+02	255	12	471	29	0	517	0	500	500	500	0	0	0	0	
1.4999955356e+02	254	14	476	24	0	516	0	500	500	500	0	0	0	0	
1.5049935550e+02	253	15	477	23	0	494	0	500	500	500	0	0	0	0	
1.5099863023e+02	254	15	468	32	0	475	0	500	500	500	0	0	0	0	
1.5149743044e+02	255	14	475	25	0	490	0	500	500	500	0	0	0	0	
1.5199992368e+02	258	12	482	18	0	500	0	500	500	500	0	0	0	0	
1.5249912295e+02	258	12	484	16	0	510	0	500	500	500	0	0	0	0	
1.5299914320e+02	262	8	485	15	0	522	0	500	500	500	0	0	0	0	
1.5349945106e+02	262	8	488	12	0	540	0	500	500	500	0	0	0	0	
1.5399617563e+02	260	9	492	8	0	518	0	500	500	500	0	0	0	0	
1.5449286926e+02	262	8	490	10	0	531	0	500	500	500	0	0	0	0	
1.5499935165e+02	260	10	487	13	0	541	0	500	500	500	0	0	0	0	
1.5549908585e+02	258	11	485	15	0	522	0	500	500	500	0	0	0	0	
1.5599843699e+02	259	11	480	20	0	499	0	500	500	500	0	0	0	0	
1.5649972705e+02	259	12	484	16	0	501	0	500	500	500	0	0	0	0	
1.5699958658e+02	262	10	484	16	0	483	0	500	500	500	0	0	0	0	
1.5749994925e+02	265	7	488	12	0	487	0	500	500	500	0	0	0	0	
1.5799767321e+02	263	10	492	8	0	510	0	500	500	500	0	0	0	0	
1.5849407447e+02	261	13	484	16	0	507	0	500	500	500	0	0	0	0	
1.5898891274e+02	262	14	476	24	0	506	0	500	500	500	0	0	0	0	
1.5949731205e+02	267	11	479	21	0	501	0	500	500	500	0	0	0	0	
1.5999650062e+02	266	12	476	24	0	496	0	500	500	500	0	0	0	0	
1.6049877907e+02	267	12	478	22	0	506	0	500	500	500	0	0	0	0	
1.6099655731e+02	269	11	486	14	0	484	0	500	500	500	0	0	0	0	
1.6149875975e+02	270	10	481	19	0	465	0	500	500	500	0	0	0	0	
1.6199914719e+02	271	9	486	14	0	439	0	500	500	500	0	0	0	0	
1.6249815372e+02	274	6	486	14	0	461	0	500	500	500	0	0	0	0	
1.6299903236e+02	275	7	492	8	0	453	0	500	500	500	0	0	0	0	
1.6349992308e+02	276	6	492	8	0	453	0	500	500	500	0	0	0	0	
1.6399960943e+02	276	6	489	11	0	462	0	500	500	500	0	0	0	0	
1.6449954272e+02	279	3	495	5	0	484	0	500	500	500	0	0	0	0	
1.6499910967e+02	280	2	498	2	0	483	0	500	500	500	0	0	0	0	
1.6549981808e+02	279	2	495	5	0	463	0	500	500	500	0	0	0	0	
1.6599619387e+02	279	2	495	5	0	486	0	500	500	500	0	0	0	0	
1.6649866529e+02	280	2	489	11	0	480	0	500	500	500	0	0	0	0	
1.6699933289e+02	278	4	495	5	0	490	0	500	500	500	0	0	0	0	
1.6749950826e+02	277	5	487	13	0	527	0	500	500	500	0	0	0	0	
1.6799802326e+02	275	7	491	9	0	525	0	500	500	500	0	0	0	0	
1.6849889231e+02	272	9	490	10	0	513	0	500	500	500	0	0	0	0	
1.6899972515e+02	276	5	494	6	0	514	0	500	500	500	0	0	0	0	
1.6949776799e+02	276	5	496	4	0	507	0	500	500	500	0	0	0	0	
1.6999886005e+02	276	4	494	6	0	493	0	500	500	500	0	0	0	0	
1.7049299197e+02	273	6	490	10	0	468	0	500	500	500	0	0	0	0	
1.7099292061e+02	274	6	494	6	0	477	0	500	500	500	0	0	0	0	
1.7149940761e+02	273	9	494	6	0	500	0	500	500	500	0	0	0	0	
1.7199573811e+02	274	8	497	3	0	517	0	500	500	500	0	0	0	0	
1.7249931478e+02	276	6	494	6	0	506	0	500	500	500	0	0	0	0	
1.7299910861e+02	276	8	488	12	0	518	0	500	500	500	0	0	0	0	
1.7349840691e+02	278	7	486	14	0	505	0	500	500	500	0	0	0	0	
1.7399962745e+02	282	3	491	9	0	491	0	500	500	500	0	0	0	0	
1.7449557820e+02	284	1	493	7	0	503	0	500	500	500	0	0	0	0	
1.7499948154e+02	285	3	496	4	0	499	0	500	500	500	0	0	0	0	
1.7549454708e+02	285	4	496	4	0	493	0	500	500	500	0	0	0	0	
1.7599892555e+02	284	5	497	3	0	465	0	500	500	500	0	0	0	0	
1.7649872417e+02	283	5	494	6	0	479	0	500	500	500	0	0	0	0	
1.7699868165e+02	282	6	497	3	0	485	0	500	500	500	0	0	0	0	
1.7749812762e+02	284	5	494	6	0	512	0	500	500	500	0	0	0	0	
1.7799672540e+02	285	5	492	8	0	492	0	500	500	500	0	0	0	0	
1.7849972099e+02	287	6	494	6	0	468	0	500	500	500	0	0	0	0	
1.7899815127e+02	287	5	487	13	0	472	0	500	500	500	0	0	0	0	
1.7949923405e+02	287	6	488	12	0	464	0	500	500	500	0	0	0	0	
1.7999910818e+02	288	5	489	11	0	455	0	500	500	500	0	0	0	0	
1.8049998191e+02	288	6	495	5	0	454	0	500	500	500	0	0	0	0	
1.8099909501e+02	291	4	496	4	0	467	0	500	500	500	0	0	0	0	
1.8149930115e+02	293	5	495	5	0	468	0	500	500	500	0	0	0	0	
1.8199910680e+02	294	4	497	3	0	463	0	500	500	500	0	0	0	0	
1.8249535443e+02	293	6	497	3	0	488	0	500	500	500	0	0	0	0	
1.8299977289e+02	292	8	493	7	0	500	0	500	500	500	0	0	0	0	
1.8349966922e+02	292	9	486	14	0	504	0	500	500	500	0	0	0	0	
1.8399880843e+02	292	10	489	11	0	516	0	500	500	500	0	0	0	0	
1.8449962900e+02	293	9	488	12	0	508	0	500	500	500	0	0	0	0	
1.8499738432e+02	296	7	489	11	0	492	0	500	500	500	0	0	0	0	
1.8549563717e+02	294	10	491	9	0	474	0	500	500	500	0	0	0	0	
1.8599936347e+02	295	10	489	11	0	484	0	500	500	500	0	0	0	0	
1.8649919657e+02	295	11	492	8	0	464	0	500	500	500	0	0	0	0	
1.8699980958e+02	294	13	488	12	0	471	0	500	500	500	0	0	0	0	
1.8749853701e+02	296	13	484	16	0	495	0	500	500	500	0	0	0	0	
1.8799932379e+02	298	13	481	19	0	459	0	500	500	500	0	0	0	0	
1.8849779903e+02	297	16	476	24	0	463	0	500	500	500	0	0	0	0	
1.8899911952e+02	303	10	488	12	0	480	0	500	500	500	0	0	0	0	
1.8949999187e+02	304	8	489	11	0	482	0	500	500	500	0	0	0	0	
1.8999864705e+02	304	8	486	14	0	463	0	500	500	500	0	0	0	0	
1.9049298160e+02	306	7	482	18	0	468	0	500	500	500	0	0	0	0	
1.9099989774e+02	307	8	493	7	0	483	0	500	500	500	0	0	0	0	
1.9149984685e+02	307	8	494	6	0	496	0	500	500	500	0	0	0	0	
1.9199907193e+02	307	9	492	8	0	503	0	500	500	500	0	0	0	0	
1.9249907599e+02	307	10	487	13	0	504	0	500	500	500	0	0	0	0	
1.9299677948e+02	307	11	489	11	0	491	0	500	500	500	0	0	0	0	
1.9349717196e+02	310	8	485	15	0	477	0	500	500	500	0	0	0	0	
1.9399829906e+02	306	12	484	16	0	484	0	500	500	500	0	0	0	0	
1.9449760061e+02	303	19	480	20	0	482	0	500	500	500	0	0	0	0	
1.9499878977e+02	304	18	476	24	0	477	0	500	500	500	0	0	0	0	
1.9549638435e+02	305	17	469	31	0	470	0	500	500	500	0	0	0	0	
1.9599761603e+02	306	17	470	30	0	477	0	500	500	500	0	0	0	0	
1.9649906369e+02	307	15	464	36	0	469	0	500	500	500	0	0	0	0	
1.9699990654e+02	309	14	474	26	0	463	0	500	500	500	0	0	0	0	
1.9749817712e+02	308	14	473	27	0	457	0	500	500	500	0	0	0	0	
1.9799755964e+02	310	17	477	23	0	458	0	500	500	500	0	0	0	0	
1.9849975504e+02	308	20	467	33	0	450	0	500	500	500	0	0	0	0	
1.9899952057e+02	308	21	463	37	0	457	0	500	500	500	0	0	0	0	
1.9949762345e+02	311	19	454	46	0	464	0	500	500	500	0	0	0	0	
1.9999857470e+02	310	19	447	53	0	461	0	500	500	500	0	0	0	0	
2.0049548548e+02	313	16	450	50	0	474	0	500	500	500	0	0	0	0	
2.0099871020e+02	309	19	457	43	0	485	0	500	500	500	0	0	0	0	
2.0149923958e+02	313	16	459	41	0	493	0	500	500	500	0	0	0	0	
2.0199744972e+02	315	14	474	26	0	484	0	500	500	500	0	0	0	0	
2.0249977231e+02	312	18	464	36	0	515	0	500	500	500	0	0	0	0	
2.0299955755e+02	315	16	471	29	0	506	0	500	500	500	0	0	0	0	
2.0349751919e+02	312	18	474	26	0	492	0	500	500	500	0	0	0	0	
2.0399936016e+02	312	20	468	32	0	509	0	500	500	500	0	0	0	0	
2.0449994342e+02	312	20	481	19	0	507	0	500	500	500	0	0	0	0	
2.0499991829e+02	312	22	468	32	0	483	0	500	500	500	0	0	0	0	
2.0549964341e+02	315	20	476	24	0	496	0	500	500	500	0	0	0	0	
2.0599930288e+02	316	19	473	27	0	478	0	500	500	500	0	0	0	0	
2.0649926530e+02	315	20	475	25	0	479	0	500	500	500	0	0	0	0	
2.0699792009e+02	315	19	480	20	0	484	0	500	500	500	0	0	0	0	
2.0749991974e+02	317	18	469	31	0	484	0	500	500	500	0	0	0	0	
2.0799930444e+02	318	20	474	26	0	467	0	500	500	500	0	0	0	0	
2.0849804897e+02	322	17	467	33	0	467	0	500	500	500	0	0	0	0	
2.0899917857e+02	327	13	480	20	0	499	0	500	500	500	0	0	0	0	
2.0949889923e+02	328	12	477	23	0	475	0	500	500	500	0	0	0	0	
2.0999997606e+02	327	13	484	16	0	475	0	500	500	500	0	0	0	0	
2.1049996040e+02	332	10	489	11	0	478	0	500	500	500	0	0	0	0	
2.1099959344e+02	332	10	482	18	0	490	0	500	500	500	0	0	0	0	
2.1149766171e+02	333	9	478	22	0	503	0	500	500	500	0	0	0	0	
2.1199916356e+02	329	15	480	20	0	488	0	500	500	500	0	0	0	0	
2.1249971135e+02	329	17	475	25	0	491	0	500	500	500	0	0	0	0	
2.1299842927e+02	330	16	479	21	0	490	0	500	500	500	0	0	0	0	
2.1349968424e+02	331	15	477	23	0	515	0	500	500	500	0	0	0	0	
2.1399902876e+02	332	15	474	26	0	499	0	500	500	500	0	0	0	0	
2.1449772939e+02	331	16	468	32	0	477	0	500	500	500	0	0	0	0	
2.1499997671e+02	332	16	457	43	0	500	0	500	500	500	0	0	0	0	
2.1549982066e+02	330	18	452	48	0	514	0	500	500	500	0	0	0	0	
2.1599797674e+02	334	14	462	38	0	524	0	500	500	500	0	0	0	0	
2.1649689345e+02	332	17	467	33	0	541	0	500	500	500	0	0	0	0	
2.1699993155e+02	334	15	476	24	0	538	0	500	500	500	0	0	0	0	
2.1749994096e+02	337	14	475	25	0	505	0	500	500	500	0	0	0	0	
2.1799957066e+02	340	10	483	17	0	511	0	500	500	500	0	0	0	0	
2.1849485124e+02	341	9	484	16	0	496	0	500	500	500	0	0	0	0	
2.1899409094e+02	341	9	489	11	0	482	0	500	500	500	0	0	0	0	
2.1949720442e+02	339	11	486	14	0	497	0	500	500	500	0	0	0	0	
2.1999641287e+02	336	13	484	16	0	511	0	500	500	500	0	0	0	0	
2.2049995607e+02	340	10	480	20	0	515	0	500	500	500	0	0	0	0	
2.2099863534e+02	341	10	474	26	0	517	0	500	500	500	0	0	0	0	
2.2149791532e+02	340	11	480	20	0	491	0	500	500	500	0	0	0	0	
2.2199913219e+02	341	11	482	18	0	482	0	500	500	500	0	0	0	0	
2.2249949515e+02	341	11	482	18	0	467	0	500	500	500	0	0	0	0	
2.2299872348e+02	338	14	481	19	0	483	0	500	500	500	0	0	0	0	
2.2349985692e+02	337	17	483	17	0	486	0	500	500	500	0	0	0	0	
2.2399982043e+02	342	14	486	14	0	504	0	500	500	500	0	0	0	0	
2.2449931733e+02	343	15	482	18	0	487	0	500	500	500	0	0	0	0	
2.2499607641e+02	342	18	476	24	0	494	0	500	500	500	0	0	0	0	
2.2549880061e+02	342	20	472	28	0	472	0	500	500	500	0	0	0	0	
2.2599405580e+02	346	16	476	24	0	493	0	500	500	500	0	0	0	0	
2.2649960831e+02	349	14	473	27	0	465	0	500	500	500	0	0	0	0	
2.2699972083e+02	346	17	479	21	0	450	0	500	500	500	0	0	0	0	
2.2749310517e+02	347	16	474	26	0	451	0	500	500	500	0	0	0	0	
2.2799197381e+02	348	16	474	26	0	453	0	500	500	500	0	0	0	0	
2.2849852879e+02	348	17	470	30	0	441	0	500	500	500	0	0	0	0	
2.2899720396e+02	348	18	466	34	0	439	0	500	500	500	0	0	0	0	
2.2949956924e+02	352	15	472	28	0	480	0	500	500	500	0	0	0	0	
2.2999839555e+02	350	15	474	26	0	473	0	500	500	500	0	0	0	0	
2.3049685101e+02	348	17	473	27	0	474	0	500	500	500	0	0	0	0	
2.3099680782e+02	345	21	460	40	0	458	0	500	500	500	0	0	0	0	
2.3149985614e+02	346	22	461	39	0	450	0	500	500	500	0	0	0	0	
2.3199848165e+02	350	20	449	51	0	486	0	500	500	500	0	0	0	0	
2.3249910864e+02	351	18	459	41	0	474	0	500	500	500	0	0	0	0	
2.3299823780e+02	350	20	462	38	0	485	0	500	500	500	0	0	0	0	
2.3349961598e+02	351	19	456	44	0	503	0	500	500	500	0	0	0	0	
2.3399975593e+02	354	16	459	41	0	507	0	500	500	500	0	0	0	0	
2.3449886730e+02	353	16	461	39	0	518	0	500	500	500	0	0	0	0	
2.3499966065e+02	358	10	474	26	0	543	0	500	500	500	0	0	0	0	
2.3549918442e+02	359	9	482	18	0	525	0	500	500	500	0	0	0	0	
2.3599886519e+02	360	9	486	14	0	500	0	500	500	500	0	0	0	0	
2.3649934528e+02	360	11	482	18	0	513	0	500	500	500	0	0	0	0	
2.3699792405e+02	364	7	486	14	0	503	0	500	500	500	0	0	0	0	
2.3749887243e+02	365	8	481	19	0	501	0	500	500	500	0	0	0	0	
2.3799756035e+02	369	4	482	18	0	462	0	500	500	500	0	0	0	0	
2.3849941280e+02	368	5	489	11	0	458	0	500	500	500	0	0	0	0	
2.3899578528e+02	368	7	488	12	0	457	0	500	500	500	0	0	0	0	
2.3949410768e+02	365	9	485	15	0	449	0	500	500	500	0	0	0	0	
2.3999782583e+02	364	10	488	12	0	453	0	500	500	500	0	0	0	0	
2.4049413647e+02	363	11	486	14	0	471	0	500	500	500	0	0	0	0	
2.4099836358e+02	368	7	481	19	0	472	0	500	500	500	0	0	0	0	
2.4149988377e+02	368	7	488	12	0	492	0	500	500	500	0	0	0	0	
2.4199930396e+02	368	8	484	16	0	493	0	500	500	500	0	0	0	0	
2.4249863575e+02	366	11	478	22	0	495	0	500	500	500	0	0	0	0	
2.4299904709e+02	369	10	483	17	0	495	0	500	500	500	0	0	0	0	
2.4349832072e+02	369	12	481	19	0	518	0	500	500	500	0	0	0	0	
2.4399630800e+02	367	15	482	18	0	501	0	500	500	500	0	0	0	0	
2.4449968350e+02	363	20	475	25	0	500	0	500	500	500	0	0	0	0	
2.4499728980e+02	368	14	464	36	0	482	0	500	500	500	0	0	0	0	
2.4549751982e+02	370	14	470	30	0	490	0	500	500	500	0	0	0	0	
2.4599970461e+02	369	15	470	30	0	495	0	500	500	500	0	0	0	0	
2.4649910325e+02	370	14	481	19	0	467	0	500	500	500	0	0	0	0	
2.4699976712e+02	374	11	475	25	0	471	0	500	500	500	0	0	0	0	
2.4749998602e+02	376	9	482	18	0	447	0	500	500	500	0	0	0	0	
2.4799395321e+02	378	8	483	17	0	454	0	500	500	500	0	0	0	0	
2.4849436358e+02	374	14	487	13	0	457	0	500	500	500	0	0	0	0	
2.4899917847e+02	377	11	480	20	0	446	0	500	500	500	0	0	0	0	
2.4949424007e+02	375	14	476	24	0	458	0	500	500	500	0	0	0	0	
2.4999543172e+02	378	13	475	25	0	456	0	500	500	500	0	0	0	0	
2.5049996950e+02	378	14	480	20	0	469	0	500	500	500	0	0	0	0	
2.5099900183e+02	380	14	471	29	0	481	0	500	500	500	0	0	0	0	
2.5149961732e+02	382	12	477	23	0	463	0	500	500	500	0	0	0	0	
2.5199974617e+02	383	15	471	29	0	463	0	500	500	500	0	0	0	0	
2.5249997981e+02	382	18	465	35	0	477	0	500	500	500	0	0	0	0	
2.5299952534e+02	384	17	468	32	0	451	0	500	500	500	0	0	0	0	
2.5349791314e+02	383	18	472	28	0	464	0	500	500	500	0	0	0	0	
2.5399827391e+02	381	21	463	37	0	470	0	500	500	500	0	0	0	0	
2.5449716585e+02	384	19	461	39	0	461	0	500	500	500	0	0	0	0	
2.5499954445e+02	384	19	474	26	0	450	0	500	500	500	0	0	0	0	
2.5549885047e+02	385	16	474	26	0	466	0	500	500	500	0	0	0	0	
2.5599905821e+02	389	12	467	33	0	487	0	500	500	500	0	0	0	0	
2.5649953045e+02	390	11	471	29	0	498	0	500	500	500	0	0	0	0	
2.5699420936e+02	390	15	481	19	0	516	0	500	500	500	0	0	0	0	
2.5749647640e+02	392	12	481	19	0	503	0	500	500	500	0	0	0	0	
2.5799820999e+02	394	10	485	15	0	504	0	500	500	500	0	0	0	0	
2.5849816890e+02	397	7	486	14	0	503	0	500	500	500	0	0	0	0	
2.5899577749e+02	399	5	488	12	0	492	0	500	500	500	0	0	0	0	
2.5949781056e+02	397	7	485	15	0	510	0	500	500	500	0	0	0	0	
2.5999890332e+02	393	13	485	15	0	514	0	500	500	500	0	0	0	0	
2.6049838188e+02	396	10	490	10	0	517	0	500	500	500	0	0	0	0	
2.6099816622e+02	398	8	487	13	0	534	0	500	500	500	0	0	0	0	
2.6149897276e+02	397	9	488	12	0	502	0	500	500	500	0	0	0	0	
2.6199728919e+02	399	6	490	10	0	513	0	500	500	500	0	0	0	0	
2.6249994590e+02	400	8	492	8	0	499	0	500	500	500	0	0	0	0	
2.6299992226e+02	401	7	488	12	0	491	0	500	500	500	0	0	0	0	
2.6349583413e+02	401	7	489	11	0	486	0	500	500	500	0	0	0	0	
2.6399890730e+02	401	8	492	8	0	480	0	500	500	500	0	0	0	0	
2.6449716879e+02	398	12	485	15	0	479	0	500	500	500	0	0	0	0	
2.6499898532e+02	397	13	477	23	0	508	0	500	500	500	0	0	0	0	
2.6549899024e+02	396	14	483	17	0	505	0	500	500	500	0	0	0	0	
2.6599798663e+02	397	12	480	20	0	514	0	500	500	500	0	0	0	0	
2.6649824814e+02	400	12	478	22	0	526	0	500	500	500	0	0	0	0	
2.6699484531e+02	400	12	472	28	0	505	0	500	500	500	0	0	0	0	
2.6749929535e+02	397	15	477	23	0	499	0	500	500	500	0	0	0	0	
2.6799825360e+02	395	17	479	21	0	501	0	500	500	500	0	0	0	0	
2.6849959195e+02	391	22	474	26	0	493	0	500	500	500	0	0	0	0	
2.6899972671e+02	392	22	458	42	0	500	0	500	500	500	0	0	0	0	
2.6949942251e+02	389	26	460	40	0	495	0	500	500	500	0	0	0	0	
2.6999908749e+02	394	23	460	40	0	493	0	500	500	500	0	0	0	0	
2.7049989907e+02	396	21	459	41	0	481	0	500	500	500	0	0	0	0	
2.7099550887e+02	395	22	466	34	0	476	0	500	500	500	0	0	0	0	
2.7149859858e+02	396	20	465	35	0	506	0	500	500	500	0	0	0	0	
2.7199992767e+02	397	22	457	43	0	461	0	500	500	500	0	0	0	0	
2.7249701826e+02	397	23	455	45	0	454	0	500	500	500	0	0	0	0	
2.7299941363e+02	398	22	446	54	0	478	0	500	500	500	0	0	0	0	
2.7349905848e+02	393	27	439	61	0	496	0	500	500	500	0	0	0	0	
2.7399981040e+02	393	27	439	61	0	488	0	500	500	500	0	0	0	0	
2.7449967947e+02	391	29	428	72	0	473	0	500	500	500	0	0	0	0	
2.7499956445e+02	389	31	419	81	0	465	0	500	500	500	0	0	0	0	
2.7549971363e+02	387	34	420	80	0	500	0	500	500	500	0	0	0	0	
2.7599614286e+02	385	36	420	80	0	516	0	500	500	500	0	0	0	0	
2.7649963688e+02	392	29	431	69	0	506	0	500	500	500	0	0	0	0	
2.7699974455e+02	389	33	426	74	0	526	0	500	500	500	0	0	0	0	
2.7749972783e+02	393	29	434	66	0	498	0	500	500	500	0	0	0	0	
2.7799883403e+02	395	28	451	49	0	500	0	500	500	500	0	0	0	0	
2.7849815709e+02	396	29	456	44	0	500	0	500	500	500	0	0	0	0	
2.7899746850e+02	393	30	454	46	0	504	0	500	500	500	0	0	0	0	
2.7948958294e+02	396	27	455	45	0	520	0	500	500	500	0	0	0	0	
2.7999957645e+02	400	24	451	49	0	521	0	500	500	500	0	0	0	0	
2.8049488045e+02	402	23	449	51	0	522	0	500	500	500	0	0	0	0	
2.8099708399e+02	402	25	441	59	0	533	0	500	500	500	0	0	0	0	
2.8149989677e+02	401	28	425	75	0	518	0	500	500	500	0	0	0	0	
2.8199588623e+02	396	32	421	79	0	548	0	500	500	500	0	0	0	0	
2.8249570157e+02	395	33	436	64	0	547	0	500	500	500	0	0	0	0	
2.8299614065e+02	397	30	436	64	0	538	0	500	500	500	0	0	0	0	
2.8349976498e+02	395	33	437	63	0	535	0	500	500	500	0	0	0	0	
2.8399856409e+02	396	32	442	58	0	535	0	500	500	500	0	0	0	0	
2.8449917997e+02	396	34	436	64	0	512	0	500	500	500	0	0	0	0	
2.8499969125e+02	394	35	425	75	0	517	0	500	500	500	0	0	0	0	
2.8549849367e+02	391	38	422	78	0	535	0	500	500	500	0	0	0	0	
2.8599814859e+02	393	37	410	90	0	498	0	500	500	500	0	0	0	0	
2.8649728679e+02	393	39	407	93	0	489	0	500	500	500	0	0	0	0	
2.8699990205e+02	390	43	408	92	0	499	0	500	500	500	0	0	0	0	
2.8749848222e+02	390	44	386	114	0	501	0	500	500	500	0	0	0	0	
2.8799928209e+02	388	45	371	129	0	520	0	500	500	500	0	0	0	0	
2.8849738363e+02	381	53	352	148	0	506	0	500	500	500	0	0	0	0	
2.8899572259e+02	372	61	335	165	0	497	0	500	500	500	0	0	0	0	
2.8949941139e+02	368	67	319	181	0	497	0	500	500	500	0	0	0	0	
2.8999809079e+02	357	77	299	201	0	489	0	500	500	500	0	0	0	0	
2.9049970335e+02	348	86	265	235	0	502	0	500	500	500	0	0	0	0	
2.9099974472e+02	339	93	247	253	0	492	0	500	500	500	0	0	0	0	
2.9149640722e+02	323	109	215	285	0	504	0	500	500	500	0	0	0	0	
2.9199930356e+02	314	119	161	339	0	498	0	500	500	500	0	0	0	0	
2.9249893165e+02	313	121	117	383	0	479	0	500	500	500	0	0	0	0	
2.9299990953e+02	314	120	86	414	0	451	0	500	500	500	0	0	0	0	
2.9349984326e+02	289	146	57	443	0	468	0	500	500	500	0	0	0	0	
2.9399983835e+02	269	166	26	474	0	460	0	500	500	500	0	0	0	0	
2.9449946047e+02	257	180	28	472	0	496	0	500	500	500	0	0	0	0	
2.9499506605e+02	227	210	19	481	0	492	0	500	500	500	0	0	0	0	
2.9549704034e+02	223	215	10	490	0	524	0	500	500	500	0	0	0	0	
2.9599979555e+02	232	208	7	493	0	519	0	500	500	500	0	0	0	0	
2.9649802453e+02	235	206	15	485	0	505	0	500	500	500	0	0	0	0	
2.9699777238e+02	218	224	14	486	0	491	0	500	500	500	0	0	0	0	
2.9749944120e+02	217	227	6	494	0	486	0	500	500	500	0	0	0	0	
2.9799942646e+02	215	231	16	484	0	469	0	500	500	500	0	0	0	0	
2.9849945425e+02	227	221	16	484	0	486	0	500	500	500	0	0	0	0	
2.9899871655e+02	229	221	10	490	0	492	0	500	500	500	0	0	0	0	
2.9949926875e+02	213	236	6	494	0	483	0	500	500	500	0	0	0	0	
2.9999953366e+02	223	229	11	489	0	475	0	500	500	500	0	0	0	0	
3.0049966408e+02	236	217	12	488	0	489	0	500	500	500	0	0	0	0	
3.0099960793e+02	238	214	12	488	0	501	0	500	500	500	0	0	0	0	
3.0149967319e+02	246	205	20	480	0	500	0	500	500	500	0	0	0	0	
3.0199987310e+02	249	202	10	490	0	517	0	500	500	500	0	0	0	0	
3.0249947634e+02	243	211	13	487	0	514	0	500	500	500	0	0	0	0	
3.0299898792e+02	257	197	26	474	0	500	0	500	500	500	0	0	0	0	
3.0349972181e+02	258	196	16	484	0	480	0	500	500	500	0	0	0	0	
3.0399204045e+02	248	206	19	481	0	502	0	500	500	500	0	0	0	0	
3.0449781421e+02	244	211	15	485	0	509	0	500	500	500	0	0	0	0	
3.0499833379e+02	227	227	13	487	0	494	0	500	500	500	0	0	0	0	
3.0549642075e+02	230	224	15	485	0	493	0	500	500	500	0	0	0	0	
3.0599998064e+02	231	225	11	489	0	523	0	500	500	500	0	0	0	0	
3.0649951145e+02	230	228	18	482	0	507	0	500	500	500	0	0	0	0	
3.0699947922e+02	228	230	15	485	0	509	0	500	500	500	0	0	0	0	
3.0749936375e+02	226	231	9	491	0	535	0	500	500	500	0	0	0	0	
3.0799989978e+02	238	220	13	487	0	535	0	500	500	500	0	0	0	0	
3.0849886694e+02	236	221	13	487	0	557	0	500	500	500	0	0	0	0	
3.0899968270e+02	234	220	17	483	0	537	0	500	500	500	0	0	0	0	
3.0949984328e+02	233	221	12	488	0	554	0	500	500	500	0	0	0	0	
3.0999809263e+02	232	223	7	493	0	528	0	500	500	500	0	0	0	0	
3.1049919747e+02	242	213	17	483	0	510	0	500	500	500	0	0	0	0	
3.1099866576e+02	227	225	15	485	0	495	0	500	500	500	0	0	0	0	
3.1149983000e+02	220	231	5	495	0	511	0	500	500	500	0	0	0	0	
3.1199807900e+02	219	234	13	487	0	523	0	500	500	500	0	0	0	0	
3.1249803739e+02	242	211	15	485	0	555	0	500	500	500	0	0	0	0	
3.1299832860e+02	246	207	15	485	0	555	0	500	500	500	0	0	0	0	
3.1349806735e+02	255	199	17	483	0	550	0	500	500	500	0	0	0	0	
3.1399915891e+02	242	212	11	489	0	541	0	500	500	500	0	0	0	0	
3.1449789887e+02	242	214	20	480	0	526	0	500	500	500	0	0	0	0	
3.1499924872e+02	251	205	15	485	0	538	0	500	500	500	0	0	0	0	
3.1549956064e+02	246	210	10	490	0	574	0	500	500	500	0	0	0	0	
3.1599929981e+02	251	205	12	488	0	580	0	500	500	500	0	0	0	0	
3.1649733111e+02	247	210	8	492	0	582	0	500	500	500	0	0	0	0	
3.1699990350e+02	244	217	12	488	0	536	0	500	500	500	0	0	0	0	
3.1749906852e+02	239	222	9	491	0	525	0	500	500	500	0	0	0	0	
3.1799967392e+02	244	219	11	489	0	516	0	500	500	500	0	0	0	0	
3.1849774925e+02	245	221	8	492	0	522	0	500	500	500	0	0	0	0	
3.1899980273e+02	249	219	15	485	0	529	0	500	500	500	0	0	0	0	
3.1949958665e+02	247	221	10	490	0	545	0	500	500	500	0	0	0	0	
3.1999956983e+02	236	234	9	491	0	538	0	500	500	500	0	0	0	0	
3.2049927256e+02	232	239	13	487	0	521	0	500	500	500	0	0	0	0	
3.2099935115e+02	241	230	13	487	0	506	0	500	500	500	0	0	0	0	
3.2149839553e+02	248	222	15	485	0	515	0	500	500	500	0	0	0	0	
3.2199911338e+02	253	219	5	495	0	539	0	500	500	500	0	0	0	0	
3.2249930132e+02	242	233	4	496	0	533	0	500	500	500	0	0	0	0	
3.2299847069e+02	246	229	9	491	0	544	0	500	500	500	0	0	0	0	
3.2349953206e+02	249	226	11	489	0	535	0	500	500	500	0	0	0	0	
3.2399883412e+02	242	233	17	483	0	515	0	500	500	500	0	0	0	0	
3.2449895500e+02	230	244	7	493	0	521	0	500	500	500	0	0	0	0	
3.2499997585e+02	223	251	8	492	0	512	0	500	500	500	0	0	0	0	
3.2549931106e+02	215	259	14	486	0	513	0	500	500	500	0	0	0	0	
3.2599941066e+02	238	238	7	493	0	515	0	500	500	500	0	0	0	0	
3.2649924745e+02	236	242	14	486	0	517	0	500	500	500	0	0	0	0	
3.2699986576e+02	248	230	14	486	0	498	0	500	500	500	0	0	0	0	
3.2749979066e+02	253	227	17	483	0	497	0	500	500	500	0	0	0	0	
3.2799876040e+02	253	228	12	488	0	509	0	500	500	500	0	0	0	0	
3.2849987064e+02	255	225	18	482	0	518	0	500	500	500	0	0	0	0	
3.2899994121e+02	256	224	16	484	0	522	0	500	500	500	0	0	0	0	
3.2949699926e+02	247	232	17	483	0	523	0	500	500	500	0	0	0	0	
3.2999824513e+02	253	226	15	485	0	528	0	500	500	500	0	0	0	0	
3.3049986089e+02	252	227	10	490	0	520	0	500	500	500	0	0	0	0	
3.3099793949e+02	239	240	21	479	0	519	0	500	500	500	0	0	0	0	
3.3149863454e+02	257	223	5	495	0	527	0	500	500	500	0	0	0	0	
3.3199940472e+02	255	225	13	487	0	525	0	500	500	500	0	0	0	0	
3.3249944526e+02	247	234	16	484	0	518	0	500	500	500	0	0	0	0	
3.3299927241e+02	260	223	11	489	0	511	0	500	500	500	0	0	0	0	
3.3349817273e+02	262	221	11	489	0	520	0	500	500	500	0	0	0	0	
3.3399840283e+02	265	218	11	489	0	525	0	500	500	500	0	0	0	0	
3.3449888926e+02	243	239	6	494	0	512	0	500	500	500	0	0	0	0	
3.3499808497e+02	247	237	7	493	0	518	0	500	500	500	0	0	0	0	
3.3549686305e+02	236	248	14	486	0	483	0	500	500	500	0	0	0	0	
3.3599916353e+02	216	270	16	484	0	472	0	500	500	500	0	0	0	0	
3.3649933458e+02	220	267	12	488	0	499	0	500	500	500	0	0	0	0	
3.3699864540e+02	221	265	11	489	0	483	0	500	500	500	0	0	0	0	
3.3749973104e+02	217	270	10	490	0	478	0	500	500	500	0	0	0	0	
3.3799969313e+02	229	259	8	492	0	483	0	500	500	500	0	0	0	0	
3.3849913630e+02	221	265	18	482	0	487	0	500	500	500	0	0	0	0	
3.3899982741e+02	216	269	9	491	0	490	0	500	500	500	0	0	0	0	
3.3949828250e+02	221	263	10	490	0	482	0	500	500	500	0	0	0	0	
3.3999852851e+02	241	243	17	483	0	522	0	500	500	500	0	0	0	0	
3.4049986250e+02	241	242	18	482	0	511	0	500	500	500	0	0	0	0	
3.4099913974e+02	251	234	12	488	0	528	0	500	500	500	0	0	0	0	
3.4149932280e+02	256	229	11	489	0	527	0	500	500	500	0	0	0	0	
3.4199982498e+02	258	230	12	488	0	530	0	500	500	500	0	0	0	0	
3.4249994053e+02	265	224	13	487	0	503	0	500	500	500	0	0	0	0	
3.4299927904e+02	262	226	12	488	0	496	0	500	500	500	0	0	0	0	
3.4349759128e+02	260	229	9	491	0	534	0	500	500	500	0	0	0	0	
3.4399974011e+02	266	223	14	486	0	535	0	500	500	500	0	0	0	0	
3.4449974703e+02	265	227	4	496	0	503	0	500	500	500	0	0	0	0	
3.4499862101e+02	258	235	7	493	0	483	0	500	500	500	0	0	0	0	
3.4549996156e+02	264	229	7	493	0	501	0	500	500	500	0	0	0	0	
3.4599938787e+02	260	233	6	494	0	491	0	500	500	500	0	0	0	0	
3.4649769624e+02	254	239	21	479	0	499	0	500	500	500	0	0	0	0	
3.4699975521e+02	266	228	19	481	0	520	0	500	500	500	0	0	0	0	
3.4749853486e+02	255	237	15	485	0	546	0	500	500	500	0	0	0	0	
3.4799342457e+02	248	244	14	486	0	553	0	500	500	500	0	0	0	0	
3.4849978130e+02	247	246	15	485	0	553	0	500	500	500	0	0	0	0	
3.4899858552e+02	269	223	9	491	0	522	0	500	500	500	0	0	0	0	
3.4949789774e+02	273	219	20	480	0	517	0	500	500	500	0	0	0	0	
3.4999924112e+02	270	222	13	487	0	506	0	500	500	500	0	0	0	0	
3.5049425648e+02	272	220	18	482	0	504	0	500	500	500	0	0	0	0	
3.5099966079e+02	271	221	10	490	0	494	0	500	500	500	0	0	0	0	
3.5149979101e+02	264	226	5	495	0	489	0	500	500	500	0	0	0	0	
3.5199787257e+02	250	240	11	489	0	469	0	500	500	500	0	0	0	0	
3.5249613849e+02	240	250	11	489	0	458	0	500	500	500	0	0	0	0	
3.5299742945e+02	232	260	14	486	0	463	0	500	500	500	0	0	0	0	
3.5349934389e+02	229	263	10	490	0	459	0	500	500	500	0	0	0	0	
3.5399905237e+02	218	274	10	490	0	473	0	500	500	500	0	0	0	0	
3.5449896176e+02	229	263	15	485	0	511	0	500	500	500	0	0	0	0	
3.5499927647e+02	236	257	8	492	0	512	0	500	500	500	0	0	0	0	
3.5549555109e+02	241	253	11	489	0	527	0	500	500	500	0	0	0	0	
3.5599900927e+02	236	260	14	486	0	523	0	500	500	500	0	0	0	0	
3.5649944983e+02	245	251	11	489	0	523	0	500	500	500	0	0	0	0	
3.5699996161e+02	245	252	10	490	0	509	0	500	500	500	0	0	0	0	
3.5749929394e+02	237	262	18	482	0	504	0	500	500	500	0	0	0	0	
3.5799948935e+02	241	259	19	481	0	488	0	500	500	500	0	0	0	0	
3.5849963334e+02	233	267	15	485	0	500	0	500	500	500	0	0	0	0	
3.5899845764e+02	239	261	8	492	0	487	0	500	500	500	0	0	0	0	
3.5949960319e+02	245	256	11	489	0	486	0	500	500	500	0	0	0	0	
3.5999836599e+02	239	261	12	488	0	491	0	500	500	500	0	0	0	0	
3.6049878525e+02	237	264	7	493	0	492	0	500	500	500	0	0	0	0	
3.6099715272e+02	247	256	4	496	0	515	0	500	500	500	0	0	0	0	
3.6149855125e+02	257	247	15	485	0	499	0	500	500	500	0	0	0	0	
3.6199834987e+02	256	248	16	484	0	468	0	500	500	500	0	0	0	0	
3.6249998058e+02	244	262	8	492	0	477	0	500	500	500	0	0	0	0	
3.6299999529e+02	243	263	11	489	0	468	0	500	500	500	0	0	0	0	
3.6349930263e+02	241	262	10	490	0	461	0	500	500	500	0	0	0	0	
3.6399560109e+02	233	271	6	494	0	461	0	500	500	500	0	0	0	0	
3.6449895728e+02	226	281	12	488	0	438	0	500	500	500	0	0	0	0	
3.6499943029e+02	237	271	11	489	0	461	0	500	500	500	0	0	0	0	
3.6549930921e+02	240	270	13	487	0	440	0	500	500	500	0	0	0	0	
3.6599993487e+02	244	267	11	489	0	463	0	500	500	500	0	0	0	0	
3.6649999183e+02	229	283	9	491	0	473	0	500	500	500	0	0	0	0	
3.6699760105e+02	224	287	12	488	0	477	0	500	500	500	0	0	0	0	
3.6749916969e+02	235	277	9	491	0	476	0	500	500	500	0	0	0	0	
3.6799980583e+02	231	281	14	486	0	472	0	500	500	500	0	0	0	0	
3.6849819548e+02	225	289	8	492	0	490	0	500	500	500	0	0	0	0	
3.6899860445e+02	233	282	11	489	0	486	0	500	500	500	0	0	0	0	
3.6949632751e+02	240	274	17	483	0	502	0	500	500	500	0	0	0	0	
3.6999985851e+02	255	260	13	487	0	515	0	500	500	500	0	0	0	0	
3.7049911837e+02	254	262	6	494	0	523	0	500	500	500	0	0	0	0	
3.7099924058e+02	255	260	12	488	0	509	0	500	500	500	0	0	0	0	
3.7149988731e+02	247	268	6	494	0	511	0	500	500	500	0	0	0	0	
3.7199828476e+02	261	253	12	488	0	505	0	500	500	500	0	0	0	0	
3.7249975117e+02	265	248	19	481	0	508	0	500	500	500	0	0	0	0	
3.7299735746e+02	270	244	10	490	0	529	0	500	500	500	0	0	0	0	
3.7349946372e+02	275	242	9	491	0	540	0	500	500	500	0	0	0	0	
3.7399971215e+02	270	247	13	487	0	534	0	500	500	500	0	0	0	0	
3.7449585385e+02	273	245	13	487	0	509	0	500	500	500	0	0	0	0	
3.7499979699e+02	280	240	8	492	0	502	0	500	500	500	0	0	0	0	
3.7549976094e+02	287	233	7	493	0	533	0	500	500	500	0	0	0	0	
3.7599845742e+02	285	235	13	487	0	505	0	500	500	500	0	0	0	0	
3.7649984513e+02	275	245	12	488	0	508	0	500	500	500	0	0	0	0	
3.7699815181e+02	269	255	8	492	0	494	0	500	500	500	0	0	0	0	
3.7749931665e+02	279	246	12	488	0	501	0	500	500	500	0	0	0	0	
3.7799828278e+02	273	253	16	484	0	495	0	500	500	500	0	0	0	0	
3.7849934651e+02	281	244	15	485	0	499	0	500	500	500	0	0	0	0	
3.7899619067e+02	272	252	10	490	0	495	0	500	500	500	0	0	0	0	
3.7949996220e+02	273	253	9	491	0	481	0	500	500	500	0	0	0	0	
3.7999877743e+02	269	258	14	486	0	499	0	500	500	500	0	0	0	0	
3.8049878582e+02	278	249	9	491	0	500	0	500	500	500	0	0	0	0	
3.8099912786e+02	279	248	7	493	0	495	0	500	500	500	0	0	0	0	
3.8149890588e+02	271	256	17	483	0	526	0	500	500	500	0	0	0	0	
3.8199971859e+02	251	275	6	494	0	510	0	500	500	500	0	0	0	0	
3.8249808943e+02	248	279	6	494	0	519	0	500	500	500	0	0	0	0	
3.8299971420e+02	264	264	11	489	0	505	0	500	500	500	0	0	0	0	
3.8349880202e+02	270	259	9	491	0	491	0	500	500	500	0	0	0	0	
3.8399968205e+02	277	256	11	489	0	491	0	500	500	500	0	0	0	0	
3.8449938525e+02	273	258	12	488	0	483	0	500	500	500	0	0	0	0	
3.8499853082e+02	262	271	10	490	0	498	0	500	500	500	0	0	0	0	
3.8549956165e+02	255	276	15	485	0	491	0	500	500	500	0	0	0	0	
3.8599783477e+02	271	262	11	489	0	501	0	500	500	500	0	0	0	0	
3.8649802812e+02	274	261	6	494	0	516	0	500	500	500	0	0	0	0	
3.8699851326e+02	266	270	11	489	0	511	0	500	500	500	0	0	0	0	
3.8749957911e+02	257	278	4	496	0	509	0	500	500	500	0	0	0	0	
3.8799859073e+02	257	279	12	488	0	498	0	500	500	500	0	0	0	0	
3.8849863846e+02	266	271	4	496	0	539	0	500	500	500	0	0	0	0	
3.8899940878e+02	264	273	13	487	0	523	0	500	500	500	0	0	0	0	
3.8949988686e+02	267	270	15	485	0	511	0	500	500	500	0	0	0	0	
3.8999895736e+02	270	269	11	489	0	515	0	500	500	500	0	0	0	0	
3.9049810923e+02	265	275	13	487	0	508	0	500	500	500	0	0	0	0	
3.9099910392e+02	273	270	8	492	0	507	0	500	500	500	0	0	0	0	
3.9149822039e+02	275	270	7	493	0	502	0	500	500	500	0	0	0	0	
3.9199885284e+02	263	281	8	492	0	502	0	500	500	500	0	0	0	0	
3.9249822150e+02	255	289	11	489	0	494	0	500	500	500	0	0	0	0	
3.9299916675e+02	274	271	10	490	0	499	0	500	500	500	0	0	0	0	
3.9349850495e+02	279	267	7	493	0	498	0	500	500	500	0	0	0	0	
3.9399846075e+02	281	266	15	485	0	502	0	500	500	500	0	0	0	0	
3.9449753576e+02	272	275	12	488	0	489	0	500	500	500	0	0	0	0	
3.9499931806e+02	270	275	10	490	0	485	0	500	500	500	0	0	0	0	
3.9549462953e+02	263	280	9	491	0	489	0	500	500	500	0	0	0	0	
3.9599980154e+02	258	284	13	487	0	479	0	500	500	500	0	0	0	0	
3.9649836345e+02	272	270	9	491	0	498	0	500	500	500	0	0	0	0	
3.9699943558e+02	291	252	16	484	0	509	0	500	500	500	0	0	0	0	
3.9749897477e+02	285	257	19	481	0	493	0	500	500	500	0	0	0	0	
3.9799876639e+02	281	261	15	485	0	510	0	500	500	500	0	0	0	0	
3.9849982312e+02	272	273	6	494	0	482	0	500	500	500	0	0	0	0	
3.9899973731e+02	265	282	13	487	0	486	0	500	500	500	0	0	0	0	
3.9949782765e+02	258	287	12	488	0	490	0	500	500	500	0	0	0	0	
3.9999990208e+02	264	281	12	488	0	472	0	500	500	500	0	0	0	0	
4.0049850972e+02	261	284	5	495	0	486	0	500	500	500	0	0	0	0	
4.0099952619e+02	263	283	10	490	0	497	0	500	500	500	0	0	0	0	
4.0149981353e+02	262	283	9	491	0	500	0	500	500	500	0	0	0	0	
4.0199952731e+02	269	276	7	493	0	501	0	500	500	500	0	0	0	0	
4.0249768598e+02	270	278	5	495	0	485	0	500	500	500	0	0	0	0	
4.0299798590e+02	275	274	9	491	0	513	0	500	500	500	0	0	0	0	
4.0349865964e+02	274	275	14	486	0	523	0	500	500	500	0	0	0	0	
4.0399985804e+02	261	287	12	488	0	507	0	500	500	500	0	0	0	0	
4.0449984152e+02	268	282	10	490	0	494	0	500	500	500	0	0	0	0	
4.0499903152e+02	278	271	7	493	0	489	0	500	500	500	0	0	0	0	
4.0549824491e+02	285	264	8	492	0	484	0	500	500	500	0	0	0	0	
4.0599962478e+02	278	272	8	492	0	477	0	500	500	500	0	0	0	0	
4.0649877625e+02	288	261	14	486	0	485	0	500	500	500	0	0	0	0	
4.0699968099e+02	274	279	4	496	0	502	0	500	500	500	0	0	0	0	
4.0749520028e+02	272	280	17	483	0	495	0	500	500	500	0	0	0	0	
4.0799921995e+02	269	283	8	492	0	499	0	500	500	500	0	0	0	0	
4.0849715527e+02	280	270	12	488	0	506	0	500	500	500	0	0	0	0	
4.0899955967e+02	278	273	8	492	0	525	0	500	500	500	0	0	0	0	
4.0949944611e+02	277	273	14	486	0	517	0	500	500	500	0	0	0	0	
4.0999970659e+02	273	279	18	482	0	521	0	500	500	500	0	0	0	0	
4.1049888726e+02	284	271	10	490	0	536	0	500	500	500	0	0	0	0	
4.1099995294e+02	275	280	7	493	0	505	0	500	500	500	0	0	0	0	
4.1149752786e+02	255	301	14	486	0	520	0	500	500	500	0	0	0	0	
4.1199940442e+02	267	288	7	493	0	527	0	500	500	500	0	0	0	0	
4.1249966521e+02	265	289	10	490	0	528	0	500	500	500	0	0	0	0	
4.1299637616e+02	274	281	13	487	0	518	0	500	500	500	0	0	0	0	
4.1349920639e+02	280	273	21	479	0	550	0	500	500	500	0	0	0	0	
4.1399973747e+02	269	285	7	493	0	553	0	500	500	500	0	0	0	0	
4.1449709791e+02	272	283	8	492	0	552	0	500	500	500	0	0	0	0	
4.1499956442e+02	271	283	7	493	0	565	0	500	500	500	0	0	0	0	
4.1549989828e+02	278	277	11	489	0	544	0	500	500	500	0	0	0	0	
4.1599543906e+02	295	260	6	494	0	544	0	500	500	500	0	0	0	0	
4.1649654449e+02	299	258	13	487	0	520	0	500	500	500	0	0	0	0	
4.1699647786e+02	297	262	14	486	0	505	0	500	500	500	0	0	0	0	
4.1749999637e+02	290	269	6	494	0	508	0	500	500	500	0	0	0	0	
4.1799742768e+02	287	270	8	492	0	508	0	500	500	500	0	0	0	0	
4.1849959068e+02	278	283	15	485	0	514	0	500	500	500	0	0	0	0	
4.1899996926e+02	280	284	13	487	0	502	0	500	500	500	0	0	0	0	
4.1949816194e+02	290	274	6	494	0	515	0	500	500	500	0	0	0	0	
4.1999981371e+02	276	289	11	489	0	500	0	500	500	500	0	0	0	0	
4.2049898589e+02	288	276	7	493	0	519	0	500	500	500	0	0	0	0	
4.2099986262e+02	282	283	15	485	0	548	0	500	500	500	0	0	0	0	
4.2149991742e+02	285	282	3	497	0	528	0	500	500	500	0	0	0	0	
4.2199793826e+02	283	285	9	491	0	520	0	500	500	500	0	0	0	0	
4.2249801888e+02	303	267	13	487	0	514	0	500	500	500	0	0	0	0	
4.2299883551e+02	305	264	17	483	0	504	0	500	500	500	0	0	0	0	
4.2349913216e+02	297	272	9	491	0	501	0	500	500	500	0	0	0	0	
4.2399690309e+02	295	273	10	490	0	507	0	500	500	500	0	0	0	0	
4.2449935206e+02	307	260	13	487	0	505	0	500	500	500	0	0	0	0	
4.2499955144e+02	316	252	6	494	0	517	0	500	500	500	0	0	0	0	
4.2549968826e+02	307	262	7	493	0	505	0	500	500	500	0	0	0	0	
4.2599543650e+02	302	268	7	493	0	512	0	500	500	500	0	0	0	0	
4.2649973037e+02	312	260	8	492	0	513	0	500	500	500	0	0	0	0	
4.2699929198e+02	307	265	6	494	0	484	0	500	500	500	0	0	0	0	
4.2749822637e+02	283	290	14	486	0	500	0	500	500	500	0	0	0	0	
4.2799881658e+02	284	289	4	496	0	492	0	500	500	500	0	0	0	0	
4.2849888441e+02	301	272	11	489	0	481	0	500	500	500	0	0	0	0	
4.2899971340e+02	303	272	4	496	0	505	0	500	500	500	0	0	0	0	
4.2949757623e+02	299	274	6	494	0	496	0	500	500	500	0	0	0	0	
4.2999995637e+02	308	266	4	496	0	512	0	500	500	500	0	0	0	0	
4.3049924416e+02	310	265	15	485	0	500	0	500	500	500	0	0	0	0	
4.3099991741e+02	315	260	11	489	0	518	0	500	500	500	0	0	0	0	
4.3149996592e+02	309	266	12	488	0	517	0	500	500	500	0	0	0	0	
4.3199882415e+02	316	259	17	483	0	503	0	500	500	500	0	0	0	0	
4.3249915099e+02	309	266	11	489	0	494	0	500	500	500	0	0	0	0	
4.3299866926e+02	298	278	15	485	0	492	0	500	500	500	0	0	0	0	
4.3349809977e+02	283	295	11	489	0	494	0	500	500	500	0	0	0	0	
4.3399881023e+02	277	302	10	490	0	513	0	500	500	500	0	0	0	0	
4.3449910347e+02	291	289	12	488	0	517	0	500	500	500	0	0	0	0	
4.3499888552e+02	287	295	14	486	0	505	0	500	500	500	0	0	0	0	
4.3549898537e+02	283	298	10	490	0	494	0	500	500	500	0	0	0	0	
4.3599960729e+02	286	293	6	494	0	491	0	500	500	500	0	0	0	0	
4.3649994545e+02	292	288	9	491	0	486	0	500	500	500	0	0	0	0	
4.3699836721e+02	293	287	11	489	0	486	0	500	500	500	0	0	0	0	
4.3749974191e+02	301	279	6	494	0	485	0	500	500	500	0	0	0	0	
4.3799946584e+02	296	283	12	488	0	487	0	500	500	500	0	0	0	0	
4.3849964596e+02	312	266	9	491	0	506	0	500	500	500	0	0	0	0	
4.3899865628e+02	308	271	12	488	0	496	0	500	500	500	0	0	0	0	
4.3949770381e+02	297	281	5	495	0	479	0	500	500	500	0	0	0	0	
4.3999992321e+02	298	280	16	484	0	490	0	500	500	500	0	0	0	0	
4.4049876078e+02	297	284	5	495	0	511	0	500	500	500	0	0	0	0	
4.4099880953e+02	298	284	7	493	0	520	0	500	500	500	0	0	0	0	
4.4149868087e+02	305	277	8	492	0	498	0	500	500	500	0	0	0	0	
4.4199834432e+02	307	273	7	493	0	490	0	500	500	500	0	0	0	0	
4.4249902948e+02	313	267	10	490	0	483	0	500	500	500	0	0	0	0	
4.4299996825e+02	319	262	8	492	0	493	0	500	500	500	0	0	0	0	
4.4349972267e+02	318	265	8	492	0	510	0	500	500	500	0	0	0	0	
4.4399973109e+02	319	263	18	482	0	501	0	500	500	500	0	0	0	0	
4.4449954684e+02	310	273	5	495	0	480	0	500	500	500	0	0	0	0	
4.4499912596e+02	303	280	11	489	0	483	0	500	500	500	0	0	0	0	
4.4549861060e+02	301	281	9	491	0	502	0	500	500	500	0	0	0	0	
4.4599878647e+02	292	289	7	493	0	486	0	500	500	500	0	0	0	0	
4.4649991183e+02	281	301	9	491	0	483	0	500	500	500	0	0	0	0	
4.4699933230e+02	261	320	9	491	0	472	0	500	500	500	0	0	0	0	
4.4749889444e+02	264	314	5	495	0	480	0	500	500	500	0	0	0	0	
4.4799875375e+02	282	294	14	486	0	512	0	500	500	500	0	0	0	0	
4.4849953305e+02	293	283	11	489	0	509	0	500	500	500	0	0	0	0	
4.4899984772e+02	291	287	7	493	0	491	0	500	500	500	0	0	0	0	
4.4949937091e+02	278	299	9	491	0	493	0	500	500	500	0	0	0	0	
4.4999995815e+02	282	297	16	484	0	460	0	500	500	500	0	0	0	0	
4.5049955366e+02	269	309	10	490	0	465	0	500	500	500	0	0	0	0	
4.5099999750e+02	267	311	14	486	0	457	0	500	500	500	0	0	0	0	
4.5149733418e+02	277	301	11	489	0	469	0	500	500	500	0	0	0	0	
4.5199943589e+02	275	302	11	489	0	493	0	500	500	500	0	0	0	0	
4.5249920175e+02	274	305	13	487	0	483	0	500	500	500	0	0	0	0	
4.5299985181e+02	270	313	8	492	0	497	0	500	500	500	0	0	0	0	
4.5349997192e+02	269	318	12	488	0	497	0	500	500	500	0	0	0	0	
4.5399868622e+02	257	329	2	498	0	491	0	500	500	500	0	0	0	0	
4.5449994943e+02	258	328	8	492	0	507	0	500	500	500	0	0	0	0	
4.5499977718e+02	267	320	4	496	0	526	0	500	500	500	0	0	0	0	
4.5549980187e+02	272	318	3	497	0	536	0	500	500	500	0	0	0	0	
4.5599930853e+02	269	320	8	492	0	544	0	500	500	500	0	0	0	0	
4.5649892729e+02	277	313	7	493	0	537	0	500	500	500	0	0	0	0	
4.5699990652e+02	281	310	11	489	0	545	0	500	500	500	0	0	0	0	
4.5749941329e+02	296	295	10	490	0	540	0	500	500	500	0	0	0	0	
4.5799982631e+02	302	289	7	493	0	523	0	500	500	500	0	0	0	0	
4.5849895499e+02	300	290	7	493	0	521	0	500	500	500	0	0	0	0	
4.5899928278e+02	285	304	6	494	0	495	0	500	500	500	0	0	0	0	
4.5949789039e+02	290	298	10	490	0	500	0	500	500	500	0	0	0	0	
4.5999749977e+02	292	297	8	492	0	503	0	500	500	500	0	0	0	0	
4.6049953847e+02	281	309	11	489	0	498	0	500	500	500	0	0	0	0	
4.6099900816e+02	278	313	6	494	0	502	0	500	500	500	0	0	0	0	
4.6149974819e+02	281	310	6	494	0	508	0	500	500	500	0	0	0	0	
4.6199958385e+02	279	312	6	494	0	494	0	500	500	500	0	0	0	0	
4.6249850395e+02	287	307	4	496	0	500	0	500	500	500	0	0	0	0	
4.6299905068e+02	285	308	12	488	0	501	0	500	500	500	0	0	0	0	
4.6349747131e+02	287	306	12	488	0	501	0	500	500	500	0	0	0	0	
4.6399969632e+02	276	316	5	495	0	496	0	500	500	500	0	0	0	0	
4.6449728966e+02	272	319	9	491	0	514	0	500	500	500	0	0	0	0	
4.6499988871e+02	282	310	14	486	0	530	0	500	500	500	0	0	0	0	
4.6549949440e+02	277	316	4	496	0	509	0	500	500	500	0	0	0	0	
4.6599861399e+02	292	303	7	493	0	507	0	500	500	500	0	0	0	0	
4.6649768207e+02	305	292	4	496	0	498	0	500	500	500	0	0	0	0	
4.6699915097e+02	305	293	6	494	0	498	0	500	500	500	0	0	0	0	
4.6749899689e+02	312	284	7	493	0	487	0	500	500	500	0	0	0	0	
4.6799930850e+02	317	279	15	485	0	475	0	500	500	500	0	0	0	0	
4.6849903440e+02	300	299	10	490	0	457	0	500	500	500	0	0	0	0	
4.6899913913e+02	289	314	12	488	0	470	0	500	500	500	0	0	0	0	
4.6949964141e+02	300	303	11	489	0	472	0	500	500	500	0	0	0	0	
4.6999945956e+02	282	322	5	495	0	488	0	500	500	500	0	0	0	0	
4.7049933996e+02	291	311	9	491	0	490	0	500	500	500	0	0	0	0	
4.7099965580e+02	292	310	9	491	0	506	0	500	500	500	0	0	0	0	
4.7149998748e+02	291	311	10	490	0	516	0	500	500	500	0	0	0	0	
4.7199637477e+02	300	303	4	496	0	525	0	500	500	500	0	0	0	0	
4.7249884156e+02	300	303	12	488	0	517	0	500	500	500	0	0	0	0	
4.7299839122e+02	308	296	6	494	0	499	0	500	500	500	0	0	0	0	
4.7349961964e+02	320	284	16	484	0	518	0	500	500	500	0	0	0	0	
4.7399859435e+02	327	276	15	485	0	530	0	500	500	500	0	0	0	0	
4.7449911032e+02	320	282	5	495	0	524	0	500	500	500	0	0	0	0	
4.7499478984e+02	316	287	12	488	0	516	0	500	500	500	0	0	0	0	
4.7549944220e+02	315	288	14	486	0	526	0	500	500	500	0	0	0	0	
4.7599942649e+02	318	287	9	491	0	536	0	500	500	500	0	0	0	0	
4.7649924759e+02	299	307	6	494	0	521	0	500	500	500	0	0	0	0	
4.7699463694e+02	307	298	4	496	0	515	0	500	500	500	0	0	0	0	
4.7749966325e+02	310	297	9	491	0	537	0	500	500	500	0	0	0	0	
4.7799990331e+02	313	296	4	496	0	518	0	500	500	500	0	0	0	0	
4.7849985496e+02	331	278	14	486	0	524	0	500	500	500	0	0	0	0	
4.7899940346e+02	322	290	2	498	0	519	0	500	500	500	0	0	0	0	
4.7949927014e+02	323	288	10	490	0	495	0	500	500	500	0	0	0	0	
4.7999984516e+02	317	294	12	488	0	505	0	500	500	500	0	0	0	0	
4.8049977449e+02	308	305	8	492	0	495	0	500	500	500	0	0	0	0	
4.8099935842e+02	315	298	11	489	0	493	0	500	500	500	0	0	0	0	
4.8149990909e+02	314	300	16	484	0	504	0	500	500	500	0	0	0	0	
4.8199828373e+02	298	318	8	492	0	506	0	500	500	500	0	0	0	0	
4.8249768736e+02	310	307	7	493	0	491	0	500	500	500	0	0	0	0	
4.8299840169e+02	308	310	8	492	0	511	0	500	500	500	0	0	0	0	
4.8349682997e+02	308	311	10	490	0	504	0	500	500	500	0	0	0	0	
4.8399996794e+02	328	291	8	492	0	510	0	500	500	500	0	0	0	0	
4.8449796597e+02	344	274	10	490	0	489	0	500	500	500	0	0	0	0	
4.8499965507e+02	328	291	13	487	0	500	0	500	500	500	0	0	0	0	
4.8549811555e+02	310	310	12	488	0	510	0	500	500	500	0	0	0	0	
4.8599827311e+02	296	324	14	486	0	487	0	500	500	500	0	0	0	0	
4.8649897412e+02	289	332	10	490	0	502	0	500	500	500	0	0	0	0	
4.8699931692e+02	301	319	10	490	0	527	0	500	500	500	0	0	0	0	
4.8749916454e+02	304	316	5	495	0	535	0	500	500	500	0	0	0	0	
4.8799826812e+02	304	315	6	494	0	524	0	500	500	500	0	0	0	0	
4.8849684671e+02	296	322	6	494	0	523	0	500	500	500	0	0	0	0	
4.8899964631e+02	287	332	8	492	0	540	0	500	500	500	0	0	0	0	
4.8949930521e+02	277	342	9	491	0	525	0	500	500	500	0	0	0	0	
4.8999837321e+02	285	334	9	491	0	538	0	500	500	500	0	0	0	0	
4.9049896862e+02	306	313	8	492	0	541	0	500	500	500	0	0	0	0	
4.9099973637e+02	294	325	13	487	0	531	0	500	500	500	0	0	0	0	
4.9149620350e+02	287	333	7	493	0	544	0	500	500	500	0	0	0	0	
4.9199900784e+02	290	329	9	491	0	579	0	500	500	500	0	0	0	0	
4.9249889138e+02	312	309	5	495	0	562	0	500	500	500	0	0	0	0	
4.9299976590e+02	298	323	13	487	0	531	0	500	500	500	0	0	0	0	
4.9349888147e+02	301	321	9	491	0	537	0	500	500	500	0	0	0	0	
4.9399971307e+02	311	311	10	490	0	530	0	500	500	500	0	0	0	0	
4.9449985627e+02	315	307	14	486	0	530	0	500	500	500	0	0	0	0	
4.9499847613e+02	314	308	8	492	0	550	0	500	500	500	0	0	0	0	
4.9549711170e+02	326	296	6	494	0	559	0	500	500	500	0	0	0	0	
4.9599971586e+02	329	295	12	488	0	532	0	500	500	500	0	0	0	0	
4.9649956912e+02	332	293	16	484	0	516	0	500	500	500	0	0	0	0	
4.9699951449e+02	341	284	10	490	0	534	0	500	500	500	0	0	0	0	
4.9749932711e+02	344	280	11	489	0	532	0	500	500	500	0	0	0	0	
4.9799809265e+02	340	283	10	490	0	517	0	500	500	500	0	0	0	0	
4.9849962978e+02	346	278	4	496	0	520	0	500	500	500	0	0	0	0	
4.9899979453e+02	342	283	8	492	0	529	0	500	500	500	0	0	0	0	
4.9949891038e+02	333	292	13	487	0	513	0	500	500	500	0	0	0	0	
4.9999952246e+02	337	287	13	487	0	475	0	500	500	500	0	0	0	0	
5.0000175352e+02	337	287	14	486	0	475	0	500	500	500	0	0	0	0	
