0.0000000000e+00	0	0	500	0	0	0	0	50	500	500	500	500	500	0	
4.9473566399e-01	0	0	500	0	2	5	0	50	500	500	500	500	500	0	
9.4635832801e-01	0	1	500	0	4	5	0	50	500	500	500	500	500	0	
1.4834505661e+00	0	3	499	1	3	4	0	50	500	500	500	500	500	0	
1.9970923864e+00	0	4	497	3	3	7	0	50	500	500	500	500	500	0	
2.4805526952e+00	0	6	496	4	2	6	0	50	500	500	500	500	500	0	
2.9923299027e+00	0	6	498	2	5	9	0	50	500	500	500	500	500	0	
3.4980456069e+00	0	7	496	4	3	14	0	50	500	500	500	500	500	0	
3.9888594658e+00	1	7	496	4	1	13	0	50	500	500	500	500	500	0	
4.4928030262e+00	1	7	493	7	4	11	0	50	500	500	500	500	500	0	
4.9841040822e+00	1	7	497	3	4	6	0	50	500	500	500	500	500	0	
5.4920071002e+00	1	8	497	3	3	6	0	50	500	500	500	500	500	0	
5.9812815351e+00	1	10	491	9	1	4	0	50	500	500	500	500	500	0	
6.4713110613e+00	1	11	491	9	0	5	0	50	500	500	500	500	500	0	
6.9963471681e+00	1	12	489	11	3	6	0	50	500	500	500	500	500	0	
7.4850828288e+00	1	13	487	13	1	15	0	50	500	500	500	500	500	0	
7.9991791954e+00	1	14	485	15	1	8	0	50	500	500	500	500	500	0	
8.4984691425e+00	1	14	487	13	3	14	0	50	500	500	500	500	500	0	
8.9851853307e+00	1	15	483	17	4	12	0	50	500	500	500	500	500	0	
9.4953154113e+00	1	15	481	19	0	14	0	50	500	500	500	500	500	0	
9.9945965442e+00	1	15	484	16	4	7	0	50	500	500	500	500	500	0	
1.0483209509e+01	1	17	488	12	3	9	0	50	500	500	500	500	500	0	
1.0991654298e+01	1	17	489	11	1	8	0	50	500	500	500	500	500	0	
1.1499339956e+01	1	18	490	10	1	5	0	50	500	500	500	500	500	0	
1.1999069205e+01	1	19	489	11	1	6	0	50	500	500	500	500	500	0	
1.2495572601e+01	1	19	489	11	1	5	0	50	500	500	500	500	500	0	
1.2998472595e+01	1	20	490	10	3	5	0	50	500	500	500	500	500	0	
1.3488190161e+01	1	20	487	13	2	7	0	50	500	500	500	500	500	0	
1.3994463971e+01	1	20	489	11	4	4	0	50	500	500	500	500	500	0	
1.4491449231e+01	1	22	483	17	3	6	0	50	500	500	500	500	500	0	
1.4998735940e+01	1	22	479	21	3	8	0	50	500	500	500	500	500	0	
1.5493390872e+01	1	27	483	17	1	5	0	50	500	500	500	500	500	0	
1.5997761436e+01	1	28	476	24	3	6	0	50	500	500	500	500	500	0	
1.6493253599e+01	1	29	476	24	1	11	0	50	500	500	500	500	500	0	
1.6997133913e+01	1	29	484	16	4	9	0	50	500	500	500	500	500	0	
1.7495107201e+01	3	28	480	20	3	13	0	50	500	500	500	500	500	0	
1.7991330630e+01	3	29	478	22	3	6	0	50	500	500	500	500	500	0	
1.8484103180e+01	3	30	476	24	0	6	0	50	500	500	500	500	500	0	
1.8998152715e+01	3	33	463	37	2	10	0	50	500	500	500	500	500	0	
1.9496062003e+01	3	33	483	17	7	6	0	50	500	500	500	500	500	0	
1.9998368779e+01	4	33	477	23	2	13	0	50	500	500	500	500	500	0	
2.0491141605e+01	5	32	469	31	2	10	0	50	500	500	500	500	500	0	
2.0993231596e+01	6	31	469	31	5	5	0	50	500	500	500	500	500	0	
2.1495161751e+01	6	33	460	40	2	6	0	50	500	500	500	500	500	0	
2.1998492113e+01	6	34	465	35	1	7	0	50	500	500	500	500	500	0	
2.2496070270e+01	6	35	466	34	2	3	0	50	500	500	500	500	500	0	
2.2998759109e+01	6	36	469	31	2	5	0	50	500	500	500	500	500	0	
2.3489986765e+01	6	38	466	34	2	4	0	50	500	500	500	500	500	0	
2.3999570960e+01	7	40	468	32	1	5	0	50	500	500	500	500	500	0	
2.4498922687e+01	7	39	464	36	3	7	0	50	500	500	500	500	500	0	
2.4999290906e+01	5	43	465	35	1	9	0	50	500	500	500	500	500	0	
2.5479262219e+01	5	44	466	34	4	5	0	50	500	500	500	500	500	0	
2.5996160944e+01	5	45	441	59	3	7	0	50	500	500	500	500	500	0	
2.6496625285e+01	6	45	424	76	2	11	0	50	500	500	500	500	500	0	
2.6999350552e+01	6	45	427	73	7	12	0	50	500	500	500	500	500	0	
2.7491946811e+01	7	45	438	62	7	2	0	50	500	500	500	500	500	0	
2.7997571364e+01	10	42	449	51	2	13	0	50	500	500	500	500	500	0	
2.8494915021e+01	10	43	451	49	4	8	0	50	500	500	500	500	500	0	
2.8998503639e+01	11	42	450	50	3	7	0	50	500	500	500	500	500	0	
2.9499080269e+01	11	41	449	51	3	7	0	50	500	500	500	500	500	0	
2.9999591710e+01	13	39	431	69	4	6	0	50	500	500	500	500	500	0	
3.0498693776e+01	16	36	440	60	4	8	0	50	500	500	500	500	500	0	
3.0997422308e+01	16	38	447	53	3	7	0	50	500	500	500	500	500	0	
3.1492515511e+01	16	39	457	43	3	4	0	50	500	500	500	500	500	0	
3.1998427057e+01	16	40	454	46	3	7	0	50	500	500	500	500	500	0	
3.2489869807e+01	16	42	448	52	2	13	0	50	500	500	500	500	500	0	
3.2996209663e+01	17	42	443	57	6	2	0	50	500	500	500	500	500	0	
3.3499984557e+01	17	43	446	54	4	9	0	50	500	500	500	500	500	0	
3.3999120245e+01	17	43	440	60	1	6	0	50	500	500	500	500	500	0	
3.4499863923e+01	17	43	445	55	1	3	0	50	500	500	500	500	500	0	
3.4995731811e+01	16	45	452	48	5	6	0	50	500	500	500	500	500	0	
3.5499194292e+01	16	45	446	54	1	8	0	50	500	500	500	500	500	0	
3.5997613225e+01	16	47	443	57	6	8	0	50	500	500	500	500	500	0	
3.6498737800e+01	16	48	444	56	4	12	0	50	500	500	500	500	500	0	
3.6989996976e+01	15	50	431	69	3	9	0	50	500	500	500	500	500	0	
3.7498174972e+01	17	48	441	59	3	6	0	50	500	500	500	500	500	0	
3.7989865676e+01	16	49	444	56	2	7	0	50	500	500	500	500	500	0	
3.8495370947e+01	14	53	428	72	5	8	0	50	500	500	500	500	500	0	
3.8993505779e+01	14	55	435	65	5	3	0	50	500	500	500	500	500	0	
3.9497067259e+01	14	55	422	78	3	7	0	50	500	500	500	500	500	0	
3.9998667782e+01	14	56	407	93	4	6	0	50	500	500	500	500	500	0	
4.0497003664e+01	15	55	404	96	3	5	0	50	500	500	500	500	500	0	
4.0997323701e+01	14	56	410	90	5	11	0	50	500	500	500	500	500	0	
4.1498885090e+01	14	55	421	79	4	10	0	50	500	500	500	500	500	0	
4.1999301710e+01	13	58	417	83	3	5	0	50	500	500	500	500	500	0	
4.2491967652e+01	12	61	403	97	3	7	0	50	500	500	500	500	500	0	
4.2999386761e+01	15	58	407	93	4	11	0	50	500	500	500	500	500	0	
4.3499372567e+01	15	58	400	100	0	12	0	50	500	500	500	500	500	0	
4.3999927292e+01	15	59	409	91	2	7	0	50	500	500	500	500	500	0	
4.4491788605e+01	15	59	411	89	0	5	0	50	500	500	500	500	500	0	
4.4994937109e+01	15	59	392	108	2	4	0	50	500	500	500	500	500	0	
4.5498300745e+01	16	58	389	111	3	4	0	50	500	500	500	500	500	0	
4.5999787705e+01	16	59	377	123	6	5	0	50	500	500	500	500	500	0	
4.6494606607e+01	15	62	378	122	6	6	0	50	500	500	500	500	500	0	
4.6997475498e+01	15	63	366	134	1	4	0	50	500	500	500	500	500	0	
4.7495189672e+01	14	65	354	146	1	9	0	50	500	500	500	500	500	0	
4.7996473022e+01	13	66	364	136	2	2	0	50	500	500	500	500	500	0	
4.8499891623e+01	13	67	368	132	2	5	0	50	500	500	500	500	500	0	
4.8999863664e+01	13	68	385	115	3	4	0	50	500	500	500	500	500	0	
4.9496495797e+01	13	69	377	123	1	10	0	50	500	500	500	500	500	0	
4.9999647958e+01	14	68	393	107	7	6	0	50	500	500	500	500	500	0	
5.0499896707e+01	14	70	385	115	8	2	0	50	500	500	500	500	500	0	
5.0999132406e+01	14	70	361	139	6	6	0	50	500	500	500	500	500	0	
5.1495409076e+01	15	69	368	132	3	6	0	50	500	500	500	500	500	0	
5.1996851033e+01	14	72	353	147	4	4	0	50	500	500	500	500	500	0	
5.2499400215e+01	14	72	348	152	3	5	0	50	500	500	500	500	500	0	
5.2998369897e+01	13	73	325	175	3	7	0	50	500	500	500	500	500	0	
5.3496776321e+01	12	75	315	185	4	5	0	50	500	500	500	500	500	0	
5.3998425857e+01	11	77	322	178	3	5	0	50	500	500	500	500	500	0	
5.4491700119e+01	9	78	290	210	2	4	0	50	500	500	500	500	500	0	
5.4998414116e+01	9	78	304	196	3	7	0	50	500	500	500	500	500	0	
5.5497345432e+01	9	78	294	206	4	5	0	50	500	500	500	500	500	0	
5.5997905515e+01	8	79	283	217	0	7	0	50	500	500	500	500	500	0	
5.6499834745e+01	8	80	293	207	1	7	0	50	500	500	500	500	500	0	
5.6997261327e+01	7	81	280	220	3	15	0	50	500	500	500	500	500	0	
5.7499767099e+01	8	81	292	208	4	9	0	50	500	500	500	500	500	0	
5.7996979073e+01	7	86	293	207	4	9	0	50	500	500	500	500	500	0	
5.8488923527e+01	7	87	284	216	2	11	0	50	500	500	500	500	500	0	
5.8998696093e+01	7	88	277	223	4	6	0	50	500	500	500	500	500	0	
5.9497993595e+01	7	89	270	230	3	4	0	50	500	500	500	500	500	0	
5.9999511691e+01	7	90	250	250	5	12	0	50	500	500	500	500	500	0	
6.0497841554e+01	8	89	223	277	8	6	0	50	500	500	500	500	500	0	
6.0992618775e+01	7	91	213	287	2	6	0	50	500	500	500	500	500	0	
6.1496609244e+01	9	90	202	298	2	5	0	50	500	500	500	500	500	0	
6.1998234685e+01	9	90	184	316	2	6	0	50	500	500	500	500	500	0	
6.2496938229e+01	8	95	187	313	5	8	0	50	500	500	500	500	500	0	
6.2998702552e+01	5	99	152	348	5	9	0	50	500	500	500	500	500	0	
6.3499850822e+01	7	99	140	360	3	8	0	50	500	500	500	500	500	0	
6.3996553795e+01	9	96	111	389	2	5	0	50	500	500	500	500	500	0	
6.4499946166e+01	9	97	110	390	2	6	0	50	500	500	500	500	500	0	
6.4999833449e+01	11	95	114	386	1	9	0	50	500	500	500	500	500	0	
6.5499943364e+01	9	98	120	380	1	7	0	50	500	500	500	500	500	0	
6.5998281307e+01	7	100	109	391	1	7	0	50	500	500	500	500	500	0	
6.6499121993e+01	7	103	98	402	7	7	0	50	500	500	500	500	500	0	
6.6999538149e+01	8	103	98	402	3	9	0	50	500	500	500	500	500	0	
6.7498533295e+01	7	106	85	415	5	13	0	50	500	500	500	500	500	0	
6.7999019867e+01	7	106	82	418	7	10	0	50	500	500	500	500	500	0	
6.8498655084e+01	8	107	64	436	5	9	0	50	500	500	500	500	500	0	
6.8995867007e+01	9	108	60	440	3	7	0	50	500	500	500	500	500	0	
6.9495471638e+01	10	108	61	439	2	11	0	50	500	500	500	500	500	0	
6.9998406942e+01	8	110	72	428	1	5	0	50	500	500	500	500	500	0	
7.0498627239e+01	7	111	84	416	0	8	0	50	500	500	500	500	500	0	
7.0993610374e+01	8	110	76	424	0	4	0	50	500	500	500	500	500	0	
7.1496440589e+01	6	113	85	415	3	7	0	50	500	500	500	500	500	0	
7.1996176508e+01	6	113	84	416	3	9	0	50	500	500	500	500	500	0	
7.2498632234e+01	8	111	53	447	4	5	0	50	500	500	500	500	500	0	
7.2996070370e+01	7	117	63	437	4	5	0	50	500	500	500	500	500	0	
7.3495456281e+01	7	116	51	449	4	5	0	50	500	500	500	500	500	0	
7.3998861821e+01	5	119	55	445	5	8	0	50	500	500	500	500	500	0	
7.4497504399e+01	6	120	64	436	4	3	0	50	500	500	500	500	500	0	
7.4997192709e+01	7	119	68	432	3	7	0	50	500	500	500	500	500	0	
7.5499075152e+01	8	118	48	452	7	6	0	50	500	500	500	500	500	0	
7.5997833489e+01	6	123	53	447	5	2	0	50	500	500	500	500	500	0	
7.6498470676e+01	6	125	53	447	2	6	0	50	500	500	500	500	500	0	
7.6999900883e+01	4	129	50	450	3	6	0	50	500	500	500	500	500	0	
7.7498273477e+01	3	131	58	442	2	3	0	50	500	500	500	500	500	0	
7.7997152560e+01	2	134	59	441	2	6	0	50	500	500	500	500	500	0	
7.8498209703e+01	1	135	55	445	1	4	0	50	500	500	500	500	500	0	
7.8997885112e+01	2	134	72	428	4	3	0	50	500	500	500	500	500	0	
7.9495981662e+01	1	135	79	421	1	8	0	50	500	500	500	500	500	0	
7.9995714460e+01	3	133	87	413	0	10	0	50	500	500	500	500	500	0	
8.0499050451e+01	5	132	78	422	2	9	0	50	500	500	500	500	500	0	
8.0997436424e+01	4	136	75	425	0	9	0	50	500	500	500	500	500	0	
8.1486341538e+01	4	137	59	441	2	6	0	50	500	500	500	500	500	0	
8.1999497774e+01	4	137	54	446	3	6	0	50	500	500	500	500	500	0	
8.2497797326e+01	4	139	55	445	5	6	0	50	500	500	500	500	500	0	
8.2997864704e+01	5	138	65	435	3	5	0	50	500	500	500	500	500	0	
8.3497891356e+01	6	138	80	420	1	6	0	50	500	500	500	500	500	0	
8.3999971983e+01	6	139	84	416	2	7	0	50	500	500	500	500	500	0	
8.4498544610e+01	5	143	78	422	3	6	0	50	500	500	500	500	500	0	
8.4999730307e+01	4	145	80	420	1	8	0	50	500	500	500	500	500	0	
8.5497691119e+01	5	145	62	438	2	7	0	50	500	500	500	500	500	0	
8.5999904679e+01	3	149	70	430	1	6	0	50	500	500	500	500	500	0	
8.6499279631e+01	4	151	46	454	7	10	0	50	500	500	500	500	500	0	
8.6999340367e+01	4	152	53	447	1	9	0	50	500	500	500	500	500	0	
8.7497684738e+01	4	152	37	463	3	11	0	50	500	500	500	500	500	0	
8.7999710783e+01	4	152	37	463	5	7	0	50	500	500	500	500	500	0	
8.8498440096e+01	5	151	34	466	5	6	0	50	500	500	500	500	500	0	
8.8998965968e+01	3	153	41	459	2	5	0	50	500	500	500	500	500	0	
8.9497101195e+01	1	156	61	439	3	5	0	50	500	500	500	500	500	0	
8.9998705443e+01	2	157	58	442	5	5	0	50	500	500	500	500	500	0	
9.0498891070e+01	1	160	42	458	1	15	0	50	500	500	500	500	500	0	
9.0999941517e+01	1	162	30	470	3	10	0	50	500	500	500	500	500	0	
9.1499096566e+01	1	162	34	466	4	13	0	50	500	500	500	500	500	0	
9.1999537744e+01	4	159	23	477	3	6	0	50	500	500	500	500	500	0	
9.2494303932e+01	7	157	38	462	5	12	0	50	500	500	500	500	500	0	
9.2997767117e+01	8	159	24	476	1	7	0	50	500	500	500	500	500	0	
9.3498291539e+01	8	159	24	476	4	8	0	50	500	500	500	500	500	0	
9.3998769717e+01	8	160	44	456	5	11	0	50	500	500	500	500	500	0	
9.4499398903e+01	9	160	35	465	2	6	0	50	500	500	500	500	500	0	
9.4999945097e+01	8	164	24	476	5	4	0	50	500	500	500	500	500	0	
9.5493768544e+01	7	165	39	461	2	5	0	50	500	500	500	500	500	0	
9.5994258478e+01	8	165	28	472	1	5	0	50	500	500	500	500	500	0	
9.6499845668e+01	8	165	37	463	6	5	0	50	500	500	500	500	500	0	
9.6998136867e+01	6	168	45	455	0	7	0	50	500	500	500	500	500	0	
9.7497395001e+01	7	169	41	459	2	2	0	50	500	500	500	500	500	0	
9.7999880630e+01	7	171	34	466	5	3	0	50	500	500	500	500	500	0	
9.8492650980e+01	6	172	41	459	1	6	0	50	500	500	500	500	500	0	
9.8998980199e+01	5	175	46	454	0	7	0	50	500	500	500	500	500	0	
9.9496633236e+01	4	178	36	464	2	5	0	50	500	500	500	500	500	0	
9.9994344008e+01	3	179	30	470	5	4	0	50	500	500	500	500	500	0	
1.0049903866e+02	4	178	27	473	1	5	0	50	500	500	500	500	500	0	
1.0099974511e+02	4	183	30	470	1	12	0	50	500	500	500	500	500	0	
1.0149975305e+02	3	184	27	473	7	7	0	50	500	500	500	500	500	0	
1.0199851655e+02	1	186	34	466	2	7	0	50	500	500	500	500	500	0	
1.0249055523e+02	4	182	30	470	2	3	0	50	500	500	500	500	500	0	
1.0299985939e+02	3	183	31	469	4	7	0	50	500	500	500	500	500	0	
1.0349948812e+02	3	184	32	468	5	12	0	50	500	500	500	500	500	0	
1.0399980931e+02	6	182	26	474	8	9	0	50	500	500	500	500	500	0	
1.0449769738e+02	5	185	31	469	3	4	0	50	500	500	500	500	500	0	
1.0499832785e+02	7	183	38	462	6	7	0	50	500	500	500	500	500	0	
1.0549962322e+02	7	184	43	457	2	8	0	50	500	500	500	500	500	0	
1.0599888284e+02	6	186	33	467	3	2	0	50	500	500	500	500	500	0	
1.0649535397e+02	7	186	35	465	2	6	0	50	500	500	500	500	500	0	
1.0699822485e+02	6	189	35	465	3	8	0	50	500	500	500	500	500	0	
1.0749554721e+02	5	191	32	468	3	5	0	50	500	500	500	500	500	0	
1.0799995090e+02	4	194	36	464	2	6	0	50	500	500	500	500	500	0	
1.0849906837e+02	6	194	43	457	1	8	0	50	500	500	500	500	500	0	
1.0899734758e+02	5	196	27	473	2	6	0	50	500	500	500	500	500	0	
1.0949728526e+02	6	195	22	478	4	1	0	50	500	500	500	500	500	0	
1.0999854193e+02	7	194	27	473	4	7	0	50	500	500	500	500	500	0	
1.1049958987e+02	3	198	20	480	4	6	0	50	500	500	500	500	500	0	
1.1099914022e+02	3	197	36	464	1	3	0	50	500	500	500	500	500	0	
1.1149955168e+02	4	195	30	470	3	6	0	50	500	500	500	500	500	0	
1.1199863160e+02	6	193	35	465	4	7	0	50	500	500	500	500	500	0	
1.1249601807e+02	7	193	21	479	3	7	0	50	500	500	500	500	500	0	
1.1299913726e+02	4	196	25	475	0	17	0	50	500	500	500	500	500	0	
1.1349983986e+02	6	195	30	470	8	13	0	50	500	500	500	500	500	0	
1.1399928354e+02	9	192	22	478	11	3	0	50	500	500	500	500	500	0	
1.1449974247e+02	9	193	35	465	5	8	0	50	500	500	500	500	500	0	
1.1499949422e+02	7	195	24	476	4	7	0	50	500	500	500	500	500	0	
1.1549513080e+02	6	197	28	472	3	4	0	50	500	500	500	500	500	0	
1.1599823154e+02	5	199	27	473	4	5	0	50	500	500	500	500	500	0	
1.1649898182e+02	2	203	31	469	6	3	0	50	500	500	500	500	500	0	
1.1699416730e+02	3	203	32	468	5	7	0	50	500	500	500	500	500	0	
1.1749922723e+02	3	203	20	480	2	12	0	50	500	500	500	500	500	0	
1.1799865370e+02	4	202	12	488	8	5	0	50	500	500	500	500	500	0	
1.1849710141e+02	4	202	14	486	4	8	0	50	500	500	500	500	500	0	
1.1899689949e+02	7	202	21	479	3	6	0	50	500	500	500	500	500	0	
1.1949832165e+02	9	200	20	480	4	5	0	50	500	500	500	500	500	0	
1.1999978024e+02	8	202	27	473	1	6	0	50	500	500	500	500	500	0	
1.2049982432e+02	7	205	22	478	6	5	0	50	500	500	500	500	500	0	
1.2099846245e+02	7	206	23	477	2	10	0	50	500	500	500	500	500	0	
1.2149901402e+02	9	206	24	476	7	5	0	50	500	500	500	500	500	0	
1.2199564329e+02	8	206	21	479	3	4	0	50	500	500	500	500	500	0	
1.2249956065e+02	9	206	31	469	3	6	0	50	500	500	500	500	500	0	
1.2299910122e+02	9	206	34	466	4	10	0	50	500	500	500	500	500	0	
1.2349901717e+02	8	207	22	478	2	13	0	50	500	500	500	500	500	0	
1.2399950099e+02	7	210	32	468	4	6	0	50	500	500	500	500	500	0	
1.2449127787e+02	5	213	31	469	3	3	0	50	500	500	500	500	500	0	
1.2499996394e+02	4	214	15	485	3	8	0	50	500	500	500	500	500	0	
1.2549696926e+02	4	214	16	484	4	9	0	50	500	500	500	500	500	0	
1.2599655999e+02	5	214	22	478	5	3	0	50	500	500	500	500	500	0	
1.2649255839e+02	5	214	23	477	1	4	0	50	500	500	500	500	500	0	
1.2699123506e+02	4	216	25	475	6	3	0	50	500	500	500	500	500	0	
1.2749410615e+02	2	219	22	478	3	8	0	50	500	500	500	500	500	0	
1.2799785172e+02	4	217	28	472	5	3	0	50	500	500	500	500	500	0	
1.2849685731e+02	7	216	16	484	3	10	0	50	500	500	500	500	500	0	
1.2899994227e+02	9	214	23	477	7	5	0	50	500	500	500	500	500	0	
1.2949815184e+02	9	215	32	468	4	8	0	50	500	500	500	500	500	0	
1.2999339658e+02	10	216	16	484	3	4	0	50	500	500	500	500	500	0	
1.3049568086e+02	8	218	26	474	2	7	0	50	500	500	500	500	500	0	
1.3099721595e+02	8	218	31	469	2	7	0	50	500	500	500	500	500	0	
1.3149941786e+02	11	215	22	478	4	5	0	50	500	500	500	500	500	0	
1.3199805322e+02	8	219	24	476	4	1	0	50	500	500	500	500	500	0	
1.3249506667e+02	6	224	17	483	1	4	0	50	500	500	500	500	500	0	
1.3299402544e+02	10	219	20	480	4	6	0	50	500	500	500	500	500	0	
1.3349920952e+02	11	220	16	484	3	8	0	50	500	500	500	500	500	0	
1.3399887823e+02	10	222	12	488	4	7	0	50	500	500	500	500	500	0	
1.3449974522e+02	8	224	24	476	4	6	0	50	500	500	500	500	500	0	
1.3499606760e+02	8	224	21	479	2	4	0	50	500	500	500	500	500	0	
1.3549985191e+02	6	226	17	483	5	3	0	50	500	500	500	500	500	0	
1.3599968279e+02	5	229	15	485	3	7	0	50	500	500	500	500	500	0	
1.3649995195e+02	6	230	23	477	4	5	0	50	500	500	500	500	500	0	
1.3699982056e+02	7	229	21	479	6	4	0	50	500	500	500	500	500	0	
1.3749879220e+02	7	231	25	475	3	6	0	50	500	500	500	500	500	0	
1.3799774333e+02	7	231	20	480	5	7	0	50	500	500	500	500	500	0	
1.3849844240e+02	6	234	20	480	4	5	0	50	500	500	500	500	500	0	
1.3899727057e+02	4	237	16	484	2	10	0	50	500	500	500	500	500	0	
1.3949876472e+02	5	238	22	478	3	4	0	50	500	500	500	500	500	0	
1.3999798497e+02	5	238	23	477	4	1	0	50	500	500	500	500	500	0	
1.4049960802e+02	2	242	17	483	3	5	0	50	500	500	500	500	500	0	
1.4099506607e+02	2	242	21	479	6	5	0	50	500	500	500	500	500	0	
1.4149930143e+02	1	244	22	478	4	8	0	50	500	500	500	500	500	0	
1.4199828650e+02	4	241	22	478	6	10	0	50	500	500	500	500	500	0	
1.4249916605e+02	5	242	19	481	6	7	0	50	500	500	500	500	500	0	
1.4299860574e+02	12	237	23	477	2	7	0	50	500	500	500	500	500	0	
1.4349894498e+02	13	235	21	479	5	8	0	50	500	500	500	500	500	0	
1.4399818957e+02	12	236	28	472	4	5	0	50	500	500	500	500	500	0	
1.4449759633e+02	11	238	18	482	1	10	0	50	500	500	500	500	500	0	
1.4499802616e+02	9	241	21	479	4	6	0	50	500	500	500	500	500	0	
1.4549849679e+02	8	241	19	481	0	4	0	50	500	500	500	500	500	0	
1.4599896059e+02	8	241	22	478	4	9	0	50	500	500	500	500	500	0	
1.4649761689e+02	10	240	20	480	2	4	0	50	500	500	500	500	500	0	
1.4699644365e+02	7	243	9	491	3	6	0	50	500	500	500	500	500	0	
1.4749501807e+02	8	244	20	480	5	6	0	50	500	500	500	500	500	0	
1.4799696956e+02	10	244	18	482	2	10	0	50	500	500	500	500	500	0	
1.4849665744e+02	8	247	16	484	6	4	0	50	500	500	500	500	500	0	
1.4899801899e+02	5	253	21	479	3	7	0	50	500	500	500	500	500	0	
1.4949607235e+02	5	254	29	471	4	8	0	50	500	500	500	500	500	0	
1.4999986344e+02	4	256	18	482	4	6	0	50	500	500	500	500	500	0	
1.5049725083e+02	8	253	12	488	3	14	0	50	500	500	500	500	500	0	
1.5099997243e+02	9	254	17	483	4	5	0	50	500	500	500	500	500	0	
1.5149864948e+02	10	252	21	479	3	8	0	50	500	500	500	500	500	0	
1.5199799379e+02	11	250	15	485	3	7	0	50	500	500	500	500	500	0	
1.5249772559e+02	11	252	25	475	2	7	0	50	500	500	500	500	500	0	
1.5299532046e+02	7	258	20	480	5	4	0	50	500	500	500	500	500	0	
1.5349902282e+02	11	255	20	480	5	4	0	50	500	500	500	500	500	0	
1.5399805451e+02	11	256	23	477	3	6	0	50	500	500	500	500	500	0	
1.5449945957e+02	9	258	19	481	3	6	0	50	500	500	500	500	500	0	
1.5499825767e+02	9	258	16	484	2	4	0	50	500	500	500	500	500	0	
1.5549961395e+02	11	256	17	483	3	14	0	50	500	500	500	500	500	0	
1.5599898967e+02	10	258	15	485	5	7	0	50	500	500	500	500	500	0	
1.5649757003e+02	10	259	19	481	6	13	0	50	500	500	500	500	500	0	
1.5699988809e+02	9	264	27	473	7	7	0	50	500	500	500	500	500	0	
1.5749934712e+02	8	268	13	487	4	8	0	50	500	500	500	500	500	0	
1.5799611842e+02	8	268	23	477	2	5	0	50	500	500	500	500	500	0	
1.5849711594e+02	9	271	16	484	3	6	0	50	500	500	500	500	500	0	
1.5899850404e+02	7	273	19	481	5	5	0	50	500	500	500	500	500	0	
1.5949955325e+02	4	275	7	493	2	14	0	50	500	500	500	500	500	0	
1.5999903164e+02	5	274	12	488	6	2	0	50	500	500	500	500	500	0	
1.6049785480e+02	7	275	10	490	4	8	0	50	500	500	500	500	500	0	
1.6099998327e+02	7	275	15	485	4	4	0	50	500	500	500	500	500	0	
1.6149996431e+02	7	278	14	486	4	5	0	50	500	500	500	500	500	0	
1.6199794234e+02	5	280	11	489	5	9	0	50	500	500	500	500	500	0	
1.6249950437e+02	7	277	18	482	5	8	0	50	500	500	500	500	500	0	
1.6299843677e+02	6	278	24	476	4	11	0	50	500	500	500	500	500	0	
1.6349912515e+02	5	279	18	482	4	3	0	50	500	500	500	500	500	0	
1.6399523815e+02	4	279	15	485	4	3	0	50	500	500	500	500	500	0	
1.6449968151e+02	6	279	18	482	7	5	0	50	500	500	500	500	500	0	
1.6499903205e+02	7	278	22	478	6	4	0	50	500	500	500	500	500	0	
1.6549716455e+02	6	279	12	488	5	7	0	50	500	500	500	500	500	0	
1.6599939902e+02	8	279	13	487	7	6	0	50	500	500	500	500	500	0	
1.6649819375e+02	10	277	18	482	5	7	0	50	500	500	500	500	500	0	
1.6699890408e+02	10	279	17	483	3	9	0	50	500	500	500	500	500	0	
1.6749811524e+02	12	278	15	485	5	8	0	50	500	500	500	500	500	0	
1.6799464555e+02	12	278	22	478	7	8	0	50	500	500	500	500	500	0	
1.6849692375e+02	10	280	9	491	5	8	0	50	500	500	500	500	500	0	
1.6899827993e+02	10	280	13	487	8	7	0	50	500	500	500	500	500	0	
1.6949593563e+02	12	278	14	486	7	5	0	50	500	500	500	500	500	0	
1.6999573959e+02	12	279	13	487	4	7	0	50	500	500	500	500	500	0	
1.7049623723e+02	11	281	16	484	4	4	0	50	500	500	500	500	500	0	
1.7099882313e+02	9	283	22	478	7	3	0	50	500	500	500	500	500	0	
1.7149737988e+02	9	284	23	477	5	5	0	50	500	500	500	500	500	0	
1.7199958106e+02	8	284	21	479	5	4	0	50	500	500	500	500	500	0	
1.7249982481e+02	7	286	17	483	6	7	0	50	500	500	500	500	500	0	
1.7299910064e+02	11	282	15	485	10	7	0	50	500	500	500	500	500	0	
1.7349626359e+02	12	282	16	484	4	7	0	50	500	500	500	500	500	0	
1.7399411649e+02	10	284	13	487	4	7	0	50	500	500	500	500	500	0	
1.7449159726e+02	7	286	29	471	2	2	0	50	500	500	500	500	500	0	
1.7499996920e+02	6	288	15	485	1	5	0	50	500	500	500	500	500	0	
1.7549861314e+02	5	290	14	486	3	7	0	50	500	500	500	500	500	0	
1.7599933611e+02	6	290	16	484	2	12	0	50	500	500	500	500	500	0	
1.7649930329e+02	10	289	18	482	7	4	0	50	500	500	500	500	500	0	
1.7699398931e+02	9	289	12	488	5	6	0	50	500	500	500	500	500	0	
1.7749809674e+02	13	286	15	485	0	6	0	50	500	500	500	500	500	0	
1.7799899976e+02	11	289	14	486	7	2	0	50	500	500	500	500	500	0	
1.7849766713e+02	10	291	17	483	6	8	0	50	500	500	500	500	500	0	
1.7899850492e+02	8	293	17	483	7	9	0	50	500	500	500	500	500	0	
1.7949619028e+02	8	296	16	484	3	7	0	50	500	500	500	500	500	0	
1.7999522427e+02	7	297	15	485	7	1	0	50	500	500	500	500	500	0	
1.8049829323e+02	9	296	9	491	9	10	0	50	500	500	500	500	500	0	
1.8099932570e+02	9	296	16	484	4	10	0	50	500	500	500	500	500	0	
1.8149967348e+02	10	296	16	484	4	4	0	50	500	500	500	500	500	0	
1.8199881090e+02	3	303	17	483	2	3	0	50	500	500	500	500	500	0	
1.8249568209e+02	6	300	21	479	3	4	0	50	500	500	500	500	500	0	
1.8299318791e+02	7	302	13	487	2	7	0	50	500	500	500	500	500	0	
1.8349950617e+02	9	299	7	493	2	10	0	50	500	500	500	500	500	0	
1.8399610615e+02	10	300	15	485	2	8	0	50	500	500	500	500	500	0	
1.8449980768e+02	13	299	11	489	5	6	0	50	500	500	500	500	500	0	
1.8499930632e+02	11	301	8	492	5	7	0	50	500	500	500	500	500	0	
1.8549991448e+02	11	302	13	487	2	10	0	50	500	500	500	500	500	0	
1.8599984704e+02	12	300	16	484	6	9	0	50	500	500	500	500	500	0	
1.8649941836e+02	11	301	12	488	9	3	0	50	500	500	500	500	500	0	
1.8699428842e+02	10	304	10	490	2	1	0	50	500	500	500	500	500	0	
1.8749763487e+02	11	303	16	484	3	0	0	50	500	500	500	500	500	0	
1.8799604907e+02	8	306	18	482	3	3	0	50	500	500	500	500	500	0	
1.8849854103e+02	10	304	6	494	4	12	0	50	500	500	500	500	500	0	
1.8899904700e+02	10	305	11	489	3	9	0	50	500	500	500	500	500	0	
1.8949636484e+02	11	305	12	488	2	7	0	50	500	500	500	500	500	0	
1.8999973833e+02	8	309	17	483	3	3	0	50	500	500	500	500	500	0	
1.9049941739e+02	7	309	14	486	2	3	0	50	500	500	500	500	500	0	
1.9099978628e+02	4	313	19	481	1	5	0	50	500	500	500	500	500	0	
1.9149760172e+02	6	312	14	486	2	9	0	50	500	500	500	500	500	0	
1.9199867140e+02	9	310	11	489	1	6	0	50	500	500	500	500	500	0	
1.9249813582e+02	10	308	21	479	3	6	0	50	500	500	500	500	500	0	
1.9299899851e+02	8	309	14	486	2	2	0	50	500	500	500	500	500	0	
1.9349733755e+02	8	310	12	488	0	10	0	50	500	500	500	500	500	0	
1.9399963192e+02	10	308	23	477	5	3	0	50	500	500	500	500	500	0	
1.9449845937e+02	9	309	15	485	3	8	0	50	500	500	500	500	500	0	
1.9499942238e+02	9	308	22	478	4	6	0	50	500	500	500	500	500	0	
1.9549836079e+02	7	311	18	482	6	8	0	50	500	500	500	500	500	0	
1.9599961534e+02	10	310	10	490	3	8	0	50	500	500	500	500	500	0	
1.9649758616e+02	10	312	15	485	4	4	0	50	500	500	500	500	500	0	
1.9699848116e+02	10	314	12	488	3	3	0	50	500	500	500	500	500	0	
1.9749843162e+02	10	313	17	483	2	6	0	50	500	500	500	500	500	0	
1.9799999773e+02	10	313	11	489	5	5	0	50	500	500	500	500	500	0	
1.9849998766e+02	10	314	20	480	4	5	0	50	500	500	500	500	500	0	
1.9899539554e+02	7	317	9	491	4	1	0	50	500	500	500	500	500	0	
1.9949263266e+02	5	318	6	494	2	2	0	50	500	500	500	500	500	0	
1.9999950900e+02	6	318	13	487	5	7	0	50	500	500	500	500	500	0	
2.0049868874e+02	10	315	6	494	6	9	0	50	500	500	500	500	500	0	
2.0099764366e+02	7	315	16	484	5	5	0	50	500	500	500	500	500	0	
2.0149900146e+02	7	315	17	483	3	7	0	50	500	500	500	500	500	0	
2.0199529284e+02	8	316	13	487	7	3	0	50	500	500	500	500	500	0	
2.0249936642e+02	9	315	6	494	3	5	0	50	500	500	500	500	500	0	
2.0299569143e+02	9	316	14	486	2	4	0	50	500	500	500	500	500	0	
2.0349581845e+02	9	318	13	487	3	4	0	50	500	500	500	500	500	0	
2.0399657714e+02	10	320	15	485	5	6	0	50	500	500	500	500	500	0	
2.0449811081e+02	8	324	13	487	3	9	0	50	500	500	500	500	500	0	
2.0499885008e+02	11	322	14	486	7	1	0	50	500	500	500	500	500	0	
2.0549434834e+02	9	325	15	485	4	7	0	50	500	500	500	500	500	0	
2.0598666588e+02	9	327	14	486	2	5	0	50	500	500	500	500	500	0	
2.0649933626e+02	8	328	12	488	2	6	0	50	500	500	500	500	500	0	
2.0699640893e+02	5	332	18	482	0	2	0	50	500	500	500	500	500	0	
2.0749818074e+02	5	333	19	481	2	5	0	50	500	500	500	500	500	0	
2.0799919324e+02	6	331	10	490	2	7	0	50	500	500	500	500	500	0	
2.0849321395e+02	6	331	16	484	2	4	0	50	500	500	500	500	500	0	
2.0899895115e+02	8	329	18	482	7	6	0	50	500	500	500	500	500	0	
2.0949806088e+02	8	333	16	484	1	6	0	50	500	500	500	500	500	0	
2.0999761785e+02	7	336	8	492	4	4	0	50	500	500	500	500	500	0	
2.1049929212e+02	6	336	14	486	2	2	0	50	500	500	500	500	500	0	
2.1099926734e+02	8	335	11	489	5	10	0	50	500	500	500	500	500	0	
2.1149486042e+02	7	335	7	493	7	5	0	50	500	500	500	500	500	0	
2.1199965094e+02	8	332	10	490	7	6	0	50	500	500	500	500	500	0	
2.1249946291e+02	7	333	15	485	4	10	0	50	500	500	500	500	500	0	
2.1299917807e+02	9	333	11	489	1	9	0	50	500	500	500	500	500	0	
2.1349648833e+02	9	335	14	486	6	5	0	50	500	500	500	500	500	0	
2.1399644450e+02	8	337	9	491	3	12	0	50	500	500	500	500	500	0	
2.1449877741e+02	5	340	12	488	0	13	0	50	500	500	500	500	500	0	
2.1499946156e+02	4	341	7	493	2	6	0	50	500	500	500	500	500	0	
2.1549978740e+02	8	337	13	487	3	6	0	50	500	500	500	500	500	0	
2.1599996757e+02	7	340	12	488	6	2	0	50	500	500	500	500	500	0	
2.1649858119e+02	4	345	6	494	2	6	0	50	500	500	500	500	500	0	
2.1699802897e+02	4	344	12	488	2	3	0	50	500	500	500	500	500	0	
2.1749873524e+02	2	349	8	492	6	6	0	50	500	500	500	500	500	0	
2.1799832090e+02	6	345	8	492	6	7	0	50	500	500	500	500	500	0	
2.1849337261e+02	7	345	17	483	1	4	0	50	500	500	500	500	500	0	
2.1899491592e+02	11	341	10	490	7	6	0	50	500	500	500	500	500	0	
2.1949856182e+02	9	343	15	485	4	5	0	50	500	500	500	500	500	0	
2.1999478503e+02	11	341	5	495	3	4	0	50	500	500	500	500	500	0	
2.2049577507e+02	10	343	15	485	5	3	0	50	500	500	500	500	500	0	
2.2099971087e+02	9	345	16	484	3	7	0	50	500	500	500	500	500	0	
2.2149948191e+02	8	346	13	487	6	5	0	50	500	500	500	500	500	0	
2.2199753416e+02	9	345	12	488	6	3	0	50	500	500	500	500	500	0	
2.2249931391e+02	8	346	10	490	3	11	0	50	500	500	500	500	500	0	
2.2299622591e+02	9	345	6	494	3	5	0	50	500	500	500	500	500	0	
2.2349891083e+02	9	345	15	485	7	1	0	50	500	500	500	500	500	0	
2.2399924090e+02	7	347	16	484	5	6	0	50	500	500	500	500	500	0	
2.2449934623e+02	5	349	11	489	3	5	0	50	500	500	500	500	500	0	
2.2499140720e+02	6	349	18	482	4	6	0	50	500	500	500	500	500	0	
2.2549923951e+02	5	350	9	491	4	4	0	50	500	500	500	500	500	0	
2.2599504020e+02	3	354	11	489	3	4	0	50	500	500	500	500	500	0	
2.2649325432e+02	6	353	7	493	2	5	0	50	500	500	500	500	500	0	
2.2699925406e+02	8	352	16	484	4	6	0	50	500	500	500	500	500	0	
2.2749766732e+02	9	350	5	495	3	3	0	50	500	500	500	500	500	0	
2.2799974039e+02	10	350	7	493	5	6	0	50	500	500	500	500	500	0	
2.2849876264e+02	15	344	20	480	4	6	0	50	500	500	500	500	500	0	
2.2899883687e+02	15	344	11	489	4	6	0	50	500	500	500	500	500	0	
2.2949859309e+02	13	347	15	485	5	5	0	50	500	500	500	500	500	0	
2.2999748722e+02	10	352	17	483	4	2	0	50	500	500	500	500	500	0	
2.3049629836e+02	8	355	9	491	3	12	0	50	500	500	500	500	500	0	
2.3099821112e+02	7	356	11	489	5	8	0	50	500	500	500	500	500	0	
2.3149884237e+02	8	356	9	491	7	5	0	50	500	500	500	500	500	0	
2.3199059881e+02	8	356	6	494	3	4	0	50	500	500	500	500	500	0	
2.3249609416e+02	9	356	13	487	2	7	0	50	500	500	500	500	500	0	
2.3299799308e+02	9	355	14	486	2	11	0	50	500	500	500	500	500	0	
2.3349997442e+02	12	354	11	489	3	7	0	50	500	500	500	500	500	0	
2.3399930298e+02	9	357	18	482	3	3	0	50	500	500	500	500	500	0	
2.3449692255e+02	6	362	16	484	6	2	0	50	500	500	500	500	500	0	
2.3499842074e+02	9	359	10	490	4	6	0	50	500	500	500	500	500	0	
2.3549698490e+02	7	362	14	486	7	8	0	50	500	500	500	500	500	0	
2.3599741973e+02	6	366	12	488	4	7	0	50	500	500	500	500	500	0	
2.3649968008e+02	7	365	18	482	4	5	0	50	500	500	500	500	500	0	
2.3699921744e+02	9	363	11	489	7	4	0	50	500	500	500	500	500	0	
2.3749830896e+02	5	367	15	485	2	3	0	50	500	500	500	500	500	0	
2.3799936531e+02	5	368	5	495	2	8	0	50	500	500	500	500	500	0	
2.3849962290e+02	8	367	15	485	9	7	0	50	500	500	500	500	500	0	
2.3899917153e+02	12	363	14	486	5	8	0	50	500	500	500	500	500	0	
2.3949744585e+02	8	368	11	489	6	5	0	50	500	500	500	500	500	0	
2.3999722617e+02	10	367	9	491	1	6	0	50	500	500	500	500	500	0	
2.4049981989e+02	12	366	9	491	3	10	0	50	500	500	500	500	500	0	
2.4099653998e+02	8	371	10	490	9	4	0	50	500	500	500	500	500	0	
2.4149692468e+02	11	368	8	492	4	6	0	50	500	500	500	500	500	0	
2.4199940033e+02	12	368	11	489	4	6	0	50	500	500	500	500	500	0	
2.4249870172e+02	10	369	14	486	3	4	0	50	500	500	500	500	500	0	
2.4299935579e+02	9	370	11	489	0	7	0	50	500	500	500	500	500	0	
2.4349975406e+02	6	373	7	493	4	5	0	50	500	500	500	500	500	0	
2.4399973247e+02	7	372	15	485	5	9	0	50	500	500	500	500	500	0	
2.4449560476e+02	7	373	15	485	5	13	0	50	500	500	500	500	500	0	
2.4499394811e+02	13	369	7	493	6	6	0	50	500	500	500	500	500	0	
2.4549894799e+02	12	371	18	482	4	3	0	50	500	500	500	500	500	0	
2.4599736358e+02	11	374	11	489	4	9	0	50	500	500	500	500	500	0	
2.4649991628e+02	10	375	11	489	3	5	0	50	500	500	500	500	500	0	
2.4699925598e+02	7	381	14	486	2	6	0	50	500	500	500	500	500	0	
2.4749858004e+02	5	382	10	490	1	9	0	50	500	500	500	500	500	0	
2.4799765860e+02	6	383	9	491	2	8	0	50	500	500	500	500	500	0	
2.4849996183e+02	6	384	12	488	4	8	0	50	500	500	500	500	500	0	
2.4899949477e+02	11	382	11	489	1	5	0	50	500	500	500	500	500	0	
2.4949855009e+02	4	388	11	489	8	4	0	50	500	500	500	500	500	0	
2.4999332616e+02	8	384	13	487	6	5	0	50	500	500	500	500	500	0	
2.5049696918e+02	6	386	13	487	3	4	0	50	500	500	500	500	500	0	
2.5099710941e+02	6	386	8	492	2	7	0	50	500	500	500	500	500	0	
2.5149885141e+02	5	387	11	489	4	4	0	50	500	500	500	500	500	0	
2.5199980299e+02	7	385	3	497	5	3	0	50	500	500	500	500	500	0	
2.5249949876e+02	6	387	13	487	4	6	0	50	500	500	500	500	500	0	
2.5299992170e+02	5	388	13	487	1	9	0	50	500	500	500	500	500	0	
2.5349963406e+02	8	386	9	491	6	12	0	50	500	500	500	500	500	0	
2.5399844996e+02	10	385	14	486	6	9	0	50	500	500	500	500	500	0	
2.5449947300e+02	13	384	15	485	3	3	0	50	500	500	500	500	500	0	
2.5499907115e+02	12	384	5	495	2	2	0	50	500	500	500	500	500	0	
2.5549843132e+02	16	382	13	487	6	6	0	50	500	500	500	500	500	0	
2.5599812153e+02	15	383	9	491	6	10	0	50	500	500	500	500	500	0	
2.5649555733e+02	11	388	19	481	9	12	0	50	500	500	500	500	500	0	
2.5699960561e+02	15	385	14	486	3	11	0	50	500	500	500	500	500	0	
2.5749943392e+02	14	386	9	491	4	10	0	50	500	500	500	500	500	0	
2.5799987365e+02	13	388	11	489	3	8	0	50	500	500	500	500	500	0	
2.5849843546e+02	13	389	11	489	5	6	0	50	500	500	500	500	500	0	
2.5899788929e+02	15	386	5	495	8	3	0	50	500	500	500	500	500	0	
2.5949886139e+02	11	391	14	486	4	6	0	50	500	500	500	500	500	0	
2.5999933570e+02	11	390	7	493	3	9	0	50	500	500	500	500	500	0	
2.6049862092e+02	11	391	11	489	5	2	0	50	500	500	500	500	500	0	
2.6099978486e+02	8	393	10	490	4	4	0	50	500	500	500	500	500	0	
2.6149996649e+02	9	391	16	484	5	7	0	50	500	500	500	500	500	0	
2.6199675130e+02	9	392	8	492	3	7	0	50	500	500	500	500	500	0	
2.6249120159e+02	11	393	11	489	6	4	0	50	500	500	500	500	500	0	
2.6299777918e+02	11	394	9	491	3	6	0	50	500	500	500	500	500	0	
2.6349906503e+02	11	394	8	492	10	5	0	50	500	500	500	500	500	0	
2.6399953703e+02	13	395	14	486	7	6	0	50	500	500	500	500	500	0	
2.6449569326e+02	15	393	15	485	5	9	0	50	500	500	500	500	500	0	
2.6499916790e+02	15	395	5	495	8	6	0	50	500	500	500	500	500	0	
2.6549673380e+02	14	397	9	491	2	10	0	50	500	500	500	500	500	0	
2.6599899893e+02	12	398	13	487	4	4	0	50	500	500	500	500	500	0	
2.6649557756e+02	8	402	11	489	3	5	0	50	500	500	500	500	500	0	
2.6699904278e+02	10	398	11	489	5	5	0	50	500	500	500	500	500	0	
2.6749761066e+02	8	401	11	489	4	1	0	50	500	500	500	500	500	0	
2.6799885595e+02	11	398	10	490	4	7	0	50	500	500	500	500	500	0	
2.6849364563e+02	6	403	14	486	3	8	0	50	500	500	500	500	500	0	
2.6899188684e+02	5	404	4	496	8	6	0	50	500	500	500	500	500	0	
2.6949894213e+02	6	402	9	491	5	8	0	50	500	500	500	500	500	0	
2.6998590033e+02	12	396	8	492	4	8	0	50	500	500	500	500	500	0	
2.7049551819e+02	13	398	4	496	2	8	0	50	500	500	500	500	500	0	
2.7099888717e+02	15	396	12	488	5	6	0	50	500	500	500	500	500	0	
2.7149943361e+02	14	396	7	493	7	5	0	50	500	500	500	500	500	0	
2.7199987862e+02	12	399	8	492	4	8	0	50	500	500	500	500	500	0	
2.7249868454e+02	12	399	9	491	5	7	0	50	500	500	500	500	500	0	
2.7299399610e+02	11	400	9	491	6	1	0	50	500	500	500	500	500	0	
2.7349990587e+02	11	401	5	495	2	4	0	50	500	500	500	500	500	0	
2.7399891856e+02	12	402	13	487	3	4	0	50	500	500	500	500	500	0	
2.7449959030e+02	10	405	9	491	4	7	0	50	500	500	500	500	500	0	
2.7499962084e+02	10	406	15	485	1	4	0	50	500	500	500	500	500	0	
2.7549932206e+02	11	405	10	490	1	3	0	50	500	500	500	500	500	0	
2.7599983571e+02	10	406	12	488	2	7	0	50	500	500	500	500	500	0	
2.7649605614e+02	8	408	9	491	1	4	0	50	500	500	500	500	500	0	
2.7699897081e+02	8	408	11	489	2	2	0	50	500	500	500	500	500	0	
2.7749938318e+02	6	410	9	491	0	6	0	50	500	500	500	500	500	0	
2.7799825740e+02	7	409	9	491	4	2	0	50	500	500	500	500	500	0	
2.7849998059e+02	6	411	8	492	0	5	0	50	500	500	500	500	500	0	
2.7899990448e+02	7	409	4	496	4	7	0	50	500	500	500	500	500	0	
2.7949951262e+02	8	408	8	492	9	3	0	50	500	500	500	500	500	0	
2.7999885939e+02	12	406	12	488	2	5	0	50	500	500	500	500	500	0	
2.8049999683e+02	13	407	10	490	5	3	0	50	500	500	500	500	500	0	
2.8099881113e+02	11	409	14	486	5	5	0	50	500	500	500	500	500	0	
2.8149754287e+02	10	410	20	480	3	6	0	50	500	500	500	500	500	0	
2.8199920321e+02	11	410	6	494	5	1	0	50	500	500	500	500	500	0	
2.8249638645e+02	12	409	10	490	5	8	0	50	500	500	500	500	500	0	
2.8299970514e+02	11	411	5	495	7	3	0	50	500	500	500	500	500	0	
2.8349816583e+02	7	414	5	495	3	4	0	50	500	500	500	500	500	0	
2.8399464644e+02	10	411	10	490	6	5	0	50	500	500	500	500	500	0	
2.8449764906e+02	9	412	17	483	4	4	0	50	500	500	500	500	500	0	
2.8499687209e+02	13	409	6	494	2	6	0	50	500	500	500	500	500	0	
2.8549997408e+02	10	412	18	482	4	9	0	50	500	500	500	500	500	0	
2.8599930770e+02	9	413	10	490	4	10	0	50	500	500	500	500	500	0	
2.8649731262e+02	12	409	6	494	5	5	0	50	500	500	500	500	500	0	
2.8699998283e+02	14	408	8	492	5	4	0	50	500	500	500	500	500	0	
2.8749889803e+02	14	409	10	490	2	5	0	50	500	500	500	500	500	0	
2.8799859292e+02	12	412	6	494	2	7	0	50	500	500	500	500	500	0	
2.8849998992e+02	13	411	13	487	6	2	0	50	500	500	500	500	500	0	
2.8899840774e+02	9	414	5	495	1	8	0	50	500	500	500	500	500	0	
2.8949891086e+02	8	417	8	492	6	5	0	50	500	500	500	500	500	0	
2.8999929525e+02	7	418	13	487	1	3	0	50	500	500	500	500	500	0	
2.9049927699e+02	7	418	14	486	6	5	0	50	500	500	500	500	500	0	
2.9099951362e+02	7	419	9	491	5	4	0	50	500	500	500	500	500	0	
2.9149653680e+02	6	422	13	487	6	5	0	50	500	500	500	500	500	0	
2.9199839144e+02	7	424	5	495	4	7	0	50	500	500	500	500	500	0	
2.9249933787e+02	5	425	8	492	2	8	0	50	500	500	500	500	500	0	
2.9299910932e+02	6	425	15	485	4	8	0	50	500	500	500	500	500	0	
2.9349928991e+02	5	426	19	481	5	5	0	50	500	500	500	500	500	0	
2.9399853349e+02	7	425	10	490	1	7	0	50	500	500	500	500	500	0	
2.9449855424e+02	12	421	9	491	5	5	0	50	500	500	500	500	500	0	
2.9499969077e+02	12	421	14	486	4	4	0	50	500	500	500	500	500	0	
2.9549954338e+02	8	425	11	489	7	3	0	50	500	500	500	500	500	0	
2.9599678750e+02	10	424	12	488	4	5	0	50	500	500	500	500	500	0	
2.9649859951e+02	11	423	11	489	3	5	0	50	500	500	500	500	500	0	
2.9699907327e+02	21	414	8	492	5	7	0	50	500	500	500	500	500	0	
2.9749979718e+02	24	411	14	486	10	4	0	50	500	500	500	500	500	0	
2.9799707695e+02	27	408	7	493	5	3	0	50	500	500	500	500	500	0	
2.9849970097e+02	23	412	4	496	4	7	0	50	500	500	500	500	500	0	
2.9899719893e+02	20	414	12	488	6	6	0	50	500	500	500	500	500	0	
2.9949773128e+02	19	417	13	487	2	7	0	50	500	500	500	500	500	0	
2.9999957445e+02	20	415	6	494	3	7	0	50	500	500	500	500	500	0	
3.0049089415e+02	19	416	6	494	3	3	0	50	500	500	500	500	500	0	
3.0099944382e+02	23	413	11	489	5	2	0	50	500	500	500	500	500	0	
3.0149849172e+02	16	419	7	493	0	7	0	50	500	500	500	500	500	0	
3.0199900128e+02	14	423	8	492	3	9	0	50	500	500	500	500	500	0	
3.0249979936e+02	15	424	11	489	4	3	0	50	500	500	500	500	500	0	
3.0299625117e+02	13	427	7	493	2	3	0	50	500	500	500	500	500	0	
3.0349860878e+02	14	427	10	490	5	8	0	50	500	500	500	500	500	0	
3.0399789637e+02	11	433	8	492	4	9	0	50	500	500	500	500	500	0	
3.0449583153e+02	11	431	13	487	3	4	0	50	500	500	500	500	500	0	
3.0499946936e+02	11	431	6	494	4	10	0	50	500	500	500	500	500	0	
3.0549926389e+02	12	432	9	491	5	8	0	50	500	500	500	500	500	0	
3.0599788445e+02	14	431	11	489	5	4	0	50	500	500	500	500	500	0	
3.0649805050e+02	19	428	5	495	1	4	0	50	500	500	500	500	500	0	
3.0699879379e+02	20	427	9	491	2	4	0	50	500	500	500	500	500	0	
3.0749791434e+02	20	427	8	492	8	2	0	50	500	500	500	500	500	0	
3.0799533174e+02	14	433	6	494	5	5	0	50	500	500	500	500	500	0	
3.0849947647e+02	13	431	11	489	3	8	0	50	500	500	500	500	500	0	
3.0899797753e+02	12	432	11	489	3	8	0	50	500	500	500	500	500	0	
3.0949801824e+02	13	431	13	487	5	6	0	50	500	500	500	500	500	0	
3.0999912925e+02	18	427	6	494	6	6	0	50	500	500	500	500	500	0	
3.1049517999e+02	16	430	3	497	5	10	0	50	500	500	500	500	500	0	
3.1099949589e+02	19	426	8	492	11	12	0	50	500	500	500	500	500	0	
3.1149941193e+02	17	428	6	494	6	3	0	50	500	500	500	500	500	0	
3.1199849135e+02	15	431	12	488	3	6	0	50	500	500	500	500	500	0	
3.1249840020e+02	18	428	13	487	4	11	0	50	500	500	500	500	500	0	
3.1299748902e+02	16	431	16	484	5	5	0	50	500	500	500	500	500	0	
3.1349833709e+02	17	431	12	488	9	8	0	50	500	500	500	500	500	0	
3.1399983706e+02	25	424	18	482	4	11	0	50	500	500	500	500	500	0	
3.1449752447e+02	22	427	21	479	5	6	0	50	500	500	500	500	500	0	
3.1499905206e+02	22	426	9	491	1	10	0	50	500	500	500	500	500	0	
3.1549639228e+02	18	431	13	487	5	10	0	50	500	500	500	500	500	0	
3.1599988245e+02	17	432	11	489	4	9	0	50	500	500	500	500	500	0	
3.1649982393e+02	18	429	13	487	1	7	0	50	500	500	500	500	500	0	
3.1699847193e+02	13	435	1	499	6	2	0	50	500	500	500	500	500	0	
3.1749928664e+02	13	433	10	490	4	5	0	50	500	500	500	500	500	0	
3.1799743404e+02	10	437	10	490	3	6	0	50	500	500	500	500	500	0	
3.1849847504e+02	11	438	17	483	5	3	0	50	500	500	500	500	500	0	
3.1899913242e+02	9	441	13	487	4	5	0	50	500	500	500	500	500	0	
3.1949901944e+02	9	443	12	488	4	5	0	50	500	500	500	500	500	0	
3.1999963134e+02	7	446	12	488	9	6	0	50	500	500	500	500	500	0	
3.2049944461e+02	8	446	10	490	5	5	0	50	500	500	500	500	500	0	
3.2099875665e+02	10	445	8	492	5	7	0	50	500	500	500	500	500	0	
3.2149979326e+02	11	443	12	488	3	8	0	50	500	500	500	500	500	0	
3.2199725444e+02	10	445	8	492	2	7	0	50	500	500	500	500	500	0	
3.2249894625e+02	8	451	10	490	2	6	0	50	500	500	500	500	500	0	
3.2299919627e+02	7	454	10	490	1	5	0	50	500	500	500	500	500	0	
3.2349993967e+02	8	453	6	494	4	4	0	50	500	500	500	500	500	0	
3.2399965180e+02	6	455	9	491	4	11	0	50	500	500	500	500	500	0	
3.2449981142e+02	8	452	9	491	5	10	0	50	500	500	500	500	500	0	
3.2499995446e+02	10	451	7	493	5	9	0	50	500	500	500	500	500	0	
3.2549977714e+02	7	455	10	490	6	4	0	50	500	500	500	500	500	0	
3.2599957190e+02	6	456	11	489	3	10	0	50	500	500	500	500	500	0	
3.2649985910e+02	5	460	2	498	8	2	0	50	500	500	500	500	500	0	
3.2699866961e+02	4	462	14	486	6	5	0	50	500	500	500	500	500	0	
3.2749943504e+02	5	463	6	494	2	6	0	50	500	500	500	500	500	0	
3.2799969651e+02	10	458	10	490	8	3	0	50	500	500	500	500	500	0	
3.2849412096e+02	11	458	8	492	5	8	0	50	500	500	500	500	500	0	
3.2899912961e+02	9	460	15	485	7	3	0	50	500	500	500	500	500	0	
3.2949928351e+02	9	461	6	494	3	7	0	50	500	500	500	500	500	0	
3.2999973676e+02	14	457	9	491	9	6	0	50	500	500	500	500	500	0	
3.3049802898e+02	18	452	7	493	3	8	0	50	500	500	500	500	500	0	
3.3099987692e+02	18	453	12	488	2	2	0	50	500	500	500	500	500	0	
3.3149787958e+02	19	453	12	488	3	5	0	50	500	500	500	500	500	0	
3.3199915979e+02	21	450	8	492	6	3	0	50	500	500	500	500	500	0	
3.3249984682e+02	15	456	11	489	2	7	0	50	500	500	500	500	500	0	
3.3299980424e+02	9	463	8	492	2	4	0	50	500	500	500	500	500	0	
3.3349774160e+02	7	465	14	486	3	8	0	50	500	500	500	500	500	0	
3.3399938205e+02	11	461	7	493	4	5	0	50	500	500	500	500	500	0	
3.3449931469e+02	10	462	12	488	1	6	0	50	500	500	500	500	500	0	
3.3499888853e+02	11	461	9	491	4	7	0	50	500	500	500	500	500	0	
3.3549928325e+02	12	460	7	493	4	5	0	50	500	500	500	500	500	0	
3.3599801730e+02	12	458	9	491	4	7	0	50	500	500	500	500	500	0	
3.3649816223e+02	21	451	5	495	7	8	0	50	500	500	500	500	500	0	
3.3699899435e+02	16	458	4	496	4	5	0	50	500	500	500	500	500	0	
3.3749939128e+02	14	461	12	488	3	10	0	50	500	500	500	500	500	0	
3.3799951646e+02	12	464	12	488	1	5	0	50	500	500	500	500	500	0	
3.3849702587e+02	11	467	10	490	5	2	0	50	500	500	500	500	500	0	
3.3898962035e+02	12	469	14	486	1	6	0	50	500	500	500	500	500	0	
3.3949903679e+02	15	468	10	490	4	4	0	50	500	500	500	500	500	0	
3.3999920971e+02	13	470	7	493	3	10	0	50	500	500	500	500	500	0	
3.4049816186e+02	13	470	7	493	2	7	0	50	500	500	500	500	500	0	
3.4099986590e+02	15	470	9	491	4	4	0	50	500	500	500	500	500	0	
3.4149506834e+02	13	474	8	492	2	7	0	50	500	500	500	500	500	0	
3.4199908245e+02	12	475	5	495	6	2	0	50	500	500	500	500	500	0	
3.4249440031e+02	13	475	9	491	7	3	0	50	500	500	500	500	500	0	
3.4299655378e+02	13	476	6	494	5	8	0	50	500	500	500	500	500	0	
3.4349836214e+02	13	475	6	494	8	9	0	50	500	500	500	500	500	0	
3.4399534870e+02	14	474	6	494	4	8	0	50	500	500	500	500	500	0	
3.4449557561e+02	14	475	7	493	3	6	0	50	500	500	500	500	500	0	
3.4499630559e+02	16	473	4	496	4	7	0	50	500	500	500	500	500	0	
3.4549984845e+02	16	473	4	496	1	4	0	50	500	500	500	500	500	0	
3.4599969051e+02	13	477	8	492	2	3	0	50	500	500	500	500	500	0	
3.4649964531e+02	13	480	11	489	10	4	0	50	500	500	500	500	500	0	
3.4699982878e+02	14	480	13	487	7	7	0	50	500	500	500	500	500	0	
3.4749993924e+02	16	479	13	487	5	8	0	50	500	500	500	500	500	0	
3.4799995244e+02	20	475	9	491	5	6	0	50	500	500	500	500	500	0	
3.4849853916e+02	18	476	13	487	7	7	0	50	500	500	500	500	500	0	
3.4899885689e+02	17	478	10	490	3	4	0	50	500	500	500	500	500	0	
3.4949760163e+02	15	478	7	493	6	5	0	50	500	500	500	500	500	0	
3.4999388427e+02	13	480	7	493	5	6	0	50	500	500	500	500	500	0	
3.5049761383e+02	12	482	8	492	6	6	0	50	500	500	500	500	500	0	
3.5099699862e+02	11	484	8	492	5	13	0	50	500	500	500	500	500	0	
3.5149888300e+02	12	482	10	490	5	9	0	50	500	500	500	500	500	0	
3.5199937199e+02	11	483	10	490	7	7	0	50	500	500	500	500	500	0	
3.5249646875e+02	10	483	6	494	4	4	0	50	500	500	500	500	500	0	
3.5299889611e+02	8	484	11	489	4	2	0	50	500	500	500	500	500	0	
3.5349821496e+02	11	482	7	493	3	7	0	50	500	500	500	500	500	0	
3.5399672287e+02	13	481	12	488	2	6	0	50	500	500	500	500	500	0	
3.5449686642e+02	15	478	3	497	4	7	0	50	500	500	500	500	500	0	
3.5499809836e+02	12	481	12	488	5	8	0	50	500	500	500	500	500	0	
3.5549949040e+02	11	481	6	494	2	3	0	50	500	500	500	500	500	0	
3.5599622846e+02	13	480	8	492	5	6	0	50	500	500	500	500	500	0	
3.5649954150e+02	12	484	1	499	6	1	0	50	500	500	500	500	500	0	
3.5699471775e+02	12	483	5	495	1	5	0	50	500	500	500	500	500	0	
3.5749728222e+02	9	487	6	494	3	3	0	50	500	500	500	500	500	0	
3.5799970545e+02	7	490	14	486	3	6	0	50	500	500	500	500	500	0	
3.5849847189e+02	13	483	10	490	5	6	0	50	500	500	500	500	500	0	
3.5899942769e+02	9	488	7	493	1	4	0	50	500	500	500	500	500	0	
3.5949722880e+02	8	489	7	493	1	5	0	50	500	500	500	500	500	0	
3.5999453228e+02	9	488	6	494	5	5	0	50	500	500	500	500	500	0	
3.6049957401e+02	10	489	4	496	4	6	0	50	500	500	500	500	500	0	
3.6099620347e+02	10	490	8	492	2	9	0	50	500	500	500	500	500	0	
3.6149723373e+02	7	494	1	499	4	11	0	50	500	500	500	500	500	0	
3.6199993107e+02	11	490	6	494	7	6	0	50	500	500	500	500	500	0	
3.6249984835e+02	11	491	10	490	7	6	0	50	500	500	500	500	500	0	
3.6299969242e+02	11	491	10	490	5	6	0	50	500	500	500	500	500	0	
3.6349915965e+02	14	488	3	497	6	4	0	50	500	500	500	500	500	0	
3.6399434533e+02	18	485	11	489	3	7	0	50	500	500	500	500	500	0	
3.6449646888e+02	18	485	16	484	1	6	0	50	500	500	500	500	500	0	
3.6499922202e+02	16	489	12	488	6	4	0	50	500	500	500	500	500	0	
3.6549929933e+02	16	491	14	486	5	7	0	50	500	500	500	500	500	0	
3.6599911480e+02	19	488	12	488	6	4	0	50	500	500	500	500	500	0	
3.6649938981e+02	13	493	14	486	5	6	0	50	500	500	500	500	500	0	
3.6699737514e+02	14	495	13	487	3	8	0	50	500	500	500	500	500	0	
3.6749802191e+02	14	497	11	489	3	6	0	50	500	500	500	500	500	0	
3.6799963350e+02	15	497	3	497	5	5	0	50	500	500	500	500	500	0	
3.6849817802e+02	14	495	9	491	5	3	0	50	500	500	500	500	500	0	
3.6899943214e+02	9	500	4	496	2	3	0	50	500	500	500	500	500	0	
3.6949993406e+02	11	499	12	488	4	8	0	50	500	500	500	500	500	0	
3.6999780885e+02	9	504	13	487	3	4	0	50	500	500	500	500	500	0	
3.7049942654e+02	11	502	8	492	3	4	0	50	500	500	500	500	500	0	
3.7099827852e+02	12	500	5	495	2	9	0	50	500	500	500	500	500	0	
3.7149873080e+02	14	496	11	489	8	6	0	50	500	500	500	500	500	0	
3.7199796713e+02	15	496	5	495	6	3	0	50	500	500	500	500	500	0	
3.7249935037e+02	13	497	8	492	5	4	0	50	500	500	500	500	500	0	
3.7299804050e+02	16	494	7	493	5	7	0	50	500	500	500	500	500	0	
3.7349999190e+02	15	495	10	490	5	2	0	50	500	500	500	500	500	0	
3.7399986108e+02	16	495	3	497	5	9	0	50	500	500	500	500	500	0	
3.7449958616e+02	14	500	6	494	3	8	0	50	500	500	500	500	500	0	
3.7499985427e+02	14	501	9	491	4	6	0	50	500	500	500	500	500	0	
3.7549967537e+02	19	497	11	489	5	6	0	50	500	500	500	500	500	0	
3.7599964044e+02	22	495	12	488	3	10	0	50	500	500	500	500	500	0	
3.7649919436e+02	18	500	9	491	0	8	0	50	500	500	500	500	500	0	
3.7699879438e+02	17	501	16	484	2	4	0	50	500	500	500	500	500	0	
3.7749982849e+02	19	500	6	494	5	7	0	50	500	500	500	500	500	0	
3.7799940060e+02	16	503	5	495	2	4	0	50	500	500	500	500	500	0	
3.7849798178e+02	12	509	6	494	3	4	0	50	500	500	500	500	500	0	
3.7899640932e+02	7	516	7	493	4	2	0	50	500	500	500	500	500	0	
3.7949959378e+02	7	515	4	496	6	2	0	50	500	500	500	500	500	0	
3.7999979012e+02	6	516	10	490	5	7	0	50	500	500	500	500	500	0	
3.8049905386e+02	7	515	6	494	2	6	0	50	500	500	500	500	500	0	
3.8099746319e+02	7	515	8	492	5	7	0	50	500	500	500	500	500	0	
3.8149896734e+02	7	518	9	491	7	4	0	50	500	500	500	500	500	0	
3.8199967736e+02	7	520	8	492	5	12	0	50	500	500	500	500	500	0	
3.8249901731e+02	10	518	5	495	1	6	0	50	500	500	500	500	500	0	
3.8299653239e+02	10	521	6	494	6	6	0	50	500	500	500	500	500	0	
3.8349353612e+02	8	523	2	498	4	5	0	50	500	500	500	500	500	0	
3.8399837124e+02	10	523	6	494	7	7	0	50	500	500	500	500	500	0	
3.8449725331e+02	8	525	9	491	4	7	0	50	500	500	500	500	500	0	
3.8499898220e+02	9	525	5	495	6	4	0	50	500	500	500	500	500	0	
3.8549985809e+02	15	518	5	495	6	8	0	50	500	500	500	500	500	0	
3.8599989502e+02	13	521	10	490	2	4	0	50	500	500	500	500	500	0	
3.8649842076e+02	13	522	12	488	2	4	0	50	500	500	500	500	500	0	
3.8699969383e+02	15	517	7	493	5	6	0	50	500	500	500	500	500	0	
3.8749900843e+02	17	517	7	493	6	12	0	50	500	500	500	500	500	0	
3.8799787728e+02	25	509	13	487	6	7	0	50	500	500	500	500	500	0	
3.8849896972e+02	29	504	6	494	6	5	0	50	500	500	500	500	500	0	
3.8899968044e+02	26	506	8	492	5	2	0	50	500	500	500	500	500	0	
3.8949984181e+02	24	505	7	493	0	7	0	50	500	500	500	500	500	0	
3.8999943234e+02	24	505	10	490	7	9	0	50	500	500	500	500	500	0	
3.9049977288e+02	23	507	6	494	5	6	0	50	500	500	500	500	500	0	
3.9099999107e+02	23	508	7	493	2	6	0	50	500	500	500	500	500	0	
3.9149950227e+02	24	506	5	495	4	9	0	50	500	500	500	500	500	0	
3.9199821062e+02	18	512	4	496	4	1	0	50	500	500	500	500	500	0	
3.9249157832e+02	14	514	8	492	2	3	0	50	500	500	500	500	500	0	
3.9299925023e+02	11	517	8	492	6	7	0	50	500	500	500	500	500	0	
3.9349954982e+02	11	518	2	498	5	7	0	50	500	500	500	500	500	0	
3.9399743588e+02	14	514	12	488	4	8	0	50	500	500	500	500	500	0	
3.9449546131e+02	17	514	9	491	2	4	0	50	500	500	500	500	500	0	
3.9499974006e+02	14	517	15	485	6	4	0	50	500	500	500	500	500	0	
3.9549946833e+02	14	517	7	493	4	5	0	50	500	500	500	500	500	0	
3.9599870565e+02	15	516	13	487	3	4	0	50	500	500	500	500	500	0	
3.9649929398e+02	13	517	8	492	5	8	0	50	500	500	500	500	500	0	
3.9699939954e+02	11	521	10	490	4	5	0	50	500	500	500	500	500	0	
3.9749878166e+02	9	524	11	489	4	10	0	50	500	500	500	500	500	0	
3.9799229848e+02	12	522	7	493	1	6	0	50	500	500	500	500	500	0	
3.9849111793e+02	12	523	13	487	3	7	0	50	500	500	500	500	500	0	
3.9899651966e+02	19	514	7	493	7	8	0	50	500	500	500	500	500	0	
3.9949502752e+02	17	516	3	497	3	9	0	50	500	500	500	500	500	0	
3.9999972276e+02	15	518	13	487	8	5	0	50	500	500	500	500	500	0	
4.0049800334e+02	14	520	6	494	12	6	0	50	500	500	500	500	500	0	
4.0099898827e+02	14	521	6	494	6	6	0	50	500	500	500	500	500	0	
4.0149943291e+02	16	519	10	490	3	14	0	50	500	500	500	500	500	0	
4.0199574231e+02	13	522	2	498	4	7	0	50	500	500	500	500	500	0	
4.0249953639e+02	15	522	11	489	6	8	0	50	500	500	500	500	500	0	
4.0299898836e+02	15	522	6	494	2	6	0	50	500	500	500	500	500	0	
4.0349623951e+02	15	522	5	495	4	6	0	50	500	500	500	500	500	0	
4.0399950129e+02	10	528	10	490	3	4	0	50	500	500	500	500	500	0	
4.0449787459e+02	9	528	3	497	6	9	0	50	500	500	500	500	500	0	
4.0499901225e+02	10	528	12	488	5	5	0	50	500	500	500	500	500	0	
4.0549947080e+02	14	525	9	491	5	8	0	50	500	500	500	500	500	0	
4.0599871145e+02	15	525	8	492	8	8	0	50	500	500	500	500	500	0	
4.0649716046e+02	16	525	10	490	2	5	0	50	500	500	500	500	500	0	
4.0699905560e+02	12	530	6	494	4	6	0	50	500	500	500	500	500	0	
4.0749950515e+02	10	532	4	496	3	10	0	50	500	500	500	500	500	0	
4.0799979601e+02	13	529	10	490	4	9	0	50	500	500	500	500	500	0	
4.0849919995e+02	12	529	8	492	3	6	0	50	500	500	500	500	500	0	
4.0899992032e+02	10	530	8	492	3	9	0	50	500	500	500	500	500	0	
4.0949899682e+02	10	530	6	494	2	1	0	50	500	500	500	500	500	0	
4.0999965336e+02	9	531	7	493	4	2	0	50	500	500	500	500	500	0	
4.1049997624e+02	7	533	15	485	0	6	0	50	500	500	500	500	500	0	
4.1099924342e+02	7	534	8	492	4	9	0	50	500	500	500	500	500	0	
4.1149985075e+02	8	533	11	489	2	8	0	50	500	500	500	500	500	0	
4.1199678141e+02	7	535	5	495	5	9	0	50	500	500	500	500	500	0	
4.1249955772e+02	7	535	6	494	3	8	0	50	500	500	500	500	500	0	
4.1299852370e+02	5	539	3	497	5	10	0	50	500	500	500	500	500	0	
4.1349783547e+02	9	535	10	490	3	12	0	50	500	500	500	500	500	0	
4.1399990314e+02	7	536	7	493	6	8	0	50	500	500	500	500	500	0	
4.1449867683e+02	7	537	10	490	5	6	0	50	500	500	500	500	500	0	
4.1499903720e+02	7	537	6	494	8	3	0	50	500	500	500	500	500	0	
4.1549818325e+02	9	535	7	493	6	3	0	50	500	500	500	500	500	0	
4.1599938021e+02	10	534	5	495	5	9	0	50	500	500	500	500	500	0	
4.1649761876e+02	12	533	13	487	7	6	0	50	500	500	500	500	500	0	
4.1699903732e+02	12	531	6	494	8	6	0	50	500	500	500	500	500	0	
4.1749957218e+02	11	533	8	492	7	3	0	50	500	500	500	500	500	0	
4.1799986561e+02	12	535	11	489	4	9	0	50	500	500	500	500	500	0	
4.1849834814e+02	11	536	7	493	5	5	0	50	500	500	500	500	500	0	
4.1899790852e+02	10	538	6	494	5	2	0	50	500	500	500	500	500	0	
4.1949956279e+02	10	538	5	495	0	9	0	50	500	500	500	500	500	0	
4.1999602016e+02	8	542	9	491	5	6	0	50	500	500	500	500	500	0	
4.2049986426e+02	10	540	4	496	2	8	0	50	500	500	500	500	500	0	
4.2099765447e+02	11	539	6	494	6	7	0	50	500	500	500	500	500	0	
4.2149478886e+02	12	538	8	492	4	6	0	50	500	500	500	500	500	0	
4.2199677526e+02	11	538	14	486	6	8	0	50	500	500	500	500	500	0	
4.2249970607e+02	11	539	10	490	2	7	0	50	500	500	500	500	500	0	
4.2299850731e+02	8	542	7	493	3	2	0	50	500	500	500	500	500	0	
4.2349618692e+02	5	545	4	496	3	5	0	50	500	500	500	500	500	0	
4.2399547078e+02	7	542	6	494	4	2	0	50	500	500	500	500	500	0	
4.2449984495e+02	8	543	11	489	4	6	0	50	500	500	500	500	500	0	
4.2499673055e+02	4	546	8	492	6	8	0	50	500	500	500	500	500	0	
4.2548009786e+02	6	545	5	495	4	4	0	50	500	500	500	500	500	0	
4.2599663740e+02	10	541	7	493	6	5	0	50	500	500	500	500	500	0	
4.2649973280e+02	9	542	6	494	3	6	0	50	500	500	500	500	500	0	
4.2699801825e+02	10	542	5	495	6	3	0	50	500	500	500	500	500	0	
4.2749840734e+02	10	542	4	496	4	5	0	50	500	500	500	500	500	0	
4.2799991620e+02	10	541	10	490	3	4	0	50	500	500	500	500	500	0	
4.2849871473e+02	15	539	9	491	7	11	0	50	500	500	500	500	500	0	
4.2899845218e+02	19	536	4	496	3	7	0	50	500	500	500	500	500	0	
4.2949834135e+02	18	537	5	495	2	5	0	50	500	500	500	500	500	0	
4.2999492986e+02	15	541	10	490	4	8	0	50	500	500	500	500	500	0	
4.3049944342e+02	13	544	3	497	3	9	0	50	500	500	500	500	500	0	
4.3099686176e+02	19	539	7	493	1	4	0	50	500	500	500	500	500	0	
4.3149941743e+02	17	541	7	493	6	7	0	50	500	500	500	500	500	0	
4.3199975207e+02	20	539	7	493	11	7	0	50	500	500	500	500	500	0	
4.3249991977e+02	21	538	6	494	5	6	0	50	500	500	500	500	500	0	
4.3299955572e+02	19	540	12	488	6	5	0	50	500	500	500	500	500	0	
4.3349975837e+02	19	539	8	492	2	3	0	50	500	500	500	500	500	0	
4.3399752474e+02	16	542	9	491	3	4	0	50	500	500	500	500	500	0	
4.3449984131e+02	16	543	6	494	6	4	0	50	500	500	500	500	500	0	
4.3499965027e+02	16	543	7	493	5	4	0	50	500	500	500	500	500	0	
4.3549021150e+02	19	540	4	496	7	6	0	50	500	500	500	500	500	0	
4.3599726684e+02	17	542	7	493	6	8	0	50	500	500	500	500	500	0	
4.3649877330e+02	14	545	7	493	4	4	0	50	500	500	500	500	500	0	
4.3699863982e+02	10	550	6	494	7	4	0	50	500	500	500	500	500	0	
4.3749593853e+02	9	550	6	494	3	6	0	50	500	500	500	500	500	0	
4.3799959933e+02	8	551	5	495	3	4	0	50	500	500	500	500	500	0	
4.3849953843e+02	9	549	2	498	2	4	0	50	500	500	500	500	500	0	
4.3899870701e+02	9	547	5	495	5	7	0	50	500	500	500	500	500	0	
4.3949904431e+02	8	549	6	494	1	7	0	50	500	500	500	500	500	0	
4.3999481046e+02	8	550	8	492	5	2	0	50	500	500	500	500	500	0	
4.4049594459e+02	6	553	8	492	4	9	0	50	500	500	500	500	500	0	
4.4099978131e+02	12	547	4	496	4	9	0	50	500	500	500	500	500	0	
4.4149493668e+02	11	548	4	496	7	7	0	50	500	500	500	500	500	0	
4.4199951296e+02	12	547	6	494	1	5	0	50	500	500	500	500	500	0	
4.4249584893e+02	13	545	9	491	4	7	0	50	500	500	500	500	500	0	
4.4299925308e+02	20	538	5	495	5	3	0	50	500	500	500	500	500	0	
4.4349926477e+02	19	538	8	492	3	7	0	50	500	500	500	500	500	0	
4.4399716522e+02	15	543	7	493	9	8	0	50	500	500	500	500	500	0	
4.4449869312e+02	10	548	2	498	5	9	0	50	500	500	500	500	500	0	
4.4499990682e+02	9	549	2	498	3	10	0	50	500	500	500	500	500	0	
4.4549742034e+02	12	546	11	489	4	5	0	50	500	500	500	500	500	0	
4.4599838257e+02	12	548	3	497	5	7	0	50	500	500	500	500	500	0	
4.4649620930e+02	15	547	8	492	6	4	0	50	500	500	500	500	500	0	
4.4699893776e+02	17	546	3	497	7	7	0	50	500	500	500	500	500	0	
4.4749979265e+02	20	543	6	494	4	7	0	50	500	500	500	500	500	0	
4.4799916934e+02	17	547	10	490	2	7	0	50	500	500	500	500	500	0	
4.4849977844e+02	16	549	9	491	6	9	0	50	500	500	500	500	500	0	
4.4899954167e+02	20	548	9	491	4	5	0	50	500	500	500	500	500	0	
4.4949994114e+02	20	548	9	491	6	11	0	50	500	500	500	500	500	0	
4.4999982318e+02	24	546	10	490	3	8	0	50	500	500	500	500	500	0	
4.5049817456e+02	22	547	8	492	4	6	0	50	500	500	500	500	500	0	
4.5099971241e+02	23	546	14	486	5	7	0	50	500	500	500	500	500	0	
4.5149889855e+02	23	549	6	494	2	9	0	50	500	500	500	500	500	0	
4.5199876825e+02	20	552	12	488	7	2	0	50	500	500	500	500	500	0	
4.5249490436e+02	26	546	8	492	5	5	0	50	500	500	500	500	500	0	
4.5299958805e+02	20	551	9	491	10	2	0	50	500	500	500	500	500	0	
4.5349908821e+02	20	553	5	495	6	3	0	50	500	500	500	500	500	0	
4.5399935719e+02	20	552	5	495	6	8	0	50	500	500	500	500	500	0	
4.5449839164e+02	18	555	6	494	5	5	0	50	500	500	500	500	500	0	
4.5499770810e+02	16	557	6	494	6	7	0	50	500	500	500	500	500	0	
4.5549573899e+02	15	558	7	493	3	10	0	50	500	500	500	500	500	0	
4.5599975831e+02	16	558	7	493	2	7	0	50	500	500	500	500	500	0	
4.5649722899e+02	18	556	7	493	3	6	0	50	500	500	500	500	500	0	
4.5699948919e+02	17	559	5	495	1	2	0	50	500	500	500	500	500	0	
4.5749587799e+02	16	561	7	493	1	5	0	50	500	500	500	500	500	0	
4.5799666812e+02	11	566	7	493	3	3	0	50	500	500	500	500	500	0	
4.5849962145e+02	11	566	6	494	6	8	0	50	500	500	500	500	500	0	
4.5899929725e+02	8	571	10	490	5	9	0	50	500	500	500	500	500	0	
4.5949989932e+02	6	572	3	497	4	4	0	50	500	500	500	500	500	0	
4.5999963573e+02	8	570	4	496	3	6	0	50	500	500	500	500	500	0	
4.6048930726e+02	5	573	8	492	2	1	0	50	500	500	500	500	500	0	
4.6099932669e+02	8	570	6	494	3	7	0	50	500	500	500	500	500	0	
4.6149995963e+02	8	572	8	492	2	6	0	50	500	500	500	500	500	0	
4.6199925756e+02	10	569	7	493	9	3	0	50	500	500	500	500	500	0	
4.6249287551e+02	8	571	6	494	2	8	0	50	500	500	500	500	500	0	
4.6299936960e+02	11	568	6	494	4	8	0	50	500	500	500	500	500	0	
4.6348525936e+02	9	569	6	494	4	2	0	50	500	500	500	500	500	0	
4.6399820682e+02	10	571	12	488	6	1	0	50	500	500	500	500	500	0	
4.6449711300e+02	12	569	12	488	3	3	0	50	500	500	500	500	500	0	
4.6499992914e+02	12	567	5	495	6	5	0	50	500	500	500	500	500	0	
4.6549707147e+02	15	563	14	486	5	1	0	50	500	500	500	500	500	0	
4.6599777869e+02	12	566	13	487	4	6	0	50	500	500	500	500	500	0	
4.6649994746e+02	9	568	6	494	3	6	0	50	500	500	500	500	500	0	
4.6699744606e+02	11	566	9	491	4	5	0	50	500	500	500	500	500	0	
4.6749828058e+02	10	565	10	490	3	1	0	50	500	500	500	500	500	0	
4.6799789859e+02	10	565	8	492	5	6	0	50	500	500	500	500	500	0	
4.6849991300e+02	14	563	0	500	6	9	0	50	500	500	500	500	500	0	
4.6899714172e+02	15	563	11	489	4	9	0	50	500	500	500	500	500	0	
4.6949782550e+02	12	568	3	497	1	7	0	50	500	500	500	500	500	0	
4.6999686272e+02	10	571	5	495	6	4	0	50	500	500	500	500	500	0	
4.7049785424e+02	7	577	3	497	3	4	0	50	500	500	500	500	500	0	
4.7099725647e+02	6	578	4	496	2	4	0	50	500	500	500	500	500	0	
4.7149989639e+02	6	580	5	495	5	4	0	50	500	500	500	500	500	0	
4.7199979864e+02	7	580	7	493	6	8	0	50	500	500	500	500	500	0	
4.7249943541e+02	7	581	9	491	7	4	0	50	500	500	500	500	500	0	
4.7299929645e+02	10	580	5	495	3	9	0	50	500	500	500	500	500	0	
4.7349768939e+02	11	582	11	489	1	6	0	50	500	500	500	500	500	0	
4.7399901073e+02	12	582	5	495	6	6	0	50	500	500	500	500	500	0	
4.7449983306e+02	13	583	7	493	3	7	0	50	500	500	500	500	500	0	
4.7499831362e+02	11	584	6	494	5	7	0	50	500	500	500	500	500	0	
4.7549534108e+02	13	583	5	495	1	5	0	50	500	500	500	500	500	0	
4.7599553115e+02	13	582	2	498	0	12	0	50	500	500	500	500	500	0	
4.7649834591e+02	10	586	11	489	6	10	0	50	500	500	500	500	500	0	
4.7699877472e+02	11	586	2	498	6	10	0	50	500	500	500	500	500	0	
4.7749692858e+02	11	586	6	494	6	4	0	50	500	500	500	500	500	0	
4.7799956735e+02	10	588	7	493	6	6	0	50	500	500	500	500	500	0	
4.7849813065e+02	10	588	3	497	6	7	0	50	500	500	500	500	500	0	
4.7899887824e+02	10	587	6	494	4	6	0	50	500	500	500	500	500	0	
4.7949992405e+02	9	589	3	497	2	5	0	50	500	500	500	500	500	0	
4.7999781101e+02	9	591	8	492	10	8	0	50	500	500	500	500	500	0	
4.8049953286e+02	11	589	5	495	8	9	0	50	500	500	500	500	500	0	
4.8099894203e+02	12	586	7	493	8	10	0	50	500	500	500	500	500	0	
4.8149889508e+02	15	583	8	492	3	10	0	50	500	500	500	500	500	0	
4.8199604645e+02	15	584	7	493	6	7	0	50	500	500	500	500	500	0	
4.8249883906e+02	12	592	4	496	7	3	0	50	500	500	500	500	500	0	
4.8299812629e+02	10	592	8	492	4	8	0	50	500	500	500	500	500	0	
4.8349880028e+02	11	591	10	490	4	5	0	50	500	500	500	500	500	0	
4.8399798428e+02	13	587	7	493	3	5	0	50	500	500	500	500	500	0	
4.8449858031e+02	16	584	10	490	2	8	0	50	500	500	500	500	500	0	
4.8499927031e+02	14	587	6	494	6	3	0	50	500	500	500	500	500	0	
4.8549988738e+02	16	587	8	492	3	3	0	50	500	500	500	500	500	0	
4.8599941431e+02	11	592	8	492	1	3	0	50	500	500	500	500	500	0	
4.8649697313e+02	12	591	7	493	5	7	0	50	500	500	500	500	500	0	
4.8699831762e+02	12	593	5	495	5	5	0	50	500	500	500	500	500	0	
4.8749434981e+02	13	591	9	491	2	3	0	50	500	500	500	500	500	0	
4.8799928486e+02	9	597	5	495	8	4	0	50	500	500	500	500	500	0	
4.8849995209e+02	10	597	2	498	4	5	0	50	500	500	500	500	500	0	
4.8899941852e+02	9	598	3	497	4	8	0	50	500	500	500	500	500	0	
4.8949807987e+02	7	599	2	498	4	2	0	50	500	500	500	500	500	0	
4.8999971175e+02	11	595	9	491	4	5	0	50	500	500	500	500	500	0	
4.9049979700e+02	14	592	10	490	6	7	0	50	500	500	500	500	500	0	
4.9099993791e+02	12	594	13	487	2	7	0	50	500	500	500	500	500	0	
4.9149969258e+02	12	594	6	494	5	7	0	50	500	500	500	500	500	0	
4.9199831018e+02	18	588	6	494	2	4	0	50	500	500	500	500	500	0	
4.9249921266e+02	18	588	6	494	6	13	0	50	500	500	500	500	500	0	
4.9299898671e+02	16	589	8	492	6	2	0	50	500	500	500	500	500	0	
4.9349821230e+02	13	593	5	495	5	4	0	50	500	500	500	500	500	0	
4.9399956089e+02	13	593	6	494	5	6	0	50	500	500	500	500	500	0	
4.9449624251e+02	15	589	7	493	2	4	0	50	500	500	500	500	500	0	
4.9499952806e+02	12	592	10	490	5	4	0	50	500	500	500	500	500	0	
4.9549733702e+02	12	594	4	496	3	9	0	50	500	500	500	500	500	0	
4.9599733205e+02	11	597	6	494	6	9	0	50	500	500	500	500	500	0	
4.9649937247e+02	13	596	5	495	3	7	0	50	500	500	500	500	500	0	
4.9699949786e+02	17	593	11	489	3	9	0	50	500	500	500	500	500	0	
4.9749876442e+02	15	594	2	498	1	4	0	50	500	500	500	500	500	0	
4.9799964299e+02	15	595	8	492	5	6	0	50	500	500	500	500	500	0	
4.9849880495e+02	11	599	6	494	6	6	0	50	500	500	500	500	500	0	
4.9899816249e+02	11	599	6	494	5	7	0	50	500	500	500	500	500	0	
4.9949560417e+02	12	596	5	495	2	9	0	50	500	500	500	500	500	0	
4.9999953878e+02	9	600	11	489	3	9	0	50	500	500	500	500	500	0	
5.0000048895e+02	9	600	11	489	4	8	0	50	500	500	500	500	500	0	
