0.0000000000e+00	0	0	0	0	0	500	50	0	500	500	0	500	500	0	
4.9893558952e-01	0	1	0	0	26	474	50	0	500	500	0	500	500	0	
9.9520279832e-01	0	3	0	0	26	474	50	0	500	500	0	500	500	0	
1.4965400645e+00	0	3	1	0	41	459	50	0	500	500	0	500	500	0	
1.9952899631e+00	1	2	1	0	42	458	50	0	500	500	0	500	500	0	
2.4904874074e+00	1	3	0	1	36	464	50	0	500	500	0	500	500	0	
2.9946076135e+00	2	2	0	1	26	474	50	0	500	500	0	500	500	0	
3.4991427594e+00	5	1	2	0	34	466	50	0	500	500	0	500	500	0	
3.9989298180e+00	5	1	2	0	36	464	50	0	500	500	0	500	500	0	
4.4942345204e+00	6	0	3	0	30	470	50	0	500	500	0	500	500	0	
4.9981936875e+00	6	2	3	0	40	460	50	0	500	500	0	500	500	0	
5.4997108048e+00	7	1	3	0	44	456	50	0	500	500	0	500	500	0	
5.9988602782e+00	8	0	4	0	37	463	50	0	500	500	0	500	500	0	
6.4798034227e+00	8	1	4	0	40	460	50	0	500	500	0	500	500	0	
6.9973524452e+00	8	2	4	0	54	446	50	0	500	500	0	500	500	0	
7.4972274576e+00	8	2	4	0	36	464	50	0	500	500	0	500	500	0	
7.9965600582e+00	8	2	4	0	49	451	50	0	500	500	0	500	500	0	
8.4951454886e+00	10	3	5	0	48	452	50	0	500	500	0	500	500	0	
8.9954950791e+00	11	2	6	0	50	450	50	0	500	500	0	500	500	0	
9.4991028459e+00	11	2	6	0	45	455	50	0	500	500	0	500	500	0	
9.9975970913e+00	11	4	5	0	44	456	50	0	500	500	0	500	500	0	
1.0493653507e+01	13	2	5	1	43	457	50	0	500	500	0	500	500	0	
1.0997660512e+01	15	3	6	0	41	459	50	0	500	500	0	500	500	0	
1.1499274510e+01	16	2	6	1	42	458	50	0	500	500	0	500	500	0	
1.1992879551e+01	16	4	6	1	26	474	50	0	500	500	0	500	500	0	
1.2499830100e+01	17	3	7	0	40	460	50	0	500	500	0	500	500	0	
1.2999388908e+01	18	5	6	1	40	460	50	0	500	500	0	500	500	0	
1.3499188468e+01	19	5	8	0	68	432	50	0	500	500	0	500	500	0	
1.3996376394e+01	19	5	8	0	36	464	50	0	500	500	0	500	500	0	
1.4499463898e+01	22	3	8	0	45	455	50	0	500	500	0	500	500	0	
1.4999744040e+01	24	3	8	0	41	459	50	0	500	500	0	500	500	0	
1.5496768855e+01	25	3	7	1	54	446	50	0	500	500	0	500	500	0	
1.5998726784e+01	26	2	9	0	35	465	50	0	500	500	0	500	500	0	
1.6496266149e+01	27	4	8	1	38	462	50	0	500	500	0	500	500	0	
1.6999201627e+01	29	2	9	0	48	452	50	0	500	500	0	500	500	0	
1.7499124265e+01	31	1	10	0	39	461	50	0	500	500	0	500	500	0	
1.7999284709e+01	31	2	10	0	31	469	50	0	500	500	0	500	500	0	
1.8499526893e+01	32	2	10	0	59	441	50	0	500	500	0	500	500	0	
1.8997310760e+01	32	2	9	1	32	468	50	0	500	500	0	500	500	0	
1.9497634503e+01	33	3	10	0	43	457	50	0	500	500	0	500	500	0	
1.9998556310e+01	34	3	10	2	62	438	50	0	500	500	0	500	500	0	
2.0499754792e+01	34	3	11	1	61	439	50	0	500	500	0	500	500	0	
2.0997732695e+01	36	2	12	1	62	438	50	0	500	500	0	500	500	0	
2.1497751679e+01	36	4	12	1	43	457	50	0	500	500	0	500	500	0	
2.1997904692e+01	38	3	12	1	33	467	50	0	500	500	0	500	500	0	
2.2499584029e+01	39	2	10	3	47	453	50	0	500	500	0	500	500	0	
2.2998497460e+01	39	3	11	2	41	459	50	0	500	500	0	500	500	0	
2.3493009719e+01	41	2	11	2	34	466	50	0	500	500	0	500	500	0	
2.3997334209e+01	41	4	10	3	45	455	50	0	500	500	0	500	500	0	
2.4496832456e+01	41	5	11	2	32	468	50	0	500	500	0	500	500	0	
2.4999539706e+01	42	5	10	3	42	458	50	0	500	500	0	500	500	0	
2.5498660924e+01	43	6	10	3	45	455	50	0	500	500	0	500	500	0	
2.5997503345e+01	45	4	12	2	51	449	50	0	500	500	0	500	500	0	
2.6492995569e+01	46	5	12	2	36	464	50	0	500	500	0	500	500	0	
2.6998302985e+01	46	5	13	1	53	447	50	0	500	500	0	500	500	0	
2.7499137727e+01	48	4	14	2	54	446	50	0	500	500	0	500	500	0	
2.7997782489e+01	48	5	15	1	30	470	50	0	500	500	0	500	500	0	
2.8499457137e+01	50	4	15	1	45	455	50	0	500	500	0	500	500	0	
2.8999558416e+01	50	4	16	0	49	451	50	0	500	500	0	500	500	0	
2.9490509067e+01	51	4	16	1	34	466	50	0	500	500	0	500	500	0	
2.9998584500e+01	51	7	17	0	27	473	50	0	500	500	0	500	500	0	
3.0499278787e+01	53	5	17	0	41	459	50	0	500	500	0	500	500	0	
3.0995821290e+01	54	5	16	1	39	461	50	0	500	500	0	500	500	0	
3.1498654041e+01	55	4	17	0	44	456	50	0	500	500	0	500	500	0	
3.1999207595e+01	55	4	17	0	44	456	50	0	500	500	0	500	500	0	
3.2499183590e+01	56	3	18	0	39	461	50	0	500	500	0	500	500	0	
3.2999768044e+01	58	1	18	0	39	461	50	0	500	500	0	500	500	0	
3.3496979795e+01	58	1	19	0	27	473	50	0	500	500	0	500	500	0	
3.3998345093e+01	58	1	19	0	43	457	50	0	500	500	0	500	500	0	
3.4499401771e+01	58	1	19	0	41	459	50	0	500	500	0	500	500	0	
3.4998491468e+01	59	2	18	1	30	470	50	0	500	500	0	500	500	0	
3.5497221346e+01	60	2	19	0	32	468	50	0	500	500	0	500	500	0	
3.5998760080e+01	62	1	17	1	38	462	50	0	500	500	0	500	500	0	
3.6498853320e+01	62	3	17	1	36	464	50	0	500	500	0	500	500	0	
3.6997505453e+01	63	3	17	2	32	468	50	0	500	500	0	500	500	0	
3.7495812361e+01	63	5	18	1	33	467	50	0	500	500	0	500	500	0	
3.7996939029e+01	64	6	19	0	31	469	50	0	500	500	0	500	500	0	
3.8494224992e+01	64	8	18	0	49	451	50	0	500	500	0	500	500	0	
3.8999238208e+01	69	3	18	0	52	448	50	0	500	500	0	500	500	0	
3.9498548329e+01	69	4	17	1	43	457	50	0	500	500	0	500	500	0	
3.9999994177e+01	69	6	18	0	40	460	50	0	500	500	0	500	500	0	
4.0499910605e+01	72	4	17	1	32	468	50	0	500	500	0	500	500	0	
4.0999896045e+01	73	4	16	2	39	461	50	0	500	500	0	500	500	0	
4.1499644544e+01	75	4	18	0	38	462	50	0	500	500	0	500	500	0	
4.1998678547e+01	76	3	18	0	41	459	50	0	500	500	0	500	500	0	
4.2498915734e+01	77	3	17	2	35	465	50	0	500	500	0	500	500	0	
4.2997083522e+01	77	3	18	1	48	452	50	0	500	500	0	500	500	0	
4.3499478230e+01	78	2	18	1	51	449	50	0	500	500	0	500	500	0	
4.3997023941e+01	78	2	19	1	37	463	50	0	500	500	0	500	500	0	
4.4497325957e+01	79	3	20	0	41	459	50	0	500	500	0	500	500	0	
4.4998644867e+01	81	2	19	1	46	454	50	0	500	500	0	500	500	0	
4.5495727564e+01	83	2	19	0	49	451	50	0	500	500	0	500	500	0	
4.5999802936e+01	84	3	20	0	37	463	50	0	500	500	0	500	500	0	
4.6498382759e+01	83	3	19	0	48	452	50	0	500	500	0	500	500	0	
4.6999229153e+01	86	1	21	0	39	461	50	0	500	500	0	500	500	0	
4.7497880462e+01	86	2	20	0	24	476	50	0	500	500	0	500	500	0	
4.7994100230e+01	86	4	19	1	42	458	50	0	500	500	0	500	500	0	
4.8498943494e+01	89	4	20	0	41	459	50	0	500	500	0	500	500	0	
4.8997552407e+01	89	6	20	0	38	462	50	0	500	500	0	500	500	0	
4.9499485468e+01	92	3	18	2	51	449	50	0	500	500	0	500	500	0	
4.9997846179e+01	91	3	17	3	61	439	50	0	500	500	0	500	500	0	
5.0495880689e+01	93	0	17	3	36	464	50	0	500	500	0	500	500	0	
5.0997021466e+01	93	1	17	3	50	450	50	0	500	500	0	500	500	0	
5.1498525795e+01	94	1	18	3	42	458	50	0	500	500	0	500	500	0	
5.1998939722e+01	94	2	18	3	46	454	50	0	500	500	0	500	500	0	
5.2498568993e+01	94	3	18	2	39	461	50	0	500	500	0	500	500	0	
5.2998121291e+01	95	4	20	2	35	465	50	0	500	500	0	500	500	0	
5.3494394523e+01	97	4	22	1	47	453	50	0	500	500	0	500	500	0	
5.3999633543e+01	97	6	20	4	48	452	50	0	500	500	0	500	500	0	
5.4499732117e+01	100	4	20	4	45	455	50	0	500	500	0	500	500	0	
5.4999601416e+01	100	6	19	5	39	461	50	0	500	500	0	500	500	0	
5.5496877414e+01	101	5	16	7	50	450	50	0	500	500	0	500	500	0	
5.5998296274e+01	102	6	20	3	35	465	50	0	500	500	0	500	500	0	
5.6496953282e+01	101	7	21	2	47	453	50	0	500	500	0	500	500	0	
5.6998476357e+01	103	6	22	1	35	465	50	0	500	500	0	500	500	0	
5.7493661304e+01	104	6	21	2	54	446	50	0	500	500	0	500	500	0	
5.7997687454e+01	104	6	22	2	37	463	50	0	500	500	0	500	500	0	
5.8499414807e+01	106	7	21	3	49	451	50	0	500	500	0	500	500	0	
5.8997818797e+01	110	3	22	2	36	464	50	0	500	500	0	500	500	0	
5.9495724902e+01	112	3	23	1	35	465	50	0	500	500	0	500	500	0	
5.9998298510e+01	113	2	21	3	43	457	50	0	500	500	0	500	500	0	
6.0495251631e+01	114	1	23	1	31	469	50	0	500	500	0	500	500	0	
6.0996891613e+01	114	2	24	1	27	473	50	0	500	500	0	500	500	0	
6.1496703076e+01	114	2	23	1	43	457	50	0	500	500	0	500	500	0	
6.1998386589e+01	113	4	24	1	59	441	50	0	500	500	0	500	500	0	
6.2498018059e+01	115	3	24	2	39	461	50	0	500	500	0	500	500	0	
6.2993666877e+01	116	2	24	2	35	465	50	0	500	500	0	500	500	0	
6.3492525761e+01	117	2	23	2	33	467	50	0	500	500	0	500	500	0	
6.3998889327e+01	118	4	24	1	38	462	50	0	500	500	0	500	500	0	
6.4499691042e+01	120	2	22	3	42	458	50	0	500	500	0	500	500	0	
6.4997225247e+01	121	3	21	4	43	457	50	0	500	500	0	500	500	0	
6.5498005677e+01	120	4	21	4	44	456	50	0	500	500	0	500	500	0	
6.5998824738e+01	122	2	22	4	35	465	50	0	500	500	0	500	500	0	
6.6499867804e+01	121	3	23	2	41	459	50	0	500	500	0	500	500	0	
6.6998761647e+01	120	3	23	3	35	465	50	0	500	500	0	500	500	0	
6.7499932443e+01	119	4	22	4	46	454	50	0	500	500	0	500	500	0	
6.7995987126e+01	119	6	25	2	57	443	50	0	500	500	0	500	500	0	
6.8499142365e+01	122	6	25	2	38	462	50	0	500	500	0	500	500	0	
6.8999319528e+01	122	6	25	1	37	463	50	0	500	500	0	500	500	0	
6.9499900125e+01	124	5	27	0	54	446	50	0	500	500	0	500	500	0	
6.9994390297e+01	127	2	26	1	45	455	50	0	500	500	0	500	500	0	
7.0499898569e+01	128	2	27	1	37	463	50	0	500	500	0	500	500	0	
7.0999302484e+01	128	1	26	2	34	466	50	0	500	500	0	500	500	0	
7.1499109260e+01	128	3	28	0	47	453	50	0	500	500	0	500	500	0	
7.1999155673e+01	129	3	27	1	47	453	50	0	500	500	0	500	500	0	
7.2499193589e+01	129	3	28	1	49	451	50	0	500	500	0	500	500	0	
7.2999529588e+01	130	5	28	2	32	468	50	0	500	500	0	500	500	0	
7.3493847002e+01	131	4	31	1	30	470	50	0	500	500	0	500	500	0	
7.3996908643e+01	131	6	28	4	36	464	50	0	500	500	0	500	500	0	
7.4499349537e+01	134	4	30	3	41	459	50	0	500	500	0	500	500	0	
7.4999432685e+01	134	4	30	3	21	479	50	0	500	500	0	500	500	0	
7.5499023870e+01	134	4	32	1	36	464	50	0	500	500	0	500	500	0	
7.5999713459e+01	136	2	29	4	39	461	50	0	500	500	0	500	500	0	
7.6496177259e+01	136	2	30	3	34	466	50	0	500	500	0	500	500	0	
7.6998567415e+01	137	1	33	0	36	464	50	0	500	500	0	500	500	0	
7.7489541728e+01	137	1	31	2	35	465	50	0	500	500	0	500	500	0	
7.7998483097e+01	137	2	32	1	36	464	50	0	500	500	0	500	500	0	
7.8496758042e+01	137	2	31	2	50	450	50	0	500	500	0	500	500	0	
7.8996001619e+01	137	2	31	2	48	452	50	0	500	500	0	500	500	0	
7.9499859274e+01	136	3	33	0	39	461	50	0	500	500	0	500	500	0	
7.9990485986e+01	137	3	31	1	43	457	50	0	500	500	0	500	500	0	
8.0498240418e+01	139	2	31	1	26	474	50	0	500	500	0	500	500	0	
8.0999084120e+01	139	3	31	2	40	460	50	0	500	500	0	500	500	0	
8.1498005777e+01	139	4	31	3	46	454	50	0	500	500	0	500	500	0	
8.1999391866e+01	139	4	31	3	27	473	50	0	500	500	0	500	500	0	
8.2496911462e+01	141	8	31	3	32	468	50	0	500	500	0	500	500	0	
8.2998759536e+01	144	5	32	2	45	455	50	0	500	500	0	500	500	0	
8.3499473614e+01	144	5	32	2	38	462	50	0	500	500	0	500	500	0	
8.3996944354e+01	146	4	33	2	55	445	50	0	500	500	0	500	500	0	
8.4496783306e+01	147	4	31	3	57	443	50	0	500	500	0	500	500	0	
8.4992028095e+01	146	4	33	2	55	445	50	0	500	500	0	500	500	0	
8.5495424862e+01	146	5	32	3	30	470	50	0	500	500	0	500	500	0	
8.5992606571e+01	148	5	32	3	28	472	50	0	500	500	0	500	500	0	
8.6498511542e+01	149	4	31	3	44	456	50	0	500	500	0	500	500	0	
8.6999984549e+01	149	8	29	4	50	450	50	0	500	500	0	500	500	0	
8.7499266657e+01	150	6	29	3	48	452	50	0	500	500	0	500	500	0	
8.7999243286e+01	153	5	27	5	31	469	50	0	500	500	0	500	500	0	
8.8499675510e+01	156	4	29	3	23	477	50	0	500	500	0	500	500	0	
8.8998294136e+01	157	2	31	1	40	460	50	0	500	500	0	500	500	0	
8.9497462669e+01	157	3	30	1	43	457	50	0	500	500	0	500	500	0	
8.9998654582e+01	157	3	28	3	46	454	50	0	500	500	0	500	500	0	
9.0499075585e+01	157	5	30	2	51	449	50	0	500	500	0	500	500	0	
9.0999649855e+01	158	3	29	4	31	469	50	0	500	500	0	500	500	0	
9.1497764796e+01	159	3	31	2	36	464	50	0	500	500	0	500	500	0	
9.1996778568e+01	158	5	32	3	50	450	50	0	500	500	0	500	500	0	
9.2499361613e+01	159	4	31	5	41	459	50	0	500	500	0	500	500	0	
9.2991724374e+01	160	4	31	6	49	451	50	0	500	500	0	500	500	0	
9.3499024595e+01	161	3	35	1	45	455	50	0	500	500	0	500	500	0	
9.3999290166e+01	162	3	35	1	34	466	50	0	500	500	0	500	500	0	
9.4496528534e+01	163	4	33	3	37	463	50	0	500	500	0	500	500	0	
9.4986664511e+01	163	7	32	3	39	461	50	0	500	500	0	500	500	0	
9.5497118849e+01	163	10	33	2	27	473	50	0	500	500	0	500	500	0	
9.5999443904e+01	168	7	33	2	41	459	50	0	500	500	0	500	500	0	
9.6499503694e+01	169	6	29	6	31	469	50	0	500	500	0	500	500	0	
9.6991705195e+01	171	6	31	4	40	460	50	0	500	500	0	500	500	0	
9.7499400335e+01	172	5	32	2	46	454	50	0	500	500	0	500	500	0	
9.7999815375e+01	175	5	32	4	38	462	50	0	500	500	0	500	500	0	
9.8498633748e+01	176	3	35	1	47	453	50	0	500	500	0	500	500	0	
9.8996851182e+01	176	4	36	0	29	471	50	0	500	500	0	500	500	0	
9.9499300452e+01	177	3	36	0	41	459	50	0	500	500	0	500	500	0	
9.9997254677e+01	176	3	32	3	45	455	50	0	500	500	0	500	500	0	
1.0049636636e+02	176	5	35	0	36	464	50	0	500	500	0	500	500	0	
1.0099973643e+02	177	4	34	3	27	473	50	0	500	500	0	500	500	0	
1.0149981037e+02	177	4	36	1	51	449	50	0	500	500	0	500	500	0	
1.0199685417e+02	176	6	35	2	30	470	50	0	500	500	0	500	500	0	
1.0249950519e+02	178	5	35	2	29	471	50	0	500	500	0	500	500	0	
1.0299981313e+02	180	3	36	1	40	460	50	0	500	500	0	500	500	0	
1.0349372595e+02	180	3	36	1	37	463	50	0	500	500	0	500	500	0	
1.0399551887e+02	179	3	36	1	27	473	50	0	500	500	0	500	500	0	
1.0449935858e+02	180	3	36	0	31	469	50	0	500	500	0	500	500	0	
1.0499931411e+02	182	2	37	0	58	442	50	0	500	500	0	500	500	0	
1.0549635090e+02	184	1	35	1	31	469	50	0	500	500	0	500	500	0	
1.0599847105e+02	184	2	35	1	48	452	50	0	500	500	0	500	500	0	
1.0649897699e+02	184	4	36	1	48	452	50	0	500	500	0	500	500	0	
1.0699934521e+02	186	3	35	1	32	468	50	0	500	500	0	500	500	0	
1.0749943819e+02	186	4	36	0	40	460	50	0	500	500	0	500	500	0	
1.0799783296e+02	187	5	32	3	37	463	50	0	500	500	0	500	500	0	
1.0849499820e+02	189	6	33	1	28	472	50	0	500	500	0	500	500	0	
1.0899904684e+02	191	4	32	2	62	438	50	0	500	500	0	500	500	0	
1.0949896374e+02	191	5	30	3	48	452	50	0	500	500	0	500	500	0	
1.0999771454e+02	190	6	28	5	42	458	50	0	500	500	0	500	500	0	
1.1049893258e+02	191	6	28	6	52	448	50	0	500	500	0	500	500	0	
1.1099528384e+02	191	7	31	3	41	459	50	0	500	500	0	500	500	0	
1.1149917905e+02	191	8	27	6	49	451	50	0	500	500	0	500	500	0	
1.1199704750e+02	195	4	28	4	45	455	50	0	500	500	0	500	500	0	
1.1249684972e+02	194	5	29	3	35	465	50	0	500	500	0	500	500	0	
1.1299807232e+02	195	4	26	6	35	465	50	0	500	500	0	500	500	0	
1.1349894900e+02	197	5	30	2	41	459	50	0	500	500	0	500	500	0	
1.1399631160e+02	198	4	29	3	37	463	50	0	500	500	0	500	500	0	
1.1449777058e+02	197	6	27	5	43	457	50	0	500	500	0	500	500	0	
1.1499603819e+02	198	6	29	3	46	454	50	0	500	500	0	500	500	0	
1.1549987413e+02	199	8	30	2	34	466	50	0	500	500	0	500	500	0	
1.1599994952e+02	202	6	28	4	36	464	50	0	500	500	0	500	500	0	
1.1649932245e+02	204	4	30	2	46	454	50	0	500	500	0	500	500	0	
1.1699890303e+02	204	3	29	3	51	449	50	0	500	500	0	500	500	0	
1.1749785389e+02	204	3	28	4	46	454	50	0	500	500	0	500	500	0	
1.1799979101e+02	204	2	30	2	39	461	50	0	500	500	0	500	500	0	
1.1849825650e+02	205	2	30	1	38	462	50	0	500	500	0	500	500	0	
1.1899875818e+02	207	1	29	1	42	458	50	0	500	500	0	500	500	0	
1.1949777192e+02	207	2	27	2	52	448	50	0	500	500	0	500	500	0	
1.1999900636e+02	207	2	26	3	34	466	50	0	500	500	0	500	500	0	
1.2049309933e+02	206	2	25	4	42	458	50	0	500	500	0	500	500	0	
1.2099695254e+02	206	3	26	3	44	456	50	0	500	500	0	500	500	0	
1.2149747968e+02	205	4	24	5	44	456	50	0	500	500	0	500	500	0	
1.2199943277e+02	204	6	22	6	30	470	50	0	500	500	0	500	500	0	
1.2249979816e+02	204	4	22	6	39	461	50	0	500	500	0	500	500	0	
1.2299849487e+02	205	3	24	4	51	449	50	0	500	500	0	500	500	0	
1.2349708384e+02	206	4	25	3	39	461	50	0	500	500	0	500	500	0	
1.2399532996e+02	208	2	25	3	35	465	50	0	500	500	0	500	500	0	
1.2449913008e+02	208	2	26	1	24	476	50	0	500	500	0	500	500	0	
1.2499810635e+02	208	3	27	2	24	476	50	0	500	500	0	500	500	0	
1.2549761647e+02	208	4	29	0	41	459	50	0	500	500	0	500	500	0	
1.2599812733e+02	209	3	28	1	36	464	50	0	500	500	0	500	500	0	
1.2649525177e+02	210	4	25	4	36	464	50	0	500	500	0	500	500	0	
1.2699886062e+02	211	5	27	2	32	468	50	0	500	500	0	500	500	0	
1.2749581459e+02	211	6	29	0	39	461	50	0	500	500	0	500	500	0	
1.2799973401e+02	212	6	29	0	43	457	50	0	500	500	0	500	500	0	
1.2849767585e+02	212	6	27	3	34	466	50	0	500	500	0	500	500	0	
1.2899596946e+02	214	5	28	2	34	466	50	0	500	500	0	500	500	0	
1.2949987661e+02	215	5	26	4	42	458	50	0	500	500	0	500	500	0	
1.2999116756e+02	217	5	26	4	32	468	50	0	500	500	0	500	500	0	
1.3049660005e+02	216	4	27	3	39	461	50	0	500	500	0	500	500	0	
1.3099856826e+02	218	4	28	2	48	452	50	0	500	500	0	500	500	0	
1.3149413302e+02	220	4	29	1	34	466	50	0	500	500	0	500	500	0	
1.3199840853e+02	219	8	28	2	40	460	50	0	500	500	0	500	500	0	
1.3249811360e+02	221	6	27	3	48	452	50	0	500	500	0	500	500	0	
1.3299884745e+02	223	6	28	2	42	458	50	0	500	500	0	500	500	0	
1.3349881143e+02	224	6	29	1	48	452	50	0	500	500	0	500	500	0	
1.3399609061e+02	226	6	29	1	42	458	50	0	500	500	0	500	500	0	
1.3449531896e+02	228	5	26	4	39	461	50	0	500	500	0	500	500	0	
1.3499915185e+02	228	5	25	5	53	447	50	0	500	500	0	500	500	0	
1.3549748553e+02	229	5	26	5	39	461	50	0	500	500	0	500	500	0	
1.3599985675e+02	230	4	25	6	50	450	50	0	500	500	0	500	500	0	
1.3649634789e+02	231	6	27	4	55	445	50	0	500	500	0	500	500	0	
1.3699814716e+02	233	4	29	2	47	453	50	0	500	500	0	500	500	0	
1.3749394163e+02	235	2	28	3	44	456	50	0	500	500	0	500	500	0	
1.3799945200e+02	235	3	30	2	45	455	50	0	500	500	0	500	500	0	
1.3849986104e+02	235	3	29	3	41	459	50	0	500	500	0	500	500	0	
1.3899990783e+02	237	2	30	2	37	463	50	0	500	500	0	500	500	0	
1.3949968749e+02	237	1	31	0	39	461	50	0	500	500	0	500	500	0	
1.3999210364e+02	236	4	30	1	32	468	50	0	500	500	0	500	500	0	
1.4049983111e+02	237	5	30	1	41	459	50	0	500	500	0	500	500	0	
1.4099965532e+02	238	4	26	5	53	447	50	0	500	500	0	500	500	0	
1.4149745395e+02	238	3	29	2	39	461	50	0	500	500	0	500	500	0	
1.4199962370e+02	241	2	26	5	45	455	50	0	500	500	0	500	500	0	
1.4249958671e+02	240	4	30	2	28	472	50	0	500	500	0	500	500	0	
1.4299468808e+02	240	5	29	3	46	454	50	0	500	500	0	500	500	0	
1.4349852868e+02	240	7	30	2	53	447	50	0	500	500	0	500	500	0	
1.4399856652e+02	242	5	30	2	61	439	50	0	500	500	0	500	500	0	
1.4449971162e+02	242	5	30	2	44	456	50	0	500	500	0	500	500	0	
1.4499982523e+02	245	3	32	0	49	451	50	0	500	500	0	500	500	0	
1.4549991709e+02	245	1	30	1	48	452	50	0	500	500	0	500	500	0	
1.4599576435e+02	245	3	30	1	38	462	50	0	500	500	0	500	500	0	
1.4649424974e+02	246	2	31	1	46	454	50	0	500	500	0	500	500	0	
1.4699912556e+02	246	3	31	1	39	461	50	0	500	500	0	500	500	0	
1.4749597889e+02	247	2	32	1	48	452	50	0	500	500	0	500	500	0	
1.4799720980e+02	247	2	33	1	45	455	50	0	500	500	0	500	500	0	
1.4849910017e+02	248	1	33	1	35	465	50	0	500	500	0	500	500	0	
1.4899777058e+02	247	2	32	2	29	471	50	0	500	500	0	500	500	0	
1.4949862448e+02	247	3	31	2	31	469	50	0	500	500	0	500	500	0	
1.4999899791e+02	245	3	30	2	61	439	50	0	500	500	0	500	500	0	
1.5049986806e+02	245	3	32	0	51	449	50	0	500	500	0	500	500	0	
1.5099495823e+02	247	3	29	3	34	466	50	0	500	500	0	500	500	0	
1.5149827787e+02	247	3	28	4	35	465	50	0	500	500	0	500	500	0	
1.5199675996e+02	247	5	28	5	46	454	50	0	500	500	0	500	500	0	
1.5249209419e+02	247	5	32	1	52	448	50	0	500	500	0	500	500	0	
1.5299774287e+02	249	3	33	0	37	463	50	0	500	500	0	500	500	0	
1.5349683613e+02	250	4	31	2	35	465	50	0	500	500	0	500	500	0	
1.5399963882e+02	250	5	28	5	34	466	50	0	500	500	0	500	500	0	
1.5449894530e+02	251	5	32	1	47	453	50	0	500	500	0	500	500	0	
1.5499727085e+02	255	2	33	1	43	457	50	0	500	500	0	500	500	0	
1.5549337908e+02	255	3	34	1	46	454	50	0	500	500	0	500	500	0	
1.5599827389e+02	254	3	36	0	47	453	50	0	500	500	0	500	500	0	
1.5649514964e+02	254	4	32	4	45	455	50	0	500	500	0	500	500	0	
1.5699703005e+02	255	3	32	4	41	459	50	0	500	500	0	500	500	0	
1.5749860977e+02	256	3	34	2	37	463	50	0	500	500	0	500	500	0	
1.5799829526e+02	255	3	33	3	36	464	50	0	500	500	0	500	500	0	
1.5849909015e+02	255	5	33	3	34	466	50	0	500	500	0	500	500	0	
1.5899872154e+02	256	6	34	2	55	445	50	0	500	500	0	500	500	0	
1.5949974216e+02	258	6	36	0	42	458	50	0	500	500	0	500	500	0	
1.5999955851e+02	259	4	35	1	45	455	50	0	500	500	0	500	500	0	
1.6049980598e+02	260	4	36	0	34	466	50	0	500	500	0	500	500	0	
1.6099931157e+02	260	5	35	1	45	455	50	0	500	500	0	500	500	0	
1.6149873953e+02	262	4	32	5	40	460	50	0	500	500	0	500	500	0	
1.6199968232e+02	261	5	34	3	50	450	50	0	500	500	0	500	500	0	
1.6249772439e+02	262	5	35	2	41	459	50	0	500	500	0	500	500	0	
1.6299774129e+02	264	3	36	1	42	458	50	0	500	500	0	500	500	0	
1.6349665261e+02	264	3	33	4	46	454	50	0	500	500	0	500	500	0	
1.6399902550e+02	266	3	35	2	28	472	50	0	500	500	0	500	500	0	
1.6449394701e+02	268	1	34	4	38	462	50	0	500	500	0	500	500	0	
1.6499862105e+02	268	2	37	1	39	461	50	0	500	500	0	500	500	0	
1.6549842655e+02	269	1	34	4	40	460	50	0	500	500	0	500	500	0	
1.6599131667e+02	270	0	36	2	39	461	50	0	500	500	0	500	500	0	
1.6649711353e+02	270	0	38	0	45	455	50	0	500	500	0	500	500	0	
1.6699704236e+02	270	1	37	1	41	459	50	0	500	500	0	500	500	0	
1.6749278743e+02	270	1	35	2	48	452	50	0	500	500	0	500	500	0	
1.6799666917e+02	269	1	37	0	37	463	50	0	500	500	0	500	500	0	
1.6849813826e+02	270	1	36	1	36	464	50	0	500	500	0	500	500	0	
1.6899469830e+02	270	1	36	1	35	465	50	0	500	500	0	500	500	0	
1.6949625265e+02	270	1	35	1	36	464	50	0	500	500	0	500	500	0	
1.6999658008e+02	271	1	34	1	42	458	50	0	500	500	0	500	500	0	
1.7049908646e+02	271	1	34	1	46	454	50	0	500	500	0	500	500	0	
1.7099923913e+02	271	1	33	2	42	458	50	0	500	500	0	500	500	0	
1.7149214306e+02	271	1	33	2	27	473	50	0	500	500	0	500	500	0	
1.7199811857e+02	271	1	35	1	45	455	50	0	500	500	0	500	500	0	
1.7249597502e+02	270	1	35	2	45	455	50	0	500	500	0	500	500	0	
1.7299911093e+02	270	1	35	2	39	461	50	0	500	500	0	500	500	0	
1.7349941807e+02	270	3	33	5	40	460	50	0	500	500	0	500	500	0	
1.7399915927e+02	270	3	35	3	43	457	50	0	500	500	0	500	500	0	
1.7449602636e+02	271	4	37	1	35	465	50	0	500	500	0	500	500	0	
1.7499977791e+02	274	2	36	3	46	454	50	0	500	500	0	500	500	0	
1.7549571048e+02	273	4	37	2	50	450	50	0	500	500	0	500	500	0	
1.7599947535e+02	275	4	38	1	43	457	50	0	500	500	0	500	500	0	
1.7649913284e+02	276	5	35	3	49	451	50	0	500	500	0	500	500	0	
1.7699980138e+02	279	4	36	2	47	453	50	0	500	500	0	500	500	0	
1.7749921800e+02	279	4	37	1	36	464	50	0	500	500	0	500	500	0	
1.7799855210e+02	281	5	32	7	54	446	50	0	500	500	0	500	500	0	
1.7849730042e+02	282	5	31	8	50	450	50	0	500	500	0	500	500	0	
1.7899925617e+02	283	5	32	7	51	449	50	0	500	500	0	500	500	0	
1.7949875871e+02	285	5	34	6	50	450	50	0	500	500	0	500	500	0	
1.7999687178e+02	287	4	36	4	51	449	50	0	500	500	0	500	500	0	
1.8049629067e+02	286	4	37	3	32	468	50	0	500	500	0	500	500	0	
1.8099931281e+02	286	5	39	3	29	471	50	0	500	500	0	500	500	0	
1.8149999498e+02	287	5	41	2	44	456	50	0	500	500	0	500	500	0	
1.8199842410e+02	290	2	41	1	39	461	50	0	500	500	0	500	500	0	
1.8249566645e+02	290	2	41	3	32	468	50	0	500	500	0	500	500	0	
1.8299485203e+02	290	1	43	0	30	470	50	0	500	500	0	500	500	0	
1.8349874400e+02	289	1	44	0	38	462	50	0	500	500	0	500	500	0	
1.8399751658e+02	290	1	42	2	36	464	50	0	500	500	0	500	500	0	
1.8449600943e+02	291	2	40	4	45	455	50	0	500	500	0	500	500	0	
1.8499735298e+02	292	4	41	3	42	458	50	0	500	500	0	500	500	0	
1.8549988296e+02	294	4	42	2	49	451	50	0	500	500	0	500	500	0	
1.8599967676e+02	295	3	38	5	48	452	50	0	500	500	0	500	500	0	
1.8648962303e+02	295	4	37	7	40	460	50	0	500	500	0	500	500	0	
1.8699636092e+02	297	3	41	3	41	459	50	0	500	500	0	500	500	0	
1.8749969072e+02	298	3	43	1	50	450	50	0	500	500	0	500	500	0	
1.8799770003e+02	298	4	39	5	40	460	50	0	500	500	0	500	500	0	
1.8849970749e+02	298	5	41	3	48	452	50	0	500	500	0	500	500	0	
1.8899905278e+02	296	6	40	4	25	475	50	0	500	500	0	500	500	0	
1.8949926658e+02	296	7	41	4	33	467	50	0	500	500	0	500	500	0	
1.8999904855e+02	298	6	38	7	49	451	50	0	500	500	0	500	500	0	
1.9049798040e+02	299	6	37	9	32	468	50	0	500	500	0	500	500	0	
1.9099692230e+02	299	5	37	9	49	451	50	0	500	500	0	500	500	0	
1.9149901266e+02	298	7	40	6	45	455	50	0	500	500	0	500	500	0	
1.9199634427e+02	298	9	44	1	60	440	50	0	500	500	0	500	500	0	
1.9249687175e+02	299	7	45	0	38	462	50	0	500	500	0	500	500	0	
1.9299460327e+02	301	6	42	2	36	464	50	0	500	500	0	500	500	0	
1.9349902879e+02	302	6	39	4	40	460	50	0	500	500	0	500	500	0	
1.9399606115e+02	301	8	40	4	44	456	50	0	500	500	0	500	500	0	
1.9449341395e+02	302	9	37	7	53	447	50	0	500	500	0	500	500	0	
1.9499787114e+02	301	11	37	8	39	461	50	0	500	500	0	500	500	0	
1.9549980880e+02	309	5	38	7	36	464	50	0	500	500	0	500	500	0	
1.9598856396e+02	310	5	42	2	35	465	50	0	500	500	0	500	500	0	
1.9649843884e+02	311	5	42	2	33	467	50	0	500	500	0	500	500	0	
1.9699873622e+02	314	4	42	2	24	476	50	0	500	500	0	500	500	0	
1.9749631325e+02	315	3	41	4	29	471	50	0	500	500	0	500	500	0	
1.9799552460e+02	316	4	37	8	31	469	50	0	500	500	0	500	500	0	
1.9849775096e+02	315	4	38	7	31	469	50	0	500	500	0	500	500	0	
1.9899947725e+02	316	3	42	3	31	469	50	0	500	500	0	500	500	0	
1.9948960831e+02	317	2	44	1	40	460	50	0	500	500	0	500	500	0	
1.9999697758e+02	317	2	43	2	52	448	50	0	500	500	0	500	500	0	
2.0049835446e+02	318	2	46	0	46	454	50	0	500	500	0	500	500	0	
2.0099052210e+02	319	1	44	2	47	453	50	0	500	500	0	500	500	0	
2.0148724457e+02	319	2	43	3	42	458	50	0	500	500	0	500	500	0	
2.0199756075e+02	319	2	42	4	35	465	50	0	500	500	0	500	500	0	
2.0249954145e+02	319	2	41	3	41	459	50	0	500	500	0	500	500	0	
2.0299919755e+02	318	3	38	6	41	459	50	0	500	500	0	500	500	0	
2.0349923942e+02	316	4	39	6	51	449	50	0	500	500	0	500	500	0	
2.0399892622e+02	317	3	42	3	47	453	50	0	500	500	0	500	500	0	
2.0449650103e+02	317	4	43	2	32	468	50	0	500	500	0	500	500	0	
2.0499724934e+02	318	3	43	3	35	465	50	0	500	500	0	500	500	0	
2.0549589229e+02	318	2	47	0	39	461	50	0	500	500	0	500	500	0	
2.0599720416e+02	316	4	42	5	40	460	50	0	500	500	0	500	500	0	
2.0649793010e+02	317	3	43	5	42	458	50	0	500	500	0	500	500	0	
2.0699623884e+02	318	3	44	5	39	461	50	0	500	500	0	500	500	0	
2.0749804059e+02	318	5	45	4	48	452	50	0	500	500	0	500	500	0	
2.0799919845e+02	320	4	46	3	46	454	50	0	500	500	0	500	500	0	
2.0849963190e+02	321	2	46	4	56	444	50	0	500	500	0	500	500	0	
2.0899627406e+02	323	2	46	4	58	442	50	0	500	500	0	500	500	0	
2.0949725084e+02	323	3	49	1	40	460	50	0	500	500	0	500	500	0	
2.0999953273e+02	326	1	49	1	29	471	50	0	500	500	0	500	500	0	
2.1049772065e+02	328	2	49	1	52	448	50	0	500	500	0	500	500	0	
2.1099967468e+02	327	5	45	7	29	471	50	0	500	500	0	500	500	0	
2.1149870693e+02	326	8	46	6	33	467	50	0	500	500	0	500	500	0	
2.1199612283e+02	324	10	44	8	49	451	50	0	500	500	0	500	500	0	
2.1249521316e+02	324	10	42	9	47	453	50	0	500	500	0	500	500	0	
2.1299993693e+02	327	7	46	7	33	467	50	0	500	500	0	500	500	0	
2.1349993973e+02	328	8	44	9	44	456	50	0	500	500	0	500	500	0	
2.1399926051e+02	328	10	50	4	36	464	50	0	500	500	0	500	500	0	
2.1449812264e+02	329	9	48	6	51	449	50	0	500	500	0	500	500	0	
2.1499912287e+02	328	10	46	10	41	459	50	0	500	500	0	500	500	0	
2.1549994914e+02	329	8	47	8	46	454	50	0	500	500	0	500	500	0	
2.1599975527e+02	331	6	44	12	43	457	50	0	500	500	0	500	500	0	
2.1649655612e+02	331	6	47	9	63	437	50	0	500	500	0	500	500	0	
2.1699864839e+02	330	7	53	2	49	451	50	0	500	500	0	500	500	0	
2.1749945630e+02	330	8	52	4	58	442	50	0	500	500	0	500	500	0	
2.1799793233e+02	331	8	46	10	41	459	50	0	500	500	0	500	500	0	
2.1849879315e+02	331	10	50	7	57	443	50	0	500	500	0	500	500	0	
2.1899987405e+02	332	10	44	12	55	445	50	0	500	500	0	500	500	0	
2.1949958705e+02	330	12	49	7	38	462	50	0	500	500	0	500	500	0	
2.1999997703e+02	330	11	48	8	50	450	50	0	500	500	0	500	500	0	
2.2049988065e+02	332	9	47	9	43	457	50	0	500	500	0	500	500	0	
2.2099384675e+02	332	8	43	14	33	467	50	0	500	500	0	500	500	0	
2.2149951052e+02	331	9	45	12	59	441	50	0	500	500	0	500	500	0	
2.2199881869e+02	335	7	48	7	47	453	50	0	500	500	0	500	500	0	
2.2249961699e+02	335	8	46	11	39	461	50	0	500	500	0	500	500	0	
2.2299879371e+02	335	7	51	6	40	460	50	0	500	500	0	500	500	0	
2.2349947974e+02	339	5	53	4	41	459	50	0	500	500	0	500	500	0	
2.2399990833e+02	339	4	54	3	29	471	50	0	500	500	0	500	500	0	
2.2449499198e+02	339	5	54	3	40	460	50	0	500	500	0	500	500	0	
2.2498835095e+02	340	5	51	6	48	452	50	0	500	500	0	500	500	0	
2.2548861769e+02	341	4	53	4	61	439	50	0	500	500	0	500	500	0	
2.2599802364e+02	343	4	53	4	48	452	50	0	500	500	0	500	500	0	
2.2649743729e+02	343	4	56	2	34	466	50	0	500	500	0	500	500	0	
2.2699808750e+02	345	3	56	3	37	463	50	0	500	500	0	500	500	0	
2.2749878721e+02	344	4	56	3	43	457	50	0	500	500	0	500	500	0	
2.2799881386e+02	345	3	54	5	30	470	50	0	500	500	0	500	500	0	
2.2849947530e+02	345	4	54	6	33	467	50	0	500	500	0	500	500	0	
2.2899353464e+02	345	5	53	7	38	462	50	0	500	500	0	500	500	0	
2.2949944209e+02	345	5	53	7	25	475	50	0	500	500	0	500	500	0	
2.2999693272e+02	345	7	52	8	44	456	50	0	500	500	0	500	500	0	
2.3049914220e+02	346	7	55	5	44	456	50	0	500	500	0	500	500	0	
2.3099823303e+02	345	8	57	3	60	440	50	0	500	500	0	500	500	0	
2.3149911380e+02	346	7	58	2	55	445	50	0	500	500	0	500	500	0	
2.3199896177e+02	347	8	57	3	45	455	50	0	500	500	0	500	500	0	
2.3249909464e+02	349	8	57	4	55	445	50	0	500	500	0	500	500	0	
2.3299668872e+02	354	4	53	8	30	470	50	0	500	500	0	500	500	0	
2.3349665325e+02	354	3	55	5	34	466	50	0	500	500	0	500	500	0	
2.3399923405e+02	354	5	49	9	44	456	50	0	500	500	0	500	500	0	
2.3449875881e+02	354	6	48	9	48	452	50	0	500	500	0	500	500	0	
2.3499955200e+02	357	3	52	5	57	443	50	0	500	500	0	500	500	0	
2.3549900229e+02	358	3	50	6	57	443	50	0	500	500	0	500	500	0	
2.3599772712e+02	358	3	49	6	47	453	50	0	500	500	0	500	500	0	
2.3649908263e+02	358	4	49	6	51	449	50	0	500	500	0	500	500	0	
2.3699890073e+02	357	6	47	8	52	448	50	0	500	500	0	500	500	0	
2.3749875872e+02	357	5	50	5	44	456	50	0	500	500	0	500	500	0	
2.3799547617e+02	359	5	48	7	34	466	50	0	500	500	0	500	500	0	
2.3849929839e+02	358	5	49	5	48	452	50	0	500	500	0	500	500	0	
2.3899834195e+02	359	5	51	3	35	465	50	0	500	500	0	500	500	0	
2.3949746975e+02	360	5	54	0	41	459	50	0	500	500	0	500	500	0	
2.3999747798e+02	361	5	52	1	66	434	50	0	500	500	0	500	500	0	
2.4049997355e+02	363	3	50	2	49	451	50	0	500	500	0	500	500	0	
2.4098546634e+02	364	4	49	3	49	451	50	0	500	500	0	500	500	0	
2.4149626445e+02	363	3	50	1	31	469	50	0	500	500	0	500	500	0	
2.4199996979e+02	363	4	49	2	45	455	50	0	500	500	0	500	500	0	
2.4249757123e+02	362	5	49	3	38	462	50	0	500	500	0	500	500	0	
2.4299944610e+02	363	4	48	5	37	463	50	0	500	500	0	500	500	0	
2.4349772220e+02	364	4	48	6	45	455	50	0	500	500	0	500	500	0	
2.4399920232e+02	363	5	49	5	34	466	50	0	500	500	0	500	500	0	
2.4449930629e+02	366	6	47	6	43	457	50	0	500	500	0	500	500	0	
2.4499913596e+02	367	6	47	6	41	459	50	0	500	500	0	500	500	0	
2.4549773326e+02	369	6	45	8	54	446	50	0	500	500	0	500	500	0	
2.4599870622e+02	368	8	47	7	36	464	50	0	500	500	0	500	500	0	
2.4649776415e+02	369	9	49	3	39	461	50	0	500	500	0	500	500	0	
2.4699875562e+02	371	8	46	6	41	459	50	0	500	500	0	500	500	0	
2.4749845078e+02	372	7	46	5	62	438	50	0	500	500	0	500	500	0	
2.4799923224e+02	373	5	49	2	47	453	50	0	500	500	0	500	500	0	
2.4849674997e+02	374	3	46	5	38	462	50	0	500	500	0	500	500	0	
2.4899292655e+02	376	2	48	3	47	453	50	0	500	500	0	500	500	0	
2.4949914890e+02	377	1	49	2	45	455	50	0	500	500	0	500	500	0	
2.4999616163e+02	378	1	45	5	42	458	50	0	500	500	0	500	500	0	
2.5049664701e+02	379	0	51	0	44	456	50	0	500	500	0	500	500	0	
2.5099465005e+02	380	1	49	2	40	460	50	0	500	500	0	500	500	0	
2.5149995136e+02	380	3	49	2	51	449	50	0	500	500	0	500	500	0	
2.5199940822e+02	380	3	51	0	45	455	50	0	500	500	0	500	500	0	
2.5249799892e+02	379	5	51	0	33	467	50	0	500	500	0	500	500	0	
2.5299394366e+02	379	4	50	1	35	465	50	0	500	500	0	500	500	0	
2.5349185649e+02	380	3	49	2	41	459	50	0	500	500	0	500	500	0	
2.5399059119e+02	381	4	49	2	42	458	50	0	500	500	0	500	500	0	
2.5449662661e+02	383	3	50	1	38	462	50	0	500	500	0	500	500	0	
2.5499590684e+02	383	2	50	1	50	450	50	0	500	500	0	500	500	0	
2.5549659961e+02	384	2	48	3	53	447	50	0	500	500	0	500	500	0	
2.5599996146e+02	385	2	47	4	48	452	50	0	500	500	0	500	500	0	
2.5649798745e+02	384	3	45	7	55	445	50	0	500	500	0	500	500	0	
2.5699947206e+02	385	1	46	6	29	471	50	0	500	500	0	500	500	0	
2.5749641471e+02	384	2	47	5	50	450	50	0	500	500	0	500	500	0	
2.5799896314e+02	384	2	45	7	42	458	50	0	500	500	0	500	500	0	
2.5849915200e+02	383	3	48	5	51	449	50	0	500	500	0	500	500	0	
2.5899993305e+02	384	2	50	3	32	468	50	0	500	500	0	500	500	0	
2.5949976209e+02	383	2	51	2	56	444	50	0	500	500	0	500	500	0	
2.5999757691e+02	385	0	51	2	41	459	50	0	500	500	0	500	500	0	
2.6049900525e+02	386	1	49	5	41	459	50	0	500	500	0	500	500	0	
2.6099870114e+02	387	1	50	4	35	465	50	0	500	500	0	500	500	0	
2.6149880301e+02	387	2	52	2	53	447	50	0	500	500	0	500	500	0	
2.6199811585e+02	389	0	52	2	55	445	50	0	500	500	0	500	500	0	
2.6249941400e+02	388	2	52	1	51	449	50	0	500	500	0	500	500	0	
2.6299967640e+02	388	2	50	3	47	453	50	0	500	500	0	500	500	0	
2.6349899374e+02	389	1	51	2	56	444	50	0	500	500	0	500	500	0	
2.6399797728e+02	389	1	48	4	37	463	50	0	500	500	0	500	500	0	
2.6449881681e+02	389	1	48	4	54	446	50	0	500	500	0	500	500	0	
2.6499917812e+02	389	4	52	1	57	443	50	0	500	500	0	500	500	0	
2.6549752888e+02	387	5	50	4	44	456	50	0	500	500	0	500	500	0	
2.6599918357e+02	389	5	47	7	36	464	50	0	500	500	0	500	500	0	
2.6649847090e+02	391	6	42	12	45	455	50	0	500	500	0	500	500	0	
2.6699959596e+02	391	8	50	5	55	445	50	0	500	500	0	500	500	0	
2.6749921271e+02	395	4	47	8	47	453	50	0	500	500	0	500	500	0	
2.6799433023e+02	396	2	47	8	47	453	50	0	500	500	0	500	500	0	
2.6849472171e+02	396	2	51	4	43	457	50	0	500	500	0	500	500	0	
2.6899976570e+02	396	3	51	5	35	465	50	0	500	500	0	500	500	0	
2.6949833766e+02	397	3	51	5	22	478	50	0	500	500	0	500	500	0	
2.6999738723e+02	397	5	51	5	39	461	50	0	500	500	0	500	500	0	
2.7049980972e+02	397	4	48	8	39	461	50	0	500	500	0	500	500	0	
2.7099606550e+02	398	5	47	8	36	464	50	0	500	500	0	500	500	0	
2.7149739825e+02	401	4	50	5	31	469	50	0	500	500	0	500	500	0	
2.7199842825e+02	403	2	50	5	43	457	50	0	500	500	0	500	500	0	
2.7249408305e+02	403	2	50	5	35	465	50	0	500	500	0	500	500	0	
2.7299813083e+02	404	1	54	1	35	465	50	0	500	500	0	500	500	0	
2.7349976091e+02	406	1	54	3	55	445	50	0	500	500	0	500	500	0	
2.7399879378e+02	406	1	54	3	47	453	50	0	500	500	0	500	500	0	
2.7449721720e+02	406	2	55	2	28	472	50	0	500	500	0	500	500	0	
2.7499947597e+02	405	2	55	3	54	446	50	0	500	500	0	500	500	0	
2.7549967982e+02	404	4	56	2	38	462	50	0	500	500	0	500	500	0	
2.7599843196e+02	405	5	55	3	32	468	50	0	500	500	0	500	500	0	
2.7649879437e+02	407	3	56	2	63	437	50	0	500	500	0	500	500	0	
2.7699908360e+02	409	4	53	5	44	456	50	0	500	500	0	500	500	0	
2.7749982154e+02	409	5	51	7	35	465	50	0	500	500	0	500	500	0	
2.7799592281e+02	409	6	50	9	33	467	50	0	500	500	0	500	500	0	
2.7849761209e+02	407	9	52	7	52	448	50	0	500	500	0	500	500	0	
2.7899742373e+02	408	9	52	7	38	462	50	0	500	500	0	500	500	0	
2.7949843600e+02	411	6	48	10	67	433	50	0	500	500	0	500	500	0	
2.7999713339e+02	412	6	56	3	68	432	50	0	500	500	0	500	500	0	
2.8049898196e+02	411	6	52	8	44	456	50	0	500	500	0	500	500	0	
2.8099857235e+02	412	6	51	8	36	464	50	0	500	500	0	500	500	0	
2.8149975370e+02	411	7	54	6	28	472	50	0	500	500	0	500	500	0	
2.8199875849e+02	412	7	57	3	31	469	50	0	500	500	0	500	500	0	
2.8249738612e+02	411	6	54	6	30	470	50	0	500	500	0	500	500	0	
2.8299848657e+02	413	8	50	10	46	454	50	0	500	500	0	500	500	0	
2.8349984528e+02	413	8	52	8	45	455	50	0	500	500	0	500	500	0	
2.8399586710e+02	416	6	53	6	54	446	50	0	500	500	0	500	500	0	
2.8449513129e+02	415	5	51	8	35	465	50	0	500	500	0	500	500	0	
2.8499806777e+02	414	10	55	4	50	450	50	0	500	500	0	500	500	0	
2.8549824233e+02	417	7	50	9	59	441	50	0	500	500	0	500	500	0	
2.8599422665e+02	416	7	54	5	62	438	50	0	500	500	0	500	500	0	
2.8649315962e+02	416	6	51	7	38	462	50	0	500	500	0	500	500	0	
2.8699593719e+02	413	8	53	6	46	454	50	0	500	500	0	500	500	0	
2.8749999540e+02	414	8	50	8	43	457	50	0	500	500	0	500	500	0	
2.8799547107e+02	417	6	52	6	29	471	50	0	500	500	0	500	500	0	
2.8849782428e+02	417	7	54	4	39	461	50	0	500	500	0	500	500	0	
2.8899897582e+02	418	7	53	6	46	454	50	0	500	500	0	500	500	0	
2.8949808850e+02	421	5	56	3	33	467	50	0	500	500	0	500	500	0	
2.8999692352e+02	423	4	57	2	42	458	50	0	500	500	0	500	500	0	
2.9049690924e+02	427	2	60	0	39	461	50	0	500	500	0	500	500	0	
2.9099975986e+02	426	3	59	2	24	476	50	0	500	500	0	500	500	0	
2.9149932813e+02	427	1	61	0	31	469	50	0	500	500	0	500	500	0	
2.9199767011e+02	427	2	59	2	42	458	50	0	500	500	0	500	500	0	
2.9249451194e+02	427	4	58	2	44	456	50	0	500	500	0	500	500	0	
2.9299880083e+02	427	4	54	6	61	439	50	0	500	500	0	500	500	0	
2.9349942846e+02	427	6	51	9	51	449	50	0	500	500	0	500	500	0	
2.9399942216e+02	430	3	54	5	37	463	50	0	500	500	0	500	500	0	
2.9449923913e+02	430	3	55	2	50	450	50	0	500	500	0	500	500	0	
2.9499817911e+02	428	5	52	6	42	458	50	0	500	500	0	500	500	0	
2.9549970328e+02	428	5	49	7	53	447	50	0	500	500	0	500	500	0	
2.9599794871e+02	428	6	50	4	65	435	50	0	500	500	0	500	500	0	
2.9649437851e+02	429	6	47	7	41	459	50	0	500	500	0	500	500	0	
2.9699766517e+02	431	5	46	8	63	437	50	0	500	500	0	500	500	0	
2.9749853943e+02	433	5	48	6	41	459	50	0	500	500	0	500	500	0	
2.9799431721e+02	432	6	47	8	48	452	50	0	500	500	0	500	500	0	
2.9849942133e+02	434	3	48	7	47	453	50	0	500	500	0	500	500	0	
2.9899803588e+02	436	1	51	4	49	451	50	0	500	500	0	500	500	0	
2.9949997884e+02	437	0	50	6	28	472	50	0	500	500	0	500	500	0	
2.9999803014e+02	437	1	53	3	24	476	50	0	500	500	0	500	500	0	
3.0049928842e+02	436	3	54	2	41	459	50	0	500	500	0	500	500	0	
3.0099784166e+02	437	3	52	4	34	466	50	0	500	500	0	500	500	0	
3.0149912565e+02	439	3	53	3	39	461	50	0	500	500	0	500	500	0	
3.0199823512e+02	441	2	52	3	42	458	50	0	500	500	0	500	500	0	
3.0249910358e+02	440	4	50	5	34	466	50	0	500	500	0	500	500	0	
3.0299645077e+02	441	3	52	3	27	473	50	0	500	500	0	500	500	0	
3.0349272985e+02	442	3	53	2	23	477	50	0	500	500	0	500	500	0	
3.0399453889e+02	440	4	52	3	30	470	50	0	500	500	0	500	500	0	
3.0449870061e+02	439	7	51	5	39	461	50	0	500	500	0	500	500	0	
3.0499530859e+02	438	7	51	4	41	459	50	0	500	500	0	500	500	0	
3.0549823914e+02	441	7	51	4	28	472	50	0	500	500	0	500	500	0	
3.0599869011e+02	445	4	53	2	45	455	50	0	500	500	0	500	500	0	
3.0649700171e+02	446	5	50	5	44	456	50	0	500	500	0	500	500	0	
3.0699983836e+02	446	5	51	4	48	452	50	0	500	500	0	500	500	0	
3.0749839068e+02	446	6	51	4	42	458	50	0	500	500	0	500	500	0	
3.0799883215e+02	446	6	50	5	50	450	50	0	500	500	0	500	500	0	
3.0849891260e+02	447	4	49	7	51	449	50	0	500	500	0	500	500	0	
3.0899807185e+02	447	4	52	4	45	455	50	0	500	500	0	500	500	0	
3.0949986848e+02	448	3	52	4	45	455	50	0	500	500	0	500	500	0	
3.0999979385e+02	449	5	50	7	40	460	50	0	500	500	0	500	500	0	
3.1049856553e+02	450	5	50	7	36	464	50	0	500	500	0	500	500	0	
3.1099812155e+02	451	4	53	4	31	469	50	0	500	500	0	500	500	0	
3.1149667239e+02	450	5	51	5	38	462	50	0	500	500	0	500	500	0	
3.1199422663e+02	451	4	50	7	46	454	50	0	500	500	0	500	500	0	
3.1249882578e+02	448	9	43	12	44	456	50	0	500	500	0	500	500	0	
3.1299990243e+02	450	6	46	8	51	449	50	0	500	500	0	500	500	0	
3.1349661816e+02	453	5	48	6	55	445	50	0	500	500	0	500	500	0	
3.1399922495e+02	455	4	48	6	56	444	50	0	500	500	0	500	500	0	
3.1449957847e+02	454	8	43	11	47	453	50	0	500	500	0	500	500	0	
3.1499914236e+02	453	10	47	7	48	452	50	0	500	500	0	500	500	0	
3.1549643629e+02	453	11	41	12	37	463	50	0	500	500	0	500	500	0	
3.1599924191e+02	453	11	44	9	44	456	50	0	500	500	0	500	500	0	
3.1649865679e+02	457	6	45	8	37	463	50	0	500	500	0	500	500	0	
3.1699905954e+02	457	7	45	7	49	451	50	0	500	500	0	500	500	0	
3.1749973821e+02	457	8	47	5	51	449	50	0	500	500	0	500	500	0	
3.1799565995e+02	455	10	43	9	46	454	50	0	500	500	0	500	500	0	
3.1849958972e+02	457	7	46	5	40	460	50	0	500	500	0	500	500	0	
3.1899754192e+02	458	10	43	8	32	468	50	0	500	500	0	500	500	0	
3.1949774079e+02	457	10	41	10	38	462	50	0	500	500	0	500	500	0	
3.1999960385e+02	460	10	48	3	35	465	50	0	500	500	0	500	500	0	
3.2049890315e+02	460	13	46	5	40	460	50	0	500	500	0	500	500	0	
3.2099945797e+02	460	13	45	7	46	454	50	0	500	500	0	500	500	0	
3.2149799512e+02	463	10	43	9	44	456	50	0	500	500	0	500	500	0	
3.2199936890e+02	465	9	39	13	34	466	50	0	500	500	0	500	500	0	
3.2249924656e+02	464	10	42	10	54	446	50	0	500	500	0	500	500	0	
3.2299928211e+02	467	7	41	9	59	441	50	0	500	500	0	500	500	0	
3.2349725298e+02	467	8	46	5	27	473	50	0	500	500	0	500	500	0	
3.2399952205e+02	471	5	44	7	50	450	50	0	500	500	0	500	500	0	
3.2449977745e+02	470	6	48	3	54	446	50	0	500	500	0	500	500	0	
3.2499848525e+02	471	5	44	6	55	445	50	0	500	500	0	500	500	0	
3.2549882792e+02	471	6	50	0	39	461	50	0	500	500	0	500	500	0	
3.2599593565e+02	473	4	46	5	33	467	50	0	500	500	0	500	500	0	
3.2649778627e+02	473	4	45	6	44	456	50	0	500	500	0	500	500	0	
3.2699661770e+02	473	3	45	6	39	461	50	0	500	500	0	500	500	0	
3.2749749010e+02	472	5	41	10	53	447	50	0	500	500	0	500	500	0	
3.2799972456e+02	473	4	40	10	49	451	50	0	500	500	0	500	500	0	
3.2849922709e+02	470	6	43	8	41	459	50	0	500	500	0	500	500	0	
3.2899554233e+02	472	4	48	2	46	454	50	0	500	500	0	500	500	0	
3.2949937793e+02	473	3	47	3	39	461	50	0	500	500	0	500	500	0	
3.2999856686e+02	473	2	42	8	32	468	50	0	500	500	0	500	500	0	
3.3049700140e+02	472	3	47	3	32	468	50	0	500	500	0	500	500	0	
3.3099819327e+02	471	4	47	3	39	461	50	0	500	500	0	500	500	0	
3.3149847775e+02	470	6	43	6	48	452	50	0	500	500	0	500	500	0	
3.3199922272e+02	470	6	41	8	40	460	50	0	500	500	0	500	500	0	
3.3249909689e+02	469	5	43	6	44	456	50	0	500	500	0	500	500	0	
3.3299929247e+02	469	5	42	6	41	459	50	0	500	500	0	500	500	0	
3.3349336517e+02	470	5	46	3	37	463	50	0	500	500	0	500	500	0	
3.3399586844e+02	471	6	47	2	35	465	50	0	500	500	0	500	500	0	
3.3449694201e+02	472	5	46	2	31	469	50	0	500	500	0	500	500	0	
3.3499762370e+02	472	6	44	4	33	467	50	0	500	500	0	500	500	0	
3.3549544737e+02	471	6	45	4	46	454	50	0	500	500	0	500	500	0	
3.3599962966e+02	471	8	43	6	38	462	50	0	500	500	0	500	500	0	
3.3649873621e+02	469	10	36	14	33	467	50	0	500	500	0	500	500	0	
3.3699948640e+02	469	8	35	15	46	454	50	0	500	500	0	500	500	0	
3.3749321800e+02	470	7	35	15	34	466	50	0	500	500	0	500	500	0	
3.3799870823e+02	469	8	42	8	45	455	50	0	500	500	0	500	500	0	
3.3849976322e+02	470	8	43	6	37	463	50	0	500	500	0	500	500	0	
3.3899920165e+02	473	5	42	5	41	459	50	0	500	500	0	500	500	0	
3.3949989689e+02	473	5	40	7	49	451	50	0	500	500	0	500	500	0	
3.3999928151e+02	472	5	39	8	54	446	50	0	500	500	0	500	500	0	
3.4049752927e+02	474	3	43	4	43	457	50	0	500	500	0	500	500	0	
3.4099950981e+02	475	5	44	3	37	463	50	0	500	500	0	500	500	0	
3.4149965736e+02	476	4	42	5	42	458	50	0	500	500	0	500	500	0	
3.4199874303e+02	478	3	44	3	30	470	50	0	500	500	0	500	500	0	
3.4249707918e+02	482	0	44	3	36	464	50	0	500	500	0	500	500	0	
3.4299766648e+02	483	2	46	2	34	466	50	0	500	500	0	500	500	0	
3.4349865054e+02	483	1	47	2	44	456	50	0	500	500	0	500	500	0	
3.4399901669e+02	482	3	44	5	41	459	50	0	500	500	0	500	500	0	
3.4449628100e+02	484	1	45	4	42	458	50	0	500	500	0	500	500	0	
3.4499824416e+02	484	2	48	1	46	454	50	0	500	500	0	500	500	0	
3.4549981029e+02	486	2	47	2	55	445	50	0	500	500	0	500	500	0	
3.4599527345e+02	487	2	45	4	62	438	50	0	500	500	0	500	500	0	
3.4649267551e+02	488	2	47	2	43	457	50	0	500	500	0	500	500	0	
3.4699428963e+02	486	2	47	2	42	458	50	0	500	500	0	500	500	0	
3.4749995278e+02	489	1	45	5	36	464	50	0	500	500	0	500	500	0	
3.4799766813e+02	485	3	42	7	44	456	50	0	500	500	0	500	500	0	
3.4849767122e+02	486	4	42	7	54	446	50	0	500	500	0	500	500	0	
3.4899977785e+02	486	4	45	4	47	453	50	0	500	500	0	500	500	0	
3.4949673233e+02	486	5	45	5	43	457	50	0	500	500	0	500	500	0	
3.4999918281e+02	488	4	43	7	39	461	50	0	500	500	0	500	500	0	
3.5049985799e+02	489	4	47	4	26	474	50	0	500	500	0	500	500	0	
3.5099959575e+02	488	4	46	5	40	460	50	0	500	500	0	500	500	0	
3.5149295114e+02	488	4	50	2	31	469	50	0	500	500	0	500	500	0	
3.5199420173e+02	490	2	49	3	29	471	50	0	500	500	0	500	500	0	
3.5249787967e+02	489	4	48	4	42	458	50	0	500	500	0	500	500	0	
3.5299723396e+02	491	2	51	1	45	455	50	0	500	500	0	500	500	0	
3.5349915699e+02	490	4	46	6	50	450	50	0	500	500	0	500	500	0	
3.5399924969e+02	489	7	45	6	51	449	50	0	500	500	0	500	500	0	
3.5448943706e+02	490	7	45	7	64	436	50	0	500	500	0	500	500	0	
3.5499821321e+02	491	5	47	5	81	419	50	0	500	500	0	500	500	0	
3.5549801793e+02	491	5	44	9	55	445	50	0	500	500	0	500	500	0	
3.5599705353e+02	491	4	40	13	39	461	50	0	500	500	0	500	500	0	
3.5649876164e+02	488	7	43	9	47	453	50	0	500	500	0	500	500	0	
3.5699959715e+02	489	7	44	7	44	456	50	0	500	500	0	500	500	0	
3.5749704656e+02	489	7	48	3	52	448	50	0	500	500	0	500	500	0	
3.5799537786e+02	491	6	49	2	54	446	50	0	500	500	0	500	500	0	
3.5849755616e+02	494	3	51	1	52	448	50	0	500	500	0	500	500	0	
3.5899670530e+02	495	3	51	1	35	465	50	0	500	500	0	500	500	0	
3.5949902809e+02	495	3	51	1	41	459	50	0	500	500	0	500	500	0	
3.5999997112e+02	495	2	47	4	48	452	50	0	500	500	0	500	500	0	
3.6049633226e+02	493	5	48	2	25	475	50	0	500	500	0	500	500	0	
3.6099938246e+02	491	7	44	5	48	452	50	0	500	500	0	500	500	0	
3.6149776373e+02	489	11	44	5	49	451	50	0	500	500	0	500	500	0	
3.6199445692e+02	493	7	42	7	52	448	50	0	500	500	0	500	500	0	
3.6249839907e+02	494	4	45	4	57	443	50	0	500	500	0	500	500	0	
3.6299777257e+02	494	3	45	4	45	455	50	0	500	500	0	500	500	0	
3.6349884541e+02	495	5	44	4	35	465	50	0	500	500	0	500	500	0	
3.6399940044e+02	496	4	42	6	44	456	50	0	500	500	0	500	500	0	
3.6449965586e+02	496	5	42	6	38	462	50	0	500	500	0	500	500	0	
3.6499598789e+02	496	6	42	6	26	474	50	0	500	500	0	500	500	0	
3.6549934949e+02	498	4	39	9	34	466	50	0	500	500	0	500	500	0	
3.6599769874e+02	498	4	38	9	37	463	50	0	500	500	0	500	500	0	
3.6649772529e+02	494	8	42	5	39	461	50	0	500	500	0	500	500	0	
3.6699765645e+02	497	5	40	7	39	461	50	0	500	500	0	500	500	0	
3.6749972288e+02	498	3	42	5	42	458	50	0	500	500	0	500	500	0	
3.6799973105e+02	500	1	44	3	48	452	50	0	500	500	0	500	500	0	
3.6849975507e+02	500	1	43	4	42	458	50	0	500	500	0	500	500	0	
3.6899731442e+02	500	3	42	6	36	464	50	0	500	500	0	500	500	0	
3.6949947058e+02	501	2	39	9	42	458	50	0	500	500	0	500	500	0	
3.6999975921e+02	504	1	39	9	47	453	50	0	500	500	0	500	500	0	
3.7049849329e+02	504	2	42	4	41	459	50	0	500	500	0	500	500	0	
3.7099841992e+02	504	3	41	5	38	462	50	0	500	500	0	500	500	0	
3.7149852138e+02	503	6	40	5	40	460	50	0	500	500	0	500	500	0	
3.7199935538e+02	504	5	40	5	35	465	50	0	500	500	0	500	500	0	
3.7249974938e+02	503	4	41	4	40	460	50	0	500	500	0	500	500	0	
3.7299974325e+02	502	6	43	2	46	454	50	0	500	500	0	500	500	0	
3.7349897900e+02	502	6	38	5	46	454	50	0	500	500	0	500	500	0	
3.7399781987e+02	503	7	36	7	49	451	50	0	500	500	0	500	500	0	
3.7449807072e+02	504	6	35	8	54	446	50	0	500	500	0	500	500	0	
3.7499968147e+02	505	6	38	5	41	459	50	0	500	500	0	500	500	0	
3.7549654166e+02	507	5	38	5	39	461	50	0	500	500	0	500	500	0	
3.7599530086e+02	508	4	37	7	33	467	50	0	500	500	0	500	500	0	
3.7649942354e+02	507	5	40	5	34	466	50	0	500	500	0	500	500	0	
3.7699901182e+02	506	6	42	4	51	449	50	0	500	500	0	500	500	0	
3.7749985779e+02	509	5	39	6	75	425	50	0	500	500	0	500	500	0	
3.7799744347e+02	509	5	38	7	56	444	50	0	500	500	0	500	500	0	
3.7849733424e+02	510	3	43	3	34	466	50	0	500	500	0	500	500	0	
3.7899618642e+02	508	3	40	5	40	460	50	0	500	500	0	500	500	0	
3.7949887597e+02	508	4	43	2	35	465	50	0	500	500	0	500	500	0	
3.7999870453e+02	507	4	44	2	32	468	50	0	500	500	0	500	500	0	
3.8049793690e+02	507	5	42	4	27	473	50	0	500	500	0	500	500	0	
3.8099880229e+02	506	5	43	3	40	460	50	0	500	500	0	500	500	0	
3.8149748298e+02	505	6	42	3	42	458	50	0	500	500	0	500	500	0	
3.8199828275e+02	506	4	35	10	49	451	50	0	500	500	0	500	500	0	
3.8249963176e+02	508	3	37	7	35	465	50	0	500	500	0	500	500	0	
3.8299847609e+02	507	3	40	4	51	449	50	0	500	500	0	500	500	0	
3.8349902119e+02	507	4	42	1	42	458	50	0	500	500	0	500	500	0	
3.8399466517e+02	506	6	39	5	49	451	50	0	500	500	0	500	500	0	
3.8449533843e+02	506	7	37	7	47	453	50	0	500	500	0	500	500	0	
3.8499670852e+02	507	7	41	4	40	460	50	0	500	500	0	500	500	0	
3.8549760805e+02	510	4	45	0	32	468	50	0	500	500	0	500	500	0	
3.8599958607e+02	510	6	43	2	29	471	50	0	500	500	0	500	500	0	
3.8649980111e+02	512	4	44	2	36	464	50	0	500	500	0	500	500	0	
3.8699598212e+02	513	5	44	2	43	457	50	0	500	500	0	500	500	0	
3.8749756976e+02	513	5	44	1	35	465	50	0	500	500	0	500	500	0	
3.8799701036e+02	516	4	43	2	34	466	50	0	500	500	0	500	500	0	
3.8849481787e+02	516	4	42	3	27	473	50	0	500	500	0	500	500	0	
3.8899858907e+02	517	5	40	5	46	454	50	0	500	500	0	500	500	0	
3.8949443160e+02	517	5	39	5	42	458	50	0	500	500	0	500	500	0	
3.8999968046e+02	515	8	39	5	34	466	50	0	500	500	0	500	500	0	
3.9049434984e+02	514	11	39	6	29	471	50	0	500	500	0	500	500	0	
3.9099782721e+02	519	8	39	7	31	469	50	0	500	500	0	500	500	0	
3.9149776452e+02	518	8	41	6	31	469	50	0	500	500	0	500	500	0	
3.9199716816e+02	522	5	43	4	38	462	50	0	500	500	0	500	500	0	
3.9249753843e+02	523	5	42	4	45	455	50	0	500	500	0	500	500	0	
3.9299826236e+02	522	6	38	8	70	430	50	0	500	500	0	500	500	0	
3.9349859220e+02	518	11	41	5	55	445	50	0	500	500	0	500	500	0	
3.9399871936e+02	519	11	39	7	49	451	50	0	500	500	0	500	500	0	
3.9449985447e+02	521	10	42	6	46	454	50	0	500	500	0	500	500	0	
3.9499664485e+02	527	5	43	5	55	445	50	0	500	500	0	500	500	0	
3.9549815487e+02	529	4	44	4	43	457	50	0	500	500	0	500	500	0	
3.9599863973e+02	530	2	47	2	46	454	50	0	500	500	0	500	500	0	
3.9649545115e+02	529	1	42	8	46	454	50	0	500	500	0	500	500	0	
3.9699147476e+02	524	3	44	6	53	447	50	0	500	500	0	500	500	0	
3.9749293868e+02	525	2	44	6	56	444	50	0	500	500	0	500	500	0	
3.9799959472e+02	525	5	45	5	45	455	50	0	500	500	0	500	500	0	
3.9849944436e+02	524	6	46	4	32	468	50	0	500	500	0	500	500	0	
3.9899369957e+02	523	6	44	6	44	456	50	0	500	500	0	500	500	0	
3.9949722227e+02	524	5	46	3	46	454	50	0	500	500	0	500	500	0	
3.9999710441e+02	524	4	45	5	46	454	50	0	500	500	0	500	500	0	
4.0049968965e+02	526	3	47	3	36	464	50	0	500	500	0	500	500	0	
4.0099629927e+02	525	4	46	2	29	471	50	0	500	500	0	500	500	0	
4.0149444953e+02	524	5	46	1	35	465	50	0	500	500	0	500	500	0	
4.0199836942e+02	526	3	44	3	30	470	50	0	500	500	0	500	500	0	
4.0249994473e+02	525	4	40	6	38	462	50	0	500	500	0	500	500	0	
4.0299752991e+02	528	4	39	8	47	453	50	0	500	500	0	500	500	0	
4.0349879601e+02	526	6	38	9	41	459	50	0	500	500	0	500	500	0	
4.0399292018e+02	528	5	38	9	31	469	50	0	500	500	0	500	500	0	
4.0449575838e+02	531	2	41	6	41	459	50	0	500	500	0	500	500	0	
4.0499438744e+02	532	2	42	5	51	449	50	0	500	500	0	500	500	0	
4.0549711924e+02	530	4	40	7	46	454	50	0	500	500	0	500	500	0	
4.0599852341e+02	530	4	43	5	49	451	50	0	500	500	0	500	500	0	
4.0649949221e+02	531	4	43	5	51	449	50	0	500	500	0	500	500	0	
4.0699898391e+02	533	3	40	9	72	428	50	0	500	500	0	500	500	0	
4.0749923981e+02	534	3	46	3	35	465	50	0	500	500	0	500	500	0	
4.0799944908e+02	533	5	47	2	39	461	50	0	500	500	0	500	500	0	
4.0849797521e+02	534	4	44	5	41	459	50	0	500	500	0	500	500	0	
4.0899667883e+02	531	6	40	9	41	459	50	0	500	500	0	500	500	0	
4.0949935400e+02	529	8	42	6	46	454	50	0	500	500	0	500	500	0	
4.0999982245e+02	525	13	41	7	38	462	50	0	500	500	0	500	500	0	
4.1049849467e+02	527	12	43	5	45	455	50	0	500	500	0	500	500	0	
4.1099745130e+02	529	12	40	8	49	451	50	0	500	500	0	500	500	0	
4.1149874028e+02	527	13	40	8	40	460	50	0	500	500	0	500	500	0	
4.1199739881e+02	529	13	41	7	42	458	50	0	500	500	0	500	500	0	
4.1249981691e+02	530	14	37	11	56	444	50	0	500	500	0	500	500	0	
4.1299986175e+02	534	11	39	9	52	448	50	0	500	500	0	500	500	0	
4.1349944180e+02	538	7	42	5	34	466	50	0	500	500	0	500	500	0	
4.1399934441e+02	539	6	42	5	54	446	50	0	500	500	0	500	500	0	
4.1449681765e+02	539	7	42	5	54	446	50	0	500	500	0	500	500	0	
4.1499983866e+02	539	7	40	6	46	454	50	0	500	500	0	500	500	0	
4.1549899822e+02	538	9	42	3	46	454	50	0	500	500	0	500	500	0	
4.1599811036e+02	540	8	41	4	51	449	50	0	500	500	0	500	500	0	
4.1649997948e+02	540	7	43	2	45	455	50	0	500	500	0	500	500	0	
4.1699630286e+02	545	3	42	3	37	463	50	0	500	500	0	500	500	0	
4.1749105801e+02	547	2	38	7	48	452	50	0	500	500	0	500	500	0	
4.1799760690e+02	546	4	40	5	33	467	50	0	500	500	0	500	500	0	
4.1849774853e+02	546	4	36	9	60	440	50	0	500	500	0	500	500	0	
4.1899871284e+02	548	3	41	5	46	454	50	0	500	500	0	500	500	0	
4.1949955454e+02	547	6	43	2	38	462	50	0	500	500	0	500	500	0	
4.1999980053e+02	548	7	42	3	30	470	50	0	500	500	0	500	500	0	
4.2049641704e+02	547	7	43	3	42	458	50	0	500	500	0	500	500	0	
4.2099534627e+02	551	4	44	4	41	459	50	0	500	500	0	500	500	0	
4.2149722545e+02	550	4	44	4	31	469	50	0	500	500	0	500	500	0	
4.2199680144e+02	549	3	40	7	26	474	50	0	500	500	0	500	500	0	
4.2249796859e+02	550	2	40	6	42	458	50	0	500	500	0	500	500	0	
4.2299982548e+02	550	2	42	6	40	460	50	0	500	500	0	500	500	0	
4.2349740956e+02	551	1	44	5	39	461	50	0	500	500	0	500	500	0	
4.2399555431e+02	551	1	43	3	37	463	50	0	500	500	0	500	500	0	
4.2449940615e+02	551	2	39	7	44	456	50	0	500	500	0	500	500	0	
4.2499723423e+02	548	5	42	5	45	455	50	0	500	500	0	500	500	0	
4.2549434191e+02	548	6	40	7	51	449	50	0	500	500	0	500	500	0	
4.2599716352e+02	546	7	36	11	44	456	50	0	500	500	0	500	500	0	
4.2649684735e+02	545	11	38	9	46	454	50	0	500	500	0	500	500	0	
4.2699994317e+02	546	11	37	12	47	453	50	0	500	500	0	500	500	0	
4.2749985649e+02	546	10	39	11	40	460	50	0	500	500	0	500	500	0	
4.2799578835e+02	545	11	40	9	41	459	50	0	500	500	0	500	500	0	
4.2849966550e+02	547	9	41	9	41	459	50	0	500	500	0	500	500	0	
4.2899913047e+02	547	10	43	7	40	460	50	0	500	500	0	500	500	0	
4.2949887578e+02	549	9	45	4	33	467	50	0	500	500	0	500	500	0	
4.2999783771e+02	552	7	48	2	38	462	50	0	500	500	0	500	500	0	
4.3049511479e+02	552	6	39	11	50	450	50	0	500	500	0	500	500	0	
4.3099705722e+02	553	5	43	7	48	452	50	0	500	500	0	500	500	0	
4.3149980131e+02	552	7	42	8	41	459	50	0	500	500	0	500	500	0	
4.3199538063e+02	552	8	45	5	36	464	50	0	500	500	0	500	500	0	
4.3249820530e+02	552	7	45	6	46	454	50	0	500	500	0	500	500	0	
4.3299999591e+02	552	6	47	3	47	453	50	0	500	500	0	500	500	0	
4.3349442820e+02	552	4	48	3	46	454	50	0	500	500	0	500	500	0	
4.3399649042e+02	552	4	45	6	37	463	50	0	500	500	0	500	500	0	
4.3449756448e+02	551	6	46	5	47	453	50	0	500	500	0	500	500	0	
4.3499909709e+02	548	8	36	13	34	466	50	0	500	500	0	500	500	0	
4.3549991013e+02	551	6	42	7	43	457	50	0	500	500	0	500	500	0	
4.3599831806e+02	553	4	44	5	57	443	50	0	500	500	0	500	500	0	
4.3649974612e+02	552	4	39	10	44	456	50	0	500	500	0	500	500	0	
4.3699899376e+02	552	4	44	5	46	454	50	0	500	500	0	500	500	0	
4.3749814649e+02	553	4	44	5	51	449	50	0	500	500	0	500	500	0	
4.3799895314e+02	552	4	46	5	36	464	50	0	500	500	0	500	500	0	
4.3849464689e+02	552	4	43	8	42	458	50	0	500	500	0	500	500	0	
4.3899948697e+02	552	5	44	7	40	460	50	0	500	500	0	500	500	0	
4.3948890410e+02	553	6	46	6	37	463	50	0	500	500	0	500	500	0	
4.3999994104e+02	554	5	48	3	47	453	50	0	500	500	0	500	500	0	
4.4049976804e+02	554	6	47	4	41	459	50	0	500	500	0	500	500	0	
4.4099780194e+02	556	4	46	5	32	468	50	0	500	500	0	500	500	0	
4.4149809238e+02	556	4	43	7	44	456	50	0	500	500	0	500	500	0	
4.4199758591e+02	557	4	43	7	48	452	50	0	500	500	0	500	500	0	
4.4249403029e+02	557	7	49	5	46	454	50	0	500	500	0	500	500	0	
4.4299970559e+02	560	5	50	4	53	447	50	0	500	500	0	500	500	0	
4.4349678313e+02	561	4	52	3	54	446	50	0	500	500	0	500	500	0	
4.4399800051e+02	561	4	53	2	41	459	50	0	500	500	0	500	500	0	
4.4449890500e+02	561	5	52	3	31	469	50	0	500	500	0	500	500	0	
4.4499815334e+02	562	3	54	1	57	443	50	0	500	500	0	500	500	0	
4.4549767902e+02	562	3	52	4	57	443	50	0	500	500	0	500	500	0	
4.4599743483e+02	563	6	53	3	48	452	50	0	500	500	0	500	500	0	
4.4649648924e+02	564	5	48	7	35	465	50	0	500	500	0	500	500	0	
4.4699670234e+02	564	7	47	8	42	458	50	0	500	500	0	500	500	0	
4.4749518179e+02	564	8	46	8	33	467	50	0	500	500	0	500	500	0	
4.4799538964e+02	564	8	46	8	30	470	50	0	500	500	0	500	500	0	
4.4849993241e+02	562	11	47	6	39	461	50	0	500	500	0	500	500	0	
4.4899966998e+02	562	13	40	11	46	454	50	0	500	500	0	500	500	0	
4.4949971457e+02	560	15	44	7	50	450	50	0	500	500	0	500	500	0	
4.4999576176e+02	561	14	43	8	41	459	50	0	500	500	0	500	500	0	
4.5049656305e+02	564	11	42	8	29	471	50	0	500	500	0	500	500	0	
4.5099846096e+02	564	12	42	9	45	455	50	0	500	500	0	500	500	0	
4.5149802419e+02	562	15	41	10	44	456	50	0	500	500	0	500	500	0	
4.5199820931e+02	561	15	35	16	47	453	50	0	500	500	0	500	500	0	
4.5249893952e+02	563	10	34	17	46	454	50	0	500	500	0	500	500	0	
4.5299849133e+02	562	10	42	8	48	452	50	0	500	500	0	500	500	0	
4.5349805892e+02	562	13	43	7	41	459	50	0	500	500	0	500	500	0	
4.5399716602e+02	565	12	41	10	44	456	50	0	500	500	0	500	500	0	
4.5449998699e+02	566	12	42	9	50	450	50	0	500	500	0	500	500	0	
4.5499885668e+02	565	12	42	9	36	464	50	0	500	500	0	500	500	0	
4.5549791591e+02	564	14	44	7	42	458	50	0	500	500	0	500	500	0	
4.5599936778e+02	566	10	40	8	39	461	50	0	500	500	0	500	500	0	
4.5649715285e+02	565	10	38	9	33	467	50	0	500	500	0	500	500	0	
4.5699575272e+02	564	11	35	11	45	455	50	0	500	500	0	500	500	0	
4.5749991011e+02	563	11	39	8	52	448	50	0	500	500	0	500	500	0	
4.5798954462e+02	563	10	40	7	41	459	50	0	500	500	0	500	500	0	
4.5849819781e+02	566	9	38	9	28	472	50	0	500	500	0	500	500	0	
4.5899637800e+02	564	9	39	8	26	474	50	0	500	500	0	500	500	0	
4.5949892648e+02	563	10	43	4	29	471	50	0	500	500	0	500	500	0	
4.5999884233e+02	565	9	40	7	49	451	50	0	500	500	0	500	500	0	
4.6049917531e+02	565	9	41	6	57	443	50	0	500	500	0	500	500	0	
4.6099841530e+02	569	7	33	13	34	466	50	0	500	500	0	500	500	0	
4.6149952372e+02	572	4	43	3	36	464	50	0	500	500	0	500	500	0	
4.6199976315e+02	574	2	41	4	32	468	50	0	500	500	0	500	500	0	
4.6249936579e+02	573	3	40	5	31	469	50	0	500	500	0	500	500	0	
4.6299795981e+02	573	4	40	5	50	450	50	0	500	500	0	500	500	0	
4.6349922536e+02	574	3	42	3	42	458	50	0	500	500	0	500	500	0	
4.6399897052e+02	574	3	43	2	35	465	50	0	500	500	0	500	500	0	
4.6449754216e+02	572	5	43	2	37	463	50	0	500	500	0	500	500	0	
4.6499997886e+02	574	3	41	4	46	454	50	0	500	500	0	500	500	0	
4.6549870200e+02	573	3	39	7	52	448	50	0	500	500	0	500	500	0	
4.6599995011e+02	572	4	38	8	43	457	50	0	500	500	0	500	500	0	
4.6649917620e+02	570	9	39	7	40	460	50	0	500	500	0	500	500	0	
4.6699481851e+02	571	7	40	6	48	452	50	0	500	500	0	500	500	0	
4.6749838314e+02	572	6	41	5	40	460	50	0	500	500	0	500	500	0	
4.6799904092e+02	574	4	40	6	44	456	50	0	500	500	0	500	500	0	
4.6849839849e+02	576	3	45	2	60	440	50	0	500	500	0	500	500	0	
4.6899946599e+02	576	1	48	0	43	457	50	0	500	500	0	500	500	0	
4.6949826899e+02	574	2	45	3	57	443	50	0	500	500	0	500	500	0	
4.6999738569e+02	572	5	43	6	58	442	50	0	500	500	0	500	500	0	
4.7049602008e+02	573	8	39	9	54	446	50	0	500	500	0	500	500	0	
4.7099900755e+02	574	7	40	8	42	458	50	0	500	500	0	500	500	0	
4.7149024145e+02	572	7	44	4	35	465	50	0	500	500	0	500	500	0	
4.7199757048e+02	574	5	41	7	28	472	50	0	500	500	0	500	500	0	
4.7249660497e+02	574	4	37	11	50	450	50	0	500	500	0	500	500	0	
4.7299967606e+02	573	5	40	8	30	470	50	0	500	500	0	500	500	0	
4.7349835734e+02	571	7	43	5	36	464	50	0	500	500	0	500	500	0	
4.7399902960e+02	571	5	44	4	42	458	50	0	500	500	0	500	500	0	
4.7449605123e+02	572	5	43	5	33	467	50	0	500	500	0	500	500	0	
4.7499999235e+02	569	7	41	8	43	457	50	0	500	500	0	500	500	0	
4.7549927436e+02	570	6	45	4	49	451	50	0	500	500	0	500	500	0	
4.7599983617e+02	573	3	44	5	40	460	50	0	500	500	0	500	500	0	
4.7649450374e+02	573	5	42	7	41	459	50	0	500	500	0	500	500	0	
4.7699838157e+02	571	6	44	6	43	457	50	0	500	500	0	500	500	0	
4.7749887845e+02	572	6	46	4	41	459	50	0	500	500	0	500	500	0	
4.7799841168e+02	574	5	48	3	44	456	50	0	500	500	0	500	500	0	
4.7849823148e+02	572	8	45	6	49	451	50	0	500	500	0	500	500	0	
4.7899645687e+02	571	8	45	8	45	455	50	0	500	500	0	500	500	0	
4.7949747103e+02	572	7	48	5	54	446	50	0	500	500	0	500	500	0	
4.7999995299e+02	575	4	49	5	37	463	50	0	500	500	0	500	500	0	
4.8049980900e+02	573	5	48	5	49	451	50	0	500	500	0	500	500	0	
4.8099251836e+02	571	6	42	11	30	470	50	0	500	500	0	500	500	0	
4.8149919413e+02	566	9	43	10	47	453	50	0	500	500	0	500	500	0	
4.8199980587e+02	566	12	45	8	31	469	50	0	500	500	0	500	500	0	
4.8249823270e+02	569	9	43	9	37	463	50	0	500	500	0	500	500	0	
4.8299879497e+02	571	8	47	5	42	458	50	0	500	500	0	500	500	0	
4.8349961123e+02	573	6	47	5	45	455	50	0	500	500	0	500	500	0	
4.8399990331e+02	575	4	47	5	51	449	50	0	500	500	0	500	500	0	
4.8449999655e+02	577	3	50	1	22	478	50	0	500	500	0	500	500	0	
4.8499965023e+02	575	4	46	4	39	461	50	0	500	500	0	500	500	0	
4.8549995534e+02	575	4	45	4	36	464	50	0	500	500	0	500	500	0	
4.8599659762e+02	574	4	43	5	41	459	50	0	500	500	0	500	500	0	
4.8649541677e+02	572	5	41	7	41	459	50	0	500	500	0	500	500	0	
4.8699979381e+02	573	6	42	5	28	472	50	0	500	500	0	500	500	0	
4.8749863657e+02	574	5	40	7	32	468	50	0	500	500	0	500	500	0	
4.8799981394e+02	573	6	39	7	52	448	50	0	500	500	0	500	500	0	
4.8849986379e+02	573	6	42	4	38	462	50	0	500	500	0	500	500	0	
4.8899892628e+02	571	9	45	3	42	458	50	0	500	500	0	500	500	0	
4.8949893280e+02	573	8	44	4	54	446	50	0	500	500	0	500	500	0	
4.8999606845e+02	574	8	42	5	39	461	50	0	500	500	0	500	500	0	
4.9049708535e+02	573	9	38	9	35	465	50	0	500	500	0	500	500	0	
4.9099637162e+02	576	9	38	10	43	457	50	0	500	500	0	500	500	0	
4.9149936468e+02	577	10	39	9	53	447	50	0	500	500	0	500	500	0	
4.9199962493e+02	577	10	42	7	44	456	50	0	500	500	0	500	500	0	
4.9249967187e+02	581	6	41	7	49	451	50	0	500	500	0	500	500	0	
4.9299856374e+02	581	9	40	9	34	466	50	0	500	500	0	500	500	0	
4.9349812080e+02	581	9	35	13	49	451	50	0	500	500	0	500	500	0	
4.9399471632e+02	580	10	43	5	54	446	50	0	500	500	0	500	500	0	
4.9449968674e+02	582	7	38	10	52	448	50	0	500	500	0	500	500	0	
4.9499505551e+02	584	5	35	11	53	447	50	0	500	500	0	500	500	0	
4.9549960825e+02	581	8	39	7	45	455	50	0	500	500	0	500	500	0	
4.9599985612e+02	581	7	42	5	54	446	50	0	500	500	0	500	500	0	
4.9649894911e+02	581	8	40	8	35	465	50	0	500	500	0	500	500	0	
4.9699895890e+02	584	6	43	6	44	456	50	0	500	500	0	500	500	0	
4.9749942371e+02	585	6	44	5	29	471	50	0	500	500	0	500	500	0	
4.9799421307e+02	585	4	40	8	54	446	50	0	500	500	0	500	500	0	
4.9849958418e+02	587	4	46	2	54	446	50	0	500	500	0	500	500	0	
4.9899653921e+02	587	5	43	5	42	458	50	0	500	500	0	500	500	0	
4.9949936048e+02	588	3	46	2	29	471	50	0	500	500	0	500	500	0	
4.9999592942e+02	589	3	43	4	33	467	50	0	500	500	0	500	500	0	
5.0000171701e+02	589	3	43	4	32	468	50	0	500	500	0	500	500	0	
