0.0000000000e+00	0	0	0	0	0	500	50	0	500	500	0	500	500	30	
4.9808401251e-01	0	1	0	0	36	464	50	0	500	500	0	500	500	30	
9.9821169858e-01	0	3	0	0	33	467	50	0	500	500	0	500	500	30	
1.4989347470e+00	0	4	1	0	45	455	50	0	500	500	0	500	500	30	
1.9967254616e+00	0	5	0	1	34	466	50	0	500	500	0	500	500	30	
2.4984755261e+00	2	5	1	0	47	453	50	0	500	500	0	500	500	30	
2.9993324462e+00	4	4	1	1	45	455	50	0	500	500	0	500	500	30	
3.4947613554e+00	5	3	0	2	43	457	50	0	500	500	0	500	500	30	
3.9998863762e+00	5	5	1	1	48	452	50	0	500	500	0	500	500	30	
4.4976088051e+00	6	6	1	1	28	472	50	0	500	500	0	500	500	30	
4.9984509025e+00	9	3	2	1	28	472	50	0	500	500	0	500	500	30	
5.4977582273e+00	10	2	1	2	35	465	50	0	500	500	0	500	500	30	
5.9999868171e+00	10	3	2	1	43	457	50	0	500	500	0	500	500	30	
6.4956673995e+00	11	1	2	1	48	452	50	0	500	500	0	500	500	30	
6.9997921136e+00	12	0	1	2	32	468	50	0	500	500	0	500	500	30	
7.4981321393e+00	12	2	2	1	41	459	50	0	500	500	0	500	500	30	
7.9967157090e+00	12	3	1	2	40	460	50	0	500	500	0	500	500	30	
8.4995603041e+00	13	2	3	1	31	469	50	0	500	500	0	500	500	30	
8.9963491807e+00	13	2	4	0	31	469	50	0	500	500	0	500	500	30	
9.4982083575e+00	14	3	5	0	38	462	50	0	500	500	0	500	500	30	
9.9994497512e+00	15	2	3	2	40	460	50	0	500	500	0	500	500	30	
1.0499740875e+01	16	2	2	3	32	468	50	0	500	500	0	500	500	30	
1.0997637890e+01	16	2	3	2	29	471	50	0	500	500	0	500	500	30	
1.1499710552e+01	16	3	4	1	32	468	50	0	500	500	0	500	500	30	
1.1999870494e+01	16	5	5	0	47	453	50	0	500	500	0	500	500	30	
1.2498692195e+01	19	5	2	3	43	457	50	0	500	500	0	500	500	30	
1.2996321593e+01	21	3	4	2	36	464	50	0	500	500	0	500	500	30	
1.3496836082e+01	23	1	4	2	43	457	50	0	500	500	0	500	500	30	
1.3998974273e+01	23	2	4	2	36	464	50	0	500	500	0	500	500	30	
1.4498537747e+01	23	3	4	2	52	448	50	0	500	500	0	500	500	30	
1.4998836287e+01	24	3	5	1	39	461	50	0	500	500	0	500	500	30	
1.5497376836e+01	26	2	3	3	39	461	50	0	500	500	0	500	500	30	
1.5997715772e+01	28	1	4	2	30	470	50	0	500	500	0	500	500	30	
1.6497194094e+01	28	2	6	1	50	450	50	0	500	500	0	500	500	30	
1.6995685597e+01	29	2	5	2	38	462	50	0	500	500	0	500	500	30	
1.7499693299e+01	30	2	5	3	45	455	50	0	500	500	0	500	500	30	
1.7996799874e+01	32	1	2	6	45	455	50	0	500	500	0	500	500	30	
1.8496829734e+01	33	1	5	2	47	453	50	0	500	500	0	500	500	30	
1.8997089886e+01	33	2	4	3	38	462	50	0	500	500	0	500	500	30	
1.9499424137e+01	33	3	5	3	32	468	50	0	500	500	0	500	500	30	
1.9997422959e+01	33	4	6	3	49	451	50	0	500	500	0	500	500	30	
2.0499899196e+01	34	3	6	3	39	461	50	0	500	500	0	500	500	30	
2.0997768612e+01	35	5	5	4	39	461	50	0	500	500	0	500	500	30	
2.1499741553e+01	35	7	7	2	39	461	50	0	500	500	0	500	500	30	
2.1995896260e+01	38	5	6	3	38	462	50	0	500	500	0	500	500	30	
2.2497316821e+01	43	1	6	2	30	470	50	0	500	500	0	500	500	30	
2.2998690970e+01	44	0	6	2	30	470	50	0	500	500	0	500	500	30	
2.3492861240e+01	44	0	4	4	39	461	50	0	500	500	0	500	500	30	
2.3999096637e+01	45	1	6	2	39	461	50	0	500	500	0	500	500	30	
2.4491392886e+01	45	1	6	2	40	460	50	0	500	500	0	500	500	30	
2.4999542935e+01	45	1	6	2	44	456	50	0	500	500	0	500	500	30	
2.5498218130e+01	46	1	3	5	36	464	50	0	500	500	0	500	500	30	
2.5999574062e+01	47	1	5	4	25	475	50	0	500	500	0	500	500	30	
2.6498580447e+01	47	1	7	3	30	470	50	0	500	500	0	500	500	30	
2.6997060062e+01	48	1	9	1	47	453	50	0	500	500	0	500	500	30	
2.7496708316e+01	49	3	10	0	36	464	50	0	500	500	0	500	500	30	
2.7999310837e+01	50	3	8	2	46	454	50	0	500	500	0	500	500	30	
2.8498456957e+01	50	3	10	1	46	454	50	0	500	500	0	500	500	30	
2.8993461160e+01	52	2	10	2	44	456	50	0	500	500	0	500	500	30	
2.9499251302e+01	54	2	9	3	55	445	50	0	500	500	0	500	500	30	
2.9997839903e+01	53	3	10	2	39	461	50	0	500	500	0	500	500	30	
3.0497309618e+01	54	5	12	0	41	459	50	0	500	500	0	500	500	30	
3.0998285368e+01	55	7	8	4	46	454	50	0	500	500	0	500	500	30	
3.1498037495e+01	56	7	8	4	44	456	50	0	500	500	0	500	500	30	
3.1998103618e+01	55	8	8	4	49	451	50	0	500	500	0	500	500	30	
3.2497331369e+01	58	8	9	4	39	461	50	0	500	500	0	500	500	30	
3.2997658489e+01	62	8	3	10	42	458	50	0	500	500	0	500	500	30	
3.3499955183e+01	65	7	3	10	56	444	50	0	500	500	0	500	500	30	
3.3996913588e+01	66	8	7	5	57	443	50	0	500	500	0	500	500	30	
3.4498097647e+01	68	7	8	4	52	448	50	0	500	500	0	500	500	30	
3.4999625413e+01	69	7	9	3	46	454	50	0	500	500	0	500	500	30	
3.5498711850e+01	73	3	8	4	44	456	50	0	500	500	0	500	500	30	
3.5997497254e+01	73	4	9	4	40	460	50	0	500	500	0	500	500	30	
3.6498380154e+01	74	5	11	2	35	465	50	0	500	500	0	500	500	30	
3.6997811107e+01	77	4	12	3	35	465	50	0	500	500	0	500	500	30	
3.7498713757e+01	78	3	10	5	47	453	50	0	500	500	0	500	500	30	
3.7998670657e+01	79	2	10	5	56	444	50	0	500	500	0	500	500	30	
3.8499658547e+01	79	2	8	7	34	466	50	0	500	500	0	500	500	30	
3.8994601480e+01	79	2	12	3	34	466	50	0	500	500	0	500	500	30	
3.9494850207e+01	79	3	10	5	43	457	50	0	500	500	0	500	500	30	
3.9997405338e+01	79	5	10	5	41	459	50	0	500	500	0	500	500	30	
4.0499294770e+01	80	5	9	7	39	461	50	0	500	500	0	500	500	30	
4.0999908277e+01	81	5	8	10	35	465	50	0	500	500	0	500	500	30	
4.1493833535e+01	79	8	8	10	36	464	50	0	500	500	0	500	500	30	
4.1992150140e+01	82	6	11	9	33	467	50	0	500	500	0	500	500	30	
4.2499139080e+01	84	7	12	8	49	451	50	0	500	500	0	500	500	30	
4.2998943917e+01	85	8	15	5	42	458	50	0	500	500	0	500	500	30	
4.3498448477e+01	86	8	14	6	48	452	50	0	500	500	0	500	500	30	
4.3999824791e+01	89	5	15	5	39	461	50	0	500	500	0	500	500	30	
4.4499269120e+01	92	2	14	6	49	451	50	0	500	500	0	500	500	30	
4.4999575363e+01	91	5	13	7	47	453	50	0	500	500	0	500	500	30	
4.5499999536e+01	91	6	12	8	52	448	50	0	500	500	0	500	500	30	
4.5991688181e+01	92	5	11	9	62	438	50	0	500	500	0	500	500	30	
4.6499628967e+01	93	4	18	3	43	457	50	0	500	500	0	500	500	30	
4.6999497124e+01	97	2	10	12	44	456	50	0	500	500	0	500	500	30	
4.7499338669e+01	97	2	10	12	50	450	50	0	500	500	0	500	500	30	
4.7995837531e+01	98	5	12	10	47	453	50	0	500	500	0	500	500	30	
4.8499888385e+01	98	8	13	9	61	439	50	0	500	500	0	500	500	30	
4.8999935811e+01	100	5	17	5	37	463	50	0	500	500	0	500	500	30	
4.9497310393e+01	100	5	15	6	45	455	50	0	500	500	0	500	500	30	
4.9998177322e+01	101	5	14	7	40	460	50	0	500	500	0	500	500	30	
5.0497209870e+01	103	3	13	8	31	469	50	0	500	500	0	500	500	30	
5.0999145873e+01	103	4	15	7	36	464	50	0	500	500	0	500	500	30	
5.1496709747e+01	102	4	12	11	44	456	50	0	500	500	0	500	500	30	
5.1999029452e+01	102	4	16	7	36	464	50	0	500	500	0	500	500	30	
5.2495095577e+01	103	3	16	7	34	466	50	0	500	500	0	500	500	30	
5.2998297285e+01	104	3	13	10	41	459	50	0	500	500	0	500	500	30	
5.3496675533e+01	105	2	13	10	32	468	50	0	500	500	0	500	500	30	
5.3999406407e+01	104	3	17	6	31	469	50	0	500	500	0	500	500	30	
5.4497780284e+01	104	3	12	11	40	460	50	0	500	500	0	500	500	30	
5.4995417687e+01	107	2	14	9	53	447	50	0	500	500	0	500	500	30	
5.5499971930e+01	108	1	12	11	39	461	50	0	500	500	0	500	500	30	
5.5999900318e+01	107	3	16	7	47	453	50	0	500	500	0	500	500	30	
5.6499401964e+01	108	3	17	7	45	455	50	0	500	500	0	500	500	30	
5.6998160113e+01	109	3	15	9	50	450	50	0	500	500	0	500	500	30	
5.7498545412e+01	108	5	14	9	47	453	50	0	500	500	0	500	500	30	
5.7995967659e+01	107	7	18	6	39	461	50	0	500	500	0	500	500	30	
5.8499301862e+01	107	10	18	7	35	465	50	0	500	500	0	500	500	30	
5.8999385253e+01	108	9	16	10	37	463	50	0	500	500	0	500	500	30	
5.9496305577e+01	112	6	19	7	44	456	50	0	500	500	0	500	500	30	
5.9999361603e+01	114	6	18	8	33	467	50	0	500	500	0	500	500	30	
6.0499441413e+01	119	3	19	7	39	461	50	0	500	500	0	500	500	30	
6.0998847471e+01	119	4	19	7	36	464	50	0	500	500	0	500	500	30	
6.1493551534e+01	120	3	18	8	29	471	50	0	500	500	0	500	500	30	
6.1996419271e+01	121	4	16	9	36	464	50	0	500	500	0	500	500	30	
6.2499830348e+01	122	4	16	9	55	445	50	0	500	500	0	500	500	30	
6.2996228965e+01	123	6	14	12	50	450	50	0	500	500	0	500	500	30	
6.3499968088e+01	123	8	15	11	27	473	50	0	500	500	0	500	500	30	
6.3995834845e+01	124	7	20	7	26	474	50	0	500	500	0	500	500	30	
6.4498471551e+01	126	5	19	8	58	442	50	0	500	500	0	500	500	30	
6.4999952261e+01	127	7	17	10	50	450	50	0	500	500	0	500	500	30	
6.5498720809e+01	128	7	16	12	46	454	50	0	500	500	0	500	500	30	
6.5999659939e+01	129	10	22	6	51	449	50	0	500	500	0	500	500	30	
6.6498628428e+01	129	10	16	12	39	461	50	0	500	500	0	500	500	30	
6.6998373818e+01	129	8	15	13	50	450	50	0	500	500	0	500	500	30	
6.7499311924e+01	131	7	21	8	66	434	50	0	500	500	0	500	500	30	
6.7999356906e+01	131	8	24	5	39	461	50	0	500	500	0	500	500	30	
6.8498859065e+01	136	5	21	7	42	458	50	0	500	500	0	500	500	30	
6.8999043403e+01	135	7	18	10	45	455	50	0	500	500	0	500	500	30	
6.9498059433e+01	134	10	20	8	32	468	50	0	500	500	0	500	500	30	
6.9993980877e+01	138	7	21	7	44	456	50	0	500	500	0	500	500	30	
7.0498996043e+01	141	6	15	12	34	466	50	0	500	500	0	500	500	30	
7.0993002242e+01	141	7	14	12	32	468	50	0	500	500	0	500	500	30	
7.1496304106e+01	142	6	17	10	52	448	50	0	500	500	0	500	500	30	
7.1997908492e+01	144	5	18	9	51	449	50	0	500	500	0	500	500	30	
7.2499898971e+01	145	4	18	9	38	462	50	0	500	500	0	500	500	30	
7.2999026498e+01	147	3	19	8	39	461	50	0	500	500	0	500	500	30	
7.3499700947e+01	147	4	19	8	51	449	50	0	500	500	0	500	500	30	
7.3999418835e+01	150	2	21	6	34	466	50	0	500	500	0	500	500	30	
7.4495315347e+01	150	3	23	5	45	455	50	0	500	500	0	500	500	30	
7.4999629207e+01	150	4	23	5	39	461	50	0	500	500	0	500	500	30	
7.5493948331e+01	151	5	17	11	39	461	50	0	500	500	0	500	500	30	
7.5999431679e+01	154	3	22	6	35	465	50	0	500	500	0	500	500	30	
7.6497112550e+01	154	3	18	10	52	448	50	0	500	500	0	500	500	30	
7.6995913615e+01	153	2	16	13	47	453	50	0	500	500	0	500	500	30	
7.7499916404e+01	154	4	17	12	57	443	50	0	500	500	0	500	500	30	
7.7998759116e+01	153	7	16	14	44	456	50	0	500	500	0	500	500	30	
7.8498461668e+01	153	7	17	13	35	465	50	0	500	500	0	500	500	30	
7.8994881392e+01	154	6	18	11	48	452	50	0	500	500	0	500	500	30	
7.9497968033e+01	153	7	14	15	46	454	50	0	500	500	0	500	500	30	
7.9997394471e+01	155	7	19	11	35	465	50	0	500	500	0	500	500	30	
8.0499723659e+01	155	9	16	13	39	461	50	0	500	500	0	500	500	30	
8.0998554236e+01	159	6	23	7	33	467	50	0	500	500	0	500	500	30	
8.1495592024e+01	159	6	24	7	36	464	50	0	500	500	0	500	500	30	
8.1999371894e+01	160	5	21	10	34	466	50	0	500	500	0	500	500	30	
8.2490627710e+01	159	6	20	11	44	456	50	0	500	500	0	500	500	30	
8.2999607283e+01	159	5	20	12	35	465	50	0	500	500	0	500	500	30	
8.3499875966e+01	160	5	24	8	41	459	50	0	500	500	0	500	500	30	
8.3999964795e+01	160	5	26	6	41	459	50	0	500	500	0	500	500	30	
8.4499603144e+01	161	4	21	11	35	465	50	0	500	500	0	500	500	30	
8.4998787588e+01	160	7	22	9	58	442	50	0	500	500	0	500	500	30	
8.5499986639e+01	162	7	24	7	50	450	50	0	500	500	0	500	500	30	
8.5998865714e+01	162	7	22	9	42	458	50	0	500	500	0	500	500	30	
8.6498155504e+01	165	5	22	9	32	468	50	0	500	500	0	500	500	30	
8.6998561855e+01	166	4	19	13	29	471	50	0	500	500	0	500	500	30	
8.7499016757e+01	165	5	20	12	26	474	50	0	500	500	0	500	500	30	
8.7997549244e+01	166	6	22	10	47	453	50	0	500	500	0	500	500	30	
8.8499673697e+01	165	5	22	10	40	460	50	0	500	500	0	500	500	30	
8.8998869423e+01	167	3	24	8	35	465	50	0	500	500	0	500	500	30	
8.9496897205e+01	169	4	20	12	37	463	50	0	500	500	0	500	500	30	
8.9997883468e+01	171	4	22	10	54	446	50	0	500	500	0	500	500	30	
9.0497879453e+01	173	3	23	8	37	463	50	0	500	500	0	500	500	30	
9.0999904221e+01	173	3	28	4	35	465	50	0	500	500	0	500	500	30	
9.1498953824e+01	175	1	27	5	32	468	50	0	500	500	0	500	500	30	
9.1996508884e+01	177	1	20	12	52	448	50	0	500	500	0	500	500	30	
9.2497410338e+01	176	4	22	11	42	458	50	0	500	500	0	500	500	30	
9.2999744609e+01	176	6	20	13	49	451	50	0	500	500	0	500	500	30	
9.3499765642e+01	176	7	22	11	62	438	50	0	500	500	0	500	500	30	
9.3998558534e+01	174	9	18	15	52	448	50	0	500	500	0	500	500	30	
9.4497512745e+01	174	11	19	14	37	463	50	0	500	500	0	500	500	30	
9.4990834341e+01	177	9	18	15	34	466	50	0	500	500	0	500	500	30	
9.5495371727e+01	179	7	20	13	41	459	50	0	500	500	0	500	500	30	
9.5999378126e+01	181	5	22	11	47	453	50	0	500	500	0	500	500	30	
9.6499334972e+01	180	7	25	8	34	466	50	0	500	500	0	500	500	30	
9.6999536423e+01	182	6	23	9	31	469	50	0	500	500	0	500	500	30	
9.7499859697e+01	183	6	22	9	45	455	50	0	500	500	0	500	500	30	
9.7999644079e+01	182	7	18	14	32	468	50	0	500	500	0	500	500	30	
9.8499572994e+01	183	6	16	16	30	470	50	0	500	500	0	500	500	30	
9.8997003374e+01	183	8	20	14	36	464	50	0	500	500	0	500	500	30	
9.9497101727e+01	184	7	22	12	39	461	50	0	500	500	0	500	500	30	
9.9997289288e+01	188	8	27	7	39	461	50	0	500	500	0	500	500	30	
1.0049654179e+02	192	4	29	5	58	442	50	0	500	500	0	500	500	30	
1.0099760323e+02	190	6	24	10	47	453	50	0	500	500	0	500	500	30	
1.0149998371e+02	190	7	19	16	42	458	50	0	500	500	0	500	500	30	
1.0199816036e+02	191	6	24	11	27	473	50	0	500	500	0	500	500	30	
1.0249882863e+02	190	9	23	12	30	470	50	0	500	500	0	500	500	30	
1.0299751519e+02	190	8	24	11	42	458	50	0	500	500	0	500	500	30	
1.0349892174e+02	193	8	22	13	51	449	50	0	500	500	0	500	500	30	
1.0398896576e+02	197	4	20	15	39	461	50	0	500	500	0	500	500	30	
1.0449994613e+02	199	5	23	12	57	443	50	0	500	500	0	500	500	30	
1.0499621527e+02	201	4	27	8	50	450	50	0	500	500	0	500	500	30	
1.0549652397e+02	202	5	27	8	50	450	50	0	500	500	0	500	500	30	
1.0599982631e+02	203	5	26	9	38	462	50	0	500	500	0	500	500	30	
1.0649937153e+02	203	7	20	15	45	455	50	0	500	500	0	500	500	30	
1.0699721236e+02	203	6	24	10	45	455	50	0	500	500	0	500	500	30	
1.0749934958e+02	206	4	25	10	45	455	50	0	500	500	0	500	500	30	
1.0799761350e+02	204	7	24	11	32	468	50	0	500	500	0	500	500	30	
1.0849915975e+02	205	7	20	16	45	455	50	0	500	500	0	500	500	30	
1.0899974614e+02	203	11	23	14	44	456	50	0	500	500	0	500	500	30	
1.0949795702e+02	206	8	22	15	47	453	50	0	500	500	0	500	500	30	
1.0999928863e+02	208	7	26	10	41	459	50	0	500	500	0	500	500	30	
1.1049934615e+02	207	8	23	13	35	465	50	0	500	500	0	500	500	30	
1.1099924539e+02	206	10	26	12	30	470	50	0	500	500	0	500	500	30	
1.1149942070e+02	206	10	22	16	49	451	50	0	500	500	0	500	500	30	
1.1199993666e+02	209	8	22	16	45	455	50	0	500	500	0	500	500	30	
1.1249801912e+02	209	9	22	16	22	478	50	0	500	500	0	500	500	30	
1.1299982822e+02	208	12	25	14	47	453	50	0	500	500	0	500	500	30	
1.1349861291e+02	210	10	22	18	51	449	50	0	500	500	0	500	500	30	
1.1399846069e+02	212	8	22	17	43	457	50	0	500	500	0	500	500	30	
1.1449919456e+02	213	7	33	6	40	460	50	0	500	500	0	500	500	30	
1.1499178863e+02	217	4	27	12	45	455	50	0	500	500	0	500	500	30	
1.1549779944e+02	216	6	26	12	30	470	50	0	500	500	0	500	500	30	
1.1599352279e+02	217	6	24	14	32	468	50	0	500	500	0	500	500	30	
1.1649746869e+02	219	5	20	19	40	460	50	0	500	500	0	500	500	30	
1.1699237722e+02	220	5	23	16	55	445	50	0	500	500	0	500	500	30	
1.1749649969e+02	222	4	26	13	37	463	50	0	500	500	0	500	500	30	
1.1799831706e+02	224	4	26	13	31	469	50	0	500	500	0	500	500	30	
1.1848335071e+02	225	5	22	17	27	473	50	0	500	500	0	500	500	30	
1.1899730246e+02	225	5	27	13	42	458	50	0	500	500	0	500	500	30	
1.1949992033e+02	227	5	27	12	40	460	50	0	500	500	0	500	500	30	
1.1999974275e+02	229	4	29	11	43	457	50	0	500	500	0	500	500	30	
1.2049949963e+02	230	4	29	11	36	464	50	0	500	500	0	500	500	30	
1.2099988414e+02	231	4	28	11	52	448	50	0	500	500	0	500	500	30	
1.2149936052e+02	231	5	26	13	52	448	50	0	500	500	0	500	500	30	
1.2199853209e+02	230	6	20	18	41	459	50	0	500	500	0	500	500	30	
1.2249940012e+02	232	4	23	15	49	451	50	0	500	500	0	500	500	30	
1.2299987702e+02	234	3	25	13	53	447	50	0	500	500	0	500	500	30	
1.2349889692e+02	234	4	29	9	47	453	50	0	500	500	0	500	500	30	
1.2399096116e+02	234	3	24	15	53	447	50	0	500	500	0	500	500	30	
1.2449957802e+02	237	2	28	11	42	458	50	0	500	500	0	500	500	30	
1.2499940624e+02	236	3	25	14	40	460	50	0	500	500	0	500	500	30	
1.2549852220e+02	235	3	29	11	47	453	50	0	500	500	0	500	500	30	
1.2599324380e+02	236	4	27	13	43	457	50	0	500	500	0	500	500	30	
1.2649934075e+02	236	5	32	9	34	466	50	0	500	500	0	500	500	30	
1.2699949323e+02	236	5	29	13	43	457	50	0	500	500	0	500	500	30	
1.2749983650e+02	236	5	29	13	45	455	50	0	500	500	0	500	500	30	
1.2799155527e+02	237	6	24	17	26	474	50	0	500	500	0	500	500	30	
1.2849977367e+02	237	6	32	9	36	464	50	0	500	500	0	500	500	30	
1.2899664059e+02	239	4	33	8	32	468	50	0	500	500	0	500	500	30	
1.2949864183e+02	239	4	29	11	52	448	50	0	500	500	0	500	500	30	
1.2999877284e+02	238	7	29	11	41	459	50	0	500	500	0	500	500	30	
1.3049931345e+02	238	8	28	12	37	463	50	0	500	500	0	500	500	30	
1.3099620870e+02	239	8	28	11	43	457	50	0	500	500	0	500	500	30	
1.3149649562e+02	240	8	30	9	40	460	50	0	500	500	0	500	500	30	
1.3199927850e+02	243	7	31	8	52	448	50	0	500	500	0	500	500	30	
1.3249694989e+02	244	6	27	12	39	461	50	0	500	500	0	500	500	30	
1.3299820885e+02	244	7	25	14	57	443	50	0	500	500	0	500	500	30	
1.3349922667e+02	243	7	30	11	59	441	50	0	500	500	0	500	500	30	
1.3399973568e+02	243	9	26	15	38	462	50	0	500	500	0	500	500	30	
1.3449993240e+02	244	10	31	10	34	466	50	0	500	500	0	500	500	30	
1.3499821326e+02	245	10	27	14	47	453	50	0	500	500	0	500	500	30	
1.3549985721e+02	247	8	29	12	31	469	50	0	500	500	0	500	500	30	
1.3599783364e+02	247	8	25	16	53	447	50	0	500	500	0	500	500	30	
1.3649690528e+02	247	10	23	17	29	471	50	0	500	500	0	500	500	30	
1.3699918767e+02	247	10	25	16	24	476	50	0	500	500	0	500	500	30	
1.3749901402e+02	248	9	27	13	42	458	50	0	500	500	0	500	500	30	
1.3799726640e+02	248	9	31	9	33	467	50	0	500	500	0	500	500	30	
1.3849945813e+02	249	8	25	15	68	432	50	0	500	500	0	500	500	30	
1.3899969509e+02	252	5	33	8	54	446	50	0	500	500	0	500	500	30	
1.3949845975e+02	253	4	31	11	39	461	50	0	500	500	0	500	500	30	
1.3999866324e+02	254	5	25	17	35	465	50	0	500	500	0	500	500	30	
1.4049771422e+02	255	4	27	16	50	450	50	0	500	500	0	500	500	30	
1.4099900673e+02	255	4	27	16	37	463	50	0	500	500	0	500	500	30	
1.4149737548e+02	257	4	33	10	41	459	50	0	500	500	0	500	500	30	
1.4199998045e+02	258	3	28	17	43	457	50	0	500	500	0	500	500	30	
1.4249323825e+02	256	4	28	16	33	467	50	0	500	500	0	500	500	30	
1.4299951237e+02	253	9	21	23	43	457	50	0	500	500	0	500	500	30	
1.4349989382e+02	254	10	32	11	43	457	50	0	500	500	0	500	500	30	
1.4399781186e+02	254	10	30	13	45	455	50	0	500	500	0	500	500	30	
1.4449716900e+02	257	7	27	16	31	469	50	0	500	500	0	500	500	30	
1.4499849463e+02	258	9	25	17	35	465	50	0	500	500	0	500	500	30	
1.4549990054e+02	262	7	28	15	51	449	50	0	500	500	0	500	500	30	
1.4599912878e+02	260	9	30	14	41	459	50	0	500	500	0	500	500	30	
1.4649745427e+02	262	7	33	9	50	450	50	0	500	500	0	500	500	30	
1.4699983980e+02	262	9	29	15	45	455	50	0	500	500	0	500	500	30	
1.4749746686e+02	264	7	33	11	52	448	50	0	500	500	0	500	500	30	
1.4799693179e+02	263	8	31	13	36	464	50	0	500	500	0	500	500	30	
1.4849932286e+02	265	7	30	13	27	473	50	0	500	500	0	500	500	30	
1.4899325554e+02	265	10	35	8	35	465	50	0	500	500	0	500	500	30	
1.4949860793e+02	266	11	33	10	43	457	50	0	500	500	0	500	500	30	
1.4999963976e+02	268	11	33	10	44	456	50	0	500	500	0	500	500	30	
1.5049707084e+02	271	11	34	9	56	444	50	0	500	500	0	500	500	30	
1.5099978407e+02	271	12	27	15	38	462	50	0	500	500	0	500	500	30	
1.5149892125e+02	266	16	26	16	44	456	50	0	500	500	0	500	500	30	
1.5199939805e+02	274	9	24	18	40	460	50	0	500	500	0	500	500	30	
1.5249602863e+02	277	6	27	16	40	460	50	0	500	500	0	500	500	30	
1.5299855019e+02	278	5	22	21	43	457	50	0	500	500	0	500	500	30	
1.5349722609e+02	278	5	29	14	45	455	50	0	500	500	0	500	500	30	
1.5399904380e+02	278	6	28	14	52	448	50	0	500	500	0	500	500	30	
1.5449514910e+02	281	4	28	14	33	467	50	0	500	500	0	500	500	30	
1.5499898652e+02	278	8	26	16	41	459	50	0	500	500	0	500	500	30	
1.5549889018e+02	277	9	32	11	49	451	50	0	500	500	0	500	500	30	
1.5599692821e+02	278	8	32	12	44	456	50	0	500	500	0	500	500	30	
1.5649817312e+02	280	6	25	18	51	449	50	0	500	500	0	500	500	30	
1.5699740991e+02	278	7	29	14	30	470	50	0	500	500	0	500	500	30	
1.5749786547e+02	278	7	32	11	32	468	50	0	500	500	0	500	500	30	
1.5799861682e+02	277	11	29	14	39	461	50	0	500	500	0	500	500	30	
1.5849986597e+02	276	12	23	20	31	469	50	0	500	500	0	500	500	30	
1.5899965560e+02	277	13	26	17	49	451	50	0	500	500	0	500	500	30	
1.5949873558e+02	277	14	25	18	55	445	50	0	500	500	0	500	500	30	
1.5999581505e+02	280	12	33	10	50	450	50	0	500	500	0	500	500	30	
1.6049999254e+02	284	9	25	18	51	449	50	0	500	500	0	500	500	30	
1.6099874147e+02	284	11	31	13	34	466	50	0	500	500	0	500	500	30	
1.6149862847e+02	285	9	35	9	45	455	50	0	500	500	0	500	500	30	
1.6199974308e+02	289	6	40	4	42	458	50	0	500	500	0	500	500	30	
1.6249988534e+02	289	6	28	16	34	466	50	0	500	500	0	500	500	30	
1.6299858249e+02	291	4	31	13	35	465	50	0	500	500	0	500	500	30	
1.6349853921e+02	290	6	36	8	45	455	50	0	500	500	0	500	500	30	
1.6399978603e+02	290	6	33	12	56	444	50	0	500	500	0	500	500	30	
1.6449933755e+02	288	8	34	11	35	465	50	0	500	500	0	500	500	30	
1.6499826100e+02	290	6	31	14	36	464	50	0	500	500	0	500	500	30	
1.6549811135e+02	292	6	31	14	52	448	50	0	500	500	0	500	500	30	
1.6599922997e+02	292	6	26	19	33	467	50	0	500	500	0	500	500	30	
1.6649875756e+02	291	8	23	22	49	451	50	0	500	500	0	500	500	30	
1.6699969797e+02	289	10	28	18	46	454	50	0	500	500	0	500	500	30	
1.6749582908e+02	292	7	32	15	43	457	50	0	500	500	0	500	500	30	
1.6799914878e+02	291	7	36	11	44	456	50	0	500	500	0	500	500	30	
1.6849959580e+02	293	4	32	15	45	455	50	0	500	500	0	500	500	30	
1.6899963088e+02	294	4	29	18	48	452	50	0	500	500	0	500	500	30	
1.6949068232e+02	292	6	33	13	45	455	50	0	500	500	0	500	500	30	
1.6999827069e+02	291	8	34	12	49	451	50	0	500	500	0	500	500	30	
1.7049972790e+02	294	10	31	15	55	445	50	0	500	500	0	500	500	30	
1.7099928119e+02	297	7	31	16	49	451	50	0	500	500	0	500	500	30	
1.7149947971e+02	296	8	35	12	42	458	50	0	500	500	0	500	500	30	
1.7199818148e+02	297	8	28	19	49	451	50	0	500	500	0	500	500	30	
1.7249800763e+02	295	10	39	9	55	445	50	0	500	500	0	500	500	30	
1.7299855718e+02	297	11	32	15	44	456	50	0	500	500	0	500	500	30	
1.7349843412e+02	299	10	31	15	44	456	50	0	500	500	0	500	500	30	
1.7399842633e+02	297	14	29	17	40	460	50	0	500	500	0	500	500	30	
1.7449720449e+02	299	14	34	12	34	466	50	0	500	500	0	500	500	30	
1.7499619208e+02	300	13	32	13	44	456	50	0	500	500	0	500	500	30	
1.7549846298e+02	300	14	28	17	52	448	50	0	500	500	0	500	500	30	
1.7599655368e+02	303	11	27	18	52	448	50	0	500	500	0	500	500	30	
1.7649904041e+02	304	10	29	16	44	456	50	0	500	500	0	500	500	30	
1.7699858670e+02	306	9	32	13	54	446	50	0	500	500	0	500	500	30	
1.7749099050e+02	307	9	33	13	28	472	50	0	500	500	0	500	500	30	
1.7799881187e+02	307	10	32	14	39	461	50	0	500	500	0	500	500	30	
1.7849187283e+02	309	10	36	10	30	470	50	0	500	500	0	500	500	30	
1.7899991077e+02	307	12	31	15	42	458	50	0	500	500	0	500	500	30	
1.7949802936e+02	311	10	30	15	47	453	50	0	500	500	0	500	500	30	
1.7998720586e+02	315	6	36	9	42	458	50	0	500	500	0	500	500	30	
1.8049946581e+02	317	3	30	15	31	469	50	0	500	500	0	500	500	30	
1.8099975893e+02	316	4	30	15	31	469	50	0	500	500	0	500	500	30	
1.8149922289e+02	315	5	21	25	40	460	50	0	500	500	0	500	500	30	
1.8199753842e+02	314	8	21	25	45	455	50	0	500	500	0	500	500	30	
1.8249837974e+02	315	7	26	20	45	455	50	0	500	500	0	500	500	30	
1.8299617877e+02	315	7	30	16	42	458	50	0	500	500	0	500	500	30	
1.8349950394e+02	315	6	34	12	40	460	50	0	500	500	0	500	500	30	
1.8399952734e+02	315	8	39	8	30	470	50	0	500	500	0	500	500	30	
1.8449949386e+02	318	5	36	11	24	476	50	0	500	500	0	500	500	30	
1.8499974673e+02	317	9	34	13	47	453	50	0	500	500	0	500	500	30	
1.8549535799e+02	319	8	35	12	33	467	50	0	500	500	0	500	500	30	
1.8599601189e+02	323	6	31	16	27	473	50	0	500	500	0	500	500	30	
1.8649583962e+02	320	9	34	13	34	466	50	0	500	500	0	500	500	30	
1.8699522496e+02	321	10	34	13	49	451	50	0	500	500	0	500	500	30	
1.8749894464e+02	320	11	31	14	63	437	50	0	500	500	0	500	500	30	
1.8799888879e+02	322	9	27	18	60	440	50	0	500	500	0	500	500	30	
1.8849993516e+02	321	10	29	15	28	472	50	0	500	500	0	500	500	30	
1.8899545475e+02	322	10	28	17	36	464	50	0	500	500	0	500	500	30	
1.8949451810e+02	323	11	30	16	29	471	50	0	500	500	0	500	500	30	
1.8999905807e+02	323	12	29	15	24	476	50	0	500	500	0	500	500	30	
1.9049605176e+02	324	13	27	16	27	473	50	0	500	500	0	500	500	30	
1.9099879662e+02	327	11	21	22	33	467	50	0	500	500	0	500	500	30	
1.9148793588e+02	327	13	21	22	30	470	50	0	500	500	0	500	500	30	
1.9199920098e+02	329	11	24	19	42	458	50	0	500	500	0	500	500	30	
1.9249861980e+02	329	13	23	19	38	462	50	0	500	500	0	500	500	30	
1.9299695280e+02	327	16	27	15	39	461	50	0	500	500	0	500	500	30	
1.9349931277e+02	331	12	26	16	27	473	50	0	500	500	0	500	500	30	
1.9399687179e+02	336	7	31	11	33	467	50	0	500	500	0	500	500	30	
1.9449913396e+02	338	6	33	9	45	455	50	0	500	500	0	500	500	30	
1.9499914099e+02	337	7	30	11	42	458	50	0	500	500	0	500	500	30	
1.9549638826e+02	332	11	29	13	31	469	50	0	500	500	0	500	500	30	
1.9599658438e+02	333	11	29	13	46	454	50	0	500	500	0	500	500	30	
1.9649884219e+02	339	7	30	12	51	449	50	0	500	500	0	500	500	30	
1.9699766939e+02	338	10	24	17	41	459	50	0	500	500	0	500	500	30	
1.9749556460e+02	335	15	24	18	49	451	50	0	500	500	0	500	500	30	
1.9799964224e+02	337	13	30	13	50	450	50	0	500	500	0	500	500	30	
1.9849671015e+02	340	11	23	20	53	447	50	0	500	500	0	500	500	30	
1.9899859770e+02	342	11	31	12	49	451	50	0	500	500	0	500	500	30	
1.9949255134e+02	342	11	31	12	39	461	50	0	500	500	0	500	500	30	
1.9999974057e+02	346	8	32	11	41	459	50	0	500	500	0	500	500	30	
2.0049385183e+02	347	7	34	10	18	482	50	0	500	500	0	500	500	30	
2.0099600967e+02	345	8	35	8	36	464	50	0	500	500	0	500	500	30	
2.0149804062e+02	344	8	34	9	24	476	50	0	500	500	0	500	500	30	
2.0199874014e+02	345	8	34	9	43	457	50	0	500	500	0	500	500	30	
2.0249874028e+02	345	9	36	8	45	455	50	0	500	500	0	500	500	30	
2.0299530394e+02	347	8	31	12	38	462	50	0	500	500	0	500	500	30	
2.0349930391e+02	347	9	32	11	33	467	50	0	500	500	0	500	500	30	
2.0399846612e+02	343	16	27	16	37	463	50	0	500	500	0	500	500	30	
2.0449895404e+02	343	15	30	14	35	465	50	0	500	500	0	500	500	30	
2.0499867650e+02	345	15	34	10	48	452	50	0	500	500	0	500	500	30	
2.0549559362e+02	352	8	33	11	26	474	50	0	500	500	0	500	500	30	
2.0599404043e+02	350	10	34	10	50	450	50	0	500	500	0	500	500	30	
2.0649983867e+02	352	9	35	9	41	459	50	0	500	500	0	500	500	30	
2.0699890592e+02	353	7	30	14	52	448	50	0	500	500	0	500	500	30	
2.0749969089e+02	349	12	29	15	53	447	50	0	500	500	0	500	500	30	
2.0799836965e+02	352	9	31	13	59	441	50	0	500	500	0	500	500	30	
2.0849912353e+02	355	8	30	15	41	459	50	0	500	500	0	500	500	30	
2.0899867239e+02	356	8	29	16	49	451	50	0	500	500	0	500	500	30	
2.0949679644e+02	355	10	28	16	46	454	50	0	500	500	0	500	500	30	
2.0999986038e+02	356	11	29	16	50	450	50	0	500	500	0	500	500	30	
2.1049737163e+02	357	12	29	16	36	464	50	0	500	500	0	500	500	30	
2.1099458160e+02	355	15	27	18	50	450	50	0	500	500	0	500	500	30	
2.1149873830e+02	356	15	33	12	55	445	50	0	500	500	0	500	500	30	
2.1199801018e+02	357	13	28	17	42	458	50	0	500	500	0	500	500	30	
2.1249992667e+02	364	7	31	17	55	445	50	0	500	500	0	500	500	30	
2.1299584855e+02	366	6	36	12	41	459	50	0	500	500	0	500	500	30	
2.1349403852e+02	368	7	32	15	37	463	50	0	500	500	0	500	500	30	
2.1399651982e+02	370	6	33	14	34	466	50	0	500	500	0	500	500	30	
2.1449896161e+02	369	6	36	10	45	455	50	0	500	500	0	500	500	30	
2.1499893692e+02	368	6	34	12	33	467	50	0	500	500	0	500	500	30	
2.1549770456e+02	364	9	27	19	55	445	50	0	500	500	0	500	500	30	
2.1599890017e+02	361	11	22	22	37	463	50	0	500	500	0	500	500	30	
2.1649990993e+02	362	11	26	18	63	437	50	0	500	500	0	500	500	30	
2.1699049669e+02	362	11	32	13	48	452	50	0	500	500	0	500	500	30	
2.1749906990e+02	363	10	36	9	54	446	50	0	500	500	0	500	500	30	
2.1799893643e+02	362	12	35	10	54	446	50	0	500	500	0	500	500	30	
2.1849645952e+02	365	10	29	15	34	466	50	0	500	500	0	500	500	30	
2.1899614017e+02	365	11	26	18	42	458	50	0	500	500	0	500	500	30	
2.1949615889e+02	366	10	26	17	63	437	50	0	500	500	0	500	500	30	
2.1999971364e+02	368	9	30	15	53	447	50	0	500	500	0	500	500	30	
2.2049858520e+02	364	11	32	13	90	410	50	0	500	500	0	500	500	30	
2.2099944878e+02	367	8	30	16	46	454	50	0	500	500	0	500	500	30	
2.2148869325e+02	367	10	30	15	50	450	50	0	500	500	0	500	500	30	
2.2199817006e+02	368	10	33	13	46	454	50	0	500	500	0	500	500	30	
2.2249953337e+02	370	9	25	21	52	448	50	0	500	500	0	500	500	30	
2.2299811957e+02	373	6	30	16	39	461	50	0	500	500	0	500	500	30	
2.2349914565e+02	374	6	32	13	43	457	50	0	500	500	0	500	500	30	
2.2399980363e+02	379	2	30	15	43	457	50	0	500	500	0	500	500	30	
2.2449766904e+02	378	3	34	11	43	457	50	0	500	500	0	500	500	30	
2.2499832476e+02	376	5	32	13	46	454	50	0	500	500	0	500	500	30	
2.2549632758e+02	378	3	33	12	49	451	50	0	500	500	0	500	500	30	
2.2599947228e+02	378	4	35	11	29	471	50	0	500	500	0	500	500	30	
2.2649859579e+02	379	5	30	16	50	450	50	0	500	500	0	500	500	30	
2.2699646655e+02	379	7	26	20	38	462	50	0	500	500	0	500	500	30	
2.2749648043e+02	380	6	25	22	46	454	50	0	500	500	0	500	500	30	
2.2799762952e+02	381	5	28	19	59	441	50	0	500	500	0	500	500	30	
2.2849927782e+02	382	4	29	18	49	451	50	0	500	500	0	500	500	30	
2.2899675860e+02	381	5	24	23	43	457	50	0	500	500	0	500	500	30	
2.2949872033e+02	377	10	30	17	45	455	50	0	500	500	0	500	500	30	
2.2999969816e+02	376	11	28	19	38	462	50	0	500	500	0	500	500	30	
2.3049613963e+02	379	8	35	12	32	468	50	0	500	500	0	500	500	30	
2.3099611807e+02	379	8	34	13	50	450	50	0	500	500	0	500	500	30	
2.3149963744e+02	382	5	30	17	50	450	50	0	500	500	0	500	500	30	
2.3199727024e+02	383	3	32	15	35	465	50	0	500	500	0	500	500	30	
2.3249397348e+02	383	3	24	22	38	462	50	0	500	500	0	500	500	30	
2.3299997078e+02	385	1	34	12	42	458	50	0	500	500	0	500	500	30	
2.3349875471e+02	383	4	38	8	39	461	50	0	500	500	0	500	500	30	
2.3399979561e+02	383	4	32	15	69	431	50	0	500	500	0	500	500	30	
2.3449828019e+02	383	6	34	13	46	454	50	0	500	500	0	500	500	30	
2.3499789464e+02	384	5	35	12	49	451	50	0	500	500	0	500	500	30	
2.3549299442e+02	384	6	30	17	55	445	50	0	500	500	0	500	500	30	
2.3599859695e+02	386	7	28	19	47	453	50	0	500	500	0	500	500	30	
2.3649816204e+02	386	9	35	12	43	457	50	0	500	500	0	500	500	30	
2.3699772766e+02	384	11	33	14	41	459	50	0	500	500	0	500	500	30	
2.3749805848e+02	383	12	30	17	30	470	50	0	500	500	0	500	500	30	
2.3799853146e+02	385	12	29	18	53	447	50	0	500	500	0	500	500	30	
2.3849871632e+02	387	11	31	16	41	459	50	0	500	500	0	500	500	30	
2.3899844744e+02	387	10	37	10	43	457	50	0	500	500	0	500	500	30	
2.3949995327e+02	390	8	30	17	56	444	50	0	500	500	0	500	500	30	
2.3999493215e+02	393	5	36	11	44	456	50	0	500	500	0	500	500	30	
2.4049765895e+02	391	10	37	10	57	443	50	0	500	500	0	500	500	30	
2.4099479856e+02	391	10	35	11	26	474	50	0	500	500	0	500	500	30	
2.4149999059e+02	392	6	32	14	29	471	50	0	500	500	0	500	500	30	
2.4199936743e+02	396	4	30	15	59	441	50	0	500	500	0	500	500	30	
2.4249740622e+02	397	3	33	10	34	466	50	0	500	500	0	500	500	30	
2.4299705524e+02	394	7	34	11	36	464	50	0	500	500	0	500	500	30	
2.4349654828e+02	394	8	32	12	62	438	50	0	500	500	0	500	500	30	
2.4399978239e+02	394	10	31	13	51	449	50	0	500	500	0	500	500	30	
2.4449951095e+02	396	9	28	16	43	457	50	0	500	500	0	500	500	30	
2.4499918885e+02	397	9	34	10	58	442	50	0	500	500	0	500	500	30	
2.4549900254e+02	397	10	30	15	50	450	50	0	500	500	0	500	500	30	
2.4599994272e+02	399	8	32	14	48	452	50	0	500	500	0	500	500	30	
2.4649926070e+02	395	13	24	22	40	460	50	0	500	500	0	500	500	30	
2.4699992473e+02	399	9	29	17	30	470	50	0	500	500	0	500	500	30	
2.4749901020e+02	398	8	27	19	36	464	50	0	500	500	0	500	500	30	
2.4799923441e+02	397	8	31	15	46	454	50	0	500	500	0	500	500	30	
2.4849742038e+02	397	7	35	11	48	452	50	0	500	500	0	500	500	30	
2.4899440492e+02	396	8	32	14	33	467	50	0	500	500	0	500	500	30	
2.4949905257e+02	398	6	36	10	41	459	50	0	500	500	0	500	500	30	
2.4999974359e+02	397	6	34	12	31	469	50	0	500	500	0	500	500	30	
2.5049709600e+02	398	5	30	16	42	458	50	0	500	500	0	500	500	30	
2.5099974184e+02	396	7	27	19	21	479	50	0	500	500	0	500	500	30	
2.5149932147e+02	397	6	35	11	39	461	50	0	500	500	0	500	500	30	
2.5199730526e+02	396	5	36	10	36	464	50	0	500	500	0	500	500	30	
2.5249845196e+02	396	5	32	14	32	468	50	0	500	500	0	500	500	30	
2.5299812641e+02	396	6	31	15	54	446	50	0	500	500	0	500	500	30	
2.5349852615e+02	397	5	38	8	36	464	50	0	500	500	0	500	500	30	
2.5399326221e+02	397	9	34	12	35	465	50	0	500	500	0	500	500	30	
2.5449946219e+02	398	8	32	13	27	473	50	0	500	500	0	500	500	30	
2.5499907535e+02	399	8	36	10	37	463	50	0	500	500	0	500	500	30	
2.5549923370e+02	400	9	31	15	46	454	50	0	500	500	0	500	500	30	
2.5599417486e+02	402	7	29	17	50	450	50	0	500	500	0	500	500	30	
2.5649914373e+02	402	7	22	25	49	451	50	0	500	500	0	500	500	30	
2.5699790849e+02	407	3	28	19	32	468	50	0	500	500	0	500	500	30	
2.5749972696e+02	405	5	28	19	44	456	50	0	500	500	0	500	500	30	
2.5799817887e+02	406	4	27	20	55	445	50	0	500	500	0	500	500	30	
2.5849922243e+02	404	7	34	13	26	474	50	0	500	500	0	500	500	30	
2.5899979068e+02	406	3	37	10	35	465	50	0	500	500	0	500	500	30	
2.5949798019e+02	406	3	35	12	53	447	50	0	500	500	0	500	500	30	
2.5999836236e+02	405	5	34	13	37	463	50	0	500	500	0	500	500	30	
2.6049367726e+02	408	5	30	17	38	462	50	0	500	500	0	500	500	30	
2.6099728381e+02	407	4	31	16	51	449	50	0	500	500	0	500	500	30	
2.6149977757e+02	408	4	33	15	50	450	50	0	500	500	0	500	500	30	
2.6199809191e+02	408	5	34	15	48	452	50	0	500	500	0	500	500	30	
2.6249737102e+02	410	3	32	17	58	442	50	0	500	500	0	500	500	30	
2.6299986544e+02	409	6	35	14	38	462	50	0	500	500	0	500	500	30	
2.6349783199e+02	404	11	34	15	38	462	50	0	500	500	0	500	500	30	
2.6399949105e+02	406	9	34	16	36	464	50	0	500	500	0	500	500	30	
2.6449749550e+02	405	10	35	14	45	455	50	0	500	500	0	500	500	30	
2.6499731407e+02	408	8	30	20	52	448	50	0	500	500	0	500	500	30	
2.6549718830e+02	408	8	31	19	34	466	50	0	500	500	0	500	500	30	
2.6599672153e+02	408	8	28	23	38	462	50	0	500	500	0	500	500	30	
2.6649959162e+02	408	7	36	15	31	469	50	0	500	500	0	500	500	30	
2.6699791554e+02	409	6	35	16	43	457	50	0	500	500	0	500	500	30	
2.6749163087e+02	409	6	40	9	38	462	50	0	500	500	0	500	500	30	
2.6799908272e+02	412	4	35	14	49	451	50	0	500	500	0	500	500	30	
2.6849942253e+02	412	3	27	22	49	451	50	0	500	500	0	500	500	30	
2.6899854796e+02	414	1	31	18	34	466	50	0	500	500	0	500	500	30	
2.6949699444e+02	410	5	39	10	30	470	50	0	500	500	0	500	500	30	
2.6999931844e+02	410	4	32	15	32	468	50	0	500	500	0	500	500	30	
2.7049700520e+02	408	5	36	12	32	468	50	0	500	500	0	500	500	30	
2.7099967867e+02	409	6	32	16	43	457	50	0	500	500	0	500	500	30	
2.7149846663e+02	409	6	36	12	28	472	50	0	500	500	0	500	500	30	
2.7199581029e+02	411	4	35	13	30	470	50	0	500	500	0	500	500	30	
2.7249658063e+02	408	8	36	11	34	466	50	0	500	500	0	500	500	30	
2.7299924914e+02	408	8	41	6	49	451	50	0	500	500	0	500	500	30	
2.7349709138e+02	407	9	35	12	52	448	50	0	500	500	0	500	500	30	
2.7399934103e+02	407	8	32	15	43	457	50	0	500	500	0	500	500	30	
2.7449770637e+02	409	8	36	10	57	443	50	0	500	500	0	500	500	30	
2.7499937961e+02	413	5	32	14	52	448	50	0	500	500	0	500	500	30	
2.7549484329e+02	414	6	34	12	50	450	50	0	500	500	0	500	500	30	
2.7599721315e+02	415	5	35	12	37	463	50	0	500	500	0	500	500	30	
2.7649978030e+02	412	10	34	14	52	448	50	0	500	500	0	500	500	30	
2.7699949304e+02	412	11	31	17	38	462	50	0	500	500	0	500	500	30	
2.7749999819e+02	415	8	35	13	59	441	50	0	500	500	0	500	500	30	
2.7799897320e+02	415	8	27	21	50	450	50	0	500	500	0	500	500	30	
2.7849949034e+02	416	8	30	18	51	449	50	0	500	500	0	500	500	30	
2.7899809306e+02	417	6	37	11	52	448	50	0	500	500	0	500	500	30	
2.7949906402e+02	419	8	28	19	33	467	50	0	500	500	0	500	500	30	
2.7999815116e+02	417	9	32	14	49	451	50	0	500	500	0	500	500	30	
2.8049992668e+02	418	8	32	14	56	444	50	0	500	500	0	500	500	30	
2.8099950013e+02	422	4	35	12	51	449	50	0	500	500	0	500	500	30	
2.8149829564e+02	422	3	31	16	48	452	50	0	500	500	0	500	500	30	
2.8199365976e+02	423	2	32	15	38	462	50	0	500	500	0	500	500	30	
2.8249917053e+02	419	6	30	17	42	458	50	0	500	500	0	500	500	30	
2.8299574902e+02	416	9	24	23	45	455	50	0	500	500	0	500	500	30	
2.8349997726e+02	416	9	28	20	46	454	50	0	500	500	0	500	500	30	
2.8399514458e+02	416	8	28	20	40	460	50	0	500	500	0	500	500	30	
2.8449974844e+02	414	10	28	20	45	455	50	0	500	500	0	500	500	30	
2.8499798133e+02	417	6	33	15	41	459	50	0	500	500	0	500	500	30	
2.8549877663e+02	417	6	32	15	42	458	50	0	500	500	0	500	500	30	
2.8599840683e+02	419	6	27	19	42	458	50	0	500	500	0	500	500	30	
2.8649817154e+02	420	7	30	16	43	457	50	0	500	500	0	500	500	30	
2.8699997248e+02	424	2	26	20	42	458	50	0	500	500	0	500	500	30	
2.8749882740e+02	420	5	28	17	59	441	50	0	500	500	0	500	500	30	
2.8799592256e+02	420	7	31	14	51	449	50	0	500	500	0	500	500	30	
2.8849963872e+02	418	8	31	14	53	447	50	0	500	500	0	500	500	30	
2.8899809789e+02	417	11	28	17	41	459	50	0	500	500	0	500	500	30	
2.8949848244e+02	417	14	30	14	40	460	50	0	500	500	0	500	500	30	
2.8999982876e+02	422	9	30	14	33	467	50	0	500	500	0	500	500	30	
2.9049598019e+02	421	11	27	18	39	461	50	0	500	500	0	500	500	30	
2.9099404930e+02	423	11	26	19	39	461	50	0	500	500	0	500	500	30	
2.9149852419e+02	421	13	32	13	43	457	50	0	500	500	0	500	500	30	
2.9199933859e+02	422	13	35	10	43	457	50	0	500	500	0	500	500	30	
2.9249974731e+02	427	8	39	6	46	454	50	0	500	500	0	500	500	30	
2.9299491640e+02	429	6	40	6	54	446	50	0	500	500	0	500	500	30	
2.9349920975e+02	431	4	40	6	37	463	50	0	500	500	0	500	500	30	
2.9399768690e+02	432	3	34	12	39	461	50	0	500	500	0	500	500	30	
2.9449963234e+02	432	4	29	17	32	468	50	0	500	500	0	500	500	30	
2.9499650011e+02	431	5	34	12	44	456	50	0	500	500	0	500	500	30	
2.9549969353e+02	432	4	34	12	43	457	50	0	500	500	0	500	500	30	
2.9599521550e+02	433	3	35	11	34	466	50	0	500	500	0	500	500	30	
2.9649975097e+02	433	4	31	15	36	464	50	0	500	500	0	500	500	30	
2.9699903793e+02	428	8	25	21	43	457	50	0	500	500	0	500	500	30	
2.9749786679e+02	427	9	26	20	38	462	50	0	500	500	0	500	500	30	
2.9799972230e+02	430	8	29	17	42	458	50	0	500	500	0	500	500	30	
2.9849817916e+02	432	7	25	21	44	456	50	0	500	500	0	500	500	30	
2.9899948392e+02	436	5	24	22	41	459	50	0	500	500	0	500	500	30	
2.9949854847e+02	435	6	23	23	42	458	50	0	500	500	0	500	500	30	
2.9999194680e+02	435	9	23	23	42	458	50	0	500	500	0	500	500	30	
3.0049823434e+02	437	10	28	18	43	457	50	0	500	500	0	500	500	30	
3.0099522117e+02	437	10	32	14	33	467	50	0	500	500	0	500	500	30	
3.0149743186e+02	436	11	29	16	50	450	50	0	500	500	0	500	500	30	
3.0199995990e+02	434	11	32	13	41	459	50	0	500	500	0	500	500	30	
3.0249970887e+02	436	12	30	16	49	451	50	0	500	500	0	500	500	30	
3.0299985560e+02	437	11	27	19	51	449	50	0	500	500	0	500	500	30	
3.0349990018e+02	440	10	30	16	24	476	50	0	500	500	0	500	500	30	
3.0399849345e+02	440	9	29	17	37	463	50	0	500	500	0	500	500	30	
3.0449980809e+02	444	7	29	18	37	463	50	0	500	500	0	500	500	30	
3.0499966888e+02	443	10	32	15	39	461	50	0	500	500	0	500	500	30	
3.0549964426e+02	447	8	35	12	44	456	50	0	500	500	0	500	500	30	
3.0599997338e+02	447	6	27	20	40	460	50	0	500	500	0	500	500	30	
3.0649990411e+02	447	5	34	16	45	455	50	0	500	500	0	500	500	30	
3.0699972882e+02	446	7	39	11	37	463	50	0	500	500	0	500	500	30	
3.0749708288e+02	447	6	41	8	46	454	50	0	500	500	0	500	500	30	
3.0799901289e+02	446	7	38	12	45	455	50	0	500	500	0	500	500	30	
3.0849925088e+02	445	8	39	11	47	453	50	0	500	500	0	500	500	30	
3.0899992134e+02	444	10	33	17	39	461	50	0	500	500	0	500	500	30	
3.0949989216e+02	444	11	37	13	42	458	50	0	500	500	0	500	500	30	
3.0999722241e+02	446	10	35	16	53	447	50	0	500	500	0	500	500	30	
3.1049565730e+02	449	8	36	15	40	460	50	0	500	500	0	500	500	30	
3.1099966516e+02	449	9	30	20	41	459	50	0	500	500	0	500	500	30	
3.1149994894e+02	450	8	32	18	23	477	50	0	500	500	0	500	500	30	
3.1199960326e+02	451	7	36	13	44	456	50	0	500	500	0	500	500	30	
3.1249704138e+02	450	9	32	17	42	458	50	0	500	500	0	500	500	30	
3.1299782839e+02	453	6	25	25	46	454	50	0	500	500	0	500	500	30	
3.1349857188e+02	453	5	32	17	58	442	50	0	500	500	0	500	500	30	
3.1399870643e+02	453	5	38	11	61	439	50	0	500	500	0	500	500	30	
3.1449751068e+02	454	5	35	15	41	459	50	0	500	500	0	500	500	30	
3.1499772521e+02	455	4	41	9	41	459	50	0	500	500	0	500	500	30	
3.1549939376e+02	457	3	36	15	45	455	50	0	500	500	0	500	500	30	
3.1599847006e+02	457	2	35	15	45	455	50	0	500	500	0	500	500	30	
3.1649383488e+02	455	5	28	22	41	459	50	0	500	500	0	500	500	30	
3.1699301358e+02	452	9	31	19	40	460	50	0	500	500	0	500	500	30	
3.1749941652e+02	451	10	30	20	55	445	50	0	500	500	0	500	500	30	
3.1799830444e+02	453	10	28	22	67	433	50	0	500	500	0	500	500	30	
3.1849872982e+02	455	9	28	22	50	450	50	0	500	500	0	500	500	30	
3.1899942166e+02	452	14	23	27	44	456	50	0	500	500	0	500	500	30	
3.1949939836e+02	452	16	35	16	39	461	50	0	500	500	0	500	500	30	
3.1999660322e+02	454	14	38	13	31	469	50	0	500	500	0	500	500	30	
3.2049897545e+02	455	13	34	17	48	452	50	0	500	500	0	500	500	30	
3.2099906276e+02	455	14	41	9	40	460	50	0	500	500	0	500	500	30	
3.2149800992e+02	457	11	37	13	47	453	50	0	500	500	0	500	500	30	
3.2199658900e+02	453	15	37	13	50	450	50	0	500	500	0	500	500	30	
3.2249428061e+02	455	12	37	13	51	449	50	0	500	500	0	500	500	30	
3.2299909424e+02	459	10	33	15	33	467	50	0	500	500	0	500	500	30	
3.2349956535e+02	462	8	29	18	34	466	50	0	500	500	0	500	500	30	
3.2399848794e+02	458	14	36	11	49	451	50	0	500	500	0	500	500	30	
3.2449958523e+02	459	13	37	10	47	453	50	0	500	500	0	500	500	30	
3.2499966299e+02	462	11	36	11	29	471	50	0	500	500	0	500	500	30	
3.2549877474e+02	466	8	31	16	35	465	50	0	500	500	0	500	500	30	
3.2599676034e+02	467	8	34	12	53	447	50	0	500	500	0	500	500	30	
3.2649987524e+02	468	5	36	10	47	453	50	0	500	500	0	500	500	30	
3.2699946302e+02	467	7	34	14	51	449	50	0	500	500	0	500	500	30	
3.2749828029e+02	469	6	30	18	50	450	50	0	500	500	0	500	500	30	
3.2799845123e+02	467	8	30	18	51	449	50	0	500	500	0	500	500	30	
3.2849732862e+02	468	9	32	15	29	471	50	0	500	500	0	500	500	30	
3.2899368710e+02	469	9	28	20	49	451	50	0	500	500	0	500	500	30	
3.2949796646e+02	469	8	31	17	29	471	50	0	500	500	0	500	500	30	
3.2999797779e+02	472	5	31	17	36	464	50	0	500	500	0	500	500	30	
3.3049808173e+02	470	6	31	18	51	449	50	0	500	500	0	500	500	30	
3.3099811215e+02	469	9	29	20	49	451	50	0	500	500	0	500	500	30	
3.3149971413e+02	470	8	29	20	36	464	50	0	500	500	0	500	500	30	
3.3199913005e+02	471	8	35	14	49	451	50	0	500	500	0	500	500	30	
3.3249870051e+02	475	5	30	18	46	454	50	0	500	500	0	500	500	30	
3.3299885570e+02	474	7	33	15	48	452	50	0	500	500	0	500	500	30	
3.3349966847e+02	474	8	34	14	54	446	50	0	500	500	0	500	500	30	
3.3399848738e+02	470	11	32	17	48	452	50	0	500	500	0	500	500	30	
3.3449807114e+02	469	11	30	20	43	457	50	0	500	500	0	500	500	30	
3.3499987934e+02	468	11	39	12	32	468	50	0	500	500	0	500	500	30	
3.3549807505e+02	469	13	39	11	47	453	50	0	500	500	0	500	500	30	
3.3599859839e+02	471	12	33	17	49	451	50	0	500	500	0	500	500	30	
3.3649302691e+02	471	12	38	12	54	446	50	0	500	500	0	500	500	30	
3.3699878727e+02	473	11	34	15	36	464	50	0	500	500	0	500	500	30	
3.3749645304e+02	475	9	37	12	42	458	50	0	500	500	0	500	500	30	
3.3799760266e+02	473	12	37	12	54	446	50	0	500	500	0	500	500	30	
3.3849766041e+02	473	13	32	18	42	458	50	0	500	500	0	500	500	30	
3.3899987814e+02	472	12	32	18	42	458	50	0	500	500	0	500	500	30	
3.3949941034e+02	475	9	38	12	31	469	50	0	500	500	0	500	500	30	
3.3999797769e+02	476	7	41	9	40	460	50	0	500	500	0	500	500	30	
3.4049882616e+02	478	5	42	8	54	446	50	0	500	500	0	500	500	30	
3.4099988858e+02	478	5	37	13	43	457	50	0	500	500	0	500	500	30	
3.4149944502e+02	476	7	36	16	45	455	50	0	500	500	0	500	500	30	
3.4199971386e+02	476	11	31	21	45	455	50	0	500	500	0	500	500	30	
3.4249850373e+02	477	11	30	22	42	458	50	0	500	500	0	500	500	30	
3.4299890822e+02	476	12	29	23	44	456	50	0	500	500	0	500	500	30	
3.4349891961e+02	473	14	30	23	48	452	50	0	500	500	0	500	500	30	
3.4399605134e+02	475	11	38	16	58	442	50	0	500	500	0	500	500	30	
3.4449918797e+02	475	13	27	27	59	441	50	0	500	500	0	500	500	30	
3.4499805633e+02	475	18	30	25	52	448	50	0	500	500	0	500	500	30	
3.4549925039e+02	474	19	28	27	54	446	50	0	500	500	0	500	500	30	
3.4599843179e+02	478	17	27	28	39	461	50	0	500	500	0	500	500	30	
3.4649839944e+02	479	17	27	28	39	461	50	0	500	500	0	500	500	30	
3.4699918122e+02	480	18	34	22	49	451	50	0	500	500	0	500	500	30	
3.4749932055e+02	482	19	33	22	39	461	50	0	500	500	0	500	500	30	
3.4799739617e+02	484	18	33	22	58	442	50	0	500	500	0	500	500	30	
3.4849990042e+02	489	14	34	22	44	456	50	0	500	500	0	500	500	30	
3.4899688807e+02	486	15	33	23	66	434	50	0	500	500	0	500	500	30	
3.4949494972e+02	486	16	30	25	55	445	50	0	500	500	0	500	500	30	
3.4999765800e+02	487	15	30	24	60	440	50	0	500	500	0	500	500	30	
3.5049934473e+02	487	14	29	25	58	442	50	0	500	500	0	500	500	30	
3.5099974035e+02	488	12	37	17	41	459	50	0	500	500	0	500	500	30	
3.5149519249e+02	486	13	41	13	34	466	50	0	500	500	0	500	500	30	
3.5199725245e+02	488	11	41	12	42	458	50	0	500	500	0	500	500	30	
3.5249816618e+02	493	7	40	13	50	450	50	0	500	500	0	500	500	30	
3.5299954076e+02	491	10	36	17	40	460	50	0	500	500	0	500	500	30	
3.5349844747e+02	492	8	35	18	48	452	50	0	500	500	0	500	500	30	
3.5399955316e+02	492	8	34	19	43	457	50	0	500	500	0	500	500	30	
3.5449873918e+02	494	7	36	17	42	458	50	0	500	500	0	500	500	30	
3.5499934526e+02	496	5	34	18	41	459	50	0	500	500	0	500	500	30	
3.5549762986e+02	497	3	31	21	51	449	50	0	500	500	0	500	500	30	
3.5599939659e+02	494	6	32	20	27	473	50	0	500	500	0	500	500	30	
3.5649804425e+02	493	7	33	19	34	466	50	0	500	500	0	500	500	30	
3.5699960795e+02	494	6	32	20	35	465	50	0	500	500	0	500	500	30	
3.5749689466e+02	494	8	34	18	38	462	50	0	500	500	0	500	500	30	
3.5799941709e+02	496	7	35	17	42	458	50	0	500	500	0	500	500	30	
3.5849798003e+02	494	10	39	13	40	460	50	0	500	500	0	500	500	30	
3.5899810704e+02	494	11	28	24	34	466	50	0	500	500	0	500	500	30	
3.5949625404e+02	498	8	35	17	44	456	50	0	500	500	0	500	500	30	
3.5999972445e+02	498	9	34	18	50	450	50	0	500	500	0	500	500	30	
3.6049411134e+02	499	8	36	16	29	471	50	0	500	500	0	500	500	30	
3.6099892399e+02	501	7	30	22	51	449	50	0	500	500	0	500	500	30	
3.6149985521e+02	499	10	28	24	40	460	50	0	500	500	0	500	500	30	
3.6199833678e+02	499	14	34	17	33	467	50	0	500	500	0	500	500	30	
3.6249978854e+02	500	16	37	14	38	462	50	0	500	500	0	500	500	30	
3.6299890026e+02	505	12	37	13	42	458	50	0	500	500	0	500	500	30	
3.6349980522e+02	507	8	36	15	51	449	50	0	500	500	0	500	500	30	
3.6399982103e+02	507	9	38	13	55	445	50	0	500	500	0	500	500	30	
3.6449910888e+02	505	10	35	17	47	453	50	0	500	500	0	500	500	30	
3.6499976707e+02	506	10	29	23	36	464	50	0	500	500	0	500	500	30	
3.6549791301e+02	509	7	38	14	32	468	50	0	500	500	0	500	500	30	
3.6599689286e+02	508	7	36	16	25	475	50	0	500	500	0	500	500	30	
3.6649779293e+02	509	6	37	15	44	456	50	0	500	500	0	500	500	30	
3.6699715831e+02	509	6	33	19	39	461	50	0	500	500	0	500	500	30	
3.6749964748e+02	508	8	33	19	41	459	50	0	500	500	0	500	500	30	
3.6799930046e+02	508	9	40	12	45	455	50	0	500	500	0	500	500	30	
3.6849885193e+02	506	12	38	14	37	463	50	0	500	500	0	500	500	30	
3.6899695997e+02	511	8	43	9	44	456	50	0	500	500	0	500	500	30	
3.6949896582e+02	513	8	44	7	50	450	50	0	500	500	0	500	500	30	
3.6999964155e+02	514	8	38	13	48	452	50	0	500	500	0	500	500	30	
3.7049960185e+02	512	8	34	17	59	441	50	0	500	500	0	500	500	30	
3.7099896520e+02	512	8	40	12	45	455	50	0	500	500	0	500	500	30	
3.7149692119e+02	513	9	38	14	42	458	50	0	500	500	0	500	500	30	
3.7199865372e+02	513	9	30	22	34	466	50	0	500	500	0	500	500	30	
3.7249776112e+02	512	9	40	12	39	461	50	0	500	500	0	500	500	30	
3.7299771313e+02	514	8	30	21	32	468	50	0	500	500	0	500	500	30	
3.7349703934e+02	515	9	32	20	40	460	50	0	500	500	0	500	500	30	
3.7399591228e+02	518	5	34	16	65	435	50	0	500	500	0	500	500	30	
3.7449691806e+02	516	9	35	15	46	454	50	0	500	500	0	500	500	30	
3.7499888147e+02	516	8	37	13	44	456	50	0	500	500	0	500	500	30	
3.7549992594e+02	516	8	38	11	43	457	50	0	500	500	0	500	500	30	
3.7599968271e+02	515	11	30	18	44	456	50	0	500	500	0	500	500	30	
3.7649961387e+02	516	14	23	25	39	461	50	0	500	500	0	500	500	30	
3.7699641209e+02	514	17	28	21	41	459	50	0	500	500	0	500	500	30	
3.7749668834e+02	513	18	30	19	59	441	50	0	500	500	0	500	500	30	
3.7799752467e+02	518	13	33	16	46	454	50	0	500	500	0	500	500	30	
3.7849890443e+02	521	12	31	18	52	448	50	0	500	500	0	500	500	30	
3.7899955892e+02	522	11	30	19	56	444	50	0	500	500	0	500	500	30	
3.7949941828e+02	518	14	29	19	54	446	50	0	500	500	0	500	500	30	
3.7999312832e+02	521	10	34	14	54	446	50	0	500	500	0	500	500	30	
3.8049798354e+02	523	10	36	12	43	457	50	0	500	500	0	500	500	30	
3.8099507581e+02	524	9	37	11	54	446	50	0	500	500	0	500	500	30	
3.8149781448e+02	523	11	30	18	47	453	50	0	500	500	0	500	500	30	
3.8199785557e+02	525	10	35	12	46	454	50	0	500	500	0	500	500	30	
3.8249954126e+02	526	9	38	10	38	462	50	0	500	500	0	500	500	30	
3.8299846488e+02	525	12	33	15	44	456	50	0	500	500	0	500	500	30	
3.8349883925e+02	526	12	32	16	65	435	50	0	500	500	0	500	500	30	
3.8399263564e+02	526	10	37	12	42	458	50	0	500	500	0	500	500	30	
3.8449974452e+02	530	6	37	12	39	461	50	0	500	500	0	500	500	30	
3.8499753518e+02	530	5	40	8	34	466	50	0	500	500	0	500	500	30	
3.8549994507e+02	527	10	42	7	28	472	50	0	500	500	0	500	500	30	
3.8599979776e+02	528	8	32	17	42	458	50	0	500	500	0	500	500	30	
3.8649912579e+02	529	8	28	21	55	445	50	0	500	500	0	500	500	30	
3.8699635175e+02	530	8	31	18	31	469	50	0	500	500	0	500	500	30	
3.8749956103e+02	529	10	31	18	48	452	50	0	500	500	0	500	500	30	
3.8799859929e+02	529	8	31	19	41	459	50	0	500	500	0	500	500	30	
3.8849846052e+02	529	8	31	19	33	467	50	0	500	500	0	500	500	30	
3.8899954210e+02	529	10	31	19	35	465	50	0	500	500	0	500	500	30	
3.8949510588e+02	530	11	34	15	40	460	50	0	500	500	0	500	500	30	
3.8999915133e+02	529	12	37	13	55	445	50	0	500	500	0	500	500	30	
3.9049945345e+02	531	12	38	12	62	438	50	0	500	500	0	500	500	30	
3.9099869379e+02	535	8	36	16	46	454	50	0	500	500	0	500	500	30	
3.9149721492e+02	531	13	37	15	57	443	50	0	500	500	0	500	500	30	
3.9199718311e+02	533	12	33	19	50	450	50	0	500	500	0	500	500	30	
3.9249978484e+02	538	7	34	18	38	462	50	0	500	500	0	500	500	30	
3.9299827746e+02	537	10	36	16	39	461	50	0	500	500	0	500	500	30	
3.9349867739e+02	540	7	37	15	41	459	50	0	500	500	0	500	500	30	
3.9399902177e+02	536	13	41	10	41	459	50	0	500	500	0	500	500	30	
3.9449896323e+02	537	14	34	17	42	458	50	0	500	500	0	500	500	30	
3.9499945723e+02	539	12	39	13	50	450	50	0	500	500	0	500	500	30	
3.9549802062e+02	543	7	43	9	40	460	50	0	500	500	0	500	500	30	
3.9599842550e+02	541	9	38	15	49	451	50	0	500	500	0	500	500	30	
3.9649963382e+02	542	7	42	12	46	454	50	0	500	500	0	500	500	30	
3.9699716329e+02	542	6	41	14	43	457	50	0	500	500	0	500	500	30	
3.9749875063e+02	541	7	45	9	57	443	50	0	500	500	0	500	500	30	
3.9799050717e+02	544	4	40	14	35	465	50	0	500	500	0	500	500	30	
3.9849608298e+02	544	7	32	22	55	445	50	0	500	500	0	500	500	30	
3.9899965871e+02	544	8	34	20	57	443	50	0	500	500	0	500	500	30	
3.9949984625e+02	540	11	28	26	47	453	50	0	500	500	0	500	500	30	
3.9999305872e+02	542	8	33	22	36	464	50	0	500	500	0	500	500	30	
4.0049359622e+02	541	9	35	19	60	440	50	0	500	500	0	500	500	30	
4.0099907567e+02	542	9	30	24	47	453	50	0	500	500	0	500	500	30	
4.0149964353e+02	543	12	39	16	57	443	50	0	500	500	0	500	500	30	
4.0199879049e+02	542	14	37	17	53	447	50	0	500	500	0	500	500	30	
4.0249715078e+02	542	15	39	15	54	446	50	0	500	500	0	500	500	30	
4.0299902773e+02	540	17	43	11	36	464	50	0	500	500	0	500	500	30	
4.0349832995e+02	540	19	37	18	48	452	50	0	500	500	0	500	500	30	
4.0399976272e+02	545	15	41	15	58	442	50	0	500	500	0	500	500	30	
4.0449942746e+02	548	11	46	10	53	447	50	0	500	500	0	500	500	30	
4.0499337983e+02	550	8	44	12	51	449	50	0	500	500	0	500	500	30	
4.0549477766e+02	549	10	35	21	38	462	50	0	500	500	0	500	500	30	
4.0599899866e+02	544	15	36	21	45	455	50	0	500	500	0	500	500	30	
4.0649959731e+02	546	14	32	25	47	453	50	0	500	500	0	500	500	30	
4.0699925715e+02	544	15	32	25	45	455	50	0	500	500	0	500	500	30	
4.0749734147e+02	547	14	38	19	48	452	50	0	500	500	0	500	500	30	
4.0799859748e+02	544	19	35	22	46	454	50	0	500	500	0	500	500	30	
4.0849993314e+02	543	19	38	19	43	457	50	0	500	500	0	500	500	30	
4.0899942569e+02	549	17	42	15	45	455	50	0	500	500	0	500	500	30	
4.0949997840e+02	553	16	39	18	46	454	50	0	500	500	0	500	500	30	
4.0999854317e+02	552	16	34	22	51	449	50	0	500	500	0	500	500	30	
4.1049767734e+02	556	14	41	15	59	441	50	0	500	500	0	500	500	30	
4.1099831434e+02	557	12	38	17	45	455	50	0	500	500	0	500	500	30	
4.1149826036e+02	552	16	40	16	51	449	50	0	500	500	0	500	500	30	
4.1199893003e+02	553	16	49	7	42	458	50	0	500	500	0	500	500	30	
4.1249808862e+02	556	13	42	14	42	458	50	0	500	500	0	500	500	30	
4.1299886435e+02	561	9	39	17	35	465	50	0	500	500	0	500	500	30	
4.1349720550e+02	559	10	37	20	39	461	50	0	500	500	0	500	500	30	
4.1399825748e+02	561	9	32	25	49	451	50	0	500	500	0	500	500	30	
4.1449996710e+02	562	9	35	22	39	461	50	0	500	500	0	500	500	30	
4.1499973774e+02	561	10	37	20	34	466	50	0	500	500	0	500	500	30	
4.1549857489e+02	565	7	40	17	47	453	50	0	500	500	0	500	500	30	
4.1599780655e+02	568	3	45	11	35	465	50	0	500	500	0	500	500	30	
4.1649723897e+02	568	3	43	14	50	450	50	0	500	500	0	500	500	30	
4.1699885403e+02	566	2	40	17	42	458	50	0	500	500	0	500	500	30	
4.1749806690e+02	564	5	43	14	36	464	50	0	500	500	0	500	500	30	
4.1799980606e+02	562	9	35	22	50	450	50	0	500	500	0	500	500	30	
4.1849933626e+02	562	10	39	19	38	462	50	0	500	500	0	500	500	30	
4.1899888853e+02	560	11	42	16	30	470	50	0	500	500	0	500	500	30	
4.1949609254e+02	557	13	44	14	40	460	50	0	500	500	0	500	500	30	
4.1999984111e+02	557	13	41	16	36	464	50	0	500	500	0	500	500	30	
4.2049973466e+02	558	12	44	13	30	470	50	0	500	500	0	500	500	30	
4.2099728630e+02	561	8	44	13	45	455	50	0	500	500	0	500	500	30	
4.2149762100e+02	562	7	43	14	44	456	50	0	500	500	0	500	500	30	
4.2199882963e+02	561	9	39	18	43	457	50	0	500	500	0	500	500	30	
4.2249540715e+02	561	8	39	17	56	444	50	0	500	500	0	500	500	30	
4.2299933900e+02	561	9	39	16	42	458	50	0	500	500	0	500	500	30	
4.2349808361e+02	561	11	34	20	47	453	50	0	500	500	0	500	500	30	
4.2399705997e+02	557	13	34	19	35	465	50	0	500	500	0	500	500	30	
4.2449276471e+02	555	14	31	22	31	469	50	0	500	500	0	500	500	30	
4.2499982453e+02	554	15	35	18	43	457	50	0	500	500	0	500	500	30	
4.2549791354e+02	556	13	38	15	49	451	50	0	500	500	0	500	500	30	
4.2599991617e+02	559	10	42	10	40	460	50	0	500	500	0	500	500	30	
4.2649894881e+02	559	10	31	21	40	460	50	0	500	500	0	500	500	30	
4.2699988251e+02	558	11	33	19	47	453	50	0	500	500	0	500	500	30	
4.2749976286e+02	563	6	32	20	32	468	50	0	500	500	0	500	500	30	
4.2799460730e+02	561	7	32	20	29	471	50	0	500	500	0	500	500	30	
4.2849570570e+02	559	8	35	17	45	455	50	0	500	500	0	500	500	30	
4.2899890632e+02	558	9	44	10	40	460	50	0	500	500	0	500	500	30	
4.2949599336e+02	558	10	36	18	47	453	50	0	500	500	0	500	500	30	
4.2999863180e+02	557	9	39	15	35	465	50	0	500	500	0	500	500	30	
4.3049610861e+02	560	6	44	10	33	467	50	0	500	500	0	500	500	30	
4.3099975486e+02	560	6	39	15	20	480	50	0	500	500	0	500	500	30	
4.3149916619e+02	557	10	41	16	46	454	50	0	500	500	0	500	500	30	
4.3199923295e+02	552	15	30	26	45	455	50	0	500	500	0	500	500	30	
4.3249978635e+02	546	22	31	25	35	465	50	0	500	500	0	500	500	30	
4.3299959937e+02	549	17	39	17	44	456	50	0	500	500	0	500	500	30	
4.3349860834e+02	550	16	42	14	37	463	50	0	500	500	0	500	500	30	
4.3399944448e+02	546	18	40	16	36	464	50	0	500	500	0	500	500	30	
4.3449921478e+02	544	22	32	24	55	445	50	0	500	500	0	500	500	30	
4.3499986543e+02	545	22	37	20	46	454	50	0	500	500	0	500	500	30	
4.3549916690e+02	549	18	37	19	62	438	50	0	500	500	0	500	500	30	
4.3599970557e+02	552	15	37	18	46	454	50	0	500	500	0	500	500	30	
4.3649703618e+02	553	14	31	23	35	465	50	0	500	500	0	500	500	30	
4.3699672150e+02	555	13	33	22	48	452	50	0	500	500	0	500	500	30	
4.3749989973e+02	558	10	34	21	45	455	50	0	500	500	0	500	500	30	
4.3799889891e+02	559	9	30	24	41	459	50	0	500	500	0	500	500	30	
4.3849834620e+02	558	9	31	24	34	466	50	0	500	500	0	500	500	30	
4.3899864083e+02	555	11	37	20	39	461	50	0	500	500	0	500	500	30	
4.3949933918e+02	555	10	37	21	48	452	50	0	500	500	0	500	500	30	
4.3999841198e+02	554	13	29	29	35	465	50	0	500	500	0	500	500	30	
4.4049945033e+02	557	12	44	14	31	469	50	0	500	500	0	500	500	30	
4.4099766312e+02	557	14	51	8	36	464	50	0	500	500	0	500	500	30	
4.4149895913e+02	561	14	48	11	31	469	50	0	500	500	0	500	500	30	
4.4199709034e+02	566	12	38	21	59	441	50	0	500	500	0	500	500	30	
4.4249918596e+02	563	16	44	15	48	452	50	0	500	500	0	500	500	30	
4.4299421617e+02	565	13	38	21	52	448	50	0	500	500	0	500	500	30	
4.4349950398e+02	566	11	36	23	53	447	50	0	500	500	0	500	500	30	
4.4399673429e+02	567	11	34	25	44	456	50	0	500	500	0	500	500	30	
4.4449994809e+02	564	15	31	28	44	456	50	0	500	500	0	500	500	30	
4.4499888132e+02	565	12	28	30	54	446	50	0	500	500	0	500	500	30	
4.4549774201e+02	568	10	38	20	55	445	50	0	500	500	0	500	500	30	
4.4599897148e+02	564	12	36	22	50	450	50	0	500	500	0	500	500	30	
4.4649842896e+02	563	15	38	20	45	455	50	0	500	500	0	500	500	30	
4.4699974293e+02	564	14	41	17	44	456	50	0	500	500	0	500	500	30	
4.4749976082e+02	568	10	40	17	43	457	50	0	500	500	0	500	500	30	
4.4799822740e+02	569	12	40	17	49	451	50	0	500	500	0	500	500	30	
4.4849840093e+02	570	13	45	12	41	459	50	0	500	500	0	500	500	30	
4.4898646778e+02	573	11	40	17	40	460	50	0	500	500	0	500	500	30	
4.4949397373e+02	570	12	46	10	45	455	50	0	500	500	0	500	500	30	
4.4999947066e+02	572	10	43	13	60	440	50	0	500	500	0	500	500	30	
4.5049532828e+02	567	17	37	19	51	449	50	0	500	500	0	500	500	30	
4.5099411940e+02	573	11	35	21	49	451	50	0	500	500	0	500	500	30	
4.5149882048e+02	574	10	31	25	56	444	50	0	500	500	0	500	500	30	
4.5199986304e+02	575	10	34	22	42	458	50	0	500	500	0	500	500	30	
4.5249923584e+02	577	10	46	12	42	458	50	0	500	500	0	500	500	30	
4.5299939717e+02	579	9	43	16	30	470	50	0	500	500	0	500	500	30	
4.5349911717e+02	579	9	39	20	59	441	50	0	500	500	0	500	500	30	
4.5399890103e+02	578	10	38	21	52	448	50	0	500	500	0	500	500	30	
4.5449891684e+02	577	12	35	24	48	452	50	0	500	500	0	500	500	30	
4.5499769994e+02	573	16	32	27	43	457	50	0	500	500	0	500	500	30	
4.5549142075e+02	576	13	38	21	62	438	50	0	500	500	0	500	500	30	
4.5599951574e+02	576	13	41	18	57	443	50	0	500	500	0	500	500	30	
4.5649948076e+02	581	9	40	19	38	462	50	0	500	500	0	500	500	30	
4.5699897485e+02	583	9	36	22	38	462	50	0	500	500	0	500	500	30	
4.5749824531e+02	586	9	37	21	26	474	50	0	500	500	0	500	500	30	
4.5799826146e+02	589	8	42	16	31	469	50	0	500	500	0	500	500	30	
4.5849815829e+02	587	8	43	15	46	454	50	0	500	500	0	500	500	30	
4.5899942491e+02	587	8	40	18	37	463	50	0	500	500	0	500	500	30	
4.5949933067e+02	585	11	42	17	39	461	50	0	500	500	0	500	500	30	
4.5999924032e+02	589	8	45	14	49	451	50	0	500	500	0	500	500	30	
4.6049999990e+02	590	7	42	15	50	450	50	0	500	500	0	500	500	30	
4.6099903019e+02	589	8	44	12	36	464	50	0	500	500	0	500	500	30	
4.6149776313e+02	591	5	49	7	47	453	50	0	500	500	0	500	500	30	
4.6199868202e+02	591	4	46	10	53	447	50	0	500	500	0	500	500	30	
4.6249995052e+02	594	1	48	8	46	454	50	0	500	500	0	500	500	30	
4.6299957870e+02	592	4	43	14	37	463	50	0	500	500	0	500	500	30	
4.6349962780e+02	588	6	39	18	40	460	50	0	500	500	0	500	500	30	
4.6399484807e+02	586	8	43	14	49	451	50	0	500	500	0	500	500	30	
4.6449736877e+02	586	7	49	9	45	455	50	0	500	500	0	500	500	30	
4.6499864137e+02	588	7	38	20	38	462	50	0	500	500	0	500	500	30	
4.6549966986e+02	588	8	33	25	36	464	50	0	500	500	0	500	500	30	
4.6599398064e+02	588	8	37	21	21	479	50	0	500	500	0	500	500	30	
4.6649778148e+02	586	11	38	20	53	447	50	0	500	500	0	500	500	30	
4.6699741946e+02	587	10	36	21	49	451	50	0	500	500	0	500	500	30	
4.6749806725e+02	584	15	38	19	49	451	50	0	500	500	0	500	500	30	
4.6799987806e+02	586	11	40	17	60	440	50	0	500	500	0	500	500	30	
4.6849954501e+02	591	7	36	20	58	442	50	0	500	500	0	500	500	30	
4.6899999155e+02	587	11	33	23	44	456	50	0	500	500	0	500	500	30	
4.6949698822e+02	586	14	38	18	60	440	50	0	500	500	0	500	500	30	
4.6999921877e+02	587	14	35	22	54	446	50	0	500	500	0	500	500	30	
4.7049955709e+02	586	16	35	21	46	454	50	0	500	500	0	500	500	30	
4.7099691452e+02	586	17	35	21	54	446	50	0	500	500	0	500	500	30	
4.7149983453e+02	587	18	33	22	40	460	50	0	500	500	0	500	500	30	
4.7199606345e+02	589	15	33	21	40	460	50	0	500	500	0	500	500	30	
4.7249922765e+02	589	16	44	10	56	444	50	0	500	500	0	500	500	30	
4.7299625913e+02	592	12	41	13	52	448	50	0	500	500	0	500	500	30	
4.7349712103e+02	592	13	46	8	46	454	50	0	500	500	0	500	500	30	
4.7399703935e+02	593	12	48	7	36	464	50	0	500	500	0	500	500	30	
4.7449874193e+02	593	12	41	14	35	465	50	0	500	500	0	500	500	30	
4.7499381420e+02	590	15	39	17	56	444	50	0	500	500	0	500	500	30	
4.7549962786e+02	591	14	40	15	41	459	50	0	500	500	0	500	500	30	
4.7599714965e+02	590	14	41	13	35	465	50	0	500	500	0	500	500	30	
4.7649724839e+02	593	11	40	15	37	463	50	0	500	500	0	500	500	30	
4.7699781593e+02	594	11	34	21	47	453	50	0	500	500	0	500	500	30	
4.7749932140e+02	590	16	37	18	38	462	50	0	500	500	0	500	500	30	
4.7799825161e+02	595	11	42	12	38	462	50	0	500	500	0	500	500	30	
4.7849784099e+02	598	8	44	10	45	455	50	0	500	500	0	500	500	30	
4.7899861195e+02	600	6	42	12	31	469	50	0	500	500	0	500	500	30	
4.7949980139e+02	599	6	37	16	48	452	50	0	500	500	0	500	500	30	
4.7999906795e+02	599	8	38	14	36	464	50	0	500	500	0	500	500	30	
4.8049727220e+02	599	9	31	21	34	466	50	0	500	500	0	500	500	30	
4.8099753473e+02	600	8	35	17	37	463	50	0	500	500	0	500	500	30	
4.8149188082e+02	599	9	30	23	53	447	50	0	500	500	0	500	500	30	
4.8199913037e+02	599	11	38	15	53	447	50	0	500	500	0	500	500	30	
4.8249672887e+02	603	10	38	15	54	446	50	0	500	500	0	500	500	30	
4.8299884002e+02	600	14	37	16	38	462	50	0	500	500	0	500	500	30	
4.8349991391e+02	599	15	41	11	52	448	50	0	500	500	0	500	500	30	
4.8399817428e+02	602	11	41	12	49	451	50	0	500	500	0	500	500	30	
4.8449785584e+02	606	8	40	13	46	454	50	0	500	500	0	500	500	30	
4.8499942368e+02	607	7	40	13	28	472	50	0	500	500	0	500	500	30	
4.8549399086e+02	605	8	36	17	39	461	50	0	500	500	0	500	500	30	
4.8599832146e+02	603	12	37	16	36	464	50	0	500	500	0	500	500	30	
4.8649888395e+02	602	15	36	18	47	453	50	0	500	500	0	500	500	30	
4.8699985975e+02	603	14	35	19	38	462	50	0	500	500	0	500	500	30	
4.8749881515e+02	602	14	33	21	44	456	50	0	500	500	0	500	500	30	
4.8799971490e+02	601	13	33	21	45	455	50	0	500	500	0	500	500	30	
4.8849989518e+02	603	11	32	22	36	464	50	0	500	500	0	500	500	30	
4.8899407355e+02	605	10	33	20	45	455	50	0	500	500	0	500	500	30	
4.8949894218e+02	605	11	38	15	47	453	50	0	500	500	0	500	500	30	
4.8999997796e+02	604	13	37	16	59	441	50	0	500	500	0	500	500	30	
4.9049933543e+02	609	8	36	17	41	459	50	0	500	500	0	500	500	30	
4.9099953313e+02	605	11	32	21	36	464	50	0	500	500	0	500	500	30	
4.9149866403e+02	603	12	37	15	33	467	50	0	500	500	0	500	500	30	
4.9199977619e+02	608	8	33	19	36	464	50	0	500	500	0	500	500	30	
4.9249753311e+02	610	8	38	14	41	459	50	0	500	500	0	500	500	30	
4.9299948065e+02	609	10	39	13	29	471	50	0	500	500	0	500	500	30	
4.9349556257e+02	614	4	43	10	46	454	50	0	500	500	0	500	500	30	
4.9399726578e+02	611	11	29	24	40	460	50	0	500	500	0	500	500	30	
4.9449804634e+02	610	13	38	15	45	455	50	0	500	500	0	500	500	30	
4.9499939883e+02	614	9	34	19	57	443	50	0	500	500	0	500	500	30	
4.9549747919e+02	615	9	38	15	38	462	50	0	500	500	0	500	500	30	
4.9599882938e+02	617	8	33	20	46	454	50	0	500	500	0	500	500	30	
4.9649673274e+02	611	14	19	33	44	456	50	0	500	500	0	500	500	30	
4.9699844333e+02	618	10	26	26	62	438	50	0	500	500	0	500	500	30	
4.9749812890e+02	620	7	26	27	47	453	50	0	500	500	0	500	500	30	
4.9799925308e+02	619	8	24	30	42	458	50	0	500	500	0	500	500	30	
4.9849948693e+02	617	11	31	23	51	449	50	0	500	500	0	500	500	30	
4.9899533702e+02	619	10	34	19	47	453	50	0	500	500	0	500	500	30	
4.9949933765e+02	615	13	35	17	45	455	50	0	500	500	0	500	500	30	
4.9999304988e+02	615	12	40	12	42	458	50	0	500	500	0	500	500	30	
5.0000019007e+02	615	12	40	12	41	459	50	0	500	500	0	500	500	30	
