0.0000000000e+00	0	0	500	0	0	0	0	50	500	500	500	500	500	0	
4.9990989903e-01	0	0	500	0	1	3	0	50	500	500	500	500	500	0	
9.9404231927e-01	0	1	499	1	4	4	0	50	500	500	500	500	500	0	
1.4713633046e+00	0	2	499	1	1	3	0	50	500	500	500	500	500	0	
1.9826482380e+00	0	4	499	1	3	1	0	50	500	500	500	500	500	0	
2.4901576306e+00	0	5	497	3	1	8	0	50	500	500	500	500	500	0	
2.9960098875e+00	0	6	496	4	2	6	0	50	500	500	500	500	500	0	
3.4963374034e+00	0	6	497	3	1	4	0	50	500	500	500	500	500	0	
3.9901168589e+00	0	7	496	4	2	3	0	50	500	500	500	500	500	0	
4.4998229996e+00	0	8	492	8	3	5	0	50	500	500	500	500	500	0	
4.9992506929e+00	0	10	495	5	3	5	0	50	500	500	500	500	500	0	
5.4906852563e+00	0	12	492	8	2	5	0	50	500	500	500	500	500	0	
5.9986457750e+00	0	12	488	12	3	6	0	50	500	500	500	500	500	0	
6.4986750724e+00	0	12	493	7	4	9	0	50	500	500	500	500	500	0	
6.9933629822e+00	0	14	487	13	1	11	0	50	500	500	500	500	500	0	
7.4986087010e+00	0	17	489	11	2	11	0	50	500	500	500	500	500	0	
7.9997108028e+00	0	18	486	14	2	12	0	50	500	500	500	500	500	0	
8.4962430409e+00	1	19	483	17	2	9	0	50	500	500	500	500	500	0	
8.9935027536e+00	1	19	480	20	4	7	0	50	500	500	500	500	500	0	
9.4913239983e+00	1	20	483	17	4	10	0	50	500	500	500	500	500	0	
9.9972505278e+00	1	23	485	15	5	7	0	50	500	500	500	500	500	0	
1.0497287342e+01	1	24	478	22	4	11	0	50	500	500	500	500	500	0	
1.0991682359e+01	1	25	476	24	3	8	0	50	500	500	500	500	500	0	
1.1495684948e+01	2	26	470	30	3	8	0	50	500	500	500	500	500	0	
1.1993716540e+01	2	28	464	36	3	13	0	50	500	500	500	500	500	0	
1.2495899104e+01	3	27	472	28	2	11	0	50	500	500	500	500	500	0	
1.2995006410e+01	3	30	479	21	0	12	0	50	500	500	500	500	500	0	
1.3499367078e+01	3	33	463	37	1	8	0	50	500	500	500	500	500	0	
1.3999348057e+01	3	34	466	34	1	6	0	50	500	500	500	500	500	0	
1.4495500428e+01	3	35	475	25	7	6	0	50	500	500	500	500	500	0	
1.4996290178e+01	3	35	477	23	6	5	0	50	500	500	500	500	500	0	
1.5499777562e+01	5	34	473	27	0	11	0	50	500	500	500	500	500	0	
1.5995640115e+01	5	35	463	37	5	10	0	50	500	500	500	500	500	0	
1.6496684682e+01	5	37	467	33	2	9	0	50	500	500	500	500	500	0	
1.6999983456e+01	5	38	458	42	1	10	0	50	500	500	500	500	500	0	
1.7497269312e+01	5	38	460	40	3	6	0	50	500	500	500	500	500	0	
1.7999005863e+01	5	39	455	45	0	7	0	50	500	500	500	500	500	0	
1.8495797815e+01	5	42	445	55	3	6	0	50	500	500	500	500	500	0	
1.8987026433e+01	6	42	469	31	6	4	0	50	500	500	500	500	500	0	
1.9499409686e+01	5	43	464	36	4	8	0	50	500	500	500	500	500	0	
1.9991193893e+01	6	43	454	46	3	7	0	50	500	500	500	500	500	0	
2.0499013290e+01	6	45	454	46	4	8	0	50	500	500	500	500	500	0	
2.0996211874e+01	6	45	450	50	2	4	0	50	500	500	500	500	500	0	
2.1495163285e+01	6	48	439	61	3	4	0	50	500	500	500	500	500	0	
2.1997867721e+01	6	49	448	52	6	6	0	50	500	500	500	500	500	0	
2.2497034639e+01	7	48	442	58	4	3	0	50	500	500	500	500	500	0	
2.2990856303e+01	7	50	439	61	4	10	0	50	500	500	500	500	500	0	
2.3495563086e+01	7	51	450	50	1	8	0	50	500	500	500	500	500	0	
2.3999529653e+01	8	52	432	68	2	11	0	50	500	500	500	500	500	0	
2.4499573744e+01	8	52	429	71	3	6	0	50	500	500	500	500	500	0	
2.4996232055e+01	7	54	431	69	2	5	0	50	500	500	500	500	500	0	
2.5499026620e+01	8	53	423	77	2	4	0	50	500	500	500	500	500	0	
2.5999234979e+01	9	52	430	70	2	7	0	50	500	500	500	500	500	0	
2.6497780443e+01	9	54	443	57	0	8	0	50	500	500	500	500	500	0	
2.6988079739e+01	8	57	431	69	1	5	0	50	500	500	500	500	500	0	
2.7499089390e+01	7	59	427	73	1	9	0	50	500	500	500	500	500	0	
2.7998884775e+01	7	61	432	68	4	8	0	50	500	500	500	500	500	0	
2.8485528051e+01	7	61	420	80	4	2	0	50	500	500	500	500	500	0	
2.8996636351e+01	7	61	402	98	0	5	0	50	500	500	500	500	500	0	
2.9497868911e+01	7	63	407	93	2	7	0	50	500	500	500	500	500	0	
2.9999949437e+01	7	64	397	103	5	4	0	50	500	500	500	500	500	0	
3.0495802805e+01	6	65	384	116	2	7	0	50	500	500	500	500	500	0	
3.0999717722e+01	7	67	381	119	3	8	0	50	500	500	500	500	500	0	
3.1497978274e+01	6	69	378	122	1	4	0	50	500	500	500	500	500	0	
3.1994168055e+01	5	71	377	123	5	3	0	50	500	500	500	500	500	0	
3.2498338553e+01	5	71	356	144	1	5	0	50	500	500	500	500	500	0	
3.2990190784e+01	6	72	358	142	2	4	0	50	500	500	500	500	500	0	
3.3498219201e+01	7	71	363	137	4	8	0	50	500	500	500	500	500	0	
3.3999369467e+01	8	71	355	145	2	8	0	50	500	500	500	500	500	0	
3.4499578649e+01	8	71	338	162	2	8	0	50	500	500	500	500	500	0	
3.4997866783e+01	9	70	352	148	3	8	0	50	500	500	500	500	500	0	
3.5499656250e+01	10	69	339	161	3	10	0	50	500	500	500	500	500	0	
3.5998278488e+01	9	71	339	161	6	8	0	50	500	500	500	500	500	0	
3.6498272427e+01	10	71	332	168	3	12	0	50	500	500	500	500	500	0	
3.6996389482e+01	10	73	323	177	3	10	0	50	500	500	500	500	500	0	
3.7498873297e+01	8	77	319	181	3	6	0	50	500	500	500	500	500	0	
3.7998604467e+01	8	78	300	200	5	7	0	50	500	500	500	500	500	0	
3.8489697125e+01	8	78	286	214	3	5	0	50	500	500	500	500	500	0	
3.8999533981e+01	9	78	286	214	3	8	0	50	500	500	500	500	500	0	
3.9493483042e+01	10	77	276	224	2	5	0	50	500	500	500	500	500	0	
3.9997062426e+01	9	78	269	231	3	1	0	50	500	500	500	500	500	0	
4.0497556660e+01	9	79	271	229	2	4	0	50	500	500	500	500	500	0	
4.0998037249e+01	9	80	283	217	2	1	0	50	500	500	500	500	500	0	
4.1498995917e+01	8	82	288	212	1	7	0	50	500	500	500	500	500	0	
4.1999222970e+01	7	83	299	201	3	10	0	50	500	500	500	500	500	0	
4.2492700425e+01	6	87	286	214	8	7	0	50	500	500	500	500	500	0	
4.2997593892e+01	7	86	282	218	3	6	0	50	500	500	500	500	500	0	
4.3499469187e+01	8	85	278	222	6	5	0	50	500	500	500	500	500	0	
4.3993767485e+01	8	85	261	239	4	9	0	50	500	500	500	500	500	0	
4.4494700276e+01	6	87	251	249	5	5	0	50	500	500	500	500	500	0	
4.4994576754e+01	6	89	240	260	2	8	0	50	500	500	500	500	500	0	
4.5499572381e+01	5	90	231	269	0	7	0	50	500	500	500	500	500	0	
4.5999202190e+01	5	90	211	289	5	4	0	50	500	500	500	500	500	0	
4.6498399215e+01	6	89	211	289	4	6	0	50	500	500	500	500	500	0	
4.6994948903e+01	6	89	190	310	2	8	0	50	500	500	500	500	500	0	
4.7499448736e+01	4	92	186	314	8	7	0	50	500	500	500	500	500	0	
4.7997720834e+01	7	90	178	322	5	7	0	50	500	500	500	500	500	0	
4.8499622626e+01	5	95	172	328	2	17	0	50	500	500	500	500	500	0	
4.8999627153e+01	5	95	171	329	2	8	0	50	500	500	500	500	500	0	
4.9498723935e+01	4	98	165	335	3	3	0	50	500	500	500	500	500	0	
4.9999580403e+01	3	99	154	346	5	7	0	50	500	500	500	500	500	0	
5.0497682036e+01	4	98	163	337	3	7	0	50	500	500	500	500	500	0	
5.0992475996e+01	4	98	145	355	5	9	0	50	500	500	500	500	500	0	
5.1499729069e+01	5	99	128	372	2	8	0	50	500	500	500	500	500	0	
5.1996554330e+01	3	102	123	377	1	4	0	50	500	500	500	500	500	0	
5.2499992626e+01	2	105	130	370	0	2	0	50	500	500	500	500	500	0	
5.2998410642e+01	2	106	131	369	4	5	0	50	500	500	500	500	500	0	
5.3498852639e+01	3	108	130	370	2	5	0	50	500	500	500	500	500	0	
5.3999740482e+01	3	110	131	369	2	11	0	50	500	500	500	500	500	0	
5.4498673889e+01	3	112	112	388	4	7	0	50	500	500	500	500	500	0	
5.4997598389e+01	3	113	83	417	3	5	0	50	500	500	500	500	500	0	
5.5495028450e+01	2	114	79	421	3	3	0	50	500	500	500	500	500	0	
5.5998482236e+01	2	116	61	439	3	4	0	50	500	500	500	500	500	0	
5.6495993902e+01	5	114	69	431	3	5	0	50	500	500	500	500	500	0	
5.6999782787e+01	5	115	72	428	1	4	0	50	500	500	500	500	500	0	
5.7498041827e+01	7	115	73	427	2	2	0	50	500	500	500	500	500	0	
5.7996222003e+01	6	118	72	428	5	9	0	50	500	500	500	500	500	0	
5.8497928538e+01	6	120	56	444	8	6	0	50	500	500	500	500	500	0	
5.8997255195e+01	5	122	63	437	5	7	0	50	500	500	500	500	500	0	
5.9499373869e+01	7	120	50	450	4	7	0	50	500	500	500	500	500	0	
5.9999147827e+01	7	121	51	449	1	13	0	50	500	500	500	500	500	0	
6.0494449445e+01	6	123	38	462	4	2	0	50	500	500	500	500	500	0	
6.0999042424e+01	5	126	59	441	1	8	0	50	500	500	500	500	500	0	
6.1499756751e+01	3	130	48	452	3	7	0	50	500	500	500	500	500	0	
6.1999878330e+01	5	128	56	444	3	7	0	50	500	500	500	500	500	0	
6.2496529946e+01	4	131	51	449	3	6	0	50	500	500	500	500	500	0	
6.2997800611e+01	5	131	51	449	4	8	0	50	500	500	500	500	500	0	
6.3495054921e+01	6	132	64	436	1	8	0	50	500	500	500	500	500	0	
6.3994841320e+01	6	132	49	451	3	7	0	50	500	500	500	500	500	0	
6.4495860258e+01	4	134	44	456	3	5	0	50	500	500	500	500	500	0	
6.4999447216e+01	3	136	56	444	0	4	0	50	500	500	500	500	500	0	
6.5497177380e+01	4	135	43	457	2	3	0	50	500	500	500	500	500	0	
6.5994976225e+01	3	135	47	453	2	5	0	50	500	500	500	500	500	0	
6.6496523739e+01	2	137	38	462	0	7	0	50	500	500	500	500	500	0	
6.6997204465e+01	0	140	51	449	2	6	0	50	500	500	500	500	500	0	
6.7497588345e+01	0	142	44	456	6	4	0	50	500	500	500	500	500	0	
6.7998105447e+01	1	141	43	457	2	7	0	50	500	500	500	500	500	0	
6.8499265982e+01	2	140	30	470	2	4	0	50	500	500	500	500	500	0	
6.8999657365e+01	1	142	35	465	5	4	0	50	500	500	500	500	500	0	
6.9498281377e+01	1	143	46	454	2	6	0	50	500	500	500	500	500	0	
6.9997280401e+01	2	142	39	461	2	3	0	50	500	500	500	500	500	0	
7.0491109416e+01	3	141	55	445	5	2	0	50	500	500	500	500	500	0	
7.0999785274e+01	3	142	54	446	3	8	0	50	500	500	500	500	500	0	
7.1498157438e+01	3	142	62	438	2	3	0	50	500	500	500	500	500	0	
7.1991437233e+01	4	144	53	447	4	1	0	50	500	500	500	500	500	0	
7.2498403119e+01	3	147	45	455	3	11	0	50	500	500	500	500	500	0	
7.2997540532e+01	4	147	33	467	1	8	0	50	500	500	500	500	500	0	
7.3499076068e+01	4	148	35	465	8	6	0	50	500	500	500	500	500	0	
7.3998545485e+01	3	150	46	454	9	6	0	50	500	500	500	500	500	0	
7.4496578907e+01	3	151	41	459	5	4	0	50	500	500	500	500	500	0	
7.4992166412e+01	5	149	65	435	5	9	0	50	500	500	500	500	500	0	
7.5499719316e+01	4	150	65	435	9	18	0	50	500	500	500	500	500	0	
7.5998026599e+01	5	148	46	454	8	6	0	50	500	500	500	500	500	0	
7.6499432353e+01	5	148	50	450	6	8	0	50	500	500	500	500	500	0	
7.6998139832e+01	4	149	51	449	8	10	0	50	500	500	500	500	500	0	
7.7499944493e+01	3	151	35	465	2	3	0	50	500	500	500	500	500	0	
7.7999127455e+01	3	153	50	450	3	11	0	50	500	500	500	500	500	0	
7.8499962007e+01	3	154	50	450	3	7	0	50	500	500	500	500	500	0	
7.8996880474e+01	2	155	32	468	1	7	0	50	500	500	500	500	500	0	
7.9497177024e+01	3	155	35	465	1	10	0	50	500	500	500	500	500	0	
7.9988630425e+01	5	152	33	467	2	5	0	50	500	500	500	500	500	0	
8.0498411636e+01	4	153	44	456	5	3	0	50	500	500	500	500	500	0	
8.0999863535e+01	7	151	46	454	1	7	0	50	500	500	500	500	500	0	
8.1499747064e+01	7	153	56	444	1	5	0	50	500	500	500	500	500	0	
8.1999252122e+01	7	154	41	459	5	7	0	50	500	500	500	500	500	0	
8.2497855196e+01	8	154	32	468	2	8	0	50	500	500	500	500	500	0	
8.2998729821e+01	7	156	39	461	7	4	0	50	500	500	500	500	500	0	
8.3495462386e+01	5	158	37	463	6	6	0	50	500	500	500	500	500	0	
8.3999307820e+01	6	156	44	456	5	9	0	50	500	500	500	500	500	0	
8.4496536889e+01	4	160	38	462	6	5	0	50	500	500	500	500	500	0	
8.4998243989e+01	5	160	30	470	6	6	0	50	500	500	500	500	500	0	
8.5499040997e+01	4	161	21	479	3	7	0	50	500	500	500	500	500	0	
8.5998690728e+01	5	162	26	474	2	5	0	50	500	500	500	500	500	0	
8.6499319871e+01	8	162	31	469	0	5	0	50	500	500	500	500	500	0	
8.6995606319e+01	9	161	35	465	2	4	0	50	500	500	500	500	500	0	
8.7498969550e+01	8	164	39	461	2	4	0	50	500	500	500	500	500	0	
8.7998918500e+01	8	165	36	464	5	5	0	50	500	500	500	500	500	0	
8.8493024184e+01	8	167	25	475	4	5	0	50	500	500	500	500	500	0	
8.8996634861e+01	11	165	36	464	3	5	0	50	500	500	500	500	500	0	
8.9499193880e+01	10	166	34	466	5	7	0	50	500	500	500	500	500	0	
8.9995195452e+01	9	168	39	461	4	9	0	50	500	500	500	500	500	0	
9.0498752574e+01	9	168	54	446	7	5	0	50	500	500	500	500	500	0	
9.0999754969e+01	9	169	60	440	3	7	0	50	500	500	500	500	500	0	
9.1495681816e+01	8	172	47	453	3	6	0	50	500	500	500	500	500	0	
9.1998451951e+01	9	172	28	472	3	9	0	50	500	500	500	500	500	0	
9.2496810510e+01	7	174	42	458	2	4	0	50	500	500	500	500	500	0	
9.2992522715e+01	11	171	36	464	5	4	0	50	500	500	500	500	500	0	
9.3497846850e+01	12	171	34	466	0	9	0	50	500	500	500	500	500	0	
9.3999706272e+01	9	176	45	455	4	7	0	50	500	500	500	500	500	0	
9.4499585814e+01	10	176	34	466	4	5	0	50	500	500	500	500	500	0	
9.4994886003e+01	10	182	25	475	6	2	0	50	500	500	500	500	500	0	
9.5499527786e+01	6	187	24	476	2	6	0	50	500	500	500	500	500	0	
9.5999905353e+01	7	189	41	459	5	4	0	50	500	500	500	500	500	0	
9.6498176231e+01	4	193	28	472	4	5	0	50	500	500	500	500	500	0	
9.6999436860e+01	4	193	22	478	4	8	0	50	500	500	500	500	500	0	
9.7499557316e+01	4	191	31	469	2	7	0	50	500	500	500	500	500	0	
9.7999973904e+01	4	191	24	476	3	9	0	50	500	500	500	500	500	0	
9.8499414621e+01	4	191	18	482	4	11	0	50	500	500	500	500	500	0	
9.8996928312e+01	4	192	24	476	1	6	0	50	500	500	500	500	500	0	
9.9490958614e+01	5	191	21	479	4	5	0	50	500	500	500	500	500	0	
9.9998413138e+01	5	192	18	482	2	10	0	50	500	500	500	500	500	0	
1.0049907931e+02	7	191	44	456	1	8	0	50	500	500	500	500	500	0	
1.0099708799e+02	5	194	35	465	3	12	0	50	500	500	500	500	500	0	
1.0149638122e+02	6	195	36	464	4	10	0	50	500	500	500	500	500	0	
1.0199795724e+02	6	196	33	467	5	16	0	50	500	500	500	500	500	0	
1.0249964722e+02	5	199	19	481	8	6	0	50	500	500	500	500	500	0	
1.0299855514e+02	6	198	32	468	4	9	0	50	500	500	500	500	500	0	
1.0349720857e+02	8	198	33	467	6	5	0	50	500	500	500	500	500	0	
1.0399865000e+02	6	201	23	477	2	7	0	50	500	500	500	500	500	0	
1.0449926574e+02	6	202	39	461	1	4	0	50	500	500	500	500	500	0	
1.0499956090e+02	5	205	29	471	2	6	0	50	500	500	500	500	500	0	
1.0549866573e+02	6	204	27	473	1	4	0	50	500	500	500	500	500	0	
1.0599974605e+02	2	209	30	470	3	4	0	50	500	500	500	500	500	0	
1.0649916517e+02	1	209	28	472	7	3	0	50	500	500	500	500	500	0	
1.0699835429e+02	1	210	18	482	1	5	0	50	500	500	500	500	500	0	
1.0749934500e+02	2	210	23	477	4	9	0	50	500	500	500	500	500	0	
1.0799806966e+02	3	210	17	483	2	4	0	50	500	500	500	500	500	0	
1.0849628474e+02	5	208	15	485	3	6	0	50	500	500	500	500	500	0	
1.0899908384e+02	7	207	23	477	4	9	0	50	500	500	500	500	500	0	
1.0949919402e+02	7	210	30	470	4	8	0	50	500	500	500	500	500	0	
1.0999712778e+02	6	211	12	488	5	5	0	50	500	500	500	500	500	0	
1.1049932033e+02	7	211	29	471	3	10	0	50	500	500	500	500	500	0	
1.1099778309e+02	7	211	19	481	4	6	0	50	500	500	500	500	500	0	
1.1149908732e+02	9	209	14	486	6	10	0	50	500	500	500	500	500	0	
1.1199643331e+02	8	212	31	469	5	4	0	50	500	500	500	500	500	0	
1.1249979484e+02	7	214	17	483	5	1	0	50	500	500	500	500	500	0	
1.1299995466e+02	6	216	20	480	2	7	0	50	500	500	500	500	500	0	
1.1349953848e+02	6	217	22	478	2	10	0	50	500	500	500	500	500	0	
1.1399894283e+02	5	219	25	475	7	4	0	50	500	500	500	500	500	0	
1.1449326714e+02	3	221	27	473	4	6	0	50	500	500	500	500	500	0	
1.1499781559e+02	3	224	30	470	3	4	0	50	500	500	500	500	500	0	
1.1549917298e+02	2	224	26	474	3	5	0	50	500	500	500	500	500	0	
1.1599795606e+02	2	226	26	474	3	4	0	50	500	500	500	500	500	0	
1.1649784175e+02	2	227	20	480	3	5	0	50	500	500	500	500	500	0	
1.1699928794e+02	3	227	21	479	4	5	0	50	500	500	500	500	500	0	
1.1749955061e+02	2	231	14	486	1	4	0	50	500	500	500	500	500	0	
1.1799753088e+02	1	232	15	485	6	7	0	50	500	500	500	500	500	0	
1.1849970455e+02	1	231	25	475	2	8	0	50	500	500	500	500	500	0	
1.1899748458e+02	2	231	20	480	9	3	0	50	500	500	500	500	500	0	
1.1949840592e+02	4	230	16	484	6	7	0	50	500	500	500	500	500	0	
1.1999856954e+02	8	226	25	475	2	10	0	50	500	500	500	500	500	0	
1.2049939541e+02	6	229	22	478	3	8	0	50	500	500	500	500	500	0	
1.2099978083e+02	5	231	28	472	3	4	0	50	500	500	500	500	500	0	
1.2149629818e+02	7	232	22	478	1	6	0	50	500	500	500	500	500	0	
1.2199721087e+02	6	235	26	474	6	5	0	50	500	500	500	500	500	0	
1.2249728757e+02	6	236	19	481	5	7	0	50	500	500	500	500	500	0	
1.2299824619e+02	6	236	20	480	3	7	0	50	500	500	500	500	500	0	
1.2349936197e+02	8	235	22	478	4	4	0	50	500	500	500	500	500	0	
1.2399777238e+02	8	236	12	488	5	8	0	50	500	500	500	500	500	0	
1.2449865424e+02	10	235	19	481	11	5	0	50	500	500	500	500	500	0	
1.2499724309e+02	12	233	24	476	5	3	0	50	500	500	500	500	500	0	
1.2549819688e+02	9	238	17	483	2	10	0	50	500	500	500	500	500	0	
1.2599855198e+02	9	240	22	478	4	7	0	50	500	500	500	500	500	0	
1.2649882971e+02	11	240	24	476	6	4	0	50	500	500	500	500	500	0	
1.2699745129e+02	12	239	20	480	4	6	0	50	500	500	500	500	500	0	
1.2749358668e+02	12	240	27	473	6	5	0	50	500	500	500	500	500	0	
1.2799965337e+02	10	244	13	487	8	3	0	50	500	500	500	500	500	0	
1.2849906713e+02	12	241	21	479	4	6	0	50	500	500	500	500	500	0	
1.2899721609e+02	10	244	25	475	3	6	0	50	500	500	500	500	500	0	
1.2949718840e+02	8	246	20	480	5	9	0	50	500	500	500	500	500	0	
1.2999679218e+02	8	246	27	473	5	6	0	50	500	500	500	500	500	0	
1.3049924965e+02	7	250	19	481	2	5	0	50	500	500	500	500	500	0	
1.3099998526e+02	7	250	20	480	3	3	0	50	500	500	500	500	500	0	
1.3149979735e+02	5	253	19	481	3	8	0	50	500	500	500	500	500	0	
1.3199953427e+02	7	252	16	484	5	9	0	50	500	500	500	500	500	0	
1.3249565371e+02	6	253	21	479	1	5	0	50	500	500	500	500	500	0	
1.3299867093e+02	5	255	24	476	3	4	0	50	500	500	500	500	500	0	
1.3349830149e+02	5	255	22	478	4	3	0	50	500	500	500	500	500	0	
1.3399850094e+02	5	256	22	478	5	4	0	50	500	500	500	500	500	0	
1.3449986705e+02	5	256	22	478	3	8	0	50	500	500	500	500	500	0	
1.3499793482e+02	3	259	20	480	2	7	0	50	500	500	500	500	500	0	
1.3549974435e+02	3	260	18	482	2	9	0	50	500	500	500	500	500	0	
1.3599866871e+02	4	261	32	468	5	4	0	50	500	500	500	500	500	0	
1.3649792801e+02	3	262	18	482	2	4	0	50	500	500	500	500	500	0	
1.3699919606e+02	5	261	14	486	6	4	0	50	500	500	500	500	500	0	
1.3749842757e+02	5	262	16	484	6	7	0	50	500	500	500	500	500	0	
1.3799962693e+02	6	262	13	487	3	5	0	50	500	500	500	500	500	0	
1.3849878013e+02	6	263	18	482	2	10	0	50	500	500	500	500	500	0	
1.3899925340e+02	5	263	24	476	5	4	0	50	500	500	500	500	500	0	
1.3949851184e+02	7	262	14	486	6	6	0	50	500	500	500	500	500	0	
1.3999903294e+02	8	261	12	488	3	10	0	50	500	500	500	500	500	0	
1.4049829975e+02	12	255	16	484	1	11	0	50	500	500	500	500	500	0	
1.4099931717e+02	11	258	22	478	5	7	0	50	500	500	500	500	500	0	
1.4149887571e+02	8	261	23	477	5	4	0	50	500	500	500	500	500	0	
1.4199787771e+02	6	263	12	488	4	7	0	50	500	500	500	500	500	0	
1.4249963870e+02	7	262	25	475	2	9	0	50	500	500	500	500	500	0	
1.4299971152e+02	5	265	12	488	6	7	0	50	500	500	500	500	500	0	
1.4349687623e+02	6	264	25	475	3	10	0	50	500	500	500	500	500	0	
1.4399950922e+02	10	260	20	480	8	11	0	50	500	500	500	500	500	0	
1.4449795904e+02	7	263	18	482	4	7	0	50	500	500	500	500	500	0	
1.4499821270e+02	7	263	18	482	5	9	0	50	500	500	500	500	500	0	
1.4549780063e+02	5	265	19	481	3	5	0	50	500	500	500	500	500	0	
1.4599862551e+02	4	267	17	483	2	3	0	50	500	500	500	500	500	0	
1.4649751096e+02	4	268	9	491	3	2	0	50	500	500	500	500	500	0	
1.4699623463e+02	4	270	12	488	0	5	0	50	500	500	500	500	500	0	
1.4749988614e+02	5	271	32	468	1	8	0	50	500	500	500	500	500	0	
1.4799493492e+02	5	272	24	476	6	2	0	50	500	500	500	500	500	0	
1.4849851222e+02	6	271	25	475	4	4	0	50	500	500	500	500	500	0	
1.4899732574e+02	7	270	21	479	2	6	0	50	500	500	500	500	500	0	
1.4949690720e+02	8	267	17	483	1	11	0	50	500	500	500	500	500	0	
1.4999925802e+02	9	267	11	489	5	7	0	50	500	500	500	500	500	0	
1.5049918931e+02	7	269	27	473	3	5	0	50	500	500	500	500	500	0	
1.5099972542e+02	8	268	9	491	6	3	0	50	500	500	500	500	500	0	
1.5149998334e+02	7	272	12	488	2	3	0	50	500	500	500	500	500	0	
1.5199979332e+02	6	275	18	482	6	2	0	50	500	500	500	500	500	0	
1.5249785301e+02	8	274	16	484	3	10	0	50	500	500	500	500	500	0	
1.5299856372e+02	11	271	13	487	3	6	0	50	500	500	500	500	500	0	
1.5349950392e+02	10	274	8	492	3	3	0	50	500	500	500	500	500	0	
1.5399814701e+02	9	275	12	488	3	5	0	50	500	500	500	500	500	0	
1.5449925194e+02	11	273	13	487	5	9	0	50	500	500	500	500	500	0	
1.5499660066e+02	10	273	16	484	3	8	0	50	500	500	500	500	500	0	
1.5549964415e+02	9	274	10	490	4	3	0	50	500	500	500	500	500	0	
1.5599786227e+02	13	270	13	487	5	3	0	50	500	500	500	500	500	0	
1.5649873487e+02	13	271	15	485	6	5	0	50	500	500	500	500	500	0	
1.5699759688e+02	14	270	12	488	2	9	0	50	500	500	500	500	500	0	
1.5749608471e+02	13	271	20	480	5	7	0	50	500	500	500	500	500	0	
1.5799767063e+02	10	276	18	482	1	6	0	50	500	500	500	500	500	0	
1.5849888180e+02	9	278	15	485	1	7	0	50	500	500	500	500	500	0	
1.5899898552e+02	10	278	14	486	2	7	0	50	500	500	500	500	500	0	
1.5949870975e+02	10	280	19	481	4	10	0	50	500	500	500	500	500	0	
1.5999937086e+02	8	284	17	483	5	12	0	50	500	500	500	500	500	0	
1.6049822064e+02	7	285	15	485	1	5	0	50	500	500	500	500	500	0	
1.6099475784e+02	5	289	22	478	2	3	0	50	500	500	500	500	500	0	
1.6149945770e+02	3	290	13	487	3	6	0	50	500	500	500	500	500	0	
1.6199944000e+02	3	292	14	486	4	4	0	50	500	500	500	500	500	0	
1.6249914504e+02	3	295	11	489	6	3	0	50	500	500	500	500	500	0	
1.6299865447e+02	5	292	9	491	3	11	0	50	500	500	500	500	500	0	
1.6349725412e+02	5	293	13	487	5	10	0	50	500	500	500	500	500	0	
1.6399928348e+02	9	289	11	489	4	11	0	50	500	500	500	500	500	0	
1.6449952288e+02	11	288	16	484	7	9	0	50	500	500	500	500	500	0	
1.6499988868e+02	10	289	19	481	6	11	0	50	500	500	500	500	500	0	
1.6549861021e+02	11	289	15	485	5	9	0	50	500	500	500	500	500	0	
1.6599984064e+02	10	290	17	483	3	4	0	50	500	500	500	500	500	0	
1.6649919335e+02	12	288	13	487	5	3	0	50	500	500	500	500	500	0	
1.6699728042e+02	12	288	25	475	1	4	0	50	500	500	500	500	500	0	
1.6749904886e+02	9	294	13	487	1	4	0	50	500	500	500	500	500	0	
1.6799758944e+02	10	294	17	483	2	5	0	50	500	500	500	500	500	0	
1.6849483962e+02	12	292	8	492	4	6	0	50	500	500	500	500	500	0	
1.6899872231e+02	11	293	21	479	1	4	0	50	500	500	500	500	500	0	
1.6949858342e+02	13	292	12	488	4	9	0	50	500	500	500	500	500	0	
1.6999879170e+02	13	292	13	487	2	9	0	50	500	500	500	500	500	0	
1.7049947991e+02	13	292	17	483	4	12	0	50	500	500	500	500	500	0	
1.7099872075e+02	10	294	16	484	8	6	0	50	500	500	500	500	500	0	
1.7149769410e+02	12	293	22	478	8	6	0	50	500	500	500	500	500	0	
1.7199672923e+02	14	292	19	481	5	6	0	50	500	500	500	500	500	0	
1.7249993925e+02	11	295	20	480	3	2	0	50	500	500	500	500	500	0	
1.7299904949e+02	9	297	14	486	6	4	0	50	500	500	500	500	500	0	
1.7349515033e+02	11	295	13	487	8	5	0	50	500	500	500	500	500	0	
1.7399657468e+02	12	295	12	488	3	6	0	50	500	500	500	500	500	0	
1.7449983235e+02	14	295	16	484	3	6	0	50	500	500	500	500	500	0	
1.7499927050e+02	14	296	7	493	5	6	0	50	500	500	500	500	500	0	
1.7549378842e+02	14	300	12	488	4	8	0	50	500	500	500	500	500	0	
1.7599848349e+02	11	302	14	486	1	6	0	50	500	500	500	500	500	0	
1.7649823503e+02	11	305	18	482	4	7	0	50	500	500	500	500	500	0	
1.7699966698e+02	12	305	9	491	1	8	0	50	500	500	500	500	500	0	
1.7749915906e+02	14	302	11	489	6	3	0	50	500	500	500	500	500	0	
1.7799997353e+02	16	300	5	495	4	9	0	50	500	500	500	500	500	0	
1.7849715434e+02	10	305	18	482	4	8	0	50	500	500	500	500	500	0	
1.7899937322e+02	9	306	24	476	3	3	0	50	500	500	500	500	500	0	
1.7949959513e+02	6	310	12	488	8	6	0	50	500	500	500	500	500	0	
1.7999574607e+02	7	311	12	488	4	2	0	50	500	500	500	500	500	0	
1.8049661494e+02	7	312	20	480	2	6	0	50	500	500	500	500	500	0	
1.8099982659e+02	6	313	13	487	3	8	0	50	500	500	500	500	500	0	
1.8149773656e+02	7	314	29	471	3	8	0	50	500	500	500	500	500	0	
1.8199863731e+02	5	317	12	488	6	5	0	50	500	500	500	500	500	0	
1.8249733872e+02	5	318	18	482	1	0	0	50	500	500	500	500	500	0	
1.8299951462e+02	3	319	14	486	3	4	0	50	500	500	500	500	500	0	
1.8349979484e+02	3	321	5	495	2	6	0	50	500	500	500	500	500	0	
1.8399879711e+02	3	321	16	484	3	6	0	50	500	500	500	500	500	0	
1.8449545798e+02	4	321	7	493	3	7	0	50	500	500	500	500	500	0	
1.8499695775e+02	4	321	16	484	5	5	0	50	500	500	500	500	500	0	
1.8549942477e+02	9	317	14	486	1	10	0	50	500	500	500	500	500	0	
1.8599965416e+02	10	316	11	489	5	7	0	50	500	500	500	500	500	0	
1.8649138634e+02	8	320	6	494	3	4	0	50	500	500	500	500	500	0	
1.8699810718e+02	5	325	12	488	1	4	0	50	500	500	500	500	500	0	
1.8749877536e+02	6	325	12	488	5	6	0	50	500	500	500	500	500	0	
1.8799679249e+02	5	327	14	486	7	2	0	50	500	500	500	500	500	0	
1.8849889773e+02	5	328	13	487	3	7	0	50	500	500	500	500	500	0	
1.8899932839e+02	4	329	11	489	3	4	0	50	500	500	500	500	500	0	
1.8949605253e+02	4	330	11	489	1	6	0	50	500	500	500	500	500	0	
1.8999793116e+02	4	329	15	485	5	4	0	50	500	500	500	500	500	0	
1.9049547311e+02	1	332	14	486	4	4	0	50	500	500	500	500	500	0	
1.9099647867e+02	5	330	16	484	0	9	0	50	500	500	500	500	500	0	
1.9149973782e+02	4	331	20	480	6	1	0	50	500	500	500	500	500	0	
1.9199753970e+02	3	332	8	492	4	2	0	50	500	500	500	500	500	0	
1.9249725731e+02	3	333	18	482	4	8	0	50	500	500	500	500	500	0	
1.9299806018e+02	5	335	15	485	7	7	0	50	500	500	500	500	500	0	
1.9349934991e+02	5	334	12	488	5	8	0	50	500	500	500	500	500	0	
1.9399307638e+02	6	335	16	484	5	4	0	50	500	500	500	500	500	0	
1.9449949776e+02	9	332	17	483	6	4	0	50	500	500	500	500	500	0	
1.9499765722e+02	9	335	13	487	2	10	0	50	500	500	500	500	500	0	
1.9549952155e+02	10	336	11	489	5	8	0	50	500	500	500	500	500	0	
1.9599912443e+02	9	338	12	488	7	7	0	50	500	500	500	500	500	0	
1.9649990987e+02	12	335	19	481	7	11	0	50	500	500	500	500	500	0	
1.9699681872e+02	13	334	16	484	9	10	0	50	500	500	500	500	500	0	
1.9749837121e+02	13	334	16	484	6	3	0	50	500	500	500	500	500	0	
1.9799921660e+02	12	337	6	494	3	2	0	50	500	500	500	500	500	0	
1.9848249791e+02	7	342	10	490	1	2	0	50	500	500	500	500	500	0	
1.9899788731e+02	7	342	14	486	3	8	0	50	500	500	500	500	500	0	
1.9949633870e+02	16	334	13	487	4	11	0	50	500	500	500	500	500	0	
1.9999780697e+02	12	338	11	489	2	5	0	50	500	500	500	500	500	0	
2.0049947429e+02	11	339	5	495	4	6	0	50	500	500	500	500	500	0	
2.0099701494e+02	10	341	16	484	5	8	0	50	500	500	500	500	500	0	
2.0149842135e+02	11	340	14	486	6	10	0	50	500	500	500	500	500	0	
2.0199959728e+02	10	343	8	492	4	8	0	50	500	500	500	500	500	0	
2.0249967920e+02	13	339	15	485	4	7	0	50	500	500	500	500	500	0	
2.0299696953e+02	10	341	13	487	3	11	0	50	500	500	500	500	500	0	
2.0349574289e+02	12	339	6	494	4	5	0	50	500	500	500	500	500	0	
2.0399487920e+02	13	338	14	486	6	3	0	50	500	500	500	500	500	0	
2.0449965932e+02	13	337	12	488	2	8	0	50	500	500	500	500	500	0	
2.0499965071e+02	13	337	19	481	4	8	0	50	500	500	500	500	500	0	
2.0549861077e+02	11	339	11	489	4	7	0	50	500	500	500	500	500	0	
2.0599956400e+02	9	341	9	491	6	5	0	50	500	500	500	500	500	0	
2.0649737639e+02	6	345	10	490	3	6	0	50	500	500	500	500	500	0	
2.0699960362e+02	6	346	12	488	1	8	0	50	500	500	500	500	500	0	
2.0749223352e+02	8	345	9	491	1	6	0	50	500	500	500	500	500	0	
2.0799702396e+02	7	347	15	485	2	4	0	50	500	500	500	500	500	0	
2.0849461490e+02	8	347	12	488	7	6	0	50	500	500	500	500	500	0	
2.0899812892e+02	9	347	10	490	3	4	0	50	500	500	500	500	500	0	
2.0949892071e+02	9	348	19	481	3	8	0	50	500	500	500	500	500	0	
2.0999858935e+02	8	349	7	493	5	6	0	50	500	500	500	500	500	0	
2.1049983042e+02	8	350	12	488	1	5	0	50	500	500	500	500	500	0	
2.1099769333e+02	6	356	16	484	2	4	0	50	500	500	500	500	500	0	
2.1149732859e+02	8	355	12	488	2	3	0	50	500	500	500	500	500	0	
2.1199805308e+02	9	354	15	485	4	2	0	50	500	500	500	500	500	0	
2.1249979544e+02	7	357	15	485	1	5	0	50	500	500	500	500	500	0	
2.1299810485e+02	8	356	9	491	7	10	0	50	500	500	500	500	500	0	
2.1349937527e+02	9	354	13	487	4	10	0	50	500	500	500	500	500	0	
2.1399154706e+02	12	351	20	480	6	7	0	50	500	500	500	500	500	0	
2.1449857516e+02	10	353	13	487	5	4	0	50	500	500	500	500	500	0	
2.1499915976e+02	7	359	9	491	5	6	0	50	500	500	500	500	500	0	
2.1549976012e+02	7	361	9	491	6	6	0	50	500	500	500	500	500	0	
2.1599900506e+02	8	358	13	487	4	12	0	50	500	500	500	500	500	0	
2.1649950452e+02	10	357	10	490	5	7	0	50	500	500	500	500	500	0	
2.1699899351e+02	11	355	7	493	5	7	0	50	500	500	500	500	500	0	
2.1749960945e+02	12	355	11	489	7	5	0	50	500	500	500	500	500	0	
2.1799986193e+02	9	357	9	491	2	7	0	50	500	500	500	500	500	0	
2.1849844063e+02	9	356	9	491	3	6	0	50	500	500	500	500	500	0	
2.1899843634e+02	7	360	12	488	2	5	0	50	500	500	500	500	500	0	
2.1949995405e+02	9	359	9	491	2	5	0	50	500	500	500	500	500	0	
2.1999852233e+02	8	361	10	490	4	4	0	50	500	500	500	500	500	0	
2.2049874142e+02	7	364	7	493	3	5	0	50	500	500	500	500	500	0	
2.2099852508e+02	8	364	12	488	2	3	0	50	500	500	500	500	500	0	
2.2149926123e+02	8	365	15	485	4	4	0	50	500	500	500	500	500	0	
2.2199692955e+02	8	365	11	489	2	6	0	50	500	500	500	500	500	0	
2.2249887940e+02	6	368	9	491	7	7	0	50	500	500	500	500	500	0	
2.2299755534e+02	6	367	17	483	6	8	0	50	500	500	500	500	500	0	
2.2349305969e+02	7	364	11	489	4	12	0	50	500	500	500	500	500	0	
2.2399626725e+02	10	362	10	490	5	6	0	50	500	500	500	500	500	0	
2.2449779567e+02	12	360	9	491	5	2	0	50	500	500	500	500	500	0	
2.2499970407e+02	12	362	14	486	3	5	0	50	500	500	500	500	500	0	
2.2549723361e+02	14	361	8	492	4	8	0	50	500	500	500	500	500	0	
2.2599559877e+02	15	363	14	486	3	6	0	50	500	500	500	500	500	0	
2.2649454147e+02	16	362	15	485	1	13	0	50	500	500	500	500	500	0	
2.2699862060e+02	17	362	10	490	6	8	0	50	500	500	500	500	500	0	
2.2749940663e+02	18	360	7	493	3	5	0	50	500	500	500	500	500	0	
2.2799503069e+02	15	364	22	478	3	3	0	50	500	500	500	500	500	0	
2.2849977176e+02	18	359	11	489	4	8	0	50	500	500	500	500	500	0	
2.2899951867e+02	17	364	16	484	6	5	0	50	500	500	500	500	500	0	
2.2949929550e+02	8	372	10	490	3	2	0	50	500	500	500	500	500	0	
2.2999882520e+02	8	373	13	487	3	2	0	50	500	500	500	500	500	0	
2.3049946954e+02	10	372	9	491	3	8	0	50	500	500	500	500	500	0	
2.3099766085e+02	13	369	14	486	4	7	0	50	500	500	500	500	500	0	
2.3149987741e+02	11	372	13	487	7	7	0	50	500	500	500	500	500	0	
2.3199947791e+02	9	374	8	492	4	9	0	50	500	500	500	500	500	0	
2.3249938968e+02	8	378	10	490	4	9	0	50	500	500	500	500	500	0	
2.3299959532e+02	8	380	17	483	7	6	0	50	500	500	500	500	500	0	
2.3349981282e+02	11	376	15	485	13	4	0	50	500	500	500	500	500	0	
2.3399931136e+02	10	377	8	492	4	7	0	50	500	500	500	500	500	0	
2.3449833381e+02	13	375	11	489	3	7	0	50	500	500	500	500	500	0	
2.3499849267e+02	12	377	17	483	5	4	0	50	500	500	500	500	500	0	
2.3549745090e+02	14	375	13	487	7	4	0	50	500	500	500	500	500	0	
2.3599780529e+02	12	376	11	489	2	6	0	50	500	500	500	500	500	0	
2.3649805710e+02	13	376	5	495	4	5	0	50	500	500	500	500	500	0	
2.3699954436e+02	14	375	8	492	4	3	0	50	500	500	500	500	500	0	
2.3749956450e+02	13	375	15	485	5	7	0	50	500	500	500	500	500	0	
2.3799904903e+02	8	378	8	492	3	4	0	50	500	500	500	500	500	0	
2.3849899071e+02	12	375	13	487	4	4	0	50	500	500	500	500	500	0	
2.3899314264e+02	10	377	7	493	4	9	0	50	500	500	500	500	500	0	
2.3949973976e+02	10	381	5	495	2	2	0	50	500	500	500	500	500	0	
2.3999884343e+02	12	379	13	487	3	5	0	50	500	500	500	500	500	0	
2.4049876826e+02	7	384	10	490	2	6	0	50	500	500	500	500	500	0	
2.4099931824e+02	10	382	10	490	5	4	0	50	500	500	500	500	500	0	
2.4149658104e+02	12	381	12	488	4	4	0	50	500	500	500	500	500	0	
2.4199858635e+02	10	386	12	488	4	7	0	50	500	500	500	500	500	0	
2.4249770616e+02	9	388	9	491	7	7	0	50	500	500	500	500	500	0	
2.4299919445e+02	9	389	10	490	3	8	0	50	500	500	500	500	500	0	
2.4349943718e+02	11	388	17	483	5	7	0	50	500	500	500	500	500	0	
2.4399863028e+02	12	388	17	483	6	5	0	50	500	500	500	500	500	0	
2.4449983405e+02	8	391	9	491	6	5	0	50	500	500	500	500	500	0	
2.4499616982e+02	10	389	18	482	3	8	0	50	500	500	500	500	500	0	
2.4549694032e+02	9	392	8	492	6	5	0	50	500	500	500	500	500	0	
2.4598951550e+02	9	390	6	494	3	6	0	50	500	500	500	500	500	0	
2.4649992348e+02	13	388	16	484	3	9	0	50	500	500	500	500	500	0	
2.4699928071e+02	15	385	6	494	4	6	0	50	500	500	500	500	500	0	
2.4749690181e+02	16	383	12	488	5	5	0	50	500	500	500	500	500	0	
2.4799789527e+02	15	385	11	489	3	4	0	50	500	500	500	500	500	0	
2.4849993623e+02	14	386	13	487	4	4	0	50	500	500	500	500	500	0	
2.4899619550e+02	14	389	9	491	2	13	0	50	500	500	500	500	500	0	
2.4949905575e+02	12	391	12	488	6	6	0	50	500	500	500	500	500	0	
2.4999937123e+02	10	396	7	493	7	4	0	50	500	500	500	500	500	0	
2.5049913330e+02	7	398	14	486	4	8	0	50	500	500	500	500	500	0	
2.5099949612e+02	6	400	19	481	5	8	0	50	500	500	500	500	500	0	
2.5149941429e+02	11	396	9	491	7	8	0	50	500	500	500	500	500	0	
2.5199925188e+02	16	392	10	490	3	7	0	50	500	500	500	500	500	0	
2.5249524675e+02	15	394	4	496	8	8	0	50	500	500	500	500	500	0	
2.5299895245e+02	21	390	11	489	5	10	0	50	500	500	500	500	500	0	
2.5349686614e+02	20	391	6	494	6	7	0	50	500	500	500	500	500	0	
2.5399995692e+02	19	394	10	490	9	6	0	50	500	500	500	500	500	0	
2.5449939964e+02	18	395	6	494	1	7	0	50	500	500	500	500	500	0	
2.5499866070e+02	15	399	6	494	3	5	0	50	500	500	500	500	500	0	
2.5549890259e+02	15	401	10	490	6	8	0	50	500	500	500	500	500	0	
2.5599451713e+02	15	401	10	490	7	2	0	50	500	500	500	500	500	0	
2.5649737388e+02	14	402	10	490	2	10	0	50	500	500	500	500	500	0	
2.5699868365e+02	12	402	14	486	2	8	0	50	500	500	500	500	500	0	
2.5749915000e+02	11	405	9	491	6	5	0	50	500	500	500	500	500	0	
2.5799965670e+02	14	403	7	493	10	6	0	50	500	500	500	500	500	0	
2.5849882494e+02	13	403	19	481	6	4	0	50	500	500	500	500	500	0	
2.5899989783e+02	13	402	9	491	5	6	0	50	500	500	500	500	500	0	
2.5949947104e+02	11	405	6	494	3	6	0	50	500	500	500	500	500	0	
2.5999750161e+02	11	406	5	495	4	5	0	50	500	500	500	500	500	0	
2.6049862466e+02	12	406	6	494	4	9	0	50	500	500	500	500	500	0	
2.6099664717e+02	11	407	10	490	4	7	0	50	500	500	500	500	500	0	
2.6149962595e+02	12	405	7	493	5	5	0	50	500	500	500	500	500	0	
2.6199671654e+02	10	409	8	492	3	10	0	50	500	500	500	500	500	0	
2.6249654996e+02	12	407	10	490	3	7	0	50	500	500	500	500	500	0	
2.6299944416e+02	13	408	14	486	4	7	0	50	500	500	500	500	500	0	
2.6349868310e+02	14	406	10	490	6	2	0	50	500	500	500	500	500	0	
2.6399914203e+02	17	403	6	494	6	3	0	50	500	500	500	500	500	0	
2.6449849967e+02	14	406	3	497	6	4	0	50	500	500	500	500	500	0	
2.6499887311e+02	15	406	10	490	7	6	0	50	500	500	500	500	500	0	
2.6549527339e+02	12	410	9	491	6	5	0	50	500	500	500	500	500	0	
2.6599873354e+02	8	415	8	492	2	7	0	50	500	500	500	500	500	0	
2.6649938343e+02	7	417	16	484	4	4	0	50	500	500	500	500	500	0	
2.6699933292e+02	8	417	9	491	1	5	0	50	500	500	500	500	500	0	
2.6749539561e+02	7	418	5	495	4	2	0	50	500	500	500	500	500	0	
2.6799578357e+02	8	419	11	489	3	4	0	50	500	500	500	500	500	0	
2.6849937433e+02	8	420	8	492	9	6	0	50	500	500	500	500	500	0	
2.6899998546e+02	9	417	5	495	5	5	0	50	500	500	500	500	500	0	
2.6949852726e+02	8	417	12	488	2	4	0	50	500	500	500	500	500	0	
2.6999898582e+02	8	417	11	489	3	2	0	50	500	500	500	500	500	0	
2.7049761033e+02	9	417	10	490	1	2	0	50	500	500	500	500	500	0	
2.7099986621e+02	9	418	10	490	5	6	0	50	500	500	500	500	500	0	
2.7149881982e+02	8	420	7	493	5	7	0	50	500	500	500	500	500	0	
2.7199597745e+02	11	416	10	490	3	10	0	50	500	500	500	500	500	0	
2.7249811945e+02	9	418	6	494	3	6	0	50	500	500	500	500	500	0	
2.7299995047e+02	9	419	7	493	4	7	0	50	500	500	500	500	500	0	
2.7349850221e+02	12	416	8	492	3	13	0	50	500	500	500	500	500	0	
2.7399804605e+02	12	416	10	490	6	7	0	50	500	500	500	500	500	0	
2.7449791234e+02	10	419	13	487	7	3	0	50	500	500	500	500	500	0	
2.7499494414e+02	10	419	10	490	4	5	0	50	500	500	500	500	500	0	
2.7549904368e+02	8	420	5	495	5	3	0	50	500	500	500	500	500	0	
2.7599718064e+02	10	420	5	495	4	10	0	50	500	500	500	500	500	0	
2.7649978929e+02	11	418	9	491	4	4	0	50	500	500	500	500	500	0	
2.7699771539e+02	9	422	9	491	3	12	0	50	500	500	500	500	500	0	
2.7749822097e+02	10	422	12	488	4	7	0	50	500	500	500	500	500	0	
2.7799857386e+02	8	424	9	491	1	4	0	50	500	500	500	500	500	0	
2.7849728682e+02	5	427	14	486	4	5	0	50	500	500	500	500	500	0	
2.7899908601e+02	6	428	12	488	5	5	0	50	500	500	500	500	500	0	
2.7949999327e+02	5	430	10	490	5	8	0	50	500	500	500	500	500	0	
2.7999908535e+02	8	428	9	491	9	8	0	50	500	500	500	500	500	0	
2.8049965641e+02	11	425	16	484	2	9	0	50	500	500	500	500	500	0	
2.8099748100e+02	15	420	13	487	3	9	0	50	500	500	500	500	500	0	
2.8149923154e+02	15	420	11	489	7	2	0	50	500	500	500	500	500	0	
2.8199934270e+02	14	421	11	489	6	9	0	50	500	500	500	500	500	0	
2.8249932362e+02	14	421	6	494	5	5	0	50	500	500	500	500	500	0	
2.8299888640e+02	15	421	13	487	1	4	0	50	500	500	500	500	500	0	
2.8349520826e+02	16	420	6	494	10	5	0	50	500	500	500	500	500	0	
2.8399831523e+02	14	424	8	492	5	7	0	50	500	500	500	500	500	0	
2.8449922444e+02	14	426	9	491	2	6	0	50	500	500	500	500	500	0	
2.8499887134e+02	12	430	13	487	4	5	0	50	500	500	500	500	500	0	
2.8549908334e+02	10	432	12	488	2	9	0	50	500	500	500	500	500	0	
2.8599971983e+02	12	431	3	497	4	6	0	50	500	500	500	500	500	0	
2.8649658858e+02	13	431	6	494	4	7	0	50	500	500	500	500	500	0	
2.8699197556e+02	14	431	6	494	2	6	0	50	500	500	500	500	500	0	
2.8749562223e+02	9	436	5	495	6	7	0	50	500	500	500	500	500	0	
2.8799673310e+02	6	438	13	487	3	4	0	50	500	500	500	500	500	0	
2.8849761766e+02	7	440	10	490	7	6	0	50	500	500	500	500	500	0	
2.8899991913e+02	8	439	14	486	3	5	0	50	500	500	500	500	500	0	
2.8949792628e+02	9	439	4	496	3	6	0	50	500	500	500	500	500	0	
2.8999977533e+02	6	440	7	493	2	5	0	50	500	500	500	500	500	0	
2.9049826654e+02	10	437	8	492	5	5	0	50	500	500	500	500	500	0	
2.9099897166e+02	9	436	9	491	5	4	0	50	500	500	500	500	500	0	
2.9149865969e+02	10	435	11	489	5	7	0	50	500	500	500	500	500	0	
2.9199857481e+02	13	430	9	491	6	5	0	50	500	500	500	500	500	0	
2.9249979365e+02	13	430	13	487	3	9	0	50	500	500	500	500	500	0	
2.9299776933e+02	12	432	4	496	6	6	0	50	500	500	500	500	500	0	
2.9349832650e+02	14	431	11	489	5	6	0	50	500	500	500	500	500	0	
2.9399487943e+02	16	428	8	492	4	7	0	50	500	500	500	500	500	0	
2.9449486692e+02	14	432	10	490	4	6	0	50	500	500	500	500	500	0	
2.9499965540e+02	15	431	3	497	5	5	0	50	500	500	500	500	500	0	
2.9549899527e+02	7	440	12	488	5	7	0	50	500	500	500	500	500	0	
2.9599903296e+02	7	442	7	493	3	7	0	50	500	500	500	500	500	0	
2.9649738706e+02	6	443	12	488	4	5	0	50	500	500	500	500	500	0	
2.9699891782e+02	7	442	9	491	4	5	0	50	500	500	500	500	500	0	
2.9749980127e+02	8	440	18	482	7	3	0	50	500	500	500	500	500	0	
2.9799742214e+02	9	440	12	488	6	5	0	50	500	500	500	500	500	0	
2.9849668097e+02	9	442	12	488	6	0	0	50	500	500	500	500	500	0	
2.9899727056e+02	11	438	8	492	5	2	0	50	500	500	500	500	500	0	
2.9949997922e+02	9	440	6	494	1	7	0	50	500	500	500	500	500	0	
2.9999407823e+02	9	442	8	492	4	4	0	50	500	500	500	500	500	0	
3.0049954586e+02	13	439	9	491	3	6	0	50	500	500	500	500	500	0	
3.0099257063e+02	14	438	8	492	5	6	0	50	500	500	500	500	500	0	
3.0149848355e+02	14	439	13	487	7	10	0	50	500	500	500	500	500	0	
3.0199834310e+02	16	438	10	490	4	7	0	50	500	500	500	500	500	0	
3.0249914149e+02	17	437	14	486	4	7	0	50	500	500	500	500	500	0	
3.0299940490e+02	17	438	9	491	4	5	0	50	500	500	500	500	500	0	
3.0349357564e+02	17	439	7	493	3	7	0	50	500	500	500	500	500	0	
3.0399872564e+02	15	437	3	497	3	5	0	50	500	500	500	500	500	0	
3.0449653254e+02	15	435	9	491	3	5	0	50	500	500	500	500	500	0	
3.0499815384e+02	12	437	15	485	4	7	0	50	500	500	500	500	500	0	
3.0549941799e+02	9	441	9	491	1	4	0	50	500	500	500	500	500	0	
3.0599684834e+02	8	442	7	493	2	8	0	50	500	500	500	500	500	0	
3.0649921843e+02	6	446	15	485	6	4	0	50	500	500	500	500	500	0	
3.0699993148e+02	7	445	16	484	2	3	0	50	500	500	500	500	500	0	
3.0749398564e+02	11	440	12	488	5	5	0	50	500	500	500	500	500	0	
3.0799932100e+02	11	440	8	492	2	10	0	50	500	500	500	500	500	0	
3.0849945605e+02	12	440	16	484	5	6	0	50	500	500	500	500	500	0	
3.0899960995e+02	16	437	7	493	4	7	0	50	500	500	500	500	500	0	
3.0949392801e+02	18	434	5	495	5	5	0	50	500	500	500	500	500	0	
3.0999579466e+02	15	437	3	497	1	6	0	50	500	500	500	500	500	0	
3.1049774724e+02	15	436	8	492	4	8	0	50	500	500	500	500	500	0	
3.1099540160e+02	18	433	10	490	1	11	0	50	500	500	500	500	500	0	
3.1149913842e+02	16	435	11	489	3	6	0	50	500	500	500	500	500	0	
3.1199958171e+02	16	437	13	487	5	5	0	50	500	500	500	500	500	0	
3.1249999170e+02	17	437	8	492	4	12	0	50	500	500	500	500	500	0	
3.1299853106e+02	15	441	10	490	3	4	0	50	500	500	500	500	500	0	
3.1349796323e+02	12	445	11	489	2	5	0	50	500	500	500	500	500	0	
3.1399890924e+02	12	445	12	488	3	0	0	50	500	500	500	500	500	0	
3.1449748818e+02	11	446	6	494	5	1	0	50	500	500	500	500	500	0	
3.1499934078e+02	9	449	2	498	3	6	0	50	500	500	500	500	500	0	
3.1549128814e+02	10	447	4	496	5	5	0	50	500	500	500	500	500	0	
3.1599734881e+02	8	451	7	493	7	10	0	50	500	500	500	500	500	0	
3.1649786065e+02	7	453	7	493	1	9	0	50	500	500	500	500	500	0	
3.1699986899e+02	10	450	6	494	4	5	0	50	500	500	500	500	500	0	
3.1749429209e+02	9	450	7	493	3	6	0	50	500	500	500	500	500	0	
3.1799957215e+02	10	449	8	492	5	2	0	50	500	500	500	500	500	0	
3.1849491102e+02	11	449	6	494	4	3	0	50	500	500	500	500	500	0	
3.1899891176e+02	9	451	13	487	5	6	0	50	500	500	500	500	500	0	
3.1949894088e+02	6	455	5	495	2	2	0	50	500	500	500	500	500	0	
3.1999735100e+02	2	461	5	495	2	7	0	50	500	500	500	500	500	0	
3.2049932936e+02	4	459	7	493	4	7	0	50	500	500	500	500	500	0	
3.2099835664e+02	6	457	11	489	3	9	0	50	500	500	500	500	500	0	
3.2149770506e+02	9	453	9	491	3	6	0	50	500	500	500	500	500	0	
3.2199186450e+02	11	451	4	496	2	5	0	50	500	500	500	500	500	0	
3.2249731869e+02	13	451	12	488	5	3	0	50	500	500	500	500	500	0	
3.2299811242e+02	13	451	8	492	3	8	0	50	500	500	500	500	500	0	
3.2349959223e+02	16	449	5	495	5	9	0	50	500	500	500	500	500	0	
3.2399985110e+02	18	447	8	492	3	6	0	50	500	500	500	500	500	0	
3.2449896515e+02	13	451	13	487	2	6	0	50	500	500	500	500	500	0	
3.2499938722e+02	12	453	2	498	2	3	0	50	500	500	500	500	500	0	
3.2549996448e+02	15	448	4	496	4	7	0	50	500	500	500	500	500	0	
3.2599975635e+02	13	452	14	486	4	4	0	50	500	500	500	500	500	0	
3.2649903241e+02	10	455	8	492	3	4	0	50	500	500	500	500	500	0	
3.2699851835e+02	10	454	8	492	4	7	0	50	500	500	500	500	500	0	
3.2749813622e+02	8	455	13	487	3	5	0	50	500	500	500	500	500	0	
3.2799683496e+02	8	455	10	490	6	6	0	50	500	500	500	500	500	0	
3.2849981794e+02	7	456	10	490	5	5	0	50	500	500	500	500	500	0	
3.2899987430e+02	8	458	12	488	4	7	0	50	500	500	500	500	500	0	
3.2949681532e+02	9	456	11	489	3	11	0	50	500	500	500	500	500	0	
3.2999896431e+02	8	461	4	496	7	7	0	50	500	500	500	500	500	0	
3.3049696668e+02	10	460	10	490	5	6	0	50	500	500	500	500	500	0	
3.3099567461e+02	5	465	11	489	6	5	0	50	500	500	500	500	500	0	
3.3149860223e+02	8	462	8	492	4	5	0	50	500	500	500	500	500	0	
3.3199993943e+02	5	465	9	491	6	4	0	50	500	500	500	500	500	0	
3.3249402259e+02	5	465	7	493	2	5	0	50	500	500	500	500	500	0	
3.3299882113e+02	8	462	10	490	3	3	0	50	500	500	500	500	500	0	
3.3349633409e+02	9	462	14	486	3	2	0	50	500	500	500	500	500	0	
3.3399467246e+02	9	463	7	493	5	6	0	50	500	500	500	500	500	0	
3.3449641467e+02	10	463	11	489	4	1	0	50	500	500	500	500	500	0	
3.3499984645e+02	10	464	8	492	5	5	0	50	500	500	500	500	500	0	
3.3549907409e+02	12	464	9	491	3	6	0	50	500	500	500	500	500	0	
3.3599860167e+02	10	466	7	493	3	7	0	50	500	500	500	500	500	0	
3.3649849629e+02	10	466	10	490	6	1	0	50	500	500	500	500	500	0	
3.3699927062e+02	9	468	7	493	3	8	0	50	500	500	500	500	500	0	
3.3749805791e+02	6	472	10	490	0	5	0	50	500	500	500	500	500	0	
3.3799979971e+02	5	473	11	489	1	7	0	50	500	500	500	500	500	0	
3.3849971061e+02	6	470	9	491	2	5	0	50	500	500	500	500	500	0	
3.3899785341e+02	6	470	12	488	2	7	0	50	500	500	500	500	500	0	
3.3949844910e+02	12	463	15	485	3	6	0	50	500	500	500	500	500	0	
3.3999854984e+02	12	462	12	488	4	2	0	50	500	500	500	500	500	0	
3.4049890431e+02	7	468	5	495	3	4	0	50	500	500	500	500	500	0	
3.4099663640e+02	7	471	4	496	6	5	0	50	500	500	500	500	500	0	
3.4149969342e+02	8	472	7	493	4	2	0	50	500	500	500	500	500	0	
3.4199904608e+02	9	472	14	486	7	7	0	50	500	500	500	500	500	0	
3.4249960052e+02	12	471	7	493	3	9	0	50	500	500	500	500	500	0	
3.4299902064e+02	15	468	14	486	3	6	0	50	500	500	500	500	500	0	
3.4349826738e+02	16	467	13	487	6	9	0	50	500	500	500	500	500	0	
3.4399831293e+02	13	471	13	487	1	3	0	50	500	500	500	500	500	0	
3.4449852624e+02	12	471	8	492	2	4	0	50	500	500	500	500	500	0	
3.4499889006e+02	8	473	4	496	6	3	0	50	500	500	500	500	500	0	
3.4549870922e+02	12	473	10	490	5	4	0	50	500	500	500	500	500	0	
3.4599281722e+02	8	478	4	496	4	4	0	50	500	500	500	500	500	0	
3.4649957366e+02	9	477	9	491	2	4	0	50	500	500	500	500	500	0	
3.4699976098e+02	12	474	10	490	4	4	0	50	500	500	500	500	500	0	
3.4749733504e+02	15	473	10	490	3	6	0	50	500	500	500	500	500	0	
3.4799920502e+02	12	476	6	494	4	2	0	50	500	500	500	500	500	0	
3.4849855599e+02	12	477	6	494	2	8	0	50	500	500	500	500	500	0	
3.4899502614e+02	9	482	9	491	4	5	0	50	500	500	500	500	500	0	
3.4949839767e+02	11	480	7	493	4	4	0	50	500	500	500	500	500	0	
3.4999989424e+02	13	476	15	485	1	4	0	50	500	500	500	500	500	0	
3.5049900078e+02	12	475	13	487	1	2	0	50	500	500	500	500	500	0	
3.5099634558e+02	9	477	9	491	3	2	0	50	500	500	500	500	500	0	
3.5149918748e+02	7	479	10	490	3	5	0	50	500	500	500	500	500	0	
3.5199865827e+02	10	477	10	490	5	9	0	50	500	500	500	500	500	0	
3.5249793585e+02	10	476	8	492	1	7	0	50	500	500	500	500	500	0	
3.5299661424e+02	10	475	13	487	2	4	0	50	500	500	500	500	500	0	
3.5349813158e+02	13	472	4	496	2	8	0	50	500	500	500	500	500	0	
3.5399643351e+02	10	475	12	488	5	6	0	50	500	500	500	500	500	0	
3.5449706578e+02	10	475	7	493	4	9	0	50	500	500	500	500	500	0	
3.5499843719e+02	9	477	6	494	2	6	0	50	500	500	500	500	500	0	
3.5549987602e+02	11	475	4	496	8	7	0	50	500	500	500	500	500	0	
3.5599948949e+02	13	472	11	489	4	3	0	50	500	500	500	500	500	0	
3.5649788776e+02	11	474	9	491	7	4	0	50	500	500	500	500	500	0	
3.5699740636e+02	15	470	14	486	6	7	0	50	500	500	500	500	500	0	
3.5749826460e+02	16	470	8	492	5	5	0	50	500	500	500	500	500	0	
3.5799471277e+02	13	474	5	495	3	5	0	50	500	500	500	500	500	0	
3.5849883895e+02	13	474	2	498	4	8	0	50	500	500	500	500	500	0	
3.5899968306e+02	12	476	10	490	4	5	0	50	500	500	500	500	500	0	
3.5949876460e+02	9	477	13	487	7	1	0	50	500	500	500	500	500	0	
3.5999655225e+02	10	478	8	492	8	4	0	50	500	500	500	500	500	0	
3.6049790126e+02	10	482	7	493	2	6	0	50	500	500	500	500	500	0	
3.6099862878e+02	10	482	9	491	6	7	0	50	500	500	500	500	500	0	
3.6149507770e+02	12	481	9	491	3	3	0	50	500	500	500	500	500	0	
3.6199979132e+02	12	480	7	493	3	7	0	50	500	500	500	500	500	0	
3.6249987122e+02	12	481	11	489	4	1	0	50	500	500	500	500	500	0	
3.6299984034e+02	13	483	12	488	4	3	0	50	500	500	500	500	500	0	
3.6349943867e+02	13	485	7	493	3	0	0	50	500	500	500	500	500	0	
3.6399979834e+02	10	489	7	493	7	4	0	50	500	500	500	500	500	0	
3.6449461792e+02	11	486	11	489	3	6	0	50	500	500	500	500	500	0	
3.6499930300e+02	13	484	12	488	7	5	0	50	500	500	500	500	500	0	
3.6549859736e+02	14	482	12	488	4	7	0	50	500	500	500	500	500	0	
3.6599657572e+02	16	480	8	492	3	4	0	50	500	500	500	500	500	0	
3.6649968736e+02	16	480	10	490	3	5	0	50	500	500	500	500	500	0	
3.6699870920e+02	14	482	10	490	3	7	0	50	500	500	500	500	500	0	
3.6749852451e+02	13	482	10	490	3	4	0	50	500	500	500	500	500	0	
3.6799438055e+02	13	482	9	491	1	5	0	50	500	500	500	500	500	0	
3.6849772597e+02	11	484	10	490	3	6	0	50	500	500	500	500	500	0	
3.6899511760e+02	12	484	15	485	2	7	0	50	500	500	500	500	500	0	
3.6949754355e+02	12	483	10	490	5	4	0	50	500	500	500	500	500	0	
3.6999945338e+02	12	484	6	494	4	9	0	50	500	500	500	500	500	0	
3.7049828404e+02	14	485	9	491	7	6	0	50	500	500	500	500	500	0	
3.7099942120e+02	13	487	3	497	6	2	0	50	500	500	500	500	500	0	
3.7149995824e+02	10	490	7	493	4	5	0	50	500	500	500	500	500	0	
3.7199986242e+02	9	490	11	489	9	3	0	50	500	500	500	500	500	0	
3.7249849002e+02	10	489	4	496	9	10	0	50	500	500	500	500	500	0	
3.7299756200e+02	13	486	8	492	11	3	0	50	500	500	500	500	500	0	
3.7349897519e+02	12	486	7	493	6	7	0	50	500	500	500	500	500	0	
3.7399916018e+02	13	484	11	489	5	7	0	50	500	500	500	500	500	0	
3.7449913223e+02	12	484	12	488	7	8	0	50	500	500	500	500	500	0	
3.7499199593e+02	14	479	8	492	2	6	0	50	500	500	500	500	500	0	
3.7549936244e+02	14	479	11	489	7	7	0	50	500	500	500	500	500	0	
3.7599806789e+02	12	480	8	492	3	5	0	50	500	500	500	500	500	0	
3.7649898544e+02	11	481	10	490	8	4	0	50	500	500	500	500	500	0	
3.7699485462e+02	10	482	7	493	4	2	0	50	500	500	500	500	500	0	
3.7749969500e+02	9	483	13	487	3	6	0	50	500	500	500	500	500	0	
3.7799935638e+02	8	485	7	493	3	6	0	50	500	500	500	500	500	0	
3.7849980516e+02	7	485	15	485	6	6	0	50	500	500	500	500	500	0	
3.7899935353e+02	7	486	10	490	7	1	0	50	500	500	500	500	500	0	
3.7949555683e+02	9	484	10	490	6	5	0	50	500	500	500	500	500	0	
3.7999390200e+02	10	485	7	493	3	4	0	50	500	500	500	500	500	0	
3.8049979636e+02	7	487	7	493	2	7	0	50	500	500	500	500	500	0	
3.8099707331e+02	6	489	6	494	5	5	0	50	500	500	500	500	500	0	
3.8149860904e+02	6	489	10	490	1	4	0	50	500	500	500	500	500	0	
3.8199951276e+02	5	492	4	496	4	5	0	50	500	500	500	500	500	0	
3.8249902450e+02	6	490	8	492	1	8	0	50	500	500	500	500	500	0	
3.8299915786e+02	6	493	6	494	1	3	0	50	500	500	500	500	500	0	
3.8349834912e+02	5	495	5	495	3	4	0	50	500	500	500	500	500	0	
3.8399985441e+02	8	495	9	491	2	6	0	50	500	500	500	500	500	0	
3.8449917658e+02	8	495	4	496	4	9	0	50	500	500	500	500	500	0	
3.8499389531e+02	7	495	12	488	8	5	0	50	500	500	500	500	500	0	
3.8549855718e+02	8	495	6	494	8	4	0	50	500	500	500	500	500	0	
3.8599978448e+02	12	492	8	492	6	8	0	50	500	500	500	500	500	0	
3.8649913059e+02	10	495	10	490	8	4	0	50	500	500	500	500	500	0	
3.8699990029e+02	13	491	7	493	3	8	0	50	500	500	500	500	500	0	
3.8749925074e+02	16	488	6	494	3	3	0	50	500	500	500	500	500	0	
3.8799872013e+02	13	491	9	491	3	9	0	50	500	500	500	500	500	0	
3.8849984743e+02	15	490	10	490	6	8	0	50	500	500	500	500	500	0	
3.8899970428e+02	13	492	9	491	6	6	0	50	500	500	500	500	500	0	
3.8949948744e+02	15	489	5	495	2	4	0	50	500	500	500	500	500	0	
3.8999965425e+02	18	487	11	489	2	4	0	50	500	500	500	500	500	0	
3.9049511483e+02	17	489	8	492	3	4	0	50	500	500	500	500	500	0	
3.9099972337e+02	13	492	6	494	3	8	0	50	500	500	500	500	500	0	
3.9149956186e+02	12	492	4	496	3	6	0	50	500	500	500	500	500	0	
3.9199756229e+02	11	493	7	493	7	9	0	50	500	500	500	500	500	0	
3.9249998850e+02	16	488	10	490	8	14	0	50	500	500	500	500	500	0	
3.9299873800e+02	14	493	7	493	2	4	0	50	500	500	500	500	500	0	
3.9349771751e+02	9	499	5	495	5	4	0	50	500	500	500	500	500	0	
3.9399973909e+02	9	498	9	491	3	2	0	50	500	500	500	500	500	0	
3.9449858048e+02	9	497	4	496	2	2	0	50	500	500	500	500	500	0	
3.9499966172e+02	5	502	15	485	4	0	0	50	500	500	500	500	500	0	
3.9549834337e+02	5	503	6	494	3	3	0	50	500	500	500	500	500	0	
3.9599994608e+02	7	501	11	489	6	6	0	50	500	500	500	500	500	0	
3.9649648867e+02	7	501	14	486	5	8	0	50	500	500	500	500	500	0	
3.9699927032e+02	9	498	11	489	5	3	0	50	500	500	500	500	500	0	
3.9749962784e+02	12	496	5	495	3	6	0	50	500	500	500	500	500	0	
3.9799766224e+02	13	495	9	491	7	3	0	50	500	500	500	500	500	0	
3.9849986020e+02	13	499	6	494	3	6	0	50	500	500	500	500	500	0	
3.9899962260e+02	11	500	16	484	3	11	0	50	500	500	500	500	500	0	
3.9949781988e+02	9	501	2	498	4	3	0	50	500	500	500	500	500	0	
3.9999941891e+02	10	503	6	494	4	11	0	50	500	500	500	500	500	0	
4.0049305549e+02	11	502	5	495	3	9	0	50	500	500	500	500	500	0	
4.0099910737e+02	13	501	4	496	6	5	0	50	500	500	500	500	500	0	
4.0149616400e+02	13	501	7	493	3	10	0	50	500	500	500	500	500	0	
4.0199963343e+02	10	504	7	493	1	8	0	50	500	500	500	500	500	0	
4.0249935374e+02	6	508	10	490	4	7	0	50	500	500	500	500	500	0	
4.0299914648e+02	10	504	12	488	7	10	0	50	500	500	500	500	500	0	
4.0349837469e+02	13	504	7	493	5	3	0	50	500	500	500	500	500	0	
4.0399656564e+02	10	508	3	497	3	3	0	50	500	500	500	500	500	0	
4.0449921671e+02	8	510	5	495	3	10	0	50	500	500	500	500	500	0	
4.0499344011e+02	8	512	6	494	4	7	0	50	500	500	500	500	500	0	
4.0549684136e+02	11	507	9	491	5	9	0	50	500	500	500	500	500	0	
4.0599875641e+02	13	506	5	495	6	7	0	50	500	500	500	500	500	0	
4.0649826249e+02	12	508	9	491	4	7	0	50	500	500	500	500	500	0	
4.0699894509e+02	11	510	8	492	2	5	0	50	500	500	500	500	500	0	
4.0749963146e+02	8	513	6	494	3	6	0	50	500	500	500	500	500	0	
4.0799855619e+02	6	517	9	491	3	7	0	50	500	500	500	500	500	0	
4.0849566375e+02	9	515	7	493	3	4	0	50	500	500	500	500	500	0	
4.0899764918e+02	10	516	4	496	2	3	0	50	500	500	500	500	500	0	
4.0949820580e+02	12	514	5	495	2	7	0	50	500	500	500	500	500	0	
4.0999354865e+02	10	517	7	493	2	8	0	50	500	500	500	500	500	0	
4.1049874906e+02	12	517	3	497	4	3	0	50	500	500	500	500	500	0	
4.1099837491e+02	13	515	4	496	8	4	0	50	500	500	500	500	500	0	
4.1149906865e+02	12	516	8	492	4	4	0	50	500	500	500	500	500	0	
4.1199830581e+02	14	516	6	494	6	3	0	50	500	500	500	500	500	0	
4.1249631837e+02	13	517	7	493	6	5	0	50	500	500	500	500	500	0	
4.1299889000e+02	13	520	7	493	8	4	0	50	500	500	500	500	500	0	
4.1349957690e+02	10	524	6	494	3	4	0	50	500	500	500	500	500	0	
4.1399933062e+02	9	527	11	489	5	6	0	50	500	500	500	500	500	0	
4.1449948734e+02	8	528	7	493	5	5	0	50	500	500	500	500	500	0	
4.1499978684e+02	10	528	9	491	7	6	0	50	500	500	500	500	500	0	
4.1549877391e+02	8	530	1	499	4	5	0	50	500	500	500	500	500	0	
4.1599860764e+02	5	535	6	494	1	6	0	50	500	500	500	500	500	0	
4.1649879287e+02	6	534	10	490	3	6	0	50	500	500	500	500	500	0	
4.1699754673e+02	7	531	11	489	6	7	0	50	500	500	500	500	500	0	
4.1749946647e+02	9	531	11	489	5	8	0	50	500	500	500	500	500	0	
4.1799717146e+02	13	527	8	492	3	5	0	50	500	500	500	500	500	0	
4.1849754150e+02	13	526	13	487	3	7	0	50	500	500	500	500	500	0	
4.1899938305e+02	13	527	13	487	6	8	0	50	500	500	500	500	500	0	
4.1949934367e+02	17	523	16	484	6	6	0	50	500	500	500	500	500	0	
4.1999885661e+02	18	523	10	490	1	12	0	50	500	500	500	500	500	0	
4.2049948808e+02	19	521	11	489	5	5	0	50	500	500	500	500	500	0	
4.2099538041e+02	18	523	10	490	5	4	0	50	500	500	500	500	500	0	
4.2149837612e+02	18	523	8	492	5	6	0	50	500	500	500	500	500	0	
4.2199972886e+02	18	524	8	492	5	11	0	50	500	500	500	500	500	0	
4.2249860547e+02	19	522	11	489	4	8	0	50	500	500	500	500	500	0	
4.2299966642e+02	18	523	11	489	9	8	0	50	500	500	500	500	500	0	
4.2349252620e+02	15	530	5	495	5	6	0	50	500	500	500	500	500	0	
4.2399752893e+02	12	534	6	494	4	5	0	50	500	500	500	500	500	0	
4.2449904120e+02	13	535	3	497	6	5	0	50	500	500	500	500	500	0	
4.2499872161e+02	14	534	4	496	5	8	0	50	500	500	500	500	500	0	
4.2549629939e+02	14	533	8	492	3	6	0	50	500	500	500	500	500	0	
4.2599969722e+02	14	533	9	491	3	5	0	50	500	500	500	500	500	0	
4.2649852053e+02	13	538	6	494	3	11	0	50	500	500	500	500	500	0	
4.2699892035e+02	11	544	3	497	4	6	0	50	500	500	500	500	500	0	
4.2749794207e+02	12	543	6	494	3	5	0	50	500	500	500	500	500	0	
4.2799917274e+02	14	541	7	493	3	4	0	50	500	500	500	500	500	0	
4.2849979966e+02	16	539	3	497	5	3	0	50	500	500	500	500	500	0	
4.2899981204e+02	14	542	10	490	4	9	0	50	500	500	500	500	500	0	
4.2949891794e+02	11	546	11	489	4	8	0	50	500	500	500	500	500	0	
4.2999995032e+02	12	544	4	496	5	7	0	50	500	500	500	500	500	0	
4.3049812254e+02	11	543	6	494	6	8	0	50	500	500	500	500	500	0	
4.3099852571e+02	5	549	3	497	3	1	0	50	500	500	500	500	500	0	
4.3149697364e+02	6	548	4	496	1	3	0	50	500	500	500	500	500	0	
4.3199818271e+02	6	549	10	490	3	1	0	50	500	500	500	500	500	0	
4.3249938783e+02	6	549	7	493	6	3	0	50	500	500	500	500	500	0	
4.3299836306e+02	8	547	8	492	4	6	0	50	500	500	500	500	500	0	
4.3349959387e+02	8	547	1	499	2	7	0	50	500	500	500	500	500	0	
4.3399548165e+02	6	548	19	481	3	5	0	50	500	500	500	500	500	0	
4.3449734758e+02	6	549	13	487	3	5	0	50	500	500	500	500	500	0	
4.3499964131e+02	9	547	8	492	6	8	0	50	500	500	500	500	500	0	
4.3549979367e+02	7	550	9	491	3	7	0	50	500	500	500	500	500	0	
4.3599913760e+02	13	545	10	490	4	13	0	50	500	500	500	500	500	0	
4.3649999962e+02	15	540	8	492	5	6	0	50	500	500	500	500	500	0	
4.3699903618e+02	13	543	7	493	2	8	0	50	500	500	500	500	500	0	
4.3749885613e+02	13	542	9	491	4	4	0	50	500	500	500	500	500	0	
4.3799433323e+02	12	544	7	493	6	4	0	50	500	500	500	500	500	0	
4.3849898846e+02	12	543	3	497	8	6	0	50	500	500	500	500	500	0	
4.3899766382e+02	10	546	5	495	10	10	0	50	500	500	500	500	500	0	
4.3949953159e+02	9	546	9	491	7	8	0	50	500	500	500	500	500	0	
4.3999948748e+02	7	547	6	494	5	6	0	50	500	500	500	500	500	0	
4.4049694610e+02	8	547	5	495	3	8	0	50	500	500	500	500	500	0	
4.4099958029e+02	10	545	6	494	4	2	0	50	500	500	500	500	500	0	
4.4149959187e+02	10	546	10	490	8	4	0	50	500	500	500	500	500	0	
4.4199971256e+02	11	546	4	496	6	6	0	50	500	500	500	500	500	0	
4.4249951444e+02	13	543	6	494	6	5	0	50	500	500	500	500	500	0	
4.4299916149e+02	14	544	4	496	5	9	0	50	500	500	500	500	500	0	
4.4349709391e+02	17	540	4	496	2	7	0	50	500	500	500	500	500	0	
4.4399660989e+02	18	538	13	487	2	4	0	50	500	500	500	500	500	0	
4.4449977511e+02	15	542	9	491	3	8	0	50	500	500	500	500	500	0	
4.4499918459e+02	15	542	7	493	7	9	0	50	500	500	500	500	500	0	
4.4549994929e+02	11	548	7	493	4	11	0	50	500	500	500	500	500	0	
4.4599708084e+02	12	548	6	494	6	3	0	50	500	500	500	500	500	0	
4.4649663276e+02	9	550	9	491	4	3	0	50	500	500	500	500	500	0	
4.4699756053e+02	10	549	7	493	6	6	0	50	500	500	500	500	500	0	
4.4749749071e+02	11	549	7	493	7	8	0	50	500	500	500	500	500	0	
4.4799837382e+02	10	550	5	495	9	3	0	50	500	500	500	500	500	0	
4.4849485773e+02	11	548	9	491	5	3	0	50	500	500	500	500	500	0	
4.4899991613e+02	12	546	7	493	2	4	0	50	500	500	500	500	500	0	
4.4949925499e+02	16	542	5	495	6	4	0	50	500	500	500	500	500	0	
4.4999978518e+02	12	546	5	495	9	3	0	50	500	500	500	500	500	0	
4.5049914013e+02	15	543	10	490	3	5	0	50	500	500	500	500	500	0	
4.5099929853e+02	20	537	5	495	3	10	0	50	500	500	500	500	500	0	
4.5149590580e+02	16	540	7	493	4	2	0	50	500	500	500	500	500	0	
4.5199780270e+02	16	540	5	495	3	5	0	50	500	500	500	500	500	0	
4.5249998600e+02	17	538	2	498	5	5	0	50	500	500	500	500	500	0	
4.5299810403e+02	14	543	5	495	5	7	0	50	500	500	500	500	500	0	
4.5349918471e+02	13	543	11	489	6	8	0	50	500	500	500	500	500	0	
4.5399887425e+02	12	542	7	493	2	11	0	50	500	500	500	500	500	0	
4.5449967907e+02	13	541	8	492	8	4	0	50	500	500	500	500	500	0	
4.5499989914e+02	14	542	3	497	3	3	0	50	500	500	500	500	500	0	
4.5549961689e+02	11	547	10	490	2	7	0	50	500	500	500	500	500	0	
4.5599604000e+02	10	548	9	491	2	5	0	50	500	500	500	500	500	0	
4.5649572514e+02	9	551	6	494	5	3	0	50	500	500	500	500	500	0	
4.5699815441e+02	13	548	6	494	4	7	0	50	500	500	500	500	500	0	
4.5749889130e+02	15	545	8	492	1	8	0	50	500	500	500	500	500	0	
4.5799763440e+02	18	542	4	496	3	6	0	50	500	500	500	500	500	0	
4.5849782751e+02	19	542	8	492	5	8	0	50	500	500	500	500	500	0	
4.5899830013e+02	20	541	6	494	6	4	0	50	500	500	500	500	500	0	
4.5949792472e+02	16	543	12	488	2	6	0	50	500	500	500	500	500	0	
4.5999406534e+02	11	549	1	499	5	5	0	50	500	500	500	500	500	0	
4.6049905517e+02	12	548	4	496	5	3	0	50	500	500	500	500	500	0	
4.6099700891e+02	15	546	8	492	4	8	0	50	500	500	500	500	500	0	
4.6149863637e+02	18	543	7	493	8	9	0	50	500	500	500	500	500	0	
4.6199903091e+02	15	547	6	494	7	7	0	50	500	500	500	500	500	0	
4.6249966357e+02	12	550	6	494	4	6	0	50	500	500	500	500	500	0	
4.6299880264e+02	12	549	8	492	3	12	0	50	500	500	500	500	500	0	
4.6349913900e+02	11	553	9	491	6	10	0	50	500	500	500	500	500	0	
4.6399972166e+02	15	551	4	496	8	5	0	50	500	500	500	500	500	0	
4.6449963755e+02	16	548	6	494	7	1	0	50	500	500	500	500	500	0	
4.6499910847e+02	16	551	3	497	4	3	0	50	500	500	500	500	500	0	
4.6549855917e+02	15	552	6	494	1	7	0	50	500	500	500	500	500	0	
4.6599767484e+02	15	553	12	488	5	4	0	50	500	500	500	500	500	0	
4.6649977617e+02	18	550	3	497	3	5	0	50	500	500	500	500	500	0	
4.6699945142e+02	17	553	7	493	3	7	0	50	500	500	500	500	500	0	
4.6749857385e+02	12	558	8	492	7	5	0	50	500	500	500	500	500	0	
4.6799973454e+02	14	555	7	493	7	7	0	50	500	500	500	500	500	0	
4.6849441015e+02	16	556	11	489	1	11	0	50	500	500	500	500	500	0	
4.6899967550e+02	13	562	7	493	2	2	0	50	500	500	500	500	500	0	
4.6949559068e+02	10	566	6	494	1	4	0	50	500	500	500	500	500	0	
4.6999878481e+02	10	567	2	498	3	4	0	50	500	500	500	500	500	0	
4.7049500599e+02	11	565	8	492	5	6	0	50	500	500	500	500	500	0	
4.7099896500e+02	7	566	7	493	5	4	0	50	500	500	500	500	500	0	
4.7149827288e+02	8	565	7	493	6	8	0	50	500	500	500	500	500	0	
4.7199957035e+02	9	566	8	492	3	9	0	50	500	500	500	500	500	0	
4.7249900678e+02	9	567	10	490	6	4	0	50	500	500	500	500	500	0	
4.7299615164e+02	10	567	3	497	3	6	0	50	500	500	500	500	500	0	
4.7349884213e+02	9	570	10	490	6	2	0	50	500	500	500	500	500	0	
4.7399898897e+02	12	566	8	492	5	5	0	50	500	500	500	500	500	0	
4.7449931059e+02	9	568	6	494	4	6	0	50	500	500	500	500	500	0	
4.7499832715e+02	8	568	7	493	5	4	0	50	500	500	500	500	500	0	
4.7549969569e+02	9	566	8	492	6	6	0	50	500	500	500	500	500	0	
4.7599881010e+02	10	566	10	490	5	6	0	50	500	500	500	500	500	0	
4.7649744943e+02	10	566	6	494	2	11	0	50	500	500	500	500	500	0	
4.7699980163e+02	8	568	9	491	8	5	0	50	500	500	500	500	500	0	
4.7749996885e+02	10	567	6	494	7	1	0	50	500	500	500	500	500	0	
4.7799944356e+02	8	569	8	492	2	8	0	50	500	500	500	500	500	0	
4.7849825362e+02	9	570	3	497	6	4	0	50	500	500	500	500	500	0	
4.7899976079e+02	12	566	6	494	6	2	0	50	500	500	500	500	500	0	
4.7949867119e+02	11	567	6	494	6	5	0	50	500	500	500	500	500	0	
4.7999695515e+02	12	564	7	493	8	2	0	50	500	500	500	500	500	0	
4.8049762555e+02	13	564	8	492	6	4	0	50	500	500	500	500	500	0	
4.8099817680e+02	11	567	8	492	2	1	0	50	500	500	500	500	500	0	
4.8149574866e+02	12	566	1	499	3	5	0	50	500	500	500	500	500	0	
4.8199922102e+02	11	567	3	497	4	3	0	50	500	500	500	500	500	0	
4.8249499448e+02	11	568	8	492	5	3	0	50	500	500	500	500	500	0	
4.8299745147e+02	11	564	8	492	4	5	0	50	500	500	500	500	500	0	
4.8349732069e+02	10	566	6	494	3	7	0	50	500	500	500	500	500	0	
4.8399531672e+02	10	565	6	494	5	6	0	50	500	500	500	500	500	0	
4.8449821732e+02	7	568	4	496	4	4	0	50	500	500	500	500	500	0	
4.8499971145e+02	10	567	12	488	6	7	0	50	500	500	500	500	500	0	
4.8549946148e+02	10	567	10	490	8	8	0	50	500	500	500	500	500	0	
4.8599891074e+02	11	566	9	491	7	2	0	50	500	500	500	500	500	0	
4.8649950837e+02	11	566	11	489	4	8	0	50	500	500	500	500	500	0	
4.8699925482e+02	7	570	6	494	3	6	0	50	500	500	500	500	500	0	
4.8749838317e+02	7	572	6	494	3	3	0	50	500	500	500	500	500	0	
4.8799805938e+02	7	571	11	489	5	6	0	50	500	500	500	500	500	0	
4.8849987232e+02	11	568	3	497	5	6	0	50	500	500	500	500	500	0	
4.8899881586e+02	10	570	9	491	3	5	0	50	500	500	500	500	500	0	
4.8949866600e+02	10	571	10	490	8	9	0	50	500	500	500	500	500	0	
4.8999918045e+02	10	573	10	490	4	7	0	50	500	500	500	500	500	0	
4.9049395223e+02	12	569	7	493	6	6	0	50	500	500	500	500	500	0	
4.9099918958e+02	12	571	7	493	4	8	0	50	500	500	500	500	500	0	
4.9149972798e+02	13	570	7	493	1	5	0	50	500	500	500	500	500	0	
4.9199834038e+02	12	571	5	495	2	6	0	50	500	500	500	500	500	0	
4.9249871772e+02	15	568	6	494	7	5	0	50	500	500	500	500	500	0	
4.9299830674e+02	13	572	6	494	6	4	0	50	500	500	500	500	500	0	
4.9349926162e+02	13	572	8	492	1	4	0	50	500	500	500	500	500	0	
4.9399431983e+02	17	570	3	497	3	9	0	50	500	500	500	500	500	0	
4.9449854918e+02	17	571	4	496	2	7	0	50	500	500	500	500	500	0	
4.9499994439e+02	18	573	3	497	4	8	0	50	500	500	500	500	500	0	
4.9549964709e+02	15	577	6	494	9	4	0	50	500	500	500	500	500	0	
4.9599931560e+02	17	573	3	497	9	5	0	50	500	500	500	500	500	0	
4.9649957742e+02	17	573	5	495	7	6	0	50	500	500	500	500	500	0	
4.9699990693e+02	15	575	7	493	3	6	0	50	500	500	500	500	500	0	
4.9749978201e+02	11	579	9	491	3	2	0	50	500	500	500	500	500	0	
4.9799856717e+02	11	580	10	490	4	4	0	50	500	500	500	500	500	0	
4.9849706794e+02	10	580	7	493	1	4	0	50	500	500	500	500	500	0	
4.9899809086e+02	10	581	7	493	4	5	0	50	500	500	500	500	500	0	
4.9949431099e+02	8	583	8	492	4	3	0	50	500	500	500	500	500	0	
4.9999939204e+02	7	583	6	494	0	2	0	50	500	500	500	500	500	0	
5.0000170343e+02	7	583	5	495	0	2	0	50	500	500	500	500	500	0	
