0.0000000000e+00	0	0	500	0	0	0	0	50	500	500	0	500	500	0	
4.8398357805e-01	0	2	499	1	1	2	0	50	500	500	0	500	500	0	
9.9544455162e-01	0	3	498	2	1	3	0	50	500	500	0	500	500	0	
1.4904611054e+00	0	3	496	4	3	6	0	50	500	500	0	500	500	0	
1.9979361440e+00	0	5	500	0	1	6	0	50	500	500	0	500	500	0	
2.4954398264e+00	0	5	498	2	1	9	0	50	500	500	0	500	500	0	
2.9979723831e+00	0	6	493	7	0	15	0	50	500	500	0	500	500	0	
3.4990681276e+00	1	5	487	13	7	6	0	50	500	500	0	500	500	0	
3.9993644971e+00	1	5	492	8	1	7	0	50	500	500	0	500	500	0	
4.4797004896e+00	1	6	491	9	2	5	0	50	500	500	0	500	500	0	
4.9999639680e+00	1	6	491	9	4	9	0	50	500	500	0	500	500	0	
5.4972340959e+00	1	7	494	6	1	7	0	50	500	500	0	500	500	0	
5.9827471660e+00	2	7	491	9	3	12	0	50	500	500	0	500	500	0	
6.4887382827e+00	2	8	492	8	1	9	0	50	500	500	0	500	500	0	
6.9962490130e+00	2	9	495	5	3	13	0	50	500	500	0	500	500	0	
7.4907709922e+00	3	10	494	6	1	7	0	50	500	500	0	500	500	0	
7.9973326261e+00	3	12	494	6	2	9	0	50	500	500	0	500	500	0	
8.4882816392e+00	3	13	489	11	2	12	0	50	500	500	0	500	500	0	
8.9982084708e+00	3	13	484	16	5	6	0	50	500	500	0	500	500	0	
9.4881038383e+00	3	13	483	17	3	10	0	50	500	500	0	500	500	0	
9.9972740499e+00	3	14	483	17	1	9	0	50	500	500	0	500	500	0	
1.0480240480e+01	3	14	484	16	2	6	0	50	500	500	0	500	500	0	
1.0992849138e+01	3	15	490	10	3	10	0	50	500	500	0	500	500	0	
1.1488805146e+01	3	17	486	14	5	7	0	50	500	500	0	500	500	0	
1.1999331617e+01	4	16	482	18	4	11	0	50	500	500	0	500	500	0	
1.2496595716e+01	4	17	479	21	1	8	0	50	500	500	0	500	500	0	
1.2997598154e+01	4	17	475	25	4	5	0	50	500	500	0	500	500	0	
1.3498898651e+01	5	16	479	21	3	7	0	50	500	500	0	500	500	0	
1.3978311357e+01	5	17	477	23	1	7	0	50	500	500	0	500	500	0	
1.4472711873e+01	5	17	480	20	3	9	0	50	500	500	0	500	500	0	
1.4996916132e+01	5	17	479	21	5	8	0	50	500	500	0	500	500	0	
1.5496933818e+01	5	17	477	23	5	9	0	50	500	500	0	500	500	0	
1.5993871822e+01	6	15	477	23	5	7	0	50	500	500	0	500	500	0	
1.6486752954e+01	6	16	478	22	4	6	0	50	500	500	0	500	500	0	
1.6986260882e+01	6	17	476	24	1	7	0	50	500	500	0	500	500	0	
1.7497837254e+01	6	17	483	17	1	10	0	50	500	500	0	500	500	0	
1.7995994483e+01	6	17	479	21	3	12	0	50	500	500	0	500	500	0	
1.8494389487e+01	6	18	480	20	2	6	0	50	500	500	0	500	500	0	
1.8999739898e+01	6	18	474	26	6	8	0	50	500	500	0	500	500	0	
1.9497340161e+01	6	19	473	27	5	8	0	50	500	500	0	500	500	0	
1.9995993952e+01	6	20	475	25	2	5	0	50	500	500	0	500	500	0	
2.0498940771e+01	6	21	475	25	3	7	0	50	500	500	0	500	500	0	
2.0991637190e+01	6	21	472	28	0	7	0	50	500	500	0	500	500	0	
2.1498869791e+01	6	21	473	27	3	11	0	50	500	500	0	500	500	0	
2.1999556946e+01	6	22	475	25	2	11	0	50	500	500	0	500	500	0	
2.2497551568e+01	6	22	479	21	2	9	0	50	500	500	0	500	500	0	
2.2995752697e+01	6	22	466	34	2	3	0	50	500	500	0	500	500	0	
2.3497647614e+01	6	23	458	42	2	4	0	50	500	500	0	500	500	0	
2.3997781780e+01	6	23	459	41	2	8	0	50	500	500	0	500	500	0	
2.4497178033e+01	7	22	470	30	4	7	0	50	500	500	0	500	500	0	
2.4997452462e+01	7	22	470	30	2	8	0	50	500	500	0	500	500	0	
2.5493784648e+01	7	25	472	28	2	3	0	50	500	500	0	500	500	0	
2.5989138272e+01	7	26	457	43	1	5	0	50	500	500	0	500	500	0	
2.6494508477e+01	7	27	455	45	4	4	0	50	500	500	0	500	500	0	
2.6999206628e+01	7	28	464	36	6	9	0	50	500	500	0	500	500	0	
2.7485579038e+01	7	28	453	47	3	5	0	50	500	500	0	500	500	0	
2.7996451710e+01	7	30	448	52	1	8	0	50	500	500	0	500	500	0	
2.8497812239e+01	7	31	448	52	2	5	0	50	500	500	0	500	500	0	
2.8991037781e+01	7	33	434	66	2	5	0	50	500	500	0	500	500	0	
2.9498795564e+01	8	33	421	79	2	8	0	50	500	500	0	500	500	0	
2.9996847445e+01	9	34	414	86	3	7	0	50	500	500	0	500	500	0	
3.0490298234e+01	8	35	410	90	2	4	0	50	500	500	0	500	500	0	
3.0997712362e+01	7	36	409	91	2	4	0	50	500	500	0	500	500	0	
3.1499919868e+01	6	37	423	77	2	12	0	50	500	500	0	500	500	0	
3.1998012564e+01	5	39	429	71	2	11	0	50	500	500	0	500	500	0	
3.2499763034e+01	6	38	438	62	3	9	0	50	500	500	0	500	500	0	
3.2996238864e+01	8	36	434	66	7	6	0	50	500	500	0	500	500	0	
3.3494972262e+01	7	38	433	67	2	11	0	50	500	500	0	500	500	0	
3.3993378453e+01	7	38	442	58	2	7	0	50	500	500	0	500	500	0	
3.4498884477e+01	7	40	434	66	4	6	0	50	500	500	0	500	500	0	
3.4996596022e+01	7	40	434	66	4	3	0	50	500	500	0	500	500	0	
3.5499250000e+01	6	41	423	77	4	6	0	50	500	500	0	500	500	0	
3.5999141838e+01	6	43	420	80	4	10	0	50	500	500	0	500	500	0	
3.6482434607e+01	7	44	412	88	1	5	0	50	500	500	0	500	500	0	
3.6999630285e+01	6	46	394	106	6	6	0	50	500	500	0	500	500	0	
3.7497389338e+01	9	44	382	118	5	9	0	50	500	500	0	500	500	0	
3.7998977688e+01	7	48	366	134	2	4	0	50	500	500	0	500	500	0	
3.8498576430e+01	7	49	359	141	1	10	0	50	500	500	0	500	500	0	
3.8980199520e+01	8	50	351	149	3	10	0	50	500	500	0	500	500	0	
3.9499636451e+01	8	51	338	162	1	9	0	50	500	500	0	500	500	0	
3.9999650173e+01	9	51	331	169	1	10	0	50	500	500	0	500	500	0	
4.0495938822e+01	10	50	332	168	8	1	0	50	500	500	0	500	500	0	
4.0998533242e+01	10	51	320	180	3	6	0	50	500	500	0	500	500	0	
4.1498437361e+01	9	54	321	179	2	9	0	50	500	500	0	500	500	0	
4.1998073141e+01	9	55	320	180	4	5	0	50	500	500	0	500	500	0	
4.2497200540e+01	9	55	313	187	1	2	0	50	500	500	0	500	500	0	
4.2999457620e+01	9	56	294	206	3	3	0	50	500	500	0	500	500	0	
4.3499132127e+01	9	58	299	201	1	9	0	50	500	500	0	500	500	0	
4.3996390703e+01	8	59	290	210	0	10	0	50	500	500	0	500	500	0	
4.4498697581e+01	7	64	265	235	4	10	0	50	500	500	0	500	500	0	
4.4995916179e+01	9	64	250	250	1	11	0	50	500	500	0	500	500	0	
4.5499128049e+01	9	65	245	255	1	5	0	50	500	500	0	500	500	0	
4.5999259566e+01	9	67	221	279	2	11	0	50	500	500	0	500	500	0	
4.6493662637e+01	8	68	204	296	3	5	0	50	500	500	0	500	500	0	
4.6999789134e+01	7	69	210	290	1	5	0	50	500	500	0	500	500	0	
4.7497241819e+01	7	70	199	301	4	4	0	50	500	500	0	500	500	0	
4.7991532554e+01	6	71	196	304	1	5	0	50	500	500	0	500	500	0	
4.8492673922e+01	7	70	176	324	3	4	0	50	500	500	0	500	500	0	
4.8998499255e+01	7	70	182	318	4	4	0	50	500	500	0	500	500	0	
4.9495692519e+01	5	73	154	346	4	11	0	50	500	500	0	500	500	0	
4.9998392839e+01	5	73	154	346	4	6	0	50	500	500	0	500	500	0	
5.0497448037e+01	5	74	144	356	3	3	0	50	500	500	0	500	500	0	
5.0999661100e+01	6	73	137	363	5	3	0	50	500	500	0	500	500	0	
5.1495871227e+01	6	73	138	362	2	5	0	50	500	500	0	500	500	0	
5.1993760834e+01	6	73	141	359	2	3	0	50	500	500	0	500	500	0	
5.2499471137e+01	4	76	133	367	1	9	0	50	500	500	0	500	500	0	
5.2998547089e+01	4	77	132	368	2	7	0	50	500	500	0	500	500	0	
5.3499005415e+01	5	76	111	389	5	12	0	50	500	500	0	500	500	0	
5.3994734638e+01	5	78	97	403	4	8	0	50	500	500	0	500	500	0	
5.4495528630e+01	5	77	87	413	5	2	0	50	500	500	0	500	500	0	
5.4998955988e+01	5	78	68	432	1	4	0	50	500	500	0	500	500	0	
5.5494097242e+01	3	81	67	433	1	3	0	50	500	500	0	500	500	0	
5.5994824746e+01	3	81	70	430	4	4	0	50	500	500	0	500	500	0	
5.6498028903e+01	3	81	54	446	4	5	0	50	500	500	0	500	500	0	
5.6989072071e+01	2	83	62	438	5	7	0	50	500	500	0	500	500	0	
5.7499806125e+01	3	84	65	435	5	10	0	50	500	500	0	500	500	0	
5.7998482089e+01	3	87	64	436	5	8	0	50	500	500	0	500	500	0	
5.8499033378e+01	3	87	65	435	5	10	0	50	500	500	0	500	500	0	
5.8996725351e+01	3	88	60	440	7	9	0	50	500	500	0	500	500	0	
5.9498127815e+01	2	90	52	448	5	13	0	50	500	500	0	500	500	0	
5.9999698465e+01	3	91	58	442	5	16	0	50	500	500	0	500	500	0	
6.0498441930e+01	3	92	55	445	8	11	0	50	500	500	0	500	500	0	
6.0996461665e+01	2	94	48	452	3	10	0	50	500	500	0	500	500	0	
6.1497305174e+01	3	93	43	457	3	4	0	50	500	500	0	500	500	0	
6.1996650758e+01	3	93	44	456	5	9	0	50	500	500	0	500	500	0	
6.2499528381e+01	3	93	42	458	6	5	0	50	500	500	0	500	500	0	
6.2988747999e+01	6	90	52	448	3	5	0	50	500	500	0	500	500	0	
6.3488557043e+01	6	90	57	443	5	7	0	50	500	500	0	500	500	0	
6.3997947692e+01	4	92	56	444	3	1	0	50	500	500	0	500	500	0	
6.4498605908e+01	4	93	53	447	2	11	0	50	500	500	0	500	500	0	
6.4998030925e+01	6	90	47	453	4	4	0	50	500	500	0	500	500	0	
6.5498611478e+01	4	93	47	453	3	7	0	50	500	500	0	500	500	0	
6.5986746672e+01	3	94	37	463	1	4	0	50	500	500	0	500	500	0	
6.6485987021e+01	2	98	54	446	0	4	0	50	500	500	0	500	500	0	
6.6996342277e+01	5	95	42	458	1	4	0	50	500	500	0	500	500	0	
6.7495283556e+01	4	95	34	466	1	1	0	50	500	500	0	500	500	0	
6.7998837381e+01	4	95	47	453	3	5	0	50	500	500	0	500	500	0	
6.8494046127e+01	3	96	43	457	4	7	0	50	500	500	0	500	500	0	
6.8999584514e+01	3	97	35	465	4	5	0	50	500	500	0	500	500	0	
6.9499493005e+01	3	99	30	470	0	6	0	50	500	500	0	500	500	0	
6.9997119668e+01	2	100	46	454	3	8	0	50	500	500	0	500	500	0	
7.0493110204e+01	0	103	44	456	5	9	0	50	500	500	0	500	500	0	
7.0999884441e+01	1	103	51	449	5	7	0	50	500	500	0	500	500	0	
7.1499388070e+01	1	104	56	444	2	9	0	50	500	500	0	500	500	0	
7.1991348756e+01	0	106	49	451	3	6	0	50	500	500	0	500	500	0	
7.2499380234e+01	1	105	42	458	0	11	0	50	500	500	0	500	500	0	
7.2996908676e+01	2	105	40	460	6	8	0	50	500	500	0	500	500	0	
7.3497209855e+01	1	106	41	459	3	7	0	50	500	500	0	500	500	0	
7.3999026744e+01	1	107	31	469	8	5	0	50	500	500	0	500	500	0	
7.4498701333e+01	3	107	34	466	5	8	0	50	500	500	0	500	500	0	
7.4998896302e+01	5	106	41	459	4	12	0	50	500	500	0	500	500	0	
7.5497487114e+01	7	104	30	470	3	13	0	50	500	500	0	500	500	0	
7.5997869338e+01	5	110	21	479	5	9	0	50	500	500	0	500	500	0	
7.6499267353e+01	5	112	32	468	3	8	0	50	500	500	0	500	500	0	
7.6996173005e+01	6	111	33	467	7	13	0	50	500	500	0	500	500	0	
7.7497348194e+01	5	112	32	468	9	6	0	50	500	500	0	500	500	0	
7.7998003328e+01	4	113	45	455	8	9	0	50	500	500	0	500	500	0	
7.8495846082e+01	5	112	38	462	5	7	0	50	500	500	0	500	500	0	
7.8999415082e+01	4	113	33	467	8	7	0	50	500	500	0	500	500	0	
7.9497821303e+01	2	117	19	481	6	4	0	50	500	500	0	500	500	0	
7.9999687520e+01	3	116	22	478	7	8	0	50	500	500	0	500	500	0	
8.0499975003e+01	5	117	40	460	1	7	0	50	500	500	0	500	500	0	
8.0999642844e+01	5	118	32	468	1	9	0	50	500	500	0	500	500	0	
8.1499445626e+01	4	120	28	472	4	15	0	50	500	500	0	500	500	0	
8.1998057354e+01	5	120	24	476	4	7	0	50	500	500	0	500	500	0	
8.2498399737e+01	5	123	29	471	3	3	0	50	500	500	0	500	500	0	
8.2999947736e+01	2	127	38	462	3	4	0	50	500	500	0	500	500	0	
8.3486916898e+01	1	128	33	467	2	9	0	50	500	500	0	500	500	0	
8.3994475033e+01	4	126	34	466	6	4	0	50	500	500	0	500	500	0	
8.4499838893e+01	4	127	33	467	8	1	0	50	500	500	0	500	500	0	
8.4996473845e+01	4	127	26	474	4	10	0	50	500	500	0	500	500	0	
8.5491375676e+01	6	125	19	481	1	4	0	50	500	500	0	500	500	0	
8.5999193537e+01	4	129	14	486	2	1	0	50	500	500	0	500	500	0	
8.6498211040e+01	3	130	24	476	1	4	0	50	500	500	0	500	500	0	
8.6998507208e+01	3	130	21	479	3	9	0	50	500	500	0	500	500	0	
8.7496584122e+01	3	129	26	474	1	6	0	50	500	500	0	500	500	0	
8.7990582771e+01	2	131	23	477	3	7	0	50	500	500	0	500	500	0	
8.8496748705e+01	3	131	23	477	4	6	0	50	500	500	0	500	500	0	
8.8993627324e+01	3	131	26	474	3	6	0	50	500	500	0	500	500	0	
8.9493598903e+01	3	132	28	472	3	8	0	50	500	500	0	500	500	0	
8.9992856035e+01	2	133	24	476	0	9	0	50	500	500	0	500	500	0	
9.0496941498e+01	2	133	51	449	1	7	0	50	500	500	0	500	500	0	
9.0999651354e+01	1	133	34	466	1	6	0	50	500	500	0	500	500	0	
9.1497169339e+01	3	132	32	468	5	7	0	50	500	500	0	500	500	0	
9.1996965376e+01	3	132	12	488	9	10	0	50	500	500	0	500	500	0	
9.2499855549e+01	5	131	17	483	2	9	0	50	500	500	0	500	500	0	
9.2998690547e+01	5	131	23	477	5	5	0	50	500	500	0	500	500	0	
9.3498356362e+01	6	131	33	467	5	9	0	50	500	500	0	500	500	0	
9.3999716127e+01	6	131	25	475	1	6	0	50	500	500	0	500	500	0	
9.4499958959e+01	4	135	13	487	1	9	0	50	500	500	0	500	500	0	
9.4999569384e+01	6	134	17	483	3	7	0	50	500	500	0	500	500	0	
9.5498048063e+01	7	134	19	481	7	10	0	50	500	500	0	500	500	0	
9.5995078482e+01	6	135	28	472	3	8	0	50	500	500	0	500	500	0	
9.6492517038e+01	7	135	26	474	3	7	0	50	500	500	0	500	500	0	
9.6997002369e+01	7	137	28	472	5	9	0	50	500	500	0	500	500	0	
9.7498014275e+01	8	137	29	471	4	10	0	50	500	500	0	500	500	0	
9.7995843326e+01	8	137	19	481	3	7	0	50	500	500	0	500	500	0	
9.8499907254e+01	6	139	35	465	2	8	0	50	500	500	0	500	500	0	
9.8994775118e+01	5	140	21	479	2	2	0	50	500	500	0	500	500	0	
9.9499175623e+01	6	140	34	466	5	6	0	50	500	500	0	500	500	0	
9.9997059372e+01	6	141	24	476	3	9	0	50	500	500	0	500	500	0	
1.0049433085e+02	6	142	25	475	4	3	0	50	500	500	0	500	500	0	
1.0099853518e+02	5	145	25	475	1	10	0	50	500	500	0	500	500	0	
1.0149946921e+02	4	146	31	469	1	6	0	50	500	500	0	500	500	0	
1.0199786432e+02	3	147	28	472	2	7	0	50	500	500	0	500	500	0	
1.0249734244e+02	5	147	31	469	5	5	0	50	500	500	0	500	500	0	
1.0298645850e+02	7	144	30	470	3	4	0	50	500	500	0	500	500	0	
1.0349930544e+02	4	148	22	478	3	9	0	50	500	500	0	500	500	0	
1.0399439170e+02	5	150	34	466	5	9	0	50	500	500	0	500	500	0	
1.0449928291e+02	2	153	31	469	2	7	0	50	500	500	0	500	500	0	
1.0499778865e+02	1	156	31	469	3	12	0	50	500	500	0	500	500	0	
1.0549935992e+02	4	154	25	475	6	2	0	50	500	500	0	500	500	0	
1.0599832780e+02	3	155	14	486	3	7	0	50	500	500	0	500	500	0	
1.0649159279e+02	2	156	21	479	3	5	0	50	500	500	0	500	500	0	
1.0699349465e+02	2	156	24	476	3	4	0	50	500	500	0	500	500	0	
1.0749919594e+02	3	159	19	481	6	3	0	50	500	500	0	500	500	0	
1.0799924451e+02	1	161	17	483	7	4	0	50	500	500	0	500	500	0	
1.0849962308e+02	4	159	10	490	3	10	0	50	500	500	0	500	500	0	
1.0899700151e+02	4	161	26	474	4	5	0	50	500	500	0	500	500	0	
1.0949658638e+02	6	162	25	475	4	7	0	50	500	500	0	500	500	0	
1.0999979725e+02	6	163	13	487	1	6	0	50	500	500	0	500	500	0	
1.1049905985e+02	4	166	14	486	2	4	0	50	500	500	0	500	500	0	
1.1099932117e+02	3	168	22	478	4	9	0	50	500	500	0	500	500	0	
1.1149974533e+02	2	172	24	476	6	8	0	50	500	500	0	500	500	0	
1.1199897036e+02	6	167	14	486	7	8	0	50	500	500	0	500	500	0	
1.1249921377e+02	6	167	12	488	2	7	0	50	500	500	0	500	500	0	
1.1299833323e+02	5	169	17	483	1	6	0	50	500	500	0	500	500	0	
1.1349706554e+02	5	169	10	490	3	5	0	50	500	500	0	500	500	0	
1.1398957510e+02	5	169	21	479	7	1	0	50	500	500	0	500	500	0	
1.1449863717e+02	3	172	17	483	2	7	0	50	500	500	0	500	500	0	
1.1499948257e+02	3	173	23	477	3	6	0	50	500	500	0	500	500	0	
1.1549914116e+02	1	177	26	474	0	4	0	50	500	500	0	500	500	0	
1.1599618318e+02	1	177	11	489	4	4	0	50	500	500	0	500	500	0	
1.1649946836e+02	2	176	17	483	4	6	0	50	500	500	0	500	500	0	
1.1699919417e+02	3	176	20	480	3	5	0	50	500	500	0	500	500	0	
1.1749668915e+02	4	175	13	487	5	9	0	50	500	500	0	500	500	0	
1.1799633202e+02	6	173	19	481	4	6	0	50	500	500	0	500	500	0	
1.1849941564e+02	5	174	25	475	1	11	0	50	500	500	0	500	500	0	
1.1899794903e+02	7	173	13	487	5	5	0	50	500	500	0	500	500	0	
1.1949651597e+02	9	171	14	486	2	8	0	50	500	500	0	500	500	0	
1.1999876179e+02	6	174	11	489	2	10	0	50	500	500	0	500	500	0	
1.2049042950e+02	4	176	13	487	6	5	0	50	500	500	0	500	500	0	
1.2099556861e+02	4	177	18	482	1	8	0	50	500	500	0	500	500	0	
1.2149835235e+02	5	177	12	488	6	6	0	50	500	500	0	500	500	0	
1.2199978395e+02	4	180	12	488	1	10	0	50	500	500	0	500	500	0	
1.2249961820e+02	6	179	10	490	3	10	0	50	500	500	0	500	500	0	
1.2299639817e+02	7	178	19	481	3	6	0	50	500	500	0	500	500	0	
1.2349487484e+02	4	181	17	483	4	4	0	50	500	500	0	500	500	0	
1.2399718737e+02	4	181	17	483	2	0	0	50	500	500	0	500	500	0	
1.2449593342e+02	4	180	22	478	1	2	0	50	500	500	0	500	500	0	
1.2498977800e+02	2	182	19	481	1	5	0	50	500	500	0	500	500	0	
1.2549863739e+02	3	182	16	484	2	8	0	50	500	500	0	500	500	0	
1.2599105551e+02	3	184	11	489	2	5	0	50	500	500	0	500	500	0	
1.2649872944e+02	5	183	17	483	5	10	0	50	500	500	0	500	500	0	
1.2699729179e+02	3	187	21	479	5	6	0	50	500	500	0	500	500	0	
1.2749737267e+02	3	188	17	483	5	4	0	50	500	500	0	500	500	0	
1.2799609237e+02	3	189	12	488	2	8	0	50	500	500	0	500	500	0	
1.2849980670e+02	4	188	16	484	0	10	0	50	500	500	0	500	500	0	
1.2899910545e+02	3	189	18	482	5	8	0	50	500	500	0	500	500	0	
1.2949981277e+02	4	189	18	482	2	7	0	50	500	500	0	500	500	0	
1.2999717663e+02	3	189	11	489	3	6	0	50	500	500	0	500	500	0	
1.3049555479e+02	4	190	16	484	3	2	0	50	500	500	0	500	500	0	
1.3099937442e+02	5	191	14	486	4	6	0	50	500	500	0	500	500	0	
1.3149689225e+02	4	193	11	489	3	2	0	50	500	500	0	500	500	0	
1.3199891442e+02	5	193	12	488	2	7	0	50	500	500	0	500	500	0	
1.3249900726e+02	1	195	15	485	1	9	0	50	500	500	0	500	500	0	
1.3299861851e+02	2	194	11	489	3	4	0	50	500	500	0	500	500	0	
1.3349920898e+02	5	194	15	485	5	7	0	50	500	500	0	500	500	0	
1.3399796473e+02	6	193	17	483	5	2	0	50	500	500	0	500	500	0	
1.3449798180e+02	4	196	21	479	2	3	0	50	500	500	0	500	500	0	
1.3499479039e+02	6	194	11	489	4	4	0	50	500	500	0	500	500	0	
1.3549976968e+02	8	193	14	486	2	6	0	50	500	500	0	500	500	0	
1.3599920900e+02	4	198	11	489	3	5	0	50	500	500	0	500	500	0	
1.3649623125e+02	5	197	20	480	5	7	0	50	500	500	0	500	500	0	
1.3699874360e+02	4	198	24	476	2	5	0	50	500	500	0	500	500	0	
1.3749677369e+02	5	199	17	483	6	7	0	50	500	500	0	500	500	0	
1.3799686449e+02	5	200	22	478	3	7	0	50	500	500	0	500	500	0	
1.3849947273e+02	5	200	21	479	2	8	0	50	500	500	0	500	500	0	
1.3899654471e+02	6	200	9	491	2	12	0	50	500	500	0	500	500	0	
1.3949993991e+02	6	203	21	479	4	10	0	50	500	500	0	500	500	0	
1.3999948595e+02	7	202	20	480	3	1	0	50	500	500	0	500	500	0	
1.4049749899e+02	7	202	29	471	2	3	0	50	500	500	0	500	500	0	
1.4099899375e+02	5	204	10	490	1	7	0	50	500	500	0	500	500	0	
1.4149818263e+02	6	204	13	487	3	2	0	50	500	500	0	500	500	0	
1.4199791825e+02	7	203	14	486	4	4	0	50	500	500	0	500	500	0	
1.4249793939e+02	8	202	8	492	3	6	0	50	500	500	0	500	500	0	
1.4299948360e+02	5	205	17	483	2	6	0	50	500	500	0	500	500	0	
1.4349449012e+02	3	207	18	482	2	3	0	50	500	500	0	500	500	0	
1.4399397061e+02	4	206	16	484	4	3	0	50	500	500	0	500	500	0	
1.4449782179e+02	5	206	13	487	4	6	0	50	500	500	0	500	500	0	
1.4499294029e+02	9	203	19	481	7	8	0	50	500	500	0	500	500	0	
1.4548159313e+02	9	204	8	492	2	5	0	50	500	500	0	500	500	0	
1.4599218859e+02	9	204	11	489	0	4	0	50	500	500	0	500	500	0	
1.4649828971e+02	6	207	7	493	3	12	0	50	500	500	0	500	500	0	
1.4699343984e+02	5	209	15	485	6	4	0	50	500	500	0	500	500	0	
1.4749950985e+02	8	206	18	482	7	7	0	50	500	500	0	500	500	0	
1.4799856445e+02	9	206	20	480	3	6	0	50	500	500	0	500	500	0	
1.4849976035e+02	10	205	14	486	5	5	0	50	500	500	0	500	500	0	
1.4899945587e+02	6	209	15	485	4	2	0	50	500	500	0	500	500	0	
1.4949989625e+02	7	208	20	480	6	11	0	50	500	500	0	500	500	0	
1.4999928146e+02	8	209	21	479	1	5	0	50	500	500	0	500	500	0	
1.5049044370e+02	9	207	5	495	4	4	0	50	500	500	0	500	500	0	
1.5099628338e+02	11	206	15	485	4	6	0	50	500	500	0	500	500	0	
1.5149588423e+02	12	206	9	491	4	3	0	50	500	500	0	500	500	0	
1.5199990549e+02	13	206	18	482	5	5	0	50	500	500	0	500	500	0	
1.5249955057e+02	13	207	16	484	3	3	0	50	500	500	0	500	500	0	
1.5299889340e+02	13	209	9	491	1	6	0	50	500	500	0	500	500	0	
1.5349921325e+02	12	218	15	485	3	2	0	50	500	500	0	500	500	0	
1.5399777264e+02	11	219	11	489	3	7	0	50	500	500	0	500	500	0	
1.5449963147e+02	8	222	15	485	4	5	0	50	500	500	0	500	500	0	
1.5499862295e+02	7	223	18	482	0	5	0	50	500	500	0	500	500	0	
1.5549864942e+02	7	222	8	492	3	3	0	50	500	500	0	500	500	0	
1.5599934494e+02	5	223	18	482	3	4	0	50	500	500	0	500	500	0	
1.5649954903e+02	8	222	12	488	5	6	0	50	500	500	0	500	500	0	
1.5699190182e+02	10	220	7	493	7	9	0	50	500	500	0	500	500	0	
1.5749884896e+02	10	221	8	492	4	4	0	50	500	500	0	500	500	0	
1.5799209175e+02	10	222	11	489	3	9	0	50	500	500	0	500	500	0	
1.5849524014e+02	9	224	8	492	1	6	0	50	500	500	0	500	500	0	
1.5899276184e+02	11	223	5	495	5	4	0	50	500	500	0	500	500	0	
1.5949917120e+02	8	227	15	485	4	10	0	50	500	500	0	500	500	0	
1.5999639812e+02	8	227	16	484	5	1	0	50	500	500	0	500	500	0	
1.6049538526e+02	7	228	14	486	4	3	0	50	500	500	0	500	500	0	
1.6099382320e+02	5	229	8	492	0	5	0	50	500	500	0	500	500	0	
1.6149896871e+02	5	230	12	488	3	3	0	50	500	500	0	500	500	0	
1.6199902102e+02	7	228	15	485	6	2	0	50	500	500	0	500	500	0	
1.6249945814e+02	7	228	12	488	7	5	0	50	500	500	0	500	500	0	
1.6299620682e+02	6	229	28	472	1	6	0	50	500	500	0	500	500	0	
1.6349876709e+02	3	232	11	489	5	5	0	50	500	500	0	500	500	0	
1.6399780422e+02	3	234	15	485	3	3	0	50	500	500	0	500	500	0	
1.6449995974e+02	6	231	10	490	2	7	0	50	500	500	0	500	500	0	
1.6499671597e+02	6	230	8	492	4	4	0	50	500	500	0	500	500	0	
1.6549994224e+02	5	231	10	490	4	4	0	50	500	500	0	500	500	0	
1.6599755005e+02	8	229	12	488	3	11	0	50	500	500	0	500	500	0	
1.6649877776e+02	6	231	15	485	3	6	0	50	500	500	0	500	500	0	
1.6699669285e+02	4	233	10	490	4	9	0	50	500	500	0	500	500	0	
1.6749350933e+02	5	233	20	480	3	4	0	50	500	500	0	500	500	0	
1.6799867828e+02	5	233	13	487	0	9	0	50	500	500	0	500	500	0	
1.6849537620e+02	3	236	13	487	4	9	0	50	500	500	0	500	500	0	
1.6899978474e+02	4	234	12	488	4	9	0	50	500	500	0	500	500	0	
1.6949989607e+02	4	235	14	486	2	6	0	50	500	500	0	500	500	0	
1.6999845665e+02	7	234	10	490	5	3	0	50	500	500	0	500	500	0	
1.7049973059e+02	9	231	6	494	5	4	0	50	500	500	0	500	500	0	
1.7099660767e+02	10	230	16	484	2	11	0	50	500	500	0	500	500	0	
1.7149868238e+02	11	230	18	482	1	11	0	50	500	500	0	500	500	0	
1.7199642972e+02	13	230	12	488	3	4	0	50	500	500	0	500	500	0	
1.7249905493e+02	11	231	14	486	3	8	0	50	500	500	0	500	500	0	
1.7299979044e+02	13	229	8	492	4	3	0	50	500	500	0	500	500	0	
1.7349152425e+02	13	230	13	487	3	9	0	50	500	500	0	500	500	0	
1.7399526872e+02	14	230	9	491	2	6	0	50	500	500	0	500	500	0	
1.7449916890e+02	12	232	15	485	2	8	0	50	500	500	0	500	500	0	
1.7499812937e+02	13	232	14	486	1	7	0	50	500	500	0	500	500	0	
1.7549816131e+02	13	232	17	483	4	3	0	50	500	500	0	500	500	0	
1.7599639960e+02	9	239	17	483	0	7	0	50	500	500	0	500	500	0	
1.7649902587e+02	11	238	8	492	3	3	0	50	500	500	0	500	500	0	
1.7699806320e+02	10	239	16	484	2	6	0	50	500	500	0	500	500	0	
1.7749944987e+02	12	239	9	491	3	7	0	50	500	500	0	500	500	0	
1.7799753900e+02	13	241	15	485	1	7	0	50	500	500	0	500	500	0	
1.7849944859e+02	13	242	9	491	7	7	0	50	500	500	0	500	500	0	
1.7899940948e+02	13	242	10	490	9	7	0	50	500	500	0	500	500	0	
1.7949932935e+02	10	246	16	484	7	4	0	50	500	500	0	500	500	0	
1.7999697885e+02	8	248	10	490	1	7	0	50	500	500	0	500	500	0	
1.8049981862e+02	7	250	11	489	1	8	0	50	500	500	0	500	500	0	
1.8099923258e+02	8	249	7	493	3	7	0	50	500	500	0	500	500	0	
1.8149530024e+02	9	247	8	492	8	6	0	50	500	500	0	500	500	0	
1.8199867680e+02	5	250	15	485	6	5	0	50	500	500	0	500	500	0	
1.8249922793e+02	6	250	17	483	4	5	0	50	500	500	0	500	500	0	
1.8299970276e+02	9	247	18	482	3	7	0	50	500	500	0	500	500	0	
1.8349956178e+02	6	252	8	492	1	9	0	50	500	500	0	500	500	0	
1.8398907315e+02	7	252	9	491	5	4	0	50	500	500	0	500	500	0	
1.8449940474e+02	9	251	10	490	8	4	0	50	500	500	0	500	500	0	
1.8499878676e+02	10	251	14	486	3	10	0	50	500	500	0	500	500	0	
1.8549931592e+02	10	251	16	484	5	3	0	50	500	500	0	500	500	0	
1.8599918726e+02	9	253	14	486	5	6	0	50	500	500	0	500	500	0	
1.8649532895e+02	8	256	16	484	1	5	0	50	500	500	0	500	500	0	
1.8699046909e+02	7	258	9	491	3	3	0	50	500	500	0	500	500	0	
1.8749989322e+02	7	258	6	494	2	6	0	50	500	500	0	500	500	0	
1.8799808088e+02	7	259	14	486	1	7	0	50	500	500	0	500	500	0	
1.8849442553e+02	8	259	7	493	0	6	0	50	500	500	0	500	500	0	
1.8899333767e+02	8	259	9	491	4	4	0	50	500	500	0	500	500	0	
1.8949578063e+02	10	257	9	491	2	6	0	50	500	500	0	500	500	0	
1.8999999390e+02	12	257	12	488	5	5	0	50	500	500	0	500	500	0	
1.9049632233e+02	13	256	16	484	4	6	0	50	500	500	0	500	500	0	
1.9099632109e+02	12	257	17	483	4	2	0	50	500	500	0	500	500	0	
1.9149865758e+02	10	259	7	493	4	5	0	50	500	500	0	500	500	0	
1.9199960642e+02	10	259	17	483	5	11	0	50	500	500	0	500	500	0	
1.9249894220e+02	12	258	9	491	4	10	0	50	500	500	0	500	500	0	
1.9299772420e+02	12	257	12	488	6	12	0	50	500	500	0	500	500	0	
1.9349419921e+02	10	262	10	490	1	4	0	50	500	500	0	500	500	0	
1.9399812332e+02	8	265	9	491	1	6	0	50	500	500	0	500	500	0	
1.9449798702e+02	9	264	11	489	5	4	0	50	500	500	0	500	500	0	
1.9499770707e+02	8	267	7	493	8	3	0	50	500	500	0	500	500	0	
1.9549987573e+02	6	269	16	484	2	4	0	50	500	500	0	500	500	0	
1.9599273523e+02	3	273	10	490	2	3	0	50	500	500	0	500	500	0	
1.9648588048e+02	4	273	9	491	0	3	0	50	500	500	0	500	500	0	
1.9699676297e+02	3	274	15	485	2	6	0	50	500	500	0	500	500	0	
1.9749263230e+02	3	276	13	487	3	4	0	50	500	500	0	500	500	0	
1.9799789057e+02	5	275	8	492	4	7	0	50	500	500	0	500	500	0	
1.9849982521e+02	4	278	12	488	1	10	0	50	500	500	0	500	500	0	
1.9899667624e+02	6	274	14	486	5	8	0	50	500	500	0	500	500	0	
1.9949774870e+02	5	275	12	488	4	7	0	50	500	500	0	500	500	0	
1.9999540022e+02	6	276	11	489	4	6	0	50	500	500	0	500	500	0	
2.0049772822e+02	8	274	10	490	2	1	0	50	500	500	0	500	500	0	
2.0099807553e+02	8	272	6	494	3	3	0	50	500	500	0	500	500	0	
2.0149954317e+02	9	272	12	488	3	7	0	50	500	500	0	500	500	0	
2.0199880488e+02	11	273	5	495	7	4	0	50	500	500	0	500	500	0	
2.0249853832e+02	11	273	15	485	4	10	0	50	500	500	0	500	500	0	
2.0299929008e+02	13	273	14	486	5	8	0	50	500	500	0	500	500	0	
2.0349840115e+02	12	275	7	493	5	7	0	50	500	500	0	500	500	0	
2.0399930404e+02	11	275	4	496	3	3	0	50	500	500	0	500	500	0	
2.0449435044e+02	11	276	9	491	3	5	0	50	500	500	0	500	500	0	
2.0499892080e+02	11	275	10	490	7	6	0	50	500	500	0	500	500	0	
2.0549924826e+02	11	275	11	489	5	11	0	50	500	500	0	500	500	0	
2.0599549790e+02	11	274	13	487	7	6	0	50	500	500	0	500	500	0	
2.0649554884e+02	9	277	12	488	5	8	0	50	500	500	0	500	500	0	
2.0699978641e+02	13	273	10	490	6	6	0	50	500	500	0	500	500	0	
2.0749560869e+02	13	275	8	492	2	10	0	50	500	500	0	500	500	0	
2.0799667746e+02	16	271	14	486	6	7	0	50	500	500	0	500	500	0	
2.0849658814e+02	15	273	6	494	4	4	0	50	500	500	0	500	500	0	
2.0899821271e+02	16	273	13	487	4	7	0	50	500	500	0	500	500	0	
2.0949742697e+02	13	276	12	488	3	5	0	50	500	500	0	500	500	0	
2.0999401003e+02	11	278	10	490	5	5	0	50	500	500	0	500	500	0	
2.1049652007e+02	10	279	11	489	3	13	0	50	500	500	0	500	500	0	
2.1099845427e+02	7	283	6	494	4	3	0	50	500	500	0	500	500	0	
2.1149813822e+02	6	284	5	495	2	4	0	50	500	500	0	500	500	0	
2.1199891893e+02	6	284	8	492	4	6	0	50	500	500	0	500	500	0	
2.1249779136e+02	9	282	9	491	5	7	0	50	500	500	0	500	500	0	
2.1299924788e+02	7	285	6	494	6	6	0	50	500	500	0	500	500	0	
2.1349707514e+02	9	284	12	488	7	11	0	50	500	500	0	500	500	0	
2.1399711950e+02	11	286	2	498	8	4	0	50	500	500	0	500	500	0	
2.1449973484e+02	7	290	12	488	5	7	0	50	500	500	0	500	500	0	
2.1499782897e+02	8	291	5	495	5	10	0	50	500	500	0	500	500	0	
2.1549699192e+02	9	290	9	491	3	7	0	50	500	500	0	500	500	0	
2.1599890698e+02	10	290	5	495	6	5	0	50	500	500	0	500	500	0	
2.1649901457e+02	11	291	14	486	2	5	0	50	500	500	0	500	500	0	
2.1699879224e+02	8	295	3	497	2	3	0	50	500	500	0	500	500	0	
2.1749993529e+02	6	297	9	491	1	5	0	50	500	500	0	500	500	0	
2.1799700811e+02	7	297	9	491	3	6	0	50	500	500	0	500	500	0	
2.1849974800e+02	7	298	12	488	3	3	0	50	500	500	0	500	500	0	
2.1899914836e+02	7	298	5	495	3	7	0	50	500	500	0	500	500	0	
2.1949707840e+02	7	300	11	489	6	5	0	50	500	500	0	500	500	0	
2.1999672341e+02	5	303	10	490	3	2	0	50	500	500	0	500	500	0	
2.2049976325e+02	6	302	8	492	3	3	0	50	500	500	0	500	500	0	
2.2099745967e+02	3	307	8	492	5	10	0	50	500	500	0	500	500	0	
2.2149826207e+02	2	310	3	497	5	6	0	50	500	500	0	500	500	0	
2.2199966168e+02	5	309	10	490	6	4	0	50	500	500	0	500	500	0	
2.2249863654e+02	6	309	13	487	7	7	0	50	500	500	0	500	500	0	
2.2299957092e+02	8	307	7	493	4	11	0	50	500	500	0	500	500	0	
2.2349522229e+02	11	305	13	487	5	10	0	50	500	500	0	500	500	0	
2.2399989156e+02	16	302	6	494	6	8	0	50	500	500	0	500	500	0	
2.2449917200e+02	17	302	4	496	4	8	0	50	500	500	0	500	500	0	
2.2499895910e+02	18	301	4	496	3	4	0	50	500	500	0	500	500	0	
2.2549953114e+02	15	304	12	488	3	8	0	50	500	500	0	500	500	0	
2.2599802495e+02	14	306	5	495	4	2	0	50	500	500	0	500	500	0	
2.2649999736e+02	9	311	8	492	2	9	0	50	500	500	0	500	500	0	
2.2699927723e+02	7	313	3	497	5	8	0	50	500	500	0	500	500	0	
2.2749642865e+02	12	310	11	489	4	7	0	50	500	500	0	500	500	0	
2.2799841676e+02	12	311	7	493	4	3	0	50	500	500	0	500	500	0	
2.2849960215e+02	12	312	1	499	3	4	0	50	500	500	0	500	500	0	
2.2899975360e+02	14	310	13	487	2	5	0	50	500	500	0	500	500	0	
2.2949838501e+02	11	315	8	492	0	8	0	50	500	500	0	500	500	0	
2.2999956803e+02	13	315	13	487	5	7	0	50	500	500	0	500	500	0	
2.3049842666e+02	14	316	10	490	7	9	0	50	500	500	0	500	500	0	
2.3099937626e+02	14	317	9	491	8	4	0	50	500	500	0	500	500	0	
2.3149879626e+02	13	318	4	496	3	3	0	50	500	500	0	500	500	0	
2.3199891730e+02	12	320	18	482	4	6	0	50	500	500	0	500	500	0	
2.3249996271e+02	7	325	9	491	2	5	0	50	500	500	0	500	500	0	
2.3299396130e+02	6	328	3	497	3	8	0	50	500	500	0	500	500	0	
2.3349783382e+02	6	328	10	490	4	8	0	50	500	500	0	500	500	0	
2.3399974798e+02	4	333	6	494	6	6	0	50	500	500	0	500	500	0	
2.3449959673e+02	4	334	10	490	1	13	0	50	500	500	0	500	500	0	
2.3499926724e+02	5	332	7	493	1	10	0	50	500	500	0	500	500	0	
2.3549295413e+02	6	332	3	497	5	7	0	50	500	500	0	500	500	0	
2.3599997165e+02	6	333	5	495	4	4	0	50	500	500	0	500	500	0	
2.3649976839e+02	8	332	14	486	2	12	0	50	500	500	0	500	500	0	
2.3699952911e+02	9	333	7	493	6	7	0	50	500	500	0	500	500	0	
2.3749922249e+02	9	333	12	488	9	3	0	50	500	500	0	500	500	0	
2.3799762861e+02	9	335	8	492	2	3	0	50	500	500	0	500	500	0	
2.3849402673e+02	8	338	9	491	4	4	0	50	500	500	0	500	500	0	
2.3899660187e+02	7	341	12	488	4	5	0	50	500	500	0	500	500	0	
2.3949925044e+02	4	346	1	499	4	1	0	50	500	500	0	500	500	0	
2.3999089362e+02	4	348	4	496	5	5	0	50	500	500	0	500	500	0	
2.4049961592e+02	6	347	11	489	6	2	0	50	500	500	0	500	500	0	
2.4099920911e+02	8	346	1	499	6	4	0	50	500	500	0	500	500	0	
2.4149728738e+02	8	347	3	497	3	5	0	50	500	500	0	500	500	0	
2.4199681839e+02	5	352	6	494	2	1	0	50	500	500	0	500	500	0	
2.4249918850e+02	4	353	7	493	2	7	0	50	500	500	0	500	500	0	
2.4299842432e+02	5	354	8	492	3	5	0	50	500	500	0	500	500	0	
2.4349819729e+02	7	355	5	495	0	9	0	50	500	500	0	500	500	0	
2.4399963306e+02	7	354	1	499	5	4	0	50	500	500	0	500	500	0	
2.4449865936e+02	6	356	6	494	8	10	0	50	500	500	0	500	500	0	
2.4499937471e+02	9	353	4	496	3	7	0	50	500	500	0	500	500	0	
2.4549958184e+02	9	355	5	495	6	5	0	50	500	500	0	500	500	0	
2.4599434442e+02	7	357	15	485	3	2	0	50	500	500	0	500	500	0	
2.4649946178e+02	7	357	5	495	6	5	0	50	500	500	0	500	500	0	
2.4699954998e+02	5	362	3	497	4	3	0	50	500	500	0	500	500	0	
2.4749992731e+02	4	363	6	494	1	12	0	50	500	500	0	500	500	0	
2.4799498162e+02	5	364	9	491	8	5	0	50	500	500	0	500	500	0	
2.4849829314e+02	6	363	9	491	4	8	0	50	500	500	0	500	500	0	
2.4899980519e+02	10	359	1	499	7	7	0	50	500	500	0	500	500	0	
2.4949472273e+02	14	355	11	489	8	7	0	50	500	500	0	500	500	0	
2.4999843579e+02	14	356	5	495	7	7	0	50	500	500	0	500	500	0	
2.5049727751e+02	14	357	6	494	3	8	0	50	500	500	0	500	500	0	
2.5099806146e+02	11	359	6	494	6	12	0	50	500	500	0	500	500	0	
2.5149875441e+02	12	359	10	490	4	10	0	50	500	500	0	500	500	0	
2.5199875030e+02	15	360	3	497	1	4	0	50	500	500	0	500	500	0	
2.5249865385e+02	15	358	4	496	3	7	0	50	500	500	0	500	500	0	
2.5299670247e+02	14	360	6	494	3	7	0	50	500	500	0	500	500	0	
2.5349600572e+02	8	366	4	496	5	0	0	50	500	500	0	500	500	0	
2.5399974308e+02	11	364	2	498	5	7	0	50	500	500	0	500	500	0	
2.5449842844e+02	10	363	11	489	7	6	0	50	500	500	0	500	500	0	
2.5499436532e+02	11	364	8	492	1	6	0	50	500	500	0	500	500	0	
2.5549767382e+02	12	363	9	491	4	13	0	50	500	500	0	500	500	0	
2.5599869673e+02	12	366	4	496	5	7	0	50	500	500	0	500	500	0	
2.5649724055e+02	11	368	8	492	6	6	0	50	500	500	0	500	500	0	
2.5699762942e+02	11	368	9	491	8	6	0	50	500	500	0	500	500	0	
2.5749514475e+02	14	365	10	490	9	10	0	50	500	500	0	500	500	0	
2.5799974265e+02	14	367	7	493	4	11	0	50	500	500	0	500	500	0	
2.5849489752e+02	11	371	7	493	4	5	0	50	500	500	0	500	500	0	
2.5899693711e+02	15	370	8	492	9	6	0	50	500	500	0	500	500	0	
2.5949754456e+02	14	370	7	493	4	5	0	50	500	500	0	500	500	0	
2.5999802244e+02	11	373	8	492	3	5	0	50	500	500	0	500	500	0	
2.6049836190e+02	13	371	10	490	0	10	0	50	500	500	0	500	500	0	
2.6099579110e+02	13	372	7	493	3	8	0	50	500	500	0	500	500	0	
2.6149994461e+02	13	373	6	494	2	7	0	50	500	500	0	500	500	0	
2.6199887888e+02	11	377	2	498	6	3	0	50	500	500	0	500	500	0	
2.6249776813e+02	12	375	4	496	6	2	0	50	500	500	0	500	500	0	
2.6299399168e+02	12	376	7	493	9	4	0	50	500	500	0	500	500	0	
2.6349876642e+02	10	377	4	496	3	11	0	50	500	500	0	500	500	0	
2.6399301509e+02	8	379	3	497	4	8	0	50	500	500	0	500	500	0	
2.6449935191e+02	9	378	8	492	7	7	0	50	500	500	0	500	500	0	
2.6498776353e+02	8	380	6	494	4	9	0	50	500	500	0	500	500	0	
2.6549881053e+02	7	384	6	494	2	5	0	50	500	500	0	500	500	0	
2.6599929371e+02	9	380	16	484	3	12	0	50	500	500	0	500	500	0	
2.6649990772e+02	8	380	12	488	3	8	0	50	500	500	0	500	500	0	
2.6699936435e+02	8	380	8	492	6	8	0	50	500	500	0	500	500	0	
2.6749899678e+02	8	383	5	495	8	7	0	50	500	500	0	500	500	0	
2.6799938311e+02	9	381	7	493	6	6	0	50	500	500	0	500	500	0	
2.6849767690e+02	7	382	9	491	3	3	0	50	500	500	0	500	500	0	
2.6899595493e+02	11	379	11	489	7	9	0	50	500	500	0	500	500	0	
2.6949987998e+02	17	374	8	492	4	11	0	50	500	500	0	500	500	0	
2.6999713212e+02	17	374	9	491	3	5	0	50	500	500	0	500	500	0	
2.7049992469e+02	17	374	5	495	7	7	0	50	500	500	0	500	500	0	
2.7099229906e+02	13	378	5	495	3	3	0	50	500	500	0	500	500	0	
2.7149638088e+02	17	375	4	496	5	11	0	50	500	500	0	500	500	0	
2.7199706961e+02	13	378	8	492	3	8	0	50	500	500	0	500	500	0	
2.7249952547e+02	13	380	6	494	1	5	0	50	500	500	0	500	500	0	
2.7299969267e+02	11	383	6	494	5	8	0	50	500	500	0	500	500	0	
2.7349742157e+02	8	387	9	491	4	5	0	50	500	500	0	500	500	0	
2.7399284504e+02	8	389	8	492	5	2	0	50	500	500	0	500	500	0	
2.7449570798e+02	6	392	11	489	3	5	0	50	500	500	0	500	500	0	
2.7499654210e+02	6	393	8	492	5	5	0	50	500	500	0	500	500	0	
2.7549851960e+02	6	393	5	495	5	6	0	50	500	500	0	500	500	0	
2.7599388105e+02	6	393	6	494	5	5	0	50	500	500	0	500	500	0	
2.7649752367e+02	6	393	10	490	6	4	0	50	500	500	0	500	500	0	
2.7699974319e+02	5	394	7	493	5	5	0	50	500	500	0	500	500	0	
2.7749787093e+02	6	395	13	487	5	13	0	50	500	500	0	500	500	0	
2.7799899776e+02	8	392	6	494	7	7	0	50	500	500	0	500	500	0	
2.7849986433e+02	10	388	9	491	3	5	0	50	500	500	0	500	500	0	
2.7899960693e+02	10	390	2	498	6	8	0	50	500	500	0	500	500	0	
2.7949932196e+02	9	392	3	497	5	5	0	50	500	500	0	500	500	0	
2.7999806078e+02	13	388	8	492	1	8	0	50	500	500	0	500	500	0	
2.8049891708e+02	14	387	4	496	7	5	0	50	500	500	0	500	500	0	
2.8099461246e+02	13	389	9	491	5	6	0	50	500	500	0	500	500	0	
2.8149005466e+02	7	396	5	495	6	2	0	50	500	500	0	500	500	0	
2.8199392576e+02	10	394	5	495	6	5	0	50	500	500	0	500	500	0	
2.8249772782e+02	10	396	7	493	5	1	0	50	500	500	0	500	500	0	
2.8299982605e+02	10	397	8	492	2	4	0	50	500	500	0	500	500	0	
2.8349982614e+02	12	396	5	495	4	6	0	50	500	500	0	500	500	0	
2.8399949212e+02	9	399	9	491	5	5	0	50	500	500	0	500	500	0	
2.8449826588e+02	7	401	7	493	5	5	0	50	500	500	0	500	500	0	
2.8499968941e+02	6	402	8	492	4	3	0	50	500	500	0	500	500	0	
2.8549955591e+02	11	397	7	493	7	5	0	50	500	500	0	500	500	0	
2.8599991051e+02	10	401	3	497	2	5	0	50	500	500	0	500	500	0	
2.8649952615e+02	11	400	6	494	5	10	0	50	500	500	0	500	500	0	
2.8699950830e+02	13	400	6	494	4	6	0	50	500	500	0	500	500	0	
2.8749934464e+02	15	399	5	495	4	5	0	50	500	500	0	500	500	0	
2.8799855028e+02	16	398	6	494	6	7	0	50	500	500	0	500	500	0	
2.8849754653e+02	15	401	11	489	5	6	0	50	500	500	0	500	500	0	
2.8899812767e+02	17	400	4	496	7	4	0	50	500	500	0	500	500	0	
2.8949791210e+02	16	400	7	493	5	4	0	50	500	500	0	500	500	0	
2.8999925246e+02	16	400	9	491	1	11	0	50	500	500	0	500	500	0	
2.9049738368e+02	13	403	6	494	3	7	0	50	500	500	0	500	500	0	
2.9099990063e+02	12	404	9	491	10	4	0	50	500	500	0	500	500	0	
2.9149805672e+02	10	408	4	496	6	3	0	50	500	500	0	500	500	0	
2.9199922690e+02	11	410	7	493	2	7	0	50	500	500	0	500	500	0	
2.9249859799e+02	10	410	7	493	3	9	0	50	500	500	0	500	500	0	
2.9299615012e+02	10	409	4	496	2	8	0	50	500	500	0	500	500	0	
2.9349931393e+02	11	409	4	496	3	7	0	50	500	500	0	500	500	0	
2.9399321503e+02	10	411	6	494	6	8	0	50	500	500	0	500	500	0	
2.9449929343e+02	14	407	7	493	6	4	0	50	500	500	0	500	500	0	
2.9499949836e+02	12	410	6	494	4	4	0	50	500	500	0	500	500	0	
2.9549878997e+02	12	410	4	496	2	6	0	50	500	500	0	500	500	0	
2.9599799288e+02	10	412	7	493	2	5	0	50	500	500	0	500	500	0	
2.9649839508e+02	8	414	9	491	4	8	0	50	500	500	0	500	500	0	
2.9699625783e+02	9	414	8	492	6	5	0	50	500	500	0	500	500	0	
2.9749468784e+02	9	415	6	494	8	5	0	50	500	500	0	500	500	0	
2.9799900011e+02	7	419	6	494	3	3	0	50	500	500	0	500	500	0	
2.9849274083e+02	8	418	4	496	3	3	0	50	500	500	0	500	500	0	
2.9899894616e+02	9	415	8	492	2	8	0	50	500	500	0	500	500	0	
2.9949453772e+02	7	418	9	491	4	8	0	50	500	500	0	500	500	0	
2.9999927730e+02	7	419	3	497	5	4	0	50	500	500	0	500	500	0	
3.0049870975e+02	6	420	7	493	1	5	0	50	500	500	0	500	500	0	
3.0099877755e+02	5	421	8	492	3	5	0	50	500	500	0	500	500	0	
3.0149984231e+02	5	421	4	496	3	2	0	50	500	500	0	500	500	0	
3.0199375257e+02	6	421	2	498	5	5	0	50	500	500	0	500	500	0	
3.0249789717e+02	8	420	5	495	5	4	0	50	500	500	0	500	500	0	
3.0299969852e+02	10	417	10	490	2	7	0	50	500	500	0	500	500	0	
3.0349995382e+02	6	422	12	488	5	5	0	50	500	500	0	500	500	0	
3.0399615248e+02	7	422	3	497	3	3	0	50	500	500	0	500	500	0	
3.0449918179e+02	9	418	9	491	3	9	0	50	500	500	0	500	500	0	
3.0499688247e+02	12	414	6	494	6	5	0	50	500	500	0	500	500	0	
3.0549933018e+02	13	414	3	497	2	9	0	50	500	500	0	500	500	0	
3.0599727093e+02	12	416	8	492	3	7	0	50	500	500	0	500	500	0	
3.0649664168e+02	11	417	6	494	3	5	0	50	500	500	0	500	500	0	
3.0699845916e+02	6	422	5	495	2	5	0	50	500	500	0	500	500	0	
3.0749474229e+02	5	426	1	499	5	5	0	50	500	500	0	500	500	0	
3.0799896523e+02	8	422	4	496	3	4	0	50	500	500	0	500	500	0	
3.0849904858e+02	6	426	9	491	2	2	0	50	500	500	0	500	500	0	
3.0899811844e+02	3	430	7	493	3	5	0	50	500	500	0	500	500	0	
3.0948408330e+02	2	431	7	493	2	1	0	50	500	500	0	500	500	0	
3.0999964984e+02	5	427	8	492	3	5	0	50	500	500	0	500	500	0	
3.1049865318e+02	9	424	5	495	3	5	0	50	500	500	0	500	500	0	
3.1099955627e+02	6	427	9	491	2	8	0	50	500	500	0	500	500	0	
3.1149952621e+02	7	426	2	498	4	7	0	50	500	500	0	500	500	0	
3.1199769182e+02	7	427	6	494	4	7	0	50	500	500	0	500	500	0	
3.1249959640e+02	9	425	6	494	4	8	0	50	500	500	0	500	500	0	
3.1299812220e+02	6	429	6	494	5	5	0	50	500	500	0	500	500	0	
3.1349863126e+02	6	429	7	493	3	5	0	50	500	500	0	500	500	0	
3.1399971060e+02	9	426	5	495	3	5	0	50	500	500	0	500	500	0	
3.1449739151e+02	11	427	4	496	0	7	0	50	500	500	0	500	500	0	
3.1499388548e+02	12	427	5	495	6	10	0	50	500	500	0	500	500	0	
3.1549965698e+02	9	431	7	493	2	9	0	50	500	500	0	500	500	0	
3.1599905967e+02	9	432	5	495	2	10	0	50	500	500	0	500	500	0	
3.1649017286e+02	5	436	5	495	5	3	0	50	500	500	0	500	500	0	
3.1699523518e+02	5	436	3	497	2	2	0	50	500	500	0	500	500	0	
3.1749897896e+02	8	431	5	495	5	4	0	50	500	500	0	500	500	0	
3.1799540150e+02	10	428	5	495	6	4	0	50	500	500	0	500	500	0	
3.1849562469e+02	12	426	6	494	1	4	0	50	500	500	0	500	500	0	
3.1899988921e+02	10	430	11	489	5	5	0	50	500	500	0	500	500	0	
3.1949793919e+02	11	430	4	496	8	8	0	50	500	500	0	500	500	0	
3.1999328150e+02	12	430	3	497	6	9	0	50	500	500	0	500	500	0	
3.2049907103e+02	11	433	7	493	5	5	0	50	500	500	0	500	500	0	
3.2099519692e+02	12	434	4	496	4	4	0	50	500	500	0	500	500	0	
3.2149846993e+02	12	438	3	497	3	7	0	50	500	500	0	500	500	0	
3.2199488366e+02	10	441	5	495	5	6	0	50	500	500	0	500	500	0	
3.2249984816e+02	8	443	12	488	1	6	0	50	500	500	0	500	500	0	
3.2299814820e+02	12	440	4	496	5	9	0	50	500	500	0	500	500	0	
3.2349530802e+02	10	442	3	497	4	4	0	50	500	500	0	500	500	0	
3.2399409448e+02	8	445	1	499	8	4	0	50	500	500	0	500	500	0	
3.2449969688e+02	8	444	9	491	4	9	0	50	500	500	0	500	500	0	
3.2499944828e+02	12	442	6	494	5	4	0	50	500	500	0	500	500	0	
3.2549828380e+02	11	443	8	492	5	3	0	50	500	500	0	500	500	0	
3.2599972915e+02	11	444	4	496	3	6	0	50	500	500	0	500	500	0	
3.2649830957e+02	9	447	8	492	5	5	0	50	500	500	0	500	500	0	
3.2699990515e+02	14	442	6	494	6	9	0	50	500	500	0	500	500	0	
3.2749904506e+02	13	443	6	494	2	10	0	50	500	500	0	500	500	0	
3.2799777761e+02	17	439	11	489	6	5	0	50	500	500	0	500	500	0	
3.2849919532e+02	15	441	8	492	3	2	0	50	500	500	0	500	500	0	
3.2899948678e+02	15	442	6	494	4	3	0	50	500	500	0	500	500	0	
3.2949819726e+02	14	444	3	497	4	7	0	50	500	500	0	500	500	0	
3.2999884910e+02	15	445	4	496	4	4	0	50	500	500	0	500	500	0	
3.3049479555e+02	16	447	1	499	5	4	0	50	500	500	0	500	500	0	
3.3099627059e+02	11	452	6	494	4	6	0	50	500	500	0	500	500	0	
3.3149818319e+02	14	449	5	495	5	5	0	50	500	500	0	500	500	0	
3.3199873778e+02	12	450	6	494	5	3	0	50	500	500	0	500	500	0	
3.3249950374e+02	12	452	4	496	3	4	0	50	500	500	0	500	500	0	
3.3298995646e+02	14	449	7	493	2	3	0	50	500	500	0	500	500	0	
3.3349837114e+02	15	448	6	494	3	4	0	50	500	500	0	500	500	0	
3.3399159085e+02	14	450	4	496	2	3	0	50	500	500	0	500	500	0	
3.3449468484e+02	12	453	2	498	5	5	0	50	500	500	0	500	500	0	
3.3499989170e+02	9	456	5	495	4	3	0	50	500	500	0	500	500	0	
3.3549920749e+02	9	457	5	495	3	5	0	50	500	500	0	500	500	0	
3.3599777682e+02	8	458	5	495	4	2	0	50	500	500	0	500	500	0	
3.3649695184e+02	8	458	4	496	4	3	0	50	500	500	0	500	500	0	
3.3699886485e+02	9	457	5	495	8	3	0	50	500	500	0	500	500	0	
3.3749976438e+02	14	453	3	497	7	6	0	50	500	500	0	500	500	0	
3.3799283930e+02	13	455	5	495	2	10	0	50	500	500	0	500	500	0	
3.3849707958e+02	13	457	5	495	6	5	0	50	500	500	0	500	500	0	
3.3899846812e+02	14	457	9	491	7	2	0	50	500	500	0	500	500	0	
3.3949963920e+02	12	459	7	493	5	7	0	50	500	500	0	500	500	0	
3.3999822852e+02	10	459	4	496	5	7	0	50	500	500	0	500	500	0	
3.4049971376e+02	10	457	4	496	6	10	0	50	500	500	0	500	500	0	
3.4099882602e+02	11	456	2	498	6	7	0	50	500	500	0	500	500	0	
3.4149979958e+02	14	453	1	499	3	8	0	50	500	500	0	500	500	0	
3.4199922465e+02	10	457	6	494	2	9	0	50	500	500	0	500	500	0	
3.4249825798e+02	8	462	4	496	6	3	0	50	500	500	0	500	500	0	
3.4299940716e+02	8	463	6	494	4	10	0	50	500	500	0	500	500	0	
3.4349532312e+02	6	465	4	496	1	7	0	50	500	500	0	500	500	0	
3.4399919245e+02	4	468	6	494	5	3	0	50	500	500	0	500	500	0	
3.4449552536e+02	3	470	5	495	7	6	0	50	500	500	0	500	500	0	
3.4499651476e+02	5	471	6	494	7	11	0	50	500	500	0	500	500	0	
3.4549778794e+02	11	465	5	495	6	11	0	50	500	500	0	500	500	0	
3.4599776149e+02	11	463	5	495	4	6	0	50	500	500	0	500	500	0	
3.4649997961e+02	11	464	5	495	5	8	0	50	500	500	0	500	500	0	
3.4699812164e+02	9	466	8	492	4	5	0	50	500	500	0	500	500	0	
3.4749891914e+02	9	467	3	497	7	6	0	50	500	500	0	500	500	0	
3.4799557317e+02	12	463	5	495	3	1	0	50	500	500	0	500	500	0	
3.4849456044e+02	11	465	6	494	4	5	0	50	500	500	0	500	500	0	
3.4899818152e+02	11	465	4	496	4	5	0	50	500	500	0	500	500	0	
3.4949724254e+02	12	464	4	496	2	10	0	50	500	500	0	500	500	0	
3.4999942989e+02	14	466	10	490	3	7	0	50	500	500	0	500	500	0	
3.5049833379e+02	13	465	8	492	1	7	0	50	500	500	0	500	500	0	
3.5099969215e+02	12	468	5	495	4	5	0	50	500	500	0	500	500	0	
3.5149317147e+02	7	473	7	493	6	4	0	50	500	500	0	500	500	0	
3.5199782406e+02	5	475	2	498	3	6	0	50	500	500	0	500	500	0	
3.5249541641e+02	6	474	7	493	3	4	0	50	500	500	0	500	500	0	
3.5299649677e+02	6	475	5	495	5	8	0	50	500	500	0	500	500	0	
3.5349931831e+02	5	477	9	491	4	10	0	50	500	500	0	500	500	0	
3.5399976583e+02	9	472	10	490	7	7	0	50	500	500	0	500	500	0	
3.5449913634e+02	11	471	6	494	4	7	0	50	500	500	0	500	500	0	
3.5499435640e+02	10	474	2	498	2	3	0	50	500	500	0	500	500	0	
3.5549947952e+02	9	477	6	494	6	5	0	50	500	500	0	500	500	0	
3.5599823969e+02	12	473	5	495	7	1	0	50	500	500	0	500	500	0	
3.5649126557e+02	9	477	2	498	5	7	0	50	500	500	0	500	500	0	
3.5699508669e+02	11	477	12	488	4	5	0	50	500	500	0	500	500	0	
3.5749755073e+02	14	475	6	494	4	5	0	50	500	500	0	500	500	0	
3.5799957769e+02	15	477	9	491	5	6	0	50	500	500	0	500	500	0	
3.5849604836e+02	12	484	4	496	6	2	0	50	500	500	0	500	500	0	
3.5899704060e+02	8	487	2	498	6	3	0	50	500	500	0	500	500	0	
3.5949663666e+02	11	485	4	496	7	5	0	50	500	500	0	500	500	0	
3.5999309755e+02	10	486	5	495	2	7	0	50	500	500	0	500	500	0	
3.6049810047e+02	9	486	6	494	3	3	0	50	500	500	0	500	500	0	
3.6099964669e+02	6	490	6	494	5	5	0	50	500	500	0	500	500	0	
3.6149950332e+02	6	490	6	494	6	6	0	50	500	500	0	500	500	0	
3.6198990618e+02	8	490	3	497	0	2	0	50	500	500	0	500	500	0	
3.6249579673e+02	10	487	5	495	3	4	0	50	500	500	0	500	500	0	
3.6299858805e+02	11	484	2	498	1	4	0	50	500	500	0	500	500	0	
3.6349858420e+02	11	484	7	493	2	3	0	50	500	500	0	500	500	0	
3.6399991959e+02	12	485	2	498	6	4	0	50	500	500	0	500	500	0	
3.6449870041e+02	13	485	3	497	7	6	0	50	500	500	0	500	500	0	
3.6499961794e+02	10	487	8	492	2	4	0	50	500	500	0	500	500	0	
3.6549945085e+02	12	484	2	498	6	4	0	50	500	500	0	500	500	0	
3.6599977510e+02	9	489	3	497	8	3	0	50	500	500	0	500	500	0	
3.6649694594e+02	7	489	5	495	2	7	0	50	500	500	0	500	500	0	
3.6699990024e+02	8	490	4	496	8	7	0	50	500	500	0	500	500	0	
3.6749583550e+02	9	489	6	494	4	7	0	50	500	500	0	500	500	0	
3.6799953277e+02	7	492	8	492	2	9	0	50	500	500	0	500	500	0	
3.6849997847e+02	7	492	5	495	7	3	0	50	500	500	0	500	500	0	
3.6898543225e+02	8	491	2	498	0	3	0	50	500	500	0	500	500	0	
3.6949963741e+02	8	491	3	497	4	6	0	50	500	500	0	500	500	0	
3.6999987647e+02	9	491	4	496	4	1	0	50	500	500	0	500	500	0	
3.7049203113e+02	9	490	3	497	5	1	0	50	500	500	0	500	500	0	
3.7099896425e+02	7	492	3	497	3	4	0	50	500	500	0	500	500	0	
3.7149847965e+02	8	491	4	496	4	8	0	50	500	500	0	500	500	0	
3.7199879926e+02	9	492	11	489	7	5	0	50	500	500	0	500	500	0	
3.7249737249e+02	12	491	8	492	3	7	0	50	500	500	0	500	500	0	
3.7299968374e+02	10	496	4	496	2	4	0	50	500	500	0	500	500	0	
3.7349908899e+02	9	496	5	495	6	6	0	50	500	500	0	500	500	0	
3.7399783033e+02	7	500	2	498	4	7	0	50	500	500	0	500	500	0	
3.7449865520e+02	12	495	6	494	1	6	0	50	500	500	0	500	500	0	
3.7499318564e+02	11	498	2	498	2	5	0	50	500	500	0	500	500	0	
3.7549823024e+02	8	502	5	495	10	1	0	50	500	500	0	500	500	0	
3.7599932308e+02	10	502	10	490	3	9	0	50	500	500	0	500	500	0	
3.7649954681e+02	10	504	3	497	4	8	0	50	500	500	0	500	500	0	
3.7699992213e+02	10	504	5	495	5	9	0	50	500	500	0	500	500	0	
3.7749874482e+02	11	504	8	492	6	5	0	50	500	500	0	500	500	0	
3.7799865352e+02	18	498	4	496	7	8	0	50	500	500	0	500	500	0	
3.7849762711e+02	14	502	6	494	7	5	0	50	500	500	0	500	500	0	
3.7899533207e+02	13	504	2	498	6	7	0	50	500	500	0	500	500	0	
3.7949623057e+02	12	506	7	493	3	11	0	50	500	500	0	500	500	0	
3.7999845142e+02	8	509	7	493	6	3	0	50	500	500	0	500	500	0	
3.8049817448e+02	11	508	6	494	3	6	0	50	500	500	0	500	500	0	
3.8099835289e+02	14	507	4	496	5	3	0	50	500	500	0	500	500	0	
3.8149489854e+02	12	509	3	497	2	1	0	50	500	500	0	500	500	0	
3.8199958326e+02	10	511	4	496	3	6	0	50	500	500	0	500	500	0	
3.8249798552e+02	10	508	7	493	6	4	0	50	500	500	0	500	500	0	
3.8298543743e+02	10	506	0	500	2	5	0	50	500	500	0	500	500	0	
3.8349706244e+02	10	506	4	496	0	6	0	50	500	500	0	500	500	0	
3.8399651161e+02	8	506	4	496	5	5	0	50	500	500	0	500	500	0	
3.8449814247e+02	7	508	7	493	1	5	0	50	500	500	0	500	500	0	
3.8499934375e+02	9	506	5	495	1	2	0	50	500	500	0	500	500	0	
3.8549619457e+02	8	510	3	497	6	4	0	50	500	500	0	500	500	0	
3.8599821705e+02	10	509	6	494	3	7	0	50	500	500	0	500	500	0	
3.8649439747e+02	6	514	6	494	4	3	0	50	500	500	0	500	500	0	
3.8699611503e+02	6	515	2	498	6	2	0	50	500	500	0	500	500	0	
3.8749921193e+02	7	514	8	492	3	9	0	50	500	500	0	500	500	0	
3.8799825810e+02	7	515	10	490	5	9	0	50	500	500	0	500	500	0	
3.8849986078e+02	9	514	5	495	6	7	0	50	500	500	0	500	500	0	
3.8899986084e+02	10	510	2	498	6	4	0	50	500	500	0	500	500	0	
3.8949966225e+02	10	511	4	496	6	4	0	50	500	500	0	500	500	0	
3.8999951804e+02	10	512	13	487	6	5	0	50	500	500	0	500	500	0	
3.9049847512e+02	12	510	4	496	6	6	0	50	500	500	0	500	500	0	
3.9099975224e+02	8	513	6	494	5	4	0	50	500	500	0	500	500	0	
3.9149963502e+02	7	516	1	499	2	5	0	50	500	500	0	500	500	0	
3.9199750887e+02	9	513	5	495	7	5	0	50	500	500	0	500	500	0	
3.9249951513e+02	12	513	7	493	2	3	0	50	500	500	0	500	500	0	
3.9299676038e+02	10	514	2	498	4	5	0	50	500	500	0	500	500	0	
3.9349934592e+02	9	515	3	497	4	4	0	50	500	500	0	500	500	0	
3.9399535145e+02	9	515	6	494	1	2	0	50	500	500	0	500	500	0	
3.9449937866e+02	10	515	5	495	7	5	0	50	500	500	0	500	500	0	
3.9499593067e+02	6	519	6	494	2	5	0	50	500	500	0	500	500	0	
3.9549697457e+02	6	518	4	496	3	3	0	50	500	500	0	500	500	0	
3.9599966662e+02	5	518	3	497	3	3	0	50	500	500	0	500	500	0	
3.9649578964e+02	8	515	5	495	8	4	0	50	500	500	0	500	500	0	
3.9699970254e+02	9	514	8	492	5	9	0	50	500	500	0	500	500	0	
3.9749987627e+02	12	511	3	497	5	6	0	50	500	500	0	500	500	0	
3.9799392758e+02	14	509	5	495	4	7	0	50	500	500	0	500	500	0	
3.9849973122e+02	12	511	1	499	6	2	0	50	500	500	0	500	500	0	
3.9899667147e+02	10	514	6	494	6	5	0	50	500	500	0	500	500	0	
3.9949991714e+02	12	513	7	493	5	8	0	50	500	500	0	500	500	0	
3.9999917561e+02	12	511	6	494	4	11	0	50	500	500	0	500	500	0	
4.0049840137e+02	16	507	6	494	3	5	0	50	500	500	0	500	500	0	
4.0099886909e+02	16	507	6	494	1	9	0	50	500	500	0	500	500	0	
4.0149984585e+02	15	509	2	498	10	9	0	50	500	500	0	500	500	0	
4.0199704738e+02	14	510	1	499	4	5	0	50	500	500	0	500	500	0	
4.0249764724e+02	14	509	4	496	3	4	0	50	500	500	0	500	500	0	
4.0299954430e+02	11	511	3	497	5	5	0	50	500	500	0	500	500	0	
4.0349684290e+02	10	511	4	496	5	4	0	50	500	500	0	500	500	0	
4.0399718825e+02	9	513	4	496	3	8	0	50	500	500	0	500	500	0	
4.0449788472e+02	8	513	1	499	3	10	0	50	500	500	0	500	500	0	
4.0499939625e+02	12	511	2	498	4	10	0	50	500	500	0	500	500	0	
4.0549996074e+02	12	510	6	494	2	8	0	50	500	500	0	500	500	0	
4.0599739734e+02	16	506	7	493	3	5	0	50	500	500	0	500	500	0	
4.0649920841e+02	17	505	7	493	4	2	0	50	500	500	0	500	500	0	
4.0699761725e+02	17	505	7	493	5	8	0	50	500	500	0	500	500	0	
4.0749849656e+02	15	507	3	497	3	6	0	50	500	500	0	500	500	0	
4.0799880597e+02	17	505	6	494	2	3	0	50	500	500	0	500	500	0	
4.0849956313e+02	13	510	3	497	6	5	0	50	500	500	0	500	500	0	
4.0899975276e+02	12	512	4	496	7	4	0	50	500	500	0	500	500	0	
4.0949957009e+02	13	511	5	495	6	4	0	50	500	500	0	500	500	0	
4.0999804872e+02	14	511	8	492	2	2	0	50	500	500	0	500	500	0	
4.1049588923e+02	13	512	10	490	2	6	0	50	500	500	0	500	500	0	
4.1099363767e+02	11	513	6	494	3	3	0	50	500	500	0	500	500	0	
4.1149926448e+02	9	515	9	491	7	6	0	50	500	500	0	500	500	0	
4.1199875199e+02	7	518	6	494	4	4	0	50	500	500	0	500	500	0	
4.1249575135e+02	7	519	3	497	5	5	0	50	500	500	0	500	500	0	
4.1299490913e+02	9	518	7	493	3	8	0	50	500	500	0	500	500	0	
4.1349835185e+02	9	517	3	497	3	2	0	50	500	500	0	500	500	0	
4.1399870559e+02	13	514	3	497	3	9	0	50	500	500	0	500	500	0	
4.1449705673e+02	11	517	5	495	6	6	0	50	500	500	0	500	500	0	
4.1499396900e+02	10	519	3	497	6	6	0	50	500	500	0	500	500	0	
4.1549879275e+02	10	519	3	497	5	3	0	50	500	500	0	500	500	0	
4.1599604730e+02	12	516	7	493	7	2	0	50	500	500	0	500	500	0	
4.1649972049e+02	14	515	5	495	3	7	0	50	500	500	0	500	500	0	
4.1699737674e+02	10	523	1	499	8	7	0	50	500	500	0	500	500	0	
4.1749669669e+02	8	527	2	498	4	9	0	50	500	500	0	500	500	0	
4.1799720554e+02	6	529	2	498	3	8	0	50	500	500	0	500	500	0	
4.1849760411e+02	8	527	6	494	12	9	0	50	500	500	0	500	500	0	
4.1899347064e+02	11	525	4	496	3	7	0	50	500	500	0	500	500	0	
4.1949936036e+02	12	524	11	489	5	6	0	50	500	500	0	500	500	0	
4.1999900019e+02	14	523	5	495	8	4	0	50	500	500	0	500	500	0	
4.2049657009e+02	15	521	0	500	3	9	0	50	500	500	0	500	500	0	
4.2099669702e+02	16	523	5	495	5	7	0	50	500	500	0	500	500	0	
4.2149681540e+02	19	520	7	493	5	8	0	50	500	500	0	500	500	0	
4.2199954906e+02	17	523	6	494	4	6	0	50	500	500	0	500	500	0	
4.2249677278e+02	16	524	6	494	3	7	0	50	500	500	0	500	500	0	
4.2299998649e+02	18	524	4	496	7	5	0	50	500	500	0	500	500	0	
4.2349973498e+02	18	525	5	495	8	1	0	50	500	500	0	500	500	0	
4.2399917356e+02	16	527	5	495	4	5	0	50	500	500	0	500	500	0	
4.2449823675e+02	14	530	10	490	1	6	0	50	500	500	0	500	500	0	
4.2499981777e+02	16	528	5	495	1	12	0	50	500	500	0	500	500	0	
4.2549777676e+02	15	530	2	498	4	4	0	50	500	500	0	500	500	0	
4.2599802159e+02	10	533	2	498	6	8	0	50	500	500	0	500	500	0	
4.2649960653e+02	11	533	6	494	5	6	0	50	500	500	0	500	500	0	
4.2699964167e+02	11	533	7	493	5	8	0	50	500	500	0	500	500	0	
4.2748972467e+02	13	531	3	497	2	6	0	50	500	500	0	500	500	0	
4.2799882004e+02	17	529	8	492	1	3	0	50	500	500	0	500	500	0	
4.2849872499e+02	15	530	5	495	2	8	0	50	500	500	0	500	500	0	
4.2899858351e+02	15	529	4	496	7	2	0	50	500	500	0	500	500	0	
4.2949707210e+02	12	534	3	497	6	4	0	50	500	500	0	500	500	0	
4.2999809293e+02	14	533	9	491	4	9	0	50	500	500	0	500	500	0	
4.3049896349e+02	14	533	5	495	7	8	0	50	500	500	0	500	500	0	
4.3099711424e+02	16	531	3	497	3	8	0	50	500	500	0	500	500	0	
4.3149950308e+02	15	531	7	493	4	2	0	50	500	500	0	500	500	0	
4.3199872214e+02	14	533	3	497	2	5	0	50	500	500	0	500	500	0	
4.3249903150e+02	16	530	6	494	4	6	0	50	500	500	0	500	500	0	
4.3299962490e+02	16	530	5	495	5	4	0	50	500	500	0	500	500	0	
4.3349929573e+02	21	525	4	496	2	5	0	50	500	500	0	500	500	0	
4.3399754364e+02	20	525	4	496	3	2	0	50	500	500	0	500	500	0	
4.3449994897e+02	21	527	4	496	6	5	0	50	500	500	0	500	500	0	
4.3499857338e+02	21	527	5	495	2	6	0	50	500	500	0	500	500	0	
4.3549977901e+02	21	527	5	495	4	8	0	50	500	500	0	500	500	0	
4.3599935089e+02	19	529	4	496	3	7	0	50	500	500	0	500	500	0	
4.3649994616e+02	17	532	4	496	1	7	0	50	500	500	0	500	500	0	
4.3699865202e+02	16	533	2	498	2	8	0	50	500	500	0	500	500	0	
4.3749939166e+02	21	529	6	494	5	5	0	50	500	500	0	500	500	0	
4.3799538675e+02	21	530	6	494	5	8	0	50	500	500	0	500	500	0	
4.3849641088e+02	20	531	3	497	4	6	0	50	500	500	0	500	500	0	
4.3899803969e+02	17	533	3	497	3	3	0	50	500	500	0	500	500	0	
4.3949701070e+02	16	535	1	499	0	5	0	50	500	500	0	500	500	0	
4.3999529882e+02	17	533	7	493	3	7	0	50	500	500	0	500	500	0	
4.4049884443e+02	14	535	7	493	6	8	0	50	500	500	0	500	500	0	
4.4099719985e+02	11	539	6	494	8	3	0	50	500	500	0	500	500	0	
4.4149999020e+02	11	539	5	495	1	4	0	50	500	500	0	500	500	0	
4.4199833454e+02	12	539	4	496	8	6	0	50	500	500	0	500	500	0	
4.4249826598e+02	10	541	2	498	6	6	0	50	500	500	0	500	500	0	
4.4299804768e+02	10	544	10	490	3	3	0	50	500	500	0	500	500	0	
4.4349572760e+02	7	546	3	497	1	4	0	50	500	500	0	500	500	0	
4.4399903391e+02	9	545	5	495	2	3	0	50	500	500	0	500	500	0	
4.4449960619e+02	7	547	5	495	2	7	0	50	500	500	0	500	500	0	
4.4499928639e+02	7	547	3	497	4	3	0	50	500	500	0	500	500	0	
4.4549964810e+02	7	547	6	494	5	8	0	50	500	500	0	500	500	0	
4.4599557636e+02	10	544	0	500	5	3	0	50	500	500	0	500	500	0	
4.4649950050e+02	9	545	3	497	4	6	0	50	500	500	0	500	500	0	
4.4699773597e+02	10	545	4	496	2	4	0	50	500	500	0	500	500	0	
4.4749789105e+02	11	545	4	496	3	7	0	50	500	500	0	500	500	0	
4.4799784641e+02	12	544	3	497	5	5	0	50	500	500	0	500	500	0	
4.4849959877e+02	17	539	5	495	2	4	0	50	500	500	0	500	500	0	
4.4899677486e+02	16	540	1	499	3	3	0	50	500	500	0	500	500	0	
4.4949548331e+02	13	544	5	495	3	4	0	50	500	500	0	500	500	0	
4.4999890711e+02	13	545	4	496	3	3	0	50	500	500	0	500	500	0	
4.5049791464e+02	14	543	3	497	5	2	0	50	500	500	0	500	500	0	
4.5099588770e+02	13	546	3	497	2	5	0	50	500	500	0	500	500	0	
4.5149523645e+02	9	551	6	494	3	3	0	50	500	500	0	500	500	0	
4.5199945450e+02	9	551	10	490	3	7	0	50	500	500	0	500	500	0	
4.5249744281e+02	8	554	6	494	3	4	0	50	500	500	0	500	500	0	
4.5299983341e+02	8	553	9	491	2	5	0	50	500	500	0	500	500	0	
4.5349727765e+02	5	556	5	495	9	1	0	50	500	500	0	500	500	0	
4.5399958815e+02	10	551	7	493	3	5	0	50	500	500	0	500	500	0	
4.5449755913e+02	12	551	4	496	6	3	0	50	500	500	0	500	500	0	
4.5499997394e+02	14	549	4	496	6	4	0	50	500	500	0	500	500	0	
4.5549667644e+02	13	549	4	496	3	5	0	50	500	500	0	500	500	0	
4.5599426055e+02	10	552	5	495	3	5	0	50	500	500	0	500	500	0	
4.5649805530e+02	12	549	5	495	4	5	0	50	500	500	0	500	500	0	
4.5699478000e+02	14	547	4	496	2	9	0	50	500	500	0	500	500	0	
4.5749845356e+02	14	549	5	495	3	10	0	50	500	500	0	500	500	0	
4.5799644562e+02	12	552	2	498	3	9	0	50	500	500	0	500	500	0	
4.5849994311e+02	15	550	6	494	8	7	0	50	500	500	0	500	500	0	
4.5899738934e+02	17	548	3	497	5	8	0	50	500	500	0	500	500	0	
4.5949855067e+02	12	553	5	495	2	9	0	50	500	500	0	500	500	0	
4.5999972999e+02	15	551	3	497	4	10	0	50	500	500	0	500	500	0	
4.6049997734e+02	13	554	3	497	4	11	0	50	500	500	0	500	500	0	
4.6099947971e+02	13	555	5	495	5	1	0	50	500	500	0	500	500	0	
4.6149880678e+02	13	555	6	494	1	9	0	50	500	500	0	500	500	0	
4.6199987343e+02	9	561	2	498	7	5	0	50	500	500	0	500	500	0	
4.6249718837e+02	8	562	2	498	1	4	0	50	500	500	0	500	500	0	
4.6299937413e+02	10	560	7	493	4	7	0	50	500	500	0	500	500	0	
4.6349869770e+02	14	557	6	494	3	4	0	50	500	500	0	500	500	0	
4.6399972966e+02	11	561	3	497	3	1	0	50	500	500	0	500	500	0	
4.6449721693e+02	10	566	7	493	7	6	0	50	500	500	0	500	500	0	
4.6499755187e+02	13	564	4	496	3	6	0	50	500	500	0	500	500	0	
4.6549976894e+02	12	567	4	496	3	6	0	50	500	500	0	500	500	0	
4.6599367481e+02	13	567	4	496	6	1	0	50	500	500	0	500	500	0	
4.6649928174e+02	15	566	3	497	4	5	0	50	500	500	0	500	500	0	
4.6699143256e+02	17	565	2	498	4	8	0	50	500	500	0	500	500	0	
4.6749813364e+02	18	564	6	494	3	5	0	50	500	500	0	500	500	0	
4.6799945360e+02	14	569	8	492	3	4	0	50	500	500	0	500	500	0	
4.6849952724e+02	16	569	4	496	3	3	0	50	500	500	0	500	500	0	
4.6899342906e+02	15	570	1	499	3	3	0	50	500	500	0	500	500	0	
4.6949995148e+02	15	570	4	496	5	8	0	50	500	500	0	500	500	0	
4.6999966037e+02	18	567	5	495	4	6	0	50	500	500	0	500	500	0	
4.7049942759e+02	13	572	3	497	4	9	0	50	500	500	0	500	500	0	
4.7099847228e+02	11	574	2	498	4	7	0	50	500	500	0	500	500	0	
4.7149929227e+02	11	573	3	497	4	3	0	50	500	500	0	500	500	0	
4.7199937542e+02	12	574	4	496	6	2	0	50	500	500	0	500	500	0	
4.7249993209e+02	19	568	8	492	9	8	0	50	500	500	0	500	500	0	
4.7299931100e+02	12	575	4	496	3	7	0	50	500	500	0	500	500	0	
4.7349816257e+02	11	575	2	498	6	7	0	50	500	500	0	500	500	0	
4.7399982653e+02	12	571	1	499	6	8	0	50	500	500	0	500	500	0	
4.7449617295e+02	12	571	6	494	2	3	0	50	500	500	0	500	500	0	
4.7499787496e+02	12	573	2	498	4	7	0	50	500	500	0	500	500	0	
4.7549583764e+02	10	577	2	498	3	6	0	50	500	500	0	500	500	0	
4.7599926818e+02	11	581	5	495	6	2	0	50	500	500	0	500	500	0	
4.7649905221e+02	9	584	2	498	3	4	0	50	500	500	0	500	500	0	
4.7699644380e+02	9	583	3	497	5	7	0	50	500	500	0	500	500	0	
4.7749945492e+02	13	580	9	491	3	4	0	50	500	500	0	500	500	0	
4.7799613064e+02	13	582	5	495	4	6	0	50	500	500	0	500	500	0	
4.7849639141e+02	14	580	4	496	5	1	0	50	500	500	0	500	500	0	
4.7899995604e+02	16	580	3	497	6	5	0	50	500	500	0	500	500	0	
4.7949987693e+02	19	578	4	496	3	4	0	50	500	500	0	500	500	0	
4.7999935085e+02	16	584	6	494	4	3	0	50	500	500	0	500	500	0	
4.8049621891e+02	17	584	6	494	1	7	0	50	500	500	0	500	500	0	
4.8099912443e+02	17	585	3	497	3	6	0	50	500	500	0	500	500	0	
4.8149939393e+02	15	586	2	498	6	2	0	50	500	500	0	500	500	0	
4.8199820594e+02	15	586	5	495	5	9	0	50	500	500	0	500	500	0	
4.8249879928e+02	11	591	5	495	3	3	0	50	500	500	0	500	500	0	
4.8299700327e+02	11	592	10	490	5	3	0	50	500	500	0	500	500	0	
4.8349559300e+02	15	589	2	498	3	3	0	50	500	500	0	500	500	0	
4.8399622821e+02	12	591	7	493	6	5	0	50	500	500	0	500	500	0	
4.8449908660e+02	14	588	5	495	8	7	0	50	500	500	0	500	500	0	
4.8499234931e+02	17	588	3	497	3	6	0	50	500	500	0	500	500	0	
4.8549941425e+02	15	589	5	495	7	8	0	50	500	500	0	500	500	0	
4.8599621591e+02	12	592	6	494	1	10	0	50	500	500	0	500	500	0	
4.8649819611e+02	13	592	4	496	2	4	0	50	500	500	0	500	500	0	
4.8699848932e+02	16	589	2	498	3	8	0	50	500	500	0	500	500	0	
4.8749932900e+02	18	587	3	497	1	6	0	50	500	500	0	500	500	0	
4.8799520437e+02	16	589	3	497	4	6	0	50	500	500	0	500	500	0	
4.8849852549e+02	17	588	8	492	6	6	0	50	500	500	0	500	500	0	
4.8899823798e+02	13	592	3	497	3	6	0	50	500	500	0	500	500	0	
4.8949767870e+02	12	596	2	498	4	5	0	50	500	500	0	500	500	0	
4.8999882933e+02	13	597	0	500	3	4	0	50	500	500	0	500	500	0	
4.9049946637e+02	12	598	3	497	4	4	0	50	500	500	0	500	500	0	
4.9099859128e+02	13	598	5	495	5	2	0	50	500	500	0	500	500	0	
4.9149359523e+02	19	593	2	498	6	7	0	50	500	500	0	500	500	0	
4.9199603166e+02	18	593	6	494	1	3	0	50	500	500	0	500	500	0	
4.9249842580e+02	14	597	3	497	3	2	0	50	500	500	0	500	500	0	
4.9299949793e+02	14	599	5	495	4	7	0	50	500	500	0	500	500	0	
4.9349769419e+02	10	602	1	499	3	3	0	50	500	500	0	500	500	0	
4.9399907842e+02	6	606	7	493	6	0	0	50	500	500	0	500	500	0	
4.9449844625e+02	4	609	9	491	4	4	0	50	500	500	0	500	500	0	
4.9499905036e+02	5	607	2	498	10	1	0	50	500	500	0	500	500	0	
4.9549860548e+02	6	606	2	498	1	4	0	50	500	500	0	500	500	0	
4.9599847647e+02	6	606	4	496	2	3	0	50	500	500	0	500	500	0	
4.9649901186e+02	6	608	1	499	5	6	0	50	500	500	0	500	500	0	
4.9699806658e+02	8	607	5	495	7	7	0	50	500	500	0	500	500	0	
4.9749843114e+02	8	606	0	500	6	11	0	50	500	500	0	500	500	0	
4.9799926478e+02	8	607	7	493	6	4	0	50	500	500	0	500	500	0	
4.9849929571e+02	10	603	5	495	8	5	0	50	500	500	0	500	500	0	
4.9899780710e+02	9	604	4	496	1	7	0	50	500	500	0	500	500	0	
4.9949873563e+02	5	608	6	494	4	7	0	50	500	500	0	500	500	0	
4.9999979720e+02	7	607	7	493	2	3	0	50	500	500	0	500	500	0	
5.0000038461e+02	7	607	7	493	2	4	0	50	500	500	0	500	500	0	
