0.0000000000e+00	0	0	0	0	0	500	500	0	500	500	0	500	500	0	
4.9944309476e-01	0	3	2	0	30	470	500	0	500	500	0	500	500	0	
9.9539429748e-01	1	6	5	0	43	457	500	0	500	500	0	500	500	0	
1.4993373825e+00	2	5	4	1	42	458	500	0	500	500	0	500	500	0	
1.9994905296e+00	5	3	6	0	37	463	500	0	500	500	0	500	500	0	
2.4992373135e+00	7	3	9	0	27	473	500	0	500	500	0	500	500	0	
2.9986209185e+00	8	5	11	1	50	450	500	0	500	500	0	500	500	0	
3.4999001078e+00	10	6	12	1	46	454	500	0	500	500	0	500	500	0	
3.9999581763e+00	13	4	15	2	48	452	500	0	500	500	0	500	500	0	
4.4958577928e+00	13	4	16	2	38	462	500	0	500	500	0	500	500	0	
4.9940369121e+00	14	4	19	1	34	466	500	0	500	500	0	500	500	0	
5.4989310536e+00	16	4	22	1	32	468	500	0	500	500	0	500	500	0	
5.9996371957e+00	18	3	24	1	30	470	500	0	500	500	0	500	500	0	
6.4909772614e+00	18	3	24	1	33	467	500	0	500	500	0	500	500	0	
6.9998839125e+00	19	4	25	0	34	466	500	0	500	500	0	500	500	0	
7.4975553936e+00	21	4	28	0	34	466	500	0	500	500	0	500	500	0	
7.9929604004e+00	23	3	29	0	43	457	500	0	500	500	0	500	500	0	
8.4973145206e+00	23	3	31	0	54	446	500	0	500	500	0	500	500	0	
8.9987181912e+00	23	4	33	0	55	445	500	0	500	500	0	500	500	0	
9.4992789544e+00	25	3	35	1	43	457	500	0	500	500	0	500	500	0	
9.9977652374e+00	25	3	36	1	37	463	500	0	500	500	0	500	500	0	
1.0498635227e+01	26	3	35	1	38	462	500	0	500	500	0	500	500	0	
1.0999963718e+01	27	2	37	2	39	461	500	0	500	500	0	500	500	0	
1.1499491197e+01	27	3	39	2	34	466	500	0	500	500	0	500	500	0	
1.1997428990e+01	28	2	43	0	33	467	500	0	500	500	0	500	500	0	
1.2499788889e+01	29	1	43	0	31	469	500	0	500	500	0	500	500	0	
1.2999441078e+01	29	1	46	1	32	468	500	0	500	500	0	500	500	0	
1.3491575671e+01	29	4	48	4	33	467	500	0	500	500	0	500	500	0	
1.3999747081e+01	29	4	46	5	43	457	500	0	500	500	0	500	500	0	
1.4499378938e+01	29	4	49	3	35	465	500	0	500	500	0	500	500	0	
1.4998747663e+01	31	3	55	0	46	454	500	0	500	500	0	500	500	0	
1.5498541917e+01	32	3	54	0	67	433	500	0	500	500	0	500	500	0	
1.5997509575e+01	34	2	55	0	49	451	500	0	500	500	0	500	500	0	
1.6495749474e+01	34	2	57	1	45	455	500	0	500	500	0	500	500	0	
1.6998423487e+01	34	3	57	0	47	453	500	0	500	500	0	500	500	0	
1.7498317579e+01	34	3	57	2	41	459	500	0	500	500	0	500	500	0	
1.7998457518e+01	35	4	57	2	42	458	500	0	500	500	0	500	500	0	
1.8491011409e+01	38	4	56	4	38	462	500	0	500	500	0	500	500	0	
1.8998892729e+01	40	3	62	0	43	457	500	0	500	500	0	500	500	0	
1.9497675119e+01	42	2	63	0	38	462	500	0	500	500	0	500	500	0	
1.9998152175e+01	42	3	62	1	41	459	500	0	500	500	0	500	500	0	
2.0499100091e+01	43	2	63	4	42	458	500	0	500	500	0	500	500	0	
2.0999933399e+01	43	3	67	0	43	457	500	0	500	500	0	500	500	0	
2.1499769884e+01	43	3	67	0	47	453	500	0	500	500	0	500	500	0	
2.1998541471e+01	44	3	71	0	50	450	500	0	500	500	0	500	500	0	
2.2497853564e+01	44	5	71	2	56	444	500	0	500	500	0	500	500	0	
2.2998165757e+01	44	5	71	5	28	472	500	0	500	500	0	500	500	0	
2.3491139516e+01	44	5	76	3	38	462	500	0	500	500	0	500	500	0	
2.3999866447e+01	46	6	82	0	51	449	500	0	500	500	0	500	500	0	
2.4495283810e+01	48	4	86	1	40	460	500	0	500	500	0	500	500	0	
2.4999699606e+01	48	4	84	5	43	457	500	0	500	500	0	500	500	0	
2.5499759450e+01	49	3	88	2	30	470	500	0	500	500	0	500	500	0	
2.5996592225e+01	51	2	90	1	39	461	500	0	500	500	0	500	500	0	
2.6498537359e+01	51	3	90	3	35	465	500	0	500	500	0	500	500	0	
2.6999157401e+01	51	3	90	8	43	457	500	0	500	500	0	500	500	0	
2.7492865659e+01	52	3	95	4	44	456	500	0	500	500	0	500	500	0	
2.7999812600e+01	53	2	100	2	31	469	500	0	500	500	0	500	500	0	
2.8497917462e+01	54	3	99	5	33	467	500	0	500	500	0	500	500	0	
2.8999968438e+01	55	2	104	3	48	452	500	0	500	500	0	500	500	0	
2.9499529346e+01	55	3	108	1	41	459	500	0	500	500	0	500	500	0	
2.9999792653e+01	57	3	114	2	36	464	500	0	500	500	0	500	500	0	
3.0499989244e+01	59	1	116	2	30	470	500	0	500	500	0	500	500	0	
3.0998562716e+01	59	2	117	3	36	464	500	0	500	500	0	500	500	0	
3.1499426486e+01	59	2	116	4	41	459	500	0	500	500	0	500	500	0	
3.1997393368e+01	59	4	118	3	36	464	500	0	500	500	0	500	500	0	
3.2497466783e+01	59	4	124	2	37	463	500	0	500	500	0	500	500	0	
3.2999348079e+01	59	4	124	2	52	448	500	0	500	500	0	500	500	0	
3.3497549254e+01	61	2	127	1	67	433	500	0	500	500	0	500	500	0	
3.3999670653e+01	63	2	128	0	62	438	500	0	500	500	0	500	500	0	
3.4499993456e+01	63	4	129	2	46	454	500	0	500	500	0	500	500	0	
3.4995950769e+01	64	4	126	4	48	452	500	0	500	500	0	500	500	0	
3.5496891761e+01	64	6	129	2	48	452	500	0	500	500	0	500	500	0	
3.5999047680e+01	66	5	125	6	55	445	500	0	500	500	0	500	500	0	
3.6496715653e+01	67	4	124	8	43	457	500	0	500	500	0	500	500	0	
3.6998512742e+01	67	5	129	8	32	468	500	0	500	500	0	500	500	0	
3.7498378416e+01	67	5	130	7	26	474	500	0	500	500	0	500	500	0	
3.7999273450e+01	68	4	132	9	37	463	500	0	500	500	0	500	500	0	
3.8498057239e+01	70	4	131	10	33	467	500	0	500	500	0	500	500	0	
3.8999152706e+01	73	2	135	7	44	456	500	0	500	500	0	500	500	0	
3.9499687867e+01	73	3	140	3	49	451	500	0	500	500	0	500	500	0	
3.9999006959e+01	73	4	143	0	54	446	500	0	500	500	0	500	500	0	
4.0498317167e+01	74	3	146	2	20	480	500	0	500	500	0	500	500	0	
4.0993581662e+01	75	2	143	5	31	469	500	0	500	500	0	500	500	0	
4.1499360690e+01	75	2	146	5	28	472	500	0	500	500	0	500	500	0	
4.1995844890e+01	75	4	150	3	33	467	500	0	500	500	0	500	500	0	
4.2498262826e+01	75	6	149	6	51	449	500	0	500	500	0	500	500	0	
4.2995852768e+01	75	7	152	6	39	461	500	0	500	500	0	500	500	0	
4.3497521674e+01	76	5	152	8	32	468	500	0	500	500	0	500	500	0	
4.3999664424e+01	79	3	157	5	33	467	500	0	500	500	0	500	500	0	
4.4499922052e+01	79	4	159	4	47	453	500	0	500	500	0	500	500	0	
4.4999673039e+01	82	2	161	2	47	453	500	0	500	500	0	500	500	0	
4.5495599093e+01	84	0	161	2	26	474	500	0	500	500	0	500	500	0	
4.5998403409e+01	83	0	162	1	42	458	500	0	500	500	0	500	500	0	
4.6497072489e+01	83	0	165	0	50	450	500	0	500	500	0	500	500	0	
4.6998479992e+01	83	1	166	0	38	462	500	0	500	500	0	500	500	0	
4.7497155374e+01	83	1	164	1	42	458	500	0	500	500	0	500	500	0	
4.7992597087e+01	84	2	165	2	39	461	500	0	500	500	0	500	500	0	
4.8499352431e+01	85	1	170	1	55	445	500	0	500	500	0	500	500	0	
4.8996338672e+01	85	1	171	1	41	459	500	0	500	500	0	500	500	0	
4.9499246099e+01	86	2	170	2	35	465	500	0	500	500	0	500	500	0	
4.9999475545e+01	86	2	173	1	39	461	500	0	500	500	0	500	500	0	
5.0499861768e+01	87	1	180	1	39	461	500	0	500	500	0	500	500	0	
5.0996951912e+01	87	2	182	1	57	443	500	0	500	500	0	500	500	0	
5.1495786249e+01	88	2	192	1	39	461	500	0	500	500	0	500	500	0	
5.1999146763e+01	90	1	191	4	47	453	500	0	500	500	0	500	500	0	
5.2499207106e+01	92	1	196	1	41	459	500	0	500	500	0	500	500	0	
5.2999441647e+01	92	2	198	2	42	458	500	0	500	500	0	500	500	0	
5.3499758731e+01	94	1	197	3	32	468	500	0	500	500	0	500	500	0	
5.3997473439e+01	94	3	200	3	50	450	500	0	500	500	0	500	500	0	
5.4493815631e+01	94	5	204	1	47	453	500	0	500	500	0	500	500	0	
5.4999092884e+01	94	6	200	7	39	461	500	0	500	500	0	500	500	0	
5.5499905140e+01	97	4	197	10	44	456	500	0	500	500	0	500	500	0	
5.5996162752e+01	97	6	202	5	24	476	500	0	500	500	0	500	500	0	
5.6499524178e+01	98	6	202	6	46	454	500	0	500	500	0	500	500	0	
5.6999787522e+01	99	5	205	5	41	459	500	0	500	500	0	500	500	0	
5.7497417648e+01	99	6	200	9	38	462	500	0	500	500	0	500	500	0	
5.7995861829e+01	100	6	204	7	34	466	500	0	500	500	0	500	500	0	
5.8499370386e+01	103	3	207	8	41	459	500	0	500	500	0	500	500	0	
5.8997961574e+01	103	3	211	6	31	469	500	0	500	500	0	500	500	0	
5.9498822829e+01	104	2	216	3	43	457	500	0	500	500	0	500	500	0	
5.9997236400e+01	104	3	212	8	22	478	500	0	500	500	0	500	500	0	
6.0499174051e+01	104	4	220	4	41	459	500	0	500	500	0	500	500	0	
6.0993328379e+01	106	3	219	7	33	467	500	0	500	500	0	500	500	0	
6.1495228361e+01	106	4	227	1	39	461	500	0	500	500	0	500	500	0	
6.1999819005e+01	106	4	228	2	46	454	500	0	500	500	0	500	500	0	
6.2494844672e+01	106	5	229	2	35	465	500	0	500	500	0	500	500	0	
6.2996639366e+01	108	4	229	2	45	455	500	0	500	500	0	500	500	0	
6.3499907126e+01	109	4	229	5	41	459	500	0	500	500	0	500	500	0	
6.3997752329e+01	109	5	230	5	53	447	500	0	500	500	0	500	500	0	
6.4498143726e+01	110	5	230	3	44	456	500	0	500	500	0	500	500	0	
6.4996402473e+01	111	4	232	1	40	460	500	0	500	500	0	500	500	0	
6.5499925186e+01	112	6	233	1	44	456	500	0	500	500	0	500	500	0	
6.5997714765e+01	112	8	232	3	47	453	500	0	500	500	0	500	500	0	
6.6494004948e+01	116	7	230	7	37	463	500	0	500	500	0	500	500	0	
6.6996222935e+01	119	5	233	4	38	462	500	0	500	500	0	500	500	0	
6.7498500159e+01	121	4	232	6	38	462	500	0	500	500	0	500	500	0	
6.7996916466e+01	122	4	235	3	46	454	500	0	500	500	0	500	500	0	
6.8498599775e+01	123	3	240	3	50	450	500	0	500	500	0	500	500	0	
6.8999304778e+01	124	2	243	3	46	454	500	0	500	500	0	500	500	0	
6.9497935940e+01	124	2	247	3	41	459	500	0	500	500	0	500	500	0	
6.9999261049e+01	124	3	249	1	46	454	500	0	500	500	0	500	500	0	
7.0497005450e+01	124	4	251	2	42	458	500	0	500	500	0	500	500	0	
7.0999855675e+01	124	4	252	3	49	451	500	0	500	500	0	500	500	0	
7.1499431234e+01	125	3	256	3	53	447	500	0	500	500	0	500	500	0	
7.1993343461e+01	126	2	259	3	42	458	500	0	500	500	0	500	500	0	
7.2494529133e+01	126	4	259	5	34	466	500	0	500	500	0	500	500	0	
7.2995030260e+01	126	4	261	5	43	457	500	0	500	500	0	500	500	0	
7.3499607069e+01	126	4	264	2	63	437	500	0	500	500	0	500	500	0	
7.3998294381e+01	130	2	263	5	50	450	500	0	500	500	0	500	500	0	
7.4498697729e+01	132	3	263	6	45	455	500	0	500	500	0	500	500	0	
7.4998454549e+01	133	5	265	8	40	460	500	0	500	500	0	500	500	0	
7.5490304248e+01	133	7	268	5	35	465	500	0	500	500	0	500	500	0	
7.5994253601e+01	134	6	265	6	32	468	500	0	500	500	0	500	500	0	
7.6499605671e+01	136	4	268	5	33	467	500	0	500	500	0	500	500	0	
7.6992523631e+01	137	5	270	4	42	458	500	0	500	500	0	500	500	0	
7.7497805302e+01	138	4	272	3	37	463	500	0	500	500	0	500	500	0	
7.7999074342e+01	137	5	270	4	49	451	500	0	500	500	0	500	500	0	
7.8498269062e+01	139	4	271	6	48	452	500	0	500	500	0	500	500	0	
7.8998663086e+01	139	4	271	4	41	459	500	0	500	500	0	500	500	0	
7.9497721632e+01	141	2	275	5	45	455	500	0	500	500	0	500	500	0	
7.9997362823e+01	142	1	277	2	42	458	500	0	500	500	0	500	500	0	
8.0498667552e+01	142	4	275	4	40	460	500	0	500	500	0	500	500	0	
8.0998274650e+01	143	3	275	6	52	448	500	0	500	500	0	500	500	0	
8.1496986375e+01	146	1	274	4	26	474	500	0	500	500	0	500	500	0	
8.1997536757e+01	146	2	275	6	44	456	500	0	500	500	0	500	500	0	
8.2499732124e+01	146	2	279	5	54	446	500	0	500	500	0	500	500	0	
8.2994775418e+01	146	2	278	6	44	456	500	0	500	500	0	500	500	0	
8.3496778238e+01	146	3	285	3	28	472	500	0	500	500	0	500	500	0	
8.3999330181e+01	147	2	288	3	38	462	500	0	500	500	0	500	500	0	
8.4499804172e+01	150	3	287	3	32	468	500	0	500	500	0	500	500	0	
8.4998506240e+01	149	4	285	4	51	449	500	0	500	500	0	500	500	0	
8.5497493956e+01	150	4	283	5	63	437	500	0	500	500	0	500	500	0	
8.5999465029e+01	151	3	287	6	73	427	500	0	500	500	0	500	500	0	
8.6494624030e+01	153	1	294	3	54	446	500	0	500	500	0	500	500	0	
8.6999409891e+01	152	1	295	2	40	460	500	0	500	500	0	500	500	0	
8.7492552954e+01	153	1	299	2	42	458	500	0	500	500	0	500	500	0	
8.7998454326e+01	153	3	302	4	54	446	500	0	500	500	0	500	500	0	
8.8496033140e+01	154	3	301	5	43	457	500	0	500	500	0	500	500	0	
8.8997263044e+01	155	2	302	3	41	459	500	0	500	500	0	500	500	0	
8.9497433437e+01	155	3	304	0	40	460	500	0	500	500	0	500	500	0	
8.9998736682e+01	156	2	302	2	48	452	500	0	500	500	0	500	500	0	
9.0494694744e+01	157	2	303	2	32	468	500	0	500	500	0	500	500	0	
9.0995152111e+01	158	1	303	1	33	467	500	0	500	500	0	500	500	0	
9.1499047963e+01	159	0	306	1	33	467	500	0	500	500	0	500	500	0	
9.1998331666e+01	159	0	305	2	43	457	500	0	500	500	0	500	500	0	
9.2499515501e+01	159	1	307	1	54	446	500	0	500	500	0	500	500	0	
9.2997057885e+01	158	1	307	0	40	460	500	0	500	500	0	500	500	0	
9.3498842532e+01	158	2	307	2	35	465	500	0	500	500	0	500	500	0	
9.3999257614e+01	158	2	308	2	45	455	500	0	500	500	0	500	500	0	
9.4495732056e+01	159	1	304	3	59	441	500	0	500	500	0	500	500	0	
9.4999329291e+01	159	2	308	2	37	463	500	0	500	500	0	500	500	0	
9.5499837128e+01	158	2	304	5	40	460	500	0	500	500	0	500	500	0	
9.5996651749e+01	159	3	312	1	35	465	500	0	500	500	0	500	500	0	
9.6498716795e+01	160	3	313	0	49	451	500	0	500	500	0	500	500	0	
9.6997653232e+01	160	3	315	4	39	461	500	0	500	500	0	500	500	0	
9.7499391722e+01	161	2	321	1	32	468	500	0	500	500	0	500	500	0	
9.7998853827e+01	160	2	320	2	43	457	500	0	500	500	0	500	500	0	
9.8496942745e+01	162	2	323	2	28	472	500	0	500	500	0	500	500	0	
9.8999960988e+01	163	1	323	0	41	459	500	0	500	500	0	500	500	0	
9.9499774700e+01	163	1	325	1	44	456	500	0	500	500	0	500	500	0	
9.9999992120e+01	163	1	322	4	44	456	500	0	500	500	0	500	500	0	
1.0049762274e+02	162	2	319	6	46	454	500	0	500	500	0	500	500	0	
1.0099628468e+02	162	5	320	6	23	477	500	0	500	500	0	500	500	0	
1.0149838726e+02	164	7	321	5	45	455	500	0	500	500	0	500	500	0	
1.0199841178e+02	166	7	321	8	41	459	500	0	500	500	0	500	500	0	
1.0249999391e+02	168	6	328	6	57	443	500	0	500	500	0	500	500	0	
1.0299724538e+02	171	3	332	3	49	451	500	0	500	500	0	500	500	0	
1.0349924351e+02	172	2	337	2	34	466	500	0	500	500	0	500	500	0	
1.0399807515e+02	170	5	335	5	32	468	500	0	500	500	0	500	500	0	
1.0449935247e+02	170	6	334	9	53	447	500	0	500	500	0	500	500	0	
1.0499925230e+02	172	6	331	17	53	447	500	0	500	500	0	500	500	0	
1.0549985138e+02	172	7	333	12	32	468	500	0	500	500	0	500	500	0	
1.0599607333e+02	173	10	331	13	36	464	500	0	500	500	0	500	500	0	
1.0649858168e+02	176	6	334	10	63	437	500	0	500	500	0	500	500	0	
1.0699996572e+02	179	3	335	7	51	449	500	0	500	500	0	500	500	0	
1.0749840778e+02	180	2	334	8	24	476	500	0	500	500	0	500	500	0	
1.0799972070e+02	180	3	340	5	42	458	500	0	500	500	0	500	500	0	
1.0849832583e+02	181	2	341	6	35	465	500	0	500	500	0	500	500	0	
1.0899992741e+02	182	3	343	6	32	468	500	0	500	500	0	500	500	0	
1.0949958703e+02	182	3	343	4	38	462	500	0	500	500	0	500	500	0	
1.0999784657e+02	183	5	341	3	34	466	500	0	500	500	0	500	500	0	
1.1049146497e+02	182	5	338	6	48	452	500	0	500	500	0	500	500	0	
1.1099835308e+02	181	5	343	4	47	453	500	0	500	500	0	500	500	0	
1.1149888759e+02	182	7	338	7	23	477	500	0	500	500	0	500	500	0	
1.1199911237e+02	184	7	340	8	49	451	500	0	500	500	0	500	500	0	
1.1249672375e+02	184	7	342	8	34	466	500	0	500	500	0	500	500	0	
1.1299867095e+02	188	3	347	6	36	464	500	0	500	500	0	500	500	0	
1.1349280917e+02	188	3	347	5	48	452	500	0	500	500	0	500	500	0	
1.1399801392e+02	190	1	350	4	28	472	500	0	500	500	0	500	500	0	
1.1449677100e+02	190	2	352	4	37	463	500	0	500	500	0	500	500	0	
1.1499858671e+02	192	2	352	3	36	464	500	0	500	500	0	500	500	0	
1.1549915560e+02	192	2	349	5	34	466	500	0	500	500	0	500	500	0	
1.1599717580e+02	192	3	348	5	41	459	500	0	500	500	0	500	500	0	
1.1649550117e+02	192	4	352	4	35	465	500	0	500	500	0	500	500	0	
1.1699946908e+02	192	5	352	6	51	449	500	0	500	500	0	500	500	0	
1.1749903843e+02	192	7	351	7	36	464	500	0	500	500	0	500	500	0	
1.1799952687e+02	192	9	349	9	42	458	500	0	500	500	0	500	500	0	
1.1849740439e+02	193	8	354	5	30	470	500	0	500	500	0	500	500	0	
1.1899948169e+02	193	9	348	9	39	461	500	0	500	500	0	500	500	0	
1.1949965776e+02	197	7	350	8	45	455	500	0	500	500	0	500	500	0	
1.1999882280e+02	201	3	356	5	63	437	500	0	500	500	0	500	500	0	
1.2049717759e+02	201	5	357	5	59	441	500	0	500	500	0	500	500	0	
1.2099931639e+02	202	4	356	5	42	458	500	0	500	500	0	500	500	0	
1.2149953086e+02	201	5	355	5	36	464	500	0	500	500	0	500	500	0	
1.2199990043e+02	204	4	359	2	38	462	500	0	500	500	0	500	500	0	
1.2249936814e+02	205	3	357	3	35	465	500	0	500	500	0	500	500	0	
1.2299906706e+02	205	3	361	2	36	464	500	0	500	500	0	500	500	0	
1.2349900416e+02	204	5	357	6	46	454	500	0	500	500	0	500	500	0	
1.2399686554e+02	206	6	356	8	44	456	500	0	500	500	0	500	500	0	
1.2449972645e+02	207	6	358	6	42	458	500	0	500	500	0	500	500	0	
1.2499947275e+02	207	6	356	10	45	455	500	0	500	500	0	500	500	0	
1.2549957282e+02	206	8	354	14	56	444	500	0	500	500	0	500	500	0	
1.2599887843e+02	206	8	359	14	47	453	500	0	500	500	0	500	500	0	
1.2649980671e+02	206	9	359	14	53	447	500	0	500	500	0	500	500	0	
1.2699916959e+02	207	10	363	13	39	461	500	0	500	500	0	500	500	0	
1.2749587157e+02	208	9	364	11	31	469	500	0	500	500	0	500	500	0	
1.2799940565e+02	208	7	364	11	37	463	500	0	500	500	0	500	500	0	
1.2849926891e+02	209	8	364	11	30	470	500	0	500	500	0	500	500	0	
1.2899989027e+02	208	9	361	16	41	459	500	0	500	500	0	500	500	0	
1.2949947667e+02	213	4	364	14	48	452	500	0	500	500	0	500	500	0	
1.2999903490e+02	211	7	366	11	39	461	500	0	500	500	0	500	500	0	
1.3049766355e+02	209	11	361	16	53	447	500	0	500	500	0	500	500	0	
1.3099898750e+02	212	9	367	10	44	456	500	0	500	500	0	500	500	0	
1.3149189494e+02	212	10	371	6	47	453	500	0	500	500	0	500	500	0	
1.3199963391e+02	213	10	369	6	37	463	500	0	500	500	0	500	500	0	
1.3249647101e+02	215	9	367	11	27	473	500	0	500	500	0	500	500	0	
1.3299703543e+02	218	8	363	15	30	470	500	0	500	500	0	500	500	0	
1.3349664037e+02	216	11	365	13	26	474	500	0	500	500	0	500	500	0	
1.3399958103e+02	217	11	362	18	55	445	500	0	500	500	0	500	500	0	
1.3449878317e+02	218	11	364	15	35	465	500	0	500	500	0	500	500	0	
1.3499925416e+02	219	10	370	10	45	455	500	0	500	500	0	500	500	0	
1.3549872079e+02	219	13	371	10	54	446	500	0	500	500	0	500	500	0	
1.3599676207e+02	216	18	362	15	38	462	500	0	500	500	0	500	500	0	
1.3649560102e+02	217	18	348	30	54	446	500	0	500	500	0	500	500	0	
1.3699928770e+02	218	17	350	30	60	440	500	0	500	500	0	500	500	0	
1.3749748674e+02	218	17	360	22	44	456	500	0	500	500	0	500	500	0	
1.3799839044e+02	221	13	364	20	33	467	500	0	500	500	0	500	500	0	
1.3849987092e+02	221	14	369	15	45	455	500	0	500	500	0	500	500	0	
1.3899979122e+02	222	13	372	13	36	464	500	0	500	500	0	500	500	0	
1.3949823085e+02	227	10	369	18	59	441	500	0	500	500	0	500	500	0	
1.3999806849e+02	226	10	379	12	69	431	500	0	500	500	0	500	500	0	
1.4049972191e+02	228	10	383	9	46	454	500	0	500	500	0	500	500	0	
1.4099987908e+02	229	9	385	8	45	455	500	0	500	500	0	500	500	0	
1.4149902349e+02	230	8	377	16	40	460	500	0	500	500	0	500	500	0	
1.4199576486e+02	231	8	378	15	42	458	500	0	500	500	0	500	500	0	
1.4249939201e+02	231	8	372	22	40	460	500	0	500	500	0	500	500	0	
1.4299944427e+02	230	9	380	17	44	456	500	0	500	500	0	500	500	0	
1.4349463091e+02	228	6	387	13	44	456	500	0	500	500	0	500	500	0	
1.4399906343e+02	230	5	388	14	45	455	500	0	500	500	0	500	500	0	
1.4449957814e+02	231	4	391	13	38	462	500	0	500	500	0	500	500	0	
1.4499938969e+02	231	5	387	15	41	459	500	0	500	500	0	500	500	0	
1.4549947416e+02	230	6	393	9	55	445	500	0	500	500	0	500	500	0	
1.4599982999e+02	232	5	396	4	43	457	500	0	500	500	0	500	500	0	
1.4649835310e+02	232	5	391	9	43	457	500	0	500	500	0	500	500	0	
1.4699922340e+02	229	10	393	9	43	457	500	0	500	500	0	500	500	0	
1.4749707051e+02	230	12	393	7	42	458	500	0	500	500	0	500	500	0	
1.4799939613e+02	231	11	392	11	58	442	500	0	500	500	0	500	500	0	
1.4849883448e+02	233	9	384	19	43	457	500	0	500	500	0	500	500	0	
1.4899987022e+02	233	8	391	15	38	462	500	0	500	500	0	500	500	0	
1.4949888861e+02	235	8	393	11	57	443	500	0	500	500	0	500	500	0	
1.4999798884e+02	236	7	392	11	59	441	500	0	500	500	0	500	500	0	
1.5049840841e+02	238	5	394	7	30	470	500	0	500	500	0	500	500	0	
1.5099991244e+02	239	5	397	6	25	475	500	0	500	500	0	500	500	0	
1.5149947705e+02	237	7	396	8	48	452	500	0	500	500	0	500	500	0	
1.5199795444e+02	238	6	398	9	40	460	500	0	500	500	0	500	500	0	
1.5249966785e+02	238	6	402	5	37	463	500	0	500	500	0	500	500	0	
1.5299878675e+02	239	5	400	7	39	461	500	0	500	500	0	500	500	0	
1.5349970059e+02	238	5	402	3	48	452	500	0	500	500	0	500	500	0	
1.5399538096e+02	239	5	401	8	34	466	500	0	500	500	0	500	500	0	
1.5449938782e+02	244	2	407	5	32	468	500	0	500	500	0	500	500	0	
1.5499854695e+02	245	2	404	6	42	458	500	0	500	500	0	500	500	0	
1.5549964832e+02	245	2	404	3	40	460	500	0	500	500	0	500	500	0	
1.5599961459e+02	245	2	401	5	55	445	500	0	500	500	0	500	500	0	
1.5649778293e+02	245	2	407	3	36	464	500	0	500	500	0	500	500	0	
1.5699904839e+02	248	3	409	6	39	461	500	0	500	500	0	500	500	0	
1.5749924199e+02	250	3	413	4	38	462	500	0	500	500	0	500	500	0	
1.5799829498e+02	251	4	401	12	29	471	500	0	500	500	0	500	500	0	
1.5849832931e+02	251	4	405	11	33	467	500	0	500	500	0	500	500	0	
1.5899631172e+02	251	5	406	13	47	453	500	0	500	500	0	500	500	0	
1.5949616018e+02	249	7	410	14	31	469	500	0	500	500	0	500	500	0	
1.5999625952e+02	252	4	415	13	49	451	500	0	500	500	0	500	500	0	
1.6049800200e+02	252	4	416	12	47	453	500	0	500	500	0	500	500	0	
1.6099958227e+02	252	4	424	7	43	457	500	0	500	500	0	500	500	0	
1.6149860704e+02	251	8	416	14	25	475	500	0	500	500	0	500	500	0	
1.6199646511e+02	252	9	417	15	36	464	500	0	500	500	0	500	500	0	
1.6249929157e+02	254	7	422	12	41	459	500	0	500	500	0	500	500	0	
1.6299899717e+02	257	4	422	10	51	449	500	0	500	500	0	500	500	0	
1.6349861314e+02	255	7	421	11	54	446	500	0	500	500	0	500	500	0	
1.6399886854e+02	258	3	426	7	53	447	500	0	500	500	0	500	500	0	
1.6449972380e+02	257	5	430	5	53	447	500	0	500	500	0	500	500	0	
1.6499861000e+02	259	5	431	9	40	460	500	0	500	500	0	500	500	0	
1.6549620542e+02	260	6	431	12	50	450	500	0	500	500	0	500	500	0	
1.6599955632e+02	264	2	434	12	46	454	500	0	500	500	0	500	500	0	
1.6649791127e+02	266	2	438	9	38	462	500	0	500	500	0	500	500	0	
1.6699958950e+02	265	3	440	6	31	469	500	0	500	500	0	500	500	0	
1.6749945694e+02	265	7	440	8	53	447	500	0	500	500	0	500	500	0	
1.6799678762e+02	265	7	443	8	49	451	500	0	500	500	0	500	500	0	
1.6849748121e+02	266	6	444	11	51	449	500	0	500	500	0	500	500	0	
1.6899801475e+02	263	10	438	17	32	468	500	0	500	500	0	500	500	0	
1.6949865299e+02	265	10	443	14	39	461	500	0	500	500	0	500	500	0	
1.6999863274e+02	267	8	445	11	31	469	500	0	500	500	0	500	500	0	
1.7049718193e+02	268	7	445	11	41	459	500	0	500	500	0	500	500	0	
1.7099948332e+02	269	6	449	6	47	453	500	0	500	500	0	500	500	0	
1.7149858267e+02	270	6	444	10	27	473	500	0	500	500	0	500	500	0	
1.7199932442e+02	273	4	444	8	37	463	500	0	500	500	0	500	500	0	
1.7249906973e+02	272	6	450	2	42	458	500	0	500	500	0	500	500	0	
1.7299713273e+02	271	10	453	4	34	466	500	0	500	500	0	500	500	0	
1.7349992686e+02	272	11	443	10	37	463	500	0	500	500	0	500	500	0	
1.7399990797e+02	272	11	441	17	19	481	500	0	500	500	0	500	500	0	
1.7449684428e+02	270	13	439	21	34	466	500	0	500	500	0	500	500	0	
1.7499559297e+02	269	14	443	18	36	464	500	0	500	500	0	500	500	0	
1.7549830226e+02	269	15	444	20	33	467	500	0	500	500	0	500	500	0	
1.7599602474e+02	271	15	442	22	36	464	500	0	500	500	0	500	500	0	
1.7649726023e+02	275	12	442	16	39	461	500	0	500	500	0	500	500	0	
1.7699905530e+02	277	12	435	19	42	458	500	0	500	500	0	500	500	0	
1.7749924074e+02	279	11	438	16	28	472	500	0	500	500	0	500	500	0	
1.7799950003e+02	279	11	444	9	33	467	500	0	500	500	0	500	500	0	
1.7849932110e+02	282	8	445	8	46	454	500	0	500	500	0	500	500	0	
1.7899474810e+02	282	7	438	12	36	464	500	0	500	500	0	500	500	0	
1.7949149185e+02	283	6	439	12	33	467	500	0	500	500	0	500	500	0	
1.7999913556e+02	285	5	438	13	41	459	500	0	500	500	0	500	500	0	
1.8049976453e+02	286	4	439	13	44	456	500	0	500	500	0	500	500	0	
1.8099791245e+02	285	5	443	12	35	465	500	0	500	500	0	500	500	0	
1.8149699294e+02	287	3	448	8	27	473	500	0	500	500	0	500	500	0	
1.8199617691e+02	285	4	453	5	51	449	500	0	500	500	0	500	500	0	
1.8249998615e+02	286	3	451	3	60	440	500	0	500	500	0	500	500	0	
1.8299944863e+02	286	4	452	1	46	454	500	0	500	500	0	500	500	0	
1.8349999356e+02	285	4	451	1	48	452	500	0	500	500	0	500	500	0	
1.8399372363e+02	285	4	447	4	36	464	500	0	500	500	0	500	500	0	
1.8449777665e+02	285	5	442	11	45	455	500	0	500	500	0	500	500	0	
1.8499657305e+02	284	6	439	12	36	464	500	0	500	500	0	500	500	0	
1.8549916313e+02	286	7	437	13	40	460	500	0	500	500	0	500	500	0	
1.8599980359e+02	285	9	438	13	52	448	500	0	500	500	0	500	500	0	
1.8649871549e+02	287	7	442	10	54	446	500	0	500	500	0	500	500	0	
1.8699943602e+02	284	10	445	12	42	458	500	0	500	500	0	500	500	0	
1.8749896511e+02	288	6	447	10	53	447	500	0	500	500	0	500	500	0	
1.8799843641e+02	289	5	446	9	45	455	500	0	500	500	0	500	500	0	
1.8849599713e+02	289	5	450	5	27	473	500	0	500	500	0	500	500	0	
1.8899483760e+02	291	4	444	6	37	463	500	0	500	500	0	500	500	0	
1.8949617484e+02	288	7	440	11	39	461	500	0	500	500	0	500	500	0	
1.8999748728e+02	288	9	445	8	40	460	500	0	500	500	0	500	500	0	
1.9049953655e+02	289	9	442	10	47	453	500	0	500	500	0	500	500	0	
1.9099942487e+02	291	7	438	13	43	457	500	0	500	500	0	500	500	0	
1.9149829450e+02	295	3	445	5	43	457	500	0	500	500	0	500	500	0	
1.9199947951e+02	294	3	446	4	51	449	500	0	500	500	0	500	500	0	
1.9249664347e+02	294	2	445	3	44	456	500	0	500	500	0	500	500	0	
1.9299985634e+02	295	1	446	2	47	453	500	0	500	500	0	500	500	0	
1.9349967419e+02	295	1	446	2	28	472	500	0	500	500	0	500	500	0	
1.9399929501e+02	294	2	445	2	24	476	500	0	500	500	0	500	500	0	
1.9449517537e+02	294	2	445	4	31	469	500	0	500	500	0	500	500	0	
1.9499957083e+02	297	1	445	2	45	455	500	0	500	500	0	500	500	0	
1.9549917982e+02	296	2	446	3	47	453	500	0	500	500	0	500	500	0	
1.9599936595e+02	297	2	446	5	55	445	500	0	500	500	0	500	500	0	
1.9649657889e+02	298	3	446	3	36	464	500	0	500	500	0	500	500	0	
1.9699895822e+02	297	3	444	6	50	450	500	0	500	500	0	500	500	0	
1.9749766658e+02	299	3	449	4	46	454	500	0	500	500	0	500	500	0	
1.9799617703e+02	299	5	450	5	52	448	500	0	500	500	0	500	500	0	
1.9849854445e+02	298	8	449	8	64	436	500	0	500	500	0	500	500	0	
1.9899896415e+02	300	7	441	15	67	433	500	0	500	500	0	500	500	0	
1.9949912542e+02	302	5	446	11	41	459	500	0	500	500	0	500	500	0	
1.9999942783e+02	303	3	452	10	35	465	500	0	500	500	0	500	500	0	
2.0049872989e+02	303	6	457	6	28	472	500	0	500	500	0	500	500	0	
2.0099891200e+02	303	7	453	7	38	462	500	0	500	500	0	500	500	0	
2.0149969185e+02	301	10	453	6	47	453	500	0	500	500	0	500	500	0	
2.0199900363e+02	305	7	452	6	51	449	500	0	500	500	0	500	500	0	
2.0249992025e+02	306	8	445	10	42	458	500	0	500	500	0	500	500	0	
2.0299812603e+02	306	8	450	7	34	466	500	0	500	500	0	500	500	0	
2.0349952644e+02	305	8	447	8	44	456	500	0	500	500	0	500	500	0	
2.0399983859e+02	307	6	451	7	55	445	500	0	500	500	0	500	500	0	
2.0449474951e+02	310	5	451	9	39	461	500	0	500	500	0	500	500	0	
2.0499830390e+02	310	6	450	10	28	472	500	0	500	500	0	500	500	0	
2.0549831371e+02	311	4	452	7	28	472	500	0	500	500	0	500	500	0	
2.0599922487e+02	314	1	454	5	38	462	500	0	500	500	0	500	500	0	
2.0649998520e+02	312	4	453	5	44	456	500	0	500	500	0	500	500	0	
2.0699977809e+02	312	3	456	9	36	464	500	0	500	500	0	500	500	0	
2.0749947828e+02	312	4	457	10	55	445	500	0	500	500	0	500	500	0	
2.0799986042e+02	311	6	458	10	70	430	500	0	500	500	0	500	500	0	
2.0849944932e+02	311	6	457	11	45	455	500	0	500	500	0	500	500	0	
2.0899988838e+02	311	5	456	14	45	455	500	0	500	500	0	500	500	0	
2.0949864889e+02	309	8	457	14	35	465	500	0	500	500	0	500	500	0	
2.0999999437e+02	308	8	464	8	55	445	500	0	500	500	0	500	500	0	
2.1049968640e+02	308	7	465	8	56	444	500	0	500	500	0	500	500	0	
2.1099813557e+02	308	9	460	12	50	450	500	0	500	500	0	500	500	0	
2.1149818867e+02	312	5	469	6	48	452	500	0	500	500	0	500	500	0	
2.1199912812e+02	313	4	466	10	40	460	500	0	500	500	0	500	500	0	
2.1249692429e+02	314	6	466	9	18	482	500	0	500	500	0	500	500	0	
2.1299393551e+02	314	5	463	9	39	461	500	0	500	500	0	500	500	0	
2.1349723018e+02	314	6	461	11	50	450	500	0	500	500	0	500	500	0	
2.1399779043e+02	314	6	460	11	34	466	500	0	500	500	0	500	500	0	
2.1449986560e+02	313	7	459	12	42	458	500	0	500	500	0	500	500	0	
2.1499880179e+02	316	4	463	7	45	455	500	0	500	500	0	500	500	0	
2.1549842860e+02	315	7	469	2	44	456	500	0	500	500	0	500	500	0	
2.1599961279e+02	317	6	458	10	38	462	500	0	500	500	0	500	500	0	
2.1649975208e+02	319	7	454	12	41	459	500	0	500	500	0	500	500	0	
2.1699833368e+02	321	7	457	9	34	466	500	0	500	500	0	500	500	0	
2.1749975495e+02	319	7	460	7	30	470	500	0	500	500	0	500	500	0	
2.1799736353e+02	321	6	458	12	56	444	500	0	500	500	0	500	500	0	
2.1849997309e+02	323	5	457	12	44	456	500	0	500	500	0	500	500	0	
2.1899926107e+02	322	6	461	12	48	452	500	0	500	500	0	500	500	0	
2.1949863485e+02	320	6	466	11	41	459	500	0	500	500	0	500	500	0	
2.1999428211e+02	322	4	467	10	44	456	500	0	500	500	0	500	500	0	
2.2049700223e+02	322	3	463	13	53	447	500	0	500	500	0	500	500	0	
2.2099921967e+02	320	5	470	9	41	459	500	0	500	500	0	500	500	0	
2.2149469932e+02	320	7	469	9	28	472	500	0	500	500	0	500	500	0	
2.2199810383e+02	322	5	471	8	32	468	500	0	500	500	0	500	500	0	
2.2249810061e+02	322	5	473	8	43	457	500	0	500	500	0	500	500	0	
2.2299352368e+02	321	6	473	8	31	469	500	0	500	500	0	500	500	0	
2.2349307252e+02	320	7	471	11	36	464	500	0	500	500	0	500	500	0	
2.2399973388e+02	322	7	470	14	43	457	500	0	500	500	0	500	500	0	
2.2449912776e+02	325	4	474	10	43	457	500	0	500	500	0	500	500	0	
2.2499933246e+02	325	3	477	5	37	463	500	0	500	500	0	500	500	0	
2.2549919735e+02	325	3	477	3	43	457	500	0	500	500	0	500	500	0	
2.2599831828e+02	326	3	470	8	50	450	500	0	500	500	0	500	500	0	
2.2649731402e+02	325	3	466	6	40	460	500	0	500	500	0	500	500	0	
2.2699890765e+02	326	3	472	3	44	456	500	0	500	500	0	500	500	0	
2.2749848390e+02	326	3	475	3	48	452	500	0	500	500	0	500	500	0	
2.2799637431e+02	326	5	470	8	56	444	500	0	500	500	0	500	500	0	
2.2849639645e+02	326	6	467	12	40	460	500	0	500	500	0	500	500	0	
2.2899798631e+02	326	10	465	13	33	467	500	0	500	500	0	500	500	0	
2.2949716479e+02	326	13	455	22	37	463	500	0	500	500	0	500	500	0	
2.2999688033e+02	325	17	440	34	39	461	500	0	500	500	0	500	500	0	
2.3049971745e+02	324	18	444	30	41	459	500	0	500	500	0	500	500	0	
2.3099942899e+02	328	14	442	31	38	462	500	0	500	500	0	500	500	0	
2.3149985334e+02	333	12	442	29	43	457	500	0	500	500	0	500	500	0	
2.3199949828e+02	330	16	445	25	40	460	500	0	500	500	0	500	500	0	
2.3249940218e+02	332	15	441	30	55	445	500	0	500	500	0	500	500	0	
2.3299837149e+02	330	19	430	42	42	458	500	0	500	500	0	500	500	0	
2.3349915894e+02	335	13	443	28	42	458	500	0	500	500	0	500	500	0	
2.3398955402e+02	338	13	435	36	29	471	500	0	500	500	0	500	500	0	
2.3449831918e+02	333	19	444	29	24	476	500	0	500	500	0	500	500	0	
2.3499661223e+02	338	15	445	27	50	450	500	0	500	500	0	500	500	0	
2.3549883836e+02	340	14	450	20	32	468	500	0	500	500	0	500	500	0	
2.3599604265e+02	343	11	451	21	51	449	500	0	500	500	0	500	500	0	
2.3649938557e+02	339	15	457	17	50	450	500	0	500	500	0	500	500	0	
2.3699941502e+02	341	13	451	21	76	424	500	0	500	500	0	500	500	0	
2.3749705617e+02	344	11	456	20	46	454	500	0	500	500	0	500	500	0	
2.3799717965e+02	344	10	461	14	49	451	500	0	500	500	0	500	500	0	
2.3849756446e+02	344	12	453	26	55	445	500	0	500	500	0	500	500	0	
2.3899402207e+02	346	11	456	21	41	459	500	0	500	500	0	500	500	0	
2.3949910125e+02	342	16	453	26	41	459	500	0	500	500	0	500	500	0	
2.3999850343e+02	344	14	459	22	61	439	500	0	500	500	0	500	500	0	
2.4049926558e+02	342	13	469	15	44	456	500	0	500	500	0	500	500	0	
2.4099774147e+02	342	13	467	16	45	455	500	0	500	500	0	500	500	0	
2.4149821535e+02	345	11	469	12	45	455	500	0	500	500	0	500	500	0	
2.4199878408e+02	345	11	471	13	37	463	500	0	500	500	0	500	500	0	
2.4249770161e+02	350	6	462	22	28	472	500	0	500	500	0	500	500	0	
2.4299835273e+02	351	5	462	26	40	460	500	0	500	500	0	500	500	0	
2.4349870623e+02	350	6	467	19	42	458	500	0	500	500	0	500	500	0	
2.4399733604e+02	350	6	474	13	37	463	500	0	500	500	0	500	500	0	
2.4449910265e+02	348	7	479	12	39	461	500	0	500	500	0	500	500	0	
2.4499235743e+02	348	7	474	17	61	439	500	0	500	500	0	500	500	0	
2.4549962985e+02	350	6	479	12	49	451	500	0	500	500	0	500	500	0	
2.4599809945e+02	351	6	479	7	49	451	500	0	500	500	0	500	500	0	
2.4649498134e+02	352	6	470	16	50	450	500	0	500	500	0	500	500	0	
2.4699742513e+02	350	13	470	15	43	457	500	0	500	500	0	500	500	0	
2.4749802646e+02	354	11	474	14	37	463	500	0	500	500	0	500	500	0	
2.4799832566e+02	358	7	476	15	34	466	500	0	500	500	0	500	500	0	
2.4849956668e+02	359	6	479	13	40	460	500	0	500	500	0	500	500	0	
2.4899987610e+02	359	5	473	17	29	471	500	0	500	500	0	500	500	0	
2.4949501826e+02	360	4	475	15	33	467	500	0	500	500	0	500	500	0	
2.4999831727e+02	360	4	474	18	26	474	500	0	500	500	0	500	500	0	
2.5049948908e+02	356	7	475	16	34	466	500	0	500	500	0	500	500	0	
2.5099837425e+02	355	8	482	12	44	456	500	0	500	500	0	500	500	0	
2.5149803915e+02	351	13	477	18	52	448	500	0	500	500	0	500	500	0	
2.5199867925e+02	356	11	480	14	47	453	500	0	500	500	0	500	500	0	
2.5249604121e+02	355	13	478	19	43	457	500	0	500	500	0	500	500	0	
2.5299992476e+02	350	16	468	27	57	443	500	0	500	500	0	500	500	0	
2.5349983043e+02	347	20	461	30	71	429	500	0	500	500	0	500	500	0	
2.5399947588e+02	351	16	463	28	71	429	500	0	500	500	0	500	500	0	
2.5449744046e+02	356	11	464	28	40	460	500	0	500	500	0	500	500	0	
2.5499760723e+02	361	7	477	19	40	460	500	0	500	500	0	500	500	0	
2.5549818897e+02	361	7	477	18	43	457	500	0	500	500	0	500	500	0	
2.5599813503e+02	360	8	479	15	40	460	500	0	500	500	0	500	500	0	
2.5649861661e+02	361	9	471	23	39	461	500	0	500	500	0	500	500	0	
2.5699946504e+02	361	10	469	25	36	464	500	0	500	500	0	500	500	0	
2.5749889425e+02	364	8	469	23	31	469	500	0	500	500	0	500	500	0	
2.5799964087e+02	363	10	473	15	53	447	500	0	500	500	0	500	500	0	
2.5849769894e+02	362	11	472	17	57	443	500	0	500	500	0	500	500	0	
2.5899715920e+02	361	13	465	22	61	439	500	0	500	500	0	500	500	0	
2.5949906229e+02	366	10	463	24	40	460	500	0	500	500	0	500	500	0	
2.5999912382e+02	367	10	472	16	39	461	500	0	500	500	0	500	500	0	
2.6049639117e+02	370	10	471	14	32	468	500	0	500	500	0	500	500	0	
2.6099113198e+02	369	9	464	20	33	467	500	0	500	500	0	500	500	0	
2.6149843398e+02	369	10	468	18	43	457	500	0	500	500	0	500	500	0	
2.6199801759e+02	371	7	472	17	31	469	500	0	500	500	0	500	500	0	
2.6249898795e+02	371	6	479	9	43	457	500	0	500	500	0	500	500	0	
2.6299923129e+02	372	7	477	11	40	460	500	0	500	500	0	500	500	0	
2.6349662130e+02	374	7	479	9	45	455	500	0	500	500	0	500	500	0	
2.6399874047e+02	377	5	473	15	41	459	500	0	500	500	0	500	500	0	
2.6449620376e+02	378	6	475	12	40	460	500	0	500	500	0	500	500	0	
2.6499942141e+02	378	6	468	17	46	454	500	0	500	500	0	500	500	0	
2.6549978157e+02	377	8	466	17	55	445	500	0	500	500	0	500	500	0	
2.6599757950e+02	379	7	458	23	54	446	500	0	500	500	0	500	500	0	
2.6649694587e+02	380	6	466	19	34	466	500	0	500	500	0	500	500	0	
2.6699837987e+02	379	7	473	16	36	464	500	0	500	500	0	500	500	0	
2.6749443882e+02	380	7	472	12	53	447	500	0	500	500	0	500	500	0	
2.6799893106e+02	383	4	468	11	52	448	500	0	500	500	0	500	500	0	
2.6849669919e+02	383	6	466	11	45	455	500	0	500	500	0	500	500	0	
2.6899586112e+02	384	5	468	8	47	453	500	0	500	500	0	500	500	0	
2.6949576876e+02	385	6	472	5	46	454	500	0	500	500	0	500	500	0	
2.6999645260e+02	385	6	468	9	33	467	500	0	500	500	0	500	500	0	
2.7049991373e+02	387	5	464	11	34	466	500	0	500	500	0	500	500	0	
2.7099649312e+02	387	5	455	17	51	449	500	0	500	500	0	500	500	0	
2.7149702424e+02	388	4	461	14	51	449	500	0	500	500	0	500	500	0	
2.7199968616e+02	386	6	460	13	37	463	500	0	500	500	0	500	500	0	
2.7249682121e+02	387	5	467	10	46	454	500	0	500	500	0	500	500	0	
2.7299855279e+02	390	2	467	10	29	471	500	0	500	500	0	500	500	0	
2.7349827309e+02	390	2	474	7	37	463	500	0	500	500	0	500	500	0	
2.7399919587e+02	390	3	470	7	49	451	500	0	500	500	0	500	500	0	
2.7449676703e+02	391	2	465	9	39	461	500	0	500	500	0	500	500	0	
2.7499892456e+02	388	7	468	8	48	452	500	0	500	500	0	500	500	0	
2.7549858394e+02	388	7	469	8	28	472	500	0	500	500	0	500	500	0	
2.7599964831e+02	390	5	466	11	29	471	500	0	500	500	0	500	500	0	
2.7649798080e+02	388	7	464	11	44	456	500	0	500	500	0	500	500	0	
2.7699918741e+02	388	7	466	12	50	450	500	0	500	500	0	500	500	0	
2.7749980121e+02	392	2	465	12	46	454	500	0	500	500	0	500	500	0	
2.7799818529e+02	392	3	477	4	39	461	500	0	500	500	0	500	500	0	
2.7849999229e+02	392	4	476	6	45	455	500	0	500	500	0	500	500	0	
2.7899988372e+02	391	4	473	7	59	441	500	0	500	500	0	500	500	0	
2.7949970050e+02	390	7	469	11	42	458	500	0	500	500	0	500	500	0	
2.7999812019e+02	391	7	470	12	40	460	500	0	500	500	0	500	500	0	
2.8049778232e+02	390	7	466	17	48	452	500	0	500	500	0	500	500	0	
2.8099416078e+02	390	7	472	12	40	460	500	0	500	500	0	500	500	0	
2.8149905952e+02	391	7	469	15	43	457	500	0	500	500	0	500	500	0	
2.8199208670e+02	390	8	461	24	37	463	500	0	500	500	0	500	500	0	
2.8249974306e+02	388	11	465	19	46	454	500	0	500	500	0	500	500	0	
2.8299927776e+02	391	8	470	12	29	471	500	0	500	500	0	500	500	0	
2.8349775809e+02	391	9	469	15	45	455	500	0	500	500	0	500	500	0	
2.8399790573e+02	391	9	473	15	43	457	500	0	500	500	0	500	500	0	
2.8449804581e+02	390	11	473	16	40	460	500	0	500	500	0	500	500	0	
2.8499964868e+02	393	9	471	18	49	451	500	0	500	500	0	500	500	0	
2.8549722292e+02	393	9	468	20	43	457	500	0	500	500	0	500	500	0	
2.8599912413e+02	396	7	472	17	23	477	500	0	500	500	0	500	500	0	
2.8649532203e+02	395	8	466	25	53	447	500	0	500	500	0	500	500	0	
2.8699588368e+02	390	11	471	21	45	455	500	0	500	500	0	500	500	0	
2.8749995431e+02	391	12	465	22	42	458	500	0	500	500	0	500	500	0	
2.8799987325e+02	396	9	470	19	55	445	500	0	500	500	0	500	500	0	
2.8849982041e+02	395	11	482	12	49	451	500	0	500	500	0	500	500	0	
2.8899905081e+02	398	8	482	12	49	451	500	0	500	500	0	500	500	0	
2.8949937568e+02	399	7	478	16	33	467	500	0	500	500	0	500	500	0	
2.8999977271e+02	400	5	481	10	45	455	500	0	500	500	0	500	500	0	
2.9049947317e+02	402	4	488	6	41	459	500	0	500	500	0	500	500	0	
2.9099906886e+02	402	4	482	9	44	456	500	0	500	500	0	500	500	0	
2.9149825600e+02	401	7	479	10	42	458	500	0	500	500	0	500	500	0	
2.9199828074e+02	402	6	474	12	39	461	500	0	500	500	0	500	500	0	
2.9249659439e+02	401	7	477	8	32	468	500	0	500	500	0	500	500	0	
2.9299971727e+02	403	4	479	7	41	459	500	0	500	500	0	500	500	0	
2.9349901327e+02	403	6	481	7	45	455	500	0	500	500	0	500	500	0	
2.9399823305e+02	404	5	482	6	30	470	500	0	500	500	0	500	500	0	
2.9449972357e+02	404	6	477	9	45	455	500	0	500	500	0	500	500	0	
2.9499919911e+02	402	7	483	5	34	466	500	0	500	500	0	500	500	0	
2.9549961417e+02	402	7	479	7	36	464	500	0	500	500	0	500	500	0	
2.9599925212e+02	403	7	474	12	37	463	500	0	500	500	0	500	500	0	
2.9649785960e+02	404	7	476	11	36	464	500	0	500	500	0	500	500	0	
2.9699733415e+02	404	4	479	10	40	460	500	0	500	500	0	500	500	0	
2.9749799787e+02	405	3	476	11	36	464	500	0	500	500	0	500	500	0	
2.9799962883e+02	403	5	482	6	34	466	500	0	500	500	0	500	500	0	
2.9849911944e+02	406	3	480	6	47	453	500	0	500	500	0	500	500	0	
2.9899948309e+02	406	5	488	3	39	461	500	0	500	500	0	500	500	0	
2.9949886790e+02	407	4	487	4	44	456	500	0	500	500	0	500	500	0	
2.9999545668e+02	405	5	486	5	49	451	500	0	500	500	0	500	500	0	
3.0049401673e+02	404	8	484	9	48	452	500	0	500	500	0	500	500	0	
3.0099780137e+02	405	7	485	9	44	456	500	0	500	500	0	500	500	0	
3.0149773976e+02	404	10	482	11	39	461	500	0	500	500	0	500	500	0	
3.0199806354e+02	403	11	484	11	46	454	500	0	500	500	0	500	500	0	
3.0249937526e+02	405	11	484	9	62	438	500	0	500	500	0	500	500	0	
3.0299859857e+02	408	9	480	10	76	424	500	0	500	500	0	500	500	0	
3.0349897748e+02	410	7	476	11	67	433	500	0	500	500	0	500	500	0	
3.0399876690e+02	410	9	478	12	63	437	500	0	500	500	0	500	500	0	
3.0449752266e+02	410	9	478	14	30	470	500	0	500	500	0	500	500	0	
3.0499853536e+02	407	13	468	24	36	464	500	0	500	500	0	500	500	0	
3.0549555597e+02	411	11	473	22	50	450	500	0	500	500	0	500	500	0	
3.0599692160e+02	416	7	483	12	55	445	500	0	500	500	0	500	500	0	
3.0649694015e+02	414	9	489	6	36	464	500	0	500	500	0	500	500	0	
3.0699818894e+02	415	6	494	8	29	471	500	0	500	500	0	500	500	0	
3.0749883023e+02	415	7	498	6	36	464	500	0	500	500	0	500	500	0	
3.0799688536e+02	416	7	498	5	30	470	500	0	500	500	0	500	500	0	
3.0849681497e+02	415	7	486	17	28	472	500	0	500	500	0	500	500	0	
3.0899899958e+02	417	2	493	12	44	456	500	0	500	500	0	500	500	0	
3.0949741933e+02	418	1	495	8	40	460	500	0	500	500	0	500	500	0	
3.0999854011e+02	419	2	498	6	43	457	500	0	500	500	0	500	500	0	
3.1049977093e+02	419	3	494	10	35	465	500	0	500	500	0	500	500	0	
3.1099993460e+02	419	4	500	5	36	464	500	0	500	500	0	500	500	0	
3.1149932311e+02	421	2	495	6	30	470	500	0	500	500	0	500	500	0	
3.1199384684e+02	422	1	498	5	34	466	500	0	500	500	0	500	500	0	
3.1249389530e+02	422	2	499	5	40	460	500	0	500	500	0	500	500	0	
3.1299419197e+02	423	2	497	7	39	461	500	0	500	500	0	500	500	0	
3.1349898834e+02	422	4	498	4	49	451	500	0	500	500	0	500	500	0	
3.1399996696e+02	423	4	499	6	40	460	500	0	500	500	0	500	500	0	
3.1449823813e+02	424	5	501	3	36	464	500	0	500	500	0	500	500	0	
3.1499873218e+02	421	6	500	3	31	469	500	0	500	500	0	500	500	0	
3.1549569753e+02	424	3	499	3	44	456	500	0	500	500	0	500	500	0	
3.1599865720e+02	426	2	502	3	38	462	500	0	500	500	0	500	500	0	
3.1649740047e+02	427	0	501	4	28	472	500	0	500	500	0	500	500	0	
3.1699560275e+02	428	2	500	4	23	477	500	0	500	500	0	500	500	0	
3.1749896426e+02	429	2	498	5	42	458	500	0	500	500	0	500	500	0	
3.1799968997e+02	429	6	490	7	38	462	500	0	500	500	0	500	500	0	
3.1849991913e+02	429	6	488	9	40	460	500	0	500	500	0	500	500	0	
3.1899918822e+02	430	6	485	14	28	472	500	0	500	500	0	500	500	0	
3.1949995974e+02	428	9	487	15	51	449	500	0	500	500	0	500	500	0	
3.1999711598e+02	428	12	485	16	40	460	500	0	500	500	0	500	500	0	
3.2049595653e+02	429	11	486	17	52	448	500	0	500	500	0	500	500	0	
3.2099923057e+02	431	10	489	12	65	435	500	0	500	500	0	500	500	0	
3.2149891313e+02	431	9	481	15	54	446	500	0	500	500	0	500	500	0	
3.2199867670e+02	431	7	484	14	45	455	500	0	500	500	0	500	500	0	
3.2249976674e+02	430	9	481	16	52	448	500	0	500	500	0	500	500	0	
3.2299786524e+02	432	8	481	14	27	473	500	0	500	500	0	500	500	0	
3.2349976740e+02	432	8	477	18	34	466	500	0	500	500	0	500	500	0	
3.2399937125e+02	434	6	483	12	43	457	500	0	500	500	0	500	500	0	
3.2449976222e+02	434	5	484	10	33	467	500	0	500	500	0	500	500	0	
3.2499828006e+02	437	5	480	11	32	468	500	0	500	500	0	500	500	0	
3.2549882507e+02	437	6	477	12	46	454	500	0	500	500	0	500	500	0	
3.2599803588e+02	432	11	471	16	48	452	500	0	500	500	0	500	500	0	
3.2649757252e+02	434	9	467	20	42	458	500	0	500	500	0	500	500	0	
3.2699880069e+02	437	6	471	16	50	450	500	0	500	500	0	500	500	0	
3.2749907988e+02	436	7	476	11	51	449	500	0	500	500	0	500	500	0	
3.2799617993e+02	438	5	474	11	46	454	500	0	500	500	0	500	500	0	
3.2849389397e+02	438	6	474	11	39	461	500	0	500	500	0	500	500	0	
3.2899835527e+02	440	4	472	12	40	460	500	0	500	500	0	500	500	0	
3.2949752740e+02	440	4	471	12	31	469	500	0	500	500	0	500	500	0	
3.2999974212e+02	439	5	476	10	44	456	500	0	500	500	0	500	500	0	
3.3049806537e+02	440	5	480	8	38	462	500	0	500	500	0	500	500	0	
3.3099934136e+02	441	4	479	11	29	471	500	0	500	500	0	500	500	0	
3.3149807890e+02	442	5	483	9	57	443	500	0	500	500	0	500	500	0	
3.3199585303e+02	442	6	482	11	42	458	500	0	500	500	0	500	500	0	
3.3249849373e+02	439	10	483	11	27	473	500	0	500	500	0	500	500	0	
3.3299826524e+02	441	7	478	15	39	461	500	0	500	500	0	500	500	0	
3.3349989307e+02	441	9	471	22	41	459	500	0	500	500	0	500	500	0	
3.3399917203e+02	441	9	479	16	39	461	500	0	500	500	0	500	500	0	
3.3449921501e+02	439	12	482	13	36	464	500	0	500	500	0	500	500	0	
3.3499982799e+02	443	8	484	11	47	453	500	0	500	500	0	500	500	0	
3.3549794962e+02	446	7	482	12	29	471	500	0	500	500	0	500	500	0	
3.3599964574e+02	448	6	481	13	36	464	500	0	500	500	0	500	500	0	
3.3649237982e+02	448	7	482	6	36	464	500	0	500	500	0	500	500	0	
3.3699463057e+02	447	8	485	6	44	456	500	0	500	500	0	500	500	0	
3.3749930097e+02	449	6	486	6	55	445	500	0	500	500	0	500	500	0	
3.3799922127e+02	448	7	479	14	30	470	500	0	500	500	0	500	500	0	
3.3849753484e+02	449	7	481	11	40	460	500	0	500	500	0	500	500	0	
3.3899218444e+02	449	7	481	12	44	456	500	0	500	500	0	500	500	0	
3.3949866296e+02	452	6	479	12	33	467	500	0	500	500	0	500	500	0	
3.3999932597e+02	450	7	478	12	35	465	500	0	500	500	0	500	500	0	
3.4049755158e+02	451	6	483	11	45	455	500	0	500	500	0	500	500	0	
3.4099802517e+02	449	10	483	13	43	457	500	0	500	500	0	500	500	0	
3.4149861265e+02	450	11	475	23	39	461	500	0	500	500	0	500	500	0	
3.4199134776e+02	452	10	486	17	56	444	500	0	500	500	0	500	500	0	
3.4249665209e+02	454	7	488	15	42	458	500	0	500	500	0	500	500	0	
3.4299921086e+02	457	4	499	7	22	478	500	0	500	500	0	500	500	0	
3.4349521725e+02	458	3	503	5	33	467	500	0	500	500	0	500	500	0	
3.4399521506e+02	458	5	501	8	42	458	500	0	500	500	0	500	500	0	
3.4449956308e+02	458	7	503	10	36	464	500	0	500	500	0	500	500	0	
3.4499803894e+02	458	6	504	11	51	449	500	0	500	500	0	500	500	0	
3.4549872170e+02	457	7	498	14	37	463	500	0	500	500	0	500	500	0	
3.4599908585e+02	456	8	492	19	22	478	500	0	500	500	0	500	500	0	
3.4649973512e+02	456	10	490	22	46	454	500	0	500	500	0	500	500	0	
3.4699888224e+02	458	10	492	19	44	456	500	0	500	500	0	500	500	0	
3.4749992064e+02	459	10	491	18	50	450	500	0	500	500	0	500	500	0	
3.4799700808e+02	459	10	492	15	46	454	500	0	500	500	0	500	500	0	
3.4849719024e+02	460	10	490	16	37	463	500	0	500	500	0	500	500	0	
3.4899020172e+02	459	11	489	17	34	466	500	0	500	500	0	500	500	0	
3.4949090107e+02	461	8	498	9	47	453	500	0	500	500	0	500	500	0	
3.4999683246e+02	463	7	501	7	39	461	500	0	500	500	0	500	500	0	
3.5049562563e+02	463	7	489	17	24	476	500	0	500	500	0	500	500	0	
3.5099090193e+02	463	11	485	23	44	456	500	0	500	500	0	500	500	0	
3.5149987213e+02	462	10	490	16	46	454	500	0	500	500	0	500	500	0	
3.5199729644e+02	461	13	487	15	48	452	500	0	500	500	0	500	500	0	
3.5249186532e+02	466	9	485	18	39	461	500	0	500	500	0	500	500	0	
3.5299632363e+02	467	8	487	20	41	459	500	0	500	500	0	500	500	0	
3.5349926661e+02	463	11	485	17	42	458	500	0	500	500	0	500	500	0	
3.5399939093e+02	466	7	491	12	44	456	500	0	500	500	0	500	500	0	
3.5449953282e+02	468	6	484	17	45	455	500	0	500	500	0	500	500	0	
3.5499908061e+02	463	11	484	15	57	443	500	0	500	500	0	500	500	0	
3.5549897053e+02	466	9	489	10	53	447	500	0	500	500	0	500	500	0	
3.5599945369e+02	467	8	487	11	51	449	500	0	500	500	0	500	500	0	
3.5649129555e+02	467	7	482	16	39	461	500	0	500	500	0	500	500	0	
3.5699861450e+02	468	6	487	13	36	464	500	0	500	500	0	500	500	0	
3.5749916054e+02	468	7	491	12	40	460	500	0	500	500	0	500	500	0	
3.5799738213e+02	468	8	486	15	42	458	500	0	500	500	0	500	500	0	
3.5849821512e+02	468	9	489	14	48	452	500	0	500	500	0	500	500	0	
3.5899984674e+02	467	12	485	17	55	445	500	0	500	500	0	500	500	0	
3.5949466629e+02	464	16	482	19	45	455	500	0	500	500	0	500	500	0	
3.5999619545e+02	467	14	483	19	37	463	500	0	500	500	0	500	500	0	
3.6049797004e+02	467	15	479	26	52	448	500	0	500	500	0	500	500	0	
3.6099919751e+02	469	15	478	29	42	458	500	0	500	500	0	500	500	0	
3.6149855719e+02	467	17	473	32	42	458	500	0	500	500	0	500	500	0	
3.6199895562e+02	469	15	473	32	41	459	500	0	500	500	0	500	500	0	
3.6249721649e+02	467	17	476	30	49	451	500	0	500	500	0	500	500	0	
3.6299358232e+02	469	14	478	27	40	460	500	0	500	500	0	500	500	0	
3.6349639283e+02	467	15	488	22	34	466	500	0	500	500	0	500	500	0	
3.6399864066e+02	471	12	487	26	36	464	500	0	500	500	0	500	500	0	
3.6449986956e+02	471	12	497	16	42	458	500	0	500	500	0	500	500	0	
3.6499890084e+02	473	11	499	17	35	465	500	0	500	500	0	500	500	0	
3.6549851615e+02	477	8	500	15	50	450	500	0	500	500	0	500	500	0	
3.6599985809e+02	480	7	498	16	46	454	500	0	500	500	0	500	500	0	
3.6649961112e+02	481	8	493	21	37	463	500	0	500	500	0	500	500	0	
3.6699457206e+02	484	6	493	17	33	467	500	0	500	500	0	500	500	0	
3.6749876619e+02	484	5	494	18	39	461	500	0	500	500	0	500	500	0	
3.6799855951e+02	483	5	506	6	39	461	500	0	500	500	0	500	500	0	
3.6849929061e+02	483	5	501	10	36	464	500	0	500	500	0	500	500	0	
3.6899942224e+02	482	7	507	6	44	456	500	0	500	500	0	500	500	0	
3.6949830300e+02	482	10	502	10	34	466	500	0	500	500	0	500	500	0	
3.6999903518e+02	486	7	495	18	33	467	500	0	500	500	0	500	500	0	
3.7049959306e+02	484	7	491	21	48	452	500	0	500	500	0	500	500	0	
3.7099899567e+02	484	8	490	20	45	455	500	0	500	500	0	500	500	0	
3.7149802556e+02	481	13	491	16	33	467	500	0	500	500	0	500	500	0	
3.7199997407e+02	483	12	478	27	42	458	500	0	500	500	0	500	500	0	
3.7249958362e+02	486	10	474	30	41	459	500	0	500	500	0	500	500	0	
3.7299863685e+02	484	11	480	24	38	462	500	0	500	500	0	500	500	0	
3.7349904843e+02	486	9	486	18	42	458	500	0	500	500	0	500	500	0	
3.7399952012e+02	487	9	484	19	35	465	500	0	500	500	0	500	500	0	
3.7449919409e+02	488	8	486	19	43	457	500	0	500	500	0	500	500	0	
3.7499616011e+02	487	9	482	24	41	459	500	0	500	500	0	500	500	0	
3.7549882818e+02	490	6	488	18	23	477	500	0	500	500	0	500	500	0	
3.7599995361e+02	491	6	487	21	35	465	500	0	500	500	0	500	500	0	
3.7649706022e+02	490	8	479	30	51	449	500	0	500	500	0	500	500	0	
3.7699807172e+02	490	7	482	26	35	465	500	0	500	500	0	500	500	0	
3.7749901494e+02	489	8	488	20	46	454	500	0	500	500	0	500	500	0	
3.7799582578e+02	487	11	493	15	37	463	500	0	500	500	0	500	500	0	
3.7849542902e+02	486	12	488	21	48	452	500	0	500	500	0	500	500	0	
3.7899990946e+02	489	9	489	19	54	446	500	0	500	500	0	500	500	0	
3.7949923199e+02	486	12	485	25	49	451	500	0	500	500	0	500	500	0	
3.7999952363e+02	486	13	486	26	48	452	500	0	500	500	0	500	500	0	
3.8049957906e+02	487	12	475	37	50	450	500	0	500	500	0	500	500	0	
3.8099998608e+02	489	10	480	29	47	453	500	0	500	500	0	500	500	0	
3.8149857647e+02	492	8	485	26	34	466	500	0	500	500	0	500	500	0	
3.8199989585e+02	493	8	491	20	54	446	500	0	500	500	0	500	500	0	
3.8249808636e+02	494	9	500	14	51	449	500	0	500	500	0	500	500	0	
3.8299879450e+02	497	7	501	15	31	469	500	0	500	500	0	500	500	0	
3.8349416472e+02	497	7	496	20	43	457	500	0	500	500	0	500	500	0	
3.8399830378e+02	498	7	489	24	46	454	500	0	500	500	0	500	500	0	
3.8449886235e+02	499	7	493	19	40	460	500	0	500	500	0	500	500	0	
3.8499880043e+02	500	8	485	25	37	463	500	0	500	500	0	500	500	0	
3.8549784929e+02	499	9	481	28	45	455	500	0	500	500	0	500	500	0	
3.8599844659e+02	502	6	495	19	37	463	500	0	500	500	0	500	500	0	
3.8649986380e+02	500	9	496	19	41	459	500	0	500	500	0	500	500	0	
3.8699940253e+02	501	7	493	19	55	445	500	0	500	500	0	500	500	0	
3.8749841133e+02	501	8	504	9	43	457	500	0	500	500	0	500	500	0	
3.8799858987e+02	502	7	499	8	39	461	500	0	500	500	0	500	500	0	
3.8849845104e+02	502	9	492	12	37	463	500	0	500	500	0	500	500	0	
3.8899977899e+02	506	7	495	8	42	458	500	0	500	500	0	500	500	0	
3.8949818555e+02	506	8	486	15	42	458	500	0	500	500	0	500	500	0	
3.8999943522e+02	507	6	486	14	46	454	500	0	500	500	0	500	500	0	
3.9049648900e+02	508	6	481	17	43	457	500	0	500	500	0	500	500	0	
3.9099948640e+02	507	9	479	19	39	461	500	0	500	500	0	500	500	0	
3.9149492945e+02	507	9	472	23	44	456	500	0	500	500	0	500	500	0	
3.9199963983e+02	506	12	464	29	41	459	500	0	500	500	0	500	500	0	
3.9249961185e+02	503	14	472	19	48	452	500	0	500	500	0	500	500	0	
3.9299538614e+02	505	11	481	14	45	455	500	0	500	500	0	500	500	0	
3.9349917537e+02	505	11	473	22	42	458	500	0	500	500	0	500	500	0	
3.9399822371e+02	509	9	474	21	46	454	500	0	500	500	0	500	500	0	
3.9449400681e+02	512	5	482	13	38	462	500	0	500	500	0	500	500	0	
3.9499941955e+02	511	5	480	12	52	448	500	0	500	500	0	500	500	0	
3.9549861081e+02	511	5	478	13	49	451	500	0	500	500	0	500	500	0	
3.9599768562e+02	512	5	479	12	40	460	500	0	500	500	0	500	500	0	
3.9649548762e+02	513	4	477	14	46	454	500	0	500	500	0	500	500	0	
3.9699758309e+02	511	4	481	10	26	474	500	0	500	500	0	500	500	0	
3.9749771188e+02	510	5	481	9	31	469	500	0	500	500	0	500	500	0	
3.9799886461e+02	509	5	480	13	34	466	500	0	500	500	0	500	500	0	
3.9849706462e+02	509	6	482	9	46	454	500	0	500	500	0	500	500	0	
3.9899614070e+02	508	8	477	14	38	462	500	0	500	500	0	500	500	0	
3.9949856391e+02	509	6	478	11	51	449	500	0	500	500	0	500	500	0	
3.9999580770e+02	510	5	471	16	32	468	500	0	500	500	0	500	500	0	
4.0049900312e+02	507	8	471	17	50	450	500	0	500	500	0	500	500	0	
4.0099292442e+02	509	7	468	21	44	456	500	0	500	500	0	500	500	0	
4.0149643439e+02	512	6	475	13	25	475	500	0	500	500	0	500	500	0	
4.0199840174e+02	513	6	478	9	45	455	500	0	500	500	0	500	500	0	
4.0249829703e+02	514	6	481	9	39	461	500	0	500	500	0	500	500	0	
4.0299917683e+02	515	6	478	12	52	448	500	0	500	500	0	500	500	0	
4.0349990437e+02	515	7	477	13	32	468	500	0	500	500	0	500	500	0	
4.0399924156e+02	513	9	476	17	37	463	500	0	500	500	0	500	500	0	
4.0449902900e+02	516	6	474	19	47	453	500	0	500	500	0	500	500	0	
4.0499823517e+02	509	11	474	18	49	451	500	0	500	500	0	500	500	0	
4.0549885481e+02	514	8	473	21	34	466	500	0	500	500	0	500	500	0	
4.0599745644e+02	512	11	477	19	47	453	500	0	500	500	0	500	500	0	
4.0649914249e+02	513	10	482	16	49	451	500	0	500	500	0	500	500	0	
4.0699906429e+02	514	10	477	23	49	451	500	0	500	500	0	500	500	0	
4.0749008716e+02	510	17	477	23	42	458	500	0	500	500	0	500	500	0	
4.0799642498e+02	509	20	481	21	44	456	500	0	500	500	0	500	500	0	
4.0849980029e+02	510	18	481	22	41	459	500	0	500	500	0	500	500	0	
4.0899961447e+02	512	17	477	26	34	466	500	0	500	500	0	500	500	0	
4.0949735048e+02	514	16	475	29	43	457	500	0	500	500	0	500	500	0	
4.0999998087e+02	515	15	483	22	43	457	500	0	500	500	0	500	500	0	
4.1049954737e+02	517	14	482	20	51	449	500	0	500	500	0	500	500	0	
4.1099335923e+02	519	12	480	23	31	469	500	0	500	500	0	500	500	0	
4.1149866392e+02	520	10	480	25	52	448	500	0	500	500	0	500	500	0	
4.1199918891e+02	521	9	479	27	45	455	500	0	500	500	0	500	500	0	
4.1249983568e+02	524	5	483	19	37	463	500	0	500	500	0	500	500	0	
4.1299517948e+02	521	8	482	14	38	462	500	0	500	500	0	500	500	0	
4.1349986126e+02	522	7	472	24	44	456	500	0	500	500	0	500	500	0	
4.1399954428e+02	522	9	480	19	63	437	500	0	500	500	0	500	500	0	
4.1449699571e+02	522	10	479	18	56	444	500	0	500	500	0	500	500	0	
4.1499354619e+02	523	9	475	21	39	461	500	0	500	500	0	500	500	0	
4.1549681942e+02	523	8	472	24	29	471	500	0	500	500	0	500	500	0	
4.1599721231e+02	526	5	480	13	44	456	500	0	500	500	0	500	500	0	
4.1649994318e+02	528	3	487	10	45	455	500	0	500	500	0	500	500	0	
4.1699980259e+02	524	4	484	14	45	455	500	0	500	500	0	500	500	0	
4.1749799486e+02	525	2	483	16	50	450	500	0	500	500	0	500	500	0	
4.1799879784e+02	525	1	485	13	55	445	500	0	500	500	0	500	500	0	
4.1849960371e+02	523	3	484	14	37	463	500	0	500	500	0	500	500	0	
4.1899922433e+02	520	6	489	10	55	445	500	0	500	500	0	500	500	0	
4.1949963981e+02	518	6	485	15	46	454	500	0	500	500	0	500	500	0	
4.1999955893e+02	519	5	487	17	29	471	500	0	500	500	0	500	500	0	
4.2049911518e+02	519	6	488	16	36	464	500	0	500	500	0	500	500	0	
4.2099780338e+02	517	7	494	11	45	455	500	0	500	500	0	500	500	0	
4.2149801563e+02	517	10	486	16	61	439	500	0	500	500	0	500	500	0	
4.2199606850e+02	518	12	485	19	47	453	500	0	500	500	0	500	500	0	
4.2249788974e+02	518	13	484	20	43	457	500	0	500	500	0	500	500	0	
4.2299728513e+02	520	12	489	17	40	460	500	0	500	500	0	500	500	0	
4.2349902737e+02	521	11	476	28	36	464	500	0	500	500	0	500	500	0	
4.2399629805e+02	518	13	469	35	50	450	500	0	500	500	0	500	500	0	
4.2449973529e+02	516	17	464	37	61	439	500	0	500	500	0	500	500	0	
4.2499783822e+02	518	16	472	29	37	463	500	0	500	500	0	500	500	0	
4.2549853681e+02	520	17	465	38	36	464	500	0	500	500	0	500	500	0	
4.2599901244e+02	522	15	469	33	43	457	500	0	500	500	0	500	500	0	
4.2649174482e+02	522	16	474	27	48	452	500	0	500	500	0	500	500	0	
4.2699944831e+02	525	12	476	23	58	442	500	0	500	500	0	500	500	0	
4.2749711961e+02	525	11	476	20	40	460	500	0	500	500	0	500	500	0	
4.2799883420e+02	525	11	487	7	28	472	500	0	500	500	0	500	500	0	
4.2849851310e+02	525	11	479	12	39	461	500	0	500	500	0	500	500	0	
4.2899982114e+02	526	13	470	18	50	450	500	0	500	500	0	500	500	0	
4.2949906521e+02	525	13	467	21	50	450	500	0	500	500	0	500	500	0	
4.2999535449e+02	529	11	464	22	53	447	500	0	500	500	0	500	500	0	
4.3049977811e+02	529	13	467	18	43	457	500	0	500	500	0	500	500	0	
4.3099889882e+02	534	9	471	12	49	451	500	0	500	500	0	500	500	0	
4.3149565770e+02	535	7	470	15	37	463	500	0	500	500	0	500	500	0	
4.3199600842e+02	535	9	478	12	52	448	500	0	500	500	0	500	500	0	
4.3249838047e+02	534	10	475	17	37	463	500	0	500	500	0	500	500	0	
4.3299818747e+02	533	10	483	10	40	460	500	0	500	500	0	500	500	0	
4.3349710733e+02	534	11	478	19	33	467	500	0	500	500	0	500	500	0	
4.3399831477e+02	537	8	474	23	62	438	500	0	500	500	0	500	500	0	
4.3449853962e+02	535	10	478	21	43	457	500	0	500	500	0	500	500	0	
4.3499799919e+02	534	11	486	16	47	453	500	0	500	500	0	500	500	0	
4.3549934846e+02	533	12	479	23	38	462	500	0	500	500	0	500	500	0	
4.3599866720e+02	533	12	479	17	37	463	500	0	500	500	0	500	500	0	
4.3649512190e+02	531	15	469	25	36	464	500	0	500	500	0	500	500	0	
4.3699993240e+02	529	15	462	31	50	450	500	0	500	500	0	500	500	0	
4.3749588661e+02	529	13	458	32	50	450	500	0	500	500	0	500	500	0	
4.3799925799e+02	530	10	462	30	39	461	500	0	500	500	0	500	500	0	
4.3849913943e+02	533	8	477	18	30	470	500	0	500	500	0	500	500	0	
4.3899961066e+02	533	9	482	11	45	455	500	0	500	500	0	500	500	0	
4.3949661798e+02	532	11	482	12	36	464	500	0	500	500	0	500	500	0	
4.3999752579e+02	532	12	474	21	43	457	500	0	500	500	0	500	500	0	
4.4049865364e+02	537	7	477	18	50	450	500	0	500	500	0	500	500	0	
4.4099772057e+02	537	7	481	17	54	446	500	0	500	500	0	500	500	0	
4.4149305255e+02	539	5	489	8	34	466	500	0	500	500	0	500	500	0	
4.4199901248e+02	536	8	479	15	45	455	500	0	500	500	0	500	500	0	
4.4249002220e+02	536	10	484	10	45	455	500	0	500	500	0	500	500	0	
4.4299896051e+02	540	6	480	13	44	456	500	0	500	500	0	500	500	0	
4.4349792685e+02	538	6	485	8	47	453	500	0	500	500	0	500	500	0	
4.4399924699e+02	537	7	481	10	36	464	500	0	500	500	0	500	500	0	
4.4449945220e+02	538	8	479	14	37	463	500	0	500	500	0	500	500	0	
4.4499831567e+02	537	12	483	15	44	456	500	0	500	500	0	500	500	0	
4.4549956049e+02	534	19	480	14	40	460	500	0	500	500	0	500	500	0	
4.4599630158e+02	539	14	473	18	31	469	500	0	500	500	0	500	500	0	
4.4649341902e+02	539	15	474	13	37	463	500	0	500	500	0	500	500	0	
4.4699981159e+02	543	11	470	16	46	454	500	0	500	500	0	500	500	0	
4.4749301610e+02	544	11	466	19	41	459	500	0	500	500	0	500	500	0	
4.4799885964e+02	546	10	463	20	54	446	500	0	500	500	0	500	500	0	
4.4849980787e+02	544	12	469	19	31	469	500	0	500	500	0	500	500	0	
4.4899786464e+02	544	11	468	20	39	461	500	0	500	500	0	500	500	0	
4.4949898155e+02	544	11	463	22	52	448	500	0	500	500	0	500	500	0	
4.4999745110e+02	542	13	461	23	49	451	500	0	500	500	0	500	500	0	
4.5049959826e+02	542	13	454	26	44	456	500	0	500	500	0	500	500	0	
4.5099818205e+02	535	20	449	27	43	457	500	0	500	500	0	500	500	0	
4.5149473520e+02	540	16	448	26	43	457	500	0	500	500	0	500	500	0	
4.5199650129e+02	540	15	447	27	52	448	500	0	500	500	0	500	500	0	
4.5249696350e+02	544	11	446	32	38	462	500	0	500	500	0	500	500	0	
4.5299954885e+02	546	11	447	30	56	444	500	0	500	500	0	500	500	0	
4.5349743228e+02	544	14	446	30	60	440	500	0	500	500	0	500	500	0	
4.5399345110e+02	546	13	453	29	48	452	500	0	500	500	0	500	500	0	
4.5449923069e+02	545	15	457	25	37	463	500	0	500	500	0	500	500	0	
4.5499442009e+02	543	16	455	28	45	455	500	0	500	500	0	500	500	0	
4.5549872791e+02	546	14	454	27	47	453	500	0	500	500	0	500	500	0	
4.5599873170e+02	545	15	449	33	42	458	500	0	500	500	0	500	500	0	
4.5649921490e+02	547	12	465	18	45	455	500	0	500	500	0	500	500	0	
4.5699691556e+02	550	9	460	20	70	430	500	0	500	500	0	500	500	0	
4.5749962541e+02	551	8	472	10	63	437	500	0	500	500	0	500	500	0	
4.5799783238e+02	551	8	466	13	42	458	500	0	500	500	0	500	500	0	
4.5849807368e+02	555	4	467	13	57	443	500	0	500	500	0	500	500	0	
4.5899625173e+02	554	6	470	8	54	446	500	0	500	500	0	500	500	0	
4.5949709051e+02	553	8	465	12	51	449	500	0	500	500	0	500	500	0	
4.5999722287e+02	551	9	458	17	54	446	500	0	500	500	0	500	500	0	
4.6049110132e+02	551	10	457	16	56	444	500	0	500	500	0	500	500	0	
4.6099427906e+02	551	10	454	18	52	448	500	0	500	500	0	500	500	0	
4.6149899157e+02	551	12	451	20	44	456	500	0	500	500	0	500	500	0	
4.6199990934e+02	553	12	441	30	39	461	500	0	500	500	0	500	500	0	
4.6249484206e+02	553	15	442	27	42	458	500	0	500	500	0	500	500	0	
4.6299545820e+02	546	23	433	37	47	453	500	0	500	500	0	500	500	0	
4.6349945202e+02	545	23	423	44	43	457	500	0	500	500	0	500	500	0	
4.6399775351e+02	546	23	418	49	48	452	500	0	500	500	0	500	500	0	
4.6449773979e+02	541	25	416	50	46	454	500	0	500	500	0	500	500	0	
4.6499841273e+02	539	28	398	67	38	462	500	0	500	500	0	500	500	0	
4.6549721673e+02	539	28	391	73	56	444	500	0	500	500	0	500	500	0	
4.6599969745e+02	532	33	395	69	52	448	500	0	500	500	0	500	500	0	
4.6649875577e+02	534	32	404	67	45	455	500	0	500	500	0	500	500	0	
4.6699806567e+02	530	36	403	70	49	451	500	0	500	500	0	500	500	0	
4.6749588658e+02	530	37	402	74	53	447	500	0	500	500	0	500	500	0	
4.6799975436e+02	528	39	387	89	46	454	500	0	500	500	0	500	500	0	
4.6849988556e+02	522	45	375	102	42	458	500	0	500	500	0	500	500	0	
4.6899971897e+02	512	57	354	122	60	440	500	0	500	500	0	500	500	0	
4.6949926180e+02	517	52	356	125	61	439	500	0	500	500	0	500	500	0	
4.6999926521e+02	513	58	339	143	51	449	500	0	500	500	0	500	500	0	
4.7049817329e+02	515	54	317	165	49	451	500	0	500	500	0	500	500	0	
4.7099964604e+02	519	50	321	163	57	443	500	0	500	500	0	500	500	0	
4.7149975354e+02	523	46	330	155	52	448	500	0	500	500	0	500	500	0	
4.7199995817e+02	520	50	310	176	48	452	500	0	500	500	0	500	500	0	
4.7249989305e+02	508	62	289	197	54	446	500	0	500	500	0	500	500	0	
4.7299886194e+02	493	78	283	203	49	451	500	0	500	500	0	500	500	0	
4.7349969612e+02	484	89	258	227	50	450	500	0	500	500	0	500	500	0	
4.7399978505e+02	461	113	202	285	52	448	500	0	500	500	0	500	500	0	
4.7449859803e+02	449	126	140	346	80	420	500	0	500	500	0	500	500	0	
4.7499976083e+02	440	135	78	408	62	438	500	0	500	500	0	500	500	0	
4.7549995502e+02	428	148	50	433	58	442	500	0	500	500	0	500	500	0	
4.7599903895e+02	420	155	29	456	73	427	500	0	500	500	0	500	500	0	
4.7649972327e+02	417	159	18	466	85	415	500	0	500	500	0	500	500	0	
4.7699948659e+02	409	165	17	468	92	408	500	0	500	500	0	500	500	0	
4.7749669576e+02	395	180	27	460	62	438	500	0	500	500	0	500	500	0	
4.7799919058e+02	396	180	18	469	72	428	500	0	500	500	0	500	500	0	
4.7849638601e+02	395	181	13	475	84	416	500	0	500	500	0	500	500	0	
4.7899978295e+02	402	178	14	475	100	400	500	0	500	500	0	500	500	0	
4.7949937103e+02	395	185	14	476	93	407	500	0	500	500	0	500	500	0	
4.7999920664e+02	403	177	23	469	103	397	500	0	500	500	0	500	500	0	
4.8049971316e+02	406	174	13	479	96	404	500	0	500	500	0	500	500	0	
4.8099906499e+02	405	176	20	476	73	427	500	0	500	500	0	500	500	0	
4.8149844869e+02	395	185	22	476	70	430	500	0	500	500	0	500	500	0	
4.8199987829e+02	396	187	19	482	96	404	500	0	500	500	0	500	500	0	
4.8249895235e+02	392	189	20	479	109	391	500	0	500	500	0	500	500	0	
4.8299937596e+02	390	191	10	490	131	369	500	0	500	500	0	500	500	0	
4.8349972535e+02	370	212	19	482	75	425	500	0	500	500	0	500	500	0	
4.8399989402e+02	371	212	11	492	98	402	500	0	500	500	0	500	500	0	
4.8449951530e+02	364	220	13	490	113	387	500	0	500	500	0	500	500	0	
4.8499958375e+02	361	225	20	482	81	419	500	0	500	500	0	500	500	0	
4.8549863260e+02	377	212	9	491	86	414	500	0	500	500	0	500	500	0	
4.8599986693e+02	373	219	17	483	85	415	500	0	500	500	0	500	500	0	
4.8649995892e+02	388	205	15	485	84	416	500	0	500	500	0	500	500	0	
4.8699967847e+02	391	203	8	492	103	397	500	0	500	500	0	500	500	0	
4.8749987418e+02	398	197	12	485	75	425	500	0	500	500	0	500	500	0	
4.8799861816e+02	393	204	24	472	93	407	500	0	500	500	0	500	500	0	
4.8849879234e+02	394	204	10	485	91	409	500	0	500	500	0	500	500	0	
4.8899968804e+02	378	220	16	478	84	416	500	0	500	500	0	500	500	0	
4.8949996315e+02	390	209	11	482	93	407	500	0	500	500	0	500	500	0	
4.8999998334e+02	402	197	8	485	123	377	500	0	500	500	0	500	500	0	
4.9049951823e+02	408	191	15	478	91	409	500	0	500	500	0	500	500	0	
4.9099973161e+02	398	201	11	481	88	412	500	0	500	500	0	500	500	0	
4.9149998797e+02	406	192	19	476	56	444	500	0	500	500	0	500	500	0	
4.9199943243e+02	413	186	11	487	96	404	500	0	500	500	0	500	500	0	
4.9249981037e+02	399	199	7	487	124	376	500	0	500	500	0	500	500	0	
4.9299909478e+02	390	207	19	478	80	420	500	0	500	500	0	500	500	0	
4.9349925122e+02	405	191	18	479	102	398	500	0	500	500	0	500	500	0	
4.9399990776e+02	401	195	5	494	79	421	500	0	500	500	0	500	500	0	
4.9449982611e+02	398	197	15	485	74	426	500	0	500	500	0	500	500	0	
4.9499889206e+02	398	201	16	482	112	388	500	0	500	500	0	500	500	0	
4.9549973168e+02	415	183	17	477	111	389	500	0	500	500	0	500	500	0	
4.9599972977e+02	416	183	15	475	89	411	500	0	500	500	0	500	500	0	
4.9649622607e+02	411	188	18	471	105	395	500	0	500	500	0	500	500	0	
4.9699982988e+02	415	186	20	469	78	422	500	0	500	500	0	500	500	0	
4.9749990457e+02	411	189	21	467	122	378	500	0	500	500	0	500	500	0	
4.9799931659e+02	415	186	20	468	102	398	500	0	500	500	0	500	500	0	
4.9849872960e+02	412	192	17	472	102	398	500	0	500	500	0	500	500	0	
4.9899978504e+02	420	185	8	482	94	406	500	0	500	500	0	500	500	0	
4.9949919008e+02	421	186	11	481	77	423	500	0	500	500	0	500	500	0	
4.9999771493e+02	420	188	18	474	97	403	500	0	500	500	0	500	500	0	
5.0000010108e+02	420	188	18	474	96	404	500	0	500	500	0	500	500	0	
