0.0000000000e+00	0	0	0	0	0	500	500	0	500	500	0	0	0	0	
4.2391502794e-01	0	0	2	0	0	500	500	0	500	500	0	0	0	0	
9.8890576516e-01	0	2	5	0	0	500	500	0	500	500	0	0	0	0	
1.3180178843e+00	0	2	6	0	0	500	500	0	500	500	0	0	0	0	
1.9943725198e+00	0	3	8	0	0	500	500	0	500	500	0	0	0	0	
2.4868836484e+00	0	3	7	1	0	500	500	0	500	500	0	0	0	0	
2.9519325015e+00	1	3	12	0	0	500	500	0	500	500	0	0	0	0	
3.4970231235e+00	1	3	12	2	0	500	500	0	500	500	0	0	0	0	
3.8310287933e+00	1	3	17	0	0	500	500	0	500	500	0	0	0	0	
4.4806363839e+00	1	3	18	2	0	500	500	0	500	500	0	0	0	0	
4.9729862738e+00	1	4	24	2	0	500	500	0	500	500	0	0	0	0	
5.4937464147e+00	2	3	24	3	0	500	500	0	500	500	0	0	0	0	
5.9848974831e+00	3	2	31	1	0	500	500	0	500	500	0	0	0	0	
6.4242539217e+00	3	3	32	3	0	500	500	0	500	500	0	0	0	0	
6.9832279854e+00	3	4	34	2	0	500	500	0	500	500	0	0	0	0	
7.4985791828e+00	5	3	35	2	0	500	500	0	500	500	0	0	0	0	
7.9576522777e+00	6	5	40	3	0	500	500	0	500	500	0	0	0	0	
8.4532495021e+00	7	5	42	3	0	500	500	0	500	500	0	0	0	0	
8.9190119219e+00	7	5	45	3	0	500	500	0	500	500	0	0	0	0	
9.4608934297e+00	9	4	46	3	0	500	500	0	500	500	0	0	0	0	
9.9786071695e+00	10	3	48	2	0	500	500	0	500	500	0	0	0	0	
1.0361213908e+01	12	1	54	1	0	500	500	0	500	500	0	0	0	0	
1.0856153849e+01	12	2	57	0	0	500	500	0	500	500	0	0	0	0	
1.1413354664e+01	14	2	57	1	0	500	500	0	500	500	0	0	0	0	
1.1917406384e+01	14	2	59	1	0	500	500	0	500	500	0	0	0	0	
1.2492658349e+01	14	3	60	2	0	500	500	0	500	500	0	0	0	0	
1.2980147550e+01	15	5	61	5	0	500	500	0	500	500	0	0	0	0	
1.3482797907e+01	15	9	66	5	0	500	500	0	500	500	0	0	0	0	
1.3997679234e+01	17	8	72	4	0	500	500	0	500	500	0	0	0	0	
1.4487709469e+01	20	6	74	4	0	500	500	0	500	500	0	0	0	0	
1.4973217635e+01	21	7	74	5	0	500	500	0	500	500	0	0	0	0	
1.5486062110e+01	23	5	83	1	0	500	500	0	500	500	0	0	0	0	
1.5884717019e+01	23	5	79	6	0	500	500	0	500	500	0	0	0	0	
1.6451434672e+01	25	4	86	4	0	500	500	0	500	500	0	0	0	0	
1.6929951907e+01	25	5	87	4	0	500	500	0	500	500	0	0	0	0	
1.7493811583e+01	26	6	89	4	0	500	500	0	500	500	0	0	0	0	
1.7901798644e+01	28	4	91	1	0	500	500	0	500	500	0	0	0	0	
1.8454760052e+01	30	3	93	3	0	500	500	0	500	500	0	0	0	0	
1.8964911595e+01	30	5	94	4	0	500	500	0	500	500	0	0	0	0	
1.9493276671e+01	31	6	96	4	0	500	500	0	500	500	0	0	0	0	
1.9966915193e+01	32	5	101	5	0	500	500	0	500	500	0	0	0	0	
2.0498615606e+01	32	7	102	6	0	500	500	0	500	500	0	0	0	0	
2.0989292495e+01	34	7	104	5	0	500	500	0	500	500	0	0	0	0	
2.1499557109e+01	36	6	102	7	0	500	500	0	500	500	0	0	0	0	
2.1941307019e+01	38	6	106	3	0	500	500	0	500	500	0	0	0	0	
2.2496034872e+01	40	6	103	10	0	500	500	0	500	500	0	0	0	0	
2.2986395785e+01	42	6	106	9	0	500	500	0	500	500	0	0	0	0	
2.3485356450e+01	43	5	113	5	0	500	500	0	500	500	0	0	0	0	
2.3984353895e+01	44	5	113	5	0	500	500	0	500	500	0	0	0	0	
2.4475037912e+01	46	3	117	5	0	500	500	0	500	500	0	0	0	0	
2.4959013599e+01	46	6	119	3	0	500	500	0	500	500	0	0	0	0	
2.5415731213e+01	47	6	122	2	0	500	500	0	500	500	0	0	0	0	
2.5936729536e+01	50	6	118	6	0	500	500	0	500	500	0	0	0	0	
2.6487150502e+01	51	7	121	4	0	500	500	0	500	500	0	0	0	0	
2.6956312677e+01	52	8	117	10	0	500	500	0	500	500	0	0	0	0	
2.7401633312e+01	54	6	124	6	0	500	500	0	500	500	0	0	0	0	
2.7961966239e+01	55	5	129	3	0	500	500	0	500	500	0	0	0	0	
2.8462120320e+01	57	5	121	11	0	500	500	0	500	500	0	0	0	0	
2.8988119583e+01	58	4	124	8	0	500	500	0	500	500	0	0	0	0	
2.9467546717e+01	58	5	121	12	0	500	500	0	500	500	0	0	0	0	
2.9997740893e+01	60	3	125	10	0	500	500	0	500	500	0	0	0	0	
3.0464234135e+01	62	3	128	7	0	500	500	0	500	500	0	0	0	0	
3.0967912561e+01	62	4	135	3	0	500	500	0	500	500	0	0	0	0	
3.1446804925e+01	62	7	131	8	0	500	500	0	500	500	0	0	0	0	
3.1996066575e+01	62	9	129	12	0	500	500	0	500	500	0	0	0	0	
3.2497420313e+01	67	4	134	8	0	500	500	0	500	500	0	0	0	0	
3.2990520850e+01	67	6	141	3	0	500	500	0	500	500	0	0	0	0	
3.3482782079e+01	69	5	142	3	0	500	500	0	500	500	0	0	0	0	
3.3980817789e+01	70	5	142	8	0	500	500	0	500	500	0	0	0	0	
3.4453597019e+01	73	3	145	7	0	500	500	0	500	500	0	0	0	0	
3.4993304348e+01	73	4	144	7	0	500	500	0	500	500	0	0	0	0	
3.5498440841e+01	74	5	141	9	0	500	500	0	500	500	0	0	0	0	
3.5989498049e+01	74	7	147	8	0	500	500	0	500	500	0	0	0	0	
3.6450750153e+01	75	7	147	8	0	500	500	0	500	500	0	0	0	0	
3.6913200582e+01	79	3	149	5	0	500	500	0	500	500	0	0	0	0	
3.7475311848e+01	79	3	153	3	0	500	500	0	500	500	0	0	0	0	
3.7992302484e+01	80	2	158	1	0	500	500	0	500	500	0	0	0	0	
3.8294371139e+01	80	2	159	2	0	500	500	0	500	500	0	0	0	0	
3.8750789366e+01	80	2	157	3	0	500	500	0	500	500	0	0	0	0	
3.9499869325e+01	80	4	162	4	0	500	500	0	500	500	0	0	0	0	
3.9988624533e+01	81	4	161	2	0	500	500	0	500	500	0	0	0	0	
4.0495586038e+01	83	5	161	2	0	500	500	0	500	500	0	0	0	0	
4.0992234781e+01	83	6	160	3	0	500	500	0	500	500	0	0	0	0	
4.1468436527e+01	85	5	164	1	0	500	500	0	500	500	0	0	0	0	
4.1981217244e+01	85	5	166	3	0	500	500	0	500	500	0	0	0	0	
4.2440038452e+01	86	5	164	5	0	500	500	0	500	500	0	0	0	0	
4.2994891441e+01	87	7	164	7	0	500	500	0	500	500	0	0	0	0	
4.3442708448e+01	88	6	165	8	0	500	500	0	500	500	0	0	0	0	
4.3978343431e+01	88	10	169	7	0	500	500	0	500	500	0	0	0	0	
4.4491076105e+01	90	8	172	6	0	500	500	0	500	500	0	0	0	0	
4.4956807305e+01	91	8	165	11	0	500	500	0	500	500	0	0	0	0	
4.5417733448e+01	91	8	170	6	0	500	500	0	500	500	0	0	0	0	
4.5991559407e+01	93	8	173	5	0	500	500	0	500	500	0	0	0	0	
4.6489889864e+01	95	6	171	8	0	500	500	0	500	500	0	0	0	0	
4.6985584117e+01	95	6	172	10	0	500	500	0	500	500	0	0	0	0	
4.7494960037e+01	96	5	177	10	0	500	500	0	500	500	0	0	0	0	
4.7981419327e+01	96	5	178	7	0	500	500	0	500	500	0	0	0	0	
4.8489479302e+01	98	3	183	6	0	500	500	0	500	500	0	0	0	0	
4.8936026970e+01	98	3	187	5	0	500	500	0	500	500	0	0	0	0	
4.9202889938e+01	100	2	188	4	0	500	500	0	500	500	0	0	0	0	
4.9996162514e+01	102	1	191	2	0	500	500	0	500	500	0	0	0	0	
5.0427684851e+01	102	1	188	4	0	500	500	0	500	500	0	0	0	0	
5.0944598132e+01	102	2	194	0	0	500	500	0	500	500	0	0	0	0	
5.1404110171e+01	102	2	195	2	0	500	500	0	500	500	0	0	0	0	
5.1968629379e+01	103	2	195	4	0	500	500	0	500	500	0	0	0	0	
5.2496763812e+01	104	4	199	3	0	500	500	0	500	500	0	0	0	0	
5.2931979435e+01	105	4	198	7	0	500	500	0	500	500	0	0	0	0	
5.3494345487e+01	106	5	199	6	0	500	500	0	500	500	0	0	0	0	
5.3962086338e+01	107	5	202	8	0	500	500	0	500	500	0	0	0	0	
5.4486010984e+01	110	2	208	6	0	500	500	0	500	500	0	0	0	0	
5.4960091124e+01	110	2	211	5	0	500	500	0	500	500	0	0	0	0	
5.5471140593e+01	110	3	213	4	0	500	500	0	500	500	0	0	0	0	
5.5976167415e+01	110	4	212	4	0	500	500	0	500	500	0	0	0	0	
5.6496345051e+01	110	8	217	1	0	500	500	0	500	500	0	0	0	0	
5.6936495652e+01	114	5	215	6	0	500	500	0	500	500	0	0	0	0	
5.7419793395e+01	115	7	216	4	0	500	500	0	500	500	0	0	0	0	
5.7983928483e+01	118	4	214	6	0	500	500	0	500	500	0	0	0	0	
5.8476762748e+01	119	4	220	4	0	500	500	0	500	500	0	0	0	0	
5.8962208745e+01	122	2	218	6	0	500	500	0	500	500	0	0	0	0	
5.9440274203e+01	122	5	221	4	0	500	500	0	500	500	0	0	0	0	
5.9965804435e+01	123	6	218	6	0	500	500	0	500	500	0	0	0	0	
6.0468432465e+01	124	8	219	6	0	500	500	0	500	500	0	0	0	0	
6.0959032883e+01	124	8	217	9	0	500	500	0	500	500	0	0	0	0	
6.1493726252e+01	125	8	218	8	0	500	500	0	500	500	0	0	0	0	
6.1960153931e+01	127	6	217	11	0	500	500	0	500	500	0	0	0	0	
6.2480304564e+01	127	8	219	12	0	500	500	0	500	500	0	0	0	0	
6.2991473093e+01	130	6	227	5	0	500	500	0	500	500	0	0	0	0	
6.3467437604e+01	132	4	226	8	0	500	500	0	500	500	0	0	0	0	
6.3972757845e+01	134	4	228	6	0	500	500	0	500	500	0	0	0	0	
6.4486941076e+01	134	5	226	8	0	500	500	0	500	500	0	0	0	0	
6.4999681373e+01	134	5	231	7	0	500	500	0	500	500	0	0	0	0	
6.5461342527e+01	134	6	226	11	0	500	500	0	500	500	0	0	0	0	
6.5951421746e+01	137	5	231	6	0	500	500	0	500	500	0	0	0	0	
6.6480150583e+01	139	4	230	8	0	500	500	0	500	500	0	0	0	0	
6.6966801456e+01	141	3	232	8	0	500	500	0	500	500	0	0	0	0	
6.7450618669e+01	141	3	235	5	0	500	500	0	500	500	0	0	0	0	
6.7934147765e+01	142	3	237	4	0	500	500	0	500	500	0	0	0	0	
6.8474728707e+01	143	2	240	3	0	500	500	0	500	500	0	0	0	0	
6.8941747520e+01	144	4	240	4	0	500	500	0	500	500	0	0	0	0	
6.9427913346e+01	145	3	239	4	0	500	500	0	500	500	0	0	0	0	
6.9883613176e+01	145	3	240	5	0	500	500	0	500	500	0	0	0	0	
7.0490361917e+01	145	3	244	3	0	500	500	0	500	500	0	0	0	0	
7.0989602687e+01	146	3	244	4	0	500	500	0	500	500	0	0	0	0	
7.1482169449e+01	147	2	247	3	0	500	500	0	500	500	0	0	0	0	
7.1995082785e+01	147	4	244	4	0	500	500	0	500	500	0	0	0	0	
7.2476191747e+01	147	4	248	5	0	500	500	0	500	500	0	0	0	0	
7.2998726553e+01	148	4	248	3	0	500	500	0	500	500	0	0	0	0	
7.3471985452e+01	148	4	245	6	0	500	500	0	500	500	0	0	0	0	
7.3954247062e+01	148	4	244	7	0	500	500	0	500	500	0	0	0	0	
7.4408538731e+01	148	5	247	4	0	500	500	0	500	500	0	0	0	0	
7.4999695848e+01	149	6	244	9	0	500	500	0	500	500	0	0	0	0	
7.5485492368e+01	150	7	248	6	0	500	500	0	500	500	0	0	0	0	
7.5988648613e+01	154	6	251	5	0	500	500	0	500	500	0	0	0	0	
7.6497704528e+01	154	7	245	9	0	500	500	0	500	500	0	0	0	0	
7.6984849934e+01	154	9	243	15	0	500	500	0	500	500	0	0	0	0	
7.7492820080e+01	157	9	245	16	0	500	500	0	500	500	0	0	0	0	
7.7984454396e+01	157	10	252	11	0	500	500	0	500	500	0	0	0	0	
7.8485988625e+01	158	9	255	9	0	500	500	0	500	500	0	0	0	0	
7.8983386402e+01	159	11	260	6	0	500	500	0	500	500	0	0	0	0	
7.9478843696e+01	159	11	255	8	0	500	500	0	500	500	0	0	0	0	
7.9959117548e+01	163	10	254	10	0	500	500	0	500	500	0	0	0	0	
8.0432484355e+01	167	6	260	8	0	500	500	0	500	500	0	0	0	0	
8.0979620092e+01	167	7	261	9	0	500	500	0	500	500	0	0	0	0	
8.1432595720e+01	168	8	262	6	0	500	500	0	500	500	0	0	0	0	
8.1973776419e+01	167	11	265	7	0	500	500	0	500	500	0	0	0	0	
8.2478874550e+01	169	10	260	9	0	500	500	0	500	500	0	0	0	0	
8.2971163800e+01	172	8	259	10	0	500	500	0	500	500	0	0	0	0	
8.3483583052e+01	175	8	266	8	0	500	500	0	500	500	0	0	0	0	
8.3982820091e+01	175	8	269	5	0	500	500	0	500	500	0	0	0	0	
8.4491108610e+01	177	8	269	6	0	500	500	0	500	500	0	0	0	0	
8.4991695451e+01	179	6	264	10	0	500	500	0	500	500	0	0	0	0	
8.5471180900e+01	182	3	264	11	0	500	500	0	500	500	0	0	0	0	
8.5983934161e+01	182	4	266	7	0	500	500	0	500	500	0	0	0	0	
8.6446293495e+01	182	4	270	6	0	500	500	0	500	500	0	0	0	0	
8.6943137344e+01	183	5	272	4	0	500	500	0	500	500	0	0	0	0	
8.7490346237e+01	184	6	274	4	0	500	500	0	500	500	0	0	0	0	
8.7966980708e+01	184	6	267	10	0	500	500	0	500	500	0	0	0	0	
8.8458432963e+01	188	5	270	6	0	500	500	0	500	500	0	0	0	0	
8.8986828422e+01	186	8	270	7	0	500	500	0	500	500	0	0	0	0	
8.9491500342e+01	189	5	272	6	0	500	500	0	500	500	0	0	0	0	
8.9991025534e+01	189	6	277	3	0	500	500	0	500	500	0	0	0	0	
9.0474379035e+01	189	5	273	7	0	500	500	0	500	500	0	0	0	0	
9.0995600968e+01	189	7	273	12	0	500	500	0	500	500	0	0	0	0	
9.1491079638e+01	191	7	279	10	0	500	500	0	500	500	0	0	0	0	
9.1983090905e+01	191	8	283	5	0	500	500	0	500	500	0	0	0	0	
9.2488565118e+01	192	7	282	6	0	500	500	0	500	500	0	0	0	0	
9.2946626734e+01	195	6	278	9	0	500	500	0	500	500	0	0	0	0	
9.3473273006e+01	196	4	280	7	0	500	500	0	500	500	0	0	0	0	
9.3998025668e+01	197	3	283	5	0	500	500	0	500	500	0	0	0	0	
9.4497575888e+01	194	6	285	7	0	500	500	0	500	500	0	0	0	0	
9.4998838300e+01	195	5	284	7	0	500	500	0	500	500	0	0	0	0	
9.5474966377e+01	197	4	285	4	0	500	500	0	500	500	0	0	0	0	
9.5983154247e+01	197	7	283	5	0	500	500	0	500	500	0	0	0	0	
9.6378895146e+01	199	6	281	5	0	500	500	0	500	500	0	0	0	0	
9.6972193852e+01	199	7	274	10	0	500	500	0	500	500	0	0	0	0	
9.7491390985e+01	198	8	280	7	0	500	500	0	500	500	0	0	0	0	
9.7954675687e+01	200	6	279	8	0	500	500	0	500	500	0	0	0	0	
9.8444321336e+01	202	5	279	8	0	500	500	0	500	500	0	0	0	0	
9.8953674408e+01	203	4	280	5	0	500	500	0	500	500	0	0	0	0	
9.9487272416e+01	203	6	284	4	0	500	500	0	500	500	0	0	0	0	
9.9998871213e+01	205	4	283	5	0	500	500	0	500	500	0	0	0	0	
1.0048053187e+02	206	5	276	10	0	500	500	0	500	500	0	0	0	0	
1.0095966194e+02	207	5	281	8	0	500	500	0	500	500	0	0	0	0	
1.0149244049e+02	207	6	283	6	0	500	500	0	500	500	0	0	0	0	
1.0199098716e+02	209	5	279	8	0	500	500	0	500	500	0	0	0	0	
1.0249201814e+02	209	7	278	9	0	500	500	0	500	500	0	0	0	0	
1.0298106467e+02	209	7	277	10	0	500	500	0	500	500	0	0	0	0	
1.0347970693e+02	208	12	283	8	0	500	500	0	500	500	0	0	0	0	
1.0394519881e+02	210	12	277	12	0	500	500	0	500	500	0	0	0	0	
1.0449153131e+02	212	10	280	12	0	500	500	0	500	500	0	0	0	0	
1.0488752743e+02	214	9	281	9	0	500	500	0	500	500	0	0	0	0	
1.0549836665e+02	215	9	285	10	0	500	500	0	500	500	0	0	0	0	
1.0598941145e+02	214	10	287	11	0	500	500	0	500	500	0	0	0	0	
1.0649116524e+02	213	12	290	8	0	500	500	0	500	500	0	0	0	0	
1.0699094499e+02	216	12	288	11	0	500	500	0	500	500	0	0	0	0	
1.0747861485e+02	216	12	279	18	0	500	500	0	500	500	0	0	0	0	
1.0799938124e+02	216	14	281	16	0	500	500	0	500	500	0	0	0	0	
1.0848177503e+02	215	16	281	16	0	500	500	0	500	500	0	0	0	0	
1.0898853293e+02	224	7	278	18	0	500	500	0	500	500	0	0	0	0	
1.0949808121e+02	224	9	284	11	0	500	500	0	500	500	0	0	0	0	
1.0999904498e+02	227	7	287	11	0	500	500	0	500	500	0	0	0	0	
1.1047640694e+02	229	6	295	8	0	500	500	0	500	500	0	0	0	0	
1.1097844024e+02	228	8	300	5	0	500	500	0	500	500	0	0	0	0	
1.1147609417e+02	229	7	299	10	0	500	500	0	500	500	0	0	0	0	
1.1196266917e+02	231	6	298	12	0	500	500	0	500	500	0	0	0	0	
1.1249795868e+02	232	6	302	9	0	500	500	0	500	500	0	0	0	0	
1.1296872028e+02	232	7	298	13	0	500	500	0	500	500	0	0	0	0	
1.1348953695e+02	232	8	303	10	0	500	500	0	500	500	0	0	0	0	
1.1398991186e+02	232	9	300	13	0	500	500	0	500	500	0	0	0	0	
1.1448893576e+02	238	6	300	13	0	500	500	0	500	500	0	0	0	0	
1.1499589705e+02	241	5	302	11	0	500	500	0	500	500	0	0	0	0	
1.1543431657e+02	241	5	309	6	0	500	500	0	500	500	0	0	0	0	
1.1594083295e+02	242	4	310	6	0	500	500	0	500	500	0	0	0	0	
1.1648939708e+02	242	7	309	6	0	500	500	0	500	500	0	0	0	0	
1.1695509577e+02	243	7	306	9	0	500	500	0	500	500	0	0	0	0	
1.1748754939e+02	243	8	310	6	0	500	500	0	500	500	0	0	0	0	
1.1797168405e+02	245	6	312	4	0	500	500	0	500	500	0	0	0	0	
1.1845435056e+02	245	9	311	7	0	500	500	0	500	500	0	0	0	0	
1.1899907534e+02	245	10	308	8	0	500	500	0	500	500	0	0	0	0	
1.1949181081e+02	244	9	309	7	0	500	500	0	500	500	0	0	0	0	
1.1999445696e+02	245	8	305	11	0	500	500	0	500	500	0	0	0	0	
1.2049354044e+02	246	9	300	16	0	500	500	0	500	500	0	0	0	0	
1.2097769061e+02	247	8	305	12	0	500	500	0	500	500	0	0	0	0	
1.2149732564e+02	248	7	302	16	0	500	500	0	500	500	0	0	0	0	
1.2199788326e+02	248	7	301	18	0	500	500	0	500	500	0	0	0	0	
1.2244846227e+02	251	4	312	8	0	500	500	0	500	500	0	0	0	0	
1.2297742284e+02	252	5	311	7	0	500	500	0	500	500	0	0	0	0	
1.2345911675e+02	254	3	317	5	0	500	500	0	500	500	0	0	0	0	
1.2397796733e+02	254	4	321	2	0	500	500	0	500	500	0	0	0	0	
1.2447874686e+02	254	7	322	4	0	500	500	0	500	500	0	0	0	0	
1.2498537090e+02	253	8	319	9	0	500	500	0	500	500	0	0	0	0	
1.2544193582e+02	253	10	322	8	0	500	500	0	500	500	0	0	0	0	
1.2599992771e+02	255	10	324	6	0	500	500	0	500	500	0	0	0	0	
1.2647059186e+02	255	12	320	10	0	500	500	0	500	500	0	0	0	0	
1.2698958177e+02	258	10	312	16	0	500	500	0	500	500	0	0	0	0	
1.2747788918e+02	261	8	320	11	0	500	500	0	500	500	0	0	0	0	
1.2798489494e+02	261	10	314	16	0	500	500	0	500	500	0	0	0	0	
1.2849822523e+02	262	9	310	19	0	500	500	0	500	500	0	0	0	0	
1.2898795614e+02	263	8	305	23	0	500	500	0	500	500	0	0	0	0	
1.2943918264e+02	265	6	310	21	0	500	500	0	500	500	0	0	0	0	
1.2996559555e+02	266	4	317	12	0	500	500	0	500	500	0	0	0	0	
1.3049268948e+02	266	5	322	6	0	500	500	0	500	500	0	0	0	0	
1.3099231441e+02	266	5	323	5	0	500	500	0	500	500	0	0	0	0	
1.3142309369e+02	266	5	328	4	0	500	500	0	500	500	0	0	0	0	
1.3198162651e+02	266	7	324	7	0	500	500	0	500	500	0	0	0	0	
1.3247634081e+02	265	9	323	6	0	500	500	0	500	500	0	0	0	0	
1.3296759016e+02	268	7	321	6	0	500	500	0	500	500	0	0	0	0	
1.3349285481e+02	270	6	319	9	0	500	500	0	500	500	0	0	0	0	
1.3398571637e+02	269	6	318	12	0	500	500	0	500	500	0	0	0	0	
1.3446639517e+02	268	9	319	14	0	500	500	0	500	500	0	0	0	0	
1.3497627148e+02	268	10	322	10	0	500	500	0	500	500	0	0	0	0	
1.3549687962e+02	270	9	325	11	0	500	500	0	500	500	0	0	0	0	
1.3599558391e+02	270	10	326	14	0	500	500	0	500	500	0	0	0	0	
1.3647875734e+02	270	11	324	16	0	500	500	0	500	500	0	0	0	0	
1.3698147224e+02	272	9	319	20	0	500	500	0	500	500	0	0	0	0	
1.3748951458e+02	273	8	325	14	0	500	500	0	500	500	0	0	0	0	
1.3799817859e+02	275	8	326	13	0	500	500	0	500	500	0	0	0	0	
1.3846411675e+02	274	9	328	13	0	500	500	0	500	500	0	0	0	0	
1.3899111736e+02	276	7	334	10	0	500	500	0	500	500	0	0	0	0	
1.3948693678e+02	278	7	335	8	0	500	500	0	500	500	0	0	0	0	
1.3999783675e+02	279	6	333	10	0	500	500	0	500	500	0	0	0	0	
1.4048371059e+02	279	8	333	10	0	500	500	0	500	500	0	0	0	0	
1.4099611478e+02	282	5	336	8	0	500	500	0	500	500	0	0	0	0	
1.4149599235e+02	285	3	341	2	0	500	500	0	500	500	0	0	0	0	
1.4196343755e+02	286	5	342	4	0	500	500	0	500	500	0	0	0	0	
1.4247964980e+02	286	6	343	4	0	500	500	0	500	500	0	0	0	0	
1.4299696608e+02	285	7	341	9	0	500	500	0	500	500	0	0	0	0	
1.4346830279e+02	285	7	346	7	0	500	500	0	500	500	0	0	0	0	
1.4396723663e+02	285	7	344	11	0	500	500	0	500	500	0	0	0	0	
1.4448587720e+02	285	7	348	10	0	500	500	0	500	500	0	0	0	0	
1.4497311387e+02	286	6	344	13	0	500	500	0	500	500	0	0	0	0	
1.4549880338e+02	285	9	349	11	0	500	500	0	500	500	0	0	0	0	
1.4599779808e+02	287	9	348	14	0	500	500	0	500	500	0	0	0	0	
1.4649399522e+02	289	8	348	13	0	500	500	0	500	500	0	0	0	0	
1.4699063528e+02	286	11	345	15	0	500	500	0	500	500	0	0	0	0	
1.4749280708e+02	287	10	345	17	0	500	500	0	500	500	0	0	0	0	
1.4799902029e+02	289	10	351	11	0	500	500	0	500	500	0	0	0	0	
1.4845096107e+02	293	7	350	12	0	500	500	0	500	500	0	0	0	0	
1.4898641710e+02	292	9	354	10	0	500	500	0	500	500	0	0	0	0	
1.4949778111e+02	294	8	352	15	0	500	500	0	500	500	0	0	0	0	
1.4998293168e+02	295	6	352	15	0	500	500	0	500	500	0	0	0	0	
1.5044705789e+02	298	4	357	11	0	500	500	0	500	500	0	0	0	0	
1.5086871124e+02	299	3	360	10	0	500	500	0	500	500	0	0	0	0	
1.5148973112e+02	300	2	367	4	0	500	500	0	500	500	0	0	0	0	
1.5190555227e+02	299	2	368	4	0	500	500	0	500	500	0	0	0	0	
1.5244228307e+02	299	2	366	5	0	500	500	0	500	500	0	0	0	0	
1.5295387354e+02	299	4	364	5	0	500	500	0	500	500	0	0	0	0	
1.5344812228e+02	301	1	364	6	0	500	500	0	500	500	0	0	0	0	
1.5398465267e+02	301	3	362	7	0	500	500	0	500	500	0	0	0	0	
1.5445689692e+02	302	3	365	5	0	500	500	0	500	500	0	0	0	0	
1.5496251420e+02	303	2	364	5	0	500	500	0	500	500	0	0	0	0	
1.5549936619e+02	300	4	360	8	0	500	500	0	500	500	0	0	0	0	
1.5599885835e+02	299	4	367	2	0	500	500	0	500	500	0	0	0	0	
1.5649234307e+02	297	4	363	6	0	500	500	0	500	500	0	0	0	0	
1.5698978746e+02	298	3	363	4	0	500	500	0	500	500	0	0	0	0	
1.5747176509e+02	299	3	363	5	0	500	500	0	500	500	0	0	0	0	
1.5799342104e+02	298	4	363	8	0	500	500	0	500	500	0	0	0	0	
1.5849059740e+02	298	6	368	7	0	500	500	0	500	500	0	0	0	0	
1.5893344992e+02	298	6	367	10	0	500	500	0	500	500	0	0	0	0	
1.5947462505e+02	299	6	370	9	0	500	500	0	500	500	0	0	0	0	
1.5998629492e+02	299	5	365	13	0	500	500	0	500	500	0	0	0	0	
1.6048842320e+02	298	4	372	7	0	500	500	0	500	500	0	0	0	0	
1.6091949766e+02	298	5	373	7	0	500	500	0	500	500	0	0	0	0	
1.6147367971e+02	300	3	374	8	0	500	500	0	500	500	0	0	0	0	
1.6197947321e+02	300	3	375	10	0	500	500	0	500	500	0	0	0	0	
1.6249867224e+02	299	4	379	7	0	500	500	0	500	500	0	0	0	0	
1.6297092346e+02	299	6	379	7	0	500	500	0	500	500	0	0	0	0	
1.6347079276e+02	300	7	380	9	0	500	500	0	500	500	0	0	0	0	
1.6398064825e+02	301	7	378	12	0	500	500	0	500	500	0	0	0	0	
1.6445579966e+02	304	5	387	6	0	500	500	0	500	500	0	0	0	0	
1.6492330620e+02	304	6	394	3	0	500	500	0	500	500	0	0	0	0	
1.6549822856e+02	305	7	394	5	0	500	500	0	500	500	0	0	0	0	
1.6592712329e+02	308	5	393	8	0	500	500	0	500	500	0	0	0	0	
1.6648975821e+02	309	5	386	13	0	500	500	0	500	500	0	0	0	0	
1.6696705532e+02	310	3	393	5	0	500	500	0	500	500	0	0	0	0	
1.6747800568e+02	309	5	393	6	0	500	500	0	500	500	0	0	0	0	
1.6799703340e+02	311	5	390	8	0	500	500	0	500	500	0	0	0	0	
1.6847410464e+02	312	5	389	9	0	500	500	0	500	500	0	0	0	0	
1.6899684204e+02	312	5	397	5	0	500	500	0	500	500	0	0	0	0	
1.6949184143e+02	315	2	396	6	0	500	500	0	500	500	0	0	0	0	
1.6998514460e+02	315	2	399	4	0	500	500	0	500	500	0	0	0	0	
1.7047510916e+02	315	1	400	1	0	500	500	0	500	500	0	0	0	0	
1.7087635598e+02	315	2	401	1	0	500	500	0	500	500	0	0	0	0	
1.7147610192e+02	315	3	399	3	0	500	500	0	500	500	0	0	0	0	
1.7198572003e+02	317	3	400	6	0	500	500	0	500	500	0	0	0	0	
1.7249704466e+02	317	3	407	5	0	500	500	0	500	500	0	0	0	0	
1.7299334665e+02	318	3	404	7	0	500	500	0	500	500	0	0	0	0	
1.7347851684e+02	318	7	404	10	0	500	500	0	500	500	0	0	0	0	
1.7395317976e+02	321	5	411	6	0	500	500	0	500	500	0	0	0	0	
1.7447214994e+02	321	5	410	5	0	500	500	0	500	500	0	0	0	0	
1.7496859643e+02	324	2	412	8	0	500	500	0	500	500	0	0	0	0	
1.7549090428e+02	322	2	417	3	0	500	500	0	500	500	0	0	0	0	
1.7598014980e+02	322	2	414	7	0	500	500	0	500	500	0	0	0	0	
1.7645795508e+02	322	2	419	5	0	500	500	0	500	500	0	0	0	0	
1.7696435037e+02	322	2	420	5	0	500	500	0	500	500	0	0	0	0	
1.7740000790e+02	321	4	419	7	0	500	500	0	500	500	0	0	0	0	
1.7794921131e+02	320	4	421	5	0	500	500	0	500	500	0	0	0	0	
1.7849694578e+02	320	6	425	6	0	500	500	0	500	500	0	0	0	0	
1.7899918706e+02	320	5	429	3	0	500	500	0	500	500	0	0	0	0	
1.7947428285e+02	320	6	427	4	0	500	500	0	500	500	0	0	0	0	
1.7999819605e+02	320	7	425	6	0	500	500	0	500	500	0	0	0	0	
1.8047994988e+02	320	8	419	9	0	500	500	0	500	500	0	0	0	0	
1.8098707118e+02	319	9	416	14	0	500	500	0	500	500	0	0	0	0	
1.8148013875e+02	321	8	420	9	0	500	500	0	500	500	0	0	0	0	
1.8199294446e+02	322	8	416	13	0	500	500	0	500	500	0	0	0	0	
1.8249956101e+02	324	6	417	14	0	500	500	0	500	500	0	0	0	0	
1.8299283586e+02	322	9	418	15	0	500	500	0	500	500	0	0	0	0	
1.8349365379e+02	321	10	422	14	0	500	500	0	500	500	0	0	0	0	
1.8399644218e+02	321	9	423	14	0	500	500	0	500	500	0	0	0	0	
1.8449994327e+02	319	10	419	17	0	500	500	0	500	500	0	0	0	0	
1.8498992298e+02	322	8	422	15	0	500	500	0	500	500	0	0	0	0	
1.8549374474e+02	322	9	416	18	0	500	500	0	500	500	0	0	0	0	
1.8599862571e+02	320	12	418	16	0	500	500	0	500	500	0	0	0	0	
1.8648961691e+02	320	11	423	13	0	500	500	0	500	500	0	0	0	0	
1.8699728701e+02	319	15	422	15	0	500	500	0	500	500	0	0	0	0	
1.8749449504e+02	321	14	424	17	0	500	500	0	500	500	0	0	0	0	
1.8799726964e+02	324	11	422	18	0	500	500	0	500	500	0	0	0	0	
1.8844524730e+02	323	13	423	19	0	500	500	0	500	500	0	0	0	0	
1.8898238600e+02	325	12	427	17	0	500	500	0	500	500	0	0	0	0	
1.8947835601e+02	322	16	426	21	0	500	500	0	500	500	0	0	0	0	
1.8998332624e+02	322	17	427	23	0	500	500	0	500	500	0	0	0	0	
1.9048808353e+02	325	16	425	28	0	500	500	0	500	500	0	0	0	0	
1.9098406609e+02	326	16	424	29	0	500	500	0	500	500	0	0	0	0	
1.9148636904e+02	326	19	426	26	0	500	500	0	500	500	0	0	0	0	
1.9198230595e+02	332	15	431	21	0	500	500	0	500	500	0	0	0	0	
1.9248726482e+02	335	11	427	21	0	500	500	0	500	500	0	0	0	0	
1.9299597427e+02	335	12	429	19	0	500	500	0	500	500	0	0	0	0	
1.9348790125e+02	335	12	432	19	0	500	500	0	500	500	0	0	0	0	
1.9398356672e+02	340	6	433	19	0	500	500	0	500	500	0	0	0	0	
1.9447255530e+02	343	4	440	10	0	500	500	0	500	500	0	0	0	0	
1.9499126501e+02	342	7	441	11	0	500	500	0	500	500	0	0	0	0	
1.9549921818e+02	342	7	438	15	0	500	500	0	500	500	0	0	0	0	
1.9599992522e+02	344	5	441	14	0	500	500	0	500	500	0	0	0	0	
1.9646335390e+02	344	6	450	8	0	500	500	0	500	500	0	0	0	0	
1.9695559419e+02	344	7	450	6	0	500	500	0	500	500	0	0	0	0	
1.9747676728e+02	345	6	444	9	0	500	500	0	500	500	0	0	0	0	
1.9799952627e+02	344	8	442	11	0	500	500	0	500	500	0	0	0	0	
1.9848569451e+02	343	9	444	11	0	500	500	0	500	500	0	0	0	0	
1.9897945512e+02	342	10	438	16	0	500	500	0	500	500	0	0	0	0	
1.9947281991e+02	342	11	441	14	0	500	500	0	500	500	0	0	0	0	
1.9999284853e+02	343	9	438	15	0	500	500	0	500	500	0	0	0	0	
2.0048403112e+02	342	10	441	17	0	500	500	0	500	500	0	0	0	0	
2.0098315256e+02	345	6	445	16	0	500	500	0	500	500	0	0	0	0	
2.0147703418e+02	344	8	442	16	0	500	500	0	500	500	0	0	0	0	
2.0199422241e+02	345	7	448	10	0	500	500	0	500	500	0	0	0	0	
2.0239607282e+02	348	5	447	11	0	500	500	0	500	500	0	0	0	0	
2.0297679733e+02	348	6	449	10	0	500	500	0	500	500	0	0	0	0	
2.0346324362e+02	351	3	452	7	0	500	500	0	500	500	0	0	0	0	
2.0399785542e+02	351	4	453	8	0	500	500	0	500	500	0	0	0	0	
2.0449197935e+02	352	5	453	7	0	500	500	0	500	500	0	0	0	0	
2.0497348268e+02	351	7	455	6	0	500	500	0	500	500	0	0	0	0	
2.0549553303e+02	351	7	450	14	0	500	500	0	500	500	0	0	0	0	
2.0592115544e+02	349	11	459	10	0	500	500	0	500	500	0	0	0	0	
2.0649763737e+02	349	11	456	13	0	500	500	0	500	500	0	0	0	0	
2.0698671778e+02	351	9	451	16	0	500	500	0	500	500	0	0	0	0	
2.0749403753e+02	351	9	450	18	0	500	500	0	500	500	0	0	0	0	
2.0799678049e+02	348	10	451	14	0	500	500	0	500	500	0	0	0	0	
2.0848540451e+02	348	11	448	17	0	500	500	0	500	500	0	0	0	0	
2.0899160859e+02	349	12	445	18	0	500	500	0	500	500	0	0	0	0	
2.0948041065e+02	348	13	449	15	0	500	500	0	500	500	0	0	0	0	
2.0998776746e+02	349	13	446	18	0	500	500	0	500	500	0	0	0	0	
2.1048548080e+02	347	15	442	23	0	500	500	0	500	500	0	0	0	0	
2.1099673095e+02	349	13	446	18	0	500	500	0	500	500	0	0	0	0	
2.1147487691e+02	353	9	445	17	0	500	500	0	500	500	0	0	0	0	
2.1199640021e+02	354	9	441	20	0	500	500	0	500	500	0	0	0	0	
2.1249352042e+02	356	7	452	11	0	500	500	0	500	500	0	0	0	0	
2.1299301180e+02	355	8	450	13	0	500	500	0	500	500	0	0	0	0	
2.1347312763e+02	356	8	446	16	0	500	500	0	500	500	0	0	0	0	
2.1394798409e+02	355	11	444	21	0	500	500	0	500	500	0	0	0	0	
2.1448262381e+02	358	10	449	15	0	500	500	0	500	500	0	0	0	0	
2.1498301457e+02	357	11	452	13	0	500	500	0	500	500	0	0	0	0	
2.1549036976e+02	360	9	453	14	0	500	500	0	500	500	0	0	0	0	
2.1599415358e+02	362	8	452	16	0	500	500	0	500	500	0	0	0	0	
2.1649587137e+02	361	11	446	21	0	500	500	0	500	500	0	0	0	0	
2.1699753192e+02	361	12	436	30	0	500	500	0	500	500	0	0	0	0	
2.1748403614e+02	360	14	431	34	0	500	500	0	500	500	0	0	0	0	
2.1799908829e+02	355	20	443	22	0	500	500	0	500	500	0	0	0	0	
2.1849578381e+02	358	19	442	25	0	500	500	0	500	500	0	0	0	0	
2.1899585324e+02	356	19	447	20	0	500	500	0	500	500	0	0	0	0	
2.1949825387e+02	357	20	445	20	0	500	500	0	500	500	0	0	0	0	
2.1998642333e+02	357	22	435	28	0	500	500	0	500	500	0	0	0	0	
2.2049756732e+02	360	19	435	27	0	500	500	0	500	500	0	0	0	0	
2.2099575224e+02	361	18	435	27	0	500	500	0	500	500	0	0	0	0	
2.2149600121e+02	361	18	439	21	0	500	500	0	500	500	0	0	0	0	
2.2199946823e+02	360	22	441	17	0	500	500	0	500	500	0	0	0	0	
2.2249081416e+02	364	18	437	19	0	500	500	0	500	500	0	0	0	0	
2.2299397952e+02	369	13	438	17	0	500	500	0	500	500	0	0	0	0	
2.2347669718e+02	372	13	439	19	0	500	500	0	500	500	0	0	0	0	
2.2399917882e+02	375	11	434	23	0	500	500	0	500	500	0	0	0	0	
2.2449821755e+02	374	12	431	24	0	500	500	0	500	500	0	0	0	0	
2.2499406442e+02	377	10	434	23	0	500	500	0	500	500	0	0	0	0	
2.2549530197e+02	378	9	440	17	0	500	500	0	500	500	0	0	0	0	
2.2599783891e+02	378	8	440	19	0	500	500	0	500	500	0	0	0	0	
2.2649272726e+02	378	8	445	13	0	500	500	0	500	500	0	0	0	0	
2.2697835233e+02	372	15	440	19	0	500	500	0	500	500	0	0	0	0	
2.2749920893e+02	376	13	440	21	0	500	500	0	500	500	0	0	0	0	
2.2799279740e+02	378	11	440	22	0	500	500	0	500	500	0	0	0	0	
2.2848788741e+02	375	14	437	27	0	500	500	0	500	500	0	0	0	0	
2.2899917088e+02	374	15	428	31	0	500	500	0	500	500	0	0	0	0	
2.2949356588e+02	371	19	430	33	0	500	500	0	500	500	0	0	0	0	
2.2999896082e+02	368	20	430	30	0	500	500	0	500	500	0	0	0	0	
2.3049691353e+02	366	22	414	46	0	500	500	0	500	500	0	0	0	0	
2.3099912472e+02	366	24	415	44	0	500	500	0	500	500	0	0	0	0	
2.3149498072e+02	373	18	423	37	0	500	500	0	500	500	0	0	0	0	
2.3198315594e+02	373	20	417	38	0	500	500	0	500	500	0	0	0	0	
2.3249898210e+02	373	20	415	45	0	500	500	0	500	500	0	0	0	0	
2.3299462642e+02	371	24	408	51	0	500	500	0	500	500	0	0	0	0	
2.3349589768e+02	371	25	405	57	0	500	500	0	500	500	0	0	0	0	
2.3399743462e+02	377	19	413	49	0	500	500	0	500	500	0	0	0	0	
2.3448601193e+02	375	20	405	51	0	500	500	0	500	500	0	0	0	0	
2.3499394744e+02	373	25	409	49	0	500	500	0	500	500	0	0	0	0	
2.3549155640e+02	373	26	402	52	0	500	500	0	500	500	0	0	0	0	
2.3599909982e+02	374	26	393	63	0	500	500	0	500	500	0	0	0	0	
2.3648871499e+02	373	30	400	55	0	500	500	0	500	500	0	0	0	0	
2.3698498631e+02	371	32	397	61	0	500	500	0	500	500	0	0	0	0	
2.3748524192e+02	365	39	385	75	0	500	500	0	500	500	0	0	0	0	
2.3799057289e+02	371	33	389	72	0	500	500	0	500	500	0	0	0	0	
2.3848825685e+02	375	28	383	78	0	500	500	0	500	500	0	0	0	0	
2.3899384400e+02	380	24	388	71	0	500	500	0	500	500	0	0	0	0	
2.3949123015e+02	380	23	389	72	0	500	500	0	500	500	0	0	0	0	
2.3999401761e+02	372	32	384	75	0	500	500	0	500	500	0	0	0	0	
2.4049450637e+02	375	34	379	81	0	500	500	0	500	500	0	0	0	0	
2.4099816687e+02	374	34	393	70	0	500	500	0	500	500	0	0	0	0	
2.4149885625e+02	372	36	390	73	0	500	500	0	500	500	0	0	0	0	
2.4198653862e+02	374	35	392	70	0	500	500	0	500	500	0	0	0	0	
2.4248729520e+02	373	36	374	87	0	500	500	0	500	500	0	0	0	0	
2.4299451165e+02	369	40	369	89	0	500	500	0	500	500	0	0	0	0	
2.4349838262e+02	361	47	362	96	0	500	500	0	500	500	0	0	0	0	
2.4399867039e+02	353	55	350	106	0	500	500	0	500	500	0	0	0	0	
2.4449781854e+02	351	56	337	118	0	500	500	0	500	500	0	0	0	0	
2.4499845533e+02	349	59	322	135	0	500	500	0	500	500	0	0	0	0	
2.4548854332e+02	350	58	311	149	0	500	500	0	500	500	0	0	0	0	
2.4599909811e+02	350	58	305	160	0	500	500	0	500	500	0	0	0	0	
2.4649805618e+02	351	57	305	158	0	500	500	0	500	500	0	0	0	0	
2.4699464377e+02	346	63	301	162	0	500	500	0	500	500	0	0	0	0	
2.4749986533e+02	340	68	277	188	0	500	500	0	500	500	0	0	0	0	
2.4799767555e+02	336	75	264	203	0	500	500	0	500	500	0	0	0	0	
2.4849979116e+02	331	79	218	250	0	500	500	0	500	500	0	0	0	0	
2.4899663416e+02	343	67	219	252	0	500	500	0	500	500	0	0	0	0	
2.4949572500e+02	337	74	201	273	0	500	500	0	500	500	0	0	0	0	
2.4999994391e+02	334	78	192	280	0	500	500	0	500	500	0	0	0	0	
2.5049509803e+02	317	96	173	294	0	500	500	0	500	500	0	0	0	0	
2.5098762642e+02	303	112	160	311	0	500	500	0	500	500	0	0	0	0	
2.5149887102e+02	295	119	98	377	0	500	500	0	500	500	0	0	0	0	
2.5199834808e+02	279	134	61	415	0	500	500	0	500	500	0	0	0	0	
2.5249773863e+02	267	147	30	447	0	500	500	0	500	500	0	0	0	0	
2.5299744216e+02	252	161	29	450	0	500	500	0	500	500	0	0	0	0	
2.5349710832e+02	236	177	20	459	0	500	500	0	500	500	0	0	0	0	
2.5399884580e+02	233	180	19	459	0	500	500	0	500	500	0	0	0	0	
2.5449633657e+02	231	182	17	462	0	500	500	0	500	500	0	0	0	0	
2.5499290159e+02	236	180	13	466	0	500	500	0	500	500	0	0	0	0	
2.5549902008e+02	237	179	25	452	0	500	500	0	500	500	0	0	0	0	
2.5599960202e+02	240	178	8	468	0	500	500	0	500	500	0	0	0	0	
2.5649372983e+02	241	178	18	458	0	500	500	0	500	500	0	0	0	0	
2.5699993515e+02	233	188	16	461	0	500	500	0	500	500	0	0	0	0	
2.5749869760e+02	243	177	19	457	0	500	500	0	500	500	0	0	0	0	
2.5799488642e+02	240	181	17	457	0	500	500	0	500	500	0	0	0	0	
2.5848345649e+02	234	186	13	463	0	500	500	0	500	500	0	0	0	0	
2.5899870166e+02	220	200	14	461	0	500	500	0	500	500	0	0	0	0	
2.5949997673e+02	211	210	16	457	0	500	500	0	500	500	0	0	0	0	
2.5999414621e+02	208	212	16	460	0	500	500	0	500	500	0	0	0	0	
2.6049772439e+02	218	203	21	457	0	500	500	0	500	500	0	0	0	0	
2.6099898339e+02	215	207	16	460	0	500	500	0	500	500	0	0	0	0	
2.6149835358e+02	219	204	13	463	0	500	500	0	500	500	0	0	0	0	
2.6199460654e+02	217	206	21	457	0	500	500	0	500	500	0	0	0	0	
2.6249063924e+02	218	208	19	456	0	500	500	0	500	500	0	0	0	0	
2.6299740300e+02	221	204	16	464	0	500	500	0	500	500	0	0	0	0	
2.6349817871e+02	216	213	12	470	0	500	500	0	500	500	0	0	0	0	
2.6399631871e+02	227	201	17	464	0	500	500	0	500	500	0	0	0	0	
2.6449760106e+02	220	208	11	473	0	500	500	0	500	500	0	0	0	0	
2.6499768091e+02	205	223	19	464	0	500	500	0	500	500	0	0	0	0	
2.6549503831e+02	212	214	17	466	0	500	500	0	500	500	0	0	0	0	
2.6599993446e+02	212	215	11	471	0	500	500	0	500	500	0	0	0	0	
2.6649606966e+02	213	215	14	472	0	500	500	0	500	500	0	0	0	0	
2.6699556584e+02	210	219	22	465	0	500	500	0	500	500	0	0	0	0	
2.6749587477e+02	208	220	16	468	0	500	500	0	500	500	0	0	0	0	
2.6799728878e+02	197	232	18	467	0	500	500	0	500	500	0	0	0	0	
2.6849362587e+02	193	237	11	473	0	500	500	0	500	500	0	0	0	0	
2.6899831727e+02	217	213	10	476	0	500	500	0	500	500	0	0	0	0	
2.6949979265e+02	226	203	9	476	0	500	500	0	500	500	0	0	0	0	
2.6999417282e+02	220	210	11	474	0	500	500	0	500	500	0	0	0	0	
2.7049360357e+02	233	197	10	478	0	500	500	0	500	500	0	0	0	0	
2.7099760291e+02	229	202	12	475	0	500	500	0	500	500	0	0	0	0	
2.7149676038e+02	235	197	20	469	0	500	500	0	500	500	0	0	0	0	
2.7199647013e+02	230	204	13	479	0	500	500	0	500	500	0	0	0	0	
2.7249791887e+02	235	199	6	486	0	500	500	0	500	500	0	0	0	0	
2.7299700615e+02	242	190	20	471	0	500	500	0	500	500	0	0	0	0	
2.7349786040e+02	243	189	18	472	0	500	500	0	500	500	0	0	0	0	
2.7399431072e+02	221	212	16	475	0	500	500	0	500	500	0	0	0	0	
2.7449935953e+02	215	218	11	481	0	500	500	0	500	500	0	0	0	0	
2.7499520238e+02	209	227	11	481	0	500	500	0	500	500	0	0	0	0	
2.7549839760e+02	206	232	9	481	0	500	500	0	500	500	0	0	0	0	
2.7599304500e+02	188	250	10	479	0	500	500	0	500	500	0	0	0	0	
2.7649604259e+02	193	245	16	476	0	500	500	0	500	500	0	0	0	0	
2.7699971432e+02	201	237	15	482	0	500	500	0	500	500	0	0	0	0	
2.7749820319e+02	212	226	13	483	0	500	500	0	500	500	0	0	0	0	
2.7799706726e+02	214	223	13	483	0	500	500	0	500	500	0	0	0	0	
2.7849569665e+02	198	238	10	482	0	500	500	0	500	500	0	0	0	0	
2.7899022575e+02	209	228	6	484	0	500	500	0	500	500	0	0	0	0	
2.7949441669e+02	209	228	23	465	0	500	500	0	500	500	0	0	0	0	
2.7999606479e+02	213	224	6	482	0	500	500	0	500	500	0	0	0	0	
2.8049984313e+02	217	220	11	474	0	500	500	0	500	500	0	0	0	0	
2.8099096806e+02	200	237	16	471	0	500	500	0	500	500	0	0	0	0	
2.8149464584e+02	203	234	19	466	0	500	500	0	500	500	0	0	0	0	
2.8199986523e+02	205	231	14	470	0	500	500	0	500	500	0	0	0	0	
2.8249745478e+02	221	216	13	471	0	500	500	0	500	500	0	0	0	0	
2.8299744138e+02	226	213	9	474	0	500	500	0	500	500	0	0	0	0	
2.8349562706e+02	227	212	7	477	0	500	500	0	500	500	0	0	0	0	
2.8399977509e+02	235	204	20	468	0	500	500	0	500	500	0	0	0	0	
2.8449910980e+02	248	192	14	476	0	500	500	0	500	500	0	0	0	0	
2.8499111141e+02	230	211	16	472	0	500	500	0	500	500	0	0	0	0	
2.8549915753e+02	226	215	11	473	0	500	500	0	500	500	0	0	0	0	
2.8599380404e+02	233	209	15	468	0	500	500	0	500	500	0	0	0	0	
2.8649733828e+02	233	209	15	469	0	500	500	0	500	500	0	0	0	0	
2.8699405472e+02	229	214	10	473	0	500	500	0	500	500	0	0	0	0	
2.8749262743e+02	221	223	13	472	0	500	500	0	500	500	0	0	0	0	
2.8799216619e+02	223	221	22	461	0	500	500	0	500	500	0	0	0	0	
2.8849239647e+02	208	237	21	458	0	500	500	0	500	500	0	0	0	0	
2.8899701269e+02	212	231	13	468	0	500	500	0	500	500	0	0	0	0	
2.8949586987e+02	229	216	11	473	0	500	500	0	500	500	0	0	0	0	
2.8999748386e+02	214	233	11	472	0	500	500	0	500	500	0	0	0	0	
2.9049079959e+02	228	219	17	471	0	500	500	0	500	500	0	0	0	0	
2.9099858584e+02	232	216	25	459	0	500	500	0	500	500	0	0	0	0	
2.9149360127e+02	239	209	16	466	0	500	500	0	500	500	0	0	0	0	
2.9199987001e+02	235	213	17	470	0	500	500	0	500	500	0	0	0	0	
2.9249937411e+02	250	200	15	471	0	500	500	0	500	500	0	0	0	0	
2.9298643366e+02	248	203	11	473	0	500	500	0	500	500	0	0	0	0	
2.9349678718e+02	243	207	11	471	0	500	500	0	500	500	0	0	0	0	
2.9399914998e+02	242	208	14	467	0	500	500	0	500	500	0	0	0	0	
2.9449714295e+02	246	205	12	469	0	500	500	0	500	500	0	0	0	0	
2.9499652834e+02	250	201	22	460	0	500	500	0	500	500	0	0	0	0	
2.9549897565e+02	242	209	8	474	0	500	500	0	500	500	0	0	0	0	
2.9599905198e+02	235	218	6	477	0	500	500	0	500	500	0	0	0	0	
2.9649834266e+02	238	215	14	468	0	500	500	0	500	500	0	0	0	0	
2.9699410730e+02	218	235	9	475	0	500	500	0	500	500	0	0	0	0	
2.9749980318e+02	210	243	13	475	0	500	500	0	500	500	0	0	0	0	
2.9799918773e+02	217	237	14	476	0	500	500	0	500	500	0	0	0	0	
2.9849954717e+02	229	227	15	474	0	500	500	0	500	500	0	0	0	0	
2.9899917029e+02	242	215	12	478	0	500	500	0	500	500	0	0	0	0	
2.9948404352e+02	246	212	16	474	0	500	500	0	500	500	0	0	0	0	
2.9999527582e+02	249	209	9	482	0	500	500	0	500	500	0	0	0	0	
3.0049483598e+02	237	221	10	480	0	500	500	0	500	500	0	0	0	0	
3.0099835049e+02	248	211	14	477	0	500	500	0	500	500	0	0	0	0	
3.0149846759e+02	235	225	13	474	0	500	500	0	500	500	0	0	0	0	
3.0199716026e+02	242	218	8	478	0	500	500	0	500	500	0	0	0	0	
3.0249811101e+02	236	223	9	477	0	500	500	0	500	500	0	0	0	0	
3.0299901614e+02	239	219	10	481	0	500	500	0	500	500	0	0	0	0	
3.0349946712e+02	241	217	11	483	0	500	500	0	500	500	0	0	0	0	
3.0399787826e+02	234	224	9	483	0	500	500	0	500	500	0	0	0	0	
3.0449815131e+02	229	230	9	481	0	500	500	0	500	500	0	0	0	0	
3.0499960106e+02	228	232	13	477	0	500	500	0	500	500	0	0	0	0	
3.0549482630e+02	227	231	9	481	0	500	500	0	500	500	0	0	0	0	
3.0599926472e+02	239	220	18	473	0	500	500	0	500	500	0	0	0	0	
3.0649513083e+02	242	218	13	475	0	500	500	0	500	500	0	0	0	0	
3.0699957831e+02	246	214	7	480	0	500	500	0	500	500	0	0	0	0	
3.0749907133e+02	246	216	15	471	0	500	500	0	500	500	0	0	0	0	
3.0799778126e+02	244	218	14	473	0	500	500	0	500	500	0	0	0	0	
3.0849997807e+02	240	223	26	461	0	500	500	0	500	500	0	0	0	0	
3.0899922753e+02	241	222	15	476	0	500	500	0	500	500	0	0	0	0	
3.0949867801e+02	238	224	11	478	0	500	500	0	500	500	0	0	0	0	
3.0999820398e+02	248	215	14	479	0	500	500	0	500	500	0	0	0	0	
3.1049618348e+02	246	219	16	477	0	500	500	0	500	500	0	0	0	0	
3.1099876609e+02	256	210	11	481	0	500	500	0	500	500	0	0	0	0	
3.1149359591e+02	252	214	11	482	0	500	500	0	500	500	0	0	0	0	
3.1199738137e+02	254	213	12	484	0	500	500	0	500	500	0	0	0	0	
3.1249801583e+02	249	218	10	489	0	500	500	0	500	500	0	0	0	0	
3.1299558464e+02	243	227	11	487	0	500	500	0	500	500	0	0	0	0	
3.1349955064e+02	237	234	10	489	0	500	500	0	500	500	0	0	0	0	
3.1399795661e+02	233	238	10	492	0	500	500	0	500	500	0	0	0	0	
3.1449960084e+02	254	220	18	485	0	500	500	0	500	500	0	0	0	0	
3.1499579403e+02	250	223	14	492	0	500	500	0	500	500	0	0	0	0	
3.1548339063e+02	252	223	6	498	0	500	500	0	500	500	0	0	0	0	
3.1599957879e+02	246	229	14	490	0	500	500	0	500	500	0	0	0	0	
3.1649749223e+02	246	230	9	497	0	500	500	0	500	500	0	0	0	0	
3.1699415208e+02	224	253	6	496	0	500	500	0	500	500	0	0	0	0	
3.1749807879e+02	229	248	6	495	0	500	500	0	500	500	0	0	0	0	
3.1799975941e+02	238	238	10	489	0	500	500	0	500	500	0	0	0	0	
3.1849459674e+02	255	222	10	490	0	500	500	0	500	500	0	0	0	0	
3.1899873747e+02	252	224	18	485	0	500	500	0	500	500	0	0	0	0	
3.1949915971e+02	259	217	13	489	0	500	500	0	500	500	0	0	0	0	
3.1999948070e+02	273	202	18	487	0	500	500	0	500	500	0	0	0	0	
3.2049658121e+02	262	212	19	488	0	500	500	0	500	500	0	0	0	0	
3.2098632297e+02	246	229	9	497	0	500	500	0	500	500	0	0	0	0	
3.2149686543e+02	254	222	19	485	0	500	500	0	500	500	0	0	0	0	
3.2199992573e+02	245	232	15	491	0	500	500	0	500	500	0	0	0	0	
3.2249746222e+02	237	237	14	494	0	500	500	0	500	500	0	0	0	0	
3.2299913999e+02	241	236	13	497	0	500	500	0	500	500	0	0	0	0	
3.2349395049e+02	243	236	9	503	0	500	500	0	500	500	0	0	0	0	
3.2399633812e+02	246	231	11	498	0	500	500	0	500	500	0	0	0	0	
3.2448886872e+02	241	237	13	488	0	500	500	0	500	500	0	0	0	0	
3.2499995789e+02	234	244	9	492	0	500	500	0	500	500	0	0	0	0	
3.2549877233e+02	230	249	10	489	0	500	500	0	500	500	0	0	0	0	
3.2599863245e+02	248	231	9	491	0	500	500	0	500	500	0	0	0	0	
3.2649959122e+02	258	223	12	490	0	500	500	0	500	500	0	0	0	0	
3.2699478758e+02	258	223	13	490	0	500	500	0	500	500	0	0	0	0	
3.2749828047e+02	256	224	14	490	0	500	500	0	500	500	0	0	0	0	
3.2799219534e+02	261	219	11	491	0	500	500	0	500	500	0	0	0	0	
3.2849784696e+02	266	213	16	488	0	500	500	0	500	500	0	0	0	0	
3.2899919693e+02	276	203	11	493	0	500	500	0	500	500	0	0	0	0	
3.2948714275e+02	282	196	11	493	0	500	500	0	500	500	0	0	0	0	
3.2999858810e+02	305	174	17	486	0	500	500	0	500	500	0	0	0	0	
3.3049898875e+02	295	184	10	496	0	500	500	0	500	500	0	0	0	0	
3.3099714844e+02	293	188	15	489	0	500	500	0	500	500	0	0	0	0	
3.3149864131e+02	291	191	19	482	0	500	500	0	500	500	0	0	0	0	
3.3199744189e+02	293	191	10	491	0	500	500	0	500	500	0	0	0	0	
3.3249880590e+02	284	200	17	476	0	500	500	0	500	500	0	0	0	0	
3.3299270270e+02	271	216	17	475	0	500	500	0	500	500	0	0	0	0	
3.3349868600e+02	272	215	13	480	0	500	500	0	500	500	0	0	0	0	
3.3399892358e+02	288	198	16	476	0	500	500	0	500	500	0	0	0	0	
3.3448961160e+02	280	206	11	479	0	500	500	0	500	500	0	0	0	0	
3.3499950152e+02	273	213	13	477	0	500	500	0	500	500	0	0	0	0	
3.3549820697e+02	274	211	13	477	0	500	500	0	500	500	0	0	0	0	
3.3599997368e+02	271	214	12	477	0	500	500	0	500	500	0	0	0	0	
3.3649815073e+02	262	223	16	474	0	500	500	0	500	500	0	0	0	0	
3.3699867699e+02	261	224	13	474	0	500	500	0	500	500	0	0	0	0	
3.3749579207e+02	258	227	13	478	0	500	500	0	500	500	0	0	0	0	
3.3799900608e+02	267	218	12	479	0	500	500	0	500	500	0	0	0	0	
3.3849593582e+02	266	220	12	485	0	500	500	0	500	500	0	0	0	0	
3.3899901143e+02	262	223	16	481	0	500	500	0	500	500	0	0	0	0	
3.3949766884e+02	261	226	11	483	0	500	500	0	500	500	0	0	0	0	
3.3999987868e+02	251	236	11	482	0	500	500	0	500	500	0	0	0	0	
3.4049834165e+02	236	249	8	486	0	500	500	0	500	500	0	0	0	0	
3.4099956905e+02	229	256	7	485	0	500	500	0	500	500	0	0	0	0	
3.4149875740e+02	234	251	10	481	0	500	500	0	500	500	0	0	0	0	
3.4199900599e+02	240	246	12	478	0	500	500	0	500	500	0	0	0	0	
3.4248859159e+02	256	230	13	476	0	500	500	0	500	500	0	0	0	0	
3.4299976620e+02	233	253	17	474	0	500	500	0	500	500	0	0	0	0	
3.4349741068e+02	238	252	12	482	0	500	500	0	500	500	0	0	0	0	
3.4399339322e+02	238	252	10	486	0	500	500	0	500	500	0	0	0	0	
3.4449978063e+02	247	243	9	489	0	500	500	0	500	500	0	0	0	0	
3.4499656232e+02	252	237	25	471	0	500	500	0	500	500	0	0	0	0	
3.4549613136e+02	240	249	11	485	0	500	500	0	500	500	0	0	0	0	
3.4599762913e+02	224	268	10	484	0	500	500	0	500	500	0	0	0	0	
3.4649973996e+02	240	254	10	485	0	500	500	0	500	500	0	0	0	0	
3.4699840326e+02	250	244	10	487	0	500	500	0	500	500	0	0	0	0	
3.4749870459e+02	245	248	12	483	0	500	500	0	500	500	0	0	0	0	
3.4799755175e+02	249	243	15	478	0	500	500	0	500	500	0	0	0	0	
3.4849700852e+02	250	242	9	484	0	500	500	0	500	500	0	0	0	0	
3.4899884519e+02	258	234	14	478	0	500	500	0	500	500	0	0	0	0	
3.4949781791e+02	250	241	13	480	0	500	500	0	500	500	0	0	0	0	
3.4999924143e+02	250	242	3	495	0	500	500	0	500	500	0	0	0	0	
3.5049629180e+02	253	239	8	490	0	500	500	0	500	500	0	0	0	0	
3.5099915715e+02	261	234	10	490	0	500	500	0	500	500	0	0	0	0	
3.5149953274e+02	252	242	7	494	0	500	500	0	500	500	0	0	0	0	
3.5199825211e+02	237	258	15	489	0	500	500	0	500	500	0	0	0	0	
3.5249563415e+02	251	244	10	489	0	500	500	0	500	500	0	0	0	0	
3.5299787898e+02	253	242	18	483	0	500	500	0	500	500	0	0	0	0	
3.5349924812e+02	259	237	15	485	0	500	500	0	500	500	0	0	0	0	
3.5399857299e+02	257	237	18	483	0	500	500	0	500	500	0	0	0	0	
3.5449432119e+02	262	232	12	487	0	500	500	0	500	500	0	0	0	0	
3.5499903403e+02	264	230	5	495	0	500	500	0	500	500	0	0	0	0	
3.5549858667e+02	254	239	7	489	0	500	500	0	500	500	0	0	0	0	
3.5599753827e+02	265	232	17	480	0	500	500	0	500	500	0	0	0	0	
3.5649762989e+02	254	243	13	481	0	500	500	0	500	500	0	0	0	0	
3.5699696724e+02	252	244	15	479	0	500	500	0	500	500	0	0	0	0	
3.5749749201e+02	253	243	13	480	0	500	500	0	500	500	0	0	0	0	
3.5799909786e+02	249	247	15	479	0	500	500	0	500	500	0	0	0	0	
3.5849993126e+02	246	250	15	478	0	500	500	0	500	500	0	0	0	0	
3.5899385441e+02	243	254	9	483	0	500	500	0	500	500	0	0	0	0	
3.5949896582e+02	250	246	5	486	0	500	500	0	500	500	0	0	0	0	
3.5999694628e+02	247	249	8	481	0	500	500	0	500	500	0	0	0	0	
3.6049954599e+02	252	244	14	477	0	500	500	0	500	500	0	0	0	0	
3.6099923641e+02	261	234	6	487	0	500	500	0	500	500	0	0	0	0	
3.6149961024e+02	266	231	4	490	0	500	500	0	500	500	0	0	0	0	
3.6199946805e+02	262	234	5	484	0	500	500	0	500	500	0	0	0	0	
3.6249543397e+02	266	230	16	472	0	500	500	0	500	500	0	0	0	0	
3.6299916343e+02	273	223	16	471	0	500	500	0	500	500	0	0	0	0	
3.6349608738e+02	276	222	21	464	0	500	500	0	500	500	0	0	0	0	
3.6399709863e+02	273	227	16	470	0	500	500	0	500	500	0	0	0	0	
3.6449883461e+02	282	221	21	465	0	500	500	0	500	500	0	0	0	0	
3.6499829449e+02	282	221	15	468	0	500	500	0	500	500	0	0	0	0	
3.6549904110e+02	279	227	14	471	0	500	500	0	500	500	0	0	0	0	
3.6599717950e+02	285	223	14	472	0	500	500	0	500	500	0	0	0	0	
3.6649692749e+02	276	234	19	466	0	500	500	0	500	500	0	0	0	0	
3.6699915330e+02	259	251	8	479	0	500	500	0	500	500	0	0	0	0	
3.6749621034e+02	258	252	17	470	0	500	500	0	500	500	0	0	0	0	
3.6799781295e+02	251	258	10	479	0	500	500	0	500	500	0	0	0	0	
3.6849795181e+02	256	253	13	475	0	500	500	0	500	500	0	0	0	0	
3.6899684321e+02	247	263	7	483	0	500	500	0	500	500	0	0	0	0	
3.6949917419e+02	262	247	12	475	0	500	500	0	500	500	0	0	0	0	
3.6999654717e+02	255	256	11	474	0	500	500	0	500	500	0	0	0	0	
3.7049973862e+02	257	254	8	476	0	500	500	0	500	500	0	0	0	0	
3.7099502062e+02	244	266	6	481	0	500	500	0	500	500	0	0	0	0	
3.7149989257e+02	248	262	13	474	0	500	500	0	500	500	0	0	0	0	
3.7199579189e+02	247	263	13	476	0	500	500	0	500	500	0	0	0	0	
3.7249445593e+02	256	253	10	480	0	500	500	0	500	500	0	0	0	0	
3.7299977858e+02	267	245	19	474	0	500	500	0	500	500	0	0	0	0	
3.7349756096e+02	247	265	13	478	0	500	500	0	500	500	0	0	0	0	
3.7399754469e+02	260	252	5	485	0	500	500	0	500	500	0	0	0	0	
3.7448999299e+02	256	254	8	482	0	500	500	0	500	500	0	0	0	0	
3.7499601672e+02	244	267	8	484	0	500	500	0	500	500	0	0	0	0	
3.7549885369e+02	251	260	14	483	0	500	500	0	500	500	0	0	0	0	
3.7599759970e+02	274	237	10	488	0	500	500	0	500	500	0	0	0	0	
3.7649962416e+02	279	233	8	485	0	500	500	0	500	500	0	0	0	0	
3.7699392454e+02	265	246	14	482	0	500	500	0	500	500	0	0	0	0	
3.7749940818e+02	287	227	4	496	0	500	500	0	500	500	0	0	0	0	
3.7799852742e+02	284	231	23	478	0	500	500	0	500	500	0	0	0	0	
3.7849572691e+02	269	245	12	489	0	500	500	0	500	500	0	0	0	0	
3.7899882440e+02	266	250	10	490	0	500	500	0	500	500	0	0	0	0	
3.7949336912e+02	259	256	14	487	0	500	500	0	500	500	0	0	0	0	
3.7999897051e+02	245	270	14	490	0	500	500	0	500	500	0	0	0	0	
3.8049441391e+02	256	261	11	498	0	500	500	0	500	500	0	0	0	0	
3.8099964110e+02	256	264	14	495	0	500	500	0	500	500	0	0	0	0	
3.8149638116e+02	259	262	13	498	0	500	500	0	500	500	0	0	0	0	
3.8199744941e+02	250	272	10	499	0	500	500	0	500	500	0	0	0	0	
3.8249914365e+02	261	262	12	498	0	500	500	0	500	500	0	0	0	0	
3.8299854737e+02	270	254	8	497	0	500	500	0	500	500	0	0	0	0	
3.8349993168e+02	257	268	14	490	0	500	500	0	500	500	0	0	0	0	
3.8399890631e+02	262	262	16	488	0	500	500	0	500	500	0	0	0	0	
3.8449442464e+02	261	263	5	499	0	500	500	0	500	500	0	0	0	0	
3.8499857988e+02	249	277	12	493	0	500	500	0	500	500	0	0	0	0	
3.8549587752e+02	252	277	10	494	0	500	500	0	500	500	0	0	0	0	
3.8599871288e+02	253	277	15	493	0	500	500	0	500	500	0	0	0	0	
3.8649878872e+02	272	258	9	500	0	500	500	0	500	500	0	0	0	0	
3.8699884734e+02	289	241	11	501	0	500	500	0	500	500	0	0	0	0	
3.8749925321e+02	288	244	8	501	0	500	500	0	500	500	0	0	0	0	
3.8799868394e+02	288	245	10	502	0	500	500	0	500	500	0	0	0	0	
3.8849987579e+02	279	254	11	506	0	500	500	0	500	500	0	0	0	0	
3.8899983452e+02	283	249	14	500	0	500	500	0	500	500	0	0	0	0	
3.8949572247e+02	278	256	12	498	0	500	500	0	500	500	0	0	0	0	
3.8999955601e+02	282	250	8	502	0	500	500	0	500	500	0	0	0	0	
3.9049979576e+02	276	259	12	501	0	500	500	0	500	500	0	0	0	0	
3.9099969074e+02	278	258	19	499	0	500	500	0	500	500	0	0	0	0	
3.9149837259e+02	276	258	14	505	0	500	500	0	500	500	0	0	0	0	
3.9199681590e+02	272	262	16	503	0	500	500	0	500	500	0	0	0	0	
3.9249704618e+02	274	260	8	509	0	500	500	0	500	500	0	0	0	0	
3.9299426589e+02	280	254	16	507	0	500	500	0	500	500	0	0	0	0	
3.9349886411e+02	286	249	14	508	0	500	500	0	500	500	0	0	0	0	
3.9399864193e+02	271	265	1	519	0	500	500	0	500	500	0	0	0	0	
3.9449649313e+02	271	267	15	508	0	500	500	0	500	500	0	0	0	0	
3.9499715634e+02	268	271	10	511	0	500	500	0	500	500	0	0	0	0	
3.9549914156e+02	265	272	11	513	0	500	500	0	500	500	0	0	0	0	
3.9599988315e+02	276	260	8	515	0	500	500	0	500	500	0	0	0	0	
3.9649762353e+02	274	262	7	517	0	500	500	0	500	500	0	0	0	0	
3.9699953719e+02	274	264	10	511	0	500	500	0	500	500	0	0	0	0	
3.9749592253e+02	286	252	13	507	0	500	500	0	500	500	0	0	0	0	
3.9799548052e+02	272	266	5	519	0	500	500	0	500	500	0	0	0	0	
3.9849733035e+02	274	264	10	516	0	500	500	0	500	500	0	0	0	0	
3.9899952618e+02	273	265	13	514	0	500	500	0	500	500	0	0	0	0	
3.9949946228e+02	288	253	11	516	0	500	500	0	500	500	0	0	0	0	
3.9999964678e+02	287	255	6	521	0	500	500	0	500	500	0	0	0	0	
4.0049913461e+02	283	261	8	519	0	500	500	0	500	500	0	0	0	0	
4.0099771591e+02	282	262	16	510	0	500	500	0	500	500	0	0	0	0	
4.0149697364e+02	287	257	7	520	0	500	500	0	500	500	0	0	0	0	
4.0199922050e+02	285	261	11	515	0	500	500	0	500	500	0	0	0	0	
4.0249846631e+02	267	278	13	514	0	500	500	0	500	500	0	0	0	0	
4.0299900968e+02	254	291	13	511	0	500	500	0	500	500	0	0	0	0	
4.0349193964e+02	257	288	10	515	0	500	500	0	500	500	0	0	0	0	
4.0399771228e+02	264	282	13	511	0	500	500	0	500	500	0	0	0	0	
4.0449512880e+02	263	284	16	503	0	500	500	0	500	500	0	0	0	0	
4.0499778789e+02	253	294	10	507	0	500	500	0	500	500	0	0	0	0	
4.0549816201e+02	250	298	9	508	0	500	500	0	500	500	0	0	0	0	
4.0599945939e+02	254	295	19	498	0	500	500	0	500	500	0	0	0	0	
4.0649848500e+02	262	288	12	503	0	500	500	0	500	500	0	0	0	0	
4.0699859594e+02	256	294	8	508	0	500	500	0	500	500	0	0	0	0	
4.0749451960e+02	280	269	12	502	0	500	500	0	500	500	0	0	0	0	
4.0799414583e+02	277	272	10	501	0	500	500	0	500	500	0	0	0	0	
4.0849446686e+02	282	268	11	498	0	500	500	0	500	500	0	0	0	0	
4.0899877804e+02	292	261	14	496	0	500	500	0	500	500	0	0	0	0	
4.0949472316e+02	295	260	18	494	0	500	500	0	500	500	0	0	0	0	
4.0999508492e+02	291	262	12	498	0	500	500	0	500	500	0	0	0	0	
4.1049952004e+02	272	283	10	500	0	500	500	0	500	500	0	0	0	0	
4.1099867045e+02	258	296	10	501	0	500	500	0	500	500	0	0	0	0	
4.1149615133e+02	276	279	15	496	0	500	500	0	500	500	0	0	0	0	
4.1199978265e+02	274	283	7	505	0	500	500	0	500	500	0	0	0	0	
4.1249906157e+02	273	284	11	498	0	500	500	0	500	500	0	0	0	0	
4.1299643265e+02	268	290	7	504	0	500	500	0	500	500	0	0	0	0	
4.1349642361e+02	287	270	9	502	0	500	500	0	500	500	0	0	0	0	
4.1399984274e+02	291	265	6	504	0	500	500	0	500	500	0	0	0	0	
4.1449549620e+02	295	260	10	502	0	500	500	0	500	500	0	0	0	0	
4.1499964260e+02	302	255	6	508	0	500	500	0	500	500	0	0	0	0	
4.1549993433e+02	282	274	8	502	0	500	500	0	500	500	0	0	0	0	
4.1599711537e+02	296	260	15	489	0	500	500	0	500	500	0	0	0	0	
4.1649809201e+02	298	258	12	491	0	500	500	0	500	500	0	0	0	0	
4.1699933813e+02	306	252	14	490	0	500	500	0	500	500	0	0	0	0	
4.1748800160e+02	303	254	8	495	0	500	500	0	500	500	0	0	0	0	
4.1799717482e+02	303	256	12	494	0	500	500	0	500	500	0	0	0	0	
4.1849872498e+02	301	256	8	505	0	500	500	0	500	500	0	0	0	0	
4.1899964286e+02	293	263	19	494	0	500	500	0	500	500	0	0	0	0	
4.1949763120e+02	289	267	13	499	0	500	500	0	500	500	0	0	0	0	
4.1999689835e+02	284	273	16	495	0	500	500	0	500	500	0	0	0	0	
4.2049951375e+02	266	291	4	508	0	500	500	0	500	500	0	0	0	0	
4.2099830636e+02	275	281	8	504	0	500	500	0	500	500	0	0	0	0	
4.2149911334e+02	259	296	8	506	0	500	500	0	500	500	0	0	0	0	
4.2199846772e+02	262	294	11	503	0	500	500	0	500	500	0	0	0	0	
4.2249728857e+02	263	293	19	499	0	500	500	0	500	500	0	0	0	0	
4.2299952698e+02	267	288	11	505	0	500	500	0	500	500	0	0	0	0	
4.2349971476e+02	268	288	12	507	0	500	500	0	500	500	0	0	0	0	
4.2399720313e+02	256	300	6	511	0	500	500	0	500	500	0	0	0	0	
4.2449899995e+02	238	320	14	502	0	500	500	0	500	500	0	0	0	0	
4.2499607996e+02	239	319	8	508	0	500	500	0	500	500	0	0	0	0	
4.2549951208e+02	245	313	7	511	0	500	500	0	500	500	0	0	0	0	
4.2599930929e+02	257	302	6	513	0	500	500	0	500	500	0	0	0	0	
4.2649383273e+02	247	313	8	506	0	500	500	0	500	500	0	0	0	0	
4.2699962097e+02	246	313	8	506	0	500	500	0	500	500	0	0	0	0	
4.2749542306e+02	237	324	10	504	0	500	500	0	500	500	0	0	0	0	
4.2799527708e+02	237	325	5	508	0	500	500	0	500	500	0	0	0	0	
4.2849785964e+02	254	308	7	503	0	500	500	0	500	500	0	0	0	0	
4.2899564430e+02	254	311	10	502	0	500	500	0	500	500	0	0	0	0	
4.2949939945e+02	250	316	6	510	0	500	500	0	500	500	0	0	0	0	
4.2999815671e+02	254	313	8	506	0	500	500	0	500	500	0	0	0	0	
4.3049861375e+02	236	329	12	501	0	500	500	0	500	500	0	0	0	0	
4.3099326434e+02	238	329	8	505	0	500	500	0	500	500	0	0	0	0	
4.3149840126e+02	238	329	7	504	0	500	500	0	500	500	0	0	0	0	
4.3199998457e+02	260	310	7	503	0	500	500	0	500	500	0	0	0	0	
4.3248819324e+02	266	303	6	502	0	500	500	0	500	500	0	0	0	0	
4.3299974784e+02	283	287	11	495	0	500	500	0	500	500	0	0	0	0	
4.3349694317e+02	287	284	11	498	0	500	500	0	500	500	0	0	0	0	
4.3399940111e+02	279	290	6	502	0	500	500	0	500	500	0	0	0	0	
4.3449587343e+02	281	288	9	501	0	500	500	0	500	500	0	0	0	0	
4.3499857582e+02	277	293	11	494	0	500	500	0	500	500	0	0	0	0	
4.3549971557e+02	279	293	17	487	0	500	500	0	500	500	0	0	0	0	
4.3599710410e+02	284	288	12	497	0	500	500	0	500	500	0	0	0	0	
4.3649974184e+02	285	288	14	496	0	500	500	0	500	500	0	0	0	0	
4.3699790929e+02	279	294	8	501	0	500	500	0	500	500	0	0	0	0	
4.3749714546e+02	276	297	6	500	0	500	500	0	500	500	0	0	0	0	
4.3799219006e+02	268	305	13	494	0	500	500	0	500	500	0	0	0	0	
4.3849848896e+02	265	306	12	497	0	500	500	0	500	500	0	0	0	0	
4.3899999551e+02	282	288	9	496	0	500	500	0	500	500	0	0	0	0	
4.3949732409e+02	287	283	6	500	0	500	500	0	500	500	0	0	0	0	
4.3999985828e+02	298	272	13	496	0	500	500	0	500	500	0	0	0	0	
4.4049804332e+02	291	282	9	499	0	500	500	0	500	500	0	0	0	0	
4.4099444456e+02	288	286	9	495	0	500	500	0	500	500	0	0	0	0	
4.4149486346e+02	307	266	10	495	0	500	500	0	500	500	0	0	0	0	
4.4199565433e+02	309	265	11	493	0	500	500	0	500	500	0	0	0	0	
4.4249782482e+02	310	265	12	493	0	500	500	0	500	500	0	0	0	0	
4.4299956510e+02	309	267	9	496	0	500	500	0	500	500	0	0	0	0	
4.4349976822e+02	307	271	14	493	0	500	500	0	500	500	0	0	0	0	
4.4399567499e+02	278	298	12	498	0	500	500	0	500	500	0	0	0	0	
4.4449917742e+02	291	284	6	501	0	500	500	0	500	500	0	0	0	0	
4.4499902489e+02	286	291	10	495	0	500	500	0	500	500	0	0	0	0	
4.4549677118e+02	288	290	7	499	0	500	500	0	500	500	0	0	0	0	
4.4599550623e+02	266	312	12	494	0	500	500	0	500	500	0	0	0	0	
4.4649969544e+02	268	308	6	500	0	500	500	0	500	500	0	0	0	0	
4.4699975663e+02	285	291	12	496	0	500	500	0	500	500	0	0	0	0	
4.4749742968e+02	305	270	11	497	0	500	500	0	500	500	0	0	0	0	
4.4799852818e+02	298	278	2	506	0	500	500	0	500	500	0	0	0	0	
4.4849982445e+02	289	287	12	497	0	500	500	0	500	500	0	0	0	0	
4.4899756100e+02	295	282	10	500	0	500	500	0	500	500	0	0	0	0	
4.4949901483e+02	297	281	8	503	0	500	500	0	500	500	0	0	0	0	
4.4999279455e+02	288	291	14	501	0	500	500	0	500	500	0	0	0	0	
4.5049925190e+02	288	291	13	501	0	500	500	0	500	500	0	0	0	0	
4.5099916428e+02	278	299	10	504	0	500	500	0	500	500	0	0	0	0	
4.5149846718e+02	261	316	17	498	0	500	500	0	500	500	0	0	0	0	
4.5199976784e+02	245	331	10	507	0	500	500	0	500	500	0	0	0	0	
4.5249898825e+02	259	317	16	500	0	500	500	0	500	500	0	0	0	0	
4.5299730372e+02	261	313	14	500	0	500	500	0	500	500	0	0	0	0	
4.5349805485e+02	268	308	8	504	0	500	500	0	500	500	0	0	0	0	
4.5399421235e+02	270	307	9	501	0	500	500	0	500	500	0	0	0	0	
4.5449665859e+02	274	302	7	504	0	500	500	0	500	500	0	0	0	0	
4.5499001933e+02	277	302	8	501	0	500	500	0	500	500	0	0	0	0	
4.5549488825e+02	282	297	12	496	0	500	500	0	500	500	0	0	0	0	
4.5599631146e+02	278	302	16	491	0	500	500	0	500	500	0	0	0	0	
4.5649305355e+02	298	283	9	498	0	500	500	0	500	500	0	0	0	0	
4.5699676178e+02	286	295	7	497	0	500	500	0	500	500	0	0	0	0	
4.5749917509e+02	279	302	11	490	0	500	500	0	500	500	0	0	0	0	
4.5799374263e+02	290	290	12	488	0	500	500	0	500	500	0	0	0	0	
4.5849913698e+02	303	277	6	494	0	500	500	0	500	500	0	0	0	0	
4.5899660769e+02	320	261	13	487	0	500	500	0	500	500	0	0	0	0	
4.5949800355e+02	317	263	10	490	0	500	500	0	500	500	0	0	0	0	
4.5999853580e+02	303	277	9	488	0	500	500	0	500	500	0	0	0	0	
4.6049774648e+02	307	272	11	489	0	500	500	0	500	500	0	0	0	0	
4.6099873277e+02	303	276	12	492	0	500	500	0	500	500	0	0	0	0	
4.6149952631e+02	297	283	4	498	0	500	500	0	500	500	0	0	0	0	
4.6199799960e+02	291	288	10	492	0	500	500	0	500	500	0	0	0	0	
4.6249875831e+02	280	301	13	487	0	500	500	0	500	500	0	0	0	0	
4.6299960559e+02	281	300	10	492	0	500	500	0	500	500	0	0	0	0	
4.6349581764e+02	251	332	10	495	0	500	500	0	500	500	0	0	0	0	
4.6399996645e+02	261	323	7	498	0	500	500	0	500	500	0	0	0	0	
4.6449822992e+02	265	319	5	499	0	500	500	0	500	500	0	0	0	0	
4.6499954258e+02	259	323	7	497	0	500	500	0	500	500	0	0	0	0	
4.6549921343e+02	248	336	6	497	0	500	500	0	500	500	0	0	0	0	
4.6599974565e+02	239	346	12	491	0	500	500	0	500	500	0	0	0	0	
4.6649793707e+02	240	347	6	498	0	500	500	0	500	500	0	0	0	0	
4.6699840168e+02	252	335	6	496	0	500	500	0	500	500	0	0	0	0	
4.6749734450e+02	264	324	8	495	0	500	500	0	500	500	0	0	0	0	
4.6799906028e+02	257	332	5	498	0	500	500	0	500	500	0	0	0	0	
4.6849934958e+02	276	313	8	494	0	500	500	0	500	500	0	0	0	0	
4.6899489163e+02	300	289	7	493	0	500	500	0	500	500	0	0	0	0	
4.6949886002e+02	296	294	15	485	0	500	500	0	500	500	0	0	0	0	
4.6999808744e+02	306	287	10	488	0	500	500	0	500	500	0	0	0	0	
4.7049765488e+02	311	283	12	485	0	500	500	0	500	500	0	0	0	0	
4.7099293801e+02	311	284	14	485	0	500	500	0	500	500	0	0	0	0	
4.7148982979e+02	316	281	16	485	0	500	500	0	500	500	0	0	0	0	
4.7199973039e+02	322	276	11	489	0	500	500	0	500	500	0	0	0	0	
4.7249952309e+02	314	284	14	485	0	500	500	0	500	500	0	0	0	0	
4.7299591392e+02	322	276	4	494	0	500	500	0	500	500	0	0	0	0	
4.7349988666e+02	317	282	12	487	0	500	500	0	500	500	0	0	0	0	
4.7399947167e+02	324	277	6	490	0	500	500	0	500	500	0	0	0	0	
4.7449985909e+02	316	285	13	484	0	500	500	0	500	500	0	0	0	0	
4.7499801022e+02	305	297	13	481	0	500	500	0	500	500	0	0	0	0	
4.7549848610e+02	314	287	11	484	0	500	500	0	500	500	0	0	0	0	
4.7599851900e+02	310	291	6	489	0	500	500	0	500	500	0	0	0	0	
4.7649782519e+02	303	295	10	485	0	500	500	0	500	500	0	0	0	0	
4.7699379727e+02	299	301	13	480	0	500	500	0	500	500	0	0	0	0	
4.7749271885e+02	301	300	12	482	0	500	500	0	500	500	0	0	0	0	
4.7799831874e+02	301	300	13	481	0	500	500	0	500	500	0	0	0	0	
4.7849680899e+02	309	292	11	489	0	500	500	0	500	500	0	0	0	0	
4.7899802244e+02	318	284	8	491	0	500	500	0	500	500	0	0	0	0	
4.7949902262e+02	330	271	6	490	0	500	500	0	500	500	0	0	0	0	
4.7999840640e+02	334	267	12	485	0	500	500	0	500	500	0	0	0	0	
4.8049497584e+02	324	278	11	487	0	500	500	0	500	500	0	0	0	0	
4.8099898749e+02	316	287	2	499	0	500	500	0	500	500	0	0	0	0	
4.8149958112e+02	307	295	7	492	0	500	500	0	500	500	0	0	0	0	
4.8199983328e+02	313	287	7	492	0	500	500	0	500	500	0	0	0	0	
4.8249748626e+02	319	282	10	492	0	500	500	0	500	500	0	0	0	0	
4.8299911179e+02	316	284	14	490	0	500	500	0	500	500	0	0	0	0	
4.8349782967e+02	314	285	13	488	0	500	500	0	500	500	0	0	0	0	
4.8399451323e+02	314	286	12	492	0	500	500	0	500	500	0	0	0	0	
4.8449566057e+02	302	299	15	491	0	500	500	0	500	500	0	0	0	0	
4.8499643453e+02	307	295	11	502	0	500	500	0	500	500	0	0	0	0	
4.8549862594e+02	297	305	8	507	0	500	500	0	500	500	0	0	0	0	
4.8599780468e+02	310	293	5	511	0	500	500	0	500	500	0	0	0	0	
4.8649892160e+02	312	290	9	509	0	500	500	0	500	500	0	0	0	0	
4.8699930170e+02	307	294	11	504	0	500	500	0	500	500	0	0	0	0	
4.8749591611e+02	298	305	9	501	0	500	500	0	500	500	0	0	0	0	
4.8799666184e+02	303	300	10	496	0	500	500	0	500	500	0	0	0	0	
4.8849547085e+02	293	309	13	488	0	500	500	0	500	500	0	0	0	0	
4.8899801671e+02	285	318	11	494	0	500	500	0	500	500	0	0	0	0	
4.8949573739e+02	290	313	8	494	0	500	500	0	500	500	0	0	0	0	
4.8999514121e+02	261	341	7	495	0	500	500	0	500	500	0	0	0	0	
4.9048221324e+02	263	340	4	497	0	500	500	0	500	500	0	0	0	0	
4.9099858459e+02	273	330	8	489	0	500	500	0	500	500	0	0	0	0	
4.9149707472e+02	296	307	8	489	0	500	500	0	500	500	0	0	0	0	
4.9199314850e+02	306	296	13	483	0	500	500	0	500	500	0	0	0	0	
4.9249986968e+02	300	303	7	490	0	500	500	0	500	500	0	0	0	0	
4.9299862139e+02	290	314	4	491	0	500	500	0	500	500	0	0	0	0	
4.9349881356e+02	310	292	10	483	0	500	500	0	500	500	0	0	0	0	
4.9399538505e+02	304	296	12	480	0	500	500	0	500	500	0	0	0	0	
4.9449946161e+02	313	286	10	481	0	500	500	0	500	500	0	0	0	0	
4.9499598270e+02	300	297	14	479	0	500	500	0	500	500	0	0	0	0	
4.9549900229e+02	309	288	4	488	0	500	500	0	500	500	0	0	0	0	
4.9599250871e+02	302	297	13	480	0	500	500	0	500	500	0	0	0	0	
4.9649987328e+02	308	290	10	486	0	500	500	0	500	500	0	0	0	0	
4.9699762446e+02	308	290	10	487	0	500	500	0	500	500	0	0	0	0	
4.9749625532e+02	308	291	13	482	0	500	500	0	500	500	0	0	0	0	
4.9799776512e+02	304	293	9	486	0	500	500	0	500	500	0	0	0	0	
4.9849597359e+02	308	290	10	488	0	500	500	0	500	500	0	0	0	0	
4.9899933708e+02	301	297	6	489	0	500	500	0	500	500	0	0	0	0	
4.9949693481e+02	289	310	13	482	0	500	500	0	500	500	0	0	0	0	
4.9999796161e+02	297	303	12	478	0	500	500	0	500	500	0	0	0	0	
5.0000761133e+02	297	303	13	477	0	500	500	0	500	500	0	0	0	0	
