0.0000000000e+00	0	0	500	0	0	0	0	50	500	500	500	0	0	0	
4.5086759966e-01	0	2	500	0	0	9	0	50	500	500	500	0	0	0	
9.8793219649e-01	0	3	498	2	0	22	0	50	500	500	500	0	0	0	
1.4717821765e+00	0	4	498	2	0	25	0	50	500	500	500	0	0	0	
1.9994685393e+00	0	4	500	0	0	28	0	50	500	500	500	0	0	0	
2.4638804414e+00	0	4	498	2	0	29	0	50	500	500	500	0	0	0	
2.9627045910e+00	0	6	497	3	0	34	0	50	500	500	500	0	0	0	
3.4977970194e+00	0	8	495	5	0	40	0	50	500	500	500	0	0	0	
3.9962301066e+00	0	8	491	9	0	47	0	50	500	500	500	0	0	0	
4.4872093892e+00	0	10	487	13	0	50	0	50	500	500	500	0	0	0	
4.9966482145e+00	1	9	494	6	0	53	0	50	500	500	500	0	0	0	
5.4735409250e+00	3	8	489	11	0	51	0	50	500	500	500	0	0	0	
5.9905719127e+00	4	8	492	8	0	55	0	50	500	500	500	0	0	0	
6.4989361788e+00	5	7	492	8	0	56	0	50	500	500	500	0	0	0	
6.9887594832e+00	5	7	492	8	0	58	0	50	500	500	500	0	0	0	
7.4762902306e+00	5	7	499	1	0	57	0	50	500	500	500	0	0	0	
7.9939665221e+00	5	7	495	5	0	56	0	50	500	500	500	0	0	0	
8.4756235184e+00	5	8	492	8	0	49	0	50	500	500	500	0	0	0	
8.9667901060e+00	5	10	495	5	0	54	0	50	500	500	500	0	0	0	
9.4885889521e+00	6	10	495	5	0	51	0	50	500	500	500	0	0	0	
9.9568841921e+00	6	10	494	6	0	46	0	50	500	500	500	0	0	0	
1.0494437011e+01	6	10	494	6	0	48	0	50	500	500	500	0	0	0	
1.0996067866e+01	6	11	495	5	0	44	0	50	500	500	500	0	0	0	
1.1452897700e+01	6	11	494	6	0	43	0	50	500	500	500	0	0	0	
1.1994768249e+01	6	13	494	6	0	41	0	50	500	500	500	0	0	0	
1.2499962399e+01	6	13	491	9	0	38	0	50	500	500	500	0	0	0	
1.2998878536e+01	6	13	491	9	0	41	0	50	500	500	500	0	0	0	
1.3493862296e+01	6	20	491	9	0	48	0	50	500	500	500	0	0	0	
1.3997132266e+01	7	21	486	14	0	51	0	50	500	500	500	0	0	0	
1.4499799850e+01	7	23	473	27	0	53	0	50	500	500	500	0	0	0	
1.4993835869e+01	9	22	473	27	0	51	0	50	500	500	500	0	0	0	
1.5484317418e+01	10	21	480	20	0	50	0	50	500	500	500	0	0	0	
1.5999237412e+01	10	24	478	22	0	54	0	50	500	500	500	0	0	0	
1.6495511712e+01	10	24	474	26	0	48	0	50	500	500	500	0	0	0	
1.6984611080e+01	11	23	474	26	0	43	0	50	500	500	500	0	0	0	
1.7488685997e+01	11	23	478	22	0	43	0	50	500	500	500	0	0	0	
1.7999537478e+01	11	24	479	21	0	48	0	50	500	500	500	0	0	0	
1.8496035400e+01	11	27	483	17	0	47	0	50	500	500	500	0	0	0	
1.8995597137e+01	11	27	487	13	0	45	0	50	500	500	500	0	0	0	
1.9496517587e+01	11	27	479	21	0	48	0	50	500	500	500	0	0	0	
1.9999189190e+01	12	27	474	26	0	54	0	50	500	500	500	0	0	0	
2.0478420089e+01	13	27	475	25	0	50	0	50	500	500	500	0	0	0	
2.0988272652e+01	14	27	476	24	0	51	0	50	500	500	500	0	0	0	
2.1492289236e+01	15	27	485	15	0	52	0	50	500	500	500	0	0	0	
2.1986297932e+01	15	27	480	20	0	54	0	50	500	500	500	0	0	0	
2.2493415940e+01	16	27	487	13	0	56	0	50	500	500	500	0	0	0	
2.2994806957e+01	16	28	479	21	0	56	0	50	500	500	500	0	0	0	
2.3495796836e+01	18	26	474	26	0	54	0	50	500	500	500	0	0	0	
2.3999305876e+01	18	29	474	26	0	59	0	50	500	500	500	0	0	0	
2.4495231979e+01	18	31	476	24	0	50	0	50	500	500	500	0	0	0	
2.4996476472e+01	18	33	478	22	0	50	0	50	500	500	500	0	0	0	
2.5456604911e+01	18	33	473	27	0	49	0	50	500	500	500	0	0	0	
2.5997863436e+01	19	32	470	30	0	46	0	50	500	500	500	0	0	0	
2.6499806471e+01	18	36	463	37	0	45	0	50	500	500	500	0	0	0	
2.6997490615e+01	16	41	445	55	0	44	0	50	500	500	500	0	0	0	
2.7497728461e+01	16	42	446	54	0	43	0	50	500	500	500	0	0	0	
2.7998865000e+01	16	42	436	64	0	43	0	50	500	500	500	0	0	0	
2.8499946625e+01	16	42	450	50	0	48	0	50	500	500	500	0	0	0	
2.8996851208e+01	16	43	440	60	0	46	0	50	500	500	500	0	0	0	
2.9497527642e+01	16	45	442	58	0	51	0	50	500	500	500	0	0	0	
2.9993214649e+01	17	45	434	66	0	49	0	50	500	500	500	0	0	0	
3.0497469638e+01	16	48	433	67	0	49	0	50	500	500	500	0	0	0	
3.0996977244e+01	16	51	432	68	0	46	0	50	500	500	500	0	0	0	
3.1491774430e+01	18	50	437	63	0	49	0	50	500	500	500	0	0	0	
3.1997240688e+01	17	52	417	83	0	53	0	50	500	500	500	0	0	0	
3.2484351649e+01	18	52	423	77	0	50	0	50	500	500	500	0	0	0	
3.2999052903e+01	19	50	427	73	0	49	0	50	500	500	500	0	0	0	
3.3489664283e+01	19	54	424	76	0	44	0	50	500	500	500	0	0	0	
3.3993790798e+01	20	54	426	74	0	51	0	50	500	500	500	0	0	0	
3.4498556261e+01	22	54	412	88	0	51	0	50	500	500	500	0	0	0	
3.4999280773e+01	23	53	415	85	0	54	0	50	500	500	500	0	0	0	
3.5494919631e+01	24	54	406	94	0	58	0	50	500	500	500	0	0	0	
3.5998034295e+01	22	56	409	91	0	52	0	50	500	500	500	0	0	0	
3.6495244918e+01	23	55	413	87	0	51	0	50	500	500	500	0	0	0	
3.6994320116e+01	20	59	412	88	0	55	0	50	500	500	500	0	0	0	
3.7498700808e+01	21	58	402	98	0	56	0	50	500	500	500	0	0	0	
3.7992346622e+01	20	59	401	99	0	59	0	50	500	500	500	0	0	0	
3.8490823574e+01	24	56	406	94	0	57	0	50	500	500	500	0	0	0	
3.8991853205e+01	26	54	406	94	0	50	0	50	500	500	500	0	0	0	
3.9494738041e+01	27	53	410	90	0	60	0	50	500	500	500	0	0	0	
3.9994780434e+01	26	52	399	101	0	58	0	50	500	500	500	0	0	0	
4.0493199922e+01	25	54	412	88	0	51	0	50	500	500	500	0	0	0	
4.0999091251e+01	24	55	406	94	0	50	0	50	500	500	500	0	0	0	
4.1497060663e+01	25	54	400	100	0	47	0	50	500	500	500	0	0	0	
4.1994142053e+01	27	54	391	109	0	51	0	50	500	500	500	0	0	0	
4.2496472647e+01	28	53	404	96	0	44	0	50	500	500	500	0	0	0	
4.2999350160e+01	30	55	407	93	0	48	0	50	500	500	500	0	0	0	
4.3499471013e+01	31	54	407	93	0	46	0	50	500	500	500	0	0	0	
4.3998500222e+01	28	60	400	100	0	43	0	50	500	500	500	0	0	0	
4.4492686392e+01	31	57	412	88	0	42	0	50	500	500	500	0	0	0	
4.4986884778e+01	31	58	402	98	0	47	0	50	500	500	500	0	0	0	
4.5495400695e+01	30	59	405	95	0	51	0	50	500	500	500	0	0	0	
4.5996029499e+01	32	60	423	77	0	51	0	50	500	500	500	0	0	0	
4.6498955202e+01	31	61	401	99	0	51	0	50	500	500	500	0	0	0	
4.6995689621e+01	31	63	405	95	0	53	0	50	500	500	500	0	0	0	
4.7496561777e+01	31	64	402	98	0	57	0	50	500	500	500	0	0	0	
4.7998169248e+01	27	69	397	103	0	53	0	50	500	500	500	0	0	0	
4.8499487488e+01	28	68	387	113	0	50	0	50	500	500	500	0	0	0	
4.8998931918e+01	27	69	374	126	0	51	0	50	500	500	500	0	0	0	
4.9495662935e+01	27	69	382	118	0	56	0	50	500	500	500	0	0	0	
4.9986221567e+01	27	68	382	118	0	53	0	50	500	500	500	0	0	0	
5.0496401569e+01	30	66	389	111	0	50	0	50	500	500	500	0	0	0	
5.0998753797e+01	31	68	391	109	0	52	0	50	500	500	500	0	0	0	
5.1498976831e+01	30	71	384	116	0	49	0	50	500	500	500	0	0	0	
5.1997751444e+01	29	72	351	149	0	52	0	50	500	500	500	0	0	0	
5.2498853414e+01	30	71	345	155	0	51	0	50	500	500	500	0	0	0	
5.2998279271e+01	29	73	343	157	0	51	0	50	500	500	500	0	0	0	
5.3499078936e+01	27	75	331	169	0	53	0	50	500	500	500	0	0	0	
5.3998750949e+01	28	77	322	178	0	50	0	50	500	500	500	0	0	0	
5.4493282540e+01	31	75	321	179	0	50	0	50	500	500	500	0	0	0	
5.4999407907e+01	30	76	306	194	0	45	0	50	500	500	500	0	0	0	
5.5498387638e+01	25	81	315	185	0	53	0	50	500	500	500	0	0	0	
5.5998809249e+01	26	82	315	185	0	42	0	50	500	500	500	0	0	0	
5.6498823217e+01	23	86	287	213	0	42	0	50	500	500	500	0	0	0	
5.6999738192e+01	24	86	289	211	0	39	0	50	500	500	500	0	0	0	
5.7498660297e+01	22	88	268	232	0	36	0	50	500	500	500	0	0	0	
5.7999614546e+01	19	92	254	246	0	40	0	50	500	500	500	0	0	0	
5.8489764463e+01	22	91	235	265	0	42	0	50	500	500	500	0	0	0	
5.8999883151e+01	26	87	231	269	0	53	0	50	500	500	500	0	0	0	
5.9499706079e+01	23	90	207	293	0	50	0	50	500	500	500	0	0	0	
5.9992169992e+01	23	91	206	294	0	50	0	50	500	500	500	0	0	0	
6.0499507456e+01	24	89	189	311	0	53	0	50	500	500	500	0	0	0	
6.0998737265e+01	19	94	183	317	0	48	0	50	500	500	500	0	0	0	
6.1496904156e+01	20	93	180	320	0	56	0	50	500	500	500	0	0	0	
6.1993457063e+01	16	98	179	321	0	60	0	50	500	500	500	0	0	0	
6.2496779047e+01	18	98	158	342	0	60	0	50	500	500	500	0	0	0	
6.2996808005e+01	17	100	145	355	0	59	0	50	500	500	500	0	0	0	
6.3491626047e+01	16	102	132	368	0	56	0	50	500	500	500	0	0	0	
6.3996498526e+01	17	102	116	384	0	52	0	50	500	500	500	0	0	0	
6.4499254984e+01	16	104	119	381	0	55	0	50	500	500	500	0	0	0	
6.4999554557e+01	14	107	106	394	0	61	0	50	500	500	500	0	0	0	
6.5499306839e+01	11	112	94	406	0	58	0	50	500	500	500	0	0	0	
6.5999226270e+01	9	115	96	404	0	59	0	50	500	500	500	0	0	0	
6.6498832833e+01	13	111	89	411	0	54	0	50	500	500	500	0	0	0	
6.6982000190e+01	14	110	73	427	0	60	0	50	500	500	500	0	0	0	
6.7498974531e+01	13	113	62	438	0	55	0	50	500	500	500	0	0	0	
6.7997763472e+01	17	110	61	439	0	53	0	50	500	500	500	0	0	0	
6.8499304426e+01	15	112	89	411	0	55	0	50	500	500	500	0	0	0	
6.8999939468e+01	14	115	82	418	0	56	0	50	500	500	500	0	0	0	
6.9499627823e+01	12	117	84	416	0	57	0	50	500	500	500	0	0	0	
6.9998603958e+01	12	116	75	425	0	56	0	50	500	500	500	0	0	0	
7.0499435027e+01	10	120	79	421	0	54	0	50	500	500	500	0	0	0	
7.0995365040e+01	11	121	81	419	0	59	0	50	500	500	500	0	0	0	
7.1499533078e+01	12	120	83	417	0	60	0	50	500	500	500	0	0	0	
7.1989061739e+01	11	122	78	422	0	63	0	50	500	500	500	0	0	0	
7.2496424350e+01	11	122	75	425	0	55	0	50	500	500	500	0	0	0	
7.2995359834e+01	12	121	67	433	0	57	0	50	500	500	500	0	0	0	
7.3498657794e+01	14	120	55	445	0	52	0	50	500	500	500	0	0	0	
7.3998335942e+01	14	122	55	445	0	42	0	50	500	500	500	0	0	0	
7.4499269648e+01	10	126	57	443	0	36	0	50	500	500	500	0	0	0	
7.4999193365e+01	8	129	64	436	0	42	0	50	500	500	500	0	0	0	
7.5497490174e+01	7	132	50	450	0	41	0	50	500	500	500	0	0	0	
7.5998345265e+01	7	134	41	459	0	42	0	50	500	500	500	0	0	0	
7.6494636086e+01	10	131	68	432	0	42	0	50	500	500	500	0	0	0	
7.6997199425e+01	12	129	50	450	0	40	0	50	500	500	500	0	0	0	
7.7498961581e+01	10	131	45	455	0	43	0	50	500	500	500	0	0	0	
7.7999614153e+01	9	131	40	460	0	44	0	50	500	500	500	0	0	0	
7.8499317849e+01	10	132	39	461	0	44	0	50	500	500	500	0	0	0	
7.8996467908e+01	12	129	39	461	0	52	0	50	500	500	500	0	0	0	
7.9498256749e+01	12	131	46	454	0	52	0	50	500	500	500	0	0	0	
7.9999156805e+01	11	132	59	441	0	51	0	50	500	500	500	0	0	0	
8.0492621104e+01	10	134	51	449	0	48	0	50	500	500	500	0	0	0	
8.0997598239e+01	12	132	52	448	0	56	0	50	500	500	500	0	0	0	
8.1496773934e+01	14	130	32	468	0	53	0	50	500	500	500	0	0	0	
8.1994756876e+01	14	133	49	451	0	47	0	50	500	500	500	0	0	0	
8.2496869264e+01	16	133	61	439	0	45	0	50	500	500	500	0	0	0	
8.2997521190e+01	14	135	50	450	0	40	0	50	500	500	500	0	0	0	
8.3496621527e+01	17	132	52	448	0	41	0	50	500	500	500	0	0	0	
8.3999323869e+01	15	134	58	442	0	36	0	50	500	500	500	0	0	0	
8.4498062058e+01	14	135	52	448	0	44	0	50	500	500	500	0	0	0	
8.4998389024e+01	17	131	39	461	0	47	0	50	500	500	500	0	0	0	
8.5499090533e+01	16	133	39	461	0	47	0	50	500	500	500	0	0	0	
8.5996270892e+01	15	134	49	451	0	47	0	50	500	500	500	0	0	0	
8.6492888293e+01	14	136	61	439	0	48	0	50	500	500	500	0	0	0	
8.6999331533e+01	15	138	56	444	0	53	0	50	500	500	500	0	0	0	
8.7497202722e+01	20	134	59	441	0	56	0	50	500	500	500	0	0	0	
8.7995251765e+01	19	135	75	425	0	53	0	50	500	500	500	0	0	0	
8.8497583169e+01	21	133	58	442	0	57	0	50	500	500	500	0	0	0	
8.8999644332e+01	19	135	57	443	0	58	0	50	500	500	500	0	0	0	
8.9498978613e+01	14	142	44	456	0	53	0	50	500	500	500	0	0	0	
8.9999110538e+01	11	146	53	447	0	52	0	50	500	500	500	0	0	0	
9.0498489719e+01	10	147	41	459	0	50	0	50	500	500	500	0	0	0	
9.0999525371e+01	13	143	45	455	0	53	0	50	500	500	500	0	0	0	
9.1499950422e+01	11	145	40	460	0	47	0	50	500	500	500	0	0	0	
9.1996453636e+01	12	145	39	461	0	39	0	50	500	500	500	0	0	0	
9.2498407385e+01	11	146	33	467	0	42	0	50	500	500	500	0	0	0	
9.2993681840e+01	11	146	40	460	0	46	0	50	500	500	500	0	0	0	
9.3494323339e+01	11	147	45	455	0	51	0	50	500	500	500	0	0	0	
9.3997491252e+01	11	148	22	478	0	55	0	50	500	500	500	0	0	0	
9.4490374162e+01	11	150	36	464	0	54	0	50	500	500	500	0	0	0	
9.4994532105e+01	10	151	44	456	0	58	0	50	500	500	500	0	0	0	
9.5496527719e+01	16	144	34	466	0	56	0	50	500	500	500	0	0	0	
9.5992344624e+01	16	144	41	459	0	54	0	50	500	500	500	0	0	0	
9.6498540548e+01	17	144	44	456	0	52	0	50	500	500	500	0	0	0	
9.6992403680e+01	22	141	30	470	0	54	0	50	500	500	500	0	0	0	
9.7495497847e+01	20	147	45	455	0	50	0	50	500	500	500	0	0	0	
9.7997391047e+01	20	149	36	464	0	52	0	50	500	500	500	0	0	0	
9.8495344699e+01	20	149	28	472	0	61	0	50	500	500	500	0	0	0	
9.8996575703e+01	17	154	36	464	0	54	0	50	500	500	500	0	0	0	
9.9499988340e+01	15	157	42	458	0	55	0	50	500	500	500	0	0	0	
9.9998881879e+01	15	157	32	468	0	54	0	50	500	500	500	0	0	0	
1.0049977565e+02	15	157	46	454	0	56	0	50	500	500	500	0	0	0	
1.0099737129e+02	13	159	43	457	0	55	0	50	500	500	500	0	0	0	
1.0149214048e+02	12	161	47	453	0	48	0	50	500	500	500	0	0	0	
1.0199919208e+02	12	163	41	459	0	45	0	50	500	500	500	0	0	0	
1.0249956957e+02	12	163	42	458	0	45	0	50	500	500	500	0	0	0	
1.0299741177e+02	14	162	43	457	0	42	0	50	500	500	500	0	0	0	
1.0349827532e+02	13	163	45	455	0	47	0	50	500	500	500	0	0	0	
1.0399946540e+02	13	163	43	457	0	48	0	50	500	500	500	0	0	0	
1.0449601827e+02	13	165	12	488	0	50	0	50	500	500	500	0	0	0	
1.0499971902e+02	9	171	31	469	0	47	0	50	500	500	500	0	0	0	
1.0549796463e+02	11	168	32	468	0	46	0	50	500	500	500	0	0	0	
1.0599769743e+02	11	169	36	464	0	45	0	50	500	500	500	0	0	0	
1.0649434396e+02	14	168	38	462	0	49	0	50	500	500	500	0	0	0	
1.0699437842e+02	11	173	38	462	0	51	0	50	500	500	500	0	0	0	
1.0749962195e+02	15	169	31	469	0	56	0	50	500	500	500	0	0	0	
1.0799747066e+02	18	166	25	475	0	52	0	50	500	500	500	0	0	0	
1.0849642324e+02	18	167	32	468	0	50	0	50	500	500	500	0	0	0	
1.0899199964e+02	15	170	31	469	0	48	0	50	500	500	500	0	0	0	
1.0949424851e+02	17	169	38	462	0	48	0	50	500	500	500	0	0	0	
1.0999183953e+02	15	173	30	470	0	48	0	50	500	500	500	0	0	0	
1.1049840756e+02	15	174	25	475	0	43	0	50	500	500	500	0	0	0	
1.1099551172e+02	17	174	37	463	0	50	0	50	500	500	500	0	0	0	
1.1149932794e+02	13	179	34	466	0	40	0	50	500	500	500	0	0	0	
1.1199736044e+02	16	176	39	461	0	42	0	50	500	500	500	0	0	0	
1.1249929237e+02	17	174	52	448	0	50	0	50	500	500	500	0	0	0	
1.1299866359e+02	18	173	20	480	0	56	0	50	500	500	500	0	0	0	
1.1349669693e+02	16	175	34	466	0	61	0	50	500	500	500	0	0	0	
1.1399701542e+02	18	172	35	465	0	55	0	50	500	500	500	0	0	0	
1.1449998971e+02	20	170	27	473	0	58	0	50	500	500	500	0	0	0	
1.1499788631e+02	24	166	44	456	0	47	0	50	500	500	500	0	0	0	
1.1549626362e+02	24	167	34	466	0	50	0	50	500	500	500	0	0	0	
1.1599957195e+02	26	165	28	472	0	50	0	50	500	500	500	0	0	0	
1.1649822487e+02	25	168	33	467	0	56	0	50	500	500	500	0	0	0	
1.1699934028e+02	27	169	26	474	0	48	0	50	500	500	500	0	0	0	
1.1749568072e+02	26	172	30	470	0	55	0	50	500	500	500	0	0	0	
1.1799934174e+02	24	176	45	455	0	55	0	50	500	500	500	0	0	0	
1.1849733244e+02	16	185	35	465	0	46	0	50	500	500	500	0	0	0	
1.1899988901e+02	14	185	34	466	0	56	0	50	500	500	500	0	0	0	
1.1949884987e+02	14	185	27	473	0	53	0	50	500	500	500	0	0	0	
1.1999671042e+02	13	186	31	469	0	53	0	50	500	500	500	0	0	0	
1.2049376101e+02	15	184	20	480	0	56	0	50	500	500	500	0	0	0	
1.2099980726e+02	15	186	20	480	0	58	0	50	500	500	500	0	0	0	
1.2149584628e+02	14	188	19	481	0	60	0	50	500	500	500	0	0	0	
1.2199960949e+02	21	183	17	483	0	59	0	50	500	500	500	0	0	0	
1.2249641807e+02	23	180	26	474	0	54	0	50	500	500	500	0	0	0	
1.2299971306e+02	19	183	48	452	0	51	0	50	500	500	500	0	0	0	
1.2349765371e+02	21	181	22	478	0	51	0	50	500	500	500	0	0	0	
1.2399609258e+02	17	185	24	476	0	48	0	50	500	500	500	0	0	0	
1.2449864975e+02	16	186	27	473	0	40	0	50	500	500	500	0	0	0	
1.2499863464e+02	14	191	40	460	0	50	0	50	500	500	500	0	0	0	
1.2549595255e+02	15	193	25	475	0	49	0	50	500	500	500	0	0	0	
1.2599689674e+02	18	190	27	473	0	54	0	50	500	500	500	0	0	0	
1.2649592320e+02	17	190	30	470	0	50	0	50	500	500	500	0	0	0	
1.2699582878e+02	14	193	24	476	0	59	0	50	500	500	500	0	0	0	
1.2749994327e+02	13	195	29	471	0	52	0	50	500	500	500	0	0	0	
1.2799649275e+02	15	193	21	479	0	52	0	50	500	500	500	0	0	0	
1.2849930581e+02	9	199	26	474	0	41	0	50	500	500	500	0	0	0	
1.2899895107e+02	7	202	28	472	0	40	0	50	500	500	500	0	0	0	
1.2949600480e+02	7	202	22	478	0	34	0	50	500	500	500	0	0	0	
1.2999641581e+02	7	202	22	478	0	37	0	50	500	500	500	0	0	0	
1.3049888478e+02	6	205	15	485	0	45	0	50	500	500	500	0	0	0	
1.3099615020e+02	9	204	30	470	0	53	0	50	500	500	500	0	0	0	
1.3149971105e+02	12	201	27	473	0	62	0	50	500	500	500	0	0	0	
1.3199313009e+02	12	201	15	485	0	65	0	50	500	500	500	0	0	0	
1.3249126629e+02	11	203	24	476	0	67	0	50	500	500	500	0	0	0	
1.3299836468e+02	11	203	23	477	0	55	0	50	500	500	500	0	0	0	
1.3349870670e+02	11	203	20	480	0	50	0	50	500	500	500	0	0	0	
1.3399995036e+02	8	207	14	486	0	50	0	50	500	500	500	0	0	0	
1.3449786608e+02	11	204	25	475	0	48	0	50	500	500	500	0	0	0	
1.3499309328e+02	10	207	19	481	0	47	0	50	500	500	500	0	0	0	
1.3549986450e+02	11	206	24	476	0	44	0	50	500	500	500	0	0	0	
1.3599612291e+02	13	204	23	477	0	46	0	50	500	500	500	0	0	0	
1.3649720828e+02	14	206	31	469	0	43	0	50	500	500	500	0	0	0	
1.3699954797e+02	15	204	30	470	0	47	0	50	500	500	500	0	0	0	
1.3749793044e+02	12	208	33	467	0	49	0	50	500	500	500	0	0	0	
1.3799950170e+02	12	208	19	481	0	45	0	50	500	500	500	0	0	0	
1.3849462295e+02	11	209	27	473	0	44	0	50	500	500	500	0	0	0	
1.3899848281e+02	12	209	20	480	0	47	0	50	500	500	500	0	0	0	
1.3949037916e+02	11	211	22	478	0	45	0	50	500	500	500	0	0	0	
1.3999976405e+02	13	209	37	463	0	54	0	50	500	500	500	0	0	0	
1.4049422669e+02	14	208	37	463	0	54	0	50	500	500	500	0	0	0	
1.4099716393e+02	14	207	19	481	0	52	0	50	500	500	500	0	0	0	
1.4149117265e+02	17	204	16	484	0	52	0	50	500	500	500	0	0	0	
1.4199918258e+02	19	203	26	474	0	47	0	50	500	500	500	0	0	0	
1.4249735957e+02	24	199	21	479	0	49	0	50	500	500	500	0	0	0	
1.4298992036e+02	26	198	38	462	0	54	0	50	500	500	500	0	0	0	
1.4349886382e+02	22	201	25	475	0	43	0	50	500	500	500	0	0	0	
1.4399958745e+02	22	202	26	474	0	48	0	50	500	500	500	0	0	0	
1.4449733122e+02	21	204	33	467	0	49	0	50	500	500	500	0	0	0	
1.4499804062e+02	21	204	22	478	0	51	0	50	500	500	500	0	0	0	
1.4549885903e+02	21	204	35	465	0	55	0	50	500	500	500	0	0	0	
1.4599902865e+02	22	204	33	467	0	54	0	50	500	500	500	0	0	0	
1.4649535343e+02	23	203	15	485	0	51	0	50	500	500	500	0	0	0	
1.4699987062e+02	20	204	46	454	0	55	0	50	500	500	500	0	0	0	
1.4749721003e+02	16	208	21	479	0	54	0	50	500	500	500	0	0	0	
1.4799892937e+02	17	207	25	475	0	60	0	50	500	500	500	0	0	0	
1.4849866149e+02	14	210	18	482	0	51	0	50	500	500	500	0	0	0	
1.4899944011e+02	17	209	23	477	0	50	0	50	500	500	500	0	0	0	
1.4949992599e+02	18	210	33	467	0	50	0	50	500	500	500	0	0	0	
1.4999825065e+02	19	212	31	469	0	64	0	50	500	500	500	0	0	0	
1.5049858887e+02	18	215	28	472	0	69	0	50	500	500	500	0	0	0	
1.5099712018e+02	16	218	19	481	0	60	0	50	500	500	500	0	0	0	
1.5149961271e+02	18	215	10	490	0	65	0	50	500	500	500	0	0	0	
1.5199757213e+02	14	219	27	473	0	64	0	50	500	500	500	0	0	0	
1.5249746270e+02	13	222	28	472	0	60	0	50	500	500	500	0	0	0	
1.5299993269e+02	16	219	29	471	0	57	0	50	500	500	500	0	0	0	
1.5349958222e+02	18	217	28	472	0	62	0	50	500	500	500	0	0	0	
1.5399519368e+02	20	216	19	481	0	59	0	50	500	500	500	0	0	0	
1.5449910643e+02	18	219	29	471	0	61	0	50	500	500	500	0	0	0	
1.5499970440e+02	18	219	27	473	0	48	0	50	500	500	500	0	0	0	
1.5549764312e+02	16	221	25	475	0	50	0	50	500	500	500	0	0	0	
1.5599392461e+02	19	219	22	478	0	54	0	50	500	500	500	0	0	0	
1.5649708512e+02	20	219	29	471	0	50	0	50	500	500	500	0	0	0	
1.5699536737e+02	18	221	25	475	0	42	0	50	500	500	500	0	0	0	
1.5749476655e+02	21	217	23	477	0	45	0	50	500	500	500	0	0	0	
1.5799543256e+02	18	220	18	482	0	42	0	50	500	500	500	0	0	0	
1.5849139962e+02	18	220	20	480	0	43	0	50	500	500	500	0	0	0	
1.5899295287e+02	16	224	17	483	0	55	0	50	500	500	500	0	0	0	
1.5949818325e+02	14	226	11	489	0	57	0	50	500	500	500	0	0	0	
1.5999469022e+02	12	229	17	483	0	64	0	50	500	500	500	0	0	0	
1.6049721784e+02	14	227	18	482	0	66	0	50	500	500	500	0	0	0	
1.6099511624e+02	15	228	21	479	0	62	0	50	500	500	500	0	0	0	
1.6149870447e+02	16	227	27	473	0	56	0	50	500	500	500	0	0	0	
1.6199921752e+02	15	231	19	481	0	56	0	50	500	500	500	0	0	0	
1.6249983038e+02	13	233	9	491	0	50	0	50	500	500	500	0	0	0	
1.6299757192e+02	10	236	26	474	0	47	0	50	500	500	500	0	0	0	
1.6349417073e+02	12	236	20	480	0	45	0	50	500	500	500	0	0	0	
1.6399992901e+02	15	234	23	477	0	41	0	50	500	500	500	0	0	0	
1.6449931055e+02	16	237	16	484	0	47	0	50	500	500	500	0	0	0	
1.6499853442e+02	18	235	18	482	0	43	0	50	500	500	500	0	0	0	
1.6549987169e+02	22	232	25	475	0	42	0	50	500	500	500	0	0	0	
1.6599629303e+02	23	231	19	481	0	44	0	50	500	500	500	0	0	0	
1.6649735571e+02	23	232	28	472	0	49	0	50	500	500	500	0	0	0	
1.6699835093e+02	25	230	23	477	0	45	0	50	500	500	500	0	0	0	
1.6749888779e+02	24	231	24	476	0	53	0	50	500	500	500	0	0	0	
1.6799620302e+02	24	233	23	477	0	52	0	50	500	500	500	0	0	0	
1.6849932218e+02	23	234	31	469	0	53	0	50	500	500	500	0	0	0	
1.6899458712e+02	27	227	31	469	0	50	0	50	500	500	500	0	0	0	
1.6949893173e+02	28	226	29	471	0	48	0	50	500	500	500	0	0	0	
1.6999947763e+02	19	236	26	474	0	50	0	50	500	500	500	0	0	0	
1.7049692391e+02	20	234	18	482	0	49	0	50	500	500	500	0	0	0	
1.7099396450e+02	19	236	21	479	0	45	0	50	500	500	500	0	0	0	
1.7149916218e+02	18	237	12	488	0	42	0	50	500	500	500	0	0	0	
1.7199962627e+02	18	239	15	485	0	49	0	50	500	500	500	0	0	0	
1.7249737610e+02	15	243	18	482	0	50	0	50	500	500	500	0	0	0	
1.7299822225e+02	14	244	23	477	0	49	0	50	500	500	500	0	0	0	
1.7349791348e+02	11	249	21	479	0	45	0	50	500	500	500	0	0	0	
1.7399448150e+02	11	254	26	474	0	51	0	50	500	500	500	0	0	0	
1.7449936609e+02	14	251	15	485	0	43	0	50	500	500	500	0	0	0	
1.7499842532e+02	20	246	20	480	0	41	0	50	500	500	500	0	0	0	
1.7549575572e+02	22	244	14	486	0	36	0	50	500	500	500	0	0	0	
1.7599998275e+02	23	243	21	479	0	39	0	50	500	500	500	0	0	0	
1.7649974334e+02	22	245	24	476	0	44	0	50	500	500	500	0	0	0	
1.7699981198e+02	22	246	22	478	0	49	0	50	500	500	500	0	0	0	
1.7749967308e+02	22	248	20	480	0	46	0	50	500	500	500	0	0	0	
1.7799984952e+02	23	248	21	479	0	42	0	50	500	500	500	0	0	0	
1.7849905763e+02	16	255	14	486	0	33	0	50	500	500	500	0	0	0	
1.7899928860e+02	9	263	21	479	0	31	0	50	500	500	500	0	0	0	
1.7949209584e+02	6	267	10	490	0	30	0	50	500	500	500	0	0	0	
1.7999408967e+02	6	266	11	489	0	29	0	50	500	500	500	0	0	0	
1.8049967669e+02	5	268	23	477	0	31	0	50	500	500	500	0	0	0	
1.8099823093e+02	6	267	14	486	0	36	0	50	500	500	500	0	0	0	
1.8149910088e+02	8	268	16	484	0	38	0	50	500	500	500	0	0	0	
1.8199334256e+02	5	271	22	478	0	32	0	50	500	500	500	0	0	0	
1.8249941016e+02	5	271	10	490	0	34	0	50	500	500	500	0	0	0	
1.8299756438e+02	7	270	17	483	0	41	0	50	500	500	500	0	0	0	
1.8349866020e+02	8	268	15	485	0	45	0	50	500	500	500	0	0	0	
1.8399871169e+02	12	264	10	490	0	48	0	50	500	500	500	0	0	0	
1.8449980666e+02	15	264	19	481	0	49	0	50	500	500	500	0	0	0	
1.8499835832e+02	15	263	20	480	0	54	0	50	500	500	500	0	0	0	
1.8549426401e+02	19	259	23	477	0	52	0	50	500	500	500	0	0	0	
1.8599723512e+02	20	260	13	487	0	47	0	50	500	500	500	0	0	0	
1.8649433001e+02	16	266	21	479	0	47	0	50	500	500	500	0	0	0	
1.8699780248e+02	16	267	20	480	0	46	0	50	500	500	500	0	0	0	
1.8749475808e+02	15	269	24	476	0	46	0	50	500	500	500	0	0	0	
1.8799367530e+02	16	269	19	481	0	47	0	50	500	500	500	0	0	0	
1.8849665195e+02	13	273	11	489	0	42	0	50	500	500	500	0	0	0	
1.8899829693e+02	12	273	19	481	0	45	0	50	500	500	500	0	0	0	
1.8949143325e+02	15	271	13	487	0	41	0	50	500	500	500	0	0	0	
1.8999894266e+02	18	269	12	488	0	42	0	50	500	500	500	0	0	0	
1.9049683821e+02	18	270	15	485	0	51	0	50	500	500	500	0	0	0	
1.9099812898e+02	17	273	26	474	0	50	0	50	500	500	500	0	0	0	
1.9149996189e+02	17	274	16	484	0	43	0	50	500	500	500	0	0	0	
1.9199900940e+02	18	275	12	488	0	41	0	50	500	500	500	0	0	0	
1.9249959717e+02	21	271	21	479	0	49	0	50	500	500	500	0	0	0	
1.9299101328e+02	18	276	11	489	0	42	0	50	500	500	500	0	0	0	
1.9349154186e+02	16	277	12	488	0	41	0	50	500	500	500	0	0	0	
1.9399783023e+02	14	282	12	488	0	42	0	50	500	500	500	0	0	0	
1.9449966918e+02	15	281	19	481	0	36	0	50	500	500	500	0	0	0	
1.9499529973e+02	18	278	13	487	0	41	0	50	500	500	500	0	0	0	
1.9549720320e+02	13	285	19	481	0	40	0	50	500	500	500	0	0	0	
1.9599765024e+02	10	287	15	485	0	40	0	50	500	500	500	0	0	0	
1.9649841811e+02	8	291	12	488	0	43	0	50	500	500	500	0	0	0	
1.9699642296e+02	13	286	12	488	0	51	0	50	500	500	500	0	0	0	
1.9749983150e+02	13	286	11	489	0	47	0	50	500	500	500	0	0	0	
1.9799604845e+02	12	287	12	488	0	57	0	50	500	500	500	0	0	0	
1.9849214144e+02	13	286	14	486	0	50	0	50	500	500	500	0	0	0	
1.9898619351e+02	15	284	8	492	0	46	0	50	500	500	500	0	0	0	
1.9949939872e+02	20	280	15	485	0	49	0	50	500	500	500	0	0	0	
1.9999911603e+02	19	283	25	475	0	47	0	50	500	500	500	0	0	0	
2.0049368176e+02	21	281	12	488	0	48	0	50	500	500	500	0	0	0	
2.0099990766e+02	23	281	15	485	0	51	0	50	500	500	500	0	0	0	
2.0149868612e+02	24	282	16	484	0	47	0	50	500	500	500	0	0	0	
2.0199859221e+02	23	285	13	487	0	46	0	50	500	500	500	0	0	0	
2.0249866776e+02	28	281	12	488	0	49	0	50	500	500	500	0	0	0	
2.0299910065e+02	24	285	12	488	0	48	0	50	500	500	500	0	0	0	
2.0349974596e+02	24	285	21	479	0	48	0	50	500	500	500	0	0	0	
2.0398166517e+02	24	286	22	478	0	52	0	50	500	500	500	0	0	0	
2.0449985997e+02	25	284	18	482	0	55	0	50	500	500	500	0	0	0	
2.0499447252e+02	22	286	16	484	0	54	0	50	500	500	500	0	0	0	
2.0549935620e+02	24	284	18	482	0	57	0	50	500	500	500	0	0	0	
2.0599896112e+02	20	287	12	488	0	57	0	50	500	500	500	0	0	0	
2.0649963661e+02	22	285	19	481	0	55	0	50	500	500	500	0	0	0	
2.0699999980e+02	26	281	18	482	0	54	0	50	500	500	500	0	0	0	
2.0749305929e+02	22	286	16	484	0	52	0	50	500	500	500	0	0	0	
2.0799598457e+02	21	287	15	485	0	50	0	50	500	500	500	0	0	0	
2.0849733250e+02	22	285	17	483	0	47	0	50	500	500	500	0	0	0	
2.0899968501e+02	24	284	18	482	0	57	0	50	500	500	500	0	0	0	
2.0949919112e+02	24	288	15	485	0	58	0	50	500	500	500	0	0	0	
2.0999754006e+02	29	282	10	490	0	50	0	50	500	500	500	0	0	0	
2.1049842646e+02	27	285	13	487	0	52	0	50	500	500	500	0	0	0	
2.1099929378e+02	28	285	22	478	0	45	0	50	500	500	500	0	0	0	
2.1149611380e+02	26	288	17	483	0	45	0	50	500	500	500	0	0	0	
2.1199965612e+02	22	293	14	486	0	54	0	50	500	500	500	0	0	0	
2.1249870899e+02	19	296	13	487	0	51	0	50	500	500	500	0	0	0	
2.1299768835e+02	18	301	17	483	0	51	0	50	500	500	500	0	0	0	
2.1349990809e+02	21	298	12	488	0	51	0	50	500	500	500	0	0	0	
2.1399861961e+02	20	299	12	488	0	49	0	50	500	500	500	0	0	0	
2.1449856536e+02	23	298	15	485	0	54	0	50	500	500	500	0	0	0	
2.1499862822e+02	22	301	15	485	0	46	0	50	500	500	500	0	0	0	
2.1549791260e+02	20	305	21	479	0	51	0	50	500	500	500	0	0	0	
2.1599999969e+02	20	306	15	485	0	49	0	50	500	500	500	0	0	0	
2.1649712920e+02	22	304	15	485	0	48	0	50	500	500	500	0	0	0	
2.1698973450e+02	20	305	6	494	0	41	0	50	500	500	500	0	0	0	
2.1749683245e+02	17	308	13	487	0	43	0	50	500	500	500	0	0	0	
2.1799884324e+02	21	305	18	482	0	47	0	50	500	500	500	0	0	0	
2.1849954815e+02	22	304	18	482	0	45	0	50	500	500	500	0	0	0	
2.1898727752e+02	25	301	15	485	0	47	0	50	500	500	500	0	0	0	
2.1949023888e+02	26	301	14	486	0	53	0	50	500	500	500	0	0	0	
2.1999722746e+02	29	300	10	490	0	51	0	50	500	500	500	0	0	0	
2.2049354767e+02	29	300	9	491	0	45	0	50	500	500	500	0	0	0	
2.2098542810e+02	28	301	8	492	0	40	0	50	500	500	500	0	0	0	
2.2149914927e+02	23	308	10	490	0	39	0	50	500	500	500	0	0	0	
2.2199826140e+02	17	314	18	482	0	38	0	50	500	500	500	0	0	0	
2.2249941556e+02	16	315	11	489	0	45	0	50	500	500	500	0	0	0	
2.2299861926e+02	17	315	18	482	0	48	0	50	500	500	500	0	0	0	
2.2349832572e+02	17	316	13	487	0	47	0	50	500	500	500	0	0	0	
2.2399592211e+02	21	312	20	480	0	47	0	50	500	500	500	0	0	0	
2.2449892908e+02	17	316	16	484	0	47	0	50	500	500	500	0	0	0	
2.2499579592e+02	14	319	15	485	0	44	0	50	500	500	500	0	0	0	
2.2549812611e+02	13	321	15	485	0	37	0	50	500	500	500	0	0	0	
2.2599919017e+02	13	322	9	491	0	36	0	50	500	500	500	0	0	0	
2.2649742410e+02	11	324	15	485	0	30	0	50	500	500	500	0	0	0	
2.2699786485e+02	14	323	16	484	0	31	0	50	500	500	500	0	0	0	
2.2749638997e+02	14	326	12	488	0	36	0	50	500	500	500	0	0	0	
2.2799815307e+02	14	328	11	489	0	37	0	50	500	500	500	0	0	0	
2.2849950220e+02	13	332	15	485	0	38	0	50	500	500	500	0	0	0	
2.2899747838e+02	14	331	14	486	0	44	0	50	500	500	500	0	0	0	
2.2949464536e+02	19	326	14	486	0	40	0	50	500	500	500	0	0	0	
2.2999715462e+02	20	326	13	487	0	41	0	50	500	500	500	0	0	0	
2.3049689898e+02	15	331	12	488	0	46	0	50	500	500	500	0	0	0	
2.3099544433e+02	15	331	13	487	0	50	0	50	500	500	500	0	0	0	
2.3149635300e+02	17	329	19	481	0	48	0	50	500	500	500	0	0	0	
2.3199850430e+02	17	330	8	492	0	53	0	50	500	500	500	0	0	0	
2.3249923902e+02	17	330	15	485	0	55	0	50	500	500	500	0	0	0	
2.3299873014e+02	18	329	13	487	0	53	0	50	500	500	500	0	0	0	
2.3349343793e+02	16	329	10	490	0	54	0	50	500	500	500	0	0	0	
2.3399571869e+02	14	331	14	486	0	46	0	50	500	500	500	0	0	0	
2.3449807093e+02	18	327	15	485	0	44	0	50	500	500	500	0	0	0	
2.3499937600e+02	17	329	17	483	0	44	0	50	500	500	500	0	0	0	
2.3549099749e+02	20	326	8	492	0	49	0	50	500	500	500	0	0	0	
2.3599452517e+02	19	329	12	488	0	53	0	50	500	500	500	0	0	0	
2.3649838179e+02	18	329	16	484	0	47	0	50	500	500	500	0	0	0	
2.3699966997e+02	23	324	24	476	0	46	0	50	500	500	500	0	0	0	
2.3749939582e+02	24	324	13	487	0	50	0	50	500	500	500	0	0	0	
2.3799268953e+02	21	328	9	491	0	43	0	50	500	500	500	0	0	0	
2.3849984917e+02	18	331	11	489	0	41	0	50	500	500	500	0	0	0	
2.3899868815e+02	16	336	17	483	0	46	0	50	500	500	500	0	0	0	
2.3949674081e+02	18	334	6	494	0	50	0	50	500	500	500	0	0	0	
2.3999514114e+02	26	327	8	492	0	37	0	50	500	500	500	0	0	0	
2.4049937407e+02	20	334	21	479	0	47	0	50	500	500	500	0	0	0	
2.4099666311e+02	22	333	11	489	0	48	0	50	500	500	500	0	0	0	
2.4149941696e+02	28	329	10	490	0	52	0	50	500	500	500	0	0	0	
2.4199851486e+02	21	337	10	490	0	52	0	50	500	500	500	0	0	0	
2.4249970114e+02	27	331	7	493	0	51	0	50	500	500	500	0	0	0	
2.4299939822e+02	20	338	12	488	0	58	0	50	500	500	500	0	0	0	
2.4349775920e+02	25	334	12	488	0	51	0	50	500	500	500	0	0	0	
2.4398741827e+02	24	335	12	488	0	60	0	50	500	500	500	0	0	0	
2.4448992158e+02	24	336	10	490	0	63	0	50	500	500	500	0	0	0	
2.4499679883e+02	26	334	10	490	0	57	0	50	500	500	500	0	0	0	
2.4549834392e+02	26	335	13	487	0	52	0	50	500	500	500	0	0	0	
2.4599558626e+02	28	333	16	484	0	57	0	50	500	500	500	0	0	0	
2.4649343147e+02	25	337	5	495	0	49	0	50	500	500	500	0	0	0	
2.4698996101e+02	23	340	14	486	0	56	0	50	500	500	500	0	0	0	
2.4749344952e+02	24	341	8	492	0	54	0	50	500	500	500	0	0	0	
2.4799845087e+02	18	348	7	493	0	49	0	50	500	500	500	0	0	0	
2.4849983044e+02	23	345	11	489	0	52	0	50	500	500	500	0	0	0	
2.4899227087e+02	23	346	12	488	0	50	0	50	500	500	500	0	0	0	
2.4949958865e+02	18	352	14	486	0	46	0	50	500	500	500	0	0	0	
2.4998999581e+02	19	352	9	491	0	43	0	50	500	500	500	0	0	0	
2.5049894168e+02	22	352	18	482	0	43	0	50	500	500	500	0	0	0	
2.5099944073e+02	22	351	26	474	0	41	0	50	500	500	500	0	0	0	
2.5149405480e+02	24	348	10	490	0	45	0	50	500	500	500	0	0	0	
2.5199971446e+02	23	349	13	487	0	41	0	50	500	500	500	0	0	0	
2.5249728711e+02	22	349	3	497	0	36	0	50	500	500	500	0	0	0	
2.5299797170e+02	23	349	13	487	0	42	0	50	500	500	500	0	0	0	
2.5349792141e+02	28	344	15	485	0	49	0	50	500	500	500	0	0	0	
2.5399903182e+02	25	350	6	494	0	48	0	50	500	500	500	0	0	0	
2.5449978699e+02	23	352	10	490	0	49	0	50	500	500	500	0	0	0	
2.5499725164e+02	23	350	12	488	0	56	0	50	500	500	500	0	0	0	
2.5549978254e+02	18	354	10	490	0	47	0	50	500	500	500	0	0	0	
2.5599732160e+02	17	355	8	492	0	42	0	50	500	500	500	0	0	0	
2.5649923145e+02	17	356	6	494	0	44	0	50	500	500	500	0	0	0	
2.5699263045e+02	13	362	16	484	0	44	0	50	500	500	500	0	0	0	
2.5749517198e+02	11	364	17	483	0	46	0	50	500	500	500	0	0	0	
2.5799902030e+02	21	353	13	487	0	47	0	50	500	500	500	0	0	0	
2.5849675721e+02	18	357	12	488	0	47	0	50	500	500	500	0	0	0	
2.5899529122e+02	19	354	14	486	0	47	0	50	500	500	500	0	0	0	
2.5949560120e+02	21	353	6	494	0	47	0	50	500	500	500	0	0	0	
2.5999975117e+02	25	348	22	478	0	52	0	50	500	500	500	0	0	0	
2.6049314631e+02	25	350	12	488	0	52	0	50	500	500	500	0	0	0	
2.6099612317e+02	24	352	11	489	0	49	0	50	500	500	500	0	0	0	
2.6148797091e+02	24	353	16	484	0	53	0	50	500	500	500	0	0	0	
2.6199543528e+02	24	354	9	491	0	47	0	50	500	500	500	0	0	0	
2.6249748210e+02	28	350	10	490	0	45	0	50	500	500	500	0	0	0	
2.6299389951e+02	20	359	11	489	0	50	0	50	500	500	500	0	0	0	
2.6349508122e+02	17	362	10	490	0	50	0	50	500	500	500	0	0	0	
2.6399948786e+02	19	360	15	485	0	49	0	50	500	500	500	0	0	0	
2.6449412686e+02	20	359	11	489	0	43	0	50	500	500	500	0	0	0	
2.6499828031e+02	20	361	16	484	0	40	0	50	500	500	500	0	0	0	
2.6549715277e+02	21	360	12	488	0	51	0	50	500	500	500	0	0	0	
2.6599435928e+02	19	364	20	480	0	56	0	50	500	500	500	0	0	0	
2.6649674682e+02	18	365	14	486	0	58	0	50	500	500	500	0	0	0	
2.6699542671e+02	17	367	14	486	0	52	0	50	500	500	500	0	0	0	
2.6749892205e+02	15	369	14	486	0	48	0	50	500	500	500	0	0	0	
2.6799849654e+02	21	364	13	487	0	50	0	50	500	500	500	0	0	0	
2.6849134286e+02	23	363	11	489	0	43	0	50	500	500	500	0	0	0	
2.6899592696e+02	23	363	14	486	0	47	0	50	500	500	500	0	0	0	
2.6949480779e+02	23	363	11	489	0	47	0	50	500	500	500	0	0	0	
2.6999935135e+02	24	362	12	488	0	47	0	50	500	500	500	0	0	0	
2.7049626925e+02	24	362	13	487	0	46	0	50	500	500	500	0	0	0	
2.7099830510e+02	26	362	10	490	0	46	0	50	500	500	500	0	0	0	
2.7149673173e+02	22	367	9	491	0	46	0	50	500	500	500	0	0	0	
2.7199997197e+02	21	366	11	489	0	52	0	50	500	500	500	0	0	0	
2.7249488587e+02	21	364	4	496	0	49	0	50	500	500	500	0	0	0	
2.7299734727e+02	20	365	13	487	0	50	0	50	500	500	500	0	0	0	
2.7349888855e+02	19	367	8	492	0	48	0	50	500	500	500	0	0	0	
2.7399886025e+02	18	367	11	489	0	46	0	50	500	500	500	0	0	0	
2.7449721424e+02	17	370	11	489	0	49	0	50	500	500	500	0	0	0	
2.7499900207e+02	20	368	8	492	0	46	0	50	500	500	500	0	0	0	
2.7549703163e+02	25	362	9	491	0	45	0	50	500	500	500	0	0	0	
2.7599275948e+02	22	363	13	487	0	40	0	50	500	500	500	0	0	0	
2.7649547975e+02	21	364	10	490	0	50	0	50	500	500	500	0	0	0	
2.7699300592e+02	24	360	15	485	0	48	0	50	500	500	500	0	0	0	
2.7749703744e+02	21	366	17	483	0	43	0	50	500	500	500	0	0	0	
2.7799624228e+02	24	363	10	490	0	40	0	50	500	500	500	0	0	0	
2.7849850383e+02	19	369	13	487	0	43	0	50	500	500	500	0	0	0	
2.7899960630e+02	20	371	2	498	0	45	0	50	500	500	500	0	0	0	
2.7949671212e+02	16	374	19	481	0	44	0	50	500	500	500	0	0	0	
2.7999781407e+02	21	373	15	485	0	45	0	50	500	500	500	0	0	0	
2.8049729732e+02	15	380	14	486	0	45	0	50	500	500	500	0	0	0	
2.8099964426e+02	20	375	18	482	0	45	0	50	500	500	500	0	0	0	
2.8149620568e+02	22	373	9	491	0	47	0	50	500	500	500	0	0	0	
2.8199657614e+02	22	373	6	494	0	55	0	50	500	500	500	0	0	0	
2.8249096871e+02	22	372	8	492	0	64	0	50	500	500	500	0	0	0	
2.8299831718e+02	25	369	16	484	0	62	0	50	500	500	500	0	0	0	
2.8349857157e+02	23	374	6	494	0	53	0	50	500	500	500	0	0	0	
2.8399321766e+02	21	377	10	490	0	54	0	50	500	500	500	0	0	0	
2.8449859838e+02	27	372	16	484	0	52	0	50	500	500	500	0	0	0	
2.8499936886e+02	28	371	9	491	0	48	0	50	500	500	500	0	0	0	
2.8549836736e+02	27	372	8	492	0	54	0	50	500	500	500	0	0	0	
2.8599732572e+02	29	370	15	485	0	51	0	50	500	500	500	0	0	0	
2.8649579724e+02	23	378	9	491	0	52	0	50	500	500	500	0	0	0	
2.8699752534e+02	21	379	12	488	0	53	0	50	500	500	500	0	0	0	
2.8749847352e+02	21	380	8	492	0	51	0	50	500	500	500	0	0	0	
2.8799934260e+02	20	380	11	489	0	47	0	50	500	500	500	0	0	0	
2.8849729492e+02	22	378	11	489	0	39	0	50	500	500	500	0	0	0	
2.8898913312e+02	23	378	8	492	0	45	0	50	500	500	500	0	0	0	
2.8949700547e+02	21	379	16	484	0	44	0	50	500	500	500	0	0	0	
2.8999506104e+02	23	377	8	492	0	43	0	50	500	500	500	0	0	0	
2.9049503904e+02	21	379	4	496	0	37	0	50	500	500	500	0	0	0	
2.9099915115e+02	21	379	10	490	0	33	0	50	500	500	500	0	0	0	
2.9149705390e+02	18	384	14	486	0	36	0	50	500	500	500	0	0	0	
2.9199547608e+02	21	383	16	484	0	39	0	50	500	500	500	0	0	0	
2.9249651514e+02	16	388	7	493	0	45	0	50	500	500	500	0	0	0	
2.9299927837e+02	20	386	17	483	0	46	0	50	500	500	500	0	0	0	
2.9349302527e+02	20	386	11	489	0	47	0	50	500	500	500	0	0	0	
2.9399613122e+02	18	387	10	490	0	46	0	50	500	500	500	0	0	0	
2.9449965623e+02	20	385	10	490	0	45	0	50	500	500	500	0	0	0	
2.9499802801e+02	17	390	11	489	0	49	0	50	500	500	500	0	0	0	
2.9549796965e+02	21	387	15	485	0	52	0	50	500	500	500	0	0	0	
2.9599936633e+02	20	387	8	492	0	51	0	50	500	500	500	0	0	0	
2.9649993095e+02	18	392	9	491	0	51	0	50	500	500	500	0	0	0	
2.9699768187e+02	24	388	11	489	0	58	0	50	500	500	500	0	0	0	
2.9749797722e+02	21	392	10	490	0	52	0	50	500	500	500	0	0	0	
2.9799955891e+02	22	391	16	484	0	59	0	50	500	500	500	0	0	0	
2.9849879652e+02	23	391	10	490	0	60	0	50	500	500	500	0	0	0	
2.9899526070e+02	22	393	16	484	0	60	0	50	500	500	500	0	0	0	
2.9949931402e+02	28	388	11	489	0	64	0	50	500	500	500	0	0	0	
2.9999066405e+02	30	386	5	495	0	62	0	50	500	500	500	0	0	0	
3.0049923151e+02	34	381	9	491	0	61	0	50	500	500	500	0	0	0	
3.0099854986e+02	33	382	15	485	0	61	0	50	500	500	500	0	0	0	
3.0149980792e+02	35	381	12	488	0	62	0	50	500	500	500	0	0	0	
3.0199963789e+02	35	381	10	490	0	56	0	50	500	500	500	0	0	0	
3.0249798257e+02	35	380	9	491	0	59	0	50	500	500	500	0	0	0	
3.0299686757e+02	36	381	11	489	0	64	0	50	500	500	500	0	0	0	
3.0349898954e+02	37	381	15	485	0	77	0	50	500	500	500	0	0	0	
3.0399922801e+02	39	382	9	491	0	76	0	50	500	500	500	0	0	0	
3.0449959112e+02	43	378	11	489	0	70	0	50	500	500	500	0	0	0	
3.0499579248e+02	45	377	12	488	0	59	0	50	500	500	500	0	0	0	
3.0549848150e+02	40	383	12	488	0	61	0	50	500	500	500	0	0	0	
3.0599571893e+02	38	387	7	493	0	60	0	50	500	500	500	0	0	0	
3.0649612782e+02	34	392	10	490	0	52	0	50	500	500	500	0	0	0	
3.0699553198e+02	34	392	10	490	0	51	0	50	500	500	500	0	0	0	
3.0749603394e+02	34	392	8	492	0	56	0	50	500	500	500	0	0	0	
3.0799956238e+02	28	397	12	488	0	51	0	50	500	500	500	0	0	0	
3.0849207534e+02	32	393	9	491	0	48	0	50	500	500	500	0	0	0	
3.0899977138e+02	30	395	13	487	0	37	0	50	500	500	500	0	0	0	
3.0949773341e+02	27	398	3	497	0	44	0	50	500	500	500	0	0	0	
3.0999937496e+02	28	396	15	485	0	48	0	50	500	500	500	0	0	0	
3.1049754046e+02	28	396	8	492	0	48	0	50	500	500	500	0	0	0	
3.1099784612e+02	27	399	11	489	0	48	0	50	500	500	500	0	0	0	
3.1149898793e+02	29	397	6	494	0	48	0	50	500	500	500	0	0	0	
3.1199743119e+02	29	397	16	484	0	51	0	50	500	500	500	0	0	0	
3.1249763711e+02	28	398	14	486	0	53	0	50	500	500	500	0	0	0	
3.1299984201e+02	26	402	11	489	0	45	0	50	500	500	500	0	0	0	
3.1349792586e+02	24	405	11	489	0	47	0	50	500	500	500	0	0	0	
3.1399624318e+02	24	405	7	493	0	45	0	50	500	500	500	0	0	0	
3.1449215062e+02	22	408	9	491	0	51	0	50	500	500	500	0	0	0	
3.1499953166e+02	26	403	15	485	0	55	0	50	500	500	500	0	0	0	
3.1549695082e+02	32	398	6	494	0	49	0	50	500	500	500	0	0	0	
3.1599539990e+02	31	400	12	488	0	52	0	50	500	500	500	0	0	0	
3.1649475412e+02	27	407	11	489	0	51	0	50	500	500	500	0	0	0	
3.1699363379e+02	21	414	6	494	0	44	0	50	500	500	500	0	0	0	
3.1749895410e+02	18	418	10	490	0	39	0	50	500	500	500	0	0	0	
3.1799889385e+02	16	422	13	487	0	39	0	50	500	500	500	0	0	0	
3.1849950820e+02	19	421	11	489	0	41	0	50	500	500	500	0	0	0	
3.1899734698e+02	26	415	12	488	0	42	0	50	500	500	500	0	0	0	
3.1949821999e+02	31	411	21	479	0	42	0	50	500	500	500	0	0	0	
3.1999642922e+02	29	412	13	487	0	40	0	50	500	500	500	0	0	0	
3.2048623406e+02	24	416	10	490	0	40	0	50	500	500	500	0	0	0	
3.2099926151e+02	25	417	10	490	0	41	0	50	500	500	500	0	0	0	
3.2148725384e+02	25	418	8	492	0	44	0	50	500	500	500	0	0	0	
3.2199723693e+02	21	424	5	495	0	33	0	50	500	500	500	0	0	0	
3.2249895932e+02	26	420	10	490	0	38	0	50	500	500	500	0	0	0	
3.2299288836e+02	26	418	7	493	0	39	0	50	500	500	500	0	0	0	
3.2349729523e+02	24	420	8	492	0	38	0	50	500	500	500	0	0	0	
3.2399892455e+02	20	427	11	489	0	38	0	50	500	500	500	0	0	0	
3.2449863630e+02	19	429	15	485	0	37	0	50	500	500	500	0	0	0	
3.2499495864e+02	20	430	9	491	0	36	0	50	500	500	500	0	0	0	
3.2549877321e+02	16	434	11	489	0	45	0	50	500	500	500	0	0	0	
3.2599923193e+02	19	432	16	484	0	44	0	50	500	500	500	0	0	0	
3.2649992739e+02	17	433	9	491	0	40	0	50	500	500	500	0	0	0	
3.2699847402e+02	19	431	7	493	0	46	0	50	500	500	500	0	0	0	
3.2749904870e+02	20	429	15	485	0	47	0	50	500	500	500	0	0	0	
3.2798804072e+02	22	428	5	495	0	52	0	50	500	500	500	0	0	0	
3.2849974904e+02	22	430	11	489	0	56	0	50	500	500	500	0	0	0	
3.2899944352e+02	22	431	9	491	0	49	0	50	500	500	500	0	0	0	
3.2948113760e+02	24	429	3	497	0	55	0	50	500	500	500	0	0	0	
3.2999868192e+02	20	433	10	490	0	58	0	50	500	500	500	0	0	0	
3.3049623403e+02	20	433	12	488	0	64	0	50	500	500	500	0	0	0	
3.3099849700e+02	25	429	7	493	0	67	0	50	500	500	500	0	0	0	
3.3149870023e+02	26	429	9	491	0	59	0	50	500	500	500	0	0	0	
3.3199073995e+02	22	433	10	490	0	62	0	50	500	500	500	0	0	0	
3.3249317514e+02	21	433	8	492	0	65	0	50	500	500	500	0	0	0	
3.3299149868e+02	26	428	7	493	0	58	0	50	500	500	500	0	0	0	
3.3349668508e+02	25	431	7	493	0	59	0	50	500	500	500	0	0	0	
3.3399918243e+02	24	432	6	494	0	55	0	50	500	500	500	0	0	0	
3.3449935995e+02	26	430	10	490	0	45	0	50	500	500	500	0	0	0	
3.3499865847e+02	19	439	5	495	0	41	0	50	500	500	500	0	0	0	
3.3549705829e+02	17	442	4	496	0	42	0	50	500	500	500	0	0	0	
3.3599201744e+02	16	443	8	492	0	41	0	50	500	500	500	0	0	0	
3.3649944468e+02	14	445	11	489	0	42	0	50	500	500	500	0	0	0	
3.3699941268e+02	17	444	7	493	0	36	0	50	500	500	500	0	0	0	
3.3749408621e+02	20	441	8	492	0	38	0	50	500	500	500	0	0	0	
3.3799738848e+02	19	442	17	483	0	39	0	50	500	500	500	0	0	0	
3.3849603475e+02	15	448	8	492	0	42	0	50	500	500	500	0	0	0	
3.3899762038e+02	15	446	8	492	0	42	0	50	500	500	500	0	0	0	
3.3949907228e+02	15	445	7	493	0	38	0	50	500	500	500	0	0	0	
3.3999883200e+02	18	441	8	492	0	45	0	50	500	500	500	0	0	0	
3.4049773176e+02	25	436	5	495	0	50	0	50	500	500	500	0	0	0	
3.4099796949e+02	24	439	7	493	0	46	0	50	500	500	500	0	0	0	
3.4149955548e+02	21	440	5	495	0	47	0	50	500	500	500	0	0	0	
3.4199951732e+02	23	438	14	486	0	48	0	50	500	500	500	0	0	0	
3.4249971826e+02	21	439	6	494	0	47	0	50	500	500	500	0	0	0	
3.4299950252e+02	21	439	15	485	0	46	0	50	500	500	500	0	0	0	
3.4349666411e+02	26	433	7	493	0	51	0	50	500	500	500	0	0	0	
3.4399922206e+02	24	434	7	493	0	56	0	50	500	500	500	0	0	0	
3.4449829630e+02	26	434	14	486	0	56	0	50	500	500	500	0	0	0	
3.4499812207e+02	24	436	12	488	0	62	0	50	500	500	500	0	0	0	
3.4549892130e+02	28	432	13	487	0	59	0	50	500	500	500	0	0	0	
3.4599684020e+02	31	429	13	487	0	56	0	50	500	500	500	0	0	0	
3.4649932638e+02	28	432	14	486	0	55	0	50	500	500	500	0	0	0	
3.4699722103e+02	27	434	18	482	0	55	0	50	500	500	500	0	0	0	
3.4749613639e+02	30	430	6	494	0	45	0	50	500	500	500	0	0	0	
3.4798704744e+02	33	428	5	495	0	42	0	50	500	500	500	0	0	0	
3.4849654584e+02	29	433	12	488	0	43	0	50	500	500	500	0	0	0	
3.4899616159e+02	28	435	5	495	0	45	0	50	500	500	500	0	0	0	
3.4949757849e+02	25	437	6	494	0	45	0	50	500	500	500	0	0	0	
3.4999172371e+02	25	438	10	490	0	46	0	50	500	500	500	0	0	0	
3.5049878379e+02	23	440	8	492	0	41	0	50	500	500	500	0	0	0	
3.5099623548e+02	19	445	7	493	0	40	0	50	500	500	500	0	0	0	
3.5149710085e+02	17	447	8	492	0	39	0	50	500	500	500	0	0	0	
3.5199499559e+02	16	446	8	492	0	42	0	50	500	500	500	0	0	0	
3.5249174020e+02	16	446	9	491	0	40	0	50	500	500	500	0	0	0	
3.5299569229e+02	17	447	10	490	0	38	0	50	500	500	500	0	0	0	
3.5349754644e+02	16	450	12	488	0	39	0	50	500	500	500	0	0	0	
3.5399925097e+02	20	447	8	492	0	41	0	50	500	500	500	0	0	0	
3.5449419577e+02	27	443	11	489	0	47	0	50	500	500	500	0	0	0	
3.5499342256e+02	27	443	7	493	0	45	0	50	500	500	500	0	0	0	
3.5549999152e+02	26	447	11	489	0	48	0	50	500	500	500	0	0	0	
3.5599857689e+02	26	448	9	491	0	46	0	50	500	500	500	0	0	0	
3.5649848370e+02	21	455	5	495	0	38	0	50	500	500	500	0	0	0	
3.5699705904e+02	22	454	8	492	0	40	0	50	500	500	500	0	0	0	
3.5749937468e+02	26	453	3	497	0	46	0	50	500	500	500	0	0	0	
3.5799306693e+02	26	452	5	495	0	50	0	50	500	500	500	0	0	0	
3.5849977138e+02	26	453	6	494	0	53	0	50	500	500	500	0	0	0	
3.5899990851e+02	28	452	7	493	0	53	0	50	500	500	500	0	0	0	
3.5949329414e+02	33	447	9	491	0	49	0	50	500	500	500	0	0	0	
3.5999724604e+02	39	441	8	492	0	54	0	50	500	500	500	0	0	0	
3.6049778581e+02	39	438	10	490	0	59	0	50	500	500	500	0	0	0	
3.6099176615e+02	37	440	8	492	0	63	0	50	500	500	500	0	0	0	
3.6149891012e+02	35	444	8	492	0	61	0	50	500	500	500	0	0	0	
3.6199933328e+02	38	440	10	490	0	62	0	50	500	500	500	0	0	0	
3.6249835019e+02	32	446	21	479	0	53	0	50	500	500	500	0	0	0	
3.6299550943e+02	26	453	6	494	0	50	0	50	500	500	500	0	0	0	
3.6349285313e+02	30	450	8	492	0	55	0	50	500	500	500	0	0	0	
3.6399924225e+02	28	452	9	491	0	56	0	50	500	500	500	0	0	0	
3.6449979335e+02	35	444	20	480	0	52	0	50	500	500	500	0	0	0	
3.6499859903e+02	29	451	12	488	0	48	0	50	500	500	500	0	0	0	
3.6549790991e+02	27	454	6	494	0	48	0	50	500	500	500	0	0	0	
3.6599861997e+02	24	457	6	494	0	44	0	50	500	500	500	0	0	0	
3.6649508968e+02	20	462	5	495	0	52	0	50	500	500	500	0	0	0	
3.6699376369e+02	19	464	11	489	0	46	0	50	500	500	500	0	0	0	
3.6749845629e+02	16	467	9	491	0	46	0	50	500	500	500	0	0	0	
3.6799859750e+02	19	467	9	491	0	49	0	50	500	500	500	0	0	0	
3.6849559564e+02	16	469	9	491	0	50	0	50	500	500	500	0	0	0	
3.6899722123e+02	14	470	2	498	0	44	0	50	500	500	500	0	0	0	
3.6949368602e+02	15	469	7	493	0	39	0	50	500	500	500	0	0	0	
3.6999025875e+02	15	471	6	494	0	31	0	50	500	500	500	0	0	0	
3.7049952417e+02	12	474	4	496	0	35	0	50	500	500	500	0	0	0	
3.7099928547e+02	13	473	11	489	0	35	0	50	500	500	500	0	0	0	
3.7149532825e+02	18	471	8	492	0	33	0	50	500	500	500	0	0	0	
3.7199618684e+02	13	475	9	491	0	40	0	50	500	500	500	0	0	0	
3.7249463868e+02	16	472	6	494	0	41	0	50	500	500	500	0	0	0	
3.7299753387e+02	17	471	14	486	0	41	0	50	500	500	500	0	0	0	
3.7349960526e+02	21	470	6	494	0	48	0	50	500	500	500	0	0	0	
3.7399995190e+02	20	470	5	495	0	48	0	50	500	500	500	0	0	0	
3.7449281495e+02	17	476	8	492	0	45	0	50	500	500	500	0	0	0	
3.7499988116e+02	17	474	7	493	0	43	0	50	500	500	500	0	0	0	
3.7549991527e+02	16	475	8	492	0	47	0	50	500	500	500	0	0	0	
3.7599927405e+02	18	475	14	486	0	52	0	50	500	500	500	0	0	0	
3.7649718583e+02	23	469	9	491	0	46	0	50	500	500	500	0	0	0	
3.7699971900e+02	27	467	7	493	0	48	0	50	500	500	500	0	0	0	
3.7749554033e+02	30	464	7	493	0	44	0	50	500	500	500	0	0	0	
3.7799943985e+02	29	470	16	484	0	46	0	50	500	500	500	0	0	0	
3.7849851616e+02	25	473	10	490	0	48	0	50	500	500	500	0	0	0	
3.7899820644e+02	25	473	2	498	0	53	0	50	500	500	500	0	0	0	
3.7949299734e+02	25	472	8	492	0	50	0	50	500	500	500	0	0	0	
3.7999826095e+02	22	475	6	494	0	51	0	50	500	500	500	0	0	0	
3.8049954128e+02	30	467	8	492	0	43	0	50	500	500	500	0	0	0	
3.8099874703e+02	26	467	6	494	0	53	0	50	500	500	500	0	0	0	
3.8149931085e+02	22	472	11	489	0	51	0	50	500	500	500	0	0	0	
3.8199472230e+02	21	474	10	490	0	52	0	50	500	500	500	0	0	0	
3.8249864961e+02	22	473	12	488	0	54	0	50	500	500	500	0	0	0	
3.8299753622e+02	20	475	13	487	0	53	0	50	500	500	500	0	0	0	
3.8348943188e+02	19	477	7	493	0	53	0	50	500	500	500	0	0	0	
3.8399970424e+02	19	479	6	494	0	50	0	50	500	500	500	0	0	0	
3.8449942071e+02	18	481	11	489	0	50	0	50	500	500	500	0	0	0	
3.8499514883e+02	22	479	13	487	0	51	0	50	500	500	500	0	0	0	
3.8549040416e+02	23	478	4	496	0	51	0	50	500	500	500	0	0	0	
3.8599881047e+02	22	480	8	492	0	52	0	50	500	500	500	0	0	0	
3.8649309965e+02	20	482	5	495	0	55	0	50	500	500	500	0	0	0	
3.8699932314e+02	15	487	6	494	0	57	0	50	500	500	500	0	0	0	
3.8749958038e+02	22	479	5	495	0	53	0	50	500	500	500	0	0	0	
3.8799913247e+02	33	467	5	495	0	55	0	50	500	500	500	0	0	0	
3.8849732200e+02	33	466	8	492	0	62	0	50	500	500	500	0	0	0	
3.8899798249e+02	31	469	7	493	0	53	0	50	500	500	500	0	0	0	
3.8949384712e+02	30	473	10	490	0	50	0	50	500	500	500	0	0	0	
3.8999715324e+02	33	470	8	492	0	50	0	50	500	500	500	0	0	0	
3.9049995058e+02	34	468	6	494	0	53	0	50	500	500	500	0	0	0	
3.9099237930e+02	31	471	11	489	0	56	0	50	500	500	500	0	0	0	
3.9149459956e+02	34	467	8	492	0	64	0	50	500	500	500	0	0	0	
3.9199674424e+02	30	471	11	489	0	60	0	50	500	500	500	0	0	0	
3.9249858855e+02	30	472	10	490	0	55	0	50	500	500	500	0	0	0	
3.9299571551e+02	31	471	10	490	0	48	0	50	500	500	500	0	0	0	
3.9349741754e+02	30	473	17	483	0	44	0	50	500	500	500	0	0	0	
3.9399500059e+02	28	475	6	494	0	51	0	50	500	500	500	0	0	0	
3.9449964514e+02	26	475	22	478	0	50	0	50	500	500	500	0	0	0	
3.9499706229e+02	27	477	14	486	0	51	0	50	500	500	500	0	0	0	
3.9549906940e+02	24	481	7	493	0	51	0	50	500	500	500	0	0	0	
3.9599850479e+02	26	479	8	492	0	49	0	50	500	500	500	0	0	0	
3.9649278195e+02	21	485	9	491	0	46	0	50	500	500	500	0	0	0	
3.9699480364e+02	28	478	9	491	0	47	0	50	500	500	500	0	0	0	
3.9749693537e+02	26	480	8	492	0	35	0	50	500	500	500	0	0	0	
3.9799454653e+02	20	487	8	492	0	43	0	50	500	500	500	0	0	0	
3.9849881362e+02	19	493	6	494	0	39	0	50	500	500	500	0	0	0	
3.9899403737e+02	18	492	5	495	0	41	0	50	500	500	500	0	0	0	
3.9949492013e+02	17	494	7	493	0	46	0	50	500	500	500	0	0	0	
3.9999493704e+02	19	493	5	495	0	49	0	50	500	500	500	0	0	0	
4.0049784733e+02	19	494	5	495	0	50	0	50	500	500	500	0	0	0	
4.0099796151e+02	17	497	5	495	0	53	0	50	500	500	500	0	0	0	
4.0149918070e+02	18	497	11	489	0	60	0	50	500	500	500	0	0	0	
4.0199952025e+02	20	495	4	496	0	59	0	50	500	500	500	0	0	0	
4.0249889496e+02	19	496	13	487	0	61	0	50	500	500	500	0	0	0	
4.0299888295e+02	22	491	5	495	0	68	0	50	500	500	500	0	0	0	
4.0349933863e+02	29	487	9	491	0	67	0	50	500	500	500	0	0	0	
4.0399754219e+02	29	486	6	494	0	63	0	50	500	500	500	0	0	0	
4.0449825698e+02	29	485	8	492	0	62	0	50	500	500	500	0	0	0	
4.0499847886e+02	29	485	11	489	0	65	0	50	500	500	500	0	0	0	
4.0549763890e+02	30	483	9	491	0	61	0	50	500	500	500	0	0	0	
4.0599450625e+02	26	486	6	494	0	53	0	50	500	500	500	0	0	0	
4.0649791915e+02	22	491	6	494	0	52	0	50	500	500	500	0	0	0	
4.0699128469e+02	21	492	4	496	0	44	0	50	500	500	500	0	0	0	
4.0749555150e+02	19	495	6	494	0	50	0	50	500	500	500	0	0	0	
4.0799567864e+02	18	497	11	489	0	54	0	50	500	500	500	0	0	0	
4.0849548112e+02	17	498	13	487	0	59	0	50	500	500	500	0	0	0	
4.0899875797e+02	27	489	6	494	0	58	0	50	500	500	500	0	0	0	
4.0949593119e+02	25	493	5	495	0	46	0	50	500	500	500	0	0	0	
4.0999939885e+02	24	494	3	497	0	37	0	50	500	500	500	0	0	0	
4.1049994555e+02	25	493	5	495	0	38	0	50	500	500	500	0	0	0	
4.1099825122e+02	23	495	13	487	0	41	0	50	500	500	500	0	0	0	
4.1149745044e+02	24	495	5	495	0	35	0	50	500	500	500	0	0	0	
4.1198529295e+02	19	500	3	497	0	32	0	50	500	500	500	0	0	0	
4.1249814273e+02	18	501	6	494	0	32	0	50	500	500	500	0	0	0	
4.1299787974e+02	19	499	9	491	0	35	0	50	500	500	500	0	0	0	
4.1349561064e+02	19	500	7	493	0	41	0	50	500	500	500	0	0	0	
4.1399648513e+02	20	498	7	493	0	45	0	50	500	500	500	0	0	0	
4.1449393931e+02	22	496	7	493	0	49	0	50	500	500	500	0	0	0	
4.1499803062e+02	21	495	5	495	0	50	0	50	500	500	500	0	0	0	
4.1549600622e+02	20	495	14	486	0	53	0	50	500	500	500	0	0	0	
4.1599773793e+02	25	490	8	492	0	50	0	50	500	500	500	0	0	0	
4.1648177447e+02	24	491	7	493	0	52	0	50	500	500	500	0	0	0	
4.1699607993e+02	23	494	10	490	0	47	0	50	500	500	500	0	0	0	
4.1749784496e+02	22	494	12	488	0	41	0	50	500	500	500	0	0	0	
4.1799977923e+02	22	496	8	492	0	42	0	50	500	500	500	0	0	0	
4.1849884524e+02	27	491	6	494	0	50	0	50	500	500	500	0	0	0	
4.1899583657e+02	28	490	7	493	0	47	0	50	500	500	500	0	0	0	
4.1949191605e+02	28	490	7	493	0	54	0	50	500	500	500	0	0	0	
4.1999902799e+02	25	493	7	493	0	47	0	50	500	500	500	0	0	0	
4.2049798148e+02	27	494	11	489	0	50	0	50	500	500	500	0	0	0	
4.2099812348e+02	24	497	5	495	0	47	0	50	500	500	500	0	0	0	
4.2149703257e+02	22	499	6	494	0	52	0	50	500	500	500	0	0	0	
4.2199997863e+02	26	494	7	493	0	53	0	50	500	500	500	0	0	0	
4.2249957750e+02	31	488	9	491	0	41	0	50	500	500	500	0	0	0	
4.2299839770e+02	25	496	13	487	0	45	0	50	500	500	500	0	0	0	
4.2349239645e+02	26	498	4	496	0	46	0	50	500	500	500	0	0	0	
4.2399879809e+02	30	494	14	486	0	51	0	50	500	500	500	0	0	0	
4.2449897676e+02	23	503	8	492	0	49	0	50	500	500	500	0	0	0	
4.2499999036e+02	24	503	10	490	0	48	0	50	500	500	500	0	0	0	
4.2549583439e+02	25	503	10	490	0	48	0	50	500	500	500	0	0	0	
4.2598589659e+02	20	511	5	495	0	49	0	50	500	500	500	0	0	0	
4.2649878671e+02	23	510	13	487	0	49	0	50	500	500	500	0	0	0	
4.2699642493e+02	24	508	8	492	0	50	0	50	500	500	500	0	0	0	
4.2749787529e+02	26	508	14	486	0	55	0	50	500	500	500	0	0	0	
4.2799964803e+02	23	510	8	492	0	55	0	50	500	500	500	0	0	0	
4.2849962350e+02	20	513	8	492	0	55	0	50	500	500	500	0	0	0	
4.2899831320e+02	21	511	12	488	0	51	0	50	500	500	500	0	0	0	
4.2949865853e+02	23	509	9	491	0	46	0	50	500	500	500	0	0	0	
4.2999735119e+02	20	513	10	490	0	53	0	50	500	500	500	0	0	0	
4.3049856491e+02	29	503	4	496	0	50	0	50	500	500	500	0	0	0	
4.3099947482e+02	25	508	3	497	0	51	0	50	500	500	500	0	0	0	
4.3148610868e+02	25	507	5	495	0	52	0	50	500	500	500	0	0	0	
4.3199961187e+02	27	503	11	489	0	48	0	50	500	500	500	0	0	0	
4.3249655301e+02	28	503	6	494	0	40	0	50	500	500	500	0	0	0	
4.3299151616e+02	26	506	9	491	0	42	0	50	500	500	500	0	0	0	
4.3348219566e+02	28	504	7	493	0	41	0	50	500	500	500	0	0	0	
4.3399235447e+02	29	506	11	489	0	47	0	50	500	500	500	0	0	0	
4.3449627196e+02	30	505	7	493	0	48	0	50	500	500	500	0	0	0	
4.3498827198e+02	24	510	6	494	0	61	0	50	500	500	500	0	0	0	
4.3549878652e+02	28	507	9	491	0	59	0	50	500	500	500	0	0	0	
4.3599759677e+02	25	508	12	488	0	52	0	50	500	500	500	0	0	0	
4.3649944805e+02	25	507	9	491	0	58	0	50	500	500	500	0	0	0	
4.3699771328e+02	30	504	10	490	0	54	0	50	500	500	500	0	0	0	
4.3749860223e+02	28	506	10	490	0	56	0	50	500	500	500	0	0	0	
4.3799999562e+02	26	508	11	489	0	58	0	50	500	500	500	0	0	0	
4.3849920100e+02	26	510	6	494	0	54	0	50	500	500	500	0	0	0	
4.3899985973e+02	31	505	9	491	0	48	0	50	500	500	500	0	0	0	
4.3949115998e+02	29	506	9	491	0	43	0	50	500	500	500	0	0	0	
4.3999991003e+02	31	506	7	493	0	45	0	50	500	500	500	0	0	0	
4.4049774639e+02	28	511	10	490	0	43	0	50	500	500	500	0	0	0	
4.4099143154e+02	30	512	8	492	0	38	0	50	500	500	500	0	0	0	
4.4149857308e+02	22	520	11	489	0	43	0	50	500	500	500	0	0	0	
4.4199888921e+02	22	523	8	492	0	53	0	50	500	500	500	0	0	0	
4.4249808378e+02	25	521	7	493	0	52	0	50	500	500	500	0	0	0	
4.4299943962e+02	24	524	11	489	0	53	0	50	500	500	500	0	0	0	
4.4349793437e+02	26	524	3	497	0	46	0	50	500	500	500	0	0	0	
4.4399747929e+02	34	517	5	495	0	49	0	50	500	500	500	0	0	0	
4.4449905210e+02	34	518	8	492	0	47	0	50	500	500	500	0	0	0	
4.4499903418e+02	35	517	16	484	0	51	0	50	500	500	500	0	0	0	
4.4549693523e+02	31	522	8	492	0	54	0	50	500	500	500	0	0	0	
4.4599753638e+02	30	523	6	494	0	48	0	50	500	500	500	0	0	0	
4.4649205380e+02	32	521	3	497	0	51	0	50	500	500	500	0	0	0	
4.4699841083e+02	30	523	11	489	0	51	0	50	500	500	500	0	0	0	
4.4749973175e+02	29	525	2	498	0	45	0	50	500	500	500	0	0	0	
4.4799864289e+02	32	523	5	495	0	49	0	50	500	500	500	0	0	0	
4.4849981790e+02	31	526	11	489	0	52	0	50	500	500	500	0	0	0	
4.4899796198e+02	29	529	6	494	0	52	0	50	500	500	500	0	0	0	
4.4949799281e+02	24	533	9	491	0	51	0	50	500	500	500	0	0	0	
4.4999533959e+02	29	528	7	493	0	53	0	50	500	500	500	0	0	0	
4.5049011549e+02	28	529	9	491	0	51	0	50	500	500	500	0	0	0	
4.5099738008e+02	26	531	6	494	0	46	0	50	500	500	500	0	0	0	
4.5149976030e+02	29	529	8	492	0	42	0	50	500	500	500	0	0	0	
4.5199711289e+02	29	531	7	493	0	48	0	50	500	500	500	0	0	0	
4.5249880702e+02	25	535	7	493	0	47	0	50	500	500	500	0	0	0	
4.5299998394e+02	20	538	4	496	0	43	0	50	500	500	500	0	0	0	
4.5349979944e+02	22	535	5	495	0	49	0	50	500	500	500	0	0	0	
4.5399977401e+02	22	537	4	496	0	48	0	50	500	500	500	0	0	0	
4.5449967858e+02	21	540	8	492	0	45	0	50	500	500	500	0	0	0	
4.5499750272e+02	25	539	9	491	0	42	0	50	500	500	500	0	0	0	
4.5549950103e+02	28	535	15	485	0	44	0	50	500	500	500	0	0	0	
4.5599886587e+02	29	534	9	491	0	42	0	50	500	500	500	0	0	0	
4.5648395884e+02	24	538	3	497	0	47	0	50	500	500	500	0	0	0	
4.5699623599e+02	28	534	4	496	0	49	0	50	500	500	500	0	0	0	
4.5749698670e+02	28	534	7	493	0	48	0	50	500	500	500	0	0	0	
4.5799990851e+02	27	535	8	492	0	53	0	50	500	500	500	0	0	0	
4.5849406515e+02	29	533	5	495	0	53	0	50	500	500	500	0	0	0	
4.5899754696e+02	22	540	6	494	0	48	0	50	500	500	500	0	0	0	
4.5949562529e+02	27	535	11	489	0	48	0	50	500	500	500	0	0	0	
4.5999771898e+02	29	533	12	488	0	55	0	50	500	500	500	0	0	0	
4.6049052732e+02	27	536	4	496	0	47	0	50	500	500	500	0	0	0	
4.6099910132e+02	29	535	12	488	0	48	0	50	500	500	500	0	0	0	
4.6149728756e+02	25	538	5	495	0	50	0	50	500	500	500	0	0	0	
4.6199236893e+02	29	534	7	493	0	45	0	50	500	500	500	0	0	0	
4.6249843747e+02	32	531	7	493	0	43	0	50	500	500	500	0	0	0	
4.6299861383e+02	30	536	6	494	0	42	0	50	500	500	500	0	0	0	
4.6349873728e+02	25	543	5	495	0	36	0	50	500	500	500	0	0	0	
4.6399424006e+02	18	552	5	495	0	40	0	50	500	500	500	0	0	0	
4.6449759751e+02	25	545	7	493	0	43	0	50	500	500	500	0	0	0	
4.6499978640e+02	25	545	8	492	0	38	0	50	500	500	500	0	0	0	
4.6549053637e+02	20	550	10	490	0	37	0	50	500	500	500	0	0	0	
4.6599240023e+02	19	553	9	491	0	45	0	50	500	500	500	0	0	0	
4.6649842741e+02	24	549	8	492	0	47	0	50	500	500	500	0	0	0	
4.6699750100e+02	25	550	9	491	0	48	0	50	500	500	500	0	0	0	
4.6749927684e+02	20	555	4	496	0	54	0	50	500	500	500	0	0	0	
4.6799630802e+02	18	559	5	495	0	50	0	50	500	500	500	0	0	0	
4.6849950369e+02	25	553	5	495	0	52	0	50	500	500	500	0	0	0	
4.6899468695e+02	27	553	5	495	0	45	0	50	500	500	500	0	0	0	
4.6949501601e+02	31	549	1	499	0	50	0	50	500	500	500	0	0	0	
4.6999565132e+02	27	555	2	498	0	57	0	50	500	500	500	0	0	0	
4.7049809767e+02	24	558	9	491	0	66	0	50	500	500	500	0	0	0	
4.7099933748e+02	23	559	5	495	0	64	0	50	500	500	500	0	0	0	
4.7149588794e+02	31	551	10	490	0	58	0	50	500	500	500	0	0	0	
4.7199493730e+02	33	552	3	497	0	52	0	50	500	500	500	0	0	0	
4.7249398486e+02	32	555	2	498	0	50	0	50	500	500	500	0	0	0	
4.7299602725e+02	32	555	11	489	0	51	0	50	500	500	500	0	0	0	
4.7349508535e+02	32	556	6	494	0	45	0	50	500	500	500	0	0	0	
4.7399847707e+02	30	557	8	492	0	52	0	50	500	500	500	0	0	0	
4.7449692958e+02	32	557	8	492	0	49	0	50	500	500	500	0	0	0	
4.7499959059e+02	35	555	6	494	0	47	0	50	500	500	500	0	0	0	
4.7549892145e+02	35	554	10	490	0	51	0	50	500	500	500	0	0	0	
4.7599991181e+02	31	560	13	487	0	51	0	50	500	500	500	0	0	0	
4.7649970703e+02	32	558	12	488	0	48	0	50	500	500	500	0	0	0	
4.7699368515e+02	32	557	5	495	0	54	0	50	500	500	500	0	0	0	
4.7749234624e+02	26	564	10	490	0	47	0	50	500	500	500	0	0	0	
4.7799808135e+02	31	558	9	491	0	48	0	50	500	500	500	0	0	0	
4.7849762715e+02	26	562	7	493	0	52	0	50	500	500	500	0	0	0	
4.7899707311e+02	21	567	9	491	0	48	0	50	500	500	500	0	0	0	
4.7949930441e+02	22	566	2	498	0	45	0	50	500	500	500	0	0	0	
4.7999655096e+02	26	563	8	492	0	42	0	50	500	500	500	0	0	0	
4.8049685948e+02	26	566	8	492	0	36	0	50	500	500	500	0	0	0	
4.8099332439e+02	25	568	4	496	0	39	0	50	500	500	500	0	0	0	
4.8149994116e+02	25	568	10	490	0	41	0	50	500	500	500	0	0	0	
4.8199377371e+02	23	570	7	493	0	44	0	50	500	500	500	0	0	0	
4.8249191218e+02	23	572	6	494	0	43	0	50	500	500	500	0	0	0	
4.8299979839e+02	26	570	5	495	0	53	0	50	500	500	500	0	0	0	
4.8349975100e+02	24	573	10	490	0	60	0	50	500	500	500	0	0	0	
4.8399783070e+02	27	570	6	494	0	55	0	50	500	500	500	0	0	0	
4.8449967021e+02	31	566	13	487	0	53	0	50	500	500	500	0	0	0	
4.8499630523e+02	29	569	10	490	0	52	0	50	500	500	500	0	0	0	
4.8549232295e+02	28	569	4	496	0	49	0	50	500	500	500	0	0	0	
4.8599741259e+02	28	569	2	498	0	49	0	50	500	500	500	0	0	0	
4.8649729097e+02	27	569	10	490	0	49	0	50	500	500	500	0	0	0	
4.8699193909e+02	22	575	6	494	0	44	0	50	500	500	500	0	0	0	
4.8749924273e+02	23	574	3	497	0	42	0	50	500	500	500	0	0	0	
4.8799935164e+02	25	571	2	498	0	47	0	50	500	500	500	0	0	0	
4.8849958684e+02	22	576	6	494	0	50	0	50	500	500	500	0	0	0	
4.8899694994e+02	24	574	6	494	0	48	0	50	500	500	500	0	0	0	
4.8949971014e+02	19	581	2	498	0	51	0	50	500	500	500	0	0	0	
4.8999847877e+02	18	586	11	489	0	46	0	50	500	500	500	0	0	0	
4.9049901227e+02	18	586	6	494	0	45	0	50	500	500	500	0	0	0	
4.9099999759e+02	17	588	9	491	0	43	0	50	500	500	500	0	0	0	
4.9148831777e+02	19	586	3	497	0	46	0	50	500	500	500	0	0	0	
4.9199279883e+02	19	588	4	496	0	48	0	50	500	500	500	0	0	0	
4.9249783934e+02	18	589	14	486	0	44	0	50	500	500	500	0	0	0	
4.9298763061e+02	20	587	4	496	0	45	0	50	500	500	500	0	0	0	
4.9349666081e+02	23	585	9	491	0	49	0	50	500	500	500	0	0	0	
4.9399552979e+02	23	589	8	492	0	45	0	50	500	500	500	0	0	0	
4.9449967425e+02	23	591	8	492	0	50	0	50	500	500	500	0	0	0	
4.9499292730e+02	26	586	8	492	0	45	0	50	500	500	500	0	0	0	
4.9549901392e+02	26	586	11	489	0	50	0	50	500	500	500	0	0	0	
4.9599461554e+02	22	588	4	496	0	49	0	50	500	500	500	0	0	0	
4.9649894508e+02	24	583	10	490	0	50	0	50	500	500	500	0	0	0	
4.9699872130e+02	23	584	15	485	0	45	0	50	500	500	500	0	0	0	
4.9749910006e+02	20	588	12	488	0	44	0	50	500	500	500	0	0	0	
4.9799444068e+02	19	589	12	488	0	45	0	50	500	500	500	0	0	0	
4.9848624713e+02	23	585	2	498	0	46	0	50	500	500	500	0	0	0	
4.9899992854e+02	27	581	12	488	0	41	0	50	500	500	500	0	0	0	
4.9949788175e+02	25	584	8	492	0	45	0	50	500	500	500	0	0	0	
4.9999736197e+02	31	577	6	494	0	36	0	50	500	500	500	0	0	0	
5.0000636065e+02	31	577	7	493	0	36	0	50	500	500	500	0	0	0	
