0.0000000000e+00	0	0	500	0	0	0	0	50	500	500	0	0	0	40	
4.9762032680e-01	0	0	472	28	0	7	0	50	500	500	0	0	0	40	
9.8541557344e-01	0	1	462	38	0	15	0	50	500	500	0	0	0	40	
1.4859296635e+00	0	4	457	43	0	26	0	50	500	500	0	0	0	40	
1.9967668818e+00	0	4	437	63	0	36	0	50	500	500	0	0	0	40	
2.4754190097e+00	0	4	431	69	0	37	0	50	500	500	0	0	0	40	
2.9944655070e+00	0	5	431	69	0	34	0	50	500	500	0	0	0	40	
3.4856104726e+00	1	5	408	92	1	43	0	50	500	500	0	0	0	40	
3.9935549894e+00	2	5	409	91	0	51	0	50	500	500	0	0	0	40	
4.4992906955e+00	2	8	406	94	1	55	0	50	500	500	0	0	0	40	
4.9998810461e+00	2	11	408	92	1	52	0	50	500	500	0	0	0	40	
5.4873350633e+00	2	14	411	89	5	45	0	50	500	500	0	0	0	40	
5.9950282212e+00	3	13	404	96	2	44	0	50	500	500	0	0	0	40	
6.4996380113e+00	3	14	393	107	1	57	0	50	500	500	0	0	0	40	
6.9871335674e+00	3	14	390	110	2	47	0	50	500	500	0	0	0	40	
7.4980936572e+00	4	14	367	133	2	45	0	50	500	500	0	0	0	40	
7.9913657624e+00	4	15	376	124	2	45	0	50	500	500	0	0	0	40	
8.4949213409e+00	6	13	390	110	3	37	0	50	500	500	0	0	0	40	
8.9991515349e+00	6	13	380	120	0	48	0	50	500	500	0	0	0	40	
9.4994335462e+00	8	12	393	107	2	47	0	50	500	500	0	0	0	40	
9.9999418302e+00	7	13	395	105	3	46	0	50	500	500	0	0	0	40	
1.0495956281e+01	7	14	391	109	1	42	0	50	500	500	0	0	0	40	
1.0995718752e+01	6	16	391	109	3	40	0	50	500	500	0	0	0	40	
1.1498995761e+01	5	18	381	119	2	37	0	50	500	500	0	0	0	40	
1.1997632811e+01	5	19	388	112	2	34	0	50	500	500	0	0	0	40	
1.2493155643e+01	6	18	377	123	3	25	0	50	500	500	0	0	0	40	
1.2997955786e+01	5	20	374	126	4	34	0	50	500	500	0	0	0	40	
1.3491984487e+01	5	20	384	116	1	37	0	50	500	500	0	0	0	40	
1.3996890490e+01	6	19	382	118	2	33	0	50	500	500	0	0	0	40	
1.4495866469e+01	5	20	389	111	2	32	0	50	500	500	0	0	0	40	
1.4997759410e+01	6	19	399	101	4	34	0	50	500	500	0	0	0	40	
1.5495581059e+01	6	19	396	104	3	30	0	50	500	500	0	0	0	40	
1.5996655533e+01	6	20	403	97	3	36	0	50	500	500	0	0	0	40	
1.6495557983e+01	6	20	405	95	3	35	0	50	500	500	0	0	0	40	
1.6998016601e+01	7	19	411	89	1	39	0	50	500	500	0	0	0	40	
1.7499224871e+01	7	19	411	89	0	41	0	50	500	500	0	0	0	40	
1.7999529612e+01	7	20	402	98	2	42	0	50	500	500	0	0	0	40	
1.8498423826e+01	7	20	393	107	1	36	0	50	500	500	0	0	0	40	
1.8999110945e+01	7	20	396	104	5	35	0	50	500	500	0	0	0	40	
1.9496250186e+01	7	21	386	114	3	46	0	50	500	500	0	0	0	40	
1.9984693318e+01	8	20	391	109	4	44	0	50	500	500	0	0	0	40	
2.0499247642e+01	9	19	388	112	2	43	0	50	500	500	0	0	0	40	
2.0995472362e+01	8	20	389	111	7	33	0	50	500	500	0	0	0	40	
2.1497248202e+01	7	21	380	120	0	38	0	50	500	500	0	0	0	40	
2.1999750059e+01	7	21	383	117	3	31	0	50	500	500	0	0	0	40	
2.2495604977e+01	8	21	376	124	1	36	0	50	500	500	0	0	0	40	
2.2997235544e+01	7	25	379	121	1	28	0	50	500	500	0	0	0	40	
2.3495477221e+01	7	26	383	117	4	24	0	50	500	500	0	0	0	40	
2.3998916951e+01	6	28	376	124	2	24	0	50	500	500	0	0	0	40	
2.4497751232e+01	7	28	364	136	2	20	0	50	500	500	0	0	0	40	
2.4997771121e+01	5	30	373	127	5	19	0	50	500	500	0	0	0	40	
2.5496822207e+01	5	32	365	135	2	20	0	50	500	500	0	0	0	40	
2.5998500651e+01	5	32	382	118	5	23	0	50	500	500	0	0	0	40	
2.6499955456e+01	6	31	380	120	3	24	0	50	500	500	0	0	0	40	
2.6997305684e+01	5	35	380	120	4	26	0	50	500	500	0	0	0	40	
2.7496177166e+01	5	35	383	117	3	24	0	50	500	500	0	0	0	40	
2.7991011093e+01	5	35	395	105	3	27	0	50	500	500	0	0	0	40	
2.8490690384e+01	5	36	389	111	4	31	0	50	500	500	0	0	0	40	
2.8998874175e+01	5	36	379	121	6	25	0	50	500	500	0	0	0	40	
2.9499445652e+01	5	37	392	108	4	26	0	50	500	500	0	0	0	40	
2.9990886205e+01	5	39	398	102	3	24	0	50	500	500	0	0	0	40	
3.0492304832e+01	5	39	399	101	6	24	0	50	500	500	0	0	0	40	
3.0997358346e+01	5	40	407	93	4	27	0	50	500	500	0	0	0	40	
3.1498190535e+01	6	41	399	101	4	24	0	50	500	500	0	0	0	40	
3.1992873661e+01	8	40	387	113	5	19	0	50	500	500	0	0	0	40	
3.2498697552e+01	6	42	395	105	4	22	0	50	500	500	0	0	0	40	
3.2997299278e+01	6	43	393	107	7	18	0	50	500	500	0	0	0	40	
3.3497244457e+01	9	40	392	108	2	22	0	50	500	500	0	0	0	40	
3.3996050787e+01	8	43	397	103	5	22	0	50	500	500	0	0	0	40	
3.4499781309e+01	7	44	405	95	4	24	0	50	500	500	0	0	0	40	
3.4995654547e+01	7	47	415	85	8	20	0	50	500	500	0	0	0	40	
3.5497472170e+01	7	48	408	92	1	23	0	50	500	500	0	0	0	40	
3.5997014892e+01	6	50	406	94	1	22	0	50	500	500	0	0	0	40	
3.6488301358e+01	6	51	405	95	2	18	0	50	500	500	0	0	0	40	
3.6994070294e+01	7	49	407	93	2	12	0	50	500	500	0	0	0	40	
3.7496505469e+01	7	50	415	85	3	18	0	50	500	500	0	0	0	40	
3.7993472920e+01	7	50	404	96	6	16	0	50	500	500	0	0	0	40	
3.8498660466e+01	7	53	400	100	8	16	0	50	500	500	0	0	0	40	
3.8995344111e+01	8	52	393	107	4	23	0	50	500	500	0	0	0	40	
3.9498545632e+01	8	52	421	79	8	24	0	50	500	500	0	0	0	40	
3.9997920355e+01	8	54	417	83	3	31	0	50	500	500	0	0	0	40	
4.0496801892e+01	7	55	422	78	6	28	0	50	500	500	0	0	0	40	
4.0994776716e+01	8	54	421	79	7	25	0	50	500	500	0	0	0	40	
4.1499316082e+01	8	54	413	87	6	27	0	50	500	500	0	0	0	40	
4.1996047521e+01	8	55	414	86	5	23	0	50	500	500	0	0	0	40	
4.2496787651e+01	8	56	410	90	5	25	0	50	500	500	0	0	0	40	
4.2992707029e+01	9	56	416	84	3	27	0	50	500	500	0	0	0	40	
4.3497457263e+01	8	57	407	93	8	24	0	50	500	500	0	0	0	40	
4.3991344301e+01	8	57	408	92	5	23	0	50	500	500	0	0	0	40	
4.4497410498e+01	8	59	412	88	2	28	0	50	500	500	0	0	0	40	
4.4997648110e+01	7	60	412	88	4	17	0	50	500	500	0	0	0	40	
4.5499964341e+01	7	60	409	91	6	27	0	50	500	500	0	0	0	40	
4.5997771932e+01	7	61	399	101	4	14	0	50	500	500	0	0	0	40	
4.6496220724e+01	7	63	385	115	8	12	0	50	500	500	0	0	0	40	
4.6999139223e+01	7	65	377	123	4	15	0	50	500	500	0	0	0	40	
4.7495045420e+01	7	65	387	113	4	13	0	50	500	500	0	0	0	40	
4.7999856426e+01	8	66	396	104	8	19	0	50	500	500	0	0	0	40	
4.8495496932e+01	8	67	396	104	3	21	0	50	500	500	0	0	0	40	
4.8999232726e+01	8	68	392	108	7	24	0	50	500	500	0	0	0	40	
4.9497644763e+01	7	70	400	100	5	27	0	50	500	500	0	0	0	40	
4.9996858624e+01	7	73	403	97	11	22	0	50	500	500	0	0	0	40	
5.0478991909e+01	8	73	406	94	10	20	0	50	500	500	0	0	0	40	
5.0998110474e+01	10	74	401	99	10	21	0	50	500	500	0	0	0	40	
5.1499616287e+01	7	78	390	110	7	25	0	50	500	500	0	0	0	40	
5.1998610519e+01	8	78	391	109	6	33	0	50	500	500	0	0	0	40	
5.2494711464e+01	8	79	386	114	7	27	0	50	500	500	0	0	0	40	
5.2999874222e+01	9	78	386	114	8	28	0	50	500	500	0	0	0	40	
5.3497844871e+01	9	79	385	115	6	23	0	50	500	500	0	0	0	40	
5.3995216354e+01	9	82	390	110	7	21	0	50	500	500	0	0	0	40	
5.4498192190e+01	9	83	382	118	6	25	0	50	500	500	0	0	0	40	
5.4991485487e+01	10	82	378	122	7	21	0	50	500	500	0	0	0	40	
5.5497158946e+01	9	84	371	129	7	16	0	50	500	500	0	0	0	40	
5.5983334890e+01	10	83	364	136	9	18	0	50	500	500	0	0	0	40	
5.6496772360e+01	10	83	370	130	10	20	0	50	500	500	0	0	0	40	
5.6999017927e+01	5	89	379	121	7	21	0	50	500	500	0	0	0	40	
5.7497480976e+01	5	90	369	131	14	10	0	50	500	500	0	0	0	40	
5.7996272660e+01	5	90	369	131	7	29	0	50	500	500	0	0	0	40	
5.8497937858e+01	7	89	375	125	12	18	0	50	500	500	0	0	0	40	
5.8998351736e+01	9	89	374	126	6	19	0	50	500	500	0	0	0	40	
5.9495975288e+01	8	92	368	132	5	17	0	50	500	500	0	0	0	40	
5.9997474248e+01	9	93	380	120	16	15	0	50	500	500	0	0	0	40	
6.0493040204e+01	10	93	393	107	8	14	0	50	500	500	0	0	0	40	
6.0994865410e+01	11	93	402	98	10	11	0	50	500	500	0	0	0	40	
6.1496670140e+01	11	93	402	98	5	12	0	50	500	500	0	0	0	40	
6.1999587637e+01	12	93	396	104	8	18	0	50	500	500	0	0	0	40	
6.2495181765e+01	13	92	396	104	6	19	0	50	500	500	0	0	0	40	
6.2989858081e+01	16	91	383	117	5	21	0	50	500	500	0	0	0	40	
6.3494852619e+01	16	91	375	125	5	21	0	50	500	500	0	0	0	40	
6.3995722028e+01	15	94	360	140	7	19	0	50	500	500	0	0	0	40	
6.4495938229e+01	13	96	360	140	9	18	0	50	500	500	0	0	0	40	
6.4999758099e+01	13	96	351	149	7	20	0	50	500	500	0	0	0	40	
6.5499728130e+01	11	100	356	144	7	13	0	50	500	500	0	0	0	40	
6.5997994990e+01	11	101	371	129	8	20	0	50	500	500	0	0	0	40	
6.6499928926e+01	11	104	370	130	6	16	0	50	500	500	0	0	0	40	
6.6998894364e+01	11	104	370	130	6	17	0	50	500	500	0	0	0	40	
6.7492855793e+01	12	104	375	125	17	9	0	50	500	500	0	0	0	40	
6.7999654673e+01	12	107	379	121	6	17	0	50	500	500	0	0	0	40	
6.8498039310e+01	12	109	388	112	9	13	0	50	500	500	0	0	0	40	
6.8999979350e+01	11	110	368	132	10	14	0	50	500	500	0	0	0	40	
6.9496010477e+01	12	109	371	129	7	16	0	50	500	500	0	0	0	40	
6.9999215718e+01	12	110	377	123	8	22	0	50	500	500	0	0	0	40	
7.0499377926e+01	11	112	376	124	11	13	0	50	500	500	0	0	0	40	
7.0999357975e+01	10	114	389	111	6	15	0	50	500	500	0	0	0	40	
7.1495528025e+01	11	114	383	117	9	22	0	50	500	500	0	0	0	40	
7.1999443356e+01	12	113	375	125	13	17	0	50	500	500	0	0	0	40	
7.2490017136e+01	10	115	371	129	11	14	0	50	500	500	0	0	0	40	
7.2995574223e+01	8	118	372	128	7	13	0	50	500	500	0	0	0	40	
7.3491381369e+01	6	120	367	133	6	15	0	50	500	500	0	0	0	40	
7.3995579456e+01	7	120	361	139	8	15	0	50	500	500	0	0	0	40	
7.4496485163e+01	8	118	367	133	10	13	0	50	500	500	0	0	0	40	
7.4998885197e+01	8	119	384	116	13	14	0	50	500	500	0	0	0	40	
7.5495936397e+01	8	119	377	123	12	12	0	50	500	500	0	0	0	40	
7.5992434998e+01	9	118	380	120	6	15	0	50	500	500	0	0	0	40	
7.6497445755e+01	9	118	386	114	9	16	0	50	500	500	0	0	0	40	
7.6993840260e+01	9	118	376	124	11	15	0	50	500	500	0	0	0	40	
7.7493663519e+01	9	119	375	125	5	15	0	50	500	500	0	0	0	40	
7.7998714055e+01	10	118	366	134	7	12	0	50	500	500	0	0	0	40	
7.8499974777e+01	10	120	369	131	9	15	0	50	500	500	0	0	0	40	
7.8999200452e+01	11	120	366	134	7	18	0	50	500	500	0	0	0	40	
7.9496553020e+01	9	123	386	114	7	14	0	50	500	500	0	0	0	40	
7.9998419955e+01	9	125	375	125	6	10	0	50	500	500	0	0	0	40	
8.0498483984e+01	8	127	381	119	11	8	0	50	500	500	0	0	0	40	
8.0993315720e+01	7	129	375	125	11	9	0	50	500	500	0	0	0	40	
8.1494841367e+01	8	130	385	115	5	21	0	50	500	500	0	0	0	40	
8.1999987614e+01	10	128	384	116	10	19	0	50	500	500	0	0	0	40	
8.2499405232e+01	10	129	390	110	5	23	0	50	500	500	0	0	0	40	
8.2994698130e+01	9	131	385	115	6	19	0	50	500	500	0	0	0	40	
8.3494948693e+01	9	132	392	108	16	14	0	50	500	500	0	0	0	40	
8.3999462466e+01	8	137	367	133	11	6	0	50	500	500	0	0	0	40	
8.4498267712e+01	9	137	374	126	9	14	0	50	500	500	0	0	0	40	
8.4996416437e+01	10	136	387	113	14	13	0	50	500	500	0	0	0	40	
8.5497619668e+01	8	140	377	123	13	12	0	50	500	500	0	0	0	40	
8.5999318539e+01	10	139	380	120	8	15	0	50	500	500	0	0	0	40	
8.6498881152e+01	11	138	394	106	6	10	0	50	500	500	0	0	0	40	
8.6992509530e+01	9	141	390	110	10	6	0	50	500	500	0	0	0	40	
8.7499287311e+01	9	140	386	114	3	15	0	50	500	500	0	0	0	40	
8.7994417089e+01	10	140	392	108	8	12	0	50	500	500	0	0	0	40	
8.8494764449e+01	10	142	393	107	11	10	0	50	500	500	0	0	0	40	
8.8995668922e+01	11	140	401	99	6	11	0	50	500	500	0	0	0	40	
8.9498704240e+01	10	141	391	109	8	13	0	50	500	500	0	0	0	40	
8.9998587723e+01	12	140	377	123	13	12	0	50	500	500	0	0	0	40	
9.0497877170e+01	11	142	370	130	10	7	0	50	500	500	0	0	0	40	
9.0994723095e+01	11	143	372	128	13	12	0	50	500	500	0	0	0	40	
9.1495083082e+01	14	141	366	134	6	17	0	50	500	500	0	0	0	40	
9.1999645151e+01	16	140	360	140	10	17	0	50	500	500	0	0	0	40	
9.2499966136e+01	17	140	367	133	13	20	0	50	500	500	0	0	0	40	
9.2999918392e+01	20	138	363	137	11	21	0	50	500	500	0	0	0	40	
9.3496169120e+01	18	141	365	135	13	19	0	50	500	500	0	0	0	40	
9.3994427426e+01	16	145	372	128	10	26	0	50	500	500	0	0	0	40	
9.4499138030e+01	16	145	374	126	14	12	0	50	500	500	0	0	0	40	
9.4999238441e+01	15	147	373	127	12	12	0	50	500	500	0	0	0	40	
9.5499816369e+01	14	149	361	139	18	10	0	50	500	500	0	0	0	40	
9.5997972805e+01	12	151	389	111	6	17	0	50	500	500	0	0	0	40	
9.6498000700e+01	12	151	386	114	10	9	0	50	500	500	0	0	0	40	
9.6995198535e+01	14	149	395	105	6	11	0	50	500	500	0	0	0	40	
9.7497244361e+01	13	150	392	108	9	11	0	50	500	500	0	0	0	40	
9.7997108752e+01	11	152	388	112	4	13	0	50	500	500	0	0	0	40	
9.8499797720e+01	11	154	370	130	11	10	0	50	500	500	0	0	0	40	
9.8997338659e+01	10	155	380	120	7	16	0	50	500	500	0	0	0	40	
9.9498223991e+01	10	157	381	119	7	13	0	50	500	500	0	0	0	40	
9.9990058981e+01	9	160	384	116	6	7	0	50	500	500	0	0	0	40	
1.0049963439e+02	9	160	384	116	9	10	0	50	500	500	0	0	0	40	
1.0099429152e+02	9	161	399	101	7	16	0	50	500	500	0	0	0	40	
1.0149799342e+02	8	163	391	109	13	8	0	50	500	500	0	0	0	40	
1.0199999427e+02	7	167	398	102	13	11	0	50	500	500	0	0	0	40	
1.0249532986e+02	7	169	409	91	11	10	0	50	500	500	0	0	0	40	
1.0299852749e+02	6	174	411	89	6	7	0	50	500	500	0	0	0	40	
1.0349912254e+02	7	173	406	94	7	6	0	50	500	500	0	0	0	40	
1.0399896981e+02	8	173	398	102	8	8	0	50	500	500	0	0	0	40	
1.0448635555e+02	6	176	406	94	6	9	0	50	500	500	0	0	0	40	
1.0499739345e+02	6	178	395	105	7	9	0	50	500	500	0	0	0	40	
1.0549258001e+02	6	178	374	126	10	8	0	50	500	500	0	0	0	40	
1.0599886810e+02	6	178	368	132	11	11	0	50	500	500	0	0	0	40	
1.0649719477e+02	6	178	379	121	14	13	0	50	500	500	0	0	0	40	
1.0699939360e+02	6	178	386	114	14	15	0	50	500	500	0	0	0	40	
1.0749828254e+02	7	179	401	99	12	16	0	50	500	500	0	0	0	40	
1.0799970145e+02	8	182	400	100	7	16	0	50	500	500	0	0	0	40	
1.0849464951e+02	8	183	391	109	10	12	0	50	500	500	0	0	0	40	
1.0899819480e+02	9	182	386	114	14	12	0	50	500	500	0	0	0	40	
1.0949911783e+02	9	183	388	112	7	14	0	50	500	500	0	0	0	40	
1.0999844128e+02	9	182	390	110	8	10	0	50	500	500	0	0	0	40	
1.1049690686e+02	9	186	400	100	11	11	0	50	500	500	0	0	0	40	
1.1099410832e+02	9	185	391	109	16	6	0	50	500	500	0	0	0	40	
1.1149943190e+02	9	186	392	108	14	6	0	50	500	500	0	0	0	40	
1.1199767304e+02	8	187	402	98	12	8	0	50	500	500	0	0	0	40	
1.1249383297e+02	8	187	410	90	6	7	0	50	500	500	0	0	0	40	
1.1299991969e+02	10	186	414	86	7	13	0	50	500	500	0	0	0	40	
1.1349180055e+02	12	183	405	95	14	10	0	50	500	500	0	0	0	40	
1.1399965826e+02	11	184	402	98	10	9	0	50	500	500	0	0	0	40	
1.1448535618e+02	11	185	397	103	5	8	0	50	500	500	0	0	0	40	
1.1499721345e+02	11	186	407	93	7	3	0	50	500	500	0	0	0	40	
1.1549963965e+02	12	184	398	102	9	6	0	50	500	500	0	0	0	40	
1.1599255624e+02	12	184	388	112	9	3	0	50	500	500	0	0	0	40	
1.1649897990e+02	12	184	405	95	6	9	0	50	500	500	0	0	0	40	
1.1699356700e+02	12	185	394	106	6	13	0	50	500	500	0	0	0	40	
1.1749752023e+02	11	189	393	107	5	8	0	50	500	500	0	0	0	40	
1.1799956190e+02	12	189	397	103	5	10	0	50	500	500	0	0	0	40	
1.1849831184e+02	11	189	393	107	9	11	0	50	500	500	0	0	0	40	
1.1899352063e+02	11	191	397	103	7	11	0	50	500	500	0	0	0	40	
1.1949537096e+02	11	193	396	104	10	12	0	50	500	500	0	0	0	40	
1.1999726891e+02	11	194	387	113	11	13	0	50	500	500	0	0	0	40	
1.2049587392e+02	11	195	402	98	10	10	0	50	500	500	0	0	0	40	
1.2099854855e+02	11	196	407	93	8	13	0	50	500	500	0	0	0	40	
1.2149000618e+02	10	198	404	96	6	11	0	50	500	500	0	0	0	40	
1.2199413723e+02	10	198	409	91	8	6	0	50	500	500	0	0	0	40	
1.2249942995e+02	10	197	395	105	8	14	0	50	500	500	0	0	0	40	
1.2298942104e+02	11	197	406	94	13	7	0	50	500	500	0	0	0	40	
1.2349878159e+02	11	198	398	102	6	12	0	50	500	500	0	0	0	40	
1.2399448468e+02	11	198	387	113	7	13	0	50	500	500	0	0	0	40	
1.2449847683e+02	11	198	395	105	16	7	0	50	500	500	0	0	0	40	
1.2499744836e+02	11	198	398	102	8	11	0	50	500	500	0	0	0	40	
1.2549742396e+02	11	198	395	105	10	16	0	50	500	500	0	0	0	40	
1.2599933096e+02	10	202	394	106	15	8	0	50	500	500	0	0	0	40	
1.2649957089e+02	8	205	400	100	13	14	0	50	500	500	0	0	0	40	
1.2699946728e+02	8	208	397	103	9	10	0	50	500	500	0	0	0	40	
1.2749945988e+02	7	210	392	108	12	6	0	50	500	500	0	0	0	40	
1.2799612994e+02	8	208	393	107	10	7	0	50	500	500	0	0	0	40	
1.2849678604e+02	9	207	402	98	11	11	0	50	500	500	0	0	0	40	
1.2899613702e+02	10	208	400	100	8	7	0	50	500	500	0	0	0	40	
1.2949822592e+02	10	210	400	100	7	11	0	50	500	500	0	0	0	40	
1.2999659062e+02	12	209	400	100	7	11	0	50	500	500	0	0	0	40	
1.3049210075e+02	13	208	413	87	7	4	0	50	500	500	0	0	0	40	
1.3099883139e+02	11	210	413	87	12	5	0	50	500	500	0	0	0	40	
1.3149807727e+02	11	210	418	82	5	11	0	50	500	500	0	0	0	40	
1.3199878343e+02	11	209	415	85	9	7	0	50	500	500	0	0	0	40	
1.3249874848e+02	13	206	417	83	4	8	0	50	500	500	0	0	0	40	
1.3299594228e+02	12	209	403	97	5	5	0	50	500	500	0	0	0	40	
1.3347877485e+02	11	210	402	98	7	8	0	50	500	500	0	0	0	40	
1.3399951799e+02	11	209	396	104	6	10	0	50	500	500	0	0	0	40	
1.3449711953e+02	10	210	394	106	9	12	0	50	500	500	0	0	0	40	
1.3499961374e+02	10	211	405	95	13	8	0	50	500	500	0	0	0	40	
1.3549930998e+02	10	211	394	106	13	9	0	50	500	500	0	0	0	40	
1.3599783976e+02	11	210	393	107	10	9	0	50	500	500	0	0	0	40	
1.3649831546e+02	11	210	390	110	11	13	0	50	500	500	0	0	0	40	
1.3699516372e+02	13	208	379	121	15	12	0	50	500	500	0	0	0	40	
1.3749881982e+02	12	209	385	115	11	10	0	50	500	500	0	0	0	40	
1.3799766277e+02	14	207	385	115	9	10	0	50	500	500	0	0	0	40	
1.3849189146e+02	13	210	390	110	8	6	0	50	500	500	0	0	0	40	
1.3899864310e+02	12	213	391	109	6	7	0	50	500	500	0	0	0	40	
1.3949217455e+02	12	215	382	118	7	5	0	50	500	500	0	0	0	40	
1.3999565859e+02	11	217	392	108	3	12	0	50	500	500	0	0	0	40	
1.4049980342e+02	9	219	397	103	8	9	0	50	500	500	0	0	0	40	
1.4098302598e+02	8	219	384	116	12	7	0	50	500	500	0	0	0	40	
1.4149913652e+02	7	220	373	127	8	6	0	50	500	500	0	0	0	40	
1.4198923932e+02	7	219	376	124	10	4	0	50	500	500	0	0	0	40	
1.4249457542e+02	8	219	362	138	9	6	0	50	500	500	0	0	0	40	
1.4299959227e+02	7	221	354	146	6	8	0	50	500	500	0	0	0	40	
1.4349686963e+02	7	221	354	146	5	7	0	50	500	500	0	0	0	40	
1.4399809883e+02	8	220	349	151	6	14	0	50	500	500	0	0	0	40	
1.4449435266e+02	10	221	349	151	11	10	0	50	500	500	0	0	0	40	
1.4499903975e+02	10	221	352	148	8	5	0	50	500	500	0	0	0	40	
1.4549269128e+02	9	223	354	146	14	9	0	50	500	500	0	0	0	40	
1.4599803290e+02	9	226	364	136	14	4	0	50	500	500	0	0	0	40	
1.4649791166e+02	10	225	352	148	12	9	0	50	500	500	0	0	0	40	
1.4699149467e+02	10	225	352	148	7	4	0	50	500	500	0	0	0	40	
1.4749925250e+02	10	226	369	131	5	3	0	50	500	500	0	0	0	40	
1.4798532413e+02	10	226	340	160	6	4	0	50	500	500	0	0	0	40	
1.4849952094e+02	10	229	340	160	12	2	0	50	500	500	0	0	0	40	
1.4899617821e+02	10	230	363	137	11	9	0	50	500	500	0	0	0	40	
1.4949605153e+02	11	230	365	135	12	6	0	50	500	500	0	0	0	40	
1.4999563142e+02	10	230	377	123	18	8	0	50	500	500	0	0	0	40	
1.5048079299e+02	9	233	369	131	12	11	0	50	500	500	0	0	0	40	
1.5099819909e+02	9	234	373	127	13	8	0	50	500	500	0	0	0	40	
1.5149594344e+02	9	235	384	116	11	9	0	50	500	500	0	0	0	40	
1.5199405083e+02	11	233	389	111	14	5	0	50	500	500	0	0	0	40	
1.5249174697e+02	11	234	394	106	7	9	0	50	500	500	0	0	0	40	
1.5299472264e+02	10	238	391	109	9	11	0	50	500	500	0	0	0	40	
1.5349845553e+02	11	238	395	105	15	4	0	50	500	500	0	0	0	40	
1.5399677711e+02	11	238	390	110	16	1	0	50	500	500	0	0	0	40	
1.5449778857e+02	11	238	391	109	6	9	0	50	500	500	0	0	0	40	
1.5499920289e+02	11	237	392	108	7	8	0	50	500	500	0	0	0	40	
1.5549989240e+02	11	236	389	111	11	10	0	50	500	500	0	0	0	40	
1.5599898001e+02	12	235	385	115	16	4	0	50	500	500	0	0	0	40	
1.5649609721e+02	13	233	403	97	14	6	0	50	500	500	0	0	0	40	
1.5699898798e+02	14	233	401	99	12	8	0	50	500	500	0	0	0	40	
1.5749986654e+02	14	233	403	97	11	12	0	50	500	500	0	0	0	40	
1.5799798780e+02	15	233	403	97	14	15	0	50	500	500	0	0	0	40	
1.5849937002e+02	16	233	406	94	12	14	0	50	500	500	0	0	0	40	
1.5899570868e+02	16	233	394	106	11	8	0	50	500	500	0	0	0	40	
1.5949973210e+02	18	233	381	119	15	3	0	50	500	500	0	0	0	40	
1.5999764147e+02	19	232	387	113	9	7	0	50	500	500	0	0	0	40	
1.6049704525e+02	20	232	381	119	16	7	0	50	500	500	0	0	0	40	
1.6099826599e+02	25	227	389	111	17	7	0	50	500	500	0	0	0	40	
1.6149807726e+02	24	229	413	87	9	12	0	50	500	500	0	0	0	40	
1.6199621596e+02	25	229	407	93	9	10	0	50	500	500	0	0	0	40	
1.6249792423e+02	23	231	404	96	7	12	0	50	500	500	0	0	0	40	
1.6299717525e+02	23	233	404	96	6	6	0	50	500	500	0	0	0	40	
1.6349538847e+02	22	234	400	100	7	2	0	50	500	500	0	0	0	40	
1.6399310955e+02	20	235	386	114	7	6	0	50	500	500	0	0	0	40	
1.6449964046e+02	18	237	375	125	9	12	0	50	500	500	0	0	0	40	
1.6499843681e+02	18	238	378	122	13	4	0	50	500	500	0	0	0	40	
1.6549996237e+02	19	238	381	119	20	9	0	50	500	500	0	0	0	40	
1.6599925228e+02	16	241	388	112	12	13	0	50	500	500	0	0	0	40	
1.6649989525e+02	14	244	381	119	19	8	0	50	500	500	0	0	0	40	
1.6699940061e+02	15	246	388	112	19	12	0	50	500	500	0	0	0	40	
1.6749845210e+02	15	247	391	109	14	7	0	50	500	500	0	0	0	40	
1.6799783736e+02	15	247	382	118	12	9	0	50	500	500	0	0	0	40	
1.6849101540e+02	15	244	386	114	6	8	0	50	500	500	0	0	0	40	
1.6898973688e+02	14	247	400	100	8	4	0	50	500	500	0	0	0	40	
1.6949961765e+02	14	247	400	100	10	3	0	50	500	500	0	0	0	40	
1.6999957885e+02	14	247	396	104	8	8	0	50	500	500	0	0	0	40	
1.7049579483e+02	14	248	397	103	7	7	0	50	500	500	0	0	0	40	
1.7099858476e+02	15	247	407	93	13	7	0	50	500	500	0	0	0	40	
1.7149394907e+02	16	247	407	93	15	6	0	50	500	500	0	0	0	40	
1.7199008516e+02	17	247	397	103	7	7	0	50	500	500	0	0	0	40	
1.7249934101e+02	18	246	386	114	7	6	0	50	500	500	0	0	0	40	
1.7298845091e+02	18	246	384	116	15	8	0	50	500	500	0	0	0	40	
1.7349034489e+02	18	246	378	122	8	11	0	50	500	500	0	0	0	40	
1.7399988949e+02	18	245	381	119	11	6	0	50	500	500	0	0	0	40	
1.7449681153e+02	16	248	358	142	11	4	0	50	500	500	0	0	0	40	
1.7499932148e+02	16	248	369	131	7	12	0	50	500	500	0	0	0	40	
1.7549605836e+02	17	247	370	130	14	8	0	50	500	500	0	0	0	40	
1.7599759372e+02	18	246	374	126	12	6	0	50	500	500	0	0	0	40	
1.7649564861e+02	18	245	372	128	14	3	0	50	500	500	0	0	0	40	
1.7699757473e+02	18	246	376	124	8	10	0	50	500	500	0	0	0	40	
1.7749878553e+02	17	246	375	125	13	6	0	50	500	500	0	0	0	40	
1.7799533634e+02	17	247	366	134	10	6	0	50	500	500	0	0	0	40	
1.7848971986e+02	16	251	360	140	7	10	0	50	500	500	0	0	0	40	
1.7898882884e+02	14	254	352	148	7	4	0	50	500	500	0	0	0	40	
1.7949718115e+02	13	254	344	156	9	9	0	50	500	500	0	0	0	40	
1.7999842431e+02	11	255	353	147	14	9	0	50	500	500	0	0	0	40	
1.8049867340e+02	11	257	354	146	15	4	0	50	500	500	0	0	0	40	
1.8099291191e+02	11	257	352	148	12	9	0	50	500	500	0	0	0	40	
1.8149988148e+02	12	256	361	139	13	11	0	50	500	500	0	0	0	40	
1.8199489008e+02	11	258	362	138	10	11	0	50	500	500	0	0	0	40	
1.8249802879e+02	11	256	362	138	15	6	0	50	500	500	0	0	0	40	
1.8298176531e+02	11	256	359	141	4	8	0	50	500	500	0	0	0	40	
1.8349903186e+02	12	255	362	138	8	12	0	50	500	500	0	0	0	40	
1.8399458033e+02	12	256	376	124	8	15	0	50	500	500	0	0	0	40	
1.8449558873e+02	12	258	380	120	11	9	0	50	500	500	0	0	0	40	
1.8499530637e+02	11	260	386	114	9	6	0	50	500	500	0	0	0	40	
1.8549915399e+02	12	262	383	117	10	5	0	50	500	500	0	0	0	40	
1.8599196094e+02	11	263	379	121	8	3	0	50	500	500	0	0	0	40	
1.8649935333e+02	13	264	371	129	8	6	0	50	500	500	0	0	0	40	
1.8699214012e+02	14	262	369	131	8	10	0	50	500	500	0	0	0	40	
1.8749938065e+02	15	261	386	114	8	4	0	50	500	500	0	0	0	40	
1.8799671170e+02	15	259	387	113	8	8	0	50	500	500	0	0	0	40	
1.8849084992e+02	16	256	388	112	10	10	0	50	500	500	0	0	0	40	
1.8899770134e+02	17	258	391	109	13	3	0	50	500	500	0	0	0	40	
1.8949944707e+02	17	261	374	126	9	10	0	50	500	500	0	0	0	40	
1.8999987221e+02	21	259	371	129	11	8	0	50	500	500	0	0	0	40	
1.9049654119e+02	20	260	377	123	7	11	0	50	500	500	0	0	0	40	
1.9099681824e+02	20	261	372	128	9	10	0	50	500	500	0	0	0	40	
1.9149334425e+02	21	262	381	119	10	8	0	50	500	500	0	0	0	40	
1.9199684848e+02	21	262	384	116	12	7	0	50	500	500	0	0	0	40	
1.9249406026e+02	23	261	381	119	7	8	0	50	500	500	0	0	0	40	
1.9299568008e+02	22	262	384	116	4	7	0	50	500	500	0	0	0	40	
1.9349399584e+02	22	263	380	120	10	9	0	50	500	500	0	0	0	40	
1.9399787881e+02	21	267	392	108	10	2	0	50	500	500	0	0	0	40	
1.9449994273e+02	22	267	393	107	11	5	0	50	500	500	0	0	0	40	
1.9499371896e+02	21	269	386	114	7	9	0	50	500	500	0	0	0	40	
1.9549443222e+02	21	270	392	108	11	9	0	50	500	500	0	0	0	40	
1.9599992657e+02	19	273	382	118	7	10	0	50	500	500	0	0	0	40	
1.9649985308e+02	18	274	377	123	12	7	0	50	500	500	0	0	0	40	
1.9699933356e+02	17	276	388	112	11	5	0	50	500	500	0	0	0	40	
1.9749805297e+02	17	279	386	114	12	7	0	50	500	500	0	0	0	40	
1.9799921169e+02	17	281	382	118	13	7	0	50	500	500	0	0	0	40	
1.9849330859e+02	17	283	382	118	9	6	0	50	500	500	0	0	0	40	
1.9899988019e+02	16	285	394	106	11	11	0	50	500	500	0	0	0	40	
1.9949897361e+02	14	288	393	107	8	9	0	50	500	500	0	0	0	40	
1.9998809844e+02	13	289	381	119	12	4	0	50	500	500	0	0	0	40	
2.0048487962e+02	9	292	371	129	10	4	0	50	500	500	0	0	0	40	
2.0099739380e+02	10	291	371	129	8	4	0	50	500	500	0	0	0	40	
2.0148760770e+02	9	294	367	133	13	8	0	50	500	500	0	0	0	40	
2.0199448675e+02	9	294	361	139	9	11	0	50	500	500	0	0	0	40	
2.0249237491e+02	9	292	372	128	16	7	0	50	500	500	0	0	0	40	
2.0299419401e+02	10	292	380	120	14	6	0	50	500	500	0	0	0	40	
2.0349692267e+02	10	293	398	102	13	11	0	50	500	500	0	0	0	40	
2.0399999380e+02	10	292	399	101	13	5	0	50	500	500	0	0	0	40	
2.0449725933e+02	11	293	393	107	8	3	0	50	500	500	0	0	0	40	
2.0499391173e+02	10	294	396	104	8	1	0	50	500	500	0	0	0	40	
2.0549479608e+02	9	296	393	107	4	4	0	50	500	500	0	0	0	40	
2.0599987862e+02	9	296	380	120	8	1	0	50	500	500	0	0	0	40	
2.0649693650e+02	9	297	379	121	6	10	0	50	500	500	0	0	0	40	
2.0699514187e+02	9	299	379	121	9	12	0	50	500	500	0	0	0	40	
2.0748923330e+02	8	302	371	129	12	15	0	50	500	500	0	0	0	40	
2.0799884261e+02	9	303	379	121	10	9	0	50	500	500	0	0	0	40	
2.0849935035e+02	9	302	379	121	13	3	0	50	500	500	0	0	0	40	
2.0899602038e+02	7	306	371	129	14	4	0	50	500	500	0	0	0	40	
2.0949218420e+02	8	305	378	122	12	6	0	50	500	500	0	0	0	40	
2.0999845256e+02	8	308	386	114	13	6	0	50	500	500	0	0	0	40	
2.1049939966e+02	9	306	391	109	14	9	0	50	500	500	0	0	0	40	
2.1099951761e+02	8	307	387	113	10	5	0	50	500	500	0	0	0	40	
2.1149971062e+02	7	308	382	118	9	9	0	50	500	500	0	0	0	40	
2.1199715477e+02	7	309	376	124	9	5	0	50	500	500	0	0	0	40	
2.1249972984e+02	7	310	386	114	11	3	0	50	500	500	0	0	0	40	
2.1299986493e+02	7	312	406	94	10	8	0	50	500	500	0	0	0	40	
2.1349695787e+02	8	312	395	105	15	4	0	50	500	500	0	0	0	40	
2.1399571927e+02	6	314	402	98	10	6	0	50	500	500	0	0	0	40	
2.1449702104e+02	6	314	398	102	13	10	0	50	500	500	0	0	0	40	
2.1499556883e+02	6	314	382	118	9	7	0	50	500	500	0	0	0	40	
2.1549894772e+02	6	315	380	120	11	1	0	50	500	500	0	0	0	40	
2.1599855313e+02	8	317	385	115	7	8	0	50	500	500	0	0	0	40	
2.1649940825e+02	7	319	384	116	3	8	0	50	500	500	0	0	0	40	
2.1699616370e+02	7	317	380	120	11	7	0	50	500	500	0	0	0	40	
2.1749172723e+02	6	320	383	117	12	8	0	50	500	500	0	0	0	40	
2.1799911732e+02	7	321	373	127	8	0	0	50	500	500	0	0	0	40	
2.1849953559e+02	5	323	370	130	10	3	0	50	500	500	0	0	0	40	
2.1899818523e+02	5	327	370	130	6	7	0	50	500	500	0	0	0	40	
2.1949957087e+02	5	328	368	132	6	8	0	50	500	500	0	0	0	40	
2.1999847485e+02	6	328	371	129	10	3	0	50	500	500	0	0	0	40	
2.2049868517e+02	7	330	362	138	10	7	0	50	500	500	0	0	0	40	
2.2098710509e+02	8	328	362	138	10	6	0	50	500	500	0	0	0	40	
2.2149661037e+02	9	326	358	142	8	7	0	50	500	500	0	0	0	40	
2.2199646885e+02	10	325	351	149	9	8	0	50	500	500	0	0	0	40	
2.2249999763e+02	10	328	361	139	3	4	0	50	500	500	0	0	0	40	
2.2299739808e+02	11	328	365	135	10	6	0	50	500	500	0	0	0	40	
2.2349576781e+02	10	332	366	134	10	9	0	50	500	500	0	0	0	40	
2.2399824063e+02	10	333	368	132	9	9	0	50	500	500	0	0	0	40	
2.2449987502e+02	10	333	381	119	13	6	0	50	500	500	0	0	0	40	
2.2499887411e+02	10	333	375	125	10	5	0	50	500	500	0	0	0	40	
2.2549701098e+02	11	333	375	125	12	4	0	50	500	500	0	0	0	40	
2.2599891897e+02	10	334	367	133	15	6	0	50	500	500	0	0	0	40	
2.2649627059e+02	9	336	381	119	11	5	0	50	500	500	0	0	0	40	
2.2699787177e+02	9	336	371	129	8	7	0	50	500	500	0	0	0	40	
2.2749926154e+02	7	338	360	140	14	10	0	50	500	500	0	0	0	40	
2.2799755037e+02	7	339	353	147	12	7	0	50	500	500	0	0	0	40	
2.2849893878e+02	7	339	339	161	12	6	0	50	500	500	0	0	0	40	
2.2899814574e+02	7	340	340	160	8	6	0	50	500	500	0	0	0	40	
2.2949848241e+02	7	340	355	145	14	3	0	50	500	500	0	0	0	40	
2.2999624040e+02	7	340	365	135	7	6	0	50	500	500	0	0	0	40	
2.3049348456e+02	7	343	390	110	8	12	0	50	500	500	0	0	0	40	
2.3098509517e+02	7	347	382	118	14	5	0	50	500	500	0	0	0	40	
2.3149481811e+02	5	349	394	106	15	7	0	50	500	500	0	0	0	40	
2.3199436514e+02	6	348	403	97	13	3	0	50	500	500	0	0	0	40	
2.3249976154e+02	7	348	398	102	9	2	0	50	500	500	0	0	0	40	
2.3298837582e+02	7	349	403	97	11	4	0	50	500	500	0	0	0	40	
2.3349734462e+02	7	349	394	106	10	9	0	50	500	500	0	0	0	40	
2.3399688113e+02	7	349	388	112	16	9	0	50	500	500	0	0	0	40	
2.3449571794e+02	7	350	384	116	17	7	0	50	500	500	0	0	0	40	
2.3499888499e+02	8	348	369	131	13	7	0	50	500	500	0	0	0	40	
2.3549474525e+02	9	348	368	132	12	5	0	50	500	500	0	0	0	40	
2.3599728331e+02	9	348	365	135	6	3	0	50	500	500	0	0	0	40	
2.3649788079e+02	10	348	361	139	6	4	0	50	500	500	0	0	0	40	
2.3699861839e+02	9	348	360	140	9	4	0	50	500	500	0	0	0	40	
2.3749911786e+02	7	350	362	138	11	3	0	50	500	500	0	0	0	40	
2.3799603402e+02	7	350	352	148	7	12	0	50	500	500	0	0	0	40	
2.3848882083e+02	6	351	350	150	16	4	0	50	500	500	0	0	0	40	
2.3899407339e+02	7	350	349	151	13	3	0	50	500	500	0	0	0	40	
2.3949953215e+02	7	353	341	159	8	8	0	50	500	500	0	0	0	40	
2.3999217098e+02	8	353	351	149	17	4	0	50	500	500	0	0	0	40	
2.4049677035e+02	8	353	340	160	12	6	0	50	500	500	0	0	0	40	
2.4099765349e+02	7	354	347	153	8	1	0	50	500	500	0	0	0	40	
2.4149709613e+02	9	352	365	135	14	3	0	50	500	500	0	0	0	40	
2.4199897355e+02	8	353	357	143	8	7	0	50	500	500	0	0	0	40	
2.4249868450e+02	9	353	359	141	14	5	0	50	500	500	0	0	0	40	
2.4299859532e+02	9	353	357	143	11	8	0	50	500	500	0	0	0	40	
2.4349897008e+02	9	353	372	128	16	7	0	50	500	500	0	0	0	40	
2.4399790043e+02	9	353	364	136	15	4	0	50	500	500	0	0	0	40	
2.4449826445e+02	12	354	368	132	11	5	0	50	500	500	0	0	0	40	
2.4499956096e+02	12	355	376	124	10	9	0	50	500	500	0	0	0	40	
2.4549990575e+02	12	353	372	128	9	11	0	50	500	500	0	0	0	40	
2.4599773833e+02	12	353	367	133	20	8	0	50	500	500	0	0	0	40	
2.4649958669e+02	12	355	354	146	17	6	0	50	500	500	0	0	0	40	
2.4699693923e+02	11	356	352	148	5	11	0	50	500	500	0	0	0	40	
2.4749566009e+02	11	357	365	135	15	2	0	50	500	500	0	0	0	40	
2.4799467292e+02	11	356	363	137	8	10	0	50	500	500	0	0	0	40	
2.4849089972e+02	9	358	370	130	10	6	0	50	500	500	0	0	0	40	
2.4899841006e+02	9	360	373	127	13	6	0	50	500	500	0	0	0	40	
2.4949836133e+02	9	360	372	128	18	2	0	50	500	500	0	0	0	40	
2.4999678710e+02	10	361	379	121	9	3	0	50	500	500	0	0	0	40	
2.5049944503e+02	10	361	382	118	12	6	0	50	500	500	0	0	0	40	
2.5099978595e+02	10	362	387	113	10	7	0	50	500	500	0	0	0	40	
2.5149403529e+02	10	364	380	120	16	7	0	50	500	500	0	0	0	40	
2.5199548906e+02	11	362	375	125	17	7	0	50	500	500	0	0	0	40	
2.5249827344e+02	12	363	359	141	13	10	0	50	500	500	0	0	0	40	
2.5299982845e+02	12	363	361	139	20	9	0	50	500	500	0	0	0	40	
2.5349947895e+02	12	361	365	135	14	3	0	50	500	500	0	0	0	40	
2.5399883694e+02	12	363	356	144	10	4	0	50	500	500	0	0	0	40	
2.5449713320e+02	12	365	352	148	7	5	0	50	500	500	0	0	0	40	
2.5499947076e+02	11	368	356	144	12	5	0	50	500	500	0	0	0	40	
2.5549025203e+02	13	369	354	146	12	5	0	50	500	500	0	0	0	40	
2.5599812729e+02	13	369	353	147	6	4	0	50	500	500	0	0	0	40	
2.5649451855e+02	15	366	341	159	8	4	0	50	500	500	0	0	0	40	
2.5699915734e+02	13	370	330	170	16	4	0	50	500	500	0	0	0	40	
2.5749343944e+02	12	370	329	171	11	4	0	50	500	500	0	0	0	40	
2.5799959580e+02	12	371	329	171	12	5	0	50	500	500	0	0	0	40	
2.5849644924e+02	12	370	328	172	13	4	0	50	500	500	0	0	0	40	
2.5899489534e+02	11	372	329	171	8	7	0	50	500	500	0	0	0	40	
2.5949911448e+02	11	372	327	173	10	7	0	50	500	500	0	0	0	40	
2.5999184599e+02	9	374	330	170	10	4	0	50	500	500	0	0	0	40	
2.6049991283e+02	9	374	330	170	12	3	0	50	500	500	0	0	0	40	
2.6099759314e+02	9	375	337	163	13	7	0	50	500	500	0	0	0	40	
2.6149801435e+02	8	375	360	140	10	3	0	50	500	500	0	0	0	40	
2.6199739445e+02	9	374	357	143	7	3	0	50	500	500	0	0	0	40	
2.6249396127e+02	9	375	352	148	10	3	0	50	500	500	0	0	0	40	
2.6299902401e+02	10	373	366	134	9	3	0	50	500	500	0	0	0	40	
2.6349338896e+02	11	372	362	138	13	5	0	50	500	500	0	0	0	40	
2.6399774695e+02	11	371	379	121	14	4	0	50	500	500	0	0	0	40	
2.6449905750e+02	11	371	366	134	12	9	0	50	500	500	0	0	0	40	
2.6499678590e+02	13	369	360	140	10	11	0	50	500	500	0	0	0	40	
2.6549485528e+02	13	372	354	146	16	5	0	50	500	500	0	0	0	40	
2.6599757441e+02	11	374	357	143	12	5	0	50	500	500	0	0	0	40	
2.6649895279e+02	10	376	343	157	13	2	0	50	500	500	0	0	0	40	
2.6699454908e+02	10	379	359	141	15	3	0	50	500	500	0	0	0	40	
2.6749679806e+02	10	381	351	149	13	7	0	50	500	500	0	0	0	40	
2.6799554992e+02	9	383	346	154	12	7	0	50	500	500	0	0	0	40	
2.6849988862e+02	10	381	355	145	12	3	0	50	500	500	0	0	0	40	
2.6899950928e+02	11	381	367	133	14	7	0	50	500	500	0	0	0	40	
2.6949680623e+02	12	381	361	139	13	0	0	50	500	500	0	0	0	40	
2.6999992383e+02	13	381	369	131	10	7	0	50	500	500	0	0	0	40	
2.7049964692e+02	12	383	354	146	7	8	0	50	500	500	0	0	0	40	
2.7099447438e+02	11	384	360	140	10	4	0	50	500	500	0	0	0	40	
2.7148801882e+02	11	386	363	137	11	4	0	50	500	500	0	0	0	40	
2.7199781183e+02	13	385	366	134	15	3	0	50	500	500	0	0	0	40	
2.7249946490e+02	13	387	372	128	13	8	0	50	500	500	0	0	0	40	
2.7299810000e+02	11	389	368	132	13	3	0	50	500	500	0	0	0	40	
2.7349970330e+02	10	392	370	130	11	6	0	50	500	500	0	0	0	40	
2.7399602722e+02	11	392	379	121	9	4	0	50	500	500	0	0	0	40	
2.7449821336e+02	11	392	375	125	11	5	0	50	500	500	0	0	0	40	
2.7499411295e+02	10	393	373	127	7	6	0	50	500	500	0	0	0	40	
2.7549714449e+02	10	393	370	130	8	6	0	50	500	500	0	0	0	40	
2.7599209092e+02	10	394	365	135	13	2	0	50	500	500	0	0	0	40	
2.7649339988e+02	10	395	355	145	14	4	0	50	500	500	0	0	0	40	
2.7699581966e+02	10	395	342	158	8	5	0	50	500	500	0	0	0	40	
2.7749842467e+02	11	394	356	144	9	4	0	50	500	500	0	0	0	40	
2.7799260271e+02	10	395	370	130	7	6	0	50	500	500	0	0	0	40	
2.7849303946e+02	10	394	368	132	5	4	0	50	500	500	0	0	0	40	
2.7899406359e+02	10	394	362	138	9	7	0	50	500	500	0	0	0	40	
2.7949769531e+02	11	392	379	121	9	4	0	50	500	500	0	0	0	40	
2.7999994917e+02	12	392	386	114	7	10	0	50	500	500	0	0	0	40	
2.8049441560e+02	11	393	387	113	7	6	0	50	500	500	0	0	0	40	
2.8099870293e+02	13	389	373	127	9	8	0	50	500	500	0	0	0	40	
2.8149927548e+02	12	390	364	136	11	9	0	50	500	500	0	0	0	40	
2.8198952888e+02	11	390	365	135	9	7	0	50	500	500	0	0	0	40	
2.8249998175e+02	9	392	381	119	15	5	0	50	500	500	0	0	0	40	
2.8299342958e+02	9	392	379	121	15	4	0	50	500	500	0	0	0	40	
2.8349916447e+02	9	391	386	114	11	7	0	50	500	500	0	0	0	40	
2.8399734035e+02	10	389	381	119	10	3	0	50	500	500	0	0	0	40	
2.8449867200e+02	9	390	368	132	21	2	0	50	500	500	0	0	0	40	
2.8499711751e+02	7	391	370	130	18	3	0	50	500	500	0	0	0	40	
2.8549387815e+02	7	391	367	133	9	11	0	50	500	500	0	0	0	40	
2.8599908639e+02	7	393	358	142	12	8	0	50	500	500	0	0	0	40	
2.8649681055e+02	8	393	367	133	13	4	0	50	500	500	0	0	0	40	
2.8699803202e+02	9	391	359	141	8	5	0	50	500	500	0	0	0	40	
2.8749876891e+02	7	394	352	148	12	4	0	50	500	500	0	0	0	40	
2.8799789603e+02	7	395	356	144	9	6	0	50	500	500	0	0	0	40	
2.8849114282e+02	7	395	361	139	8	1	0	50	500	500	0	0	0	40	
2.8899547724e+02	6	397	361	139	13	2	0	50	500	500	0	0	0	40	
2.8949333912e+02	6	397	366	134	16	2	0	50	500	500	0	0	0	40	
2.8999879357e+02	7	396	376	124	17	8	0	50	500	500	0	0	0	40	
2.9049216858e+02	6	398	370	130	12	6	0	50	500	500	0	0	0	40	
2.9099538233e+02	5	399	370	130	10	3	0	50	500	500	0	0	0	40	
2.9149724731e+02	5	399	363	137	6	5	0	50	500	500	0	0	0	40	
2.9199551043e+02	4	398	355	145	11	6	0	50	500	500	0	0	0	40	
2.9249997686e+02	4	399	355	145	11	2	0	50	500	500	0	0	0	40	
2.9299661299e+02	4	400	350	150	9	5	0	50	500	500	0	0	0	40	
2.9349533397e+02	3	401	348	152	8	1	0	50	500	500	0	0	0	40	
2.9399794114e+02	3	401	343	157	8	6	0	50	500	500	0	0	0	40	
2.9449907625e+02	3	400	347	153	13	3	0	50	500	500	0	0	0	40	
2.9499837825e+02	3	400	353	147	8	7	0	50	500	500	0	0	0	40	
2.9549865932e+02	3	402	353	147	7	5	0	50	500	500	0	0	0	40	
2.9599795751e+02	2	402	355	145	3	7	0	50	500	500	0	0	0	40	
2.9649339899e+02	2	403	353	147	7	5	0	50	500	500	0	0	0	40	
2.9699878964e+02	2	403	352	148	10	4	0	50	500	500	0	0	0	40	
2.9749745237e+02	2	405	347	153	8	3	0	50	500	500	0	0	0	40	
2.9799522955e+02	3	405	347	153	11	9	0	50	500	500	0	0	0	40	
2.9849618248e+02	6	401	348	152	16	2	0	50	500	500	0	0	0	40	
2.9899971857e+02	6	401	338	162	14	5	0	50	500	500	0	0	0	40	
2.9949079508e+02	7	400	330	170	10	10	0	50	500	500	0	0	0	40	
2.9999672077e+02	7	402	349	151	12	8	0	50	500	500	0	0	0	40	
3.0049201504e+02	6	402	343	157	15	6	0	50	500	500	0	0	0	40	
3.0099978946e+02	4	404	345	155	17	8	0	50	500	500	0	0	0	40	
3.0149759387e+02	4	405	337	163	18	6	0	50	500	500	0	0	0	40	
3.0199971212e+02	4	407	327	173	13	7	0	50	500	500	0	0	0	40	
3.0249494266e+02	3	408	345	155	17	2	0	50	500	500	0	0	0	40	
3.0299865339e+02	3	408	356	144	11	8	0	50	500	500	0	0	0	40	
3.0349266138e+02	3	410	381	119	15	1	0	50	500	500	0	0	0	40	
3.0399610208e+02	3	409	372	128	14	6	0	50	500	500	0	0	0	40	
3.0449892407e+02	4	407	361	139	14	3	0	50	500	500	0	0	0	40	
3.0499619800e+02	5	407	366	134	18	5	0	50	500	500	0	0	0	40	
3.0549764581e+02	5	410	375	125	13	6	0	50	500	500	0	0	0	40	
3.0599809983e+02	4	411	372	128	6	5	0	50	500	500	0	0	0	40	
3.0649636877e+02	4	412	370	130	12	5	0	50	500	500	0	0	0	40	
3.0699678891e+02	4	412	377	123	15	4	0	50	500	500	0	0	0	40	
3.0749732197e+02	5	412	371	129	17	5	0	50	500	500	0	0	0	40	
3.0799733427e+02	6	412	367	133	13	6	0	50	500	500	0	0	0	40	
3.0849569331e+02	5	414	363	137	8	8	0	50	500	500	0	0	0	40	
3.0899698871e+02	4	417	358	142	8	5	0	50	500	500	0	0	0	40	
3.0949633625e+02	4	416	352	148	10	5	0	50	500	500	0	0	0	40	
3.0998833187e+02	4	418	342	158	11	5	0	50	500	500	0	0	0	40	
3.1049883168e+02	4	419	334	166	15	2	0	50	500	500	0	0	0	40	
3.1099885826e+02	5	419	345	155	11	3	0	50	500	500	0	0	0	40	
3.1149935282e+02	5	419	344	156	7	5	0	50	500	500	0	0	0	40	
3.1199526179e+02	5	419	347	153	9	8	0	50	500	500	0	0	0	40	
3.1249903439e+02	5	421	345	155	9	3	0	50	500	500	0	0	0	40	
3.1299964833e+02	5	421	349	151	10	5	0	50	500	500	0	0	0	40	
3.1349327255e+02	5	420	368	132	7	7	0	50	500	500	0	0	0	40	
3.1399457389e+02	6	420	365	135	12	3	0	50	500	500	0	0	0	40	
3.1449694712e+02	6	422	366	134	14	3	0	50	500	500	0	0	0	40	
3.1499914211e+02	5	424	367	133	14	3	0	50	500	500	0	0	0	40	
3.1549826956e+02	5	424	357	143	9	6	0	50	500	500	0	0	0	40	
3.1599701773e+02	6	423	361	139	13	2	0	50	500	500	0	0	0	40	
3.1649583801e+02	6	425	368	132	6	1	0	50	500	500	0	0	0	40	
3.1699371941e+02	5	427	365	135	11	2	0	50	500	500	0	0	0	40	
3.1749751303e+02	5	427	360	140	11	6	0	50	500	500	0	0	0	40	
3.1799829408e+02	8	424	371	129	14	7	0	50	500	500	0	0	0	40	
3.1849939485e+02	8	424	383	117	17	4	0	50	500	500	0	0	0	40	
3.1899883004e+02	9	424	378	122	14	6	0	50	500	500	0	0	0	40	
3.1949752301e+02	8	425	374	126	7	4	0	50	500	500	0	0	0	40	
3.1999768110e+02	8	424	366	134	9	6	0	50	500	500	0	0	0	40	
3.2049703117e+02	8	423	360	140	8	6	0	50	500	500	0	0	0	40	
3.2099920081e+02	7	424	362	138	10	6	0	50	500	500	0	0	0	40	
3.2149485826e+02	7	424	362	138	10	4	0	50	500	500	0	0	0	40	
3.2199270775e+02	6	425	383	117	6	3	0	50	500	500	0	0	0	40	
3.2249858143e+02	6	426	390	110	8	4	0	50	500	500	0	0	0	40	
3.2299425895e+02	6	429	381	119	7	5	0	50	500	500	0	0	0	40	
3.2349983226e+02	6	429	397	103	11	5	0	50	500	500	0	0	0	40	
3.2399659795e+02	6	431	380	120	12	1	0	50	500	500	0	0	0	40	
3.2449298879e+02	7	433	378	122	6	4	0	50	500	500	0	0	0	40	
3.2499405504e+02	7	433	375	125	9	3	0	50	500	500	0	0	0	40	
3.2549742069e+02	6	434	373	127	13	5	0	50	500	500	0	0	0	40	
3.2599946926e+02	7	435	378	122	12	6	0	50	500	500	0	0	0	40	
3.2649229511e+02	6	436	381	119	9	4	0	50	500	500	0	0	0	40	
3.2699391227e+02	8	433	370	130	8	3	0	50	500	500	0	0	0	40	
3.2749652834e+02	7	434	368	132	8	4	0	50	500	500	0	0	0	40	
3.2799942717e+02	5	434	362	138	12	5	0	50	500	500	0	0	0	40	
3.2849080523e+02	5	435	367	133	9	6	0	50	500	500	0	0	0	40	
3.2899699176e+02	5	434	378	122	10	6	0	50	500	500	0	0	0	40	
3.2949005985e+02	3	436	380	120	13	4	0	50	500	500	0	0	0	40	
3.2999940259e+02	3	435	372	128	10	8	0	50	500	500	0	0	0	40	
3.3049871127e+02	3	434	378	122	12	6	0	50	500	500	0	0	0	40	
3.3099783934e+02	3	436	363	137	6	8	0	50	500	500	0	0	0	40	
3.3149373204e+02	3	438	357	143	8	7	0	50	500	500	0	0	0	40	
3.3199216473e+02	4	437	371	129	13	5	0	50	500	500	0	0	0	40	
3.3249329574e+02	4	438	372	128	18	0	0	50	500	500	0	0	0	40	
3.3299713158e+02	3	440	361	139	15	5	0	50	500	500	0	0	0	40	
3.3349717437e+02	3	438	356	144	16	3	0	50	500	500	0	0	0	40	
3.3399729114e+02	3	441	348	152	10	6	0	50	500	500	0	0	0	40	
3.3449764166e+02	3	443	355	145	11	2	0	50	500	500	0	0	0	40	
3.3499717746e+02	3	443	344	156	10	2	0	50	500	500	0	0	0	40	
3.3549684702e+02	3	443	339	161	10	3	0	50	500	500	0	0	0	40	
3.3599641152e+02	0	444	357	143	10	2	0	50	500	500	0	0	0	40	
3.3649948091e+02	0	443	359	141	17	4	0	50	500	500	0	0	0	40	
3.3699933060e+02	0	443	369	131	18	4	0	50	500	500	0	0	0	40	
3.3749886667e+02	1	442	363	137	11	1	0	50	500	500	0	0	0	40	
3.3799952550e+02	1	440	372	128	9	2	0	50	500	500	0	0	0	40	
3.3849522971e+02	2	437	396	104	9	8	0	50	500	500	0	0	0	40	
3.3899077963e+02	3	437	398	102	11	1	0	50	500	500	0	0	0	40	
3.3949024862e+02	3	436	390	110	12	5	0	50	500	500	0	0	0	40	
3.3999095835e+02	3	436	391	109	10	5	0	50	500	500	0	0	0	40	
3.4049383081e+02	4	434	393	107	15	4	0	50	500	500	0	0	0	40	
3.4099797690e+02	5	435	392	108	10	5	0	50	500	500	0	0	0	40	
3.4149418246e+02	5	434	388	112	9	5	0	50	500	500	0	0	0	40	
3.4199860137e+02	5	435	388	112	13	3	0	50	500	500	0	0	0	40	
3.4249299174e+02	6	434	390	110	10	2	0	50	500	500	0	0	0	40	
3.4299943651e+02	7	433	397	103	8	10	0	50	500	500	0	0	0	40	
3.4349963317e+02	7	433	403	97	10	14	0	50	500	500	0	0	0	40	
3.4399378908e+02	6	434	406	94	11	3	0	50	500	500	0	0	0	40	
3.4449763301e+02	6	431	401	99	11	3	0	50	500	500	0	0	0	40	
3.4499558866e+02	6	431	401	99	9	5	0	50	500	500	0	0	0	40	
3.4549737041e+02	6	432	399	101	14	2	0	50	500	500	0	0	0	40	
3.4599721336e+02	6	433	400	100	11	2	0	50	500	500	0	0	0	40	
3.4649771009e+02	7	432	400	100	8	3	0	50	500	500	0	0	0	40	
3.4699782160e+02	7	435	402	98	7	0	0	50	500	500	0	0	0	40	
3.4749553482e+02	6	439	412	88	7	4	0	50	500	500	0	0	0	40	
3.4799258376e+02	6	439	410	90	10	2	0	50	500	500	0	0	0	40	
3.4849479176e+02	5	441	410	90	3	2	0	50	500	500	0	0	0	40	
3.4899807839e+02	6	438	417	83	8	3	0	50	500	500	0	0	0	40	
3.4949338926e+02	5	440	411	89	6	6	0	50	500	500	0	0	0	40	
3.4999515444e+02	5	442	411	89	14	5	0	50	500	500	0	0	0	40	
3.5049473195e+02	5	443	405	95	6	6	0	50	500	500	0	0	0	40	
3.5099921663e+02	6	443	403	97	12	5	0	50	500	500	0	0	0	40	
3.5149771931e+02	6	444	391	109	8	3	0	50	500	500	0	0	0	40	
3.5199353913e+02	6	446	385	115	7	4	0	50	500	500	0	0	0	40	
3.5249993175e+02	5	448	380	120	17	3	0	50	500	500	0	0	0	40	
3.5299924081e+02	5	449	370	130	12	5	0	50	500	500	0	0	0	40	
3.5349823903e+02	5	450	375	125	10	8	0	50	500	500	0	0	0	40	
3.5399961694e+02	6	450	366	134	12	5	0	50	500	500	0	0	0	40	
3.5449895062e+02	6	451	364	136	12	6	0	50	500	500	0	0	0	40	
3.5499944299e+02	7	452	372	128	15	5	0	50	500	500	0	0	0	40	
3.5549880788e+02	11	450	373	127	11	7	0	50	500	500	0	0	0	40	
3.5599969539e+02	12	449	375	125	14	7	0	50	500	500	0	0	0	40	
3.5649957488e+02	12	451	374	126	10	6	0	50	500	500	0	0	0	40	
3.5699775827e+02	10	453	365	135	10	3	0	50	500	500	0	0	0	40	
3.5749895706e+02	11	453	358	142	11	2	0	50	500	500	0	0	0	40	
3.5799373710e+02	11	453	359	141	12	3	0	50	500	500	0	0	0	40	
3.5849533242e+02	11	457	367	133	12	1	0	50	500	500	0	0	0	40	
3.5899708997e+02	10	459	361	139	10	2	0	50	500	500	0	0	0	40	
3.5949897310e+02	11	458	356	144	9	3	0	50	500	500	0	0	0	40	
3.5998945226e+02	10	459	362	138	7	3	0	50	500	500	0	0	0	40	
3.6049980989e+02	9	460	363	137	6	5	0	50	500	500	0	0	0	40	
3.6099958935e+02	9	461	371	129	10	3	0	50	500	500	0	0	0	40	
3.6149287502e+02	9	460	375	125	18	2	0	50	500	500	0	0	0	40	
3.6199096652e+02	7	463	368	132	13	7	0	50	500	500	0	0	0	40	
3.6249856502e+02	6	464	360	140	11	4	0	50	500	500	0	0	0	40	
3.6299934999e+02	7	462	345	155	11	5	0	50	500	500	0	0	0	40	
3.6349994999e+02	8	462	353	147	7	5	0	50	500	500	0	0	0	40	
3.6399929758e+02	6	465	358	142	9	1	0	50	500	500	0	0	0	40	
3.6448548794e+02	5	468	371	129	5	5	0	50	500	500	0	0	0	40	
3.6499827081e+02	5	468	374	126	10	4	0	50	500	500	0	0	0	40	
3.6549793261e+02	5	470	371	129	13	3	0	50	500	500	0	0	0	40	
3.6599846739e+02	6	469	363	137	14	6	0	50	500	500	0	0	0	40	
3.6649874890e+02	6	469	372	128	16	4	0	50	500	500	0	0	0	40	
3.6699874174e+02	7	469	354	146	13	4	0	50	500	500	0	0	0	40	
3.6749998924e+02	6	470	353	147	9	4	0	50	500	500	0	0	0	40	
3.6799985878e+02	7	469	345	155	9	5	0	50	500	500	0	0	0	40	
3.6849961049e+02	7	469	339	161	12	4	0	50	500	500	0	0	0	40	
3.6899525676e+02	7	469	343	157	17	7	0	50	500	500	0	0	0	40	
3.6949911484e+02	7	469	356	144	11	6	0	50	500	500	0	0	0	40	
3.6999923085e+02	6	473	368	132	6	3	0	50	500	500	0	0	0	40	
3.7049611558e+02	5	475	354	146	11	1	0	50	500	500	0	0	0	40	
3.7099586325e+02	4	478	358	142	14	2	0	50	500	500	0	0	0	40	
3.7149191570e+02	5	477	361	139	14	2	0	50	500	500	0	0	0	40	
3.7199385358e+02	4	478	369	131	14	0	0	50	500	500	0	0	0	40	
3.7249235446e+02	4	479	358	142	10	4	0	50	500	500	0	0	0	40	
3.7299979857e+02	6	476	360	140	9	6	0	50	500	500	0	0	0	40	
3.7349477241e+02	6	477	348	152	12	5	0	50	500	500	0	0	0	40	
3.7399294721e+02	6	476	356	144	6	8	0	50	500	500	0	0	0	40	
3.7448520346e+02	6	475	356	144	5	4	0	50	500	500	0	0	0	40	
3.7499399168e+02	7	476	350	150	15	4	0	50	500	500	0	0	0	40	
3.7549924576e+02	8	477	346	154	7	5	0	50	500	500	0	0	0	40	
3.7599888091e+02	7	479	359	141	4	5	0	50	500	500	0	0	0	40	
3.7649800331e+02	7	480	365	135	11	0	0	50	500	500	0	0	0	40	
3.7699964488e+02	7	478	362	138	13	0	0	50	500	500	0	0	0	40	
3.7749995579e+02	5	481	361	139	6	4	0	50	500	500	0	0	0	40	
3.7799704855e+02	5	482	360	140	12	4	0	50	500	500	0	0	0	40	
3.7848966128e+02	5	483	366	134	15	3	0	50	500	500	0	0	0	40	
3.7899815018e+02	5	483	375	125	15	4	0	50	500	500	0	0	0	40	
3.7949154760e+02	5	484	362	138	19	1	0	50	500	500	0	0	0	40	
3.7999754202e+02	5	485	362	138	6	4	0	50	500	500	0	0	0	40	
3.8049632943e+02	6	484	354	146	14	6	0	50	500	500	0	0	0	40	
3.8099994361e+02	5	487	345	155	14	5	0	50	500	500	0	0	0	40	
3.8149468495e+02	5	488	359	141	12	5	0	50	500	500	0	0	0	40	
3.8199758808e+02	5	489	375	125	17	4	0	50	500	500	0	0	0	40	
3.8248824106e+02	4	489	368	132	13	3	0	50	500	500	0	0	0	40	
3.8299804363e+02	3	490	362	138	6	6	0	50	500	500	0	0	0	40	
3.8349857809e+02	3	489	369	131	11	2	0	50	500	500	0	0	0	40	
3.8397900216e+02	3	489	381	119	4	2	0	50	500	500	0	0	0	40	
3.8449276705e+02	3	488	368	132	5	4	0	50	500	500	0	0	0	40	
3.8498261350e+02	3	489	354	146	10	2	0	50	500	500	0	0	0	40	
3.8549779076e+02	3	489	355	145	8	5	0	50	500	500	0	0	0	40	
3.8599803095e+02	3	490	344	156	9	0	0	50	500	500	0	0	0	40	
3.8649670741e+02	2	492	338	162	10	5	0	50	500	500	0	0	0	40	
3.8699770384e+02	2	492	338	162	11	5	0	50	500	500	0	0	0	40	
3.8749714642e+02	2	492	327	173	11	1	0	50	500	500	0	0	0	40	
3.8799946380e+02	2	491	314	186	7	3	0	50	500	500	0	0	0	40	
3.8849544371e+02	2	490	329	171	14	1	0	50	500	500	0	0	0	40	
3.8899849475e+02	2	491	323	177	10	5	0	50	500	500	0	0	0	40	
3.8949778327e+02	3	491	321	179	17	1	0	50	500	500	0	0	0	40	
3.8999496430e+02	3	492	315	185	14	2	0	50	500	500	0	0	0	40	
3.9049947073e+02	4	491	323	177	12	7	0	50	500	500	0	0	0	40	
3.9099979504e+02	5	491	322	178	15	4	0	50	500	500	0	0	0	40	
3.9149904896e+02	5	493	321	179	13	5	0	50	500	500	0	0	0	40	
3.9199584262e+02	6	490	322	178	11	5	0	50	500	500	0	0	0	40	
3.9249839381e+02	6	491	316	184	12	2	0	50	500	500	0	0	0	40	
3.9299757305e+02	6	493	311	189	9	5	0	50	500	500	0	0	0	40	
3.9349909690e+02	5	495	319	181	6	4	0	50	500	500	0	0	0	40	
3.9399997959e+02	5	495	320	180	11	7	0	50	500	500	0	0	0	40	
3.9449985693e+02	5	495	322	178	10	5	0	50	500	500	0	0	0	40	
3.9499252761e+02	4	496	333	167	11	3	0	50	500	500	0	0	0	40	
3.9549979635e+02	4	496	334	166	5	5	0	50	500	500	0	0	0	40	
3.9598908226e+02	3	500	336	164	9	3	0	50	500	500	0	0	0	40	
3.9649181675e+02	4	500	330	170	13	6	0	50	500	500	0	0	0	40	
3.9699860806e+02	6	497	323	177	9	2	0	50	500	500	0	0	0	40	
3.9749792146e+02	6	498	327	173	13	2	0	50	500	500	0	0	0	40	
3.9799652003e+02	5	502	304	196	11	5	0	50	500	500	0	0	0	40	
3.9849755154e+02	5	502	294	206	13	3	0	50	500	500	0	0	0	40	
3.9899993774e+02	6	502	292	208	12	6	0	50	500	500	0	0	0	40	
3.9949304721e+02	6	503	285	215	11	1	0	50	500	500	0	0	0	40	
3.9999912102e+02	6	502	286	214	12	1	0	50	500	500	0	0	0	40	
4.0049652638e+02	7	503	280	220	10	3	0	50	500	500	0	0	0	40	
4.0099597014e+02	7	503	273	227	9	2	0	50	500	500	0	0	0	40	
4.0149867038e+02	6	504	275	225	9	4	0	50	500	500	0	0	0	40	
4.0199884809e+02	6	504	271	229	10	2	0	50	500	500	0	0	0	40	
4.0249761489e+02	7	506	280	220	7	5	0	50	500	500	0	0	0	40	
4.0299312078e+02	6	507	289	211	9	4	0	50	500	500	0	0	0	40	
4.0349977153e+02	7	506	293	207	10	2	0	50	500	500	0	0	0	40	
4.0399942266e+02	7	506	288	212	9	4	0	50	500	500	0	0	0	40	
4.0449994186e+02	6	508	300	200	8	3	0	50	500	500	0	0	0	40	
4.0499139174e+02	5	509	305	195	12	2	0	50	500	500	0	0	0	40	
4.0549616250e+02	4	511	308	192	12	4	0	50	500	500	0	0	0	40	
4.0599773044e+02	2	512	320	180	10	5	0	50	500	500	0	0	0	40	
4.0649934833e+02	2	515	336	164	10	2	0	50	500	500	0	0	0	40	
4.0699851997e+02	2	516	335	165	10	1	0	50	500	500	0	0	0	40	
4.0749864144e+02	2	517	341	159	8	2	0	50	500	500	0	0	0	40	
4.0798773955e+02	2	516	352	148	4	5	0	50	500	500	0	0	0	40	
4.0849672937e+02	2	517	364	136	6	3	0	50	500	500	0	0	0	40	
4.0899839710e+02	2	515	353	147	11	2	0	50	500	500	0	0	0	40	
4.0949570419e+02	2	515	370	130	10	6	0	50	500	500	0	0	0	40	
4.0999392243e+02	4	513	366	134	12	1	0	50	500	500	0	0	0	40	
4.1049171492e+02	4	513	357	143	11	1	0	50	500	500	0	0	0	40	
4.1099837857e+02	5	513	349	151	10	5	0	50	500	500	0	0	0	40	
4.1149896773e+02	5	515	366	134	15	5	0	50	500	500	0	0	0	40	
4.1199879910e+02	5	513	377	123	21	5	0	50	500	500	0	0	0	40	
4.1249751653e+02	6	513	374	126	16	6	0	50	500	500	0	0	0	40	
4.1299852530e+02	6	513	373	127	15	5	0	50	500	500	0	0	0	40	
4.1349654128e+02	8	510	384	116	13	2	0	50	500	500	0	0	0	40	
4.1399473050e+02	7	512	379	121	8	3	0	50	500	500	0	0	0	40	
4.1449812526e+02	7	512	379	121	9	5	0	50	500	500	0	0	0	40	
4.1499933827e+02	8	511	381	119	13	3	0	50	500	500	0	0	0	40	
4.1549901632e+02	9	510	387	113	14	2	0	50	500	500	0	0	0	40	
4.1599594779e+02	8	511	387	113	18	4	0	50	500	500	0	0	0	40	
4.1649919438e+02	8	511	377	123	11	7	0	50	500	500	0	0	0	40	
4.1699825250e+02	8	512	377	123	9	4	0	50	500	500	0	0	0	40	
4.1749909141e+02	7	513	385	115	7	2	0	50	500	500	0	0	0	40	
4.1799978775e+02	7	514	384	116	10	0	0	50	500	500	0	0	0	40	
4.1849997454e+02	7	516	367	133	4	4	0	50	500	500	0	0	0	40	
4.1899784714e+02	7	516	373	127	6	2	0	50	500	500	0	0	0	40	
4.1949552272e+02	7	516	360	140	7	3	0	50	500	500	0	0	0	40	
4.1999818991e+02	7	516	358	142	7	2	0	50	500	500	0	0	0	40	
4.2049624009e+02	5	521	361	139	10	10	0	50	500	500	0	0	0	40	
4.2099658425e+02	6	521	380	120	11	2	0	50	500	500	0	0	0	40	
4.2149601151e+02	6	522	363	137	11	4	0	50	500	500	0	0	0	40	
4.2199388874e+02	8	519	360	140	21	2	0	50	500	500	0	0	0	40	
4.2249169321e+02	8	522	359	141	9	5	0	50	500	500	0	0	0	40	
4.2299759189e+02	8	522	356	144	10	1	0	50	500	500	0	0	0	40	
4.2349639996e+02	7	526	354	146	6	7	0	50	500	500	0	0	0	40	
4.2399902446e+02	6	529	369	131	12	5	0	50	500	500	0	0	0	40	
4.2449872334e+02	5	531	379	121	19	2	0	50	500	500	0	0	0	40	
4.2499239529e+02	4	532	384	116	17	3	0	50	500	500	0	0	0	40	
4.2549973850e+02	4	532	386	114	12	5	0	50	500	500	0	0	0	40	
4.2598318204e+02	4	532	398	102	10	2	0	50	500	500	0	0	0	40	
4.2649787679e+02	3	533	383	117	12	1	0	50	500	500	0	0	0	40	
4.2699938938e+02	4	532	380	120	10	4	0	50	500	500	0	0	0	40	
4.2749991267e+02	3	535	386	114	11	4	0	50	500	500	0	0	0	40	
4.2799439877e+02	3	535	387	113	11	2	0	50	500	500	0	0	0	40	
4.2849921680e+02	4	536	381	119	10	1	0	50	500	500	0	0	0	40	
4.2899868958e+02	4	538	378	122	6	5	0	50	500	500	0	0	0	40	
4.2949982051e+02	5	536	381	119	8	3	0	50	500	500	0	0	0	40	
4.2999877168e+02	5	536	377	123	8	2	0	50	500	500	0	0	0	40	
4.3049948317e+02	4	536	371	129	5	5	0	50	500	500	0	0	0	40	
4.3099978459e+02	4	539	363	137	15	3	0	50	500	500	0	0	0	40	
4.3149883201e+02	3	539	360	140	13	2	0	50	500	500	0	0	0	40	
4.3199798637e+02	3	539	352	148	11	2	0	50	500	500	0	0	0	40	
4.3249452524e+02	2	540	346	154	8	1	0	50	500	500	0	0	0	40	
4.3298985997e+02	2	541	342	158	13	3	0	50	500	500	0	0	0	40	
4.3349887073e+02	3	540	350	150	9	5	0	50	500	500	0	0	0	40	
4.3399930873e+02	2	541	358	142	13	1	0	50	500	500	0	0	0	40	
4.3449537703e+02	3	539	373	127	9	8	0	50	500	500	0	0	0	40	
4.3499783476e+02	4	538	396	104	17	1	0	50	500	500	0	0	0	40	
4.3549640597e+02	4	538	384	116	17	4	0	50	500	500	0	0	0	40	
4.3599631340e+02	5	537	394	106	17	2	0	50	500	500	0	0	0	40	
4.3649955491e+02	5	541	392	108	11	4	0	50	500	500	0	0	0	40	
4.3699630573e+02	5	545	384	116	17	1	0	50	500	500	0	0	0	40	
4.3749154440e+02	5	544	379	121	16	4	0	50	500	500	0	0	0	40	
4.3799979433e+02	5	542	375	125	10	7	0	50	500	500	0	0	0	40	
4.3849795711e+02	5	542	377	123	13	3	0	50	500	500	0	0	0	40	
4.3899909880e+02	4	541	373	127	12	3	0	50	500	500	0	0	0	40	
4.3949547217e+02	4	541	366	134	14	1	0	50	500	500	0	0	0	40	
4.3998485252e+02	6	540	378	122	14	2	0	50	500	500	0	0	0	40	
4.4049423350e+02	6	541	382	118	7	1	0	50	500	500	0	0	0	40	
4.4099688335e+02	8	539	367	133	15	2	0	50	500	500	0	0	0	40	
4.4149945696e+02	8	540	379	121	11	3	0	50	500	500	0	0	0	40	
4.4199831549e+02	9	537	373	127	11	4	0	50	500	500	0	0	0	40	
4.4249662767e+02	8	538	359	141	9	8	0	50	500	500	0	0	0	40	
4.4299979493e+02	9	537	362	138	12	4	0	50	500	500	0	0	0	40	
4.4349667281e+02	9	536	359	141	11	5	0	50	500	500	0	0	0	40	
4.4399387052e+02	10	535	367	133	10	5	0	50	500	500	0	0	0	40	
4.4449162299e+02	10	536	373	127	18	4	0	50	500	500	0	0	0	40	
4.4499957493e+02	10	537	374	126	10	3	0	50	500	500	0	0	0	40	
4.4549903113e+02	8	541	366	134	10	5	0	50	500	500	0	0	0	40	
4.4599991358e+02	10	539	360	140	10	7	0	50	500	500	0	0	0	40	
4.4649949104e+02	10	539	364	136	9	5	0	50	500	500	0	0	0	40	
4.4699467469e+02	10	541	367	133	11	3	0	50	500	500	0	0	0	40	
4.4749939906e+02	10	541	371	129	13	1	0	50	500	500	0	0	0	40	
4.4799749257e+02	10	541	369	131	13	5	0	50	500	500	0	0	0	40	
4.4849790604e+02	11	541	373	127	15	2	0	50	500	500	0	0	0	40	
4.4899892286e+02	10	543	362	138	14	3	0	50	500	500	0	0	0	40	
4.4949776114e+02	12	539	366	134	12	7	0	50	500	500	0	0	0	40	
4.4999622872e+02	11	539	367	133	9	3	0	50	500	500	0	0	0	40	
4.5049774645e+02	9	541	351	149	15	3	0	50	500	500	0	0	0	40	
4.5099592028e+02	10	540	353	147	12	3	0	50	500	500	0	0	0	40	
4.5149525671e+02	9	544	352	148	11	2	0	50	500	500	0	0	0	40	
4.5199991490e+02	8	545	351	149	17	1	0	50	500	500	0	0	0	40	
4.5249879181e+02	7	546	350	150	11	3	0	50	500	500	0	0	0	40	
4.5299164010e+02	6	551	359	141	12	5	0	50	500	500	0	0	0	40	
4.5349619909e+02	8	549	365	135	16	6	0	50	500	500	0	0	0	40	
4.5399641691e+02	6	553	355	145	15	2	0	50	500	500	0	0	0	40	
4.5449974430e+02	7	553	360	140	13	4	0	50	500	500	0	0	0	40	
4.5499608617e+02	7	558	362	138	11	2	0	50	500	500	0	0	0	40	
4.5549378656e+02	7	558	365	135	13	3	0	50	500	500	0	0	0	40	
4.5599749427e+02	7	562	388	112	16	3	0	50	500	500	0	0	0	40	
4.5649617036e+02	7	563	394	106	16	5	0	50	500	500	0	0	0	40	
4.5699790607e+02	7	564	401	99	14	2	0	50	500	500	0	0	0	40	
4.5749845459e+02	7	565	399	101	13	2	0	50	500	500	0	0	0	40	
4.5799850723e+02	7	566	392	108	13	8	0	50	500	500	0	0	0	40	
4.5849467336e+02	7	564	398	102	7	9	0	50	500	500	0	0	0	40	
4.5899934921e+02	9	561	383	117	7	3	0	50	500	500	0	0	0	40	
4.5949782951e+02	9	562	377	123	11	2	0	50	500	500	0	0	0	40	
4.5999983093e+02	8	562	383	117	11	2	0	50	500	500	0	0	0	40	
4.6049528416e+02	8	562	390	110	14	5	0	50	500	500	0	0	0	40	
4.6099996063e+02	8	564	399	101	12	5	0	50	500	500	0	0	0	40	
4.6149948968e+02	8	564	382	118	15	2	0	50	500	500	0	0	0	40	
4.6199947547e+02	9	567	379	121	10	3	0	50	500	500	0	0	0	40	
4.6249590699e+02	10	565	385	115	13	6	0	50	500	500	0	0	0	40	
4.6298979327e+02	10	565	386	114	8	8	0	50	500	500	0	0	0	40	
4.6349868257e+02	10	566	393	107	10	2	0	50	500	500	0	0	0	40	
4.6399630254e+02	8	568	402	98	4	2	0	50	500	500	0	0	0	40	
4.6449613478e+02	8	569	405	95	7	2	0	50	500	500	0	0	0	40	
4.6499805315e+02	8	570	400	100	12	4	0	50	500	500	0	0	0	40	
4.6549904256e+02	8	570	406	94	11	5	0	50	500	500	0	0	0	40	
4.6599730661e+02	8	570	407	93	12	3	0	50	500	500	0	0	0	40	
4.6649883879e+02	8	569	409	91	8	4	0	50	500	500	0	0	0	40	
4.6699653422e+02	9	569	385	115	9	0	0	50	500	500	0	0	0	40	
4.6749677443e+02	9	568	386	114	10	3	0	50	500	500	0	0	0	40	
4.6799961578e+02	9	567	381	119	14	4	0	50	500	500	0	0	0	40	
4.6849780771e+02	6	573	383	117	13	5	0	50	500	500	0	0	0	40	
4.6899963926e+02	5	573	396	104	8	3	0	50	500	500	0	0	0	40	
4.6949733691e+02	5	574	393	107	11	2	0	50	500	500	0	0	0	40	
4.6999952205e+02	5	573	399	101	13	4	0	50	500	500	0	0	0	40	
4.7049213578e+02	5	573	397	103	9	2	0	50	500	500	0	0	0	40	
4.7099646441e+02	5	573	401	99	10	3	0	50	500	500	0	0	0	40	
4.7149825313e+02	7	570	402	98	17	5	0	50	500	500	0	0	0	40	
4.7199120380e+02	8	568	396	104	13	1	0	50	500	500	0	0	0	40	
4.7249794303e+02	8	570	382	118	16	1	0	50	500	500	0	0	0	40	
4.7299297718e+02	7	572	390	110	14	4	0	50	500	500	0	0	0	40	
4.7349972233e+02	6	572	384	116	9	3	0	50	500	500	0	0	0	40	
4.7398826338e+02	8	569	370	130	5	1	0	50	500	500	0	0	0	40	
4.7449806909e+02	7	570	361	139	14	1	0	50	500	500	0	0	0	40	
4.7499910937e+02	7	572	360	140	13	1	0	50	500	500	0	0	0	40	
4.7549925668e+02	7	575	356	144	11	4	0	50	500	500	0	0	0	40	
4.7599897334e+02	9	569	358	142	13	4	0	50	500	500	0	0	0	40	
4.7649850995e+02	9	571	374	126	12	7	0	50	500	500	0	0	0	40	
4.7699880678e+02	8	571	360	140	11	3	0	50	500	500	0	0	0	40	
4.7749755123e+02	8	573	366	134	10	5	0	50	500	500	0	0	0	40	
4.7799604615e+02	8	574	358	142	17	2	0	50	500	500	0	0	0	40	
4.7849645890e+02	7	576	359	141	15	5	0	50	500	500	0	0	0	40	
4.7899907993e+02	6	578	357	143	13	3	0	50	500	500	0	0	0	40	
4.7949923393e+02	4	580	344	156	12	6	0	50	500	500	0	0	0	40	
4.7999602227e+02	4	579	342	158	5	1	0	50	500	500	0	0	0	40	
4.8049953532e+02	4	579	339	161	6	1	0	50	500	500	0	0	0	40	
4.8099927016e+02	4	579	340	160	13	3	0	50	500	500	0	0	0	40	
4.8149915562e+02	4	580	346	154	12	5	0	50	500	500	0	0	0	40	
4.8199713492e+02	3	582	350	150	13	3	0	50	500	500	0	0	0	40	
4.8249820308e+02	3	582	342	158	9	3	0	50	500	500	0	0	0	40	
4.8299206099e+02	3	583	338	162	10	4	0	50	500	500	0	0	0	40	
4.8349815745e+02	2	584	355	145	14	2	0	50	500	500	0	0	0	40	
4.8399934876e+02	2	585	362	138	12	3	0	50	500	500	0	0	0	40	
4.8449975029e+02	2	585	347	153	14	4	0	50	500	500	0	0	0	40	
4.8499402335e+02	2	587	349	151	12	5	0	50	500	500	0	0	0	40	
4.8549952632e+02	2	589	361	139	15	3	0	50	500	500	0	0	0	40	
4.8599924150e+02	2	589	359	141	11	4	0	50	500	500	0	0	0	40	
4.8649935029e+02	2	590	352	148	11	5	0	50	500	500	0	0	0	40	
4.8699969356e+02	3	590	356	144	11	3	0	50	500	500	0	0	0	40	
4.8749777356e+02	3	592	363	137	15	1	0	50	500	500	0	0	0	40	
4.8799478628e+02	4	592	357	143	12	2	0	50	500	500	0	0	0	40	
4.8849793605e+02	4	593	364	136	13	6	0	50	500	500	0	0	0	40	
4.8899350572e+02	4	595	362	138	9	5	0	50	500	500	0	0	0	40	
4.8949345093e+02	4	596	365	135	8	2	0	50	500	500	0	0	0	40	
4.8999792459e+02	4	596	362	138	10	4	0	50	500	500	0	0	0	40	
4.9049394496e+02	4	594	369	131	10	2	0	50	500	500	0	0	0	40	
4.9099778395e+02	5	593	372	128	8	1	0	50	500	500	0	0	0	40	
4.9149266082e+02	4	594	371	129	7	2	0	50	500	500	0	0	0	40	
4.9197093976e+02	4	593	375	125	8	4	0	50	500	500	0	0	0	40	
4.9249905854e+02	6	592	382	118	10	4	0	50	500	500	0	0	0	40	
4.9299871436e+02	6	593	379	121	9	2	0	50	500	500	0	0	0	40	
4.9349640291e+02	6	593	379	121	19	2	0	50	500	500	0	0	0	40	
4.9399616704e+02	5	593	384	116	14	2	0	50	500	500	0	0	0	40	
4.9449973670e+02	5	594	392	108	10	2	0	50	500	500	0	0	0	40	
4.9499896413e+02	6	594	388	112	17	1	0	50	500	500	0	0	0	40	
4.9549997517e+02	8	593	379	121	13	5	0	50	500	500	0	0	0	40	
4.9599486085e+02	5	599	383	117	17	4	0	50	500	500	0	0	0	40	
4.9648143425e+02	6	598	385	115	16	1	0	50	500	500	0	0	0	40	
4.9699941662e+02	6	598	392	108	11	3	0	50	500	500	0	0	0	40	
4.9749443649e+02	6	598	387	113	11	2	0	50	500	500	0	0	0	40	
4.9799887018e+02	6	596	385	115	14	3	0	50	500	500	0	0	0	40	
4.9849567090e+02	6	594	372	128	16	6	0	50	500	500	0	0	0	40	
4.9899660854e+02	6	594	381	119	19	4	0	50	500	500	0	0	0	40	
4.9949510618e+02	6	593	382	118	8	3	0	50	500	500	0	0	0	40	
4.9999523225e+02	6	592	386	114	9	4	0	50	500	500	0	0	0	40	
5.0000048889e+02	6	592	386	114	8	5	0	50	500	500	0	0	0	40	
