0.0000000000e+00	0	0	500	0	0	0	0	50	500	500	0	500	500	40	
4.9966448228e-01	0	2	475	25	0	5	0	50	500	500	0	500	500	40	
9.8523633363e-01	0	2	465	35	2	11	0	50	500	500	0	500	500	40	
1.4716374081e+00	0	3	438	62	4	9	0	50	500	500	0	500	500	40	
1.9992202285e+00	0	3	428	72	3	8	0	50	500	500	0	500	500	40	
2.4971197137e+00	0	4	411	89	4	11	0	50	500	500	0	500	500	40	
2.9961250761e+00	0	5	404	96	3	10	0	50	500	500	0	500	500	40	
3.4989156800e+00	0	7	401	99	1	1	0	50	500	500	0	500	500	40	
3.9903017461e+00	0	8	405	95	5	7	0	50	500	500	0	500	500	40	
4.4966427588e+00	0	9	403	97	6	4	0	50	500	500	0	500	500	40	
4.9906127463e+00	0	10	402	98	1	11	0	50	500	500	0	500	500	40	
5.4978049778e+00	1	9	393	107	2	11	0	50	500	500	0	500	500	40	
5.9986728499e+00	1	9	386	114	4	9	0	50	500	500	0	500	500	40	
6.4999239126e+00	1	9	384	116	2	11	0	50	500	500	0	500	500	40	
6.9995218120e+00	1	9	389	111	2	8	0	50	500	500	0	500	500	40	
7.4866405923e+00	1	9	399	101	3	2	0	50	500	500	0	500	500	40	
7.9997522965e+00	1	10	387	113	2	7	0	50	500	500	0	500	500	40	
8.4926693468e+00	1	10	384	116	1	7	0	50	500	500	0	500	500	40	
8.9899451750e+00	1	10	387	113	0	7	0	50	500	500	0	500	500	40	
9.4955033541e+00	1	11	392	108	1	6	0	50	500	500	0	500	500	40	
9.9919742149e+00	2	11	388	112	2	13	0	50	500	500	0	500	500	40	
1.0497489660e+01	3	10	387	113	2	9	0	50	500	500	0	500	500	40	
1.0994142641e+01	4	14	369	131	1	5	0	50	500	500	0	500	500	40	
1.1497779556e+01	4	16	374	126	2	6	0	50	500	500	0	500	500	40	
1.1996761653e+01	4	17	380	120	4	6	0	50	500	500	0	500	500	40	
1.2496382374e+01	4	17	373	127	4	10	0	50	500	500	0	500	500	40	
1.2996340547e+01	3	18	372	128	4	7	0	50	500	500	0	500	500	40	
1.3488911909e+01	3	18	378	122	0	16	0	50	500	500	0	500	500	40	
1.3991116443e+01	3	18	375	125	0	9	0	50	500	500	0	500	500	40	
1.4499813718e+01	3	18	376	124	2	7	0	50	500	500	0	500	500	40	
1.4999382502e+01	3	18	382	118	2	6	0	50	500	500	0	500	500	40	
1.5498971257e+01	3	18	370	130	3	6	0	50	500	500	0	500	500	40	
1.5993670857e+01	2	21	359	141	2	10	0	50	500	500	0	500	500	40	
1.6496221241e+01	1	23	360	140	7	6	0	50	500	500	0	500	500	40	
1.6997573418e+01	1	24	367	133	4	5	0	50	500	500	0	500	500	40	
1.7498715685e+01	1	24	372	128	2	9	0	50	500	500	0	500	500	40	
1.7998316321e+01	2	23	374	126	6	6	0	50	500	500	0	500	500	40	
1.8498721969e+01	2	23	375	125	2	9	0	50	500	500	0	500	500	40	
1.8999881196e+01	3	22	368	132	4	7	0	50	500	500	0	500	500	40	
1.9499693319e+01	3	22	371	129	6	15	0	50	500	500	0	500	500	40	
1.9999309543e+01	3	23	371	129	3	11	0	50	500	500	0	500	500	40	
2.0496306492e+01	3	23	379	121	1	9	0	50	500	500	0	500	500	40	
2.0996476449e+01	3	23	386	114	1	11	0	50	500	500	0	500	500	40	
2.1498582395e+01	3	24	384	116	2	8	0	50	500	500	0	500	500	40	
2.1999403637e+01	3	24	399	101	1	7	0	50	500	500	0	500	500	40	
2.2499652901e+01	3	25	387	113	2	3	0	50	500	500	0	500	500	40	
2.2989995442e+01	3	27	407	93	3	6	0	50	500	500	0	500	500	40	
2.3486420149e+01	3	28	397	103	4	4	0	50	500	500	0	500	500	40	
2.3986988076e+01	3	29	392	108	3	2	0	50	500	500	0	500	500	40	
2.4499721513e+01	2	30	388	112	4	9	0	50	500	500	0	500	500	40	
2.4993691160e+01	2	30	393	107	3	8	0	50	500	500	0	500	500	40	
2.5497019890e+01	2	31	406	94	2	6	0	50	500	500	0	500	500	40	
2.5999101413e+01	2	32	408	92	5	10	0	50	500	500	0	500	500	40	
2.6494945859e+01	2	33	400	100	1	10	0	50	500	500	0	500	500	40	
2.6996754321e+01	2	33	391	109	4	8	0	50	500	500	0	500	500	40	
2.7498219558e+01	2	33	382	118	4	9	0	50	500	500	0	500	500	40	
2.7996018802e+01	2	35	386	114	4	10	0	50	500	500	0	500	500	40	
2.8487116807e+01	2	35	392	108	5	14	0	50	500	500	0	500	500	40	
2.8999954424e+01	2	35	384	116	8	9	0	50	500	500	0	500	500	40	
2.9495911821e+01	4	35	390	110	3	8	0	50	500	500	0	500	500	40	
2.9998554632e+01	5	39	395	105	2	10	0	50	500	500	0	500	500	40	
3.0499388490e+01	4	41	391	109	6	7	0	50	500	500	0	500	500	40	
3.0997656052e+01	4	40	380	120	2	8	0	50	500	500	0	500	500	40	
3.1497509207e+01	4	41	379	121	2	10	0	50	500	500	0	500	500	40	
3.1999949252e+01	4	42	378	122	3	6	0	50	500	500	0	500	500	40	
3.2499250853e+01	4	42	368	132	2	6	0	50	500	500	0	500	500	40	
3.2999434853e+01	5	42	354	146	4	7	0	50	500	500	0	500	500	40	
3.3496795730e+01	4	43	358	142	2	6	0	50	500	500	0	500	500	40	
3.3998629809e+01	4	44	362	138	3	6	0	50	500	500	0	500	500	40	
3.4497125788e+01	3	45	372	128	4	3	0	50	500	500	0	500	500	40	
3.4996171267e+01	3	47	373	127	2	8	0	50	500	500	0	500	500	40	
3.5498728177e+01	4	50	368	132	3	6	0	50	500	500	0	500	500	40	
3.5988970654e+01	4	51	373	127	4	4	0	50	500	500	0	500	500	40	
3.6498050593e+01	5	51	379	121	3	6	0	50	500	500	0	500	500	40	
3.6999104191e+01	5	53	386	114	0	9	0	50	500	500	0	500	500	40	
3.7496881379e+01	5	53	376	124	2	5	0	50	500	500	0	500	500	40	
3.7997306941e+01	5	54	366	134	0	8	0	50	500	500	0	500	500	40	
3.8496658451e+01	5	56	377	123	3	6	0	50	500	500	0	500	500	40	
3.8997153089e+01	7	54	380	120	5	8	0	50	500	500	0	500	500	40	
3.9495433915e+01	7	54	376	124	0	6	0	50	500	500	0	500	500	40	
3.9993658546e+01	7	54	384	116	2	5	0	50	500	500	0	500	500	40	
4.0497600168e+01	6	55	383	117	6	11	0	50	500	500	0	500	500	40	
4.0997552929e+01	7	54	388	112	3	9	0	50	500	500	0	500	500	40	
4.1499566983e+01	7	56	378	122	1	9	0	50	500	500	0	500	500	40	
4.1997730817e+01	6	60	386	114	4	2	0	50	500	500	0	500	500	40	
4.2492735650e+01	6	60	392	108	1	8	0	50	500	500	0	500	500	40	
4.2991777507e+01	6	60	388	112	2	2	0	50	500	500	0	500	500	40	
4.3494506782e+01	7	60	396	104	4	4	0	50	500	500	0	500	500	40	
4.3997974299e+01	7	60	404	96	4	11	0	50	500	500	0	500	500	40	
4.4499644290e+01	6	61	393	107	2	4	0	50	500	500	0	500	500	40	
4.4992836628e+01	6	61	405	95	3	6	0	50	500	500	0	500	500	40	
4.5499119752e+01	6	61	411	89	3	3	0	50	500	500	0	500	500	40	
4.5984890620e+01	5	64	410	90	2	8	0	50	500	500	0	500	500	40	
4.6498970787e+01	5	64	420	80	2	10	0	50	500	500	0	500	500	40	
4.6996202379e+01	6	65	418	82	8	5	0	50	500	500	0	500	500	40	
4.7495517111e+01	6	66	424	76	1	10	0	50	500	500	0	500	500	40	
4.7986202306e+01	6	66	416	84	3	3	0	50	500	500	0	500	500	40	
4.8499103702e+01	6	68	424	76	4	6	0	50	500	500	0	500	500	40	
4.8998694857e+01	7	69	430	70	6	4	0	50	500	500	0	500	500	40	
4.9496241136e+01	7	72	418	82	4	9	0	50	500	500	0	500	500	40	
4.9998533290e+01	7	72	423	77	7	6	0	50	500	500	0	500	500	40	
5.0498966286e+01	7	72	422	78	1	9	0	50	500	500	0	500	500	40	
5.0997035502e+01	7	72	418	82	4	8	0	50	500	500	0	500	500	40	
5.1493094250e+01	8	72	408	92	4	8	0	50	500	500	0	500	500	40	
5.1988503283e+01	8	72	403	97	1	8	0	50	500	500	0	500	500	40	
5.2496711068e+01	8	74	402	98	1	6	0	50	500	500	0	500	500	40	
5.2990402059e+01	7	76	398	102	4	5	0	50	500	500	0	500	500	40	
5.3499018178e+01	8	79	397	103	3	8	0	50	500	500	0	500	500	40	
5.3995779278e+01	8	81	387	113	2	8	0	50	500	500	0	500	500	40	
5.4489109573e+01	8	80	380	120	1	5	0	50	500	500	0	500	500	40	
5.4999281973e+01	9	79	393	107	0	7	0	50	500	500	0	500	500	40	
5.5495424806e+01	8	79	407	93	4	5	0	50	500	500	0	500	500	40	
5.5996744956e+01	9	82	415	85	2	8	0	50	500	500	0	500	500	40	
5.6485345554e+01	9	82	394	106	2	6	0	50	500	500	0	500	500	40	
5.6990255841e+01	7	84	395	105	2	4	0	50	500	500	0	500	500	40	
5.7496952654e+01	7	86	403	97	6	3	0	50	500	500	0	500	500	40	
5.7999927267e+01	8	85	394	106	6	10	0	50	500	500	0	500	500	40	
5.8499206893e+01	9	85	396	104	4	14	0	50	500	500	0	500	500	40	
5.8997614073e+01	12	84	385	115	3	9	0	50	500	500	0	500	500	40	
5.9498976137e+01	14	84	399	101	2	6	0	50	500	500	0	500	500	40	
5.9996798492e+01	16	82	398	102	3	9	0	50	500	500	0	500	500	40	
6.0499566579e+01	16	83	392	108	2	11	0	50	500	500	0	500	500	40	
6.0998156905e+01	15	85	397	103	4	10	0	50	500	500	0	500	500	40	
6.1495997971e+01	16	85	390	110	1	13	0	50	500	500	0	500	500	40	
6.1998426489e+01	14	88	397	103	2	2	0	50	500	500	0	500	500	40	
6.2499365332e+01	13	90	390	110	2	7	0	50	500	500	0	500	500	40	
6.2997945752e+01	13	90	400	100	1	6	0	50	500	500	0	500	500	40	
6.3497739321e+01	13	90	405	95	2	11	0	50	500	500	0	500	500	40	
6.3993114870e+01	14	91	409	91	3	10	0	50	500	500	0	500	500	40	
6.4496161808e+01	15	90	393	107	7	12	0	50	500	500	0	500	500	40	
6.4994695247e+01	16	89	397	103	3	14	0	50	500	500	0	500	500	40	
6.5499777392e+01	14	91	400	100	5	9	0	50	500	500	0	500	500	40	
6.5998240011e+01	15	91	391	109	1	11	0	50	500	500	0	500	500	40	
6.6495952548e+01	15	91	369	131	2	8	0	50	500	500	0	500	500	40	
6.6999800407e+01	14	94	351	149	2	8	0	50	500	500	0	500	500	40	
6.7492413863e+01	12	97	352	148	3	4	0	50	500	500	0	500	500	40	
6.7999532934e+01	12	96	338	162	4	4	0	50	500	500	0	500	500	40	
6.8498932416e+01	12	95	354	146	3	4	0	50	500	500	0	500	500	40	
6.8990757177e+01	11	96	364	136	3	10	0	50	500	500	0	500	500	40	
6.9496937702e+01	11	99	373	127	3	7	0	50	500	500	0	500	500	40	
6.9999757889e+01	12	98	379	121	2	6	0	50	500	500	0	500	500	40	
7.0497299786e+01	12	101	394	106	0	5	0	50	500	500	0	500	500	40	
7.0999427670e+01	12	102	399	101	3	9	0	50	500	500	0	500	500	40	
7.1499354512e+01	14	101	409	91	4	10	0	50	500	500	0	500	500	40	
7.1989893784e+01	12	106	414	86	3	10	0	50	500	500	0	500	500	40	
7.2489727106e+01	13	107	412	88	3	6	0	50	500	500	0	500	500	40	
7.2998120491e+01	13	108	411	89	4	3	0	50	500	500	0	500	500	40	
7.3492900112e+01	13	109	402	98	3	7	0	50	500	500	0	500	500	40	
7.3999694986e+01	14	110	388	112	2	5	0	50	500	500	0	500	500	40	
7.4495562360e+01	14	112	379	121	3	5	0	50	500	500	0	500	500	40	
7.4999717223e+01	14	113	376	124	3	4	0	50	500	500	0	500	500	40	
7.5495729485e+01	15	113	368	132	3	5	0	50	500	500	0	500	500	40	
7.5999834669e+01	15	114	377	123	2	5	0	50	500	500	0	500	500	40	
7.6499897746e+01	13	117	369	131	3	9	0	50	500	500	0	500	500	40	
7.6995779566e+01	13	118	386	114	3	5	0	50	500	500	0	500	500	40	
7.7499476144e+01	12	120	393	107	6	9	0	50	500	500	0	500	500	40	
7.7999705303e+01	13	120	391	109	2	6	0	50	500	500	0	500	500	40	
7.8495589097e+01	15	119	394	106	4	12	0	50	500	500	0	500	500	40	
7.8998247987e+01	16	118	383	117	5	12	0	50	500	500	0	500	500	40	
7.9492672642e+01	16	118	397	103	2	9	0	50	500	500	0	500	500	40	
7.9994070362e+01	15	119	401	99	4	4	0	50	500	500	0	500	500	40	
8.0498992904e+01	16	120	407	93	5	12	0	50	500	500	0	500	500	40	
8.0999413292e+01	17	119	410	90	3	11	0	50	500	500	0	500	500	40	
8.1495056012e+01	15	122	398	102	6	5	0	50	500	500	0	500	500	40	
8.1995637211e+01	14	125	401	99	2	5	0	50	500	500	0	500	500	40	
8.2497672392e+01	15	125	392	108	4	10	0	50	500	500	0	500	500	40	
8.2997921774e+01	16	127	397	103	3	6	0	50	500	500	0	500	500	40	
8.3498808802e+01	16	127	399	101	1	2	0	50	500	500	0	500	500	40	
8.3992924551e+01	14	128	404	96	3	1	0	50	500	500	0	500	500	40	
8.4499914562e+01	14	129	403	97	5	4	0	50	500	500	0	500	500	40	
8.4998596064e+01	13	131	393	107	3	5	0	50	500	500	0	500	500	40	
8.5490004559e+01	11	133	390	110	7	5	0	50	500	500	0	500	500	40	
8.5999010671e+01	12	132	400	100	7	9	0	50	500	500	0	500	500	40	
8.6497185039e+01	11	133	398	102	4	7	0	50	500	500	0	500	500	40	
8.6997036773e+01	12	132	386	114	6	4	0	50	500	500	0	500	500	40	
8.7499022654e+01	11	134	388	112	4	5	0	50	500	500	0	500	500	40	
8.7996540111e+01	10	137	380	120	7	4	0	50	500	500	0	500	500	40	
8.8499392251e+01	11	138	377	123	3	6	0	50	500	500	0	500	500	40	
8.8999992632e+01	11	138	372	128	2	6	0	50	500	500	0	500	500	40	
8.9493610581e+01	10	141	386	114	9	5	0	50	500	500	0	500	500	40	
8.9997279151e+01	10	142	375	125	2	6	0	50	500	500	0	500	500	40	
9.0499522835e+01	12	141	357	143	3	3	0	50	500	500	0	500	500	40	
9.0997096110e+01	13	140	359	141	3	3	0	50	500	500	0	500	500	40	
9.1496276704e+01	13	140	370	130	2	3	0	50	500	500	0	500	500	40	
9.1998787796e+01	14	139	362	138	2	5	0	50	500	500	0	500	500	40	
9.2499269187e+01	13	140	363	137	4	8	0	50	500	500	0	500	500	40	
9.2996211784e+01	13	139	363	137	5	4	0	50	500	500	0	500	500	40	
9.3497404214e+01	14	140	364	136	4	8	0	50	500	500	0	500	500	40	
9.3992651430e+01	13	143	371	129	3	8	0	50	500	500	0	500	500	40	
9.4498861381e+01	14	142	374	126	3	5	0	50	500	500	0	500	500	40	
9.4998171021e+01	14	143	373	127	4	6	0	50	500	500	0	500	500	40	
9.5497451635e+01	11	147	381	119	0	7	0	50	500	500	0	500	500	40	
9.5999947468e+01	12	146	379	121	2	6	0	50	500	500	0	500	500	40	
9.6489938012e+01	9	149	368	132	3	13	0	50	500	500	0	500	500	40	
9.6997582080e+01	8	150	374	126	4	4	0	50	500	500	0	500	500	40	
9.7499913028e+01	7	151	376	124	4	8	0	50	500	500	0	500	500	40	
9.7997793061e+01	9	149	377	123	4	9	0	50	500	500	0	500	500	40	
9.8498211378e+01	9	149	380	120	2	6	0	50	500	500	0	500	500	40	
9.8999920348e+01	9	152	385	115	4	7	0	50	500	500	0	500	500	40	
9.9498299925e+01	8	156	402	98	5	6	0	50	500	500	0	500	500	40	
9.9995717938e+01	8	158	390	110	2	6	0	50	500	500	0	500	500	40	
1.0049374291e+02	10	157	396	104	2	8	0	50	500	500	0	500	500	40	
1.0099928048e+02	11	158	396	104	3	5	0	50	500	500	0	500	500	40	
1.0149843582e+02	11	156	397	103	2	4	0	50	500	500	0	500	500	40	
1.0199949562e+02	11	157	397	103	1	5	0	50	500	500	0	500	500	40	
1.0249139333e+02	11	158	413	87	5	9	0	50	500	500	0	500	500	40	
1.0299941236e+02	12	157	415	85	4	8	0	50	500	500	0	500	500	40	
1.0349727510e+02	12	157	417	83	5	4	0	50	500	500	0	500	500	40	
1.0399847230e+02	12	157	413	87	3	2	0	50	500	500	0	500	500	40	
1.0449678388e+02	13	156	418	82	2	4	0	50	500	500	0	500	500	40	
1.0499921391e+02	13	156	408	92	3	7	0	50	500	500	0	500	500	40	
1.0549972972e+02	11	159	396	104	3	8	0	50	500	500	0	500	500	40	
1.0599062494e+02	11	161	418	82	2	6	0	50	500	500	0	500	500	40	
1.0649815873e+02	11	161	411	89	3	5	0	50	500	500	0	500	500	40	
1.0699340447e+02	11	162	405	95	2	6	0	50	500	500	0	500	500	40	
1.0749998705e+02	10	164	416	84	5	3	0	50	500	500	0	500	500	40	
1.0799932404e+02	12	165	409	91	3	6	0	50	500	500	0	500	500	40	
1.0849918344e+02	13	165	384	116	4	8	0	50	500	500	0	500	500	40	
1.0899718664e+02	16	163	383	117	2	9	0	50	500	500	0	500	500	40	
1.0949881501e+02	18	162	381	119	4	5	0	50	500	500	0	500	500	40	
1.0999497117e+02	19	162	373	127	3	5	0	50	500	500	0	500	500	40	
1.1049977325e+02	19	166	385	115	5	4	0	50	500	500	0	500	500	40	
1.1099908095e+02	17	169	388	112	5	5	0	50	500	500	0	500	500	40	
1.1149839472e+02	17	170	382	118	3	7	0	50	500	500	0	500	500	40	
1.1199689358e+02	14	174	365	135	3	12	0	50	500	500	0	500	500	40	
1.1249577271e+02	13	175	376	124	1	10	0	50	500	500	0	500	500	40	
1.1299607348e+02	15	174	380	120	11	2	0	50	500	500	0	500	500	40	
1.1349961479e+02	14	175	380	120	5	6	0	50	500	500	0	500	500	40	
1.1399783214e+02	13	178	374	126	2	7	0	50	500	500	0	500	500	40	
1.1449436266e+02	15	178	370	130	7	5	0	50	500	500	0	500	500	40	
1.1499900581e+02	16	178	362	138	4	5	0	50	500	500	0	500	500	40	
1.1549970051e+02	19	176	355	145	4	3	0	50	500	500	0	500	500	40	
1.1599906984e+02	19	178	369	131	5	6	0	50	500	500	0	500	500	40	
1.1649671635e+02	22	176	363	137	4	5	0	50	500	500	0	500	500	40	
1.1699457024e+02	23	176	363	137	5	9	0	50	500	500	0	500	500	40	
1.1749781891e+02	24	177	353	147	3	5	0	50	500	500	0	500	500	40	
1.1799776909e+02	24	176	350	150	1	2	0	50	500	500	0	500	500	40	
1.1849907094e+02	23	178	360	140	1	4	0	50	500	500	0	500	500	40	
1.1899824558e+02	21	180	372	128	8	2	0	50	500	500	0	500	500	40	
1.1949767820e+02	20	181	373	127	1	4	0	50	500	500	0	500	500	40	
1.1998650912e+02	18	183	386	114	0	7	0	50	500	500	0	500	500	40	
1.2049905835e+02	17	184	388	112	1	5	0	50	500	500	0	500	500	40	
1.2099985201e+02	17	186	393	107	1	4	0	50	500	500	0	500	500	40	
1.2149999139e+02	17	187	405	95	5	8	0	50	500	500	0	500	500	40	
1.2199915521e+02	17	187	409	91	1	4	0	50	500	500	0	500	500	40	
1.2249916069e+02	18	188	399	101	2	6	0	50	500	500	0	500	500	40	
1.2298603698e+02	17	190	398	102	4	6	0	50	500	500	0	500	500	40	
1.2348893585e+02	17	190	394	106	4	4	0	50	500	500	0	500	500	40	
1.2398604608e+02	17	192	397	103	6	4	0	50	500	500	0	500	500	40	
1.2449773255e+02	17	192	399	101	3	5	0	50	500	500	0	500	500	40	
1.2499701001e+02	20	190	394	106	1	10	0	50	500	500	0	500	500	40	
1.2549886248e+02	21	190	385	115	2	8	0	50	500	500	0	500	500	40	
1.2599973840e+02	21	191	395	105	3	1	0	50	500	500	0	500	500	40	
1.2649813433e+02	22	191	389	111	3	5	0	50	500	500	0	500	500	40	
1.2699902998e+02	22	193	391	109	1	9	0	50	500	500	0	500	500	40	
1.2749870392e+02	21	195	387	113	3	8	0	50	500	500	0	500	500	40	
1.2799974974e+02	24	193	384	116	6	5	0	50	500	500	0	500	500	40	
1.2849956804e+02	24	193	385	115	4	9	0	50	500	500	0	500	500	40	
1.2899941867e+02	25	193	384	116	8	7	0	50	500	500	0	500	500	40	
1.2949711012e+02	27	193	381	119	1	6	0	50	500	500	0	500	500	40	
1.2998813993e+02	26	194	389	111	3	8	0	50	500	500	0	500	500	40	
1.3049986136e+02	27	192	383	117	9	3	0	50	500	500	0	500	500	40	
1.3099632879e+02	26	194	390	110	2	4	0	50	500	500	0	500	500	40	
1.3149609492e+02	25	195	384	116	4	3	0	50	500	500	0	500	500	40	
1.3198595548e+02	26	197	393	107	3	2	0	50	500	500	0	500	500	40	
1.3249711738e+02	26	199	384	116	1	6	0	50	500	500	0	500	500	40	
1.3299490532e+02	28	199	388	112	6	12	0	50	500	500	0	500	500	40	
1.3349749968e+02	29	199	380	120	3	11	0	50	500	500	0	500	500	40	
1.3399352036e+02	26	201	373	127	9	6	0	50	500	500	0	500	500	40	
1.3449572044e+02	29	199	367	133	5	5	0	50	500	500	0	500	500	40	
1.3499478023e+02	30	198	366	134	2	7	0	50	500	500	0	500	500	40	
1.3549261588e+02	30	198	364	136	2	4	0	50	500	500	0	500	500	40	
1.3599903630e+02	29	199	355	145	5	7	0	50	500	500	0	500	500	40	
1.3649745370e+02	30	199	358	142	7	4	0	50	500	500	0	500	500	40	
1.3699861167e+02	31	198	369	131	7	8	0	50	500	500	0	500	500	40	
1.3749430165e+02	32	198	373	127	2	10	0	50	500	500	0	500	500	40	
1.3799775996e+02	29	203	379	121	2	6	0	50	500	500	0	500	500	40	
1.3849823586e+02	28	205	374	126	2	8	0	50	500	500	0	500	500	40	
1.3899877604e+02	25	208	364	136	3	7	0	50	500	500	0	500	500	40	
1.3949966377e+02	24	211	369	131	4	7	0	50	500	500	0	500	500	40	
1.3999423475e+02	26	209	383	117	5	10	0	50	500	500	0	500	500	40	
1.4049814051e+02	26	211	375	125	6	9	0	50	500	500	0	500	500	40	
1.4099987781e+02	28	211	370	130	5	4	0	50	500	500	0	500	500	40	
1.4149320005e+02	30	209	365	135	4	5	0	50	500	500	0	500	500	40	
1.4199865423e+02	27	213	368	132	5	4	0	50	500	500	0	500	500	40	
1.4249110538e+02	26	216	368	132	1	4	0	50	500	500	0	500	500	40	
1.4299638000e+02	26	218	360	140	3	4	0	50	500	500	0	500	500	40	
1.4349924313e+02	26	218	373	127	4	11	0	50	500	500	0	500	500	40	
1.4399483629e+02	27	220	378	122	2	7	0	50	500	500	0	500	500	40	
1.4449610988e+02	26	222	380	120	4	6	0	50	500	500	0	500	500	40	
1.4499881512e+02	27	222	383	117	3	11	0	50	500	500	0	500	500	40	
1.4549018047e+02	29	220	382	118	4	3	0	50	500	500	0	500	500	40	
1.4599733922e+02	32	217	395	105	8	0	0	50	500	500	0	500	500	40	
1.4649931317e+02	32	216	403	97	2	10	0	50	500	500	0	500	500	40	
1.4699948788e+02	32	218	394	106	6	9	0	50	500	500	0	500	500	40	
1.4749508748e+02	31	219	386	114	6	7	0	50	500	500	0	500	500	40	
1.4799745201e+02	29	222	382	118	3	6	0	50	500	500	0	500	500	40	
1.4849658609e+02	29	222	379	121	2	7	0	50	500	500	0	500	500	40	
1.4899974710e+02	26	225	382	118	3	3	0	50	500	500	0	500	500	40	
1.4949791043e+02	25	226	385	115	4	4	0	50	500	500	0	500	500	40	
1.4999709630e+02	25	227	390	110	3	9	0	50	500	500	0	500	500	40	
1.5049938842e+02	25	230	390	110	1	5	0	50	500	500	0	500	500	40	
1.5099765299e+02	24	233	400	100	4	2	0	50	500	500	0	500	500	40	
1.5149816048e+02	24	235	384	116	3	7	0	50	500	500	0	500	500	40	
1.5199827817e+02	24	236	389	111	8	7	0	50	500	500	0	500	500	40	
1.5249968135e+02	24	236	380	120	4	6	0	50	500	500	0	500	500	40	
1.5299459893e+02	22	239	373	127	1	6	0	50	500	500	0	500	500	40	
1.5349996610e+02	21	242	361	139	1	4	0	50	500	500	0	500	500	40	
1.5399700664e+02	19	244	378	122	0	9	0	50	500	500	0	500	500	40	
1.5449676629e+02	21	242	373	127	4	7	0	50	500	500	0	500	500	40	
1.5499925129e+02	20	243	380	120	2	8	0	50	500	500	0	500	500	40	
1.5549698074e+02	22	244	379	121	2	5	0	50	500	500	0	500	500	40	
1.5599850166e+02	26	241	371	129	5	7	0	50	500	500	0	500	500	40	
1.5649862994e+02	24	243	368	132	3	3	0	50	500	500	0	500	500	40	
1.5698087424e+02	24	244	375	125	0	7	0	50	500	500	0	500	500	40	
1.5749888560e+02	23	245	387	113	3	6	0	50	500	500	0	500	500	40	
1.5799748670e+02	25	242	388	112	5	3	0	50	500	500	0	500	500	40	
1.5849134792e+02	23	245	391	109	5	6	0	50	500	500	0	500	500	40	
1.5899830359e+02	22	246	397	103	7	5	0	50	500	500	0	500	500	40	
1.5949880017e+02	22	248	403	97	6	10	0	50	500	500	0	500	500	40	
1.5999820076e+02	27	245	413	87	5	5	0	50	500	500	0	500	500	40	
1.6049402098e+02	27	245	406	94	2	6	0	50	500	500	0	500	500	40	
1.6099867077e+02	26	245	384	116	6	5	0	50	500	500	0	500	500	40	
1.6149935779e+02	26	247	377	123	6	4	0	50	500	500	0	500	500	40	
1.6199726344e+02	24	249	358	142	4	7	0	50	500	500	0	500	500	40	
1.6249807279e+02	22	251	362	138	3	6	0	50	500	500	0	500	500	40	
1.6299428870e+02	20	254	360	140	2	2	0	50	500	500	0	500	500	40	
1.6349490911e+02	19	255	347	153	4	4	0	50	500	500	0	500	500	40	
1.6399774675e+02	22	252	345	155	0	7	0	50	500	500	0	500	500	40	
1.6449877930e+02	24	250	346	154	6	3	0	50	500	500	0	500	500	40	
1.6499750488e+02	24	251	352	148	0	9	0	50	500	500	0	500	500	40	
1.6549824719e+02	23	251	340	160	3	5	0	50	500	500	0	500	500	40	
1.6599815706e+02	20	257	336	164	2	4	0	50	500	500	0	500	500	40	
1.6649911385e+02	19	258	349	151	5	6	0	50	500	500	0	500	500	40	
1.6699991701e+02	20	258	353	147	1	6	0	50	500	500	0	500	500	40	
1.6749906429e+02	21	257	342	158	3	1	0	50	500	500	0	500	500	40	
1.6799750429e+02	19	260	347	153	2	7	0	50	500	500	0	500	500	40	
1.6849451692e+02	22	256	350	150	2	3	0	50	500	500	0	500	500	40	
1.6899761619e+02	21	261	346	154	4	4	0	50	500	500	0	500	500	40	
1.6949587123e+02	19	263	367	133	4	7	0	50	500	500	0	500	500	40	
1.6998833772e+02	19	265	357	143	2	2	0	50	500	500	0	500	500	40	
1.7049661793e+02	20	262	354	146	4	6	0	50	500	500	0	500	500	40	
1.7099900993e+02	25	258	346	154	1	6	0	50	500	500	0	500	500	40	
1.7149847459e+02	27	255	348	152	5	4	0	50	500	500	0	500	500	40	
1.7199979746e+02	24	258	360	140	2	9	0	50	500	500	0	500	500	40	
1.7249729215e+02	24	258	355	145	6	15	0	50	500	500	0	500	500	40	
1.7299724034e+02	26	257	344	156	5	6	0	50	500	500	0	500	500	40	
1.7349593665e+02	26	259	342	158	3	7	0	50	500	500	0	500	500	40	
1.7399766077e+02	26	259	334	166	4	9	0	50	500	500	0	500	500	40	
1.7449834553e+02	26	259	336	164	6	6	0	50	500	500	0	500	500	40	
1.7499850769e+02	25	262	340	160	4	9	0	50	500	500	0	500	500	40	
1.7549940871e+02	23	264	344	156	5	5	0	50	500	500	0	500	500	40	
1.7599946336e+02	22	266	347	153	5	8	0	50	500	500	0	500	500	40	
1.7649670190e+02	24	263	361	139	3	1	0	50	500	500	0	500	500	40	
1.7699895154e+02	22	265	360	140	2	3	0	50	500	500	0	500	500	40	
1.7749627551e+02	23	264	365	135	1	2	0	50	500	500	0	500	500	40	
1.7799272441e+02	24	263	367	133	6	1	0	50	500	500	0	500	500	40	
1.7849966712e+02	21	264	374	126	2	3	0	50	500	500	0	500	500	40	
1.7899313187e+02	19	265	374	126	5	3	0	50	500	500	0	500	500	40	
1.7949521892e+02	18	264	369	131	4	4	0	50	500	500	0	500	500	40	
1.7999895409e+02	17	264	366	134	3	5	0	50	500	500	0	500	500	40	
1.8049868511e+02	17	266	368	132	3	7	0	50	500	500	0	500	500	40	
1.8099936769e+02	19	265	354	146	2	11	0	50	500	500	0	500	500	40	
1.8149237962e+02	21	265	350	150	2	10	0	50	500	500	0	500	500	40	
1.8199945275e+02	20	266	347	153	3	6	0	50	500	500	0	500	500	40	
1.8249518918e+02	21	269	352	148	3	4	0	50	500	500	0	500	500	40	
1.8299944533e+02	20	270	354	146	5	3	0	50	500	500	0	500	500	40	
1.8349519954e+02	19	271	367	133	2	8	0	50	500	500	0	500	500	40	
1.8399894758e+02	19	269	372	128	2	8	0	50	500	500	0	500	500	40	
1.8449683052e+02	20	268	376	124	3	6	0	50	500	500	0	500	500	40	
1.8499739303e+02	21	267	387	113	4	10	0	50	500	500	0	500	500	40	
1.8549872193e+02	22	270	371	129	7	4	0	50	500	500	0	500	500	40	
1.8599604533e+02	22	270	366	134	4	5	0	50	500	500	0	500	500	40	
1.8649806883e+02	24	268	362	138	6	9	0	50	500	500	0	500	500	40	
1.8699829678e+02	25	268	372	128	3	4	0	50	500	500	0	500	500	40	
1.8749155260e+02	27	266	373	127	8	6	0	50	500	500	0	500	500	40	
1.8799895792e+02	28	265	374	126	4	9	0	50	500	500	0	500	500	40	
1.8849949660e+02	28	266	380	120	3	9	0	50	500	500	0	500	500	40	
1.8899517700e+02	28	266	371	129	4	5	0	50	500	500	0	500	500	40	
1.8949930423e+02	25	268	380	120	5	5	0	50	500	500	0	500	500	40	
1.8999695252e+02	23	272	369	131	2	3	0	50	500	500	0	500	500	40	
1.9049842903e+02	23	271	366	134	0	4	0	50	500	500	0	500	500	40	
1.9099988579e+02	22	273	359	141	1	7	0	50	500	500	0	500	500	40	
1.9149380137e+02	23	274	365	135	7	4	0	50	500	500	0	500	500	40	
1.9199883049e+02	23	275	369	131	5	8	0	50	500	500	0	500	500	40	
1.9249633197e+02	23	275	376	124	5	3	0	50	500	500	0	500	500	40	
1.9299859285e+02	20	280	361	139	5	8	0	50	500	500	0	500	500	40	
1.9349940501e+02	19	281	356	144	5	9	0	50	500	500	0	500	500	40	
1.9399852717e+02	17	283	352	148	2	4	0	50	500	500	0	500	500	40	
1.9449985180e+02	16	285	361	139	2	8	0	50	500	500	0	500	500	40	
1.9499007722e+02	16	284	372	128	4	5	0	50	500	500	0	500	500	40	
1.9549886246e+02	20	280	370	130	2	6	0	50	500	500	0	500	500	40	
1.9599653251e+02	21	281	380	120	3	13	0	50	500	500	0	500	500	40	
1.9649710045e+02	25	278	389	111	6	6	0	50	500	500	0	500	500	40	
1.9699917630e+02	26	279	394	106	4	6	0	50	500	500	0	500	500	40	
1.9749168697e+02	27	278	390	110	2	9	0	50	500	500	0	500	500	40	
1.9799392728e+02	25	279	396	104	3	2	0	50	500	500	0	500	500	40	
1.9849377835e+02	26	279	386	114	1	6	0	50	500	500	0	500	500	40	
1.9899004581e+02	28	279	388	112	4	2	0	50	500	500	0	500	500	40	
1.9949518246e+02	25	282	381	119	2	2	0	50	500	500	0	500	500	40	
1.9999893061e+02	24	283	383	117	4	7	0	50	500	500	0	500	500	40	
2.0049874929e+02	23	284	382	118	6	6	0	50	500	500	0	500	500	40	
2.0099691086e+02	24	285	388	112	3	8	0	50	500	500	0	500	500	40	
2.0149820805e+02	24	289	385	115	8	2	0	50	500	500	0	500	500	40	
2.0199876240e+02	23	292	380	120	5	1	0	50	500	500	0	500	500	40	
2.0249992991e+02	23	292	378	122	3	4	0	50	500	500	0	500	500	40	
2.0299787654e+02	20	299	397	103	5	4	0	50	500	500	0	500	500	40	
2.0349986482e+02	19	300	407	93	4	5	0	50	500	500	0	500	500	40	
2.0399958682e+02	21	297	386	114	4	8	0	50	500	500	0	500	500	40	
2.0449240536e+02	25	294	394	106	2	7	0	50	500	500	0	500	500	40	
2.0498782563e+02	27	294	391	109	4	6	0	50	500	500	0	500	500	40	
2.0549577106e+02	27	294	394	106	2	9	0	50	500	500	0	500	500	40	
2.0599710117e+02	26	294	385	115	2	4	0	50	500	500	0	500	500	40	
2.0648257064e+02	27	293	385	115	6	5	0	50	500	500	0	500	500	40	
2.0699937939e+02	25	294	391	109	5	5	0	50	500	500	0	500	500	40	
2.0749623383e+02	28	291	388	112	5	14	0	50	500	500	0	500	500	40	
2.0799934668e+02	27	292	379	121	2	4	0	50	500	500	0	500	500	40	
2.0849525413e+02	28	291	379	121	2	8	0	50	500	500	0	500	500	40	
2.0899839214e+02	29	288	383	117	1	10	0	50	500	500	0	500	500	40	
2.0949679968e+02	31	289	380	120	3	7	0	50	500	500	0	500	500	40	
2.0999475337e+02	35	287	377	123	6	6	0	50	500	500	0	500	500	40	
2.1049678302e+02	38	287	370	130	3	7	0	50	500	500	0	500	500	40	
2.1099866984e+02	39	286	368	132	5	11	0	50	500	500	0	500	500	40	
2.1149666955e+02	39	290	371	129	8	5	0	50	500	500	0	500	500	40	
2.1199690139e+02	38	294	372	128	7	9	0	50	500	500	0	500	500	40	
2.1249680605e+02	41	292	366	134	3	9	0	50	500	500	0	500	500	40	
2.1299772183e+02	42	292	367	133	4	6	0	50	500	500	0	500	500	40	
2.1349874767e+02	44	290	377	123	1	9	0	50	500	500	0	500	500	40	
2.1399922825e+02	47	290	372	128	3	5	0	50	500	500	0	500	500	40	
2.1449844596e+02	44	295	362	138	1	3	0	50	500	500	0	500	500	40	
2.1499169428e+02	40	300	373	127	5	3	0	50	500	500	0	500	500	40	
2.1549833926e+02	38	302	374	126	2	8	0	50	500	500	0	500	500	40	
2.1599888491e+02	36	305	381	119	5	4	0	50	500	500	0	500	500	40	
2.1649994089e+02	36	306	382	118	6	6	0	50	500	500	0	500	500	40	
2.1699848928e+02	35	312	391	109	4	5	0	50	500	500	0	500	500	40	
2.1749797869e+02	37	312	393	107	2	2	0	50	500	500	0	500	500	40	
2.1799968424e+02	35	315	390	110	3	5	0	50	500	500	0	500	500	40	
2.1849614669e+02	32	318	386	114	3	2	0	50	500	500	0	500	500	40	
2.1899946867e+02	29	321	361	139	5	4	0	50	500	500	0	500	500	40	
2.1949256157e+02	33	317	350	150	1	5	0	50	500	500	0	500	500	40	
2.1999819662e+02	31	318	350	150	10	7	0	50	500	500	0	500	500	40	
2.2049990910e+02	31	321	351	149	4	8	0	50	500	500	0	500	500	40	
2.2099921925e+02	32	321	363	137	2	6	0	50	500	500	0	500	500	40	
2.2149948926e+02	32	323	370	130	6	2	0	50	500	500	0	500	500	40	
2.2199990309e+02	32	324	379	121	4	9	0	50	500	500	0	500	500	40	
2.2249884959e+02	34	323	390	110	4	11	0	50	500	500	0	500	500	40	
2.2299853480e+02	34	323	384	116	8	7	0	50	500	500	0	500	500	40	
2.2349847510e+02	37	321	385	115	6	3	0	50	500	500	0	500	500	40	
2.2399998051e+02	37	321	374	126	1	10	0	50	500	500	0	500	500	40	
2.2449874509e+02	37	321	360	140	1	8	0	50	500	500	0	500	500	40	
2.2499979721e+02	39	318	351	149	5	8	0	50	500	500	0	500	500	40	
2.2549637923e+02	37	321	351	149	3	5	0	50	500	500	0	500	500	40	
2.2599937810e+02	35	323	361	139	4	8	0	50	500	500	0	500	500	40	
2.2649929890e+02	35	323	364	136	4	4	0	50	500	500	0	500	500	40	
2.2698479829e+02	36	323	369	131	5	1	0	50	500	500	0	500	500	40	
2.2749906518e+02	39	321	366	134	4	9	0	50	500	500	0	500	500	40	
2.2799640259e+02	38	321	376	124	1	3	0	50	500	500	0	500	500	40	
2.2849355183e+02	39	323	389	111	0	7	0	50	500	500	0	500	500	40	
2.2899671977e+02	40	323	393	107	7	4	0	50	500	500	0	500	500	40	
2.2949892154e+02	39	324	389	111	3	4	0	50	500	500	0	500	500	40	
2.2999961610e+02	38	327	385	115	10	2	0	50	500	500	0	500	500	40	
2.3049799955e+02	41	324	393	107	2	10	0	50	500	500	0	500	500	40	
2.3099859197e+02	44	319	396	104	2	9	0	50	500	500	0	500	500	40	
2.3149941490e+02	48	315	396	104	1	10	0	50	500	500	0	500	500	40	
2.3199562252e+02	45	319	406	94	4	2	0	50	500	500	0	500	500	40	
2.3249859721e+02	48	316	400	100	5	4	0	50	500	500	0	500	500	40	
2.3299903757e+02	47	318	409	91	6	5	0	50	500	500	0	500	500	40	
2.3349956800e+02	46	320	405	95	3	7	0	50	500	500	0	500	500	40	
2.3399970115e+02	43	326	388	112	7	7	0	50	500	500	0	500	500	40	
2.3449632970e+02	45	324	392	108	5	6	0	50	500	500	0	500	500	40	
2.3499780832e+02	47	323	394	106	2	5	0	50	500	500	0	500	500	40	
2.3549896138e+02	53	318	388	112	3	4	0	50	500	500	0	500	500	40	
2.3599972374e+02	50	323	384	116	1	1	0	50	500	500	0	500	500	40	
2.3649312225e+02	49	325	386	114	3	7	0	50	500	500	0	500	500	40	
2.3699583287e+02	48	328	390	110	3	3	0	50	500	500	0	500	500	40	
2.3749831342e+02	47	328	399	101	3	5	0	50	500	500	0	500	500	40	
2.3799608242e+02	50	326	393	107	1	7	0	50	500	500	0	500	500	40	
2.3849982561e+02	47	331	388	112	0	5	0	50	500	500	0	500	500	40	
2.3899945857e+02	49	329	379	121	3	6	0	50	500	500	0	500	500	40	
2.3949582093e+02	46	333	374	126	4	4	0	50	500	500	0	500	500	40	
2.3999866543e+02	44	336	356	144	1	6	0	50	500	500	0	500	500	40	
2.4049891955e+02	44	336	370	130	5	6	0	50	500	500	0	500	500	40	
2.4099609336e+02	43	338	365	135	2	9	0	50	500	500	0	500	500	40	
2.4149571599e+02	45	336	372	128	4	5	0	50	500	500	0	500	500	40	
2.4199586076e+02	47	334	375	125	9	6	0	50	500	500	0	500	500	40	
2.4249939317e+02	50	331	365	135	7	6	0	50	500	500	0	500	500	40	
2.4299916864e+02	47	332	370	130	4	8	0	50	500	500	0	500	500	40	
2.4349964564e+02	48	332	381	119	4	7	0	50	500	500	0	500	500	40	
2.4399800457e+02	50	329	365	135	5	4	0	50	500	500	0	500	500	40	
2.4449989158e+02	49	331	361	139	7	0	0	50	500	500	0	500	500	40	
2.4499904739e+02	47	336	365	135	3	5	0	50	500	500	0	500	500	40	
2.4549084187e+02	45	340	365	135	6	3	0	50	500	500	0	500	500	40	
2.4599931779e+02	49	336	364	136	6	9	0	50	500	500	0	500	500	40	
2.4649754684e+02	51	335	370	130	5	5	0	50	500	500	0	500	500	40	
2.4699990841e+02	48	337	369	131	5	7	0	50	500	500	0	500	500	40	
2.4749797866e+02	45	339	373	127	3	5	0	50	500	500	0	500	500	40	
2.4799929582e+02	43	341	375	125	3	4	0	50	500	500	0	500	500	40	
2.4849794473e+02	44	340	387	113	5	2	0	50	500	500	0	500	500	40	
2.4899979121e+02	45	340	376	124	8	8	0	50	500	500	0	500	500	40	
2.4949990692e+02	45	341	383	117	1	12	0	50	500	500	0	500	500	40	
2.4999461596e+02	49	338	389	111	7	6	0	50	500	500	0	500	500	40	
2.5049920633e+02	43	345	374	126	4	6	0	50	500	500	0	500	500	40	
2.5099938577e+02	43	345	380	120	4	3	0	50	500	500	0	500	500	40	
2.5149788189e+02	44	345	367	133	2	7	0	50	500	500	0	500	500	40	
2.5199955353e+02	44	347	357	143	5	10	0	50	500	500	0	500	500	40	
2.5249940334e+02	44	345	346	154	3	6	0	50	500	500	0	500	500	40	
2.5299951616e+02	44	347	335	165	5	7	0	50	500	500	0	500	500	40	
2.5349750728e+02	46	345	347	153	5	6	0	50	500	500	0	500	500	40	
2.5399708518e+02	43	348	336	164	4	8	0	50	500	500	0	500	500	40	
2.5449848337e+02	41	352	342	158	0	8	0	50	500	500	0	500	500	40	
2.5499791966e+02	42	352	340	160	6	10	0	50	500	500	0	500	500	40	
2.5549914532e+02	41	353	340	160	5	6	0	50	500	500	0	500	500	40	
2.5599952687e+02	41	354	339	161	2	6	0	50	500	500	0	500	500	40	
2.5649867639e+02	44	353	346	154	7	13	0	50	500	500	0	500	500	40	
2.5699938284e+02	46	351	334	166	4	7	0	50	500	500	0	500	500	40	
2.5749986004e+02	46	352	341	159	4	4	0	50	500	500	0	500	500	40	
2.5799454033e+02	42	355	349	151	4	6	0	50	500	500	0	500	500	40	
2.5849700220e+02	41	357	348	152	1	9	0	50	500	500	0	500	500	40	
2.5899959280e+02	37	362	340	160	6	3	0	50	500	500	0	500	500	40	
2.5949786921e+02	41	357	346	154	6	7	0	50	500	500	0	500	500	40	
2.5999726340e+02	41	357	354	146	3	7	0	50	500	500	0	500	500	40	
2.6049985311e+02	35	363	354	146	2	2	0	50	500	500	0	500	500	40	
2.6099489013e+02	33	365	342	158	5	5	0	50	500	500	0	500	500	40	
2.6149929535e+02	33	366	341	159	6	4	0	50	500	500	0	500	500	40	
2.6199659900e+02	31	369	323	177	6	4	0	50	500	500	0	500	500	40	
2.6249934133e+02	29	369	327	173	3	6	0	50	500	500	0	500	500	40	
2.6299265206e+02	30	368	334	166	3	2	0	50	500	500	0	500	500	40	
2.6349570019e+02	28	372	325	175	4	4	0	50	500	500	0	500	500	40	
2.6399249182e+02	27	373	328	172	3	3	0	50	500	500	0	500	500	40	
2.6449537449e+02	24	378	337	163	6	7	0	50	500	500	0	500	500	40	
2.6499868957e+02	24	381	334	166	4	3	0	50	500	500	0	500	500	40	
2.6549272704e+02	25	381	341	159	4	6	0	50	500	500	0	500	500	40	
2.6599229876e+02	25	381	339	161	1	10	0	50	500	500	0	500	500	40	
2.6649741748e+02	22	384	335	165	4	4	0	50	500	500	0	500	500	40	
2.6699759286e+02	22	386	353	147	3	8	0	50	500	500	0	500	500	40	
2.6749992255e+02	23	386	358	142	3	2	0	50	500	500	0	500	500	40	
2.6799758863e+02	27	383	362	138	5	3	0	50	500	500	0	500	500	40	
2.6849997340e+02	27	383	363	137	3	5	0	50	500	500	0	500	500	40	
2.6899781929e+02	26	384	345	155	4	8	0	50	500	500	0	500	500	40	
2.6949573837e+02	29	383	340	160	1	5	0	50	500	500	0	500	500	40	
2.6999391701e+02	29	385	350	150	2	13	0	50	500	500	0	500	500	40	
2.7049395502e+02	34	382	342	158	7	8	0	50	500	500	0	500	500	40	
2.7099950363e+02	33	383	344	156	1	6	0	50	500	500	0	500	500	40	
2.7149919227e+02	33	383	343	157	2	10	0	50	500	500	0	500	500	40	
2.7199674831e+02	32	384	336	164	5	8	0	50	500	500	0	500	500	40	
2.7249961344e+02	30	387	327	173	4	9	0	50	500	500	0	500	500	40	
2.7299463628e+02	30	388	329	171	5	9	0	50	500	500	0	500	500	40	
2.7349058838e+02	31	388	343	157	4	4	0	50	500	500	0	500	500	40	
2.7399876133e+02	31	390	347	153	2	11	0	50	500	500	0	500	500	40	
2.7449903222e+02	33	389	363	137	3	12	0	50	500	500	0	500	500	40	
2.7499976600e+02	33	387	354	146	2	5	0	50	500	500	0	500	500	40	
2.7549979510e+02	32	387	353	147	4	6	0	50	500	500	0	500	500	40	
2.7599819721e+02	33	388	346	154	3	5	0	50	500	500	0	500	500	40	
2.7649608451e+02	32	390	348	152	7	6	0	50	500	500	0	500	500	40	
2.7699985895e+02	30	393	348	152	3	8	0	50	500	500	0	500	500	40	
2.7749582464e+02	28	395	360	140	2	4	0	50	500	500	0	500	500	40	
2.7799518493e+02	28	395	365	135	2	7	0	50	500	500	0	500	500	40	
2.7849973701e+02	27	396	356	144	2	5	0	50	500	500	0	500	500	40	
2.7899615356e+02	28	396	346	154	3	9	0	50	500	500	0	500	500	40	
2.7949954120e+02	27	397	358	142	1	9	0	50	500	500	0	500	500	40	
2.7999981393e+02	25	398	350	150	2	4	0	50	500	500	0	500	500	40	
2.8049734976e+02	23	402	351	149	8	2	0	50	500	500	0	500	500	40	
2.8099670543e+02	23	401	342	158	5	7	0	50	500	500	0	500	500	40	
2.8149999125e+02	22	401	345	155	8	4	0	50	500	500	0	500	500	40	
2.8199905347e+02	19	405	356	144	4	11	0	50	500	500	0	500	500	40	
2.8249853192e+02	24	403	362	138	4	6	0	50	500	500	0	500	500	40	
2.8299997345e+02	26	402	376	124	5	4	0	50	500	500	0	500	500	40	
2.8349592138e+02	27	403	389	111	5	3	0	50	500	500	0	500	500	40	
2.8399765054e+02	33	397	399	101	8	8	0	50	500	500	0	500	500	40	
2.8449948963e+02	33	394	399	101	3	13	0	50	500	500	0	500	500	40	
2.8499929563e+02	34	393	387	113	9	8	0	50	500	500	0	500	500	40	
2.8549550639e+02	34	394	379	121	5	9	0	50	500	500	0	500	500	40	
2.8599674535e+02	35	393	386	114	3	4	0	50	500	500	0	500	500	40	
2.8649644055e+02	35	393	398	102	3	5	0	50	500	500	0	500	500	40	
2.8699930434e+02	37	392	401	99	8	1	0	50	500	500	0	500	500	40	
2.8749832176e+02	38	391	388	112	10	8	0	50	500	500	0	500	500	40	
2.8799991011e+02	37	393	386	114	3	4	0	50	500	500	0	500	500	40	
2.8849934271e+02	35	395	397	103	1	3	0	50	500	500	0	500	500	40	
2.8899883668e+02	36	394	383	117	4	4	0	50	500	500	0	500	500	40	
2.8949757589e+02	35	398	387	113	6	2	0	50	500	500	0	500	500	40	
2.8998582925e+02	37	395	384	116	2	4	0	50	500	500	0	500	500	40	
2.9049978050e+02	36	396	382	118	2	7	0	50	500	500	0	500	500	40	
2.9099416040e+02	35	398	367	133	2	4	0	50	500	500	0	500	500	40	
2.9149368706e+02	33	401	373	127	3	6	0	50	500	500	0	500	500	40	
2.9199580637e+02	30	406	364	136	5	6	0	50	500	500	0	500	500	40	
2.9249867288e+02	32	405	366	134	4	7	0	50	500	500	0	500	500	40	
2.9299896333e+02	36	400	376	124	6	3	0	50	500	500	0	500	500	40	
2.9349888575e+02	36	398	378	122	2	4	0	50	500	500	0	500	500	40	
2.9399936034e+02	36	398	381	119	5	7	0	50	500	500	0	500	500	40	
2.9449992557e+02	36	400	402	98	3	8	0	50	500	500	0	500	500	40	
2.9499872082e+02	40	396	404	96	3	3	0	50	500	500	0	500	500	40	
2.9549716760e+02	38	398	385	115	2	10	0	50	500	500	0	500	500	40	
2.9599954445e+02	35	401	373	127	7	4	0	50	500	500	0	500	500	40	
2.9649973385e+02	34	403	375	125	2	7	0	50	500	500	0	500	500	40	
2.9699998995e+02	36	403	366	134	7	11	0	50	500	500	0	500	500	40	
2.9749716176e+02	37	402	379	121	7	10	0	50	500	500	0	500	500	40	
2.9799638399e+02	37	402	374	126	4	8	0	50	500	500	0	500	500	40	
2.9849872611e+02	35	405	363	137	6	6	0	50	500	500	0	500	500	40	
2.9899910862e+02	34	407	354	146	3	6	0	50	500	500	0	500	500	40	
2.9949891568e+02	33	409	344	156	3	4	0	50	500	500	0	500	500	40	
2.9998977197e+02	34	409	362	138	3	8	0	50	500	500	0	500	500	40	
3.0049595639e+02	36	409	377	123	7	6	0	50	500	500	0	500	500	40	
3.0099829008e+02	41	404	372	128	2	4	0	50	500	500	0	500	500	40	
3.0149879868e+02	38	407	372	128	2	5	0	50	500	500	0	500	500	40	
3.0199801475e+02	37	408	370	130	3	4	0	50	500	500	0	500	500	40	
3.0249898490e+02	34	412	380	120	1	3	0	50	500	500	0	500	500	40	
3.0299865465e+02	35	412	379	121	3	6	0	50	500	500	0	500	500	40	
3.0349844389e+02	35	412	371	129	3	7	0	50	500	500	0	500	500	40	
3.0399003198e+02	34	415	386	114	2	6	0	50	500	500	0	500	500	40	
3.0449995593e+02	35	416	389	111	4	6	0	50	500	500	0	500	500	40	
3.0499981283e+02	38	413	385	115	3	5	0	50	500	500	0	500	500	40	
3.0549378020e+02	37	415	391	109	4	6	0	50	500	500	0	500	500	40	
3.0599719215e+02	39	413	394	106	10	3	0	50	500	500	0	500	500	40	
3.0649973173e+02	36	416	387	113	6	8	0	50	500	500	0	500	500	40	
3.0699745873e+02	37	416	397	103	7	4	0	50	500	500	0	500	500	40	
3.0749322802e+02	36	416	391	109	3	3	0	50	500	500	0	500	500	40	
3.0799885774e+02	37	413	379	121	7	3	0	50	500	500	0	500	500	40	
3.0849463001e+02	36	415	372	128	4	5	0	50	500	500	0	500	500	40	
3.0899938812e+02	37	414	370	130	3	5	0	50	500	500	0	500	500	40	
3.0949776579e+02	37	414	365	135	4	11	0	50	500	500	0	500	500	40	
3.0999822134e+02	37	412	364	136	7	7	0	50	500	500	0	500	500	40	
3.1049894348e+02	39	410	368	132	6	13	0	50	500	500	0	500	500	40	
3.1099760007e+02	45	405	367	133	3	10	0	50	500	500	0	500	500	40	
3.1149981139e+02	48	403	377	123	5	7	0	50	500	500	0	500	500	40	
3.1199925063e+02	53	400	374	126	6	8	0	50	500	500	0	500	500	40	
3.1249739799e+02	53	401	370	130	4	4	0	50	500	500	0	500	500	40	
3.1299945375e+02	54	399	384	116	1	12	0	50	500	500	0	500	500	40	
3.1349935667e+02	57	397	384	116	7	9	0	50	500	500	0	500	500	40	
3.1399954423e+02	58	396	388	112	6	9	0	50	500	500	0	500	500	40	
3.1449904429e+02	58	396	384	116	7	8	0	50	500	500	0	500	500	40	
3.1499963462e+02	59	396	385	115	6	12	0	50	500	500	0	500	500	40	
3.1549712600e+02	61	394	386	114	4	10	0	50	500	500	0	500	500	40	
3.1599937607e+02	63	392	384	116	2	8	0	50	500	500	0	500	500	40	
3.1649736015e+02	63	396	393	107	4	8	0	50	500	500	0	500	500	40	
3.1699958994e+02	63	396	389	111	3	6	0	50	500	500	0	500	500	40	
3.1749998687e+02	64	397	387	113	2	6	0	50	500	500	0	500	500	40	
3.1799970478e+02	62	400	391	109	5	3	0	50	500	500	0	500	500	40	
3.1849233066e+02	65	399	382	118	5	7	0	50	500	500	0	500	500	40	
3.1899653823e+02	64	399	386	114	6	5	0	50	500	500	0	500	500	40	
3.1949783903e+02	64	400	377	123	7	2	0	50	500	500	0	500	500	40	
3.1999790519e+02	66	400	384	116	6	5	0	50	500	500	0	500	500	40	
3.2049363948e+02	65	402	385	115	8	9	0	50	500	500	0	500	500	40	
3.2099545595e+02	66	403	403	97	5	11	0	50	500	500	0	500	500	40	
3.2149875136e+02	71	399	416	84	6	12	0	50	500	500	0	500	500	40	
3.2199941038e+02	72	397	420	80	5	4	0	50	500	500	0	500	500	40	
3.2249878739e+02	71	399	409	91	6	7	0	50	500	500	0	500	500	40	
3.2299902309e+02	70	401	392	108	5	6	0	50	500	500	0	500	500	40	
3.2349980954e+02	70	403	400	100	6	4	0	50	500	500	0	500	500	40	
3.2399896961e+02	66	406	403	97	3	7	0	50	500	500	0	500	500	40	
3.2449244962e+02	64	410	393	107	3	7	0	50	500	500	0	500	500	40	
3.2499673594e+02	63	412	403	97	4	5	0	50	500	500	0	500	500	40	
3.2549926319e+02	63	412	412	88	3	8	0	50	500	500	0	500	500	40	
3.2599879596e+02	65	410	408	92	2	4	0	50	500	500	0	500	500	40	
3.2649378458e+02	67	405	410	90	3	9	0	50	500	500	0	500	500	40	
3.2699300529e+02	67	406	399	101	2	6	0	50	500	500	0	500	500	40	
3.2749943621e+02	68	405	401	99	5	5	0	50	500	500	0	500	500	40	
3.2799178160e+02	70	403	386	114	3	7	0	50	500	500	0	500	500	40	
3.2849951454e+02	67	405	378	122	5	3	0	50	500	500	0	500	500	40	
3.2899935526e+02	64	407	381	119	2	5	0	50	500	500	0	500	500	40	
3.2949572843e+02	64	409	388	112	2	10	0	50	500	500	0	500	500	40	
3.2999950394e+02	64	411	385	115	4	5	0	50	500	500	0	500	500	40	
3.3049866230e+02	62	414	379	121	6	4	0	50	500	500	0	500	500	40	
3.3099845932e+02	60	416	377	123	9	8	0	50	500	500	0	500	500	40	
3.3149970931e+02	58	418	383	117	8	6	0	50	500	500	0	500	500	40	
3.3199856942e+02	56	422	380	120	2	7	0	50	500	500	0	500	500	40	
3.3249996855e+02	54	422	386	114	5	6	0	50	500	500	0	500	500	40	
3.3299597483e+02	52	424	363	137	3	4	0	50	500	500	0	500	500	40	
3.3349835003e+02	51	423	370	130	3	5	0	50	500	500	0	500	500	40	
3.3399170591e+02	44	429	372	128	2	4	0	50	500	500	0	500	500	40	
3.3449729716e+02	43	432	374	126	6	4	0	50	500	500	0	500	500	40	
3.3499461608e+02	41	436	372	128	5	6	0	50	500	500	0	500	500	40	
3.3549979718e+02	39	439	374	126	4	6	0	50	500	500	0	500	500	40	
3.3599821575e+02	40	440	372	128	1	6	0	50	500	500	0	500	500	40	
3.3649063106e+02	39	442	385	115	0	2	0	50	500	500	0	500	500	40	
3.3699929150e+02	37	444	395	105	1	6	0	50	500	500	0	500	500	40	
3.3749560899e+02	37	448	396	104	6	1	0	50	500	500	0	500	500	40	
3.3799867277e+02	38	449	394	106	6	4	0	50	500	500	0	500	500	40	
3.3849745740e+02	38	449	398	102	7	6	0	50	500	500	0	500	500	40	
3.3899658807e+02	40	446	400	100	2	2	0	50	500	500	0	500	500	40	
3.3949999688e+02	42	445	402	98	3	6	0	50	500	500	0	500	500	40	
3.3999574462e+02	41	445	388	112	3	5	0	50	500	500	0	500	500	40	
3.4049985698e+02	47	443	383	117	6	10	0	50	500	500	0	500	500	40	
3.4099978518e+02	49	442	380	120	2	11	0	50	500	500	0	500	500	40	
3.4149978062e+02	49	442	375	125	7	4	0	50	500	500	0	500	500	40	
3.4199885501e+02	52	440	390	110	6	6	0	50	500	500	0	500	500	40	
3.4249959626e+02	52	441	381	119	3	6	0	50	500	500	0	500	500	40	
3.4299634344e+02	52	445	384	116	4	9	0	50	500	500	0	500	500	40	
3.4349798084e+02	54	445	387	113	4	8	0	50	500	500	0	500	500	40	
3.4399789279e+02	50	449	368	132	2	9	0	50	500	500	0	500	500	40	
3.4449633201e+02	50	452	367	133	7	2	0	50	500	500	0	500	500	40	
3.4499984793e+02	47	456	366	134	3	6	0	50	500	500	0	500	500	40	
3.4549950296e+02	47	459	369	131	4	4	0	50	500	500	0	500	500	40	
3.4599850019e+02	48	457	358	142	0	6	0	50	500	500	0	500	500	40	
3.4649489482e+02	46	458	377	123	2	5	0	50	500	500	0	500	500	40	
3.4699864143e+02	48	456	377	123	4	3	0	50	500	500	0	500	500	40	
3.4749665876e+02	49	458	373	127	3	6	0	50	500	500	0	500	500	40	
3.4799281818e+02	48	459	377	123	2	6	0	50	500	500	0	500	500	40	
3.4849960827e+02	48	462	374	126	2	7	0	50	500	500	0	500	500	40	
3.4899885192e+02	49	462	380	120	7	6	0	50	500	500	0	500	500	40	
3.4949812678e+02	50	461	389	111	9	5	0	50	500	500	0	500	500	40	
3.4999974455e+02	49	459	389	111	4	7	0	50	500	500	0	500	500	40	
3.5049861590e+02	52	458	388	112	1	2	0	50	500	500	0	500	500	40	
3.5099985711e+02	45	466	394	106	4	6	0	50	500	500	0	500	500	40	
3.5149905258e+02	47	464	386	114	2	7	0	50	500	500	0	500	500	40	
3.5199725228e+02	47	466	385	115	6	8	0	50	500	500	0	500	500	40	
3.5249907961e+02	44	471	392	108	2	6	0	50	500	500	0	500	500	40	
3.5299465296e+02	46	468	395	105	1	3	0	50	500	500	0	500	500	40	
3.5349938922e+02	49	465	393	107	6	10	0	50	500	500	0	500	500	40	
3.5399767551e+02	54	462	401	99	7	8	0	50	500	500	0	500	500	40	
3.5449750387e+02	53	464	400	100	3	4	0	50	500	500	0	500	500	40	
3.5499510670e+02	52	467	391	109	5	4	0	50	500	500	0	500	500	40	
3.5549876870e+02	51	469	390	110	2	7	0	50	500	500	0	500	500	40	
3.5599792541e+02	52	469	394	106	2	9	0	50	500	500	0	500	500	40	
3.5649588770e+02	50	470	388	112	11	4	0	50	500	500	0	500	500	40	
3.5699893693e+02	53	465	398	102	3	8	0	50	500	500	0	500	500	40	
3.5749922094e+02	54	465	392	108	7	6	0	50	500	500	0	500	500	40	
3.5799739496e+02	55	467	387	113	8	9	0	50	500	500	0	500	500	40	
3.5849850146e+02	60	464	397	103	7	10	0	50	500	500	0	500	500	40	
3.5899927255e+02	64	460	396	104	5	2	0	50	500	500	0	500	500	40	
3.5949879314e+02	64	463	387	113	5	8	0	50	500	500	0	500	500	40	
3.5999753061e+02	65	463	390	110	4	6	0	50	500	500	0	500	500	40	
3.6049881900e+02	63	465	387	113	5	8	0	50	500	500	0	500	500	40	
3.6099752922e+02	62	466	388	112	6	7	0	50	500	500	0	500	500	40	
3.6149203990e+02	60	468	391	109	2	2	0	50	500	500	0	500	500	40	
3.6199672701e+02	62	467	385	115	4	10	0	50	500	500	0	500	500	40	
3.6249925296e+02	64	467	384	116	6	5	0	50	500	500	0	500	500	40	
3.6299952242e+02	65	467	393	107	3	3	0	50	500	500	0	500	500	40	
3.6349569562e+02	64	469	390	110	1	6	0	50	500	500	0	500	500	40	
3.6399925762e+02	66	467	399	101	4	6	0	50	500	500	0	500	500	40	
3.6449951113e+02	68	466	393	107	6	8	0	50	500	500	0	500	500	40	
3.6499739419e+02	70	464	402	98	7	7	0	50	500	500	0	500	500	40	
3.6549968847e+02	63	471	385	115	7	9	0	50	500	500	0	500	500	40	
3.6599958963e+02	63	471	386	114	2	10	0	50	500	500	0	500	500	40	
3.6649869096e+02	62	471	386	114	0	6	0	50	500	500	0	500	500	40	
3.6699998838e+02	64	472	376	124	3	5	0	50	500	500	0	500	500	40	
3.6749782034e+02	64	472	375	125	4	2	0	50	500	500	0	500	500	40	
3.6799994725e+02	60	477	377	123	6	4	0	50	500	500	0	500	500	40	
3.6849973256e+02	58	480	392	108	4	4	0	50	500	500	0	500	500	40	
3.6899737507e+02	59	479	392	108	8	7	0	50	500	500	0	500	500	40	
3.6949556735e+02	58	477	384	116	6	6	0	50	500	500	0	500	500	40	
3.6999886582e+02	61	475	383	117	7	8	0	50	500	500	0	500	500	40	
3.7049830609e+02	62	476	382	118	6	6	0	50	500	500	0	500	500	40	
3.7099794349e+02	61	477	386	114	7	9	0	50	500	500	0	500	500	40	
3.7149972716e+02	65	474	388	112	3	8	0	50	500	500	0	500	500	40	
3.7199790466e+02	66	473	397	103	4	6	0	50	500	500	0	500	500	40	
3.7249722586e+02	63	475	389	111	4	4	0	50	500	500	0	500	500	40	
3.7299895549e+02	64	473	395	105	4	4	0	50	500	500	0	500	500	40	
3.7349849374e+02	67	471	392	108	4	2	0	50	500	500	0	500	500	40	
3.7399788974e+02	69	471	404	96	5	5	0	50	500	500	0	500	500	40	
3.7449912496e+02	69	470	410	90	2	3	0	50	500	500	0	500	500	40	
3.7499842594e+02	63	477	417	83	3	3	0	50	500	500	0	500	500	40	
3.7549569090e+02	64	477	420	80	4	6	0	50	500	500	0	500	500	40	
3.7599069843e+02	64	477	416	84	7	4	0	50	500	500	0	500	500	40	
3.7649819469e+02	67	473	409	91	7	4	0	50	500	500	0	500	500	40	
3.7699711946e+02	64	475	390	110	5	6	0	50	500	500	0	500	500	40	
3.7749562450e+02	63	477	392	108	7	11	0	50	500	500	0	500	500	40	
3.7799719151e+02	57	485	397	103	5	7	0	50	500	500	0	500	500	40	
3.7849945668e+02	59	484	392	108	5	3	0	50	500	500	0	500	500	40	
3.7899800126e+02	60	481	393	107	4	3	0	50	500	500	0	500	500	40	
3.7949266138e+02	59	482	398	102	2	6	0	50	500	500	0	500	500	40	
3.7999870837e+02	64	478	389	111	6	9	0	50	500	500	0	500	500	40	
3.8049721036e+02	61	487	391	109	6	2	0	50	500	500	0	500	500	40	
3.8099882939e+02	60	487	405	95	2	9	0	50	500	500	0	500	500	40	
3.8149460638e+02	59	488	410	90	4	4	0	50	500	500	0	500	500	40	
3.8199989920e+02	56	492	413	87	4	5	0	50	500	500	0	500	500	40	
3.8249444947e+02	57	491	404	96	3	5	0	50	500	500	0	500	500	40	
3.8299819784e+02	57	492	385	115	4	3	0	50	500	500	0	500	500	40	
3.8349837648e+02	55	493	387	113	4	3	0	50	500	500	0	500	500	40	
3.8399992830e+02	52	497	390	110	4	3	0	50	500	500	0	500	500	40	
3.8449958482e+02	52	497	392	108	6	5	0	50	500	500	0	500	500	40	
3.8499998468e+02	51	498	372	128	3	7	0	50	500	500	0	500	500	40	
3.8549610430e+02	50	498	371	129	7	6	0	50	500	500	0	500	500	40	
3.8599960006e+02	52	497	386	114	4	3	0	50	500	500	0	500	500	40	
3.8649989725e+02	51	499	392	108	5	6	0	50	500	500	0	500	500	40	
3.8699924576e+02	49	504	386	114	5	9	0	50	500	500	0	500	500	40	
3.8749805340e+02	51	503	386	114	4	8	0	50	500	500	0	500	500	40	
3.8799902842e+02	50	502	379	121	3	7	0	50	500	500	0	500	500	40	
3.8849733913e+02	49	503	376	124	3	7	0	50	500	500	0	500	500	40	
3.8899933572e+02	50	502	388	112	6	9	0	50	500	500	0	500	500	40	
3.8949932729e+02	51	501	389	111	2	5	0	50	500	500	0	500	500	40	
3.8999494396e+02	53	498	388	112	4	4	0	50	500	500	0	500	500	40	
3.9049972106e+02	51	498	378	122	4	7	0	50	500	500	0	500	500	40	
3.9099858727e+02	55	497	397	103	4	3	0	50	500	500	0	500	500	40	
3.9149665718e+02	55	496	398	102	1	3	0	50	500	500	0	500	500	40	
3.9199966153e+02	54	498	398	102	2	8	0	50	500	500	0	500	500	40	
3.9249924051e+02	53	500	396	104	3	1	0	50	500	500	0	500	500	40	
3.9299934378e+02	54	503	392	108	6	8	0	50	500	500	0	500	500	40	
3.9349877804e+02	54	502	376	124	4	8	0	50	500	500	0	500	500	40	
3.9399755142e+02	53	502	374	126	2	9	0	50	500	500	0	500	500	40	
3.9449908691e+02	53	502	382	118	2	6	0	50	500	500	0	500	500	40	
3.9499411173e+02	50	506	383	117	6	3	0	50	500	500	0	500	500	40	
3.9549983055e+02	46	511	383	117	3	7	0	50	500	500	0	500	500	40	
3.9599713619e+02	48	510	385	115	3	8	0	50	500	500	0	500	500	40	
3.9649277275e+02	47	509	389	111	9	2	0	50	500	500	0	500	500	40	
3.9699945546e+02	47	510	381	119	4	7	0	50	500	500	0	500	500	40	
3.9749875352e+02	52	505	385	115	3	9	0	50	500	500	0	500	500	40	
3.9799958549e+02	53	504	389	111	1	3	0	50	500	500	0	500	500	40	
3.9849846636e+02	50	506	373	127	0	9	0	50	500	500	0	500	500	40	
3.9899724641e+02	52	506	378	122	4	6	0	50	500	500	0	500	500	40	
3.9949354705e+02	50	510	391	109	4	8	0	50	500	500	0	500	500	40	
3.9999865419e+02	54	509	399	101	7	5	0	50	500	500	0	500	500	40	
4.0049871808e+02	54	510	395	105	3	5	0	50	500	500	0	500	500	40	
4.0099980214e+02	52	512	384	116	7	6	0	50	500	500	0	500	500	40	
4.0149790121e+02	52	512	393	107	2	9	0	50	500	500	0	500	500	40	
4.0199680757e+02	52	510	403	97	5	5	0	50	500	500	0	500	500	40	
4.0249356545e+02	55	507	407	93	7	3	0	50	500	500	0	500	500	40	
4.0299959545e+02	57	505	412	88	3	9	0	50	500	500	0	500	500	40	
4.0348901324e+02	54	512	423	77	1	9	0	50	500	500	0	500	500	40	
4.0399881889e+02	57	511	422	78	5	4	0	50	500	500	0	500	500	40	
4.0449984038e+02	55	512	417	83	3	6	0	50	500	500	0	500	500	40	
4.0499812368e+02	50	518	410	90	2	0	0	50	500	500	0	500	500	40	
4.0549722108e+02	48	520	406	94	2	9	0	50	500	500	0	500	500	40	
4.0599978482e+02	48	520	400	100	5	5	0	50	500	500	0	500	500	40	
4.0649788314e+02	50	521	406	94	4	8	0	50	500	500	0	500	500	40	
4.0699616948e+02	51	522	401	99	8	8	0	50	500	500	0	500	500	40	
4.0749980976e+02	54	520	399	101	3	7	0	50	500	500	0	500	500	40	
4.0799981775e+02	54	522	414	86	5	6	0	50	500	500	0	500	500	40	
4.0849734804e+02	51	525	417	83	4	10	0	50	500	500	0	500	500	40	
4.0899989129e+02	55	519	417	83	4	11	0	50	500	500	0	500	500	40	
4.0949896521e+02	56	518	426	74	3	10	0	50	500	500	0	500	500	40	
4.0999380235e+02	54	522	416	84	3	9	0	50	500	500	0	500	500	40	
4.1049896453e+02	53	525	421	79	5	4	0	50	500	500	0	500	500	40	
4.1099742242e+02	53	526	412	88	7	5	0	50	500	500	0	500	500	40	
4.1149506406e+02	54	524	400	100	3	3	0	50	500	500	0	500	500	40	
4.1199939369e+02	51	527	387	113	5	6	0	50	500	500	0	500	500	40	
4.1249821778e+02	52	529	373	127	3	5	0	50	500	500	0	500	500	40	
4.1299810474e+02	52	528	376	124	5	7	0	50	500	500	0	500	500	40	
4.1349902070e+02	54	526	378	122	3	3	0	50	500	500	0	500	500	40	
4.1399764324e+02	53	528	385	115	8	6	0	50	500	500	0	500	500	40	
4.1449912511e+02	55	527	376	124	2	11	0	50	500	500	0	500	500	40	
4.1499953314e+02	56	528	366	134	8	6	0	50	500	500	0	500	500	40	
4.1549677546e+02	50	534	374	126	4	3	0	50	500	500	0	500	500	40	
4.1599872175e+02	48	535	378	122	3	3	0	50	500	500	0	500	500	40	
4.1649623288e+02	45	538	380	120	5	8	0	50	500	500	0	500	500	40	
4.1699874934e+02	46	537	388	112	3	5	0	50	500	500	0	500	500	40	
4.1749838794e+02	47	536	400	100	7	7	0	50	500	500	0	500	500	40	
4.1799189577e+02	49	534	404	96	4	5	0	50	500	500	0	500	500	40	
4.1849704228e+02	49	533	401	99	5	7	0	50	500	500	0	500	500	40	
4.1899839326e+02	52	530	394	106	6	10	0	50	500	500	0	500	500	40	
4.1949912110e+02	52	531	390	110	8	6	0	50	500	500	0	500	500	40	
4.1999487789e+02	54	529	395	105	3	9	0	50	500	500	0	500	500	40	
4.2049774030e+02	54	530	403	97	4	7	0	50	500	500	0	500	500	40	
4.2099932329e+02	53	533	406	94	7	3	0	50	500	500	0	500	500	40	
4.2149887820e+02	53	533	390	110	3	4	0	50	500	500	0	500	500	40	
4.2199926837e+02	52	535	388	112	1	10	0	50	500	500	0	500	500	40	
4.2249670164e+02	50	536	384	116	3	6	0	50	500	500	0	500	500	40	
4.2299903348e+02	54	533	383	117	3	8	0	50	500	500	0	500	500	40	
4.2349844229e+02	53	534	377	123	3	4	0	50	500	500	0	500	500	40	
4.2399823092e+02	53	535	378	122	4	6	0	50	500	500	0	500	500	40	
4.2449777615e+02	53	536	386	114	2	5	0	50	500	500	0	500	500	40	
4.2499514927e+02	51	537	384	116	3	4	0	50	500	500	0	500	500	40	
4.2549756559e+02	49	542	370	130	3	6	0	50	500	500	0	500	500	40	
4.2598665429e+02	50	540	373	127	2	2	0	50	500	500	0	500	500	40	
4.2649905429e+02	51	537	371	129	4	6	0	50	500	500	0	500	500	40	
4.2699955254e+02	49	539	380	120	3	5	0	50	500	500	0	500	500	40	
4.2749946809e+02	48	540	367	133	6	4	0	50	500	500	0	500	500	40	
4.2799938502e+02	49	541	370	130	5	10	0	50	500	500	0	500	500	40	
4.2849215930e+02	48	542	388	112	6	5	0	50	500	500	0	500	500	40	
4.2899999325e+02	47	543	388	112	6	4	0	50	500	500	0	500	500	40	
4.2949787826e+02	50	540	379	121	6	7	0	50	500	500	0	500	500	40	
4.2999816662e+02	48	542	379	121	5	4	0	50	500	500	0	500	500	40	
4.3049895560e+02	47	544	380	120	6	5	0	50	500	500	0	500	500	40	
4.3099935947e+02	44	544	382	118	4	4	0	50	500	500	0	500	500	40	
4.3149718746e+02	43	544	378	122	3	4	0	50	500	500	0	500	500	40	
4.3199862937e+02	43	545	376	124	3	5	0	50	500	500	0	500	500	40	
4.3249671844e+02	44	548	376	124	5	2	0	50	500	500	0	500	500	40	
4.3299955453e+02	50	542	386	114	5	13	0	50	500	500	0	500	500	40	
4.3349874726e+02	47	544	360	140	9	4	0	50	500	500	0	500	500	40	
4.3399466242e+02	44	548	362	138	7	5	0	50	500	500	0	500	500	40	
4.3449971816e+02	41	552	367	133	5	6	0	50	500	500	0	500	500	40	
4.3499823111e+02	42	552	371	129	5	6	0	50	500	500	0	500	500	40	
4.3549930793e+02	41	555	373	127	3	6	0	50	500	500	0	500	500	40	
4.3599908242e+02	43	553	383	117	7	8	0	50	500	500	0	500	500	40	
4.3649983814e+02	48	547	383	117	4	7	0	50	500	500	0	500	500	40	
4.3699896548e+02	52	543	381	119	9	11	0	50	500	500	0	500	500	40	
4.3749904468e+02	64	531	386	114	6	8	0	50	500	500	0	500	500	40	
4.3799341058e+02	62	534	391	109	4	8	0	50	500	500	0	500	500	40	
4.3849939460e+02	61	535	392	108	3	8	0	50	500	500	0	500	500	40	
4.3899381116e+02	64	533	380	120	6	4	0	50	500	500	0	500	500	40	
4.3949207600e+02	61	536	386	114	2	2	0	50	500	500	0	500	500	40	
4.3999655166e+02	60	538	393	107	2	5	0	50	500	500	0	500	500	40	
4.4049803357e+02	57	542	386	114	0	3	0	50	500	500	0	500	500	40	
4.4099985122e+02	58	541	386	114	3	4	0	50	500	500	0	500	500	40	
4.4149605269e+02	58	543	385	115	3	1	0	50	500	500	0	500	500	40	
4.4199950918e+02	55	547	399	101	4	1	0	50	500	500	0	500	500	40	
4.4249728332e+02	52	548	398	102	2	5	0	50	500	500	0	500	500	40	
4.4299845623e+02	47	554	399	101	7	6	0	50	500	500	0	500	500	40	
4.4349974760e+02	50	551	416	84	8	6	0	50	500	500	0	500	500	40	
4.4399977427e+02	53	545	418	82	1	9	0	50	500	500	0	500	500	40	
4.4449985867e+02	54	544	417	83	6	6	0	50	500	500	0	500	500	40	
4.4499415851e+02	52	546	416	84	3	10	0	50	500	500	0	500	500	40	
4.4549912647e+02	52	546	410	90	2	3	0	50	500	500	0	500	500	40	
4.4599675582e+02	49	548	410	90	2	6	0	50	500	500	0	500	500	40	
4.4649104647e+02	47	550	404	96	4	4	0	50	500	500	0	500	500	40	
4.4699910083e+02	47	550	402	98	6	3	0	50	500	500	0	500	500	40	
4.4749937408e+02	50	546	403	97	3	5	0	50	500	500	0	500	500	40	
4.4799996452e+02	46	552	394	106	3	7	0	50	500	500	0	500	500	40	
4.4849890793e+02	45	554	391	109	7	4	0	50	500	500	0	500	500	40	
4.4899734642e+02	48	550	379	121	6	3	0	50	500	500	0	500	500	40	
4.4949845325e+02	48	550	384	116	0	8	0	50	500	500	0	500	500	40	
4.4998982002e+02	46	554	391	109	2	1	0	50	500	500	0	500	500	40	
4.5049820903e+02	46	555	383	117	4	3	0	50	500	500	0	500	500	40	
4.5099910325e+02	46	555	378	122	2	7	0	50	500	500	0	500	500	40	
4.5149892046e+02	43	558	372	128	4	5	0	50	500	500	0	500	500	40	
4.5199942409e+02	42	559	373	127	4	8	0	50	500	500	0	500	500	40	
4.5249582948e+02	46	554	389	111	5	9	0	50	500	500	0	500	500	40	
4.5299866742e+02	47	552	385	115	3	6	0	50	500	500	0	500	500	40	
4.5349854831e+02	45	554	389	111	7	6	0	50	500	500	0	500	500	40	
4.5399203792e+02	46	555	388	112	4	7	0	50	500	500	0	500	500	40	
4.5449318280e+02	47	555	386	114	2	5	0	50	500	500	0	500	500	40	
4.5499947532e+02	44	559	380	120	3	4	0	50	500	500	0	500	500	40	
4.5549556566e+02	43	560	371	129	1	5	0	50	500	500	0	500	500	40	
4.5599793686e+02	45	556	374	126	3	8	0	50	500	500	0	500	500	40	
4.5649783359e+02	45	556	359	141	7	7	0	50	500	500	0	500	500	40	
4.5699917732e+02	45	554	360	140	6	8	0	50	500	500	0	500	500	40	
4.5749974039e+02	47	550	363	137	5	6	0	50	500	500	0	500	500	40	
4.5799753468e+02	48	549	358	142	7	7	0	50	500	500	0	500	500	40	
4.5849854546e+02	48	547	359	141	5	4	0	50	500	500	0	500	500	40	
4.5899578998e+02	45	551	347	153	4	6	0	50	500	500	0	500	500	40	
4.5949442992e+02	48	548	353	147	3	8	0	50	500	500	0	500	500	40	
4.5999939167e+02	46	552	374	126	1	6	0	50	500	500	0	500	500	40	
4.6049819825e+02	47	550	377	123	0	8	0	50	500	500	0	500	500	40	
4.6099680214e+02	49	549	366	134	4	4	0	50	500	500	0	500	500	40	
4.6149849410e+02	46	552	363	137	5	4	0	50	500	500	0	500	500	40	
4.6199927342e+02	48	550	378	122	3	5	0	50	500	500	0	500	500	40	
4.6249520406e+02	46	551	377	123	3	2	0	50	500	500	0	500	500	40	
4.6299998329e+02	44	552	386	114	5	4	0	50	500	500	0	500	500	40	
4.6349994798e+02	45	550	381	119	2	5	0	50	500	500	0	500	500	40	
4.6399947799e+02	44	552	383	117	7	4	0	50	500	500	0	500	500	40	
4.6449894311e+02	48	550	377	123	6	6	0	50	500	500	0	500	500	40	
4.6499973159e+02	51	548	374	126	5	7	0	50	500	500	0	500	500	40	
4.6549502521e+02	51	551	376	124	1	3	0	50	500	500	0	500	500	40	
4.6599868969e+02	49	549	376	124	7	4	0	50	500	500	0	500	500	40	
4.6649585701e+02	51	547	388	112	4	4	0	50	500	500	0	500	500	40	
4.6699913246e+02	50	548	393	107	4	6	0	50	500	500	0	500	500	40	
4.6749670819e+02	51	548	398	102	3	3	0	50	500	500	0	500	500	40	
4.6799520636e+02	53	546	400	100	2	4	0	50	500	500	0	500	500	40	
4.6849687917e+02	54	543	401	99	5	1	0	50	500	500	0	500	500	40	
4.6899946926e+02	52	543	404	96	3	6	0	50	500	500	0	500	500	40	
4.6949832895e+02	58	537	398	102	4	9	0	50	500	500	0	500	500	40	
4.6999699583e+02	57	539	398	102	9	5	0	50	500	500	0	500	500	40	
4.7049471332e+02	55	541	410	90	5	2	0	50	500	500	0	500	500	40	
4.7099984607e+02	53	544	407	93	6	3	0	50	500	500	0	500	500	40	
4.7149747645e+02	57	542	415	85	6	10	0	50	500	500	0	500	500	40	
4.7199936041e+02	56	543	409	91	8	6	0	50	500	500	0	500	500	40	
4.7248869305e+02	54	544	396	104	1	1	0	50	500	500	0	500	500	40	
4.7299755524e+02	54	545	398	102	5	3	0	50	500	500	0	500	500	40	
4.7349968578e+02	55	545	403	97	3	11	0	50	500	500	0	500	500	40	
4.7399681073e+02	54	547	407	93	2	12	0	50	500	500	0	500	500	40	
4.7449866928e+02	60	541	413	87	6	6	0	50	500	500	0	500	500	40	
4.7499679278e+02	59	543	405	95	5	2	0	50	500	500	0	500	500	40	
4.7549711506e+02	58	545	414	86	5	3	0	50	500	500	0	500	500	40	
4.7599583465e+02	60	542	411	89	5	7	0	50	500	500	0	500	500	40	
4.7649959527e+02	62	542	408	92	7	6	0	50	500	500	0	500	500	40	
4.7699956639e+02	61	544	391	109	6	5	0	50	500	500	0	500	500	40	
4.7749948284e+02	63	542	370	130	4	9	0	50	500	500	0	500	500	40	
4.7799947970e+02	66	538	369	131	2	2	0	50	500	500	0	500	500	40	
4.7849830453e+02	64	540	361	139	4	4	0	50	500	500	0	500	500	40	
4.7899994281e+02	64	540	361	139	1	2	0	50	500	500	0	500	500	40	
4.7949967539e+02	65	538	357	143	3	7	0	50	500	500	0	500	500	40	
4.7999472722e+02	67	537	365	135	1	7	0	50	500	500	0	500	500	40	
4.8049560278e+02	62	541	354	146	7	2	0	50	500	500	0	500	500	40	
4.8099846577e+02	64	539	371	129	4	3	0	50	500	500	0	500	500	40	
4.8149769160e+02	63	540	372	128	6	8	0	50	500	500	0	500	500	40	
4.8199626268e+02	62	542	375	125	7	5	0	50	500	500	0	500	500	40	
4.8249652301e+02	63	543	379	121	1	6	0	50	500	500	0	500	500	40	
4.8299997013e+02	59	548	381	119	2	8	0	50	500	500	0	500	500	40	
4.8349110183e+02	60	546	385	115	5	5	0	50	500	500	0	500	500	40	
4.8399743058e+02	60	547	383	117	4	13	0	50	500	500	0	500	500	40	
4.8449836124e+02	56	552	382	118	6	6	0	50	500	500	0	500	500	40	
4.8499657661e+02	55	555	387	113	4	5	0	50	500	500	0	500	500	40	
4.8549795853e+02	52	560	384	116	2	3	0	50	500	500	0	500	500	40	
4.8599581290e+02	49	565	374	126	0	4	0	50	500	500	0	500	500	40	
4.8649941008e+02	49	567	375	125	5	5	0	50	500	500	0	500	500	40	
4.8699919441e+02	49	568	405	95	3	7	0	50	500	500	0	500	500	40	
4.8749557047e+02	48	572	406	94	5	6	0	50	500	500	0	500	500	40	
4.8799968447e+02	47	573	396	104	7	12	0	50	500	500	0	500	500	40	
4.8849979350e+02	48	573	401	99	4	11	0	50	500	500	0	500	500	40	
4.8899678780e+02	49	573	398	102	2	3	0	50	500	500	0	500	500	40	
4.8949876212e+02	45	577	408	92	2	6	0	50	500	500	0	500	500	40	
4.8999908062e+02	49	573	401	99	3	7	0	50	500	500	0	500	500	40	
4.9049951652e+02	50	571	413	87	3	3	0	50	500	500	0	500	500	40	
4.9099980754e+02	49	571	403	97	6	6	0	50	500	500	0	500	500	40	
4.9149922115e+02	50	571	404	96	8	3	0	50	500	500	0	500	500	40	
4.9199727199e+02	50	572	401	99	5	7	0	50	500	500	0	500	500	40	
4.9249874281e+02	48	575	402	98	4	5	0	50	500	500	0	500	500	40	
4.9299745887e+02	47	578	405	95	8	7	0	50	500	500	0	500	500	40	
4.9349684009e+02	47	580	410	90	4	3	0	50	500	500	0	500	500	40	
4.9399992761e+02	45	581	407	93	5	4	0	50	500	500	0	500	500	40	
4.9449919230e+02	46	579	388	112	5	7	0	50	500	500	0	500	500	40	
4.9499449517e+02	47	580	385	115	5	4	0	50	500	500	0	500	500	40	
4.9548885472e+02	45	582	385	115	3	3	0	50	500	500	0	500	500	40	
4.9599626752e+02	45	584	390	110	2	3	0	50	500	500	0	500	500	40	
4.9649680927e+02	48	581	382	118	4	4	0	50	500	500	0	500	500	40	
4.9699753639e+02	49	580	373	127	2	5	0	50	500	500	0	500	500	40	
4.9749985956e+02	50	581	372	128	5	7	0	50	500	500	0	500	500	40	
4.9799756355e+02	43	588	389	111	5	6	0	50	500	500	0	500	500	40	
4.9849772779e+02	41	590	401	99	5	14	0	50	500	500	0	500	500	40	
4.9899928853e+02	43	589	391	109	4	8	0	50	500	500	0	500	500	40	
4.9949949138e+02	44	590	374	126	4	9	0	50	500	500	0	500	500	40	
4.9999989513e+02	42	594	363	137	3	4	0	50	500	500	0	500	500	40	
5.0000181059e+02	42	594	363	137	2	5	0	50	500	500	0	500	500	40	
