0.0000000000e+00	0	0	0	0	0	500	500	0	500	500	500	500	500	0	
4.9963660387e-01	0	0	6	0	36	464	500	0	500	500	500	500	500	0	
9.9779241608e-01	0	1	9	0	32	468	500	0	500	500	500	500	500	0	
1.4970698691e+00	0	1	13	0	31	469	500	0	500	500	500	500	500	0	
1.9986964283e+00	0	1	14	0	33	467	500	0	500	500	500	500	500	0	
2.4997401893e+00	1	0	21	0	43	457	500	0	500	500	500	500	500	0	
2.9996734659e+00	1	4	21	2	36	464	500	0	500	500	500	500	500	0	
3.4998219496e+00	1	5	24	1	24	476	500	0	500	500	500	500	500	0	
3.9910926070e+00	1	6	28	2	48	452	500	0	500	500	500	500	500	0	
4.4970494096e+00	3	4	29	3	51	449	500	0	500	500	500	500	500	0	
4.9959652728e+00	5	2	29	3	47	453	500	0	500	500	500	500	500	0	
5.4993926255e+00	6	3	37	1	55	445	500	0	500	500	500	500	500	0	
5.9969234601e+00	6	5	39	1	40	460	500	0	500	500	500	500	500	0	
6.4982168552e+00	7	7	41	2	50	450	500	0	500	500	500	500	500	0	
6.9980344587e+00	9	7	42	4	66	434	500	0	500	500	500	500	500	0	
7.4982225097e+00	12	4	46	1	37	463	500	0	500	500	500	500	500	0	
7.9965951475e+00	14	2	50	1	34	466	500	0	500	500	500	500	500	0	
8.4999765469e+00	15	1	52	0	31	469	500	0	500	500	500	500	500	0	
8.9984072542e+00	15	2	50	0	43	457	500	0	500	500	500	500	500	0	
9.4947381270e+00	17	0	48	0	51	449	500	0	500	500	500	500	500	0	
9.9951236594e+00	18	1	49	1	33	467	500	0	500	500	500	500	500	0	
1.0489630783e+01	18	1	51	0	39	461	500	0	500	500	500	500	500	0	
1.0999802069e+01	19	3	54	0	34	466	500	0	500	500	500	500	500	0	
1.1494439898e+01	19	4	57	0	45	455	500	0	500	500	500	500	500	0	
1.1998669269e+01	20	3	59	1	54	446	500	0	500	500	500	500	500	0	
1.2499381906e+01	21	3	62	0	44	456	500	0	500	500	500	500	500	0	
1.2996395069e+01	22	3	60	3	42	458	500	0	500	500	500	500	500	0	
1.3497257631e+01	24	2	64	0	40	460	500	0	500	500	500	500	500	0	
1.3998232391e+01	24	3	68	0	27	473	500	0	500	500	500	500	500	0	
1.4497525063e+01	24	4	73	0	33	467	500	0	500	500	500	500	500	0	
1.4998238615e+01	26	4	72	2	34	466	500	0	500	500	500	500	500	0	
1.5499817717e+01	29	2	78	1	28	472	500	0	500	500	500	500	500	0	
1.5999831042e+01	32	0	79	0	41	459	500	0	500	500	500	500	500	0	
1.6499686341e+01	33	1	84	0	37	463	500	0	500	500	500	500	500	0	
1.6998661001e+01	34	1	86	1	39	461	500	0	500	500	500	500	500	0	
1.7497433936e+01	35	4	88	2	35	465	500	0	500	500	500	500	500	0	
1.7997501778e+01	36	5	89	2	29	471	500	0	500	500	500	500	500	0	
1.8498687217e+01	39	2	93	1	43	457	500	0	500	500	500	500	500	0	
1.8999904922e+01	40	5	92	3	52	448	500	0	500	500	500	500	500	0	
1.9499781119e+01	41	5	94	4	43	457	500	0	500	500	500	500	500	0	
1.9994855955e+01	41	5	98	1	53	447	500	0	500	500	500	500	500	0	
2.0498286601e+01	43	4	105	0	34	466	500	0	500	500	500	500	500	0	
2.0996387348e+01	44	3	105	3	32	468	500	0	500	500	500	500	500	0	
2.1499909222e+01	44	4	105	2	39	461	500	0	500	500	500	500	500	0	
2.1994871867e+01	44	4	104	6	51	449	500	0	500	500	500	500	500	0	
2.2499521509e+01	45	5	106	3	58	442	500	0	500	500	500	500	500	0	
2.2999053351e+01	47	5	104	5	42	458	500	0	500	500	500	500	500	0	
2.3498857831e+01	49	3	111	1	39	461	500	0	500	500	500	500	500	0	
2.3999556986e+01	49	3	112	1	49	451	500	0	500	500	500	500	500	0	
2.4499313140e+01	50	4	113	0	38	462	500	0	500	500	500	500	500	0	
2.4996809924e+01	50	5	114	3	46	454	500	0	500	500	500	500	500	0	
2.5498626177e+01	52	3	117	2	43	457	500	0	500	500	500	500	500	0	
2.5999255090e+01	53	2	118	2	27	473	500	0	500	500	500	500	500	0	
2.6497085078e+01	53	3	119	2	29	471	500	0	500	500	500	500	500	0	
2.6999299461e+01	55	3	123	2	44	456	500	0	500	500	500	500	500	0	
2.7497100304e+01	55	3	126	1	47	453	500	0	500	500	500	500	500	0	
2.7996257917e+01	55	5	125	2	31	469	500	0	500	500	500	500	500	0	
2.8499338245e+01	57	4	129	1	29	471	500	0	500	500	500	500	500	0	
2.8999172234e+01	59	4	127	3	42	458	500	0	500	500	500	500	500	0	
2.9499063383e+01	60	4	130	1	40	460	500	0	500	500	500	500	500	0	
2.9998630702e+01	61	4	127	4	43	457	500	0	500	500	500	500	500	0	
3.0497264620e+01	62	4	130	2	45	455	500	0	500	500	500	500	500	0	
3.0999108266e+01	64	4	135	1	33	467	500	0	500	500	500	500	500	0	
3.1494839970e+01	63	8	136	1	35	465	500	0	500	500	500	500	500	0	
3.1999317986e+01	65	6	136	3	35	465	500	0	500	500	500	500	500	0	
3.2499833731e+01	66	7	134	7	41	459	500	0	500	500	500	500	500	0	
3.2998493921e+01	67	7	136	6	42	458	500	0	500	500	500	500	500	0	
3.3499962885e+01	69	5	144	3	21	479	500	0	500	500	500	500	500	0	
3.3999904090e+01	69	8	151	1	32	468	500	0	500	500	500	500	500	0	
3.4499090098e+01	72	7	154	2	25	475	500	0	500	500	500	500	500	0	
3.4998047627e+01	73	8	157	3	39	461	500	0	500	500	500	500	500	0	
3.5495084790e+01	75	7	159	6	55	445	500	0	500	500	500	500	500	0	
3.5999178159e+01	78	3	162	5	56	444	500	0	500	500	500	500	500	0	
3.6498684831e+01	79	4	168	3	38	462	500	0	500	500	500	500	500	0	
3.6998751734e+01	79	4	170	2	45	455	500	0	500	500	500	500	500	0	
3.7498683275e+01	79	7	169	4	36	464	500	0	500	500	500	500	500	0	
3.7999543785e+01	80	7	170	6	39	461	500	0	500	500	500	500	500	0	
3.8498552381e+01	82	6	168	9	42	458	500	0	500	500	500	500	500	0	
3.8999992824e+01	85	3	173	5	37	463	500	0	500	500	500	500	500	0	
3.9496253821e+01	85	5	173	5	31	469	500	0	500	500	500	500	500	0	
3.9997730151e+01	86	4	178	3	35	465	500	0	500	500	500	500	500	0	
4.0498534088e+01	86	4	184	1	52	448	500	0	500	500	500	500	500	0	
4.0999699810e+01	87	5	186	2	53	447	500	0	500	500	500	500	500	0	
4.1496171273e+01	88	4	188	2	42	458	500	0	500	500	500	500	500	0	
4.1999793985e+01	90	3	192	1	45	455	500	0	500	500	500	500	500	0	
4.2498401789e+01	90	3	189	4	48	452	500	0	500	500	500	500	500	0	
4.2998207462e+01	91	3	191	2	45	455	500	0	500	500	500	500	500	0	
4.3499889930e+01	91	5	185	7	56	444	500	0	500	500	500	500	500	0	
4.3995678351e+01	92	3	192	2	45	455	500	0	500	500	500	500	500	0	
4.4498342886e+01	93	3	198	1	33	467	500	0	500	500	500	500	500	0	
4.4998754761e+01	92	5	194	4	36	464	500	0	500	500	500	500	500	0	
4.5498384812e+01	95	4	195	4	63	437	500	0	500	500	500	500	500	0	
4.5988651910e+01	98	5	196	5	34	466	500	0	500	500	500	500	500	0	
4.6499930329e+01	98	6	199	4	45	455	500	0	500	500	500	500	500	0	
4.6998593832e+01	100	6	193	6	40	460	500	0	500	500	500	500	500	0	
4.7497391230e+01	101	5	198	3	44	456	500	0	500	500	500	500	500	0	
4.7999905526e+01	103	3	201	3	41	459	500	0	500	500	500	500	500	0	
4.8498099789e+01	104	4	201	4	31	469	500	0	500	500	500	500	500	0	
4.8997086134e+01	104	6	196	9	34	466	500	0	500	500	500	500	500	0	
4.9499702736e+01	105	6	200	5	32	468	500	0	500	500	500	500	500	0	
4.9998888497e+01	106	8	201	7	43	457	500	0	500	500	500	500	500	0	
5.0494027422e+01	109	5	206	4	48	452	500	0	500	500	500	500	500	0	
5.0999717423e+01	112	4	205	4	43	457	500	0	500	500	500	500	500	0	
5.1491231475e+01	113	3	206	2	62	438	500	0	500	500	500	500	500	0	
5.1992708334e+01	113	6	204	4	38	462	500	0	500	500	500	500	500	0	
5.2498064893e+01	113	7	209	3	38	462	500	0	500	500	500	500	500	0	
5.2995965088e+01	115	7	213	3	49	451	500	0	500	500	500	500	500	0	
5.3496684649e+01	116	5	215	1	65	435	500	0	500	500	500	500	500	0	
5.3992757903e+01	118	5	211	5	58	442	500	0	500	500	500	500	500	0	
5.4496457108e+01	120	3	212	3	51	449	500	0	500	500	500	500	500	0	
5.4997659634e+01	121	2	215	2	65	435	500	0	500	500	500	500	500	0	
5.5497296431e+01	121	5	212	3	43	457	500	0	500	500	500	500	500	0	
5.5999657663e+01	123	3	208	8	56	444	500	0	500	500	500	500	500	0	
5.6499449113e+01	123	5	214	6	36	464	500	0	500	500	500	500	500	0	
5.6999178654e+01	123	5	215	6	39	461	500	0	500	500	500	500	500	0	
5.7499568694e+01	125	5	219	4	25	475	500	0	500	500	500	500	500	0	
5.7998335893e+01	126	8	225	2	66	434	500	0	500	500	500	500	500	0	
5.8499141312e+01	127	7	225	1	50	450	500	0	500	500	500	500	500	0	
5.8999309524e+01	131	6	224	3	41	459	500	0	500	500	500	500	500	0	
5.9499985946e+01	131	7	217	9	53	447	500	0	500	500	500	500	500	0	
5.9999710010e+01	134	4	226	6	45	455	500	0	500	500	500	500	500	0	
6.0499805749e+01	136	3	229	4	46	454	500	0	500	500	500	500	500	0	
6.0998627013e+01	136	2	230	3	39	461	500	0	500	500	500	500	500	0	
6.1497532607e+01	136	3	237	0	35	465	500	0	500	500	500	500	500	0	
6.1999861509e+01	137	3	234	1	32	468	500	0	500	500	500	500	500	0	
6.2498921074e+01	136	4	233	2	29	471	500	0	500	500	500	500	500	0	
6.2996658255e+01	138	6	232	2	29	471	500	0	500	500	500	500	500	0	
6.3496899649e+01	141	5	231	4	23	477	500	0	500	500	500	500	500	0	
6.3998729917e+01	142	4	229	7	41	459	500	0	500	500	500	500	500	0	
6.4497933367e+01	145	2	232	3	46	454	500	0	500	500	500	500	500	0	
6.4993580135e+01	146	2	235	3	35	465	500	0	500	500	500	500	500	0	
6.5499526746e+01	147	1	237	3	31	469	500	0	500	500	500	500	500	0	
6.5999363035e+01	147	1	241	1	43	457	500	0	500	500	500	500	500	0	
6.6495038979e+01	148	1	245	1	43	457	500	0	500	500	500	500	500	0	
6.6998395589e+01	149	2	243	1	42	458	500	0	500	500	500	500	500	0	
6.7495905989e+01	149	3	245	0	31	469	500	0	500	500	500	500	500	0	
6.7995142810e+01	150	4	249	1	33	467	500	0	500	500	500	500	500	0	
6.8499376821e+01	151	5	248	2	30	470	500	0	500	500	500	500	500	0	
6.8995181868e+01	151	6	246	2	37	463	500	0	500	500	500	500	500	0	
6.9498623969e+01	153	4	247	2	29	471	500	0	500	500	500	500	500	0	
6.9981292996e+01	157	2	247	2	34	466	500	0	500	500	500	500	500	0	
7.0498115151e+01	159	2	252	0	26	474	500	0	500	500	500	500	500	0	
7.0997440984e+01	159	2	254	1	41	459	500	0	500	500	500	500	500	0	
7.1498881793e+01	159	3	255	3	46	454	500	0	500	500	500	500	500	0	
7.1997765475e+01	158	4	255	4	51	449	500	0	500	500	500	500	500	0	
7.2498295687e+01	160	2	255	3	48	452	500	0	500	500	500	500	500	0	
7.2997362068e+01	161	5	257	5	35	465	500	0	500	500	500	500	500	0	
7.3499440441e+01	163	3	261	2	41	459	500	0	500	500	500	500	500	0	
7.3996469269e+01	164	2	263	1	48	452	500	0	500	500	500	500	500	0	
7.4499683179e+01	165	1	264	1	49	451	500	0	500	500	500	500	500	0	
7.4997015284e+01	165	2	260	2	51	449	500	0	500	500	500	500	500	0	
7.5499815018e+01	166	4	260	2	37	463	500	0	500	500	500	500	500	0	
7.5996411149e+01	166	6	261	4	34	466	500	0	500	500	500	500	500	0	
7.6498547098e+01	167	5	266	2	44	456	500	0	500	500	500	500	500	0	
7.6998770416e+01	167	6	266	1	31	469	500	0	500	500	500	500	500	0	
7.7499802546e+01	169	5	265	4	21	479	500	0	500	500	500	500	500	0	
7.7998056697e+01	172	2	269	2	28	472	500	0	500	500	500	500	500	0	
7.8499479940e+01	171	3	271	2	47	453	500	0	500	500	500	500	500	0	
7.8999966180e+01	172	3	271	2	31	469	500	0	500	500	500	500	500	0	
7.9493013881e+01	172	4	269	5	33	467	500	0	500	500	500	500	500	0	
7.9999019521e+01	172	6	267	6	31	469	500	0	500	500	500	500	500	0	
8.0496108830e+01	173	6	271	3	41	459	500	0	500	500	500	500	500	0	
8.0995692607e+01	175	8	275	3	58	442	500	0	500	500	500	500	500	0	
8.1498937981e+01	179	5	274	3	55	445	500	0	500	500	500	500	500	0	
8.1997632131e+01	181	4	269	9	58	442	500	0	500	500	500	500	500	0	
8.2495069359e+01	180	6	272	6	41	459	500	0	500	500	500	500	500	0	
8.2992199244e+01	183	7	271	7	34	466	500	0	500	500	500	500	500	0	
8.3499786974e+01	182	8	273	6	47	453	500	0	500	500	500	500	500	0	
8.3999703823e+01	185	8	275	6	41	459	500	0	500	500	500	500	500	0	
8.4496576370e+01	187	7	276	5	38	462	500	0	500	500	500	500	500	0	
8.4997506463e+01	191	4	276	5	46	454	500	0	500	500	500	500	500	0	
8.5498613157e+01	190	4	276	4	48	452	500	0	500	500	500	500	500	0	
8.5996039310e+01	192	6	276	5	42	458	500	0	500	500	500	500	500	0	
8.6499887868e+01	193	7	277	4	41	459	500	0	500	500	500	500	500	0	
8.6999239001e+01	194	6	279	6	41	459	500	0	500	500	500	500	500	0	
8.7499965115e+01	195	6	283	4	43	457	500	0	500	500	500	500	500	0	
8.7999717696e+01	198	4	280	9	47	453	500	0	500	500	500	500	500	0	
8.8496937200e+01	198	4	287	4	36	464	500	0	500	500	500	500	500	0	
8.8999642972e+01	199	4	291	4	30	470	500	0	500	500	500	500	500	0	
8.9499695620e+01	200	4	295	2	28	472	500	0	500	500	500	500	500	0	
8.9999478110e+01	200	4	294	3	44	456	500	0	500	500	500	500	500	0	
9.0498936536e+01	200	5	299	2	35	465	500	0	500	500	500	500	500	0	
9.0999928625e+01	200	7	301	3	43	457	500	0	500	500	500	500	500	0	
9.1495955466e+01	200	8	301	2	37	463	500	0	500	500	500	500	500	0	
9.1999807591e+01	201	9	295	9	35	465	500	0	500	500	500	500	500	0	
9.2499690565e+01	202	8	293	9	39	461	500	0	500	500	500	500	500	0	
9.2998437025e+01	203	7	297	6	40	460	500	0	500	500	500	500	500	0	
9.3499404639e+01	206	4	301	5	38	462	500	0	500	500	500	500	500	0	
9.3994171720e+01	208	3	304	2	42	458	500	0	500	500	500	500	500	0	
9.4496038109e+01	209	3	308	2	36	464	500	0	500	500	500	500	500	0	
9.4995583992e+01	210	2	305	5	40	460	500	0	500	500	500	500	500	0	
9.5492225646e+01	211	2	302	8	39	461	500	0	500	500	500	500	500	0	
9.5993338876e+01	210	5	306	4	49	451	500	0	500	500	500	500	500	0	
9.6496047223e+01	213	5	313	1	42	458	500	0	500	500	500	500	500	0	
9.6997638720e+01	215	3	311	3	42	458	500	0	500	500	500	500	500	0	
9.7499288392e+01	218	3	311	2	44	456	500	0	500	500	500	500	500	0	
9.7997598353e+01	218	5	307	6	36	464	500	0	500	500	500	500	500	0	
9.8499719784e+01	219	5	307	5	37	463	500	0	500	500	500	500	500	0	
9.8998666887e+01	219	5	310	2	32	468	500	0	500	500	500	500	500	0	
9.9499814117e+01	220	4	310	0	40	460	500	0	500	500	500	500	500	0	
9.9994617072e+01	222	5	309	2	53	447	500	0	500	500	500	500	500	0	
1.0049736339e+02	224	3	311	1	56	444	500	0	500	500	500	500	500	0	
1.0099819925e+02	225	2	308	1	38	462	500	0	500	500	500	500	500	0	
1.0149710369e+02	227	0	307	2	36	464	500	0	500	500	500	500	500	0	
1.0199786538e+02	227	0	310	0	44	456	500	0	500	500	500	500	500	0	
1.0249731769e+02	227	0	307	2	40	460	500	0	500	500	500	500	500	0	
1.0299656865e+02	227	2	304	3	37	463	500	0	500	500	500	500	500	0	
1.0349978675e+02	226	3	306	2	37	463	500	0	500	500	500	500	500	0	
1.0399779348e+02	227	4	308	2	35	465	500	0	500	500	500	500	500	0	
1.0449817369e+02	228	3	304	4	42	458	500	0	500	500	500	500	500	0	
1.0499944046e+02	228	3	307	2	49	451	500	0	500	500	500	500	500	0	
1.0549993286e+02	227	6	307	4	50	450	500	0	500	500	500	500	500	0	
1.0599755164e+02	230	6	301	10	53	447	500	0	500	500	500	500	500	0	
1.0649692349e+02	231	5	303	7	50	450	500	0	500	500	500	500	500	0	
1.0699866984e+02	232	6	304	5	26	474	500	0	500	500	500	500	500	0	
1.0749787795e+02	232	7	303	6	35	465	500	0	500	500	500	500	500	0	
1.0799938016e+02	232	9	308	2	51	449	500	0	500	500	500	500	500	0	
1.0849806547e+02	235	9	307	5	50	450	500	0	500	500	500	500	500	0	
1.0899645957e+02	238	7	309	3	47	453	500	0	500	500	500	500	500	0	
1.0949974781e+02	238	8	304	7	59	441	500	0	500	500	500	500	500	0	
1.0999804995e+02	239	7	302	10	35	465	500	0	500	500	500	500	500	0	
1.1049791620e+02	240	7	298	12	38	462	500	0	500	500	500	500	500	0	
1.1099873848e+02	243	6	300	8	44	456	500	0	500	500	500	500	500	0	
1.1149950456e+02	246	4	304	5	44	456	500	0	500	500	500	500	500	0	
1.1199492410e+02	246	5	309	2	48	452	500	0	500	500	500	500	500	0	
1.1249236654e+02	247	4	306	7	38	462	500	0	500	500	500	500	500	0	
1.1299931546e+02	248	3	311	5	49	451	500	0	500	500	500	500	500	0	
1.1349987922e+02	249	2	312	5	40	460	500	0	500	500	500	500	500	0	
1.1399892208e+02	250	2	319	3	41	459	500	0	500	500	500	500	500	0	
1.1449989558e+02	250	2	322	1	35	465	500	0	500	500	500	500	500	0	
1.1499652472e+02	251	1	324	2	42	458	500	0	500	500	500	500	500	0	
1.1549721354e+02	252	1	326	2	34	466	500	0	500	500	500	500	500	0	
1.1599951954e+02	252	2	328	0	32	468	500	0	500	500	500	500	500	0	
1.1649925803e+02	250	5	325	3	36	464	500	0	500	500	500	500	500	0	
1.1699901373e+02	251	4	325	3	46	454	500	0	500	500	500	500	500	0	
1.1749677480e+02	252	4	325	3	56	444	500	0	500	500	500	500	500	0	
1.1799929693e+02	254	2	328	4	45	455	500	0	500	500	500	500	500	0	
1.1849569547e+02	255	2	334	4	31	469	500	0	500	500	500	500	500	0	
1.1899995035e+02	255	4	334	3	35	465	500	0	500	500	500	500	500	0	
1.1949980510e+02	254	5	333	4	49	451	500	0	500	500	500	500	500	0	
1.1999899334e+02	254	4	333	2	53	447	500	0	500	500	500	500	500	0	
1.2049516785e+02	255	3	332	1	46	454	500	0	500	500	500	500	500	0	
1.2099993170e+02	258	0	330	2	43	457	500	0	500	500	500	500	500	0	
1.2149862678e+02	258	2	330	2	28	472	500	0	500	500	500	500	500	0	
1.2199707957e+02	257	3	331	4	39	461	500	0	500	500	500	500	500	0	
1.2249817466e+02	258	2	332	2	41	459	500	0	500	500	500	500	500	0	
1.2299592760e+02	257	3	334	0	46	454	500	0	500	500	500	500	500	0	
1.2349859554e+02	257	3	334	2	55	445	500	0	500	500	500	500	500	0	
1.2399948945e+02	256	5	328	8	49	451	500	0	500	500	500	500	500	0	
1.2449853530e+02	256	6	333	5	61	439	500	0	500	500	500	500	500	0	
1.2499989508e+02	257	5	339	3	54	446	500	0	500	500	500	500	500	0	
1.2549769929e+02	259	5	335	7	58	442	500	0	500	500	500	500	500	0	
1.2599712967e+02	261	6	338	7	48	452	500	0	500	500	500	500	500	0	
1.2649797987e+02	259	7	338	9	41	459	500	0	500	500	500	500	500	0	
1.2699742383e+02	259	7	339	9	23	477	500	0	500	500	500	500	500	0	
1.2749954134e+02	260	6	343	8	45	455	500	0	500	500	500	500	500	0	
1.2799901613e+02	262	5	346	4	46	454	500	0	500	500	500	500	500	0	
1.2849916867e+02	261	8	344	5	44	456	500	0	500	500	500	500	500	0	
1.2899819861e+02	263	7	348	7	30	470	500	0	500	500	500	500	500	0	
1.2949907687e+02	263	9	354	4	38	462	500	0	500	500	500	500	500	0	
1.2999997806e+02	265	8	353	5	58	442	500	0	500	500	500	500	500	0	
1.3049776079e+02	266	7	358	4	35	465	500	0	500	500	500	500	500	0	
1.3099867293e+02	267	7	358	7	35	465	500	0	500	500	500	500	500	0	
1.3149988356e+02	267	7	359	9	30	470	500	0	500	500	500	500	500	0	
1.3199900038e+02	266	8	369	4	43	457	500	0	500	500	500	500	500	0	
1.3249511973e+02	269	7	368	5	40	460	500	0	500	500	500	500	500	0	
1.3299917564e+02	272	6	365	8	36	464	500	0	500	500	500	500	500	0	
1.3349898429e+02	274	4	365	10	46	454	500	0	500	500	500	500	500	0	
1.3399851434e+02	277	2	372	3	54	446	500	0	500	500	500	500	500	0	
1.3449377103e+02	276	4	372	5	39	461	500	0	500	500	500	500	500	0	
1.3499467235e+02	277	7	371	4	53	447	500	0	500	500	500	500	500	0	
1.3549858577e+02	279	8	371	6	43	457	500	0	500	500	500	500	500	0	
1.3599611802e+02	280	7	367	10	43	457	500	0	500	500	500	500	500	0	
1.3649671002e+02	285	3	375	7	42	458	500	0	500	500	500	500	500	0	
1.3699824840e+02	285	3	377	4	43	457	500	0	500	500	500	500	500	0	
1.3749980384e+02	284	5	375	7	26	474	500	0	500	500	500	500	500	0	
1.3799648268e+02	283	7	376	5	47	453	500	0	500	500	500	500	500	0	
1.3849781549e+02	284	6	379	2	48	452	500	0	500	500	500	500	500	0	
1.3899932438e+02	285	6	379	2	52	448	500	0	500	500	500	500	500	0	
1.3949883110e+02	285	6	377	5	43	457	500	0	500	500	500	500	500	0	
1.3999906132e+02	285	6	379	8	33	467	500	0	500	500	500	500	500	0	
1.4049518515e+02	284	7	381	6	42	458	500	0	500	500	500	500	500	0	
1.4099945276e+02	285	7	376	10	36	464	500	0	500	500	500	500	500	0	
1.4149972482e+02	286	6	376	12	46	454	500	0	500	500	500	500	500	0	
1.4199854748e+02	288	6	378	9	52	448	500	0	500	500	500	500	500	0	
1.4249862964e+02	289	6	384	3	39	461	500	0	500	500	500	500	500	0	
1.4299886706e+02	292	3	383	3	43	457	500	0	500	500	500	500	500	0	
1.4349821679e+02	292	3	382	5	24	476	500	0	500	500	500	500	500	0	
1.4399975739e+02	293	2	392	1	50	450	500	0	500	500	500	500	500	0	
1.4449866556e+02	292	2	385	7	41	459	500	0	500	500	500	500	500	0	
1.4499433300e+02	292	2	387	5	44	456	500	0	500	500	500	500	500	0	
1.4549854669e+02	294	2	389	4	39	461	500	0	500	500	500	500	500	0	
1.4599990209e+02	297	0	393	3	39	461	500	0	500	500	500	500	500	0	
1.4649138579e+02	297	1	399	1	32	468	500	0	500	500	500	500	500	0	
1.4699582927e+02	294	4	395	5	48	452	500	0	500	500	500	500	500	0	
1.4749840051e+02	294	5	393	7	29	471	500	0	500	500	500	500	500	0	
1.4799981820e+02	293	8	390	9	40	460	500	0	500	500	500	500	500	0	
1.4849859782e+02	297	6	399	2	32	468	500	0	500	500	500	500	500	0	
1.4899728194e+02	297	6	402	6	42	458	500	0	500	500	500	500	500	0	
1.4949956242e+02	298	6	406	4	53	447	500	0	500	500	500	500	500	0	
1.4999925618e+02	302	4	404	8	53	447	500	0	500	500	500	500	500	0	
1.5049864234e+02	303	4	405	7	55	445	500	0	500	500	500	500	500	0	
1.5099828780e+02	303	5	403	8	45	455	500	0	500	500	500	500	500	0	
1.5149661101e+02	303	5	403	7	47	453	500	0	500	500	500	500	500	0	
1.5199621610e+02	302	8	401	7	25	475	500	0	500	500	500	500	500	0	
1.5249904568e+02	305	5	406	5	37	463	500	0	500	500	500	500	500	0	
1.5299865837e+02	305	6	406	3	35	465	500	0	500	500	500	500	500	0	
1.5349767465e+02	307	5	408	2	41	459	500	0	500	500	500	500	500	0	
1.5399879725e+02	308	5	409	5	45	455	500	0	500	500	500	500	500	0	
1.5449701509e+02	311	3	410	6	36	464	500	0	500	500	500	500	500	0	
1.5499990320e+02	310	4	413	4	47	453	500	0	500	500	500	500	500	0	
1.5549973238e+02	312	2	413	6	34	466	500	0	500	500	500	500	500	0	
1.5599749154e+02	312	4	418	2	64	436	500	0	500	500	500	500	500	0	
1.5649799180e+02	311	7	411	8	51	449	500	0	500	500	500	500	500	0	
1.5699487383e+02	312	6	410	10	44	456	500	0	500	500	500	500	500	0	
1.5749519864e+02	312	7	416	6	33	467	500	0	500	500	500	500	500	0	
1.5799368795e+02	313	6	414	8	51	449	500	0	500	500	500	500	500	0	
1.5849503777e+02	315	5	412	10	43	457	500	0	500	500	500	500	500	0	
1.5899806257e+02	316	6	416	7	48	452	500	0	500	500	500	500	500	0	
1.5949452744e+02	318	4	423	6	35	465	500	0	500	500	500	500	500	0	
1.5999937514e+02	319	4	420	9	34	466	500	0	500	500	500	500	500	0	
1.6049699675e+02	317	6	420	7	40	460	500	0	500	500	500	500	500	0	
1.6099595974e+02	318	5	423	6	44	456	500	0	500	500	500	500	500	0	
1.6149975169e+02	320	3	430	1	57	443	500	0	500	500	500	500	500	0	
1.6199805191e+02	320	4	426	5	41	459	500	0	500	500	500	500	500	0	
1.6249784963e+02	320	5	426	4	40	460	500	0	500	500	500	500	500	0	
1.6299999421e+02	321	5	427	2	40	460	500	0	500	500	500	500	500	0	
1.6349817264e+02	326	1	423	8	50	450	500	0	500	500	500	500	500	0	
1.6399933225e+02	327	2	430	3	71	429	500	0	500	500	500	500	500	0	
1.6449968704e+02	327	2	435	1	54	446	500	0	500	500	500	500	500	0	
1.6499261819e+02	326	3	434	2	43	457	500	0	500	500	500	500	500	0	
1.6549693814e+02	326	4	429	6	34	466	500	0	500	500	500	500	500	0	
1.6599956058e+02	324	7	426	8	32	468	500	0	500	500	500	500	500	0	
1.6648886688e+02	327	5	428	7	39	461	500	0	500	500	500	500	500	0	
1.6699934586e+02	329	5	430	5	46	454	500	0	500	500	500	500	500	0	
1.6749951809e+02	330	5	434	2	47	453	500	0	500	500	500	500	500	0	
1.6799604058e+02	332	4	426	9	34	466	500	0	500	500	500	500	500	0	
1.6849904888e+02	334	1	432	4	33	467	500	0	500	500	500	500	500	0	
1.6899822531e+02	334	1	433	1	33	467	500	0	500	500	500	500	500	0	
1.6949999017e+02	336	0	434	2	49	451	500	0	500	500	500	500	500	0	
1.6999996786e+02	335	3	433	3	35	465	500	0	500	500	500	500	500	0	
1.7049887752e+02	337	3	434	2	56	444	500	0	500	500	500	500	500	0	
1.7099404692e+02	336	3	431	4	43	457	500	0	500	500	500	500	500	0	
1.7149788975e+02	337	3	432	1	42	458	500	0	500	500	500	500	500	0	
1.7199445857e+02	337	3	436	1	39	461	500	0	500	500	500	500	500	0	
1.7249697955e+02	336	4	437	3	44	456	500	0	500	500	500	500	500	0	
1.7299701504e+02	333	8	431	8	46	454	500	0	500	500	500	500	500	0	
1.7349976732e+02	336	7	426	12	53	447	500	0	500	500	500	500	500	0	
1.7399958756e+02	337	6	428	13	48	452	500	0	500	500	500	500	500	0	
1.7449828230e+02	336	7	433	11	57	443	500	0	500	500	500	500	500	0	
1.7499491345e+02	338	4	435	8	51	449	500	0	500	500	500	500	500	0	
1.7549872735e+02	339	5	435	8	36	464	500	0	500	500	500	500	500	0	
1.7599877409e+02	341	3	438	8	42	458	500	0	500	500	500	500	500	0	
1.7649837258e+02	341	3	441	2	35	465	500	0	500	500	500	500	500	0	
1.7699768819e+02	342	4	438	2	32	468	500	0	500	500	500	500	500	0	
1.7749899568e+02	344	2	435	2	36	464	500	0	500	500	500	500	500	0	
1.7799996427e+02	343	2	429	4	47	453	500	0	500	500	500	500	500	0	
1.7849985528e+02	343	3	429	5	52	448	500	0	500	500	500	500	500	0	
1.7899816389e+02	343	3	430	5	58	442	500	0	500	500	500	500	500	0	
1.7949898872e+02	344	4	434	7	42	458	500	0	500	500	500	500	500	0	
1.7999953573e+02	343	5	432	8	40	460	500	0	500	500	500	500	500	0	
1.8049925506e+02	343	4	434	6	48	452	500	0	500	500	500	500	500	0	
1.8099998854e+02	345	4	436	6	54	446	500	0	500	500	500	500	500	0	
1.8149064201e+02	343	5	441	5	42	458	500	0	500	500	500	500	500	0	
1.8199730909e+02	343	5	445	4	40	460	500	0	500	500	500	500	500	0	
1.8249844294e+02	344	4	447	4	49	451	500	0	500	500	500	500	500	0	
1.8299753994e+02	346	3	446	1	45	455	500	0	500	500	500	500	500	0	
1.8349968887e+02	346	3	439	8	43	457	500	0	500	500	500	500	500	0	
1.8399747576e+02	345	3	444	5	42	458	500	0	500	500	500	500	500	0	
1.8449630604e+02	344	4	444	5	40	460	500	0	500	500	500	500	500	0	
1.8499836948e+02	344	3	443	3	45	455	500	0	500	500	500	500	500	0	
1.8549776685e+02	342	2	440	6	52	448	500	0	500	500	500	500	500	0	
1.8599956679e+02	343	6	442	4	42	458	500	0	500	500	500	500	500	0	
1.8649947402e+02	344	5	438	8	32	468	500	0	500	500	500	500	500	0	
1.8699781515e+02	349	3	444	2	41	459	500	0	500	500	500	500	500	0	
1.8749891842e+02	349	4	439	5	43	457	500	0	500	500	500	500	500	0	
1.8799980870e+02	349	4	440	5	36	464	500	0	500	500	500	500	500	0	
1.8849883862e+02	348	5	438	6	50	450	500	0	500	500	500	500	500	0	
1.8899704658e+02	350	6	446	1	50	450	500	0	500	500	500	500	500	0	
1.8949969308e+02	352	4	438	9	36	464	500	0	500	500	500	500	500	0	
1.8999987787e+02	351	5	434	14	32	468	500	0	500	500	500	500	500	0	
1.9049452382e+02	351	7	428	16	35	465	500	0	500	500	500	500	500	0	
1.9099950543e+02	352	6	434	9	29	471	500	0	500	500	500	500	500	0	
1.9149774862e+02	352	8	438	7	40	460	500	0	500	500	500	500	500	0	
1.9199976233e+02	351	11	438	8	38	462	500	0	500	500	500	500	500	0	
1.9249901897e+02	354	10	440	8	39	461	500	0	500	500	500	500	500	0	
1.9299894015e+02	355	9	441	9	36	464	500	0	500	500	500	500	500	0	
1.9349167400e+02	357	7	440	11	35	465	500	0	500	500	500	500	500	0	
1.9399730764e+02	361	3	447	6	37	463	500	0	500	500	500	500	500	0	
1.9449845760e+02	362	4	447	6	36	464	500	0	500	500	500	500	500	0	
1.9499522483e+02	365	3	447	4	58	442	500	0	500	500	500	500	500	0	
1.9549740686e+02	364	4	443	5	31	469	500	0	500	500	500	500	500	0	
1.9599812842e+02	363	4	441	7	26	474	500	0	500	500	500	500	500	0	
1.9649597494e+02	363	6	443	5	42	458	500	0	500	500	500	500	500	0	
1.9699512841e+02	363	7	438	8	52	448	500	0	500	500	500	500	500	0	
1.9749855324e+02	365	6	440	9	38	462	500	0	500	500	500	500	500	0	
1.9799754177e+02	366	6	443	8	51	449	500	0	500	500	500	500	500	0	
1.9849579802e+02	365	6	448	4	46	454	500	0	500	500	500	500	500	0	
1.9899720683e+02	363	8	442	5	22	478	500	0	500	500	500	500	500	0	
1.9949894600e+02	366	7	443	2	41	459	500	0	500	500	500	500	500	0	
1.9999412261e+02	368	6	439	3	39	461	500	0	500	500	500	500	500	0	
2.0049369776e+02	371	7	435	6	35	465	500	0	500	500	500	500	500	0	
2.0099868077e+02	371	8	432	8	53	447	500	0	500	500	500	500	500	0	
2.0149722356e+02	370	10	427	15	49	451	500	0	500	500	500	500	500	0	
2.0199670647e+02	375	7	435	10	69	431	500	0	500	500	500	500	500	0	
2.0249810297e+02	377	5	439	5	58	442	500	0	500	500	500	500	500	0	
2.0299962425e+02	377	6	438	8	52	448	500	0	500	500	500	500	500	0	
2.0349672948e+02	379	4	439	6	54	446	500	0	500	500	500	500	500	0	
2.0399969892e+02	378	5	439	7	50	450	500	0	500	500	500	500	500	0	
2.0449614650e+02	378	5	440	4	54	446	500	0	500	500	500	500	500	0	
2.0499441005e+02	380	5	437	4	57	443	500	0	500	500	500	500	500	0	
2.0549718600e+02	382	3	441	2	38	462	500	0	500	500	500	500	500	0	
2.0599854172e+02	381	4	437	5	54	446	500	0	500	500	500	500	500	0	
2.0649930207e+02	379	6	437	4	36	464	500	0	500	500	500	500	500	0	
2.0699920059e+02	379	7	433	8	36	464	500	0	500	500	500	500	500	0	
2.0749863355e+02	380	7	435	6	38	462	500	0	500	500	500	500	500	0	
2.0799618116e+02	381	8	430	11	36	464	500	0	500	500	500	500	500	0	
2.0849865592e+02	381	8	434	8	59	441	500	0	500	500	500	500	500	0	
2.0899961449e+02	381	9	434	8	43	457	500	0	500	500	500	500	500	0	
2.0949978311e+02	380	8	433	8	41	459	500	0	500	500	500	500	500	0	
2.0999986965e+02	383	7	435	6	38	462	500	0	500	500	500	500	500	0	
2.1049964836e+02	384	5	434	9	44	456	500	0	500	500	500	500	500	0	
2.1099722277e+02	386	6	437	8	42	458	500	0	500	500	500	500	500	0	
2.1149943094e+02	388	4	436	7	30	470	500	0	500	500	500	500	500	0	
2.1199712518e+02	387	6	438	5	37	463	500	0	500	500	500	500	500	0	
2.1249908800e+02	389	5	437	6	39	461	500	0	500	500	500	500	500	0	
2.1299540230e+02	392	3	437	8	38	462	500	0	500	500	500	500	500	0	
2.1349964412e+02	393	2	442	0	34	466	500	0	500	500	500	500	500	0	
2.1399694130e+02	394	1	437	6	64	436	500	0	500	500	500	500	500	0	
2.1449939496e+02	393	1	434	6	58	442	500	0	500	500	500	500	500	0	
2.1499953209e+02	390	3	435	4	43	457	500	0	500	500	500	500	500	0	
2.1549923569e+02	391	4	439	5	35	465	500	0	500	500	500	500	500	0	
2.1599826767e+02	388	7	438	7	32	468	500	0	500	500	500	500	500	0	
2.1649617202e+02	387	5	442	5	47	453	500	0	500	500	500	500	500	0	
2.1699432267e+02	389	4	447	2	46	454	500	0	500	500	500	500	500	0	
2.1749931475e+02	392	3	447	4	48	452	500	0	500	500	500	500	500	0	
2.1799515357e+02	393	2	444	5	58	442	500	0	500	500	500	500	500	0	
2.1849971232e+02	393	2	443	2	35	465	500	0	500	500	500	500	500	0	
2.1899847594e+02	393	2	440	4	39	461	500	0	500	500	500	500	500	0	
2.1949989490e+02	393	3	441	4	53	447	500	0	500	500	500	500	500	0	
2.1999716125e+02	394	2	446	1	35	465	500	0	500	500	500	500	500	0	
2.2049974833e+02	395	2	443	4	52	448	500	0	500	500	500	500	500	0	
2.2099921197e+02	395	2	444	3	47	453	500	0	500	500	500	500	500	0	
2.2149924666e+02	394	3	445	2	44	456	500	0	500	500	500	500	500	0	
2.2199807894e+02	395	3	443	3	53	447	500	0	500	500	500	500	500	0	
2.2249930386e+02	393	5	439	8	48	452	500	0	500	500	500	500	500	0	
2.2299642892e+02	393	5	442	6	48	452	500	0	500	500	500	500	500	0	
2.2348836346e+02	391	9	437	11	49	451	500	0	500	500	500	500	500	0	
2.2399925081e+02	395	6	436	9	50	450	500	0	500	500	500	500	500	0	
2.2449995924e+02	396	7	438	6	38	462	500	0	500	500	500	500	500	0	
2.2499996312e+02	397	7	438	8	45	455	500	0	500	500	500	500	500	0	
2.2549968660e+02	397	7	437	8	36	464	500	0	500	500	500	500	500	0	
2.2599985836e+02	396	8	435	7	36	464	500	0	500	500	500	500	500	0	
2.2649444466e+02	398	6	442	2	53	447	500	0	500	500	500	500	500	0	
2.2699968908e+02	400	6	441	5	38	462	500	0	500	500	500	500	500	0	
2.2749984056e+02	399	6	439	9	48	452	500	0	500	500	500	500	500	0	
2.2799679005e+02	397	7	440	7	27	473	500	0	500	500	500	500	500	0	
2.2849905056e+02	398	6	442	4	28	472	500	0	500	500	500	500	500	0	
2.2899743419e+02	398	5	443	3	38	462	500	0	500	500	500	500	500	0	
2.2949768694e+02	398	5	440	5	38	462	500	0	500	500	500	500	500	0	
2.2999988898e+02	399	5	443	7	41	459	500	0	500	500	500	500	500	0	
2.3049708103e+02	402	3	443	6	36	464	500	0	500	500	500	500	500	0	
2.3099780557e+02	404	1	445	4	42	458	500	0	500	500	500	500	500	0	
2.3149750100e+02	404	1	445	3	29	471	500	0	500	500	500	500	500	0	
2.3199855735e+02	403	2	447	1	20	480	500	0	500	500	500	500	500	0	
2.3249955780e+02	402	4	446	3	35	465	500	0	500	500	500	500	500	0	
2.3299783676e+02	402	4	451	1	36	464	500	0	500	500	500	500	500	0	
2.3349885607e+02	402	4	446	7	42	458	500	0	500	500	500	500	500	0	
2.3399800683e+02	402	6	448	6	38	462	500	0	500	500	500	500	500	0	
2.3449885934e+02	401	7	451	4	45	455	500	0	500	500	500	500	500	0	
2.3499909024e+02	399	8	442	14	42	458	500	0	500	500	500	500	500	0	
2.3549948434e+02	398	10	448	7	43	457	500	0	500	500	500	500	500	0	
2.3599361327e+02	398	12	452	5	41	459	500	0	500	500	500	500	500	0	
2.3649841340e+02	405	5	449	7	49	451	500	0	500	500	500	500	500	0	
2.3699867180e+02	408	5	448	8	65	435	500	0	500	500	500	500	500	0	
2.3749939541e+02	405	9	455	6	54	446	500	0	500	500	500	500	500	0	
2.3799741443e+02	405	8	460	5	47	453	500	0	500	500	500	500	500	0	
2.3849980597e+02	407	6	455	10	56	444	500	0	500	500	500	500	500	0	
2.3899634415e+02	406	8	460	5	67	433	500	0	500	500	500	500	500	0	
2.3949803636e+02	409	7	458	5	55	445	500	0	500	500	500	500	500	0	
2.3999303349e+02	410	7	457	7	34	466	500	0	500	500	500	500	500	0	
2.4049409284e+02	412	5	455	9	42	458	500	0	500	500	500	500	500	0	
2.4099823360e+02	410	7	464	5	42	458	500	0	500	500	500	500	500	0	
2.4149899761e+02	409	8	460	10	39	461	500	0	500	500	500	500	500	0	
2.4199584969e+02	408	8	458	8	35	465	500	0	500	500	500	500	500	0	
2.4249819379e+02	407	11	457	11	35	465	500	0	500	500	500	500	500	0	
2.4299811609e+02	406	12	454	18	42	458	500	0	500	500	500	500	500	0	
2.4349782021e+02	408	14	460	11	43	457	500	0	500	500	500	500	500	0	
2.4399381556e+02	409	13	461	11	36	464	500	0	500	500	500	500	500	0	
2.4449768462e+02	411	11	457	14	51	449	500	0	500	500	500	500	500	0	
2.4499507131e+02	412	10	459	12	48	452	500	0	500	500	500	500	500	0	
2.4549973326e+02	413	9	460	10	40	460	500	0	500	500	500	500	500	0	
2.4599978518e+02	416	6	454	20	33	467	500	0	500	500	500	500	500	0	
2.4649965113e+02	419	6	463	8	51	449	500	0	500	500	500	500	500	0	
2.4699859507e+02	422	3	467	8	45	455	500	0	500	500	500	500	500	0	
2.4749594088e+02	422	2	469	5	48	452	500	0	500	500	500	500	500	0	
2.4799537496e+02	422	3	465	8	50	450	500	0	500	500	500	500	500	0	
2.4849621519e+02	421	4	469	4	51	449	500	0	500	500	500	500	500	0	
2.4899923110e+02	422	3	467	6	51	449	500	0	500	500	500	500	500	0	
2.4949908468e+02	422	2	466	6	61	439	500	0	500	500	500	500	500	0	
2.4999885504e+02	423	3	471	3	63	437	500	0	500	500	500	500	500	0	
2.5049894481e+02	423	2	473	3	37	463	500	0	500	500	500	500	500	0	
2.5099828175e+02	423	3	471	5	29	471	500	0	500	500	500	500	500	0	
2.5149925314e+02	421	4	469	6	56	444	500	0	500	500	500	500	500	0	
2.5199796614e+02	419	8	472	6	48	452	500	0	500	500	500	500	500	0	
2.5249932563e+02	419	8	467	8	42	458	500	0	500	500	500	500	500	0	
2.5299568480e+02	422	6	468	8	53	447	500	0	500	500	500	500	500	0	
2.5349821913e+02	421	7	469	7	52	448	500	0	500	500	500	500	500	0	
2.5399970470e+02	422	10	465	7	34	466	500	0	500	500	500	500	500	0	
2.5449764118e+02	427	8	458	14	40	460	500	0	500	500	500	500	500	0	
2.5499989423e+02	428	9	463	7	38	462	500	0	500	500	500	500	500	0	
2.5549883059e+02	430	8	462	9	45	455	500	0	500	500	500	500	500	0	
2.5599636135e+02	430	7	464	5	57	443	500	0	500	500	500	500	500	0	
2.5649914940e+02	430	7	463	6	42	458	500	0	500	500	500	500	500	0	
2.5699923460e+02	432	4	459	9	48	452	500	0	500	500	500	500	500	0	
2.5749386764e+02	437	0	461	5	42	458	500	0	500	500	500	500	500	0	
2.5799789637e+02	436	2	460	6	36	464	500	0	500	500	500	500	500	0	
2.5849819382e+02	436	2	467	4	35	465	500	0	500	500	500	500	500	0	
2.5899785798e+02	438	1	472	2	36	464	500	0	500	500	500	500	500	0	
2.5949946961e+02	436	4	473	5	35	465	500	0	500	500	500	500	500	0	
2.5999888879e+02	437	3	474	3	39	461	500	0	500	500	500	500	500	0	
2.6049739548e+02	434	5	471	6	40	460	500	0	500	500	500	500	500	0	
2.6099926917e+02	435	5	474	3	44	456	500	0	500	500	500	500	500	0	
2.6149972116e+02	435	6	474	3	36	464	500	0	500	500	500	500	500	0	
2.6199889012e+02	437	7	473	6	47	453	500	0	500	500	500	500	500	0	
2.6249767337e+02	440	4	475	5	39	461	500	0	500	500	500	500	500	0	
2.6299893575e+02	441	3	476	7	37	463	500	0	500	500	500	500	500	0	
2.6349937672e+02	441	5	476	3	44	456	500	0	500	500	500	500	500	0	
2.6399977507e+02	443	4	474	1	44	456	500	0	500	500	500	500	500	0	
2.6449968997e+02	440	6	463	9	45	455	500	0	500	500	500	500	500	0	
2.6499828791e+02	439	8	467	7	45	455	500	0	500	500	500	500	500	0	
2.6549866252e+02	441	6	461	10	40	460	500	0	500	500	500	500	500	0	
2.6599929813e+02	439	8	463	6	42	458	500	0	500	500	500	500	500	0	
2.6649750097e+02	442	7	460	11	51	449	500	0	500	500	500	500	500	0	
2.6699991853e+02	441	9	462	12	38	462	500	0	500	500	500	500	500	0	
2.6749996552e+02	443	6	470	4	33	467	500	0	500	500	500	500	500	0	
2.6799942982e+02	443	7	471	2	46	454	500	0	500	500	500	500	500	0	
2.6849736947e+02	445	5	466	8	36	464	500	0	500	500	500	500	500	0	
2.6899999414e+02	445	5	465	8	48	452	500	0	500	500	500	500	500	0	
2.6949993982e+02	443	7	460	11	35	465	500	0	500	500	500	500	500	0	
2.6999639956e+02	442	8	458	15	28	472	500	0	500	500	500	500	500	0	
2.7049655649e+02	443	7	467	7	31	469	500	0	500	500	500	500	500	0	
2.7099985196e+02	445	4	468	8	59	441	500	0	500	500	500	500	500	0	
2.7149840836e+02	440	9	461	12	54	446	500	0	500	500	500	500	500	0	
2.7199731990e+02	444	6	471	5	37	463	500	0	500	500	500	500	500	0	
2.7249631823e+02	443	10	468	10	62	438	500	0	500	500	500	500	500	0	
2.7299947577e+02	445	8	473	7	44	456	500	0	500	500	500	500	500	0	
2.7349974163e+02	446	9	474	6	29	471	500	0	500	500	500	500	500	0	
2.7399598557e+02	445	9	471	7	49	451	500	0	500	500	500	500	500	0	
2.7449511985e+02	445	8	464	11	56	444	500	0	500	500	500	500	500	0	
2.7499919506e+02	446	8	466	8	57	443	500	0	500	500	500	500	500	0	
2.7549476794e+02	447	9	473	5	46	454	500	0	500	500	500	500	500	0	
2.7599899042e+02	448	8	477	5	58	442	500	0	500	500	500	500	500	0	
2.7649977602e+02	450	6	475	7	50	450	500	0	500	500	500	500	500	0	
2.7699972274e+02	451	6	470	12	50	450	500	0	500	500	500	500	500	0	
2.7749845972e+02	452	5	473	12	56	444	500	0	500	500	500	500	500	0	
2.7799967933e+02	452	5	479	5	55	445	500	0	500	500	500	500	500	0	
2.7849843877e+02	453	4	478	3	31	469	500	0	500	500	500	500	500	0	
2.7899886373e+02	453	7	479	4	52	448	500	0	500	500	500	500	500	0	
2.7949446362e+02	455	6	473	6	52	448	500	0	500	500	500	500	500	0	
2.7999710555e+02	457	5	480	1	30	470	500	0	500	500	500	500	500	0	
2.8049596141e+02	458	5	481	4	38	462	500	0	500	500	500	500	500	0	
2.8099797983e+02	460	5	480	3	34	466	500	0	500	500	500	500	500	0	
2.8149978243e+02	461	4	481	5	46	454	500	0	500	500	500	500	500	0	
2.8199639641e+02	463	3	484	4	37	463	500	0	500	500	500	500	500	0	
2.8249118805e+02	462	3	486	3	27	473	500	0	500	500	500	500	500	0	
2.8299733495e+02	461	5	478	10	58	442	500	0	500	500	500	500	500	0	
2.8349619424e+02	462	5	481	7	50	450	500	0	500	500	500	500	500	0	
2.8399952688e+02	464	4	484	4	53	447	500	0	500	500	500	500	500	0	
2.8449892763e+02	465	4	486	4	35	465	500	0	500	500	500	500	500	0	
2.8499379957e+02	465	7	489	4	32	468	500	0	500	500	500	500	500	0	
2.8549827586e+02	466	8	486	5	49	451	500	0	500	500	500	500	500	0	
2.8599962026e+02	468	6	477	15	43	457	500	0	500	500	500	500	500	0	
2.8649881779e+02	465	10	477	13	37	463	500	0	500	500	500	500	500	0	
2.8699892816e+02	464	11	470	19	49	451	500	0	500	500	500	500	500	0	
2.8749924316e+02	464	13	473	14	38	462	500	0	500	500	500	500	500	0	
2.8799777757e+02	465	14	476	7	40	460	500	0	500	500	500	500	500	0	
2.8849850443e+02	467	12	479	5	44	456	500	0	500	500	500	500	500	0	
2.8899949569e+02	471	8	481	3	38	462	500	0	500	500	500	500	500	0	
2.8949913943e+02	476	4	481	4	37	463	500	0	500	500	500	500	500	0	
2.8999639791e+02	477	5	479	9	45	455	500	0	500	500	500	500	500	0	
2.9049941781e+02	476	7	480	7	38	462	500	0	500	500	500	500	500	0	
2.9099928548e+02	477	5	480	5	52	448	500	0	500	500	500	500	500	0	
2.9149984194e+02	475	7	480	5	48	452	500	0	500	500	500	500	500	0	
2.9199923588e+02	474	7	477	8	44	456	500	0	500	500	500	500	500	0	
2.9249781169e+02	476	4	479	8	35	465	500	0	500	500	500	500	500	0	
2.9299778471e+02	476	6	481	7	52	448	500	0	500	500	500	500	500	0	
2.9349885281e+02	475	8	474	15	61	439	500	0	500	500	500	500	500	0	
2.9399678578e+02	475	7	478	11	51	449	500	0	500	500	500	500	500	0	
2.9449997500e+02	478	6	483	8	44	456	500	0	500	500	500	500	500	0	
2.9499873609e+02	481	2	491	2	39	461	500	0	500	500	500	500	500	0	
2.9549809067e+02	479	3	488	5	52	448	500	0	500	500	500	500	500	0	
2.9599840918e+02	480	3	483	8	46	454	500	0	500	500	500	500	500	0	
2.9649850733e+02	481	3	492	1	48	452	500	0	500	500	500	500	500	0	
2.9699281225e+02	481	4	491	2	36	464	500	0	500	500	500	500	500	0	
2.9749522264e+02	483	2	493	1	34	466	500	0	500	500	500	500	500	0	
2.9799986754e+02	482	4	489	7	44	456	500	0	500	500	500	500	500	0	
2.9849318992e+02	482	4	492	7	52	448	500	0	500	500	500	500	500	0	
2.9899880870e+02	480	6	491	8	29	471	500	0	500	500	500	500	500	0	
2.9949989781e+02	480	5	485	13	51	449	500	0	500	500	500	500	500	0	
2.9999762457e+02	479	4	484	12	40	460	500	0	500	500	500	500	500	0	
3.0049490962e+02	478	5	493	5	30	470	500	0	500	500	500	500	500	0	
3.0099717215e+02	478	4	494	5	49	451	500	0	500	500	500	500	500	0	
3.0149976115e+02	478	3	491	9	51	449	500	0	500	500	500	500	500	0	
3.0199968135e+02	475	7	486	10	42	458	500	0	500	500	500	500	500	0	
3.0249786451e+02	475	7	487	9	44	456	500	0	500	500	500	500	500	0	
3.0299680808e+02	477	6	489	8	23	477	500	0	500	500	500	500	500	0	
3.0349717911e+02	478	5	488	9	29	471	500	0	500	500	500	500	500	0	
3.0399902144e+02	478	7	489	10	23	477	500	0	500	500	500	500	500	0	
3.0449756970e+02	478	9	498	8	42	458	500	0	500	500	500	500	500	0	
3.0499726159e+02	477	11	494	9	37	463	500	0	500	500	500	500	500	0	
3.0549934022e+02	479	9	495	5	49	451	500	0	500	500	500	500	500	0	
3.0599973024e+02	480	7	489	7	40	460	500	0	500	500	500	500	500	0	
3.0649923605e+02	481	6	491	9	66	434	500	0	500	500	500	500	500	0	
3.0699886884e+02	478	10	493	5	41	459	500	0	500	500	500	500	500	0	
3.0749479195e+02	478	11	486	14	40	460	500	0	500	500	500	500	500	0	
3.0799849054e+02	480	8	491	9	37	463	500	0	500	500	500	500	500	0	
3.0849851519e+02	480	7	495	4	44	456	500	0	500	500	500	500	500	0	
3.0899940557e+02	481	6	493	5	53	447	500	0	500	500	500	500	500	0	
3.0949943369e+02	480	7	484	8	39	461	500	0	500	500	500	500	500	0	
3.0999767565e+02	482	7	483	7	30	470	500	0	500	500	500	500	500	0	
3.1049689123e+02	484	4	485	7	45	455	500	0	500	500	500	500	500	0	
3.1099475517e+02	486	2	489	2	36	464	500	0	500	500	500	500	500	0	
3.1149749083e+02	484	1	486	1	47	453	500	0	500	500	500	500	500	0	
3.1199996062e+02	484	0	484	2	35	465	500	0	500	500	500	500	500	0	
3.1249786310e+02	482	4	482	5	43	457	500	0	500	500	500	500	500	0	
3.1299975903e+02	480	4	484	4	34	466	500	0	500	500	500	500	500	0	
3.1349746345e+02	482	5	484	3	46	454	500	0	500	500	500	500	500	0	
3.1399397335e+02	484	3	483	5	50	450	500	0	500	500	500	500	500	0	
3.1449813389e+02	486	1	484	3	42	458	500	0	500	500	500	500	500	0	
3.1499996368e+02	483	3	480	6	50	450	500	0	500	500	500	500	500	0	
3.1549555144e+02	484	2	483	5	52	448	500	0	500	500	500	500	500	0	
3.1599943567e+02	485	2	488	2	39	461	500	0	500	500	500	500	500	0	
3.1649746040e+02	483	1	489	1	62	438	500	0	500	500	500	500	500	0	
3.1699568252e+02	483	2	483	3	41	459	500	0	500	500	500	500	500	0	
3.1749844265e+02	482	5	476	8	41	459	500	0	500	500	500	500	500	0	
3.1799236507e+02	482	6	476	6	55	445	500	0	500	500	500	500	500	0	
3.1849899068e+02	485	3	474	9	40	460	500	0	500	500	500	500	500	0	
3.1899950597e+02	487	4	478	7	32	468	500	0	500	500	500	500	500	0	
3.1949942912e+02	488	4	474	9	31	469	500	0	500	500	500	500	500	0	
3.1999997300e+02	488	4	477	7	44	456	500	0	500	500	500	500	500	0	
3.2049977868e+02	487	8	483	4	44	456	500	0	500	500	500	500	500	0	
3.2099920164e+02	488	6	480	7	47	453	500	0	500	500	500	500	500	0	
3.2149856461e+02	487	6	472	11	40	460	500	0	500	500	500	500	500	0	
3.2199699406e+02	488	6	471	10	45	455	500	0	500	500	500	500	500	0	
3.2249889420e+02	486	7	473	8	60	440	500	0	500	500	500	500	500	0	
3.2299669674e+02	486	7	470	9	48	452	500	0	500	500	500	500	500	0	
3.2349554239e+02	482	12	463	16	44	456	500	0	500	500	500	500	500	0	
3.2399757831e+02	485	10	470	12	42	458	500	0	500	500	500	500	500	0	
3.2449511724e+02	486	10	469	12	57	443	500	0	500	500	500	500	500	0	
3.2499981476e+02	489	10	474	9	42	458	500	0	500	500	500	500	500	0	
3.2549766012e+02	487	14	474	13	43	457	500	0	500	500	500	500	500	0	
3.2599491190e+02	487	14	473	10	31	469	500	0	500	500	500	500	500	0	
3.2649964032e+02	489	9	475	8	39	461	500	0	500	500	500	500	500	0	
3.2699900859e+02	494	5	477	8	31	469	500	0	500	500	500	500	500	0	
3.2749846187e+02	496	3	478	11	48	452	500	0	500	500	500	500	500	0	
3.2799935840e+02	496	2	474	9	39	461	500	0	500	500	500	500	500	0	
3.2849339521e+02	495	3	479	6	46	454	500	0	500	500	500	500	500	0	
3.2899316387e+02	496	4	479	9	37	463	500	0	500	500	500	500	500	0	
3.2949917402e+02	496	5	480	6	44	456	500	0	500	500	500	500	500	0	
3.2999799762e+02	496	6	483	4	46	454	500	0	500	500	500	500	500	0	
3.3049878491e+02	495	9	482	7	46	454	500	0	500	500	500	500	500	0	
3.3099945607e+02	496	9	485	7	41	459	500	0	500	500	500	500	500	0	
3.3149666897e+02	496	10	483	8	39	461	500	0	500	500	500	500	500	0	
3.3199978317e+02	498	9	484	9	49	451	500	0	500	500	500	500	500	0	
3.3249979482e+02	496	9	482	9	57	443	500	0	500	500	500	500	500	0	
3.3299856999e+02	497	11	469	19	36	464	500	0	500	500	500	500	500	0	
3.3349757837e+02	499	11	476	14	39	461	500	0	500	500	500	500	500	0	
3.3399828997e+02	501	11	466	21	62	438	500	0	500	500	500	500	500	0	
3.3449892901e+02	500	12	470	15	44	456	500	0	500	500	500	500	500	0	
3.3499783953e+02	503	10	471	17	50	450	500	0	500	500	500	500	500	0	
3.3549967769e+02	507	8	469	20	39	461	500	0	500	500	500	500	500	0	
3.3599919473e+02	506	8	473	17	51	449	500	0	500	500	500	500	500	0	
3.3649464183e+02	507	6	477	14	46	454	500	0	500	500	500	500	500	0	
3.3699932241e+02	504	8	483	6	49	451	500	0	500	500	500	500	500	0	
3.3749760157e+02	508	4	487	2	52	448	500	0	500	500	500	500	500	0	
3.3799592058e+02	508	6	488	3	30	470	500	0	500	500	500	500	500	0	
3.3849996887e+02	508	6	487	3	52	448	500	0	500	500	500	500	500	0	
3.3899849992e+02	511	6	486	4	39	461	500	0	500	500	500	500	500	0	
3.3949964558e+02	511	6	480	10	33	467	500	0	500	500	500	500	500	0	
3.3999737532e+02	510	7	482	5	30	470	500	0	500	500	500	500	500	0	
3.4049951415e+02	510	5	479	8	27	473	500	0	500	500	500	500	500	0	
3.4099842202e+02	514	1	484	3	47	453	500	0	500	500	500	500	500	0	
3.4149924119e+02	513	1	483	6	48	452	500	0	500	500	500	500	500	0	
3.4199788577e+02	513	3	485	9	31	469	500	0	500	500	500	500	500	0	
3.4249953181e+02	515	3	492	6	46	454	500	0	500	500	500	500	500	0	
3.4299604759e+02	513	5	493	6	48	452	500	0	500	500	500	500	500	0	
3.4349835888e+02	512	7	491	10	42	458	500	0	500	500	500	500	500	0	
3.4399813274e+02	513	7	490	11	37	463	500	0	500	500	500	500	500	0	
3.4449959533e+02	514	6	494	8	49	451	500	0	500	500	500	500	500	0	
3.4499996496e+02	514	6	496	7	52	448	500	0	500	500	500	500	500	0	
3.4549878744e+02	513	9	495	6	49	451	500	0	500	500	500	500	500	0	
3.4599927760e+02	513	8	486	16	53	447	500	0	500	500	500	500	500	0	
3.4649516605e+02	515	8	489	12	50	450	500	0	500	500	500	500	500	0	
3.4699674806e+02	518	4	498	6	31	469	500	0	500	500	500	500	500	0	
3.4749858443e+02	518	3	501	4	49	451	500	0	500	500	500	500	500	0	
3.4799945533e+02	519	4	500	5	33	467	500	0	500	500	500	500	500	0	
3.4849997695e+02	521	6	499	5	29	471	500	0	500	500	500	500	500	0	
3.4899980367e+02	521	8	494	8	39	461	500	0	500	500	500	500	500	0	
3.4949985664e+02	523	7	489	11	39	461	500	0	500	500	500	500	500	0	
3.4999928443e+02	523	10	494	8	47	453	500	0	500	500	500	500	500	0	
3.5049052536e+02	523	10	496	10	62	438	500	0	500	500	500	500	500	0	
3.5099945491e+02	523	10	491	18	50	450	500	0	500	500	500	500	500	0	
3.5149873276e+02	526	7	494	16	50	450	500	0	500	500	500	500	500	0	
3.5199807168e+02	524	8	494	13	56	444	500	0	500	500	500	500	500	0	
3.5249768914e+02	529	4	505	7	47	453	500	0	500	500	500	500	500	0	
3.5299705392e+02	528	5	513	3	29	471	500	0	500	500	500	500	500	0	
3.5349805198e+02	527	5	509	7	42	458	500	0	500	500	500	500	500	0	
3.5399764242e+02	528	5	506	9	30	470	500	0	500	500	500	500	500	0	
3.5449904426e+02	529	6	506	10	26	474	500	0	500	500	500	500	500	0	
3.5499912518e+02	530	5	501	15	36	464	500	0	500	500	500	500	500	0	
3.5549884761e+02	529	7	503	16	51	449	500	0	500	500	500	500	500	0	
3.5599896313e+02	528	11	514	7	41	459	500	0	500	500	500	500	500	0	
3.5649934972e+02	528	10	517	6	29	471	500	0	500	500	500	500	500	0	
3.5699749008e+02	530	11	514	10	38	462	500	0	500	500	500	500	500	0	
3.5749832933e+02	533	9	520	6	36	464	500	0	500	500	500	500	500	0	
3.5799824300e+02	530	12	516	14	22	478	500	0	500	500	500	500	500	0	
3.5849442795e+02	531	10	519	11	42	458	500	0	500	500	500	500	500	0	
3.5899939343e+02	534	7	520	9	26	474	500	0	500	500	500	500	500	0	
3.5949918019e+02	535	7	521	9	40	460	500	0	500	500	500	500	500	0	
3.5999788408e+02	537	5	529	2	40	460	500	0	500	500	500	500	500	0	
3.6049972434e+02	539	5	528	2	43	457	500	0	500	500	500	500	500	0	
3.6099864821e+02	540	5	528	4	47	453	500	0	500	500	500	500	500	0	
3.6149962275e+02	542	3	525	5	54	446	500	0	500	500	500	500	500	0	
3.6199523492e+02	543	2	525	6	29	471	500	0	500	500	500	500	500	0	
3.6249140543e+02	542	4	527	4	37	463	500	0	500	500	500	500	500	0	
3.6299892183e+02	542	5	525	4	42	458	500	0	500	500	500	500	500	0	
3.6349854487e+02	540	5	513	12	39	461	500	0	500	500	500	500	500	0	
3.6399921314e+02	540	5	515	10	42	458	500	0	500	500	500	500	500	0	
3.6449905656e+02	542	3	521	3	51	449	500	0	500	500	500	500	500	0	
3.6499992473e+02	542	4	516	8	50	450	500	0	500	500	500	500	500	0	
3.6549785760e+02	543	4	522	2	37	463	500	0	500	500	500	500	500	0	
3.6599796507e+02	542	7	516	10	57	443	500	0	500	500	500	500	500	0	
3.6649925603e+02	543	7	516	10	71	429	500	0	500	500	500	500	500	0	
3.6699620144e+02	546	4	523	5	34	466	500	0	500	500	500	500	500	0	
3.6749995564e+02	547	3	521	5	44	456	500	0	500	500	500	500	500	0	
3.6799945959e+02	544	3	521	5	54	446	500	0	500	500	500	500	500	0	
3.6849838915e+02	545	4	518	4	51	449	500	0	500	500	500	500	500	0	
3.6899612079e+02	547	3	517	2	35	465	500	0	500	500	500	500	500	0	
3.6949868495e+02	548	2	518	4	47	453	500	0	500	500	500	500	500	0	
3.6999498242e+02	550	1	520	0	35	465	500	0	500	500	500	500	500	0	
3.7049736749e+02	552	2	516	2	41	459	500	0	500	500	500	500	500	0	
3.7099849841e+02	552	3	518	2	43	457	500	0	500	500	500	500	500	0	
3.7149906454e+02	554	2	512	7	41	459	500	0	500	500	500	500	500	0	
3.7199981152e+02	553	4	512	7	37	463	500	0	500	500	500	500	500	0	
3.7249901369e+02	552	6	514	6	46	454	500	0	500	500	500	500	500	0	
3.7299997536e+02	555	4	515	6	29	471	500	0	500	500	500	500	500	0	
3.7349768316e+02	556	3	518	5	39	461	500	0	500	500	500	500	500	0	
3.7399807445e+02	554	5	519	4	44	456	500	0	500	500	500	500	500	0	
3.7449743548e+02	554	5	517	5	53	447	500	0	500	500	500	500	500	0	
3.7499431887e+02	550	9	510	10	44	456	500	0	500	500	500	500	500	0	
3.7549943255e+02	552	7	509	9	48	452	500	0	500	500	500	500	500	0	
3.7599833563e+02	552	8	508	9	43	457	500	0	500	500	500	500	500	0	
3.7649992894e+02	552	9	506	11	32	468	500	0	500	500	500	500	500	0	
3.7699809928e+02	550	10	508	10	30	470	500	0	500	500	500	500	500	0	
3.7749816280e+02	551	7	508	8	35	465	500	0	500	500	500	500	500	0	
3.7799450132e+02	551	7	509	11	29	471	500	0	500	500	500	500	500	0	
3.7849421015e+02	553	4	512	10	47	453	500	0	500	500	500	500	500	0	
3.7899908880e+02	552	4	518	2	30	470	500	0	500	500	500	500	500	0	
3.7949821357e+02	553	3	514	8	36	464	500	0	500	500	500	500	500	0	
3.7999536923e+02	553	4	514	5	35	465	500	0	500	500	500	500	500	0	
3.8049910800e+02	552	5	513	9	34	466	500	0	500	500	500	500	500	0	
3.8099991638e+02	554	3	515	7	37	463	500	0	500	500	500	500	500	0	
3.8149959936e+02	556	1	515	9	34	466	500	0	500	500	500	500	500	0	
3.8199776051e+02	556	3	518	6	51	449	500	0	500	500	500	500	500	0	
3.8249997533e+02	557	2	523	4	31	469	500	0	500	500	500	500	500	0	
3.8299992612e+02	557	2	518	5	33	467	500	0	500	500	500	500	500	0	
3.8349805747e+02	556	3	511	8	50	450	500	0	500	500	500	500	500	0	
3.8399885255e+02	558	2	517	2	41	459	500	0	500	500	500	500	500	0	
3.8449809898e+02	558	2	510	4	41	459	500	0	500	500	500	500	500	0	
3.8499756651e+02	558	5	509	4	44	456	500	0	500	500	500	500	500	0	
3.8549996734e+02	557	4	510	6	51	449	500	0	500	500	500	500	500	0	
3.8599860833e+02	557	5	506	4	57	443	500	0	500	500	500	500	500	0	
3.8649945969e+02	557	6	507	4	40	460	500	0	500	500	500	500	500	0	
3.8699972033e+02	556	6	503	9	53	447	500	0	500	500	500	500	500	0	
3.8749842805e+02	558	5	503	9	34	466	500	0	500	500	500	500	500	0	
3.8799591661e+02	559	4	504	9	46	454	500	0	500	500	500	500	500	0	
3.8849583405e+02	560	3	510	3	44	456	500	0	500	500	500	500	500	0	
3.8899804426e+02	562	1	501	8	44	456	500	0	500	500	500	500	500	0	
3.8949928947e+02	564	2	511	1	41	459	500	0	500	500	500	500	500	0	
3.8999756941e+02	564	2	511	3	45	455	500	0	500	500	500	500	500	0	
3.9049989330e+02	564	4	507	3	56	444	500	0	500	500	500	500	500	0	
3.9099880109e+02	564	4	506	3	48	452	500	0	500	500	500	500	500	0	
3.9149959199e+02	564	4	505	3	45	455	500	0	500	500	500	500	500	0	
3.9199928660e+02	566	1	502	7	41	459	500	0	500	500	500	500	500	0	
3.9249918480e+02	563	4	504	7	37	463	500	0	500	500	500	500	500	0	
3.9299764449e+02	564	2	506	4	28	472	500	0	500	500	500	500	500	0	
3.9349985333e+02	563	3	509	1	33	467	500	0	500	500	500	500	500	0	
3.9399909312e+02	563	4	508	2	38	462	500	0	500	500	500	500	500	0	
3.9449922473e+02	564	2	503	8	44	456	500	0	500	500	500	500	500	0	
3.9499853168e+02	563	3	508	6	46	454	500	0	500	500	500	500	500	0	
3.9549644317e+02	563	5	509	4	32	468	500	0	500	500	500	500	500	0	
3.9599983304e+02	563	6	511	6	47	453	500	0	500	500	500	500	500	0	
3.9649631093e+02	564	6	508	7	45	455	500	0	500	500	500	500	500	0	
3.9699283358e+02	563	8	509	6	41	459	500	0	500	500	500	500	500	0	
3.9749467678e+02	561	12	499	15	38	462	500	0	500	500	500	500	500	0	
3.9799947211e+02	557	14	498	15	47	453	500	0	500	500	500	500	500	0	
3.9849978159e+02	558	14	492	18	56	444	500	0	500	500	500	500	500	0	
3.9899712785e+02	559	15	495	13	49	451	500	0	500	500	500	500	500	0	
3.9949860722e+02	560	14	492	16	61	439	500	0	500	500	500	500	500	0	
3.9999437687e+02	561	12	481	24	66	434	500	0	500	500	500	500	500	0	
4.0049631241e+02	559	14	473	31	62	438	500	0	500	500	500	500	500	0	
4.0099973830e+02	556	15	488	14	54	446	500	0	500	500	500	500	500	0	
4.0149945907e+02	555	19	483	16	65	435	500	0	500	500	500	500	500	0	
4.0199997962e+02	558	17	484	17	56	444	500	0	500	500	500	500	500	0	
4.0249884975e+02	559	16	474	23	39	461	500	0	500	500	500	500	500	0	
4.0299972016e+02	556	18	473	21	40	460	500	0	500	500	500	500	500	0	
4.0349962502e+02	559	15	469	21	50	450	500	0	500	500	500	500	500	0	
4.0399508624e+02	560	16	465	27	42	458	500	0	500	500	500	500	500	0	
4.0449629001e+02	564	12	472	20	44	456	500	0	500	500	500	500	500	0	
4.0499936572e+02	567	10	470	22	39	461	500	0	500	500	500	500	500	0	
4.0549907968e+02	566	11	483	8	35	465	500	0	500	500	500	500	500	0	
4.0599980438e+02	566	13	482	10	51	449	500	0	500	500	500	500	500	0	
4.0649666473e+02	570	9	474	18	46	454	500	0	500	500	500	500	500	0	
4.0699314273e+02	568	11	477	14	46	454	500	0	500	500	500	500	500	0	
4.0749940471e+02	567	11	479	13	36	464	500	0	500	500	500	500	500	0	
4.0799816029e+02	570	9	483	13	44	456	500	0	500	500	500	500	500	0	
4.0849971593e+02	571	8	489	7	48	452	500	0	500	500	500	500	500	0	
4.0899677536e+02	572	6	490	9	49	451	500	0	500	500	500	500	500	0	
4.0949853786e+02	570	7	491	8	39	461	500	0	500	500	500	500	500	0	
4.0999510032e+02	567	9	485	14	48	452	500	0	500	500	500	500	500	0	
4.1049925756e+02	565	10	487	10	37	463	500	0	500	500	500	500	500	0	
4.1099775152e+02	561	11	481	16	40	460	500	0	500	500	500	500	500	0	
4.1149923938e+02	562	10	482	13	37	463	500	0	500	500	500	500	500	0	
4.1199931390e+02	561	13	475	17	27	473	500	0	500	500	500	500	500	0	
4.1249723012e+02	563	13	481	12	35	465	500	0	500	500	500	500	500	0	
4.1299737653e+02	565	13	477	16	45	455	500	0	500	500	500	500	500	0	
4.1349982097e+02	569	11	474	18	46	454	500	0	500	500	500	500	500	0	
4.1399918994e+02	572	10	478	15	36	464	500	0	500	500	500	500	500	0	
4.1449758723e+02	573	9	485	8	49	451	500	0	500	500	500	500	500	0	
4.1499941170e+02	576	7	484	11	50	450	500	0	500	500	500	500	500	0	
4.1549565881e+02	578	3	487	8	38	462	500	0	500	500	500	500	500	0	
4.1599018761e+02	578	2	495	2	32	468	500	0	500	500	500	500	500	0	
4.1649965104e+02	577	4	494	3	54	446	500	0	500	500	500	500	500	0	
4.1699974832e+02	578	5	494	3	43	457	500	0	500	500	500	500	500	0	
4.1749992814e+02	578	5	494	3	51	449	500	0	500	500	500	500	500	0	
4.1799983191e+02	581	4	490	5	40	460	500	0	500	500	500	500	500	0	
4.1849989040e+02	582	5	484	9	34	466	500	0	500	500	500	500	500	0	
4.1899838354e+02	585	5	486	7	54	446	500	0	500	500	500	500	500	0	
4.1949900715e+02	584	6	487	6	47	453	500	0	500	500	500	500	500	0	
4.1999621183e+02	583	6	488	8	34	466	500	0	500	500	500	500	500	0	
4.2049999799e+02	582	7	485	10	47	453	500	0	500	500	500	500	500	0	
4.2099972619e+02	580	8	487	13	55	445	500	0	500	500	500	500	500	0	
4.2149636978e+02	574	12	489	8	43	457	500	0	500	500	500	500	500	0	
4.2199660202e+02	578	7	488	12	42	458	500	0	500	500	500	500	500	0	
4.2249960279e+02	578	9	492	9	44	456	500	0	500	500	500	500	500	0	
4.2299849529e+02	575	10	482	14	35	465	500	0	500	500	500	500	500	0	
4.2349946334e+02	577	7	484	13	43	457	500	0	500	500	500	500	500	0	
4.2399701830e+02	577	6	488	10	35	465	500	0	500	500	500	500	500	0	
4.2449985132e+02	573	8	483	14	53	447	500	0	500	500	500	500	500	0	
4.2499950105e+02	573	8	489	9	37	463	500	0	500	500	500	500	500	0	
4.2549736367e+02	576	7	487	13	35	465	500	0	500	500	500	500	500	0	
4.2599496981e+02	576	11	492	9	33	467	500	0	500	500	500	500	500	0	
4.2649600937e+02	580	9	489	11	41	459	500	0	500	500	500	500	500	0	
4.2699853008e+02	580	11	494	11	46	454	500	0	500	500	500	500	500	0	
4.2749780653e+02	581	10	492	14	53	447	500	0	500	500	500	500	500	0	
4.2799940446e+02	581	11	499	9	43	457	500	0	500	500	500	500	500	0	
4.2849957317e+02	582	10	502	9	33	467	500	0	500	500	500	500	500	0	
4.2899646685e+02	581	10	501	10	32	468	500	0	500	500	500	500	500	0	
4.2949715543e+02	582	10	493	18	29	471	500	0	500	500	500	500	500	0	
4.2999718529e+02	581	11	502	12	46	454	500	0	500	500	500	500	500	0	
4.3049888595e+02	580	14	500	15	42	458	500	0	500	500	500	500	500	0	
4.3099918734e+02	579	17	489	21	46	454	500	0	500	500	500	500	500	0	
4.3149781962e+02	583	13	499	14	47	453	500	0	500	500	500	500	500	0	
4.3199462425e+02	584	13	499	12	50	450	500	0	500	500	500	500	500	0	
4.3249809248e+02	586	10	497	16	57	443	500	0	500	500	500	500	500	0	
4.3299806451e+02	589	10	498	16	37	463	500	0	500	500	500	500	500	0	
4.3349794276e+02	590	8	508	11	41	459	500	0	500	500	500	500	500	0	
4.3399670460e+02	589	8	508	12	41	459	500	0	500	500	500	500	500	0	
4.3449627736e+02	591	7	505	13	45	455	500	0	500	500	500	500	500	0	
4.3499638149e+02	589	10	508	9	42	458	500	0	500	500	500	500	500	0	
4.3549964522e+02	588	10	505	10	30	470	500	0	500	500	500	500	500	0	
4.3599972551e+02	587	13	503	11	33	467	500	0	500	500	500	500	500	0	
4.3649883710e+02	587	13	496	16	52	448	500	0	500	500	500	500	500	0	
4.3699896041e+02	592	9	497	14	53	447	500	0	500	500	500	500	500	0	
4.3749603251e+02	593	8	496	14	45	455	500	0	500	500	500	500	500	0	
4.3799656250e+02	593	8	501	9	42	458	500	0	500	500	500	500	500	0	
4.3849923699e+02	592	8	496	14	43	457	500	0	500	500	500	500	500	0	
4.3899924876e+02	593	8	501	9	48	452	500	0	500	500	500	500	500	0	
4.3949970164e+02	594	7	501	8	51	449	500	0	500	500	500	500	500	0	
4.3999766444e+02	596	7	503	8	58	442	500	0	500	500	500	500	500	0	
4.4049661390e+02	599	4	495	10	47	453	500	0	500	500	500	500	500	0	
4.4099914322e+02	597	5	503	4	51	449	500	0	500	500	500	500	500	0	
4.4149929187e+02	597	5	502	3	53	447	500	0	500	500	500	500	500	0	
4.4199776075e+02	595	7	500	5	47	453	500	0	500	500	500	500	500	0	
4.4249862139e+02	594	7	492	13	56	444	500	0	500	500	500	500	500	0	
4.4299481771e+02	594	9	494	10	49	451	500	0	500	500	500	500	500	0	
4.4349807453e+02	595	8	490	14	50	450	500	0	500	500	500	500	500	0	
4.4399560802e+02	595	9	490	12	34	466	500	0	500	500	500	500	500	0	
4.4449810663e+02	597	8	486	10	31	469	500	0	500	500	500	500	500	0	
4.4499761940e+02	599	8	490	6	60	440	500	0	500	500	500	500	500	0	
4.4549973132e+02	601	7	492	6	42	458	500	0	500	500	500	500	500	0	
4.4599904831e+02	600	8	488	11	45	455	500	0	500	500	500	500	500	0	
4.4649762846e+02	600	8	487	13	40	460	500	0	500	500	500	500	500	0	
4.4699907774e+02	600	6	494	9	47	453	500	0	500	500	500	500	500	0	
4.4749519615e+02	601	6	494	10	27	473	500	0	500	500	500	500	500	0	
4.4799946073e+02	602	5	502	2	38	462	500	0	500	500	500	500	500	0	
4.4849633813e+02	603	5	505	0	46	454	500	0	500	500	500	500	500	0	
4.4899937587e+02	601	6	495	11	50	450	500	0	500	500	500	500	500	0	
4.4949935429e+02	601	6	494	11	50	450	500	0	500	500	500	500	500	0	
4.4998691151e+02	601	5	490	14	35	465	500	0	500	500	500	500	500	0	
4.5049808817e+02	595	10	493	13	40	460	500	0	500	500	500	500	500	0	
4.5099797447e+02	593	12	493	15	40	460	500	0	500	500	500	500	500	0	
4.5149912893e+02	592	13	493	14	59	441	500	0	500	500	500	500	500	0	
4.5199945138e+02	602	3	490	12	50	450	500	0	500	500	500	500	500	0	
4.5249858043e+02	601	4	491	7	57	443	500	0	500	500	500	500	500	0	
4.5299876307e+02	600	5	489	9	41	459	500	0	500	500	500	500	500	0	
4.5349506179e+02	600	6	494	8	21	479	500	0	500	500	500	500	500	0	
4.5399913920e+02	600	7	496	6	27	473	500	0	500	500	500	500	500	0	
4.5449730788e+02	599	7	490	9	34	466	500	0	500	500	500	500	500	0	
4.5499972165e+02	594	13	487	9	46	454	500	0	500	500	500	500	500	0	
4.5549890361e+02	597	11	489	9	34	466	500	0	500	500	500	500	500	0	
4.5599928193e+02	602	8	486	12	72	428	500	0	500	500	500	500	500	0	
4.5649997780e+02	605	5	491	8	52	448	500	0	500	500	500	500	500	0	
4.5699622161e+02	604	6	489	8	45	455	500	0	500	500	500	500	500	0	
4.5749897632e+02	602	8	488	9	54	446	500	0	500	500	500	500	500	0	
4.5799923642e+02	605	5	484	11	34	466	500	0	500	500	500	500	500	0	
4.5849989976e+02	603	7	489	6	54	446	500	0	500	500	500	500	500	0	
4.5899794820e+02	605	8	491	3	49	451	500	0	500	500	500	500	500	0	
4.5949576887e+02	605	9	487	5	47	453	500	0	500	500	500	500	500	0	
4.5999980308e+02	606	9	481	11	46	454	500	0	500	500	500	500	500	0	
4.6049934143e+02	606	7	481	12	61	439	500	0	500	500	500	500	500	0	
4.6099563316e+02	607	7	483	11	56	444	500	0	500	500	500	500	500	0	
4.6149537937e+02	608	8	485	8	53	447	500	0	500	500	500	500	500	0	
4.6199971101e+02	608	9	485	10	45	455	500	0	500	500	500	500	500	0	
4.6249784895e+02	610	6	487	11	43	457	500	0	500	500	500	500	500	0	
4.6299850791e+02	610	7	489	9	29	471	500	0	500	500	500	500	500	0	
4.6349370954e+02	611	7	490	8	34	466	500	0	500	500	500	500	500	0	
4.6399780801e+02	611	8	490	8	46	454	500	0	500	500	500	500	500	0	
4.6449984225e+02	611	7	485	14	44	456	500	0	500	500	500	500	500	0	
4.6499796560e+02	610	13	489	10	34	466	500	0	500	500	500	500	500	0	
4.6549232982e+02	613	9	481	15	39	461	500	0	500	500	500	500	500	0	
4.6599994851e+02	614	7	481	11	47	453	500	0	500	500	500	500	500	0	
4.6649617539e+02	615	8	485	8	45	455	500	0	500	500	500	500	500	0	
4.6699775068e+02	613	8	487	7	53	447	500	0	500	500	500	500	500	0	
4.6749894296e+02	615	7	487	6	32	468	500	0	500	500	500	500	500	0	
4.6799875268e+02	618	6	485	9	37	463	500	0	500	500	500	500	500	0	
4.6849808329e+02	617	8	483	10	47	453	500	0	500	500	500	500	500	0	
4.6899923765e+02	619	6	485	8	57	443	500	0	500	500	500	500	500	0	
4.6949987875e+02	620	5	488	3	54	446	500	0	500	500	500	500	500	0	
4.6999961990e+02	621	4	487	5	42	458	500	0	500	500	500	500	500	0	
4.7049617855e+02	622	4	495	0	51	449	500	0	500	500	500	500	500	0	
4.7099871197e+02	623	4	492	2	37	463	500	0	500	500	500	500	500	0	
4.7149894641e+02	623	6	494	2	40	460	500	0	500	500	500	500	500	0	
4.7199990328e+02	625	4	484	10	42	458	500	0	500	500	500	500	500	0	
4.7249870063e+02	624	6	486	9	35	465	500	0	500	500	500	500	500	0	
4.7299711969e+02	626	4	487	6	44	456	500	0	500	500	500	500	500	0	
4.7349806538e+02	626	7	487	4	55	445	500	0	500	500	500	500	500	0	
4.7399756377e+02	629	8	485	7	47	453	500	0	500	500	500	500	500	0	
4.7449414850e+02	627	9	483	10	34	466	500	0	500	500	500	500	500	0	
4.7499018915e+02	629	9	483	9	40	460	500	0	500	500	500	500	500	0	
4.7549914760e+02	630	10	480	11	45	455	500	0	500	500	500	500	500	0	
4.7599895960e+02	634	6	483	7	54	446	500	0	500	500	500	500	500	0	
4.7649776327e+02	633	5	486	5	45	455	500	0	500	500	500	500	500	0	
4.7699959449e+02	636	3	485	6	45	455	500	0	500	500	500	500	500	0	
4.7749947165e+02	636	4	485	5	38	462	500	0	500	500	500	500	500	0	
4.7799950302e+02	636	3	482	6	38	462	500	0	500	500	500	500	500	0	
4.7849964779e+02	635	6	480	4	41	459	500	0	500	500	500	500	500	0	
4.7899859195e+02	634	7	476	8	38	462	500	0	500	500	500	500	500	0	
4.7949981241e+02	636	6	474	5	41	459	500	0	500	500	500	500	500	0	
4.7999807626e+02	634	7	480	2	33	467	500	0	500	500	500	500	500	0	
4.8049942910e+02	633	8	477	5	65	435	500	0	500	500	500	500	500	0	
4.8099914680e+02	633	8	473	8	68	432	500	0	500	500	500	500	500	0	
4.8149824916e+02	635	5	473	8	42	458	500	0	500	500	500	500	500	0	
4.8199873215e+02	637	3	474	7	42	458	500	0	500	500	500	500	500	0	
4.8249898204e+02	635	7	476	6	40	460	500	0	500	500	500	500	500	0	
4.8299838807e+02	634	11	471	9	29	471	500	0	500	500	500	500	500	0	
4.8349865885e+02	634	12	461	19	50	450	500	0	500	500	500	500	500	0	
4.8399868702e+02	635	13	467	15	54	446	500	0	500	500	500	500	500	0	
4.8449778870e+02	637	12	463	18	47	453	500	0	500	500	500	500	500	0	
4.8499928338e+02	638	11	473	11	48	452	500	0	500	500	500	500	500	0	
4.8549939774e+02	639	10	477	7	42	458	500	0	500	500	500	500	500	0	
4.8599690004e+02	642	8	473	13	63	437	500	0	500	500	500	500	500	0	
4.8649904848e+02	643	5	475	10	64	436	500	0	500	500	500	500	500	0	
4.8699810828e+02	642	5	476	9	58	442	500	0	500	500	500	500	500	0	
4.8749992229e+02	643	5	480	6	47	453	500	0	500	500	500	500	500	0	
4.8799988754e+02	637	11	473	12	44	456	500	0	500	500	500	500	500	0	
4.8849872826e+02	639	11	475	10	59	441	500	0	500	500	500	500	500	0	
4.8899991392e+02	640	9	472	12	43	457	500	0	500	500	500	500	500	0	
4.8949898619e+02	643	6	470	12	34	466	500	0	500	500	500	500	500	0	
4.8999075752e+02	641	7	477	5	42	458	500	0	500	500	500	500	500	0	
4.9049934290e+02	640	8	470	8	50	450	500	0	500	500	500	500	500	0	
4.9099845663e+02	639	12	470	7	41	459	500	0	500	500	500	500	500	0	
4.9149798509e+02	640	9	469	10	46	454	500	0	500	500	500	500	500	0	
4.9199854239e+02	636	12	460	20	40	460	500	0	500	500	500	500	500	0	
4.9249795022e+02	634	13	462	17	49	451	500	0	500	500	500	500	500	0	
4.9299831402e+02	633	14	457	21	56	444	500	0	500	500	500	500	500	0	
4.9349577294e+02	636	13	464	15	45	455	500	0	500	500	500	500	500	0	
4.9399908545e+02	638	9	467	13	50	450	500	0	500	500	500	500	500	0	
4.9449844661e+02	641	7	467	10	38	462	500	0	500	500	500	500	500	0	
4.9499804131e+02	640	10	464	12	44	456	500	0	500	500	500	500	500	0	
4.9549830927e+02	642	9	462	12	37	463	500	0	500	500	500	500	500	0	
4.9599862369e+02	641	11	464	9	45	455	500	0	500	500	500	500	500	0	
4.9649922596e+02	641	11	467	6	26	474	500	0	500	500	500	500	500	0	
4.9699841389e+02	640	9	465	7	26	474	500	0	500	500	500	500	500	0	
4.9749985132e+02	639	12	467	7	45	455	500	0	500	500	500	500	500	0	
4.9799988148e+02	642	9	458	14	51	449	500	0	500	500	500	500	500	0	
4.9849876780e+02	642	10	461	12	54	446	500	0	500	500	500	500	500	0	
4.9899942127e+02	640	14	463	10	46	454	500	0	500	500	500	500	500	0	
4.9949997718e+02	642	12	459	15	37	463	500	0	500	500	500	500	500	0	
4.9999945785e+02	645	10	463	13	43	457	500	0	500	500	500	500	500	0	
5.0000218319e+02	645	10	462	14	43	457	500	0	500	500	500	500	500	0	
