0.0000000000e+00	0	0	0	0	0	500	500	0	500	500	0	500	500	0	
4.9524462150e-01	0	1	2	0	39	461	500	0	500	500	0	500	500	0	
9.9868071813e-01	0	1	4	1	38	462	500	0	500	500	0	500	500	0	
1.4938996225e+00	1	2	4	1	47	453	500	0	500	500	0	500	500	0	
1.9948347966e+00	2	1	7	0	35	465	500	0	500	500	0	500	500	0	
2.4937124373e+00	2	1	9	0	26	474	500	0	500	500	0	500	500	0	
2.9969974593e+00	2	2	13	0	45	455	500	0	500	500	0	500	500	0	
3.4999909814e+00	3	2	13	0	50	450	500	0	500	500	0	500	500	0	
3.9998720653e+00	5	2	15	0	46	454	500	0	500	500	0	500	500	0	
4.4993830597e+00	6	1	19	0	33	467	500	0	500	500	0	500	500	0	
4.9999435418e+00	8	0	19	1	44	456	500	0	500	500	0	500	500	0	
5.4993567778e+00	8	2	24	2	40	460	500	0	500	500	0	500	500	0	
5.9997382842e+00	8	2	25	2	36	464	500	0	500	500	0	500	500	0	
6.4986093816e+00	8	3	28	0	36	464	500	0	500	500	0	500	500	0	
6.9962517156e+00	10	2	31	1	45	455	500	0	500	500	0	500	500	0	
7.4998152222e+00	11	2	34	1	40	460	500	0	500	500	0	500	500	0	
7.9972467292e+00	13	1	36	0	30	470	500	0	500	500	0	500	500	0	
8.4990123918e+00	14	0	38	0	37	463	500	0	500	500	0	500	500	0	
8.9994202232e+00	14	2	37	1	37	463	500	0	500	500	0	500	500	0	
9.4989123909e+00	14	2	38	2	39	461	500	0	500	500	0	500	500	0	
9.9993375974e+00	15	2	41	1	38	462	500	0	500	500	0	500	500	0	
1.0496771536e+01	15	4	43	1	35	465	500	0	500	500	0	500	500	0	
1.0990389268e+01	16	5	45	0	41	459	500	0	500	500	0	500	500	0	
1.1498020016e+01	19	3	47	0	54	446	500	0	500	500	0	500	500	0	
1.1999338686e+01	19	2	51	0	38	462	500	0	500	500	0	500	500	0	
1.2498778039e+01	19	2	52	0	38	462	500	0	500	500	0	500	500	0	
1.2999436705e+01	20	1	52	1	41	459	500	0	500	500	0	500	500	0	
1.3495405347e+01	20	2	57	0	40	460	500	0	500	500	0	500	500	0	
1.3996302671e+01	21	1	60	1	49	451	500	0	500	500	0	500	500	0	
1.4499037543e+01	22	0	64	0	43	457	500	0	500	500	0	500	500	0	
1.4999180767e+01	22	0	66	0	41	459	500	0	500	500	0	500	500	0	
1.5499896654e+01	22	3	65	1	52	448	500	0	500	500	0	500	500	0	
1.5998028821e+01	22	3	65	2	39	461	500	0	500	500	0	500	500	0	
1.6499803768e+01	23	2	67	1	43	457	500	0	500	500	0	500	500	0	
1.6999539579e+01	23	2	69	1	44	456	500	0	500	500	0	500	500	0	
1.7499663631e+01	23	3	68	0	36	464	500	0	500	500	0	500	500	0	
1.7998975731e+01	25	2	65	4	34	466	500	0	500	500	0	500	500	0	
1.8497887071e+01	25	4	68	2	56	444	500	0	500	500	0	500	500	0	
1.8995221616e+01	28	2	67	2	48	452	500	0	500	500	0	500	500	0	
1.9497962088e+01	30	2	70	1	34	466	500	0	500	500	0	500	500	0	
1.9997684062e+01	30	2	72	0	26	474	500	0	500	500	0	500	500	0	
2.0495794851e+01	31	1	73	1	36	464	500	0	500	500	0	500	500	0	
2.0998182787e+01	31	2	76	0	30	470	500	0	500	500	0	500	500	0	
2.1498601241e+01	33	1	80	0	25	475	500	0	500	500	0	500	500	0	
2.1997826583e+01	33	2	79	0	51	449	500	0	500	500	0	500	500	0	
2.2498383021e+01	34	3	80	2	38	462	500	0	500	500	0	500	500	0	
2.2998388598e+01	34	4	77	5	38	462	500	0	500	500	0	500	500	0	
2.3496948601e+01	35	4	79	6	51	449	500	0	500	500	0	500	500	0	
2.3999786644e+01	38	1	83	5	34	466	500	0	500	500	0	500	500	0	
2.4498316233e+01	39	0	84	4	34	466	500	0	500	500	0	500	500	0	
2.4999069633e+01	40	1	91	1	27	473	500	0	500	500	0	500	500	0	
2.5497969104e+01	40	2	93	1	37	463	500	0	500	500	0	500	500	0	
2.5999482951e+01	41	1	97	0	31	469	500	0	500	500	0	500	500	0	
2.6497292424e+01	41	3	98	0	36	464	500	0	500	500	0	500	500	0	
2.6997557788e+01	42	3	99	0	22	478	500	0	500	500	0	500	500	0	
2.7499226127e+01	44	3	101	0	40	460	500	0	500	500	0	500	500	0	
2.7999675062e+01	44	4	98	2	33	467	500	0	500	500	0	500	500	0	
2.8497939032e+01	44	7	100	1	25	475	500	0	500	500	0	500	500	0	
2.8999432247e+01	45	5	98	2	45	455	500	0	500	500	0	500	500	0	
2.9498527011e+01	47	5	98	5	29	471	500	0	500	500	0	500	500	0	
2.9998346696e+01	48	4	96	10	46	454	500	0	500	500	0	500	500	0	
3.0496573620e+01	52	2	102	4	38	462	500	0	500	500	0	500	500	0	
3.0999389858e+01	53	1	104	3	51	449	500	0	500	500	0	500	500	0	
3.1495868864e+01	54	2	108	0	36	464	500	0	500	500	0	500	500	0	
3.1999452229e+01	55	3	109	1	54	446	500	0	500	500	0	500	500	0	
3.2498720202e+01	55	5	109	3	28	472	500	0	500	500	0	500	500	0	
3.2997544521e+01	56	5	108	5	43	457	500	0	500	500	0	500	500	0	
3.3497854663e+01	58	6	109	8	30	470	500	0	500	500	0	500	500	0	
3.3999703912e+01	59	5	114	6	38	462	500	0	500	500	0	500	500	0	
3.4496617931e+01	60	4	117	3	42	458	500	0	500	500	0	500	500	0	
3.4999371872e+01	59	5	117	4	37	463	500	0	500	500	0	500	500	0	
3.5497270209e+01	60	6	117	4	25	475	500	0	500	500	0	500	500	0	
3.5997136736e+01	61	5	117	5	48	452	500	0	500	500	0	500	500	0	
3.6498745108e+01	61	6	121	6	37	463	500	0	500	500	0	500	500	0	
3.6991071579e+01	63	6	121	9	39	461	500	0	500	500	0	500	500	0	
3.7498036617e+01	66	3	126	6	42	458	500	0	500	500	0	500	500	0	
3.7994272881e+01	66	3	126	5	42	458	500	0	500	500	0	500	500	0	
3.8498905363e+01	66	3	127	4	39	461	500	0	500	500	0	500	500	0	
3.8998974539e+01	66	4	135	0	42	458	500	0	500	500	0	500	500	0	
3.9499963756e+01	66	4	134	4	43	457	500	0	500	500	0	500	500	0	
3.9996361380e+01	68	7	140	1	30	470	500	0	500	500	0	500	500	0	
4.0496079410e+01	70	7	139	3	43	457	500	0	500	500	0	500	500	0	
4.0998634408e+01	70	10	137	10	53	447	500	0	500	500	0	500	500	0	
4.1496860919e+01	74	6	138	9	56	444	500	0	500	500	0	500	500	0	
4.1999090851e+01	77	3	144	4	45	455	500	0	500	500	0	500	500	0	
4.2496373073e+01	78	3	146	2	41	459	500	0	500	500	0	500	500	0	
4.2995317312e+01	77	4	153	1	42	458	500	0	500	500	0	500	500	0	
4.3499799308e+01	79	3	155	2	31	469	500	0	500	500	0	500	500	0	
4.3999816366e+01	79	3	156	3	44	456	500	0	500	500	0	500	500	0	
4.4498286816e+01	80	2	160	0	45	455	500	0	500	500	0	500	500	0	
4.4998398683e+01	80	2	161	1	30	470	500	0	500	500	0	500	500	0	
4.5498558966e+01	80	3	159	2	48	452	500	0	500	500	0	500	500	0	
4.5998014322e+01	82	1	160	1	39	461	500	0	500	500	0	500	500	0	
4.6498245529e+01	82	1	159	1	28	472	500	0	500	500	0	500	500	0	
4.6999116629e+01	82	1	160	3	56	444	500	0	500	500	0	500	500	0	
4.7497964204e+01	82	3	162	2	52	448	500	0	500	500	0	500	500	0	
4.7999002021e+01	82	3	164	2	38	462	500	0	500	500	0	500	500	0	
4.8499792151e+01	81	6	160	8	33	467	500	0	500	500	0	500	500	0	
4.8996467675e+01	81	6	161	8	48	452	500	0	500	500	0	500	500	0	
4.9499209882e+01	83	6	160	12	47	453	500	0	500	500	0	500	500	0	
4.9999387498e+01	82	7	163	9	38	462	500	0	500	500	0	500	500	0	
5.0498502896e+01	85	4	165	7	33	467	500	0	500	500	0	500	500	0	
5.0999917374e+01	85	7	168	7	34	466	500	0	500	500	0	500	500	0	
5.1496301563e+01	88	5	169	8	31	469	500	0	500	500	0	500	500	0	
5.1999473452e+01	90	3	167	9	41	459	500	0	500	500	0	500	500	0	
5.2495679585e+01	91	2	175	5	28	472	500	0	500	500	0	500	500	0	
5.2999099276e+01	91	3	177	3	53	447	500	0	500	500	0	500	500	0	
5.3497884959e+01	91	3	175	6	52	448	500	0	500	500	0	500	500	0	
5.3998595552e+01	93	4	177	6	36	464	500	0	500	500	0	500	500	0	
5.4499610436e+01	94	4	180	6	31	469	500	0	500	500	0	500	500	0	
5.4999013614e+01	94	7	185	3	29	471	500	0	500	500	0	500	500	0	
5.5499600071e+01	95	6	186	3	27	473	500	0	500	500	0	500	500	0	
5.5999726637e+01	98	4	189	4	31	469	500	0	500	500	0	500	500	0	
5.6499153110e+01	100	2	189	6	33	467	500	0	500	500	0	500	500	0	
5.6999941873e+01	100	3	195	1	30	470	500	0	500	500	0	500	500	0	
5.7499621984e+01	99	3	196	1	38	462	500	0	500	500	0	500	500	0	
5.7999369380e+01	100	2	197	1	38	462	500	0	500	500	0	500	500	0	
5.8489259444e+01	100	2	198	2	32	468	500	0	500	500	0	500	500	0	
5.8999835779e+01	100	2	197	2	25	475	500	0	500	500	0	500	500	0	
5.9496682354e+01	101	1	199	2	50	450	500	0	500	500	0	500	500	0	
5.9996723959e+01	101	3	200	1	38	462	500	0	500	500	0	500	500	0	
6.0493412989e+01	102	4	199	1	38	462	500	0	500	500	0	500	500	0	
6.0997229322e+01	105	2	195	4	43	457	500	0	500	500	0	500	500	0	
6.1497254898e+01	106	3	199	2	42	458	500	0	500	500	0	500	500	0	
6.1998029773e+01	106	3	197	5	55	445	500	0	500	500	0	500	500	0	
6.2498904235e+01	107	3	200	5	45	455	500	0	500	500	0	500	500	0	
6.2996295642e+01	107	4	207	0	38	462	500	0	500	500	0	500	500	0	
6.3498847251e+01	108	5	205	1	27	473	500	0	500	500	0	500	500	0	
6.3995637852e+01	109	5	207	4	39	461	500	0	500	500	0	500	500	0	
6.4499258486e+01	111	3	210	2	52	448	500	0	500	500	0	500	500	0	
6.4999123541e+01	112	2	211	2	38	462	500	0	500	500	0	500	500	0	
6.5498327782e+01	113	1	214	2	72	428	500	0	500	500	0	500	500	0	
6.5994017697e+01	114	2	216	0	49	451	500	0	500	500	0	500	500	0	
6.6499723949e+01	114	2	214	2	41	459	500	0	500	500	0	500	500	0	
6.6998547002e+01	115	1	217	1	49	451	500	0	500	500	0	500	500	0	
6.7498118258e+01	115	1	221	1	56	444	500	0	500	500	0	500	500	0	
6.7999224346e+01	117	1	225	1	25	475	500	0	500	500	0	500	500	0	
6.8496969809e+01	117	2	226	1	57	443	500	0	500	500	0	500	500	0	
6.8995451915e+01	119	2	225	2	41	459	500	0	500	500	0	500	500	0	
6.9499741618e+01	117	5	220	5	47	453	500	0	500	500	0	500	500	0	
6.9999453586e+01	117	6	220	7	34	466	500	0	500	500	0	500	500	0	
7.0498940116e+01	118	5	224	5	44	456	500	0	500	500	0	500	500	0	
7.0999931751e+01	119	4	227	2	54	446	500	0	500	500	0	500	500	0	
7.1499374049e+01	120	2	233	0	59	441	500	0	500	500	0	500	500	0	
7.1997085554e+01	121	2	233	0	54	446	500	0	500	500	0	500	500	0	
7.2498286248e+01	121	2	231	2	50	450	500	0	500	500	0	500	500	0	
7.2997845500e+01	121	3	233	2	46	454	500	0	500	500	0	500	500	0	
7.3495665755e+01	121	5	234	2	29	471	500	0	500	500	0	500	500	0	
7.3997400431e+01	123	3	235	3	22	478	500	0	500	500	0	500	500	0	
7.4497663835e+01	124	3	236	2	37	463	500	0	500	500	0	500	500	0	
7.4998808462e+01	125	3	236	2	30	470	500	0	500	500	0	500	500	0	
7.5493163834e+01	126	3	236	2	36	464	500	0	500	500	0	500	500	0	
7.5999106431e+01	126	5	237	2	39	461	500	0	500	500	0	500	500	0	
7.6498675760e+01	127	4	235	4	38	462	500	0	500	500	0	500	500	0	
7.6994585418e+01	127	4	237	4	37	463	500	0	500	500	0	500	500	0	
7.7499135929e+01	128	4	235	5	35	465	500	0	500	500	0	500	500	0	
7.7999467153e+01	129	2	233	8	33	467	500	0	500	500	0	500	500	0	
7.8498139690e+01	127	5	240	2	29	471	500	0	500	500	0	500	500	0	
7.8994362588e+01	130	2	239	3	35	465	500	0	500	500	0	500	500	0	
7.9498810899e+01	130	2	239	4	49	451	500	0	500	500	0	500	500	0	
7.9999674773e+01	130	2	242	4	56	444	500	0	500	500	0	500	500	0	
8.0499036491e+01	130	4	243	3	51	449	500	0	500	500	0	500	500	0	
8.0999491136e+01	130	3	241	5	37	463	500	0	500	500	0	500	500	0	
8.1497266050e+01	130	6	239	6	39	461	500	0	500	500	0	500	500	0	
8.1993906041e+01	132	3	240	4	52	448	500	0	500	500	0	500	500	0	
8.2499403565e+01	134	2	243	1	62	438	500	0	500	500	0	500	500	0	
8.2998609631e+01	134	4	244	0	40	460	500	0	500	500	0	500	500	0	
8.3497432394e+01	135	2	247	0	42	458	500	0	500	500	0	500	500	0	
8.3999759057e+01	137	2	249	2	43	457	500	0	500	500	0	500	500	0	
8.4499119449e+01	138	1	252	1	49	451	500	0	500	500	0	500	500	0	
8.4999049861e+01	139	3	253	6	45	455	500	0	500	500	0	500	500	0	
8.5499342905e+01	139	3	253	6	35	465	500	0	500	500	0	500	500	0	
8.5998555609e+01	139	2	252	8	39	461	500	0	500	500	0	500	500	0	
8.6499989186e+01	139	1	255	7	46	454	500	0	500	500	0	500	500	0	
8.6999380729e+01	139	1	256	7	54	446	500	0	500	500	0	500	500	0	
8.7499921457e+01	138	2	257	6	35	465	500	0	500	500	0	500	500	0	
8.7999781783e+01	138	3	259	6	55	445	500	0	500	500	0	500	500	0	
8.8496309700e+01	138	3	260	5	46	454	500	0	500	500	0	500	500	0	
8.8997149228e+01	138	3	263	7	57	443	500	0	500	500	0	500	500	0	
8.9499976094e+01	138	3	260	9	45	455	500	0	500	500	0	500	500	0	
8.9999837763e+01	140	2	263	6	46	454	500	0	500	500	0	500	500	0	
9.0496525804e+01	141	2	268	4	43	457	500	0	500	500	0	500	500	0	
9.0999857928e+01	141	5	268	3	29	471	500	0	500	500	0	500	500	0	
9.1499737068e+01	142	6	273	2	29	471	500	0	500	500	0	500	500	0	
9.1999143801e+01	143	6	269	7	27	473	500	0	500	500	0	500	500	0	
9.2498661942e+01	142	6	268	12	44	456	500	0	500	500	0	500	500	0	
9.2996212048e+01	144	4	275	7	51	449	500	0	500	500	0	500	500	0	
9.3496850335e+01	144	4	283	2	40	460	500	0	500	500	0	500	500	0	
9.3999628002e+01	145	4	280	5	41	459	500	0	500	500	0	500	500	0	
9.4497449640e+01	149	2	281	5	30	470	500	0	500	500	0	500	500	0	
9.4998562061e+01	150	3	282	8	34	466	500	0	500	500	0	500	500	0	
9.5498267152e+01	151	4	281	8	34	466	500	0	500	500	0	500	500	0	
9.5996499553e+01	153	4	280	10	32	468	500	0	500	500	0	500	500	0	
9.6495152359e+01	153	3	285	10	43	457	500	0	500	500	0	500	500	0	
9.6996486246e+01	155	4	291	5	42	458	500	0	500	500	0	500	500	0	
9.7499007656e+01	157	6	291	6	33	467	500	0	500	500	0	500	500	0	
9.7998902271e+01	160	3	291	6	54	446	500	0	500	500	0	500	500	0	
9.8496679957e+01	160	4	290	6	40	460	500	0	500	500	0	500	500	0	
9.8997046872e+01	160	5	287	7	33	467	500	0	500	500	0	500	500	0	
9.9493481913e+01	158	6	287	8	26	474	500	0	500	500	0	500	500	0	
9.9995482637e+01	160	5	290	7	43	457	500	0	500	500	0	500	500	0	
1.0049886676e+02	159	9	295	4	45	455	500	0	500	500	0	500	500	0	
1.0099966163e+02	164	5	289	9	34	466	500	0	500	500	0	500	500	0	
1.0149717592e+02	166	4	293	7	48	452	500	0	500	500	0	500	500	0	
1.0199630979e+02	167	4	299	2	52	448	500	0	500	500	0	500	500	0	
1.0249952999e+02	167	6	300	2	47	453	500	0	500	500	0	500	500	0	
1.0299532290e+02	169	6	299	6	31	469	500	0	500	500	0	500	500	0	
1.0349933859e+02	169	7	300	5	41	459	500	0	500	500	0	500	500	0	
1.0399892746e+02	169	10	300	5	25	475	500	0	500	500	0	500	500	0	
1.0449960957e+02	171	11	297	7	48	452	500	0	500	500	0	500	500	0	
1.0499906009e+02	170	12	296	10	41	459	500	0	500	500	0	500	500	0	
1.0549832507e+02	169	14	298	7	41	459	500	0	500	500	0	500	500	0	
1.0599614664e+02	174	10	286	16	46	454	500	0	500	500	0	500	500	0	
1.0649910940e+02	177	9	285	14	51	449	500	0	500	500	0	500	500	0	
1.0699990545e+02	178	11	284	15	58	442	500	0	500	500	0	500	500	0	
1.0749895214e+02	178	14	287	12	58	442	500	0	500	500	0	500	500	0	
1.0799824108e+02	180	12	284	16	55	445	500	0	500	500	0	500	500	0	
1.0848942343e+02	182	10	293	8	31	469	500	0	500	500	0	500	500	0	
1.0899787593e+02	184	9	291	10	43	457	500	0	500	500	0	500	500	0	
1.0949921263e+02	189	4	293	13	40	460	500	0	500	500	0	500	500	0	
1.0999933210e+02	190	4	300	4	31	469	500	0	500	500	0	500	500	0	
1.1049771607e+02	190	4	302	3	45	455	500	0	500	500	0	500	500	0	
1.1099990481e+02	190	3	297	8	42	458	500	0	500	500	0	500	500	0	
1.1149620734e+02	191	2	299	8	46	454	500	0	500	500	0	500	500	0	
1.1199856744e+02	192	3	303	9	46	454	500	0	500	500	0	500	500	0	
1.1249939770e+02	193	1	308	5	38	462	500	0	500	500	0	500	500	0	
1.1299945933e+02	192	3	306	6	50	450	500	0	500	500	0	500	500	0	
1.1349951327e+02	192	4	307	9	50	450	500	0	500	500	0	500	500	0	
1.1399833710e+02	192	4	313	5	44	456	500	0	500	500	0	500	500	0	
1.1449902712e+02	193	6	317	3	46	454	500	0	500	500	0	500	500	0	
1.1499593406e+02	195	5	323	3	23	477	500	0	500	500	0	500	500	0	
1.1549940284e+02	196	4	321	5	44	456	500	0	500	500	0	500	500	0	
1.1599768582e+02	197	3	317	7	49	451	500	0	500	500	0	500	500	0	
1.1649437946e+02	198	3	318	5	49	451	500	0	500	500	0	500	500	0	
1.1699943944e+02	198	4	315	7	48	452	500	0	500	500	0	500	500	0	
1.1749968008e+02	198	4	317	4	39	461	500	0	500	500	0	500	500	0	
1.1799889576e+02	198	5	319	5	34	466	500	0	500	500	0	500	500	0	
1.1849826894e+02	201	4	323	3	35	465	500	0	500	500	0	500	500	0	
1.1899764131e+02	202	4	321	5	40	460	500	0	500	500	0	500	500	0	
1.1949955075e+02	202	5	319	6	60	440	500	0	500	500	0	500	500	0	
1.1999902538e+02	203	6	314	10	43	457	500	0	500	500	0	500	500	0	
1.2049863423e+02	202	8	311	14	59	441	500	0	500	500	0	500	500	0	
1.2099827312e+02	203	10	314	8	78	422	500	0	500	500	0	500	500	0	
1.2149524473e+02	203	10	319	6	70	430	500	0	500	500	0	500	500	0	
1.2199672055e+02	206	7	311	10	62	438	500	0	500	500	0	500	500	0	
1.2249895399e+02	206	7	316	6	43	457	500	0	500	500	0	500	500	0	
1.2299922470e+02	208	8	319	4	48	452	500	0	500	500	0	500	500	0	
1.2349963639e+02	212	7	315	8	45	455	500	0	500	500	0	500	500	0	
1.2399782070e+02	212	10	312	15	41	459	500	0	500	500	0	500	500	0	
1.2449949851e+02	216	8	317	11	41	459	500	0	500	500	0	500	500	0	
1.2499831307e+02	221	4	315	12	24	476	500	0	500	500	0	500	500	0	
1.2549924861e+02	222	6	321	10	43	457	500	0	500	500	0	500	500	0	
1.2599888125e+02	222	8	321	9	45	455	500	0	500	500	0	500	500	0	
1.2649602189e+02	224	9	316	16	41	459	500	0	500	500	0	500	500	0	
1.2699952278e+02	225	9	317	16	40	460	500	0	500	500	0	500	500	0	
1.2749729405e+02	226	9	319	13	33	467	500	0	500	500	0	500	500	0	
1.2799808348e+02	224	12	324	7	43	457	500	0	500	500	0	500	500	0	
1.2849901092e+02	223	14	321	6	40	460	500	0	500	500	0	500	500	0	
1.2899962131e+02	225	12	326	10	42	458	500	0	500	500	0	500	500	0	
1.2949958610e+02	228	10	325	14	59	441	500	0	500	500	0	500	500	0	
1.2999603562e+02	230	10	331	13	42	458	500	0	500	500	0	500	500	0	
1.3049962641e+02	230	11	329	17	50	450	500	0	500	500	0	500	500	0	
1.3099510877e+02	232	10	319	24	38	462	500	0	500	500	0	500	500	0	
1.3149801862e+02	229	16	327	16	44	456	500	0	500	500	0	500	500	0	
1.3199654291e+02	228	19	322	22	47	453	500	0	500	500	0	500	500	0	
1.3249943432e+02	230	17	327	19	52	448	500	0	500	500	0	500	500	0	
1.3299982015e+02	232	15	328	21	36	464	500	0	500	500	0	500	500	0	
1.3349912707e+02	233	14	335	16	37	463	500	0	500	500	0	500	500	0	
1.3399756796e+02	233	14	333	19	44	456	500	0	500	500	0	500	500	0	
1.3449813086e+02	237	13	331	20	50	450	500	0	500	500	0	500	500	0	
1.3499991326e+02	240	10	336	15	61	439	500	0	500	500	0	500	500	0	
1.3549833347e+02	241	8	339	11	57	443	500	0	500	500	0	500	500	0	
1.3599449221e+02	243	8	337	11	41	459	500	0	500	500	0	500	500	0	
1.3649977213e+02	242	9	339	9	42	458	500	0	500	500	0	500	500	0	
1.3699591664e+02	244	8	342	8	54	446	500	0	500	500	0	500	500	0	
1.3749498295e+02	247	5	347	5	44	456	500	0	500	500	0	500	500	0	
1.3799819455e+02	246	5	346	5	48	452	500	0	500	500	0	500	500	0	
1.3849886604e+02	246	7	347	6	39	461	500	0	500	500	0	500	500	0	
1.3899549734e+02	247	6	346	6	47	453	500	0	500	500	0	500	500	0	
1.3949969430e+02	249	4	351	3	34	466	500	0	500	500	0	500	500	0	
1.3999795385e+02	250	3	349	5	37	463	500	0	500	500	0	500	500	0	
1.4049792480e+02	250	2	356	4	46	454	500	0	500	500	0	500	500	0	
1.4099023623e+02	249	4	359	3	50	450	500	0	500	500	0	500	500	0	
1.4149819453e+02	248	7	357	3	47	453	500	0	500	500	0	500	500	0	
1.4199788215e+02	249	6	356	5	38	462	500	0	500	500	0	500	500	0	
1.4249980526e+02	251	6	354	9	42	458	500	0	500	500	0	500	500	0	
1.4299923761e+02	253	4	354	12	37	463	500	0	500	500	0	500	500	0	
1.4349896017e+02	251	6	363	8	41	459	500	0	500	500	0	500	500	0	
1.4399860573e+02	251	6	367	7	39	461	500	0	500	500	0	500	500	0	
1.4449945859e+02	247	10	362	12	52	448	500	0	500	500	0	500	500	0	
1.4499644941e+02	247	10	361	15	43	457	500	0	500	500	0	500	500	0	
1.4549544559e+02	249	8	357	20	50	450	500	0	500	500	0	500	500	0	
1.4598881217e+02	248	9	362	18	37	463	500	0	500	500	0	500	500	0	
1.4649881002e+02	249	10	364	17	45	455	500	0	500	500	0	500	500	0	
1.4699652318e+02	249	12	369	12	45	455	500	0	500	500	0	500	500	0	
1.4749924305e+02	252	8	368	15	38	462	500	0	500	500	0	500	500	0	
1.4799692238e+02	253	8	367	16	32	468	500	0	500	500	0	500	500	0	
1.4849593242e+02	253	8	369	14	28	472	500	0	500	500	0	500	500	0	
1.4899987272e+02	255	7	368	17	35	465	500	0	500	500	0	500	500	0	
1.4949830940e+02	256	6	372	13	48	452	500	0	500	500	0	500	500	0	
1.4999738094e+02	257	6	370	12	38	462	500	0	500	500	0	500	500	0	
1.5049088161e+02	256	7	361	18	33	467	500	0	500	500	0	500	500	0	
1.5099809177e+02	256	8	367	12	36	464	500	0	500	500	0	500	500	0	
1.5149867801e+02	258	6	369	11	42	458	500	0	500	500	0	500	500	0	
1.5199826168e+02	258	6	376	10	44	456	500	0	500	500	0	500	500	0	
1.5249971901e+02	259	5	377	9	51	449	500	0	500	500	0	500	500	0	
1.5299961826e+02	258	8	381	7	41	459	500	0	500	500	0	500	500	0	
1.5349887393e+02	259	7	375	13	44	456	500	0	500	500	0	500	500	0	
1.5398422431e+02	264	4	382	7	37	463	500	0	500	500	0	500	500	0	
1.5449958766e+02	265	4	381	10	37	463	500	0	500	500	0	500	500	0	
1.5499748713e+02	266	4	385	4	38	462	500	0	500	500	0	500	500	0	
1.5549866198e+02	267	3	382	3	41	459	500	0	500	500	0	500	500	0	
1.5599774584e+02	268	2	381	6	36	464	500	0	500	500	0	500	500	0	
1.5649825815e+02	267	3	376	8	55	445	500	0	500	500	0	500	500	0	
1.5699299013e+02	268	3	379	5	48	452	500	0	500	500	0	500	500	0	
1.5749990647e+02	267	3	379	6	49	451	500	0	500	500	0	500	500	0	
1.5799998777e+02	267	4	379	6	38	462	500	0	500	500	0	500	500	0	
1.5849796718e+02	268	4	381	6	42	458	500	0	500	500	0	500	500	0	
1.5899930813e+02	268	4	385	5	29	471	500	0	500	500	0	500	500	0	
1.5949411487e+02	268	7	386	4	49	451	500	0	500	500	0	500	500	0	
1.5999969988e+02	269	5	376	11	38	462	500	0	500	500	0	500	500	0	
1.6049748903e+02	272	3	378	11	38	462	500	0	500	500	0	500	500	0	
1.6099531636e+02	271	6	383	11	38	462	500	0	500	500	0	500	500	0	
1.6149829617e+02	271	7	380	10	51	449	500	0	500	500	0	500	500	0	
1.6199479708e+02	273	6	382	5	54	446	500	0	500	500	0	500	500	0	
1.6249609526e+02	275	4	387	2	43	457	500	0	500	500	0	500	500	0	
1.6299800772e+02	277	2	382	5	31	469	500	0	500	500	0	500	500	0	
1.6349822205e+02	278	2	381	8	30	470	500	0	500	500	0	500	500	0	
1.6399990285e+02	277	2	384	5	28	472	500	0	500	500	0	500	500	0	
1.6448947551e+02	277	2	383	6	41	459	500	0	500	500	0	500	500	0	
1.6499704922e+02	277	5	384	6	30	470	500	0	500	500	0	500	500	0	
1.6549566550e+02	276	6	384	4	38	462	500	0	500	500	0	500	500	0	
1.6599928386e+02	278	4	382	9	39	461	500	0	500	500	0	500	500	0	
1.6649938989e+02	279	3	378	10	53	447	500	0	500	500	0	500	500	0	
1.6699904032e+02	279	3	386	8	52	448	500	0	500	500	0	500	500	0	
1.6749843767e+02	280	2	386	12	46	454	500	0	500	500	0	500	500	0	
1.6799666921e+02	280	2	393	7	59	441	500	0	500	500	0	500	500	0	
1.6849850693e+02	280	2	397	4	54	446	500	0	500	500	0	500	500	0	
1.6899972614e+02	280	4	397	4	29	471	500	0	500	500	0	500	500	0	
1.6949826801e+02	278	7	399	5	30	470	500	0	500	500	0	500	500	0	
1.6999877346e+02	280	5	397	7	39	461	500	0	500	500	0	500	500	0	
1.7049482510e+02	279	6	390	15	35	465	500	0	500	500	0	500	500	0	
1.7099546568e+02	279	6	391	11	50	450	500	0	500	500	0	500	500	0	
1.7149724658e+02	282	5	392	12	47	453	500	0	500	500	0	500	500	0	
1.7199899748e+02	281	6	398	7	57	443	500	0	500	500	0	500	500	0	
1.7249984931e+02	281	5	394	10	45	455	500	0	500	500	0	500	500	0	
1.7299591103e+02	283	4	391	12	54	446	500	0	500	500	0	500	500	0	
1.7349855548e+02	282	4	396	10	53	447	500	0	500	500	0	500	500	0	
1.7399721363e+02	279	9	403	7	45	455	500	0	500	500	0	500	500	0	
1.7449845633e+02	278	10	401	8	42	458	500	0	500	500	0	500	500	0	
1.7499820001e+02	280	7	405	8	40	460	500	0	500	500	0	500	500	0	
1.7549958567e+02	280	6	402	11	37	463	500	0	500	500	0	500	500	0	
1.7599308237e+02	283	3	409	8	24	476	500	0	500	500	0	500	500	0	
1.7649895565e+02	285	2	411	6	27	473	500	0	500	500	0	500	500	0	
1.7699420925e+02	283	3	414	5	49	451	500	0	500	500	0	500	500	0	
1.7749563807e+02	281	6	407	12	50	450	500	0	500	500	0	500	500	0	
1.7799497880e+02	283	4	410	7	38	462	500	0	500	500	0	500	500	0	
1.7849921071e+02	284	6	408	9	36	464	500	0	500	500	0	500	500	0	
1.7899692224e+02	284	6	405	11	62	438	500	0	500	500	0	500	500	0	
1.7949658306e+02	283	7	409	8	53	447	500	0	500	500	0	500	500	0	
1.7999991422e+02	284	8	408	8	32	468	500	0	500	500	0	500	500	0	
1.8049998780e+02	281	14	407	9	42	458	500	0	500	500	0	500	500	0	
1.8099836818e+02	283	12	401	18	35	465	500	0	500	500	0	500	500	0	
1.8149875973e+02	284	12	395	24	34	466	500	0	500	500	0	500	500	0	
1.8199840789e+02	285	11	402	20	39	461	500	0	500	500	0	500	500	0	
1.8249864615e+02	285	12	411	13	55	445	500	0	500	500	0	500	500	0	
1.8299771881e+02	287	12	410	13	38	462	500	0	500	500	0	500	500	0	
1.8349967029e+02	290	9	408	20	29	471	500	0	500	500	0	500	500	0	
1.8399785472e+02	294	5	411	18	33	467	500	0	500	500	0	500	500	0	
1.8449766162e+02	295	6	412	16	33	467	500	0	500	500	0	500	500	0	
1.8499889680e+02	297	4	415	13	45	455	500	0	500	500	0	500	500	0	
1.8549874773e+02	295	6	418	10	30	470	500	0	500	500	0	500	500	0	
1.8599940791e+02	297	4	408	19	31	469	500	0	500	500	0	500	500	0	
1.8649886610e+02	298	4	418	10	52	448	500	0	500	500	0	500	500	0	
1.8699927917e+02	298	5	418	8	53	447	500	0	500	500	0	500	500	0	
1.8749735460e+02	298	5	413	12	42	458	500	0	500	500	0	500	500	0	
1.8799951472e+02	299	6	410	14	47	453	500	0	500	500	0	500	500	0	
1.8849922236e+02	299	7	414	12	40	460	500	0	500	500	0	500	500	0	
1.8899895636e+02	300	6	415	10	56	444	500	0	500	500	0	500	500	0	
1.8949867957e+02	302	6	419	7	43	457	500	0	500	500	0	500	500	0	
1.8999974410e+02	305	6	412	11	31	469	500	0	500	500	0	500	500	0	
1.9049948273e+02	308	5	421	3	39	461	500	0	500	500	0	500	500	0	
1.9099551038e+02	308	6	419	6	28	472	500	0	500	500	0	500	500	0	
1.9149831201e+02	309	5	415	10	41	459	500	0	500	500	0	500	500	0	
1.9199658461e+02	308	7	412	11	28	472	500	0	500	500	0	500	500	0	
1.9249633359e+02	307	9	407	14	33	467	500	0	500	500	0	500	500	0	
1.9299950175e+02	308	8	407	15	39	461	500	0	500	500	0	500	500	0	
1.9349852087e+02	308	8	407	16	63	437	500	0	500	500	0	500	500	0	
1.9399996179e+02	310	6	416	11	44	456	500	0	500	500	0	500	500	0	
1.9449557592e+02	311	4	420	5	50	450	500	0	500	500	0	500	500	0	
1.9499967489e+02	312	5	418	6	42	458	500	0	500	500	0	500	500	0	
1.9549992963e+02	312	5	422	2	47	453	500	0	500	500	0	500	500	0	
1.9599906743e+02	314	4	420	7	48	452	500	0	500	500	0	500	500	0	
1.9649844524e+02	313	4	422	6	58	442	500	0	500	500	0	500	500	0	
1.9699909015e+02	315	3	427	1	54	446	500	0	500	500	0	500	500	0	
1.9749985381e+02	313	6	426	5	41	459	500	0	500	500	0	500	500	0	
1.9799727222e+02	313	8	419	15	36	464	500	0	500	500	0	500	500	0	
1.9849980013e+02	315	6	416	19	46	454	500	0	500	500	0	500	500	0	
1.9899981048e+02	309	14	414	20	39	461	500	0	500	500	0	500	500	0	
1.9949884109e+02	313	10	419	17	30	470	500	0	500	500	0	500	500	0	
1.9999837375e+02	317	9	427	11	45	455	500	0	500	500	0	500	500	0	
2.0049773308e+02	318	8	423	11	36	464	500	0	500	500	0	500	500	0	
2.0099871081e+02	321	7	421	13	41	459	500	0	500	500	0	500	500	0	
2.0149964723e+02	317	11	415	20	35	465	500	0	500	500	0	500	500	0	
2.0199983177e+02	319	8	419	17	39	461	500	0	500	500	0	500	500	0	
2.0249884640e+02	322	5	424	11	50	450	500	0	500	500	0	500	500	0	
2.0299998167e+02	322	6	425	12	38	462	500	0	500	500	0	500	500	0	
2.0349994112e+02	322	7	430	9	31	469	500	0	500	500	0	500	500	0	
2.0399921625e+02	324	4	428	13	50	450	500	0	500	500	0	500	500	0	
2.0449557279e+02	322	6	430	11	36	464	500	0	500	500	0	500	500	0	
2.0499774978e+02	323	6	431	11	43	457	500	0	500	500	0	500	500	0	
2.0549998778e+02	324	7	432	8	49	451	500	0	500	500	0	500	500	0	
2.0599666350e+02	323	8	430	11	41	459	500	0	500	500	0	500	500	0	
2.0649685306e+02	324	11	429	14	33	467	500	0	500	500	0	500	500	0	
2.0699966829e+02	325	10	434	13	42	458	500	0	500	500	0	500	500	0	
2.0749972581e+02	325	11	432	16	32	468	500	0	500	500	0	500	500	0	
2.0799998100e+02	326	11	427	20	40	460	500	0	500	500	0	500	500	0	
2.0849910394e+02	327	10	429	18	44	456	500	0	500	500	0	500	500	0	
2.0899742074e+02	333	8	431	17	33	467	500	0	500	500	0	500	500	0	
2.0949931880e+02	336	7	437	13	47	453	500	0	500	500	0	500	500	0	
2.0999886116e+02	335	8	436	15	55	445	500	0	500	500	0	500	500	0	
2.1049974473e+02	338	7	440	10	32	468	500	0	500	500	0	500	500	0	
2.1099404509e+02	341	4	443	6	36	464	500	0	500	500	0	500	500	0	
2.1149892754e+02	341	5	442	10	18	482	500	0	500	500	0	500	500	0	
2.1199598260e+02	342	3	448	5	52	448	500	0	500	500	0	500	500	0	
2.1249231691e+02	343	4	442	6	49	451	500	0	500	500	0	500	500	0	
2.1299891996e+02	340	9	437	11	43	457	500	0	500	500	0	500	500	0	
2.1349940836e+02	340	10	436	13	44	456	500	0	500	500	0	500	500	0	
2.1399739960e+02	339	12	435	17	53	447	500	0	500	500	0	500	500	0	
2.1449965992e+02	341	12	436	21	50	450	500	0	500	500	0	500	500	0	
2.1499851118e+02	341	13	435	23	54	446	500	0	500	500	0	500	500	0	
2.1549900379e+02	343	11	429	29	63	437	500	0	500	500	0	500	500	0	
2.1599971840e+02	346	10	433	24	42	458	500	0	500	500	0	500	500	0	
2.1649688292e+02	347	10	430	25	39	461	500	0	500	500	0	500	500	0	
2.1699828583e+02	348	10	429	26	40	460	500	0	500	500	0	500	500	0	
2.1749563705e+02	348	11	432	26	47	453	500	0	500	500	0	500	500	0	
2.1799914770e+02	349	10	438	21	46	454	500	0	500	500	0	500	500	0	
2.1849943305e+02	354	5	442	17	47	453	500	0	500	500	0	500	500	0	
2.1899964257e+02	354	6	444	12	47	453	500	0	500	500	0	500	500	0	
2.1949670701e+02	354	8	443	15	40	460	500	0	500	500	0	500	500	0	
2.1999433098e+02	354	8	445	10	50	450	500	0	500	500	0	500	500	0	
2.2049875563e+02	359	4	447	9	41	459	500	0	500	500	0	500	500	0	
2.2099973478e+02	360	5	448	9	36	464	500	0	500	500	0	500	500	0	
2.2149846834e+02	358	8	446	10	46	454	500	0	500	500	0	500	500	0	
2.2199971403e+02	359	7	453	5	35	465	500	0	500	500	0	500	500	0	
2.2249229432e+02	359	7	452	6	41	459	500	0	500	500	0	500	500	0	
2.2299706852e+02	361	7	453	5	49	451	500	0	500	500	0	500	500	0	
2.2349560144e+02	362	7	451	8	39	461	500	0	500	500	0	500	500	0	
2.2399235449e+02	363	6	444	14	30	470	500	0	500	500	0	500	500	0	
2.2449756383e+02	363	7	442	14	44	456	500	0	500	500	0	500	500	0	
2.2499981806e+02	364	6	450	7	44	456	500	0	500	500	0	500	500	0	
2.2549998495e+02	364	5	446	12	41	459	500	0	500	500	0	500	500	0	
2.2599994549e+02	366	5	445	11	42	458	500	0	500	500	0	500	500	0	
2.2649926582e+02	366	6	447	10	35	465	500	0	500	500	0	500	500	0	
2.2699694066e+02	366	7	446	13	32	468	500	0	500	500	0	500	500	0	
2.2749734282e+02	367	6	449	10	35	465	500	0	500	500	0	500	500	0	
2.2799512858e+02	368	4	454	4	37	463	500	0	500	500	0	500	500	0	
2.2849764335e+02	371	2	455	4	38	462	500	0	500	500	0	500	500	0	
2.2899869483e+02	371	3	455	5	40	460	500	0	500	500	0	500	500	0	
2.2949980186e+02	368	6	450	8	47	453	500	0	500	500	0	500	500	0	
2.2999656251e+02	368	7	444	11	45	455	500	0	500	500	0	500	500	0	
2.3049270771e+02	371	6	445	6	25	475	500	0	500	500	0	500	500	0	
2.3099649446e+02	373	5	448	3	36	464	500	0	500	500	0	500	500	0	
2.3149770842e+02	373	5	443	9	41	459	500	0	500	500	0	500	500	0	
2.3199796716e+02	372	8	441	11	64	436	500	0	500	500	0	500	500	0	
2.3249640476e+02	375	5	441	12	39	461	500	0	500	500	0	500	500	0	
2.3299771803e+02	377	4	446	7	36	464	500	0	500	500	0	500	500	0	
2.3349334473e+02	379	2	445	7	34	466	500	0	500	500	0	500	500	0	
2.3399999579e+02	379	4	451	5	32	468	500	0	500	500	0	500	500	0	
2.3449754552e+02	379	5	452	4	49	451	500	0	500	500	0	500	500	0	
2.3499620253e+02	379	6	452	4	50	450	500	0	500	500	0	500	500	0	
2.3549665863e+02	382	4	444	11	49	451	500	0	500	500	0	500	500	0	
2.3599764661e+02	380	6	442	12	39	461	500	0	500	500	0	500	500	0	
2.3649937635e+02	383	5	448	8	62	438	500	0	500	500	0	500	500	0	
2.3699601793e+02	386	4	446	10	56	444	500	0	500	500	0	500	500	0	
2.3749667514e+02	388	3	440	12	49	451	500	0	500	500	0	500	500	0	
2.3799794882e+02	389	3	445	9	47	453	500	0	500	500	0	500	500	0	
2.3849728808e+02	391	3	445	7	54	446	500	0	500	500	0	500	500	0	
2.3899715208e+02	392	5	442	7	47	453	500	0	500	500	0	500	500	0	
2.3949771666e+02	392	5	438	9	54	446	500	0	500	500	0	500	500	0	
2.3999926855e+02	392	4	436	11	43	457	500	0	500	500	0	500	500	0	
2.4049684251e+02	394	2	442	5	49	451	500	0	500	500	0	500	500	0	
2.4099909282e+02	394	4	443	4	67	433	500	0	500	500	0	500	500	0	
2.4149806037e+02	394	7	440	7	55	445	500	0	500	500	0	500	500	0	
2.4199875016e+02	397	6	440	8	61	439	500	0	500	500	0	500	500	0	
2.4249819601e+02	397	6	442	8	37	463	500	0	500	500	0	500	500	0	
2.4299957492e+02	398	6	438	11	37	463	500	0	500	500	0	500	500	0	
2.4349753207e+02	397	7	446	8	61	439	500	0	500	500	0	500	500	0	
2.4399989366e+02	398	8	449	5	42	458	500	0	500	500	0	500	500	0	
2.4449853138e+02	399	6	444	8	34	466	500	0	500	500	0	500	500	0	
2.4499765220e+02	397	8	439	12	43	457	500	0	500	500	0	500	500	0	
2.4549716829e+02	399	7	441	11	40	460	500	0	500	500	0	500	500	0	
2.4599978481e+02	400	6	447	4	43	457	500	0	500	500	0	500	500	0	
2.4649590146e+02	399	7	438	8	43	457	500	0	500	500	0	500	500	0	
2.4699812653e+02	401	7	436	9	42	458	500	0	500	500	0	500	500	0	
2.4749991645e+02	401	7	435	13	38	462	500	0	500	500	0	500	500	0	
2.4799923372e+02	400	9	436	14	50	450	500	0	500	500	0	500	500	0	
2.4849768072e+02	399	10	441	7	49	451	500	0	500	500	0	500	500	0	
2.4899009488e+02	400	11	431	15	43	457	500	0	500	500	0	500	500	0	
2.4949443738e+02	397	14	431	16	45	455	500	0	500	500	0	500	500	0	
2.4999598722e+02	399	13	432	13	42	458	500	0	500	500	0	500	500	0	
2.5049942385e+02	399	15	427	18	29	471	500	0	500	500	0	500	500	0	
2.5099489381e+02	402	12	430	15	33	467	500	0	500	500	0	500	500	0	
2.5149929181e+02	404	10	429	16	41	459	500	0	500	500	0	500	500	0	
2.5199970286e+02	406	9	436	11	48	452	500	0	500	500	0	500	500	0	
2.5249982649e+02	407	8	436	10	30	470	500	0	500	500	0	500	500	0	
2.5299371567e+02	411	5	430	16	37	463	500	0	500	500	0	500	500	0	
2.5349853541e+02	409	7	432	17	42	458	500	0	500	500	0	500	500	0	
2.5399590165e+02	405	10	436	15	40	460	500	0	500	500	0	500	500	0	
2.5449958451e+02	407	11	434	17	49	451	500	0	500	500	0	500	500	0	
2.5499762749e+02	409	10	435	12	50	450	500	0	500	500	0	500	500	0	
2.5549937009e+02	411	10	432	17	52	448	500	0	500	500	0	500	500	0	
2.5599995882e+02	412	9	429	17	46	454	500	0	500	500	0	500	500	0	
2.5649578065e+02	410	11	426	19	18	482	500	0	500	500	0	500	500	0	
2.5699745634e+02	407	14	428	18	23	477	500	0	500	500	0	500	500	0	
2.5749734722e+02	410	11	428	17	29	471	500	0	500	500	0	500	500	0	
2.5799853735e+02	413	9	428	16	31	469	500	0	500	500	0	500	500	0	
2.5849757620e+02	415	9	423	20	51	449	500	0	500	500	0	500	500	0	
2.5899883838e+02	414	10	422	20	38	462	500	0	500	500	0	500	500	0	
2.5949708625e+02	412	13	427	13	43	457	500	0	500	500	0	500	500	0	
2.5999953635e+02	415	10	428	15	38	462	500	0	500	500	0	500	500	0	
2.6049875492e+02	415	10	433	11	44	456	500	0	500	500	0	500	500	0	
2.6099558008e+02	412	15	424	21	44	456	500	0	500	500	0	500	500	0	
2.6149554944e+02	416	13	419	27	44	456	500	0	500	500	0	500	500	0	
2.6199827885e+02	418	11	423	18	35	465	500	0	500	500	0	500	500	0	
2.6249965993e+02	422	7	430	12	35	465	500	0	500	500	0	500	500	0	
2.6299735478e+02	426	4	432	12	34	466	500	0	500	500	0	500	500	0	
2.6349342582e+02	422	8	432	11	33	467	500	0	500	500	0	500	500	0	
2.6399685291e+02	426	4	438	7	44	456	500	0	500	500	0	500	500	0	
2.6449995342e+02	427	4	432	10	56	444	500	0	500	500	0	500	500	0	
2.6499982046e+02	427	3	433	9	28	472	500	0	500	500	0	500	500	0	
2.6549741331e+02	427	3	436	8	25	475	500	0	500	500	0	500	500	0	
2.6599851370e+02	427	3	437	7	45	455	500	0	500	500	0	500	500	0	
2.6649547250e+02	427	3	436	12	54	446	500	0	500	500	0	500	500	0	
2.6699981862e+02	425	4	436	10	54	446	500	0	500	500	0	500	500	0	
2.6749985670e+02	424	5	437	8	56	444	500	0	500	500	0	500	500	0	
2.6799948009e+02	424	7	435	10	48	452	500	0	500	500	0	500	500	0	
2.6849793185e+02	425	8	443	7	42	458	500	0	500	500	0	500	500	0	
2.6899823944e+02	425	9	443	10	53	447	500	0	500	500	0	500	500	0	
2.6949975004e+02	427	6	439	14	56	444	500	0	500	500	0	500	500	0	
2.6999899578e+02	431	2	440	15	44	456	500	0	500	500	0	500	500	0	
2.7049992000e+02	430	4	443	14	28	472	500	0	500	500	0	500	500	0	
2.7099819499e+02	429	4	445	12	52	448	500	0	500	500	0	500	500	0	
2.7149472170e+02	430	2	449	8	43	457	500	0	500	500	0	500	500	0	
2.7199846895e+02	431	2	451	6	37	463	500	0	500	500	0	500	500	0	
2.7249917802e+02	432	2	452	5	40	460	500	0	500	500	0	500	500	0	
2.7299972849e+02	432	2	457	5	45	455	500	0	500	500	0	500	500	0	
2.7349845376e+02	433	2	457	4	43	457	500	0	500	500	0	500	500	0	
2.7399946045e+02	433	2	447	9	36	464	500	0	500	500	0	500	500	0	
2.7449798142e+02	432	2	449	6	48	452	500	0	500	500	0	500	500	0	
2.7499718077e+02	431	3	449	6	44	456	500	0	500	500	0	500	500	0	
2.7549833952e+02	434	0	449	8	56	444	500	0	500	500	0	500	500	0	
2.7599874726e+02	433	1	453	4	44	456	500	0	500	500	0	500	500	0	
2.7649200506e+02	433	1	452	4	36	464	500	0	500	500	0	500	500	0	
2.7699871447e+02	432	1	453	1	47	453	500	0	500	500	0	500	500	0	
2.7749997319e+02	429	2	450	4	32	468	500	0	500	500	0	500	500	0	
2.7799885291e+02	429	2	456	1	49	451	500	0	500	500	0	500	500	0	
2.7849427255e+02	429	4	454	4	32	468	500	0	500	500	0	500	500	0	
2.7899968430e+02	431	3	458	3	50	450	500	0	500	500	0	500	500	0	
2.7949933197e+02	432	3	450	5	57	443	500	0	500	500	0	500	500	0	
2.7999794869e+02	431	5	450	4	48	452	500	0	500	500	0	500	500	0	
2.8049865328e+02	432	4	448	3	36	464	500	0	500	500	0	500	500	0	
2.8099742407e+02	430	6	443	11	42	458	500	0	500	500	0	500	500	0	
2.8149760899e+02	430	6	438	12	53	447	500	0	500	500	0	500	500	0	
2.8199691170e+02	432	4	440	11	70	430	500	0	500	500	0	500	500	0	
2.8249645128e+02	432	7	439	12	56	444	500	0	500	500	0	500	500	0	
2.8299943635e+02	430	8	436	15	38	462	500	0	500	500	0	500	500	0	
2.8349755106e+02	431	8	437	13	39	461	500	0	500	500	0	500	500	0	
2.8399857662e+02	431	11	444	12	54	446	500	0	500	500	0	500	500	0	
2.8449691160e+02	433	11	439	16	38	462	500	0	500	500	0	500	500	0	
2.8499870446e+02	433	11	442	16	29	471	500	0	500	500	0	500	500	0	
2.8549878230e+02	437	7	446	14	49	451	500	0	500	500	0	500	500	0	
2.8599769033e+02	435	10	445	12	60	440	500	0	500	500	0	500	500	0	
2.8649992701e+02	437	7	440	17	50	450	500	0	500	500	0	500	500	0	
2.8699983191e+02	438	7	440	18	61	439	500	0	500	500	0	500	500	0	
2.8749938543e+02	437	8	441	17	42	458	500	0	500	500	0	500	500	0	
2.8799993180e+02	438	6	442	14	51	449	500	0	500	500	0	500	500	0	
2.8849895613e+02	438	7	444	16	36	464	500	0	500	500	0	500	500	0	
2.8899969342e+02	437	8	450	14	36	464	500	0	500	500	0	500	500	0	
2.8949569905e+02	440	5	449	13	31	469	500	0	500	500	0	500	500	0	
2.8999724644e+02	438	8	445	15	50	450	500	0	500	500	0	500	500	0	
2.9049966052e+02	437	9	449	15	39	461	500	0	500	500	0	500	500	0	
2.9099930949e+02	434	12	448	17	33	467	500	0	500	500	0	500	500	0	
2.9149913883e+02	431	17	448	18	41	459	500	0	500	500	0	500	500	0	
2.9199962321e+02	435	13	439	26	41	459	500	0	500	500	0	500	500	0	
2.9249791396e+02	434	15	445	21	40	460	500	0	500	500	0	500	500	0	
2.9299347373e+02	434	15	445	25	49	451	500	0	500	500	0	500	500	0	
2.9349923935e+02	437	17	441	30	36	464	500	0	500	500	0	500	500	0	
2.9399621301e+02	442	11	450	26	40	460	500	0	500	500	0	500	500	0	
2.9449376891e+02	443	11	453	24	38	462	500	0	500	500	0	500	500	0	
2.9499906529e+02	446	9	451	25	43	457	500	0	500	500	0	500	500	0	
2.9549674357e+02	446	9	456	18	44	456	500	0	500	500	0	500	500	0	
2.9599872983e+02	448	5	456	13	30	470	500	0	500	500	0	500	500	0	
2.9649549445e+02	447	7	458	11	49	451	500	0	500	500	0	500	500	0	
2.9699810373e+02	444	10	457	16	62	438	500	0	500	500	0	500	500	0	
2.9749261717e+02	445	11	458	14	43	457	500	0	500	500	0	500	500	0	
2.9799965306e+02	447	8	460	11	69	431	500	0	500	500	0	500	500	0	
2.9849908908e+02	442	10	456	16	58	442	500	0	500	500	0	500	500	0	
2.9899793556e+02	443	11	456	14	38	462	500	0	500	500	0	500	500	0	
2.9949923994e+02	446	9	462	6	31	469	500	0	500	500	0	500	500	0	
2.9999789372e+02	446	10	461	9	38	462	500	0	500	500	0	500	500	0	
3.0049818928e+02	447	9	456	14	37	463	500	0	500	500	0	500	500	0	
3.0099770216e+02	451	5	454	14	54	446	500	0	500	500	0	500	500	0	
3.0149905621e+02	450	6	459	9	42	458	500	0	500	500	0	500	500	0	
3.0199472746e+02	449	8	454	13	38	462	500	0	500	500	0	500	500	0	
3.0249203934e+02	449	8	447	20	44	456	500	0	500	500	0	500	500	0	
3.0299333796e+02	452	6	454	16	30	470	500	0	500	500	0	500	500	0	
3.0349771559e+02	453	6	454	15	46	454	500	0	500	500	0	500	500	0	
3.0399911842e+02	453	6	455	14	30	470	500	0	500	500	0	500	500	0	
3.0449748707e+02	455	4	458	13	37	463	500	0	500	500	0	500	500	0	
3.0499802244e+02	451	7	459	11	33	467	500	0	500	500	0	500	500	0	
3.0549695477e+02	452	8	462	8	45	455	500	0	500	500	0	500	500	0	
3.0599947752e+02	453	7	462	9	49	451	500	0	500	500	0	500	500	0	
3.0649389004e+02	454	7	463	8	34	466	500	0	500	500	0	500	500	0	
3.0699975403e+02	455	6	464	9	38	462	500	0	500	500	0	500	500	0	
3.0749749226e+02	458	4	467	6	35	465	500	0	500	500	0	500	500	0	
3.0799662566e+02	459	4	466	6	34	466	500	0	500	500	0	500	500	0	
3.0849798138e+02	461	3	471	4	42	458	500	0	500	500	0	500	500	0	
3.0899775278e+02	461	3	465	9	66	434	500	0	500	500	0	500	500	0	
3.0949819654e+02	463	2	465	9	49	451	500	0	500	500	0	500	500	0	
3.0999755432e+02	463	2	468	7	35	465	500	0	500	500	0	500	500	0	
3.1049924574e+02	464	1	469	9	46	454	500	0	500	500	0	500	500	0	
3.1099777422e+02	463	2	471	7	38	462	500	0	500	500	0	500	500	0	
3.1149753947e+02	462	4	467	9	27	473	500	0	500	500	0	500	500	0	
3.1199995002e+02	462	7	464	13	41	459	500	0	500	500	0	500	500	0	
3.1249771795e+02	462	7	465	11	45	455	500	0	500	500	0	500	500	0	
3.1299988091e+02	459	12	461	17	54	446	500	0	500	500	0	500	500	0	
3.1349858623e+02	459	10	457	22	70	430	500	0	500	500	0	500	500	0	
3.1399870610e+02	459	10	467	14	38	462	500	0	500	500	0	500	500	0	
3.1449783445e+02	459	8	460	13	35	465	500	0	500	500	0	500	500	0	
3.1499394324e+02	464	4	456	16	45	455	500	0	500	500	0	500	500	0	
3.1549916678e+02	464	6	457	19	31	469	500	0	500	500	0	500	500	0	
3.1599752990e+02	465	6	456	16	27	473	500	0	500	500	0	500	500	0	
3.1649985694e+02	467	4	461	11	39	461	500	0	500	500	0	500	500	0	
3.1699925272e+02	466	5	463	8	39	461	500	0	500	500	0	500	500	0	
3.1749818252e+02	465	6	464	8	35	465	500	0	500	500	0	500	500	0	
3.1799894133e+02	464	6	459	14	34	466	500	0	500	500	0	500	500	0	
3.1849222395e+02	465	6	460	18	37	463	500	0	500	500	0	500	500	0	
3.1899625683e+02	464	8	460	17	43	457	500	0	500	500	0	500	500	0	
3.1949994418e+02	464	7	461	18	42	458	500	0	500	500	0	500	500	0	
3.1999820002e+02	464	7	462	18	39	461	500	0	500	500	0	500	500	0	
3.2049852797e+02	461	10	460	20	50	450	500	0	500	500	0	500	500	0	
3.2099892358e+02	464	8	464	17	50	450	500	0	500	500	0	500	500	0	
3.2149993860e+02	462	10	468	15	39	461	500	0	500	500	0	500	500	0	
3.2199840449e+02	462	10	474	10	30	470	500	0	500	500	0	500	500	0	
3.2249990218e+02	462	8	470	14	38	462	500	0	500	500	0	500	500	0	
3.2299913508e+02	463	7	467	16	36	464	500	0	500	500	0	500	500	0	
3.2349914546e+02	462	8	471	17	32	468	500	0	500	500	0	500	500	0	
3.2399986973e+02	458	13	477	12	40	460	500	0	500	500	0	500	500	0	
3.2449919143e+02	462	11	469	18	45	455	500	0	500	500	0	500	500	0	
3.2499996006e+02	459	15	473	14	35	465	500	0	500	500	0	500	500	0	
3.2549735681e+02	460	14	462	27	39	461	500	0	500	500	0	500	500	0	
3.2599937136e+02	456	18	468	21	35	465	500	0	500	500	0	500	500	0	
3.2649921389e+02	457	15	464	28	35	465	500	0	500	500	0	500	500	0	
3.2699889129e+02	451	21	457	37	43	457	500	0	500	500	0	500	500	0	
3.2749788647e+02	452	20	451	42	39	461	500	0	500	500	0	500	500	0	
3.2799915373e+02	453	21	441	48	41	459	500	0	500	500	0	500	500	0	
3.2849580647e+02	456	19	452	36	37	463	500	0	500	500	0	500	500	0	
3.2899598920e+02	456	19	435	54	49	451	500	0	500	500	0	500	500	0	
3.2949817071e+02	454	21	438	53	38	462	500	0	500	500	0	500	500	0	
3.2999803670e+02	452	24	433	57	49	451	500	0	500	500	0	500	500	0	
3.3049905201e+02	449	29	422	68	49	451	500	0	500	500	0	500	500	0	
3.3099899149e+02	450	28	423	71	56	444	500	0	500	500	0	500	500	0	
3.3149746412e+02	446	34	411	80	45	455	500	0	500	500	0	500	500	0	
3.3199729643e+02	446	34	411	81	47	453	500	0	500	500	0	500	500	0	
3.3249941330e+02	443	37	413	76	48	452	500	0	500	500	0	500	500	0	
3.3299830162e+02	448	33	415	76	51	449	500	0	500	500	0	500	500	0	
3.3349978153e+02	451	30	405	80	68	432	500	0	500	500	0	500	500	0	
3.3399971059e+02	446	36	414	73	77	423	500	0	500	500	0	500	500	0	
3.3449892774e+02	445	37	416	70	46	454	500	0	500	500	0	500	500	0	
3.3499889883e+02	446	36	400	83	38	462	500	0	500	500	0	500	500	0	
3.3549996641e+02	444	38	396	89	39	461	500	0	500	500	0	500	500	0	
3.3599997186e+02	451	32	396	91	57	443	500	0	500	500	0	500	500	0	
3.3649780852e+02	442	41	383	104	64	436	500	0	500	500	0	500	500	0	
3.3699942243e+02	450	33	381	109	49	451	500	0	500	500	0	500	500	0	
3.3749994422e+02	443	43	371	124	69	431	500	0	500	500	0	500	500	0	
3.3799719443e+02	441	46	363	133	57	443	500	0	500	500	0	500	500	0	
3.3849849263e+02	445	42	364	131	44	456	500	0	500	500	0	500	500	0	
3.3899937007e+02	451	37	368	127	56	444	500	0	500	500	0	500	500	0	
3.3949910987e+02	451	37	372	126	71	429	500	0	500	500	0	500	500	0	
3.3999933273e+02	449	39	366	130	79	421	500	0	500	500	0	500	500	0	
3.4049928444e+02	451	38	367	127	45	455	500	0	500	500	0	500	500	0	
3.4099927468e+02	446	42	358	133	64	436	500	0	500	500	0	500	500	0	
3.4149836081e+02	446	45	344	148	54	446	500	0	500	500	0	500	500	0	
3.4199902702e+02	436	59	326	165	48	452	500	0	500	500	0	500	500	0	
3.4249987430e+02	442	55	327	165	49	451	500	0	500	500	0	500	500	0	
3.4299938757e+02	437	61	301	194	76	424	500	0	500	500	0	500	500	0	
3.4349982440e+02	428	69	287	208	67	433	500	0	500	500	0	500	500	0	
3.4399992779e+02	425	73	247	248	54	446	500	0	500	500	0	500	500	0	
3.4449739616e+02	420	78	222	268	65	435	500	0	500	500	0	500	500	0	
3.4499878117e+02	416	81	187	303	56	444	500	0	500	500	0	500	500	0	
3.4549929528e+02	417	80	179	310	78	422	500	0	500	500	0	500	500	0	
3.4599976079e+02	410	89	167	320	81	419	500	0	500	500	0	500	500	0	
3.4649795773e+02	405	93	141	347	71	429	500	0	500	500	0	500	500	0	
3.4699940513e+02	392	104	114	373	64	436	500	0	500	500	0	500	500	0	
3.4749941786e+02	383	113	80	404	85	415	500	0	500	500	0	500	500	0	
3.4799999059e+02	376	119	65	421	78	422	500	0	500	500	0	500	500	0	
3.4849886676e+02	381	114	45	445	94	406	500	0	500	500	0	500	500	0	
3.4899767294e+02	381	114	42	446	77	423	500	0	500	500	0	500	500	0	
3.4949982727e+02	375	121	41	447	59	441	500	0	500	500	0	500	500	0	
3.4999939385e+02	345	151	35	455	82	418	500	0	500	500	0	500	500	0	
3.5049983231e+02	321	175	20	471	68	432	500	0	500	500	0	500	500	0	
3.5099960027e+02	335	161	22	467	84	416	500	0	500	500	0	500	500	0	
3.5149928380e+02	336	161	18	471	118	382	500	0	500	500	0	500	500	0	
3.5199990980e+02	322	177	30	460	105	395	500	0	500	500	0	500	500	0	
3.5249957898e+02	339	161	13	478	113	387	500	0	500	500	0	500	500	0	
3.5299974107e+02	338	161	21	472	88	412	500	0	500	500	0	500	500	0	
3.5349883703e+02	336	161	19	474	81	419	500	0	500	500	0	500	500	0	
3.5399990750e+02	330	168	15	476	101	399	500	0	500	500	0	500	500	0	
3.5449991499e+02	321	178	18	472	72	428	500	0	500	500	0	500	500	0	
3.5499979934e+02	324	176	21	474	58	442	500	0	500	500	0	500	500	0	
3.5549995278e+02	330	170	7	489	97	403	500	0	500	500	0	500	500	0	
3.5599955830e+02	315	185	14	482	87	413	500	0	500	500	0	500	500	0	
3.5649973726e+02	319	182	18	479	102	398	500	0	500	500	0	500	500	0	
3.5699998433e+02	331	171	14	483	101	399	500	0	500	500	0	500	500	0	
3.5749884691e+02	338	164	14	478	108	392	500	0	500	500	0	500	500	0	
3.5799935618e+02	330	173	9	477	95	405	500	0	500	500	0	500	500	0	
3.5849951671e+02	333	173	9	479	90	410	500	0	500	500	0	500	500	0	
3.5899989290e+02	320	186	11	480	98	402	500	0	500	500	0	500	500	0	
3.5949968318e+02	332	175	15	476	113	387	500	0	500	500	0	500	500	0	
3.5999975106e+02	336	170	12	474	91	409	500	0	500	500	0	500	500	0	
3.6049931111e+02	342	164	24	463	61	439	500	0	500	500	0	500	500	0	
3.6099842816e+02	342	164	17	473	78	422	500	0	500	500	0	500	500	0	
3.6149986031e+02	337	170	29	464	96	404	500	0	500	500	0	500	500	0	
3.6199760873e+02	329	179	21	474	88	412	500	0	500	500	0	500	500	0	
3.6249881315e+02	318	191	16	481	74	426	500	0	500	500	0	500	500	0	
3.6299977890e+02	327	180	12	485	70	430	500	0	500	500	0	500	500	0	
3.6349892687e+02	338	171	21	474	74	426	500	0	500	500	0	500	500	0	
3.6399918857e+02	351	158	25	476	77	423	500	0	500	500	0	500	500	0	
3.6449934169e+02	330	180	25	478	94	406	500	0	500	500	0	500	500	0	
3.6499992140e+02	342	169	22	479	81	419	500	0	500	500	0	500	500	0	
3.6549852286e+02	336	176	16	485	68	432	500	0	500	500	0	500	500	0	
3.6599987247e+02	318	194	23	475	59	441	500	0	500	500	0	500	500	0	
3.6649999074e+02	303	209	13	486	85	415	500	0	500	500	0	500	500	0	
3.6699984761e+02	308	205	17	474	82	418	500	0	500	500	0	500	500	0	
3.6749992682e+02	308	206	13	478	91	409	500	0	500	500	0	500	500	0	
3.6799949938e+02	330	184	21	469	84	416	500	0	500	500	0	500	500	0	
3.6849914179e+02	329	185	18	468	77	423	500	0	500	500	0	500	500	0	
3.6899975611e+02	344	170	22	457	104	396	500	0	500	500	0	500	500	0	
3.6949944274e+02	351	165	26	454	83	417	500	0	500	500	0	500	500	0	
3.6999936221e+02	350	166	21	460	85	415	500	0	500	500	0	500	500	0	
3.7049914150e+02	365	153	25	455	82	418	500	0	500	500	0	500	500	0	
3.7099952904e+02	359	159	17	466	79	421	500	0	500	500	0	500	500	0	
3.7149914777e+02	353	165	8	473	68	432	500	0	500	500	0	500	500	0	
3.7199926256e+02	336	183	15	469	61	439	500	0	500	500	0	500	500	0	
3.7249995872e+02	343	177	20	466	98	402	500	0	500	500	0	500	500	0	
3.7299957555e+02	351	169	19	469	79	421	500	0	500	500	0	500	500	0	
3.7349877084e+02	349	169	12	476	82	418	500	0	500	500	0	500	500	0	
3.7399753705e+02	335	183	28	464	78	422	500	0	500	500	0	500	500	0	
3.7449864741e+02	327	193	14	479	107	393	500	0	500	500	0	500	500	0	
3.7499936464e+02	340	180	19	476	114	386	500	0	500	500	0	500	500	0	
3.7549954532e+02	350	170	23	472	100	400	500	0	500	500	0	500	500	0	
3.7599878741e+02	358	163	25	471	95	405	500	0	500	500	0	500	500	0	
3.7649899378e+02	368	156	19	481	97	403	500	0	500	500	0	500	500	0	
3.7699928233e+02	383	143	25	473	75	425	500	0	500	500	0	500	500	0	
3.7749831765e+02	373	155	17	476	89	411	500	0	500	500	0	500	500	0	
3.7799864688e+02	379	148	25	472	107	393	500	0	500	500	0	500	500	0	
3.7849955963e+02	386	140	28	469	110	390	500	0	500	500	0	500	500	0	
3.7899895448e+02	375	152	41	459	69	431	500	0	500	500	0	500	500	0	
3.7949911504e+02	379	150	32	467	90	410	500	0	500	500	0	500	500	0	
3.7999904555e+02	374	156	18	479	104	396	500	0	500	500	0	500	500	0	
3.8049981112e+02	355	178	13	483	104	396	500	0	500	500	0	500	500	0	
3.8099991400e+02	366	167	33	468	104	396	500	0	500	500	0	500	500	0	
3.8149847085e+02	341	193	18	482	78	422	500	0	500	500	0	500	500	0	
3.8199960532e+02	359	175	14	485	96	404	500	0	500	500	0	500	500	0	
3.8249964265e+02	353	182	10	490	78	422	500	0	500	500	0	500	500	0	
3.8299988813e+02	351	183	17	484	106	394	500	0	500	500	0	500	500	0	
3.8349989236e+02	362	172	15	484	94	406	500	0	500	500	0	500	500	0	
3.8399967366e+02	363	175	22	482	79	421	500	0	500	500	0	500	500	0	
3.8449984006e+02	357	182	10	495	84	416	500	0	500	500	0	500	500	0	
3.8499890977e+02	355	184	12	487	75	425	500	0	500	500	0	500	500	0	
3.8549996658e+02	348	193	17	478	66	434	500	0	500	500	0	500	500	0	
3.8599977808e+02	341	201	17	481	88	412	500	0	500	500	0	500	500	0	
3.8649954670e+02	352	192	20	481	94	406	500	0	500	500	0	500	500	0	
3.8699992202e+02	354	190	20	480	96	404	500	0	500	500	0	500	500	0	
3.8749988028e+02	359	187	13	487	77	423	500	0	500	500	0	500	500	0	
3.8799995739e+02	349	194	17	484	67	433	500	0	500	500	0	500	500	0	
3.8849994495e+02	347	195	24	476	57	443	500	0	500	500	0	500	500	0	
3.8899959037e+02	357	185	12	492	99	401	500	0	500	500	0	500	500	0	
3.8949921148e+02	361	183	16	487	98	402	500	0	500	500	0	500	500	0	
3.8999926275e+02	358	186	19	483	79	421	500	0	500	500	0	500	500	0	
3.9049894930e+02	348	198	24	477	84	416	500	0	500	500	0	500	500	0	
3.9099971410e+02	360	186	22	477	74	426	500	0	500	500	0	500	500	0	
3.9149797610e+02	356	191	15	485	85	415	500	0	500	500	0	500	500	0	
3.9199946811e+02	353	194	15	489	77	423	500	0	500	500	0	500	500	0	
3.9249937784e+02	364	186	19	484	92	408	500	0	500	500	0	500	500	0	
3.9299924596e+02	367	181	9	498	92	408	500	0	500	500	0	500	500	0	
3.9349969654e+02	366	185	22	487	83	417	500	0	500	500	0	500	500	0	
3.9399974849e+02	384	168	29	477	83	417	500	0	500	500	0	500	500	0	
3.9449866605e+02	389	161	18	489	67	433	500	0	500	500	0	500	500	0	
3.9499966349e+02	385	166	20	488	88	412	500	0	500	500	0	500	500	0	
3.9549995750e+02	374	175	22	488	89	411	500	0	500	500	0	500	500	0	
3.9599953560e+02	374	174	18	495	116	384	500	0	500	500	0	500	500	0	
3.9649987353e+02	369	179	25	488	71	429	500	0	500	500	0	500	500	0	
3.9699978042e+02	360	189	25	483	63	437	500	0	500	500	0	500	500	0	
3.9749926103e+02	356	192	16	492	71	429	500	0	500	500	0	500	500	0	
3.9799967518e+02	364	186	19	491	81	419	500	0	500	500	0	500	500	0	
3.9849829744e+02	360	189	14	492	99	401	500	0	500	500	0	500	500	0	
3.9899995106e+02	361	188	9	495	98	402	500	0	500	500	0	500	500	0	
3.9949872372e+02	365	183	15	491	108	392	500	0	500	500	0	500	500	0	
3.9999923703e+02	360	190	22	481	98	402	500	0	500	500	0	500	500	0	
4.0049942790e+02	358	193	18	484	101	399	500	0	500	500	0	500	500	0	
4.0099974396e+02	377	174	17	483	85	415	500	0	500	500	0	500	500	0	
4.0149998866e+02	350	201	24	477	94	406	500	0	500	500	0	500	500	0	
4.0199672512e+02	348	204	22	480	84	416	500	0	500	500	0	500	500	0	
4.0249874045e+02	359	193	16	490	96	404	500	0	500	500	0	500	500	0	
4.0299648407e+02	354	199	17	486	76	424	500	0	500	500	0	500	500	0	
4.0349942060e+02	357	198	19	488	63	437	500	0	500	500	0	500	500	0	
4.0399984748e+02	373	186	22	482	117	383	500	0	500	500	0	500	500	0	
4.0449815892e+02	376	182	14	490	99	401	500	0	500	500	0	500	500	0	
4.0499939322e+02	372	184	19	485	86	414	500	0	500	500	0	500	500	0	
4.0549981866e+02	370	188	20	482	94	406	500	0	500	500	0	500	500	0	
4.0599942910e+02	372	185	25	476	89	411	500	0	500	500	0	500	500	0	
4.0649753715e+02	368	186	22	481	92	408	500	0	500	500	0	500	500	0	
4.0699918839e+02	372	182	21	484	87	413	500	0	500	500	0	500	500	0	
4.0749942734e+02	359	198	16	490	76	424	500	0	500	500	0	500	500	0	
4.0799924699e+02	349	208	19	489	86	414	500	0	500	500	0	500	500	0	
4.0849939006e+02	346	211	13	493	97	403	500	0	500	500	0	500	500	0	
4.0899997477e+02	362	193	15	492	110	390	500	0	500	500	0	500	500	0	
4.0949982617e+02	363	192	12	493	65	435	500	0	500	500	0	500	500	0	
4.0999982592e+02	376	181	22	481	76	424	500	0	500	500	0	500	500	0	
4.1049930610e+02	368	189	23	481	88	412	500	0	500	500	0	500	500	0	
4.1099959960e+02	358	199	16	490	102	398	500	0	500	500	0	500	500	0	
4.1149952888e+02	374	186	19	486	81	419	500	0	500	500	0	500	500	0	
4.1199981879e+02	368	194	29	476	101	399	500	0	500	500	0	500	500	0	
4.1249868349e+02	379	183	14	484	102	398	500	0	500	500	0	500	500	0	
4.1299997196e+02	375	186	10	488	84	416	500	0	500	500	0	500	500	0	
4.1349892730e+02	361	201	11	484	95	405	500	0	500	500	0	500	500	0	
4.1399969191e+02	353	210	18	477	105	395	500	0	500	500	0	500	500	0	
4.1449985112e+02	381	182	12	483	92	408	500	0	500	500	0	500	500	0	
4.1499996653e+02	375	188	19	475	91	409	500	0	500	500	0	500	500	0	
4.1549952919e+02	376	189	17	479	75	425	500	0	500	500	0	500	500	0	
4.1599955248e+02	366	198	9	487	74	426	500	0	500	500	0	500	500	0	
4.1649924402e+02	353	213	11	484	76	424	500	0	500	500	0	500	500	0	
4.1699883298e+02	349	217	19	477	95	405	500	0	500	500	0	500	500	0	
4.1749939310e+02	357	211	14	482	73	427	500	0	500	500	0	500	500	0	
4.1799912655e+02	363	205	18	479	81	419	500	0	500	500	0	500	500	0	
4.1849974802e+02	362	205	11	489	118	382	500	0	500	500	0	500	500	0	
4.1899988426e+02	392	175	20	481	111	389	500	0	500	500	0	500	500	0	
4.1949967948e+02	392	176	15	482	103	397	500	0	500	500	0	500	500	0	
4.1999972395e+02	388	183	23	475	104	396	500	0	500	500	0	500	500	0	
4.2049914969e+02	384	188	11	488	99	401	500	0	500	500	0	500	500	0	
4.2099945791e+02	371	200	14	482	99	401	500	0	500	500	0	500	500	0	
4.2149880572e+02	390	180	14	484	104	396	500	0	500	500	0	500	500	0	
4.2199993310e+02	399	170	15	483	98	402	500	0	500	500	0	500	500	0	
4.2249860240e+02	392	176	17	480	134	366	500	0	500	500	0	500	500	0	
4.2299959616e+02	388	180	15	484	113	387	500	0	500	500	0	500	500	0	
4.2349923225e+02	392	176	26	475	90	410	500	0	500	500	0	500	500	0	
4.2399950678e+02	384	185	23	480	81	419	500	0	500	500	0	500	500	0	
4.2449975100e+02	399	172	15	488	97	403	500	0	500	500	0	500	500	0	
4.2499984168e+02	383	187	29	473	116	384	500	0	500	500	0	500	500	0	
4.2549998748e+02	387	184	20	482	134	366	500	0	500	500	0	500	500	0	
4.2599980103e+02	386	185	16	485	96	404	500	0	500	500	0	500	500	0	
4.2649964954e+02	390	183	15	485	96	404	500	0	500	500	0	500	500	0	
4.2699929450e+02	398	175	15	485	101	399	500	0	500	500	0	500	500	0	
4.2749912664e+02	397	176	17	484	82	418	500	0	500	500	0	500	500	0	
4.2799844279e+02	385	188	16	482	81	419	500	0	500	500	0	500	500	0	
4.2849867512e+02	393	182	18	478	81	419	500	0	500	500	0	500	500	0	
4.2899984429e+02	383	192	16	478	92	408	500	0	500	500	0	500	500	0	
4.2949975958e+02	395	180	16	479	111	389	500	0	500	500	0	500	500	0	
4.2999944275e+02	385	189	15	476	107	393	500	0	500	500	0	500	500	0	
4.3049941474e+02	377	197	17	474	101	399	500	0	500	500	0	500	500	0	
4.3099973215e+02	388	187	13	474	127	373	500	0	500	500	0	500	500	0	
4.3149985518e+02	376	201	18	472	99	401	500	0	500	500	0	500	500	0	
4.3199893019e+02	377	201	16	475	88	412	500	0	500	500	0	500	500	0	
4.3249942991e+02	391	185	17	477	103	397	500	0	500	500	0	500	500	0	
4.3299965670e+02	381	196	17	481	66	434	500	0	500	500	0	500	500	0	
4.3349907853e+02	383	194	17	484	94	406	500	0	500	500	0	500	500	0	
4.3399977386e+02	374	203	18	481	73	427	500	0	500	500	0	500	500	0	
4.3449806535e+02	382	194	10	487	96	404	500	0	500	500	0	500	500	0	
4.3499960430e+02	389	187	17	481	86	414	500	0	500	500	0	500	500	0	
4.3549714855e+02	384	193	15	479	73	427	500	0	500	500	0	500	500	0	
4.3599975984e+02	389	190	19	475	72	428	500	0	500	500	0	500	500	0	
4.3649950718e+02	395	185	8	485	103	397	500	0	500	500	0	500	500	0	
4.3699991175e+02	395	186	16	477	101	399	500	0	500	500	0	500	500	0	
4.3749905983e+02	389	192	25	467	122	378	500	0	500	500	0	500	500	0	
4.3799826815e+02	384	198	23	471	113	387	500	0	500	500	0	500	500	0	
4.3849890862e+02	379	204	20	475	73	427	500	0	500	500	0	500	500	0	
4.3899842077e+02	375	209	14	485	73	427	500	0	500	500	0	500	500	0	
4.3949907085e+02	377	209	9	491	72	428	500	0	500	500	0	500	500	0	
4.3999940301e+02	396	188	19	480	101	399	500	0	500	500	0	500	500	0	
4.4049990903e+02	391	193	8	490	61	439	500	0	500	500	0	500	500	0	
4.4099938093e+02	371	215	11	485	80	420	500	0	500	500	0	500	500	0	
4.4149952304e+02	362	223	15	481	82	418	500	0	500	500	0	500	500	0	
4.4199977023e+02	363	221	16	480	89	411	500	0	500	500	0	500	500	0	
4.4249998792e+02	349	235	18	481	88	412	500	0	500	500	0	500	500	0	
4.4299950300e+02	354	230	10	490	90	410	500	0	500	500	0	500	500	0	
4.4349863982e+02	362	222	23	477	76	424	500	0	500	500	0	500	500	0	
4.4399605348e+02	376	209	17	485	66	434	500	0	500	500	0	500	500	0	
4.4449684658e+02	397	190	9	492	100	400	500	0	500	500	0	500	500	0	
4.4499937491e+02	404	182	15	484	92	408	500	0	500	500	0	500	500	0	
4.4549990541e+02	413	173	18	480	86	414	500	0	500	500	0	500	500	0	
4.4599940194e+02	407	180	6	490	72	428	500	0	500	500	0	500	500	0	
4.4649989300e+02	398	188	22	477	84	416	500	0	500	500	0	500	500	0	
4.4699978362e+02	397	189	11	490	82	418	500	0	500	500	0	500	500	0	
4.4749998813e+02	379	208	14	486	77	423	500	0	500	500	0	500	500	0	
4.4799939185e+02	362	224	19	484	85	415	500	0	500	500	0	500	500	0	
4.4849803116e+02	375	212	10	493	77	423	500	0	500	500	0	500	500	0	
4.4899989821e+02	372	216	10	490	81	419	500	0	500	500	0	500	500	0	
4.4949982481e+02	378	212	11	490	95	405	500	0	500	500	0	500	500	0	
4.4999872198e+02	376	214	13	488	94	406	500	0	500	500	0	500	500	0	
4.5049997470e+02	381	209	23	478	85	415	500	0	500	500	0	500	500	0	
4.5099864269e+02	391	201	14	485	71	429	500	0	500	500	0	500	500	0	
4.5149964376e+02	380	212	21	479	100	400	500	0	500	500	0	500	500	0	
4.5199898460e+02	399	193	14	486	85	415	500	0	500	500	0	500	500	0	
4.5249971487e+02	418	171	19	478	89	411	500	0	500	500	0	500	500	0	
4.5299970843e+02	423	169	15	482	81	419	500	0	500	500	0	500	500	0	
4.5349974669e+02	426	168	6	492	89	411	500	0	500	500	0	500	500	0	
4.5399850256e+02	438	155	15	482	106	394	500	0	500	500	0	500	500	0	
4.5449944797e+02	435	161	19	478	103	397	500	0	500	500	0	500	500	0	
4.5499999702e+02	434	164	35	460	99	401	500	0	500	500	0	500	500	0	
4.5549755810e+02	428	170	32	463	90	410	500	0	500	500	0	500	500	0	
4.5599878518e+02	422	176	20	474	82	418	500	0	500	500	0	500	500	0	
4.5649904992e+02	407	192	9	487	119	381	500	0	500	500	0	500	500	0	
4.5699982597e+02	407	195	17	476	110	390	500	0	500	500	0	500	500	0	
4.5749968953e+02	413	191	23	473	105	395	500	0	500	500	0	500	500	0	
4.5799952584e+02	399	205	21	474	84	416	500	0	500	500	0	500	500	0	
4.5849847426e+02	386	217	9	489	67	433	500	0	500	500	0	500	500	0	
4.5899966223e+02	390	214	17	482	93	407	500	0	500	500	0	500	500	0	
4.5949991025e+02	399	208	20	476	97	403	500	0	500	500	0	500	500	0	
4.5999891775e+02	382	227	19	479	115	385	500	0	500	500	0	500	500	0	
4.6049799206e+02	387	224	21	477	126	374	500	0	500	500	0	500	500	0	
4.6099992303e+02	406	205	17	478	82	418	500	0	500	500	0	500	500	0	
4.6149744099e+02	409	202	14	476	68	432	500	0	500	500	0	500	500	0	
4.6199853832e+02	406	204	13	474	75	425	500	0	500	500	0	500	500	0	
4.6249769361e+02	413	198	18	471	88	412	500	0	500	500	0	500	500	0	
4.6299953553e+02	413	201	17	474	96	404	500	0	500	500	0	500	500	0	
4.6349850427e+02	420	195	12	478	109	391	500	0	500	500	0	500	500	0	
4.6399965310e+02	413	201	14	476	86	414	500	0	500	500	0	500	500	0	
4.6449982377e+02	411	206	20	471	80	420	500	0	500	500	0	500	500	0	
4.6499996112e+02	428	190	20	475	92	408	500	0	500	500	0	500	500	0	
4.6549941677e+02	417	202	17	475	80	420	500	0	500	500	0	500	500	0	
4.6599820129e+02	412	207	10	483	113	387	500	0	500	500	0	500	500	0	
4.6649811675e+02	413	206	6	487	90	410	500	0	500	500	0	500	500	0	
4.6699956898e+02	413	206	24	471	102	398	500	0	500	500	0	500	500	0	
4.6749978321e+02	430	188	10	486	76	424	500	0	500	500	0	500	500	0	
4.6799942540e+02	428	189	13	483	78	422	500	0	500	500	0	500	500	0	
4.6849826378e+02	424	193	17	480	82	418	500	0	500	500	0	500	500	0	
4.6899950101e+02	410	209	9	487	77	423	500	0	500	500	0	500	500	0	
4.6949974398e+02	423	196	23	475	75	425	500	0	500	500	0	500	500	0	
4.6999848217e+02	427	192	15	486	102	398	500	0	500	500	0	500	500	0	
4.7049978692e+02	430	190	10	494	91	409	500	0	500	500	0	500	500	0	
4.7099910916e+02	430	192	12	496	81	419	500	0	500	500	0	500	500	0	
4.7149990134e+02	406	216	17	493	80	420	500	0	500	500	0	500	500	0	
4.7199931788e+02	417	206	21	487	107	393	500	0	500	500	0	500	500	0	
4.7249911110e+02	416	208	18	489	84	416	500	0	500	500	0	500	500	0	
4.7299955186e+02	426	200	20	490	94	406	500	0	500	500	0	500	500	0	
4.7349977470e+02	440	186	12	498	94	406	500	0	500	500	0	500	500	0	
4.7399957461e+02	430	195	14	494	105	395	500	0	500	500	0	500	500	0	
4.7449885079e+02	426	199	18	488	75	425	500	0	500	500	0	500	500	0	
4.7499983221e+02	421	207	13	493	95	405	500	0	500	500	0	500	500	0	
4.7549970935e+02	416	211	22	483	101	399	500	0	500	500	0	500	500	0	
4.7599985441e+02	412	215	14	487	90	410	500	0	500	500	0	500	500	0	
4.7649942349e+02	405	223	12	491	93	407	500	0	500	500	0	500	500	0	
4.7699992673e+02	409	218	12	489	87	413	500	0	500	500	0	500	500	0	
4.7749970499e+02	422	208	7	491	83	417	500	0	500	500	0	500	500	0	
4.7799974301e+02	435	195	16	483	114	386	500	0	500	500	0	500	500	0	
4.7849916685e+02	427	203	17	483	81	419	500	0	500	500	0	500	500	0	
4.7899866248e+02	423	207	10	487	80	420	500	0	500	500	0	500	500	0	
4.7949995131e+02	414	217	12	488	81	419	500	0	500	500	0	500	500	0	
4.7999891875e+02	425	209	11	489	87	413	500	0	500	500	0	500	500	0	
4.8049920003e+02	428	206	14	486	102	398	500	0	500	500	0	500	500	0	
4.8099946735e+02	417	217	13	487	87	413	500	0	500	500	0	500	500	0	
4.8149993644e+02	419	218	16	489	93	407	500	0	500	500	0	500	500	0	
4.8199974330e+02	429	208	11	496	86	414	500	0	500	500	0	500	500	0	
4.8249772907e+02	413	221	17	494	87	413	500	0	500	500	0	500	500	0	
4.8299918696e+02	408	226	14	495	110	390	500	0	500	500	0	500	500	0	
4.8349766931e+02	419	215	15	493	95	405	500	0	500	500	0	500	500	0	
4.8399966608e+02	427	206	12	496	101	399	500	0	500	500	0	500	500	0	
4.8449931310e+02	423	210	10	495	88	412	500	0	500	500	0	500	500	0	
4.8499864216e+02	419	212	12	491	85	415	500	0	500	500	0	500	500	0	
4.8549959648e+02	413	220	13	489	101	399	500	0	500	500	0	500	500	0	
4.8599950929e+02	419	214	8	492	92	408	500	0	500	500	0	500	500	0	
4.8649953318e+02	412	222	13	489	87	413	500	0	500	500	0	500	500	0	
4.8699975235e+02	411	223	11	493	95	405	500	0	500	500	0	500	500	0	
4.8749982422e+02	400	235	9	497	83	417	500	0	500	500	0	500	500	0	
4.8799905499e+02	410	223	15	491	92	408	500	0	500	500	0	500	500	0	
4.8849988616e+02	427	206	17	491	103	397	500	0	500	500	0	500	500	0	
4.8899991183e+02	439	194	13	497	129	371	500	0	500	500	0	500	500	0	
4.8949990141e+02	446	189	16	493	109	391	500	0	500	500	0	500	500	0	
4.8999931040e+02	468	167	19	489	76	424	500	0	500	500	0	500	500	0	
4.9049944632e+02	447	188	23	488	77	423	500	0	500	500	0	500	500	0	
4.9099939816e+02	444	192	19	495	70	430	500	0	500	500	0	500	500	0	
4.9149999319e+02	441	193	25	490	74	426	500	0	500	500	0	500	500	0	
4.9199989898e+02	436	199	18	499	99	401	500	0	500	500	0	500	500	0	
4.9249888116e+02	436	201	16	503	100	400	500	0	500	500	0	500	500	0	
4.9299978951e+02	440	198	17	496	122	378	500	0	500	500	0	500	500	0	
4.9349946883e+02	454	183	22	491	123	377	500	0	500	500	0	500	500	0	
4.9399946444e+02	452	185	16	500	102	398	500	0	500	500	0	500	500	0	
4.9449961293e+02	459	178	19	497	84	416	500	0	500	500	0	500	500	0	
4.9499637222e+02	440	197	12	504	102	398	500	0	500	500	0	500	500	0	
4.9549903847e+02	427	211	19	498	109	391	500	0	500	500	0	500	500	0	
4.9599880077e+02	433	204	17	498	87	413	500	0	500	500	0	500	500	0	
4.9649941913e+02	418	219	19	495	113	387	500	0	500	500	0	500	500	0	
4.9699999643e+02	430	206	16	497	84	416	500	0	500	500	0	500	500	0	
4.9749968637e+02	417	221	20	491	102	398	500	0	500	500	0	500	500	0	
4.9799999399e+02	424	214	12	500	82	418	500	0	500	500	0	500	500	0	
4.9849910728e+02	415	222	22	490	85	415	500	0	500	500	0	500	500	0	
4.9899973225e+02	408	230	10	501	82	418	500	0	500	500	0	500	500	0	
4.9949985324e+02	421	217	8	503	104	396	500	0	500	500	0	500	500	0	
4.9999993619e+02	432	210	9	502	108	392	500	0	500	500	0	500	500	0	
5.0000011540e+02	432	210	9	502	107	393	500	0	500	500	0	500	500	0	
