0.0000000000e+00	0	0	0	0	0	500	500	0	500	500	500	500	500	0	
4.9889955337e-01	0	1	3	0	28	472	500	0	500	500	500	500	500	0	
9.9967774021e-01	1	0	4	0	36	464	500	0	500	500	500	500	500	0	
1.4997528303e+00	1	2	8	0	49	451	500	0	500	500	500	500	500	0	
1.9993145150e+00	2	1	12	0	37	463	500	0	500	500	500	500	500	0	
2.4943598501e+00	3	1	14	0	38	462	500	0	500	500	500	500	500	0	
2.9989874186e+00	3	2	16	0	40	460	500	0	500	500	500	500	500	0	
3.4990128068e+00	4	4	17	1	46	454	500	0	500	500	500	500	500	0	
3.9998204011e+00	5	4	19	0	54	446	500	0	500	500	500	500	500	0	
4.4977194061e+00	5	4	20	1	52	448	500	0	500	500	500	500	500	0	
4.9931210004e+00	7	2	21	3	34	466	500	0	500	500	500	500	500	0	
5.4846436498e+00	7	4	23	2	28	472	500	0	500	500	500	500	500	0	
5.9978037737e+00	9	3	25	1	42	458	500	0	500	500	500	500	500	0	
6.4972939111e+00	9	5	29	1	46	454	500	0	500	500	500	500	500	0	
6.9987620972e+00	11	4	31	2	30	470	500	0	500	500	500	500	500	0	
7.4999625897e+00	12	4	33	1	41	459	500	0	500	500	500	500	500	0	
7.9957070561e+00	14	3	36	0	45	455	500	0	500	500	500	500	500	0	
8.4988549771e+00	15	3	38	0	42	458	500	0	500	500	500	500	500	0	
8.9995497783e+00	17	2	40	0	55	445	500	0	500	500	500	500	500	0	
9.4946976206e+00	17	2	42	1	41	459	500	0	500	500	500	500	500	0	
9.9954978222e+00	17	3	42	1	29	471	500	0	500	500	500	500	500	0	
1.0497801836e+01	17	4	44	1	37	463	500	0	500	500	500	500	500	0	
1.0995188316e+01	17	5	47	0	43	457	500	0	500	500	500	500	500	0	
1.1496431897e+01	18	4	47	2	28	472	500	0	500	500	500	500	500	0	
1.1997649375e+01	18	3	51	0	41	459	500	0	500	500	500	500	500	0	
1.2499940828e+01	21	0	52	0	40	460	500	0	500	500	500	500	500	0	
1.2999862010e+01	22	2	58	0	37	463	500	0	500	500	500	500	500	0	
1.3499744020e+01	22	3	58	1	30	470	500	0	500	500	500	500	500	0	
1.3998479281e+01	22	3	62	0	34	466	500	0	500	500	500	500	500	0	
1.4497126487e+01	22	3	65	3	38	462	500	0	500	500	500	500	500	0	
1.4996378325e+01	24	2	71	0	34	466	500	0	500	500	500	500	500	0	
1.5495439631e+01	25	1	72	1	34	466	500	0	500	500	500	500	500	0	
1.5999131795e+01	25	2	76	1	46	454	500	0	500	500	500	500	500	0	
1.6497288896e+01	25	2	79	1	47	453	500	0	500	500	500	500	500	0	
1.6999038528e+01	26	2	80	1	39	461	500	0	500	500	500	500	500	0	
1.7499860990e+01	26	4	79	4	42	458	500	0	500	500	500	500	500	0	
1.7999788288e+01	28	3	84	1	29	471	500	0	500	500	500	500	500	0	
1.8497943369e+01	28	2	84	1	33	467	500	0	500	500	500	500	500	0	
1.8995249675e+01	28	3	79	5	38	462	500	0	500	500	500	500	500	0	
1.9499676995e+01	30	2	83	3	45	455	500	0	500	500	500	500	500	0	
1.9997944010e+01	31	1	86	2	49	451	500	0	500	500	500	500	500	0	
2.0497133307e+01	32	1	90	1	47	453	500	0	500	500	500	500	500	0	
2.0993331712e+01	32	1	90	2	41	459	500	0	500	500	500	500	500	0	
2.1499537178e+01	32	2	92	1	45	455	500	0	500	500	500	500	500	0	
2.1999403899e+01	32	2	95	1	51	449	500	0	500	500	500	500	500	0	
2.2499978900e+01	33	2	94	2	38	462	500	0	500	500	500	500	500	0	
2.2999619538e+01	34	1	96	2	36	464	500	0	500	500	500	500	500	0	
2.3499125518e+01	35	3	98	2	45	455	500	0	500	500	500	500	500	0	
2.3996544538e+01	37	2	102	0	48	452	500	0	500	500	500	500	500	0	
2.4499921693e+01	39	1	102	1	47	453	500	0	500	500	500	500	500	0	
2.4998186799e+01	39	1	103	0	50	450	500	0	500	500	500	500	500	0	
2.5497239320e+01	39	1	106	0	36	464	500	0	500	500	500	500	500	0	
2.5999212562e+01	40	1	107	0	29	471	500	0	500	500	500	500	500	0	
2.6497708742e+01	40	1	114	0	45	455	500	0	500	500	500	500	500	0	
2.6999038958e+01	41	1	117	0	45	455	500	0	500	500	500	500	500	0	
2.7499352958e+01	42	1	120	0	32	468	500	0	500	500	500	500	500	0	
2.7999177828e+01	43	0	119	0	33	467	500	0	500	500	500	500	500	0	
2.8499427243e+01	43	0	121	0	39	461	500	0	500	500	500	500	500	0	
2.8998272433e+01	43	1	123	0	40	460	500	0	500	500	500	500	500	0	
2.9498998275e+01	43	3	129	0	43	457	500	0	500	500	500	500	500	0	
2.9997267940e+01	44	3	129	1	41	459	500	0	500	500	500	500	500	0	
3.0499628072e+01	44	5	128	1	41	459	500	0	500	500	500	500	500	0	
3.0997964721e+01	46	6	132	0	52	448	500	0	500	500	500	500	500	0	
3.1494486019e+01	48	5	132	0	41	459	500	0	500	500	500	500	500	0	
3.1999793219e+01	50	3	130	1	41	459	500	0	500	500	500	500	500	0	
3.2495383939e+01	50	3	132	0	51	449	500	0	500	500	500	500	500	0	
3.2987018462e+01	51	4	134	1	55	445	500	0	500	500	500	500	500	0	
3.3499840256e+01	53	4	133	2	52	448	500	0	500	500	500	500	500	0	
3.3997283287e+01	55	3	139	1	41	459	500	0	500	500	500	500	500	0	
3.4496499250e+01	55	4	139	3	32	468	500	0	500	500	500	500	500	0	
3.4999200751e+01	56	3	143	3	43	457	500	0	500	500	500	500	500	0	
3.5499067572e+01	56	3	145	1	35	465	500	0	500	500	500	500	500	0	
3.5998499657e+01	58	4	146	2	45	455	500	0	500	500	500	500	500	0	
3.6498277707e+01	60	3	152	0	45	455	500	0	500	500	500	500	500	0	
3.6999843049e+01	60	4	153	1	43	457	500	0	500	500	500	500	500	0	
3.7495779145e+01	61	3	155	3	36	464	500	0	500	500	500	500	500	0	
3.7999138160e+01	61	3	161	4	40	460	500	0	500	500	500	500	500	0	
3.8499843238e+01	61	7	163	4	27	473	500	0	500	500	500	500	500	0	
3.8999440977e+01	62	5	166	3	48	452	500	0	500	500	500	500	500	0	
3.9498762169e+01	62	6	167	7	30	470	500	0	500	500	500	500	500	0	
3.9996479513e+01	63	5	168	4	42	458	500	0	500	500	500	500	500	0	
4.0497952570e+01	64	4	172	1	49	451	500	0	500	500	500	500	500	0	
4.0998899008e+01	64	4	173	1	36	464	500	0	500	500	500	500	500	0	
4.1498748510e+01	65	3	173	2	35	465	500	0	500	500	500	500	500	0	
4.1999645199e+01	66	4	173	2	33	467	500	0	500	500	500	500	500	0	
4.2499104640e+01	67	3	177	1	46	454	500	0	500	500	500	500	500	0	
4.2993941609e+01	68	2	179	0	37	463	500	0	500	500	500	500	500	0	
4.3498685552e+01	68	2	179	1	39	461	500	0	500	500	500	500	500	0	
4.3996762502e+01	69	1	182	1	44	456	500	0	500	500	500	500	500	0	
4.4498218990e+01	69	3	185	3	60	440	500	0	500	500	500	500	500	0	
4.4999946505e+01	71	1	187	1	62	438	500	0	500	500	500	500	500	0	
4.5497140753e+01	71	2	188	1	53	447	500	0	500	500	500	500	500	0	
4.5993681110e+01	73	2	188	0	26	474	500	0	500	500	500	500	500	0	
4.6499799311e+01	74	1	189	2	46	454	500	0	500	500	500	500	500	0	
4.6999740406e+01	74	3	192	2	56	444	500	0	500	500	500	500	500	0	
4.7498735920e+01	78	1	193	1	43	457	500	0	500	500	500	500	500	0	
4.7992952564e+01	78	1	193	1	47	453	500	0	500	500	500	500	500	0	
4.8498428401e+01	78	4	193	3	38	462	500	0	500	500	500	500	500	0	
4.8991669650e+01	78	4	196	1	32	468	500	0	500	500	500	500	500	0	
4.9499756155e+01	79	3	198	1	41	459	500	0	500	500	500	500	500	0	
4.9998292189e+01	80	3	197	5	38	462	500	0	500	500	500	500	500	0	
5.0493282568e+01	81	6	203	2	44	456	500	0	500	500	500	500	500	0	
5.0995008012e+01	83	5	201	5	33	467	500	0	500	500	500	500	500	0	
5.1499207816e+01	84	4	206	0	66	434	500	0	500	500	500	500	500	0	
5.1995933248e+01	85	3	206	2	51	449	500	0	500	500	500	500	500	0	
5.2497541062e+01	84	5	209	1	28	472	500	0	500	500	500	500	500	0	
5.2995377971e+01	84	6	207	2	32	468	500	0	500	500	500	500	500	0	
5.3496120570e+01	87	4	208	4	41	459	500	0	500	500	500	500	500	0	
5.3999386236e+01	88	4	211	2	43	457	500	0	500	500	500	500	500	0	
5.4499190891e+01	89	4	210	5	52	448	500	0	500	500	500	500	500	0	
5.4999095854e+01	92	4	216	4	44	456	500	0	500	500	500	500	500	0	
5.5495235898e+01	92	4	217	4	30	470	500	0	500	500	500	500	500	0	
5.5998328845e+01	92	5	219	2	51	449	500	0	500	500	500	500	500	0	
5.6499338277e+01	92	7	217	4	53	447	500	0	500	500	500	500	500	0	
5.6998216643e+01	93	6	216	7	30	470	500	0	500	500	500	500	500	0	
5.7498399291e+01	92	7	218	6	37	463	500	0	500	500	500	500	500	0	
5.7994529462e+01	95	5	219	7	40	460	500	0	500	500	500	500	500	0	
5.8497669954e+01	96	6	221	6	51	449	500	0	500	500	500	500	500	0	
5.8999442982e+01	98	4	223	4	32	468	500	0	500	500	500	500	500	0	
5.9498611326e+01	99	4	223	5	45	455	500	0	500	500	500	500	500	0	
5.9998718495e+01	99	4	228	2	53	447	500	0	500	500	500	500	500	0	
6.0499982810e+01	100	3	231	2	43	457	500	0	500	500	500	500	500	0	
6.0999460848e+01	101	2	230	3	40	460	500	0	500	500	500	500	500	0	
6.1496964622e+01	102	1	229	3	49	451	500	0	500	500	500	500	500	0	
6.1994952414e+01	102	1	232	1	42	458	500	0	500	500	500	500	500	0	
6.2493504283e+01	102	2	233	2	40	460	500	0	500	500	500	500	500	0	
6.2999058451e+01	104	0	233	1	36	464	500	0	500	500	500	500	500	0	
6.3498609742e+01	104	3	228	6	40	460	500	0	500	500	500	500	500	0	
6.3998044256e+01	105	3	232	1	35	465	500	0	500	500	500	500	500	0	
6.4492787920e+01	105	4	232	2	49	451	500	0	500	500	500	500	500	0	
6.4998406154e+01	105	4	232	3	49	451	500	0	500	500	500	500	500	0	
6.5489876316e+01	107	3	230	4	33	467	500	0	500	500	500	500	500	0	
6.5994441364e+01	108	3	230	4	31	469	500	0	500	500	500	500	500	0	
6.6499976106e+01	110	2	231	4	50	450	500	0	500	500	500	500	500	0	
6.6997925462e+01	111	1	237	2	53	447	500	0	500	500	500	500	500	0	
6.7497683947e+01	111	2	239	1	44	456	500	0	500	500	500	500	500	0	
6.7998597468e+01	113	3	237	2	50	450	500	0	500	500	500	500	500	0	
6.8497252743e+01	113	5	236	3	39	461	500	0	500	500	500	500	500	0	
6.8995150859e+01	114	5	239	4	37	463	500	0	500	500	500	500	500	0	
6.9499585573e+01	117	3	239	5	55	445	500	0	500	500	500	500	500	0	
6.9998552931e+01	118	5	238	6	38	462	500	0	500	500	500	500	500	0	
7.0495609050e+01	120	4	245	2	40	460	500	0	500	500	500	500	500	0	
7.0997989852e+01	122	3	243	4	37	463	500	0	500	500	500	500	500	0	
7.1498543651e+01	121	4	244	3	32	468	500	0	500	500	500	500	500	0	
7.1997797535e+01	122	3	246	1	52	448	500	0	500	500	500	500	500	0	
7.2497559074e+01	122	5	248	2	35	465	500	0	500	500	500	500	500	0	
7.2999453992e+01	125	4	247	4	45	455	500	0	500	500	500	500	500	0	
7.3499927591e+01	126	3	248	4	39	461	500	0	500	500	500	500	500	0	
7.3993509978e+01	127	2	249	1	36	464	500	0	500	500	500	500	500	0	
7.4496936382e+01	127	2	251	1	43	457	500	0	500	500	500	500	500	0	
7.4999140373e+01	127	3	253	0	56	444	500	0	500	500	500	500	500	0	
7.5498669738e+01	128	3	251	3	50	450	500	0	500	500	500	500	500	0	
7.5992624402e+01	129	4	255	0	43	457	500	0	500	500	500	500	500	0	
7.6499857397e+01	130	6	254	1	36	464	500	0	500	500	500	500	500	0	
7.6995919045e+01	135	2	257	0	41	459	500	0	500	500	500	500	500	0	
7.7498218261e+01	136	1	253	1	48	452	500	0	500	500	500	500	500	0	
7.7996026522e+01	137	0	256	0	33	467	500	0	500	500	500	500	500	0	
7.8496283118e+01	137	1	256	1	36	464	500	0	500	500	500	500	500	0	
7.8995803200e+01	137	3	257	3	34	466	500	0	500	500	500	500	500	0	
7.9499050930e+01	137	6	258	4	49	451	500	0	500	500	500	500	500	0	
7.9997344329e+01	138	7	254	6	41	459	500	0	500	500	500	500	500	0	
8.0495779049e+01	140	7	259	5	35	465	500	0	500	500	500	500	500	0	
8.0999057162e+01	140	9	260	6	34	466	500	0	500	500	500	500	500	0	
8.1497875877e+01	142	8	265	3	46	454	500	0	500	500	500	500	500	0	
8.1995612305e+01	143	9	265	4	50	450	500	0	500	500	500	500	500	0	
8.2499978768e+01	147	5	264	3	41	459	500	0	500	500	500	500	500	0	
8.2998989554e+01	151	2	266	1	55	445	500	0	500	500	500	500	500	0	
8.3499863070e+01	151	3	266	2	45	455	500	0	500	500	500	500	500	0	
8.3996437854e+01	151	3	267	3	41	459	500	0	500	500	500	500	500	0	
8.4498225102e+01	152	3	270	3	36	464	500	0	500	500	500	500	500	0	
8.4998015307e+01	155	2	268	4	36	464	500	0	500	500	500	500	500	0	
8.5499552495e+01	155	3	271	2	43	457	500	0	500	500	500	500	500	0	
8.5999591849e+01	156	3	273	1	38	462	500	0	500	500	500	500	500	0	
8.6499599197e+01	157	4	274	1	34	466	500	0	500	500	500	500	500	0	
8.6998776938e+01	159	2	273	0	50	450	500	0	500	500	500	500	500	0	
8.7496265528e+01	159	1	268	2	56	444	500	0	500	500	500	500	500	0	
8.7998351780e+01	159	2	271	1	56	444	500	0	500	500	500	500	500	0	
8.8497483639e+01	158	2	269	3	43	457	500	0	500	500	500	500	500	0	
8.8996534203e+01	159	2	271	0	47	453	500	0	500	500	500	500	500	0	
8.9498600054e+01	159	2	271	2	31	469	500	0	500	500	500	500	500	0	
8.9994820573e+01	159	2	275	0	39	461	500	0	500	500	500	500	500	0	
9.0495924421e+01	160	0	273	2	31	469	500	0	500	500	500	500	500	0	
9.0996195177e+01	159	0	274	3	34	466	500	0	500	500	500	500	500	0	
9.1498862128e+01	159	1	277	2	37	463	500	0	500	500	500	500	500	0	
9.1993191350e+01	159	2	276	0	30	470	500	0	500	500	500	500	500	0	
9.2498839131e+01	160	2	279	2	43	457	500	0	500	500	500	500	500	0	
9.2993146673e+01	161	1	276	5	35	465	500	0	500	500	500	500	500	0	
9.3498249495e+01	161	2	282	2	37	463	500	0	500	500	500	500	500	0	
9.3996491568e+01	162	2	286	3	44	456	500	0	500	500	500	500	500	0	
9.4499091888e+01	162	2	288	2	51	449	500	0	500	500	500	500	500	0	
9.4999779232e+01	164	2	290	1	49	451	500	0	500	500	500	500	500	0	
9.5499897497e+01	164	2	290	2	41	459	500	0	500	500	500	500	500	0	
9.5998526350e+01	166	3	291	2	47	453	500	0	500	500	500	500	500	0	
9.6497730182e+01	167	7	290	3	54	446	500	0	500	500	500	500	500	0	
9.6997364547e+01	168	6	292	4	53	447	500	0	500	500	500	500	500	0	
9.7499768343e+01	171	4	298	0	47	453	500	0	500	500	500	500	500	0	
9.7998103570e+01	171	4	299	2	48	452	500	0	500	500	500	500	500	0	
9.8497049246e+01	172	4	296	6	39	461	500	0	500	500	500	500	500	0	
9.8998800149e+01	172	6	301	4	32	468	500	0	500	500	500	500	500	0	
9.9498950766e+01	174	4	303	3	41	459	500	0	500	500	500	500	500	0	
9.9999353790e+01	174	4	304	3	47	453	500	0	500	500	500	500	500	0	
1.0049999609e+02	175	4	306	3	41	459	500	0	500	500	500	500	500	0	
1.0099613623e+02	175	5	311	0	43	457	500	0	500	500	500	500	500	0	
1.0149129937e+02	175	5	308	2	50	450	500	0	500	500	500	500	500	0	
1.0199830132e+02	177	5	304	8	34	466	500	0	500	500	500	500	500	0	
1.0249513969e+02	179	6	305	7	28	472	500	0	500	500	500	500	500	0	
1.0299858432e+02	179	6	309	3	37	463	500	0	500	500	500	500	500	0	
1.0349280085e+02	180	5	305	6	37	463	500	0	500	500	500	500	500	0	
1.0399979801e+02	177	6	303	11	35	465	500	0	500	500	500	500	500	0	
1.0449875549e+02	180	4	303	11	49	451	500	0	500	500	500	500	500	0	
1.0499563655e+02	180	3	310	5	43	457	500	0	500	500	500	500	500	0	
1.0549850431e+02	180	3	313	3	40	460	500	0	500	500	500	500	500	0	
1.0599835481e+02	182	1	312	4	24	476	500	0	500	500	500	500	500	0	
1.0649756783e+02	182	1	317	1	41	459	500	0	500	500	500	500	500	0	
1.0699700398e+02	182	2	319	2	34	466	500	0	500	500	500	500	500	0	
1.0749926570e+02	182	4	316	3	42	458	500	0	500	500	500	500	500	0	
1.0799936275e+02	181	5	316	2	43	457	500	0	500	500	500	500	500	0	
1.0849952333e+02	182	4	315	2	49	451	500	0	500	500	500	500	500	0	
1.0899945236e+02	183	3	318	1	47	453	500	0	500	500	500	500	500	0	
1.0949941761e+02	184	3	311	9	45	455	500	0	500	500	500	500	500	0	
1.0999583062e+02	185	2	314	6	40	460	500	0	500	500	500	500	500	0	
1.1049792433e+02	185	2	316	2	28	472	500	0	500	500	500	500	500	0	
1.1099859486e+02	187	1	319	0	39	461	500	0	500	500	500	500	500	0	
1.1149977720e+02	186	2	316	2	48	452	500	0	500	500	500	500	500	0	
1.1199893459e+02	186	4	316	2	53	447	500	0	500	500	500	500	500	0	
1.1249947712e+02	189	3	316	5	48	452	500	0	500	500	500	500	500	0	
1.1299900819e+02	190	2	317	3	25	475	500	0	500	500	500	500	500	0	
1.1349914101e+02	190	3	319	1	32	468	500	0	500	500	500	500	500	0	
1.1399960934e+02	190	4	316	3	35	465	500	0	500	500	500	500	500	0	
1.1449993543e+02	191	4	317	2	48	452	500	0	500	500	500	500	500	0	
1.1499690413e+02	190	6	323	2	41	459	500	0	500	500	500	500	500	0	
1.1549843345e+02	191	9	319	4	42	458	500	0	500	500	500	500	500	0	
1.1599549584e+02	193	7	319	2	40	460	500	0	500	500	500	500	500	0	
1.1649624860e+02	194	7	317	3	35	465	500	0	500	500	500	500	500	0	
1.1699923981e+02	198	4	320	0	55	445	500	0	500	500	500	500	500	0	
1.1749325493e+02	198	6	319	2	49	451	500	0	500	500	500	500	500	0	
1.1799637388e+02	200	6	319	3	44	456	500	0	500	500	500	500	500	0	
1.1849798715e+02	200	6	316	7	51	449	500	0	500	500	500	500	500	0	
1.1899966794e+02	203	4	312	9	34	466	500	0	500	500	500	500	500	0	
1.1949761702e+02	205	2	317	4	51	449	500	0	500	500	500	500	500	0	
1.1999863314e+02	205	2	316	3	47	453	500	0	500	500	500	500	500	0	
1.2049854433e+02	206	2	322	0	50	450	500	0	500	500	500	500	500	0	
1.2099533512e+02	206	4	322	5	50	450	500	0	500	500	500	500	500	0	
1.2149749703e+02	206	3	324	3	48	452	500	0	500	500	500	500	500	0	
1.2199612660e+02	207	2	322	5	48	452	500	0	500	500	500	500	500	0	
1.2249862617e+02	208	3	326	4	39	461	500	0	500	500	500	500	500	0	
1.2299880414e+02	211	1	330	1	29	471	500	0	500	500	500	500	500	0	
1.2349815848e+02	211	0	332	3	43	457	500	0	500	500	500	500	500	0	
1.2399865275e+02	211	0	337	1	46	454	500	0	500	500	500	500	500	0	
1.2449783369e+02	210	1	335	2	47	453	500	0	500	500	500	500	500	0	
1.2499507073e+02	210	1	334	6	42	458	500	0	500	500	500	500	500	0	
1.2549804626e+02	211	0	337	3	28	472	500	0	500	500	500	500	500	0	
1.2599528895e+02	211	3	337	2	34	466	500	0	500	500	500	500	500	0	
1.2649701272e+02	211	6	335	8	39	461	500	0	500	500	500	500	500	0	
1.2699928245e+02	215	5	339	5	41	459	500	0	500	500	500	500	500	0	
1.2749893003e+02	218	3	342	2	40	460	500	0	500	500	500	500	500	0	
1.2799628168e+02	218	3	339	5	30	470	500	0	500	500	500	500	500	0	
1.2849960722e+02	219	2	338	7	32	468	500	0	500	500	500	500	500	0	
1.2899657469e+02	219	2	345	3	39	461	500	0	500	500	500	500	500	0	
1.2949826955e+02	219	2	346	5	39	461	500	0	500	500	500	500	500	0	
1.2999343484e+02	219	2	346	2	41	459	500	0	500	500	500	500	500	0	
1.3049845662e+02	220	2	342	5	43	457	500	0	500	500	500	500	500	0	
1.3099626642e+02	220	2	344	3	40	460	500	0	500	500	500	500	500	0	
1.3149841972e+02	219	3	342	5	35	465	500	0	500	500	500	500	500	0	
1.3199950130e+02	219	4	343	5	46	454	500	0	500	500	500	500	500	0	
1.3249909843e+02	220	5	343	6	54	446	500	0	500	500	500	500	500	0	
1.3299961751e+02	221	4	339	8	33	467	500	0	500	500	500	500	500	0	
1.3349380907e+02	221	5	343	6	46	454	500	0	500	500	500	500	500	0	
1.3399792992e+02	221	4	342	5	35	465	500	0	500	500	500	500	500	0	
1.3449943101e+02	224	5	345	4	37	463	500	0	500	500	500	500	500	0	
1.3499638132e+02	224	5	344	5	51	449	500	0	500	500	500	500	500	0	
1.3549987581e+02	225	5	343	5	34	466	500	0	500	500	500	500	500	0	
1.3599943891e+02	226	5	336	11	42	458	500	0	500	500	500	500	500	0	
1.3649820095e+02	224	7	345	5	50	450	500	0	500	500	500	500	500	0	
1.3699645328e+02	226	6	348	3	48	452	500	0	500	500	500	500	500	0	
1.3749668405e+02	228	5	346	4	44	456	500	0	500	500	500	500	500	0	
1.3799629746e+02	227	7	346	5	32	468	500	0	500	500	500	500	500	0	
1.3849586659e+02	231	3	348	3	26	474	500	0	500	500	500	500	500	0	
1.3899710390e+02	232	4	349	4	34	466	500	0	500	500	500	500	500	0	
1.3949430486e+02	232	6	350	5	53	447	500	0	500	500	500	500	500	0	
1.3999917795e+02	233	5	350	5	41	459	500	0	500	500	500	500	500	0	
1.4049717865e+02	234	5	353	7	47	453	500	0	500	500	500	500	500	0	
1.4099988999e+02	236	5	358	4	44	456	500	0	500	500	500	500	500	0	
1.4149944167e+02	238	4	359	3	37	463	500	0	500	500	500	500	500	0	
1.4199815435e+02	237	6	362	3	43	457	500	0	500	500	500	500	500	0	
1.4249697564e+02	237	7	362	5	50	450	500	0	500	500	500	500	500	0	
1.4299856920e+02	239	6	361	5	63	437	500	0	500	500	500	500	500	0	
1.4349969581e+02	241	7	363	2	55	445	500	0	500	500	500	500	500	0	
1.4399991150e+02	243	6	359	6	40	460	500	0	500	500	500	500	500	0	
1.4449874632e+02	245	6	358	7	35	465	500	0	500	500	500	500	500	0	
1.4499144392e+02	246	6	359	7	30	470	500	0	500	500	500	500	500	0	
1.4549759992e+02	246	6	364	4	38	462	500	0	500	500	500	500	500	0	
1.4599492568e+02	248	8	362	7	36	464	500	0	500	500	500	500	500	0	
1.4649276776e+02	248	9	358	10	24	476	500	0	500	500	500	500	500	0	
1.4699971945e+02	247	10	360	5	33	467	500	0	500	500	500	500	500	0	
1.4749952087e+02	248	10	358	6	48	452	500	0	500	500	500	500	500	0	
1.4799990706e+02	248	11	359	7	40	460	500	0	500	500	500	500	500	0	
1.4849744841e+02	249	11	353	15	67	433	500	0	500	500	500	500	500	0	
1.4899901507e+02	250	11	358	9	40	460	500	0	500	500	500	500	500	0	
1.4949698029e+02	253	9	360	6	52	448	500	0	500	500	500	500	500	0	
1.4999981714e+02	254	10	355	11	47	453	500	0	500	500	500	500	500	0	
1.5049622412e+02	256	9	357	11	31	469	500	0	500	500	500	500	500	0	
1.5099997632e+02	259	6	357	10	40	460	500	0	500	500	500	500	500	0	
1.5149858657e+02	258	7	353	8	49	451	500	0	500	500	500	500	500	0	
1.5199838627e+02	258	7	356	6	39	461	500	0	500	500	500	500	500	0	
1.5249876685e+02	259	7	354	10	43	457	500	0	500	500	500	500	500	0	
1.5299862088e+02	259	7	357	9	28	472	500	0	500	500	500	500	500	0	
1.5349792819e+02	261	5	352	13	42	458	500	0	500	500	500	500	500	0	
1.5399956392e+02	261	4	357	9	47	453	500	0	500	500	500	500	500	0	
1.5449986846e+02	261	5	360	5	39	461	500	0	500	500	500	500	500	0	
1.5499997125e+02	261	4	358	6	25	475	500	0	500	500	500	500	500	0	
1.5549988282e+02	261	5	364	4	42	458	500	0	500	500	500	500	500	0	
1.5599967076e+02	259	6	364	6	40	460	500	0	500	500	500	500	500	0	
1.5649575162e+02	264	2	368	4	36	464	500	0	500	500	500	500	500	0	
1.5699986396e+02	265	2	371	3	44	456	500	0	500	500	500	500	500	0	
1.5749412995e+02	266	1	371	3	45	455	500	0	500	500	500	500	500	0	
1.5798978668e+02	265	2	373	2	41	459	500	0	500	500	500	500	500	0	
1.5849816498e+02	265	2	372	2	42	458	500	0	500	500	500	500	500	0	
1.5899649642e+02	266	2	366	2	36	464	500	0	500	500	500	500	500	0	
1.5949828992e+02	267	2	366	3	39	461	500	0	500	500	500	500	500	0	
1.5999771856e+02	267	3	363	3	44	456	500	0	500	500	500	500	500	0	
1.6049803779e+02	266	5	357	8	54	446	500	0	500	500	500	500	500	0	
1.6099711709e+02	266	7	363	5	46	454	500	0	500	500	500	500	500	0	
1.6149980998e+02	266	7	362	5	40	460	500	0	500	500	500	500	500	0	
1.6199440089e+02	268	6	352	8	35	465	500	0	500	500	500	500	500	0	
1.6249988509e+02	268	8	349	12	48	452	500	0	500	500	500	500	500	0	
1.6299956631e+02	269	7	354	7	61	439	500	0	500	500	500	500	500	0	
1.6349776124e+02	271	6	352	7	47	453	500	0	500	500	500	500	500	0	
1.6399605154e+02	272	5	357	5	38	462	500	0	500	500	500	500	500	0	
1.6449818010e+02	274	3	359	5	37	463	500	0	500	500	500	500	500	0	
1.6499671366e+02	275	2	365	1	31	469	500	0	500	500	500	500	500	0	
1.6549978804e+02	274	2	363	5	43	457	500	0	500	500	500	500	500	0	
1.6599920154e+02	274	2	366	3	54	446	500	0	500	500	500	500	500	0	
1.6649594878e+02	274	4	361	5	40	460	500	0	500	500	500	500	500	0	
1.6699837214e+02	271	8	362	8	27	473	500	0	500	500	500	500	500	0	
1.6749955085e+02	273	6	366	7	37	463	500	0	500	500	500	500	500	0	
1.6799943055e+02	274	8	369	7	29	471	500	0	500	500	500	500	500	0	
1.6849930987e+02	276	6	372	6	38	462	500	0	500	500	500	500	500	0	
1.6899796925e+02	276	6	369	11	36	464	500	0	500	500	500	500	500	0	
1.6949638686e+02	277	5	373	5	36	464	500	0	500	500	500	500	500	0	
1.6999982888e+02	279	3	371	6	44	456	500	0	500	500	500	500	500	0	
1.7049781613e+02	279	7	376	4	37	463	500	0	500	500	500	500	500	0	
1.7099299788e+02	280	8	374	7	30	470	500	0	500	500	500	500	500	0	
1.7149985163e+02	280	9	367	13	41	459	500	0	500	500	500	500	500	0	
1.7199923713e+02	283	5	371	11	62	438	500	0	500	500	500	500	500	0	
1.7249919991e+02	284	6	376	9	29	471	500	0	500	500	500	500	500	0	
1.7299574992e+02	283	9	379	8	42	458	500	0	500	500	500	500	500	0	
1.7349905856e+02	286	6	379	9	40	460	500	0	500	500	500	500	500	0	
1.7399770947e+02	288	6	382	9	34	466	500	0	500	500	500	500	500	0	
1.7449862072e+02	290	6	385	8	48	452	500	0	500	500	500	500	500	0	
1.7499964076e+02	291	5	390	6	46	454	500	0	500	500	500	500	500	0	
1.7549207598e+02	292	5	389	8	46	454	500	0	500	500	500	500	500	0	
1.7599957996e+02	291	9	388	8	37	463	500	0	500	500	500	500	500	0	
1.7649985266e+02	294	6	391	10	36	464	500	0	500	500	500	500	500	0	
1.7699992866e+02	296	7	393	10	35	465	500	0	500	500	500	500	500	0	
1.7749419385e+02	297	7	398	4	45	455	500	0	500	500	500	500	500	0	
1.7799954035e+02	299	7	394	6	48	452	500	0	500	500	500	500	500	0	
1.7849795183e+02	301	5	393	5	38	462	500	0	500	500	500	500	500	0	
1.7899999360e+02	303	5	389	9	32	468	500	0	500	500	500	500	500	0	
1.7949840358e+02	304	4	391	4	34	466	500	0	500	500	500	500	500	0	
1.7999965759e+02	304	6	390	5	53	447	500	0	500	500	500	500	500	0	
1.8049734725e+02	304	7	390	3	55	445	500	0	500	500	500	500	500	0	
1.8099755108e+02	305	8	390	4	44	456	500	0	500	500	500	500	500	0	
1.8149927416e+02	306	8	391	6	46	454	500	0	500	500	500	500	500	0	
1.8199735060e+02	310	5	393	6	24	476	500	0	500	500	500	500	500	0	
1.8249945840e+02	310	6	391	5	29	471	500	0	500	500	500	500	500	0	
1.8299254982e+02	312	6	390	5	34	466	500	0	500	500	500	500	500	0	
1.8349869523e+02	314	4	391	7	33	467	500	0	500	500	500	500	500	0	
1.8399958085e+02	316	4	394	1	42	458	500	0	500	500	500	500	500	0	
1.8449888897e+02	317	3	389	5	51	449	500	0	500	500	500	500	500	0	
1.8499896440e+02	317	4	395	1	46	454	500	0	500	500	500	500	500	0	
1.8549757495e+02	318	6	395	2	39	461	500	0	500	500	500	500	500	0	
1.8599942459e+02	318	5	393	6	34	466	500	0	500	500	500	500	500	0	
1.8649921838e+02	320	6	388	8	45	455	500	0	500	500	500	500	500	0	
1.8699989958e+02	321	6	389	7	40	460	500	0	500	500	500	500	500	0	
1.8749792041e+02	322	6	387	11	42	458	500	0	500	500	500	500	500	0	
1.8799734467e+02	326	4	396	3	39	461	500	0	500	500	500	500	500	0	
1.8849343889e+02	327	3	397	4	30	470	500	0	500	500	500	500	500	0	
1.8899903938e+02	325	5	397	4	24	476	500	0	500	500	500	500	500	0	
1.8949826668e+02	327	3	399	6	37	463	500	0	500	500	500	500	500	0	
1.8999698639e+02	327	3	400	3	34	466	500	0	500	500	500	500	500	0	
1.9049679371e+02	328	4	404	2	38	462	500	0	500	500	500	500	500	0	
1.9099952662e+02	328	4	410	1	36	464	500	0	500	500	500	500	500	0	
1.9149832037e+02	329	4	413	2	44	456	500	0	500	500	500	500	500	0	
1.9199416354e+02	331	2	417	1	47	453	500	0	500	500	500	500	500	0	
1.9249555109e+02	331	2	416	0	36	464	500	0	500	500	500	500	500	0	
1.9299948394e+02	331	2	411	8	33	467	500	0	500	500	500	500	500	0	
1.9349980470e+02	327	6	413	6	38	462	500	0	500	500	500	500	500	0	
1.9399969086e+02	328	6	415	8	51	449	500	0	500	500	500	500	500	0	
1.9449962161e+02	329	4	417	5	43	457	500	0	500	500	500	500	500	0	
1.9499883296e+02	330	4	420	3	46	454	500	0	500	500	500	500	500	0	
1.9549574547e+02	332	3	420	5	43	457	500	0	500	500	500	500	500	0	
1.9599823494e+02	332	3	421	7	34	466	500	0	500	500	500	500	500	0	
1.9649920703e+02	332	3	420	6	48	452	500	0	500	500	500	500	500	0	
1.9699795888e+02	332	6	420	7	55	445	500	0	500	500	500	500	500	0	
1.9749964777e+02	332	6	413	11	53	447	500	0	500	500	500	500	500	0	
1.9799998439e+02	333	6	413	9	38	462	500	0	500	500	500	500	500	0	
1.9849953845e+02	332	7	416	6	40	460	500	0	500	500	500	500	500	0	
1.9899639903e+02	334	5	419	5	43	457	500	0	500	500	500	500	500	0	
1.9949074120e+02	335	4	422	4	44	456	500	0	500	500	500	500	500	0	
1.9999436923e+02	336	3	425	4	37	463	500	0	500	500	500	500	500	0	
2.0049954203e+02	334	3	422	5	27	473	500	0	500	500	500	500	500	0	
2.0099918101e+02	336	1	432	1	49	451	500	0	500	500	500	500	500	0	
2.0149566526e+02	337	3	433	2	59	441	500	0	500	500	500	500	500	0	
2.0199820864e+02	336	5	430	6	59	441	500	0	500	500	500	500	500	0	
2.0249711609e+02	337	4	429	6	39	461	500	0	500	500	500	500	500	0	
2.0299735580e+02	337	5	427	13	41	459	500	0	500	500	500	500	500	0	
2.0349804484e+02	337	6	438	7	49	451	500	0	500	500	500	500	500	0	
2.0398952548e+02	341	3	439	7	49	451	500	0	500	500	500	500	500	0	
2.0449821684e+02	341	4	443	6	43	457	500	0	500	500	500	500	500	0	
2.0499960374e+02	341	3	445	3	41	459	500	0	500	500	500	500	500	0	
2.0549732298e+02	341	3	444	4	45	455	500	0	500	500	500	500	500	0	
2.0599969818e+02	343	1	447	2	52	448	500	0	500	500	500	500	500	0	
2.0649712442e+02	345	2	447	3	59	441	500	0	500	500	500	500	500	0	
2.0699562557e+02	345	1	447	2	48	452	500	0	500	500	500	500	500	0	
2.0749096434e+02	345	2	445	1	46	454	500	0	500	500	500	500	500	0	
2.0799623709e+02	346	2	443	3	44	456	500	0	500	500	500	500	500	0	
2.0849980033e+02	346	2	442	4	31	469	500	0	500	500	500	500	500	0	
2.0899928633e+02	346	3	446	4	36	464	500	0	500	500	500	500	500	0	
2.0949899811e+02	345	6	445	7	29	471	500	0	500	500	500	500	500	0	
2.0999937661e+02	347	5	441	9	55	445	500	0	500	500	500	500	500	0	
2.1049703641e+02	346	5	443	7	37	463	500	0	500	500	500	500	500	0	
2.1099195628e+02	345	6	443	7	34	466	500	0	500	500	500	500	500	0	
2.1149942730e+02	347	6	446	3	33	467	500	0	500	500	500	500	500	0	
2.1199862725e+02	349	5	446	6	28	472	500	0	500	500	500	500	500	0	
2.1249825151e+02	348	5	445	6	25	475	500	0	500	500	500	500	500	0	
2.1299932578e+02	348	5	446	7	35	465	500	0	500	500	500	500	500	0	
2.1349667238e+02	349	4	448	3	38	462	500	0	500	500	500	500	500	0	
2.1399485212e+02	350	5	450	3	41	459	500	0	500	500	500	500	500	0	
2.1449720776e+02	350	4	452	3	44	456	500	0	500	500	500	500	500	0	
2.1499763253e+02	350	5	452	3	31	469	500	0	500	500	500	500	500	0	
2.1549989719e+02	351	4	450	5	36	464	500	0	500	500	500	500	500	0	
2.1599599754e+02	351	4	447	7	37	463	500	0	500	500	500	500	500	0	
2.1649983106e+02	349	4	453	4	45	455	500	0	500	500	500	500	500	0	
2.1699963056e+02	350	3	452	7	46	454	500	0	500	500	500	500	500	0	
2.1749960599e+02	348	4	453	7	35	465	500	0	500	500	500	500	500	0	
2.1799854217e+02	349	4	460	3	50	450	500	0	500	500	500	500	500	0	
2.1848634094e+02	350	2	458	3	42	458	500	0	500	500	500	500	500	0	
2.1899831986e+02	350	5	454	10	28	472	500	0	500	500	500	500	500	0	
2.1949997053e+02	347	7	458	8	36	464	500	0	500	500	500	500	500	0	
2.1999632817e+02	347	7	464	3	56	444	500	0	500	500	500	500	500	0	
2.2049822719e+02	349	5	458	8	49	451	500	0	500	500	500	500	500	0	
2.2099991546e+02	349	6	465	5	33	467	500	0	500	500	500	500	500	0	
2.2149666710e+02	349	6	461	4	40	460	500	0	500	500	500	500	500	0	
2.2199818194e+02	351	4	458	6	32	468	500	0	500	500	500	500	500	0	
2.2249605919e+02	351	3	459	3	34	466	500	0	500	500	500	500	500	0	
2.2299938533e+02	354	3	455	7	57	443	500	0	500	500	500	500	500	0	
2.2349823583e+02	355	4	454	10	68	432	500	0	500	500	500	500	500	0	
2.2398974572e+02	354	4	461	3	54	446	500	0	500	500	500	500	500	0	
2.2448956717e+02	352	5	459	10	28	472	500	0	500	500	500	500	500	0	
2.2499757005e+02	350	8	458	10	38	462	500	0	500	500	500	500	500	0	
2.2549607164e+02	352	6	465	5	48	452	500	0	500	500	500	500	500	0	
2.2599994209e+02	352	8	463	10	40	460	500	0	500	500	500	500	500	0	
2.2649792200e+02	354	7	464	10	42	458	500	0	500	500	500	500	500	0	
2.2699886391e+02	356	6	467	9	33	467	500	0	500	500	500	500	500	0	
2.2749777811e+02	357	6	467	11	45	455	500	0	500	500	500	500	500	0	
2.2799895069e+02	358	8	474	5	36	464	500	0	500	500	500	500	500	0	
2.2849570111e+02	360	7	477	3	32	468	500	0	500	500	500	500	500	0	
2.2899951220e+02	360	8	477	2	23	477	500	0	500	500	500	500	500	0	
2.2949741493e+02	360	8	474	8	34	466	500	0	500	500	500	500	500	0	
2.2999798717e+02	363	6	477	8	52	448	500	0	500	500	500	500	500	0	
2.3049922534e+02	363	7	484	5	54	446	500	0	500	500	500	500	500	0	
2.3099398202e+02	363	8	472	14	57	443	500	0	500	500	500	500	500	0	
2.3149987139e+02	364	8	476	11	42	458	500	0	500	500	500	500	500	0	
2.3199477007e+02	365	7	477	7	46	454	500	0	500	500	500	500	500	0	
2.3249656183e+02	365	5	480	3	36	464	500	0	500	500	500	500	500	0	
2.3299847807e+02	369	2	474	8	33	467	500	0	500	500	500	500	500	0	
2.3349639016e+02	370	2	477	5	32	468	500	0	500	500	500	500	500	0	
2.3399721525e+02	371	2	478	4	38	462	500	0	500	500	500	500	500	0	
2.3449952807e+02	370	3	481	4	44	456	500	0	500	500	500	500	500	0	
2.3499163639e+02	367	6	482	3	50	450	500	0	500	500	500	500	500	0	
2.3549921330e+02	365	7	478	5	35	465	500	0	500	500	500	500	500	0	
2.3599934812e+02	366	6	478	4	48	452	500	0	500	500	500	500	500	0	
2.3649689265e+02	368	4	478	4	48	452	500	0	500	500	500	500	500	0	
2.3699772030e+02	367	6	476	9	46	454	500	0	500	500	500	500	500	0	
2.3749999668e+02	367	6	476	6	41	459	500	0	500	500	500	500	500	0	
2.3799827472e+02	367	8	474	8	51	449	500	0	500	500	500	500	500	0	
2.3849775641e+02	369	6	477	6	51	449	500	0	500	500	500	500	500	0	
2.3899946308e+02	370	9	469	12	35	465	500	0	500	500	500	500	500	0	
2.3949797491e+02	367	13	466	14	48	452	500	0	500	500	500	500	500	0	
2.3999925861e+02	371	11	472	9	47	453	500	0	500	500	500	500	500	0	
2.4049585629e+02	374	10	476	8	41	459	500	0	500	500	500	500	500	0	
2.4099721703e+02	377	6	472	11	50	450	500	0	500	500	500	500	500	0	
2.4149659440e+02	378	5	482	4	34	466	500	0	500	500	500	500	500	0	
2.4199848676e+02	379	5	478	8	41	459	500	0	500	500	500	500	500	0	
2.4249910651e+02	380	5	483	6	40	460	500	0	500	500	500	500	500	0	
2.4299953576e+02	379	5	490	3	40	460	500	0	500	500	500	500	500	0	
2.4349332472e+02	382	5	489	6	40	460	500	0	500	500	500	500	500	0	
2.4399948053e+02	382	5	490	1	47	453	500	0	500	500	500	500	500	0	
2.4449508144e+02	383	5	490	7	38	462	500	0	500	500	500	500	500	0	
2.4499905824e+02	386	4	489	8	38	462	500	0	500	500	500	500	500	0	
2.4549661583e+02	386	4	488	9	37	463	500	0	500	500	500	500	500	0	
2.4599772792e+02	385	6	490	3	30	470	500	0	500	500	500	500	500	0	
2.4649944607e+02	389	5	490	3	28	472	500	0	500	500	500	500	500	0	
2.4699904271e+02	389	4	491	6	21	479	500	0	500	500	500	500	500	0	
2.4749847712e+02	390	3	487	7	39	461	500	0	500	500	500	500	500	0	
2.4799791569e+02	392	0	491	4	40	460	500	0	500	500	500	500	500	0	
2.4849945801e+02	390	0	494	1	40	460	500	0	500	500	500	500	500	0	
2.4899689371e+02	388	2	493	3	45	455	500	0	500	500	500	500	500	0	
2.4949199371e+02	389	3	482	12	28	472	500	0	500	500	500	500	500	0	
2.4999887515e+02	387	4	488	6	48	452	500	0	500	500	500	500	500	0	
2.5049808594e+02	385	5	485	8	41	459	500	0	500	500	500	500	500	0	
2.5099715911e+02	387	3	489	6	31	469	500	0	500	500	500	500	500	0	
2.5149962296e+02	386	5	488	9	47	453	500	0	500	500	500	500	500	0	
2.5199620932e+02	386	5	490	4	67	433	500	0	500	500	500	500	500	0	
2.5249870982e+02	386	6	482	7	33	467	500	0	500	500	500	500	500	0	
2.5299999060e+02	386	7	486	3	44	456	500	0	500	500	500	500	500	0	
2.5349664301e+02	386	8	483	8	43	457	500	0	500	500	500	500	500	0	
2.5399668336e+02	386	8	486	6	52	448	500	0	500	500	500	500	500	0	
2.5449315168e+02	389	8	481	9	55	445	500	0	500	500	500	500	500	0	
2.5499884476e+02	388	10	483	9	60	440	500	0	500	500	500	500	500	0	
2.5549853089e+02	390	8	476	16	57	443	500	0	500	500	500	500	500	0	
2.5599890417e+02	392	7	488	9	62	438	500	0	500	500	500	500	500	0	
2.5649921344e+02	394	7	487	9	45	455	500	0	500	500	500	500	500	0	
2.5699867537e+02	395	5	487	10	50	450	500	0	500	500	500	500	500	0	
2.5749706546e+02	398	3	491	5	38	462	500	0	500	500	500	500	500	0	
2.5799864745e+02	399	2	491	2	41	459	500	0	500	500	500	500	500	0	
2.5849996275e+02	398	3	489	4	37	463	500	0	500	500	500	500	500	0	
2.5899945488e+02	398	4	491	4	27	473	500	0	500	500	500	500	500	0	
2.5949993127e+02	398	4	493	3	40	460	500	0	500	500	500	500	500	0	
2.5999997433e+02	399	3	491	3	57	443	500	0	500	500	500	500	500	0	
2.6049878128e+02	399	3	488	5	61	439	500	0	500	500	500	500	500	0	
2.6099705161e+02	400	2	491	3	38	462	500	0	500	500	500	500	500	0	
2.6149469968e+02	400	3	492	1	56	444	500	0	500	500	500	500	500	0	
2.6199993900e+02	401	3	491	3	39	461	500	0	500	500	500	500	500	0	
2.6249844298e+02	402	2	495	2	40	460	500	0	500	500	500	500	500	0	
2.6299353423e+02	403	1	493	5	36	464	500	0	500	500	500	500	500	0	
2.6349962428e+02	403	1	493	5	26	474	500	0	500	500	500	500	500	0	
2.6399817914e+02	402	5	496	4	29	471	500	0	500	500	500	500	500	0	
2.6449784339e+02	403	5	491	6	45	455	500	0	500	500	500	500	500	0	
2.6499801478e+02	403	6	487	6	42	458	500	0	500	500	500	500	500	0	
2.6549790105e+02	402	8	485	7	37	463	500	0	500	500	500	500	500	0	
2.6599868644e+02	402	8	483	8	60	440	500	0	500	500	500	500	500	0	
2.6649681467e+02	402	9	480	10	60	440	500	0	500	500	500	500	500	0	
2.6699865437e+02	401	8	487	4	46	454	500	0	500	500	500	500	500	0	
2.6749717994e+02	404	8	484	8	34	466	500	0	500	500	500	500	500	0	
2.6799875204e+02	405	9	487	5	32	468	500	0	500	500	500	500	500	0	
2.6849726495e+02	406	10	479	14	42	458	500	0	500	500	500	500	500	0	
2.6899966468e+02	408	6	489	5	58	442	500	0	500	500	500	500	500	0	
2.6949986540e+02	410	5	486	7	35	465	500	0	500	500	500	500	500	0	
2.6999998430e+02	410	8	487	8	33	467	500	0	500	500	500	500	500	0	
2.7049727900e+02	410	12	484	10	41	459	500	0	500	500	500	500	500	0	
2.7099770915e+02	415	9	487	6	34	466	500	0	500	500	500	500	500	0	
2.7149939038e+02	416	8	481	10	40	460	500	0	500	500	500	500	500	0	
2.7199725864e+02	416	8	481	10	43	457	500	0	500	500	500	500	500	0	
2.7249938440e+02	413	11	471	20	34	466	500	0	500	500	500	500	500	0	
2.7299846124e+02	418	9	480	18	43	457	500	0	500	500	500	500	500	0	
2.7349845707e+02	420	7	482	19	35	465	500	0	500	500	500	500	500	0	
2.7399883665e+02	419	8	493	6	47	453	500	0	500	500	500	500	500	0	
2.7449962507e+02	421	8	492	9	36	464	500	0	500	500	500	500	500	0	
2.7499828359e+02	422	7	489	10	34	466	500	0	500	500	500	500	500	0	
2.7549860151e+02	423	6	496	1	48	452	500	0	500	500	500	500	500	0	
2.7599932987e+02	422	7	491	7	36	464	500	0	500	500	500	500	500	0	
2.7649843787e+02	424	6	492	6	55	445	500	0	500	500	500	500	500	0	
2.7699254299e+02	423	7	493	7	45	455	500	0	500	500	500	500	500	0	
2.7749968965e+02	421	10	492	6	35	465	500	0	500	500	500	500	500	0	
2.7799776799e+02	423	7	492	9	49	451	500	0	500	500	500	500	500	0	
2.7849877594e+02	426	6	494	6	46	454	500	0	500	500	500	500	500	0	
2.7899722888e+02	427	6	493	9	35	465	500	0	500	500	500	500	500	0	
2.7949600334e+02	429	6	501	4	31	469	500	0	500	500	500	500	500	0	
2.7999733290e+02	428	7	500	7	51	449	500	0	500	500	500	500	500	0	
2.8049400742e+02	428	7	503	3	32	468	500	0	500	500	500	500	500	0	
2.8099907466e+02	430	7	498	9	48	452	500	0	500	500	500	500	500	0	
2.8149909586e+02	431	7	496	12	44	456	500	0	500	500	500	500	500	0	
2.8199863944e+02	430	9	497	9	37	463	500	0	500	500	500	500	500	0	
2.8249740055e+02	430	9	506	3	42	458	500	0	500	500	500	500	500	0	
2.8299783326e+02	432	8	496	12	40	460	500	0	500	500	500	500	500	0	
2.8349915627e+02	434	6	500	10	49	451	500	0	500	500	500	500	500	0	
2.8399848249e+02	433	7	502	8	57	443	500	0	500	500	500	500	500	0	
2.8449537304e+02	434	7	506	4	37	463	500	0	500	500	500	500	500	0	
2.8499994988e+02	435	6	500	6	51	449	500	0	500	500	500	500	500	0	
2.8549707168e+02	437	4	503	0	36	464	500	0	500	500	500	500	500	0	
2.8599970681e+02	437	3	500	5	37	463	500	0	500	500	500	500	500	0	
2.8649436898e+02	436	5	502	1	28	472	500	0	500	500	500	500	500	0	
2.8699942010e+02	435	5	499	3	46	454	500	0	500	500	500	500	500	0	
2.8749646130e+02	437	3	499	3	41	459	500	0	500	500	500	500	500	0	
2.8799245587e+02	438	2	500	4	33	467	500	0	500	500	500	500	500	0	
2.8849808607e+02	436	5	498	8	34	466	500	0	500	500	500	500	500	0	
2.8899903267e+02	439	3	496	6	33	467	500	0	500	500	500	500	500	0	
2.8949939739e+02	438	5	492	9	38	462	500	0	500	500	500	500	500	0	
2.8999603958e+02	437	7	492	9	27	473	500	0	500	500	500	500	500	0	
2.9049896409e+02	436	8	483	17	34	466	500	0	500	500	500	500	500	0	
2.9099689780e+02	439	8	493	8	40	460	500	0	500	500	500	500	500	0	
2.9149932196e+02	440	8	491	9	38	462	500	0	500	500	500	500	500	0	
2.9199962288e+02	443	5	492	7	40	460	500	0	500	500	500	500	500	0	
2.9249829633e+02	443	6	491	6	34	466	500	0	500	500	500	500	500	0	
2.9299728799e+02	444	5	491	8	51	449	500	0	500	500	500	500	500	0	
2.9349927624e+02	446	5	496	2	54	446	500	0	500	500	500	500	500	0	
2.9399978397e+02	447	4	494	6	32	468	500	0	500	500	500	500	500	0	
2.9449655938e+02	447	5	487	11	39	461	500	0	500	500	500	500	500	0	
2.9499850692e+02	443	8	494	5	31	469	500	0	500	500	500	500	500	0	
2.9549797487e+02	444	9	498	3	43	457	500	0	500	500	500	500	500	0	
2.9599846454e+02	447	7	496	5	48	452	500	0	500	500	500	500	500	0	
2.9649927012e+02	449	5	495	2	38	462	500	0	500	500	500	500	500	0	
2.9699695625e+02	450	4	493	2	29	471	500	0	500	500	500	500	500	0	
2.9749985938e+02	450	4	493	2	31	469	500	0	500	500	500	500	500	0	
2.9799635950e+02	451	5	494	5	48	452	500	0	500	500	500	500	500	0	
2.9849886567e+02	451	6	492	5	34	466	500	0	500	500	500	500	500	0	
2.9899825968e+02	454	5	486	7	32	468	500	0	500	500	500	500	500	0	
2.9949779063e+02	454	7	482	4	36	464	500	0	500	500	500	500	500	0	
2.9999871219e+02	455	6	479	6	42	458	500	0	500	500	500	500	500	0	
3.0049895503e+02	457	5	478	4	46	454	500	0	500	500	500	500	500	0	
3.0099908278e+02	457	5	476	9	48	452	500	0	500	500	500	500	500	0	
3.0149625925e+02	458	5	475	11	43	457	500	0	500	500	500	500	500	0	
3.0199954035e+02	459	6	481	10	48	452	500	0	500	500	500	500	500	0	
3.0249835929e+02	461	5	486	6	54	446	500	0	500	500	500	500	500	0	
3.0299996506e+02	459	5	485	6	55	445	500	0	500	500	500	500	500	0	
3.0349639574e+02	459	5	482	4	46	454	500	0	500	500	500	500	500	0	
3.0399507518e+02	459	6	475	11	30	470	500	0	500	500	500	500	500	0	
3.0449455658e+02	459	4	478	6	29	471	500	0	500	500	500	500	500	0	
3.0499839318e+02	458	6	473	7	40	460	500	0	500	500	500	500	500	0	
3.0549964986e+02	458	6	474	7	37	463	500	0	500	500	500	500	500	0	
3.0599345417e+02	459	7	467	8	32	468	500	0	500	500	500	500	500	0	
3.0649741239e+02	458	7	469	8	36	464	500	0	500	500	500	500	500	0	
3.0699855261e+02	460	5	476	4	51	449	500	0	500	500	500	500	500	0	
3.0749951090e+02	458	7	466	11	41	459	500	0	500	500	500	500	500	0	
3.0799457225e+02	461	4	470	9	37	463	500	0	500	500	500	500	500	0	
3.0849945343e+02	461	4	472	6	41	459	500	0	500	500	500	500	500	0	
3.0899780326e+02	461	4	472	6	27	473	500	0	500	500	500	500	500	0	
3.0949709490e+02	461	5	471	4	27	473	500	0	500	500	500	500	500	0	
3.0999942952e+02	460	7	471	3	38	462	500	0	500	500	500	500	500	0	
3.1049985499e+02	462	5	464	8	25	475	500	0	500	500	500	500	500	0	
3.1099747250e+02	463	6	465	7	44	456	500	0	500	500	500	500	500	0	
3.1149714688e+02	462	6	465	10	54	446	500	0	500	500	500	500	500	0	
3.1199756976e+02	462	6	467	10	39	461	500	0	500	500	500	500	500	0	
3.1249885921e+02	462	6	468	8	48	452	500	0	500	500	500	500	500	0	
3.1299877609e+02	464	6	471	7	36	464	500	0	500	500	500	500	500	0	
3.1349889547e+02	465	4	469	8	32	468	500	0	500	500	500	500	500	0	
3.1399784855e+02	464	7	469	8	55	445	500	0	500	500	500	500	500	0	
3.1449508372e+02	467	3	471	7	57	443	500	0	500	500	500	500	500	0	
3.1499944703e+02	468	2	478	4	51	449	500	0	500	500	500	500	500	0	
3.1549976517e+02	466	2	480	3	47	453	500	0	500	500	500	500	500	0	
3.1599760187e+02	465	4	478	6	33	467	500	0	500	500	500	500	500	0	
3.1649406719e+02	467	4	480	4	41	459	500	0	500	500	500	500	500	0	
3.1699927891e+02	464	7	478	7	64	436	500	0	500	500	500	500	500	0	
3.1749895243e+02	466	5	482	6	46	454	500	0	500	500	500	500	500	0	
3.1799953284e+02	466	4	482	6	47	453	500	0	500	500	500	500	500	0	
3.1849861715e+02	466	4	483	6	35	465	500	0	500	500	500	500	500	0	
3.1899991103e+02	465	6	486	6	35	465	500	0	500	500	500	500	500	0	
3.1949694998e+02	465	7	490	3	31	469	500	0	500	500	500	500	500	0	
3.1999256071e+02	465	6	484	5	34	466	500	0	500	500	500	500	500	0	
3.2049783107e+02	466	7	487	3	48	452	500	0	500	500	500	500	500	0	
3.2099967470e+02	467	6	482	5	55	445	500	0	500	500	500	500	500	0	
3.2149901091e+02	467	6	485	6	50	450	500	0	500	500	500	500	500	0	
3.2199937607e+02	470	5	488	6	61	439	500	0	500	500	500	500	500	0	
3.2249914718e+02	472	4	487	7	31	469	500	0	500	500	500	500	500	0	
3.2299969996e+02	475	1	489	4	40	460	500	0	500	500	500	500	500	0	
3.2349857022e+02	476	1	490	1	51	449	500	0	500	500	500	500	500	0	
3.2399648424e+02	476	1	487	3	51	449	500	0	500	500	500	500	500	0	
3.2449750165e+02	475	2	489	6	45	455	500	0	500	500	500	500	500	0	
3.2499266717e+02	475	2	488	4	49	451	500	0	500	500	500	500	500	0	
3.2549544344e+02	474	2	484	4	46	454	500	0	500	500	500	500	500	0	
3.2599859884e+02	474	2	485	6	49	451	500	0	500	500	500	500	500	0	
3.2649959779e+02	473	3	496	5	51	449	500	0	500	500	500	500	500	0	
3.2699873876e+02	473	3	493	9	46	454	500	0	500	500	500	500	500	0	
3.2749719867e+02	474	2	501	5	43	457	500	0	500	500	500	500	500	0	
3.2799972938e+02	476	2	498	6	41	459	500	0	500	500	500	500	500	0	
3.2849448369e+02	476	4	505	3	58	442	500	0	500	500	500	500	500	0	
3.2899898029e+02	476	4	502	6	48	452	500	0	500	500	500	500	500	0	
3.2949568164e+02	478	2	506	4	49	451	500	0	500	500	500	500	500	0	
3.2999696294e+02	478	4	508	4	40	460	500	0	500	500	500	500	500	0	
3.3049781382e+02	479	3	509	3	54	446	500	0	500	500	500	500	500	0	
3.3099711759e+02	479	4	502	5	53	447	500	0	500	500	500	500	500	0	
3.3149602860e+02	478	6	505	3	48	452	500	0	500	500	500	500	500	0	
3.3199622359e+02	478	7	501	4	52	448	500	0	500	500	500	500	500	0	
3.3249057907e+02	478	7	492	9	50	450	500	0	500	500	500	500	500	0	
3.3299842528e+02	476	9	491	11	39	461	500	0	500	500	500	500	500	0	
3.3349858120e+02	474	11	484	13	34	466	500	0	500	500	500	500	500	0	
3.3399839680e+02	474	14	486	10	36	464	500	0	500	500	500	500	500	0	
3.3449668386e+02	477	12	485	11	31	469	500	0	500	500	500	500	500	0	
3.3499526833e+02	480	9	490	7	34	466	500	0	500	500	500	500	500	0	
3.3549546249e+02	482	7	487	8	45	455	500	0	500	500	500	500	500	0	
3.3599808569e+02	484	9	486	8	32	468	500	0	500	500	500	500	500	0	
3.3649894493e+02	485	8	482	11	52	448	500	0	500	500	500	500	500	0	
3.3699628386e+02	487	7	482	8	55	445	500	0	500	500	500	500	500	0	
3.3749992823e+02	486	7	481	10	40	460	500	0	500	500	500	500	500	0	
3.3799833556e+02	486	9	481	8	46	454	500	0	500	500	500	500	500	0	
3.3849889888e+02	489	6	489	3	48	452	500	0	500	500	500	500	500	0	
3.3899911876e+02	486	9	486	7	51	449	500	0	500	500	500	500	500	0	
3.3949835679e+02	484	10	477	12	46	454	500	0	500	500	500	500	500	0	
3.3999619633e+02	485	13	481	9	45	455	500	0	500	500	500	500	500	0	
3.4049833394e+02	490	8	481	8	54	446	500	0	500	500	500	500	500	0	
3.4099850095e+02	491	8	480	5	59	441	500	0	500	500	500	500	500	0	
3.4149899533e+02	494	5	475	9	36	464	500	0	500	500	500	500	500	0	
3.4199925685e+02	493	6	479	7	30	470	500	0	500	500	500	500	500	0	
3.4249925475e+02	494	5	482	6	40	460	500	0	500	500	500	500	500	0	
3.4299854396e+02	493	9	481	11	38	462	500	0	500	500	500	500	500	0	
3.4349747060e+02	492	11	476	17	46	454	500	0	500	500	500	500	500	0	
3.4399580811e+02	495	10	480	11	33	467	500	0	500	500	500	500	500	0	
3.4449828267e+02	494	11	482	7	58	442	500	0	500	500	500	500	500	0	
3.4499661960e+02	494	13	481	4	39	461	500	0	500	500	500	500	500	0	
3.4549939914e+02	498	10	473	9	48	452	500	0	500	500	500	500	500	0	
3.4599930664e+02	499	9	460	16	42	458	500	0	500	500	500	500	500	0	
3.4649772078e+02	495	11	469	11	42	458	500	0	500	500	500	500	500	0	
3.4699387473e+02	498	10	471	8	43	457	500	0	500	500	500	500	500	0	
3.4749740686e+02	498	9	470	9	56	444	500	0	500	500	500	500	500	0	
3.4799965526e+02	496	13	462	15	41	459	500	0	500	500	500	500	500	0	
3.4849784723e+02	496	14	464	14	42	458	500	0	500	500	500	500	500	0	
3.4899851039e+02	497	14	470	8	40	460	500	0	500	500	500	500	500	0	
3.4949951492e+02	500	11	465	15	59	441	500	0	500	500	500	500	500	0	
3.4999932345e+02	502	9	468	11	45	455	500	0	500	500	500	500	500	0	
3.5049997968e+02	503	8	468	10	35	465	500	0	500	500	500	500	500	0	
3.5099802020e+02	505	6	467	11	50	450	500	0	500	500	500	500	500	0	
3.5149968699e+02	504	9	466	11	65	435	500	0	500	500	500	500	500	0	
3.5199869936e+02	504	10	467	10	59	441	500	0	500	500	500	500	500	0	
3.5249843344e+02	503	11	466	13	46	454	500	0	500	500	500	500	500	0	
3.5299968499e+02	507	8	471	9	41	459	500	0	500	500	500	500	500	0	
3.5349777255e+02	508	6	470	7	44	456	500	0	500	500	500	500	500	0	
3.5399566044e+02	511	5	469	4	47	453	500	0	500	500	500	500	500	0	
3.5448573085e+02	512	4	468	6	24	476	500	0	500	500	500	500	500	0	
3.5499845675e+02	510	5	467	8	48	452	500	0	500	500	500	500	500	0	
3.5549943055e+02	507	9	466	10	67	433	500	0	500	500	500	500	500	0	
3.5599286934e+02	509	10	469	11	42	458	500	0	500	500	500	500	500	0	
3.5649981924e+02	511	10	467	13	50	450	500	0	500	500	500	500	500	0	
3.5699777379e+02	512	10	460	18	59	441	500	0	500	500	500	500	500	0	
3.5749940315e+02	512	11	457	19	49	451	500	0	500	500	500	500	500	0	
3.5799846936e+02	517	9	459	19	62	438	500	0	500	500	500	500	500	0	
3.5849882633e+02	522	7	472	8	38	462	500	0	500	500	500	500	500	0	
3.5899528168e+02	520	9	469	13	33	467	500	0	500	500	500	500	500	0	
3.5949934675e+02	521	9	471	13	65	435	500	0	500	500	500	500	500	0	
3.5999885253e+02	523	8	479	6	57	443	500	0	500	500	500	500	500	0	
3.6049824227e+02	522	10	477	5	46	454	500	0	500	500	500	500	500	0	
3.6099861329e+02	523	10	477	6	55	445	500	0	500	500	500	500	500	0	
3.6149930691e+02	523	10	478	8	53	447	500	0	500	500	500	500	500	0	
3.6199835776e+02	526	6	481	8	48	452	500	0	500	500	500	500	500	0	
3.6249156605e+02	527	5	488	5	49	451	500	0	500	500	500	500	500	0	
3.6299960784e+02	528	4	490	4	51	449	500	0	500	500	500	500	500	0	
3.6349565318e+02	530	2	492	2	37	463	500	0	500	500	500	500	500	0	
3.6399984046e+02	529	3	490	7	32	468	500	0	500	500	500	500	500	0	
3.6449585007e+02	530	4	488	6	26	474	500	0	500	500	500	500	500	0	
3.6499896373e+02	530	5	492	6	45	455	500	0	500	500	500	500	500	0	
3.6549944144e+02	530	5	495	7	44	456	500	0	500	500	500	500	500	0	
3.6599870307e+02	531	8	495	9	41	459	500	0	500	500	500	500	500	0	
3.6649852910e+02	530	9	488	17	54	446	500	0	500	500	500	500	500	0	
3.6699767079e+02	530	9	492	12	71	429	500	0	500	500	500	500	500	0	
3.6749808697e+02	532	12	497	8	74	426	500	0	500	500	500	500	500	0	
3.6799906521e+02	536	9	502	3	54	446	500	0	500	500	500	500	500	0	
3.6849980655e+02	537	8	499	8	62	438	500	0	500	500	500	500	500	0	
3.6899898090e+02	537	7	500	5	46	454	500	0	500	500	500	500	500	0	
3.6949948517e+02	540	5	501	7	30	470	500	0	500	500	500	500	500	0	
3.6999708738e+02	541	5	492	15	42	458	500	0	500	500	500	500	500	0	
3.7049414412e+02	541	7	491	17	34	466	500	0	500	500	500	500	500	0	
3.7099968763e+02	540	8	492	15	28	472	500	0	500	500	500	500	500	0	
3.7149770496e+02	538	12	498	7	31	469	500	0	500	500	500	500	500	0	
3.7199963703e+02	543	8	498	7	55	445	500	0	500	500	500	500	500	0	
3.7249864185e+02	545	8	503	3	39	461	500	0	500	500	500	500	500	0	
3.7299733037e+02	544	8	498	6	44	456	500	0	500	500	500	500	500	0	
3.7349823812e+02	541	10	496	6	52	448	500	0	500	500	500	500	500	0	
3.7399849938e+02	545	7	495	5	53	447	500	0	500	500	500	500	500	0	
3.7449878286e+02	547	8	491	7	37	463	500	0	500	500	500	500	500	0	
3.7499514578e+02	550	7	488	10	43	457	500	0	500	500	500	500	500	0	
3.7549539313e+02	552	6	493	6	51	449	500	0	500	500	500	500	500	0	
3.7599853570e+02	556	4	491	7	42	458	500	0	500	500	500	500	500	0	
3.7649710640e+02	554	5	490	9	39	461	500	0	500	500	500	500	500	0	
3.7699377245e+02	554	4	493	6	41	459	500	0	500	500	500	500	500	0	
3.7749927877e+02	556	1	493	5	42	458	500	0	500	500	500	500	500	0	
3.7799879477e+02	555	2	497	1	46	454	500	0	500	500	500	500	500	0	
3.7849751597e+02	555	2	493	5	58	442	500	0	500	500	500	500	500	0	
3.7899990908e+02	554	2	493	6	49	451	500	0	500	500	500	500	500	0	
3.7949785772e+02	552	4	500	0	52	448	500	0	500	500	500	500	500	0	
3.7999867702e+02	552	6	496	5	52	448	500	0	500	500	500	500	500	0	
3.8049828315e+02	553	6	493	7	41	459	500	0	500	500	500	500	500	0	
3.8099785416e+02	552	9	494	5	32	468	500	0	500	500	500	500	500	0	
3.8149756333e+02	554	8	491	6	48	452	500	0	500	500	500	500	500	0	
3.8199808950e+02	555	7	486	9	53	447	500	0	500	500	500	500	500	0	
3.8249962404e+02	558	4	487	9	35	465	500	0	500	500	500	500	500	0	
3.8299839513e+02	558	4	492	7	34	466	500	0	500	500	500	500	500	0	
3.8349963356e+02	559	3	491	6	46	454	500	0	500	500	500	500	500	0	
3.8399977766e+02	560	2	490	5	53	447	500	0	500	500	500	500	500	0	
3.8449778466e+02	561	2	493	2	44	456	500	0	500	500	500	500	500	0	
3.8499992313e+02	561	3	489	4	50	450	500	0	500	500	500	500	500	0	
3.8549946451e+02	562	3	487	6	43	457	500	0	500	500	500	500	500	0	
3.8599721941e+02	563	3	485	7	39	461	500	0	500	500	500	500	500	0	
3.8649985862e+02	562	3	482	8	50	450	500	0	500	500	500	500	500	0	
3.8699732475e+02	563	2	482	11	43	457	500	0	500	500	500	500	500	0	
3.8749903187e+02	561	4	490	7	34	466	500	0	500	500	500	500	500	0	
3.8799347206e+02	559	7	493	4	26	474	500	0	500	500	500	500	500	0	
3.8849835878e+02	561	5	492	5	34	466	500	0	500	500	500	500	500	0	
3.8899712732e+02	559	4	491	5	52	448	500	0	500	500	500	500	500	0	
3.8949751876e+02	558	7	488	7	55	445	500	0	500	500	500	500	500	0	
3.8999988914e+02	558	6	480	14	59	441	500	0	500	500	500	500	500	0	
3.9049915273e+02	558	5	486	9	56	444	500	0	500	500	500	500	500	0	
3.9099819070e+02	558	5	483	9	37	463	500	0	500	500	500	500	500	0	
3.9149855991e+02	558	7	483	10	56	444	500	0	500	500	500	500	500	0	
3.9199940822e+02	558	8	485	5	48	452	500	0	500	500	500	500	500	0	
3.9249569992e+02	560	6	483	9	46	454	500	0	500	500	500	500	500	0	
3.9299546355e+02	556	9	486	8	43	457	500	0	500	500	500	500	500	0	
3.9349985816e+02	557	8	487	6	32	468	500	0	500	500	500	500	500	0	
3.9399986078e+02	558	6	482	7	34	466	500	0	500	500	500	500	500	0	
3.9449950736e+02	560	7	480	5	38	462	500	0	500	500	500	500	500	0	
3.9499937436e+02	562	4	479	8	45	455	500	0	500	500	500	500	500	0	
3.9549502967e+02	562	5	481	7	60	440	500	0	500	500	500	500	500	0	
3.9599548387e+02	565	5	482	7	36	464	500	0	500	500	500	500	500	0	
3.9649486980e+02	564	9	484	9	44	456	500	0	500	500	500	500	500	0	
3.9699906703e+02	567	7	487	7	54	446	500	0	500	500	500	500	500	0	
3.9749665283e+02	569	6	485	9	40	460	500	0	500	500	500	500	500	0	
3.9799880026e+02	570	5	485	12	48	452	500	0	500	500	500	500	500	0	
3.9849979106e+02	570	5	484	9	51	449	500	0	500	500	500	500	500	0	
3.9899954407e+02	568	7	486	10	46	454	500	0	500	500	500	500	500	0	
3.9949974234e+02	567	8	488	9	60	440	500	0	500	500	500	500	500	0	
3.9999935249e+02	569	7	484	11	56	444	500	0	500	500	500	500	500	0	
4.0049858612e+02	569	7	484	11	53	447	500	0	500	500	500	500	500	0	
4.0099936287e+02	569	6	490	8	42	458	500	0	500	500	500	500	500	0	
4.0149944109e+02	568	6	495	6	31	469	500	0	500	500	500	500	500	0	
4.0199990812e+02	566	7	492	11	36	464	500	0	500	500	500	500	500	0	
4.0249458672e+02	564	9	491	12	32	468	500	0	500	500	500	500	500	0	
4.0299958972e+02	566	8	490	11	47	453	500	0	500	500	500	500	500	0	
4.0349908501e+02	567	7	488	14	48	452	500	0	500	500	500	500	500	0	
4.0399710874e+02	569	5	486	17	36	464	500	0	500	500	500	500	500	0	
4.0449893397e+02	569	6	496	6	40	460	500	0	500	500	500	500	500	0	
4.0499977407e+02	571	3	490	6	58	442	500	0	500	500	500	500	500	0	
4.0549959994e+02	569	3	487	5	35	465	500	0	500	500	500	500	500	0	
4.0599312003e+02	568	4	486	5	38	462	500	0	500	500	500	500	500	0	
4.0649850892e+02	568	5	486	5	31	469	500	0	500	500	500	500	500	0	
4.0699936025e+02	569	5	479	10	54	446	500	0	500	500	500	500	500	0	
4.0749635337e+02	567	6	478	11	44	456	500	0	500	500	500	500	500	0	
4.0799946405e+02	568	7	486	8	41	459	500	0	500	500	500	500	500	0	
4.0849871885e+02	568	7	485	8	40	460	500	0	500	500	500	500	500	0	
4.0899739068e+02	568	6	484	8	46	454	500	0	500	500	500	500	500	0	
4.0949727283e+02	571	3	487	5	35	465	500	0	500	500	500	500	500	0	
4.0999979515e+02	571	3	488	5	42	458	500	0	500	500	500	500	500	0	
4.1049998766e+02	571	3	491	4	38	462	500	0	500	500	500	500	500	0	
4.1099257486e+02	574	2	485	6	41	459	500	0	500	500	500	500	500	0	
4.1149714085e+02	573	6	481	9	39	461	500	0	500	500	500	500	500	0	
4.1199931379e+02	572	7	482	7	64	436	500	0	500	500	500	500	500	0	
4.1249983097e+02	574	5	482	7	64	436	500	0	500	500	500	500	500	0	
4.1299728894e+02	575	5	479	9	42	458	500	0	500	500	500	500	500	0	
4.1349972732e+02	575	5	477	13	40	460	500	0	500	500	500	500	500	0	
4.1399568036e+02	576	7	483	10	29	471	500	0	500	500	500	500	500	0	
4.1449925029e+02	575	8	475	12	53	447	500	0	500	500	500	500	500	0	
4.1499720235e+02	573	9	480	8	55	445	500	0	500	500	500	500	500	0	
4.1549958636e+02	576	6	479	10	54	446	500	0	500	500	500	500	500	0	
4.1599979214e+02	577	7	481	6	42	458	500	0	500	500	500	500	500	0	
4.1649882969e+02	575	8	482	3	50	450	500	0	500	500	500	500	500	0	
4.1699763300e+02	573	8	476	8	50	450	500	0	500	500	500	500	500	0	
4.1749921144e+02	577	6	474	9	60	440	500	0	500	500	500	500	500	0	
4.1799878354e+02	577	6	474	7	45	455	500	0	500	500	500	500	500	0	
4.1849608270e+02	576	8	473	11	38	462	500	0	500	500	500	500	500	0	
4.1899764495e+02	573	9	476	8	38	462	500	0	500	500	500	500	500	0	
4.1949985507e+02	576	6	476	10	24	476	500	0	500	500	500	500	500	0	
4.1999536954e+02	575	8	474	9	42	458	500	0	500	500	500	500	500	0	
4.2049893463e+02	576	6	468	15	66	434	500	0	500	500	500	500	500	0	
4.2099897985e+02	577	6	471	11	53	447	500	0	500	500	500	500	500	0	
4.2149667915e+02	578	4	474	7	45	455	500	0	500	500	500	500	500	0	
4.2198909911e+02	578	4	472	7	48	452	500	0	500	500	500	500	500	0	
4.2249997329e+02	578	3	474	6	31	469	500	0	500	500	500	500	500	0	
4.2299903824e+02	578	5	469	7	67	433	500	0	500	500	500	500	500	0	
4.2349998462e+02	578	6	463	11	36	464	500	0	500	500	500	500	500	0	
4.2399955451e+02	576	9	465	8	39	461	500	0	500	500	500	500	500	0	
4.2449898375e+02	577	8	464	6	43	457	500	0	500	500	500	500	500	0	
4.2499850085e+02	577	9	459	10	53	447	500	0	500	500	500	500	500	0	
4.2549978930e+02	577	9	460	9	51	449	500	0	500	500	500	500	500	0	
4.2599907190e+02	580	7	467	5	63	437	500	0	500	500	500	500	500	0	
4.2649808014e+02	577	10	458	14	51	449	500	0	500	500	500	500	500	0	
4.2699993275e+02	577	10	457	13	47	453	500	0	500	500	500	500	500	0	
4.2749961213e+02	581	8	462	13	50	450	500	0	500	500	500	500	500	0	
4.2799485982e+02	581	8	464	11	54	446	500	0	500	500	500	500	500	0	
4.2849976545e+02	580	8	471	7	68	432	500	0	500	500	500	500	500	0	
4.2899988987e+02	581	7	464	8	49	451	500	0	500	500	500	500	500	0	
4.2949783113e+02	582	7	460	11	38	462	500	0	500	500	500	500	500	0	
4.2999700529e+02	583	7	460	14	60	440	500	0	500	500	500	500	500	0	
4.3049649305e+02	585	6	468	8	41	459	500	0	500	500	500	500	500	0	
4.3099878052e+02	584	6	472	7	31	469	500	0	500	500	500	500	500	0	
4.3149910295e+02	585	4	474	6	49	451	500	0	500	500	500	500	500	0	
4.3199953496e+02	585	6	470	9	52	448	500	0	500	500	500	500	500	0	
4.3249659788e+02	584	8	476	5	41	459	500	0	500	500	500	500	500	0	
4.3299850564e+02	587	6	475	8	67	433	500	0	500	500	500	500	500	0	
4.3349976000e+02	588	5	477	9	39	461	500	0	500	500	500	500	500	0	
4.3399853862e+02	589	4	481	5	51	449	500	0	500	500	500	500	500	0	
4.3449606087e+02	588	5	476	8	33	467	500	0	500	500	500	500	500	0	
4.3499629677e+02	586	7	479	6	40	460	500	0	500	500	500	500	500	0	
4.3549630733e+02	588	6	477	10	46	454	500	0	500	500	500	500	500	0	
4.3599684804e+02	588	4	481	4	46	454	500	0	500	500	500	500	500	0	
4.3649784865e+02	588	5	477	9	45	455	500	0	500	500	500	500	500	0	
4.3699878229e+02	588	4	477	8	30	470	500	0	500	500	500	500	500	0	
4.3749732918e+02	588	6	473	12	31	469	500	0	500	500	500	500	500	0	
4.3799973838e+02	584	8	478	6	41	459	500	0	500	500	500	500	500	0	
4.3849537019e+02	587	6	481	4	46	454	500	0	500	500	500	500	500	0	
4.3899732967e+02	586	7	467	14	37	463	500	0	500	500	500	500	500	0	
4.3949553278e+02	586	8	478	9	42	458	500	0	500	500	500	500	500	0	
4.3999463426e+02	587	7	474	12	38	462	500	0	500	500	500	500	500	0	
4.4049640062e+02	590	4	472	13	54	446	500	0	500	500	500	500	500	0	
4.4099948614e+02	592	4	470	13	37	463	500	0	500	500	500	500	500	0	
4.4149839977e+02	591	5	479	6	48	452	500	0	500	500	500	500	500	0	
4.4199911255e+02	589	6	474	13	39	461	500	0	500	500	500	500	500	0	
4.4249947388e+02	590	7	479	6	54	446	500	0	500	500	500	500	500	0	
4.4299830760e+02	589	9	480	8	44	456	500	0	500	500	500	500	500	0	
4.4349727782e+02	589	10	478	10	44	456	500	0	500	500	500	500	500	0	
4.4399875293e+02	589	10	476	9	42	458	500	0	500	500	500	500	500	0	
4.4449756404e+02	591	8	476	6	27	473	500	0	500	500	500	500	500	0	
4.4499810940e+02	590	11	475	6	43	457	500	0	500	500	500	500	500	0	
4.4549914596e+02	596	5	475	7	47	453	500	0	500	500	500	500	500	0	
4.4599368713e+02	593	6	470	9	45	455	500	0	500	500	500	500	500	0	
4.4649817136e+02	590	9	472	9	38	462	500	0	500	500	500	500	500	0	
4.4699907263e+02	593	8	475	6	50	450	500	0	500	500	500	500	500	0	
4.4749712449e+02	593	10	469	14	41	459	500	0	500	500	500	500	500	0	
4.4799889312e+02	597	7	471	11	43	457	500	0	500	500	500	500	500	0	
4.4849771053e+02	598	10	469	11	49	451	500	0	500	500	500	500	500	0	
4.4899942047e+02	596	11	472	10	50	450	500	0	500	500	500	500	500	0	
4.4949777903e+02	597	9	471	13	40	460	500	0	500	500	500	500	500	0	
4.4999716975e+02	594	11	461	23	44	456	500	0	500	500	500	500	500	0	
4.5049965092e+02	595	14	459	25	47	453	500	0	500	500	500	500	500	0	
4.5099896477e+02	594	15	455	29	51	449	500	0	500	500	500	500	500	0	
4.5149771171e+02	593	16	462	19	47	453	500	0	500	500	500	500	500	0	
4.5199910351e+02	595	14	462	18	37	463	500	0	500	500	500	500	500	0	
4.5249996739e+02	595	13	463	17	47	453	500	0	500	500	500	500	500	0	
4.5299732863e+02	595	13	459	20	48	452	500	0	500	500	500	500	500	0	
4.5349895511e+02	597	12	464	17	45	455	500	0	500	500	500	500	500	0	
4.5399981427e+02	599	10	465	16	60	440	500	0	500	500	500	500	500	0	
4.5449542812e+02	596	14	465	19	59	441	500	0	500	500	500	500	500	0	
4.5499938630e+02	598	15	471	16	33	467	500	0	500	500	500	500	500	0	
4.5549535124e+02	596	15	474	13	53	447	500	0	500	500	500	500	500	0	
4.5599579937e+02	602	10	479	11	45	455	500	0	500	500	500	500	500	0	
4.5649999518e+02	600	9	475	12	42	458	500	0	500	500	500	500	500	0	
4.5699997837e+02	601	7	471	12	51	449	500	0	500	500	500	500	500	0	
4.5749612504e+02	601	7	469	14	42	458	500	0	500	500	500	500	500	0	
4.5799812552e+02	600	7	470	13	24	476	500	0	500	500	500	500	500	0	
4.5849704556e+02	603	4	474	9	28	472	500	0	500	500	500	500	500	0	
4.5899908483e+02	602	4	479	5	32	468	500	0	500	500	500	500	500	0	
4.5949867405e+02	602	4	478	8	37	463	500	0	500	500	500	500	500	0	
4.5999938851e+02	602	6	472	13	26	474	500	0	500	500	500	500	500	0	
4.6049679483e+02	604	4	478	8	40	460	500	0	500	500	500	500	500	0	
4.6099934668e+02	605	3	481	5	37	463	500	0	500	500	500	500	500	0	
4.6149862580e+02	606	3	478	10	36	464	500	0	500	500	500	500	500	0	
4.6199956025e+02	607	4	482	8	52	448	500	0	500	500	500	500	500	0	
4.6249910796e+02	605	5	484	7	47	453	500	0	500	500	500	500	500	0	
4.6299916524e+02	607	3	487	3	45	455	500	0	500	500	500	500	500	0	
4.6349884437e+02	605	3	478	8	52	448	500	0	500	500	500	500	500	0	
4.6399620107e+02	606	4	479	7	53	447	500	0	500	500	500	500	500	0	
4.6449395770e+02	607	3	476	9	47	453	500	0	500	500	500	500	500	0	
4.6499481309e+02	603	6	471	13	44	456	500	0	500	500	500	500	500	0	
4.6549902966e+02	601	10	471	12	54	446	500	0	500	500	500	500	500	0	
4.6599835194e+02	602	11	464	18	57	443	500	0	500	500	500	500	500	0	
4.6649819577e+02	603	12	471	12	58	442	500	0	500	500	500	500	500	0	
4.6699783614e+02	607	8	478	4	37	463	500	0	500	500	500	500	500	0	
4.6749981985e+02	607	8	467	12	49	451	500	0	500	500	500	500	500	0	
4.6799877994e+02	607	10	472	9	35	465	500	0	500	500	500	500	500	0	
4.6849846537e+02	611	7	470	9	58	442	500	0	500	500	500	500	500	0	
4.6899796869e+02	610	8	469	8	43	457	500	0	500	500	500	500	500	0	
4.6949857520e+02	611	7	465	13	59	441	500	0	500	500	500	500	500	0	
4.6999924769e+02	610	8	471	10	49	451	500	0	500	500	500	500	500	0	
4.7049880779e+02	610	8	464	17	48	452	500	0	500	500	500	500	500	0	
4.7099924638e+02	610	9	463	17	53	447	500	0	500	500	500	500	500	0	
4.7149743931e+02	609	10	462	19	42	458	500	0	500	500	500	500	500	0	
4.7199912196e+02	609	10	456	23	60	440	500	0	500	500	500	500	500	0	
4.7249965104e+02	610	10	457	21	49	451	500	0	500	500	500	500	500	0	
4.7299856234e+02	611	8	464	15	48	452	500	0	500	500	500	500	500	0	
4.7349591881e+02	613	9	469	10	34	466	500	0	500	500	500	500	500	0	
4.7399905330e+02	616	8	464	15	35	465	500	0	500	500	500	500	500	0	
4.7449886680e+02	614	8	470	12	37	463	500	0	500	500	500	500	500	0	
4.7499673923e+02	614	8	470	10	51	449	500	0	500	500	500	500	500	0	
4.7549807200e+02	611	10	476	4	41	459	500	0	500	500	500	500	500	0	
4.7599956160e+02	613	7	476	4	37	463	500	0	500	500	500	500	500	0	
4.7649837211e+02	613	6	474	8	40	460	500	0	500	500	500	500	500	0	
4.7699927699e+02	614	8	479	6	50	450	500	0	500	500	500	500	500	0	
4.7749902577e+02	618	3	482	5	53	447	500	0	500	500	500	500	500	0	
4.7799670137e+02	621	1	480	7	54	446	500	0	500	500	500	500	500	0	
4.7849513609e+02	620	4	482	7	35	465	500	0	500	500	500	500	500	0	
4.7899944065e+02	617	7	477	13	50	450	500	0	500	500	500	500	500	0	
4.7949958715e+02	617	8	478	11	39	461	500	0	500	500	500	500	500	0	
4.7999452570e+02	615	9	479	11	67	433	500	0	500	500	500	500	500	0	
4.8049901522e+02	616	8	482	10	58	442	500	0	500	500	500	500	500	0	
4.8099907334e+02	616	9	482	15	42	458	500	0	500	500	500	500	500	0	
4.8149861194e+02	619	7	490	10	40	460	500	0	500	500	500	500	500	0	
4.8199972629e+02	619	8	493	8	57	443	500	0	500	500	500	500	500	0	
4.8249142831e+02	621	9	495	8	48	452	500	0	500	500	500	500	500	0	
4.8299692312e+02	621	9	494	10	50	450	500	0	500	500	500	500	500	0	
4.8349994143e+02	622	9	481	21	42	458	500	0	500	500	500	500	500	0	
4.8399861513e+02	623	8	485	17	52	448	500	0	500	500	500	500	500	0	
4.8449914844e+02	621	10	501	10	52	448	500	0	500	500	500	500	500	0	
4.8499913446e+02	622	11	497	15	47	453	500	0	500	500	500	500	500	0	
4.8549915518e+02	619	13	496	19	66	434	500	0	500	500	500	500	500	0	
4.8599988047e+02	620	13	491	23	43	457	500	0	500	500	500	500	500	0	
4.8649956509e+02	621	15	495	19	48	452	500	0	500	500	500	500	500	0	
4.8699915686e+02	623	13	496	17	37	463	500	0	500	500	500	500	500	0	
4.8749680554e+02	626	14	488	22	52	448	500	0	500	500	500	500	500	0	
4.8799431725e+02	628	11	491	19	59	441	500	0	500	500	500	500	500	0	
4.8849990006e+02	630	10	500	11	38	462	500	0	500	500	500	500	500	0	
4.8899963038e+02	631	10	502	9	42	458	500	0	500	500	500	500	500	0	
4.8949991888e+02	632	8	504	8	37	463	500	0	500	500	500	500	500	0	
4.8999961816e+02	633	9	496	13	40	460	500	0	500	500	500	500	500	0	
4.9049994080e+02	628	14	498	13	39	461	500	0	500	500	500	500	500	0	
4.9099764256e+02	631	12	498	12	51	449	500	0	500	500	500	500	500	0	
4.9149309520e+02	634	10	494	15	43	457	500	0	500	500	500	500	500	0	
4.9199954733e+02	631	14	491	19	56	444	500	0	500	500	500	500	500	0	
4.9249943397e+02	632	13	498	11	53	447	500	0	500	500	500	500	500	0	
4.9299934772e+02	636	11	498	10	49	451	500	0	500	500	500	500	500	0	
4.9349818774e+02	639	8	493	15	23	477	500	0	500	500	500	500	500	0	
4.9399999434e+02	638	10	498	7	35	465	500	0	500	500	500	500	500	0	
4.9449962158e+02	640	8	493	13	46	454	500	0	500	500	500	500	500	0	
4.9499960274e+02	641	9	490	11	35	465	500	0	500	500	500	500	500	0	
4.9549864011e+02	645	7	489	11	40	460	500	0	500	500	500	500	500	0	
4.9599950626e+02	643	12	485	13	32	468	500	0	500	500	500	500	500	0	
4.9649986644e+02	642	13	481	16	43	457	500	0	500	500	500	500	500	0	
4.9699619798e+02	646	9	479	18	49	451	500	0	500	500	500	500	500	0	
4.9749895422e+02	646	10	478	18	46	454	500	0	500	500	500	500	500	0	
4.9799945949e+02	647	11	477	14	55	445	500	0	500	500	500	500	500	0	
4.9849876749e+02	648	10	480	10	42	458	500	0	500	500	500	500	500	0	
4.9899968994e+02	646	12	479	10	55	445	500	0	500	500	500	500	500	0	
4.9949933418e+02	646	14	475	12	53	447	500	0	500	500	500	500	500	0	
4.9999891047e+02	645	15	475	15	59	441	500	0	500	500	500	500	500	0	
5.0000307275e+02	645	15	475	15	58	442	500	0	500	500	500	500	500	0	
