0.0000000000e+00	0	0	0	0	0	500	500	0	500	500	0	0	0	0	
3.3679819252e-01	0	0	5	0	0	500	500	0	500	500	0	0	0	0	
9.1334577865e-01	0	0	6	0	0	500	500	0	500	500	0	0	0	0	
1.3305227942e+00	0	1	8	0	0	500	500	0	500	500	0	0	0	0	
1.9313000399e+00	1	1	11	0	1	499	500	0	500	500	0	0	0	0	
2.4115936446e+00	2	1	15	0	1	499	500	0	500	500	0	0	0	0	
2.5289670892e+00	2	1	16	0	0	500	500	0	500	500	0	0	0	0	
3.4774751656e+00	2	1	16	0	0	500	500	0	500	500	0	0	0	0	
3.9886289314e+00	2	2	18	0	0	500	500	0	500	500	0	0	0	0	
4.4564225388e+00	2	3	17	1	0	500	500	0	500	500	0	0	0	0	
4.9930299193e+00	2	4	16	4	0	500	500	0	500	500	0	0	0	0	
5.4691924125e+00	2	4	19	3	1	499	500	0	500	500	0	0	0	0	
5.9469718419e+00	3	3	24	1	0	500	500	0	500	500	0	0	0	0	
6.4772293614e+00	5	2	26	0	1	499	500	0	500	500	0	0	0	0	
6.9592734950e+00	7	2	29	0	1	499	500	0	500	500	0	0	0	0	
7.4447840169e+00	7	3	30	0	3	497	500	0	500	500	0	0	0	0	
7.9008488822e+00	7	3	31	0	2	498	500	0	500	500	0	0	0	0	
8.4877224382e+00	8	5	33	1	0	500	500	0	500	500	0	0	0	0	
8.9908834875e+00	8	5	37	1	4	496	500	0	500	500	0	0	0	0	
9.4769500531e+00	9	5	35	3	3	497	500	0	500	500	0	0	0	0	
9.9798000746e+00	10	5	39	3	2	498	500	0	500	500	0	0	0	0	
1.0494780813e+01	11	5	39	7	2	498	500	0	500	500	0	0	0	0	
1.0987243794e+01	11	7	45	5	4	496	500	0	500	500	0	0	0	0	
1.1497336390e+01	12	7	48	4	5	495	500	0	500	500	0	0	0	0	
1.1986320005e+01	13	6	52	2	3	497	500	0	500	500	0	0	0	0	
1.2472349808e+01	15	5	50	4	5	495	500	0	500	500	0	0	0	0	
1.2987783736e+01	16	4	53	3	2	498	500	0	500	500	0	0	0	0	
1.3469703525e+01	18	3	58	0	0	500	500	0	500	500	0	0	0	0	
1.3983680498e+01	19	2	61	0	3	497	500	0	500	500	0	0	0	0	
1.4481024786e+01	18	2	62	0	1	499	500	0	500	500	0	0	0	0	
1.4879400959e+01	18	5	63	1	0	500	500	0	500	500	0	0	0	0	
1.5490392403e+01	20	4	62	3	1	499	500	0	500	500	0	0	0	0	
1.5956930259e+01	21	3	65	4	1	499	500	0	500	500	0	0	0	0	
1.6495899256e+01	20	5	67	1	4	496	500	0	500	500	0	0	0	0	
1.6982503613e+01	20	5	71	2	1	499	500	0	500	500	0	0	0	0	
1.7496379071e+01	21	5	74	2	3	497	500	0	500	500	0	0	0	0	
1.7961846220e+01	22	9	76	3	2	498	500	0	500	500	0	0	0	0	
1.8483873771e+01	24	7	76	4	3	497	500	0	500	500	0	0	0	0	
1.8912741123e+01	27	4	79	2	3	497	500	0	500	500	0	0	0	0	
1.9491227685e+01	27	7	78	4	5	495	500	0	500	500	0	0	0	0	
1.9978106011e+01	29	6	81	4	4	496	500	0	500	500	0	0	0	0	
2.0484828642e+01	32	3	85	4	2	498	500	0	500	500	0	0	0	0	
2.0980994172e+01	33	2	89	3	1	499	500	0	500	500	0	0	0	0	
2.1472479207e+01	33	3	93	1	1	499	500	0	500	500	0	0	0	0	
2.1986161472e+01	33	6	96	2	5	495	500	0	500	500	0	0	0	0	
2.2496566658e+01	36	4	96	5	5	495	500	0	500	500	0	0	0	0	
2.2982664266e+01	36	5	99	7	5	495	500	0	500	500	0	0	0	0	
2.3496266526e+01	38	3	108	3	2	498	500	0	500	500	0	0	0	0	
2.3969337252e+01	39	2	108	4	1	499	500	0	500	500	0	0	0	0	
2.4435454585e+01	40	1	107	5	1	499	500	0	500	500	0	0	0	0	
2.4971651720e+01	40	3	109	4	2	498	500	0	500	500	0	0	0	0	
2.5476194371e+01	41	4	114	1	2	498	500	0	500	500	0	0	0	0	
2.5989714791e+01	41	4	112	2	1	499	500	0	500	500	0	0	0	0	
2.6486016608e+01	42	4	112	4	2	498	500	0	500	500	0	0	0	0	
2.6979688379e+01	42	6	113	4	2	498	500	0	500	500	0	0	0	0	
2.7492432738e+01	43	7	113	7	2	498	500	0	500	500	0	0	0	0	
2.7997340988e+01	45	8	112	10	5	495	500	0	500	500	0	0	0	0	
2.8480208324e+01	47	6	114	9	4	496	500	0	500	500	0	0	0	0	
2.8988038632e+01	49	4	117	9	6	494	500	0	500	500	0	0	0	0	
2.9473380986e+01	53	2	124	6	5	495	500	0	500	500	0	0	0	0	
2.9968349479e+01	53	5	127	7	0	500	500	0	500	500	0	0	0	0	
3.0468402612e+01	54	4	132	4	0	500	500	0	500	500	0	0	0	0	
3.0892250952e+01	54	4	133	2	0	500	500	0	500	500	0	0	0	0	
3.1496229510e+01	54	6	131	7	3	497	500	0	500	500	0	0	0	0	
3.1993559601e+01	56	5	132	5	0	500	500	0	500	500	0	0	0	0	
3.2479422584e+01	56	7	131	7	1	499	500	0	500	500	0	0	0	0	
3.2992547992e+01	57	8	126	11	4	496	500	0	500	500	0	0	0	0	
3.3477605859e+01	61	6	133	4	2	498	500	0	500	500	0	0	0	0	
3.3969761940e+01	62	5	131	7	3	497	500	0	500	500	0	0	0	0	
3.4439972686e+01	63	5	135	3	1	499	500	0	500	500	0	0	0	0	
3.4978760721e+01	63	6	137	2	3	497	500	0	500	500	0	0	0	0	
3.5490082217e+01	65	6	131	7	6	494	500	0	500	500	0	0	0	0	
3.5997171511e+01	67	5	133	5	2	498	500	0	500	500	0	0	0	0	
3.6476026729e+01	67	5	136	4	1	499	500	0	500	500	0	0	0	0	
3.6965906981e+01	69	3	136	5	2	498	500	0	500	500	0	0	0	0	
3.7487650291e+01	69	4	139	3	3	497	500	0	500	500	0	0	0	0	
3.7991867684e+01	70	3	145	2	0	500	500	0	500	500	0	0	0	0	
3.8474832136e+01	72	1	148	0	0	500	500	0	500	500	0	0	0	0	
3.8991591643e+01	72	2	150	2	1	499	500	0	500	500	0	0	0	0	
3.9458769996e+01	73	1	151	1	0	500	500	0	500	500	0	0	0	0	
3.9973019285e+01	73	1	154	1	0	500	500	0	500	500	0	0	0	0	
4.0495279575e+01	73	2	156	0	1	499	500	0	500	500	0	0	0	0	
4.0957051608e+01	73	3	158	0	1	499	500	0	500	500	0	0	0	0	
4.1499284358e+01	73	4	158	1	3	497	500	0	500	500	0	0	0	0	
4.1987839884e+01	73	5	160	1	2	498	500	0	500	500	0	0	0	0	
4.2490941697e+01	74	5	160	3	3	497	500	0	500	500	0	0	0	0	
4.2941970673e+01	75	6	160	4	3	497	500	0	500	500	0	0	0	0	
4.3463685840e+01	75	7	166	1	2	498	500	0	500	500	0	0	0	0	
4.3993435793e+01	75	8	169	0	7	493	500	0	500	500	0	0	0	0	
4.4492230938e+01	77	6	165	3	6	494	500	0	500	500	0	0	0	0	
4.4995969611e+01	78	6	162	4	0	500	500	0	500	500	0	0	0	0	
4.5480651879e+01	79	5	155	7	5	495	500	0	500	500	0	0	0	0	
4.5995958896e+01	82	2	155	9	0	500	500	0	500	500	0	0	0	0	
4.6488039919e+01	82	2	159	7	2	498	500	0	500	500	0	0	0	0	
4.6978938785e+01	83	1	168	1	0	500	500	0	500	500	0	0	0	0	
4.7476989359e+01	83	3	173	0	1	499	500	0	500	500	0	0	0	0	
4.7987773025e+01	84	2	175	1	3	497	500	0	500	500	0	0	0	0	
4.8487332167e+01	84	3	173	2	0	500	500	0	500	500	0	0	0	0	
4.8989157847e+01	84	3	173	5	0	500	500	0	500	500	0	0	0	0	
4.9491921255e+01	84	4	175	7	4	496	500	0	500	500	0	0	0	0	
4.9989959680e+01	84	4	184	4	4	496	500	0	500	500	0	0	0	0	
5.0475980702e+01	83	4	184	4	1	499	500	0	500	500	0	0	0	0	
5.0944786224e+01	86	1	187	4	3	497	500	0	500	500	0	0	0	0	
5.1495900175e+01	87	1	191	2	0	500	500	0	500	500	0	0	0	0	
5.1924191621e+01	87	2	196	1	0	500	500	0	500	500	0	0	0	0	
5.2470477299e+01	88	1	198	0	1	499	500	0	500	500	0	0	0	0	
5.2987175852e+01	89	4	193	5	3	497	500	0	500	500	0	0	0	0	
5.3488160402e+01	92	5	198	4	3	497	500	0	500	500	0	0	0	0	
5.3994153514e+01	92	6	201	4	1	499	500	0	500	500	0	0	0	0	
5.4494361075e+01	94	4	203	5	1	499	500	0	500	500	0	0	0	0	
5.4986540019e+01	94	5	208	2	1	499	500	0	500	500	0	0	0	0	
5.5475349581e+01	95	6	209	2	1	499	500	0	500	500	0	0	0	0	
5.5999690606e+01	97	5	208	4	3	497	500	0	500	500	0	0	0	0	
5.6443752861e+01	99	3	213	2	0	500	500	0	500	500	0	0	0	0	
5.6997026495e+01	98	6	206	11	2	498	500	0	500	500	0	0	0	0	
5.7445042226e+01	99	5	213	5	3	497	500	0	500	500	0	0	0	0	
5.7993993795e+01	101	5	214	3	2	498	500	0	500	500	0	0	0	0	
5.8478353020e+01	103	6	210	8	0	500	500	0	500	500	0	0	0	0	
5.8946867317e+01	105	7	216	5	3	497	500	0	500	500	0	0	0	0	
5.9474501240e+01	105	8	221	5	1	499	500	0	500	500	0	0	0	0	
5.9986142262e+01	106	11	220	7	2	498	500	0	500	500	0	0	0	0	
6.0483869415e+01	106	11	219	11	5	495	500	0	500	500	0	0	0	0	
6.0982381204e+01	108	10	223	6	2	498	500	0	500	500	0	0	0	0	
6.1499703503e+01	108	11	224	7	9	491	500	0	500	500	0	0	0	0	
6.1981472089e+01	110	10	225	9	4	496	500	0	500	500	0	0	0	0	
6.2491737708e+01	114	7	223	11	3	497	500	0	500	500	0	0	0	0	
6.2997576047e+01	115	8	224	13	7	493	500	0	500	500	0	0	0	0	
6.3496415377e+01	118	5	235	5	2	498	500	0	500	500	0	0	0	0	
6.3989321812e+01	119	5	232	9	4	496	500	0	500	500	0	0	0	0	
6.4498556912e+01	121	5	236	4	2	498	500	0	500	500	0	0	0	0	
6.4992929054e+01	122	5	239	3	2	498	500	0	500	500	0	0	0	0	
6.5485152858e+01	123	5	238	6	2	498	500	0	500	500	0	0	0	0	
6.5995597411e+01	124	4	238	6	6	494	500	0	500	500	0	0	0	0	
6.6490983116e+01	122	5	244	4	6	494	500	0	500	500	0	0	0	0	
6.6993190539e+01	123	4	250	1	5	495	500	0	500	500	0	0	0	0	
6.7495913231e+01	124	4	249	3	3	497	500	0	500	500	0	0	0	0	
6.7935504975e+01	125	3	249	4	0	500	500	0	500	500	0	0	0	0	
6.8427845542e+01	125	4	256	1	1	499	500	0	500	500	0	0	0	0	
6.8991521786e+01	127	2	256	4	4	496	500	0	500	500	0	0	0	0	
6.9499445591e+01	126	4	254	7	1	499	500	0	500	500	0	0	0	0	
6.9985494005e+01	125	6	255	6	1	499	500	0	500	500	0	0	0	0	
7.0494595573e+01	127	4	255	7	3	497	500	0	500	500	0	0	0	0	
7.0961660841e+01	129	3	259	5	3	497	500	0	500	500	0	0	0	0	
7.1488038164e+01	128	4	260	5	3	497	500	0	500	500	0	0	0	0	
7.1992921808e+01	129	4	266	2	2	498	500	0	500	500	0	0	0	0	
7.2454276855e+01	130	3	269	1	1	499	500	0	500	500	0	0	0	0	
7.2967733777e+01	130	6	264	6	4	496	500	0	500	500	0	0	0	0	
7.3497791671e+01	131	5	268	6	1	499	500	0	500	500	0	0	0	0	
7.3996712250e+01	132	6	272	2	0	500	500	0	500	500	0	0	0	0	
7.4427496672e+01	133	6	271	5	3	497	500	0	500	500	0	0	0	0	
7.4979410405e+01	134	5	278	2	1	499	500	0	500	500	0	0	0	0	
7.5469707173e+01	135	5	276	5	1	499	500	0	500	500	0	0	0	0	
7.5952861051e+01	135	5	278	5	2	498	500	0	500	500	0	0	0	0	
7.6497233642e+01	136	4	277	6	3	497	500	0	500	500	0	0	0	0	
7.6999909120e+01	136	6	279	7	4	496	500	0	500	500	0	0	0	0	
7.7496382898e+01	136	6	280	5	2	498	500	0	500	500	0	0	0	0	
7.7978575803e+01	139	4	281	4	3	497	500	0	500	500	0	0	0	0	
7.8448565427e+01	139	6	282	4	5	495	500	0	500	500	0	0	0	0	
7.8977776606e+01	140	5	282	4	4	496	500	0	500	500	0	0	0	0	
7.9480242769e+01	140	7	280	7	2	498	500	0	500	500	0	0	0	0	
7.9988815440e+01	141	9	281	7	6	494	500	0	500	500	0	0	0	0	
8.0462526081e+01	140	10	281	10	6	494	500	0	500	500	0	0	0	0	
8.0985947023e+01	141	9	277	16	7	493	500	0	500	500	0	0	0	0	
8.1491711717e+01	143	7	287	6	1	499	500	0	500	500	0	0	0	0	
8.1937003759e+01	143	8	290	6	1	499	500	0	500	500	0	0	0	0	
8.2489460696e+01	144	8	288	6	2	498	500	0	500	500	0	0	0	0	
8.2979794022e+01	144	8	286	7	4	496	500	0	500	500	0	0	0	0	
8.3472702683e+01	145	7	291	4	2	498	500	0	500	500	0	0	0	0	
8.3985736905e+01	146	7	294	3	2	498	500	0	500	500	0	0	0	0	
8.4495723164e+01	145	8	287	9	4	496	500	0	500	500	0	0	0	0	
8.4999748697e+01	146	7	297	3	4	496	500	0	500	500	0	0	0	0	
8.5466712317e+01	146	8	296	7	5	495	500	0	500	500	0	0	0	0	
8.5957867464e+01	147	7	295	9	2	498	500	0	500	500	0	0	0	0	
8.6484272422e+01	148	5	296	5	3	497	500	0	500	500	0	0	0	0	
8.6993188205e+01	149	7	294	9	5	495	500	0	500	500	0	0	0	0	
8.7494233164e+01	151	5	301	7	3	497	500	0	500	500	0	0	0	0	
8.7995807227e+01	150	6	306	5	3	497	500	0	500	500	0	0	0	0	
8.8477235428e+01	149	6	305	5	8	492	500	0	500	500	0	0	0	0	
8.8996702686e+01	151	4	303	5	2	498	500	0	500	500	0	0	0	0	
8.9467929498e+01	152	5	303	6	2	498	500	0	500	500	0	0	0	0	
8.9984229513e+01	151	10	306	5	3	497	500	0	500	500	0	0	0	0	
9.0489060758e+01	152	10	303	11	2	498	500	0	500	500	0	0	0	0	
9.0955063320e+01	156	6	309	7	6	494	500	0	500	500	0	0	0	0	
9.1481470338e+01	157	6	306	11	5	495	500	0	500	500	0	0	0	0	
9.1986529654e+01	157	7	303	13	4	496	500	0	500	500	0	0	0	0	
9.2493410697e+01	157	8	301	16	3	497	500	0	500	500	0	0	0	0	
9.2992412777e+01	160	8	301	16	4	496	500	0	500	500	0	0	0	0	
9.3477924295e+01	162	8	301	17	3	497	500	0	500	500	0	0	0	0	
9.3989888758e+01	164	9	304	11	8	492	500	0	500	500	0	0	0	0	
9.4497097189e+01	163	10	303	13	3	497	500	0	500	500	0	0	0	0	
9.4980274467e+01	167	6	304	12	4	496	500	0	500	500	0	0	0	0	
9.5492610644e+01	166	6	302	14	6	494	500	0	500	500	0	0	0	0	
9.5984750475e+01	168	4	301	12	3	497	500	0	500	500	0	0	0	0	
9.6498228902e+01	168	6	306	10	3	497	500	0	500	500	0	0	0	0	
9.6990199424e+01	169	6	303	12	5	495	500	0	500	500	0	0	0	0	
9.7481576134e+01	170	5	311	7	2	498	500	0	500	500	0	0	0	0	
9.7994983507e+01	174	4	314	6	1	499	500	0	500	500	0	0	0	0	
9.8499669449e+01	172	9	313	7	5	495	500	0	500	500	0	0	0	0	
9.8995720861e+01	174	7	315	8	6	494	500	0	500	500	0	0	0	0	
9.9489953777e+01	175	6	322	3	2	498	500	0	500	500	0	0	0	0	
9.9998324221e+01	177	5	324	2	3	497	500	0	500	500	0	0	0	0	
1.0049955115e+02	178	5	317	7	2	498	500	0	500	500	0	0	0	0	
1.0097709023e+02	180	3	316	7	1	499	500	0	500	500	0	0	0	0	
1.0149791764e+02	180	6	311	9	5	495	500	0	500	500	0	0	0	0	
1.0199771309e+02	179	8	314	9	7	493	500	0	500	500	0	0	0	0	
1.0249064981e+02	181	9	314	11	3	497	500	0	500	500	0	0	0	0	
1.0299868137e+02	184	6	308	15	3	497	500	0	500	500	0	0	0	0	
1.0347635872e+02	183	7	310	14	6	494	500	0	500	500	0	0	0	0	
1.0398717342e+02	184	6	311	13	4	496	500	0	500	500	0	0	0	0	
1.0447002685e+02	184	6	318	6	3	497	500	0	500	500	0	0	0	0	
1.0499933840e+02	186	8	317	7	5	495	500	0	500	500	0	0	0	0	
1.0549635647e+02	188	7	318	9	8	492	500	0	500	500	0	0	0	0	
1.0598897095e+02	189	7	319	7	7	493	500	0	500	500	0	0	0	0	
1.0648348595e+02	191	6	315	13	3	497	500	0	500	500	0	0	0	0	
1.0698513048e+02	192	5	324	6	5	495	500	0	500	500	0	0	0	0	
1.0749779773e+02	192	8	324	7	6	494	500	0	500	500	0	0	0	0	
1.0799905288e+02	195	7	329	5	4	496	500	0	500	500	0	0	0	0	
1.0849855128e+02	198	6	326	9	1	499	500	0	500	500	0	0	0	0	
1.0897632003e+02	198	6	328	9	2	498	500	0	500	500	0	0	0	0	
1.0949164054e+02	196	7	327	8	6	494	500	0	500	500	0	0	0	0	
1.0998997107e+02	197	8	333	4	3	497	500	0	500	500	0	0	0	0	
1.1049577966e+02	195	8	328	8	2	498	500	0	500	500	0	0	0	0	
1.1099726909e+02	195	10	325	12	3	497	500	0	500	500	0	0	0	0	
1.1145182721e+02	198	10	330	9	3	497	500	0	500	500	0	0	0	0	
1.1199509847e+02	199	9	330	12	3	497	500	0	500	500	0	0	0	0	
1.1249223936e+02	201	9	337	9	2	498	500	0	500	500	0	0	0	0	
1.1298823543e+02	201	11	332	17	6	494	500	0	500	500	0	0	0	0	
1.1348994917e+02	204	9	337	13	3	497	500	0	500	500	0	0	0	0	
1.1399622010e+02	203	10	349	6	9	491	500	0	500	500	0	0	0	0	
1.1449961220e+02	203	10	349	9	5	495	500	0	500	500	0	0	0	0	
1.1499975152e+02	202	13	345	13	6	494	500	0	500	500	0	0	0	0	
1.1548526342e+02	204	10	353	7	6	494	500	0	500	500	0	0	0	0	
1.1598496732e+02	205	12	355	7	6	494	500	0	500	500	0	0	0	0	
1.1648663749e+02	209	10	354	11	7	493	500	0	500	500	0	0	0	0	
1.1699682884e+02	211	10	354	12	10	490	500	0	500	500	0	0	0	0	
1.1749609291e+02	212	9	358	8	6	494	500	0	500	500	0	0	0	0	
1.1799569069e+02	213	8	356	9	4	496	500	0	500	500	0	0	0	0	
1.1848323299e+02	210	10	357	12	8	492	500	0	500	500	0	0	0	0	
1.1899560482e+02	210	11	358	13	5	495	500	0	500	500	0	0	0	0	
1.1941304538e+02	216	6	353	15	3	497	500	0	500	500	0	0	0	0	
1.1999619832e+02	217	4	358	11	3	497	500	0	500	500	0	0	0	0	
1.2049885290e+02	216	5	363	8	5	495	500	0	500	500	0	0	0	0	
1.2098752563e+02	218	4	364	9	3	497	500	0	500	500	0	0	0	0	
1.2148090581e+02	216	6	361	9	1	499	500	0	500	500	0	0	0	0	
1.2199424706e+02	216	5	362	10	4	496	500	0	500	500	0	0	0	0	
1.2244728377e+02	216	7	365	8	2	498	500	0	500	500	0	0	0	0	
1.2299682075e+02	217	6	362	12	4	496	500	0	500	500	0	0	0	0	
1.2348948018e+02	217	6	361	14	4	496	500	0	500	500	0	0	0	0	
1.2399654086e+02	215	10	367	9	4	496	500	0	500	500	0	0	0	0	
1.2449292594e+02	217	9	363	12	1	499	500	0	500	500	0	0	0	0	
1.2499219126e+02	220	8	363	12	11	489	500	0	500	500	0	0	0	0	
1.2549131494e+02	222	6	366	10	5	495	500	0	500	500	0	0	0	0	
1.2598872272e+02	223	5	365	11	2	498	500	0	500	500	0	0	0	0	
1.2649492255e+02	222	5	364	12	2	498	500	0	500	500	0	0	0	0	
1.2699104031e+02	222	8	358	18	3	497	500	0	500	500	0	0	0	0	
1.2749305778e+02	223	9	359	18	8	492	500	0	500	500	0	0	0	0	
1.2797631954e+02	222	11	366	11	7	493	500	0	500	500	0	0	0	0	
1.2849910493e+02	226	8	363	14	8	492	500	0	500	500	0	0	0	0	
1.2898644422e+02	227	6	368	11	3	497	500	0	500	500	0	0	0	0	
1.2949754486e+02	228	5	366	12	4	496	500	0	500	500	0	0	0	0	
1.2999656847e+02	227	6	368	10	3	497	500	0	500	500	0	0	0	0	
1.3049100114e+02	228	5	374	6	2	498	500	0	500	500	0	0	0	0	
1.3097188123e+02	231	3	379	4	0	500	500	0	500	500	0	0	0	0	
1.3147888223e+02	231	2	381	5	2	498	500	0	500	500	0	0	0	0	
1.3196552861e+02	231	2	385	4	2	498	500	0	500	500	0	0	0	0	
1.3245500744e+02	233	1	385	3	2	498	500	0	500	500	0	0	0	0	
1.3298921732e+02	232	3	382	7	1	499	500	0	500	500	0	0	0	0	
1.3345932896e+02	232	3	383	5	2	498	500	0	500	500	0	0	0	0	
1.3397773899e+02	231	4	380	11	3	497	500	0	500	500	0	0	0	0	
1.3447316512e+02	229	6	386	7	4	496	500	0	500	500	0	0	0	0	
1.3499900502e+02	231	4	386	7	4	496	500	0	500	500	0	0	0	0	
1.3547781402e+02	231	4	382	11	1	499	500	0	500	500	0	0	0	0	
1.3597979592e+02	231	6	388	7	1	499	500	0	500	500	0	0	0	0	
1.3648503964e+02	232	5	383	14	3	497	500	0	500	500	0	0	0	0	
1.3694112722e+02	234	3	398	4	2	498	500	0	500	500	0	0	0	0	
1.3743874101e+02	234	3	396	5	4	496	500	0	500	500	0	0	0	0	
1.3798838599e+02	234	4	394	6	3	497	500	0	500	500	0	0	0	0	
1.3849388752e+02	235	3	391	8	1	499	500	0	500	500	0	0	0	0	
1.3898655680e+02	235	3	388	9	2	498	500	0	500	500	0	0	0	0	
1.3948317323e+02	237	2	390	8	1	499	500	0	500	500	0	0	0	0	
1.3993011053e+02	235	5	393	4	5	495	500	0	500	500	0	0	0	0	
1.4046255349e+02	237	4	394	3	0	500	500	0	500	500	0	0	0	0	
1.4099208277e+02	238	7	391	7	7	493	500	0	500	500	0	0	0	0	
1.4148515663e+02	239	8	391	10	8	492	500	0	500	500	0	0	0	0	
1.4197305815e+02	239	8	390	13	2	498	500	0	500	500	0	0	0	0	
1.4248197743e+02	239	7	396	8	5	495	500	0	500	500	0	0	0	0	
1.4299841086e+02	242	5	397	7	3	497	500	0	500	500	0	0	0	0	
1.4347883187e+02	242	4	398	6	2	498	500	0	500	500	0	0	0	0	
1.4396091669e+02	241	3	404	5	1	499	500	0	500	500	0	0	0	0	
1.4446910032e+02	241	5	401	4	7	493	500	0	500	500	0	0	0	0	
1.4499193943e+02	243	5	398	4	3	497	500	0	500	500	0	0	0	0	
1.4548329856e+02	244	5	399	5	4	496	500	0	500	500	0	0	0	0	
1.4598084916e+02	246	4	395	9	2	498	500	0	500	500	0	0	0	0	
1.4649808027e+02	247	5	399	6	1	499	500	0	500	500	0	0	0	0	
1.4695956687e+02	248	5	401	6	4	496	500	0	500	500	0	0	0	0	
1.4748930320e+02	247	6	398	6	3	497	500	0	500	500	0	0	0	0	
1.4799912935e+02	248	8	395	10	3	497	500	0	500	500	0	0	0	0	
1.4848850957e+02	249	8	399	8	5	495	500	0	500	500	0	0	0	0	
1.4898139873e+02	250	8	401	8	7	493	500	0	500	500	0	0	0	0	
1.4949347072e+02	251	8	401	7	3	497	500	0	500	500	0	0	0	0	
1.4997245817e+02	252	7	402	7	1	499	500	0	500	500	0	0	0	0	
1.5049643139e+02	251	8	398	14	8	492	500	0	500	500	0	0	0	0	
1.5099169027e+02	252	8	398	18	4	496	500	0	500	500	0	0	0	0	
1.5149878868e+02	254	7	405	10	4	496	500	0	500	500	0	0	0	0	
1.5199434885e+02	252	7	403	10	5	495	500	0	500	500	0	0	0	0	
1.5249801018e+02	255	6	414	6	2	498	500	0	500	500	0	0	0	0	
1.5298046810e+02	255	5	417	5	2	498	500	0	500	500	0	0	0	0	
1.5348442161e+02	256	6	416	5	3	497	500	0	500	500	0	0	0	0	
1.5398730379e+02	258	5	422	3	1	499	500	0	500	500	0	0	0	0	
1.5449378723e+02	258	5	414	11	1	499	500	0	500	500	0	0	0	0	
1.5498450308e+02	259	5	416	9	4	496	500	0	500	500	0	0	0	0	
1.5549738464e+02	258	5	416	6	3	497	500	0	500	500	0	0	0	0	
1.5599509626e+02	261	4	415	9	5	495	500	0	500	500	0	0	0	0	
1.5649958516e+02	260	5	417	6	1	499	500	0	500	500	0	0	0	0	
1.5698395057e+02	261	5	418	7	3	497	500	0	500	500	0	0	0	0	
1.5748276509e+02	261	6	413	9	4	496	500	0	500	500	0	0	0	0	
1.5799662802e+02	260	10	406	15	7	493	500	0	500	500	0	0	0	0	
1.5849485984e+02	259	11	407	15	5	495	500	0	500	500	0	0	0	0	
1.5895751557e+02	261	12	408	17	7	493	500	0	500	500	0	0	0	0	
1.5946755910e+02	264	10	413	13	6	494	500	0	500	500	0	0	0	0	
1.5999804998e+02	263	11	411	15	9	491	500	0	500	500	0	0	0	0	
1.6049841974e+02	266	10	415	13	8	492	500	0	500	500	0	0	0	0	
1.6099196784e+02	265	11	413	14	7	493	500	0	500	500	0	0	0	0	
1.6149531994e+02	265	12	414	14	4	496	500	0	500	500	0	0	0	0	
1.6198204828e+02	266	12	405	21	7	493	500	0	500	500	0	0	0	0	
1.6248707518e+02	266	12	399	25	6	494	500	0	500	500	0	0	0	0	
1.6299796682e+02	267	11	395	27	5	495	500	0	500	500	0	0	0	0	
1.6347766817e+02	265	13	404	21	5	495	500	0	500	500	0	0	0	0	
1.6399317209e+02	267	13	397	27	6	494	500	0	500	500	0	0	0	0	
1.6449528234e+02	267	14	407	20	6	494	500	0	500	500	0	0	0	0	
1.6499988542e+02	265	16	410	23	4	496	500	0	500	500	0	0	0	0	
1.6548838689e+02	267	14	409	23	6	494	500	0	500	500	0	0	0	0	
1.6599792606e+02	268	12	415	18	5	495	500	0	500	500	0	0	0	0	
1.6648874626e+02	272	8	421	12	3	497	500	0	500	500	0	0	0	0	
1.6699359480e+02	276	4	420	9	7	493	500	0	500	500	0	0	0	0	
1.6748751103e+02	274	5	420	8	3	497	500	0	500	500	0	0	0	0	
1.6798144611e+02	275	6	420	6	2	498	500	0	500	500	0	0	0	0	
1.6848250775e+02	273	10	412	11	3	497	500	0	500	500	0	0	0	0	
1.6899010471e+02	274	10	411	11	6	494	500	0	500	500	0	0	0	0	
1.6949459312e+02	274	11	410	14	3	497	500	0	500	500	0	0	0	0	
1.6999803588e+02	276	12	414	8	5	495	500	0	500	500	0	0	0	0	
1.7049869278e+02	276	13	401	16	6	494	500	0	500	500	0	0	0	0	
1.7099662365e+02	277	13	408	7	4	496	500	0	500	500	0	0	0	0	
1.7147452584e+02	278	11	405	9	4	496	500	0	500	500	0	0	0	0	
1.7199661311e+02	279	11	394	17	4	496	500	0	500	500	0	0	0	0	
1.7249769203e+02	281	10	394	16	6	494	500	0	500	500	0	0	0	0	
1.7299590766e+02	279	12	399	13	5	495	500	0	500	500	0	0	0	0	
1.7349948155e+02	280	11	396	14	4	496	500	0	500	500	0	0	0	0	
1.7399804312e+02	278	14	394	15	5	495	500	0	500	500	0	0	0	0	
1.7449359258e+02	279	15	386	22	7	493	500	0	500	500	0	0	0	0	
1.7499936228e+02	281	13	395	13	4	496	500	0	500	500	0	0	0	0	
1.7549626587e+02	283	12	397	13	6	494	500	0	500	500	0	0	0	0	
1.7599834328e+02	284	11	395	18	6	494	500	0	500	500	0	0	0	0	
1.7649966202e+02	285	9	401	15	3	497	500	0	500	500	0	0	0	0	
1.7699448233e+02	283	13	403	16	6	494	500	0	500	500	0	0	0	0	
1.7749614508e+02	283	12	407	12	8	492	500	0	500	500	0	0	0	0	
1.7799756318e+02	284	11	409	12	6	494	500	0	500	500	0	0	0	0	
1.7849602076e+02	287	9	408	14	3	497	500	0	500	500	0	0	0	0	
1.7899785362e+02	289	6	412	11	2	498	500	0	500	500	0	0	0	0	
1.7946654938e+02	290	5	414	8	7	493	500	0	500	500	0	0	0	0	
1.7999873296e+02	287	9	409	16	5	495	500	0	500	500	0	0	0	0	
1.8049808796e+02	287	9	415	14	8	492	500	0	500	500	0	0	0	0	
1.8099820063e+02	287	9	411	17	3	497	500	0	500	500	0	0	0	0	
1.8149408236e+02	287	9	414	15	11	489	500	0	500	500	0	0	0	0	
1.8199863348e+02	288	9	409	18	6	494	500	0	500	500	0	0	0	0	
1.8249587710e+02	289	9	414	15	9	491	500	0	500	500	0	0	0	0	
1.8299925351e+02	293	8	415	9	6	494	500	0	500	500	0	0	0	0	
1.8349518438e+02	293	7	413	11	5	495	500	0	500	500	0	0	0	0	
1.8399914704e+02	293	7	416	9	2	498	500	0	500	500	0	0	0	0	
1.8449550123e+02	294	7	416	8	5	495	500	0	500	500	0	0	0	0	
1.8496765464e+02	294	7	416	6	2	498	500	0	500	500	0	0	0	0	
1.8544164818e+02	297	4	410	10	2	498	500	0	500	500	0	0	0	0	
1.8598897520e+02	296	5	416	7	1	499	500	0	500	500	0	0	0	0	
1.8647301659e+02	297	5	418	6	3	497	500	0	500	500	0	0	0	0	
1.8698982593e+02	297	5	413	10	2	498	500	0	500	500	0	0	0	0	
1.8749688592e+02	295	9	415	10	5	495	500	0	500	500	0	0	0	0	
1.8798734777e+02	293	10	411	12	6	494	500	0	500	500	0	0	0	0	
1.8849893432e+02	292	13	403	19	7	493	500	0	500	500	0	0	0	0	
1.8899341830e+02	294	13	403	21	4	496	500	0	500	500	0	0	0	0	
1.8949050815e+02	298	9	412	10	3	497	500	0	500	500	0	0	0	0	
1.8997593215e+02	301	6	409	11	6	494	500	0	500	500	0	0	0	0	
1.9049657436e+02	300	7	408	9	3	497	500	0	500	500	0	0	0	0	
1.9098340027e+02	301	7	411	10	1	499	500	0	500	500	0	0	0	0	
1.9148703162e+02	300	9	404	17	5	495	500	0	500	500	0	0	0	0	
1.9199946877e+02	305	5	404	14	5	495	500	0	500	500	0	0	0	0	
1.9249804760e+02	303	6	405	14	3	497	500	0	500	500	0	0	0	0	
1.9298795938e+02	302	8	411	10	5	495	500	0	500	500	0	0	0	0	
1.9349365621e+02	305	5	415	7	7	493	500	0	500	500	0	0	0	0	
1.9399805689e+02	303	6	409	14	4	496	500	0	500	500	0	0	0	0	
1.9447359986e+02	302	7	412	11	4	496	500	0	500	500	0	0	0	0	
1.9499290128e+02	302	7	410	13	5	495	500	0	500	500	0	0	0	0	
1.9549371968e+02	303	6	416	10	6	494	500	0	500	500	0	0	0	0	
1.9596971676e+02	305	6	416	10	2	498	500	0	500	500	0	0	0	0	
1.9648897590e+02	305	8	420	7	2	498	500	0	500	500	0	0	0	0	
1.9698194048e+02	305	10	415	11	4	496	500	0	500	500	0	0	0	0	
1.9749130550e+02	303	12	409	16	8	492	500	0	500	500	0	0	0	0	
1.9798690692e+02	304	11	409	16	3	497	500	0	500	500	0	0	0	0	
1.9848707817e+02	306	11	409	18	7	493	500	0	500	500	0	0	0	0	
1.9899068021e+02	303	14	407	18	9	491	500	0	500	500	0	0	0	0	
1.9948861907e+02	306	12	412	14	8	492	500	0	500	500	0	0	0	0	
1.9998725288e+02	306	13	408	19	7	493	500	0	500	500	0	0	0	0	
2.0049781612e+02	306	14	415	13	10	490	500	0	500	500	0	0	0	0	
2.0099683094e+02	306	14	398	27	6	494	500	0	500	500	0	0	0	0	
2.0149580227e+02	308	12	405	23	6	494	500	0	500	500	0	0	0	0	
2.0199903190e+02	310	13	414	16	12	488	500	0	500	500	0	0	0	0	
2.0249204096e+02	310	14	417	13	10	490	500	0	500	500	0	0	0	0	
2.0299702101e+02	315	13	421	11	3	497	500	0	500	500	0	0	0	0	
2.0349120774e+02	316	11	409	23	7	493	500	0	500	500	0	0	0	0	
2.0398448285e+02	316	13	411	22	7	493	500	0	500	500	0	0	0	0	
2.0449763997e+02	319	11	412	20	4	496	500	0	500	500	0	0	0	0	
2.0498061154e+02	321	9	417	14	5	495	500	0	500	500	0	0	0	0	
2.0549523790e+02	317	14	413	20	4	496	500	0	500	500	0	0	0	0	
2.0599751904e+02	316	14	410	27	6	494	500	0	500	500	0	0	0	0	
2.0649283950e+02	315	16	405	34	11	489	500	0	500	500	0	0	0	0	
2.0699459142e+02	316	14	411	28	4	496	500	0	500	500	0	0	0	0	
2.0748910737e+02	315	17	415	25	11	489	500	0	500	500	0	0	0	0	
2.0799487292e+02	320	12	406	33	6	494	500	0	500	500	0	0	0	0	
2.0849880058e+02	322	10	420	18	6	494	500	0	500	500	0	0	0	0	
2.0899626525e+02	323	12	421	17	5	495	500	0	500	500	0	0	0	0	
2.0949076876e+02	323	13	422	14	7	493	500	0	500	500	0	0	0	0	
2.0999607610e+02	326	10	425	14	4	496	500	0	500	500	0	0	0	0	
2.1047645624e+02	330	6	430	11	3	497	500	0	500	500	0	0	0	0	
2.1099416581e+02	329	7	430	13	3	497	500	0	500	500	0	0	0	0	
2.1147289245e+02	328	8	431	11	2	498	500	0	500	500	0	0	0	0	
2.1199777001e+02	326	10	429	13	4	496	500	0	500	500	0	0	0	0	
2.1249375043e+02	325	10	427	14	6	494	500	0	500	500	0	0	0	0	
2.1298536900e+02	327	9	427	15	1	499	500	0	500	500	0	0	0	0	
2.1348654930e+02	326	13	432	12	8	492	500	0	500	500	0	0	0	0	
2.1399798056e+02	325	13	428	15	1	499	500	0	500	500	0	0	0	0	
2.1449409647e+02	327	14	431	15	7	493	500	0	500	500	0	0	0	0	
2.1499673425e+02	330	13	419	26	7	493	500	0	500	500	0	0	0	0	
2.1549209181e+02	333	10	421	24	2	498	500	0	500	500	0	0	0	0	
2.1599435178e+02	334	9	427	19	9	491	500	0	500	500	0	0	0	0	
2.1649731513e+02	338	7	434	15	3	497	500	0	500	500	0	0	0	0	
2.1699719639e+02	335	10	438	12	8	492	500	0	500	500	0	0	0	0	
2.1748385949e+02	334	10	437	12	4	496	500	0	500	500	0	0	0	0	
2.1798397806e+02	336	11	436	14	6	494	500	0	500	500	0	0	0	0	
2.1849593355e+02	336	11	428	22	8	492	500	0	500	500	0	0	0	0	
2.1899273677e+02	336	12	429	23	4	496	500	0	500	500	0	0	0	0	
2.1948585702e+02	337	11	430	21	4	496	500	0	500	500	0	0	0	0	
2.1999757806e+02	343	6	436	16	5	495	500	0	500	500	0	0	0	0	
2.2049017214e+02	342	6	436	13	5	495	500	0	500	500	0	0	0	0	
2.2099539937e+02	343	5	435	14	3	497	500	0	500	500	0	0	0	0	
2.2145886756e+02	343	5	439	8	3	497	500	0	500	500	0	0	0	0	
2.2199558490e+02	348	3	443	5	0	500	500	0	500	500	0	0	0	0	
2.2249088344e+02	349	4	440	6	1	499	500	0	500	500	0	0	0	0	
2.2296849944e+02	351	2	442	2	2	498	500	0	500	500	0	0	0	0	
2.2347212577e+02	350	2	440	7	0	500	500	0	500	500	0	0	0	0	
2.2399692710e+02	350	2	440	4	1	499	500	0	500	500	0	0	0	0	
2.2449506534e+02	349	2	440	1	3	497	500	0	500	500	0	0	0	0	
2.2499359937e+02	349	4	438	2	4	496	500	0	500	500	0	0	0	0	
2.2549049309e+02	348	5	435	5	3	497	500	0	500	500	0	0	0	0	
2.2597320191e+02	348	5	432	8	6	494	500	0	500	500	0	0	0	0	
2.2647815686e+02	350	3	437	8	2	498	500	0	500	500	0	0	0	0	
2.2698712903e+02	349	5	440	9	4	496	500	0	500	500	0	0	0	0	
2.2748905508e+02	349	5	439	9	5	495	500	0	500	500	0	0	0	0	
2.2799822185e+02	349	8	439	5	5	495	500	0	500	500	0	0	0	0	
2.2848970231e+02	350	7	438	8	3	497	500	0	500	500	0	0	0	0	
2.2899800631e+02	350	7	438	9	5	495	500	0	500	500	0	0	0	0	
2.2947694289e+02	350	8	436	11	3	497	500	0	500	500	0	0	0	0	
2.2998973656e+02	353	6	435	11	2	498	500	0	500	500	0	0	0	0	
2.3049105300e+02	353	7	434	16	1	499	500	0	500	500	0	0	0	0	
2.3099737581e+02	354	7	438	13	11	489	500	0	500	500	0	0	0	0	
2.3149893215e+02	354	8	440	10	5	495	500	0	500	500	0	0	0	0	
2.3199966441e+02	356	11	433	15	14	486	500	0	500	500	0	0	0	0	
2.3249930000e+02	357	11	432	15	11	489	500	0	500	500	0	0	0	0	
2.3299726295e+02	359	10	438	13	5	495	500	0	500	500	0	0	0	0	
2.3349660737e+02	359	11	441	13	7	493	500	0	500	500	0	0	0	0	
2.3399700731e+02	361	8	439	14	5	495	500	0	500	500	0	0	0	0	
2.3449055975e+02	362	7	436	16	7	493	500	0	500	500	0	0	0	0	
2.3498188064e+02	362	7	439	12	3	497	500	0	500	500	0	0	0	0	
2.3548432968e+02	362	7	440	10	3	497	500	0	500	500	0	0	0	0	
2.3599385180e+02	363	8	438	14	3	497	500	0	500	500	0	0	0	0	
2.3649265918e+02	363	8	442	10	2	498	500	0	500	500	0	0	0	0	
2.3698553438e+02	362	8	445	11	5	495	500	0	500	500	0	0	0	0	
2.3749850667e+02	363	6	444	10	2	498	500	0	500	500	0	0	0	0	
2.3797145499e+02	366	4	447	7	2	498	500	0	500	500	0	0	0	0	
2.3849507914e+02	366	5	454	4	3	497	500	0	500	500	0	0	0	0	
2.3899170917e+02	366	4	451	4	2	498	500	0	500	500	0	0	0	0	
2.3949715757e+02	366	5	446	10	0	500	500	0	500	500	0	0	0	0	
2.3997212430e+02	365	6	442	11	1	499	500	0	500	500	0	0	0	0	
2.4048115529e+02	366	5	439	16	4	496	500	0	500	500	0	0	0	0	
2.4097894301e+02	367	4	438	15	4	496	500	0	500	500	0	0	0	0	
2.4149223016e+02	367	6	443	8	7	493	500	0	500	500	0	0	0	0	
2.4198603264e+02	366	7	443	9	5	495	500	0	500	500	0	0	0	0	
2.4249729074e+02	366	9	445	7	6	494	500	0	500	500	0	0	0	0	
2.4299103015e+02	367	8	440	13	7	493	500	0	500	500	0	0	0	0	
2.4348223963e+02	370	6	444	7	3	497	500	0	500	500	0	0	0	0	
2.4399732779e+02	370	5	447	5	3	497	500	0	500	500	0	0	0	0	
2.4448890942e+02	372	4	444	6	2	498	500	0	500	500	0	0	0	0	
2.4497495465e+02	372	4	443	8	4	496	500	0	500	500	0	0	0	0	
2.4547662151e+02	372	3	442	7	7	493	500	0	500	500	0	0	0	0	
2.4599863541e+02	370	5	438	8	3	497	500	0	500	500	0	0	0	0	
2.4649785654e+02	371	6	442	6	6	494	500	0	500	500	0	0	0	0	
2.4699429154e+02	371	7	438	8	7	493	500	0	500	500	0	0	0	0	
2.4749805120e+02	371	7	437	12	5	495	500	0	500	500	0	0	0	0	
2.4798521957e+02	374	6	438	12	2	498	500	0	500	500	0	0	0	0	
2.4848465450e+02	374	7	438	11	5	495	500	0	500	500	0	0	0	0	
2.4899645772e+02	375	7	441	9	2	498	500	0	500	500	0	0	0	0	
2.4948355426e+02	375	6	438	10	7	493	500	0	500	500	0	0	0	0	
2.4999658822e+02	376	5	440	9	5	495	500	0	500	500	0	0	0	0	
2.5049315667e+02	375	7	433	14	4	496	500	0	500	500	0	0	0	0	
2.5099775778e+02	374	9	439	12	4	496	500	0	500	500	0	0	0	0	
2.5149323880e+02	375	11	435	17	6	494	500	0	500	500	0	0	0	0	
2.5199286885e+02	376	14	433	19	8	492	500	0	500	500	0	0	0	0	
2.5248675978e+02	376	13	431	22	7	493	500	0	500	500	0	0	0	0	
2.5298580698e+02	371	17	439	17	10	490	500	0	500	500	0	0	0	0	
2.5349584231e+02	370	20	423	25	10	490	500	0	500	500	0	0	0	0	
2.5399753143e+02	372	20	418	31	21	479	500	0	500	500	0	0	0	0	
2.5447424328e+02	372	19	423	30	13	487	500	0	500	500	0	0	0	0	
2.5499691442e+02	371	20	415	38	8	492	500	0	500	500	0	0	0	0	
2.5549490104e+02	370	22	409	43	15	485	500	0	500	500	0	0	0	0	
2.5599442223e+02	371	25	413	40	11	489	500	0	500	500	0	0	0	0	
2.5649577038e+02	374	23	411	40	12	488	500	0	500	500	0	0	0	0	
2.5699365398e+02	373	24	415	36	12	488	500	0	500	500	0	0	0	0	
2.5749962820e+02	373	23	410	39	8	492	500	0	500	500	0	0	0	0	
2.5798779881e+02	377	20	404	46	13	487	500	0	500	500	0	0	0	0	
2.5849621082e+02	380	19	415	36	11	489	500	0	500	500	0	0	0	0	
2.5899940759e+02	378	23	406	44	9	491	500	0	500	500	0	0	0	0	
2.5948744186e+02	384	21	406	44	7	493	500	0	500	500	0	0	0	0	
2.5999463008e+02	378	27	399	49	14	486	500	0	500	500	0	0	0	0	
2.6049505526e+02	378	28	390	57	11	489	500	0	500	500	0	0	0	0	
2.6099801039e+02	375	33	393	54	19	481	500	0	500	500	0	0	0	0	
2.6149793102e+02	376	32	394	52	23	477	500	0	500	500	0	0	0	0	
2.6199655685e+02	374	36	384	62	20	480	500	0	500	500	0	0	0	0	
2.6249655793e+02	376	35	376	71	19	481	500	0	500	500	0	0	0	0	
2.6299914850e+02	376	36	370	76	23	477	500	0	500	500	0	0	0	0	
2.6349926309e+02	375	38	362	84	28	472	500	0	500	500	0	0	0	0	
2.6399955297e+02	375	39	350	96	22	478	500	0	500	500	0	0	0	0	
2.6449997694e+02	374	42	347	96	27	473	500	0	500	500	0	0	0	0	
2.6499295862e+02	380	36	338	103	20	480	500	0	500	500	0	0	0	0	
2.6549945750e+02	383	33	346	97	13	487	500	0	500	500	0	0	0	0	
2.6599927506e+02	376	39	350	96	14	486	500	0	500	500	0	0	0	0	
2.6649017335e+02	375	39	355	93	21	479	500	0	500	500	0	0	0	0	
2.6699634967e+02	370	43	343	102	23	477	500	0	500	500	0	0	0	0	
2.6749750667e+02	373	42	335	107	18	482	500	0	500	500	0	0	0	0	
2.6799882178e+02	376	39	342	101	19	481	500	0	500	500	0	0	0	0	
2.6849204038e+02	372	41	327	115	17	483	500	0	500	500	0	0	0	0	
2.6899964172e+02	372	42	313	128	24	476	500	0	500	500	0	0	0	0	
2.6949950509e+02	366	51	321	122	21	479	500	0	500	500	0	0	0	0	
2.6999554202e+02	351	67	313	129	35	465	500	0	500	500	0	0	0	0	
2.7049703788e+02	356	63	315	129	44	456	500	0	500	500	0	0	0	0	
2.7099496322e+02	351	67	279	167	29	471	500	0	500	500	0	0	0	0	
2.7149622669e+02	348	72	263	184	40	460	500	0	500	500	0	0	0	0	
2.7199778847e+02	341	79	215	230	45	455	500	0	500	500	0	0	0	0	
2.7249672947e+02	338	84	176	270	71	429	500	0	500	500	0	0	0	0	
2.7299900629e+02	320	102	144	299	86	414	500	0	500	500	0	0	0	0	
2.7349966558e+02	308	115	108	337	113	387	500	0	500	500	0	0	0	0	
2.7399928266e+02	293	131	82	362	109	391	500	0	500	500	0	0	0	0	
2.7449920532e+02	283	142	52	391	168	332	500	0	500	500	0	0	0	0	
2.7499994883e+02	270	156	27	417	201	299	500	0	500	500	0	0	0	0	
2.7549346520e+02	246	181	18	424	221	279	500	0	500	500	0	0	0	0	
2.7599971554e+02	218	209	16	427	295	205	500	0	500	500	0	0	0	0	
2.7649687351e+02	201	228	13	433	352	148	500	0	500	500	0	0	0	0	
2.7699968648e+02	183	245	7	439	412	88	500	0	500	500	0	0	0	0	
2.7749821121e+02	164	263	6	440	428	72	500	0	500	500	0	0	0	0	
2.7799934037e+02	148	279	11	432	452	48	500	0	500	500	0	0	0	0	
2.7849572314e+02	139	288	9	436	466	34	500	0	500	500	0	0	0	0	
2.7899996917e+02	115	312	12	428	483	17	500	0	500	500	0	0	0	0	
2.7949972439e+02	93	335	11	428	467	33	500	0	500	500	0	0	0	0	
2.7999964332e+02	79	350	6	431	462	38	500	0	500	500	0	0	0	0	
2.8049575248e+02	68	362	4	434	475	25	500	0	500	500	0	0	0	0	
2.8099933928e+02	55	374	11	426	474	26	500	0	500	500	0	0	0	0	
2.8149858724e+02	48	383	4	435	480	20	500	0	500	500	0	0	0	0	
2.8199928828e+02	48	384	7	432	478	22	500	0	500	500	0	0	0	0	
2.8249675153e+02	38	395	3	436	478	22	500	0	500	500	0	0	0	0	
2.8299803754e+02	32	400	6	431	484	16	500	0	500	500	0	0	0	0	
2.8349839420e+02	27	405	8	431	476	24	500	0	500	500	0	0	0	0	
2.8399560397e+02	20	414	9	430	480	20	500	0	500	500	0	0	0	0	
2.8449783082e+02	20	415	6	431	486	14	500	0	500	500	0	0	0	0	
2.8499973022e+02	15	420	5	435	488	12	500	0	500	500	0	0	0	0	
2.8549963606e+02	16	420	9	429	484	16	500	0	500	500	0	0	0	0	
2.8599872931e+02	12	426	7	428	487	13	500	0	500	500	0	0	0	0	
2.8649980393e+02	10	429	9	425	481	19	500	0	500	500	0	0	0	0	
2.8699935838e+02	7	433	12	421	474	26	500	0	500	500	0	0	0	0	
2.8749956826e+02	8	432	6	428	482	18	500	0	500	500	0	0	0	0	
2.8799927375e+02	8	432	16	419	480	20	500	0	500	500	0	0	0	0	
2.8849928240e+02	6	432	4	433	483	17	500	0	500	500	0	0	0	0	
2.8898824417e+02	6	433	5	439	489	11	500	0	500	500	0	0	0	0	
2.8949917867e+02	5	435	11	435	480	20	500	0	500	500	0	0	0	0	
2.8999525080e+02	6	434	5	442	482	18	500	0	500	500	0	0	0	0	
2.9049982513e+02	5	436	6	441	473	27	500	0	500	500	0	0	0	0	
2.9099802396e+02	3	438	13	435	487	13	500	0	500	500	0	0	0	0	
2.9149873815e+02	3	438	9	439	490	10	500	0	500	500	0	0	0	0	
2.9199987148e+02	2	440	4	449	491	9	500	0	500	500	0	0	0	0	
2.9249211072e+02	3	439	4	450	479	21	500	0	500	500	0	0	0	0	
2.9299962964e+02	6	438	8	450	480	20	500	0	500	500	0	0	0	0	
2.9349810778e+02	6	438	3	457	476	24	500	0	500	500	0	0	0	0	
2.9399921113e+02	8	435	10	451	484	16	500	0	500	500	0	0	0	0	
2.9449957662e+02	8	435	4	457	472	28	500	0	500	500	0	0	0	0	
2.9499584657e+02	8	435	7	457	487	13	500	0	500	500	0	0	0	0	
2.9549896225e+02	9	436	5	458	472	28	500	0	500	500	0	0	0	0	
2.9599957323e+02	10	435	10	453	488	12	500	0	500	500	0	0	0	0	
2.9649877454e+02	14	431	3	461	468	32	500	0	500	500	0	0	0	0	
2.9699980026e+02	15	432	5	458	473	27	500	0	500	500	0	0	0	0	
2.9749879605e+02	15	432	10	454	487	13	500	0	500	500	0	0	0	0	
2.9799912665e+02	11	436	4	460	480	20	500	0	500	500	0	0	0	0	
2.9849960252e+02	15	433	1	464	476	24	500	0	500	500	0	0	0	0	
2.9899832709e+02	15	435	8	456	481	19	500	0	500	500	0	0	0	0	
2.9949895635e+02	14	436	7	458	486	14	500	0	500	500	0	0	0	0	
2.9999573533e+02	11	440	3	463	480	20	500	0	500	500	0	0	0	0	
3.0049839410e+02	8	444	5	459	481	19	500	0	500	500	0	0	0	0	
3.0099964451e+02	9	443	7	460	474	26	500	0	500	500	0	0	0	0	
3.0149911211e+02	8	444	5	461	475	25	500	0	500	500	0	0	0	0	
3.0199481670e+02	6	446	5	462	482	18	500	0	500	500	0	0	0	0	
3.0249891158e+02	6	446	4	463	481	19	500	0	500	500	0	0	0	0	
3.0299943824e+02	5	449	10	455	490	10	500	0	500	500	0	0	0	0	
3.0349879557e+02	8	447	6	457	480	20	500	0	500	500	0	0	0	0	
3.0399922600e+02	5	452	12	448	487	13	500	0	500	500	0	0	0	0	
3.0449612478e+02	8	449	5	453	493	7	500	0	500	500	0	0	0	0	
3.0499951769e+02	9	450	5	453	480	20	500	0	500	500	0	0	0	0	
3.0549955233e+02	8	452	6	452	491	9	500	0	500	500	0	0	0	0	
3.0599064992e+02	6	455	11	443	478	22	500	0	500	500	0	0	0	0	
3.0649852216e+02	8	455	7	449	488	12	500	0	500	500	0	0	0	0	
3.0699771869e+02	11	452	5	456	483	17	500	0	500	500	0	0	0	0	
3.0749970401e+02	10	452	9	456	478	22	500	0	500	500	0	0	0	0	
3.0799908605e+02	11	451	4	457	481	19	500	0	500	500	0	0	0	0	
3.0849916369e+02	10	452	0	460	481	19	500	0	500	500	0	0	0	0	
3.0899832821e+02	13	450	2	457	475	25	500	0	500	500	0	0	0	0	
3.0949589204e+02	14	451	5	453	484	16	500	0	500	500	0	0	0	0	
3.0999999005e+02	14	453	4	457	485	15	500	0	500	500	0	0	0	0	
3.1049836296e+02	14	454	4	456	487	13	500	0	500	500	0	0	0	0	
3.1099955670e+02	13	455	5	458	477	23	500	0	500	500	0	0	0	0	
3.1149990009e+02	13	456	10	448	474	26	500	0	500	500	0	0	0	0	
3.1199556373e+02	11	458	2	451	472	28	500	0	500	500	0	0	0	0	
3.1249856803e+02	11	457	5	450	483	17	500	0	500	500	0	0	0	0	
3.1299910335e+02	8	461	5	451	484	16	500	0	500	500	0	0	0	0	
3.1349973286e+02	6	463	7	450	489	11	500	0	500	500	0	0	0	0	
3.1399962460e+02	6	461	5	456	481	19	500	0	500	500	0	0	0	0	
3.1449838389e+02	5	462	5	456	483	17	500	0	500	500	0	0	0	0	
3.1499964487e+02	5	463	10	450	485	15	500	0	500	500	0	0	0	0	
3.1549970897e+02	6	463	3	456	484	16	500	0	500	500	0	0	0	0	
3.1599977370e+02	8	460	8	447	487	13	500	0	500	500	0	0	0	0	
3.1649887921e+02	12	456	4	452	487	13	500	0	500	500	0	0	0	0	
3.1699929732e+02	14	454	6	453	483	17	500	0	500	500	0	0	0	0	
3.1749863957e+02	11	458	3	454	483	17	500	0	500	500	0	0	0	0	
3.1799548244e+02	11	457	6	448	483	17	500	0	500	500	0	0	0	0	
3.1849995920e+02	10	458	7	447	482	18	500	0	500	500	0	0	0	0	
3.1899690924e+02	7	462	8	448	479	21	500	0	500	500	0	0	0	0	
3.1949850551e+02	8	461	2	452	478	22	500	0	500	500	0	0	0	0	
3.1999833567e+02	8	463	7	443	484	16	500	0	500	500	0	0	0	0	
3.2049813930e+02	5	465	4	445	491	9	500	0	500	500	0	0	0	0	
3.2099992551e+02	4	464	10	438	474	26	500	0	500	500	0	0	0	0	
3.2149994989e+02	6	462	2	448	478	22	500	0	500	500	0	0	0	0	
3.2199760799e+02	7	460	1	444	488	12	500	0	500	500	0	0	0	0	
3.2249998998e+02	9	459	3	442	481	19	500	0	500	500	0	0	0	0	
3.2299955872e+02	6	465	10	440	478	22	500	0	500	500	0	0	0	0	
3.2349715867e+02	8	465	6	446	491	9	500	0	500	500	0	0	0	0	
3.2399892610e+02	7	464	9	439	491	9	500	0	500	500	0	0	0	0	
3.2449974091e+02	10	460	9	441	483	17	500	0	500	500	0	0	0	0	
3.2499946662e+02	10	459	9	440	471	29	500	0	500	500	0	0	0	0	
3.2549828346e+02	8	463	8	440	481	19	500	0	500	500	0	0	0	0	
3.2599608683e+02	6	464	9	440	486	14	500	0	500	500	0	0	0	0	
3.2649951348e+02	7	463	5	445	477	23	500	0	500	500	0	0	0	0	
3.2699840799e+02	7	465	11	442	487	13	500	0	500	500	0	0	0	0	
3.2749744889e+02	7	465	3	450	484	16	500	0	500	500	0	0	0	0	
3.2799934392e+02	5	470	9	446	494	6	500	0	500	500	0	0	0	0	
3.2849841896e+02	6	469	5	452	479	21	500	0	500	500	0	0	0	0	
3.2899582680e+02	5	471	5	449	484	16	500	0	500	500	0	0	0	0	
3.2949988012e+02	7	466	5	449	485	15	500	0	500	500	0	0	0	0	
3.2999489530e+02	5	468	2	451	490	10	500	0	500	500	0	0	0	0	
3.3049992667e+02	6	467	7	448	477	23	500	0	500	500	0	0	0	0	
3.3099703830e+02	6	468	5	451	488	12	500	0	500	500	0	0	0	0	
3.3149755443e+02	7	467	5	451	482	18	500	0	500	500	0	0	0	0	
3.3199824603e+02	6	468	4	452	486	14	500	0	500	500	0	0	0	0	
3.3249980210e+02	4	470	4	455	486	14	500	0	500	500	0	0	0	0	
3.3299851859e+02	5	471	6	453	485	15	500	0	500	500	0	0	0	0	
3.3349841919e+02	7	468	2	456	482	18	500	0	500	500	0	0	0	0	
3.3399959630e+02	8	467	6	453	489	11	500	0	500	500	0	0	0	0	
3.3449902515e+02	8	468	6	454	483	17	500	0	500	500	0	0	0	0	
3.3499811846e+02	10	467	10	450	488	12	500	0	500	500	0	0	0	0	
3.3549774831e+02	9	470	4	454	478	22	500	0	500	500	0	0	0	0	
3.3599549682e+02	9	470	2	460	481	19	500	0	500	500	0	0	0	0	
3.3649889430e+02	11	471	2	462	473	27	500	0	500	500	0	0	0	0	
3.3699910696e+02	12	470	3	459	475	25	500	0	500	500	0	0	0	0	
3.3749837741e+02	10	472	11	449	486	14	500	0	500	500	0	0	0	0	
3.3799814128e+02	9	473	3	459	491	9	500	0	500	500	0	0	0	0	
3.3849902572e+02	8	474	16	448	480	20	500	0	500	500	0	0	0	0	
3.3899660993e+02	7	476	10	454	491	9	500	0	500	500	0	0	0	0	
3.3949859462e+02	9	474	4	458	486	14	500	0	500	500	0	0	0	0	
3.3999737894e+02	8	476	6	461	473	27	500	0	500	500	0	0	0	0	
3.4049999060e+02	4	480	3	464	487	13	500	0	500	500	0	0	0	0	
3.4099830169e+02	6	479	5	464	484	16	500	0	500	500	0	0	0	0	
3.4149946931e+02	6	478	5	466	488	12	500	0	500	500	0	0	0	0	
3.4199225918e+02	7	478	10	461	491	9	500	0	500	500	0	0	0	0	
3.4249715886e+02	8	477	7	465	484	16	500	0	500	500	0	0	0	0	
3.4299978074e+02	4	482	1	473	492	8	500	0	500	500	0	0	0	0	
3.4349920969e+02	4	482	4	469	485	15	500	0	500	500	0	0	0	0	
3.4399985886e+02	2	484	7	465	478	22	500	0	500	500	0	0	0	0	
3.4449775876e+02	3	484	5	464	481	19	500	0	500	500	0	0	0	0	
3.4499925640e+02	5	481	4	463	485	15	500	0	500	500	0	0	0	0	
3.4549985954e+02	5	481	7	459	486	14	500	0	500	500	0	0	0	0	
3.4599946518e+02	8	478	16	451	477	23	500	0	500	500	0	0	0	0	
3.4649774669e+02	10	478	5	459	485	15	500	0	500	500	0	0	0	0	
3.4699961645e+02	7	483	9	459	482	18	500	0	500	500	0	0	0	0	
3.4749986440e+02	10	479	7	461	483	17	500	0	500	500	0	0	0	0	
3.4799960765e+02	10	481	3	466	488	12	500	0	500	500	0	0	0	0	
3.4849992142e+02	11	479	2	466	485	15	500	0	500	500	0	0	0	0	
3.4899794429e+02	11	481	7	463	490	10	500	0	500	500	0	0	0	0	
3.4949931848e+02	12	479	3	465	488	12	500	0	500	500	0	0	0	0	
3.4999683016e+02	11	480	5	465	491	9	500	0	500	500	0	0	0	0	
3.5049852398e+02	10	481	2	468	485	15	500	0	500	500	0	0	0	0	
3.5099885588e+02	9	480	6	467	486	14	500	0	500	500	0	0	0	0	
3.5149954475e+02	10	480	5	467	489	11	500	0	500	500	0	0	0	0	
3.5199704717e+02	12	477	4	469	483	17	500	0	500	500	0	0	0	0	
3.5249800368e+02	9	480	3	472	486	14	500	0	500	500	0	0	0	0	
3.5299479503e+02	6	486	7	472	490	10	500	0	500	500	0	0	0	0	
3.5349913128e+02	7	487	6	476	481	19	500	0	500	500	0	0	0	0	
3.5399771600e+02	8	491	7	475	484	16	500	0	500	500	0	0	0	0	
3.5449976596e+02	9	490	6	473	488	12	500	0	500	500	0	0	0	0	
3.5499335080e+02	10	490	3	474	482	18	500	0	500	500	0	0	0	0	
3.5549736520e+02	8	495	6	474	489	11	500	0	500	500	0	0	0	0	
3.5599926233e+02	11	493	4	474	481	19	500	0	500	500	0	0	0	0	
3.5649710271e+02	12	492	4	473	492	8	500	0	500	500	0	0	0	0	
3.5699986077e+02	11	494	4	477	483	17	500	0	500	500	0	0	0	0	
3.5749790986e+02	10	497	3	476	482	18	500	0	500	500	0	0	0	0	
3.5799814329e+02	8	499	2	475	491	9	500	0	500	500	0	0	0	0	
3.5849722624e+02	9	497	5	470	490	10	500	0	500	500	0	0	0	0	
3.5899970011e+02	9	497	4	473	485	15	500	0	500	500	0	0	0	0	
3.5949895009e+02	14	493	5	467	482	18	500	0	500	500	0	0	0	0	
3.5999874947e+02	12	495	7	463	486	14	500	0	500	500	0	0	0	0	
3.6049733769e+02	8	497	6	465	481	19	500	0	500	500	0	0	0	0	
3.6099975128e+02	5	502	9	462	489	11	500	0	500	500	0	0	0	0	
3.6149967411e+02	4	505	6	468	480	20	500	0	500	500	0	0	0	0	
3.6199852867e+02	4	506	2	473	481	19	500	0	500	500	0	0	0	0	
3.6249995137e+02	4	508	7	464	489	11	500	0	500	500	0	0	0	0	
3.6299960496e+02	5	507	6	469	477	23	500	0	500	500	0	0	0	0	
3.6349794946e+02	7	511	5	470	486	14	500	0	500	500	0	0	0	0	
3.6399644754e+02	7	513	3	470	494	6	500	0	500	500	0	0	0	0	
3.6449768751e+02	9	513	12	461	490	10	500	0	500	500	0	0	0	0	
3.6499988687e+02	7	517	7	463	490	10	500	0	500	500	0	0	0	0	
3.6549740067e+02	6	516	4	468	488	12	500	0	500	500	0	0	0	0	
3.6599451731e+02	6	516	4	469	488	12	500	0	500	500	0	0	0	0	
3.6649905616e+02	6	518	4	470	488	12	500	0	500	500	0	0	0	0	
3.6699973330e+02	7	519	4	469	483	17	500	0	500	500	0	0	0	0	
3.6749958234e+02	7	519	7	469	482	18	500	0	500	500	0	0	0	0	
3.6799854166e+02	8	518	3	473	487	13	500	0	500	500	0	0	0	0	
3.6849947225e+02	8	518	8	468	486	14	500	0	500	500	0	0	0	0	
3.6899900991e+02	6	519	7	468	484	16	500	0	500	500	0	0	0	0	
3.6949940929e+02	5	521	4	471	487	13	500	0	500	500	0	0	0	0	
3.6999879936e+02	7	518	3	470	486	14	500	0	500	500	0	0	0	0	
3.7049829092e+02	6	522	10	458	482	18	500	0	500	500	0	0	0	0	
3.7099945678e+02	8	521	3	463	493	7	500	0	500	500	0	0	0	0	
3.7149966542e+02	7	521	8	457	483	17	500	0	500	500	0	0	0	0	
3.7199813698e+02	5	522	6	458	487	13	500	0	500	500	0	0	0	0	
3.7249828604e+02	5	522	10	455	484	16	500	0	500	500	0	0	0	0	
3.7299674288e+02	6	523	4	462	484	16	500	0	500	500	0	0	0	0	
3.7349723591e+02	7	524	3	464	484	16	500	0	500	500	0	0	0	0	
3.7399819695e+02	7	525	2	459	491	9	500	0	500	500	0	0	0	0	
3.7449812636e+02	7	527	4	457	485	15	500	0	500	500	0	0	0	0	
3.7499884658e+02	9	525	7	455	480	20	500	0	500	500	0	0	0	0	
3.7549784985e+02	11	524	5	459	492	8	500	0	500	500	0	0	0	0	
3.7599968581e+02	11	523	5	461	490	10	500	0	500	500	0	0	0	0	
3.7649988824e+02	9	527	3	460	486	14	500	0	500	500	0	0	0	0	
3.7699723477e+02	8	528	8	455	495	5	500	0	500	500	0	0	0	0	
3.7749952839e+02	6	531	6	456	494	6	500	0	500	500	0	0	0	0	
3.7799961696e+02	5	533	4	456	488	12	500	0	500	500	0	0	0	0	
3.7849965324e+02	2	535	7	456	482	18	500	0	500	500	0	0	0	0	
3.7899859888e+02	4	533	3	460	486	14	500	0	500	500	0	0	0	0	
3.7949756020e+02	4	533	4	460	494	6	500	0	500	500	0	0	0	0	
3.7999743144e+02	4	536	4	459	484	16	500	0	500	500	0	0	0	0	
3.8049844916e+02	8	532	7	456	487	13	500	0	500	500	0	0	0	0	
3.8099854451e+02	10	530	4	455	490	10	500	0	500	500	0	0	0	0	
3.8149975819e+02	8	531	6	452	492	8	500	0	500	500	0	0	0	0	
3.8199684923e+02	5	533	3	453	488	12	500	0	500	500	0	0	0	0	
3.8249553997e+02	5	532	11	442	483	17	500	0	500	500	0	0	0	0	
3.8299864552e+02	5	531	6	449	482	18	500	0	500	500	0	0	0	0	
3.8349844938e+02	3	531	4	449	490	10	500	0	500	500	0	0	0	0	
3.8399975028e+02	0	533	5	449	483	17	500	0	500	500	0	0	0	0	
3.8449690596e+02	3	531	8	446	485	15	500	0	500	500	0	0	0	0	
3.8499974066e+02	4	529	3	449	488	12	500	0	500	500	0	0	0	0	
3.8549910554e+02	3	531	5	450	482	18	500	0	500	500	0	0	0	0	
3.8599704704e+02	6	529	5	449	488	12	500	0	500	500	0	0	0	0	
3.8649991624e+02	6	530	8	448	482	18	500	0	500	500	0	0	0	0	
3.8699791965e+02	6	531	0	457	488	12	500	0	500	500	0	0	0	0	
3.8749771085e+02	7	530	7	450	489	11	500	0	500	500	0	0	0	0	
3.8799916174e+02	10	529	3	453	484	16	500	0	500	500	0	0	0	0	
3.8849899895e+02	10	530	8	446	481	19	500	0	500	500	0	0	0	0	
3.8899956723e+02	10	530	2	450	481	19	500	0	500	500	0	0	0	0	
3.8949939590e+02	9	532	9	444	489	11	500	0	500	500	0	0	0	0	
3.8999827796e+02	6	536	3	452	487	13	500	0	500	500	0	0	0	0	
3.9049807793e+02	6	537	4	453	488	12	500	0	500	500	0	0	0	0	
3.9099265935e+02	6	537	6	452	487	13	500	0	500	500	0	0	0	0	
3.9149880118e+02	6	538	4	455	486	14	500	0	500	500	0	0	0	0	
3.9199671160e+02	5	539	8	452	485	15	500	0	500	500	0	0	0	0	
3.9249984222e+02	4	542	1	462	494	6	500	0	500	500	0	0	0	0	
3.9299760077e+02	5	541	4	458	492	8	500	0	500	500	0	0	0	0	
3.9349891732e+02	3	546	5	459	489	11	500	0	500	500	0	0	0	0	
3.9399608671e+02	7	543	9	452	491	9	500	0	500	500	0	0	0	0	
3.9449916224e+02	8	543	2	460	480	20	500	0	500	500	0	0	0	0	
3.9499979546e+02	9	544	10	453	487	13	500	0	500	500	0	0	0	0	
3.9549352102e+02	9	544	10	450	478	22	500	0	500	500	0	0	0	0	
3.9599657024e+02	9	544	6	453	484	16	500	0	500	500	0	0	0	0	
3.9649865285e+02	11	542	6	453	489	11	500	0	500	500	0	0	0	0	
3.9699977694e+02	12	540	4	454	496	4	500	0	500	500	0	0	0	0	
3.9749746242e+02	8	544	3	456	483	17	500	0	500	500	0	0	0	0	
3.9799922154e+02	9	543	4	453	488	12	500	0	500	500	0	0	0	0	
3.9849886064e+02	7	546	6	450	488	12	500	0	500	500	0	0	0	0	
3.9899878869e+02	7	545	6	449	482	18	500	0	500	500	0	0	0	0	
3.9949987850e+02	5	547	8	444	490	10	500	0	500	500	0	0	0	0	
3.9999835396e+02	5	547	4	449	490	10	500	0	500	500	0	0	0	0	
4.0049932427e+02	6	547	7	445	487	13	500	0	500	500	0	0	0	0	
4.0099994129e+02	8	546	5	449	483	17	500	0	500	500	0	0	0	0	
4.0149816679e+02	8	546	3	455	490	10	500	0	500	500	0	0	0	0	
4.0199853107e+02	8	548	7	455	483	17	500	0	500	500	0	0	0	0	
4.0249913699e+02	11	545	8	455	487	13	500	0	500	500	0	0	0	0	
4.0299869707e+02	9	546	3	465	484	16	500	0	500	500	0	0	0	0	
4.0349996030e+02	10	545	1	469	492	8	500	0	500	500	0	0	0	0	
4.0399998112e+02	10	545	5	465	492	8	500	0	500	500	0	0	0	0	
4.0449922908e+02	9	546	3	472	486	14	500	0	500	500	0	0	0	0	
4.0499820899e+02	7	549	4	470	483	17	500	0	500	500	0	0	0	0	
4.0549978624e+02	6	551	5	469	486	14	500	0	500	500	0	0	0	0	
4.0599964613e+02	6	552	3	472	484	16	500	0	500	500	0	0	0	0	
4.0649732952e+02	5	553	3	472	485	15	500	0	500	500	0	0	0	0	
4.0699992269e+02	5	553	3	473	480	20	500	0	500	500	0	0	0	0	
4.0749970179e+02	9	548	8	470	488	12	500	0	500	500	0	0	0	0	
4.0799974285e+02	10	550	7	466	483	17	500	0	500	500	0	0	0	0	
4.0849995623e+02	9	551	3	469	484	16	500	0	500	500	0	0	0	0	
4.0899904444e+02	11	549	3	470	486	14	500	0	500	500	0	0	0	0	
4.0949848876e+02	9	551	4	472	489	11	500	0	500	500	0	0	0	0	
4.0999794044e+02	8	551	6	466	486	14	500	0	500	500	0	0	0	0	
4.1049962790e+02	9	552	3	469	492	8	500	0	500	500	0	0	0	0	
4.1099759260e+02	9	553	1	474	488	12	500	0	500	500	0	0	0	0	
4.1149973738e+02	10	553	6	471	487	13	500	0	500	500	0	0	0	0	
4.1199881822e+02	9	555	6	468	478	22	500	0	500	500	0	0	0	0	
4.1249996131e+02	10	554	4	467	490	10	500	0	500	500	0	0	0	0	
4.1299932566e+02	9	555	3	470	485	15	500	0	500	500	0	0	0	0	
4.1349854232e+02	9	554	2	474	492	8	500	0	500	500	0	0	0	0	
4.1399979454e+02	10	554	1	475	482	18	500	0	500	500	0	0	0	0	
4.1449871679e+02	7	558	9	468	486	14	500	0	500	500	0	0	0	0	
4.1499860158e+02	7	559	6	471	489	11	500	0	500	500	0	0	0	0	
4.1549849274e+02	8	560	5	470	487	13	500	0	500	500	0	0	0	0	
4.1599992311e+02	8	560	2	471	482	18	500	0	500	500	0	0	0	0	
4.1649977274e+02	9	559	3	471	487	13	500	0	500	500	0	0	0	0	
4.1699884738e+02	7	562	0	474	490	10	500	0	500	500	0	0	0	0	
4.1749879450e+02	6	565	5	472	492	8	500	0	500	500	0	0	0	0	
4.1799879776e+02	6	566	2	477	485	15	500	0	500	500	0	0	0	0	
4.1849994126e+02	8	565	6	471	485	15	500	0	500	500	0	0	0	0	
4.1899854460e+02	7	567	7	471	494	6	500	0	500	500	0	0	0	0	
4.1949977676e+02	6	571	7	472	486	14	500	0	500	500	0	0	0	0	
4.1999895515e+02	6	572	4	478	494	6	500	0	500	500	0	0	0	0	
4.2049924696e+02	8	571	4	480	491	9	500	0	500	500	0	0	0	0	
4.2099730475e+02	8	572	3	484	481	19	500	0	500	500	0	0	0	0	
4.2149987809e+02	9	569	6	482	483	17	500	0	500	500	0	0	0	0	
4.2199784363e+02	11	567	2	486	490	10	500	0	500	500	0	0	0	0	
4.2249774698e+02	13	568	2	487	489	11	500	0	500	500	0	0	0	0	
4.2299769290e+02	9	574	9	479	481	19	500	0	500	500	0	0	0	0	
4.2349648552e+02	7	574	7	482	482	18	500	0	500	500	0	0	0	0	
4.2399956093e+02	9	572	5	484	490	10	500	0	500	500	0	0	0	0	
4.2449973703e+02	10	570	6	483	492	8	500	0	500	500	0	0	0	0	
4.2499905424e+02	7	573	3	482	483	17	500	0	500	500	0	0	0	0	
4.2549993961e+02	6	575	6	481	490	10	500	0	500	500	0	0	0	0	
4.2599955063e+02	6	576	5	481	482	18	500	0	500	500	0	0	0	0	
4.2649991252e+02	7	575	4	484	483	17	500	0	500	500	0	0	0	0	
4.2699574281e+02	10	571	3	483	491	9	500	0	500	500	0	0	0	0	
4.2749908495e+02	11	570	4	483	490	10	500	0	500	500	0	0	0	0	
4.2799602448e+02	9	573	3	482	497	3	500	0	500	500	0	0	0	0	
4.2849390398e+02	9	573	1	486	493	7	500	0	500	500	0	0	0	0	
4.2899966761e+02	12	570	3	485	487	13	500	0	500	500	0	0	0	0	
4.2949693568e+02	14	567	2	491	490	10	500	0	500	500	0	0	0	0	
4.2999962063e+02	9	572	5	488	484	16	500	0	500	500	0	0	0	0	
4.3049812323e+02	9	573	3	492	487	13	500	0	500	500	0	0	0	0	
4.3099521032e+02	9	574	2	494	479	21	500	0	500	500	0	0	0	0	
4.3149952812e+02	9	574	2	494	491	9	500	0	500	500	0	0	0	0	
4.3199844001e+02	9	575	6	490	488	12	500	0	500	500	0	0	0	0	
4.3249788959e+02	7	578	4	495	489	11	500	0	500	500	0	0	0	0	
4.3299842196e+02	10	574	6	491	490	10	500	0	500	500	0	0	0	0	
4.3349921748e+02	14	570	6	490	483	17	500	0	500	500	0	0	0	0	
4.3399915975e+02	14	569	6	491	490	10	500	0	500	500	0	0	0	0	
4.3449905882e+02	13	570	7	489	488	12	500	0	500	500	0	0	0	0	
4.3499625002e+02	10	573	4	491	493	7	500	0	500	500	0	0	0	0	
4.3549708129e+02	10	573	5	488	489	11	500	0	500	500	0	0	0	0	
4.3599275780e+02	9	573	4	488	485	15	500	0	500	500	0	0	0	0	
4.3649865797e+02	6	576	4	491	489	11	500	0	500	500	0	0	0	0	
4.3699851945e+02	7	575	5	489	487	13	500	0	500	500	0	0	0	0	
4.3749926793e+02	8	573	2	489	486	14	500	0	500	500	0	0	0	0	
4.3799868749e+02	4	578	5	489	488	12	500	0	500	500	0	0	0	0	
4.3849943939e+02	4	579	5	487	481	19	500	0	500	500	0	0	0	0	
4.3899917816e+02	5	580	5	488	485	15	500	0	500	500	0	0	0	0	
4.3949980714e+02	5	581	5	489	478	22	500	0	500	500	0	0	0	0	
4.3999532679e+02	3	583	3	489	493	7	500	0	500	500	0	0	0	0	
4.4049923464e+02	4	583	7	487	495	5	500	0	500	500	0	0	0	0	
4.4099889336e+02	5	582	6	490	491	9	500	0	500	500	0	0	0	0	
4.4149357910e+02	5	582	3	493	487	13	500	0	500	500	0	0	0	0	
4.4199960545e+02	5	582	5	487	481	19	500	0	500	500	0	0	0	0	
4.4249977227e+02	7	581	3	489	486	14	500	0	500	500	0	0	0	0	
4.4299962427e+02	7	582	3	487	486	14	500	0	500	500	0	0	0	0	
4.4349841084e+02	5	587	3	483	494	6	500	0	500	500	0	0	0	0	
4.4399459763e+02	6	587	4	482	495	5	500	0	500	500	0	0	0	0	
4.4449742625e+02	9	585	4	482	483	17	500	0	500	500	0	0	0	0	
4.4499442333e+02	7	588	2	485	490	10	500	0	500	500	0	0	0	0	
4.4549866606e+02	6	588	3	482	484	16	500	0	500	500	0	0	0	0	
4.4599802751e+02	6	589	0	485	490	10	500	0	500	500	0	0	0	0	
4.4649676087e+02	5	590	3	483	490	10	500	0	500	500	0	0	0	0	
4.4699997576e+02	6	590	3	483	486	14	500	0	500	500	0	0	0	0	
4.4749652800e+02	12	583	6	478	485	15	500	0	500	500	0	0	0	0	
4.4799975768e+02	10	585	8	475	489	11	500	0	500	500	0	0	0	0	
4.4849837852e+02	9	587	5	478	491	9	500	0	500	500	0	0	0	0	
4.4899841338e+02	10	586	3	479	485	15	500	0	500	500	0	0	0	0	
4.4949905331e+02	10	588	11	469	488	12	500	0	500	500	0	0	0	0	
4.4999894455e+02	11	588	7	474	492	8	500	0	500	500	0	0	0	0	
4.5049650893e+02	13	587	4	474	486	14	500	0	500	500	0	0	0	0	
4.5099881205e+02	14	585	6	474	487	13	500	0	500	500	0	0	0	0	
4.5149980279e+02	9	590	4	477	486	14	500	0	500	500	0	0	0	0	
4.5199931359e+02	8	592	3	477	482	18	500	0	500	500	0	0	0	0	
4.5249999930e+02	7	595	2	481	488	12	500	0	500	500	0	0	0	0	
4.5299932908e+02	8	595	4	483	485	15	500	0	500	500	0	0	0	0	
4.5349849941e+02	6	598	2	488	496	4	500	0	500	500	0	0	0	0	
4.5399828187e+02	7	599	4	488	489	11	500	0	500	500	0	0	0	0	
4.5449986774e+02	9	597	8	486	482	18	500	0	500	500	0	0	0	0	
4.5499970488e+02	9	599	3	491	485	15	500	0	500	500	0	0	0	0	
4.5549963650e+02	8	599	4	488	487	13	500	0	500	500	0	0	0	0	
4.5599825248e+02	8	600	0	495	483	17	500	0	500	500	0	0	0	0	
4.5649777155e+02	8	600	3	491	480	20	500	0	500	500	0	0	0	0	
4.5699761743e+02	11	598	6	490	498	2	500	0	500	500	0	0	0	0	
4.5749944926e+02	10	600	5	494	492	8	500	0	500	500	0	0	0	0	
4.5799482564e+02	6	605	8	490	488	12	500	0	500	500	0	0	0	0	
4.5849391756e+02	8	603	4	495	488	12	500	0	500	500	0	0	0	0	
4.5899816355e+02	9	604	3	497	493	7	500	0	500	500	0	0	0	0	
4.5949599213e+02	10	606	6	492	490	10	500	0	500	500	0	0	0	0	
4.5999531908e+02	7	610	3	495	488	12	500	0	500	500	0	0	0	0	
4.6049959229e+02	9	607	3	497	488	12	500	0	500	500	0	0	0	0	
4.6099983213e+02	7	609	5	495	489	11	500	0	500	500	0	0	0	0	
4.6149588128e+02	10	606	8	491	489	11	500	0	500	500	0	0	0	0	
4.6199269416e+02	9	607	0	496	489	11	500	0	500	500	0	0	0	0	
4.6249969876e+02	12	605	7	490	487	13	500	0	500	500	0	0	0	0	
4.6299970992e+02	10	606	1	495	488	12	500	0	500	500	0	0	0	0	
4.6349703064e+02	11	603	2	494	487	13	500	0	500	500	0	0	0	0	
4.6399697000e+02	11	604	0	497	491	9	500	0	500	500	0	0	0	0	
4.6449680601e+02	12	603	7	488	493	7	500	0	500	500	0	0	0	0	
4.6499980736e+02	11	603	3	490	484	16	500	0	500	500	0	0	0	0	
4.6549831819e+02	16	601	4	483	486	14	500	0	500	500	0	0	0	0	
4.6599998581e+02	17	600	7	478	490	10	500	0	500	500	0	0	0	0	
4.6649666315e+02	15	601	4	481	494	6	500	0	500	500	0	0	0	0	
4.6699808102e+02	14	603	2	485	488	12	500	0	500	500	0	0	0	0	
4.6749893053e+02	9	610	5	478	488	12	500	0	500	500	0	0	0	0	
4.6799898166e+02	9	609	4	476	486	14	500	0	500	500	0	0	0	0	
4.6849656561e+02	7	609	3	480	484	16	500	0	500	500	0	0	0	0	
4.6899844084e+02	7	609	2	480	483	17	500	0	500	500	0	0	0	0	
4.6949904436e+02	9	607	4	483	491	9	500	0	500	500	0	0	0	0	
4.6999976666e+02	8	612	2	482	486	14	500	0	500	500	0	0	0	0	
4.7049670685e+02	7	614	5	478	488	12	500	0	500	500	0	0	0	0	
4.7099896954e+02	5	617	0	481	492	8	500	0	500	500	0	0	0	0	
4.7149773892e+02	8	615	6	478	493	7	500	0	500	500	0	0	0	0	
4.7199871784e+02	6	617	5	476	489	11	500	0	500	500	0	0	0	0	
4.7249675901e+02	5	621	5	479	482	18	500	0	500	500	0	0	0	0	
4.7299643384e+02	9	619	7	479	491	9	500	0	500	500	0	0	0	0	
4.7349907229e+02	13	614	4	483	491	9	500	0	500	500	0	0	0	0	
4.7399821781e+02	11	617	4	484	488	12	500	0	500	500	0	0	0	0	
4.7449717921e+02	10	619	4	483	489	11	500	0	500	500	0	0	0	0	
4.7499998406e+02	10	619	3	481	485	15	500	0	500	500	0	0	0	0	
4.7549955740e+02	8	623	1	480	489	11	500	0	500	500	0	0	0	0	
4.7599858791e+02	9	621	1	474	482	18	500	0	500	500	0	0	0	0	
4.7649954778e+02	8	622	4	469	492	8	500	0	500	500	0	0	0	0	
4.7699959960e+02	9	621	5	476	487	13	500	0	500	500	0	0	0	0	
4.7749744822e+02	9	620	5	476	486	14	500	0	500	500	0	0	0	0	
4.7799862891e+02	10	621	3	478	486	14	500	0	500	500	0	0	0	0	
4.7849680025e+02	10	622	3	480	485	15	500	0	500	500	0	0	0	0	
4.7899895902e+02	9	623	1	482	484	16	500	0	500	500	0	0	0	0	
4.7949858253e+02	9	624	3	480	497	3	500	0	500	500	0	0	0	0	
4.7999960965e+02	5	627	7	479	487	13	500	0	500	500	0	0	0	0	
4.8049524926e+02	5	626	4	484	489	11	500	0	500	500	0	0	0	0	
4.8099620568e+02	5	625	7	482	491	9	500	0	500	500	0	0	0	0	
4.8149859187e+02	5	625	2	488	481	19	500	0	500	500	0	0	0	0	
4.8199970846e+02	4	626	2	486	490	10	500	0	500	500	0	0	0	0	
4.8249935239e+02	4	626	4	482	488	12	500	0	500	500	0	0	0	0	
4.8299997358e+02	4	626	3	486	491	9	500	0	500	500	0	0	0	0	
4.8349976914e+02	3	628	3	486	491	9	500	0	500	500	0	0	0	0	
4.8399929688e+02	4	626	6	483	491	9	500	0	500	500	0	0	0	0	
4.8449840853e+02	1	629	8	483	492	8	500	0	500	500	0	0	0	0	
4.8499966410e+02	1	630	2	488	491	9	500	0	500	500	0	0	0	0	
4.8549867682e+02	2	629	7	487	491	9	500	0	500	500	0	0	0	0	
4.8599904439e+02	6	626	8	486	490	10	500	0	500	500	0	0	0	0	
4.8649912645e+02	6	626	8	485	490	10	500	0	500	500	0	0	0	0	
4.8699842921e+02	6	626	1	488	485	15	500	0	500	500	0	0	0	0	
4.8749929334e+02	6	625	3	486	484	16	500	0	500	500	0	0	0	0	
4.8799394040e+02	6	626	4	482	484	16	500	0	500	500	0	0	0	0	
4.8849667919e+02	3	630	4	479	494	6	500	0	500	500	0	0	0	0	
4.8899589957e+02	5	627	3	482	491	9	500	0	500	500	0	0	0	0	
4.8949989616e+02	5	627	8	474	489	11	500	0	500	500	0	0	0	0	
4.8999963669e+02	4	629	2	479	489	11	500	0	500	500	0	0	0	0	
4.9049971206e+02	3	631	8	471	489	11	500	0	500	500	0	0	0	0	
4.9099926162e+02	4	630	3	476	487	13	500	0	500	500	0	0	0	0	
4.9149938902e+02	5	629	6	470	482	18	500	0	500	500	0	0	0	0	
4.9199936871e+02	7	628	2	474	490	10	500	0	500	500	0	0	0	0	
4.9249924169e+02	9	626	5	471	488	12	500	0	500	500	0	0	0	0	
4.9299772611e+02	11	623	3	471	482	18	500	0	500	500	0	0	0	0	
4.9349956425e+02	10	627	3	472	488	12	500	0	500	500	0	0	0	0	
4.9399987987e+02	8	629	7	469	486	14	500	0	500	500	0	0	0	0	
4.9449985906e+02	4	632	5	467	477	23	500	0	500	500	0	0	0	0	
4.9499755560e+02	3	633	2	471	494	6	500	0	500	500	0	0	0	0	
4.9549873752e+02	3	632	6	465	479	21	500	0	500	500	0	0	0	0	
4.9599979774e+02	4	630	7	464	488	12	500	0	500	500	0	0	0	0	
4.9649947596e+02	5	629	6	464	495	5	500	0	500	500	0	0	0	0	
4.9699831308e+02	7	628	2	471	488	12	500	0	500	500	0	0	0	0	
4.9749855044e+02	5	631	6	464	485	15	500	0	500	500	0	0	0	0	
4.9799942038e+02	10	628	3	466	491	9	500	0	500	500	0	0	0	0	
4.9849999538e+02	10	628	4	465	485	15	500	0	500	500	0	0	0	0	
4.9899935375e+02	10	628	6	461	489	11	500	0	500	500	0	0	0	0	
4.9949975542e+02	11	628	3	465	487	13	500	0	500	500	0	0	0	0	
4.9999929720e+02	10	629	3	464	489	11	500	0	500	500	0	0	0	0	
5.0000018626e+02	10	629	3	464	490	10	500	0	500	500	0	0	0	0	
