0.0000000000e+00	0	0	500	0	0	0	0	500	500	500	500	0	0	40	
4.9769401945e-01	0	1	475	25	1	90	0	500	500	500	500	0	0	40	
9.9888880465e-01	0	2	461	39	0	169	0	500	500	500	500	0	0	40	
1.4989533577e+00	1	2	456	44	0	268	0	500	500	500	500	0	0	40	
1.9994314435e+00	2	2	456	44	0	322	0	500	500	500	500	0	0	40	
2.4976394385e+00	2	4	470	30	0	358	0	500	500	500	500	0	0	40	
2.9992382986e+00	4	3	461	39	1	371	0	500	500	500	500	0	0	40	
3.4990883948e+00	4	3	453	47	1	381	0	500	500	500	500	0	0	40	
3.9990701714e+00	4	4	457	43	2	382	0	500	500	500	500	0	0	40	
4.4975735628e+00	6	2	457	43	0	406	0	500	500	500	500	0	0	40	
4.9995955323e+00	6	3	461	39	0	422	0	500	500	500	500	0	0	40	
5.4959436581e+00	7	3	459	41	1	433	0	500	500	500	500	0	0	40	
5.9994627655e+00	8	4	469	31	1	457	0	500	500	500	500	0	0	40	
6.4995544725e+00	7	5	458	42	3	465	0	500	500	500	500	0	0	40	
6.9983836952e+00	8	4	455	45	2	478	0	500	500	500	500	0	0	40	
7.4980287094e+00	8	6	454	46	1	494	0	500	500	500	500	0	0	40	
7.9997496270e+00	8	6	451	49	3	514	0	500	500	500	500	0	0	40	
8.4993643778e+00	9	8	447	53	2	496	0	500	500	500	500	0	0	40	
8.9966572114e+00	12	5	444	56	2	502	0	500	500	500	500	0	0	40	
9.4953679503e+00	13	4	445	55	2	491	0	500	500	500	500	0	0	40	
9.9979596623e+00	14	3	444	56	0	499	0	500	500	500	500	0	0	40	
1.0499692133e+01	13	6	440	60	2	493	0	500	500	500	500	0	0	40	
1.0999201084e+01	14	7	440	60	2	503	0	500	500	500	500	0	0	40	
1.1499704718e+01	16	6	447	53	1	489	0	500	500	500	500	0	0	40	
1.1994261084e+01	16	7	457	43	4	499	0	500	500	500	500	0	0	40	
1.2499920483e+01	17	6	469	31	2	512	0	500	500	500	500	0	0	40	
1.2996777257e+01	23	1	461	39	1	515	0	500	500	500	500	0	0	40	
1.3499646346e+01	22	1	465	35	0	495	0	500	500	500	500	0	0	40	
1.3999845613e+01	22	2	466	34	0	510	0	500	500	500	500	0	0	40	
1.4499592361e+01	21	3	467	33	1	514	0	500	500	500	500	0	0	40	
1.4998652355e+01	20	4	463	37	0	494	0	500	500	500	500	0	0	40	
1.5498254821e+01	21	3	458	42	0	507	0	500	500	500	500	0	0	40	
1.5998064726e+01	21	5	459	41	0	514	0	500	500	500	500	0	0	40	
1.6498601378e+01	22	5	455	45	0	509	0	500	500	500	500	0	0	40	
1.6997527581e+01	22	7	454	46	2	511	0	500	500	500	500	0	0	40	
1.7499467096e+01	22	8	448	52	1	480	0	500	500	500	500	0	0	40	
1.7999237063e+01	25	7	458	42	1	495	0	500	500	500	500	0	0	40	
1.8497299610e+01	24	10	454	46	1	496	0	500	500	500	500	0	0	40	
1.8998985493e+01	25	11	461	39	4	477	0	500	500	500	500	0	0	40	
1.9499343321e+01	28	8	454	46	1	475	0	500	500	500	500	0	0	40	
1.9999567903e+01	30	7	451	49	2	467	0	500	500	500	500	0	0	40	
2.0499774823e+01	31	8	439	61	2	480	0	500	500	500	500	0	0	40	
2.0992695767e+01	32	7	442	58	1	496	0	500	500	500	500	0	0	40	
2.1499526629e+01	33	7	445	55	1	492	0	500	500	500	500	0	0	40	
2.1998334092e+01	33	7	447	53	4	486	0	500	500	500	500	0	0	40	
2.2498010068e+01	35	5	442	58	3	471	0	500	500	500	500	0	0	40	
2.2989839180e+01	37	7	450	50	1	478	0	500	500	500	500	0	0	40	
2.3498330545e+01	38	7	452	48	0	484	0	500	500	500	500	0	0	40	
2.3997825308e+01	38	7	445	55	1	475	0	500	500	500	500	0	0	40	
2.4498756793e+01	39	7	448	52	0	490	0	500	500	500	500	0	0	40	
2.4999271135e+01	39	8	451	49	1	486	0	500	500	500	500	0	0	40	
2.5499655388e+01	39	8	451	49	3	496	0	500	500	500	500	0	0	40	
2.5999532014e+01	44	3	465	35	1	486	0	500	500	500	500	0	0	40	
2.6499648735e+01	44	3	459	41	1	504	0	500	500	500	500	0	0	40	
2.6998481630e+01	42	6	475	25	2	497	0	500	500	500	500	0	0	40	
2.7499511010e+01	42	8	465	35	0	507	0	500	500	500	500	0	0	40	
2.7999668412e+01	43	7	455	45	3	516	0	500	500	500	500	0	0	40	
2.8496654399e+01	44	8	452	48	2	525	0	500	500	500	500	0	0	40	
2.8998910203e+01	45	7	455	45	3	524	0	500	500	500	500	0	0	40	
2.9498686807e+01	46	6	462	38	1	489	0	500	500	500	500	0	0	40	
2.9997390432e+01	47	8	460	40	2	488	0	500	500	500	500	0	0	40	
3.0498782376e+01	50	5	452	48	2	466	0	500	500	500	500	0	0	40	
3.0999656650e+01	51	4	443	57	0	471	0	500	500	500	500	0	0	40	
3.1499115135e+01	52	3	449	51	0	497	0	500	500	500	500	0	0	40	
3.1998306407e+01	50	6	454	46	0	524	0	500	500	500	500	0	0	40	
3.2499959586e+01	52	6	463	37	3	546	0	500	500	500	500	0	0	40	
3.2997998468e+01	53	8	462	38	1	540	0	500	500	500	500	0	0	40	
3.3499582158e+01	54	8	453	47	4	510	0	500	500	500	500	0	0	40	
3.3999721409e+01	55	7	452	48	2	488	0	500	500	500	500	0	0	40	
3.4494727167e+01	56	7	440	60	0	499	0	500	500	500	500	0	0	40	
3.4995280867e+01	57	6	453	47	1	501	0	500	500	500	500	0	0	40	
3.5499993359e+01	56	6	457	43	2	486	0	500	500	500	500	0	0	40	
3.5998550316e+01	56	6	453	47	1	477	0	500	500	500	500	0	0	40	
3.6499826187e+01	56	9	454	46	2	482	0	500	500	500	500	0	0	40	
3.6998482592e+01	56	9	439	61	5	487	0	500	500	500	500	0	0	40	
3.7494043416e+01	58	8	441	59	2	496	0	500	500	500	500	0	0	40	
3.7999688828e+01	56	11	452	48	3	523	0	500	500	500	500	0	0	40	
3.8499987477e+01	62	7	444	56	1	495	0	500	500	500	500	0	0	40	
3.8999227074e+01	65	8	438	62	4	504	0	500	500	500	500	0	0	40	
3.9498065441e+01	68	5	445	55	3	533	0	500	500	500	500	0	0	40	
3.9996914488e+01	70	6	444	56	2	505	0	500	500	500	500	0	0	40	
4.0497359925e+01	69	7	459	41	2	497	0	500	500	500	500	0	0	40	
4.0994886977e+01	73	3	463	37	0	511	0	500	500	500	500	0	0	40	
4.1497733079e+01	70	6	458	42	1	509	0	500	500	500	500	0	0	40	
4.1999892036e+01	72	4	458	42	1	499	0	500	500	500	500	0	0	40	
4.2498078293e+01	71	8	459	41	1	507	0	500	500	500	500	0	0	40	
4.2995013983e+01	66	15	469	31	3	514	0	500	500	500	500	0	0	40	
4.3499369027e+01	70	11	471	29	1	502	0	500	500	500	500	0	0	40	
4.3998910739e+01	72	10	461	39	2	527	0	500	500	500	500	0	0	40	
4.4499320165e+01	71	13	454	46	2	517	0	500	500	500	500	0	0	40	
4.4999262067e+01	74	10	468	32	1	501	0	500	500	500	500	0	0	40	
4.5498438854e+01	76	8	463	37	6	481	0	500	500	500	500	0	0	40	
4.5998104362e+01	76	11	457	43	4	477	0	500	500	500	500	0	0	40	
4.6498861026e+01	77	10	463	37	3	465	0	500	500	500	500	0	0	40	
4.6999613815e+01	78	9	463	37	0	478	0	500	500	500	500	0	0	40	
4.7497372811e+01	79	8	461	39	0	465	0	500	500	500	500	0	0	40	
4.7999008360e+01	80	8	461	39	3	466	0	500	500	500	500	0	0	40	
4.8497183891e+01	79	8	443	57	3	458	0	500	500	500	500	0	0	40	
4.8999393899e+01	77	11	456	44	4	460	0	500	500	500	500	0	0	40	
4.9499643861e+01	78	12	467	33	2	453	0	500	500	500	500	0	0	40	
4.9999296147e+01	79	11	457	43	2	457	0	500	500	500	500	0	0	40	
5.0497234246e+01	80	12	466	34	4	464	0	500	500	500	500	0	0	40	
5.0998833290e+01	83	10	455	45	7	454	0	500	500	500	500	0	0	40	
5.1499625832e+01	85	9	460	40	3	466	0	500	500	500	500	0	0	40	
5.1996374200e+01	85	10	453	47	2	485	0	500	500	500	500	0	0	40	
5.2499915532e+01	86	10	454	46	6	493	0	500	500	500	500	0	0	40	
5.2999394346e+01	89	8	450	50	1	492	0	500	500	500	500	0	0	40	
5.3499064171e+01	88	11	462	38	1	495	0	500	500	500	500	0	0	40	
5.3998589604e+01	89	11	450	50	2	489	0	500	500	500	500	0	0	40	
5.4499624207e+01	90	11	450	50	2	526	0	500	500	500	500	0	0	40	
5.4996878036e+01	92	9	444	56	1	499	0	500	500	500	500	0	0	40	
5.5497027404e+01	94	9	443	57	1	496	0	500	500	500	500	0	0	40	
5.5997759100e+01	96	8	448	52	4	490	0	500	500	500	500	0	0	40	
5.6499597905e+01	95	12	447	53	5	518	0	500	500	500	500	0	0	40	
5.6999372361e+01	100	8	456	44	4	511	0	500	500	500	500	0	0	40	
5.7499003806e+01	99	9	466	34	3	531	0	500	500	500	500	0	0	40	
5.7999697425e+01	102	6	465	35	2	523	0	500	500	500	500	0	0	40	
5.8499550461e+01	101	9	472	28	5	517	0	500	500	500	500	0	0	40	
5.8999474400e+01	101	9	468	32	7	512	0	500	500	500	500	0	0	40	
5.9498303812e+01	100	10	467	33	6	477	0	500	500	500	500	0	0	40	
5.9999391375e+01	98	12	470	30	1	519	0	500	500	500	500	0	0	40	
6.0499428854e+01	102	9	460	40	0	518	0	500	500	500	500	0	0	40	
6.0998265224e+01	106	7	451	49	1	488	0	500	500	500	500	0	0	40	
6.1497929828e+01	106	7	456	44	2	475	0	500	500	500	500	0	0	40	
6.1996695710e+01	104	11	447	53	7	460	0	500	500	500	500	0	0	40	
6.2498497752e+01	106	9	455	45	2	455	0	500	500	500	500	0	0	40	
6.2999434095e+01	107	9	457	43	4	485	0	500	500	500	500	0	0	40	
6.3499407432e+01	109	8	472	28	4	512	0	500	500	500	500	0	0	40	
6.3999660127e+01	109	10	468	32	7	500	0	500	500	500	500	0	0	40	
6.4499446994e+01	109	14	463	37	3	500	0	500	500	500	500	0	0	40	
6.4997594894e+01	111	12	453	47	6	495	0	500	500	500	500	0	0	40	
6.5499601302e+01	115	10	462	38	4	501	0	500	500	500	500	0	0	40	
6.5996393561e+01	113	12	465	35	1	513	0	500	500	500	500	0	0	40	
6.6498731389e+01	115	11	461	39	4	488	0	500	500	500	500	0	0	40	
6.6998404543e+01	116	11	453	47	1	497	0	500	500	500	500	0	0	40	
6.7497861113e+01	114	14	468	32	3	486	0	500	500	500	500	0	0	40	
6.7997880801e+01	116	14	475	25	4	473	0	500	500	500	500	0	0	40	
6.8498331110e+01	120	10	479	21	4	452	0	500	500	500	500	0	0	40	
6.8999890281e+01	120	11	466	34	3	460	0	500	500	500	500	0	0	40	
6.9499033204e+01	121	11	469	31	1	484	0	500	500	500	500	0	0	40	
6.9999583730e+01	121	12	463	37	4	463	0	500	500	500	500	0	0	40	
7.0497783457e+01	122	13	455	45	6	460	0	500	500	500	500	0	0	40	
7.0999973945e+01	123	13	442	58	4	458	0	500	500	500	500	0	0	40	
7.1496194778e+01	121	16	448	52	9	444	0	500	500	500	500	0	0	40	
7.1995556459e+01	120	18	453	47	1	456	0	500	500	500	500	0	0	40	
7.2497822774e+01	124	14	474	26	3	429	0	500	500	500	500	0	0	40	
7.2996681845e+01	125	15	469	31	3	444	0	500	500	500	500	0	0	40	
7.3498426698e+01	124	17	464	36	4	429	0	500	500	500	500	0	0	40	
7.3996095144e+01	125	16	463	37	3	442	0	500	500	500	500	0	0	40	
7.4499392329e+01	127	15	443	57	6	481	0	500	500	500	500	0	0	40	
7.4998730197e+01	124	22	436	64	4	479	0	500	500	500	500	0	0	40	
7.5496730343e+01	123	23	444	56	3	475	0	500	500	500	500	0	0	40	
7.5995915240e+01	129	17	452	48	9	452	0	500	500	500	500	0	0	40	
7.6499226654e+01	129	17	450	50	6	428	0	500	500	500	500	0	0	40	
7.6999067780e+01	131	17	454	46	11	424	0	500	500	500	500	0	0	40	
7.7497243097e+01	133	20	456	44	9	442	0	500	500	500	500	0	0	40	
7.7999120756e+01	130	25	453	47	8	457	0	500	500	500	500	0	0	40	
7.8499718699e+01	129	25	458	42	5	449	0	500	500	500	500	0	0	40	
7.8999440229e+01	136	20	457	43	13	435	0	500	500	500	500	0	0	40	
7.9499382852e+01	138	20	446	54	8	448	0	500	500	500	500	0	0	40	
7.9999977101e+01	142	18	454	46	7	454	0	500	500	500	500	0	0	40	
8.0499201192e+01	141	20	460	40	1	458	0	500	500	500	500	0	0	40	
8.0999112078e+01	142	20	457	43	10	427	0	500	500	500	500	0	0	40	
8.1495721269e+01	142	20	451	49	7	440	0	500	500	500	500	0	0	40	
8.1999380073e+01	141	21	447	53	5	438	0	500	500	500	500	0	0	40	
8.2499050226e+01	143	22	448	52	7	440	0	500	500	500	500	0	0	40	
8.2995436616e+01	148	18	451	49	5	457	0	500	500	500	500	0	0	40	
8.3499313958e+01	149	18	452	48	4	458	0	500	500	500	500	0	0	40	
8.3999947433e+01	149	20	454	46	3	488	0	500	500	500	500	0	0	40	
8.4499798232e+01	147	22	450	50	10	497	0	500	500	500	500	0	0	40	
8.4999363885e+01	148	22	458	42	2	496	0	500	500	500	500	0	0	40	
8.5499868550e+01	156	15	471	29	8	489	0	500	500	500	500	0	0	40	
8.5999650177e+01	156	17	457	43	5	507	0	500	500	500	500	0	0	40	
8.6499626068e+01	156	17	458	42	5	509	0	500	500	500	500	0	0	40	
8.6998986549e+01	158	15	468	32	3	517	0	500	500	500	500	0	0	40	
8.7499379167e+01	159	14	466	34	6	511	0	500	500	500	500	0	0	40	
8.7996453900e+01	158	16	470	30	7	522	0	500	500	500	500	0	0	40	
8.8494120727e+01	160	16	475	25	6	542	0	500	500	500	500	0	0	40	
8.8999935231e+01	162	17	461	39	7	515	0	500	500	500	500	0	0	40	
8.9499424244e+01	162	18	457	43	4	512	0	500	500	500	500	0	0	40	
8.9999642302e+01	162	20	450	50	10	509	0	500	500	500	500	0	0	40	
9.0499199654e+01	168	15	472	28	5	510	0	500	500	500	500	0	0	40	
9.0996465865e+01	167	17	461	39	3	515	0	500	500	500	500	0	0	40	
9.1496992071e+01	169	15	459	41	5	518	0	500	500	500	500	0	0	40	
9.1997848631e+01	167	17	451	49	2	521	0	500	500	500	500	0	0	40	
9.2498479825e+01	169	17	440	60	6	533	0	500	500	500	500	0	0	40	
9.2999414002e+01	172	15	437	63	9	513	0	500	500	500	500	0	0	40	
9.3498870387e+01	174	15	444	56	2	518	0	500	500	500	500	0	0	40	
9.3999546976e+01	170	22	452	48	6	512	0	500	500	500	500	0	0	40	
9.4497829988e+01	174	21	458	42	3	497	0	500	500	500	500	0	0	40	
9.4999838083e+01	175	21	443	57	7	534	0	500	500	500	500	0	0	40	
9.5498176249e+01	174	24	448	52	10	504	0	500	500	500	500	0	0	40	
9.5999561277e+01	177	21	440	60	11	522	0	500	500	500	500	0	0	40	
9.6498046499e+01	178	21	442	58	10	521	0	500	500	500	500	0	0	40	
9.6998320996e+01	178	20	460	40	9	521	0	500	500	500	500	0	0	40	
9.7499222681e+01	178	21	468	32	5	472	0	500	500	500	500	0	0	40	
9.7996021227e+01	178	20	446	54	11	483	0	500	500	500	500	0	0	40	
9.8499653107e+01	181	19	448	52	5	484	0	500	500	500	500	0	0	40	
9.8999485311e+01	184	16	459	41	9	482	0	500	500	500	500	0	0	40	
9.9499501247e+01	185	17	452	48	6	488	0	500	500	500	500	0	0	40	
9.9998528397e+01	188	14	450	50	4	485	0	500	500	500	500	0	0	40	
1.0049986474e+02	186	17	457	43	4	478	0	500	500	500	500	0	0	40	
1.0099859146e+02	187	17	455	45	4	468	0	500	500	500	500	0	0	40	
1.0149990876e+02	185	18	448	52	9	454	0	500	500	500	500	0	0	40	
1.0199992889e+02	187	18	446	54	11	453	0	500	500	500	500	0	0	40	
1.0249878668e+02	181	25	440	60	5	466	0	500	500	500	500	0	0	40	
1.0299989560e+02	182	24	435	65	1	468	0	500	500	500	500	0	0	40	
1.0349928283e+02	181	29	441	59	10	461	0	500	500	500	500	0	0	40	
1.0399859512e+02	184	26	439	61	2	448	0	500	500	500	500	0	0	40	
1.0449908199e+02	188	22	446	54	11	457	0	500	500	500	500	0	0	40	
1.0499944603e+02	188	22	457	43	6	446	0	500	500	500	500	0	0	40	
1.0549814649e+02	193	18	448	52	4	468	0	500	500	500	500	0	0	40	
1.0599836182e+02	193	19	451	49	5	470	0	500	500	500	500	0	0	40	
1.0649957368e+02	196	17	455	45	2	499	0	500	500	500	500	0	0	40	
1.0699946945e+02	198	16	449	51	3	482	0	500	500	500	500	0	0	40	
1.0749795029e+02	200	14	457	43	2	467	0	500	500	500	500	0	0	40	
1.0799995012e+02	200	15	455	45	1	443	0	500	500	500	500	0	0	40	
1.0849846747e+02	203	14	444	56	6	424	0	500	500	500	500	0	0	40	
1.0899860542e+02	203	16	445	55	8	405	0	500	500	500	500	0	0	40	
1.0949578452e+02	205	13	464	36	6	416	0	500	500	500	500	0	0	40	
1.0999491260e+02	207	13	461	39	3	440	0	500	500	500	500	0	0	40	
1.1049547273e+02	208	13	464	36	0	448	0	500	500	500	500	0	0	40	
1.1099903069e+02	208	13	456	44	3	440	0	500	500	500	500	0	0	40	
1.1149814592e+02	207	13	451	49	3	456	0	500	500	500	500	0	0	40	
1.1199942129e+02	206	16	437	63	3	442	0	500	500	500	500	0	0	40	
1.1249736777e+02	203	19	441	59	5	441	0	500	500	500	500	0	0	40	
1.1299997670e+02	200	22	460	40	10	432	0	500	500	500	500	0	0	40	
1.1349766066e+02	200	24	456	44	7	416	0	500	500	500	500	0	0	40	
1.1399752029e+02	202	25	456	44	6	418	0	500	500	500	500	0	0	40	
1.1449968747e+02	203	24	463	37	10	419	0	500	500	500	500	0	0	40	
1.1499861870e+02	205	22	459	41	3	425	0	500	500	500	500	0	0	40	
1.1549545162e+02	206	21	451	49	4	428	0	500	500	500	500	0	0	40	
1.1599939507e+02	207	22	440	60	6	462	0	500	500	500	500	0	0	40	
1.1649957521e+02	206	23	443	57	3	478	0	500	500	500	500	0	0	40	
1.1699688957e+02	206	23	438	62	7	484	0	500	500	500	500	0	0	40	
1.1749923938e+02	205	26	449	51	6	502	0	500	500	500	500	0	0	40	
1.1799925044e+02	209	21	444	56	15	478	0	500	500	500	500	0	0	40	
1.1849927049e+02	210	19	456	44	6	502	0	500	500	500	500	0	0	40	
1.1899840146e+02	212	17	461	39	5	488	0	500	500	500	500	0	0	40	
1.1949703335e+02	214	15	446	54	2	485	0	500	500	500	500	0	0	40	
1.1999998310e+02	217	11	448	52	4	501	0	500	500	500	500	0	0	40	
1.2049883053e+02	214	14	454	46	5	467	0	500	500	500	500	0	0	40	
1.2099990108e+02	209	19	453	47	4	469	0	500	500	500	500	0	0	40	
1.2149948776e+02	208	18	448	52	5	471	0	500	500	500	500	0	0	40	
1.2199598494e+02	208	20	458	42	4	456	0	500	500	500	500	0	0	40	
1.2249940744e+02	211	17	458	42	5	446	0	500	500	500	500	0	0	40	
1.2299859084e+02	210	18	458	42	4	450	0	500	500	500	500	0	0	40	
1.2349898742e+02	209	19	456	44	4	461	0	500	500	500	500	0	0	40	
1.2399621320e+02	212	17	458	42	7	454	0	500	500	500	500	0	0	40	
1.2449978493e+02	211	18	455	45	3	461	0	500	500	500	500	0	0	40	
1.2499439712e+02	210	19	442	58	4	468	0	500	500	500	500	0	0	40	
1.2549987444e+02	207	23	453	47	10	458	0	500	500	500	500	0	0	40	
1.2599964151e+02	209	21	450	50	7	460	0	500	500	500	500	0	0	40	
1.2649962167e+02	208	22	435	65	5	452	0	500	500	500	500	0	0	40	
1.2699956943e+02	211	20	445	55	5	476	0	500	500	500	500	0	0	40	
1.2749972293e+02	207	24	449	51	4	456	0	500	500	500	500	0	0	40	
1.2799971305e+02	209	23	453	47	6	483	0	500	500	500	500	0	0	40	
1.2849854734e+02	211	24	456	44	9	486	0	500	500	500	500	0	0	40	
1.2899955799e+02	217	19	454	46	12	500	0	500	500	500	500	0	0	40	
1.2949966317e+02	216	25	463	37	6	514	0	500	500	500	500	0	0	40	
1.2999986076e+02	216	25	453	47	7	509	0	500	500	500	500	0	0	40	
1.3049958650e+02	215	26	461	39	12	489	0	500	500	500	500	0	0	40	
1.3099929491e+02	224	17	462	38	7	483	0	500	500	500	500	0	0	40	
1.3149946561e+02	224	17	467	33	5	486	0	500	500	500	500	0	0	40	
1.3199790570e+02	227	14	470	30	2	493	0	500	500	500	500	0	0	40	
1.3249927824e+02	229	12	469	31	3	507	0	500	500	500	500	0	0	40	
1.3299360726e+02	228	13	464	36	4	501	0	500	500	500	500	0	0	40	
1.3349847672e+02	224	14	447	53	3	509	0	500	500	500	500	0	0	40	
1.3399995603e+02	225	14	456	44	3	514	0	500	500	500	500	0	0	40	
1.3449991857e+02	224	15	450	50	3	502	0	500	500	500	500	0	0	40	
1.3499397647e+02	220	20	456	44	10	505	0	500	500	500	500	0	0	40	
1.3549776818e+02	221	20	454	46	12	487	0	500	500	500	500	0	0	40	
1.3599889719e+02	223	19	461	39	10	469	0	500	500	500	500	0	0	40	
1.3649986745e+02	219	25	453	47	7	461	0	500	500	500	500	0	0	40	
1.3699999521e+02	225	19	438	62	7	481	0	500	500	500	500	0	0	40	
1.3749911223e+02	222	23	447	53	4	467	0	500	500	500	500	0	0	40	
1.3799789236e+02	221	24	447	53	5	460	0	500	500	500	500	0	0	40	
1.3849963639e+02	223	23	449	51	10	448	0	500	500	500	500	0	0	40	
1.3899988198e+02	223	23	448	52	2	458	0	500	500	500	500	0	0	40	
1.3949925548e+02	224	24	460	40	8	463	0	500	500	500	500	0	0	40	
1.3999668906e+02	224	22	459	41	5	456	0	500	500	500	500	0	0	40	
1.4049799025e+02	220	27	449	51	9	464	0	500	500	500	500	0	0	40	
1.4099789886e+02	225	23	443	57	7	443	0	500	500	500	500	0	0	40	
1.4149991128e+02	229	19	440	60	1	449	0	500	500	500	500	0	0	40	
1.4199959156e+02	235	13	449	51	5	464	0	500	500	500	500	0	0	40	
1.4249828768e+02	234	14	458	42	4	473	0	500	500	500	500	0	0	40	
1.4299597958e+02	238	12	454	46	3	466	0	500	500	500	500	0	0	40	
1.4349829309e+02	238	12	450	50	4	466	0	500	500	500	500	0	0	40	
1.4399824486e+02	237	14	452	48	8	482	0	500	500	500	500	0	0	40	
1.4449548685e+02	233	20	451	49	6	479	0	500	500	500	500	0	0	40	
1.4499946726e+02	228	26	455	45	2	481	0	500	500	500	500	0	0	40	
1.4549978583e+02	229	26	462	38	8	453	0	500	500	500	500	0	0	40	
1.4599438475e+02	233	22	460	40	6	474	0	500	500	500	500	0	0	40	
1.4649962498e+02	234	22	464	36	7	492	0	500	500	500	500	0	0	40	
1.4699904173e+02	237	22	458	42	5	468	0	500	500	500	500	0	0	40	
1.4749953733e+02	238	24	458	42	8	459	0	500	500	500	500	0	0	40	
1.4799904323e+02	240	22	461	39	9	446	0	500	500	500	500	0	0	40	
1.4849978775e+02	240	23	452	48	13	439	0	500	500	500	500	0	0	40	
1.4899926665e+02	247	17	461	39	5	440	0	500	500	500	500	0	0	40	
1.4949988566e+02	248	16	465	35	6	445	0	500	500	500	500	0	0	40	
1.4999960106e+02	249	15	459	41	6	464	0	500	500	500	500	0	0	40	
1.5049580715e+02	250	15	453	47	8	484	0	500	500	500	500	0	0	40	
1.5099429888e+02	250	15	462	38	2	487	0	500	500	500	500	0	0	40	
1.5149946778e+02	251	14	459	41	5	459	0	500	500	500	500	0	0	40	
1.5199885621e+02	250	15	462	38	6	468	0	500	500	500	500	0	0	40	
1.5249966621e+02	249	16	460	40	10	450	0	500	500	500	500	0	0	40	
1.5299743041e+02	248	17	444	56	8	448	0	500	500	500	500	0	0	40	
1.5349734856e+02	251	15	447	53	4	459	0	500	500	500	500	0	0	40	
1.5399989602e+02	252	14	447	53	8	468	0	500	500	500	500	0	0	40	
1.5449929227e+02	251	15	464	36	4	457	0	500	500	500	500	0	0	40	
1.5499900182e+02	249	17	453	47	2	472	0	500	500	500	500	0	0	40	
1.5549985205e+02	252	15	461	39	3	469	0	500	500	500	500	0	0	40	
1.5599832200e+02	250	17	456	44	4	470	0	500	500	500	500	0	0	40	
1.5649811266e+02	246	20	464	36	5	478	0	500	500	500	500	0	0	40	
1.5699989883e+02	248	18	465	35	8	490	0	500	500	500	500	0	0	40	
1.5749904328e+02	254	13	466	34	2	526	0	500	500	500	500	0	0	40	
1.5799935370e+02	254	12	466	34	7	507	0	500	500	500	500	0	0	40	
1.5849990906e+02	250	16	463	37	7	489	0	500	500	500	500	0	0	40	
1.5899927658e+02	251	16	464	36	8	488	0	500	500	500	500	0	0	40	
1.5949979394e+02	254	16	452	48	5	488	0	500	500	500	500	0	0	40	
1.5999497622e+02	255	17	455	45	5	494	0	500	500	500	500	0	0	40	
1.6049825143e+02	257	16	456	44	6	483	0	500	500	500	500	0	0	40	
1.6099913925e+02	260	13	447	53	4	501	0	500	500	500	500	0	0	40	
1.6149984827e+02	258	19	448	52	4	497	0	500	500	500	500	0	0	40	
1.6199829537e+02	254	26	450	50	7	479	0	500	500	500	500	0	0	40	
1.6249774051e+02	260	20	463	37	7	498	0	500	500	500	500	0	0	40	
1.6299933166e+02	261	20	452	48	8	496	0	500	500	500	500	0	0	40	
1.6349889960e+02	261	19	451	49	5	517	0	500	500	500	500	0	0	40	
1.6399960415e+02	259	24	457	43	5	495	0	500	500	500	500	0	0	40	
1.6449992245e+02	262	23	458	42	9	479	0	500	500	500	500	0	0	40	
1.6499819085e+02	260	26	457	43	10	478	0	500	500	500	500	0	0	40	
1.6549928300e+02	260	26	446	54	6	511	0	500	500	500	500	0	0	40	
1.6599650473e+02	261	27	448	52	7	506	0	500	500	500	500	0	0	40	
1.6649895539e+02	264	22	446	54	6	525	0	500	500	500	500	0	0	40	
1.6699732046e+02	268	18	447	53	4	518	0	500	500	500	500	0	0	40	
1.6749932158e+02	270	15	455	45	3	527	0	500	500	500	500	0	0	40	
1.6799918885e+02	270	15	452	48	7	503	0	500	500	500	500	0	0	40	
1.6849900785e+02	266	20	455	45	10	497	0	500	500	500	500	0	0	40	
1.6899913238e+02	261	25	441	59	6	502	0	500	500	500	500	0	0	40	
1.6949821465e+02	262	25	444	56	8	517	0	500	500	500	500	0	0	40	
1.6999950992e+02	269	18	449	51	9	505	0	500	500	500	500	0	0	40	
1.7049882754e+02	268	18	443	57	7	498	0	500	500	500	500	0	0	40	
1.7099991727e+02	268	19	450	50	10	477	0	500	500	500	500	0	0	40	
1.7149822177e+02	270	18	454	46	7	476	0	500	500	500	500	0	0	40	
1.7199994918e+02	268	19	458	42	10	488	0	500	500	500	500	0	0	40	
1.7249930221e+02	270	18	457	43	5	479	0	500	500	500	500	0	0	40	
1.7299706071e+02	271	17	473	27	6	467	0	500	500	500	500	0	0	40	
1.7349944227e+02	269	19	462	38	9	468	0	500	500	500	500	0	0	40	
1.7399757035e+02	269	21	440	60	8	449	0	500	500	500	500	0	0	40	
1.7449743439e+02	263	27	440	60	9	461	0	500	500	500	500	0	0	40	
1.7499970692e+02	265	27	444	56	5	463	0	500	500	500	500	0	0	40	
1.7549611997e+02	267	27	456	44	5	466	0	500	500	500	500	0	0	40	
1.7599448248e+02	265	30	452	48	6	458	0	500	500	500	500	0	0	40	
1.7649972367e+02	265	29	454	46	8	461	0	500	500	500	500	0	0	40	
1.7699963442e+02	270	26	463	37	11	449	0	500	500	500	500	0	0	40	
1.7749943090e+02	274	23	462	38	8	446	0	500	500	500	500	0	0	40	
1.7799786518e+02	276	20	454	46	11	440	0	500	500	500	500	0	0	40	
1.7849948584e+02	271	25	457	43	8	448	0	500	500	500	500	0	0	40	
1.7899968707e+02	273	25	454	46	7	445	0	500	500	500	500	0	0	40	
1.7949990436e+02	276	22	455	45	6	430	0	500	500	500	500	0	0	40	
1.7999520702e+02	279	21	465	35	9	443	0	500	500	500	500	0	0	40	
1.8049741077e+02	283	17	461	39	10	467	0	500	500	500	500	0	0	40	
1.8099952693e+02	282	18	446	54	2	433	0	500	500	500	500	0	0	40	
1.8149959339e+02	280	20	448	52	6	439	0	500	500	500	500	0	0	40	
1.8199747635e+02	277	23	449	51	10	420	0	500	500	500	500	0	0	40	
1.8249889459e+02	278	24	459	41	11	454	0	500	500	500	500	0	0	40	
1.8299690352e+02	280	24	456	44	3	469	0	500	500	500	500	0	0	40	
1.8349971928e+02	279	25	457	43	8	471	0	500	500	500	500	0	0	40	
1.8399876260e+02	278	26	457	43	10	455	0	500	500	500	500	0	0	40	
1.8449889972e+02	280	23	460	40	5	475	0	500	500	500	500	0	0	40	
1.8499941482e+02	282	20	456	44	11	470	0	500	500	500	500	0	0	40	
1.8549948296e+02	280	21	447	53	3	464	0	500	500	500	500	0	0	40	
1.8599929306e+02	278	24	446	54	6	469	0	500	500	500	500	0	0	40	
1.8649989234e+02	276	28	458	42	9	475	0	500	500	500	500	0	0	40	
1.8699956458e+02	280	26	469	31	3	499	0	500	500	500	500	0	0	40	
1.8749974500e+02	286	20	465	35	6	503	0	500	500	500	500	0	0	40	
1.8799744304e+02	290	18	466	34	8	479	0	500	500	500	500	0	0	40	
1.8849878856e+02	291	19	451	49	4	471	0	500	500	500	500	0	0	40	
1.8899978485e+02	292	18	461	39	8	463	0	500	500	500	500	0	0	40	
1.8949779876e+02	284	27	453	47	9	438	0	500	500	500	500	0	0	40	
1.8999949280e+02	282	29	466	34	10	420	0	500	500	500	500	0	0	40	
1.9049984421e+02	285	26	473	27	12	413	0	500	500	500	500	0	0	40	
1.9099874009e+02	284	29	463	37	4	443	0	500	500	500	500	0	0	40	
1.9149800414e+02	283	29	462	38	6	455	0	500	500	500	500	0	0	40	
1.9199959597e+02	281	31	453	47	12	464	0	500	500	500	500	0	0	40	
1.9249446638e+02	285	27	461	39	7	456	0	500	500	500	500	0	0	40	
1.9299863433e+02	290	21	471	29	5	462	0	500	500	500	500	0	0	40	
1.9349938197e+02	293	18	470	30	9	486	0	500	500	500	500	0	0	40	
1.9399912505e+02	297	14	467	33	4	490	0	500	500	500	500	0	0	40	
1.9449832766e+02	295	17	458	42	3	498	0	500	500	500	500	0	0	40	
1.9499979539e+02	300	13	461	39	3	492	0	500	500	500	500	0	0	40	
1.9549907315e+02	297	16	457	43	5	498	0	500	500	500	500	0	0	40	
1.9599850956e+02	300	17	446	54	10	471	0	500	500	500	500	0	0	40	
1.9649936180e+02	297	20	438	62	7	465	0	500	500	500	500	0	0	40	
1.9699950558e+02	298	22	436	64	4	472	0	500	500	500	500	0	0	40	
1.9749316178e+02	299	21	431	69	4	456	0	500	500	500	500	0	0	40	
1.9799794005e+02	296	24	436	64	3	451	0	500	500	500	500	0	0	40	
1.9849781815e+02	294	25	434	66	10	432	0	500	500	500	500	0	0	40	
1.9899921218e+02	295	26	436	64	6	440	0	500	500	500	500	0	0	40	
1.9949853270e+02	287	34	436	64	9	446	0	500	500	500	500	0	0	40	
1.9999987535e+02	283	39	441	59	12	431	0	500	500	500	500	0	0	40	
2.0049975594e+02	285	39	452	48	13	424	0	500	500	500	500	0	0	40	
2.0099833911e+02	283	41	430	70	12	448	0	500	500	500	500	0	0	40	
2.0149860936e+02	289	37	446	54	13	440	0	500	500	500	500	0	0	40	
2.0199977403e+02	292	35	457	43	15	447	0	500	500	500	500	0	0	40	
2.0249772409e+02	294	34	458	42	23	435	0	500	500	500	500	0	0	40	
2.0299974989e+02	296	32	457	43	11	444	0	500	500	500	500	0	0	40	
2.0349770920e+02	301	27	461	39	11	441	0	500	500	500	500	0	0	40	
2.0399799223e+02	300	27	461	39	6	434	0	500	500	500	500	0	0	40	
2.0449979160e+02	304	24	463	37	7	434	0	500	500	500	500	0	0	40	
2.0499915031e+02	306	22	465	35	7	442	0	500	500	500	500	0	0	40	
2.0549581322e+02	305	23	448	52	13	441	0	500	500	500	500	0	0	40	
2.0599819512e+02	306	24	447	53	5	439	0	500	500	500	500	0	0	40	
2.0649981364e+02	306	26	448	52	4	445	0	500	500	500	500	0	0	40	
2.0699915295e+02	302	29	438	62	11	461	0	500	500	500	500	0	0	40	
2.0749925457e+02	302	30	432	68	5	463	0	500	500	500	500	0	0	40	
2.0799937305e+02	305	28	446	54	6	455	0	500	500	500	500	0	0	40	
2.0849782947e+02	306	29	450	50	9	468	0	500	500	500	500	0	0	40	
2.0899853795e+02	309	25	463	37	11	471	0	500	500	500	500	0	0	40	
2.0949917261e+02	307	24	470	30	8	458	0	500	500	500	500	0	0	40	
2.0999600470e+02	312	20	462	38	8	478	0	500	500	500	500	0	0	40	
2.1049994099e+02	316	17	463	37	4	495	0	500	500	500	500	0	0	40	
2.1099997060e+02	314	21	462	38	3	507	0	500	500	500	500	0	0	40	
2.1149913777e+02	316	21	456	44	2	499	0	500	500	500	500	0	0	40	
2.1199921352e+02	317	22	450	50	11	496	0	500	500	500	500	0	0	40	
2.1249953529e+02	313	26	447	53	9	493	0	500	500	500	500	0	0	40	
2.1299910654e+02	313	27	455	45	8	495	0	500	500	500	500	0	0	40	
2.1349712935e+02	313	27	450	50	11	473	0	500	500	500	500	0	0	40	
2.1399878678e+02	315	24	447	53	9	454	0	500	500	500	500	0	0	40	
2.1449865406e+02	319	20	449	51	5	435	0	500	500	500	500	0	0	40	
2.1499448467e+02	318	21	447	53	5	436	0	500	500	500	500	0	0	40	
2.1549896394e+02	317	23	453	47	5	428	0	500	500	500	500	0	0	40	
2.1599953708e+02	318	24	455	45	4	435	0	500	500	500	500	0	0	40	
2.1649483513e+02	313	30	453	47	5	427	0	500	500	500	500	0	0	40	
2.1699983966e+02	315	28	452	48	14	414	0	500	500	500	500	0	0	40	
2.1749828093e+02	320	24	454	46	6	433	0	500	500	500	500	0	0	40	
2.1799988587e+02	326	18	451	49	6	445	0	500	500	500	500	0	0	40	
2.1849890100e+02	323	21	449	51	5	468	0	500	500	500	500	0	0	40	
2.1899972784e+02	320	24	456	44	6	469	0	500	500	500	500	0	0	40	
2.1949768324e+02	320	24	460	40	8	465	0	500	500	500	500	0	0	40	
2.1999892610e+02	324	20	455	45	6	464	0	500	500	500	500	0	0	40	
2.2049777109e+02	321	24	459	41	7	452	0	500	500	500	500	0	0	40	
2.2099850308e+02	322	25	460	40	4	462	0	500	500	500	500	0	0	40	
2.2149765243e+02	325	23	451	49	6	430	0	500	500	500	500	0	0	40	
2.2199860392e+02	329	20	455	45	11	427	0	500	500	500	500	0	0	40	
2.2249959998e+02	327	23	451	49	8	431	0	500	500	500	500	0	0	40	
2.2299932012e+02	329	21	458	42	7	446	0	500	500	500	500	0	0	40	
2.2349787958e+02	331	19	468	32	15	456	0	500	500	500	500	0	0	40	
2.2399674119e+02	333	18	468	32	5	460	0	500	500	500	500	0	0	40	
2.2449627730e+02	333	19	458	42	7	463	0	500	500	500	500	0	0	40	
2.2499654878e+02	330	22	465	35	4	471	0	500	500	500	500	0	0	40	
2.2549715695e+02	335	19	462	38	6	474	0	500	500	500	500	0	0	40	
2.2599986189e+02	336	19	460	40	7	475	0	500	500	500	500	0	0	40	
2.2649954582e+02	336	19	452	48	5	473	0	500	500	500	500	0	0	40	
2.2699992966e+02	334	22	459	41	5	495	0	500	500	500	500	0	0	40	
2.2749959082e+02	336	21	457	43	6	482	0	500	500	500	500	0	0	40	
2.2799674113e+02	337	19	457	43	6	494	0	500	500	500	500	0	0	40	
2.2849984512e+02	340	16	469	31	10	492	0	500	500	500	500	0	0	40	
2.2899664322e+02	344	12	454	46	4	502	0	500	500	500	500	0	0	40	
2.2949991289e+02	342	15	461	39	4	524	0	500	500	500	500	0	0	40	
2.2999903990e+02	345	12	465	35	5	553	0	500	500	500	500	0	0	40	
2.3049876779e+02	343	15	458	42	3	525	0	500	500	500	500	0	0	40	
2.3099964880e+02	342	16	463	37	3	497	0	500	500	500	500	0	0	40	
2.3149827149e+02	345	13	461	39	4	485	0	500	500	500	500	0	0	40	
2.3199766874e+02	344	15	458	42	5	474	0	500	500	500	500	0	0	40	
2.3249895595e+02	346	12	449	51	5	482	0	500	500	500	500	0	0	40	
2.3299818294e+02	342	16	461	39	2	461	0	500	500	500	500	0	0	40	
2.3349796379e+02	344	17	457	43	4	452	0	500	500	500	500	0	0	40	
2.3399985377e+02	341	21	460	40	6	458	0	500	500	500	500	0	0	40	
2.3449943071e+02	342	21	453	47	3	473	0	500	500	500	500	0	0	40	
2.3499964357e+02	341	23	445	55	4	460	0	500	500	500	500	0	0	40	
2.3549798788e+02	343	21	449	51	6	449	0	500	500	500	500	0	0	40	
2.3599998506e+02	345	20	463	37	8	457	0	500	500	500	500	0	0	40	
2.3649983220e+02	343	23	460	40	5	454	0	500	500	500	500	0	0	40	
2.3699947549e+02	340	27	450	50	7	455	0	500	500	500	500	0	0	40	
2.3749744013e+02	338	30	450	50	11	476	0	500	500	500	500	0	0	40	
2.3799932405e+02	337	32	460	40	8	491	0	500	500	500	500	0	0	40	
2.3849989042e+02	338	30	458	42	9	475	0	500	500	500	500	0	0	40	
2.3899768287e+02	346	23	448	52	8	488	0	500	500	500	500	0	0	40	
2.3949994236e+02	348	21	448	52	8	488	0	500	500	500	500	0	0	40	
2.3999840402e+02	353	15	457	43	7	511	0	500	500	500	500	0	0	40	
2.4049994004e+02	351	17	453	47	1	511	0	500	500	500	500	0	0	40	
2.4099955425e+02	350	18	450	50	2	504	0	500	500	500	500	0	0	40	
2.4149965274e+02	353	17	445	55	9	478	0	500	500	500	500	0	0	40	
2.4199986973e+02	350	20	441	59	7	463	0	500	500	500	500	0	0	40	
2.4249948528e+02	355	14	446	54	2	457	0	500	500	500	500	0	0	40	
2.4299871913e+02	353	16	447	53	4	473	0	500	500	500	500	0	0	40	
2.4349858700e+02	355	17	459	41	6	453	0	500	500	500	500	0	0	40	
2.4399892876e+02	358	15	459	41	6	443	0	500	500	500	500	0	0	40	
2.4449973543e+02	356	15	453	47	9	421	0	500	500	500	500	0	0	40	
2.4499954558e+02	354	17	458	42	8	420	0	500	500	500	500	0	0	40	
2.4549780204e+02	356	17	448	52	3	413	0	500	500	500	500	0	0	40	
2.4599948423e+02	348	24	463	37	8	396	0	500	500	500	500	0	0	40	
2.4649989305e+02	349	24	464	36	7	425	0	500	500	500	500	0	0	40	
2.4699824844e+02	349	23	466	34	8	428	0	500	500	500	500	0	0	40	
2.4749942158e+02	354	18	470	30	5	436	0	500	500	500	500	0	0	40	
2.4799748318e+02	356	17	458	42	9	423	0	500	500	500	500	0	0	40	
2.4849991841e+02	356	17	459	41	9	451	0	500	500	500	500	0	0	40	
2.4899857892e+02	352	21	460	40	14	462	0	500	500	500	500	0	0	40	
2.4949964259e+02	357	17	453	47	5	513	0	500	500	500	500	0	0	40	
2.4999912526e+02	358	16	440	60	9	488	0	500	500	500	500	0	0	40	
2.5049909625e+02	355	20	448	52	10	475	0	500	500	500	500	0	0	40	
2.5099944342e+02	357	19	457	43	6	490	0	500	500	500	500	0	0	40	
2.5149735525e+02	352	24	445	55	8	469	0	500	500	500	500	0	0	40	
2.5199978898e+02	355	24	430	70	7	462	0	500	500	500	500	0	0	40	
2.5249781637e+02	353	26	449	51	6	449	0	500	500	500	500	0	0	40	
2.5299911224e+02	359	21	459	41	6	442	0	500	500	500	500	0	0	40	
2.5349740301e+02	359	23	456	44	8	436	0	500	500	500	500	0	0	40	
2.5399750543e+02	356	26	456	44	10	415	0	500	500	500	500	0	0	40	
2.5449794101e+02	357	25	447	53	8	430	0	500	500	500	500	0	0	40	
2.5499912325e+02	354	27	447	53	14	416	0	500	500	500	500	0	0	40	
2.5549788696e+02	353	27	454	46	7	444	0	500	500	500	500	0	0	40	
2.5599924078e+02	357	26	443	57	8	451	0	500	500	500	500	0	0	40	
2.5649896361e+02	351	34	458	42	13	428	0	500	500	500	500	0	0	40	
2.5699745399e+02	360	25	457	43	12	452	0	500	500	500	500	0	0	40	
2.5749702844e+02	361	26	449	51	7	480	0	500	500	500	500	0	0	40	
2.5799990967e+02	361	28	442	58	14	451	0	500	500	500	500	0	0	40	
2.5849911922e+02	360	30	435	65	7	445	0	500	500	500	500	0	0	40	
2.5899898373e+02	363	27	447	53	6	472	0	500	500	500	500	0	0	40	
2.5949872335e+02	365	25	458	42	13	455	0	500	500	500	500	0	0	40	
2.5999971372e+02	369	22	459	41	11	447	0	500	500	500	500	0	0	40	
2.6049986977e+02	372	19	460	40	6	458	0	500	500	500	500	0	0	40	
2.6099954901e+02	372	20	477	23	8	461	0	500	500	500	500	0	0	40	
2.6149814261e+02	371	23	472	28	13	456	0	500	500	500	500	0	0	40	
2.6199982568e+02	375	20	466	34	8	463	0	500	500	500	500	0	0	40	
2.6249986714e+02	376	19	464	36	6	470	0	500	500	500	500	0	0	40	
2.6299774237e+02	377	18	460	40	5	486	0	500	500	500	500	0	0	40	
2.6349933380e+02	378	18	468	32	4	511	0	500	500	500	500	0	0	40	
2.6399967340e+02	380	18	477	23	5	517	0	500	500	500	500	0	0	40	
2.6449791751e+02	379	21	461	39	4	477	0	500	500	500	500	0	0	40	
2.6499972777e+02	381	20	459	41	7	493	0	500	500	500	500	0	0	40	
2.6549968222e+02	378	24	462	38	9	489	0	500	500	500	500	0	0	40	
2.6599816441e+02	381	23	460	40	7	491	0	500	500	500	500	0	0	40	
2.6649895856e+02	376	29	464	36	9	495	0	500	500	500	500	0	0	40	
2.6699997993e+02	381	24	454	46	14	475	0	500	500	500	500	0	0	40	
2.6749736978e+02	379	29	455	45	12	482	0	500	500	500	500	0	0	40	
2.6799894709e+02	376	31	464	36	12	478	0	500	500	500	500	0	0	40	
2.6849870066e+02	375	32	454	46	7	463	0	500	500	500	500	0	0	40	
2.6899864372e+02	376	31	447	53	8	462	0	500	500	500	500	0	0	40	
2.6949806977e+02	379	29	450	50	6	481	0	500	500	500	500	0	0	40	
2.6999912338e+02	379	29	449	51	11	499	0	500	500	500	500	0	0	40	
2.7049757000e+02	380	29	443	57	10	494	0	500	500	500	500	0	0	40	
2.7099599048e+02	380	30	450	50	13	485	0	500	500	500	500	0	0	40	
2.7149993630e+02	383	29	457	43	7	474	0	500	500	500	500	0	0	40	
2.7199798062e+02	386	25	461	39	9	480	0	500	500	500	500	0	0	40	
2.7249969455e+02	387	27	458	42	9	481	0	500	500	500	500	0	0	40	
2.7299850644e+02	383	30	460	40	9	481	0	500	500	500	500	0	0	40	
2.7349944438e+02	388	25	464	36	11	459	0	500	500	500	500	0	0	40	
2.7399917493e+02	388	26	463	37	7	458	0	500	500	500	500	0	0	40	
2.7449976342e+02	386	28	453	47	12	461	0	500	500	500	500	0	0	40	
2.7499848799e+02	390	26	462	38	16	463	0	500	500	500	500	0	0	40	
2.7549814861e+02	392	24	467	33	9	486	0	500	500	500	500	0	0	40	
2.7599997895e+02	389	29	467	33	9	475	0	500	500	500	500	0	0	40	
2.7649935955e+02	385	31	465	35	8	481	0	500	500	500	500	0	0	40	
2.7699905687e+02	385	31	461	39	13	457	0	500	500	500	500	0	0	40	
2.7749931189e+02	389	27	452	48	10	457	0	500	500	500	500	0	0	40	
2.7799831495e+02	391	27	452	48	6	461	0	500	500	500	500	0	0	40	
2.7849969709e+02	392	27	463	37	8	455	0	500	500	500	500	0	0	40	
2.7899833216e+02	394	26	454	46	4	474	0	500	500	500	500	0	0	40	
2.7949984250e+02	393	29	458	42	3	470	0	500	500	500	500	0	0	40	
2.7999854839e+02	385	35	445	55	7	454	0	500	500	500	500	0	0	40	
2.8049971989e+02	384	38	444	56	11	454	0	500	500	500	500	0	0	40	
2.8099994495e+02	386	37	453	47	14	461	0	500	500	500	500	0	0	40	
2.8149845449e+02	388	33	449	51	9	481	0	500	500	500	500	0	0	40	
2.8199955513e+02	386	35	456	44	14	483	0	500	500	500	500	0	0	40	
2.8249849770e+02	391	30	461	39	7	483	0	500	500	500	500	0	0	40	
2.8299521845e+02	396	25	459	41	9	479	0	500	500	500	500	0	0	40	
2.8349979361e+02	393	29	459	41	10	460	0	500	500	500	500	0	0	40	
2.8399838649e+02	396	25	462	38	3	463	0	500	500	500	500	0	0	40	
2.8449982917e+02	395	27	458	42	12	455	0	500	500	500	500	0	0	40	
2.8499947774e+02	393	31	456	44	6	490	0	500	500	500	500	0	0	40	
2.8549787475e+02	393	31	453	47	13	484	0	500	500	500	500	0	0	40	
2.8599495041e+02	388	40	441	59	16	462	0	500	500	500	500	0	0	40	
2.8649901554e+02	387	41	443	57	16	464	0	500	500	500	500	0	0	40	
2.8699995434e+02	386	44	449	51	20	470	0	500	500	500	500	0	0	40	
2.8749983064e+02	393	38	459	41	14	481	0	500	500	500	500	0	0	40	
2.8799975890e+02	393	39	459	41	22	438	0	500	500	500	500	0	0	40	
2.8849994133e+02	392	42	456	44	20	442	0	500	500	500	500	0	0	40	
2.8899971448e+02	400	35	461	39	16	448	0	500	500	500	500	0	0	40	
2.8949859045e+02	400	36	454	46	15	472	0	500	500	500	500	0	0	40	
2.8999619718e+02	401	35	460	40	15	494	0	500	500	500	500	0	0	40	
2.9049520201e+02	403	34	464	36	16	468	0	500	500	500	500	0	0	40	
2.9099966008e+02	408	29	454	46	10	467	0	500	500	500	500	0	0	40	
2.9149760190e+02	404	34	448	52	11	483	0	500	500	500	500	0	0	40	
2.9199928563e+02	406	33	465	35	7	487	0	500	500	500	500	0	0	40	
2.9249931432e+02	407	33	457	43	9	504	0	500	500	500	500	0	0	40	
2.9299931644e+02	412	30	460	40	9	496	0	500	500	500	500	0	0	40	
2.9349916078e+02	415	27	459	41	19	488	0	500	500	500	500	0	0	40	
2.9399639424e+02	416	28	462	38	9	494	0	500	500	500	500	0	0	40	
2.9449980734e+02	418	26	454	46	6	489	0	500	500	500	500	0	0	40	
2.9499933686e+02	421	26	459	41	12	496	0	500	500	500	500	0	0	40	
2.9549983185e+02	415	32	458	42	6	495	0	500	500	500	500	0	0	40	
2.9599736912e+02	421	27	456	44	9	497	0	500	500	500	500	0	0	40	
2.9649895943e+02	420	26	460	40	8	503	0	500	500	500	500	0	0	40	
2.9699898313e+02	414	32	462	38	8	500	0	500	500	500	500	0	0	40	
2.9749880200e+02	421	25	464	36	7	498	0	500	500	500	500	0	0	40	
2.9799730751e+02	421	25	465	35	9	482	0	500	500	500	500	0	0	40	
2.9849971881e+02	422	23	449	51	4	486	0	500	500	500	500	0	0	40	
2.9899647673e+02	426	19	445	55	1	478	0	500	500	500	500	0	0	40	
2.9949847165e+02	419	24	444	56	7	460	0	500	500	500	500	0	0	40	
2.9999991294e+02	422	21	439	61	12	444	0	500	500	500	500	0	0	40	
3.0049976676e+02	422	22	450	50	12	419	0	500	500	500	500	0	0	40	
3.0099970492e+02	425	19	458	42	7	457	0	500	500	500	500	0	0	40	
3.0149728084e+02	428	17	463	37	7	476	0	500	500	500	500	0	0	40	
3.0199941482e+02	430	15	477	23	7	477	0	500	500	500	500	0	0	40	
3.0249942117e+02	430	13	463	37	5	473	0	500	500	500	500	0	0	40	
3.0299983278e+02	428	15	461	39	1	510	0	500	500	500	500	0	0	40	
3.0349919394e+02	426	18	457	43	5	508	0	500	500	500	500	0	0	40	
3.0399969382e+02	423	21	448	52	7	526	0	500	500	500	500	0	0	40	
3.0449634751e+02	416	30	457	43	13	524	0	500	500	500	500	0	0	40	
3.0499777620e+02	418	28	456	44	15	508	0	500	500	500	500	0	0	40	
3.0549971107e+02	417	29	446	54	13	475	0	500	500	500	500	0	0	40	
3.0599788259e+02	412	34	441	59	8	469	0	500	500	500	500	0	0	40	
3.0649973953e+02	407	41	442	58	12	446	0	500	500	500	500	0	0	40	
3.0699995923e+02	408	42	453	47	12	448	0	500	500	500	500	0	0	40	
3.0749693326e+02	407	42	466	34	14	457	0	500	500	500	500	0	0	40	
3.0799734630e+02	410	40	451	49	12	428	0	500	500	500	500	0	0	40	
3.0849868794e+02	415	35	456	44	13	436	0	500	500	500	500	0	0	40	
3.0899930730e+02	417	33	454	46	14	464	0	500	500	500	500	0	0	40	
3.0949857115e+02	417	33	455	45	8	463	0	500	500	500	500	0	0	40	
3.0999599582e+02	417	33	452	48	9	447	0	500	500	500	500	0	0	40	
3.1049915492e+02	422	28	459	41	8	453	0	500	500	500	500	0	0	40	
3.1099638256e+02	425	25	455	45	5	486	0	500	500	500	500	0	0	40	
3.1149903585e+02	426	26	450	50	4	476	0	500	500	500	500	0	0	40	
3.1199944997e+02	428	22	443	57	8	474	0	500	500	500	500	0	0	40	
3.1249569947e+02	423	31	443	57	12	477	0	500	500	500	500	0	0	40	
3.1299983972e+02	422	33	445	55	11	457	0	500	500	500	500	0	0	40	
3.1349785838e+02	427	29	446	54	12	474	0	500	500	500	500	0	0	40	
3.1399989627e+02	429	29	447	53	10	463	0	500	500	500	500	0	0	40	
3.1449901023e+02	425	35	463	37	15	471	0	500	500	500	500	0	0	40	
3.1499890685e+02	429	30	456	44	15	483	0	500	500	500	500	0	0	40	
3.1549999514e+02	429	29	451	49	10	488	0	500	500	500	500	0	0	40	
3.1599765825e+02	428	29	457	43	9	472	0	500	500	500	500	0	0	40	
3.1649932836e+02	429	28	450	50	14	455	0	500	500	500	500	0	0	40	
3.1699953565e+02	429	28	453	47	12	440	0	500	500	500	500	0	0	40	
3.1749746817e+02	429	29	462	38	13	410	0	500	500	500	500	0	0	40	
3.1799779203e+02	434	24	470	30	5	442	0	500	500	500	500	0	0	40	
3.1849999693e+02	440	20	456	44	9	434	0	500	500	500	500	0	0	40	
3.1899968188e+02	438	24	458	42	10	434	0	500	500	500	500	0	0	40	
3.1949972501e+02	424	37	449	51	9	476	0	500	500	500	500	0	0	40	
3.1999855453e+02	427	35	465	35	8	480	0	500	500	500	500	0	0	40	
3.2049754430e+02	424	38	472	28	11	482	0	500	500	500	500	0	0	40	
3.2099859605e+02	426	36	467	33	14	458	0	500	500	500	500	0	0	40	
3.2149295376e+02	432	29	461	39	9	449	0	500	500	500	500	0	0	40	
3.2199906395e+02	439	24	457	43	14	454	0	500	500	500	500	0	0	40	
3.2249715457e+02	439	24	455	45	5	461	0	500	500	500	500	0	0	40	
3.2299921996e+02	441	24	449	51	6	466	0	500	500	500	500	0	0	40	
3.2349959780e+02	440	26	451	49	10	476	0	500	500	500	500	0	0	40	
3.2399803808e+02	439	27	450	50	10	462	0	500	500	500	500	0	0	40	
3.2449664385e+02	437	29	450	50	8	456	0	500	500	500	500	0	0	40	
3.2499952234e+02	437	29	448	52	13	454	0	500	500	500	500	0	0	40	
3.2549772896e+02	433	34	436	64	13	450	0	500	500	500	500	0	0	40	
3.2599974945e+02	433	34	434	66	8	454	0	500	500	500	500	0	0	40	
3.2649897017e+02	431	37	455	45	8	449	0	500	500	500	500	0	0	40	
3.2699948071e+02	440	28	459	41	10	451	0	500	500	500	500	0	0	40	
3.2749996477e+02	445	23	453	47	7	465	0	500	500	500	500	0	0	40	
3.2799941387e+02	447	21	453	47	5	447	0	500	500	500	500	0	0	40	
3.2849971802e+02	448	21	456	44	14	449	0	500	500	500	500	0	0	40	
3.2899717419e+02	449	21	451	49	8	448	0	500	500	500	500	0	0	40	
3.2949958947e+02	451	22	448	52	6	472	0	500	500	500	500	0	0	40	
3.2999972737e+02	452	22	457	43	10	471	0	500	500	500	500	0	0	40	
3.3049898856e+02	447	26	454	46	9	477	0	500	500	500	500	0	0	40	
3.3099929453e+02	451	21	447	53	7	483	0	500	500	500	500	0	0	40	
3.3149847556e+02	452	20	448	52	5	488	0	500	500	500	500	0	0	40	
3.3199612529e+02	451	22	458	42	7	503	0	500	500	500	500	0	0	40	
3.3249881156e+02	452	21	465	35	4	503	0	500	500	500	500	0	0	40	
3.3299932796e+02	452	20	459	41	7	484	0	500	500	500	500	0	0	40	
3.3349952504e+02	452	23	463	37	10	483	0	500	500	500	500	0	0	40	
3.3399383876e+02	457	19	466	34	8	486	0	500	500	500	500	0	0	40	
3.3449857586e+02	460	17	463	37	6	489	0	500	500	500	500	0	0	40	
3.3499956281e+02	461	16	459	41	7	487	0	500	500	500	500	0	0	40	
3.3549997587e+02	457	21	461	39	6	486	0	500	500	500	500	0	0	40	
3.3599908936e+02	458	21	454	46	10	490	0	500	500	500	500	0	0	40	
3.3649869186e+02	454	26	451	49	13	466	0	500	500	500	500	0	0	40	
3.3699808311e+02	452	28	448	52	12	436	0	500	500	500	500	0	0	40	
3.3749910993e+02	445	34	455	45	11	415	0	500	500	500	500	0	0	40	
3.3799969527e+02	446	33	462	38	8	434	0	500	500	500	500	0	0	40	
3.3849943746e+02	444	35	464	36	12	409	0	500	500	500	500	0	0	40	
3.3899980295e+02	445	34	456	44	10	451	0	500	500	500	500	0	0	40	
3.3949584337e+02	448	33	449	51	10	447	0	500	500	500	500	0	0	40	
3.3999885821e+02	450	31	451	49	10	470	0	500	500	500	500	0	0	40	
3.4049941169e+02	452	30	447	53	9	478	0	500	500	500	500	0	0	40	
3.4099989015e+02	453	29	442	58	5	486	0	500	500	500	500	0	0	40	
3.4149993082e+02	454	27	454	46	9	487	0	500	500	500	500	0	0	40	
3.4199945648e+02	459	23	456	44	10	495	0	500	500	500	500	0	0	40	
3.4249986871e+02	458	25	452	48	1	502	0	500	500	500	500	0	0	40	
3.4299925556e+02	456	29	452	48	4	499	0	500	500	500	500	0	0	40	
3.4349972795e+02	464	20	451	49	8	472	0	500	500	500	500	0	0	40	
3.4399816736e+02	458	28	452	48	5	472	0	500	500	500	500	0	0	40	
3.4449911585e+02	458	26	454	46	9	451	0	500	500	500	500	0	0	40	
3.4499935271e+02	462	22	459	41	6	455	0	500	500	500	500	0	0	40	
3.4549897577e+02	463	20	459	41	3	466	0	500	500	500	500	0	0	40	
3.4599969193e+02	463	18	445	55	4	464	0	500	500	500	500	0	0	40	
3.4649926639e+02	462	18	452	48	5	475	0	500	500	500	500	0	0	40	
3.4699750678e+02	460	20	459	41	4	475	0	500	500	500	500	0	0	40	
3.4749964574e+02	463	17	462	38	13	451	0	500	500	500	500	0	0	40	
3.4799703415e+02	465	16	462	38	6	459	0	500	500	500	500	0	0	40	
3.4849923669e+02	463	18	459	41	1	479	0	500	500	500	500	0	0	40	
3.4899824791e+02	462	20	456	44	7	462	0	500	500	500	500	0	0	40	
3.4949662666e+02	455	30	449	51	6	447	0	500	500	500	500	0	0	40	
3.4999929568e+02	450	35	445	55	9	457	0	500	500	500	500	0	0	40	
3.5049917242e+02	451	35	450	50	9	455	0	500	500	500	500	0	0	40	
3.5099989762e+02	448	38	452	48	13	420	0	500	500	500	500	0	0	40	
3.5149870956e+02	454	33	445	55	16	421	0	500	500	500	500	0	0	40	
3.5199856537e+02	455	33	448	52	17	423	0	500	500	500	500	0	0	40	
3.5249674935e+02	452	36	456	44	11	417	0	500	500	500	500	0	0	40	
3.5299918877e+02	454	34	443	57	12	433	0	500	500	500	500	0	0	40	
3.5349942318e+02	456	32	445	55	12	448	0	500	500	500	500	0	0	40	
3.5399886073e+02	457	32	440	60	10	430	0	500	500	500	500	0	0	40	
3.5449875469e+02	453	37	444	56	11	450	0	500	500	500	500	0	0	40	
3.5499984405e+02	452	39	447	53	15	435	0	500	500	500	500	0	0	40	
3.5549781430e+02	451	38	447	53	22	446	0	500	500	500	500	0	0	40	
3.5599680152e+02	453	36	445	55	14	442	0	500	500	500	500	0	0	40	
3.5649945314e+02	454	36	439	61	8	429	0	500	500	500	500	0	0	40	
3.5699819705e+02	456	35	448	52	15	424	0	500	500	500	500	0	0	40	
3.5749861933e+02	459	31	444	56	10	427	0	500	500	500	500	0	0	40	
3.5799883511e+02	456	33	456	44	10	431	0	500	500	500	500	0	0	40	
3.5849865730e+02	463	26	459	41	6	449	0	500	500	500	500	0	0	40	
3.5899784903e+02	469	20	461	39	8	481	0	500	500	500	500	0	0	40	
3.5949787964e+02	472	17	460	40	4	482	0	500	500	500	500	0	0	40	
3.5999881649e+02	468	23	463	37	8	468	0	500	500	500	500	0	0	40	
3.6049954763e+02	470	22	461	39	5	447	0	500	500	500	500	0	0	40	
3.6099882153e+02	467	27	447	53	7	463	0	500	500	500	500	0	0	40	
3.6149972044e+02	462	30	457	43	13	461	0	500	500	500	500	0	0	40	
3.6199791870e+02	459	34	449	51	10	463	0	500	500	500	500	0	0	40	
3.6249874149e+02	466	28	449	51	9	448	0	500	500	500	500	0	0	40	
3.6299900734e+02	467	28	447	53	4	469	0	500	500	500	500	0	0	40	
3.6349717734e+02	466	29	443	57	17	468	0	500	500	500	500	0	0	40	
3.6399973358e+02	467	30	453	47	12	489	0	500	500	500	500	0	0	40	
3.6449899365e+02	468	31	448	52	6	482	0	500	500	500	500	0	0	40	
3.6499510005e+02	469	30	455	45	8	467	0	500	500	500	500	0	0	40	
3.6549955542e+02	464	34	443	57	16	472	0	500	500	500	500	0	0	40	
3.6599992909e+02	466	33	441	59	19	479	0	500	500	500	500	0	0	40	
3.6649970182e+02	467	32	436	64	14	478	0	500	500	500	500	0	0	40	
3.6699994153e+02	466	30	428	72	13	465	0	500	500	500	500	0	0	40	
3.6749944789e+02	460	38	436	64	13	435	0	500	500	500	500	0	0	40	
3.6799990144e+02	460	37	454	46	16	436	0	500	500	500	500	0	0	40	
3.6849774946e+02	466	33	448	52	10	458	0	500	500	500	500	0	0	40	
3.6899998152e+02	468	32	449	51	5	458	0	500	500	500	500	0	0	40	
3.6949722858e+02	466	38	461	39	12	437	0	500	500	500	500	0	0	40	
3.6999839393e+02	468	40	456	44	18	440	0	500	500	500	500	0	0	40	
3.7049899813e+02	475	34	457	43	11	467	0	500	500	500	500	0	0	40	
3.7099579818e+02	478	30	457	43	9	464	0	500	500	500	500	0	0	40	
3.7149683268e+02	479	30	458	42	16	464	0	500	500	500	500	0	0	40	
3.7199973952e+02	482	28	459	41	12	476	0	500	500	500	500	0	0	40	
3.7249909344e+02	482	28	460	40	9	464	0	500	500	500	500	0	0	40	
3.7299947629e+02	484	27	461	39	11	459	0	500	500	500	500	0	0	40	
3.7349942973e+02	488	25	459	41	12	464	0	500	500	500	500	0	0	40	
3.7399918850e+02	485	28	460	40	12	493	0	500	500	500	500	0	0	40	
3.7449995136e+02	483	30	447	53	8	503	0	500	500	500	500	0	0	40	
3.7499871135e+02	483	31	431	69	9	501	0	500	500	500	500	0	0	40	
3.7549854426e+02	476	38	446	54	14	491	0	500	500	500	500	0	0	40	
3.7599964100e+02	474	40	453	47	7	469	0	500	500	500	500	0	0	40	
3.7649773576e+02	476	39	453	47	15	464	0	500	500	500	500	0	0	40	
3.7699629580e+02	484	32	444	56	14	466	0	500	500	500	500	0	0	40	
3.7749959394e+02	476	40	448	52	8	466	0	500	500	500	500	0	0	40	
3.7799988352e+02	474	42	451	49	12	484	0	500	500	500	500	0	0	40	
3.7849967613e+02	475	39	461	39	15	477	0	500	500	500	500	0	0	40	
3.7899516581e+02	480	35	461	39	13	472	0	500	500	500	500	0	0	40	
3.7949931157e+02	480	35	452	48	13	494	0	500	500	500	500	0	0	40	
3.7999795735e+02	475	40	443	57	22	480	0	500	500	500	500	0	0	40	
3.8049951280e+02	479	35	444	56	9	446	0	500	500	500	500	0	0	40	
3.8099984669e+02	482	33	428	72	13	423	0	500	500	500	500	0	0	40	
3.8149698703e+02	483	32	435	65	14	442	0	500	500	500	500	0	0	40	
3.8199704714e+02	485	29	447	53	12	461	0	500	500	500	500	0	0	40	
3.8249730757e+02	490	26	456	44	12	495	0	500	500	500	500	0	0	40	
3.8299835685e+02	493	24	468	32	4	464	0	500	500	500	500	0	0	40	
3.8349924345e+02	494	23	463	37	10	495	0	500	500	500	500	0	0	40	
3.8399767890e+02	495	23	475	25	10	518	0	500	500	500	500	0	0	40	
3.8449544464e+02	496	21	470	30	6	536	0	500	500	500	500	0	0	40	
3.8499962996e+02	500	19	472	28	6	520	0	500	500	500	500	0	0	40	
3.8549711743e+02	499	21	459	41	6	499	0	500	500	500	500	0	0	40	
3.8599882120e+02	504	17	463	37	11	500	0	500	500	500	500	0	0	40	
3.8649778726e+02	502	20	459	41	10	513	0	500	500	500	500	0	0	40	
3.8699718257e+02	498	27	460	40	3	494	0	500	500	500	500	0	0	40	
3.8749961006e+02	502	24	459	41	6	496	0	500	500	500	500	0	0	40	
3.8799924323e+02	501	25	450	50	13	487	0	500	500	500	500	0	0	40	
3.8849755889e+02	502	23	456	44	6	508	0	500	500	500	500	0	0	40	
3.8899980319e+02	501	25	467	33	9	477	0	500	500	500	500	0	0	40	
3.8949932680e+02	504	24	474	26	12	446	0	500	500	500	500	0	0	40	
3.8999974270e+02	507	23	466	34	9	446	0	500	500	500	500	0	0	40	
3.9049992954e+02	504	26	467	33	3	471	0	500	500	500	500	0	0	40	
3.9099912980e+02	504	26	481	19	9	464	0	500	500	500	500	0	0	40	
3.9149511033e+02	501	29	460	40	5	463	0	500	500	500	500	0	0	40	
3.9199992011e+02	500	31	456	44	11	456	0	500	500	500	500	0	0	40	
3.9249706325e+02	502	30	461	39	12	452	0	500	500	500	500	0	0	40	
3.9299971769e+02	506	27	458	42	9	458	0	500	500	500	500	0	0	40	
3.9349994218e+02	508	25	452	48	12	462	0	500	500	500	500	0	0	40	
3.9399650066e+02	508	27	460	40	12	453	0	500	500	500	500	0	0	40	
3.9449951930e+02	507	26	453	47	9	474	0	500	500	500	500	0	0	40	
3.9499919377e+02	501	32	460	40	12	470	0	500	500	500	500	0	0	40	
3.9549981089e+02	496	38	450	50	9	467	0	500	500	500	500	0	0	40	
3.9599986213e+02	494	44	449	51	11	482	0	500	500	500	500	0	0	40	
3.9649972309e+02	489	48	452	48	18	463	0	500	500	500	500	0	0	40	
3.9699946871e+02	498	37	460	40	14	457	0	500	500	500	500	0	0	40	
3.9749927533e+02	493	42	454	46	11	457	0	500	500	500	500	0	0	40	
3.9799988484e+02	495	40	454	46	13	460	0	500	500	500	500	0	0	40	
3.9849883866e+02	498	37	455	45	10	439	0	500	500	500	500	0	0	40	
3.9899978710e+02	499	37	454	46	17	439	0	500	500	500	500	0	0	40	
3.9949907946e+02	503	34	450	50	15	438	0	500	500	500	500	0	0	40	
3.9999982655e+02	503	36	442	58	7	456	0	500	500	500	500	0	0	40	
4.0049860710e+02	503	35	445	55	11	449	0	500	500	500	500	0	0	40	
4.0099980401e+02	505	31	438	62	13	437	0	500	500	500	500	0	0	40	
4.0149993132e+02	507	29	447	53	11	428	0	500	500	500	500	0	0	40	
4.0199930863e+02	508	28	449	51	7	436	0	500	500	500	500	0	0	40	
4.0249788916e+02	508	29	454	46	5	421	0	500	500	500	500	0	0	40	
4.0299871941e+02	500	35	457	43	8	419	0	500	500	500	500	0	0	40	
4.0349798274e+02	499	38	467	33	9	432	0	500	500	500	500	0	0	40	
4.0399634208e+02	499	39	460	40	2	439	0	500	500	500	500	0	0	40	
4.0449826543e+02	500	37	459	41	16	443	0	500	500	500	500	0	0	40	
4.0499796265e+02	506	34	459	41	7	476	0	500	500	500	500	0	0	40	
4.0549709136e+02	505	36	450	50	8	490	0	500	500	500	500	0	0	40	
4.0599973866e+02	506	35	461	39	17	475	0	500	500	500	500	0	0	40	
4.0649648397e+02	518	23	463	37	14	490	0	500	500	500	500	0	0	40	
4.0699996140e+02	522	20	458	42	10	488	0	500	500	500	500	0	0	40	
4.0749762506e+02	519	23	466	34	11	457	0	500	500	500	500	0	0	40	
4.0799826421e+02	523	19	458	42	10	454	0	500	500	500	500	0	0	40	
4.0849799535e+02	523	21	441	59	7	466	0	500	500	500	500	0	0	40	
4.0899882616e+02	515	29	448	52	6	484	0	500	500	500	500	0	0	40	
4.0949893123e+02	519	24	438	62	13	466	0	500	500	500	500	0	0	40	
4.0999867076e+02	518	25	451	49	12	492	0	500	500	500	500	0	0	40	
4.1049994788e+02	511	33	457	43	16	474	0	500	500	500	500	0	0	40	
4.1099962986e+02	511	33	471	29	17	456	0	500	500	500	500	0	0	40	
4.1149764062e+02	509	34	471	29	9	452	0	500	500	500	500	0	0	40	
4.1199913906e+02	506	37	456	44	11	449	0	500	500	500	500	0	0	40	
4.1249732931e+02	506	38	458	42	18	456	0	500	500	500	500	0	0	40	
4.1299885076e+02	513	32	445	55	11	453	0	500	500	500	500	0	0	40	
4.1349877673e+02	510	35	449	51	8	479	0	500	500	500	500	0	0	40	
4.1399927276e+02	511	35	459	41	20	464	0	500	500	500	500	0	0	40	
4.1449893327e+02	513	33	455	45	10	469	0	500	500	500	500	0	0	40	
4.1499944169e+02	511	32	447	53	7	443	0	500	500	500	500	0	0	40	
4.1549979801e+02	514	32	459	41	14	435	0	500	500	500	500	0	0	40	
4.1599935673e+02	517	30	467	33	15	428	0	500	500	500	500	0	0	40	
4.1649989739e+02	515	31	465	35	12	461	0	500	500	500	500	0	0	40	
4.1699965338e+02	516	32	456	44	8	461	0	500	500	500	500	0	0	40	
4.1749935419e+02	513	38	449	51	15	451	0	500	500	500	500	0	0	40	
4.1799818185e+02	514	37	452	48	17	442	0	500	500	500	500	0	0	40	
4.1849862311e+02	517	34	446	54	11	426	0	500	500	500	500	0	0	40	
4.1899638951e+02	512	40	438	62	12	430	0	500	500	500	500	0	0	40	
4.1949935375e+02	515	38	446	54	13	437	0	500	500	500	500	0	0	40	
4.1999664508e+02	522	31	451	49	13	424	0	500	500	500	500	0	0	40	
4.2049955760e+02	523	30	452	48	26	430	0	500	500	500	500	0	0	40	
4.2099647714e+02	520	33	446	54	16	463	0	500	500	500	500	0	0	40	
4.2149779085e+02	524	29	447	53	13	462	0	500	500	500	500	0	0	40	
4.2199945393e+02	528	26	447	53	13	459	0	500	500	500	500	0	0	40	
4.2249841086e+02	529	26	447	53	13	464	0	500	500	500	500	0	0	40	
4.2299960598e+02	528	27	439	61	9	468	0	500	500	500	500	0	0	40	
4.2349973491e+02	527	29	432	68	15	445	0	500	500	500	500	0	0	40	
4.2399913463e+02	522	34	440	60	11	459	0	500	500	500	500	0	0	40	
4.2449638783e+02	525	31	444	56	14	463	0	500	500	500	500	0	0	40	
4.2499906452e+02	524	33	461	39	13	446	0	500	500	500	500	0	0	40	
4.2549693525e+02	520	37	451	49	13	437	0	500	500	500	500	0	0	40	
4.2599847554e+02	516	42	455	45	16	404	0	500	500	500	500	0	0	40	
4.2649899664e+02	524	33	451	49	14	424	0	500	500	500	500	0	0	40	
4.2699952419e+02	525	33	457	43	10	428	0	500	500	500	500	0	0	40	
4.2749933071e+02	525	34	443	57	17	451	0	500	500	500	500	0	0	40	
4.2799760701e+02	525	33	448	52	11	453	0	500	500	500	500	0	0	40	
4.2849868721e+02	525	33	455	45	6	469	0	500	500	500	500	0	0	40	
4.2899666520e+02	530	28	458	42	9	480	0	500	500	500	500	0	0	40	
4.2949938014e+02	530	29	471	29	12	504	0	500	500	500	500	0	0	40	
4.2999682089e+02	534	23	463	37	8	531	0	500	500	500	500	0	0	40	
4.3049328866e+02	541	16	463	37	8	514	0	500	500	500	500	0	0	40	
4.3099923753e+02	544	14	467	33	2	490	0	500	500	500	500	0	0	40	
4.3149887626e+02	543	15	455	45	6	512	0	500	500	500	500	0	0	40	
4.3199979883e+02	543	15	452	48	4	483	0	500	500	500	500	0	0	40	
4.3249997581e+02	543	16	455	45	11	485	0	500	500	500	500	0	0	40	
4.3299659994e+02	540	17	445	55	10	520	0	500	500	500	500	0	0	40	
4.3349876504e+02	536	20	464	36	7	531	0	500	500	500	500	0	0	40	
4.3399687613e+02	540	15	474	26	5	504	0	500	500	500	500	0	0	40	
4.3449990828e+02	536	18	459	41	4	487	0	500	500	500	500	0	0	40	
4.3499839851e+02	533	21	447	53	8	490	0	500	500	500	500	0	0	40	
4.3549746780e+02	527	25	442	58	6	480	0	500	500	500	500	0	0	40	
4.3599810715e+02	520	32	443	57	10	480	0	500	500	500	500	0	0	40	
4.3649794233e+02	523	30	437	63	12	462	0	500	500	500	500	0	0	40	
4.3699907287e+02	517	35	449	51	11	450	0	500	500	500	500	0	0	40	
4.3749968114e+02	519	31	442	58	10	457	0	500	500	500	500	0	0	40	
4.3799878490e+02	516	33	451	49	13	449	0	500	500	500	500	0	0	40	
4.3849794445e+02	515	37	456	44	11	447	0	500	500	500	500	0	0	40	
4.3899751942e+02	515	37	452	48	12	461	0	500	500	500	500	0	0	40	
4.3949899507e+02	512	39	441	59	12	454	0	500	500	500	500	0	0	40	
4.3999976449e+02	509	42	444	56	17	434	0	500	500	500	500	0	0	40	
4.4049907464e+02	512	40	459	41	15	448	0	500	500	500	500	0	0	40	
4.4099750992e+02	514	38	463	37	11	443	0	500	500	500	500	0	0	40	
4.4149744147e+02	512	38	474	26	13	435	0	500	500	500	500	0	0	40	
4.4199973385e+02	513	35	472	28	13	439	0	500	500	500	500	0	0	40	
4.4249919128e+02	518	32	477	23	13	433	0	500	500	500	500	0	0	40	
4.4299619617e+02	526	26	468	32	10	442	0	500	500	500	500	0	0	40	
4.4349999952e+02	522	31	455	45	12	434	0	500	500	500	500	0	0	40	
4.4399861292e+02	530	23	452	48	12	424	0	500	500	500	500	0	0	40	
4.4449879711e+02	528	27	435	65	12	437	0	500	500	500	500	0	0	40	
4.4499908205e+02	527	28	452	48	6	455	0	500	500	500	500	0	0	40	
4.4549858833e+02	529	30	447	53	11	440	0	500	500	500	500	0	0	40	
4.4599896030e+02	525	35	460	40	10	439	0	500	500	500	500	0	0	40	
4.4649908518e+02	532	29	458	42	7	470	0	500	500	500	500	0	0	40	
4.4699797832e+02	529	31	450	50	10	474	0	500	500	500	500	0	0	40	
4.4749920892e+02	533	28	449	51	7	457	0	500	500	500	500	0	0	40	
4.4799996168e+02	532	29	446	54	14	456	0	500	500	500	500	0	0	40	
4.4849801243e+02	535	29	446	54	11	469	0	500	500	500	500	0	0	40	
4.4899986680e+02	535	29	446	54	16	457	0	500	500	500	500	0	0	40	
4.4949843561e+02	531	32	453	47	11	463	0	500	500	500	500	0	0	40	
4.4999825071e+02	529	35	450	50	13	484	0	500	500	500	500	0	0	40	
4.5049904044e+02	527	37	459	41	21	467	0	500	500	500	500	0	0	40	
4.5099995809e+02	528	37	462	38	14	482	0	500	500	500	500	0	0	40	
4.5149753670e+02	531	38	452	48	7	472	0	500	500	500	500	0	0	40	
4.5199936053e+02	536	34	458	42	6	450	0	500	500	500	500	0	0	40	
4.5249984271e+02	534	35	459	41	9	443	0	500	500	500	500	0	0	40	
4.5299628453e+02	537	33	462	38	21	432	0	500	500	500	500	0	0	40	
4.5349943257e+02	532	37	463	37	11	445	0	500	500	500	500	0	0	40	
4.5399920432e+02	531	40	450	50	8	455	0	500	500	500	500	0	0	40	
4.5449989521e+02	537	35	456	44	7	459	0	500	500	500	500	0	0	40	
4.5499723956e+02	540	33	468	32	16	436	0	500	500	500	500	0	0	40	
4.5549905139e+02	538	35	459	41	15	431	0	500	500	500	500	0	0	40	
4.5599902380e+02	538	36	454	46	17	407	0	500	500	500	500	0	0	40	
4.5649855512e+02	537	38	465	35	12	407	0	500	500	500	500	0	0	40	
4.5699898016e+02	539	38	471	29	10	428	0	500	500	500	500	0	0	40	
4.5749899509e+02	543	34	464	36	13	435	0	500	500	500	500	0	0	40	
4.5799966527e+02	543	34	454	46	14	442	0	500	500	500	500	0	0	40	
4.5849989129e+02	543	35	464	36	12	436	0	500	500	500	500	0	0	40	
4.5899631448e+02	548	31	460	40	8	445	0	500	500	500	500	0	0	40	
4.5949991634e+02	546	32	458	42	13	474	0	500	500	500	500	0	0	40	
4.5999867904e+02	551	27	455	45	7	471	0	500	500	500	500	0	0	40	
4.6049840558e+02	548	31	458	42	9	469	0	500	500	500	500	0	0	40	
4.6099994246e+02	554	26	461	39	12	472	0	500	500	500	500	0	0	40	
4.6149966304e+02	555	25	451	49	10	457	0	500	500	500	500	0	0	40	
4.6199911795e+02	554	29	451	49	10	454	0	500	500	500	500	0	0	40	
4.6249904718e+02	555	28	458	42	10	436	0	500	500	500	500	0	0	40	
4.6299700170e+02	555	29	455	45	7	454	0	500	500	500	500	0	0	40	
4.6349947900e+02	552	32	448	52	15	441	0	500	500	500	500	0	0	40	
4.6399557013e+02	552	34	437	63	13	432	0	500	500	500	500	0	0	40	
4.6449504827e+02	550	36	446	54	7	459	0	500	500	500	500	0	0	40	
4.6499988202e+02	551	35	444	56	15	454	0	500	500	500	500	0	0	40	
4.6549881115e+02	550	38	452	48	20	431	0	500	500	500	500	0	0	40	
4.6599771695e+02	551	36	465	35	12	423	0	500	500	500	500	0	0	40	
4.6649847659e+02	555	33	467	33	9	431	0	500	500	500	500	0	0	40	
4.6699960644e+02	554	36	465	35	10	429	0	500	500	500	500	0	0	40	
4.6749981461e+02	554	36	469	31	17	435	0	500	500	500	500	0	0	40	
4.6799994165e+02	557	34	460	40	16	440	0	500	500	500	500	0	0	40	
4.6849754466e+02	560	32	458	42	16	463	0	500	500	500	500	0	0	40	
4.6899625991e+02	562	32	463	37	18	449	0	500	500	500	500	0	0	40	
4.6949994391e+02	559	34	467	33	15	468	0	500	500	500	500	0	0	40	
4.6999988604e+02	564	30	467	33	11	481	0	500	500	500	500	0	0	40	
4.7049972497e+02	565	29	461	39	8	482	0	500	500	500	500	0	0	40	
4.7099875418e+02	566	28	459	41	14	481	0	500	500	500	500	0	0	40	
4.7149976498e+02	564	31	463	37	9	456	0	500	500	500	500	0	0	40	
4.7199975328e+02	565	29	458	42	10	456	0	500	500	500	500	0	0	40	
4.7249945687e+02	568	29	453	47	11	468	0	500	500	500	500	0	0	40	
4.7299892740e+02	569	29	456	44	5	489	0	500	500	500	500	0	0	40	
4.7349782205e+02	563	35	460	40	9	489	0	500	500	500	500	0	0	40	
4.7399895703e+02	572	27	457	43	7	492	0	500	500	500	500	0	0	40	
4.7449928074e+02	572	27	457	43	8	483	0	500	500	500	500	0	0	40	
4.7499718759e+02	570	29	452	48	12	479	0	500	500	500	500	0	0	40	
4.7549919156e+02	572	29	458	42	10	439	0	500	500	500	500	0	0	40	
4.7599874258e+02	572	29	451	49	7	424	0	500	500	500	500	0	0	40	
4.7649754982e+02	571	30	452	48	12	424	0	500	500	500	500	0	0	40	
4.7699778884e+02	573	28	446	54	10	428	0	500	500	500	500	0	0	40	
4.7749941235e+02	567	36	450	50	9	440	0	500	500	500	500	0	0	40	
4.7799965795e+02	567	35	447	53	11	440	0	500	500	500	500	0	0	40	
4.7849943498e+02	570	35	445	55	5	441	0	500	500	500	500	0	0	40	
4.7899923180e+02	575	30	446	54	12	415	0	500	500	500	500	0	0	40	
4.7949895147e+02	568	37	455	45	12	410	0	500	500	500	500	0	0	40	
4.7999892129e+02	568	37	451	49	6	436	0	500	500	500	500	0	0	40	
4.8049935040e+02	570	35	467	33	11	437	0	500	500	500	500	0	0	40	
4.8099852565e+02	579	26	469	31	14	472	0	500	500	500	500	0	0	40	
4.8149983171e+02	583	24	461	39	9	486	0	500	500	500	500	0	0	40	
4.8199964675e+02	585	19	469	31	9	489	0	500	500	500	500	0	0	40	
4.8249595274e+02	592	14	467	33	7	503	0	500	500	500	500	0	0	40	
4.8299691922e+02	586	18	466	34	3	517	0	500	500	500	500	0	0	40	
4.8349990710e+02	585	20	458	42	5	516	0	500	500	500	500	0	0	40	
4.8399839669e+02	583	22	459	41	3	524	0	500	500	500	500	0	0	40	
4.8449906857e+02	587	17	466	34	7	531	0	500	500	500	500	0	0	40	
4.8499889017e+02	590	16	473	27	7	517	0	500	500	500	500	0	0	40	
4.8549986358e+02	590	16	456	44	6	515	0	500	500	500	500	0	0	40	
4.8599896747e+02	587	21	457	43	11	499	0	500	500	500	500	0	0	40	
4.8649826112e+02	587	21	452	48	4	479	0	500	500	500	500	0	0	40	
4.8699895998e+02	582	25	450	50	13	466	0	500	500	500	500	0	0	40	
4.8749958519e+02	578	29	445	55	7	487	0	500	500	500	500	0	0	40	
4.8799885858e+02	578	29	447	53	8	490	0	500	500	500	500	0	0	40	
4.8849955604e+02	575	33	443	57	10	456	0	500	500	500	500	0	0	40	
4.8899944059e+02	573	36	441	59	12	441	0	500	500	500	500	0	0	40	
4.8949970489e+02	576	34	455	45	11	457	0	500	500	500	500	0	0	40	
4.8999870702e+02	577	33	450	50	15	449	0	500	500	500	500	0	0	40	
4.9049983112e+02	579	32	446	54	15	443	0	500	500	500	500	0	0	40	
4.9099807964e+02	574	38	442	58	18	437	0	500	500	500	500	0	0	40	
4.9149970723e+02	576	37	453	47	14	459	0	500	500	500	500	0	0	40	
4.9199996633e+02	573	43	454	46	14	455	0	500	500	500	500	0	0	40	
4.9249902183e+02	571	46	451	49	14	444	0	500	500	500	500	0	0	40	
4.9299734879e+02	576	40	449	51	8	429	0	500	500	500	500	0	0	40	
4.9349621549e+02	580	38	463	37	12	446	0	500	500	500	500	0	0	40	
4.9399976002e+02	585	32	459	41	13	484	0	500	500	500	500	0	0	40	
4.9449886164e+02	586	33	471	29	11	504	0	500	500	500	500	0	0	40	
4.9499962339e+02	596	23	466	34	4	496	0	500	500	500	500	0	0	40	
4.9549949555e+02	598	24	448	52	6	497	0	500	500	500	500	0	0	40	
4.9599900570e+02	598	25	450	50	12	489	0	500	500	500	500	0	0	40	
4.9649205145e+02	598	23	462	38	10	486	0	500	500	500	500	0	0	40	
4.9699674924e+02	600	19	467	33	10	496	0	500	500	500	500	0	0	40	
4.9749968681e+02	598	24	454	46	10	501	0	500	500	500	500	0	0	40	
4.9799894949e+02	600	23	454	46	11	492	0	500	500	500	500	0	0	40	
4.9849997094e+02	600	25	459	41	10	482	0	500	500	500	500	0	0	40	
4.9899907149e+02	599	26	456	44	12	470	0	500	500	500	500	0	0	40	
4.9949957641e+02	601	24	469	31	8	470	0	500	500	500	500	0	0	40	
4.9999897071e+02	603	22	459	41	4	475	0	500	500	500	500	0	0	40	
5.0000045583e+02	603	22	459	41	4	476	0	500	500	500	500	0	0	40	
