0.0000000000e+00	0	0	500	0	0	0	0	500	500	500	500	500	500	0	
4.9944766224e-01	0	0	500	0	14	64	0	500	500	500	500	500	500	0	
9.9988544749e-01	0	0	500	0	13	65	0	500	500	500	500	500	500	0	
1.4999200860e+00	0	1	499	1	14	84	0	500	500	500	500	500	500	0	
1.9989566176e+00	0	1	498	2	17	107	0	500	500	500	500	500	500	0	
2.4999263679e+00	0	3	499	1	11	94	0	500	500	500	500	500	500	0	
2.9999976414e+00	1	2	499	1	15	96	0	500	500	500	500	500	500	0	
3.4993336098e+00	1	2	498	2	18	82	0	500	500	500	500	500	500	0	
3.9992461760e+00	1	2	499	1	13	83	0	500	500	500	500	500	500	0	
4.4994565590e+00	1	2	496	4	18	93	0	500	500	500	500	500	500	0	
4.9975172266e+00	1	5	499	1	6	87	0	500	500	500	500	500	500	0	
5.4988664733e+00	1	5	496	4	8	85	0	500	500	500	500	500	500	0	
5.9998142151e+00	1	9	498	2	14	79	0	500	500	500	500	500	500	0	
6.4996889690e+00	1	10	495	5	12	71	0	500	500	500	500	500	500	0	
6.9996552000e+00	1	10	497	3	12	112	0	500	500	500	500	500	500	0	
7.4980691160e+00	2	9	498	2	19	83	0	500	500	500	500	500	500	0	
7.9968502400e+00	3	8	497	3	11	84	0	500	500	500	500	500	500	0	
8.4974850802e+00	3	8	496	4	18	78	0	500	500	500	500	500	500	0	
8.9987119640e+00	4	7	495	5	1	89	0	500	500	500	500	500	500	0	
9.4993609001e+00	5	7	493	7	15	84	0	500	500	500	500	500	500	0	
9.9988251722e+00	6	7	492	8	15	86	0	500	500	500	500	500	500	0	
1.0498787021e+01	6	7	498	2	17	63	0	500	500	500	500	500	500	0	
1.0999754611e+01	7	7	492	8	14	71	0	500	500	500	500	500	500	0	
1.1499967341e+01	8	7	488	12	15	93	0	500	500	500	500	500	500	0	
1.1997305896e+01	8	8	488	12	13	98	0	500	500	500	500	500	500	0	
1.2499972210e+01	8	9	494	6	15	88	0	500	500	500	500	500	500	0	
1.2997178057e+01	8	9	499	1	19	83	0	500	500	500	500	500	500	0	
1.3499876852e+01	8	13	492	8	13	101	0	500	500	500	500	500	500	0	
1.3999265664e+01	9	14	490	10	9	95	0	500	500	500	500	500	500	0	
1.4498479989e+01	9	14	488	12	18	96	0	500	500	500	500	500	500	0	
1.4999904695e+01	10	13	488	12	14	87	0	500	500	500	500	500	500	0	
1.5499527993e+01	9	16	488	12	17	95	0	500	500	500	500	500	500	0	
1.5998211366e+01	10	17	484	16	16	100	0	500	500	500	500	500	500	0	
1.6498349056e+01	11	17	489	11	8	92	0	500	500	500	500	500	500	0	
1.6999522047e+01	11	18	483	17	18	86	0	500	500	500	500	500	500	0	
1.7499146151e+01	12	19	487	13	13	95	0	500	500	500	500	500	500	0	
1.7999622869e+01	14	17	489	11	10	82	0	500	500	500	500	500	500	0	
1.8496879079e+01	16	16	490	10	11	86	0	500	500	500	500	500	500	0	
1.8999844876e+01	17	17	489	11	11	73	0	500	500	500	500	500	500	0	
1.9499055366e+01	21	13	487	13	12	92	0	500	500	500	500	500	500	0	
1.9999735143e+01	22	13	488	12	11	71	0	500	500	500	500	500	500	0	
2.0496555360e+01	22	14	487	13	12	98	0	500	500	500	500	500	500	0	
2.0999849941e+01	23	14	487	13	9	67	0	500	500	500	500	500	500	0	
2.1499925365e+01	24	13	483	17	10	83	0	500	500	500	500	500	500	0	
2.1996648725e+01	25	15	487	13	15	78	0	500	500	500	500	500	500	0	
2.2499209963e+01	29	13	476	24	10	103	0	500	500	500	500	500	500	0	
2.2997797888e+01	30	13	480	20	12	99	0	500	500	500	500	500	500	0	
2.3497497016e+01	31	12	486	14	13	102	0	500	500	500	500	500	500	0	
2.3999642890e+01	32	12	489	11	20	85	0	500	500	500	500	500	500	0	
2.4499145060e+01	35	10	488	12	12	95	0	500	500	500	500	500	500	0	
2.4997768039e+01	36	9	494	6	19	93	0	500	500	500	500	500	500	0	
2.5499782847e+01	35	11	492	8	14	100	0	500	500	500	500	500	500	0	
2.5999259150e+01	35	12	494	6	20	78	0	500	500	500	500	500	500	0	
2.6498875147e+01	35	12	494	6	15	84	0	500	500	500	500	500	500	0	
2.6998553110e+01	36	12	487	13	10	93	0	500	500	500	500	500	500	0	
2.7498733758e+01	36	13	492	8	9	91	0	500	500	500	500	500	500	0	
2.7999832439e+01	38	12	489	11	17	82	0	500	500	500	500	500	500	0	
2.8499582146e+01	38	12	490	10	14	86	0	500	500	500	500	500	500	0	
2.8995659719e+01	38	12	490	10	10	80	0	500	500	500	500	500	500	0	
2.9499236937e+01	39	13	488	12	10	96	0	500	500	500	500	500	500	0	
2.9999671316e+01	39	15	491	9	14	75	0	500	500	500	500	500	500	0	
3.0497527691e+01	42	14	488	12	10	90	0	500	500	500	500	500	500	0	
3.0999196655e+01	44	17	489	11	13	93	0	500	500	500	500	500	500	0	
3.1498137081e+01	45	17	485	15	13	87	0	500	500	500	500	500	500	0	
3.1998488074e+01	45	18	485	15	9	67	0	500	500	500	500	500	500	0	
3.2499214725e+01	48	16	487	13	10	75	0	500	500	500	500	500	500	0	
3.2998829944e+01	49	17	489	11	12	77	0	500	500	500	500	500	500	0	
3.3499460075e+01	49	18	491	9	14	74	0	500	500	500	500	500	500	0	
3.3995743482e+01	49	18	483	17	12	89	0	500	500	500	500	500	500	0	
3.4499289653e+01	49	19	482	18	12	88	0	500	500	500	500	500	500	0	
3.4999949666e+01	47	21	474	26	15	75	0	500	500	500	500	500	500	0	
3.5499837189e+01	46	24	479	21	19	68	0	500	500	500	500	500	500	0	
3.5998132041e+01	47	23	481	19	15	74	0	500	500	500	500	500	500	0	
3.6499928069e+01	46	25	480	20	14	101	0	500	500	500	500	500	500	0	
3.6999203486e+01	48	23	478	22	14	81	0	500	500	500	500	500	500	0	
3.7499813062e+01	54	17	487	13	19	78	0	500	500	500	500	500	500	0	
3.7998143440e+01	54	17	492	8	11	96	0	500	500	500	500	500	500	0	
3.8497798571e+01	56	16	486	14	4	101	0	500	500	500	500	500	500	0	
3.8998926102e+01	58	15	482	18	17	78	0	500	500	500	500	500	500	0	
3.9499731808e+01	60	13	492	8	8	82	0	500	500	500	500	500	500	0	
3.9998459763e+01	60	14	486	14	11	77	0	500	500	500	500	500	500	0	
4.0499788323e+01	59	15	491	9	12	77	0	500	500	500	500	500	500	0	
4.0998255966e+01	59	16	484	16	16	80	0	500	500	500	500	500	500	0	
4.1499402258e+01	61	14	491	9	12	85	0	500	500	500	500	500	500	0	
4.1998759351e+01	64	12	489	11	8	81	0	500	500	500	500	500	500	0	
4.2499721580e+01	67	10	488	12	15	85	0	500	500	500	500	500	500	0	
4.2996816627e+01	68	10	488	12	13	88	0	500	500	500	500	500	500	0	
4.3499865678e+01	68	10	486	14	13	85	0	500	500	500	500	500	500	0	
4.3999194145e+01	69	10	492	8	18	75	0	500	500	500	500	500	500	0	
4.4497737215e+01	69	14	489	11	11	76	0	500	500	500	500	500	500	0	
4.4999307051e+01	70	13	489	11	9	76	0	500	500	500	500	500	500	0	
4.5498260829e+01	70	15	489	11	21	74	0	500	500	500	500	500	500	0	
4.5996758464e+01	70	17	486	14	11	85	0	500	500	500	500	500	500	0	
4.6499721570e+01	71	16	484	16	9	81	0	500	500	500	500	500	500	0	
4.6999676041e+01	71	17	489	11	6	90	0	500	500	500	500	500	500	0	
4.7497325173e+01	71	18	491	9	14	72	0	500	500	500	500	500	500	0	
4.7999415893e+01	71	18	488	12	14	83	0	500	500	500	500	500	500	0	
4.8499432665e+01	71	21	478	22	13	73	0	500	500	500	500	500	500	0	
4.8994632563e+01	69	25	473	27	11	75	0	500	500	500	500	500	500	0	
4.9499531454e+01	70	29	469	31	18	81	0	500	500	500	500	500	500	0	
4.9999060195e+01	73	27	474	26	17	83	0	500	500	500	500	500	500	0	
5.0491262134e+01	74	26	475	25	13	89	0	500	500	500	500	500	500	0	
5.0999980294e+01	74	25	478	22	15	72	0	500	500	500	500	500	500	0	
5.1499502738e+01	76	24	474	26	19	89	0	500	500	500	500	500	500	0	
5.1999243808e+01	79	21	483	17	11	89	0	500	500	500	500	500	500	0	
5.2499244290e+01	81	19	489	11	13	82	0	500	500	500	500	500	500	0	
5.2999817566e+01	80	20	488	12	14	83	0	500	500	500	500	500	500	0	
5.3499794122e+01	80	24	484	16	13	84	0	500	500	500	500	500	500	0	
5.3998917129e+01	82	23	479	21	15	92	0	500	500	500	500	500	500	0	
5.4499685587e+01	84	24	483	17	9	101	0	500	500	500	500	500	500	0	
5.4999583987e+01	82	25	479	21	22	96	0	500	500	500	500	500	500	0	
5.5498483595e+01	82	25	472	28	13	102	0	500	500	500	500	500	500	0	
5.5999541685e+01	80	27	471	29	18	80	0	500	500	500	500	500	500	0	
5.6498854361e+01	81	28	467	33	16	68	0	500	500	500	500	500	500	0	
5.6998987193e+01	84	27	466	34	17	89	0	500	500	500	500	500	500	0	
5.7499218301e+01	85	26	461	39	12	93	0	500	500	500	500	500	500	0	
5.7996821548e+01	88	25	473	27	12	80	0	500	500	500	500	500	500	0	
5.8498034965e+01	91	22	478	22	14	88	0	500	500	500	500	500	500	0	
5.8999047668e+01	94	22	486	14	10	102	0	500	500	500	500	500	500	0	
5.9496666785e+01	94	22	483	17	17	81	0	500	500	500	500	500	500	0	
5.9999921083e+01	94	22	484	16	9	80	0	500	500	500	500	500	500	0	
6.0497901112e+01	93	24	483	17	23	78	0	500	500	500	500	500	500	0	
6.0996530344e+01	93	26	482	18	17	80	0	500	500	500	500	500	500	0	
6.1499628094e+01	95	26	484	16	17	76	0	500	500	500	500	500	500	0	
6.1999189185e+01	99	26	482	18	7	99	0	500	500	500	500	500	500	0	
6.2499891604e+01	99	27	480	20	17	101	0	500	500	500	500	500	500	0	
6.2997346047e+01	98	28	461	39	13	102	0	500	500	500	500	500	500	0	
6.3499998351e+01	99	30	464	36	7	90	0	500	500	500	500	500	500	0	
6.3999661199e+01	99	30	467	33	14	82	0	500	500	500	500	500	500	0	
6.4498420544e+01	96	35	461	39	12	89	0	500	500	500	500	500	500	0	
6.4999912799e+01	98	33	459	41	14	84	0	500	500	500	500	500	500	0	
6.5498988930e+01	99	32	450	50	12	95	0	500	500	500	500	500	500	0	
6.5999475619e+01	96	36	459	41	12	97	0	500	500	500	500	500	500	0	
6.6496919509e+01	96	36	469	31	11	90	0	500	500	500	500	500	500	0	
6.6998610831e+01	99	34	469	31	17	88	0	500	500	500	500	500	500	0	
6.7498777209e+01	99	34	476	24	17	90	0	500	500	500	500	500	500	0	
6.7999374781e+01	102	31	458	42	8	97	0	500	500	500	500	500	500	0	
6.8497863993e+01	105	30	458	42	13	91	0	500	500	500	500	500	500	0	
6.8999574652e+01	101	34	455	45	15	90	0	500	500	500	500	500	500	0	
6.9499987030e+01	101	34	469	31	10	102	0	500	500	500	500	500	500	0	
6.9999716169e+01	100	36	457	43	8	105	0	500	500	500	500	500	500	0	
7.0499773291e+01	102	35	462	38	12	95	0	500	500	500	500	500	500	0	
7.0998315424e+01	102	38	455	45	14	91	0	500	500	500	500	500	500	0	
7.1499482537e+01	106	34	452	48	15	87	0	500	500	500	500	500	500	0	
7.1997488228e+01	102	38	454	46	16	94	0	500	500	500	500	500	500	0	
7.2495824741e+01	102	40	462	38	15	84	0	500	500	500	500	500	500	0	
7.2999982251e+01	106	38	465	35	19	105	0	500	500	500	500	500	500	0	
7.3498355729e+01	106	40	466	34	9	108	0	500	500	500	500	500	500	0	
7.3998905470e+01	108	40	465	35	20	85	0	500	500	500	500	500	500	0	
7.4499975580e+01	109	39	453	47	6	79	0	500	500	500	500	500	500	0	
7.4997773486e+01	107	44	459	41	17	92	0	500	500	500	500	500	500	0	
7.5499072081e+01	108	44	438	62	11	86	0	500	500	500	500	500	500	0	
7.5999754583e+01	110	43	444	56	9	88	0	500	500	500	500	500	500	0	
7.6498667403e+01	109	46	431	69	12	79	0	500	500	500	500	500	500	0	
7.6999720277e+01	106	53	446	54	10	86	0	500	500	500	500	500	500	0	
7.7498727866e+01	108	51	444	56	14	61	0	500	500	500	500	500	500	0	
7.7999961629e+01	104	56	428	72	12	86	0	500	500	500	500	500	500	0	
7.8499756353e+01	105	57	412	88	21	77	0	500	500	500	500	500	500	0	
7.8998864347e+01	107	58	411	89	17	83	0	500	500	500	500	500	500	0	
7.9499959874e+01	113	52	422	78	15	85	0	500	500	500	500	500	500	0	
7.9997545221e+01	111	55	415	85	12	78	0	500	500	500	500	500	500	0	
8.0498720233e+01	114	54	403	97	13	113	0	500	500	500	500	500	500	0	
8.0999302026e+01	115	55	404	96	20	93	0	500	500	500	500	500	500	0	
8.1498904502e+01	117	53	398	102	15	87	0	500	500	500	500	500	500	0	
8.1996425289e+01	117	53	417	83	14	73	0	500	500	500	500	500	500	0	
8.2499930329e+01	117	57	421	79	17	79	0	500	500	500	500	500	500	0	
8.2999263459e+01	120	54	433	67	13	93	0	500	500	500	500	500	500	0	
8.3499751270e+01	124	50	421	79	15	83	0	500	500	500	500	500	500	0	
8.3999772599e+01	128	48	426	74	8	100	0	500	500	500	500	500	500	0	
8.4496731718e+01	128	51	428	72	9	79	0	500	500	500	500	500	500	0	
8.4998869516e+01	130	52	426	74	14	80	0	500	500	500	500	500	500	0	
8.5499942273e+01	125	57	422	78	17	79	0	500	500	500	500	500	500	0	
8.5999200206e+01	125	57	416	84	16	80	0	500	500	500	500	500	500	0	
8.6499511639e+01	125	58	391	109	12	92	0	500	500	500	500	500	500	0	
8.6999425202e+01	123	62	387	113	16	87	0	500	500	500	500	500	500	0	
8.7499369675e+01	120	65	358	142	15	76	0	500	500	500	500	500	500	0	
8.7999799677e+01	120	66	353	147	14	97	0	500	500	500	500	500	500	0	
8.8497590615e+01	125	62	350	150	17	88	0	500	500	500	500	500	500	0	
8.8998392818e+01	124	64	340	160	14	75	0	500	500	500	500	500	500	0	
8.9498368395e+01	120	69	345	155	10	76	0	500	500	500	500	500	500	0	
8.9999711569e+01	117	72	354	146	6	80	0	500	500	500	500	500	500	0	
9.0499607427e+01	114	76	349	151	14	81	0	500	500	500	500	500	500	0	
9.0996857726e+01	110	80	325	175	8	92	0	500	500	500	500	500	500	0	
9.1499708368e+01	109	81	304	196	18	86	0	500	500	500	500	500	500	0	
9.1999955315e+01	102	88	300	200	19	87	0	500	500	500	500	500	500	0	
9.2499205443e+01	99	91	283	217	18	92	0	500	500	500	500	500	500	0	
9.2999355360e+01	96	94	272	228	13	83	0	500	500	500	500	500	500	0	
9.3497870011e+01	93	100	249	251	8	90	0	500	500	500	500	500	500	0	
9.3999421392e+01	87	107	224	276	21	86	0	500	500	500	500	500	500	0	
9.4498531682e+01	86	111	198	302	11	101	0	500	500	500	500	500	500	0	
9.4998461726e+01	83	114	178	322	17	68	0	500	500	500	500	500	500	0	
9.5499278390e+01	76	120	148	352	12	59	0	500	500	500	500	500	500	0	
9.5999758178e+01	72	124	131	369	11	68	0	500	500	500	500	500	500	0	
9.6499566046e+01	69	130	104	396	12	91	0	500	500	500	500	500	500	0	
9.6999748291e+01	55	145	75	425	9	87	0	500	500	500	500	500	500	0	
9.7499891521e+01	49	152	70	430	10	78	0	500	500	500	500	500	500	0	
9.7997615428e+01	46	155	56	444	14	79	0	500	500	500	500	500	500	0	
9.8499393545e+01	48	154	42	458	9	83	0	500	500	500	500	500	500	0	
9.8999253925e+01	47	156	50	450	24	69	0	500	500	500	500	500	500	0	
9.9497252184e+01	51	151	38	462	21	71	0	500	500	500	500	500	500	0	
9.9998177638e+01	52	150	39	461	16	83	0	500	500	500	500	500	500	0	
1.0049923127e+02	49	154	35	465	15	70	0	500	500	500	500	500	500	0	
1.0099934300e+02	43	161	35	465	15	98	0	500	500	500	500	500	500	0	
1.0149932658e+02	39	167	32	468	11	100	0	500	500	500	500	500	500	0	
1.0199941589e+02	45	161	23	477	16	75	0	500	500	500	500	500	500	0	
1.0249995668e+02	46	159	33	467	11	79	0	500	500	500	500	500	500	0	
1.0299939860e+02	41	164	42	458	13	59	0	500	500	500	500	500	500	0	
1.0349991678e+02	45	160	42	458	16	82	0	500	500	500	500	500	500	0	
1.0399992606e+02	45	160	27	473	16	88	0	500	500	500	500	500	500	0	
1.0449922214e+02	42	163	35	465	20	72	0	500	500	500	500	500	500	0	
1.0499886266e+02	38	169	43	457	12	75	0	500	500	500	500	500	500	0	
1.0549978091e+02	35	172	39	461	13	88	0	500	500	500	500	500	500	0	
1.0599894092e+02	33	174	29	471	14	95	0	500	500	500	500	500	500	0	
1.0649807374e+02	36	170	27	473	21	73	0	500	500	500	500	500	500	0	
1.0699864070e+02	39	169	37	463	15	97	0	500	500	500	500	500	500	0	
1.0749800280e+02	37	173	32	468	11	71	0	500	500	500	500	500	500	0	
1.0799852632e+02	39	173	38	462	14	83	0	500	500	500	500	500	500	0	
1.0849865260e+02	34	178	38	462	12	90	0	500	500	500	500	500	500	0	
1.0899975543e+02	29	183	32	468	14	82	0	500	500	500	500	500	500	0	
1.0949657208e+02	37	176	22	478	9	83	0	500	500	500	500	500	500	0	
1.0999963699e+02	36	178	34	466	13	83	0	500	500	500	500	500	500	0	
1.1049998580e+02	38	178	29	471	15	75	0	500	500	500	500	500	500	0	
1.1099862240e+02	42	173	27	473	10	86	0	500	500	500	500	500	500	0	
1.1149977927e+02	40	175	36	464	13	85	0	500	500	500	500	500	500	0	
1.1199962307e+02	41	174	30	470	14	79	0	500	500	500	500	500	500	0	
1.1249933756e+02	45	172	31	469	9	83	0	500	500	500	500	500	500	0	
1.1299955585e+02	44	174	39	461	9	75	0	500	500	500	500	500	500	0	
1.1349866000e+02	42	178	26	474	14	67	0	500	500	500	500	500	500	0	
1.1399815269e+02	43	179	24	476	14	86	0	500	500	500	500	500	500	0	
1.1449890177e+02	48	175	28	472	13	82	0	500	500	500	500	500	500	0	
1.1499658142e+02	48	175	40	460	14	84	0	500	500	500	500	500	500	0	
1.1549944763e+02	45	180	27	473	10	87	0	500	500	500	500	500	500	0	
1.1599728405e+02	50	177	34	466	19	75	0	500	500	500	500	500	500	0	
1.1649911416e+02	49	179	20	480	20	67	0	500	500	500	500	500	500	0	
1.1699603362e+02	50	179	36	464	13	82	0	500	500	500	500	500	500	0	
1.1749968771e+02	48	183	35	465	17	76	0	500	500	500	500	500	500	0	
1.1799909140e+02	39	194	22	478	8	78	0	500	500	500	500	500	500	0	
1.1849974020e+02	42	192	34	466	20	80	0	500	500	500	500	500	500	0	
1.1899985419e+02	47	188	23	477	7	90	0	500	500	500	500	500	500	0	
1.1949991801e+02	45	192	30	470	15	94	0	500	500	500	500	500	500	0	
1.1999946853e+02	45	193	14	486	19	79	0	500	500	500	500	500	500	0	
1.2049776748e+02	42	197	14	486	9	82	0	500	500	500	500	500	500	0	
1.2099825149e+02	38	202	23	477	10	87	0	500	500	500	500	500	500	0	
1.2149878540e+02	42	199	34	466	10	82	0	500	500	500	500	500	500	0	
1.2199999727e+02	42	200	26	474	8	92	0	500	500	500	500	500	500	0	
1.2249957113e+02	45	200	26	474	12	83	0	500	500	500	500	500	500	0	
1.2299903527e+02	43	202	33	467	12	86	0	500	500	500	500	500	500	0	
1.2349873429e+02	41	204	32	468	17	96	0	500	500	500	500	500	500	0	
1.2399960649e+02	43	203	29	471	8	94	0	500	500	500	500	500	500	0	
1.2449988369e+02	48	199	26	474	16	84	0	500	500	500	500	500	500	0	
1.2499991787e+02	50	197	26	474	22	79	0	500	500	500	500	500	500	0	
1.2549662834e+02	48	200	34	466	11	104	0	500	500	500	500	500	500	0	
1.2599870785e+02	50	197	27	473	14	88	0	500	500	500	500	500	500	0	
1.2649977297e+02	49	198	27	473	16	85	0	500	500	500	500	500	500	0	
1.2699906244e+02	52	195	40	460	8	97	0	500	500	500	500	500	500	0	
1.2749957774e+02	56	194	29	471	10	89	0	500	500	500	500	500	500	0	
1.2799863720e+02	57	194	29	471	16	98	0	500	500	500	500	500	500	0	
1.2849862646e+02	59	192	25	475	17	95	0	500	500	500	500	500	500	0	
1.2899905969e+02	59	193	19	481	13	89	0	500	500	500	500	500	500	0	
1.2949921100e+02	50	201	22	478	13	96	0	500	500	500	500	500	500	0	
1.2999997247e+02	47	204	23	477	14	83	0	500	500	500	500	500	500	0	
1.3049918404e+02	43	208	18	482	12	77	0	500	500	500	500	500	500	0	
1.3099694681e+02	56	195	20	480	15	78	0	500	500	500	500	500	500	0	
1.3149704806e+02	55	196	31	469	10	72	0	500	500	500	500	500	500	0	
1.3199932854e+02	58	194	23	477	21	71	0	500	500	500	500	500	500	0	
1.3249781353e+02	53	201	32	468	18	84	0	500	500	500	500	500	500	0	
1.3299974082e+02	54	203	28	472	10	85	0	500	500	500	500	500	500	0	
1.3349944334e+02	54	203	24	476	13	89	0	500	500	500	500	500	500	0	
1.3399981258e+02	52	206	29	471	10	81	0	500	500	500	500	500	500	0	
1.3449917771e+02	50	210	16	484	12	83	0	500	500	500	500	500	500	0	
1.3499924946e+02	49	212	28	472	7	97	0	500	500	500	500	500	500	0	
1.3549985215e+02	45	217	16	484	14	86	0	500	500	500	500	500	500	0	
1.3599976304e+02	45	217	36	464	11	89	0	500	500	500	500	500	500	0	
1.3649886734e+02	45	218	25	475	17	82	0	500	500	500	500	500	500	0	
1.3699949993e+02	39	226	25	475	15	94	0	500	500	500	500	500	500	0	
1.3749829573e+02	38	228	15	485	6	95	0	500	500	500	500	500	500	0	
1.3799961877e+02	39	227	15	485	20	89	0	500	500	500	500	500	500	0	
1.3849869131e+02	39	229	17	483	17	96	0	500	500	500	500	500	500	0	
1.3899985998e+02	35	233	20	480	10	96	0	500	500	500	500	500	500	0	
1.3949855461e+02	38	230	11	489	18	71	0	500	500	500	500	500	500	0	
1.3999901487e+02	35	233	20	480	7	78	0	500	500	500	500	500	500	0	
1.4049878519e+02	37	232	21	479	14	75	0	500	500	500	500	500	500	0	
1.4099971918e+02	31	240	17	483	10	70	0	500	500	500	500	500	500	0	
1.4149892418e+02	32	239	17	483	15	86	0	500	500	500	500	500	500	0	
1.4199933963e+02	34	238	19	481	20	87	0	500	500	500	500	500	500	0	
1.4249955116e+02	44	227	21	479	14	104	0	500	500	500	500	500	500	0	
1.4299976164e+02	44	228	34	466	17	76	0	500	500	500	500	500	500	0	
1.4349832382e+02	46	226	34	466	13	76	0	500	500	500	500	500	500	0	
1.4399945032e+02	47	226	18	482	16	93	0	500	500	500	500	500	500	0	
1.4449952568e+02	47	226	36	464	14	94	0	500	500	500	500	500	500	0	
1.4499917249e+02	53	220	27	473	8	89	0	500	500	500	500	500	500	0	
1.4549983622e+02	55	220	18	482	11	100	0	500	500	500	500	500	500	0	
1.4599817794e+02	47	228	16	484	19	87	0	500	500	500	500	500	500	0	
1.4649925772e+02	45	230	18	482	15	71	0	500	500	500	500	500	500	0	
1.4699746823e+02	48	228	14	486	16	101	0	500	500	500	500	500	500	0	
1.4749968192e+02	60	215	23	477	14	88	0	500	500	500	500	500	500	0	
1.4799865305e+02	55	222	29	471	11	98	0	500	500	500	500	500	500	0	
1.4849720978e+02	56	223	26	474	12	93	0	500	500	500	500	500	500	0	
1.4899792672e+02	49	231	20	480	4	84	0	500	500	500	500	500	500	0	
1.4949952978e+02	47	234	35	465	15	65	0	500	500	500	500	500	500	0	
1.4999869977e+02	46	236	20	480	16	69	0	500	500	500	500	500	500	0	
1.5049972347e+02	48	234	25	475	8	88	0	500	500	500	500	500	500	0	
1.5099946570e+02	53	230	24	476	18	93	0	500	500	500	500	500	500	0	
1.5149972899e+02	57	226	24	476	13	104	0	500	500	500	500	500	500	0	
1.5199999369e+02	56	227	17	483	18	76	0	500	500	500	500	500	500	0	
1.5249904956e+02	49	236	16	484	9	81	0	500	500	500	500	500	500	0	
1.5299670623e+02	46	240	19	481	13	89	0	500	500	500	500	500	500	0	
1.5349990370e+02	44	243	13	487	11	86	0	500	500	500	500	500	500	0	
1.5399937059e+02	40	249	13	487	15	87	0	500	500	500	500	500	500	0	
1.5449876275e+02	39	251	16	484	15	74	0	500	500	500	500	500	500	0	
1.5499963064e+02	45	245	19	481	13	90	0	500	500	500	500	500	500	0	
1.5549891333e+02	46	245	16	484	16	80	0	500	500	500	500	500	500	0	
1.5599992258e+02	51	241	11	489	10	93	0	500	500	500	500	500	500	0	
1.5649974514e+02	56	236	24	476	12	82	0	500	500	500	500	500	500	0	
1.5699898024e+02	48	243	25	475	16	77	0	500	500	500	500	500	500	0	
1.5749988417e+02	45	248	19	481	13	89	0	500	500	500	500	500	500	0	
1.5799947731e+02	44	252	13	487	9	88	0	500	500	500	500	500	500	0	
1.5849984608e+02	41	259	12	488	11	92	0	500	500	500	500	500	500	0	
1.5899810059e+02	49	251	25	475	11	89	0	500	500	500	500	500	500	0	
1.5949986505e+02	49	252	24	476	11	91	0	500	500	500	500	500	500	0	
1.5999588430e+02	47	255	8	492	13	75	0	500	500	500	500	500	500	0	
1.6049924738e+02	43	261	21	479	10	89	0	500	500	500	500	500	500	0	
1.6099943870e+02	45	258	19	481	7	86	0	500	500	500	500	500	500	0	
1.6149990544e+02	43	263	19	481	11	73	0	500	500	500	500	500	500	0	
1.6199992756e+02	36	272	15	485	8	84	0	500	500	500	500	500	500	0	
1.6249905566e+02	37	272	28	472	13	87	0	500	500	500	500	500	500	0	
1.6299843480e+02	35	276	11	489	18	77	0	500	500	500	500	500	500	0	
1.6349874158e+02	48	263	24	476	13	94	0	500	500	500	500	500	500	0	
1.6399726916e+02	47	266	19	481	14	88	0	500	500	500	500	500	500	0	
1.6449987080e+02	53	262	24	476	11	99	0	500	500	500	500	500	500	0	
1.6499992535e+02	52	264	24	476	20	86	0	500	500	500	500	500	500	0	
1.6549702326e+02	54	262	26	474	9	83	0	500	500	500	500	500	500	0	
1.6599972868e+02	53	263	14	486	15	85	0	500	500	500	500	500	500	0	
1.6649578076e+02	58	258	12	488	16	89	0	500	500	500	500	500	500	0	
1.6699839410e+02	62	255	22	478	13	86	0	500	500	500	500	500	500	0	
1.6749928608e+02	66	252	13	487	13	97	0	500	500	500	500	500	500	0	
1.6799985846e+02	71	247	23	477	15	86	0	500	500	500	500	500	500	0	
1.6849948142e+02	67	250	22	478	14	81	0	500	500	500	500	500	500	0	
1.6899997536e+02	65	253	24	476	8	96	0	500	500	500	500	500	500	0	
1.6949973974e+02	64	255	16	484	12	91	0	500	500	500	500	500	500	0	
1.6999913565e+02	59	261	15	485	14	88	0	500	500	500	500	500	500	0	
1.7049759479e+02	54	268	21	479	20	77	0	500	500	500	500	500	500	0	
1.7099889988e+02	48	274	14	486	13	80	0	500	500	500	500	500	500	0	
1.7149962231e+02	51	272	17	483	19	87	0	500	500	500	500	500	500	0	
1.7199956184e+02	56	268	11	489	18	83	0	500	500	500	500	500	500	0	
1.7249842806e+02	60	265	20	480	13	66	0	500	500	500	500	500	500	0	
1.7299952450e+02	58	266	32	468	9	69	0	500	500	500	500	500	500	0	
1.7349947977e+02	61	266	19	481	14	77	0	500	500	500	500	500	500	0	
1.7399997814e+02	59	270	12	488	13	92	0	500	500	500	500	500	500	0	
1.7449971482e+02	59	270	16	484	20	92	0	500	500	500	500	500	500	0	
1.7499850633e+02	57	271	16	484	19	81	0	500	500	500	500	500	500	0	
1.7549994299e+02	64	263	27	473	14	88	0	500	500	500	500	500	500	0	
1.7599746807e+02	60	266	25	475	13	109	0	500	500	500	500	500	500	0	
1.7649972182e+02	70	257	31	469	9	102	0	500	500	500	500	500	500	0	
1.7699857157e+02	68	259	20	480	19	95	0	500	500	500	500	500	500	0	
1.7749847932e+02	61	266	20	480	9	94	0	500	500	500	500	500	500	0	
1.7799890899e+02	56	271	25	475	9	88	0	500	500	500	500	500	500	0	
1.7849851996e+02	50	277	15	485	8	84	0	500	500	500	500	500	500	0	
1.7899931718e+02	56	272	13	487	17	91	0	500	500	500	500	500	500	0	
1.7949812190e+02	63	265	13	487	15	75	0	500	500	500	500	500	500	0	
1.7999986830e+02	62	267	20	480	12	89	0	500	500	500	500	500	500	0	
1.8049974328e+02	58	271	16	484	6	97	0	500	500	500	500	500	500	0	
1.8099912141e+02	54	276	9	491	9	98	0	500	500	500	500	500	500	0	
1.8149642611e+02	50	280	13	487	16	96	0	500	500	500	500	500	500	0	
1.8199711030e+02	49	281	9	491	19	99	0	500	500	500	500	500	500	0	
1.8249953685e+02	50	284	18	482	20	99	0	500	500	500	500	500	500	0	
1.8299968811e+02	58	276	15	485	9	81	0	500	500	500	500	500	500	0	
1.8349812162e+02	54	281	23	477	12	83	0	500	500	500	500	500	500	0	
1.8399573478e+02	54	281	15	485	9	64	0	500	500	500	500	500	500	0	
1.8449932503e+02	51	285	17	483	12	85	0	500	500	500	500	500	500	0	
1.8499996982e+02	55	282	20	480	11	83	0	500	500	500	500	500	500	0	
1.8549637301e+02	51	286	14	486	14	80	0	500	500	500	500	500	500	0	
1.8599766178e+02	57	280	15	485	8	84	0	500	500	500	500	500	500	0	
1.8649780470e+02	60	278	19	481	9	71	0	500	500	500	500	500	500	0	
1.8699792696e+02	59	279	21	479	14	65	0	500	500	500	500	500	500	0	
1.8749975258e+02	54	285	16	484	14	85	0	500	500	500	500	500	500	0	
1.8799718175e+02	58	282	18	482	15	74	0	500	500	500	500	500	500	0	
1.8849994681e+02	62	279	26	474	7	78	0	500	500	500	500	500	500	0	
1.8899967492e+02	56	286	22	478	16	80	0	500	500	500	500	500	500	0	
1.8949878564e+02	51	290	13	487	9	77	0	500	500	500	500	500	500	0	
1.8999975904e+02	55	287	18	482	17	89	0	500	500	500	500	500	500	0	
1.9049881606e+02	56	287	17	483	12	95	0	500	500	500	500	500	500	0	
1.9099987253e+02	60	283	17	483	11	72	0	500	500	500	500	500	500	0	
1.9149999448e+02	61	283	18	482	12	100	0	500	500	500	500	500	500	0	
1.9199475412e+02	57	288	18	482	13	90	0	500	500	500	500	500	500	0	
1.9249808630e+02	53	294	7	493	13	100	0	500	500	500	500	500	500	0	
1.9299945104e+02	62	284	16	484	15	87	0	500	500	500	500	500	500	0	
1.9349994415e+02	65	282	19	481	20	115	0	500	500	500	500	500	500	0	
1.9399440775e+02	66	286	20	480	19	74	0	500	500	500	500	500	500	0	
1.9449972323e+02	60	292	16	484	16	86	0	500	500	500	500	500	500	0	
1.9499874791e+02	57	296	14	486	15	83	0	500	500	500	500	500	500	0	
1.9549972108e+02	62	291	25	475	18	99	0	500	500	500	500	500	500	0	
1.9599952460e+02	56	297	9	491	12	84	0	500	500	500	500	500	500	0	
1.9649988671e+02	51	302	16	484	12	92	0	500	500	500	500	500	500	0	
1.9699961607e+02	65	288	26	474	12	81	0	500	500	500	500	500	500	0	
1.9749855492e+02	56	299	18	482	18	84	0	500	500	500	500	500	500	0	
1.9799991733e+02	61	295	13	487	12	97	0	500	500	500	500	500	500	0	
1.9849949352e+02	65	293	13	487	16	79	0	500	500	500	500	500	500	0	
1.9899882506e+02	61	297	12	488	17	75	0	500	500	500	500	500	500	0	
1.9949860118e+02	57	301	19	481	15	87	0	500	500	500	500	500	500	0	
1.9999829506e+02	61	297	15	485	13	95	0	500	500	500	500	500	500	0	
2.0049915960e+02	62	296	16	484	21	78	0	500	500	500	500	500	500	0	
2.0099997996e+02	60	298	15	485	9	78	0	500	500	500	500	500	500	0	
2.0149976234e+02	54	304	20	480	17	67	0	500	500	500	500	500	500	0	
2.0199862751e+02	57	302	16	484	25	76	0	500	500	500	500	500	500	0	
2.0249993899e+02	56	305	17	483	19	92	0	500	500	500	500	500	500	0	
2.0299915686e+02	55	307	19	481	13	89	0	500	500	500	500	500	500	0	
2.0349581971e+02	59	306	10	490	12	80	0	500	500	500	500	500	500	0	
2.0399996739e+02	56	310	13	487	12	100	0	500	500	500	500	500	500	0	
2.0449975067e+02	51	315	13	487	9	95	0	500	500	500	500	500	500	0	
2.0499784230e+02	58	306	9	491	10	86	0	500	500	500	500	500	500	0	
2.0549936551e+02	57	308	8	492	11	85	0	500	500	500	500	500	500	0	
2.0599920095e+02	59	306	16	484	9	106	0	500	500	500	500	500	500	0	
2.0649914732e+02	53	315	20	480	11	80	0	500	500	500	500	500	500	0	
2.0699834539e+02	46	322	20	480	18	61	0	500	500	500	500	500	500	0	
2.0749979946e+02	53	319	12	488	18	67	0	500	500	500	500	500	500	0	
2.0799984047e+02	55	319	10	490	19	74	0	500	500	500	500	500	500	0	
2.0849901152e+02	54	321	7	493	13	70	0	500	500	500	500	500	500	0	
2.0899988692e+02	59	318	9	491	9	82	0	500	500	500	500	500	500	0	
2.0949994040e+02	56	321	16	484	14	84	0	500	500	500	500	500	500	0	
2.0999948075e+02	58	320	18	482	9	95	0	500	500	500	500	500	500	0	
2.1049999454e+02	63	315	15	485	11	87	0	500	500	500	500	500	500	0	
2.1099955126e+02	71	305	8	492	13	98	0	500	500	500	500	500	500	0	
2.1149932679e+02	70	307	15	485	14	77	0	500	500	500	500	500	500	0	
2.1199775331e+02	68	311	14	486	10	84	0	500	500	500	500	500	500	0	
2.1249949772e+02	68	313	10	490	8	93	0	500	500	500	500	500	500	0	
2.1299998554e+02	72	309	8	492	12	84	0	500	500	500	500	500	500	0	
2.1349987127e+02	66	315	7	493	9	101	0	500	500	500	500	500	500	0	
2.1399981936e+02	67	315	16	484	10	93	0	500	500	500	500	500	500	0	
2.1449950344e+02	67	315	11	489	9	94	0	500	500	500	500	500	500	0	
2.1499990741e+02	75	307	8	492	15	86	0	500	500	500	500	500	500	0	
2.1549985651e+02	73	312	17	483	7	101	0	500	500	500	500	500	500	0	
2.1599859543e+02	76	310	12	488	13	84	0	500	500	500	500	500	500	0	
2.1649999666e+02	75	312	17	483	16	75	0	500	500	500	500	500	500	0	
2.1699993047e+02	78	310	16	484	9	66	0	500	500	500	500	500	500	0	
2.1749840812e+02	73	316	13	487	17	79	0	500	500	500	500	500	500	0	
2.1799959541e+02	74	317	19	481	12	88	0	500	500	500	500	500	500	0	
2.1849971714e+02	74	317	12	488	18	73	0	500	500	500	500	500	500	0	
2.1899940442e+02	68	322	8	492	10	87	0	500	500	500	500	500	500	0	
2.1949986477e+02	71	319	15	485	16	86	0	500	500	500	500	500	500	0	
2.1999998429e+02	66	324	18	482	13	94	0	500	500	500	500	500	500	0	
2.2049948476e+02	65	325	20	480	13	111	0	500	500	500	500	500	500	0	
2.2099728698e+02	68	321	14	486	10	91	0	500	500	500	500	500	500	0	
2.2149942166e+02	64	325	7	493	8	89	0	500	500	500	500	500	500	0	
2.2199990759e+02	58	330	9	491	16	94	0	500	500	500	500	500	500	0	
2.2249949029e+02	61	327	19	481	14	91	0	500	500	500	500	500	500	0	
2.2299637290e+02	60	329	12	488	14	80	0	500	500	500	500	500	500	0	
2.2349995780e+02	59	331	6	494	17	76	0	500	500	500	500	500	500	0	
2.2399964634e+02	61	329	13	487	17	74	0	500	500	500	500	500	500	0	
2.2449972067e+02	63	326	11	489	20	100	0	500	500	500	500	500	500	0	
2.2499896223e+02	56	334	9	491	9	81	0	500	500	500	500	500	500	0	
2.2549818244e+02	46	346	15	485	13	87	0	500	500	500	500	500	500	0	
2.2599767610e+02	49	345	9	491	8	100	0	500	500	500	500	500	500	0	
2.2649928059e+02	55	342	19	481	11	87	0	500	500	500	500	500	500	0	
2.2699994607e+02	61	336	12	488	6	95	0	500	500	500	500	500	500	0	
2.2749997686e+02	58	342	16	484	15	82	0	500	500	500	500	500	500	0	
2.2799930219e+02	58	341	17	483	13	85	0	500	500	500	500	500	500	0	
2.2849935296e+02	54	347	15	485	12	75	0	500	500	500	500	500	500	0	
2.2899808744e+02	65	337	12	488	9	80	0	500	500	500	500	500	500	0	
2.2949903652e+02	59	341	11	489	5	76	0	500	500	500	500	500	500	0	
2.2999750165e+02	51	349	6	494	11	75	0	500	500	500	500	500	500	0	
2.3049995160e+02	49	353	10	490	12	85	0	500	500	500	500	500	500	0	
2.3099974282e+02	53	351	18	482	17	85	0	500	500	500	500	500	500	0	
2.3149902831e+02	55	350	13	487	7	76	0	500	500	500	500	500	500	0	
2.3199961537e+02	63	343	10	490	11	73	0	500	500	500	500	500	500	0	
2.3249996822e+02	63	346	12	488	12	84	0	500	500	500	500	500	500	0	
2.3299979326e+02	59	350	6	494	12	101	0	500	500	500	500	500	500	0	
2.3349990653e+02	61	348	9	491	13	62	0	500	500	500	500	500	500	0	
2.3399860504e+02	53	358	13	487	10	76	0	500	500	500	500	500	500	0	
2.3449977658e+02	60	351	18	482	13	78	0	500	500	500	500	500	500	0	
2.3499898058e+02	57	353	9	491	12	86	0	500	500	500	500	500	500	0	
2.3549951792e+02	60	350	13	487	13	91	0	500	500	500	500	500	500	0	
2.3599997204e+02	57	354	12	488	13	89	0	500	500	500	500	500	500	0	
2.3649995049e+02	66	347	11	489	15	68	0	500	500	500	500	500	500	0	
2.3699985519e+02	64	350	22	478	8	100	0	500	500	500	500	500	500	0	
2.3749947204e+02	59	357	16	484	10	97	0	500	500	500	500	500	500	0	
2.3799825174e+02	57	359	16	484	14	73	0	500	500	500	500	500	500	0	
2.3849934574e+02	56	360	17	483	11	81	0	500	500	500	500	500	500	0	
2.3899861179e+02	49	369	7	493	17	83	0	500	500	500	500	500	500	0	
2.3949988553e+02	57	362	5	495	21	73	0	500	500	500	500	500	500	0	
2.3999938124e+02	61	359	12	488	14	94	0	500	500	500	500	500	500	0	
2.4049834306e+02	58	363	9	491	8	95	0	500	500	500	500	500	500	0	
2.4099826486e+02	59	365	10	490	19	86	0	500	500	500	500	500	500	0	
2.4149931735e+02	68	357	15	485	5	91	0	500	500	500	500	500	500	0	
2.4199713605e+02	70	353	14	486	12	77	0	500	500	500	500	500	500	0	
2.4249637224e+02	68	354	14	486	8	85	0	500	500	500	500	500	500	0	
2.4299961108e+02	70	353	18	482	20	86	0	500	500	500	500	500	500	0	
2.4349934484e+02	71	354	11	489	16	81	0	500	500	500	500	500	500	0	
2.4399870846e+02	75	350	10	490	12	98	0	500	500	500	500	500	500	0	
2.4449985832e+02	68	356	13	487	14	87	0	500	500	500	500	500	500	0	
2.4499994166e+02	73	350	14	486	12	82	0	500	500	500	500	500	500	0	
2.4549903376e+02	58	366	11	489	8	95	0	500	500	500	500	500	500	0	
2.4599883267e+02	64	361	10	490	12	79	0	500	500	500	500	500	500	0	
2.4649937328e+02	67	359	8	492	10	105	0	500	500	500	500	500	500	0	
2.4699921558e+02	66	361	9	491	13	85	0	500	500	500	500	500	500	0	
2.4749990318e+02	70	359	12	488	21	72	0	500	500	500	500	500	500	0	
2.4799553880e+02	71	358	10	490	13	68	0	500	500	500	500	500	500	0	
2.4849781677e+02	67	361	14	486	10	103	0	500	500	500	500	500	500	0	
2.4899629525e+02	67	361	6	494	12	87	0	500	500	500	500	500	500	0	
2.4949913154e+02	66	361	10	490	15	78	0	500	500	500	500	500	500	0	
2.4999820874e+02	70	358	14	486	12	78	0	500	500	500	500	500	500	0	
2.5049941227e+02	68	361	9	491	13	97	0	500	500	500	500	500	500	0	
2.5099748827e+02	57	374	9	491	17	59	0	500	500	500	500	500	500	0	
2.5149939866e+02	65	365	12	488	21	58	0	500	500	500	500	500	500	0	
2.5199833168e+02	64	366	16	484	11	100	0	500	500	500	500	500	500	0	
2.5249940054e+02	67	365	8	492	22	99	0	500	500	500	500	500	500	0	
2.5299998392e+02	69	363	15	485	13	88	0	500	500	500	500	500	500	0	
2.5349955034e+02	57	376	13	487	15	117	0	500	500	500	500	500	500	0	
2.5399957774e+02	56	380	8	492	17	89	0	500	500	500	500	500	500	0	
2.5449970641e+02	62	374	7	493	9	106	0	500	500	500	500	500	500	0	
2.5499962377e+02	62	374	12	488	16	83	0	500	500	500	500	500	500	0	
2.5549957242e+02	63	371	12	488	11	94	0	500	500	500	500	500	500	0	
2.5599981456e+02	64	370	4	496	14	102	0	500	500	500	500	500	500	0	
2.5649788430e+02	75	359	17	483	12	95	0	500	500	500	500	500	500	0	
2.5699967237e+02	75	359	10	490	16	94	0	500	500	500	500	500	500	0	
2.5749503094e+02	78	356	12	488	12	81	0	500	500	500	500	500	500	0	
2.5799847129e+02	81	353	9	491	13	84	0	500	500	500	500	500	500	0	
2.5849859187e+02	75	360	9	491	9	89	0	500	500	500	500	500	500	0	
2.5899985699e+02	69	365	10	490	13	92	0	500	500	500	500	500	500	0	
2.5949606951e+02	62	370	12	488	20	98	0	500	500	500	500	500	500	0	
2.5999979777e+02	62	371	15	485	17	92	0	500	500	500	500	500	500	0	
2.6049918004e+02	64	370	15	485	14	92	0	500	500	500	500	500	500	0	
2.6099975835e+02	71	365	7	493	11	97	0	500	500	500	500	500	500	0	
2.6149906719e+02	64	370	16	484	14	97	0	500	500	500	500	500	500	0	
2.6199910698e+02	73	360	15	485	17	98	0	500	500	500	500	500	500	0	
2.6249997950e+02	72	362	7	493	13	113	0	500	500	500	500	500	500	0	
2.6299947326e+02	78	356	14	486	25	99	0	500	500	500	500	500	500	0	
2.6349953048e+02	84	349	13	487	14	84	0	500	500	500	500	500	500	0	
2.6399908352e+02	84	348	14	486	12	87	0	500	500	500	500	500	500	0	
2.6449875859e+02	89	343	12	488	13	76	0	500	500	500	500	500	500	0	
2.6499857215e+02	79	354	12	488	16	75	0	500	500	500	500	500	500	0	
2.6549994741e+02	80	352	10	490	16	102	0	500	500	500	500	500	500	0	
2.6599973193e+02	71	361	10	490	9	78	0	500	500	500	500	500	500	0	
2.6649939232e+02	76	357	9	491	12	81	0	500	500	500	500	500	500	0	
2.6699883046e+02	74	360	12	488	17	86	0	500	500	500	500	500	500	0	
2.6749948498e+02	81	355	19	481	12	89	0	500	500	500	500	500	500	0	
2.6799878930e+02	81	355	16	484	15	94	0	500	500	500	500	500	500	0	
2.6849992258e+02	88	348	14	486	18	90	0	500	500	500	500	500	500	0	
2.6899959683e+02	85	353	19	481	12	92	0	500	500	500	500	500	500	0	
2.6949932039e+02	76	363	4	496	20	78	0	500	500	500	500	500	500	0	
2.6999954514e+02	79	360	10	490	17	96	0	500	500	500	500	500	500	0	
2.7049954693e+02	85	354	16	484	28	72	0	500	500	500	500	500	500	0	
2.7099989565e+02	78	363	9	491	12	85	0	500	500	500	500	500	500	0	
2.7149972131e+02	73	368	5	495	16	89	0	500	500	500	500	500	500	0	
2.7199976304e+02	71	371	9	491	14	84	0	500	500	500	500	500	500	0	
2.7249641201e+02	72	371	5	495	13	111	0	500	500	500	500	500	500	0	
2.7299708658e+02	74	372	7	493	8	102	0	500	500	500	500	500	500	0	
2.7349928183e+02	79	367	7	493	16	103	0	500	500	500	500	500	500	0	
2.7399877626e+02	88	358	15	485	25	95	0	500	500	500	500	500	500	0	
2.7449997593e+02	85	361	15	485	10	74	0	500	500	500	500	500	500	0	
2.7499909954e+02	75	370	14	486	18	75	0	500	500	500	500	500	500	0	
2.7549988004e+02	73	372	16	484	10	96	0	500	500	500	500	500	500	0	
2.7599976403e+02	69	378	11	489	11	86	0	500	500	500	500	500	500	0	
2.7649780997e+02	67	380	17	483	15	99	0	500	500	500	500	500	500	0	
2.7699823440e+02	75	373	9	491	11	86	0	500	500	500	500	500	500	0	
2.7749994569e+02	77	373	3	497	13	91	0	500	500	500	500	500	500	0	
2.7799856192e+02	79	370	9	491	13	95	0	500	500	500	500	500	500	0	
2.7849998169e+02	76	375	10	490	14	83	0	500	500	500	500	500	500	0	
2.7899965821e+02	71	381	14	486	17	80	0	500	500	500	500	500	500	0	
2.7949999205e+02	73	382	9	491	14	87	0	500	500	500	500	500	500	0	
2.7999976728e+02	77	380	8	492	12	93	0	500	500	500	500	500	500	0	
2.8049918004e+02	81	378	11	489	7	92	0	500	500	500	500	500	500	0	
2.8099977022e+02	90	368	12	488	11	94	0	500	500	500	500	500	500	0	
2.8149919617e+02	80	378	8	492	9	75	0	500	500	500	500	500	500	0	
2.8199804483e+02	71	386	19	481	14	93	0	500	500	500	500	500	500	0	
2.8249980307e+02	68	390	14	486	17	87	0	500	500	500	500	500	500	0	
2.8299706923e+02	65	393	8	492	16	76	0	500	500	500	500	500	500	0	
2.8349823170e+02	61	397	10	490	14	83	0	500	500	500	500	500	500	0	
2.8399718101e+02	59	399	7	493	12	90	0	500	500	500	500	500	500	0	
2.8449950317e+02	59	399	8	492	16	69	0	500	500	500	500	500	500	0	
2.8499947349e+02	55	404	15	485	10	76	0	500	500	500	500	500	500	0	
2.8549951922e+02	59	401	12	488	19	79	0	500	500	500	500	500	500	0	
2.8599926977e+02	63	396	9	491	18	85	0	500	500	500	500	500	500	0	
2.8649890528e+02	68	391	8	492	11	98	0	500	500	500	500	500	500	0	
2.8699655490e+02	64	397	12	488	9	95	0	500	500	500	500	500	500	0	
2.8749851780e+02	67	394	8	492	10	82	0	500	500	500	500	500	500	0	
2.8799931521e+02	68	394	13	487	14	88	0	500	500	500	500	500	500	0	
2.8849789394e+02	53	409	9	491	15	92	0	500	500	500	500	500	500	0	
2.8899797829e+02	61	399	8	492	17	100	0	500	500	500	500	500	500	0	
2.8949906968e+02	56	406	8	492	14	84	0	500	500	500	500	500	500	0	
2.8999958133e+02	64	398	8	492	13	97	0	500	500	500	500	500	500	0	
2.9049993025e+02	53	412	9	491	12	86	0	500	500	500	500	500	500	0	
2.9099982590e+02	55	410	6	494	7	85	0	500	500	500	500	500	500	0	
2.9149838435e+02	52	414	8	492	19	76	0	500	500	500	500	500	500	0	
2.9199958292e+02	50	415	8	492	21	84	0	500	500	500	500	500	500	0	
2.9249838255e+02	52	414	11	489	11	78	0	500	500	500	500	500	500	0	
2.9299962253e+02	61	404	13	487	19	75	0	500	500	500	500	500	500	0	
2.9349924888e+02	59	405	19	481	16	74	0	500	500	500	500	500	500	0	
2.9399899465e+02	57	408	4	496	19	86	0	500	500	500	500	500	500	0	
2.9449806815e+02	68	397	16	484	23	80	0	500	500	500	500	500	500	0	
2.9499981221e+02	67	397	5	495	12	87	0	500	500	500	500	500	500	0	
2.9549953442e+02	67	396	7	493	19	74	0	500	500	500	500	500	500	0	
2.9599983719e+02	66	399	12	488	22	80	0	500	500	500	500	500	500	0	
2.9649946054e+02	74	391	12	488	12	84	0	500	500	500	500	500	500	0	
2.9699938600e+02	73	394	11	489	15	72	0	500	500	500	500	500	500	0	
2.9749958073e+02	68	399	12	488	12	76	0	500	500	500	500	500	500	0	
2.9799859558e+02	71	395	6	494	15	85	0	500	500	500	500	500	500	0	
2.9849915759e+02	70	394	6	494	11	88	0	500	500	500	500	500	500	0	
2.9899732757e+02	69	397	11	489	13	72	0	500	500	500	500	500	500	0	
2.9949678240e+02	73	394	11	489	15	76	0	500	500	500	500	500	500	0	
2.9999713054e+02	63	404	7	493	10	88	0	500	500	500	500	500	500	0	
3.0049856852e+02	62	405	8	492	9	91	0	500	500	500	500	500	500	0	
3.0099866288e+02	62	411	12	488	12	99	0	500	500	500	500	500	500	0	
3.0149904722e+02	62	410	11	489	12	94	0	500	500	500	500	500	500	0	
3.0199759062e+02	69	403	11	489	12	95	0	500	500	500	500	500	500	0	
3.0249969402e+02	65	405	8	492	15	96	0	500	500	500	500	500	500	0	
3.0299956317e+02	65	404	6	494	12	89	0	500	500	500	500	500	500	0	
3.0349886359e+02	73	394	11	489	14	94	0	500	500	500	500	500	500	0	
3.0399934881e+02	79	389	13	487	17	89	0	500	500	500	500	500	500	0	
3.0449954719e+02	88	380	11	489	16	96	0	500	500	500	500	500	500	0	
3.0499989024e+02	89	381	8	492	12	95	0	500	500	500	500	500	500	0	
3.0549990226e+02	90	379	14	486	20	79	0	500	500	500	500	500	500	0	
3.0599895279e+02	95	375	16	484	15	80	0	500	500	500	500	500	500	0	
3.0649997432e+02	95	377	19	481	16	79	0	500	500	500	500	500	500	0	
3.0699927713e+02	80	393	10	490	14	90	0	500	500	500	500	500	500	0	
3.0749968747e+02	84	390	15	485	11	93	0	500	500	500	500	500	500	0	
3.0799951189e+02	80	394	7	493	14	84	0	500	500	500	500	500	500	0	
3.0849989471e+02	86	387	19	481	20	83	0	500	500	500	500	500	500	0	
3.0899988128e+02	85	388	14	486	14	102	0	500	500	500	500	500	500	0	
3.0949997500e+02	89	385	10	490	8	83	0	500	500	500	500	500	500	0	
3.0999987902e+02	91	383	11	489	13	82	0	500	500	500	500	500	500	0	
3.1049721145e+02	82	392	9	491	12	62	0	500	500	500	500	500	500	0	
3.1099937324e+02	88	387	5	495	15	74	0	500	500	500	500	500	500	0	
3.1149961744e+02	91	384	9	491	15	79	0	500	500	500	500	500	500	0	
3.1199961963e+02	95	381	13	487	11	111	0	500	500	500	500	500	500	0	
3.1249960849e+02	91	383	11	489	14	99	0	500	500	500	500	500	500	0	
3.1299984876e+02	88	385	5	495	16	96	0	500	500	500	500	500	500	0	
3.1349825082e+02	82	391	20	480	14	92	0	500	500	500	500	500	500	0	
3.1399957179e+02	91	382	13	487	17	91	0	500	500	500	500	500	500	0	
3.1449956778e+02	92	382	8	492	10	96	0	500	500	500	500	500	500	0	
3.1499921686e+02	99	375	15	485	17	85	0	500	500	500	500	500	500	0	
3.1549809048e+02	91	382	6	494	11	85	0	500	500	500	500	500	500	0	
3.1599983639e+02	101	372	5	495	10	86	0	500	500	500	500	500	500	0	
3.1649835267e+02	92	382	8	492	13	80	0	500	500	500	500	500	500	0	
3.1699995580e+02	95	378	10	490	17	85	0	500	500	500	500	500	500	0	
3.1749963779e+02	92	380	6	494	20	78	0	500	500	500	500	500	500	0	
3.1799993170e+02	89	384	11	489	16	77	0	500	500	500	500	500	500	0	
3.1849942086e+02	87	386	12	488	9	85	0	500	500	500	500	500	500	0	
3.1899907587e+02	85	387	10	490	10	89	0	500	500	500	500	500	500	0	
3.1949978201e+02	77	397	6	494	10	85	0	500	500	500	500	500	500	0	
3.1999999506e+02	85	390	14	486	5	92	0	500	500	500	500	500	500	0	
3.2049904368e+02	75	400	16	484	11	89	0	500	500	500	500	500	500	0	
3.2099947518e+02	72	403	13	487	12	82	0	500	500	500	500	500	500	0	
3.2149977728e+02	72	404	7	493	11	79	0	500	500	500	500	500	500	0	
3.2199956310e+02	78	400	9	491	19	86	0	500	500	500	500	500	500	0	
3.2249897749e+02	78	398	8	492	18	92	0	500	500	500	500	500	500	0	
3.2299996264e+02	83	393	9	491	14	85	0	500	500	500	500	500	500	0	
3.2349831874e+02	81	395	6	494	8	96	0	500	500	500	500	500	500	0	
3.2399964873e+02	83	393	6	494	14	97	0	500	500	500	500	500	500	0	
3.2449989230e+02	81	394	13	487	21	92	0	500	500	500	500	500	500	0	
3.2499761823e+02	86	390	5	495	20	87	0	500	500	500	500	500	500	0	
3.2549976778e+02	77	399	9	491	12	94	0	500	500	500	500	500	500	0	
3.2599949723e+02	72	404	8	492	8	77	0	500	500	500	500	500	500	0	
3.2649825620e+02	73	403	10	490	11	104	0	500	500	500	500	500	500	0	
3.2699937792e+02	78	398	15	485	11	92	0	500	500	500	500	500	500	0	
3.2749946414e+02	82	397	16	484	8	92	0	500	500	500	500	500	500	0	
3.2799971237e+02	76	403	8	492	13	70	0	500	500	500	500	500	500	0	
3.2849935068e+02	79	403	6	494	8	94	0	500	500	500	500	500	500	0	
3.2899600093e+02	75	409	11	489	11	87	0	500	500	500	500	500	500	0	
3.2949824100e+02	73	410	6	494	12	67	0	500	500	500	500	500	500	0	
3.2999885664e+02	79	404	7	493	12	80	0	500	500	500	500	500	500	0	
3.3049981434e+02	76	407	7	493	12	81	0	500	500	500	500	500	500	0	
3.3099976652e+02	67	417	14	486	9	78	0	500	500	500	500	500	500	0	
3.3149981795e+02	62	421	11	489	12	89	0	500	500	500	500	500	500	0	
3.3199990658e+02	73	412	10	490	14	93	0	500	500	500	500	500	500	0	
3.3249901777e+02	73	415	16	484	13	94	0	500	500	500	500	500	500	0	
3.3299973260e+02	78	411	5	495	14	112	0	500	500	500	500	500	500	0	
3.3349995000e+02	81	406	17	483	16	93	0	500	500	500	500	500	500	0	
3.3399989753e+02	72	417	13	487	14	99	0	500	500	500	500	500	500	0	
3.3449944002e+02	71	419	9	491	18	88	0	500	500	500	500	500	500	0	
3.3499681588e+02	67	421	8	492	15	73	0	500	500	500	500	500	500	0	
3.3549875220e+02	69	419	10	490	12	79	0	500	500	500	500	500	500	0	
3.3599948437e+02	59	429	1	499	16	81	0	500	500	500	500	500	500	0	
3.3649958747e+02	66	422	18	482	14	72	0	500	500	500	500	500	500	0	
3.3699622569e+02	60	428	18	482	12	81	0	500	500	500	500	500	500	0	
3.3749996888e+02	63	425	14	486	17	100	0	500	500	500	500	500	500	0	
3.3799862178e+02	70	417	7	493	12	90	0	500	500	500	500	500	500	0	
3.3849904684e+02	76	415	6	494	16	81	0	500	500	500	500	500	500	0	
3.3899905042e+02	79	411	9	491	8	94	0	500	500	500	500	500	500	0	
3.3949967678e+02	79	410	11	489	16	90	0	500	500	500	500	500	500	0	
3.3999894615e+02	75	415	9	491	12	75	0	500	500	500	500	500	500	0	
3.4049953749e+02	72	421	14	486	13	78	0	500	500	500	500	500	500	0	
3.4099900905e+02	75	419	11	489	17	73	0	500	500	500	500	500	500	0	
3.4149936082e+02	73	421	10	490	12	102	0	500	500	500	500	500	500	0	
3.4199938880e+02	76	419	18	482	11	91	0	500	500	500	500	500	500	0	
3.4249961297e+02	71	426	10	490	12	82	0	500	500	500	500	500	500	0	
3.4299915309e+02	72	427	8	492	13	71	0	500	500	500	500	500	500	0	
3.4349911377e+02	80	419	8	492	13	100	0	500	500	500	500	500	500	0	
3.4399960904e+02	84	416	15	485	17	96	0	500	500	500	500	500	500	0	
3.4449981023e+02	79	422	11	489	13	81	0	500	500	500	500	500	500	0	
3.4499985849e+02	80	422	10	490	10	81	0	500	500	500	500	500	500	0	
3.4549899867e+02	73	430	10	490	16	85	0	500	500	500	500	500	500	0	
3.4599943221e+02	72	432	13	487	17	79	0	500	500	500	500	500	500	0	
3.4649840405e+02	72	434	11	489	4	107	0	500	500	500	500	500	500	0	
3.4699999335e+02	61	445	7	493	10	80	0	500	500	500	500	500	500	0	
3.4749929472e+02	58	448	7	493	19	81	0	500	500	500	500	500	500	0	
3.4799964445e+02	62	444	5	495	12	96	0	500	500	500	500	500	500	0	
3.4849710598e+02	73	431	17	483	21	82	0	500	500	500	500	500	500	0	
3.4899964770e+02	75	429	5	495	21	84	0	500	500	500	500	500	500	0	
3.4949897128e+02	84	420	10	490	11	85	0	500	500	500	500	500	500	0	
3.4999753658e+02	78	427	12	488	12	91	0	500	500	500	500	500	500	0	
3.5049986602e+02	73	433	5	495	5	93	0	500	500	500	500	500	500	0	
3.5099737473e+02	75	432	14	486	8	85	0	500	500	500	500	500	500	0	
3.5149894975e+02	80	428	5	495	10	81	0	500	500	500	500	500	500	0	
3.5199962346e+02	76	436	5	495	22	79	0	500	500	500	500	500	500	0	
3.5249989068e+02	73	440	19	481	15	104	0	500	500	500	500	500	500	0	
3.5299917234e+02	76	440	12	488	17	81	0	500	500	500	500	500	500	0	
3.5349895222e+02	74	441	8	492	16	84	0	500	500	500	500	500	500	0	
3.5399975183e+02	76	440	14	486	13	87	0	500	500	500	500	500	500	0	
3.5449888112e+02	85	432	6	494	13	90	0	500	500	500	500	500	500	0	
3.5499979075e+02	85	434	9	491	9	87	0	500	500	500	500	500	500	0	
3.5549936433e+02	86	434	9	491	18	103	0	500	500	500	500	500	500	0	
3.5599937649e+02	86	435	5	495	18	107	0	500	500	500	500	500	500	0	
3.5649827100e+02	83	435	8	492	13	87	0	500	500	500	500	500	500	0	
3.5699789160e+02	80	438	9	491	7	84	0	500	500	500	500	500	500	0	
3.5749861262e+02	74	444	9	491	14	98	0	500	500	500	500	500	500	0	
3.5799951182e+02	78	442	5	495	13	85	0	500	500	500	500	500	500	0	
3.5849692824e+02	81	443	7	493	19	67	0	500	500	500	500	500	500	0	
3.5899978535e+02	82	442	7	493	9	72	0	500	500	500	500	500	500	0	
3.5949836294e+02	82	443	7	493	9	86	0	500	500	500	500	500	500	0	
3.5999884374e+02	92	435	9	491	13	85	0	500	500	500	500	500	500	0	
3.6049923512e+02	90	438	11	489	18	93	0	500	500	500	500	500	500	0	
3.6099761281e+02	78	451	7	493	16	88	0	500	500	500	500	500	500	0	
3.6149752135e+02	81	447	7	493	8	79	0	500	500	500	500	500	500	0	
3.6199980658e+02	84	444	7	493	12	76	0	500	500	500	500	500	500	0	
3.6249916814e+02	77	451	14	486	15	80	0	500	500	500	500	500	500	0	
3.6299986210e+02	73	453	6	494	11	85	0	500	500	500	500	500	500	0	
3.6349944508e+02	62	464	3	497	14	83	0	500	500	500	500	500	500	0	
3.6399982541e+02	67	458	13	487	13	108	0	500	500	500	500	500	500	0	
3.6449975631e+02	73	452	4	496	15	82	0	500	500	500	500	500	500	0	
3.6499997377e+02	78	447	9	491	19	84	0	500	500	500	500	500	500	0	
3.6549993202e+02	82	445	9	491	12	87	0	500	500	500	500	500	500	0	
3.6599887012e+02	86	439	10	490	19	86	0	500	500	500	500	500	500	0	
3.6649974023e+02	79	446	14	486	10	88	0	500	500	500	500	500	500	0	
3.6699956263e+02	88	436	13	487	10	96	0	500	500	500	500	500	500	0	
3.6749833723e+02	92	434	12	488	15	101	0	500	500	500	500	500	500	0	
3.6799892287e+02	97	430	10	490	21	98	0	500	500	500	500	500	500	0	
3.6849945286e+02	96	432	15	485	23	77	0	500	500	500	500	500	500	0	
3.6899634400e+02	100	428	13	487	17	89	0	500	500	500	500	500	500	0	
3.6949945494e+02	93	437	9	491	16	75	0	500	500	500	500	500	500	0	
3.6999986415e+02	92	439	12	488	11	67	0	500	500	500	500	500	500	0	
3.7049956339e+02	87	444	8	492	10	95	0	500	500	500	500	500	500	0	
3.7099999456e+02	94	439	6	494	20	76	0	500	500	500	500	500	500	0	
3.7149998091e+02	98	437	9	491	8	98	0	500	500	500	500	500	500	0	
3.7199983741e+02	100	435	13	487	13	96	0	500	500	500	500	500	500	0	
3.7249979309e+02	96	438	9	491	18	81	0	500	500	500	500	500	500	0	
3.7299992517e+02	92	441	10	490	12	78	0	500	500	500	500	500	500	0	
3.7349869290e+02	93	441	3	497	12	89	0	500	500	500	500	500	500	0	
3.7399804990e+02	76	459	6	494	13	76	0	500	500	500	500	500	500	0	
3.7449999172e+02	74	462	12	488	13	64	0	500	500	500	500	500	500	0	
3.7499981391e+02	59	477	10	490	14	80	0	500	500	500	500	500	500	0	
3.7549798762e+02	55	480	7	493	18	95	0	500	500	500	500	500	500	0	
3.7599947426e+02	64	470	7	493	13	90	0	500	500	500	500	500	500	0	
3.7649985346e+02	61	473	9	491	13	102	0	500	500	500	500	500	500	0	
3.7699887117e+02	72	464	10	490	13	90	0	500	500	500	500	500	500	0	
3.7749653644e+02	70	466	5	495	12	81	0	500	500	500	500	500	500	0	
3.7799782901e+02	74	461	2	498	15	73	0	500	500	500	500	500	500	0	
3.7849904810e+02	68	465	9	491	10	70	0	500	500	500	500	500	500	0	
3.7899903078e+02	60	474	10	490	11	83	0	500	500	500	500	500	500	0	
3.7949958229e+02	71	465	12	488	16	74	0	500	500	500	500	500	500	0	
3.7999890868e+02	72	465	10	490	12	75	0	500	500	500	500	500	500	0	
3.8049863641e+02	64	473	4	496	15	86	0	500	500	500	500	500	500	0	
3.8099905029e+02	65	471	5	495	17	88	0	500	500	500	500	500	500	0	
3.8149982081e+02	79	458	12	488	12	88	0	500	500	500	500	500	500	0	
3.8199950846e+02	84	458	13	487	8	92	0	500	500	500	500	500	500	0	
3.8249917141e+02	79	462	7	493	2	85	0	500	500	500	500	500	500	0	
3.8299925963e+02	80	461	4	496	6	95	0	500	500	500	500	500	500	0	
3.8349952398e+02	78	462	7	493	10	94	0	500	500	500	500	500	500	0	
3.8399874084e+02	76	463	6	494	23	83	0	500	500	500	500	500	500	0	
3.8449682809e+02	81	457	7	493	11	89	0	500	500	500	500	500	500	0	
3.8499977216e+02	85	451	8	492	7	96	0	500	500	500	500	500	500	0	
3.8549898286e+02	93	445	6	494	18	89	0	500	500	500	500	500	500	0	
3.8599982550e+02	89	451	5	495	15	70	0	500	500	500	500	500	500	0	
3.8649895541e+02	101	439	8	492	10	66	0	500	500	500	500	500	500	0	
3.8699943802e+02	90	449	12	488	16	82	0	500	500	500	500	500	500	0	
3.8749984194e+02	83	454	8	492	13	76	0	500	500	500	500	500	500	0	
3.8799704200e+02	73	465	7	493	13	74	0	500	500	500	500	500	500	0	
3.8849278242e+02	81	456	5	495	11	78	0	500	500	500	500	500	500	0	
3.8899341996e+02	79	459	17	483	8	72	0	500	500	500	500	500	500	0	
3.8949957406e+02	82	456	9	491	13	76	0	500	500	500	500	500	500	0	
3.8999827432e+02	85	454	12	488	12	96	0	500	500	500	500	500	500	0	
3.9049984303e+02	76	465	10	490	17	81	0	500	500	500	500	500	500	0	
3.9099911156e+02	85	458	12	488	12	82	0	500	500	500	500	500	500	0	
3.9149996761e+02	79	465	8	492	14	84	0	500	500	500	500	500	500	0	
3.9199925694e+02	76	472	7	493	12	76	0	500	500	500	500	500	500	0	
3.9249999006e+02	83	468	7	493	14	86	0	500	500	500	500	500	500	0	
3.9299919596e+02	83	466	7	493	10	83	0	500	500	500	500	500	500	0	
3.9349939662e+02	83	466	7	493	12	89	0	500	500	500	500	500	500	0	
3.9399881817e+02	80	468	6	494	11	100	0	500	500	500	500	500	500	0	
3.9449914473e+02	73	475	8	492	13	97	0	500	500	500	500	500	500	0	
3.9499487441e+02	76	471	10	490	12	89	0	500	500	500	500	500	500	0	
3.9549935503e+02	74	474	9	491	9	97	0	500	500	500	500	500	500	0	
3.9599843347e+02	79	469	12	488	17	98	0	500	500	500	500	500	500	0	
3.9649984464e+02	97	451	12	488	17	107	0	500	500	500	500	500	500	0	
3.9699979996e+02	90	459	12	488	15	95	0	500	500	500	500	500	500	0	
3.9749720374e+02	89	463	10	490	13	77	0	500	500	500	500	500	500	0	
3.9799993386e+02	84	469	10	490	19	73	0	500	500	500	500	500	500	0	
3.9849986571e+02	74	482	5	495	8	97	0	500	500	500	500	500	500	0	
3.9899806263e+02	83	474	7	493	12	105	0	500	500	500	500	500	500	0	
3.9949960928e+02	85	472	12	488	13	77	0	500	500	500	500	500	500	0	
3.9999962117e+02	83	476	11	489	17	76	0	500	500	500	500	500	500	0	
4.0049870352e+02	81	479	10	490	14	85	0	500	500	500	500	500	500	0	
4.0099981045e+02	83	478	8	492	17	87	0	500	500	500	500	500	500	0	
4.0149940176e+02	86	474	9	491	17	86	0	500	500	500	500	500	500	0	
4.0199879064e+02	78	482	3	497	13	97	0	500	500	500	500	500	500	0	
4.0249920338e+02	68	493	14	486	13	79	0	500	500	500	500	500	500	0	
4.0299992303e+02	67	495	9	491	7	94	0	500	500	500	500	500	500	0	
4.0349896412e+02	80	484	4	496	11	85	0	500	500	500	500	500	500	0	
4.0399958060e+02	78	486	7	493	13	85	0	500	500	500	500	500	500	0	
4.0449961325e+02	76	488	5	495	11	85	0	500	500	500	500	500	500	0	
4.0499972556e+02	78	486	4	496	11	94	0	500	500	500	500	500	500	0	
4.0549996549e+02	91	473	4	496	18	97	0	500	500	500	500	500	500	0	
4.0599956715e+02	92	472	5	495	19	95	0	500	500	500	500	500	500	0	
4.0649930483e+02	91	473	7	493	13	98	0	500	500	500	500	500	500	0	
4.0699809704e+02	92	471	7	493	19	81	0	500	500	500	500	500	500	0	
4.0749725798e+02	96	469	11	489	10	74	0	500	500	500	500	500	500	0	
4.0799555237e+02	98	467	5	495	24	76	0	500	500	500	500	500	500	0	
4.0849901099e+02	86	481	8	492	16	81	0	500	500	500	500	500	500	0	
4.0899949100e+02	89	478	9	491	13	90	0	500	500	500	500	500	500	0	
4.0949844466e+02	90	477	5	495	12	95	0	500	500	500	500	500	500	0	
4.0999973612e+02	95	473	9	491	20	92	0	500	500	500	500	500	500	0	
4.1049886883e+02	89	480	7	493	18	85	0	500	500	500	500	500	500	0	
4.1099978266e+02	90	480	9	491	5	89	0	500	500	500	500	500	500	0	
4.1149950869e+02	74	496	8	492	10	86	0	500	500	500	500	500	500	0	
4.1199819080e+02	85	485	9	491	18	78	0	500	500	500	500	500	500	0	
4.1249997875e+02	87	482	7	493	18	72	0	500	500	500	500	500	500	0	
4.1299941585e+02	77	494	8	492	15	88	0	500	500	500	500	500	500	0	
4.1349962499e+02	71	502	7	493	10	91	0	500	500	500	500	500	500	0	
4.1399948273e+02	68	500	11	489	13	70	0	500	500	500	500	500	500	0	
4.1449853575e+02	65	504	7	493	16	86	0	500	500	500	500	500	500	0	
4.1499905584e+02	63	507	12	488	15	93	0	500	500	500	500	500	500	0	
4.1549875573e+02	66	505	15	485	12	98	0	500	500	500	500	500	500	0	
4.1599980293e+02	75	498	14	486	20	93	0	500	500	500	500	500	500	0	
4.1649780074e+02	85	488	6	494	11	82	0	500	500	500	500	500	500	0	
4.1699973785e+02	87	488	15	485	7	79	0	500	500	500	500	500	500	0	
4.1749865245e+02	72	503	6	494	20	59	0	500	500	500	500	500	500	0	
4.1799944109e+02	78	497	15	485	11	71	0	500	500	500	500	500	500	0	
4.1849892923e+02	78	497	5	495	11	80	0	500	500	500	500	500	500	0	
4.1899960758e+02	73	502	12	488	17	79	0	500	500	500	500	500	500	0	
4.1949979345e+02	68	506	3	497	17	77	0	500	500	500	500	500	500	0	
4.1999942577e+02	67	506	4	496	19	92	0	500	500	500	500	500	500	0	
4.2049930715e+02	68	507	6	494	20	80	0	500	500	500	500	500	500	0	
4.2099994235e+02	63	509	6	494	19	76	0	500	500	500	500	500	500	0	
4.2149983436e+02	69	504	7	493	16	95	0	500	500	500	500	500	500	0	
4.2199842722e+02	62	512	4	496	13	82	0	500	500	500	500	500	500	0	
4.2249992481e+02	74	500	8	492	12	88	0	500	500	500	500	500	500	0	
4.2299893197e+02	78	496	4	496	16	93	0	500	500	500	500	500	500	0	
4.2349984235e+02	81	493	12	488	20	76	0	500	500	500	500	500	500	0	
4.2399937878e+02	80	495	6	494	18	102	0	500	500	500	500	500	500	0	
4.2449960618e+02	78	497	1	499	14	94	0	500	500	500	500	500	500	0	
4.2499975086e+02	86	490	12	488	20	89	0	500	500	500	500	500	500	0	
4.2549749237e+02	85	492	4	496	12	95	0	500	500	500	500	500	500	0	
4.2599993148e+02	82	496	8	492	6	90	0	500	500	500	500	500	500	0	
4.2649996501e+02	83	493	7	493	15	75	0	500	500	500	500	500	500	0	
4.2699880248e+02	85	492	7	493	18	90	0	500	500	500	500	500	500	0	
4.2749822554e+02	89	489	3	497	12	79	0	500	500	500	500	500	500	0	
4.2799904703e+02	89	490	6	494	7	90	0	500	500	500	500	500	500	0	
4.2849940240e+02	86	494	8	492	16	86	0	500	500	500	500	500	500	0	
4.2899872380e+02	92	487	12	488	6	94	0	500	500	500	500	500	500	0	
4.2949856250e+02	91	488	9	491	11	92	0	500	500	500	500	500	500	0	
4.2999949730e+02	83	495	4	496	14	96	0	500	500	500	500	500	500	0	
4.3049717871e+02	88	488	10	490	12	72	0	500	500	500	500	500	500	0	
4.3099912582e+02	84	492	8	492	16	88	0	500	500	500	500	500	500	0	
4.3149972318e+02	85	490	10	490	9	83	0	500	500	500	500	500	500	0	
4.3199865803e+02	85	491	7	493	18	96	0	500	500	500	500	500	500	0	
4.3249872321e+02	79	495	9	491	14	81	0	500	500	500	500	500	500	0	
4.3299317272e+02	67	506	7	493	18	78	0	500	500	500	500	500	500	0	
4.3349969335e+02	68	505	4	496	8	92	0	500	500	500	500	500	500	0	
4.3399990627e+02	75	499	10	490	11	93	0	500	500	500	500	500	500	0	
4.3449979145e+02	76	498	7	493	16	91	0	500	500	500	500	500	500	0	
4.3499906719e+02	72	502	6	494	10	104	0	500	500	500	500	500	500	0	
4.3549802878e+02	71	501	10	490	16	87	0	500	500	500	500	500	500	0	
4.3599695270e+02	66	506	10	490	12	92	0	500	500	500	500	500	500	0	
4.3649947173e+02	67	505	5	495	4	76	0	500	500	500	500	500	500	0	
4.3699890096e+02	55	516	3	497	8	82	0	500	500	500	500	500	500	0	
4.3749918306e+02	58	513	9	491	15	100	0	500	500	500	500	500	500	0	
4.3799982916e+02	66	505	12	488	13	84	0	500	500	500	500	500	500	0	
4.3849953975e+02	69	503	8	492	16	70	0	500	500	500	500	500	500	0	
4.3899855998e+02	68	503	11	489	20	81	0	500	500	500	500	500	500	0	
4.3949859437e+02	71	499	9	491	17	61	0	500	500	500	500	500	500	0	
4.3999942232e+02	70	500	4	496	22	80	0	500	500	500	500	500	500	0	
4.4049790270e+02	80	491	6	494	15	79	0	500	500	500	500	500	500	0	
4.4099914119e+02	77	495	6	494	12	86	0	500	500	500	500	500	500	0	
4.4149991654e+02	74	497	9	491	10	75	0	500	500	500	500	500	500	0	
4.4199838245e+02	76	494	3	497	18	64	0	500	500	500	500	500	500	0	
4.4249899566e+02	81	488	5	495	17	77	0	500	500	500	500	500	500	0	
4.4299978290e+02	82	489	7	493	14	70	0	500	500	500	500	500	500	0	
4.4349971568e+02	76	495	7	493	15	86	0	500	500	500	500	500	500	0	
4.4399898779e+02	65	507	7	493	15	88	0	500	500	500	500	500	500	0	
4.4449989981e+02	72	500	8	492	14	81	0	500	500	500	500	500	500	0	
4.4499898541e+02	71	499	9	491	8	75	0	500	500	500	500	500	500	0	
4.4549920865e+02	66	504	11	489	18	74	0	500	500	500	500	500	500	0	
4.4599988513e+02	65	503	13	487	13	99	0	500	500	500	500	500	500	0	
4.4649986976e+02	82	489	6	494	16	89	0	500	500	500	500	500	500	0	
4.4699890166e+02	94	478	7	493	11	95	0	500	500	500	500	500	500	0	
4.4749962720e+02	96	476	8	492	9	76	0	500	500	500	500	500	500	0	
4.4799939590e+02	96	477	10	490	16	70	0	500	500	500	500	500	500	0	
4.4849896962e+02	90	484	6	494	12	68	0	500	500	500	500	500	500	0	
4.4899693299e+02	96	478	6	494	13	72	0	500	500	500	500	500	500	0	
4.4949993550e+02	93	481	6	494	13	90	0	500	500	500	500	500	500	0	
4.4999959067e+02	86	488	11	489	11	102	0	500	500	500	500	500	500	0	
4.5049920242e+02	98	477	4	496	17	84	0	500	500	500	500	500	500	0	
4.5099989739e+02	100	476	11	489	19	77	0	500	500	500	500	500	500	0	
4.5149451785e+02	91	485	6	494	21	72	0	500	500	500	500	500	500	0	
4.5199996621e+02	89	485	9	491	11	90	0	500	500	500	500	500	500	0	
4.5249949770e+02	82	492	9	491	11	77	0	500	500	500	500	500	500	0	
4.5299973087e+02	83	491	6	494	12	100	0	500	500	500	500	500	500	0	
4.5349801114e+02	86	488	17	483	7	102	0	500	500	500	500	500	500	0	
4.5399981180e+02	82	492	12	488	12	94	0	500	500	500	500	500	500	0	
4.5449834872e+02	85	489	5	495	10	77	0	500	500	500	500	500	500	0	
4.5499901268e+02	80	494	7	493	7	78	0	500	500	500	500	500	500	0	
4.5549986625e+02	83	491	7	493	9	83	0	500	500	500	500	500	500	0	
4.5599598521e+02	87	488	6	494	10	79	0	500	500	500	500	500	500	0	
4.5649532434e+02	81	496	6	494	12	67	0	500	500	500	500	500	500	0	
4.5699985198e+02	80	498	10	490	18	70	0	500	500	500	500	500	500	0	
4.5749924844e+02	84	494	5	495	11	69	0	500	500	500	500	500	500	0	
4.5799978940e+02	84	495	7	493	17	86	0	500	500	500	500	500	500	0	
4.5849832083e+02	82	495	7	493	16	68	0	500	500	500	500	500	500	0	
4.5899952302e+02	78	499	8	492	9	82	0	500	500	500	500	500	500	0	
4.5949991224e+02	80	498	12	488	16	80	0	500	500	500	500	500	500	0	
4.5999991803e+02	80	497	5	495	15	73	0	500	500	500	500	500	500	0	
4.6049962228e+02	83	496	10	490	12	78	0	500	500	500	500	500	500	0	
4.6099895629e+02	86	493	8	492	17	86	0	500	500	500	500	500	500	0	
4.6149777034e+02	86	493	11	489	13	83	0	500	500	500	500	500	500	0	
4.6199949234e+02	92	490	11	489	13	89	0	500	500	500	500	500	500	0	
4.6249964796e+02	88	494	6	494	12	82	0	500	500	500	500	500	500	0	
4.6299916400e+02	88	495	7	493	15	90	0	500	500	500	500	500	500	0	
4.6349832743e+02	90	495	8	492	15	82	0	500	500	500	500	500	500	0	
4.6399991484e+02	84	500	7	493	17	76	0	500	500	500	500	500	500	0	
4.6449980031e+02	72	512	12	488	12	76	0	500	500	500	500	500	500	0	
4.6499964148e+02	82	503	4	496	16	71	0	500	500	500	500	500	500	0	
4.6549970836e+02	79	505	12	488	17	83	0	500	500	500	500	500	500	0	
4.6599929483e+02	77	507	9	491	11	86	0	500	500	500	500	500	500	0	
4.6649705163e+02	71	509	9	491	11	85	0	500	500	500	500	500	500	0	
4.6699973168e+02	68	514	8	492	19	93	0	500	500	500	500	500	500	0	
4.6749902522e+02	68	516	3	497	23	87	0	500	500	500	500	500	500	0	
4.6799914920e+02	76	508	6	494	12	106	0	500	500	500	500	500	500	0	
4.6849984927e+02	79	504	7	493	13	109	0	500	500	500	500	500	500	0	
4.6899471478e+02	88	498	3	497	20	71	0	500	500	500	500	500	500	0	
4.6949981983e+02	96	490	8	492	16	73	0	500	500	500	500	500	500	0	
4.6999949946e+02	88	496	7	493	15	92	0	500	500	500	500	500	500	0	
4.7049832112e+02	76	508	6	494	8	79	0	500	500	500	500	500	500	0	
4.7099986398e+02	72	513	9	491	10	85	0	500	500	500	500	500	500	0	
4.7149972905e+02	86	501	14	486	14	97	0	500	500	500	500	500	500	0	
4.7199866426e+02	92	496	10	490	16	93	0	500	500	500	500	500	500	0	
4.7249934042e+02	95	493	7	493	13	82	0	500	500	500	500	500	500	0	
4.7299981920e+02	89	499	6	494	10	85	0	500	500	500	500	500	500	0	
4.7349922704e+02	87	502	16	484	16	86	0	500	500	500	500	500	500	0	
4.7399963121e+02	91	498	8	492	14	95	0	500	500	500	500	500	500	0	
4.7449885915e+02	87	503	11	489	16	97	0	500	500	500	500	500	500	0	
4.7499849928e+02	90	500	5	495	24	81	0	500	500	500	500	500	500	0	
4.7549848276e+02	88	502	5	495	17	85	0	500	500	500	500	500	500	0	
4.7599882441e+02	94	497	8	492	15	89	0	500	500	500	500	500	500	0	
4.7649939066e+02	87	505	9	491	8	90	0	500	500	500	500	500	500	0	
4.7699918942e+02	82	511	8	492	17	72	0	500	500	500	500	500	500	0	
4.7749966449e+02	81	511	5	495	8	80	0	500	500	500	500	500	500	0	
4.7799912615e+02	72	518	10	490	18	80	0	500	500	500	500	500	500	0	
4.7849991895e+02	76	512	3	497	19	76	0	500	500	500	500	500	500	0	
4.7899744525e+02	72	517	6	494	6	85	0	500	500	500	500	500	500	0	
4.7949862093e+02	66	523	11	489	16	76	0	500	500	500	500	500	500	0	
4.7999898797e+02	67	524	6	494	11	81	0	500	500	500	500	500	500	0	
4.8049827688e+02	68	525	15	485	13	94	0	500	500	500	500	500	500	0	
4.8099993842e+02	75	518	7	493	16	88	0	500	500	500	500	500	500	0	
4.8149719946e+02	68	526	7	493	14	93	0	500	500	500	500	500	500	0	
4.8199996609e+02	67	528	11	489	13	85	0	500	500	500	500	500	500	0	
4.8249703335e+02	68	527	11	489	12	88	0	500	500	500	500	500	500	0	
4.8299798666e+02	74	520	5	495	13	94	0	500	500	500	500	500	500	0	
4.8349999851e+02	83	512	6	494	6	105	0	500	500	500	500	500	500	0	
4.8399975781e+02	80	515	2	498	7	92	0	500	500	500	500	500	500	0	
4.8449867261e+02	92	504	9	491	14	92	0	500	500	500	500	500	500	0	
4.8499920808e+02	84	512	8	492	16	80	0	500	500	500	500	500	500	0	
4.8549918675e+02	86	509	10	490	12	85	0	500	500	500	500	500	500	0	
4.8599847262e+02	76	520	7	493	14	84	0	500	500	500	500	500	500	0	
4.8649975826e+02	75	524	8	492	14	101	0	500	500	500	500	500	500	0	
4.8699869308e+02	73	525	11	489	13	86	0	500	500	500	500	500	500	0	
4.8749995763e+02	72	526	10	490	17	85	0	500	500	500	500	500	500	0	
4.8799996504e+02	83	515	4	496	26	83	0	500	500	500	500	500	500	0	
4.8849958252e+02	93	506	10	490	7	86	0	500	500	500	500	500	500	0	
4.8899913722e+02	88	511	6	494	14	82	0	500	500	500	500	500	500	0	
4.8949713321e+02	80	522	4	496	13	66	0	500	500	500	500	500	500	0	
4.8999982676e+02	71	531	9	491	13	72	0	500	500	500	500	500	500	0	
4.9049685355e+02	75	527	6	494	18	83	0	500	500	500	500	500	500	0	
4.9099786564e+02	85	516	8	492	10	92	0	500	500	500	500	500	500	0	
4.9149956755e+02	79	521	13	487	14	91	0	500	500	500	500	500	500	0	
4.9199903561e+02	75	525	10	490	14	93	0	500	500	500	500	500	500	0	
4.9249913545e+02	71	531	3	497	17	95	0	500	500	500	500	500	500	0	
4.9299933829e+02	73	530	10	490	14	91	0	500	500	500	500	500	500	0	
4.9349880518e+02	81	522	21	479	5	90	0	500	500	500	500	500	500	0	
4.9399700874e+02	71	533	5	495	11	74	0	500	500	500	500	500	500	0	
4.9449977970e+02	71	533	8	492	14	83	0	500	500	500	500	500	500	0	
4.9499943544e+02	73	530	7	493	7	86	0	500	500	500	500	500	500	0	
4.9549949224e+02	70	536	3	497	21	61	0	500	500	500	500	500	500	0	
4.9599788491e+02	63	544	6	494	14	72	0	500	500	500	500	500	500	0	
4.9649998996e+02	60	548	4	496	13	79	0	500	500	500	500	500	500	0	
4.9699979556e+02	69	540	3	497	18	99	0	500	500	500	500	500	500	0	
4.9749914083e+02	74	535	8	492	12	103	0	500	500	500	500	500	500	0	
4.9799935628e+02	77	531	9	491	9	107	0	500	500	500	500	500	500	0	
4.9849917314e+02	85	524	5	495	18	87	0	500	500	500	500	500	500	0	
4.9899807266e+02	106	505	12	488	8	90	0	500	500	500	500	500	500	0	
4.9949969234e+02	97	519	9	491	7	88	0	500	500	500	500	500	500	0	
4.9999905712e+02	90	526	4	496	14	66	0	500	500	500	500	500	500	0	
5.0000063899e+02	90	526	4	496	15	65	0	500	500	500	500	500	500	0	
