0.0000000000e+00	0	0	500	0	0	0	0	50	500	500	500	500	500	0	
4.9852140911e-01	0	3	499	1	6	3	0	50	500	500	500	500	500	0	
9.9225707931e-01	0	3	500	0	7	9	0	50	500	500	500	500	500	0	
1.4945245804e+00	0	3	500	0	3	9	0	50	500	500	500	500	500	0	
1.9753678686e+00	0	3	498	2	4	4	0	50	500	500	500	500	500	0	
2.4832564777e+00	0	5	497	3	2	11	0	50	500	500	500	500	500	0	
2.9801590536e+00	0	7	497	3	0	7	0	50	500	500	500	500	500	0	
3.4861001510e+00	0	8	496	4	0	7	0	50	500	500	500	500	500	0	
3.9968588590e+00	0	10	495	5	2	7	0	50	500	500	500	500	500	0	
4.4987771441e+00	0	12	497	3	3	4	0	50	500	500	500	500	500	0	
4.9905743894e+00	0	14	483	17	0	6	0	50	500	500	500	500	500	0	
5.4992625126e+00	0	17	491	9	3	9	0	50	500	500	500	500	500	0	
5.9977172513e+00	0	17	493	7	6	7	0	50	500	500	500	500	500	0	
6.4831568865e+00	0	18	490	10	1	9	0	50	500	500	500	500	500	0	
6.9966464391e+00	0	20	489	11	2	10	0	50	500	500	500	500	500	0	
7.4922887332e+00	0	20	488	12	3	11	0	50	500	500	500	500	500	0	
7.9987450822e+00	0	20	488	12	10	8	0	50	500	500	500	500	500	0	
8.4982145233e+00	1	20	485	15	3	14	0	50	500	500	500	500	500	0	
8.9974446548e+00	1	20	490	10	1	8	0	50	500	500	500	500	500	0	
9.4997791389e+00	1	21	489	11	2	9	0	50	500	500	500	500	500	0	
9.9861586080e+00	1	24	484	16	6	5	0	50	500	500	500	500	500	0	
1.0498845501e+01	1	25	487	13	0	5	0	50	500	500	500	500	500	0	
1.0992240418e+01	1	27	478	22	3	8	0	50	500	500	500	500	500	0	
1.1496396259e+01	1	29	484	16	2	6	0	50	500	500	500	500	500	0	
1.1993036890e+01	1	31	468	32	2	3	0	50	500	500	500	500	500	0	
1.2494090866e+01	2	30	461	39	0	9	0	50	500	500	500	500	500	0	
1.2999833323e+01	2	31	468	32	1	6	0	50	500	500	500	500	500	0	
1.3498743316e+01	3	30	460	40	4	12	0	50	500	500	500	500	500	0	
1.3999726972e+01	3	30	462	38	4	4	0	50	500	500	500	500	500	0	
1.4497230314e+01	4	29	466	34	1	1	0	50	500	500	500	500	500	0	
1.4999327604e+01	4	30	467	33	2	3	0	50	500	500	500	500	500	0	
1.5489822018e+01	4	32	457	43	1	5	0	50	500	500	500	500	500	0	
1.5999515076e+01	4	32	458	42	3	7	0	50	500	500	500	500	500	0	
1.6499597554e+01	4	34	458	42	2	7	0	50	500	500	500	500	500	0	
1.6995213186e+01	4	36	461	39	2	10	0	50	500	500	500	500	500	0	
1.7493725564e+01	5	36	466	34	2	11	0	50	500	500	500	500	500	0	
1.7999014490e+01	5	36	459	41	3	8	0	50	500	500	500	500	500	0	
1.8499265477e+01	5	37	458	42	3	6	0	50	500	500	500	500	500	0	
1.8997711309e+01	5	38	458	42	2	7	0	50	500	500	500	500	500	0	
1.9498837128e+01	5	39	465	35	1	7	0	50	500	500	500	500	500	0	
1.9999905837e+01	5	40	445	55	3	7	0	50	500	500	500	500	500	0	
2.0481763712e+01	5	41	463	37	2	7	0	50	500	500	500	500	500	0	
2.0999052874e+01	5	43	447	53	1	9	0	50	500	500	500	500	500	0	
2.1499819426e+01	5	45	447	53	0	4	0	50	500	500	500	500	500	0	
2.1994263498e+01	5	48	444	56	2	9	0	50	500	500	500	500	500	0	
2.2499700383e+01	5	49	434	66	1	3	0	50	500	500	500	500	500	0	
2.2994347175e+01	6	49	434	66	1	6	0	50	500	500	500	500	500	0	
2.3499834608e+01	7	48	431	69	2	10	0	50	500	500	500	500	500	0	
2.3999658986e+01	7	51	426	74	0	9	0	50	500	500	500	500	500	0	
2.4494811650e+01	6	52	426	74	1	8	0	50	500	500	500	500	500	0	
2.4996642205e+01	7	51	426	74	6	8	0	50	500	500	500	500	500	0	
2.5495484402e+01	8	52	429	71	6	6	0	50	500	500	500	500	500	0	
2.5996552490e+01	8	52	425	75	1	9	0	50	500	500	500	500	500	0	
2.6499822992e+01	8	52	425	75	0	10	0	50	500	500	500	500	500	0	
2.6992762256e+01	8	53	435	65	3	6	0	50	500	500	500	500	500	0	
2.7493956716e+01	8	55	434	66	5	5	0	50	500	500	500	500	500	0	
2.7999711850e+01	9	54	439	61	1	6	0	50	500	500	500	500	500	0	
2.8498257491e+01	8	57	443	57	1	8	0	50	500	500	500	500	500	0	
2.8998969687e+01	8	58	437	63	5	2	0	50	500	500	500	500	500	0	
2.9499701878e+01	8	58	429	71	4	2	0	50	500	500	500	500	500	0	
2.9996791633e+01	8	60	426	74	5	6	0	50	500	500	500	500	500	0	
3.0498204320e+01	10	58	417	83	2	11	0	50	500	500	500	500	500	0	
3.0996741331e+01	10	60	397	103	2	9	0	50	500	500	500	500	500	0	
3.1499433555e+01	9	62	393	107	2	7	0	50	500	500	500	500	500	0	
3.1996384610e+01	7	65	374	126	2	8	0	50	500	500	500	500	500	0	
3.2496198195e+01	8	66	361	139	4	6	0	50	500	500	500	500	500	0	
3.2996961027e+01	8	66	358	142	4	9	0	50	500	500	500	500	500	0	
3.3498950105e+01	8	67	360	140	3	12	0	50	500	500	500	500	500	0	
3.3996669867e+01	8	67	375	125	0	10	0	50	500	500	500	500	500	0	
3.4498914197e+01	6	70	363	137	3	4	0	50	500	500	500	500	500	0	
3.4998678300e+01	6	71	362	138	1	3	0	50	500	500	500	500	500	0	
3.5498789803e+01	6	73	365	135	3	5	0	50	500	500	500	500	500	0	
3.5994503581e+01	4	76	360	140	1	3	0	50	500	500	500	500	500	0	
3.6499463828e+01	4	78	346	154	1	8	0	50	500	500	500	500	500	0	
3.6999297823e+01	5	77	331	169	2	5	0	50	500	500	500	500	500	0	
3.7494677108e+01	6	78	344	156	3	6	0	50	500	500	500	500	500	0	
3.7997994396e+01	5	81	329	171	4	6	0	50	500	500	500	500	500	0	
3.8499984236e+01	5	81	309	191	4	11	0	50	500	500	500	500	500	0	
3.8998149343e+01	6	80	304	196	3	6	0	50	500	500	500	500	500	0	
3.9494081087e+01	6	80	305	195	3	7	0	50	500	500	500	500	500	0	
3.9999128737e+01	4	82	316	184	4	3	0	50	500	500	500	500	500	0	
4.0499180644e+01	5	81	301	199	5	10	0	50	500	500	500	500	500	0	
4.0999338867e+01	6	80	291	209	3	2	0	50	500	500	500	500	500	0	
4.1498877844e+01	6	81	290	210	0	5	0	50	500	500	500	500	500	0	
4.1996683209e+01	6	82	283	217	2	5	0	50	500	500	500	500	500	0	
4.2497564586e+01	6	83	282	218	2	5	0	50	500	500	500	500	500	0	
4.2997092072e+01	6	83	274	226	2	4	0	50	500	500	500	500	500	0	
4.3499778590e+01	5	85	264	236	2	7	0	50	500	500	500	500	500	0	
4.3999901376e+01	4	86	255	245	4	7	0	50	500	500	500	500	500	0	
4.4497535525e+01	4	87	227	273	3	6	0	50	500	500	500	500	500	0	
4.4997332911e+01	4	87	222	278	6	6	0	50	500	500	500	500	500	0	
4.5495712739e+01	5	87	225	275	5	3	0	50	500	500	500	500	500	0	
4.5996593470e+01	5	88	214	286	1	2	0	50	500	500	500	500	500	0	
4.6493966501e+01	5	89	206	294	2	5	0	50	500	500	500	500	500	0	
4.6997027781e+01	5	90	202	298	1	2	0	50	500	500	500	500	500	0	
4.7498590443e+01	4	91	194	306	0	3	0	50	500	500	500	500	500	0	
4.7998241669e+01	3	92	185	315	0	6	0	50	500	500	500	500	500	0	
4.8498933522e+01	3	94	176	324	3	7	0	50	500	500	500	500	500	0	
4.8996940760e+01	4	94	166	334	5	9	0	50	500	500	500	500	500	0	
4.9499872620e+01	5	93	160	340	1	5	0	50	500	500	500	500	500	0	
4.9999631765e+01	6	91	166	334	4	6	0	50	500	500	500	500	500	0	
5.0499730950e+01	5	92	153	347	2	9	0	50	500	500	500	500	500	0	
5.0995532664e+01	5	93	149	351	5	9	0	50	500	500	500	500	500	0	
5.1498338155e+01	5	93	146	354	1	7	0	50	500	500	500	500	500	0	
5.1999562056e+01	6	92	122	378	2	8	0	50	500	500	500	500	500	0	
5.2499704193e+01	7	94	145	355	2	9	0	50	500	500	500	500	500	0	
5.2998661432e+01	6	95	129	371	2	8	0	50	500	500	500	500	500	0	
5.3498391100e+01	5	96	129	371	2	5	0	50	500	500	500	500	500	0	
5.3997427636e+01	4	97	131	369	6	6	0	50	500	500	500	500	500	0	
5.4494767130e+01	3	98	126	374	6	8	0	50	500	500	500	500	500	0	
5.4995511803e+01	3	98	115	385	3	8	0	50	500	500	500	500	500	0	
5.5497906475e+01	7	95	110	390	2	5	0	50	500	500	500	500	500	0	
5.5999837990e+01	6	99	105	395	3	9	0	50	500	500	500	500	500	0	
5.6494449010e+01	5	100	102	398	2	7	0	50	500	500	500	500	500	0	
5.6997682628e+01	7	98	100	400	2	5	0	50	500	500	500	500	500	0	
5.7497874952e+01	4	101	88	412	3	4	0	50	500	500	500	500	500	0	
5.7999878823e+01	5	102	88	412	6	9	0	50	500	500	500	500	500	0	
5.8496723537e+01	6	102	95	405	3	8	0	50	500	500	500	500	500	0	
5.8999667190e+01	8	99	87	413	1	6	0	50	500	500	500	500	500	0	
5.9499949864e+01	8	101	93	407	3	4	0	50	500	500	500	500	500	0	
5.9995859532e+01	7	102	74	426	3	8	0	50	500	500	500	500	500	0	
6.0491805526e+01	8	102	95	405	1	6	0	50	500	500	500	500	500	0	
6.0981558573e+01	8	102	81	419	1	7	0	50	500	500	500	500	500	0	
6.1491615049e+01	8	104	85	415	3	6	0	50	500	500	500	500	500	0	
6.1998962653e+01	8	105	103	397	2	6	0	50	500	500	500	500	500	0	
6.2494018030e+01	7	110	112	388	4	5	0	50	500	500	500	500	500	0	
6.2999099428e+01	6	112	99	401	4	8	0	50	500	500	500	500	500	0	
6.3498334170e+01	5	113	106	394	7	4	0	50	500	500	500	500	500	0	
6.3995951548e+01	6	114	89	411	5	13	0	50	500	500	500	500	500	0	
6.4493852230e+01	6	115	97	403	11	6	0	50	500	500	500	500	500	0	
6.4996172568e+01	6	116	92	408	4	11	0	50	500	500	500	500	500	0	
6.5492151162e+01	6	116	66	434	7	8	0	50	500	500	500	500	500	0	
6.5998442982e+01	7	117	57	443	6	6	0	50	500	500	500	500	500	0	
6.6499021715e+01	9	115	44	456	4	9	0	50	500	500	500	500	500	0	
6.6996156571e+01	8	115	53	447	3	6	0	50	500	500	500	500	500	0	
6.7495757333e+01	6	117	41	459	1	9	0	50	500	500	500	500	500	0	
6.7997098734e+01	6	118	51	449	2	6	0	50	500	500	500	500	500	0	
6.8498104931e+01	7	116	72	428	5	4	0	50	500	500	500	500	500	0	
6.8999809352e+01	7	117	81	419	1	10	0	50	500	500	500	500	500	0	
6.9499095489e+01	8	117	79	421	2	11	0	50	500	500	500	500	500	0	
6.9999800014e+01	11	114	67	433	6	9	0	50	500	500	500	500	500	0	
7.0499955919e+01	9	116	62	438	5	9	0	50	500	500	500	500	500	0	
7.0999246114e+01	7	119	67	433	3	11	0	50	500	500	500	500	500	0	
7.1495358468e+01	4	122	69	431	2	6	0	50	500	500	500	500	500	0	
7.1999167519e+01	4	124	56	444	2	4	0	50	500	500	500	500	500	0	
7.2497570362e+01	6	123	47	453	2	7	0	50	500	500	500	500	500	0	
7.2999424396e+01	6	123	64	436	2	5	0	50	500	500	500	500	500	0	
7.3498250796e+01	6	124	60	440	3	7	0	50	500	500	500	500	500	0	
7.3997923877e+01	6	124	54	446	2	2	0	50	500	500	500	500	500	0	
7.4499617071e+01	4	128	65	435	3	4	0	50	500	500	500	500	500	0	
7.4999570280e+01	4	127	56	444	3	4	0	50	500	500	500	500	500	0	
7.5497983990e+01	4	127	63	437	3	0	0	50	500	500	500	500	500	0	
7.5992467756e+01	3	130	73	427	1	6	0	50	500	500	500	500	500	0	
7.6497237304e+01	4	130	61	439	1	7	0	50	500	500	500	500	500	0	
7.6999003546e+01	6	129	66	434	1	8	0	50	500	500	500	500	500	0	
7.7498076384e+01	4	131	57	443	3	7	0	50	500	500	500	500	500	0	
7.7998146898e+01	4	134	65	435	6	9	0	50	500	500	500	500	500	0	
7.8496245058e+01	4	136	61	439	3	11	0	50	500	500	500	500	500	0	
7.8998177051e+01	4	136	66	434	4	11	0	50	500	500	500	500	500	0	
7.9499223695e+01	8	132	60	440	3	6	0	50	500	500	500	500	500	0	
7.9998978879e+01	8	131	48	452	4	7	0	50	500	500	500	500	500	0	
8.0498522959e+01	8	133	41	459	1	8	0	50	500	500	500	500	500	0	
8.0999156273e+01	9	134	61	439	1	6	0	50	500	500	500	500	500	0	
8.1499662202e+01	7	137	49	451	5	4	0	50	500	500	500	500	500	0	
8.1995345377e+01	7	138	46	454	4	6	0	50	500	500	500	500	500	0	
8.2497108246e+01	5	141	59	441	2	5	0	50	500	500	500	500	500	0	
8.2995907063e+01	6	138	32	468	1	5	0	50	500	500	500	500	500	0	
8.3498860902e+01	6	140	47	453	4	6	0	50	500	500	500	500	500	0	
8.3998834527e+01	7	140	36	464	2	6	0	50	500	500	500	500	500	0	
8.4495721578e+01	7	141	38	462	3	13	0	50	500	500	500	500	500	0	
8.4994559029e+01	7	141	49	451	3	5	0	50	500	500	500	500	500	0	
8.5497096763e+01	5	143	57	443	1	5	0	50	500	500	500	500	500	0	
8.5998145679e+01	3	147	55	445	3	10	0	50	500	500	500	500	500	0	
8.6491335417e+01	4	147	44	456	4	5	0	50	500	500	500	500	500	0	
8.6998051685e+01	5	148	34	466	3	7	0	50	500	500	500	500	500	0	
8.7495583535e+01	6	147	41	459	1	11	0	50	500	500	500	500	500	0	
8.7994197617e+01	3	149	57	443	4	4	0	50	500	500	500	500	500	0	
8.8499652885e+01	3	149	45	455	2	7	0	50	500	500	500	500	500	0	
8.8997050203e+01	4	150	37	463	2	10	0	50	500	500	500	500	500	0	
8.9494950507e+01	4	151	51	449	6	3	0	50	500	500	500	500	500	0	
8.9997033065e+01	3	153	52	448	3	6	0	50	500	500	500	500	500	0	
9.0498521702e+01	3	153	47	453	2	1	0	50	500	500	500	500	500	0	
9.0992318978e+01	3	154	33	467	1	10	0	50	500	500	500	500	500	0	
9.1499534653e+01	5	151	40	460	3	4	0	50	500	500	500	500	500	0	
9.1993599843e+01	5	152	41	459	3	2	0	50	500	500	500	500	500	0	
9.2499934883e+01	5	152	31	469	2	3	0	50	500	500	500	500	500	0	
9.2997317471e+01	5	152	33	467	3	5	0	50	500	500	500	500	500	0	
9.3493453217e+01	7	151	31	469	1	7	0	50	500	500	500	500	500	0	
9.3998604572e+01	6	151	33	467	2	6	0	50	500	500	500	500	500	0	
9.4497480518e+01	7	153	50	450	2	9	0	50	500	500	500	500	500	0	
9.4999740764e+01	6	154	44	456	2	1	0	50	500	500	500	500	500	0	
9.5499982006e+01	5	155	36	464	6	7	0	50	500	500	500	500	500	0	
9.5998435728e+01	4	155	48	452	6	6	0	50	500	500	500	500	500	0	
9.6497231770e+01	6	154	46	454	3	8	0	50	500	500	500	500	500	0	
9.6999686047e+01	7	155	39	461	10	9	0	50	500	500	500	500	500	0	
9.7499763868e+01	8	155	54	446	5	10	0	50	500	500	500	500	500	0	
9.7993883774e+01	8	156	43	457	3	8	0	50	500	500	500	500	500	0	
9.8499159456e+01	7	157	42	458	1	11	0	50	500	500	500	500	500	0	
9.8998112405e+01	5	160	53	447	7	6	0	50	500	500	500	500	500	0	
9.9498781760e+01	8	158	61	439	4	6	0	50	500	500	500	500	500	0	
9.9999535942e+01	6	162	47	453	2	7	0	50	500	500	500	500	500	0	
1.0049710009e+02	6	164	39	461	7	5	0	50	500	500	500	500	500	0	
1.0099984660e+02	6	164	46	454	6	4	0	50	500	500	500	500	500	0	
1.0149948852e+02	7	163	45	455	1	4	0	50	500	500	500	500	500	0	
1.0199660700e+02	7	164	32	468	3	4	0	50	500	500	500	500	500	0	
1.0249961350e+02	6	166	28	472	2	7	0	50	500	500	500	500	500	0	
1.0299998801e+02	7	166	48	452	4	6	0	50	500	500	500	500	500	0	
1.0349815349e+02	5	169	38	462	1	10	0	50	500	500	500	500	500	0	
1.0399854373e+02	5	171	22	478	4	9	0	50	500	500	500	500	500	0	
1.0449881819e+02	4	172	37	463	6	5	0	50	500	500	500	500	500	0	
1.0499820553e+02	7	170	31	469	4	11	0	50	500	500	500	500	500	0	
1.0549959661e+02	8	170	38	462	6	7	0	50	500	500	500	500	500	0	
1.0599856819e+02	7	172	34	466	6	2	0	50	500	500	500	500	500	0	
1.0649796404e+02	7	173	22	478	6	3	0	50	500	500	500	500	500	0	
1.0699973056e+02	6	176	25	475	6	6	0	50	500	500	500	500	500	0	
1.0749872461e+02	7	177	40	460	5	13	0	50	500	500	500	500	500	0	
1.0799964025e+02	5	179	33	467	2	12	0	50	500	500	500	500	500	0	
1.0849940696e+02	5	180	19	481	4	8	0	50	500	500	500	500	500	0	
1.0899968738e+02	6	180	28	472	4	8	0	50	500	500	500	500	500	0	
1.0949791895e+02	5	184	17	483	5	7	0	50	500	500	500	500	500	0	
1.0999983323e+02	5	185	29	471	4	2	0	50	500	500	500	500	500	0	
1.1049952419e+02	5	185	24	476	2	10	0	50	500	500	500	500	500	0	
1.1099909672e+02	4	187	28	472	6	3	0	50	500	500	500	500	500	0	
1.1149724434e+02	5	188	26	474	5	4	0	50	500	500	500	500	500	0	
1.1199787487e+02	3	190	35	465	2	7	0	50	500	500	500	500	500	0	
1.1249913064e+02	2	193	30	470	2	7	0	50	500	500	500	500	500	0	
1.1299764636e+02	4	194	35	465	5	8	0	50	500	500	500	500	500	0	
1.1349927517e+02	5	193	33	467	3	6	0	50	500	500	500	500	500	0	
1.1399863666e+02	6	194	28	472	3	4	0	50	500	500	500	500	500	0	
1.1449243328e+02	6	194	19	481	5	6	0	50	500	500	500	500	500	0	
1.1499759390e+02	7	195	22	478	2	5	0	50	500	500	500	500	500	0	
1.1549860325e+02	6	197	20	480	5	5	0	50	500	500	500	500	500	0	
1.1599944007e+02	5	199	24	476	4	11	0	50	500	500	500	500	500	0	
1.1649871130e+02	6	198	15	485	4	7	0	50	500	500	500	500	500	0	
1.1699847967e+02	7	200	22	478	2	9	0	50	500	500	500	500	500	0	
1.1749054800e+02	6	201	19	481	4	9	0	50	500	500	500	500	500	0	
1.1799682362e+02	8	198	21	479	10	4	0	50	500	500	500	500	500	0	
1.1849886710e+02	9	200	42	458	3	3	0	50	500	500	500	500	500	0	
1.1899793179e+02	8	202	36	464	2	1	0	50	500	500	500	500	500	0	
1.1949857956e+02	9	205	31	469	2	6	0	50	500	500	500	500	500	0	
1.1999963822e+02	7	206	35	465	4	6	0	50	500	500	500	500	500	0	
1.2049822973e+02	10	204	29	471	3	12	0	50	500	500	500	500	500	0	
1.2099964647e+02	7	207	22	478	5	7	0	50	500	500	500	500	500	0	
1.2149229274e+02	7	207	25	475	4	7	0	50	500	500	500	500	500	0	
1.2199256145e+02	5	211	24	476	4	4	0	50	500	500	500	500	500	0	
1.2249535594e+02	4	214	32	468	3	5	0	50	500	500	500	500	500	0	
1.2299589200e+02	2	216	25	475	4	9	0	50	500	500	500	500	500	0	
1.2349946819e+02	3	217	18	482	5	5	0	50	500	500	500	500	500	0	
1.2399936448e+02	5	214	23	477	3	7	0	50	500	500	500	500	500	0	
1.2449760874e+02	4	215	21	479	5	5	0	50	500	500	500	500	500	0	
1.2499822376e+02	5	214	29	471	3	10	0	50	500	500	500	500	500	0	
1.2549911511e+02	5	214	27	473	3	9	0	50	500	500	500	500	500	0	
1.2599777911e+02	5	216	25	475	2	6	0	50	500	500	500	500	500	0	
1.2649991861e+02	5	219	18	482	3	5	0	50	500	500	500	500	500	0	
1.2699959972e+02	6	219	24	476	1	2	0	50	500	500	500	500	500	0	
1.2749932956e+02	6	218	26	474	2	6	0	50	500	500	500	500	500	0	
1.2799984131e+02	7	217	36	464	0	2	0	50	500	500	500	500	500	0	
1.2849794934e+02	5	218	27	473	1	3	0	50	500	500	500	500	500	0	
1.2899770791e+02	5	219	33	467	3	5	0	50	500	500	500	500	500	0	
1.2949934878e+02	5	220	21	479	1	5	0	50	500	500	500	500	500	0	
1.2999612054e+02	3	223	25	475	3	10	0	50	500	500	500	500	500	0	
1.3049772276e+02	3	225	23	477	8	6	0	50	500	500	500	500	500	0	
1.3099888289e+02	4	225	14	486	0	14	0	50	500	500	500	500	500	0	
1.3149883878e+02	3	228	27	473	3	6	0	50	500	500	500	500	500	0	
1.3199868765e+02	3	229	24	476	2	11	0	50	500	500	500	500	500	0	
1.3249919839e+02	2	230	19	481	8	3	0	50	500	500	500	500	500	0	
1.3299736655e+02	3	229	21	479	7	9	0	50	500	500	500	500	500	0	
1.3349865633e+02	8	225	14	486	6	13	0	50	500	500	500	500	500	0	
1.3399908126e+02	8	224	31	469	3	6	0	50	500	500	500	500	500	0	
1.3449644458e+02	7	225	15	485	4	5	0	50	500	500	500	500	500	0	
1.3499687723e+02	5	227	31	469	2	5	0	50	500	500	500	500	500	0	
1.3549842347e+02	7	225	25	475	2	4	0	50	500	500	500	500	500	0	
1.3599158499e+02	6	227	28	472	1	5	0	50	500	500	500	500	500	0	
1.3649533408e+02	4	230	24	476	3	6	0	50	500	500	500	500	500	0	
1.3699895905e+02	3	231	24	476	4	4	0	50	500	500	500	500	500	0	
1.3749340618e+02	3	231	17	483	6	4	0	50	500	500	500	500	500	0	
1.3799926394e+02	3	235	28	472	5	3	0	50	500	500	500	500	500	0	
1.3849835781e+02	3	236	18	482	5	8	0	50	500	500	500	500	500	0	
1.3899848670e+02	5	235	12	488	2	7	0	50	500	500	500	500	500	0	
1.3949822983e+02	3	237	27	473	3	4	0	50	500	500	500	500	500	0	
1.3999826435e+02	3	238	17	483	2	4	0	50	500	500	500	500	500	0	
1.4049846493e+02	1	238	24	476	4	2	0	50	500	500	500	500	500	0	
1.4099660610e+02	0	239	16	484	0	3	0	50	500	500	500	500	500	0	
1.4149957372e+02	3	239	25	475	3	10	0	50	500	500	500	500	500	0	
1.4199971318e+02	5	238	23	477	7	7	0	50	500	500	500	500	500	0	
1.4249951099e+02	4	239	22	478	6	9	0	50	500	500	500	500	500	0	
1.4299592559e+02	5	239	15	485	2	7	0	50	500	500	500	500	500	0	
1.4349738228e+02	6	237	14	486	5	7	0	50	500	500	500	500	500	0	
1.4399666306e+02	5	238	22	478	8	4	0	50	500	500	500	500	500	0	
1.4449500642e+02	7	237	17	483	5	6	0	50	500	500	500	500	500	0	
1.4499816925e+02	6	238	24	476	3	4	0	50	500	500	500	500	500	0	
1.4549992000e+02	6	240	23	477	5	9	0	50	500	500	500	500	500	0	
1.4599944905e+02	5	240	16	484	4	4	0	50	500	500	500	500	500	0	
1.4649762926e+02	7	238	18	482	5	7	0	50	500	500	500	500	500	0	
1.4699989110e+02	10	237	21	479	3	9	0	50	500	500	500	500	500	0	
1.4749939307e+02	10	238	22	478	2	6	0	50	500	500	500	500	500	0	
1.4799976160e+02	10	238	35	465	2	5	0	50	500	500	500	500	500	0	
1.4849790042e+02	8	242	15	485	2	6	0	50	500	500	500	500	500	0	
1.4899381136e+02	7	244	9	491	4	6	0	50	500	500	500	500	500	0	
1.4949906845e+02	7	244	23	477	5	7	0	50	500	500	500	500	500	0	
1.4999998906e+02	5	247	18	482	1	8	0	50	500	500	500	500	500	0	
1.5049844863e+02	5	248	10	490	0	4	0	50	500	500	500	500	500	0	
1.5099548872e+02	5	251	18	482	2	5	0	50	500	500	500	500	500	0	
1.5149856543e+02	7	249	28	472	6	5	0	50	500	500	500	500	500	0	
1.5199958286e+02	8	248	32	468	3	5	0	50	500	500	500	500	500	0	
1.5249537520e+02	11	245	15	485	3	5	0	50	500	500	500	500	500	0	
1.5299889614e+02	11	244	16	484	3	4	0	50	500	500	500	500	500	0	
1.5349926337e+02	10	246	18	482	3	4	0	50	500	500	500	500	500	0	
1.5399960579e+02	9	247	16	484	7	7	0	50	500	500	500	500	500	0	
1.5449947194e+02	6	250	16	484	5	7	0	50	500	500	500	500	500	0	
1.5499920418e+02	6	250	10	490	2	5	0	50	500	500	500	500	500	0	
1.5549328959e+02	7	252	23	477	4	7	0	50	500	500	500	500	500	0	
1.5599730413e+02	7	253	14	486	9	3	0	50	500	500	500	500	500	0	
1.5649910460e+02	7	252	17	483	7	4	0	50	500	500	500	500	500	0	
1.5699491871e+02	8	252	29	471	6	6	0	50	500	500	500	500	500	0	
1.5749947125e+02	9	253	22	478	1	8	0	50	500	500	500	500	500	0	
1.5799715695e+02	9	253	15	485	4	2	0	50	500	500	500	500	500	0	
1.5849593397e+02	7	256	11	489	4	3	0	50	500	500	500	500	500	0	
1.5899922617e+02	9	253	12	488	9	5	0	50	500	500	500	500	500	0	
1.5949602920e+02	11	255	22	478	5	7	0	50	500	500	500	500	500	0	
1.5999979649e+02	11	256	17	483	1	5	0	50	500	500	500	500	500	0	
1.6049883911e+02	11	257	21	479	1	4	0	50	500	500	500	500	500	0	
1.6099932352e+02	9	262	21	479	7	2	0	50	500	500	500	500	500	0	
1.6149901415e+02	9	263	16	484	3	6	0	50	500	500	500	500	500	0	
1.6199923132e+02	11	261	15	485	7	6	0	50	500	500	500	500	500	0	
1.6249953277e+02	11	263	23	477	4	6	0	50	500	500	500	500	500	0	
1.6299952146e+02	11	264	24	476	1	7	0	50	500	500	500	500	500	0	
1.6349952899e+02	8	268	20	480	6	6	0	50	500	500	500	500	500	0	
1.6399702497e+02	4	272	11	489	2	3	0	50	500	500	500	500	500	0	
1.6449921761e+02	5	273	13	487	1	4	0	50	500	500	500	500	500	0	
1.6499591708e+02	3	276	23	477	7	3	0	50	500	500	500	500	500	0	
1.6549761091e+02	5	274	15	485	2	6	0	50	500	500	500	500	500	0	
1.6599969519e+02	3	279	21	479	1	9	0	50	500	500	500	500	500	0	
1.6649995790e+02	3	280	19	481	5	11	0	50	500	500	500	500	500	0	
1.6699939151e+02	4	279	16	484	4	5	0	50	500	500	500	500	500	0	
1.6749814874e+02	3	281	29	471	4	4	0	50	500	500	500	500	500	0	
1.6799551414e+02	5	278	11	489	5	2	0	50	500	500	500	500	500	0	
1.6849746997e+02	5	279	17	483	2	4	0	50	500	500	500	500	500	0	
1.6899601480e+02	5	283	17	483	2	4	0	50	500	500	500	500	500	0	
1.6949945906e+02	3	285	21	479	4	9	0	50	500	500	500	500	500	0	
1.6999805591e+02	3	285	13	487	4	5	0	50	500	500	500	500	500	0	
1.7049510742e+02	3	285	14	486	5	7	0	50	500	500	500	500	500	0	
1.7099942395e+02	4	285	16	484	6	9	0	50	500	500	500	500	500	0	
1.7149495339e+02	4	287	16	484	4	3	0	50	500	500	500	500	500	0	
1.7199713734e+02	5	287	14	486	5	3	0	50	500	500	500	500	500	0	
1.7249993888e+02	5	287	16	484	0	7	0	50	500	500	500	500	500	0	
1.7299414644e+02	4	289	13	487	2	8	0	50	500	500	500	500	500	0	
1.7349824777e+02	4	289	17	483	2	9	0	50	500	500	500	500	500	0	
1.7399673132e+02	7	287	20	480	11	6	0	50	500	500	500	500	500	0	
1.7449984404e+02	8	286	12	488	4	4	0	50	500	500	500	500	500	0	
1.7499956463e+02	6	289	13	487	3	5	0	50	500	500	500	500	500	0	
1.7549935943e+02	4	294	16	484	7	5	0	50	500	500	500	500	500	0	
1.7599542635e+02	7	291	10	490	6	11	0	50	500	500	500	500	500	0	
1.7649983363e+02	8	291	11	489	4	4	0	50	500	500	500	500	500	0	
1.7699903156e+02	6	292	15	485	4	7	0	50	500	500	500	500	500	0	
1.7749784154e+02	7	291	13	487	3	5	0	50	500	500	500	500	500	0	
1.7799912692e+02	8	291	15	485	3	4	0	50	500	500	500	500	500	0	
1.7849999712e+02	8	290	21	479	7	7	0	50	500	500	500	500	500	0	
1.7899588796e+02	6	295	10	490	2	4	0	50	500	500	500	500	500	0	
1.7949904122e+02	9	294	10	490	6	5	0	50	500	500	500	500	500	0	
1.7999840527e+02	9	295	16	484	3	9	0	50	500	500	500	500	500	0	
1.8049958470e+02	6	299	16	484	5	5	0	50	500	500	500	500	500	0	
1.8099990136e+02	5	301	17	483	2	7	0	50	500	500	500	500	500	0	
1.8149841329e+02	4	302	15	485	5	8	0	50	500	500	500	500	500	0	
1.8199683746e+02	3	304	18	482	5	4	0	50	500	500	500	500	500	0	
1.8249727967e+02	3	304	13	487	8	3	0	50	500	500	500	500	500	0	
1.8299884190e+02	4	303	16	484	4	4	0	50	500	500	500	500	500	0	
1.8349901621e+02	3	303	21	479	1	5	0	50	500	500	500	500	500	0	
1.8399994348e+02	2	305	23	477	2	6	0	50	500	500	500	500	500	0	
1.8449796451e+02	4	305	15	485	3	5	0	50	500	500	500	500	500	0	
1.8499945622e+02	5	304	19	481	5	7	0	50	500	500	500	500	500	0	
1.8549622457e+02	4	305	22	478	4	8	0	50	500	500	500	500	500	0	
1.8599937720e+02	4	306	9	491	5	6	0	50	500	500	500	500	500	0	
1.8649951016e+02	6	306	20	480	3	4	0	50	500	500	500	500	500	0	
1.8699698010e+02	3	311	12	488	2	5	0	50	500	500	500	500	500	0	
1.8749738594e+02	4	310	13	487	3	5	0	50	500	500	500	500	500	0	
1.8799787847e+02	3	311	17	483	3	7	0	50	500	500	500	500	500	0	
1.8849811566e+02	6	307	10	490	3	8	0	50	500	500	500	500	500	0	
1.8899996836e+02	7	307	13	487	5	7	0	50	500	500	500	500	500	0	
1.8949874088e+02	4	311	16	484	5	4	0	50	500	500	500	500	500	0	
1.8999903375e+02	4	312	9	491	2	7	0	50	500	500	500	500	500	0	
1.9049804500e+02	3	312	12	488	2	5	0	50	500	500	500	500	500	0	
1.9099386849e+02	3	312	14	486	2	6	0	50	500	500	500	500	500	0	
1.9149824669e+02	3	312	10	490	6	7	0	50	500	500	500	500	500	0	
1.9199904503e+02	5	310	16	484	3	4	0	50	500	500	500	500	500	0	
1.9249620742e+02	7	311	16	484	6	6	0	50	500	500	500	500	500	0	
1.9299953497e+02	8	311	21	479	3	7	0	50	500	500	500	500	500	0	
1.9349973276e+02	7	313	12	488	8	8	0	50	500	500	500	500	500	0	
1.9399993091e+02	7	315	15	485	2	9	0	50	500	500	500	500	500	0	
1.9449856712e+02	9	313	22	478	5	6	0	50	500	500	500	500	500	0	
1.9499971483e+02	10	312	14	486	2	5	0	50	500	500	500	500	500	0	
1.9549823469e+02	10	311	11	489	2	4	0	50	500	500	500	500	500	0	
1.9599943160e+02	8	313	23	477	3	4	0	50	500	500	500	500	500	0	
1.9649900590e+02	8	313	14	486	4	4	0	50	500	500	500	500	500	0	
1.9699752032e+02	12	309	13	487	3	7	0	50	500	500	500	500	500	0	
1.9749832990e+02	8	310	18	482	3	6	0	50	500	500	500	500	500	0	
1.9799981650e+02	10	308	26	474	7	6	0	50	500	500	500	500	500	0	
1.9849987544e+02	13	305	14	486	8	4	0	50	500	500	500	500	500	0	
1.9899931463e+02	12	306	14	486	8	4	0	50	500	500	500	500	500	0	
1.9949566201e+02	12	308	9	491	4	8	0	50	500	500	500	500	500	0	
1.9999932670e+02	9	314	12	488	6	7	0	50	500	500	500	500	500	0	
2.0049919704e+02	9	315	13	487	6	9	0	50	500	500	500	500	500	0	
2.0099820756e+02	12	313	11	489	7	7	0	50	500	500	500	500	500	0	
2.0149875472e+02	14	313	23	477	5	4	0	50	500	500	500	500	500	0	
2.0199840855e+02	12	316	8	492	1	4	0	50	500	500	500	500	500	0	
2.0249857721e+02	13	316	14	486	6	6	0	50	500	500	500	500	500	0	
2.0298979828e+02	13	316	15	485	5	3	0	50	500	500	500	500	500	0	
2.0349971615e+02	11	321	15	485	4	9	0	50	500	500	500	500	500	0	
2.0399226852e+02	12	321	14	486	3	6	0	50	500	500	500	500	500	0	
2.0449890496e+02	12	324	18	482	5	9	0	50	500	500	500	500	500	0	
2.0499817103e+02	14	322	14	486	4	7	0	50	500	500	500	500	500	0	
2.0549894197e+02	11	326	10	490	5	6	0	50	500	500	500	500	500	0	
2.0599888014e+02	11	328	16	484	3	7	0	50	500	500	500	500	500	0	
2.0649588267e+02	9	331	14	486	5	7	0	50	500	500	500	500	500	0	
2.0699961535e+02	8	331	9	491	3	8	0	50	500	500	500	500	500	0	
2.0749989600e+02	8	333	11	489	4	3	0	50	500	500	500	500	500	0	
2.0799741355e+02	8	334	15	485	1	5	0	50	500	500	500	500	500	0	
2.0849495909e+02	7	335	14	486	3	3	0	50	500	500	500	500	500	0	
2.0899857888e+02	7	336	26	474	4	7	0	50	500	500	500	500	500	0	
2.0949791974e+02	6	336	6	494	4	2	0	50	500	500	500	500	500	0	
2.0999921006e+02	8	335	12	488	2	7	0	50	500	500	500	500	500	0	
2.1049918484e+02	7	337	12	488	2	3	0	50	500	500	500	500	500	0	
2.1099970340e+02	8	337	9	491	6	5	0	50	500	500	500	500	500	0	
2.1149896158e+02	10	335	26	474	5	3	0	50	500	500	500	500	500	0	
2.1199731426e+02	11	334	14	486	5	6	0	50	500	500	500	500	500	0	
2.1249281916e+02	10	333	12	488	6	3	0	50	500	500	500	500	500	0	
2.1299834388e+02	13	330	17	483	1	10	0	50	500	500	500	500	500	0	
2.1349989667e+02	13	331	9	491	5	4	0	50	500	500	500	500	500	0	
2.1399809320e+02	12	333	12	488	7	1	0	50	500	500	500	500	500	0	
2.1449850532e+02	11	334	24	476	2	5	0	50	500	500	500	500	500	0	
2.1499760577e+02	10	336	18	482	5	6	0	50	500	500	500	500	500	0	
2.1549995673e+02	9	337	9	491	3	8	0	50	500	500	500	500	500	0	
2.1599464032e+02	9	336	13	487	3	7	0	50	500	500	500	500	500	0	
2.1649843706e+02	11	335	12	488	2	4	0	50	500	500	500	500	500	0	
2.1699974712e+02	11	335	12	488	2	8	0	50	500	500	500	500	500	0	
2.1749996799e+02	11	336	15	485	2	4	0	50	500	500	500	500	500	0	
2.1799779589e+02	12	335	13	487	4	7	0	50	500	500	500	500	500	0	
2.1849895655e+02	13	334	12	488	6	7	0	50	500	500	500	500	500	0	
2.1899982154e+02	12	333	11	489	3	4	0	50	500	500	500	500	500	0	
2.1949888878e+02	11	333	18	482	7	6	0	50	500	500	500	500	500	0	
2.1999918133e+02	11	334	14	486	9	2	0	50	500	500	500	500	500	0	
2.2049754233e+02	9	337	9	491	4	8	0	50	500	500	500	500	500	0	
2.2099967365e+02	13	334	17	483	6	7	0	50	500	500	500	500	500	0	
2.2149962355e+02	12	336	16	484	4	4	0	50	500	500	500	500	500	0	
2.2199389044e+02	14	335	12	488	3	6	0	50	500	500	500	500	500	0	
2.2249877435e+02	16	333	17	483	1	11	0	50	500	500	500	500	500	0	
2.2299751476e+02	15	335	11	489	6	9	0	50	500	500	500	500	500	0	
2.2349914336e+02	14	336	15	485	3	8	0	50	500	500	500	500	500	0	
2.2399957852e+02	12	339	22	478	4	9	0	50	500	500	500	500	500	0	
2.2449774918e+02	11	341	10	490	4	6	0	50	500	500	500	500	500	0	
2.2499775339e+02	8	344	12	488	4	8	0	50	500	500	500	500	500	0	
2.2549762890e+02	12	340	11	489	5	10	0	50	500	500	500	500	500	0	
2.2599858105e+02	10	343	13	487	5	8	0	50	500	500	500	500	500	0	
2.2649961316e+02	9	346	21	479	3	8	0	50	500	500	500	500	500	0	
2.2699980446e+02	9	348	13	487	5	6	0	50	500	500	500	500	500	0	
2.2749544945e+02	6	350	20	480	4	2	0	50	500	500	500	500	500	0	
2.2799812018e+02	3	351	11	489	7	2	0	50	500	500	500	500	500	0	
2.2849156746e+02	4	350	10	490	4	5	0	50	500	500	500	500	500	0	
2.2899955113e+02	6	348	22	478	0	7	0	50	500	500	500	500	500	0	
2.2949809037e+02	13	340	19	481	3	9	0	50	500	500	500	500	500	0	
2.2999659243e+02	15	338	18	482	9	4	0	50	500	500	500	500	500	0	
2.3049955669e+02	15	338	7	493	3	7	0	50	500	500	500	500	500	0	
2.3099332906e+02	17	336	14	486	1	5	0	50	500	500	500	500	500	0	
2.3149967616e+02	23	329	10	490	1	3	0	50	500	500	500	500	500	0	
2.3199869595e+02	18	333	18	482	2	6	0	50	500	500	500	500	500	0	
2.3249616787e+02	15	335	12	488	2	3	0	50	500	500	500	500	500	0	
2.3299794405e+02	12	338	9	491	9	3	0	50	500	500	500	500	500	0	
2.3349132688e+02	14	335	18	482	5	4	0	50	500	500	500	500	500	0	
2.3399993942e+02	12	338	15	485	4	6	0	50	500	500	500	500	500	0	
2.3449733170e+02	9	342	15	485	2	7	0	50	500	500	500	500	500	0	
2.3499972016e+02	10	342	20	480	5	4	0	50	500	500	500	500	500	0	
2.3549953072e+02	12	341	17	483	5	7	0	50	500	500	500	500	500	0	
2.3599552732e+02	12	344	12	488	5	4	0	50	500	500	500	500	500	0	
2.3649980470e+02	9	347	15	485	8	3	0	50	500	500	500	500	500	0	
2.3699977589e+02	8	348	10	490	3	4	0	50	500	500	500	500	500	0	
2.3749801738e+02	7	350	18	482	4	2	0	50	500	500	500	500	500	0	
2.3799998496e+02	7	350	13	487	1	2	0	50	500	500	500	500	500	0	
2.3849901899e+02	5	354	13	487	1	6	0	50	500	500	500	500	500	0	
2.3899687104e+02	5	355	17	483	3	4	0	50	500	500	500	500	500	0	
2.3949281752e+02	4	355	15	485	3	2	0	50	500	500	500	500	500	0	
2.3999652259e+02	3	357	14	486	3	3	0	50	500	500	500	500	500	0	
2.4049828325e+02	7	354	17	483	0	6	0	50	500	500	500	500	500	0	
2.4099867954e+02	7	354	11	489	6	8	0	50	500	500	500	500	500	0	
2.4149666809e+02	7	354	15	485	6	3	0	50	500	500	500	500	500	0	
2.4199986122e+02	7	354	10	490	8	4	0	50	500	500	500	500	500	0	
2.4249587042e+02	8	352	14	486	3	4	0	50	500	500	500	500	500	0	
2.4299951845e+02	10	351	5	495	4	6	0	50	500	500	500	500	500	0	
2.4349925693e+02	9	352	13	487	3	7	0	50	500	500	500	500	500	0	
2.4399955275e+02	11	350	13	487	10	7	0	50	500	500	500	500	500	0	
2.4449970166e+02	12	348	19	481	5	6	0	50	500	500	500	500	500	0	
2.4499981650e+02	10	352	17	483	5	6	0	50	500	500	500	500	500	0	
2.4549778916e+02	10	354	9	491	2	1	0	50	500	500	500	500	500	0	
2.4599672602e+02	10	354	9	491	5	5	0	50	500	500	500	500	500	0	
2.4649920456e+02	7	357	11	489	2	7	0	50	500	500	500	500	500	0	
2.4699942452e+02	5	364	12	488	2	5	0	50	500	500	500	500	500	0	
2.4749963118e+02	3	366	14	486	3	3	0	50	500	500	500	500	500	0	
2.4799798049e+02	3	366	13	487	5	5	0	50	500	500	500	500	500	0	
2.4849998994e+02	3	367	18	482	3	4	0	50	500	500	500	500	500	0	
2.4899700726e+02	2	369	6	494	1	8	0	50	500	500	500	500	500	0	
2.4949931725e+02	2	370	12	488	3	3	0	50	500	500	500	500	500	0	
2.4999848706e+02	3	370	17	483	2	5	0	50	500	500	500	500	500	0	
2.5049790091e+02	7	367	6	494	4	8	0	50	500	500	500	500	500	0	
2.5099988271e+02	8	366	16	484	3	3	0	50	500	500	500	500	500	0	
2.5149683720e+02	10	363	7	493	3	5	0	50	500	500	500	500	500	0	
2.5199993294e+02	8	365	7	493	6	4	0	50	500	500	500	500	500	0	
2.5249631676e+02	5	369	11	489	2	7	0	50	500	500	500	500	500	0	
2.5299679203e+02	5	370	7	493	5	1	0	50	500	500	500	500	500	0	
2.5349984827e+02	6	370	10	490	0	9	0	50	500	500	500	500	500	0	
2.5399915217e+02	9	367	6	494	7	7	0	50	500	500	500	500	500	0	
2.5449565918e+02	9	370	8	492	4	8	0	50	500	500	500	500	500	0	
2.5499401441e+02	11	368	21	479	7	11	0	50	500	500	500	500	500	0	
2.5549765023e+02	11	368	15	485	2	4	0	50	500	500	500	500	500	0	
2.5599922980e+02	10	368	16	484	7	2	0	50	500	500	500	500	500	0	
2.5649927287e+02	13	367	11	489	6	4	0	50	500	500	500	500	500	0	
2.5699763134e+02	11	369	4	496	5	3	0	50	500	500	500	500	500	0	
2.5749437908e+02	12	367	7	493	5	3	0	50	500	500	500	500	500	0	
2.5799899997e+02	12	368	11	489	6	5	0	50	500	500	500	500	500	0	
2.5849827988e+02	12	369	7	493	2	7	0	50	500	500	500	500	500	0	
2.5899879382e+02	12	371	10	490	5	5	0	50	500	500	500	500	500	0	
2.5949849603e+02	13	370	16	484	4	2	0	50	500	500	500	500	500	0	
2.5999934512e+02	12	374	7	493	3	4	0	50	500	500	500	500	500	0	
2.6049921166e+02	9	378	17	483	3	6	0	50	500	500	500	500	500	0	
2.6099890391e+02	9	376	10	490	6	6	0	50	500	500	500	500	500	0	
2.6149983993e+02	7	378	14	486	2	8	0	50	500	500	500	500	500	0	
2.6199586062e+02	7	378	14	486	6	3	0	50	500	500	500	500	500	0	
2.6249941928e+02	9	377	15	485	4	6	0	50	500	500	500	500	500	0	
2.6299958718e+02	8	378	12	488	3	5	0	50	500	500	500	500	500	0	
2.6349948282e+02	7	381	15	485	3	4	0	50	500	500	500	500	500	0	
2.6399682987e+02	6	382	11	489	1	7	0	50	500	500	500	500	500	0	
2.6449672677e+02	4	383	10	490	2	6	0	50	500	500	500	500	500	0	
2.6499946658e+02	3	385	10	490	1	9	0	50	500	500	500	500	500	0	
2.6549854508e+02	6	381	11	489	2	11	0	50	500	500	500	500	500	0	
2.6599894699e+02	7	380	11	489	4	6	0	50	500	500	500	500	500	0	
2.6649817589e+02	8	382	13	487	3	6	0	50	500	500	500	500	500	0	
2.6699774574e+02	6	385	12	488	0	7	0	50	500	500	500	500	500	0	
2.6749996309e+02	8	383	18	482	6	3	0	50	500	500	500	500	500	0	
2.6799898033e+02	8	384	12	488	5	6	0	50	500	500	500	500	500	0	
2.6849957455e+02	9	385	10	490	8	6	0	50	500	500	500	500	500	0	
2.6899989118e+02	6	392	6	494	4	10	0	50	500	500	500	500	500	0	
2.6949952864e+02	9	390	13	487	8	2	0	50	500	500	500	500	500	0	
2.6999968134e+02	13	387	12	488	2	6	0	50	500	500	500	500	500	0	
2.7049841162e+02	10	389	17	483	6	4	0	50	500	500	500	500	500	0	
2.7099862366e+02	13	385	8	492	2	8	0	50	500	500	500	500	500	0	
2.7149989529e+02	10	389	9	491	5	4	0	50	500	500	500	500	500	0	
2.7199907617e+02	13	387	8	492	1	12	0	50	500	500	500	500	500	0	
2.7249793352e+02	12	388	12	488	2	4	0	50	500	500	500	500	500	0	
2.7299788652e+02	9	390	17	483	5	4	0	50	500	500	500	500	500	0	
2.7349866415e+02	7	393	9	491	4	2	0	50	500	500	500	500	500	0	
2.7399826031e+02	7	393	14	486	2	11	0	50	500	500	500	500	500	0	
2.7449234368e+02	10	391	17	483	1	7	0	50	500	500	500	500	500	0	
2.7499515128e+02	8	393	8	492	5	3	0	50	500	500	500	500	500	0	
2.7549873093e+02	8	393	10	490	8	12	0	50	500	500	500	500	500	0	
2.7599905081e+02	13	388	10	490	7	10	0	50	500	500	500	500	500	0	
2.7649998142e+02	11	390	12	488	8	5	0	50	500	500	500	500	500	0	
2.7699852778e+02	10	391	14	486	7	2	0	50	500	500	500	500	500	0	
2.7749922858e+02	13	389	19	481	2	6	0	50	500	500	500	500	500	0	
2.7799444321e+02	13	388	6	494	5	7	0	50	500	500	500	500	500	0	
2.7849932475e+02	18	386	5	495	3	5	0	50	500	500	500	500	500	0	
2.7899742163e+02	14	393	6	494	6	6	0	50	500	500	500	500	500	0	
2.7949847813e+02	14	395	13	487	6	8	0	50	500	500	500	500	500	0	
2.7999998664e+02	13	396	9	491	2	8	0	50	500	500	500	500	500	0	
2.8049919339e+02	14	395	12	488	7	4	0	50	500	500	500	500	500	0	
2.8099931025e+02	12	398	14	486	7	3	0	50	500	500	500	500	500	0	
2.8149061631e+02	12	397	10	490	2	8	0	50	500	500	500	500	500	0	
2.8199910061e+02	9	399	11	489	4	9	0	50	500	500	500	500	500	0	
2.8249961181e+02	11	396	7	493	5	9	0	50	500	500	500	500	500	0	
2.8299751596e+02	10	397	19	481	2	2	0	50	500	500	500	500	500	0	
2.8349858684e+02	10	397	10	490	8	5	0	50	500	500	500	500	500	0	
2.8399834802e+02	9	400	10	490	2	6	0	50	500	500	500	500	500	0	
2.8449932154e+02	6	403	12	488	2	5	0	50	500	500	500	500	500	0	
2.8499917572e+02	8	401	7	493	5	6	0	50	500	500	500	500	500	0	
2.8549848408e+02	6	403	9	491	8	4	0	50	500	500	500	500	500	0	
2.8599607627e+02	6	404	11	489	2	2	0	50	500	500	500	500	500	0	
2.8649681148e+02	5	406	8	492	3	5	0	50	500	500	500	500	500	0	
2.8699773358e+02	8	404	5	495	7	4	0	50	500	500	500	500	500	0	
2.8749935672e+02	10	402	16	484	7	6	0	50	500	500	500	500	500	0	
2.8799940670e+02	9	403	8	492	8	5	0	50	500	500	500	500	500	0	
2.8849871325e+02	9	404	16	484	3	10	0	50	500	500	500	500	500	0	
2.8899927227e+02	12	402	12	488	6	7	0	50	500	500	500	500	500	0	
2.8949944930e+02	14	401	9	491	7	7	0	50	500	500	500	500	500	0	
2.8999930745e+02	9	406	6	494	5	9	0	50	500	500	500	500	500	0	
2.9049876144e+02	8	407	5	495	4	11	0	50	500	500	500	500	500	0	
2.9099958944e+02	14	402	10	490	1	10	0	50	500	500	500	500	500	0	
2.9149972746e+02	12	405	9	491	1	4	0	50	500	500	500	500	500	0	
2.9199964622e+02	11	409	10	490	2	5	0	50	500	500	500	500	500	0	
2.9249793655e+02	13	406	6	494	7	8	0	50	500	500	500	500	500	0	
2.9299997161e+02	13	407	12	488	4	7	0	50	500	500	500	500	500	0	
2.9349885575e+02	14	406	8	492	5	6	0	50	500	500	500	500	500	0	
2.9399961287e+02	13	408	11	489	2	3	0	50	500	500	500	500	500	0	
2.9449384721e+02	14	407	17	483	5	6	0	50	500	500	500	500	500	0	
2.9499983446e+02	15	408	10	490	8	6	0	50	500	500	500	500	500	0	
2.9549843242e+02	19	405	8	492	5	4	0	50	500	500	500	500	500	0	
2.9599933169e+02	17	406	16	484	3	8	0	50	500	500	500	500	500	0	
2.9649477430e+02	13	413	6	494	4	5	0	50	500	500	500	500	500	0	
2.9699696557e+02	14	412	12	488	4	3	0	50	500	500	500	500	500	0	
2.9749936719e+02	10	416	6	494	0	5	0	50	500	500	500	500	500	0	
2.9799845158e+02	11	413	12	488	5	5	0	50	500	500	500	500	500	0	
2.9849829423e+02	9	416	9	491	5	2	0	50	500	500	500	500	500	0	
2.9899470677e+02	8	416	11	489	5	3	0	50	500	500	500	500	500	0	
2.9949982560e+02	7	417	14	486	1	3	0	50	500	500	500	500	500	0	
2.9999955835e+02	6	418	5	495	3	3	0	50	500	500	500	500	500	0	
3.0049996528e+02	5	419	11	489	2	5	0	50	500	500	500	500	500	0	
3.0099977735e+02	7	416	8	492	4	7	0	50	500	500	500	500	500	0	
3.0149629023e+02	8	416	11	489	2	2	0	50	500	500	500	500	500	0	
3.0199923065e+02	7	419	13	487	4	2	0	50	500	500	500	500	500	0	
3.0249665431e+02	6	421	5	495	5	8	0	50	500	500	500	500	500	0	
3.0299994338e+02	9	418	15	485	2	9	0	50	500	500	500	500	500	0	
3.0349896359e+02	8	419	11	489	3	4	0	50	500	500	500	500	500	0	
3.0399943364e+02	10	417	11	489	3	5	0	50	500	500	500	500	500	0	
3.0449781167e+02	10	417	8	492	4	8	0	50	500	500	500	500	500	0	
3.0499900083e+02	8	420	5	495	5	3	0	50	500	500	500	500	500	0	
3.0549341678e+02	9	420	11	489	2	5	0	50	500	500	500	500	500	0	
3.0599473398e+02	10	419	10	490	6	8	0	50	500	500	500	500	500	0	
3.0649987930e+02	12	421	8	492	3	5	0	50	500	500	500	500	500	0	
3.0699875448e+02	11	422	6	494	6	3	0	50	500	500	500	500	500	0	
3.0749704750e+02	12	421	12	488	1	9	0	50	500	500	500	500	500	0	
3.0799763519e+02	9	423	10	490	3	5	0	50	500	500	500	500	500	0	
3.0849663618e+02	8	424	6	494	4	2	0	50	500	500	500	500	500	0	
3.0899986028e+02	8	424	6	494	3	6	0	50	500	500	500	500	500	0	
3.0949742961e+02	7	426	14	486	2	11	0	50	500	500	500	500	500	0	
3.0999906470e+02	11	423	10	490	2	10	0	50	500	500	500	500	500	0	
3.1049954406e+02	13	424	13	487	6	5	0	50	500	500	500	500	500	0	
3.1099775403e+02	12	426	9	491	5	3	0	50	500	500	500	500	500	0	
3.1149865062e+02	10	427	9	491	3	8	0	50	500	500	500	500	500	0	
3.1199838117e+02	10	425	10	490	9	3	0	50	500	500	500	500	500	0	
3.1249984611e+02	9	426	12	488	2	8	0	50	500	500	500	500	500	0	
3.1299638623e+02	7	429	10	490	1	5	0	50	500	500	500	500	500	0	
3.1349244128e+02	7	429	11	489	4	8	0	50	500	500	500	500	500	0	
3.1399927499e+02	9	429	9	491	3	9	0	50	500	500	500	500	500	0	
3.1449760617e+02	11	426	9	491	7	2	0	50	500	500	500	500	500	0	
3.1499956814e+02	11	425	16	484	5	2	0	50	500	500	500	500	500	0	
3.1549834999e+02	11	427	10	490	1	9	0	50	500	500	500	500	500	0	
3.1599541099e+02	12	427	9	491	5	5	0	50	500	500	500	500	500	0	
3.1649810949e+02	10	429	12	488	5	4	0	50	500	500	500	500	500	0	
3.1698993792e+02	12	426	7	493	2	8	0	50	500	500	500	500	500	0	
3.1749502949e+02	6	434	6	494	2	5	0	50	500	500	500	500	500	0	
3.1799516892e+02	7	434	10	490	5	4	0	50	500	500	500	500	500	0	
3.1849976272e+02	9	431	12	488	5	3	0	50	500	500	500	500	500	0	
3.1899899843e+02	12	429	9	491	4	6	0	50	500	500	500	500	500	0	
3.1949372128e+02	14	427	10	490	1	7	0	50	500	500	500	500	500	0	
3.1999899264e+02	13	429	7	493	6	5	0	50	500	500	500	500	500	0	
3.2049840574e+02	11	430	11	489	4	9	0	50	500	500	500	500	500	0	
3.2099546104e+02	10	430	14	486	3	3	0	50	500	500	500	500	500	0	
3.2149945152e+02	10	431	10	490	4	9	0	50	500	500	500	500	500	0	
3.2199854937e+02	8	433	9	491	4	2	0	50	500	500	500	500	500	0	
3.2249996149e+02	11	430	10	490	5	3	0	50	500	500	500	500	500	0	
3.2299302568e+02	9	433	11	489	3	3	0	50	500	500	500	500	500	0	
3.2349975508e+02	9	433	12	488	5	8	0	50	500	500	500	500	500	0	
3.2399753618e+02	8	434	4	496	4	10	0	50	500	500	500	500	500	0	
3.2449851962e+02	9	437	13	487	1	8	0	50	500	500	500	500	500	0	
3.2499887677e+02	13	433	8	492	6	6	0	50	500	500	500	500	500	0	
3.2549564093e+02	15	430	8	492	5	9	0	50	500	500	500	500	500	0	
3.2599794244e+02	18	427	9	491	6	7	0	50	500	500	500	500	500	0	
3.2649943265e+02	10	435	8	492	3	3	0	50	500	500	500	500	500	0	
3.2699950727e+02	8	436	7	493	2	5	0	50	500	500	500	500	500	0	
3.2749714801e+02	7	440	11	489	5	6	0	50	500	500	500	500	500	0	
3.2799977206e+02	10	438	6	494	5	5	0	50	500	500	500	500	500	0	
3.2849636014e+02	10	439	9	491	3	6	0	50	500	500	500	500	500	0	
3.2899935785e+02	6	443	7	493	5	7	0	50	500	500	500	500	500	0	
3.2949981700e+02	6	443	6	494	5	3	0	50	500	500	500	500	500	0	
3.2999901899e+02	7	442	7	493	7	5	0	50	500	500	500	500	500	0	
3.3049877980e+02	9	439	11	489	7	4	0	50	500	500	500	500	500	0	
3.3099609718e+02	13	437	11	489	2	5	0	50	500	500	500	500	500	0	
3.3149990134e+02	12	438	10	490	7	6	0	50	500	500	500	500	500	0	
3.3199894525e+02	11	438	8	492	1	8	0	50	500	500	500	500	500	0	
3.3249872628e+02	7	442	14	486	3	10	0	50	500	500	500	500	500	0	
3.3299970665e+02	6	443	5	495	3	8	0	50	500	500	500	500	500	0	
3.3349949119e+02	9	442	8	492	3	10	0	50	500	500	500	500	500	0	
3.3399315738e+02	15	437	12	488	12	5	0	50	500	500	500	500	500	0	
3.3449756278e+02	15	438	7	493	5	6	0	50	500	500	500	500	500	0	
3.3499817997e+02	15	438	9	491	1	5	0	50	500	500	500	500	500	0	
3.3549900860e+02	12	442	7	493	5	4	0	50	500	500	500	500	500	0	
3.3599684854e+02	12	442	12	488	4	4	0	50	500	500	500	500	500	0	
3.3649837589e+02	10	444	12	488	5	1	0	50	500	500	500	500	500	0	
3.3699998519e+02	11	443	11	489	7	8	0	50	500	500	500	500	500	0	
3.3749986438e+02	10	446	8	492	4	14	0	50	500	500	500	500	500	0	
3.3799853335e+02	9	448	5	495	6	3	0	50	500	500	500	500	500	0	
3.3849846138e+02	8	449	7	493	5	6	0	50	500	500	500	500	500	0	
3.3899943002e+02	4	454	9	491	8	5	0	50	500	500	500	500	500	0	
3.3949995366e+02	3	454	4	496	4	2	0	50	500	500	500	500	500	0	
3.3999969130e+02	4	454	13	487	2	4	0	50	500	500	500	500	500	0	
3.4049962868e+02	5	453	10	490	6	5	0	50	500	500	500	500	500	0	
3.4099896036e+02	8	449	7	493	2	9	0	50	500	500	500	500	500	0	
3.4149982209e+02	9	449	5	495	2	3	0	50	500	500	500	500	500	0	
3.4199712850e+02	8	451	6	494	1	6	0	50	500	500	500	500	500	0	
3.4249983270e+02	12	449	11	489	7	6	0	50	500	500	500	500	500	0	
3.4299961875e+02	13	450	11	489	6	13	0	50	500	500	500	500	500	0	
3.4349725401e+02	12	453	11	489	3	8	0	50	500	500	500	500	500	0	
3.4399847891e+02	10	456	10	490	3	4	0	50	500	500	500	500	500	0	
3.4449959152e+02	15	452	12	488	5	5	0	50	500	500	500	500	500	0	
3.4499725487e+02	12	457	11	489	3	7	0	50	500	500	500	500	500	0	
3.4549868789e+02	15	454	7	493	7	9	0	50	500	500	500	500	500	0	
3.4599561370e+02	13	457	6	494	1	10	0	50	500	500	500	500	500	0	
3.4649662759e+02	11	461	11	489	4	3	0	50	500	500	500	500	500	0	
3.4699987767e+02	8	466	8	492	4	4	0	50	500	500	500	500	500	0	
3.4749971105e+02	7	468	8	492	3	6	0	50	500	500	500	500	500	0	
3.4799758746e+02	7	467	7	493	7	6	0	50	500	500	500	500	500	0	
3.4849902368e+02	6	468	9	491	5	4	0	50	500	500	500	500	500	0	
3.4899754439e+02	5	468	10	490	5	4	0	50	500	500	500	500	500	0	
3.4949881530e+02	7	467	6	494	6	5	0	50	500	500	500	500	500	0	
3.4999273090e+02	11	463	7	493	3	7	0	50	500	500	500	500	500	0	
3.5049518276e+02	10	464	8	492	5	5	0	50	500	500	500	500	500	0	
3.5099803820e+02	9	465	4	496	4	4	0	50	500	500	500	500	500	0	
3.5149903621e+02	11	465	12	488	1	8	0	50	500	500	500	500	500	0	
3.5199987198e+02	8	468	12	488	4	3	0	50	500	500	500	500	500	0	
3.5249886173e+02	9	467	10	490	6	3	0	50	500	500	500	500	500	0	
3.5299999755e+02	15	462	10	490	5	9	0	50	500	500	500	500	500	0	
3.5349726903e+02	12	466	4	496	6	5	0	50	500	500	500	500	500	0	
3.5399913981e+02	12	467	8	492	2	8	0	50	500	500	500	500	500	0	
3.5449993757e+02	8	472	7	493	1	4	0	50	500	500	500	500	500	0	
3.5499962808e+02	7	473	9	491	3	7	0	50	500	500	500	500	500	0	
3.5549985938e+02	10	469	11	489	5	12	0	50	500	500	500	500	500	0	
3.5599996900e+02	12	468	13	487	7	10	0	50	500	500	500	500	500	0	
3.5649862358e+02	10	470	7	493	11	7	0	50	500	500	500	500	500	0	
3.5699735552e+02	11	469	8	492	8	10	0	50	500	500	500	500	500	0	
3.5749772136e+02	13	468	12	488	7	9	0	50	500	500	500	500	500	0	
3.5799912659e+02	14	468	6	494	6	8	0	50	500	500	500	500	500	0	
3.5849948945e+02	13	470	9	491	5	7	0	50	500	500	500	500	500	0	
3.5899902131e+02	14	470	7	493	3	8	0	50	500	500	500	500	500	0	
3.5949919244e+02	13	471	4	496	6	6	0	50	500	500	500	500	500	0	
3.5999711562e+02	14	471	13	487	3	6	0	50	500	500	500	500	500	0	
3.6049974525e+02	11	473	8	492	4	7	0	50	500	500	500	500	500	0	
3.6099949883e+02	14	473	9	491	5	7	0	50	500	500	500	500	500	0	
3.6149786370e+02	12	475	8	492	4	6	0	50	500	500	500	500	500	0	
3.6199322545e+02	12	476	5	495	6	3	0	50	500	500	500	500	500	0	
3.6249867038e+02	8	479	8	492	4	4	0	50	500	500	500	500	500	0	
3.6299785574e+02	6	481	8	492	2	8	0	50	500	500	500	500	500	0	
3.6349788990e+02	7	480	10	490	5	4	0	50	500	500	500	500	500	0	
3.6399832227e+02	7	481	9	491	5	5	0	50	500	500	500	500	500	0	
3.6449923438e+02	7	480	8	492	7	6	0	50	500	500	500	500	500	0	
3.6499227475e+02	5	481	12	488	2	3	0	50	500	500	500	500	500	0	
3.6549693969e+02	4	481	12	488	2	2	0	50	500	500	500	500	500	0	
3.6599956965e+02	3	483	12	488	5	1	0	50	500	500	500	500	500	0	
3.6649812647e+02	5	482	3	497	6	6	0	50	500	500	500	500	500	0	
3.6699806777e+02	9	480	12	488	1	7	0	50	500	500	500	500	500	0	
3.6749819442e+02	13	476	15	485	6	8	0	50	500	500	500	500	500	0	
3.6799521585e+02	13	478	8	492	4	7	0	50	500	500	500	500	500	0	
3.6849917634e+02	12	480	15	485	3	11	0	50	500	500	500	500	500	0	
3.6899657595e+02	12	481	7	493	3	6	0	50	500	500	500	500	500	0	
3.6949985509e+02	11	483	9	491	7	6	0	50	500	500	500	500	500	0	
3.6999564727e+02	12	482	8	492	5	4	0	50	500	500	500	500	500	0	
3.7049529998e+02	13	483	9	491	5	5	0	50	500	500	500	500	500	0	
3.7099879601e+02	12	485	8	492	3	11	0	50	500	500	500	500	500	0	
3.7149997035e+02	12	484	11	489	6	6	0	50	500	500	500	500	500	0	
3.7199604715e+02	15	481	10	490	3	12	0	50	500	500	500	500	500	0	
3.7249920310e+02	14	482	9	491	5	9	0	50	500	500	500	500	500	0	
3.7299761155e+02	15	482	4	496	4	3	0	50	500	500	500	500	500	0	
3.7349889270e+02	17	482	10	490	2	6	0	50	500	500	500	500	500	0	
3.7399649628e+02	16	484	12	488	1	6	0	50	500	500	500	500	500	0	
3.7449837392e+02	12	487	9	491	4	9	0	50	500	500	500	500	500	0	
3.7499849155e+02	12	487	3	497	5	4	0	50	500	500	500	500	500	0	
3.7549963134e+02	7	494	9	491	4	3	0	50	500	500	500	500	500	0	
3.7599781065e+02	9	492	5	495	2	8	0	50	500	500	500	500	500	0	
3.7649947659e+02	9	491	10	490	2	5	0	50	500	500	500	500	500	0	
3.7699989206e+02	11	490	11	489	1	11	0	50	500	500	500	500	500	0	
3.7749301687e+02	10	492	11	489	2	8	0	50	500	500	500	500	500	0	
3.7799992323e+02	9	494	7	493	1	7	0	50	500	500	500	500	500	0	
3.7849932130e+02	8	496	7	493	5	7	0	50	500	500	500	500	500	0	
3.7899767098e+02	9	493	5	495	1	3	0	50	500	500	500	500	500	0	
3.7949957312e+02	8	494	12	488	5	2	0	50	500	500	500	500	500	0	
3.7999909460e+02	9	494	9	491	6	8	0	50	500	500	500	500	500	0	
3.8049859099e+02	6	497	0	500	7	5	0	50	500	500	500	500	500	0	
3.8099348841e+02	7	498	10	490	2	5	0	50	500	500	500	500	500	0	
3.8149990025e+02	6	500	7	493	5	4	0	50	500	500	500	500	500	0	
3.8199608698e+02	8	499	5	495	2	4	0	50	500	500	500	500	500	0	
3.8249862646e+02	8	499	13	487	1	6	0	50	500	500	500	500	500	0	
3.8299991525e+02	8	499	12	488	5	4	0	50	500	500	500	500	500	0	
3.8349984233e+02	8	501	7	493	9	3	0	50	500	500	500	500	500	0	
3.8399768830e+02	12	498	8	492	4	7	0	50	500	500	500	500	500	0	
3.8449971261e+02	13	496	6	494	4	9	0	50	500	500	500	500	500	0	
3.8499823925e+02	15	496	8	492	6	7	0	50	500	500	500	500	500	0	
3.8549846914e+02	17	494	15	485	10	4	0	50	500	500	500	500	500	0	
3.8599923684e+02	14	498	5	495	9	5	0	50	500	500	500	500	500	0	
3.8649649206e+02	12	500	14	486	2	4	0	50	500	500	500	500	500	0	
3.8699995930e+02	10	501	4	496	2	8	0	50	500	500	500	500	500	0	
3.8749884052e+02	9	503	10	490	3	11	0	50	500	500	500	500	500	0	
3.8799998187e+02	11	499	11	489	4	3	0	50	500	500	500	500	500	0	
3.8849849298e+02	12	499	6	494	2	4	0	50	500	500	500	500	500	0	
3.8899800372e+02	11	499	6	494	2	2	0	50	500	500	500	500	500	0	
3.8949817055e+02	7	503	12	488	4	2	0	50	500	500	500	500	500	0	
3.8999828629e+02	7	504	11	489	3	4	0	50	500	500	500	500	500	0	
3.9049905153e+02	9	501	7	493	4	6	0	50	500	500	500	500	500	0	
3.9099965910e+02	6	506	5	495	7	2	0	50	500	500	500	500	500	0	
3.9149835091e+02	10	502	8	492	7	4	0	50	500	500	500	500	500	0	
3.9199205964e+02	8	505	7	493	1	3	0	50	500	500	500	500	500	0	
3.9249980881e+02	7	508	12	488	5	5	0	50	500	500	500	500	500	0	
3.9299951141e+02	7	509	11	489	4	7	0	50	500	500	500	500	500	0	
3.9349919353e+02	7	509	8	492	4	10	0	50	500	500	500	500	500	0	
3.9399884685e+02	8	508	11	489	4	4	0	50	500	500	500	500	500	0	
3.9449856240e+02	13	503	9	491	7	9	0	50	500	500	500	500	500	0	
3.9499869482e+02	16	503	3	497	6	9	0	50	500	500	500	500	500	0	
3.9549969133e+02	16	502	6	494	3	7	0	50	500	500	500	500	500	0	
3.9599301975e+02	17	503	8	492	6	4	0	50	500	500	500	500	500	0	
3.9649995600e+02	11	510	3	497	5	6	0	50	500	500	500	500	500	0	
3.9699903401e+02	11	512	8	492	4	5	0	50	500	500	500	500	500	0	
3.9749938729e+02	11	514	5	495	5	8	0	50	500	500	500	500	500	0	
3.9799566963e+02	12	513	7	493	3	2	0	50	500	500	500	500	500	0	
3.9849885441e+02	12	514	11	489	5	7	0	50	500	500	500	500	500	0	
3.9899083505e+02	14	511	6	494	4	4	0	50	500	500	500	500	500	0	
3.9949796255e+02	11	515	10	490	0	3	0	50	500	500	500	500	500	0	
3.9999998389e+02	9	517	10	490	4	9	0	50	500	500	500	500	500	0	
4.0049860890e+02	17	509	3	497	6	8	0	50	500	500	500	500	500	0	
4.0099692507e+02	17	510	6	494	5	12	0	50	500	500	500	500	500	0	
4.0149793464e+02	19	506	7	493	2	7	0	50	500	500	500	500	500	0	
4.0199957946e+02	20	506	10	490	4	5	0	50	500	500	500	500	500	0	
4.0249789810e+02	19	507	5	495	1	7	0	50	500	500	500	500	500	0	
4.0299273170e+02	14	512	4	496	2	4	0	50	500	500	500	500	500	0	
4.0349929612e+02	16	510	4	496	5	3	0	50	500	500	500	500	500	0	
4.0399763079e+02	16	510	12	488	5	8	0	50	500	500	500	500	500	0	
4.0449603582e+02	14	513	8	492	2	5	0	50	500	500	500	500	500	0	
4.0499749200e+02	10	517	2	498	2	4	0	50	500	500	500	500	500	0	
4.0549810273e+02	10	517	3	497	2	2	0	50	500	500	500	500	500	0	
4.0599975383e+02	9	522	5	495	7	3	0	50	500	500	500	500	500	0	
4.0649990774e+02	12	520	8	492	5	5	0	50	500	500	500	500	500	0	
4.0699478511e+02	14	519	7	493	2	5	0	50	500	500	500	500	500	0	
4.0749916553e+02	18	515	6	494	3	2	0	50	500	500	500	500	500	0	
4.0799970043e+02	16	515	5	495	4	2	0	50	500	500	500	500	500	0	
4.0849833790e+02	13	518	7	493	3	5	0	50	500	500	500	500	500	0	
4.0899962707e+02	13	519	7	493	5	6	0	50	500	500	500	500	500	0	
4.0949963433e+02	13	521	7	493	3	3	0	50	500	500	500	500	500	0	
4.0999326223e+02	12	527	6	494	3	2	0	50	500	500	500	500	500	0	
4.1049987511e+02	12	527	12	488	7	2	0	50	500	500	500	500	500	0	
4.1099727683e+02	10	528	8	492	3	10	0	50	500	500	500	500	500	0	
4.1149436840e+02	14	524	3	497	7	8	0	50	500	500	500	500	500	0	
4.1199806824e+02	15	522	7	493	7	4	0	50	500	500	500	500	500	0	
4.1249949072e+02	13	526	6	494	4	7	0	50	500	500	500	500	500	0	
4.1299663825e+02	14	527	6	494	4	4	0	50	500	500	500	500	500	0	
4.1349990953e+02	14	527	12	488	4	10	0	50	500	500	500	500	500	0	
4.1399496047e+02	15	528	5	495	5	7	0	50	500	500	500	500	500	0	
4.1449969017e+02	21	526	8	492	5	10	0	50	500	500	500	500	500	0	
4.1499993673e+02	21	527	8	492	2	7	0	50	500	500	500	500	500	0	
4.1549786285e+02	19	530	11	489	5	6	0	50	500	500	500	500	500	0	
4.1599737334e+02	20	529	7	493	1	6	0	50	500	500	500	500	500	0	
4.1649935077e+02	19	529	7	493	2	6	0	50	500	500	500	500	500	0	
4.1699747914e+02	19	530	4	496	3	6	0	50	500	500	500	500	500	0	
4.1749968634e+02	21	526	5	495	3	2	0	50	500	500	500	500	500	0	
4.1799888704e+02	20	529	9	491	4	1	0	50	500	500	500	500	500	0	
4.1849679024e+02	19	532	12	488	7	7	0	50	500	500	500	500	500	0	
4.1899497498e+02	16	538	5	495	2	9	0	50	500	500	500	500	500	0	
4.1949780111e+02	13	540	11	489	5	11	0	50	500	500	500	500	500	0	
4.1999949195e+02	15	538	8	492	4	7	0	50	500	500	500	500	500	0	
4.2049807263e+02	14	540	15	485	1	5	0	50	500	500	500	500	500	0	
4.2099737969e+02	12	544	8	492	3	5	0	50	500	500	500	500	500	0	
4.2149961881e+02	15	543	7	493	4	9	0	50	500	500	500	500	500	0	
4.2199999499e+02	11	547	9	491	5	6	0	50	500	500	500	500	500	0	
4.2249609907e+02	10	549	3	497	5	3	0	50	500	500	500	500	500	0	
4.2299790366e+02	6	553	8	492	6	4	0	50	500	500	500	500	500	0	
4.2349784396e+02	5	555	7	493	2	4	0	50	500	500	500	500	500	0	
4.2399799877e+02	4	556	10	490	6	4	0	50	500	500	500	500	500	0	
4.2449907768e+02	4	557	5	495	3	5	0	50	500	500	500	500	500	0	
4.2499766884e+02	5	558	14	486	2	9	0	50	500	500	500	500	500	0	
4.2549928630e+02	6	558	7	493	6	4	0	50	500	500	500	500	500	0	
4.2599991750e+02	6	559	12	488	4	4	0	50	500	500	500	500	500	0	
4.2649936808e+02	7	558	7	493	2	5	0	50	500	500	500	500	500	0	
4.2699818316e+02	7	559	2	498	3	2	0	50	500	500	500	500	500	0	
4.2749699141e+02	6	559	9	491	6	2	0	50	500	500	500	500	500	0	
4.2799854394e+02	5	560	10	490	2	3	0	50	500	500	500	500	500	0	
4.2849798357e+02	9	557	5	495	2	7	0	50	500	500	500	500	500	0	
4.2899770875e+02	12	554	8	492	6	6	0	50	500	500	500	500	500	0	
4.2949046436e+02	9	559	7	493	3	10	0	50	500	500	500	500	500	0	
4.2999942759e+02	11	558	17	483	3	4	0	50	500	500	500	500	500	0	
4.3049908748e+02	9	558	5	495	5	3	0	50	500	500	500	500	500	0	
4.3099979581e+02	12	555	6	494	4	6	0	50	500	500	500	500	500	0	
4.3149639701e+02	11	554	4	496	3	6	0	50	500	500	500	500	500	0	
4.3199932475e+02	10	555	5	495	5	5	0	50	500	500	500	500	500	0	
4.3249751709e+02	13	554	11	489	4	10	0	50	500	500	500	500	500	0	
4.3299870711e+02	13	554	5	495	5	6	0	50	500	500	500	500	500	0	
4.3349981681e+02	12	556	10	490	0	11	0	50	500	500	500	500	500	0	
4.3399960362e+02	12	555	3	497	2	4	0	50	500	500	500	500	500	0	
4.3449797191e+02	10	558	3	497	4	5	0	50	500	500	500	500	500	0	
4.3499990409e+02	10	558	5	495	1	5	0	50	500	500	500	500	500	0	
4.3549998070e+02	12	557	5	495	5	5	0	50	500	500	500	500	500	0	
4.3599883428e+02	13	559	7	493	6	5	0	50	500	500	500	500	500	0	
4.3649995414e+02	14	558	9	491	4	5	0	50	500	500	500	500	500	0	
4.3699993580e+02	10	561	7	493	2	4	0	50	500	500	500	500	500	0	
4.3749913959e+02	10	563	4	496	5	2	0	50	500	500	500	500	500	0	
4.3799904025e+02	10	562	4	496	2	3	0	50	500	500	500	500	500	0	
4.3849948222e+02	8	564	3	497	4	2	0	50	500	500	500	500	500	0	
4.3899975369e+02	5	568	5	495	3	13	0	50	500	500	500	500	500	0	
4.3949691579e+02	11	561	7	493	4	5	0	50	500	500	500	500	500	0	
4.3999605602e+02	9	564	7	493	3	6	0	50	500	500	500	500	500	0	
4.4049969133e+02	8	566	11	489	2	6	0	50	500	500	500	500	500	0	
4.4099900206e+02	5	571	8	492	3	4	0	50	500	500	500	500	500	0	
4.4149927334e+02	5	572	10	490	3	4	0	50	500	500	500	500	500	0	
4.4199761689e+02	6	573	4	496	7	2	0	50	500	500	500	500	500	0	
4.4249937020e+02	10	567	6	494	4	6	0	50	500	500	500	500	500	0	
4.4299917632e+02	10	569	13	487	5	6	0	50	500	500	500	500	500	0	
4.4349897246e+02	9	570	2	498	7	7	0	50	500	500	500	500	500	0	
4.4399993351e+02	10	571	8	492	8	5	0	50	500	500	500	500	500	0	
4.4449896597e+02	14	566	9	491	4	5	0	50	500	500	500	500	500	0	
4.4499471169e+02	12	567	7	493	3	3	0	50	500	500	500	500	500	0	
4.4549993457e+02	12	570	1	499	5	2	0	50	500	500	500	500	500	0	
4.4599982628e+02	11	571	8	492	1	6	0	50	500	500	500	500	500	0	
4.4649661127e+02	8	574	8	492	3	8	0	50	500	500	500	500	500	0	
4.4699590456e+02	7	575	10	490	8	6	0	50	500	500	500	500	500	0	
4.4749768256e+02	7	575	9	491	9	7	0	50	500	500	500	500	500	0	
4.4799988072e+02	9	573	9	491	7	3	0	50	500	500	500	500	500	0	
4.4849791620e+02	10	574	6	494	0	6	0	50	500	500	500	500	500	0	
4.4899914112e+02	10	575	8	492	6	7	0	50	500	500	500	500	500	0	
4.4949802046e+02	13	573	7	493	8	8	0	50	500	500	500	500	500	0	
4.4999842777e+02	12	575	6	494	8	6	0	50	500	500	500	500	500	0	
4.5049785116e+02	14	574	9	491	6	9	0	50	500	500	500	500	500	0	
4.5099903152e+02	19	570	7	493	7	8	0	50	500	500	500	500	500	0	
4.5149920808e+02	14	575	8	492	5	5	0	50	500	500	500	500	500	0	
4.5199799860e+02	9	578	8	492	6	3	0	50	500	500	500	500	500	0	
4.5249927329e+02	9	575	9	491	2	6	0	50	500	500	500	500	500	0	
4.5299974493e+02	11	574	4	496	2	4	0	50	500	500	500	500	500	0	
4.5349435060e+02	11	575	8	492	4	8	0	50	500	500	500	500	500	0	
4.5399818410e+02	14	572	5	495	4	6	0	50	500	500	500	500	500	0	
4.5449773971e+02	18	567	9	491	7	6	0	50	500	500	500	500	500	0	
4.5499751435e+02	21	564	3	497	4	4	0	50	500	500	500	500	500	0	
4.5549968610e+02	20	564	8	492	3	5	0	50	500	500	500	500	500	0	
4.5599726779e+02	11	575	3	497	7	5	0	50	500	500	500	500	500	0	
4.5649860569e+02	13	574	8	492	3	5	0	50	500	500	500	500	500	0	
4.5699960128e+02	14	573	12	488	3	1	0	50	500	500	500	500	500	0	
4.5749461150e+02	13	575	8	492	4	5	0	50	500	500	500	500	500	0	
4.5799921508e+02	11	576	5	495	0	5	0	50	500	500	500	500	500	0	
4.5849930508e+02	12	575	5	495	2	4	0	50	500	500	500	500	500	0	
4.5899648021e+02	12	575	4	496	2	3	0	50	500	500	500	500	500	0	
4.5949910205e+02	9	579	10	490	3	4	0	50	500	500	500	500	500	0	
4.5999990443e+02	7	582	7	493	4	7	0	50	500	500	500	500	500	0	
4.6049983284e+02	10	579	2	498	4	6	0	50	500	500	500	500	500	0	
4.6099877364e+02	9	579	9	491	2	5	0	50	500	500	500	500	500	0	
4.6149948605e+02	11	576	4	496	5	8	0	50	500	500	500	500	500	0	
4.6199892323e+02	12	576	9	491	6	6	0	50	500	500	500	500	500	0	
4.6249708008e+02	15	573	4	496	3	6	0	50	500	500	500	500	500	0	
4.6299818812e+02	16	572	5	495	4	5	0	50	500	500	500	500	500	0	
4.6349945767e+02	13	576	8	492	11	8	0	50	500	500	500	500	500	0	
4.6399760944e+02	10	578	11	489	5	2	0	50	500	500	500	500	500	0	
4.6449783632e+02	7	581	6	494	3	7	0	50	500	500	500	500	500	0	
4.6499521027e+02	6	582	8	492	3	7	0	50	500	500	500	500	500	0	
4.6549813614e+02	8	583	8	492	8	5	0	50	500	500	500	500	500	0	
4.6599438064e+02	9	585	10	490	5	3	0	50	500	500	500	500	500	0	
4.6649988326e+02	8	588	4	496	5	2	0	50	500	500	500	500	500	0	
4.6699732107e+02	8	589	2	498	1	6	0	50	500	500	500	500	500	0	
4.6749982799e+02	10	587	6	494	2	1	0	50	500	500	500	500	500	0	
4.6799944449e+02	10	586	1	499	3	3	0	50	500	500	500	500	500	0	
4.6849894803e+02	10	588	8	492	1	5	0	50	500	500	500	500	500	0	
4.6899680944e+02	9	589	5	495	3	5	0	50	500	500	500	500	500	0	
4.6949984368e+02	11	587	6	494	4	8	0	50	500	500	500	500	500	0	
4.6999948610e+02	11	589	5	495	7	7	0	50	500	500	500	500	500	0	
4.7049635996e+02	16	584	6	494	3	11	0	50	500	500	500	500	500	0	
4.7099869401e+02	12	588	5	495	2	3	0	50	500	500	500	500	500	0	
4.7149975806e+02	12	587	8	492	1	6	0	50	500	500	500	500	500	0	
4.7199859302e+02	12	589	6	494	5	7	0	50	500	500	500	500	500	0	
4.7249229456e+02	14	586	7	493	5	9	0	50	500	500	500	500	500	0	
4.7299573682e+02	14	586	5	495	6	4	0	50	500	500	500	500	500	0	
4.7349719667e+02	12	590	3	497	2	6	0	50	500	500	500	500	500	0	
4.7399564838e+02	10	594	10	490	3	4	0	50	500	500	500	500	500	0	
4.7449781002e+02	6	598	3	497	2	5	0	50	500	500	500	500	500	0	
4.7499972445e+02	10	595	6	494	8	3	0	50	500	500	500	500	500	0	
4.7549784033e+02	9	596	4	496	1	10	0	50	500	500	500	500	500	0	
4.7599570021e+02	12	592	5	495	3	7	0	50	500	500	500	500	500	0	
4.7649951039e+02	15	590	12	488	4	6	0	50	500	500	500	500	500	0	
4.7699917229e+02	12	591	5	495	3	5	0	50	500	500	500	500	500	0	
4.7749932873e+02	17	585	10	490	2	2	0	50	500	500	500	500	500	0	
4.7799643184e+02	19	584	5	495	4	8	0	50	500	500	500	500	500	0	
4.7849917571e+02	15	588	6	494	5	5	0	50	500	500	500	500	500	0	
4.7899853034e+02	16	587	7	493	3	4	0	50	500	500	500	500	500	0	
4.7949975325e+02	13	591	6	494	5	6	0	50	500	500	500	500	500	0	
4.7999730536e+02	15	592	7	493	4	5	0	50	500	500	500	500	500	0	
4.8049860778e+02	17	591	10	490	6	9	0	50	500	500	500	500	500	0	
4.8099872536e+02	11	598	9	491	5	8	0	50	500	500	500	500	500	0	
4.8149382732e+02	16	594	5	495	3	5	0	50	500	500	500	500	500	0	
4.8199996859e+02	17	593	8	492	2	6	0	50	500	500	500	500	500	0	
4.8249943530e+02	14	595	6	494	5	8	0	50	500	500	500	500	500	0	
4.8299970897e+02	13	595	5	495	4	3	0	50	500	500	500	500	500	0	
4.8349894722e+02	11	598	10	490	1	3	0	50	500	500	500	500	500	0	
4.8399277652e+02	13	598	5	495	4	2	0	50	500	500	500	500	500	0	
4.8449840754e+02	14	597	6	494	5	8	0	50	500	500	500	500	500	0	
4.8499935813e+02	14	597	5	495	7	7	0	50	500	500	500	500	500	0	
4.8549983330e+02	16	597	5	495	6	3	0	50	500	500	500	500	500	0	
4.8599789231e+02	16	597	7	493	6	3	0	50	500	500	500	500	500	0	
4.8649855261e+02	25	588	9	491	4	7	0	50	500	500	500	500	500	0	
4.8699433087e+02	24	592	9	491	3	7	0	50	500	500	500	500	500	0	
4.8749934664e+02	20	596	7	493	5	3	0	50	500	500	500	500	500	0	
4.8799892136e+02	23	594	9	491	3	5	0	50	500	500	500	500	500	0	
4.8849909356e+02	19	598	6	494	4	5	0	50	500	500	500	500	500	0	
4.8899676647e+02	20	596	8	492	7	6	0	50	500	500	500	500	500	0	
4.8949722265e+02	16	599	4	496	4	4	0	50	500	500	500	500	500	0	
4.8999896916e+02	16	599	7	493	4	5	0	50	500	500	500	500	500	0	
4.9049937256e+02	17	598	4	496	10	5	0	50	500	500	500	500	500	0	
4.9099924506e+02	12	601	5	495	1	7	0	50	500	500	500	500	500	0	
4.9149959887e+02	14	604	7	493	3	5	0	50	500	500	500	500	500	0	
4.9199997471e+02	14	603	5	495	3	3	0	50	500	500	500	500	500	0	
4.9249568721e+02	15	602	10	490	3	6	0	50	500	500	500	500	500	0	
4.9299909335e+02	14	604	4	496	6	1	0	50	500	500	500	500	500	0	
4.9349737541e+02	17	601	10	490	5	5	0	50	500	500	500	500	500	0	
4.9399686392e+02	17	600	3	497	1	5	0	50	500	500	500	500	500	0	
4.9449933730e+02	12	605	8	492	3	4	0	50	500	500	500	500	500	0	
4.9499774356e+02	12	605	7	493	4	6	0	50	500	500	500	500	500	0	
4.9549687574e+02	15	603	5	495	2	7	0	50	500	500	500	500	500	0	
4.9599621189e+02	19	600	7	493	4	6	0	50	500	500	500	500	500	0	
4.9649881841e+02	19	601	8	492	6	6	0	50	500	500	500	500	500	0	
4.9699924575e+02	18	601	5	495	6	6	0	50	500	500	500	500	500	0	
4.9749891340e+02	16	602	10	490	5	7	0	50	500	500	500	500	500	0	
4.9799831891e+02	11	607	7	493	12	4	0	50	500	500	500	500	500	0	
4.9849450376e+02	16	601	7	493	9	11	0	50	500	500	500	500	500	0	
4.9899935718e+02	17	600	6	494	7	9	0	50	500	500	500	500	500	0	
4.9949932015e+02	14	606	7	493	5	6	0	50	500	500	500	500	500	0	
4.9999954489e+02	15	605	7	493	6	3	0	50	500	500	500	500	500	0	
5.0000023602e+02	15	605	7	493	5	4	0	50	500	500	500	500	500	0	
