0.0000000000e+00	0	0	0	0	0	500	50	0	500	500	500	0	0	0	
4.5330518923e-01	0	3	0	0	1	499	50	0	500	500	500	0	0	0	
9.3152013482e-01	1	5	0	0	0	500	50	0	500	500	500	0	0	0	
1.4270566999e+00	2	5	0	0	1	499	50	0	500	500	500	0	0	0	
1.8497387429e+00	3	7	1	0	1	499	50	0	500	500	500	0	0	0	
2.4610444098e+00	5	6	1	0	2	498	50	0	500	500	500	0	0	0	
2.8786871699e+00	5	6	1	0	1	499	50	0	500	500	500	0	0	0	
3.4727232755e+00	6	5	1	0	2	498	50	0	500	500	500	0	0	0	
3.9788364474e+00	6	5	1	0	3	497	50	0	500	500	500	0	0	0	
4.3833781692e+00	6	5	1	1	0	500	50	0	500	500	500	0	0	0	
4.9901446894e+00	7	8	3	0	4	496	50	0	500	500	500	0	0	0	
5.4795822883e+00	9	8	3	0	3	497	50	0	500	500	500	0	0	0	
5.9993810985e+00	13	5	5	0	4	496	50	0	500	500	500	0	0	0	
6.4865433105e+00	14	8	6	0	4	496	50	0	500	500	500	0	0	0	
6.9954674222e+00	17	5	4	2	1	499	50	0	500	500	500	0	0	0	
7.4369709232e+00	18	4	5	1	2	498	50	0	500	500	500	0	0	0	
7.9300817829e+00	18	5	5	1	1	499	50	0	500	500	500	0	0	0	
8.4847238190e+00	19	4	3	2	0	500	50	0	500	500	500	0	0	0	
8.9848791790e+00	20	4	3	1	2	498	50	0	500	500	500	0	0	0	
9.4912775878e+00	20	5	4	0	0	500	50	0	500	500	500	0	0	0	
9.9789057809e+00	21	5	4	0	1	499	50	0	500	500	500	0	0	0	
1.0432940536e+01	22	4	4	0	0	500	50	0	500	500	500	0	0	0	
1.0986534043e+01	23	3	5	0	2	498	50	0	500	500	500	0	0	0	
1.1424461663e+01	24	5	5	0	0	500	50	0	500	500	500	0	0	0	
1.1954831167e+01	25	5	5	0	4	496	50	0	500	500	500	0	0	0	
1.2441211200e+01	27	4	4	1	0	500	50	0	500	500	500	0	0	0	
1.2993142066e+01	30	3	4	1	0	500	50	0	500	500	500	0	0	0	
1.3498085023e+01	30	3	5	0	4	496	50	0	500	500	500	0	0	0	
1.3992053109e+01	32	4	5	0	2	498	50	0	500	500	500	0	0	0	
1.4481395979e+01	32	5	6	0	1	499	50	0	500	500	500	0	0	0	
1.4934368453e+01	33	6	6	0	4	496	50	0	500	500	500	0	0	0	
1.5406027122e+01	33	8	7	0	0	500	50	0	500	500	500	0	0	0	
1.5958211776e+01	35	6	8	0	3	497	50	0	500	500	500	0	0	0	
1.6499086653e+01	37	4	7	2	1	499	50	0	500	500	500	0	0	0	
1.6961687061e+01	37	4	9	0	2	498	50	0	500	500	500	0	0	0	
1.7447879041e+01	38	3	9	1	1	499	50	0	500	500	500	0	0	0	
1.7977809850e+01	38	4	9	1	1	499	50	0	500	500	500	0	0	0	
1.8392047433e+01	39	4	9	1	1	499	50	0	500	500	500	0	0	0	
1.8854854995e+01	39	4	10	1	2	498	50	0	500	500	500	0	0	0	
1.9392830156e+01	40	4	9	2	3	497	50	0	500	500	500	0	0	0	
1.9912828390e+01	42	2	11	0	2	498	50	0	500	500	500	0	0	0	
2.0279714772e+01	42	3	11	0	0	500	50	0	500	500	500	0	0	0	
2.0843265036e+01	42	4	11	0	1	499	50	0	500	500	500	0	0	0	
2.1497146373e+01	44	3	12	0	1	499	50	0	500	500	500	0	0	0	
2.1972236265e+01	42	3	13	0	3	497	50	0	500	500	500	0	0	0	
2.2293140493e+01	42	4	13	0	0	500	50	0	500	500	500	0	0	0	
2.2996524772e+01	43	3	13	0	2	498	50	0	500	500	500	0	0	0	
2.3453132922e+01	44	2	13	0	0	500	50	0	500	500	500	0	0	0	
2.3983210861e+01	45	2	14	0	0	500	50	0	500	500	500	0	0	0	
2.4476849638e+01	45	3	15	0	3	497	50	0	500	500	500	0	0	0	
2.4974199583e+01	46	2	14	1	3	497	50	0	500	500	500	0	0	0	
2.5435010222e+01	49	2	16	1	1	499	50	0	500	500	500	0	0	0	
2.5988549099e+01	50	3	17	0	1	499	50	0	500	500	500	0	0	0	
2.6499318246e+01	51	3	17	0	2	498	50	0	500	500	500	0	0	0	
2.6919465725e+01	52	2	18	0	1	499	50	0	500	500	500	0	0	0	
2.7426597388e+01	52	3	18	0	1	499	50	0	500	500	500	0	0	0	
2.7876315528e+01	54	3	17	1	0	500	50	0	500	500	500	0	0	0	
2.8497994047e+01	55	5	16	2	3	497	50	0	500	500	500	0	0	0	
2.8994066018e+01	55	7	17	1	2	498	50	0	500	500	500	0	0	0	
2.9479618242e+01	56	7	17	2	4	496	50	0	500	500	500	0	0	0	
2.9966958749e+01	57	8	16	3	1	499	50	0	500	500	500	0	0	0	
3.0455650476e+01	58	8	18	1	2	498	50	0	500	500	500	0	0	0	
3.0973940134e+01	62	4	19	0	4	496	50	0	500	500	500	0	0	0	
3.1496998542e+01	62	3	18	1	2	498	50	0	500	500	500	0	0	0	
3.1997680605e+01	63	3	19	0	2	498	50	0	500	500	500	0	0	0	
3.2469618931e+01	64	3	17	2	1	499	50	0	500	500	500	0	0	0	
3.2979459478e+01	65	3	19	0	0	500	50	0	500	500	500	0	0	0	
3.3377085981e+01	66	2	19	0	1	499	50	0	500	500	500	0	0	0	
3.3900147817e+01	66	2	19	0	1	499	50	0	500	500	500	0	0	0	
3.4424290381e+01	66	2	18	1	0	500	50	0	500	500	500	0	0	0	
3.4952495700e+01	67	2	19	0	0	500	50	0	500	500	500	0	0	0	
3.5438274599e+01	67	2	17	1	2	498	50	0	500	500	500	0	0	0	
3.5906169064e+01	67	3	19	0	1	499	50	0	500	500	500	0	0	0	
3.6310729204e+01	68	2	18	1	0	500	50	0	500	500	500	0	0	0	
3.6961238760e+01	68	2	18	1	1	499	50	0	500	500	500	0	0	0	
3.7492115796e+01	70	1	20	0	1	499	50	0	500	500	500	0	0	0	
3.7949107770e+01	70	3	20	0	1	499	50	0	500	500	500	0	0	0	
3.8489631470e+01	71	2	22	0	0	500	50	0	500	500	500	0	0	0	
3.8960800903e+01	71	3	20	2	1	499	50	0	500	500	500	0	0	0	
3.9461569648e+01	71	6	22	0	2	498	50	0	500	500	500	0	0	0	
3.9921533036e+01	72	6	21	0	2	498	50	0	500	500	500	0	0	0	
4.0478274567e+01	72	8	21	0	1	499	50	0	500	500	500	0	0	0	
4.0975932295e+01	72	8	18	3	5	495	50	0	500	500	500	0	0	0	
4.1495423843e+01	73	8	15	6	6	494	50	0	500	500	500	0	0	0	
4.1961752291e+01	74	9	22	0	2	498	50	0	500	500	500	0	0	0	
4.2494752303e+01	77	7	20	2	7	493	50	0	500	500	500	0	0	0	
4.2990591893e+01	78	6	20	2	5	495	50	0	500	500	500	0	0	0	
4.3481735312e+01	81	5	22	0	3	497	50	0	500	500	500	0	0	0	
4.3974141151e+01	81	6	21	1	1	499	50	0	500	500	500	0	0	0	
4.4480603805e+01	82	6	21	2	4	496	50	0	500	500	500	0	0	0	
4.4963378805e+01	85	3	21	3	0	500	50	0	500	500	500	0	0	0	
4.5417466305e+01	85	5	24	1	0	500	50	0	500	500	500	0	0	0	
4.5992157097e+01	85	6	22	3	0	500	50	0	500	500	500	0	0	0	
4.6350955664e+01	86	5	21	5	0	500	50	0	500	500	500	0	0	0	
4.6973987298e+01	87	4	24	2	2	498	50	0	500	500	500	0	0	0	
4.7458694765e+01	89	3	25	1	0	500	50	0	500	500	500	0	0	0	
4.7988542297e+01	89	5	22	4	1	499	50	0	500	500	500	0	0	0	
4.8491074721e+01	90	4	25	1	3	497	50	0	500	500	500	0	0	0	
4.8967329307e+01	91	4	26	0	2	498	50	0	500	500	500	0	0	0	
4.9498602526e+01	91	4	22	5	1	499	50	0	500	500	500	0	0	0	
4.9995261817e+01	91	4	23	4	4	496	50	0	500	500	500	0	0	0	
5.0482589045e+01	94	3	27	1	4	496	50	0	500	500	500	0	0	0	
5.0805021979e+01	95	3	28	0	2	498	50	0	500	500	500	0	0	0	
5.1437262450e+01	96	2	29	0	1	499	50	0	500	500	500	0	0	0	
5.1798882040e+01	97	1	29	0	0	500	50	0	500	500	500	0	0	0	
5.2267704830e+01	97	1	29	0	0	500	50	0	500	500	500	0	0	0	
5.2879933445e+01	97	1	28	1	0	500	50	0	500	500	500	0	0	0	
5.3287931980e+01	99	1	30	0	1	499	50	0	500	500	500	0	0	0	
5.3903403652e+01	99	2	30	0	2	498	50	0	500	500	500	0	0	0	
5.4464075529e+01	100	4	30	0	0	500	50	0	500	500	500	0	0	0	
5.4971340842e+01	102	5	29	1	1	499	50	0	500	500	500	0	0	0	
5.5436156815e+01	103	4	31	0	1	499	50	0	500	500	500	0	0	0	
5.5920767112e+01	105	4	29	2	1	499	50	0	500	500	500	0	0	0	
5.6444778460e+01	106	3	30	1	4	496	50	0	500	500	500	0	0	0	
5.6952578696e+01	106	4	30	1	0	500	50	0	500	500	500	0	0	0	
5.7498565495e+01	107	5	30	1	3	497	50	0	500	500	500	0	0	0	
5.7989469213e+01	110	2	31	1	2	498	50	0	500	500	500	0	0	0	
5.8318998247e+01	110	2	32	0	0	500	50	0	500	500	500	0	0	0	
5.8906718221e+01	111	3	31	0	0	500	50	0	500	500	500	0	0	0	
5.9498340320e+01	112	5	30	2	0	500	50	0	500	500	500	0	0	0	
5.9948553822e+01	113	4	32	0	2	498	50	0	500	500	500	0	0	0	
6.0479289067e+01	113	6	31	1	5	495	50	0	500	500	500	0	0	0	
6.0996869697e+01	113	7	28	4	4	496	50	0	500	500	500	0	0	0	
6.1483787324e+01	115	7	28	3	7	493	50	0	500	500	500	0	0	0	
6.1971428548e+01	116	7	28	4	1	499	50	0	500	500	500	0	0	0	
6.2479477470e+01	118	5	30	2	1	499	50	0	500	500	500	0	0	0	
6.2964817060e+01	119	5	31	1	0	500	50	0	500	500	500	0	0	0	
6.3415356098e+01	119	5	30	2	1	499	50	0	500	500	500	0	0	0	
6.3986897328e+01	120	4	30	1	1	499	50	0	500	500	500	0	0	0	
6.4487717474e+01	121	5	32	0	3	497	50	0	500	500	500	0	0	0	
6.4992905090e+01	123	2	30	2	2	498	50	0	500	500	500	0	0	0	
6.5493066990e+01	123	2	31	1	1	499	50	0	500	500	500	0	0	0	
6.5923417260e+01	123	2	32	0	0	500	50	0	500	500	500	0	0	0	
6.6481588989e+01	123	3	30	2	1	499	50	0	500	500	500	0	0	0	
6.6933690647e+01	123	5	31	1	0	500	50	0	500	500	500	0	0	0	
6.7346715351e+01	125	4	30	2	0	500	50	0	500	500	500	0	0	0	
6.7990782836e+01	127	4	30	2	1	499	50	0	500	500	500	0	0	0	
6.8492145540e+01	128	6	30	2	4	496	50	0	500	500	500	0	0	0	
6.8979121324e+01	130	6	31	1	1	499	50	0	500	500	500	0	0	0	
6.9460737059e+01	131	4	30	2	2	498	50	0	500	500	500	0	0	0	
6.9970570341e+01	131	4	31	1	1	499	50	0	500	500	500	0	0	0	
7.0499081151e+01	132	5	30	3	1	499	50	0	500	500	500	0	0	0	
7.0900994928e+01	132	5	31	3	1	499	50	0	500	500	500	0	0	0	
7.1428943118e+01	132	6	32	2	5	495	50	0	500	500	500	0	0	0	
7.1993797084e+01	133	8	33	1	7	493	50	0	500	500	500	0	0	0	
7.2468863781e+01	135	6	32	2	5	495	50	0	500	500	500	0	0	0	
7.2972983236e+01	136	5	31	3	2	498	50	0	500	500	500	0	0	0	
7.3451320652e+01	137	4	33	1	1	499	50	0	500	500	500	0	0	0	
7.3901145768e+01	138	3	34	0	1	499	50	0	500	500	500	0	0	0	
7.4490345367e+01	139	3	34	0	2	498	50	0	500	500	500	0	0	0	
7.4958310679e+01	139	3	33	1	0	500	50	0	500	500	500	0	0	0	
7.5482304707e+01	139	2	33	1	1	499	50	0	500	500	500	0	0	0	
7.5979055978e+01	139	2	33	1	1	499	50	0	500	500	500	0	0	0	
7.6485043492e+01	140	2	33	1	1	499	50	0	500	500	500	0	0	0	
7.6995880573e+01	140	3	34	1	3	497	50	0	500	500	500	0	0	0	
7.7460448429e+01	140	5	33	2	1	499	50	0	500	500	500	0	0	0	
7.7990746454e+01	140	6	31	3	3	497	50	0	500	500	500	0	0	0	
7.8496254614e+01	143	5	33	1	5	495	50	0	500	500	500	0	0	0	
7.8958794256e+01	145	3	35	0	3	497	50	0	500	500	500	0	0	0	
7.9459824300e+01	144	4	34	1	1	499	50	0	500	500	500	0	0	0	
7.9984117176e+01	144	5	34	1	1	499	50	0	500	500	500	0	0	0	
8.0496608247e+01	146	4	31	3	2	498	50	0	500	500	500	0	0	0	
8.0995077799e+01	148	2	34	2	2	498	50	0	500	500	500	0	0	0	
8.1433369199e+01	148	3	34	2	0	500	50	0	500	500	500	0	0	0	
8.1989549135e+01	149	4	35	2	1	499	50	0	500	500	500	0	0	0	
8.2480145664e+01	149	5	36	2	3	497	50	0	500	500	500	0	0	0	
8.2980001009e+01	148	6	37	3	3	497	50	0	500	500	500	0	0	0	
8.3497199985e+01	151	3	39	1	2	498	50	0	500	500	500	0	0	0	
8.3904245209e+01	151	3	41	0	1	499	50	0	500	500	500	0	0	0	
8.4471212177e+01	149	4	40	1	0	500	50	0	500	500	500	0	0	0	
8.4966141176e+01	150	3	39	2	3	497	50	0	500	500	500	0	0	0	
8.5381668369e+01	150	4	41	0	2	498	50	0	500	500	500	0	0	0	
8.5995125788e+01	151	8	38	3	6	494	50	0	500	500	500	0	0	0	
8.6477947559e+01	150	10	37	4	5	495	50	0	500	500	500	0	0	0	
8.6978862904e+01	153	7	36	5	6	494	50	0	500	500	500	0	0	0	
8.7477940048e+01	153	7	35	5	2	498	50	0	500	500	500	0	0	0	
8.7990145227e+01	156	5	38	1	2	498	50	0	500	500	500	0	0	0	
8.8481328794e+01	158	4	33	6	3	497	50	0	500	500	500	0	0	0	
8.8944717149e+01	159	3	37	3	0	500	50	0	500	500	500	0	0	0	
8.9482191930e+01	160	2	35	5	1	499	50	0	500	500	500	0	0	0	
8.9983049337e+01	161	1	39	2	1	499	50	0	500	500	500	0	0	0	
9.0428547203e+01	161	1	42	0	1	499	50	0	500	500	500	0	0	0	
9.0955068520e+01	161	2	42	0	0	500	50	0	500	500	500	0	0	0	
9.1483872398e+01	162	3	42	0	2	498	50	0	500	500	500	0	0	0	
9.1839133400e+01	162	3	43	0	1	499	50	0	500	500	500	0	0	0	
9.2467571378e+01	162	4	43	1	2	498	50	0	500	500	500	0	0	0	
9.2999486741e+01	162	4	43	1	1	499	50	0	500	500	500	0	0	0	
9.3475982485e+01	163	3	44	1	1	499	50	0	500	500	500	0	0	0	
9.3989452069e+01	163	3	46	0	1	499	50	0	500	500	500	0	0	0	
9.4455987445e+01	164	2	45	3	7	493	50	0	500	500	500	0	0	0	
9.4946897671e+01	165	3	47	1	3	497	50	0	500	500	500	0	0	0	
9.5478709339e+01	164	3	48	0	1	499	50	0	500	500	500	0	0	0	
9.5860330471e+01	164	3	48	1	1	499	50	0	500	500	500	0	0	0	
9.6463637614e+01	165	3	48	1	0	500	50	0	500	500	500	0	0	0	
9.6951825382e+01	165	3	48	1	1	499	50	0	500	500	500	0	0	0	
9.7498370195e+01	165	3	47	2	0	500	50	0	500	500	500	0	0	0	
9.7993259216e+01	164	4	46	4	4	496	50	0	500	500	500	0	0	0	
9.8496233606e+01	164	5	46	4	2	498	50	0	500	500	500	0	0	0	
9.8893791593e+01	165	4	49	1	1	499	50	0	500	500	500	0	0	0	
9.9494952130e+01	167	2	50	0	0	500	50	0	500	500	500	0	0	0	
9.9779488550e+01	167	3	50	1	0	500	50	0	500	500	500	0	0	0	
1.0047082602e+02	168	2	47	4	3	497	50	0	500	500	500	0	0	0	
1.0098323195e+02	167	4	50	1	1	499	50	0	500	500	500	0	0	0	
1.0149590786e+02	168	4	47	4	0	500	50	0	500	500	500	0	0	0	
1.0199595636e+02	168	5	49	2	1	499	50	0	500	500	500	0	0	0	
1.0249302229e+02	167	10	48	4	3	497	50	0	500	500	500	0	0	0	
1.0299709246e+02	167	10	46	6	2	498	50	0	500	500	500	0	0	0	
1.0349901556e+02	169	7	48	4	3	497	50	0	500	500	500	0	0	0	
1.0399593657e+02	170	6	52	1	9	491	50	0	500	500	500	0	0	0	
1.0448346912e+02	171	6	51	2	4	496	50	0	500	500	500	0	0	0	
1.0499986306e+02	173	6	51	2	2	498	50	0	500	500	500	0	0	0	
1.0548781583e+02	175	3	46	7	3	497	50	0	500	500	500	0	0	0	
1.0598969012e+02	174	5	49	4	3	497	50	0	500	500	500	0	0	0	
1.0649501129e+02	173	6	51	4	1	499	50	0	500	500	500	0	0	0	
1.0699925070e+02	173	8	53	2	5	495	50	0	500	500	500	0	0	0	
1.0749233129e+02	174	7	52	3	5	495	50	0	500	500	500	0	0	0	
1.0798713009e+02	177	6	52	3	4	496	50	0	500	500	500	0	0	0	
1.0847075829e+02	178	8	51	4	4	496	50	0	500	500	500	0	0	0	
1.0898768319e+02	179	7	52	3	3	497	50	0	500	500	500	0	0	0	
1.0949950022e+02	181	7	53	2	5	495	50	0	500	500	500	0	0	0	
1.0996775622e+02	183	8	54	1	6	494	50	0	500	500	500	0	0	0	
1.1048686552e+02	183	9	53	2	4	496	50	0	500	500	500	0	0	0	
1.1098529923e+02	187	5	52	2	2	498	50	0	500	500	500	0	0	0	
1.1149290603e+02	187	6	52	2	2	498	50	0	500	500	500	0	0	0	
1.1178477863e+02	189	4	51	2	0	500	50	0	500	500	500	0	0	0	
1.1248932716e+02	189	5	51	2	1	499	50	0	500	500	500	0	0	0	
1.1297367668e+02	190	4	45	7	2	498	50	0	500	500	500	0	0	0	
1.1343044880e+02	191	2	50	4	3	497	50	0	500	500	500	0	0	0	
1.1397546778e+02	192	2	53	1	1	499	50	0	500	500	500	0	0	0	
1.1447835517e+02	193	3	51	3	0	500	50	0	500	500	500	0	0	0	
1.1490109036e+02	195	4	50	3	1	499	50	0	500	500	500	0	0	0	
1.1546461098e+02	196	4	48	4	1	499	50	0	500	500	500	0	0	0	
1.1595121328e+02	198	4	48	2	0	500	50	0	500	500	500	0	0	0	
1.1649763326e+02	200	3	49	0	6	494	50	0	500	500	500	0	0	0	
1.1699975149e+02	200	3	48	0	1	499	50	0	500	500	500	0	0	0	
1.1746685666e+02	200	4	48	1	1	499	50	0	500	500	500	0	0	0	
1.1799663790e+02	200	6	45	4	2	498	50	0	500	500	500	0	0	0	
1.1848177652e+02	202	7	45	4	5	495	50	0	500	500	500	0	0	0	
1.1897557193e+02	206	5	48	1	1	499	50	0	500	500	500	0	0	0	
1.1948758499e+02	208	4	42	5	3	497	50	0	500	500	500	0	0	0	
1.1995817491e+02	211	2	42	3	3	497	50	0	500	500	500	0	0	0	
1.2046226340e+02	210	3	41	4	1	499	50	0	500	500	500	0	0	0	
1.2099153432e+02	211	2	43	2	2	498	50	0	500	500	500	0	0	0	
1.2149243153e+02	211	4	40	5	3	497	50	0	500	500	500	0	0	0	
1.2198058522e+02	211	4	43	2	4	496	50	0	500	500	500	0	0	0	
1.2247958060e+02	213	5	43	2	0	500	50	0	500	500	500	0	0	0	
1.2295156888e+02	213	5	42	3	3	497	50	0	500	500	500	0	0	0	
1.2346342058e+02	214	4	41	4	4	496	50	0	500	500	500	0	0	0	
1.2397660234e+02	215	3	44	1	5	495	50	0	500	500	500	0	0	0	
1.2444647632e+02	217	1	44	1	4	496	50	0	500	500	500	0	0	0	
1.2498173871e+02	217	2	44	1	0	500	50	0	500	500	500	0	0	0	
1.2545552620e+02	216	3	44	0	3	497	50	0	500	500	500	0	0	0	
1.2598846261e+02	217	4	40	4	2	498	50	0	500	500	500	0	0	0	
1.2648250962e+02	220	2	43	1	5	495	50	0	500	500	500	0	0	0	
1.2693624949e+02	220	2	44	0	4	496	50	0	500	500	500	0	0	0	
1.2749981143e+02	220	2	44	0	3	497	50	0	500	500	500	0	0	0	
1.2798888530e+02	219	3	45	0	3	497	50	0	500	500	500	0	0	0	
1.2840694155e+02	219	3	43	2	0	500	50	0	500	500	500	0	0	0	
1.2898285063e+02	219	3	43	3	2	498	50	0	500	500	500	0	0	0	
1.2948745031e+02	219	5	44	2	2	498	50	0	500	500	500	0	0	0	
1.2999359875e+02	221	4	44	2	2	498	50	0	500	500	500	0	0	0	
1.3046107573e+02	221	4	44	2	2	498	50	0	500	500	500	0	0	0	
1.3095542366e+02	221	5	44	2	8	492	50	0	500	500	500	0	0	0	
1.3144293966e+02	222	6	44	2	4	496	50	0	500	500	500	0	0	0	
1.3199062847e+02	222	7	45	2	3	497	50	0	500	500	500	0	0	0	
1.3245804992e+02	223	6	43	4	1	499	50	0	500	500	500	0	0	0	
1.3294979428e+02	226	4	43	3	2	498	50	0	500	500	500	0	0	0	
1.3346289019e+02	225	6	40	6	2	498	50	0	500	500	500	0	0	0	
1.3396981208e+02	229	5	41	5	1	499	50	0	500	500	500	0	0	0	
1.3448187130e+02	229	7	44	3	4	496	50	0	500	500	500	0	0	0	
1.3497519869e+02	231	5	43	4	1	499	50	0	500	500	500	0	0	0	
1.3546286818e+02	232	5	45	2	2	498	50	0	500	500	500	0	0	0	
1.3599530034e+02	234	3	45	1	1	499	50	0	500	500	500	0	0	0	
1.3645419274e+02	234	4	43	3	2	498	50	0	500	500	500	0	0	0	
1.3699914328e+02	233	4	42	4	3	497	50	0	500	500	500	0	0	0	
1.3748830331e+02	233	3	40	5	3	497	50	0	500	500	500	0	0	0	
1.3799914539e+02	233	5	41	5	3	497	50	0	500	500	500	0	0	0	
1.3849677224e+02	234	6	46	1	2	498	50	0	500	500	500	0	0	0	
1.3898678942e+02	237	5	42	5	3	497	50	0	500	500	500	0	0	0	
1.3949724261e+02	237	6	42	5	5	495	50	0	500	500	500	0	0	0	
1.3996091183e+02	238	5	44	3	4	496	50	0	500	500	500	0	0	0	
1.4049362560e+02	239	4	44	3	1	499	50	0	500	500	500	0	0	0	
1.4099866260e+02	240	3	44	3	1	499	50	0	500	500	500	0	0	0	
1.4149933789e+02	241	3	44	3	0	500	50	0	500	500	500	0	0	0	
1.4199477712e+02	240	4	42	4	1	499	50	0	500	500	500	0	0	0	
1.4249166071e+02	240	5	45	2	1	499	50	0	500	500	500	0	0	0	
1.4299227092e+02	240	5	46	1	2	498	50	0	500	500	500	0	0	0	
1.4345955693e+02	241	5	44	3	3	497	50	0	500	500	500	0	0	0	
1.4398682658e+02	242	4	46	1	0	500	50	0	500	500	500	0	0	0	
1.4443490902e+02	243	3	45	2	1	499	50	0	500	500	500	0	0	0	
1.4488638723e+02	244	4	46	1	2	498	50	0	500	500	500	0	0	0	
1.4549393595e+02	243	6	44	3	6	494	50	0	500	500	500	0	0	0	
1.4598494553e+02	246	3	45	2	2	498	50	0	500	500	500	0	0	0	
1.4649229738e+02	246	2	43	4	1	499	50	0	500	500	500	0	0	0	
1.4696589950e+02	247	3	45	2	1	499	50	0	500	500	500	0	0	0	
1.4748489029e+02	247	3	41	5	3	497	50	0	500	500	500	0	0	0	
1.4798559239e+02	247	3	45	2	1	499	50	0	500	500	500	0	0	0	
1.4847371318e+02	247	4	45	2	2	498	50	0	500	500	500	0	0	0	
1.4898370867e+02	248	4	45	2	1	499	50	0	500	500	500	0	0	0	
1.4949845804e+02	249	4	45	2	6	494	50	0	500	500	500	0	0	0	
1.4997752132e+02	248	5	44	2	1	499	50	0	500	500	500	0	0	0	
1.5041786525e+02	250	3	44	2	0	500	50	0	500	500	500	0	0	0	
1.5098681573e+02	251	3	44	2	2	498	50	0	500	500	500	0	0	0	
1.5148182173e+02	253	3	44	2	2	498	50	0	500	500	500	0	0	0	
1.5195244423e+02	251	5	44	2	4	496	50	0	500	500	500	0	0	0	
1.5249513033e+02	253	3	43	4	4	496	50	0	500	500	500	0	0	0	
1.5299898097e+02	253	2	47	0	1	499	50	0	500	500	500	0	0	0	
1.5347209767e+02	253	4	44	3	1	499	50	0	500	500	500	0	0	0	
1.5398628491e+02	254	3	44	3	3	497	50	0	500	500	500	0	0	0	
1.5448262118e+02	254	3	46	1	5	495	50	0	500	500	500	0	0	0	
1.5497947183e+02	255	4	45	2	5	495	50	0	500	500	500	0	0	0	
1.5547710504e+02	255	5	45	2	1	499	50	0	500	500	500	0	0	0	
1.5593554261e+02	256	4	47	0	2	498	50	0	500	500	500	0	0	0	
1.5647886900e+02	257	3	46	1	3	497	50	0	500	500	500	0	0	0	
1.5696313155e+02	258	2	47	1	2	498	50	0	500	500	500	0	0	0	
1.5746145749e+02	258	4	46	2	0	500	50	0	500	500	500	0	0	0	
1.5796759788e+02	260	2	46	2	0	500	50	0	500	500	500	0	0	0	
1.5848918825e+02	261	2	45	3	1	499	50	0	500	500	500	0	0	0	
1.5897090449e+02	261	3	47	1	3	497	50	0	500	500	500	0	0	0	
1.5949797693e+02	262	2	48	0	1	499	50	0	500	500	500	0	0	0	
1.5998159248e+02	262	2	46	1	1	499	50	0	500	500	500	0	0	0	
1.6045397193e+02	265	3	46	1	2	498	50	0	500	500	500	0	0	0	
1.6099485472e+02	266	3	47	0	2	498	50	0	500	500	500	0	0	0	
1.6149320593e+02	265	6	45	3	3	497	50	0	500	500	500	0	0	0	
1.6189178520e+02	265	7	46	2	3	497	50	0	500	500	500	0	0	0	
1.6248547347e+02	265	8	45	4	2	498	50	0	500	500	500	0	0	0	
1.6297816651e+02	265	8	47	4	1	499	50	0	500	500	500	0	0	0	
1.6349971210e+02	269	5	46	4	4	496	50	0	500	500	500	0	0	0	
1.6399633463e+02	270	5	49	1	1	499	50	0	500	500	500	0	0	0	
1.6449905391e+02	271	3	51	1	5	495	50	0	500	500	500	0	0	0	
1.6499442261e+02	271	3	48	3	5	495	50	0	500	500	500	0	0	0	
1.6539029964e+02	272	2	50	1	0	500	50	0	500	500	500	0	0	0	
1.6596171320e+02	273	2	50	2	1	499	50	0	500	500	500	0	0	0	
1.6645214562e+02	273	2	48	4	1	499	50	0	500	500	500	0	0	0	
1.6698677110e+02	274	2	50	2	0	500	50	0	500	500	500	0	0	0	
1.6748042170e+02	274	4	51	1	3	497	50	0	500	500	500	0	0	0	
1.6796205716e+02	274	5	51	1	1	499	50	0	500	500	500	0	0	0	
1.6847984896e+02	275	5	50	1	1	499	50	0	500	500	500	0	0	0	
1.6898356842e+02	275	4	50	2	2	498	50	0	500	500	500	0	0	0	
1.6944720512e+02	276	4	51	2	2	498	50	0	500	500	500	0	0	0	
1.6999187557e+02	275	6	51	2	4	496	50	0	500	500	500	0	0	0	
1.7047536072e+02	278	2	51	2	1	499	50	0	500	500	500	0	0	0	
1.7091062221e+02	279	2	52	1	0	500	50	0	500	500	500	0	0	0	
1.7142160975e+02	280	0	52	1	0	500	50	0	500	500	500	0	0	0	
1.7198520631e+02	280	0	50	3	2	498	50	0	500	500	500	0	0	0	
1.7249717563e+02	279	2	50	3	0	500	50	0	500	500	500	0	0	0	
1.7299613584e+02	278	3	49	4	4	496	50	0	500	500	500	0	0	0	
1.7349002915e+02	278	3	51	2	0	500	50	0	500	500	500	0	0	0	
1.7393477616e+02	278	5	50	3	1	499	50	0	500	500	500	0	0	0	
1.7449450388e+02	278	5	49	4	3	497	50	0	500	500	500	0	0	0	
1.7498645375e+02	278	6	52	1	2	498	50	0	500	500	500	0	0	0	
1.7546880286e+02	278	7	52	1	4	496	50	0	500	500	500	0	0	0	
1.7598876809e+02	279	8	49	4	4	496	50	0	500	500	500	0	0	0	
1.7648555235e+02	282	6	47	6	3	497	50	0	500	500	500	0	0	0	
1.7699013888e+02	283	7	53	0	1	499	50	0	500	500	500	0	0	0	
1.7749752720e+02	283	7	50	3	3	497	50	0	500	500	500	0	0	0	
1.7788997223e+02	285	7	53	0	2	498	50	0	500	500	500	0	0	0	
1.7849779708e+02	287	6	51	2	4	496	50	0	500	500	500	0	0	0	
1.7899844698e+02	287	6	47	6	6	494	50	0	500	500	500	0	0	0	
1.7948024385e+02	288	4	46	7	2	498	50	0	500	500	500	0	0	0	
1.7998785785e+02	288	3	49	4	2	498	50	0	500	500	500	0	0	0	
1.8049820572e+02	289	3	51	2	2	498	50	0	500	500	500	0	0	0	
1.8099648699e+02	288	5	50	3	1	499	50	0	500	500	500	0	0	0	
1.8149771075e+02	290	4	52	2	3	497	50	0	500	500	500	0	0	0	
1.8198574326e+02	291	5	51	3	2	498	50	0	500	500	500	0	0	0	
1.8249495429e+02	293	3	53	1	1	499	50	0	500	500	500	0	0	0	
1.8299320684e+02	293	3	52	2	2	498	50	0	500	500	500	0	0	0	
1.8349441830e+02	293	5	50	4	3	497	50	0	500	500	500	0	0	0	
1.8396811089e+02	291	8	47	7	1	499	50	0	500	500	500	0	0	0	
1.8449164328e+02	294	5	51	3	1	499	50	0	500	500	500	0	0	0	
1.8499870221e+02	296	4	48	5	1	499	50	0	500	500	500	0	0	0	
1.8548567896e+02	298	3	50	3	1	499	50	0	500	500	500	0	0	0	
1.8599786073e+02	297	3	50	3	4	496	50	0	500	500	500	0	0	0	
1.8646940087e+02	298	2	53	2	0	500	50	0	500	500	500	0	0	0	
1.8689817989e+02	298	1	54	1	1	499	50	0	500	500	500	0	0	0	
1.8747779496e+02	299	1	53	2	0	500	50	0	500	500	500	0	0	0	
1.8787108057e+02	299	1	54	1	2	498	50	0	500	500	500	0	0	0	
1.8848312946e+02	298	2	52	3	4	496	50	0	500	500	500	0	0	0	
1.8899302700e+02	296	2	50	4	3	497	50	0	500	500	500	0	0	0	
1.8949989101e+02	297	3	53	1	2	498	50	0	500	500	500	0	0	0	
1.8996090223e+02	298	4	53	1	4	496	50	0	500	500	500	0	0	0	
1.9046604837e+02	300	2	52	2	2	498	50	0	500	500	500	0	0	0	
1.9094784818e+02	300	3	50	4	3	497	50	0	500	500	500	0	0	0	
1.9149809061e+02	300	8	50	4	3	497	50	0	500	500	500	0	0	0	
1.9198912382e+02	303	7	50	4	8	492	50	0	500	500	500	0	0	0	
1.9246616220e+02	304	8	50	4	7	493	50	0	500	500	500	0	0	0	
1.9299671679e+02	303	12	49	5	6	494	50	0	500	500	500	0	0	0	
1.9349838423e+02	306	10	51	2	5	495	50	0	500	500	500	0	0	0	
1.9399451530e+02	306	9	48	5	9	491	50	0	500	500	500	0	0	0	
1.9445664679e+02	306	7	49	4	5	495	50	0	500	500	500	0	0	0	
1.9498860966e+02	306	8	45	8	3	497	50	0	500	500	500	0	0	0	
1.9548791902e+02	308	6	50	5	5	495	50	0	500	500	500	0	0	0	
1.9595222689e+02	308	7	49	6	3	497	50	0	500	500	500	0	0	0	
1.9649853919e+02	309	11	52	3	3	497	50	0	500	500	500	0	0	0	
1.9698204567e+02	310	10	51	4	11	489	50	0	500	500	500	0	0	0	
1.9748789969e+02	312	9	48	8	12	488	50	0	500	500	500	0	0	0	
1.9798185677e+02	312	11	52	4	5	495	50	0	500	500	500	0	0	0	
1.9848937524e+02	314	9	52	4	5	495	50	0	500	500	500	0	0	0	
1.9898661432e+02	317	6	51	5	2	498	50	0	500	500	500	0	0	0	
1.9949480870e+02	319	5	47	9	7	493	50	0	500	500	500	0	0	0	
1.9999601372e+02	318	9	51	5	5	495	50	0	500	500	500	0	0	0	
2.0049846029e+02	320	8	52	3	3	497	50	0	500	500	500	0	0	0	
2.0096719241e+02	322	7	50	5	1	499	50	0	500	500	500	0	0	0	
2.0149108287e+02	322	9	52	3	2	498	50	0	500	500	500	0	0	0	
2.0196030296e+02	323	8	51	3	4	496	50	0	500	500	500	0	0	0	
2.0246910080e+02	321	11	46	7	2	498	50	0	500	500	500	0	0	0	
2.0299460614e+02	326	6	49	4	2	498	50	0	500	500	500	0	0	0	
2.0347638888e+02	326	6	53	0	5	495	50	0	500	500	500	0	0	0	
2.0397811682e+02	326	7	49	5	3	497	50	0	500	500	500	0	0	0	
2.0449334148e+02	329	5	52	3	3	497	50	0	500	500	500	0	0	0	
2.0494007354e+02	332	3	53	2	5	495	50	0	500	500	500	0	0	0	
2.0547198980e+02	335	2	53	2	1	499	50	0	500	500	500	0	0	0	
2.0599068515e+02	335	2	51	4	3	497	50	0	500	500	500	0	0	0	
2.0648400446e+02	336	4	54	1	4	496	50	0	500	500	500	0	0	0	
2.0695285592e+02	336	4	53	3	2	498	50	0	500	500	500	0	0	0	
2.0748344038e+02	336	5	51	4	5	495	50	0	500	500	500	0	0	0	
2.0796668055e+02	337	5	52	3	1	499	50	0	500	500	500	0	0	0	
2.0848653968e+02	337	6	49	7	0	500	50	0	500	500	500	0	0	0	
2.0894597416e+02	334	10	53	3	4	496	50	0	500	500	500	0	0	0	
2.0946940923e+02	335	10	50	6	3	497	50	0	500	500	500	0	0	0	
2.0997354190e+02	336	9	53	3	1	499	50	0	500	500	500	0	0	0	
2.1049431460e+02	337	8	54	1	2	498	50	0	500	500	500	0	0	0	
2.1098275126e+02	338	7	53	2	2	498	50	0	500	500	500	0	0	0	
2.1148679417e+02	340	7	51	4	0	500	50	0	500	500	500	0	0	0	
2.1198409163e+02	340	8	53	2	7	493	50	0	500	500	500	0	0	0	
2.1249440202e+02	342	8	49	6	3	497	50	0	500	500	500	0	0	0	
2.1299975635e+02	344	7	48	7	5	495	50	0	500	500	500	0	0	0	
2.1340495665e+02	345	7	51	4	1	499	50	0	500	500	500	0	0	0	
2.1397037926e+02	347	7	51	3	5	495	50	0	500	500	500	0	0	0	
2.1449629450e+02	350	4	52	2	1	499	50	0	500	500	500	0	0	0	
2.1499889197e+02	350	6	50	2	5	495	50	0	500	500	500	0	0	0	
2.1549612251e+02	351	5	48	4	3	497	50	0	500	500	500	0	0	0	
2.1598679925e+02	349	6	46	7	2	498	50	0	500	500	500	0	0	0	
2.1648861126e+02	351	6	47	6	3	497	50	0	500	500	500	0	0	0	
2.1699248827e+02	352	6	47	7	7	493	50	0	500	500	500	0	0	0	
2.1748178350e+02	352	7	51	3	2	498	50	0	500	500	500	0	0	0	
2.1798741516e+02	352	5	51	4	4	496	50	0	500	500	500	0	0	0	
2.1849580246e+02	352	7	51	4	4	496	50	0	500	500	500	0	0	0	
2.1899119861e+02	351	8	52	2	7	493	50	0	500	500	500	0	0	0	
2.1949743073e+02	352	6	48	5	8	492	50	0	500	500	500	0	0	0	
2.1996489586e+02	353	6	51	3	3	497	50	0	500	500	500	0	0	0	
2.2048499993e+02	355	6	50	5	3	497	50	0	500	500	500	0	0	0	
2.2099858232e+02	355	6	50	5	6	494	50	0	500	500	500	0	0	0	
2.2148862144e+02	357	5	52	3	3	497	50	0	500	500	500	0	0	0	
2.2197979673e+02	358	6	50	5	6	494	50	0	500	500	500	0	0	0	
2.2248011416e+02	359	6	49	6	4	496	50	0	500	500	500	0	0	0	
2.2299181203e+02	358	8	48	6	4	496	50	0	500	500	500	0	0	0	
2.2349802221e+02	359	8	49	5	4	496	50	0	500	500	500	0	0	0	
2.2399397681e+02	359	8	50	5	2	498	50	0	500	500	500	0	0	0	
2.2448108893e+02	359	6	47	7	5	495	50	0	500	500	500	0	0	0	
2.2499348944e+02	360	6	52	2	5	495	50	0	500	500	500	0	0	0	
2.2549974392e+02	359	7	50	4	6	494	50	0	500	500	500	0	0	0	
2.2599371377e+02	358	8	49	5	4	496	50	0	500	500	500	0	0	0	
2.2647295490e+02	360	6	48	6	5	495	50	0	500	500	500	0	0	0	
2.2699087900e+02	360	6	51	3	4	496	50	0	500	500	500	0	0	0	
2.2749324379e+02	357	6	50	4	3	497	50	0	500	500	500	0	0	0	
2.2799427533e+02	356	7	51	3	4	496	50	0	500	500	500	0	0	0	
2.2848174626e+02	357	8	52	2	2	498	50	0	500	500	500	0	0	0	
2.2897793419e+02	356	8	51	2	8	492	50	0	500	500	500	0	0	0	
2.2949478534e+02	357	7	51	2	7	493	50	0	500	500	500	0	0	0	
2.2995299447e+02	359	6	51	2	4	496	50	0	500	500	500	0	0	0	
2.3048894870e+02	361	9	50	4	1	499	50	0	500	500	500	0	0	0	
2.3098697355e+02	362	8	50	4	3	497	50	0	500	500	500	0	0	0	
2.3148013158e+02	367	5	51	3	2	498	50	0	500	500	500	0	0	0	
2.3198529418e+02	367	6	53	1	1	499	50	0	500	500	500	0	0	0	
2.3249505686e+02	369	5	50	4	4	496	50	0	500	500	500	0	0	0	
2.3299160969e+02	369	6	53	1	4	496	50	0	500	500	500	0	0	0	
2.3348500946e+02	370	8	50	3	3	497	50	0	500	500	500	0	0	0	
2.3399610565e+02	368	10	47	5	6	494	50	0	500	500	500	0	0	0	
2.3449195184e+02	370	7	50	2	6	494	50	0	500	500	500	0	0	0	
2.3499070106e+02	370	6	46	5	3	497	50	0	500	500	500	0	0	0	
2.3547309213e+02	371	5	49	1	1	499	50	0	500	500	500	0	0	0	
2.3592468305e+02	371	5	48	2	1	499	50	0	500	500	500	0	0	0	
2.3642076476e+02	371	5	50	0	4	496	50	0	500	500	500	0	0	0	
2.3698607760e+02	372	7	46	3	4	496	50	0	500	500	500	0	0	0	
2.3749392238e+02	373	7	43	5	5	495	50	0	500	500	500	0	0	0	
2.3796988503e+02	374	8	42	6	4	496	50	0	500	500	500	0	0	0	
2.3849999144e+02	374	7	46	2	7	493	50	0	500	500	500	0	0	0	
2.3899919037e+02	374	6	43	6	4	496	50	0	500	500	500	0	0	0	
2.3949958974e+02	374	6	43	6	4	496	50	0	500	500	500	0	0	0	
2.3999147733e+02	374	7	48	1	4	496	50	0	500	500	500	0	0	0	
2.4049551024e+02	375	9	47	3	6	494	50	0	500	500	500	0	0	0	
2.4099660317e+02	376	9	47	3	5	495	50	0	500	500	500	0	0	0	
2.4149954822e+02	377	10	47	3	5	495	50	0	500	500	500	0	0	0	
2.4199769320e+02	380	9	45	6	4	496	50	0	500	500	500	0	0	0	
2.4249924171e+02	381	9	49	3	4	496	50	0	500	500	500	0	0	0	
2.4299907196e+02	385	7	47	5	5	495	50	0	500	500	500	0	0	0	
2.4348102031e+02	386	8	49	3	7	493	50	0	500	500	500	0	0	0	
2.4398031028e+02	387	7	48	4	4	496	50	0	500	500	500	0	0	0	
2.4449901421e+02	391	4	51	1	2	498	50	0	500	500	500	0	0	0	
2.4498853940e+02	391	5	52	0	8	492	50	0	500	500	500	0	0	0	
2.4547684852e+02	392	6	48	3	6	494	50	0	500	500	500	0	0	0	
2.4599880249e+02	390	6	46	5	2	498	50	0	500	500	500	0	0	0	
2.4646843040e+02	391	5	49	2	3	497	50	0	500	500	500	0	0	0	
2.4694154471e+02	392	3	48	3	5	495	50	0	500	500	500	0	0	0	
2.4743786924e+02	393	4	49	2	0	500	50	0	500	500	500	0	0	0	
2.4799899217e+02	394	5	47	3	2	498	50	0	500	500	500	0	0	0	
2.4849987150e+02	397	5	45	5	5	495	50	0	500	500	500	0	0	0	
2.4897480775e+02	398	5	50	0	5	495	50	0	500	500	500	0	0	0	
2.4949093238e+02	400	7	45	4	2	498	50	0	500	500	500	0	0	0	
2.4999624375e+02	399	8	43	6	4	496	50	0	500	500	500	0	0	0	
2.5049835825e+02	399	11	46	3	5	495	50	0	500	500	500	0	0	0	
2.5099875626e+02	400	9	46	3	6	494	50	0	500	500	500	0	0	0	
2.5149806130e+02	402	7	46	3	2	498	50	0	500	500	500	0	0	0	
2.5199137592e+02	403	5	46	5	4	496	50	0	500	500	500	0	0	0	
2.5249440294e+02	403	5	47	4	1	499	50	0	500	500	500	0	0	0	
2.5297559345e+02	406	1	46	4	0	500	50	0	500	500	500	0	0	0	
2.5344922314e+02	406	2	48	2	0	500	50	0	500	500	500	0	0	0	
2.5399364972e+02	406	3	48	2	5	495	50	0	500	500	500	0	0	0	
2.5448589299e+02	407	3	47	3	2	498	50	0	500	500	500	0	0	0	
2.5499053434e+02	408	4	49	1	3	497	50	0	500	500	500	0	0	0	
2.5549719489e+02	407	4	45	5	8	492	50	0	500	500	500	0	0	0	
2.5599885934e+02	406	7	46	5	3	497	50	0	500	500	500	0	0	0	
2.5647653610e+02	407	6	46	5	5	495	50	0	500	500	500	0	0	0	
2.5699566772e+02	409	5	47	4	5	495	50	0	500	500	500	0	0	0	
2.5745257517e+02	408	6	46	5	2	498	50	0	500	500	500	0	0	0	
2.5799276122e+02	407	7	45	6	5	495	50	0	500	500	500	0	0	0	
2.5842059493e+02	410	4	46	5	1	499	50	0	500	500	500	0	0	0	
2.5898216681e+02	409	5	44	7	3	497	50	0	500	500	500	0	0	0	
2.5949658400e+02	408	6	50	1	5	495	50	0	500	500	500	0	0	0	
2.5998383095e+02	409	6	48	2	5	495	50	0	500	500	500	0	0	0	
2.6048679416e+02	407	6	44	6	5	495	50	0	500	500	500	0	0	0	
2.6099480585e+02	408	5	46	4	4	496	50	0	500	500	500	0	0	0	
2.6144118387e+02	409	4	46	4	1	499	50	0	500	500	500	0	0	0	
2.6198813885e+02	410	5	48	2	5	495	50	0	500	500	500	0	0	0	
2.6249431003e+02	411	5	50	0	1	499	50	0	500	500	500	0	0	0	
2.6296199200e+02	411	5	47	3	8	492	50	0	500	500	500	0	0	0	
2.6348834751e+02	414	3	45	5	4	496	50	0	500	500	500	0	0	0	
2.6398409243e+02	415	2	44	5	2	498	50	0	500	500	500	0	0	0	
2.6449781657e+02	412	5	44	4	4	496	50	0	500	500	500	0	0	0	
2.6497603854e+02	411	7	42	5	4	496	50	0	500	500	500	0	0	0	
2.6549482190e+02	413	5	43	4	3	497	50	0	500	500	500	0	0	0	
2.6599086011e+02	413	5	40	6	2	498	50	0	500	500	500	0	0	0	
2.6649387492e+02	412	6	42	4	1	499	50	0	500	500	500	0	0	0	
2.6697330139e+02	415	5	44	3	3	497	50	0	500	500	500	0	0	0	
2.6748809868e+02	418	4	42	5	3	497	50	0	500	500	500	0	0	0	
2.6799381854e+02	418	4	44	3	2	498	50	0	500	500	500	0	0	0	
2.6849219220e+02	419	3	45	3	4	496	50	0	500	500	500	0	0	0	
2.6899767004e+02	419	2	46	2	7	493	50	0	500	500	500	0	0	0	
2.6949949945e+02	418	3	49	0	1	499	50	0	500	500	500	0	0	0	
2.6994780131e+02	417	3	49	1	4	496	50	0	500	500	500	0	0	0	
2.7043105872e+02	419	1	49	1	1	499	50	0	500	500	500	0	0	0	
2.7099615074e+02	419	2	51	1	8	492	50	0	500	500	500	0	0	0	
2.7148744622e+02	419	2	49	3	2	498	50	0	500	500	500	0	0	0	
2.7197382369e+02	417	5	49	3	6	494	50	0	500	500	500	0	0	0	
2.7247266904e+02	416	5	47	4	4	496	50	0	500	500	500	0	0	0	
2.7298578255e+02	416	6	48	3	3	497	50	0	500	500	500	0	0	0	
2.7349414982e+02	418	6	48	3	7	493	50	0	500	500	500	0	0	0	
2.7397104864e+02	418	6	46	5	4	496	50	0	500	500	500	0	0	0	
2.7448883430e+02	419	5	47	4	7	493	50	0	500	500	500	0	0	0	
2.7487477352e+02	420	4	48	3	1	499	50	0	500	500	500	0	0	0	
2.7546087985e+02	421	4	47	3	4	496	50	0	500	500	500	0	0	0	
2.7597954132e+02	421	5	48	2	0	500	50	0	500	500	500	0	0	0	
2.7649751781e+02	423	3	50	1	2	498	50	0	500	500	500	0	0	0	
2.7699205914e+02	422	3	49	2	1	499	50	0	500	500	500	0	0	0	
2.7749555753e+02	420	8	43	8	4	496	50	0	500	500	500	0	0	0	
2.7799933203e+02	418	9	37	15	4	496	50	0	500	500	500	0	0	0	
2.7848672371e+02	420	6	40	12	11	489	50	0	500	500	500	0	0	0	
2.7896418232e+02	421	5	47	5	1	499	50	0	500	500	500	0	0	0	
2.7948264793e+02	422	4	46	6	1	499	50	0	500	500	500	0	0	0	
2.7999747126e+02	422	5	49	3	4	496	50	0	500	500	500	0	0	0	
2.8048245163e+02	422	5	49	2	5	495	50	0	500	500	500	0	0	0	
2.8094508050e+02	422	4	48	3	3	497	50	0	500	500	500	0	0	0	
2.8148354199e+02	421	5	48	3	4	496	50	0	500	500	500	0	0	0	
2.8194585206e+02	421	6	46	5	2	498	50	0	500	500	500	0	0	0	
2.8248016849e+02	421	6	48	3	2	498	50	0	500	500	500	0	0	0	
2.8296589588e+02	423	5	47	6	1	499	50	0	500	500	500	0	0	0	
2.8347775665e+02	424	5	50	3	6	494	50	0	500	500	500	0	0	0	
2.8384506934e+02	425	4	50	2	0	500	50	0	500	500	500	0	0	0	
2.8448077908e+02	425	4	50	2	3	497	50	0	500	500	500	0	0	0	
2.8499599198e+02	425	6	51	1	4	496	50	0	500	500	500	0	0	0	
2.8548616178e+02	429	4	49	3	1	499	50	0	500	500	500	0	0	0	
2.8595216346e+02	429	3	49	3	2	498	50	0	500	500	500	0	0	0	
2.8645190855e+02	431	1	47	5	1	499	50	0	500	500	500	0	0	0	
2.8695752225e+02	430	1	51	1	2	498	50	0	500	500	500	0	0	0	
2.8744661750e+02	429	3	50	1	5	495	50	0	500	500	500	0	0	0	
2.8799545818e+02	429	3	48	4	3	497	50	0	500	500	500	0	0	0	
2.8844749804e+02	429	4	46	6	3	497	50	0	500	500	500	0	0	0	
2.8898405789e+02	428	5	49	4	2	498	50	0	500	500	500	0	0	0	
2.8948352140e+02	430	4	49	4	7	493	50	0	500	500	500	0	0	0	
2.8999257746e+02	429	4	49	4	2	498	50	0	500	500	500	0	0	0	
2.9049883613e+02	430	4	49	4	5	495	50	0	500	500	500	0	0	0	
2.9093984387e+02	429	4	46	6	4	496	50	0	500	500	500	0	0	0	
2.9149217341e+02	429	4	50	2	11	489	50	0	500	500	500	0	0	0	
2.9199310023e+02	428	5	49	2	5	495	50	0	500	500	500	0	0	0	
2.9249346699e+02	428	4	51	0	2	498	50	0	500	500	500	0	0	0	
2.9298268190e+02	428	5	49	2	1	499	50	0	500	500	500	0	0	0	
2.9349449691e+02	432	2	52	0	1	499	50	0	500	500	500	0	0	0	
2.9398853631e+02	433	2	51	1	6	494	50	0	500	500	500	0	0	0	
2.9449791917e+02	433	4	48	3	0	500	50	0	500	500	500	0	0	0	
2.9495650180e+02	434	3	50	1	4	496	50	0	500	500	500	0	0	0	
2.9549346317e+02	434	4	49	2	5	495	50	0	500	500	500	0	0	0	
2.9599980555e+02	433	6	50	0	3	497	50	0	500	500	500	0	0	0	
2.9649501448e+02	433	6	47	3	3	497	50	0	500	500	500	0	0	0	
2.9699837370e+02	433	7	43	7	4	496	50	0	500	500	500	0	0	0	
2.9749620831e+02	437	4	45	5	5	495	50	0	500	500	500	0	0	0	
2.9798821611e+02	435	5	46	5	7	493	50	0	500	500	500	0	0	0	
2.9848870408e+02	433	6	49	3	4	496	50	0	500	500	500	0	0	0	
2.9898792443e+02	435	4	50	2	4	496	50	0	500	500	500	0	0	0	
2.9949085054e+02	436	5	50	2	3	497	50	0	500	500	500	0	0	0	
2.9999573484e+02	436	6	50	3	3	497	50	0	500	500	500	0	0	0	
3.0044075051e+02	437	5	53	1	1	499	50	0	500	500	500	0	0	0	
3.0096162493e+02	437	4	54	0	3	497	50	0	500	500	500	0	0	0	
3.0148549829e+02	439	4	50	3	6	494	50	0	500	500	500	0	0	0	
3.0198851750e+02	439	4	52	1	4	496	50	0	500	500	500	0	0	0	
3.0249348900e+02	441	3	50	2	4	496	50	0	500	500	500	0	0	0	
3.0299487130e+02	438	3	48	3	3	497	50	0	500	500	500	0	0	0	
3.0343388866e+02	437	3	50	1	4	496	50	0	500	500	500	0	0	0	
3.0398745852e+02	437	4	47	3	3	497	50	0	500	500	500	0	0	0	
3.0448267197e+02	439	3	47	3	5	495	50	0	500	500	500	0	0	0	
3.0492007872e+02	440	3	47	1	1	499	50	0	500	500	500	0	0	0	
3.0547134620e+02	441	3	44	4	3	497	50	0	500	500	500	0	0	0	
3.0599537481e+02	441	4	48	0	1	499	50	0	500	500	500	0	0	0	
3.0648268085e+02	442	4	47	1	0	500	50	0	500	500	500	0	0	0	
3.0697354546e+02	442	5	45	3	2	498	50	0	500	500	500	0	0	0	
3.0749560219e+02	442	5	44	4	5	495	50	0	500	500	500	0	0	0	
3.0797394434e+02	443	4	47	2	3	497	50	0	500	500	500	0	0	0	
3.0845679359e+02	443	6	46	2	1	499	50	0	500	500	500	0	0	0	
3.0896954020e+02	448	2	47	2	3	497	50	0	500	500	500	0	0	0	
3.0948127617e+02	449	2	49	1	4	496	50	0	500	500	500	0	0	0	
3.0997685954e+02	450	3	48	2	2	498	50	0	500	500	500	0	0	0	
3.1049647455e+02	450	4	48	2	5	495	50	0	500	500	500	0	0	0	
3.1099842176e+02	447	5	46	2	3	497	50	0	500	500	500	0	0	0	
3.1149882071e+02	446	6	45	3	2	498	50	0	500	500	500	0	0	0	
3.1195802062e+02	447	7	47	1	4	496	50	0	500	500	500	0	0	0	
3.1248086154e+02	450	7	42	6	1	499	50	0	500	500	500	0	0	0	
3.1292806355e+02	451	6	45	4	5	495	50	0	500	500	500	0	0	0	
3.1349916309e+02	453	4	44	3	2	498	50	0	500	500	500	0	0	0	
3.1399113322e+02	455	4	45	2	4	496	50	0	500	500	500	0	0	0	
3.1449189678e+02	455	4	45	2	6	494	50	0	500	500	500	0	0	0	
3.1498084346e+02	455	3	42	4	2	498	50	0	500	500	500	0	0	0	
3.1549330218e+02	456	2	42	4	1	499	50	0	500	500	500	0	0	0	
3.1599073473e+02	456	4	44	2	3	497	50	0	500	500	500	0	0	0	
3.1649436319e+02	457	3	45	1	9	491	50	0	500	500	500	0	0	0	
3.1699955181e+02	455	4	44	2	3	497	50	0	500	500	500	0	0	0	
3.1749976920e+02	454	4	45	2	2	498	50	0	500	500	500	0	0	0	
3.1798479010e+02	454	5	47	0	6	494	50	0	500	500	500	0	0	0	
3.1849696816e+02	456	7	46	2	6	494	50	0	500	500	500	0	0	0	
3.1898490694e+02	457	6	43	5	3	497	50	0	500	500	500	0	0	0	
3.1949980386e+02	458	4	41	7	5	495	50	0	500	500	500	0	0	0	
3.1996122293e+02	459	5	48	1	3	497	50	0	500	500	500	0	0	0	
3.2049453347e+02	459	8	40	9	8	492	50	0	500	500	500	0	0	0	
3.2099291024e+02	461	7	41	8	9	491	50	0	500	500	500	0	0	0	
3.2146680339e+02	463	4	46	3	3	497	50	0	500	500	500	0	0	0	
3.2199728694e+02	464	3	48	1	3	497	50	0	500	500	500	0	0	0	
3.2249364377e+02	462	3	44	5	1	499	50	0	500	500	500	0	0	0	
3.2299501596e+02	464	4	46	3	0	500	50	0	500	500	500	0	0	0	
3.2348991006e+02	461	7	46	3	5	495	50	0	500	500	500	0	0	0	
3.2397122728e+02	460	9	45	4	4	496	50	0	500	500	500	0	0	0	
3.2449530955e+02	461	9	47	2	5	495	50	0	500	500	500	0	0	0	
3.2499714343e+02	462	9	47	3	5	495	50	0	500	500	500	0	0	0	
3.2549400719e+02	463	9	48	2	10	490	50	0	500	500	500	0	0	0	
3.2599497320e+02	464	9	45	5	6	494	50	0	500	500	500	0	0	0	
3.2649932355e+02	465	9	48	2	2	498	50	0	500	500	500	0	0	0	
3.2699895327e+02	464	10	42	6	3	497	50	0	500	500	500	0	0	0	
3.2747993965e+02	466	8	45	3	5	495	50	0	500	500	500	0	0	0	
3.2798761378e+02	466	9	46	2	4	496	50	0	500	500	500	0	0	0	
3.2849598512e+02	464	11	44	4	5	495	50	0	500	500	500	0	0	0	
3.2899651191e+02	465	10	42	6	8	492	50	0	500	500	500	0	0	0	
3.2948849054e+02	466	9	44	3	3	497	50	0	500	500	500	0	0	0	
3.2999710714e+02	466	11	38	8	9	491	50	0	500	500	500	0	0	0	
3.3048429504e+02	470	9	39	7	5	495	50	0	500	500	500	0	0	0	
3.3099403634e+02	471	8	44	2	6	494	50	0	500	500	500	0	0	0	
3.3149723706e+02	475	3	44	2	4	496	50	0	500	500	500	0	0	0	
3.3190866192e+02	474	4	42	4	1	499	50	0	500	500	500	0	0	0	
3.3247720215e+02	474	4	43	3	6	494	50	0	500	500	500	0	0	0	
3.3296687396e+02	477	2	43	3	3	497	50	0	500	500	500	0	0	0	
3.3349236449e+02	475	4	43	2	5	495	50	0	500	500	500	0	0	0	
3.3396268223e+02	477	4	43	2	4	496	50	0	500	500	500	0	0	0	
3.3444959980e+02	478	4	40	4	2	498	50	0	500	500	500	0	0	0	
3.3499210065e+02	478	3	41	2	4	496	50	0	500	500	500	0	0	0	
3.3549268480e+02	479	2	39	4	3	497	50	0	500	500	500	0	0	0	
3.3597554163e+02	479	3	38	5	3	497	50	0	500	500	500	0	0	0	
3.3649640748e+02	479	4	42	1	3	497	50	0	500	500	500	0	0	0	
3.3698199860e+02	479	7	42	3	5	495	50	0	500	500	500	0	0	0	
3.3748822448e+02	481	6	40	5	4	496	50	0	500	500	500	0	0	0	
3.3798318176e+02	482	4	41	4	5	495	50	0	500	500	500	0	0	0	
3.3848578980e+02	484	2	42	2	2	498	50	0	500	500	500	0	0	0	
3.3899912773e+02	483	3	41	3	1	499	50	0	500	500	500	0	0	0	
3.3945235298e+02	485	3	41	3	1	499	50	0	500	500	500	0	0	0	
3.3996386400e+02	486	4	40	3	5	495	50	0	500	500	500	0	0	0	
3.4048496394e+02	487	4	42	2	4	496	50	0	500	500	500	0	0	0	
3.4099191694e+02	488	3	41	2	2	498	50	0	500	500	500	0	0	0	
3.4143465458e+02	488	3	41	2	1	499	50	0	500	500	500	0	0	0	
3.4198097595e+02	489	2	42	1	2	498	50	0	500	500	500	0	0	0	
3.4248497920e+02	489	2	40	3	2	498	50	0	500	500	500	0	0	0	
3.4298700856e+02	487	2	42	1	1	499	50	0	500	500	500	0	0	0	
3.4348319302e+02	487	2	41	2	2	498	50	0	500	500	500	0	0	0	
3.4398124866e+02	487	2	42	1	2	498	50	0	500	500	500	0	0	0	
3.4448464346e+02	488	2	41	1	3	497	50	0	500	500	500	0	0	0	
3.4495346010e+02	485	3	40	2	2	498	50	0	500	500	500	0	0	0	
3.4549389159e+02	485	4	39	2	0	500	50	0	500	500	500	0	0	0	
3.4595530721e+02	486	5	41	0	1	499	50	0	500	500	500	0	0	0	
3.4648073724e+02	486	4	42	0	4	496	50	0	500	500	500	0	0	0	
3.4698520241e+02	487	3	39	3	3	497	50	0	500	500	500	0	0	0	
3.4748861892e+02	487	2	40	2	4	496	50	0	500	500	500	0	0	0	
3.4797862887e+02	486	4	41	1	3	497	50	0	500	500	500	0	0	0	
3.4847952051e+02	487	5	41	1	4	496	50	0	500	500	500	0	0	0	
3.4898777381e+02	486	9	38	3	5	495	50	0	500	500	500	0	0	0	
3.4948437309e+02	490	7	37	4	5	495	50	0	500	500	500	0	0	0	
3.4999069971e+02	489	10	39	2	4	496	50	0	500	500	500	0	0	0	
3.5048379694e+02	493	7	39	3	3	497	50	0	500	500	500	0	0	0	
3.5093048962e+02	492	8	38	3	3	497	50	0	500	500	500	0	0	0	
3.5149075671e+02	493	8	34	7	6	494	50	0	500	500	500	0	0	0	
3.5199521891e+02	493	11	38	3	4	496	50	0	500	500	500	0	0	0	
3.5247702463e+02	497	7	37	4	5	495	50	0	500	500	500	0	0	0	
3.5297135746e+02	500	5	36	4	2	498	50	0	500	500	500	0	0	0	
3.5347317627e+02	501	5	35	4	2	498	50	0	500	500	500	0	0	0	
3.5396286049e+02	498	7	37	2	4	496	50	0	500	500	500	0	0	0	
3.5449703410e+02	498	8	37	1	6	494	50	0	500	500	500	0	0	0	
3.5497980107e+02	497	8	35	3	5	495	50	0	500	500	500	0	0	0	
3.5547357164e+02	498	7	35	3	3	497	50	0	500	500	500	0	0	0	
3.5598246458e+02	500	5	36	2	4	496	50	0	500	500	500	0	0	0	
3.5648117095e+02	501	4	35	3	1	499	50	0	500	500	500	0	0	0	
3.5698423751e+02	498	7	35	3	4	496	50	0	500	500	500	0	0	0	
3.5748346177e+02	498	7	37	1	3	497	50	0	500	500	500	0	0	0	
3.5796288538e+02	499	6	38	1	3	497	50	0	500	500	500	0	0	0	
3.5849813324e+02	500	5	34	5	5	495	50	0	500	500	500	0	0	0	
3.5896203283e+02	500	7	35	4	2	498	50	0	500	500	500	0	0	0	
3.5948953603e+02	501	6	33	7	4	496	50	0	500	500	500	0	0	0	
3.5999853925e+02	501	5	40	1	5	495	50	0	500	500	500	0	0	0	
3.6047138473e+02	502	5	40	2	5	495	50	0	500	500	500	0	0	0	
3.6098217522e+02	504	5	41	1	2	498	50	0	500	500	500	0	0	0	
3.6145717715e+02	504	7	40	2	1	499	50	0	500	500	500	0	0	0	
3.6199221673e+02	504	8	39	3	6	494	50	0	500	500	500	0	0	0	
3.6248038174e+02	506	7	38	4	3	497	50	0	500	500	500	0	0	0	
3.6297921981e+02	507	6	38	4	4	496	50	0	500	500	500	0	0	0	
3.6349194295e+02	509	6	36	6	6	494	50	0	500	500	500	0	0	0	
3.6399983621e+02	509	5	37	5	2	498	50	0	500	500	500	0	0	0	
3.6448411586e+02	506	8	36	6	4	496	50	0	500	500	500	0	0	0	
3.6499302217e+02	507	10	41	1	8	492	50	0	500	500	500	0	0	0	
3.6549956127e+02	507	8	36	6	7	493	50	0	500	500	500	0	0	0	
3.6596183924e+02	509	8	37	6	5	495	50	0	500	500	500	0	0	0	
3.6649491930e+02	507	9	39	4	3	497	50	0	500	500	500	0	0	0	
3.6698712206e+02	508	10	37	5	6	494	50	0	500	500	500	0	0	0	
3.6745996167e+02	508	11	37	5	10	490	50	0	500	500	500	0	0	0	
3.6798810694e+02	512	8	36	6	8	492	50	0	500	500	500	0	0	0	
3.6849456638e+02	513	10	40	2	0	500	50	0	500	500	500	0	0	0	
3.6899715052e+02	515	9	40	3	3	497	50	0	500	500	500	0	0	0	
3.6949979304e+02	517	7	41	3	9	491	50	0	500	500	500	0	0	0	
3.6999248649e+02	517	7	40	5	6	494	50	0	500	500	500	0	0	0	
3.7048297484e+02	518	4	41	4	7	493	50	0	500	500	500	0	0	0	
3.7098473647e+02	516	6	36	9	4	496	50	0	500	500	500	0	0	0	
3.7148447523e+02	515	8	42	3	6	494	50	0	500	500	500	0	0	0	
3.7199348660e+02	515	9	42	3	6	494	50	0	500	500	500	0	0	0	
3.7249985016e+02	517	10	43	2	5	495	50	0	500	500	500	0	0	0	
3.7299628130e+02	520	6	44	1	1	499	50	0	500	500	500	0	0	0	
3.7349915922e+02	522	5	41	3	4	496	50	0	500	500	500	0	0	0	
3.7399619548e+02	522	5	41	3	3	497	50	0	500	500	500	0	0	0	
3.7449574480e+02	522	7	40	4	4	496	50	0	500	500	500	0	0	0	
3.7499242553e+02	521	8	35	9	4	496	50	0	500	500	500	0	0	0	
3.7549409872e+02	522	8	36	8	6	494	50	0	500	500	500	0	0	0	
3.7599167366e+02	524	7	39	4	4	496	50	0	500	500	500	0	0	0	
3.7648439182e+02	523	9	38	6	9	491	50	0	500	500	500	0	0	0	
3.7699484692e+02	526	9	36	8	6	494	50	0	500	500	500	0	0	0	
3.7747483166e+02	526	9	40	4	2	498	50	0	500	500	500	0	0	0	
3.7799619217e+02	527	7	38	6	7	493	50	0	500	500	500	0	0	0	
3.7848785094e+02	529	6	39	5	3	497	50	0	500	500	500	0	0	0	
3.7897770970e+02	530	7	42	2	6	494	50	0	500	500	500	0	0	0	
3.7949651006e+02	532	7	41	3	7	493	50	0	500	500	500	0	0	0	
3.7999398117e+02	532	6	41	4	2	498	50	0	500	500	500	0	0	0	
3.8046839468e+02	534	7	40	5	8	492	50	0	500	500	500	0	0	0	
3.8099480539e+02	536	6	41	5	8	492	50	0	500	500	500	0	0	0	
3.8147782473e+02	537	5	42	4	7	493	50	0	500	500	500	0	0	0	
3.8198870371e+02	537	6	42	5	6	494	50	0	500	500	500	0	0	0	
3.8248992259e+02	537	7	43	4	3	497	50	0	500	500	500	0	0	0	
3.8297969627e+02	538	7	41	6	2	498	50	0	500	500	500	0	0	0	
3.8347853892e+02	539	7	44	3	4	496	50	0	500	500	500	0	0	0	
3.8399030213e+02	541	6	45	2	1	499	50	0	500	500	500	0	0	0	
3.8449583502e+02	541	6	45	2	6	494	50	0	500	500	500	0	0	0	
3.8499657654e+02	542	6	46	1	4	496	50	0	500	500	500	0	0	0	
3.8548721923e+02	542	6	43	4	3	497	50	0	500	500	500	0	0	0	
3.8599552614e+02	543	6	44	2	4	496	50	0	500	500	500	0	0	0	
3.8648447864e+02	545	6	44	2	4	496	50	0	500	500	500	0	0	0	
3.8695944084e+02	547	3	45	1	6	494	50	0	500	500	500	0	0	0	
3.8745716010e+02	549	2	42	4	1	499	50	0	500	500	500	0	0	0	
3.8799779492e+02	547	3	43	3	3	497	50	0	500	500	500	0	0	0	
3.8849932774e+02	544	6	42	4	2	498	50	0	500	500	500	0	0	0	
3.8898432276e+02	545	5	42	4	3	497	50	0	500	500	500	0	0	0	
3.8949986828e+02	544	6	41	4	6	494	50	0	500	500	500	0	0	0	
3.8999567071e+02	545	5	39	6	2	498	50	0	500	500	500	0	0	0	
3.9048403671e+02	546	4	40	6	4	496	50	0	500	500	500	0	0	0	
3.9099695014e+02	548	3	39	7	5	495	50	0	500	500	500	0	0	0	
3.9145601889e+02	548	4	43	3	3	497	50	0	500	500	500	0	0	0	
3.9199417222e+02	547	4	44	2	7	493	50	0	500	500	500	0	0	0	
3.9249002474e+02	547	4	44	2	0	500	50	0	500	500	500	0	0	0	
3.9298935544e+02	547	4	45	2	4	496	50	0	500	500	500	0	0	0	
3.9349351099e+02	547	5	43	4	3	497	50	0	500	500	500	0	0	0	
3.9397685042e+02	549	3	43	4	1	499	50	0	500	500	500	0	0	0	
3.9447131453e+02	549	3	41	5	0	500	50	0	500	500	500	0	0	0	
3.9499370780e+02	549	4	39	6	6	494	50	0	500	500	500	0	0	0	
3.9549346052e+02	548	7	39	5	5	495	50	0	500	500	500	0	0	0	
3.9599239063e+02	548	6	39	5	5	495	50	0	500	500	500	0	0	0	
3.9648770036e+02	551	4	35	9	2	498	50	0	500	500	500	0	0	0	
3.9699000625e+02	552	2	40	4	2	498	50	0	500	500	500	0	0	0	
3.9748925036e+02	551	4	41	3	2	498	50	0	500	500	500	0	0	0	
3.9799723456e+02	550	5	41	2	3	497	50	0	500	500	500	0	0	0	
3.9849263411e+02	548	5	42	2	4	496	50	0	500	500	500	0	0	0	
3.9899184699e+02	548	6	43	3	2	498	50	0	500	500	500	0	0	0	
3.9949908979e+02	549	6	41	6	4	496	50	0	500	500	500	0	0	0	
3.9997646214e+02	548	5	40	8	3	497	50	0	500	500	500	0	0	0	
4.0048837367e+02	548	6	45	4	2	498	50	0	500	500	500	0	0	0	
4.0099360419e+02	549	6	45	4	16	484	50	0	500	500	500	0	0	0	
4.0148222697e+02	548	7	47	2	6	494	50	0	500	500	500	0	0	0	
4.0199555187e+02	549	6	46	4	1	499	50	0	500	500	500	0	0	0	
4.0248034918e+02	548	6	47	3	4	496	50	0	500	500	500	0	0	0	
4.0299196263e+02	547	6	47	3	8	492	50	0	500	500	500	0	0	0	
4.0347945406e+02	547	7	43	5	6	494	50	0	500	500	500	0	0	0	
4.0398548376e+02	549	6	46	2	2	498	50	0	500	500	500	0	0	0	
4.0449694535e+02	551	4	45	3	7	493	50	0	500	500	500	0	0	0	
4.0498868627e+02	551	8	44	4	6	494	50	0	500	500	500	0	0	0	
4.0548538357e+02	554	6	40	8	6	494	50	0	500	500	500	0	0	0	
4.0599432291e+02	556	3	43	4	3	497	50	0	500	500	500	0	0	0	
4.0649422096e+02	555	5	42	5	2	498	50	0	500	500	500	0	0	0	
4.0699848116e+02	554	6	43	5	3	497	50	0	500	500	500	0	0	0	
4.0749945579e+02	553	9	43	5	2	498	50	0	500	500	500	0	0	0	
4.0798599027e+02	554	8	42	7	4	496	50	0	500	500	500	0	0	0	
4.0849812127e+02	553	13	46	3	4	496	50	0	500	500	500	0	0	0	
4.0899386574e+02	554	11	45	3	12	488	50	0	500	500	500	0	0	0	
4.0948845129e+02	556	9	41	7	4	496	50	0	500	500	500	0	0	0	
4.0999482103e+02	557	9	44	4	5	495	50	0	500	500	500	0	0	0	
4.1049048101e+02	557	8	42	5	3	497	50	0	500	500	500	0	0	0	
4.1098374390e+02	560	7	46	1	5	495	50	0	500	500	500	0	0	0	
4.1148911953e+02	560	9	39	5	4	496	50	0	500	500	500	0	0	0	
4.1199766423e+02	562	9	39	5	6	494	50	0	500	500	500	0	0	0	
4.1249349167e+02	561	10	37	7	1	499	50	0	500	500	500	0	0	0	
4.1299237636e+02	565	7	39	4	8	492	50	0	500	500	500	0	0	0	
4.1348849489e+02	566	7	40	3	6	494	50	0	500	500	500	0	0	0	
4.1399565737e+02	566	8	38	5	6	494	50	0	500	500	500	0	0	0	
4.1449896115e+02	566	8	39	4	4	496	50	0	500	500	500	0	0	0	
4.1498934299e+02	566	8	40	3	2	498	50	0	500	500	500	0	0	0	
4.1549881308e+02	566	9	40	3	6	494	50	0	500	500	500	0	0	0	
4.1596425079e+02	569	6	38	5	2	498	50	0	500	500	500	0	0	0	
4.1649983435e+02	570	5	41	2	1	499	50	0	500	500	500	0	0	0	
4.1699822029e+02	570	7	39	4	7	493	50	0	500	500	500	0	0	0	
4.1748985973e+02	571	6	41	3	6	494	50	0	500	500	500	0	0	0	
4.1798615218e+02	573	4	40	4	6	494	50	0	500	500	500	0	0	0	
4.1845520700e+02	572	4	43	1	2	498	50	0	500	500	500	0	0	0	
4.1897724156e+02	574	3	42	2	2	498	50	0	500	500	500	0	0	0	
4.1949350847e+02	575	2	44	0	3	497	50	0	500	500	500	0	0	0	
4.1998187278e+02	575	3	43	1	3	497	50	0	500	500	500	0	0	0	
4.2048754082e+02	576	2	44	0	2	498	50	0	500	500	500	0	0	0	
4.2098845352e+02	576	3	42	2	1	499	50	0	500	500	500	0	0	0	
4.2148768879e+02	574	3	43	1	2	498	50	0	500	500	500	0	0	0	
4.2199306193e+02	576	1	41	3	8	492	50	0	500	500	500	0	0	0	
4.2247334420e+02	567	5	42	3	3	497	50	0	500	500	500	0	0	0	
4.2297723938e+02	568	5	40	5	6	494	50	0	500	500	500	0	0	0	
4.2345918844e+02	570	4	40	5	2	498	50	0	500	500	500	0	0	0	
4.2399852337e+02	571	3	42	3	4	496	50	0	500	500	500	0	0	0	
4.2447794643e+02	571	4	43	2	4	496	50	0	500	500	500	0	0	0	
4.2499582144e+02	572	4	40	5	4	496	50	0	500	500	500	0	0	0	
4.2549446146e+02	572	4	42	2	4	496	50	0	500	500	500	0	0	0	
4.2597920068e+02	571	4	39	4	3	497	50	0	500	500	500	0	0	0	
4.2646645902e+02	571	4	43	0	1	499	50	0	500	500	500	0	0	0	
4.2699122665e+02	569	5	41	2	6	494	50	0	500	500	500	0	0	0	
4.2749984681e+02	569	5	36	7	5	495	50	0	500	500	500	0	0	0	
4.2798342749e+02	569	6	34	9	2	498	50	0	500	500	500	0	0	0	
4.2849072030e+02	569	7	32	11	4	496	50	0	500	500	500	0	0	0	
4.2899929888e+02	570	7	35	8	5	495	50	0	500	500	500	0	0	0	
4.2948451415e+02	571	6	36	7	4	496	50	0	500	500	500	0	0	0	
4.2998537460e+02	568	10	37	5	5	495	50	0	500	500	500	0	0	0	
4.3048945283e+02	568	10	36	7	8	492	50	0	500	500	500	0	0	0	
4.3099743287e+02	568	10	40	3	7	493	50	0	500	500	500	0	0	0	
4.3149720461e+02	569	10	34	9	6	494	50	0	500	500	500	0	0	0	
4.3199663279e+02	567	12	35	8	6	494	50	0	500	500	500	0	0	0	
4.3249387690e+02	570	8	40	3	7	493	50	0	500	500	500	0	0	0	
4.3298312420e+02	572	8	40	3	4	496	50	0	500	500	500	0	0	0	
4.3349559405e+02	574	8	37	7	5	495	50	0	500	500	500	0	0	0	
4.3399579614e+02	573	9	39	5	10	490	50	0	500	500	500	0	0	0	
4.3449964288e+02	574	8	41	4	7	493	50	0	500	500	500	0	0	0	
4.3498587434e+02	574	8	43	3	6	494	50	0	500	500	500	0	0	0	
4.3549669593e+02	575	11	40	6	4	496	50	0	500	500	500	0	0	0	
4.3598666003e+02	578	8	41	5	9	491	50	0	500	500	500	0	0	0	
4.3649535056e+02	579	8	44	2	13	487	50	0	500	500	500	0	0	0	
4.3699149182e+02	583	6	41	5	9	491	50	0	500	500	500	0	0	0	
4.3747773439e+02	582	7	41	4	7	493	50	0	500	500	500	0	0	0	
4.3797536449e+02	585	7	43	2	2	498	50	0	500	500	500	0	0	0	
4.3849995154e+02	586	7	40	6	10	490	50	0	500	500	500	0	0	0	
4.3899514093e+02	587	7	41	4	4	496	50	0	500	500	500	0	0	0	
4.3947888276e+02	588	7	41	4	8	492	50	0	500	500	500	0	0	0	
4.3999991245e+02	590	5	40	5	2	498	50	0	500	500	500	0	0	0	
4.4049995364e+02	589	7	42	3	1	499	50	0	500	500	500	0	0	0	
4.4099967994e+02	591	8	37	7	5	495	50	0	500	500	500	0	0	0	
4.4149633028e+02	589	9	39	4	8	492	50	0	500	500	500	0	0	0	
4.4199638808e+02	591	7	40	3	7	493	50	0	500	500	500	0	0	0	
4.4248171297e+02	592	8	37	6	10	490	50	0	500	500	500	0	0	0	
4.4299078559e+02	590	10	35	8	7	493	50	0	500	500	500	0	0	0	
4.4346253620e+02	591	10	38	4	6	494	50	0	500	500	500	0	0	0	
4.4399431854e+02	594	7	40	2	5	495	50	0	500	500	500	0	0	0	
4.4448946244e+02	595	6	41	1	7	493	50	0	500	500	500	0	0	0	
4.4499584081e+02	595	9	38	4	10	490	50	0	500	500	500	0	0	0	
4.4549507666e+02	599	7	36	5	10	490	50	0	500	500	500	0	0	0	
4.4599680932e+02	599	8	40	1	8	492	50	0	500	500	500	0	0	0	
4.4649469443e+02	601	5	37	5	3	497	50	0	500	500	500	0	0	0	
4.4699894171e+02	603	3	40	3	2	498	50	0	500	500	500	0	0	0	
4.4742861701e+02	604	4	43	0	5	495	50	0	500	500	500	0	0	0	
4.4798995045e+02	606	2	40	2	9	491	50	0	500	500	500	0	0	0	
4.4849071630e+02	607	1	36	5	4	496	50	0	500	500	500	0	0	0	
4.4899399693e+02	606	2	39	2	6	494	50	0	500	500	500	0	0	0	
4.4944331593e+02	605	2	36	5	1	499	50	0	500	500	500	0	0	0	
4.4996393989e+02	605	3	38	3	3	497	50	0	500	500	500	0	0	0	
4.5049699048e+02	604	4	36	4	3	497	50	0	500	500	500	0	0	0	
4.5098924183e+02	606	5	39	3	3	497	50	0	500	500	500	0	0	0	
4.5148757294e+02	607	8	41	1	7	493	50	0	500	500	500	0	0	0	
4.5199154826e+02	607	9	38	4	7	493	50	0	500	500	500	0	0	0	
4.5247253513e+02	608	8	38	4	6	494	50	0	500	500	500	0	0	0	
4.5297600877e+02	610	5	36	6	7	493	50	0	500	500	500	0	0	0	
4.5349550284e+02	610	5	38	4	5	495	50	0	500	500	500	0	0	0	
4.5397960533e+02	607	6	38	4	3	497	50	0	500	500	500	0	0	0	
4.5448643166e+02	607	7	41	2	2	498	50	0	500	500	500	0	0	0	
4.5499311605e+02	607	9	38	6	4	496	50	0	500	500	500	0	0	0	
4.5548896407e+02	607	8	37	7	5	495	50	0	500	500	500	0	0	0	
4.5598662157e+02	609	7	41	3	3	497	50	0	500	500	500	0	0	0	
4.5647977063e+02	611	5	42	2	4	496	50	0	500	500	500	0	0	0	
4.5698036681e+02	610	6	40	4	5	495	50	0	500	500	500	0	0	0	
4.5748176082e+02	611	4	41	3	2	498	50	0	500	500	500	0	0	0	
4.5799865645e+02	609	4	42	2	3	497	50	0	500	500	500	0	0	0	
4.5849707300e+02	609	5	39	6	2	498	50	0	500	500	500	0	0	0	
4.5895961905e+02	607	8	40	6	2	498	50	0	500	500	500	0	0	0	
4.5948519234e+02	608	8	43	3	3	497	50	0	500	500	500	0	0	0	
4.5999429940e+02	608	9	41	4	5	495	50	0	500	500	500	0	0	0	
4.6047709658e+02	608	9	42	3	9	491	50	0	500	500	500	0	0	0	
4.6099834142e+02	606	11	43	3	10	490	50	0	500	500	500	0	0	0	
4.6147786602e+02	606	11	43	4	5	495	50	0	500	500	500	0	0	0	
4.6199283055e+02	603	11	44	3	9	491	50	0	500	500	500	0	0	0	
4.6249972527e+02	603	14	38	9	11	489	50	0	500	500	500	0	0	0	
4.6299737405e+02	604	14	39	8	6	494	50	0	500	500	500	0	0	0	
4.6348660603e+02	608	12	41	6	5	495	50	0	500	500	500	0	0	0	
4.6396202743e+02	612	9	46	1	9	491	50	0	500	500	500	0	0	0	
4.6448595741e+02	611	9	43	5	6	494	50	0	500	500	500	0	0	0	
4.6498636707e+02	608	9	42	6	4	496	50	0	500	500	500	0	0	0	
4.6548437108e+02	608	12	41	5	6	494	50	0	500	500	500	0	0	0	
4.6598605566e+02	610	10	40	6	5	495	50	0	500	500	500	0	0	0	
4.6649477547e+02	611	9	44	3	11	489	50	0	500	500	500	0	0	0	
4.6699716342e+02	609	11	42	5	1	499	50	0	500	500	500	0	0	0	
4.6749149513e+02	610	9	44	3	5	495	50	0	500	500	500	0	0	0	
4.6799422088e+02	609	10	42	5	5	495	50	0	500	500	500	0	0	0	
4.6848135364e+02	607	11	41	6	3	497	50	0	500	500	500	0	0	0	
4.6899755194e+02	612	7	43	4	2	498	50	0	500	500	500	0	0	0	
4.6949831274e+02	614	6	41	6	8	492	50	0	500	500	500	0	0	0	
4.6998048311e+02	617	3	46	1	4	496	50	0	500	500	500	0	0	0	
4.7046667897e+02	615	4	44	2	2	498	50	0	500	500	500	0	0	0	
4.7096409740e+02	613	4	44	2	6	494	50	0	500	500	500	0	0	0	
4.7148305165e+02	613	5	45	1	3	497	50	0	500	500	500	0	0	0	
4.7197954466e+02	614	7	40	6	4	496	50	0	500	500	500	0	0	0	
4.7246058926e+02	616	6	38	8	3	497	50	0	500	500	500	0	0	0	
4.7297551097e+02	619	4	41	5	1	499	50	0	500	500	500	0	0	0	
4.7346200000e+02	618	4	45	1	3	497	50	0	500	500	500	0	0	0	
4.7399551510e+02	619	3	42	3	6	494	50	0	500	500	500	0	0	0	
4.7447782112e+02	620	3	38	7	0	500	50	0	500	500	500	0	0	0	
4.7499522787e+02	620	4	37	9	5	495	50	0	500	500	500	0	0	0	
4.7542614172e+02	619	6	41	5	2	498	50	0	500	500	500	0	0	0	
4.7598550146e+02	617	7	42	3	3	497	50	0	500	500	500	0	0	0	
4.7648041023e+02	619	5	42	3	6	494	50	0	500	500	500	0	0	0	
4.7695925935e+02	620	4	42	3	3	497	50	0	500	500	500	0	0	0	
4.7747977358e+02	620	3	44	1	6	494	50	0	500	500	500	0	0	0	
4.7799765518e+02	620	3	41	5	4	496	50	0	500	500	500	0	0	0	
4.7849329663e+02	620	4	41	4	6	494	50	0	500	500	500	0	0	0	
4.7899741618e+02	620	6	44	1	6	494	50	0	500	500	500	0	0	0	
4.7946626235e+02	620	6	42	3	5	495	50	0	500	500	500	0	0	0	
4.7999949093e+02	621	5	38	7	5	495	50	0	500	500	500	0	0	0	
4.8048380548e+02	622	4	41	4	1	499	50	0	500	500	500	0	0	0	
4.8099355277e+02	620	6	40	5	5	495	50	0	500	500	500	0	0	0	
4.8148236877e+02	621	6	40	5	4	496	50	0	500	500	500	0	0	0	
4.8199043726e+02	621	6	41	5	9	491	50	0	500	500	500	0	0	0	
4.8248681983e+02	621	7	40	5	5	495	50	0	500	500	500	0	0	0	
4.8299389013e+02	620	8	41	4	2	498	50	0	500	500	500	0	0	0	
4.8349650869e+02	622	6	37	7	6	494	50	0	500	500	500	0	0	0	
4.8398303013e+02	624	5	37	7	3	497	50	0	500	500	500	0	0	0	
4.8449095847e+02	625	4	41	3	6	494	50	0	500	500	500	0	0	0	
4.8497864214e+02	624	4	36	8	4	496	50	0	500	500	500	0	0	0	
4.8548908008e+02	624	4	37	7	5	495	50	0	500	500	500	0	0	0	
4.8599848948e+02	625	3	42	4	3	497	50	0	500	500	500	0	0	0	
4.8649906487e+02	625	5	42	4	4	496	50	0	500	500	500	0	0	0	
4.8699796395e+02	627	5	41	3	4	496	50	0	500	500	500	0	0	0	
4.8748690545e+02	627	4	39	4	4	496	50	0	500	500	500	0	0	0	
4.8796269608e+02	629	3	41	3	5	495	50	0	500	500	500	0	0	0	
4.8849289133e+02	631	3	44	1	4	496	50	0	500	500	500	0	0	0	
4.8897772256e+02	631	5	40	5	3	497	50	0	500	500	500	0	0	0	
4.8949503686e+02	632	5	40	5	4	496	50	0	500	500	500	0	0	0	
4.8999898470e+02	631	6	41	4	4	496	50	0	500	500	500	0	0	0	
4.9049623189e+02	632	4	43	2	4	496	50	0	500	500	500	0	0	0	
4.9099284096e+02	632	4	38	8	2	498	50	0	500	500	500	0	0	0	
4.9148613016e+02	632	4	45	2	3	497	50	0	500	500	500	0	0	0	
4.9199603870e+02	633	3	44	4	4	496	50	0	500	500	500	0	0	0	
4.9248104675e+02	632	3	44	4	3	497	50	0	500	500	500	0	0	0	
4.9299043551e+02	632	4	42	6	5	495	50	0	500	500	500	0	0	0	
4.9349915670e+02	633	5	39	9	6	494	50	0	500	500	500	0	0	0	
4.9397190249e+02	631	8	43	5	4	496	50	0	500	500	500	0	0	0	
4.9449569002e+02	633	8	42	7	7	493	50	0	500	500	500	0	0	0	
4.9498402150e+02	636	6	44	5	8	492	50	0	500	500	500	0	0	0	
4.9549581728e+02	635	7	45	4	4	496	50	0	500	500	500	0	0	0	
4.9599679658e+02	637	4	43	6	3	497	50	0	500	500	500	0	0	0	
4.9649882457e+02	637	4	45	5	4	496	50	0	500	500	500	0	0	0	
4.9697654243e+02	638	4	50	2	3	497	50	0	500	500	500	0	0	0	
4.9749765199e+02	636	7	49	4	6	494	50	0	500	500	500	0	0	0	
4.9799206887e+02	638	8	46	5	2	498	50	0	500	500	500	0	0	0	
4.9849886947e+02	637	9	45	6	3	497	50	0	500	500	500	0	0	0	
4.9899895593e+02	636	11	44	7	5	495	50	0	500	500	500	0	0	0	
4.9949871819e+02	641	7	42	9	8	492	50	0	500	500	500	0	0	0	
4.9999209066e+02	637	11	43	8	5	495	50	0	500	500	500	0	0	0	
5.0000650931e+02	637	11	43	8	6	494	50	0	500	500	500	0	0	0	
