0.0000000000e+00	0	0	500	0	0	0	0	500	500	500	500	500	500	40	
4.9801622194e-01	0	0	481	19	12	52	0	500	500	500	500	500	500	40	
9.9947746347e-01	0	0	460	40	19	70	0	500	500	500	500	500	500	40	
1.4996891542e+00	0	0	444	56	9	106	0	500	500	500	500	500	500	40	
1.9996162237e+00	0	0	444	56	17	77	0	500	500	500	500	500	500	40	
2.4997699026e+00	0	0	450	50	10	71	0	500	500	500	500	500	500	40	
2.9999601894e+00	0	1	452	48	10	70	0	500	500	500	500	500	500	40	
3.4994055116e+00	0	2	451	49	17	69	0	500	500	500	500	500	500	40	
3.9995281400e+00	0	3	456	44	12	79	0	500	500	500	500	500	500	40	
4.4976477740e+00	0	5	457	43	11	81	0	500	500	500	500	500	500	40	
4.9984548259e+00	3	2	444	56	11	92	0	500	500	500	500	500	500	40	
5.4998023825e+00	3	2	452	48	9	83	0	500	500	500	500	500	500	40	
5.9980446241e+00	3	2	456	44	12	96	0	500	500	500	500	500	500	40	
6.4995536062e+00	3	3	461	39	13	89	0	500	500	500	500	500	500	40	
6.9998358003e+00	3	3	462	38	12	96	0	500	500	500	500	500	500	40	
7.4997009737e+00	3	3	454	46	20	82	0	500	500	500	500	500	500	40	
7.9977798794e+00	3	4	459	41	17	69	0	500	500	500	500	500	500	40	
8.4980936475e+00	2	6	455	45	16	88	0	500	500	500	500	500	500	40	
8.9987243902e+00	3	5	449	51	13	92	0	500	500	500	500	500	500	40	
9.4997794501e+00	3	5	445	55	18	93	0	500	500	500	500	500	500	40	
9.9994546209e+00	3	7	459	41	19	80	0	500	500	500	500	500	500	40	
1.0498869275e+01	6	6	462	38	16	74	0	500	500	500	500	500	500	40	
1.0999238849e+01	7	5	459	41	19	73	0	500	500	500	500	500	500	40	
1.1498999224e+01	7	6	453	47	14	95	0	500	500	500	500	500	500	40	
1.1999304465e+01	8	6	452	48	13	102	0	500	500	500	500	500	500	40	
1.2499888835e+01	8	7	441	59	10	100	0	500	500	500	500	500	500	40	
1.2999965190e+01	8	10	442	58	14	90	0	500	500	500	500	500	500	40	
1.3498042191e+01	10	8	443	57	16	80	0	500	500	500	500	500	500	40	
1.3999740103e+01	10	10	439	61	8	84	0	500	500	500	500	500	500	40	
1.4499763923e+01	11	11	428	72	8	88	0	500	500	500	500	500	500	40	
1.4999392445e+01	12	10	416	84	24	91	0	500	500	500	500	500	500	40	
1.5498032340e+01	12	12	417	83	11	89	0	500	500	500	500	500	500	40	
1.5999831663e+01	11	16	426	74	10	83	0	500	500	500	500	500	500	40	
1.6495337140e+01	13	15	436	64	16	73	0	500	500	500	500	500	500	40	
1.6999210628e+01	14	15	436	64	17	97	0	500	500	500	500	500	500	40	
1.7499588940e+01	13	16	438	62	17	103	0	500	500	500	500	500	500	40	
1.7999724100e+01	12	20	453	47	11	88	0	500	500	500	500	500	500	40	
1.8495951085e+01	13	22	454	46	22	93	0	500	500	500	500	500	500	40	
1.8999744241e+01	17	19	453	47	11	84	0	500	500	500	500	500	500	40	
1.9499308948e+01	19	17	467	33	18	71	0	500	500	500	500	500	500	40	
1.9997014784e+01	19	20	463	37	17	68	0	500	500	500	500	500	500	40	
2.0499175336e+01	20	21	448	52	15	77	0	500	500	500	500	500	500	40	
2.0999481097e+01	22	23	466	34	11	80	0	500	500	500	500	500	500	40	
2.1499258394e+01	23	23	461	39	13	75	0	500	500	500	500	500	500	40	
2.1999062096e+01	23	23	465	35	14	87	0	500	500	500	500	500	500	40	
2.2496923929e+01	24	26	463	37	17	73	0	500	500	500	500	500	500	40	
2.2998921422e+01	26	24	462	38	18	71	0	500	500	500	500	500	500	40	
2.3498883594e+01	29	23	463	37	14	91	0	500	500	500	500	500	500	40	
2.3999193213e+01	28	25	449	51	13	80	0	500	500	500	500	500	500	40	
2.4499708315e+01	30	24	438	62	20	84	0	500	500	500	500	500	500	40	
2.4999987830e+01	34	20	449	51	18	97	0	500	500	500	500	500	500	40	
2.5499700422e+01	35	20	455	45	16	95	0	500	500	500	500	500	500	40	
2.5999711808e+01	35	20	461	39	17	85	0	500	500	500	500	500	500	40	
2.6495889645e+01	36	20	447	53	20	79	0	500	500	500	500	500	500	40	
2.6999756075e+01	36	20	445	55	15	87	0	500	500	500	500	500	500	40	
2.7498778507e+01	34	23	446	54	11	93	0	500	500	500	500	500	500	40	
2.7999955393e+01	34	23	434	66	18	90	0	500	500	500	500	500	500	40	
2.8499668035e+01	34	23	450	50	14	91	0	500	500	500	500	500	500	40	
2.8998665611e+01	36	23	452	48	24	83	0	500	500	500	500	500	500	40	
2.9498814577e+01	36	24	448	52	6	89	0	500	500	500	500	500	500	40	
2.9999421453e+01	37	23	455	45	11	86	0	500	500	500	500	500	500	40	
3.0496747798e+01	38	24	453	47	12	96	0	500	500	500	500	500	500	40	
3.0999146369e+01	39	25	461	39	24	90	0	500	500	500	500	500	500	40	
3.1499783376e+01	39	27	461	39	13	80	0	500	500	500	500	500	500	40	
3.1999697233e+01	42	26	455	45	16	83	0	500	500	500	500	500	500	40	
3.2499825494e+01	41	27	453	47	16	87	0	500	500	500	500	500	500	40	
3.2999305849e+01	42	27	458	42	15	103	0	500	500	500	500	500	500	40	
3.3499152582e+01	41	29	454	46	22	78	0	500	500	500	500	500	500	40	
3.3996798049e+01	43	27	456	44	17	89	0	500	500	500	500	500	500	40	
3.4499846609e+01	46	25	457	43	16	92	0	500	500	500	500	500	500	40	
3.4995177668e+01	48	24	460	40	19	80	0	500	500	500	500	500	500	40	
3.5498635754e+01	47	25	462	38	15	79	0	500	500	500	500	500	500	40	
3.5999541325e+01	49	24	455	45	23	71	0	500	500	500	500	500	500	40	
3.6498489438e+01	48	25	450	50	16	77	0	500	500	500	500	500	500	40	
3.6999372288e+01	47	27	465	35	14	65	0	500	500	500	500	500	500	40	
3.7498827169e+01	48	29	469	31	17	77	0	500	500	500	500	500	500	40	
3.7998569562e+01	49	28	459	41	21	90	0	500	500	500	500	500	500	40	
3.8497597118e+01	50	28	459	41	16	94	0	500	500	500	500	500	500	40	
3.8999796793e+01	52	27	464	36	16	92	0	500	500	500	500	500	500	40	
3.9496428811e+01	53	28	456	44	15	80	0	500	500	500	500	500	500	40	
3.9999729007e+01	53	29	463	37	13	87	0	500	500	500	500	500	500	40	
4.0499554693e+01	54	30	463	37	18	80	0	500	500	500	500	500	500	40	
4.0999055072e+01	55	29	460	40	14	75	0	500	500	500	500	500	500	40	
4.1498908130e+01	56	29	458	42	6	90	0	500	500	500	500	500	500	40	
4.1998652698e+01	55	33	446	54	22	80	0	500	500	500	500	500	500	40	
4.2499836628e+01	59	28	455	45	16	88	0	500	500	500	500	500	500	40	
4.2999132474e+01	61	27	453	47	21	75	0	500	500	500	500	500	500	40	
4.3499152908e+01	61	28	448	52	20	93	0	500	500	500	500	500	500	40	
4.3998812900e+01	61	30	449	51	22	86	0	500	500	500	500	500	500	40	
4.4498254195e+01	60	31	436	64	19	75	0	500	500	500	500	500	500	40	
4.4995528727e+01	61	32	431	69	9	84	0	500	500	500	500	500	500	40	
4.5497342169e+01	58	37	422	78	17	85	0	500	500	500	500	500	500	40	
4.5999688109e+01	59	37	421	79	24	71	0	500	500	500	500	500	500	40	
4.6499259371e+01	59	37	413	87	18	81	0	500	500	500	500	500	500	40	
4.6999187186e+01	60	37	410	90	13	89	0	500	500	500	500	500	500	40	
4.7499159253e+01	60	40	419	81	21	96	0	500	500	500	500	500	500	40	
4.7999878108e+01	62	38	424	76	20	111	0	500	500	500	500	500	500	40	
4.8499523906e+01	59	40	440	60	19	92	0	500	500	500	500	500	500	40	
4.8999936729e+01	63	38	439	61	17	83	0	500	500	500	500	500	500	40	
4.9499449928e+01	62	42	444	56	15	94	0	500	500	500	500	500	500	40	
4.9999667075e+01	64	41	448	52	21	81	0	500	500	500	500	500	500	40	
5.0498975802e+01	63	45	437	63	21	67	0	500	500	500	500	500	500	40	
5.0997792571e+01	66	41	435	65	17	85	0	500	500	500	500	500	500	40	
5.1499880378e+01	67	41	450	50	15	83	0	500	500	500	500	500	500	40	
5.1998190517e+01	65	46	441	59	15	75	0	500	500	500	500	500	500	40	
5.2499408479e+01	61	49	449	51	17	99	0	500	500	500	500	500	500	40	
5.2999111675e+01	63	47	451	49	21	79	0	500	500	500	500	500	500	40	
5.3498965618e+01	67	43	445	55	19	74	0	500	500	500	500	500	500	40	
5.3998832123e+01	66	45	440	60	16	90	0	500	500	500	500	500	500	40	
5.4498395739e+01	66	47	444	56	18	93	0	500	500	500	500	500	500	40	
5.4999963260e+01	69	43	459	41	19	97	0	500	500	500	500	500	500	40	
5.5496024794e+01	72	41	464	36	26	88	0	500	500	500	500	500	500	40	
5.5999791780e+01	73	40	466	34	18	90	0	500	500	500	500	500	500	40	
5.6497653993e+01	77	36	455	45	19	72	0	500	500	500	500	500	500	40	
5.6999529366e+01	76	38	459	41	18	82	0	500	500	500	500	500	500	40	
5.7499900788e+01	81	34	465	35	22	76	0	500	500	500	500	500	500	40	
5.7999276560e+01	81	34	464	36	16	79	0	500	500	500	500	500	500	40	
5.8499799947e+01	84	32	476	24	8	81	0	500	500	500	500	500	500	40	
5.8999702597e+01	84	35	470	30	17	86	0	500	500	500	500	500	500	40	
5.9498899338e+01	86	34	463	37	17	110	0	500	500	500	500	500	500	40	
5.9999955194e+01	83	38	467	33	14	85	0	500	500	500	500	500	500	40	
6.0499615452e+01	83	38	458	42	18	78	0	500	500	500	500	500	500	40	
6.0995901737e+01	89	34	462	38	17	94	0	500	500	500	500	500	500	40	
6.1499878660e+01	90	34	461	39	16	92	0	500	500	500	500	500	500	40	
6.1999873509e+01	90	35	456	44	27	70	0	500	500	500	500	500	500	40	
6.2495359737e+01	93	33	454	46	15	81	0	500	500	500	500	500	500	40	
6.2998985197e+01	94	33	452	48	14	79	0	500	500	500	500	500	500	40	
6.3499222140e+01	97	32	443	57	16	82	0	500	500	500	500	500	500	40	
6.3999102353e+01	92	37	438	62	21	61	0	500	500	500	500	500	500	40	
6.4498834182e+01	91	36	448	52	16	83	0	500	500	500	500	500	500	40	
6.4999410997e+01	92	34	451	49	12	73	0	500	500	500	500	500	500	40	
6.5497022959e+01	88	37	454	46	16	73	0	500	500	500	500	500	500	40	
6.5999351804e+01	89	38	453	47	16	77	0	500	500	500	500	500	500	40	
6.6499687973e+01	88	39	462	38	6	90	0	500	500	500	500	500	500	40	
6.6999215181e+01	89	38	454	46	12	72	0	500	500	500	500	500	500	40	
6.7499776753e+01	90	36	451	49	21	71	0	500	500	500	500	500	500	40	
6.7999442522e+01	92	35	448	52	17	92	0	500	500	500	500	500	500	40	
6.8498511930e+01	90	39	452	48	17	70	0	500	500	500	500	500	500	40	
6.8997348854e+01	92	38	457	43	9	79	0	500	500	500	500	500	500	40	
6.9496079495e+01	90	41	467	33	17	87	0	500	500	500	500	500	500	40	
6.9999909157e+01	90	42	458	42	13	91	0	500	500	500	500	500	500	40	
7.0499839059e+01	91	42	450	50	14	81	0	500	500	500	500	500	500	40	
7.0999458940e+01	89	44	449	51	12	85	0	500	500	500	500	500	500	40	
7.1496398357e+01	92	41	453	47	21	95	0	500	500	500	500	500	500	40	
7.1997485319e+01	90	45	445	55	18	95	0	500	500	500	500	500	500	40	
7.2498549654e+01	87	50	437	63	17	83	0	500	500	500	500	500	500	40	
7.2998719508e+01	88	49	435	65	25	88	0	500	500	500	500	500	500	40	
7.3499850788e+01	89	48	431	69	17	85	0	500	500	500	500	500	500	40	
7.3999649865e+01	94	45	441	59	19	90	0	500	500	500	500	500	500	40	
7.4499934967e+01	91	50	440	60	19	84	0	500	500	500	500	500	500	40	
7.4999451053e+01	90	51	440	60	11	72	0	500	500	500	500	500	500	40	
7.5499418357e+01	90	55	442	58	22	57	0	500	500	500	500	500	500	40	
7.5998980602e+01	93	53	448	52	14	72	0	500	500	500	500	500	500	40	
7.6498273662e+01	92	56	445	55	22	85	0	500	500	500	500	500	500	40	
7.6997238391e+01	100	50	447	53	15	81	0	500	500	500	500	500	500	40	
7.7499096627e+01	102	49	448	52	19	93	0	500	500	500	500	500	500	40	
7.7999902518e+01	105	48	462	38	17	89	0	500	500	500	500	500	500	40	
7.8497729500e+01	106	49	452	48	16	89	0	500	500	500	500	500	500	40	
7.8999019997e+01	102	53	451	49	16	81	0	500	500	500	500	500	500	40	
7.9499619452e+01	101	55	444	56	15	85	0	500	500	500	500	500	500	40	
7.9998764463e+01	102	54	453	47	31	70	0	500	500	500	500	500	500	40	
8.0497909711e+01	101	55	456	44	20	82	0	500	500	500	500	500	500	40	
8.0999533415e+01	102	56	450	50	21	86	0	500	500	500	500	500	500	40	
8.1499633455e+01	105	54	428	72	14	82	0	500	500	500	500	500	500	40	
8.1999662336e+01	107	52	442	58	23	51	0	500	500	500	500	500	500	40	
8.2498811365e+01	103	56	458	42	15	57	0	500	500	500	500	500	500	40	
8.2996991178e+01	107	51	456	44	9	80	0	500	500	500	500	500	500	40	
8.3498272494e+01	105	53	455	45	18	98	0	500	500	500	500	500	500	40	
8.3998109406e+01	109	50	450	50	15	107	0	500	500	500	500	500	500	40	
8.4499037236e+01	113	46	457	43	26	80	0	500	500	500	500	500	500	40	
8.4999343551e+01	116	43	469	31	23	91	0	500	500	500	500	500	500	40	
8.5499915047e+01	119	40	465	35	18	89	0	500	500	500	500	500	500	40	
8.5998492984e+01	119	41	453	47	22	89	0	500	500	500	500	500	500	40	
8.6499715756e+01	122	38	456	44	27	82	0	500	500	500	500	500	500	40	
8.6998964817e+01	122	40	454	46	11	85	0	500	500	500	500	500	500	40	
8.7499157380e+01	124	37	456	44	17	89	0	500	500	500	500	500	500	40	
8.7997305445e+01	124	38	456	44	17	85	0	500	500	500	500	500	500	40	
8.8497561122e+01	124	39	460	40	10	81	0	500	500	500	500	500	500	40	
8.8999891486e+01	123	40	459	41	18	69	0	500	500	500	500	500	500	40	
8.9499844395e+01	121	42	463	37	10	74	0	500	500	500	500	500	500	40	
8.9999707279e+01	123	42	446	54	9	73	0	500	500	500	500	500	500	40	
9.0499519215e+01	125	41	445	55	15	72	0	500	500	500	500	500	500	40	
9.0997283631e+01	124	43	449	51	27	78	0	500	500	500	500	500	500	40	
9.1499964501e+01	126	42	459	41	18	86	0	500	500	500	500	500	500	40	
9.1999534285e+01	128	41	460	40	14	75	0	500	500	500	500	500	500	40	
9.2499315204e+01	133	36	452	48	16	69	0	500	500	500	500	500	500	40	
9.2999825803e+01	131	41	458	42	19	97	0	500	500	500	500	500	500	40	
9.3499291326e+01	132	41	465	35	16	104	0	500	500	500	500	500	500	40	
9.3999944649e+01	136	37	464	36	13	78	0	500	500	500	500	500	500	40	
9.4499647600e+01	133	42	474	26	10	75	0	500	500	500	500	500	500	40	
9.4999761805e+01	134	41	470	30	15	75	0	500	500	500	500	500	500	40	
9.5499395965e+01	135	41	451	49	23	76	0	500	500	500	500	500	500	40	
9.5999881215e+01	137	40	435	65	14	86	0	500	500	500	500	500	500	40	
9.6498898745e+01	132	47	434	66	15	89	0	500	500	500	500	500	500	40	
9.6999895219e+01	132	47	431	69	15	86	0	500	500	500	500	500	500	40	
9.7499468041e+01	135	44	451	49	17	76	0	500	500	500	500	500	500	40	
9.7999175683e+01	138	41	459	41	12	69	0	500	500	500	500	500	500	40	
9.8499825772e+01	140	41	457	43	30	66	0	500	500	500	500	500	500	40	
9.8999678977e+01	144	38	459	41	15	89	0	500	500	500	500	500	500	40	
9.9499241411e+01	141	42	462	38	16	76	0	500	500	500	500	500	500	40	
9.9998418085e+01	142	42	459	41	13	90	0	500	500	500	500	500	500	40	
1.0049931788e+02	145	39	464	36	13	82	0	500	500	500	500	500	500	40	
1.0099702116e+02	147	37	456	44	10	91	0	500	500	500	500	500	500	40	
1.0149877136e+02	145	39	456	44	16	84	0	500	500	500	500	500	500	40	
1.0199887823e+02	142	45	449	51	16	83	0	500	500	500	500	500	500	40	
1.0249900788e+02	143	45	450	50	13	92	0	500	500	500	500	500	500	40	
1.0299677404e+02	147	41	454	46	16	87	0	500	500	500	500	500	500	40	
1.0349906624e+02	144	46	447	53	14	93	0	500	500	500	500	500	500	40	
1.0399766537e+02	141	49	444	56	11	73	0	500	500	500	500	500	500	40	
1.0449977345e+02	143	47	441	59	15	76	0	500	500	500	500	500	500	40	
1.0499912191e+02	142	50	461	39	16	74	0	500	500	500	500	500	500	40	
1.0549674531e+02	144	51	444	56	21	86	0	500	500	500	500	500	500	40	
1.0599992621e+02	147	49	445	55	22	75	0	500	500	500	500	500	500	40	
1.0649989557e+02	149	49	444	56	23	79	0	500	500	500	500	500	500	40	
1.0699944646e+02	151	48	445	55	16	84	0	500	500	500	500	500	500	40	
1.0749954088e+02	148	53	445	55	23	74	0	500	500	500	500	500	500	40	
1.0799995815e+02	151	50	449	51	18	71	0	500	500	500	500	500	500	40	
1.0849772543e+02	150	52	448	52	17	85	0	500	500	500	500	500	500	40	
1.0899639528e+02	153	49	443	57	17	80	0	500	500	500	500	500	500	40	
1.0949946065e+02	155	48	442	58	15	65	0	500	500	500	500	500	500	40	
1.0999965631e+02	158	45	437	63	14	81	0	500	500	500	500	500	500	40	
1.1049975867e+02	156	50	451	49	20	61	0	500	500	500	500	500	500	40	
1.1099822865e+02	156	51	451	49	21	74	0	500	500	500	500	500	500	40	
1.1149907658e+02	156	50	451	49	15	85	0	500	500	500	500	500	500	40	
1.1199891082e+02	156	50	456	44	13	86	0	500	500	500	500	500	500	40	
1.1249672970e+02	155	52	458	42	17	80	0	500	500	500	500	500	500	40	
1.1299912367e+02	155	51	460	40	12	94	0	500	500	500	500	500	500	40	
1.1349963192e+02	155	51	447	53	13	86	0	500	500	500	500	500	500	40	
1.1399909236e+02	158	48	457	43	19	97	0	500	500	500	500	500	500	40	
1.1449892682e+02	158	50	449	51	12	85	0	500	500	500	500	500	500	40	
1.1499874777e+02	157	54	454	46	23	56	0	500	500	500	500	500	500	40	
1.1549995269e+02	158	51	451	49	15	58	0	500	500	500	500	500	500	40	
1.1599975887e+02	164	47	447	53	16	54	0	500	500	500	500	500	500	40	
1.1649806111e+02	164	46	455	45	16	69	0	500	500	500	500	500	500	40	
1.1699965236e+02	164	44	466	34	22	75	0	500	500	500	500	500	500	40	
1.1749972905e+02	164	46	466	34	22	91	0	500	500	500	500	500	500	40	
1.1799778053e+02	166	45	449	51	17	80	0	500	500	500	500	500	500	40	
1.1849969139e+02	164	49	452	48	13	80	0	500	500	500	500	500	500	40	
1.1899941749e+02	166	47	430	70	16	79	0	500	500	500	500	500	500	40	
1.1949839168e+02	161	53	431	69	18	78	0	500	500	500	500	500	500	40	
1.1999977457e+02	164	52	442	58	14	93	0	500	500	500	500	500	500	40	
1.2049833294e+02	163	53	449	51	15	82	0	500	500	500	500	500	500	40	
1.2099930474e+02	162	56	445	55	16	80	0	500	500	500	500	500	500	40	
1.2149938426e+02	166	55	443	57	25	86	0	500	500	500	500	500	500	40	
1.2199743317e+02	168	55	452	48	21	75	0	500	500	500	500	500	500	40	
1.2249761727e+02	170	54	454	46	14	81	0	500	500	500	500	500	500	40	
1.2299905377e+02	173	51	466	34	18	96	0	500	500	500	500	500	500	40	
1.2349977583e+02	175	50	462	38	15	95	0	500	500	500	500	500	500	40	
1.2399996874e+02	172	53	462	38	12	99	0	500	500	500	500	500	500	40	
1.2449975534e+02	172	53	460	40	23	82	0	500	500	500	500	500	500	40	
1.2499922203e+02	171	52	461	39	22	77	0	500	500	500	500	500	500	40	
1.2549954687e+02	170	53	453	47	27	84	0	500	500	500	500	500	500	40	
1.2599993417e+02	176	49	451	49	22	91	0	500	500	500	500	500	500	40	
1.2649800868e+02	175	51	442	58	17	103	0	500	500	500	500	500	500	40	
1.2699981757e+02	171	57	450	50	22	78	0	500	500	500	500	500	500	40	
1.2749965547e+02	171	57	465	35	19	75	0	500	500	500	500	500	500	40	
1.2799924494e+02	172	57	458	42	17	85	0	500	500	500	500	500	500	40	
1.2849989528e+02	174	56	461	39	20	81	0	500	500	500	500	500	500	40	
1.2899733534e+02	173	59	470	30	21	89	0	500	500	500	500	500	500	40	
1.2949965397e+02	174	60	462	38	21	86	0	500	500	500	500	500	500	40	
1.2999583251e+02	177	57	462	38	20	80	0	500	500	500	500	500	500	40	
1.3049959728e+02	178	58	464	36	29	77	0	500	500	500	500	500	500	40	
1.3099693350e+02	180	57	472	28	21	78	0	500	500	500	500	500	500	40	
1.3149667314e+02	178	61	462	38	10	87	0	500	500	500	500	500	500	40	
1.3199886166e+02	175	63	458	42	30	79	0	500	500	500	500	500	500	40	
1.3249986798e+02	177	61	450	50	15	78	0	500	500	500	500	500	500	40	
1.3299801224e+02	178	61	462	38	14	80	0	500	500	500	500	500	500	40	
1.3349952043e+02	177	62	453	47	21	72	0	500	500	500	500	500	500	40	
1.3399883679e+02	179	59	450	50	11	88	0	500	500	500	500	500	500	40	
1.3449560100e+02	180	58	460	40	14	74	0	500	500	500	500	500	500	40	
1.3499772667e+02	183	57	453	47	23	63	0	500	500	500	500	500	500	40	
1.3549758167e+02	186	54	455	45	20	74	0	500	500	500	500	500	500	40	
1.3599969818e+02	188	52	454	46	17	80	0	500	500	500	500	500	500	40	
1.3649973837e+02	187	53	462	38	19	79	0	500	500	500	500	500	500	40	
1.3699952438e+02	183	57	461	39	28	93	0	500	500	500	500	500	500	40	
1.3749847829e+02	185	58	466	34	19	89	0	500	500	500	500	500	500	40	
1.3799858701e+02	187	58	453	47	15	101	0	500	500	500	500	500	500	40	
1.3849896524e+02	187	59	449	51	16	107	0	500	500	500	500	500	500	40	
1.3899914215e+02	191	55	448	52	21	99	0	500	500	500	500	500	500	40	
1.3949952939e+02	194	52	446	54	20	88	0	500	500	500	500	500	500	40	
1.3999990962e+02	198	49	438	62	17	95	0	500	500	500	500	500	500	40	
1.4049930859e+02	199	49	435	65	15	83	0	500	500	500	500	500	500	40	
1.4099833519e+02	203	46	453	47	14	82	0	500	500	500	500	500	500	40	
1.4149993407e+02	203	47	447	53	21	89	0	500	500	500	500	500	500	40	
1.4199990505e+02	200	50	457	43	13	101	0	500	500	500	500	500	500	40	
1.4249983616e+02	202	49	449	51	16	81	0	500	500	500	500	500	500	40	
1.4299991071e+02	202	50	448	52	14	91	0	500	500	500	500	500	500	40	
1.4349905448e+02	196	58	455	45	27	102	0	500	500	500	500	500	500	40	
1.4399923388e+02	200	53	452	48	20	82	0	500	500	500	500	500	500	40	
1.4449988622e+02	198	55	441	59	21	75	0	500	500	500	500	500	500	40	
1.4499974802e+02	202	53	447	53	13	77	0	500	500	500	500	500	500	40	
1.4549998896e+02	203	52	454	46	17	78	0	500	500	500	500	500	500	40	
1.4599794519e+02	211	45	465	35	17	85	0	500	500	500	500	500	500	40	
1.4649905787e+02	215	44	466	34	20	77	0	500	500	500	500	500	500	40	
1.4699924909e+02	213	47	445	55	17	97	0	500	500	500	500	500	500	40	
1.4749850896e+02	210	51	445	55	20	68	0	500	500	500	500	500	500	40	
1.4799801236e+02	214	49	454	46	27	68	0	500	500	500	500	500	500	40	
1.4849882567e+02	212	52	457	43	27	91	0	500	500	500	500	500	500	40	
1.4899963553e+02	213	51	459	41	14	94	0	500	500	500	500	500	500	40	
1.4949897972e+02	211	52	456	44	15	86	0	500	500	500	500	500	500	40	
1.4999990648e+02	214	49	448	52	19	73	0	500	500	500	500	500	500	40	
1.5049964850e+02	213	50	442	58	21	80	0	500	500	500	500	500	500	40	
1.5099968470e+02	213	51	452	48	18	88	0	500	500	500	500	500	500	40	
1.5149878022e+02	213	53	452	48	14	80	0	500	500	500	500	500	500	40	
1.5199779695e+02	216	53	449	51	16	83	0	500	500	500	500	500	500	40	
1.5249948677e+02	216	52	457	43	15	71	0	500	500	500	500	500	500	40	
1.5299977836e+02	211	58	458	42	17	85	0	500	500	500	500	500	500	40	
1.5349954570e+02	211	58	452	48	19	86	0	500	500	500	500	500	500	40	
1.5399976638e+02	212	58	461	39	17	85	0	500	500	500	500	500	500	40	
1.5449705276e+02	213	58	466	34	10	88	0	500	500	500	500	500	500	40	
1.5499996265e+02	218	56	453	47	21	76	0	500	500	500	500	500	500	40	
1.5549961401e+02	218	57	457	43	16	83	0	500	500	500	500	500	500	40	
1.5599979818e+02	213	62	463	37	15	100	0	500	500	500	500	500	500	40	
1.5649806844e+02	217	59	461	39	16	76	0	500	500	500	500	500	500	40	
1.5699814129e+02	218	58	464	36	18	76	0	500	500	500	500	500	500	40	
1.5749984674e+02	219	57	473	27	28	67	0	500	500	500	500	500	500	40	
1.5799920532e+02	223	54	463	37	24	86	0	500	500	500	500	500	500	40	
1.5849978777e+02	222	55	463	37	22	85	0	500	500	500	500	500	500	40	
1.5899753780e+02	219	59	460	40	18	79	0	500	500	500	500	500	500	40	
1.5949969485e+02	217	60	464	36	16	80	0	500	500	500	500	500	500	40	
1.5999936619e+02	215	64	458	42	22	93	0	500	500	500	500	500	500	40	
1.6049988309e+02	214	67	464	36	23	91	0	500	500	500	500	500	500	40	
1.6099969496e+02	216	66	468	32	18	96	0	500	500	500	500	500	500	40	
1.6149964355e+02	215	68	453	47	17	86	0	500	500	500	500	500	500	40	
1.6199865692e+02	217	67	443	57	19	83	0	500	500	500	500	500	500	40	
1.6249943204e+02	212	73	436	64	26	75	0	500	500	500	500	500	500	40	
1.6299763310e+02	213	72	443	57	14	78	0	500	500	500	500	500	500	40	
1.6349871446e+02	214	71	445	55	12	84	0	500	500	500	500	500	500	40	
1.6399945536e+02	217	68	456	44	10	86	0	500	500	500	500	500	500	40	
1.6449373887e+02	217	67	464	36	13	76	0	500	500	500	500	500	500	40	
1.6499984574e+02	220	63	454	46	7	84	0	500	500	500	500	500	500	40	
1.6549984447e+02	221	61	456	44	25	68	0	500	500	500	500	500	500	40	
1.6599976269e+02	225	61	461	39	16	78	0	500	500	500	500	500	500	40	
1.6649848639e+02	222	66	454	46	18	68	0	500	500	500	500	500	500	40	
1.6699996245e+02	226	62	458	42	16	74	0	500	500	500	500	500	500	40	
1.6749986108e+02	228	61	448	52	19	67	0	500	500	500	500	500	500	40	
1.6799902457e+02	230	59	456	44	17	72	0	500	500	500	500	500	500	40	
1.6849803745e+02	226	63	461	39	19	95	0	500	500	500	500	500	500	40	
1.6899849087e+02	231	59	457	43	20	74	0	500	500	500	500	500	500	40	
1.6949676514e+02	231	62	461	39	25	65	0	500	500	500	500	500	500	40	
1.6999885011e+02	233	61	459	41	16	81	0	500	500	500	500	500	500	40	
1.7049711959e+02	236	57	467	33	26	67	0	500	500	500	500	500	500	40	
1.7099846389e+02	237	56	468	32	21	76	0	500	500	500	500	500	500	40	
1.7149995178e+02	235	57	465	35	12	68	0	500	500	500	500	500	500	40	
1.7199988344e+02	237	55	456	44	24	68	0	500	500	500	500	500	500	40	
1.7249811666e+02	235	58	461	39	22	82	0	500	500	500	500	500	500	40	
1.7299869741e+02	235	58	462	38	20	84	0	500	500	500	500	500	500	40	
1.7349972126e+02	233	62	451	49	21	81	0	500	500	500	500	500	500	40	
1.7399886213e+02	233	62	439	61	16	67	0	500	500	500	500	500	500	40	
1.7449968449e+02	232	64	432	68	17	79	0	500	500	500	500	500	500	40	
1.7499938585e+02	227	69	426	74	19	86	0	500	500	500	500	500	500	40	
1.7549688734e+02	229	67	432	68	8	81	0	500	500	500	500	500	500	40	
1.7599958421e+02	231	65	436	64	26	70	0	500	500	500	500	500	500	40	
1.7649928127e+02	230	66	446	54	31	68	0	500	500	500	500	500	500	40	
1.7699732280e+02	230	68	445	55	19	73	0	500	500	500	500	500	500	40	
1.7749741053e+02	228	71	450	50	13	97	0	500	500	500	500	500	500	40	
1.7799920637e+02	230	70	449	51	14	74	0	500	500	500	500	500	500	40	
1.7849956937e+02	232	67	469	31	15	76	0	500	500	500	500	500	500	40	
1.7899986895e+02	231	67	468	32	25	85	0	500	500	500	500	500	500	40	
1.7949871554e+02	238	61	461	39	25	91	0	500	500	500	500	500	500	40	
1.7999969565e+02	237	63	468	32	18	78	0	500	500	500	500	500	500	40	
1.8049916276e+02	241	60	465	35	14	76	0	500	500	500	500	500	500	40	
1.8099869158e+02	240	61	462	38	26	63	0	500	500	500	500	500	500	40	
1.8149889768e+02	241	60	456	44	18	68	0	500	500	500	500	500	500	40	
1.8199995669e+02	238	63	433	67	16	68	0	500	500	500	500	500	500	40	
1.8249917458e+02	240	60	459	41	24	57	0	500	500	500	500	500	500	40	
1.8299963089e+02	237	62	451	49	23	74	0	500	500	500	500	500	500	40	
1.8349944690e+02	236	65	454	46	18	65	0	500	500	500	500	500	500	40	
1.8399927194e+02	237	66	436	64	24	71	0	500	500	500	500	500	500	40	
1.8449832081e+02	235	68	449	51	27	69	0	500	500	500	500	500	500	40	
1.8499972585e+02	238	67	459	41	17	73	0	500	500	500	500	500	500	40	
1.8549978721e+02	242	63	460	40	30	74	0	500	500	500	500	500	500	40	
1.8599800884e+02	239	66	467	33	27	69	0	500	500	500	500	500	500	40	
1.8649886020e+02	243	60	470	30	24	80	0	500	500	500	500	500	500	40	
1.8699994844e+02	245	60	469	31	21	88	0	500	500	500	500	500	500	40	
1.8749935426e+02	247	59	470	30	16	88	0	500	500	500	500	500	500	40	
1.8799938924e+02	245	61	462	38	28	85	0	500	500	500	500	500	500	40	
1.8849983504e+02	244	63	471	29	30	76	0	500	500	500	500	500	500	40	
1.8899983879e+02	242	65	468	32	23	86	0	500	500	500	500	500	500	40	
1.8949950320e+02	241	67	456	44	20	83	0	500	500	500	500	500	500	40	
1.8999993999e+02	246	64	453	47	22	79	0	500	500	500	500	500	500	40	
1.9049947781e+02	253	58	453	47	26	74	0	500	500	500	500	500	500	40	
1.9099991324e+02	253	56	462	38	12	94	0	500	500	500	500	500	500	40	
1.9149876952e+02	253	57	469	31	29	84	0	500	500	500	500	500	500	40	
1.9199870022e+02	253	57	466	34	19	90	0	500	500	500	500	500	500	40	
1.9249989193e+02	262	48	465	35	15	84	0	500	500	500	500	500	500	40	
1.9299961418e+02	261	48	470	30	13	94	0	500	500	500	500	500	500	40	
1.9349918193e+02	263	46	462	38	10	112	0	500	500	500	500	500	500	40	
1.9399925864e+02	267	43	470	30	19	94	0	500	500	500	500	500	500	40	
1.9449916905e+02	268	42	462	38	20	97	0	500	500	500	500	500	500	40	
1.9499774710e+02	265	46	457	43	18	89	0	500	500	500	500	500	500	40	
1.9549914558e+02	264	48	450	50	17	93	0	500	500	500	500	500	500	40	
1.9599795647e+02	263	50	448	52	15	72	0	500	500	500	500	500	500	40	
1.9649980210e+02	257	58	453	47	20	78	0	500	500	500	500	500	500	40	
1.9699995333e+02	257	58	458	42	10	92	0	500	500	500	500	500	500	40	
1.9749963050e+02	254	61	447	53	20	88	0	500	500	500	500	500	500	40	
1.9799991756e+02	248	66	450	50	19	75	0	500	500	500	500	500	500	40	
1.9849843390e+02	252	62	462	38	10	91	0	500	500	500	500	500	500	40	
1.9899988141e+02	254	61	461	39	18	79	0	500	500	500	500	500	500	40	
1.9949780554e+02	258	58	453	47	16	80	0	500	500	500	500	500	500	40	
1.9999927241e+02	254	65	444	56	15	89	0	500	500	500	500	500	500	40	
2.0049751094e+02	256	64	458	42	20	67	0	500	500	500	500	500	500	40	
2.0099948122e+02	252	67	455	45	24	78	0	500	500	500	500	500	500	40	
2.0149895541e+02	251	71	446	54	22	83	0	500	500	500	500	500	500	40	
2.0199993480e+02	251	73	451	49	15	67	0	500	500	500	500	500	500	40	
2.0249878748e+02	254	71	449	51	22	62	0	500	500	500	500	500	500	40	
2.0299969140e+02	254	72	441	59	16	91	0	500	500	500	500	500	500	40	
2.0349980899e+02	255	71	447	53	16	85	0	500	500	500	500	500	500	40	
2.0399990461e+02	254	71	435	65	20	75	0	500	500	500	500	500	500	40	
2.0449798148e+02	259	68	451	49	16	71	0	500	500	500	500	500	500	40	
2.0499825524e+02	258	70	455	45	19	75	0	500	500	500	500	500	500	40	
2.0549924533e+02	255	73	450	50	8	84	0	500	500	500	500	500	500	40	
2.0599925017e+02	254	74	449	51	16	72	0	500	500	500	500	500	500	40	
2.0649945589e+02	255	74	446	54	18	70	0	500	500	500	500	500	500	40	
2.0699935201e+02	253	76	457	43	24	84	0	500	500	500	500	500	500	40	
2.0749990666e+02	251	81	460	40	10	92	0	500	500	500	500	500	500	40	
2.0799804301e+02	253	78	453	47	22	70	0	500	500	500	500	500	500	40	
2.0849677789e+02	251	80	436	64	23	72	0	500	500	500	500	500	500	40	
2.0899911134e+02	252	78	444	56	21	95	0	500	500	500	500	500	500	40	
2.0949981821e+02	252	78	437	63	26	65	0	500	500	500	500	500	500	40	
2.0999980678e+02	250	80	429	71	18	88	0	500	500	500	500	500	500	40	
2.1049998817e+02	246	85	430	70	12	86	0	500	500	500	500	500	500	40	
2.1099950655e+02	244	89	435	65	23	72	0	500	500	500	500	500	500	40	
2.1149977052e+02	239	92	451	49	29	83	0	500	500	500	500	500	500	40	
2.1199873940e+02	238	94	463	37	23	70	0	500	500	500	500	500	500	40	
2.1249986135e+02	242	90	457	43	20	92	0	500	500	500	500	500	500	40	
2.1299919484e+02	245	91	465	35	23	82	0	500	500	500	500	500	500	40	
2.1349947068e+02	251	87	456	44	24	78	0	500	500	500	500	500	500	40	
2.1399937041e+02	258	81	461	39	27	70	0	500	500	500	500	500	500	40	
2.1449987610e+02	259	79	455	45	17	87	0	500	500	500	500	500	500	40	
2.1499989937e+02	260	80	458	42	22	66	0	500	500	500	500	500	500	40	
2.1549912158e+02	257	83	440	60	14	81	0	500	500	500	500	500	500	40	
2.1599777740e+02	261	80	437	63	21	78	0	500	500	500	500	500	500	40	
2.1649925854e+02	263	81	451	49	24	85	0	500	500	500	500	500	500	40	
2.1699904716e+02	265	80	442	58	21	84	0	500	500	500	500	500	500	40	
2.1749947251e+02	266	79	451	49	12	98	0	500	500	500	500	500	500	40	
2.1799986239e+02	265	80	464	36	21	79	0	500	500	500	500	500	500	40	
2.1849949914e+02	268	78	466	34	25	79	0	500	500	500	500	500	500	40	
2.1899733725e+02	274	74	466	34	15	94	0	500	500	500	500	500	500	40	
2.1949987687e+02	274	75	470	30	27	63	0	500	500	500	500	500	500	40	
2.1999973243e+02	277	72	470	30	22	79	0	500	500	500	500	500	500	40	
2.2049976698e+02	275	74	469	31	16	75	0	500	500	500	500	500	500	40	
2.2099994991e+02	273	75	473	27	21	70	0	500	500	500	500	500	500	40	
2.2149973605e+02	271	76	470	30	31	72	0	500	500	500	500	500	500	40	
2.2199971877e+02	273	75	466	34	13	84	0	500	500	500	500	500	500	40	
2.2249957375e+02	275	73	468	32	13	93	0	500	500	500	500	500	500	40	
2.2299954126e+02	275	74	463	37	25	69	0	500	500	500	500	500	500	40	
2.2349808136e+02	280	71	458	42	23	80	0	500	500	500	500	500	500	40	
2.2399975529e+02	283	69	447	53	22	79	0	500	500	500	500	500	500	40	
2.2449793014e+02	281	73	443	57	20	69	0	500	500	500	500	500	500	40	
2.2499994354e+02	278	76	439	61	16	83	0	500	500	500	500	500	500	40	
2.2549887166e+02	279	75	438	62	22	56	0	500	500	500	500	500	500	40	
2.2599926720e+02	281	74	449	51	18	71	0	500	500	500	500	500	500	40	
2.2649991447e+02	280	78	461	39	27	83	0	500	500	500	500	500	500	40	
2.2699897954e+02	280	79	438	62	26	75	0	500	500	500	500	500	500	40	
2.2749985276e+02	281	78	445	55	24	70	0	500	500	500	500	500	500	40	
2.2799845209e+02	281	78	448	52	25	62	0	500	500	500	500	500	500	40	
2.2849807768e+02	279	80	448	52	14	81	0	500	500	500	500	500	500	40	
2.2899944251e+02	285	73	457	43	20	88	0	500	500	500	500	500	500	40	
2.2949981602e+02	288	71	455	45	17	89	0	500	500	500	500	500	500	40	
2.2999705512e+02	287	72	466	34	34	70	0	500	500	500	500	500	500	40	
2.3049974834e+02	286	75	462	38	7	95	0	500	500	500	500	500	500	40	
2.3099970470e+02	283	78	466	34	27	72	0	500	500	500	500	500	500	40	
2.3149965814e+02	280	80	461	39	14	92	0	500	500	500	500	500	500	40	
2.3199934032e+02	281	80	453	47	23	101	0	500	500	500	500	500	500	40	
2.3249886957e+02	281	81	456	44	33	80	0	500	500	500	500	500	500	40	
2.3299924629e+02	284	78	446	54	20	85	0	500	500	500	500	500	500	40	
2.3349888467e+02	281	82	450	50	17	107	0	500	500	500	500	500	500	40	
2.3399639092e+02	285	81	455	45	34	81	0	500	500	500	500	500	500	40	
2.3449934736e+02	293	75	454	46	23	85	0	500	500	500	500	500	500	40	
2.3499900948e+02	296	73	449	51	32	73	0	500	500	500	500	500	500	40	
2.3549979388e+02	296	74	465	35	25	83	0	500	500	500	500	500	500	40	
2.3599890737e+02	300	71	456	44	21	92	0	500	500	500	500	500	500	40	
2.3649982663e+02	299	73	462	38	19	68	0	500	500	500	500	500	500	40	
2.3699960596e+02	300	70	464	36	17	74	0	500	500	500	500	500	500	40	
2.3749906484e+02	298	72	470	30	22	73	0	500	500	500	500	500	500	40	
2.3799870819e+02	303	68	465	35	22	74	0	500	500	500	500	500	500	40	
2.3849872386e+02	303	69	439	61	11	70	0	500	500	500	500	500	500	40	
2.3899940505e+02	298	74	433	67	17	73	0	500	500	500	500	500	500	40	
2.3949998273e+02	298	77	441	59	22	66	0	500	500	500	500	500	500	40	
2.3999988338e+02	297	81	440	60	22	78	0	500	500	500	500	500	500	40	
2.4049971537e+02	293	85	450	50	20	78	0	500	500	500	500	500	500	40	
2.4099963380e+02	296	82	458	42	21	83	0	500	500	500	500	500	500	40	
2.4149816338e+02	295	82	442	58	32	89	0	500	500	500	500	500	500	40	
2.4199834660e+02	297	84	450	50	17	77	0	500	500	500	500	500	500	40	
2.4249793179e+02	297	84	460	40	17	74	0	500	500	500	500	500	500	40	
2.4299971992e+02	297	83	447	53	16	95	0	500	500	500	500	500	500	40	
2.4349794597e+02	299	81	455	45	21	93	0	500	500	500	500	500	500	40	
2.4399874326e+02	300	79	467	33	26	76	0	500	500	500	500	500	500	40	
2.4449963024e+02	300	80	461	39	22	76	0	500	500	500	500	500	500	40	
2.4499966382e+02	303	79	457	43	17	88	0	500	500	500	500	500	500	40	
2.4549792339e+02	308	74	460	40	20	71	0	500	500	500	500	500	500	40	
2.4599901982e+02	313	69	460	40	24	76	0	500	500	500	500	500	500	40	
2.4649993696e+02	318	63	475	25	16	90	0	500	500	500	500	500	500	40	
2.4699972404e+02	324	57	479	21	20	70	0	500	500	500	500	500	500	40	
2.4749964615e+02	326	56	470	30	19	80	0	500	500	500	500	500	500	40	
2.4799867807e+02	325	59	468	32	15	100	0	500	500	500	500	500	500	40	
2.4849953006e+02	325	59	462	38	18	62	0	500	500	500	500	500	500	40	
2.4899901825e+02	324	60	454	46	13	60	0	500	500	500	500	500	500	40	
2.4949882198e+02	324	60	450	50	18	68	0	500	500	500	500	500	500	40	
2.4999971189e+02	323	61	446	54	12	70	0	500	500	500	500	500	500	40	
2.5049897359e+02	327	57	441	59	19	82	0	500	500	500	500	500	500	40	
2.5099854616e+02	325	59	452	48	18	82	0	500	500	500	500	500	500	40	
2.5149993832e+02	323	63	459	41	23	75	0	500	500	500	500	500	500	40	
2.5199969473e+02	325	63	461	39	21	92	0	500	500	500	500	500	500	40	
2.5249994851e+02	326	62	456	44	13	82	0	500	500	500	500	500	500	40	
2.5299791379e+02	326	62	453	47	21	79	0	500	500	500	500	500	500	40	
2.5349935655e+02	326	62	444	56	15	87	0	500	500	500	500	500	500	40	
2.5399764131e+02	328	60	445	55	16	92	0	500	500	500	500	500	500	40	
2.5449977000e+02	327	60	429	71	13	91	0	500	500	500	500	500	500	40	
2.5499834536e+02	323	65	415	85	16	89	0	500	500	500	500	500	500	40	
2.5549846901e+02	317	72	416	84	20	83	0	500	500	500	500	500	500	40	
2.5599657552e+02	314	76	429	71	24	81	0	500	500	500	500	500	500	40	
2.5649879887e+02	313	77	444	56	15	88	0	500	500	500	500	500	500	40	
2.5699906499e+02	315	76	444	56	20	71	0	500	500	500	500	500	500	40	
2.5749633848e+02	313	82	466	34	19	68	0	500	500	500	500	500	500	40	
2.5799776553e+02	314	83	472	28	24	74	0	500	500	500	500	500	500	40	
2.5849896406e+02	316	82	464	36	16	79	0	500	500	500	500	500	500	40	
2.5899955238e+02	317	83	462	38	29	82	0	500	500	500	500	500	500	40	
2.5949955011e+02	322	79	456	44	12	95	0	500	500	500	500	500	500	40	
2.5999904692e+02	315	86	457	43	19	71	0	500	500	500	500	500	500	40	
2.6049937168e+02	316	85	455	45	14	86	0	500	500	500	500	500	500	40	
2.6099893611e+02	319	85	456	44	17	88	0	500	500	500	500	500	500	40	
2.6149990236e+02	319	88	458	42	22	71	0	500	500	500	500	500	500	40	
2.6199769611e+02	318	89	453	47	15	84	0	500	500	500	500	500	500	40	
2.6249925088e+02	320	86	454	46	31	75	0	500	500	500	500	500	500	40	
2.6299767971e+02	324	82	446	54	19	82	0	500	500	500	500	500	500	40	
2.6349880531e+02	324	82	439	61	21	92	0	500	500	500	500	500	500	40	
2.6399977652e+02	324	81	435	65	23	53	0	500	500	500	500	500	500	40	
2.6449934381e+02	321	82	444	56	21	58	0	500	500	500	500	500	500	40	
2.6499983181e+02	317	86	451	49	16	73	0	500	500	500	500	500	500	40	
2.6549940845e+02	315	90	457	43	22	71	0	500	500	500	500	500	500	40	
2.6599922533e+02	317	87	459	41	19	87	0	500	500	500	500	500	500	40	
2.6649752298e+02	324	80	450	50	22	80	0	500	500	500	500	500	500	40	
2.6699962125e+02	325	79	455	45	20	68	0	500	500	500	500	500	500	40	
2.6749960367e+02	322	80	460	40	15	85	0	500	500	500	500	500	500	40	
2.6799870247e+02	322	81	462	38	26	74	0	500	500	500	500	500	500	40	
2.6849629006e+02	321	82	450	50	21	90	0	500	500	500	500	500	500	40	
2.6899873206e+02	319	84	450	50	22	79	0	500	500	500	500	500	500	40	
2.6949983276e+02	322	84	458	42	26	88	0	500	500	500	500	500	500	40	
2.6999977623e+02	329	78	457	43	18	97	0	500	500	500	500	500	500	40	
2.7049979945e+02	331	76	449	51	20	59	0	500	500	500	500	500	500	40	
2.7099679281e+02	331	78	441	59	24	58	0	500	500	500	500	500	500	40	
2.7149861107e+02	329	79	455	45	17	67	0	500	500	500	500	500	500	40	
2.7199673494e+02	329	81	460	40	19	64	0	500	500	500	500	500	500	40	
2.7249993530e+02	333	77	461	39	29	63	0	500	500	500	500	500	500	40	
2.7299964097e+02	337	73	460	40	17	77	0	500	500	500	500	500	500	40	
2.7349739735e+02	337	75	458	42	24	81	0	500	500	500	500	500	500	40	
2.7399850010e+02	338	75	460	40	25	80	0	500	500	500	500	500	500	40	
2.7449987048e+02	342	71	455	45	19	89	0	500	500	500	500	500	500	40	
2.7499985898e+02	335	79	448	52	21	89	0	500	500	500	500	500	500	40	
2.7549836106e+02	337	77	460	40	16	99	0	500	500	500	500	500	500	40	
2.7599942540e+02	342	74	451	49	11	93	0	500	500	500	500	500	500	40	
2.7649984355e+02	342	74	454	46	20	76	0	500	500	500	500	500	500	40	
2.7699985152e+02	340	76	458	42	14	96	0	500	500	500	500	500	500	40	
2.7749876073e+02	339	78	454	46	17	78	0	500	500	500	500	500	500	40	
2.7799901682e+02	336	81	440	60	19	84	0	500	500	500	500	500	500	40	
2.7849754470e+02	335	85	444	56	10	87	0	500	500	500	500	500	500	40	
2.7899960018e+02	335	85	463	37	31	90	0	500	500	500	500	500	500	40	
2.7949962509e+02	336	85	463	37	23	84	0	500	500	500	500	500	500	40	
2.7999997561e+02	334	88	469	31	16	79	0	500	500	500	500	500	500	40	
2.8049835460e+02	334	91	449	51	19	73	0	500	500	500	500	500	500	40	
2.8099999981e+02	331	95	443	57	19	78	0	500	500	500	500	500	500	40	
2.8149965327e+02	329	96	449	51	19	93	0	500	500	500	500	500	500	40	
2.8199955247e+02	332	94	460	40	25	85	0	500	500	500	500	500	500	40	
2.8249999941e+02	334	92	459	41	21	81	0	500	500	500	500	500	500	40	
2.8299972685e+02	331	95	450	50	25	65	0	500	500	500	500	500	500	40	
2.8349954496e+02	333	93	452	48	28	82	0	500	500	500	500	500	500	40	
2.8399755698e+02	338	89	461	39	17	89	0	500	500	500	500	500	500	40	
2.8449959109e+02	344	83	463	37	19	68	0	500	500	500	500	500	500	40	
2.8499914510e+02	345	83	459	41	38	74	0	500	500	500	500	500	500	40	
2.8549991143e+02	343	87	463	37	18	84	0	500	500	500	500	500	500	40	
2.8599958007e+02	350	79	466	34	23	82	0	500	500	500	500	500	500	40	
2.8649951163e+02	352	77	452	48	29	70	0	500	500	500	500	500	500	40	
2.8699798076e+02	349	80	456	44	20	65	0	500	500	500	500	500	500	40	
2.8749953257e+02	346	82	451	49	22	80	0	500	500	500	500	500	500	40	
2.8799863672e+02	349	79	457	43	20	100	0	500	500	500	500	500	500	40	
2.8849792644e+02	350	81	459	41	19	94	0	500	500	500	500	500	500	40	
2.8899988117e+02	351	80	467	33	18	88	0	500	500	500	500	500	500	40	
2.8949742988e+02	353	78	465	35	32	80	0	500	500	500	500	500	500	40	
2.8999953246e+02	351	79	453	47	16	88	0	500	500	500	500	500	500	40	
2.9049899872e+02	347	85	446	54	18	81	0	500	500	500	500	500	500	40	
2.9099930815e+02	345	89	454	46	24	75	0	500	500	500	500	500	500	40	
2.9149994936e+02	349	85	451	49	30	65	0	500	500	500	500	500	500	40	
2.9199933425e+02	348	85	446	54	22	86	0	500	500	500	500	500	500	40	
2.9249871295e+02	350	83	450	50	16	87	0	500	500	500	500	500	500	40	
2.9299849483e+02	350	83	458	42	15	71	0	500	500	500	500	500	500	40	
2.9349939620e+02	349	86	454	46	18	85	0	500	500	500	500	500	500	40	
2.9399691333e+02	345	87	442	58	17	87	0	500	500	500	500	500	500	40	
2.9449879844e+02	343	88	441	59	22	77	0	500	500	500	500	500	500	40	
2.9499952157e+02	343	89	436	64	13	62	0	500	500	500	500	500	500	40	
2.9549946301e+02	344	89	457	43	17	71	0	500	500	500	500	500	500	40	
2.9599809119e+02	347	87	449	51	10	99	0	500	500	500	500	500	500	40	
2.9649658357e+02	349	83	453	47	18	82	0	500	500	500	500	500	500	40	
2.9699971450e+02	357	76	437	63	23	82	0	500	500	500	500	500	500	40	
2.9749908963e+02	352	81	452	48	15	82	0	500	500	500	500	500	500	40	
2.9799737667e+02	353	80	450	50	22	65	0	500	500	500	500	500	500	40	
2.9849778887e+02	354	81	446	54	20	89	0	500	500	500	500	500	500	40	
2.9899923584e+02	351	82	454	46	21	77	0	500	500	500	500	500	500	40	
2.9949971166e+02	351	84	458	42	28	60	0	500	500	500	500	500	500	40	
2.9999968877e+02	355	78	451	49	16	71	0	500	500	500	500	500	500	40	
3.0049998268e+02	358	75	453	47	12	66	0	500	500	500	500	500	500	40	
3.0099919276e+02	359	74	452	48	21	82	0	500	500	500	500	500	500	40	
3.0149815435e+02	357	75	452	48	21	82	0	500	500	500	500	500	500	40	
3.0199553489e+02	356	75	454	46	25	66	0	500	500	500	500	500	500	40	
3.0249967704e+02	357	73	448	52	17	82	0	500	500	500	500	500	500	40	
3.0299981703e+02	357	73	446	54	18	88	0	500	500	500	500	500	500	40	
3.0349992541e+02	356	76	458	42	27	69	0	500	500	500	500	500	500	40	
3.0399920469e+02	354	79	464	36	11	85	0	500	500	500	500	500	500	40	
3.0449701149e+02	360	74	466	34	19	87	0	500	500	500	500	500	500	40	
3.0499947785e+02	361	74	464	36	19	72	0	500	500	500	500	500	500	40	
3.0549816530e+02	359	74	456	44	18	75	0	500	500	500	500	500	500	40	
3.0599696112e+02	357	76	458	42	17	77	0	500	500	500	500	500	500	40	
3.0649936717e+02	362	72	447	53	14	68	0	500	500	500	500	500	500	40	
3.0699979061e+02	363	73	449	51	22	72	0	500	500	500	500	500	500	40	
3.0749946202e+02	365	73	438	62	19	81	0	500	500	500	500	500	500	40	
3.0799850145e+02	362	78	442	58	19	72	0	500	500	500	500	500	500	40	
3.0849809127e+02	360	80	434	66	15	75	0	500	500	500	500	500	500	40	
3.0899710865e+02	357	82	445	55	11	75	0	500	500	500	500	500	500	40	
3.0949955145e+02	353	84	450	50	19	83	0	500	500	500	500	500	500	40	
3.0999949246e+02	359	79	456	44	15	89	0	500	500	500	500	500	500	40	
3.1049850320e+02	360	78	459	41	14	76	0	500	500	500	500	500	500	40	
3.1099993099e+02	360	78	457	43	23	83	0	500	500	500	500	500	500	40	
3.1149977742e+02	359	81	457	43	16	89	0	500	500	500	500	500	500	40	
3.1199855204e+02	355	85	457	43	16	95	0	500	500	500	500	500	500	40	
3.1249946882e+02	361	78	457	43	15	92	0	500	500	500	500	500	500	40	
3.1299858119e+02	361	79	437	63	24	74	0	500	500	500	500	500	500	40	
3.1349785251e+02	358	81	442	58	18	62	0	500	500	500	500	500	500	40	
3.1399927384e+02	354	85	442	58	21	92	0	500	500	500	500	500	500	40	
3.1449982904e+02	356	84	434	66	24	89	0	500	500	500	500	500	500	40	
3.1499969821e+02	354	87	436	64	25	86	0	500	500	500	500	500	500	40	
3.1549950113e+02	352	90	438	62	25	81	0	500	500	500	500	500	500	40	
3.1599978824e+02	352	89	446	54	30	59	0	500	500	500	500	500	500	40	
3.1649985795e+02	350	92	442	58	24	73	0	500	500	500	500	500	500	40	
3.1699939921e+02	355	88	452	48	23	87	0	500	500	500	500	500	500	40	
3.1749988265e+02	366	78	443	57	21	72	0	500	500	500	500	500	500	40	
3.1799937275e+02	361	84	431	69	17	75	0	500	500	500	500	500	500	40	
3.1849923269e+02	366	79	441	59	34	72	0	500	500	500	500	500	500	40	
3.1899959533e+02	365	81	461	39	20	71	0	500	500	500	500	500	500	40	
3.1949986092e+02	358	88	459	41	28	71	0	500	500	500	500	500	500	40	
3.1999957230e+02	359	89	456	44	19	88	0	500	500	500	500	500	500	40	
3.2049959608e+02	362	85	461	39	29	80	0	500	500	500	500	500	500	40	
3.2099938083e+02	363	84	462	38	18	85	0	500	500	500	500	500	500	40	
3.2149765045e+02	362	84	455	45	15	80	0	500	500	500	500	500	500	40	
3.2199901861e+02	365	81	454	46	22	77	0	500	500	500	500	500	500	40	
3.2249775634e+02	366	79	470	30	11	90	0	500	500	500	500	500	500	40	
3.2299939914e+02	361	84	460	40	17	76	0	500	500	500	500	500	500	40	
3.2349989795e+02	366	81	460	40	19	68	0	500	500	500	500	500	500	40	
3.2399883869e+02	362	87	455	45	24	66	0	500	500	500	500	500	500	40	
3.2449949634e+02	361	89	451	49	35	83	0	500	500	500	500	500	500	40	
3.2499994222e+02	360	92	455	45	21	88	0	500	500	500	500	500	500	40	
3.2549798343e+02	365	88	457	43	24	75	0	500	500	500	500	500	500	40	
3.2599947071e+02	369	83	460	40	30	77	0	500	500	500	500	500	500	40	
3.2649984665e+02	371	80	464	36	24	88	0	500	500	500	500	500	500	40	
3.2699901735e+02	372	81	464	36	17	98	0	500	500	500	500	500	500	40	
3.2749882496e+02	371	84	469	31	19	82	0	500	500	500	500	500	500	40	
3.2799911562e+02	368	88	463	37	23	71	0	500	500	500	500	500	500	40	
3.2849868280e+02	375	81	469	31	22	63	0	500	500	500	500	500	500	40	
3.2899954715e+02	376	80	462	38	14	87	0	500	500	500	500	500	500	40	
3.2949990391e+02	378	79	453	47	21	84	0	500	500	500	500	500	500	40	
3.2999979407e+02	378	77	449	51	20	86	0	500	500	500	500	500	500	40	
3.3049984143e+02	380	75	449	51	23	89	0	500	500	500	500	500	500	40	
3.3099962905e+02	380	77	440	60	25	87	0	500	500	500	500	500	500	40	
3.3149954289e+02	380	78	445	55	19	66	0	500	500	500	500	500	500	40	
3.3199981126e+02	384	76	459	41	19	70	0	500	500	500	500	500	500	40	
3.3249946093e+02	390	72	459	41	28	78	0	500	500	500	500	500	500	40	
3.3299879271e+02	389	73	471	29	16	89	0	500	500	500	500	500	500	40	
3.3349808297e+02	390	72	470	30	18	86	0	500	500	500	500	500	500	40	
3.3399968420e+02	393	71	465	35	24	71	0	500	500	500	500	500	500	40	
3.3449872874e+02	393	71	463	37	14	65	0	500	500	500	500	500	500	40	
3.3499955369e+02	395	68	458	42	14	72	0	500	500	500	500	500	500	40	
3.3549816891e+02	393	70	462	38	15	98	0	500	500	500	500	500	500	40	
3.3599708846e+02	396	68	474	26	20	95	0	500	500	500	500	500	500	40	
3.3649972784e+02	399	67	474	26	25	92	0	500	500	500	500	500	500	40	
3.3699828031e+02	401	68	465	35	19	87	0	500	500	500	500	500	500	40	
3.3749887096e+02	396	72	462	38	19	58	0	500	500	500	500	500	500	40	
3.3799889847e+02	397	72	457	43	22	70	0	500	500	500	500	500	500	40	
3.3849929966e+02	397	72	451	49	18	75	0	500	500	500	500	500	500	40	
3.3899997590e+02	398	71	463	37	14	86	0	500	500	500	500	500	500	40	
3.3949626915e+02	401	70	463	37	19	77	0	500	500	500	500	500	500	40	
3.3999917083e+02	398	73	449	51	21	71	0	500	500	500	500	500	500	40	
3.4049775244e+02	401	72	453	47	24	78	0	500	500	500	500	500	500	40	
3.4099909150e+02	400	76	462	38	21	81	0	500	500	500	500	500	500	40	
3.4149745854e+02	400	76	474	26	18	84	0	500	500	500	500	500	500	40	
3.4199925393e+02	401	76	468	32	14	77	0	500	500	500	500	500	500	40	
3.4249911467e+02	401	77	452	48	23	86	0	500	500	500	500	500	500	40	
3.4299950246e+02	404	76	453	47	18	82	0	500	500	500	500	500	500	40	
3.4349998573e+02	402	79	461	39	28	64	0	500	500	500	500	500	500	40	
3.4399933015e+02	403	78	461	39	17	69	0	500	500	500	500	500	500	40	
3.4449863027e+02	403	80	459	41	17	83	0	500	500	500	500	500	500	40	
3.4499969019e+02	404	79	454	46	27	76	0	500	500	500	500	500	500	40	
3.4549974289e+02	409	74	465	35	19	94	0	500	500	500	500	500	500	40	
3.4599900308e+02	407	75	447	53	24	79	0	500	500	500	500	500	500	40	
3.4649986903e+02	409	73	452	48	18	67	0	500	500	500	500	500	500	40	
3.4699926277e+02	402	81	459	41	22	58	0	500	500	500	500	500	500	40	
3.4749973770e+02	400	82	470	30	21	74	0	500	500	500	500	500	500	40	
3.4799973167e+02	397	82	454	46	29	67	0	500	500	500	500	500	500	40	
3.4849811942e+02	396	82	449	51	20	95	0	500	500	500	500	500	500	40	
3.4899870405e+02	398	79	449	51	36	68	0	500	500	500	500	500	500	40	
3.4949900425e+02	400	78	451	49	12	88	0	500	500	500	500	500	500	40	
3.4999993147e+02	399	79	444	56	19	70	0	500	500	500	500	500	500	40	
3.5049719520e+02	396	83	457	43	27	76	0	500	500	500	500	500	500	40	
3.5099991368e+02	397	81	459	41	28	93	0	500	500	500	500	500	500	40	
3.5149974922e+02	397	81	438	62	14	88	0	500	500	500	500	500	500	40	
3.5199979452e+02	397	81	447	53	23	75	0	500	500	500	500	500	500	40	
3.5249905600e+02	392	85	447	53	22	65	0	500	500	500	500	500	500	40	
3.5299722186e+02	388	88	462	38	15	75	0	500	500	500	500	500	500	40	
3.5349984696e+02	388	89	464	36	18	70	0	500	500	500	500	500	500	40	
3.5399883988e+02	388	89	460	40	15	73	0	500	500	500	500	500	500	40	
3.5449999132e+02	389	89	452	48	18	78	0	500	500	500	500	500	500	40	
3.5499902027e+02	387	93	451	49	19	78	0	500	500	500	500	500	500	40	
3.5549986488e+02	386	95	449	51	26	84	0	500	500	500	500	500	500	40	
3.5599986739e+02	384	97	435	65	24	67	0	500	500	500	500	500	500	40	
3.5649870589e+02	381	101	443	57	22	60	0	500	500	500	500	500	500	40	
3.5699873132e+02	384	98	447	53	25	78	0	500	500	500	500	500	500	40	
3.5749946548e+02	388	95	450	50	17	90	0	500	500	500	500	500	500	40	
3.5799974570e+02	381	102	441	59	26	88	0	500	500	500	500	500	500	40	
3.5849923693e+02	380	102	440	60	21	100	0	500	500	500	500	500	500	40	
3.5899862563e+02	385	95	440	60	23	76	0	500	500	500	500	500	500	40	
3.5949950047e+02	381	98	436	64	17	70	0	500	500	500	500	500	500	40	
3.5999972540e+02	383	96	431	69	21	83	0	500	500	500	500	500	500	40	
3.6049835352e+02	383	95	424	76	22	84	0	500	500	500	500	500	500	40	
3.6099810849e+02	380	98	432	68	26	74	0	500	500	500	500	500	500	40	
3.6149916234e+02	379	99	434	66	22	76	0	500	500	500	500	500	500	40	
3.6199835206e+02	378	99	458	42	17	81	0	500	500	500	500	500	500	40	
3.6249849548e+02	382	97	459	41	22	73	0	500	500	500	500	500	500	40	
3.6299991629e+02	383	96	467	33	17	92	0	500	500	500	500	500	500	40	
3.6349871160e+02	390	90	466	34	23	79	0	500	500	500	500	500	500	40	
3.6399926975e+02	390	90	463	37	29	88	0	500	500	500	500	500	500	40	
3.6449971768e+02	393	88	455	45	18	88	0	500	500	500	500	500	500	40	
3.6499996859e+02	396	87	470	30	20	82	0	500	500	500	500	500	500	40	
3.6549981612e+02	391	93	456	44	13	91	0	500	500	500	500	500	500	40	
3.6599776510e+02	390	94	469	31	16	94	0	500	500	500	500	500	500	40	
3.6649953487e+02	400	85	464	36	17	74	0	500	500	500	500	500	500	40	
3.6699819735e+02	402	84	455	45	17	69	0	500	500	500	500	500	500	40	
3.6749993526e+02	401	85	459	41	21	71	0	500	500	500	500	500	500	40	
3.6799778667e+02	404	83	455	45	17	86	0	500	500	500	500	500	500	40	
3.6849976960e+02	403	82	458	42	20	88	0	500	500	500	500	500	500	40	
3.6899634519e+02	408	78	463	37	22	75	0	500	500	500	500	500	500	40	
3.6949988357e+02	407	79	464	36	24	84	0	500	500	500	500	500	500	40	
3.6999931383e+02	411	76	463	37	13	96	0	500	500	500	500	500	500	40	
3.7049610835e+02	408	79	456	44	20	85	0	500	500	500	500	500	500	40	
3.7099951283e+02	405	81	462	38	11	74	0	500	500	500	500	500	500	40	
3.7149997033e+02	405	80	456	44	14	80	0	500	500	500	500	500	500	40	
3.7199847308e+02	405	79	447	53	24	87	0	500	500	500	500	500	500	40	
3.7249818477e+02	408	75	445	55	23	86	0	500	500	500	500	500	500	40	
3.7299996269e+02	411	74	454	46	29	77	0	500	500	500	500	500	500	40	
3.7349990196e+02	415	70	471	29	27	62	0	500	500	500	500	500	500	40	
3.7399692025e+02	416	72	469	31	30	80	0	500	500	500	500	500	500	40	
3.7449959545e+02	418	70	458	42	10	89	0	500	500	500	500	500	500	40	
3.7499985146e+02	424	66	470	30	17	73	0	500	500	500	500	500	500	40	
3.7549930414e+02	423	67	458	42	22	69	0	500	500	500	500	500	500	40	
3.7599969341e+02	420	69	453	47	23	70	0	500	500	500	500	500	500	40	
3.7649696327e+02	414	76	455	45	14	66	0	500	500	500	500	500	500	40	
3.7699851731e+02	413	77	457	43	28	60	0	500	500	500	500	500	500	40	
3.7749999303e+02	416	73	459	41	19	84	0	500	500	500	500	500	500	40	
3.7799866268e+02	416	74	455	45	9	95	0	500	500	500	500	500	500	40	
3.7849992242e+02	413	78	465	35	24	81	0	500	500	500	500	500	500	40	
3.7899973657e+02	416	76	470	30	30	85	0	500	500	500	500	500	500	40	
3.7949852799e+02	422	71	443	57	21	83	0	500	500	500	500	500	500	40	
3.7999939488e+02	416	78	448	52	18	80	0	500	500	500	500	500	500	40	
3.8049904862e+02	418	77	456	44	22	67	0	500	500	500	500	500	500	40	
3.8099741007e+02	422	74	460	40	21	79	0	500	500	500	500	500	500	40	
3.8149955942e+02	426	70	450	50	23	73	0	500	500	500	500	500	500	40	
3.8199969695e+02	424	73	457	43	18	82	0	500	500	500	500	500	500	40	
3.8249925305e+02	423	74	449	51	25	76	0	500	500	500	500	500	500	40	
3.8299931535e+02	421	75	460	40	27	70	0	500	500	500	500	500	500	40	
3.8349987199e+02	422	75	442	58	18	72	0	500	500	500	500	500	500	40	
3.8399995560e+02	415	81	441	59	25	75	0	500	500	500	500	500	500	40	
3.8449956428e+02	415	82	448	52	24	85	0	500	500	500	500	500	500	40	
3.8499976673e+02	412	88	447	53	12	104	0	500	500	500	500	500	500	40	
3.8549896011e+02	408	92	447	53	22	84	0	500	500	500	500	500	500	40	
3.8599937931e+02	415	88	449	51	14	96	0	500	500	500	500	500	500	40	
3.8649931825e+02	420	87	448	52	42	52	0	500	500	500	500	500	500	40	
3.8699993504e+02	420	87	464	36	13	88	0	500	500	500	500	500	500	40	
3.8749547547e+02	417	89	462	38	27	82	0	500	500	500	500	500	500	40	
3.8799559243e+02	422	82	466	34	30	96	0	500	500	500	500	500	500	40	
3.8849935269e+02	419	85	467	33	22	97	0	500	500	500	500	500	500	40	
3.8899930953e+02	421	82	452	48	31	75	0	500	500	500	500	500	500	40	
3.8949951160e+02	419	83	447	53	28	85	0	500	500	500	500	500	500	40	
3.8999964636e+02	420	82	458	42	23	70	0	500	500	500	500	500	500	40	
3.9049987274e+02	418	84	444	56	25	83	0	500	500	500	500	500	500	40	
3.9099919594e+02	422	81	450	50	23	99	0	500	500	500	500	500	500	40	
3.9149883499e+02	411	93	443	57	21	71	0	500	500	500	500	500	500	40	
3.9199763847e+02	409	95	441	59	18	68	0	500	500	500	500	500	500	40	
3.9249982968e+02	415	90	451	49	20	84	0	500	500	500	500	500	500	40	
3.9299905535e+02	417	87	451	49	16	79	0	500	500	500	500	500	500	40	
3.9349990135e+02	415	90	462	38	22	96	0	500	500	500	500	500	500	40	
3.9399981145e+02	412	92	465	35	15	80	0	500	500	500	500	500	500	40	
3.9449981074e+02	414	92	464	36	17	86	0	500	500	500	500	500	500	40	
3.9499931694e+02	418	87	464	36	20	85	0	500	500	500	500	500	500	40	
3.9549945554e+02	422	84	470	30	25	82	0	500	500	500	500	500	500	40	
3.9599920605e+02	423	84	464	36	15	79	0	500	500	500	500	500	500	40	
3.9649948497e+02	421	88	454	46	26	66	0	500	500	500	500	500	500	40	
3.9699927635e+02	418	90	449	51	35	72	0	500	500	500	500	500	500	40	
3.9749898601e+02	420	89	457	43	21	82	0	500	500	500	500	500	500	40	
3.9799920104e+02	418	91	448	52	16	65	0	500	500	500	500	500	500	40	
3.9849811890e+02	418	90	455	45	21	69	0	500	500	500	500	500	500	40	
3.9899927276e+02	416	91	455	45	24	67	0	500	500	500	500	500	500	40	
3.9949960138e+02	415	92	461	39	16	90	0	500	500	500	500	500	500	40	
3.9999999688e+02	414	91	456	44	21	74	0	500	500	500	500	500	500	40	
4.0049880636e+02	410	97	453	47	16	70	0	500	500	500	500	500	500	40	
4.0099916399e+02	415	94	455	45	13	73	0	500	500	500	500	500	500	40	
4.0149991395e+02	418	89	446	54	24	78	0	500	500	500	500	500	500	40	
4.0199958155e+02	416	93	457	43	17	87	0	500	500	500	500	500	500	40	
4.0249973064e+02	414	95	453	47	15	93	0	500	500	500	500	500	500	40	
4.0299928926e+02	422	88	461	39	24	88	0	500	500	500	500	500	500	40	
4.0349788596e+02	427	83	456	44	17	90	0	500	500	500	500	500	500	40	
4.0399986579e+02	427	83	461	39	32	84	0	500	500	500	500	500	500	40	
4.0449993136e+02	422	90	450	50	15	86	0	500	500	500	500	500	500	40	
4.0499922399e+02	429	83	454	46	18	76	0	500	500	500	500	500	500	40	
4.0549799396e+02	423	93	454	46	20	77	0	500	500	500	500	500	500	40	
4.0599876157e+02	422	94	457	43	27	79	0	500	500	500	500	500	500	40	
4.0649936829e+02	423	95	440	60	27	68	0	500	500	500	500	500	500	40	
4.0699959341e+02	420	99	441	59	14	93	0	500	500	500	500	500	500	40	
4.0749855651e+02	423	97	435	65	24	81	0	500	500	500	500	500	500	40	
4.0799715347e+02	418	102	445	55	21	68	0	500	500	500	500	500	500	40	
4.0849963969e+02	417	103	454	46	23	82	0	500	500	500	500	500	500	40	
4.0899994566e+02	421	100	455	45	25	77	0	500	500	500	500	500	500	40	
4.0949750494e+02	426	96	451	49	20	76	0	500	500	500	500	500	500	40	
4.0999948362e+02	428	93	441	59	17	70	0	500	500	500	500	500	500	40	
4.1049941204e+02	426	97	434	66	26	65	0	500	500	500	500	500	500	40	
4.1099968195e+02	429	96	434	66	20	85	0	500	500	500	500	500	500	40	
4.1149971237e+02	430	95	431	69	28	68	0	500	500	500	500	500	500	40	
4.1199952500e+02	422	103	434	66	19	103	0	500	500	500	500	500	500	40	
4.1249814413e+02	416	108	441	59	18	90	0	500	500	500	500	500	500	40	
4.1299768993e+02	414	110	441	59	20	88	0	500	500	500	500	500	500	40	
4.1349844015e+02	422	103	440	60	21	81	0	500	500	500	500	500	500	40	
4.1399930012e+02	423	103	439	61	28	83	0	500	500	500	500	500	500	40	
4.1449952144e+02	424	101	445	55	19	92	0	500	500	500	500	500	500	40	
4.1499932062e+02	419	108	441	59	19	87	0	500	500	500	500	500	500	40	
4.1549965103e+02	423	104	451	49	30	72	0	500	500	500	500	500	500	40	
4.1599981942e+02	430	99	454	46	17	74	0	500	500	500	500	500	500	40	
4.1649959540e+02	431	99	457	43	26	71	0	500	500	500	500	500	500	40	
4.1699787570e+02	431	99	452	48	18	89	0	500	500	500	500	500	500	40	
4.1749904902e+02	429	102	443	57	26	77	0	500	500	500	500	500	500	40	
4.1799740098e+02	430	102	432	68	24	68	0	500	500	500	500	500	500	40	
4.1849793488e+02	428	106	435	65	25	79	0	500	500	500	500	500	500	40	
4.1899851328e+02	430	104	451	49	19	88	0	500	500	500	500	500	500	40	
4.1949983965e+02	432	102	452	48	19	83	0	500	500	500	500	500	500	40	
4.1999991185e+02	433	102	442	58	27	76	0	500	500	500	500	500	500	40	
4.2049993564e+02	430	105	452	48	30	78	0	500	500	500	500	500	500	40	
4.2099740152e+02	431	103	438	62	14	75	0	500	500	500	500	500	500	40	
4.2149985131e+02	435	97	433	67	21	81	0	500	500	500	500	500	500	40	
4.2199811204e+02	438	93	442	58	22	81	0	500	500	500	500	500	500	40	
4.2249969316e+02	435	97	447	53	20	80	0	500	500	500	500	500	500	40	
4.2299862401e+02	433	97	453	47	17	73	0	500	500	500	500	500	500	40	
4.2349941548e+02	431	99	450	50	12	102	0	500	500	500	500	500	500	40	
4.2399772209e+02	432	100	454	46	17	81	0	500	500	500	500	500	500	40	
4.2449968323e+02	433	99	449	51	25	61	0	500	500	500	500	500	500	40	
4.2499922883e+02	433	100	444	56	20	91	0	500	500	500	500	500	500	40	
4.2549944204e+02	436	99	452	48	21	70	0	500	500	500	500	500	500	40	
4.2599978610e+02	433	101	443	57	23	87	0	500	500	500	500	500	500	40	
4.2649992432e+02	435	97	441	59	22	91	0	500	500	500	500	500	500	40	
4.2699984794e+02	442	90	443	57	19	88	0	500	500	500	500	500	500	40	
4.2749798626e+02	437	96	459	41	24	65	0	500	500	500	500	500	500	40	
4.2799883284e+02	434	101	461	39	20	86	0	500	500	500	500	500	500	40	
4.2849945552e+02	444	91	462	38	25	72	0	500	500	500	500	500	500	40	
4.2899915067e+02	446	90	460	40	34	67	0	500	500	500	500	500	500	40	
4.2949999333e+02	447	87	469	31	23	81	0	500	500	500	500	500	500	40	
4.2999989623e+02	449	86	466	34	16	77	0	500	500	500	500	500	500	40	
4.3049959648e+02	452	83	464	36	12	100	0	500	500	500	500	500	500	40	
4.3099925547e+02	456	79	454	46	24	66	0	500	500	500	500	500	500	40	
4.3149951932e+02	456	82	454	46	25	76	0	500	500	500	500	500	500	40	
4.3199978501e+02	461	77	451	49	21	80	0	500	500	500	500	500	500	40	
4.3249959939e+02	458	78	455	45	17	74	0	500	500	500	500	500	500	40	
4.3299952898e+02	456	80	452	48	26	94	0	500	500	500	500	500	500	40	
4.3349970327e+02	458	79	460	40	20	95	0	500	500	500	500	500	500	40	
4.3399992551e+02	460	74	466	34	37	88	0	500	500	500	500	500	500	40	
4.3449821488e+02	464	71	463	37	18	97	0	500	500	500	500	500	500	40	
4.3499944260e+02	460	76	464	36	32	80	0	500	500	500	500	500	500	40	
4.3549879673e+02	459	78	463	37	20	83	0	500	500	500	500	500	500	40	
4.3599865417e+02	461	76	464	36	22	68	0	500	500	500	500	500	500	40	
4.3649986346e+02	456	83	460	40	17	73	0	500	500	500	500	500	500	40	
4.3699964244e+02	456	84	463	37	20	84	0	500	500	500	500	500	500	40	
4.3749999435e+02	458	82	457	43	30	69	0	500	500	500	500	500	500	40	
4.3799999741e+02	458	81	443	57	21	74	0	500	500	500	500	500	500	40	
4.3849991916e+02	459	81	452	48	13	83	0	500	500	500	500	500	500	40	
4.3899826988e+02	456	86	439	61	18	76	0	500	500	500	500	500	500	40	
4.3949943535e+02	451	92	436	64	19	77	0	500	500	500	500	500	500	40	
4.3999995732e+02	450	95	441	59	22	71	0	500	500	500	500	500	500	40	
4.4049751275e+02	450	98	439	61	20	89	0	500	500	500	500	500	500	40	
4.4099894188e+02	449	100	443	57	25	85	0	500	500	500	500	500	500	40	
4.4149992996e+02	447	101	445	55	28	78	0	500	500	500	500	500	500	40	
4.4199930524e+02	451	97	450	50	23	66	0	500	500	500	500	500	500	40	
4.4249740230e+02	449	99	441	59	31	65	0	500	500	500	500	500	500	40	
4.4299859366e+02	446	102	447	53	21	84	0	500	500	500	500	500	500	40	
4.4349901891e+02	448	100	458	42	39	78	0	500	500	500	500	500	500	40	
4.4399940769e+02	448	101	455	45	32	68	0	500	500	500	500	500	500	40	
4.4449622949e+02	456	94	464	36	19	78	0	500	500	500	500	500	500	40	
4.4499960854e+02	455	94	465	35	19	82	0	500	500	500	500	500	500	40	
4.4549906574e+02	451	96	466	34	18	82	0	500	500	500	500	500	500	40	
4.4599921443e+02	446	100	448	52	15	77	0	500	500	500	500	500	500	40	
4.4649909313e+02	446	100	443	57	20	69	0	500	500	500	500	500	500	40	
4.4699685527e+02	451	93	454	46	19	82	0	500	500	500	500	500	500	40	
4.4749915514e+02	451	94	450	50	21	90	0	500	500	500	500	500	500	40	
4.4799885741e+02	457	89	455	45	19	77	0	500	500	500	500	500	500	40	
4.4849929356e+02	454	92	452	48	32	78	0	500	500	500	500	500	500	40	
4.4899828166e+02	454	92	450	50	18	83	0	500	500	500	500	500	500	40	
4.4949810772e+02	453	93	455	45	25	85	0	500	500	500	500	500	500	40	
4.4999890563e+02	449	98	458	42	17	73	0	500	500	500	500	500	500	40	
4.5049979941e+02	451	96	455	45	20	75	0	500	500	500	500	500	500	40	
4.5099965491e+02	462	85	460	40	24	71	0	500	500	500	500	500	500	40	
4.5149604045e+02	457	87	460	40	17	67	0	500	500	500	500	500	500	40	
4.5199987199e+02	459	86	462	38	22	72	0	500	500	500	500	500	500	40	
4.5249909168e+02	464	82	470	30	17	72	0	500	500	500	500	500	500	40	
4.5299931747e+02	467	79	468	32	24	66	0	500	500	500	500	500	500	40	
4.5349963814e+02	462	84	467	33	24	67	0	500	500	500	500	500	500	40	
4.5399994460e+02	463	83	461	39	19	64	0	500	500	500	500	500	500	40	
4.5449864241e+02	459	86	465	35	20	65	0	500	500	500	500	500	500	40	
4.5499982819e+02	465	79	462	38	18	80	0	500	500	500	500	500	500	40	
4.5549637998e+02	460	83	454	46	8	76	0	500	500	500	500	500	500	40	
4.5599959931e+02	462	82	458	42	25	65	0	500	500	500	500	500	500	40	
4.5649971798e+02	467	77	461	39	12	75	0	500	500	500	500	500	500	40	
4.5699985161e+02	462	82	448	52	13	80	0	500	500	500	500	500	500	40	
4.5749718774e+02	460	85	462	38	19	79	0	500	500	500	500	500	500	40	
4.5799875159e+02	463	81	463	37	14	74	0	500	500	500	500	500	500	40	
4.5849985168e+02	463	82	449	51	22	104	0	500	500	500	500	500	500	40	
4.5899917407e+02	461	84	452	48	23	82	0	500	500	500	500	500	500	40	
4.5949961240e+02	460	85	458	42	22	91	0	500	500	500	500	500	500	40	
4.5999925237e+02	462	84	462	38	20	88	0	500	500	500	500	500	500	40	
4.6049916306e+02	463	83	468	32	27	73	0	500	500	500	500	500	500	40	
4.6099971518e+02	461	85	452	48	23	88	0	500	500	500	500	500	500	40	
4.6149874702e+02	464	81	456	44	21	74	0	500	500	500	500	500	500	40	
4.6199983632e+02	470	74	452	48	23	89	0	500	500	500	500	500	500	40	
4.6249888383e+02	466	78	460	40	25	74	0	500	500	500	500	500	500	40	
4.6299826232e+02	469	76	462	38	16	63	0	500	500	500	500	500	500	40	
4.6349899999e+02	463	83	453	47	21	79	0	500	500	500	500	500	500	40	
4.6399727299e+02	463	85	448	52	19	83	0	500	500	500	500	500	500	40	
4.6449928471e+02	458	93	446	54	21	101	0	500	500	500	500	500	500	40	
4.6499822801e+02	456	96	442	58	28	93	0	500	500	500	500	500	500	40	
4.6549947661e+02	453	98	443	57	20	82	0	500	500	500	500	500	500	40	
4.6599979923e+02	448	105	439	61	25	76	0	500	500	500	500	500	500	40	
4.6649989392e+02	448	106	439	61	20	84	0	500	500	500	500	500	500	40	
4.6699989495e+02	448	107	438	62	13	72	0	500	500	500	500	500	500	40	
4.6749989837e+02	448	106	439	61	16	83	0	500	500	500	500	500	500	40	
4.6799906812e+02	441	112	426	74	18	86	0	500	500	500	500	500	500	40	
4.6849934999e+02	436	116	432	68	29	75	0	500	500	500	500	500	500	40	
4.6899996868e+02	435	118	438	62	26	67	0	500	500	500	500	500	500	40	
4.6949973327e+02	434	122	433	67	24	81	0	500	500	500	500	500	500	40	
4.6999871091e+02	435	122	429	71	22	83	0	500	500	500	500	500	500	40	
4.7049928906e+02	438	119	432	68	30	80	0	500	500	500	500	500	500	40	
4.7099971837e+02	438	120	430	70	29	71	0	500	500	500	500	500	500	40	
4.7149931887e+02	440	120	448	52	20	79	0	500	500	500	500	500	500	40	
4.7199988685e+02	434	125	434	66	23	86	0	500	500	500	500	500	500	40	
4.7249955869e+02	437	123	432	68	19	86	0	500	500	500	500	500	500	40	
4.7299845983e+02	446	115	441	59	24	70	0	500	500	500	500	500	500	40	
4.7349782640e+02	448	114	443	57	21	84	0	500	500	500	500	500	500	40	
4.7399899326e+02	450	113	444	56	27	79	0	500	500	500	500	500	500	40	
4.7449819791e+02	452	111	448	52	17	78	0	500	500	500	500	500	500	40	
4.7499959094e+02	450	113	452	48	23	67	0	500	500	500	500	500	500	40	
4.7549955813e+02	451	114	458	42	24	79	0	500	500	500	500	500	500	40	
4.7599999066e+02	458	109	459	41	25	72	0	500	500	500	500	500	500	40	
4.7649897127e+02	461	108	458	42	17	79	0	500	500	500	500	500	500	40	
4.7699944701e+02	466	103	455	45	19	75	0	500	500	500	500	500	500	40	
4.7749912300e+02	464	104	455	45	18	65	0	500	500	500	500	500	500	40	
4.7799835989e+02	464	105	470	30	18	72	0	500	500	500	500	500	500	40	
4.7849795684e+02	467	103	466	34	21	68	0	500	500	500	500	500	500	40	
4.7899900121e+02	470	101	457	43	28	77	0	500	500	500	500	500	500	40	
4.7949953556e+02	475	95	451	49	27	78	0	500	500	500	500	500	500	40	
4.7999696679e+02	480	93	445	55	20	83	0	500	500	500	500	500	500	40	
4.8049980083e+02	478	96	453	47	14	79	0	500	500	500	500	500	500	40	
4.8099894860e+02	478	98	449	51	19	80	0	500	500	500	500	500	500	40	
4.8149965180e+02	484	95	447	53	20	68	0	500	500	500	500	500	500	40	
4.8199996172e+02	488	91	453	47	24	81	0	500	500	500	500	500	500	40	
4.8249998330e+02	486	93	451	49	28	73	0	500	500	500	500	500	500	40	
4.8299866643e+02	485	94	451	49	20	74	0	500	500	500	500	500	500	40	
4.8349861191e+02	489	89	463	37	25	86	0	500	500	500	500	500	500	40	
4.8399936064e+02	489	89	467	33	22	90	0	500	500	500	500	500	500	40	
4.8449887295e+02	492	86	464	36	27	87	0	500	500	500	500	500	500	40	
4.8499857715e+02	494	84	458	42	19	73	0	500	500	500	500	500	500	40	
4.8549996387e+02	492	86	462	38	16	82	0	500	500	500	500	500	500	40	
4.8599979540e+02	491	88	471	29	12	85	0	500	500	500	500	500	500	40	
4.8649995135e+02	484	96	460	40	20	80	0	500	500	500	500	500	500	40	
4.8699785749e+02	485	96	460	40	18	86	0	500	500	500	500	500	500	40	
4.8749907727e+02	483	97	454	46	24	72	0	500	500	500	500	500	500	40	
4.8799807252e+02	487	93	460	40	17	77	0	500	500	500	500	500	500	40	
4.8849950022e+02	485	95	454	46	19	74	0	500	500	500	500	500	500	40	
4.8899961620e+02	490	91	457	43	17	85	0	500	500	500	500	500	500	40	
4.8949847837e+02	489	91	461	39	18	96	0	500	500	500	500	500	500	40	
4.8999961852e+02	490	90	447	53	16	94	0	500	500	500	500	500	500	40	
4.9049917619e+02	488	92	452	48	26	78	0	500	500	500	500	500	500	40	
4.9099913675e+02	490	91	455	45	24	77	0	500	500	500	500	500	500	40	
4.9149927638e+02	487	93	456	44	15	68	0	500	500	500	500	500	500	40	
4.9199834276e+02	491	93	457	43	17	81	0	500	500	500	500	500	500	40	
4.9249931200e+02	491	93	458	42	20	87	0	500	500	500	500	500	500	40	
4.9299668814e+02	494	90	450	50	18	87	0	500	500	500	500	500	500	40	
4.9349769224e+02	498	88	443	57	19	77	0	500	500	500	500	500	500	40	
4.9399925827e+02	499	93	453	47	19	81	0	500	500	500	500	500	500	40	
4.9449910996e+02	500	93	445	55	29	75	0	500	500	500	500	500	500	40	
4.9499942969e+02	496	98	440	60	32	63	0	500	500	500	500	500	500	40	
4.9549898168e+02	492	105	444	56	31	81	0	500	500	500	500	500	500	40	
4.9599929175e+02	494	103	446	54	18	76	0	500	500	500	500	500	500	40	
4.9649995894e+02	489	109	435	65	27	71	0	500	500	500	500	500	500	40	
4.9699983548e+02	491	108	438	62	23	81	0	500	500	500	500	500	500	40	
4.9749938888e+02	498	102	439	61	17	76	0	500	500	500	500	500	500	40	
4.9799782307e+02	498	102	447	53	20	99	0	500	500	500	500	500	500	40	
4.9849816619e+02	492	108	454	46	18	88	0	500	500	500	500	500	500	40	
4.9899937022e+02	492	110	457	43	33	65	0	500	500	500	500	500	500	40	
4.9949753962e+02	493	110	453	47	22	76	0	500	500	500	500	500	500	40	
4.9999928387e+02	498	105	438	62	32	75	0	500	500	500	500	500	500	40	
5.0000036262e+02	498	105	438	62	31	76	0	500	500	500	500	500	500	40	
