0.0000000000e+00	0	0	500	0	0	0	0	500	500	500	0	500	500	0	
4.9674099024e-01	0	0	500	0	14	51	0	500	500	500	0	500	500	0	
9.9970602409e-01	0	3	498	2	11	91	0	500	500	500	0	500	500	0	
1.4972867863e+00	0	3	499	1	9	93	0	500	500	500	0	500	500	0	
1.9997067738e+00	0	4	497	3	16	87	0	500	500	500	0	500	500	0	
2.4995367137e+00	0	4	494	6	17	94	0	500	500	500	0	500	500	0	
2.9999111957e+00	0	8	494	6	16	84	0	500	500	500	0	500	500	0	
3.4999883192e+00	0	8	493	7	11	86	0	500	500	500	0	500	500	0	
3.9999482679e+00	0	8	490	10	13	75	0	500	500	500	0	500	500	0	
4.4984135437e+00	0	9	494	6	16	66	0	500	500	500	0	500	500	0	
4.9957433999e+00	0	9	492	8	10	61	0	500	500	500	0	500	500	0	
5.4995822976e+00	2	8	486	14	13	85	0	500	500	500	0	500	500	0	
5.9970459589e+00	2	9	491	9	21	91	0	500	500	500	0	500	500	0	
6.4971542753e+00	4	7	488	12	18	100	0	500	500	500	0	500	500	0	
6.9981396358e+00	3	13	490	10	14	88	0	500	500	500	0	500	500	0	
7.4999905558e+00	3	13	485	15	18	92	0	500	500	500	0	500	500	0	
7.9996127592e+00	5	11	489	11	13	75	0	500	500	500	0	500	500	0	
8.4996745281e+00	5	15	478	22	15	77	0	500	500	500	0	500	500	0	
8.9998462713e+00	6	17	473	27	18	106	0	500	500	500	0	500	500	0	
9.4998071810e+00	6	19	472	28	10	84	0	500	500	500	0	500	500	0	
9.9987008206e+00	8	17	475	25	11	79	0	500	500	500	0	500	500	0	
1.0499084922e+01	8	17	474	26	10	86	0	500	500	500	0	500	500	0	
1.0998247937e+01	8	17	470	30	10	111	0	500	500	500	0	500	500	0	
1.1499010048e+01	10	16	474	26	15	78	0	500	500	500	0	500	500	0	
1.1998782492e+01	10	17	474	26	13	74	0	500	500	500	0	500	500	0	
1.2499095896e+01	10	22	469	31	17	86	0	500	500	500	0	500	500	0	
1.2998325517e+01	11	24	475	25	14	83	0	500	500	500	0	500	500	0	
1.3499336062e+01	13	22	471	29	17	81	0	500	500	500	0	500	500	0	
1.3999530002e+01	16	20	473	27	19	79	0	500	500	500	0	500	500	0	
1.4498215409e+01	17	20	471	29	25	94	0	500	500	500	0	500	500	0	
1.4996564795e+01	17	21	466	34	12	87	0	500	500	500	0	500	500	0	
1.5499554586e+01	16	22	475	25	19	76	0	500	500	500	0	500	500	0	
1.5999452801e+01	16	26	466	34	13	101	0	500	500	500	0	500	500	0	
1.6497465967e+01	17	25	467	33	15	79	0	500	500	500	0	500	500	0	
1.6996571044e+01	16	26	466	34	11	101	0	500	500	500	0	500	500	0	
1.7499856684e+01	15	27	451	49	15	95	0	500	500	500	0	500	500	0	
1.7999742995e+01	20	22	438	62	7	82	0	500	500	500	0	500	500	0	
1.8499252069e+01	21	22	448	52	8	83	0	500	500	500	0	500	500	0	
1.8999107514e+01	21	22	453	47	7	100	0	500	500	500	0	500	500	0	
1.9498538513e+01	21	23	452	48	4	108	0	500	500	500	0	500	500	0	
1.9999674063e+01	21	24	454	46	16	90	0	500	500	500	0	500	500	0	
2.0498397525e+01	22	24	461	39	15	80	0	500	500	500	0	500	500	0	
2.0999777687e+01	23	25	456	44	10	97	0	500	500	500	0	500	500	0	
2.1497535063e+01	22	27	452	48	13	102	0	500	500	500	0	500	500	0	
2.1999993490e+01	25	26	443	57	13	79	0	500	500	500	0	500	500	0	
2.2499158555e+01	28	23	446	54	12	83	0	500	500	500	0	500	500	0	
2.2999547867e+01	29	22	450	50	15	88	0	500	500	500	0	500	500	0	
2.3499240491e+01	30	22	460	40	20	75	0	500	500	500	0	500	500	0	
2.3999165882e+01	31	22	470	30	12	86	0	500	500	500	0	500	500	0	
2.4499410491e+01	34	22	470	30	6	95	0	500	500	500	0	500	500	0	
2.4996017772e+01	34	22	468	32	6	96	0	500	500	500	0	500	500	0	
2.5497406698e+01	33	23	471	29	11	81	0	500	500	500	0	500	500	0	
2.5999960282e+01	33	24	475	25	9	80	0	500	500	500	0	500	500	0	
2.6495920442e+01	33	24	478	22	16	81	0	500	500	500	0	500	500	0	
2.6999051931e+01	33	23	475	25	13	90	0	500	500	500	0	500	500	0	
2.7499021028e+01	34	23	471	29	7	100	0	500	500	500	0	500	500	0	
2.7999397761e+01	35	23	459	41	11	104	0	500	500	500	0	500	500	0	
2.8499542913e+01	37	24	462	38	16	78	0	500	500	500	0	500	500	0	
2.8998769559e+01	39	23	451	49	16	80	0	500	500	500	0	500	500	0	
2.9499446992e+01	43	19	457	43	10	97	0	500	500	500	0	500	500	0	
2.9999922576e+01	44	18	458	42	13	74	0	500	500	500	0	500	500	0	
3.0499867570e+01	43	20	466	34	14	74	0	500	500	500	0	500	500	0	
3.0999988191e+01	45	19	467	33	6	104	0	500	500	500	0	500	500	0	
3.1499549459e+01	46	18	471	29	12	88	0	500	500	500	0	500	500	0	
3.1997523622e+01	46	19	476	24	16	89	0	500	500	500	0	500	500	0	
3.2499452071e+01	47	19	481	19	12	99	0	500	500	500	0	500	500	0	
3.2998142528e+01	47	20	479	21	12	80	0	500	500	500	0	500	500	0	
3.3499783341e+01	49	21	479	21	14	82	0	500	500	500	0	500	500	0	
3.3999433583e+01	49	22	467	33	11	72	0	500	500	500	0	500	500	0	
3.4499787451e+01	48	25	468	32	15	69	0	500	500	500	0	500	500	0	
3.4999886662e+01	49	24	454	46	9	81	0	500	500	500	0	500	500	0	
3.5498924235e+01	49	25	455	45	14	84	0	500	500	500	0	500	500	0	
3.5999204036e+01	50	24	448	52	18	88	0	500	500	500	0	500	500	0	
3.6498461248e+01	51	24	455	45	10	102	0	500	500	500	0	500	500	0	
3.6996725560e+01	51	25	451	49	9	114	0	500	500	500	0	500	500	0	
3.7499095215e+01	49	28	440	60	11	106	0	500	500	500	0	500	500	0	
3.7999692458e+01	48	30	443	57	17	86	0	500	500	500	0	500	500	0	
3.8497428615e+01	49	31	442	58	17	67	0	500	500	500	0	500	500	0	
3.8999829123e+01	50	31	425	75	18	84	0	500	500	500	0	500	500	0	
3.9499474911e+01	51	30	431	69	14	82	0	500	500	500	0	500	500	0	
3.9999958031e+01	47	34	415	85	13	70	0	500	500	500	0	500	500	0	
4.0497584673e+01	47	37	411	89	14	72	0	500	500	500	0	500	500	0	
4.0999643496e+01	48	36	406	94	19	84	0	500	500	500	0	500	500	0	
4.1497354788e+01	50	34	407	93	21	86	0	500	500	500	0	500	500	0	
4.1999918540e+01	53	31	412	88	19	96	0	500	500	500	0	500	500	0	
4.2499609848e+01	51	33	411	89	10	79	0	500	500	500	0	500	500	0	
4.2998656951e+01	53	33	409	91	11	78	0	500	500	500	0	500	500	0	
4.3495701749e+01	50	35	417	83	15	69	0	500	500	500	0	500	500	0	
4.3999100363e+01	47	38	421	79	19	92	0	500	500	500	0	500	500	0	
4.4499738260e+01	46	39	420	80	12	82	0	500	500	500	0	500	500	0	
4.4999195160e+01	48	39	400	100	10	90	0	500	500	500	0	500	500	0	
4.5497675786e+01	48	40	401	99	22	81	0	500	500	500	0	500	500	0	
4.5999436700e+01	49	39	405	95	21	92	0	500	500	500	0	500	500	0	
4.6498874661e+01	48	43	400	100	11	102	0	500	500	500	0	500	500	0	
4.6996911755e+01	47	46	384	116	11	81	0	500	500	500	0	500	500	0	
4.7499762529e+01	49	46	371	129	14	78	0	500	500	500	0	500	500	0	
4.7998817263e+01	49	47	368	132	14	62	0	500	500	500	0	500	500	0	
4.8498107759e+01	49	50	362	138	12	96	0	500	500	500	0	500	500	0	
4.8999062824e+01	52	47	354	146	10	98	0	500	500	500	0	500	500	0	
4.9498482862e+01	54	48	345	155	9	106	0	500	500	500	0	500	500	0	
4.9999552401e+01	50	54	332	168	15	90	0	500	500	500	0	500	500	0	
5.0499442599e+01	48	56	317	183	15	81	0	500	500	500	0	500	500	0	
5.0999157878e+01	50	54	310	190	12	87	0	500	500	500	0	500	500	0	
5.1499145377e+01	56	49	297	203	15	95	0	500	500	500	0	500	500	0	
5.1997246905e+01	56	49	308	192	20	111	0	500	500	500	0	500	500	0	
5.2499206943e+01	57	49	298	202	19	87	0	500	500	500	0	500	500	0	
5.2999899227e+01	64	42	300	200	13	79	0	500	500	500	0	500	500	0	
5.3495016026e+01	61	45	289	211	10	74	0	500	500	500	0	500	500	0	
5.3999678542e+01	58	48	289	211	13	77	0	500	500	500	0	500	500	0	
5.4499770779e+01	54	52	279	221	10	85	0	500	500	500	0	500	500	0	
5.4999773461e+01	54	52	280	220	13	79	0	500	500	500	0	500	500	0	
5.5499431482e+01	53	53	299	201	13	86	0	500	500	500	0	500	500	0	
5.5999213378e+01	50	58	293	207	15	93	0	500	500	500	0	500	500	0	
5.6499688581e+01	50	59	288	212	10	100	0	500	500	500	0	500	500	0	
5.6999311373e+01	48	64	265	235	12	72	0	500	500	500	0	500	500	0	
5.7499941713e+01	47	65	248	252	13	92	0	500	500	500	0	500	500	0	
5.7999848152e+01	47	66	234	266	17	76	0	500	500	500	0	500	500	0	
5.8499006895e+01	39	75	226	274	16	88	0	500	500	500	0	500	500	0	
5.8998936595e+01	44	70	212	288	16	89	0	500	500	500	0	500	500	0	
5.9498310607e+01	45	72	185	315	12	105	0	500	500	500	0	500	500	0	
5.9997466940e+01	39	78	177	323	14	85	0	500	500	500	0	500	500	0	
6.0499902816e+01	40	78	148	352	15	79	0	500	500	500	0	500	500	0	
6.0999885033e+01	39	79	133	367	13	74	0	500	500	500	0	500	500	0	
6.1499633096e+01	33	85	137	363	17	69	0	500	500	500	0	500	500	0	
6.1999734563e+01	34	86	131	369	11	84	0	500	500	500	0	500	500	0	
6.2499314702e+01	30	90	120	380	20	92	0	500	500	500	0	500	500	0	
6.2998806967e+01	24	96	117	383	13	78	0	500	500	500	0	500	500	0	
6.3498483179e+01	31	90	87	413	18	73	0	500	500	500	0	500	500	0	
6.3999487133e+01	32	89	81	419	11	75	0	500	500	500	0	500	500	0	
6.4499631187e+01	36	86	78	422	14	87	0	500	500	500	0	500	500	0	
6.4999294297e+01	30	92	76	424	20	92	0	500	500	500	0	500	500	0	
6.5495916519e+01	32	92	68	432	15	101	0	500	500	500	0	500	500	0	
6.5998001065e+01	32	93	53	447	8	89	0	500	500	500	0	500	500	0	
6.6499660095e+01	37	88	44	456	17	95	0	500	500	500	0	500	500	0	
6.6999171315e+01	34	90	41	459	17	91	0	500	500	500	0	500	500	0	
6.7497653756e+01	31	95	46	454	3	84	0	500	500	500	0	500	500	0	
6.7998795613e+01	31	95	51	449	19	89	0	500	500	500	0	500	500	0	
6.8499888973e+01	30	97	43	457	20	85	0	500	500	500	0	500	500	0	
6.8998480324e+01	28	98	44	456	11	86	0	500	500	500	0	500	500	0	
6.9496635755e+01	29	99	38	462	17	72	0	500	500	500	0	500	500	0	
6.9999566527e+01	27	101	38	462	9	69	0	500	500	500	0	500	500	0	
7.0499625303e+01	24	104	37	463	11	93	0	500	500	500	0	500	500	0	
7.0998574756e+01	23	106	35	465	14	101	0	500	500	500	0	500	500	0	
7.1498013923e+01	28	102	35	465	14	79	0	500	500	500	0	500	500	0	
7.1998898639e+01	24	107	34	466	17	88	0	500	500	500	0	500	500	0	
7.2499690856e+01	24	107	47	453	12	78	0	500	500	500	0	500	500	0	
7.2995460868e+01	22	112	45	455	25	75	0	500	500	500	0	500	500	0	
7.3499943359e+01	26	108	41	459	9	85	0	500	500	500	0	500	500	0	
7.3999350321e+01	20	114	36	464	14	78	0	500	500	500	0	500	500	0	
7.4497792264e+01	23	111	29	471	13	82	0	500	500	500	0	500	500	0	
7.4999252574e+01	28	106	29	471	7	98	0	500	500	500	0	500	500	0	
7.5499703287e+01	30	105	35	465	18	87	0	500	500	500	0	500	500	0	
7.5999552862e+01	32	104	33	467	23	81	0	500	500	500	0	500	500	0	
7.6499932786e+01	30	110	49	451	12	87	0	500	500	500	0	500	500	0	
7.6998103091e+01	31	111	37	463	7	90	0	500	500	500	0	500	500	0	
7.7499955018e+01	32	110	47	453	15	81	0	500	500	500	0	500	500	0	
7.7999956317e+01	35	107	28	472	16	82	0	500	500	500	0	500	500	0	
7.8498238535e+01	30	114	36	464	13	71	0	500	500	500	0	500	500	0	
7.8999776300e+01	28	116	34	466	8	57	0	500	500	500	0	500	500	0	
7.9499667425e+01	26	119	34	466	10	78	0	500	500	500	0	500	500	0	
7.9998484708e+01	26	119	31	469	10	73	0	500	500	500	0	500	500	0	
8.0499069945e+01	26	120	26	474	12	77	0	500	500	500	0	500	500	0	
8.0999829604e+01	28	120	23	477	20	80	0	500	500	500	0	500	500	0	
8.1498812809e+01	30	120	34	466	12	81	0	500	500	500	0	500	500	0	
8.1995594655e+01	32	120	32	468	8	91	0	500	500	500	0	500	500	0	
8.2499483451e+01	31	124	31	469	12	95	0	500	500	500	0	500	500	0	
8.2998922316e+01	32	125	40	460	12	86	0	500	500	500	0	500	500	0	
8.3497996699e+01	26	131	40	460	11	76	0	500	500	500	0	500	500	0	
8.3999080409e+01	31	128	33	467	13	90	0	500	500	500	0	500	500	0	
8.4499687126e+01	37	122	28	472	10	82	0	500	500	500	0	500	500	0	
8.4999705218e+01	32	129	26	474	16	72	0	500	500	500	0	500	500	0	
8.5499004477e+01	36	127	29	471	11	74	0	500	500	500	0	500	500	0	
8.5997973411e+01	40	124	36	464	13	83	0	500	500	500	0	500	500	0	
8.6499502043e+01	46	118	27	473	16	81	0	500	500	500	0	500	500	0	
8.6998738968e+01	50	114	24	476	12	79	0	500	500	500	0	500	500	0	
8.7498855599e+01	43	121	15	485	10	90	0	500	500	500	0	500	500	0	
8.7997403542e+01	40	126	18	482	18	77	0	500	500	500	0	500	500	0	
8.8499352783e+01	42	126	35	465	17	88	0	500	500	500	0	500	500	0	
8.8995221599e+01	49	123	48	452	12	77	0	500	500	500	0	500	500	0	
8.9498973416e+01	48	124	35	465	10	86	0	500	500	500	0	500	500	0	
8.9998672791e+01	46	126	25	475	7	88	0	500	500	500	0	500	500	0	
9.0498642324e+01	39	134	20	480	12	80	0	500	500	500	0	500	500	0	
9.0999268165e+01	38	136	29	471	9	105	0	500	500	500	0	500	500	0	
9.1499479003e+01	38	136	22	478	11	98	0	500	500	500	0	500	500	0	
9.1999030064e+01	32	142	15	485	12	84	0	500	500	500	0	500	500	0	
9.2498953017e+01	38	136	19	481	6	66	0	500	500	500	0	500	500	0	
9.2999105735e+01	38	136	27	473	12	77	0	500	500	500	0	500	500	0	
9.3498597117e+01	38	137	31	469	13	81	0	500	500	500	0	500	500	0	
9.3999386614e+01	35	143	29	471	11	84	0	500	500	500	0	500	500	0	
9.4499239220e+01	36	143	23	477	15	82	0	500	500	500	0	500	500	0	
9.4998730529e+01	34	146	13	487	12	89	0	500	500	500	0	500	500	0	
9.5499536502e+01	35	147	22	478	19	104	0	500	500	500	0	500	500	0	
9.5999230275e+01	32	152	21	479	12	93	0	500	500	500	0	500	500	0	
9.6498506019e+01	31	153	25	475	17	99	0	500	500	500	0	500	500	0	
9.6997481305e+01	30	156	18	482	10	79	0	500	500	500	0	500	500	0	
9.7499982702e+01	28	159	16	484	9	82	0	500	500	500	0	500	500	0	
9.7999123653e+01	29	158	13	487	12	90	0	500	500	500	0	500	500	0	
9.8499298008e+01	29	158	20	480	12	88	0	500	500	500	0	500	500	0	
9.8998421315e+01	34	153	22	478	23	94	0	500	500	500	0	500	500	0	
9.9498478159e+01	31	156	21	479	11	86	0	500	500	500	0	500	500	0	
9.9999742143e+01	27	160	30	470	14	89	0	500	500	500	0	500	500	0	
1.0049806029e+02	29	158	22	478	17	87	0	500	500	500	0	500	500	0	
1.0099657647e+02	32	155	21	479	16	78	0	500	500	500	0	500	500	0	
1.0149982002e+02	32	154	21	479	10	98	0	500	500	500	0	500	500	0	
1.0199773613e+02	35	152	18	482	15	87	0	500	500	500	0	500	500	0	
1.0249948395e+02	39	152	20	480	19	89	0	500	500	500	0	500	500	0	
1.0299996156e+02	40	151	19	481	15	78	0	500	500	500	0	500	500	0	
1.0349902940e+02	42	149	17	483	13	91	0	500	500	500	0	500	500	0	
1.0399900519e+02	41	150	23	477	23	64	0	500	500	500	0	500	500	0	
1.0449733875e+02	42	149	26	474	14	74	0	500	500	500	0	500	500	0	
1.0499795534e+02	40	151	13	487	19	73	0	500	500	500	0	500	500	0	
1.0549991572e+02	47	146	22	478	11	99	0	500	500	500	0	500	500	0	
1.0599932864e+02	48	145	19	481	10	80	0	500	500	500	0	500	500	0	
1.0649859323e+02	53	140	29	471	11	77	0	500	500	500	0	500	500	0	
1.0699739146e+02	51	143	22	478	11	86	0	500	500	500	0	500	500	0	
1.0749827042e+02	48	147	16	484	11	99	0	500	500	500	0	500	500	0	
1.0799985320e+02	43	152	15	485	12	89	0	500	500	500	0	500	500	0	
1.0849936357e+02	44	153	19	481	13	83	0	500	500	500	0	500	500	0	
1.0899840740e+02	46	151	21	479	11	94	0	500	500	500	0	500	500	0	
1.0949985731e+02	45	153	22	478	13	76	0	500	500	500	0	500	500	0	
1.0999927418e+02	41	155	20	480	17	93	0	500	500	500	0	500	500	0	
1.1049927334e+02	43	154	15	485	18	98	0	500	500	500	0	500	500	0	
1.1099828376e+02	43	153	17	483	15	77	0	500	500	500	0	500	500	0	
1.1149995271e+02	37	159	24	476	15	76	0	500	500	500	0	500	500	0	
1.1199939646e+02	33	164	23	477	15	95	0	500	500	500	0	500	500	0	
1.1249801845e+02	34	163	20	480	20	89	0	500	500	500	0	500	500	0	
1.1299816657e+02	31	166	26	474	15	91	0	500	500	500	0	500	500	0	
1.1349981930e+02	33	164	24	476	15	89	0	500	500	500	0	500	500	0	
1.1399857507e+02	38	159	20	480	12	90	0	500	500	500	0	500	500	0	
1.1449940577e+02	36	162	21	479	18	74	0	500	500	500	0	500	500	0	
1.1499929953e+02	43	155	19	481	21	92	0	500	500	500	0	500	500	0	
1.1549961789e+02	47	151	18	482	21	76	0	500	500	500	0	500	500	0	
1.1599579830e+02	42	156	24	476	14	68	0	500	500	500	0	500	500	0	
1.1649961877e+02	41	158	25	475	8	91	0	500	500	500	0	500	500	0	
1.1699992631e+02	37	163	23	477	16	73	0	500	500	500	0	500	500	0	
1.1749754777e+02	38	163	18	482	7	87	0	500	500	500	0	500	500	0	
1.1799894491e+02	39	163	16	484	11	95	0	500	500	500	0	500	500	0	
1.1849685589e+02	41	163	17	483	8	96	0	500	500	500	0	500	500	0	
1.1899673538e+02	34	170	24	476	17	80	0	500	500	500	0	500	500	0	
1.1949906221e+02	33	172	29	471	22	86	0	500	500	500	0	500	500	0	
1.1999878492e+02	36	171	17	483	16	113	0	500	500	500	0	500	500	0	
1.2049936987e+02	40	169	19	481	17	98	0	500	500	500	0	500	500	0	
1.2099996513e+02	48	164	15	485	19	91	0	500	500	500	0	500	500	0	
1.2149915845e+02	46	165	19	481	11	89	0	500	500	500	0	500	500	0	
1.2199980300e+02	40	173	24	476	19	79	0	500	500	500	0	500	500	0	
1.2249929507e+02	37	177	20	480	16	102	0	500	500	500	0	500	500	0	
1.2299981254e+02	37	178	15	485	12	89	0	500	500	500	0	500	500	0	
1.2349944984e+02	41	173	20	480	18	84	0	500	500	500	0	500	500	0	
1.2399872891e+02	49	166	15	485	13	92	0	500	500	500	0	500	500	0	
1.2449917639e+02	45	173	15	485	16	109	0	500	500	500	0	500	500	0	
1.2499789444e+02	49	169	15	485	15	82	0	500	500	500	0	500	500	0	
1.2549976321e+02	47	173	24	476	16	85	0	500	500	500	0	500	500	0	
1.2599985981e+02	50	173	17	483	13	81	0	500	500	500	0	500	500	0	
1.2649639704e+02	47	177	14	486	13	80	0	500	500	500	0	500	500	0	
1.2699949466e+02	39	185	14	486	17	78	0	500	500	500	0	500	500	0	
1.2749645626e+02	42	184	17	483	9	99	0	500	500	500	0	500	500	0	
1.2799922620e+02	42	186	21	479	12	77	0	500	500	500	0	500	500	0	
1.2849865040e+02	40	189	15	485	14	91	0	500	500	500	0	500	500	0	
1.2899836619e+02	35	194	22	478	5	69	0	500	500	500	0	500	500	0	
1.2949804557e+02	31	199	18	482	16	83	0	500	500	500	0	500	500	0	
1.2999918247e+02	33	198	18	482	10	87	0	500	500	500	0	500	500	0	
1.3049993040e+02	29	204	18	482	13	102	0	500	500	500	0	500	500	0	
1.3099996588e+02	32	203	15	485	14	99	0	500	500	500	0	500	500	0	
1.3149987479e+02	42	194	15	485	12	90	0	500	500	500	0	500	500	0	
1.3199850660e+02	43	196	15	485	12	103	0	500	500	500	0	500	500	0	
1.3249910071e+02	47	192	13	487	14	102	0	500	500	500	0	500	500	0	
1.3299986266e+02	48	192	12	488	9	103	0	500	500	500	0	500	500	0	
1.3349929379e+02	48	192	16	484	14	92	0	500	500	500	0	500	500	0	
1.3399947155e+02	50	189	17	483	11	102	0	500	500	500	0	500	500	0	
1.3449915104e+02	46	194	18	482	12	94	0	500	500	500	0	500	500	0	
1.3499890373e+02	35	205	14	486	10	93	0	500	500	500	0	500	500	0	
1.3549675531e+02	35	206	19	481	10	90	0	500	500	500	0	500	500	0	
1.3599912564e+02	38	203	16	484	12	90	0	500	500	500	0	500	500	0	
1.3649982145e+02	35	206	19	481	12	86	0	500	500	500	0	500	500	0	
1.3699885444e+02	36	205	10	490	14	109	0	500	500	500	0	500	500	0	
1.3749566667e+02	41	200	14	486	16	88	0	500	500	500	0	500	500	0	
1.3799927722e+02	41	200	9	491	16	84	0	500	500	500	0	500	500	0	
1.3849658493e+02	43	201	18	482	17	88	0	500	500	500	0	500	500	0	
1.3899959331e+02	43	199	11	489	12	92	0	500	500	500	0	500	500	0	
1.3949993349e+02	45	197	16	484	20	93	0	500	500	500	0	500	500	0	
1.3999835812e+02	50	191	27	473	11	105	0	500	500	500	0	500	500	0	
1.4049855797e+02	55	187	15	485	15	85	0	500	500	500	0	500	500	0	
1.4099964158e+02	56	186	20	480	17	106	0	500	500	500	0	500	500	0	
1.4149952512e+02	57	188	10	490	13	108	0	500	500	500	0	500	500	0	
1.4199873919e+02	47	199	4	496	11	107	0	500	500	500	0	500	500	0	
1.4249955345e+02	39	208	13	487	17	88	0	500	500	500	0	500	500	0	
1.4299845285e+02	43	206	13	487	10	80	0	500	500	500	0	500	500	0	
1.4349934345e+02	40	210	17	483	19	85	0	500	500	500	0	500	500	0	
1.4399900604e+02	40	212	16	484	13	90	0	500	500	500	0	500	500	0	
1.4449700548e+02	48	205	6	494	7	108	0	500	500	500	0	500	500	0	
1.4499775496e+02	49	204	18	482	10	95	0	500	500	500	0	500	500	0	
1.4549989781e+02	54	199	10	490	11	85	0	500	500	500	0	500	500	0	
1.4599877412e+02	54	199	21	479	13	68	0	500	500	500	0	500	500	0	
1.4649829260e+02	52	203	15	485	15	64	0	500	500	500	0	500	500	0	
1.4699946870e+02	42	214	10	490	9	81	0	500	500	500	0	500	500	0	
1.4749973012e+02	38	219	14	486	16	91	0	500	500	500	0	500	500	0	
1.4799993098e+02	43	215	16	484	18	82	0	500	500	500	0	500	500	0	
1.4849999958e+02	42	216	13	487	13	83	0	500	500	500	0	500	500	0	
1.4899660159e+02	49	210	15	485	11	79	0	500	500	500	0	500	500	0	
1.4949998566e+02	46	213	13	487	12	91	0	500	500	500	0	500	500	0	
1.4999902761e+02	44	217	14	486	12	87	0	500	500	500	0	500	500	0	
1.5049941202e+02	47	214	9	491	12	78	0	500	500	500	0	500	500	0	
1.5099997747e+02	46	217	15	485	14	90	0	500	500	500	0	500	500	0	
1.5149891937e+02	51	212	6	494	7	92	0	500	500	500	0	500	500	0	
1.5199802746e+02	54	209	7	493	11	88	0	500	500	500	0	500	500	0	
1.5249983039e+02	48	216	10	490	15	75	0	500	500	500	0	500	500	0	
1.5299746255e+02	49	217	13	487	13	97	0	500	500	500	0	500	500	0	
1.5349973769e+02	47	219	17	483	17	74	0	500	500	500	0	500	500	0	
1.5399788387e+02	44	223	14	486	11	87	0	500	500	500	0	500	500	0	
1.5449817182e+02	45	224	9	491	22	91	0	500	500	500	0	500	500	0	
1.5499878838e+02	50	219	19	481	9	82	0	500	500	500	0	500	500	0	
1.5549684008e+02	60	211	16	484	8	102	0	500	500	500	0	500	500	0	
1.5599950848e+02	56	217	17	483	16	70	0	500	500	500	0	500	500	0	
1.5649514399e+02	56	220	17	483	12	69	0	500	500	500	0	500	500	0	
1.5699904987e+02	60	217	18	482	14	82	0	500	500	500	0	500	500	0	
1.5749978470e+02	48	229	12	488	9	69	0	500	500	500	0	500	500	0	
1.5799920294e+02	44	234	11	489	11	79	0	500	500	500	0	500	500	0	
1.5849940649e+02	46	232	18	482	8	82	0	500	500	500	0	500	500	0	
1.5899971941e+02	45	234	5	495	13	96	0	500	500	500	0	500	500	0	
1.5949981790e+02	42	239	8	492	9	99	0	500	500	500	0	500	500	0	
1.5999999207e+02	40	241	7	493	18	86	0	500	500	500	0	500	500	0	
1.6049837980e+02	45	237	9	491	10	81	0	500	500	500	0	500	500	0	
1.6099704075e+02	46	236	15	485	14	76	0	500	500	500	0	500	500	0	
1.6149795570e+02	44	239	14	486	20	65	0	500	500	500	0	500	500	0	
1.6199908279e+02	45	239	16	484	16	74	0	500	500	500	0	500	500	0	
1.6249861722e+02	47	237	11	489	12	71	0	500	500	500	0	500	500	0	
1.6299860403e+02	51	236	11	489	13	77	0	500	500	500	0	500	500	0	
1.6349936360e+02	49	237	15	485	14	92	0	500	500	500	0	500	500	0	
1.6399957643e+02	45	242	10	490	14	81	0	500	500	500	0	500	500	0	
1.6449842279e+02	48	241	18	482	17	70	0	500	500	500	0	500	500	0	
1.6499928969e+02	52	237	15	485	8	98	0	500	500	500	0	500	500	0	
1.6549968255e+02	51	240	8	492	13	90	0	500	500	500	0	500	500	0	
1.6599912762e+02	45	245	14	486	11	82	0	500	500	500	0	500	500	0	
1.6649963112e+02	52	238	14	486	18	88	0	500	500	500	0	500	500	0	
1.6699884692e+02	57	235	8	492	11	110	0	500	500	500	0	500	500	0	
1.6749845401e+02	55	238	10	490	16	94	0	500	500	500	0	500	500	0	
1.6799991589e+02	48	245	14	486	8	81	0	500	500	500	0	500	500	0	
1.6849931203e+02	51	244	11	489	13	81	0	500	500	500	0	500	500	0	
1.6899870179e+02	56	241	7	493	10	77	0	500	500	500	0	500	500	0	
1.6949864653e+02	49	249	11	489	15	84	0	500	500	500	0	500	500	0	
1.6999953329e+02	48	250	24	476	13	97	0	500	500	500	0	500	500	0	
1.7049857379e+02	48	249	12	488	16	81	0	500	500	500	0	500	500	0	
1.7099880443e+02	51	247	9	491	22	85	0	500	500	500	0	500	500	0	
1.7149686965e+02	52	248	15	485	20	84	0	500	500	500	0	500	500	0	
1.7199797518e+02	50	252	17	483	9	94	0	500	500	500	0	500	500	0	
1.7249850174e+02	48	255	15	485	17	72	0	500	500	500	0	500	500	0	
1.7299874408e+02	52	251	10	490	21	95	0	500	500	500	0	500	500	0	
1.7349940911e+02	58	245	13	487	10	106	0	500	500	500	0	500	500	0	
1.7399969062e+02	52	252	5	495	13	107	0	500	500	500	0	500	500	0	
1.7449939910e+02	51	256	10	490	13	89	0	500	500	500	0	500	500	0	
1.7499952291e+02	57	250	20	480	16	96	0	500	500	500	0	500	500	0	
1.7549897546e+02	54	253	7	493	17	89	0	500	500	500	0	500	500	0	
1.7599872281e+02	60	246	13	487	11	95	0	500	500	500	0	500	500	0	
1.7649869939e+02	63	243	6	494	18	91	0	500	500	500	0	500	500	0	
1.7699940666e+02	63	243	11	489	10	89	0	500	500	500	0	500	500	0	
1.7749882454e+02	57	246	6	494	11	87	0	500	500	500	0	500	500	0	
1.7799911331e+02	57	247	12	488	12	76	0	500	500	500	0	500	500	0	
1.7849382594e+02	52	252	8	492	17	96	0	500	500	500	0	500	500	0	
1.7899914665e+02	56	249	15	485	18	84	0	500	500	500	0	500	500	0	
1.7949911902e+02	49	257	20	480	17	82	0	500	500	500	0	500	500	0	
1.7999984716e+02	51	254	11	489	18	91	0	500	500	500	0	500	500	0	
1.8049901134e+02	53	252	10	490	14	77	0	500	500	500	0	500	500	0	
1.8099785424e+02	46	261	8	492	13	89	0	500	500	500	0	500	500	0	
1.8149966892e+02	53	256	9	491	16	82	0	500	500	500	0	500	500	0	
1.8199950439e+02	58	252	18	482	10	85	0	500	500	500	0	500	500	0	
1.8249579620e+02	47	265	11	489	12	82	0	500	500	500	0	500	500	0	
1.8299969031e+02	47	266	9	491	13	92	0	500	500	500	0	500	500	0	
1.8349978069e+02	50	263	15	485	18	86	0	500	500	500	0	500	500	0	
1.8399968022e+02	50	263	11	489	16	82	0	500	500	500	0	500	500	0	
1.8449981139e+02	43	272	8	492	15	82	0	500	500	500	0	500	500	0	
1.8499583756e+02	43	273	12	488	14	88	0	500	500	500	0	500	500	0	
1.8549956318e+02	40	277	4	496	7	94	0	500	500	500	0	500	500	0	
1.8599982859e+02	40	278	13	487	17	70	0	500	500	500	0	500	500	0	
1.8649991190e+02	49	270	10	490	14	89	0	500	500	500	0	500	500	0	
1.8699528377e+02	52	271	10	490	9	77	0	500	500	500	0	500	500	0	
1.8749394583e+02	52	271	6	494	16	70	0	500	500	500	0	500	500	0	
1.8799973557e+02	51	276	8	492	12	88	0	500	500	500	0	500	500	0	
1.8849816888e+02	47	282	5	495	15	78	0	500	500	500	0	500	500	0	
1.8899995111e+02	52	277	8	492	11	89	0	500	500	500	0	500	500	0	
1.8949605392e+02	62	269	9	491	19	94	0	500	500	500	0	500	500	0	
1.8999922725e+02	54	277	10	490	9	82	0	500	500	500	0	500	500	0	
1.9049925396e+02	59	272	15	485	13	91	0	500	500	500	0	500	500	0	
1.9099908955e+02	64	268	13	487	11	84	0	500	500	500	0	500	500	0	
1.9149969643e+02	71	261	16	484	10	75	0	500	500	500	0	500	500	0	
1.9199961279e+02	69	263	7	493	17	74	0	500	500	500	0	500	500	0	
1.9249898964e+02	71	261	9	491	8	100	0	500	500	500	0	500	500	0	
1.9299975183e+02	72	261	9	491	15	97	0	500	500	500	0	500	500	0	
1.9349943589e+02	63	271	11	489	13	96	0	500	500	500	0	500	500	0	
1.9399939697e+02	63	273	13	487	8	115	0	500	500	500	0	500	500	0	
1.9449997322e+02	60	277	12	488	15	87	0	500	500	500	0	500	500	0	
1.9499779824e+02	63	274	14	486	11	80	0	500	500	500	0	500	500	0	
1.9549985145e+02	60	278	7	493	7	88	0	500	500	500	0	500	500	0	
1.9599978424e+02	56	283	7	493	12	83	0	500	500	500	0	500	500	0	
1.9649892334e+02	53	286	9	491	15	79	0	500	500	500	0	500	500	0	
1.9699963512e+02	46	296	12	488	21	79	0	500	500	500	0	500	500	0	
1.9749977944e+02	50	292	10	490	11	99	0	500	500	500	0	500	500	0	
1.9799967976e+02	51	291	9	491	16	94	0	500	500	500	0	500	500	0	
1.9849843705e+02	50	293	9	491	11	82	0	500	500	500	0	500	500	0	
1.9899999872e+02	48	294	6	494	9	89	0	500	500	500	0	500	500	0	
1.9949969627e+02	53	289	11	489	17	85	0	500	500	500	0	500	500	0	
1.9999985441e+02	63	279	4	496	14	79	0	500	500	500	0	500	500	0	
2.0049959782e+02	59	284	5	495	10	98	0	500	500	500	0	500	500	0	
2.0099629976e+02	56	290	15	485	16	74	0	500	500	500	0	500	500	0	
2.0149902086e+02	57	290	12	488	11	73	0	500	500	500	0	500	500	0	
2.0199999756e+02	56	291	8	492	18	83	0	500	500	500	0	500	500	0	
2.0249548603e+02	62	285	4	496	12	89	0	500	500	500	0	500	500	0	
2.0299956906e+02	60	287	8	492	18	105	0	500	500	500	0	500	500	0	
2.0349829314e+02	63	284	15	485	14	107	0	500	500	500	0	500	500	0	
2.0399907604e+02	61	287	15	485	16	89	0	500	500	500	0	500	500	0	
2.0449977298e+02	58	292	12	488	10	91	0	500	500	500	0	500	500	0	
2.0499879512e+02	57	293	12	488	13	95	0	500	500	500	0	500	500	0	
2.0549885660e+02	61	290	11	489	12	90	0	500	500	500	0	500	500	0	
2.0599989014e+02	70	282	9	491	10	100	0	500	500	500	0	500	500	0	
2.0649900150e+02	72	281	16	484	20	88	0	500	500	500	0	500	500	0	
2.0699975000e+02	69	285	2	498	17	95	0	500	500	500	0	500	500	0	
2.0749987479e+02	57	298	9	491	12	84	0	500	500	500	0	500	500	0	
2.0799817702e+02	58	297	8	492	9	76	0	500	500	500	0	500	500	0	
2.0849986224e+02	63	293	7	493	13	63	0	500	500	500	0	500	500	0	
2.0899739336e+02	55	301	11	489	13	87	0	500	500	500	0	500	500	0	
2.0949823076e+02	55	300	8	492	19	78	0	500	500	500	0	500	500	0	
2.0999992525e+02	63	294	5	495	13	64	0	500	500	500	0	500	500	0	
2.1049984866e+02	60	300	10	490	17	85	0	500	500	500	0	500	500	0	
2.1099829460e+02	69	294	14	486	13	94	0	500	500	500	0	500	500	0	
2.1149988862e+02	60	304	13	487	14	86	0	500	500	500	0	500	500	0	
2.1199989496e+02	63	302	7	493	16	100	0	500	500	500	0	500	500	0	
2.1249967031e+02	60	305	8	492	13	94	0	500	500	500	0	500	500	0	
2.1299993868e+02	61	303	18	482	12	79	0	500	500	500	0	500	500	0	
2.1349902915e+02	64	302	9	491	10	77	0	500	500	500	0	500	500	0	
2.1399987296e+02	57	309	10	490	17	79	0	500	500	500	0	500	500	0	
2.1449922686e+02	56	312	6	494	7	81	0	500	500	500	0	500	500	0	
2.1499805723e+02	52	317	11	489	14	82	0	500	500	500	0	500	500	0	
2.1549854290e+02	59	311	8	492	11	96	0	500	500	500	0	500	500	0	
2.1599962293e+02	58	313	7	493	13	87	0	500	500	500	0	500	500	0	
2.1649555085e+02	66	306	6	494	10	90	0	500	500	500	0	500	500	0	
2.1699872944e+02	65	306	13	487	13	94	0	500	500	500	0	500	500	0	
2.1749996729e+02	70	303	5	495	16	100	0	500	500	500	0	500	500	0	
2.1799969659e+02	69	303	7	493	6	88	0	500	500	500	0	500	500	0	
2.1849971490e+02	59	315	8	492	18	71	0	500	500	500	0	500	500	0	
2.1899911206e+02	57	316	8	492	9	73	0	500	500	500	0	500	500	0	
2.1949871444e+02	59	317	9	491	9	81	0	500	500	500	0	500	500	0	
2.1999780651e+02	63	315	6	494	14	83	0	500	500	500	0	500	500	0	
2.2049780537e+02	56	322	4	496	7	89	0	500	500	500	0	500	500	0	
2.2099743425e+02	58	322	4	496	8	72	0	500	500	500	0	500	500	0	
2.2149898858e+02	60	321	10	490	17	76	0	500	500	500	0	500	500	0	
2.2199821897e+02	60	323	11	489	12	85	0	500	500	500	0	500	500	0	
2.2249932870e+02	58	324	8	492	12	84	0	500	500	500	0	500	500	0	
2.2299967753e+02	62	321	2	498	12	84	0	500	500	500	0	500	500	0	
2.2349908296e+02	58	325	9	491	16	89	0	500	500	500	0	500	500	0	
2.2399819365e+02	65	318	5	495	16	92	0	500	500	500	0	500	500	0	
2.2449972341e+02	71	312	6	494	9	99	0	500	500	500	0	500	500	0	
2.2499889463e+02	66	317	9	491	13	92	0	500	500	500	0	500	500	0	
2.2549779481e+02	70	313	8	492	15	91	0	500	500	500	0	500	500	0	
2.2599837949e+02	59	326	10	490	13	100	0	500	500	500	0	500	500	0	
2.2649869810e+02	62	322	10	490	15	102	0	500	500	500	0	500	500	0	
2.2699924999e+02	66	321	14	486	13	89	0	500	500	500	0	500	500	0	
2.2749948097e+02	60	328	10	490	10	79	0	500	500	500	0	500	500	0	
2.2799916862e+02	59	330	6	494	10	86	0	500	500	500	0	500	500	0	
2.2849915529e+02	62	328	11	489	13	89	0	500	500	500	0	500	500	0	
2.2899958757e+02	60	333	5	495	16	68	0	500	500	500	0	500	500	0	
2.2949702499e+02	63	330	6	494	14	76	0	500	500	500	0	500	500	0	
2.2999964484e+02	62	331	8	492	19	96	0	500	500	500	0	500	500	0	
2.3049871766e+02	65	326	9	491	22	83	0	500	500	500	0	500	500	0	
2.3099906802e+02	67	327	8	492	21	86	0	500	500	500	0	500	500	0	
2.3149840723e+02	65	331	4	496	21	69	0	500	500	500	0	500	500	0	
2.3199865932e+02	64	334	7	493	13	79	0	500	500	500	0	500	500	0	
2.3249917968e+02	62	336	6	494	13	84	0	500	500	500	0	500	500	0	
2.3299784478e+02	63	336	12	488	10	91	0	500	500	500	0	500	500	0	
2.3349940763e+02	72	328	12	488	13	86	0	500	500	500	0	500	500	0	
2.3399637566e+02	68	332	6	494	7	95	0	500	500	500	0	500	500	0	
2.3449956918e+02	64	335	9	491	15	82	0	500	500	500	0	500	500	0	
2.3499881753e+02	64	336	6	494	12	94	0	500	500	500	0	500	500	0	
2.3549935279e+02	66	334	13	487	23	90	0	500	500	500	0	500	500	0	
2.3599979573e+02	80	322	13	487	17	93	0	500	500	500	0	500	500	0	
2.3649851884e+02	77	325	8	492	8	101	0	500	500	500	0	500	500	0	
2.3699911685e+02	80	322	9	491	8	98	0	500	500	500	0	500	500	0	
2.3749797000e+02	75	327	8	492	11	87	0	500	500	500	0	500	500	0	
2.3799945555e+02	82	323	5	495	14	90	0	500	500	500	0	500	500	0	
2.3849995842e+02	83	322	9	491	18	79	0	500	500	500	0	500	500	0	
2.3899964289e+02	74	331	8	492	10	92	0	500	500	500	0	500	500	0	
2.3949973197e+02	72	334	6	494	13	81	0	500	500	500	0	500	500	0	
2.3999994523e+02	63	344	7	493	18	82	0	500	500	500	0	500	500	0	
2.4049981086e+02	64	343	7	493	13	96	0	500	500	500	0	500	500	0	
2.4099971387e+02	59	348	14	486	20	72	0	500	500	500	0	500	500	0	
2.4149970103e+02	52	355	6	494	18	68	0	500	500	500	0	500	500	0	
2.4199947755e+02	61	346	15	485	17	94	0	500	500	500	0	500	500	0	
2.4249241448e+02	65	344	5	495	9	100	0	500	500	500	0	500	500	0	
2.4299985238e+02	65	347	6	494	14	83	0	500	500	500	0	500	500	0	
2.4349892945e+02	59	354	4	496	17	88	0	500	500	500	0	500	500	0	
2.4399969590e+02	63	350	6	494	15	94	0	500	500	500	0	500	500	0	
2.4449832982e+02	65	348	11	489	9	95	0	500	500	500	0	500	500	0	
2.4499876470e+02	59	355	5	495	4	84	0	500	500	500	0	500	500	0	
2.4549999841e+02	58	358	5	495	9	89	0	500	500	500	0	500	500	0	
2.4599913725e+02	51	365	11	489	9	101	0	500	500	500	0	500	500	0	
2.4649731263e+02	54	362	6	494	11	99	0	500	500	500	0	500	500	0	
2.4699588338e+02	58	359	3	497	16	82	0	500	500	500	0	500	500	0	
2.4749962013e+02	56	363	5	495	15	96	0	500	500	500	0	500	500	0	
2.4799806969e+02	62	356	3	497	16	80	0	500	500	500	0	500	500	0	
2.4849884301e+02	60	357	4	496	21	71	0	500	500	500	0	500	500	0	
2.4899976643e+02	58	359	7	493	19	93	0	500	500	500	0	500	500	0	
2.4949801569e+02	66	352	7	493	10	88	0	500	500	500	0	500	500	0	
2.4999953858e+02	60	357	9	491	22	82	0	500	500	500	0	500	500	0	
2.5049994994e+02	59	359	6	494	12	91	0	500	500	500	0	500	500	0	
2.5099923123e+02	61	357	10	490	11	70	0	500	500	500	0	500	500	0	
2.5149984388e+02	61	357	5	495	9	81	0	500	500	500	0	500	500	0	
2.5199864351e+02	59	359	6	494	13	85	0	500	500	500	0	500	500	0	
2.5249719964e+02	67	352	13	487	25	87	0	500	500	500	0	500	500	0	
2.5299642707e+02	77	342	9	491	12	90	0	500	500	500	0	500	500	0	
2.5349728993e+02	72	348	12	488	16	100	0	500	500	500	0	500	500	0	
2.5399996414e+02	76	344	11	489	12	89	0	500	500	500	0	500	500	0	
2.5449870006e+02	77	345	8	492	10	67	0	500	500	500	0	500	500	0	
2.5499817687e+02	74	348	13	487	13	72	0	500	500	500	0	500	500	0	
2.5549839426e+02	69	355	5	495	15	96	0	500	500	500	0	500	500	0	
2.5599921009e+02	72	353	8	492	16	93	0	500	500	500	0	500	500	0	
2.5649772588e+02	59	365	12	488	21	84	0	500	500	500	0	500	500	0	
2.5699705326e+02	67	358	9	491	20	70	0	500	500	500	0	500	500	0	
2.5749851722e+02	65	361	6	494	19	74	0	500	500	500	0	500	500	0	
2.5799920705e+02	73	354	8	492	21	81	0	500	500	500	0	500	500	0	
2.5849911578e+02	71	357	7	493	11	98	0	500	500	500	0	500	500	0	
2.5899959090e+02	69	359	6	494	13	95	0	500	500	500	0	500	500	0	
2.5949897340e+02	63	363	9	491	10	98	0	500	500	500	0	500	500	0	
2.5999787147e+02	61	367	10	490	7	103	0	500	500	500	0	500	500	0	
2.6049922445e+02	66	358	12	488	7	108	0	500	500	500	0	500	500	0	
2.6099989313e+02	63	361	6	494	15	96	0	500	500	500	0	500	500	0	
2.6149952963e+02	61	365	7	493	16	96	0	500	500	500	0	500	500	0	
2.6199688945e+02	67	357	4	496	13	80	0	500	500	500	0	500	500	0	
2.6249989331e+02	64	359	15	485	14	107	0	500	500	500	0	500	500	0	
2.6299883980e+02	65	358	11	489	13	108	0	500	500	500	0	500	500	0	
2.6349539421e+02	65	358	6	494	17	99	0	500	500	500	0	500	500	0	
2.6399992414e+02	65	357	6	494	11	83	0	500	500	500	0	500	500	0	
2.6449973968e+02	62	361	5	495	16	55	0	500	500	500	0	500	500	0	
2.6499962017e+02	68	354	11	489	13	80	0	500	500	500	0	500	500	0	
2.6549930456e+02	59	366	3	497	15	86	0	500	500	500	0	500	500	0	
2.6599797885e+02	67	358	7	493	9	99	0	500	500	500	0	500	500	0	
2.6649956399e+02	75	351	12	488	15	93	0	500	500	500	0	500	500	0	
2.6699545245e+02	66	361	5	495	15	72	0	500	500	500	0	500	500	0	
2.6749778097e+02	59	368	7	493	12	97	0	500	500	500	0	500	500	0	
2.6799966141e+02	59	370	8	492	17	82	0	500	500	500	0	500	500	0	
2.6849974788e+02	52	376	6	494	9	81	0	500	500	500	0	500	500	0	
2.6899968397e+02	55	373	14	486	17	83	0	500	500	500	0	500	500	0	
2.6949996915e+02	59	369	8	492	18	91	0	500	500	500	0	500	500	0	
2.6999897138e+02	68	362	8	492	18	102	0	500	500	500	0	500	500	0	
2.7049960396e+02	76	356	7	493	12	80	0	500	500	500	0	500	500	0	
2.7099962781e+02	75	358	11	489	14	76	0	500	500	500	0	500	500	0	
2.7149977128e+02	68	365	6	494	17	75	0	500	500	500	0	500	500	0	
2.7199938751e+02	66	367	9	491	11	104	0	500	500	500	0	500	500	0	
2.7249987953e+02	73	359	4	496	19	93	0	500	500	500	0	500	500	0	
2.7299797312e+02	69	364	7	493	16	74	0	500	500	500	0	500	500	0	
2.7349681270e+02	73	361	9	491	11	79	0	500	500	500	0	500	500	0	
2.7399892633e+02	65	370	5	495	9	91	0	500	500	500	0	500	500	0	
2.7449798428e+02	67	369	4	496	18	77	0	500	500	500	0	500	500	0	
2.7499905854e+02	74	363	4	496	17	101	0	500	500	500	0	500	500	0	
2.7549844211e+02	73	364	5	495	11	88	0	500	500	500	0	500	500	0	
2.7599789946e+02	73	364	8	492	13	108	0	500	500	500	0	500	500	0	
2.7649828569e+02	77	361	7	493	18	85	0	500	500	500	0	500	500	0	
2.7699744726e+02	77	361	4	496	8	94	0	500	500	500	0	500	500	0	
2.7749648251e+02	66	374	8	492	11	77	0	500	500	500	0	500	500	0	
2.7799808148e+02	57	383	7	493	12	85	0	500	500	500	0	500	500	0	
2.7849967531e+02	63	377	8	492	14	84	0	500	500	500	0	500	500	0	
2.7899917793e+02	72	369	4	496	15	87	0	500	500	500	0	500	500	0	
2.7949995485e+02	76	371	11	489	20	82	0	500	500	500	0	500	500	0	
2.7999562819e+02	84	363	9	491	19	76	0	500	500	500	0	500	500	0	
2.8049902697e+02	82	365	8	492	20	86	0	500	500	500	0	500	500	0	
2.8099906275e+02	75	372	10	490	12	92	0	500	500	500	0	500	500	0	
2.8149865394e+02	78	369	4	496	17	79	0	500	500	500	0	500	500	0	
2.8199926750e+02	69	377	10	490	14	83	0	500	500	500	0	500	500	0	
2.8249843289e+02	68	378	6	494	15	64	0	500	500	500	0	500	500	0	
2.8299589532e+02	70	376	8	492	12	80	0	500	500	500	0	500	500	0	
2.8349932373e+02	58	388	6	494	8	88	0	500	500	500	0	500	500	0	
2.8399856740e+02	54	392	11	489	14	86	0	500	500	500	0	500	500	0	
2.8449973223e+02	57	394	3	497	10	86	0	500	500	500	0	500	500	0	
2.8499983360e+02	53	399	6	494	19	76	0	500	500	500	0	500	500	0	
2.8549964786e+02	56	396	7	493	21	70	0	500	500	500	0	500	500	0	
2.8599946537e+02	53	400	3	497	13	91	0	500	500	500	0	500	500	0	
2.8649947898e+02	55	398	6	494	13	92	0	500	500	500	0	500	500	0	
2.8699978602e+02	56	398	5	495	13	86	0	500	500	500	0	500	500	0	
2.8749904278e+02	55	400	7	493	9	79	0	500	500	500	0	500	500	0	
2.8799925521e+02	48	409	2	498	11	78	0	500	500	500	0	500	500	0	
2.8849969089e+02	59	400	11	489	14	78	0	500	500	500	0	500	500	0	
2.8899941945e+02	60	399	1	499	17	79	0	500	500	500	0	500	500	0	
2.8949934658e+02	62	398	7	493	12	88	0	500	500	500	0	500	500	0	
2.8999890396e+02	77	385	11	489	9	98	0	500	500	500	0	500	500	0	
2.9049826070e+02	68	394	8	492	20	82	0	500	500	500	0	500	500	0	
2.9099979517e+02	67	397	8	492	15	92	0	500	500	500	0	500	500	0	
2.9149898071e+02	72	392	6	494	18	102	0	500	500	500	0	500	500	0	
2.9199920946e+02	74	391	6	494	12	93	0	500	500	500	0	500	500	0	
2.9249963483e+02	74	392	3	497	23	79	0	500	500	500	0	500	500	0	
2.9299928483e+02	64	402	6	494	14	94	0	500	500	500	0	500	500	0	
2.9349956487e+02	68	398	5	495	13	80	0	500	500	500	0	500	500	0	
2.9399788991e+02	67	400	6	494	21	67	0	500	500	500	0	500	500	0	
2.9449776805e+02	72	397	7	493	12	108	0	500	500	500	0	500	500	0	
2.9499893351e+02	76	394	11	489	11	116	0	500	500	500	0	500	500	0	
2.9549986729e+02	71	399	7	493	14	103	0	500	500	500	0	500	500	0	
2.9599663547e+02	69	403	6	494	12	80	0	500	500	500	0	500	500	0	
2.9649996886e+02	72	400	9	491	11	97	0	500	500	500	0	500	500	0	
2.9699900756e+02	69	402	10	490	18	81	0	500	500	500	0	500	500	0	
2.9749937626e+02	67	404	7	493	18	83	0	500	500	500	0	500	500	0	
2.9799929860e+02	72	397	7	493	11	84	0	500	500	500	0	500	500	0	
2.9849923644e+02	73	396	7	493	14	99	0	500	500	500	0	500	500	0	
2.9899774587e+02	78	392	6	494	16	82	0	500	500	500	0	500	500	0	
2.9949982535e+02	66	404	6	494	11	90	0	500	500	500	0	500	500	0	
2.9999741666e+02	69	402	6	494	14	76	0	500	500	500	0	500	500	0	
3.0049618889e+02	66	406	8	492	10	84	0	500	500	500	0	500	500	0	
3.0099932041e+02	68	404	5	495	17	87	0	500	500	500	0	500	500	0	
3.0149953947e+02	74	399	6	494	12	95	0	500	500	500	0	500	500	0	
3.0199913557e+02	82	390	5	495	14	102	0	500	500	500	0	500	500	0	
3.0249971365e+02	83	389	6	494	11	85	0	500	500	500	0	500	500	0	
3.0299744431e+02	83	391	14	486	11	87	0	500	500	500	0	500	500	0	
3.0349969453e+02	80	395	9	491	11	83	0	500	500	500	0	500	500	0	
3.0399998214e+02	79	396	4	496	10	75	0	500	500	500	0	500	500	0	
3.0449653926e+02	86	390	7	493	15	72	0	500	500	500	0	500	500	0	
3.0499982177e+02	82	393	1	499	20	87	0	500	500	500	0	500	500	0	
3.0549864138e+02	78	397	2	498	17	100	0	500	500	500	0	500	500	0	
3.0599767634e+02	76	400	4	496	15	77	0	500	500	500	0	500	500	0	
3.0649945690e+02	77	399	6	494	11	105	0	500	500	500	0	500	500	0	
3.0699800062e+02	71	405	3	497	9	91	0	500	500	500	0	500	500	0	
3.0749948823e+02	77	400	5	495	20	74	0	500	500	500	0	500	500	0	
3.0799992001e+02	84	394	5	495	18	98	0	500	500	500	0	500	500	0	
3.0849859589e+02	72	406	9	491	13	74	0	500	500	500	0	500	500	0	
3.0899830671e+02	64	413	9	491	12	77	0	500	500	500	0	500	500	0	
3.0949899879e+02	61	416	13	487	16	69	0	500	500	500	0	500	500	0	
3.0999957561e+02	59	420	6	494	9	80	0	500	500	500	0	500	500	0	
3.1049984428e+02	60	418	11	489	15	84	0	500	500	500	0	500	500	0	
3.1099980180e+02	71	408	9	491	15	97	0	500	500	500	0	500	500	0	
3.1149979004e+02	69	410	5	495	20	100	0	500	500	500	0	500	500	0	
3.1199994945e+02	73	406	8	492	13	74	0	500	500	500	0	500	500	0	
3.1249856059e+02	69	410	4	496	14	85	0	500	500	500	0	500	500	0	
3.1299916125e+02	74	406	7	493	7	119	0	500	500	500	0	500	500	0	
3.1349984650e+02	73	406	7	493	8	96	0	500	500	500	0	500	500	0	
3.1399996350e+02	72	408	6	494	12	104	0	500	500	500	0	500	500	0	
3.1449942340e+02	75	405	7	493	21	76	0	500	500	500	0	500	500	0	
3.1499838785e+02	79	401	1	499	4	65	0	500	500	500	0	500	500	0	
3.1549822712e+02	75	405	9	491	16	67	0	500	500	500	0	500	500	0	
3.1599841783e+02	77	404	4	496	14	82	0	500	500	500	0	500	500	0	
3.1649974860e+02	69	414	5	495	12	96	0	500	500	500	0	500	500	0	
3.1699996931e+02	76	407	2	498	20	96	0	500	500	500	0	500	500	0	
3.1749975894e+02	83	399	8	492	14	92	0	500	500	500	0	500	500	0	
3.1799924269e+02	85	398	11	489	10	80	0	500	500	500	0	500	500	0	
3.1849999644e+02	75	408	5	495	15	63	0	500	500	500	0	500	500	0	
3.1899912816e+02	72	412	4	496	3	80	0	500	500	500	0	500	500	0	
3.1949847961e+02	78	405	5	495	17	78	0	500	500	500	0	500	500	0	
3.1999729082e+02	84	399	7	493	16	83	0	500	500	500	0	500	500	0	
3.2049944091e+02	88	394	6	494	11	92	0	500	500	500	0	500	500	0	
3.2099985085e+02	86	396	1	499	8	95	0	500	500	500	0	500	500	0	
3.2149874365e+02	94	387	9	491	16	95	0	500	500	500	0	500	500	0	
3.2199962509e+02	96	386	9	491	18	94	0	500	500	500	0	500	500	0	
3.2249880283e+02	100	382	5	495	11	98	0	500	500	500	0	500	500	0	
3.2299997883e+02	100	383	5	495	17	83	0	500	500	500	0	500	500	0	
3.2349987413e+02	92	392	4	496	16	80	0	500	500	500	0	500	500	0	
3.2399945532e+02	79	405	3	497	9	97	0	500	500	500	0	500	500	0	
3.2449962808e+02	82	403	7	493	21	68	0	500	500	500	0	500	500	0	
3.2499982484e+02	86	399	12	488	11	84	0	500	500	500	0	500	500	0	
3.2549882591e+02	72	413	7	493	14	87	0	500	500	500	0	500	500	0	
3.2599847519e+02	69	416	5	495	7	81	0	500	500	500	0	500	500	0	
3.2649899091e+02	67	419	11	489	11	100	0	500	500	500	0	500	500	0	
3.2699890049e+02	75	412	5	495	11	80	0	500	500	500	0	500	500	0	
3.2749960824e+02	71	415	4	496	14	91	0	500	500	500	0	500	500	0	
3.2799804926e+02	85	399	7	493	10	93	0	500	500	500	0	500	500	0	
3.2849952439e+02	85	400	4	496	8	83	0	500	500	500	0	500	500	0	
3.2899914579e+02	83	402	10	490	15	80	0	500	500	500	0	500	500	0	
3.2949924082e+02	88	398	5	495	9	66	0	500	500	500	0	500	500	0	
3.2999899211e+02	90	396	9	491	12	64	0	500	500	500	0	500	500	0	
3.3049968911e+02	87	399	3	497	14	73	0	500	500	500	0	500	500	0	
3.3099863173e+02	76	410	4	496	9	80	0	500	500	500	0	500	500	0	
3.3149943638e+02	77	411	6	494	15	84	0	500	500	500	0	500	500	0	
3.3199933965e+02	72	419	5	495	18	93	0	500	500	500	0	500	500	0	
3.3249983952e+02	75	417	10	490	14	76	0	500	500	500	0	500	500	0	
3.3299949350e+02	80	413	6	494	15	92	0	500	500	500	0	500	500	0	
3.3349941649e+02	83	412	7	493	7	86	0	500	500	500	0	500	500	0	
3.3399933007e+02	89	408	5	495	14	80	0	500	500	500	0	500	500	0	
3.3449879160e+02	79	418	4	496	12	92	0	500	500	500	0	500	500	0	
3.3499982308e+02	80	419	6	494	14	83	0	500	500	500	0	500	500	0	
3.3549939868e+02	71	428	11	489	13	96	0	500	500	500	0	500	500	0	
3.3599878895e+02	74	426	4	496	13	88	0	500	500	500	0	500	500	0	
3.3649980078e+02	67	435	8	492	15	81	0	500	500	500	0	500	500	0	
3.3699936069e+02	78	427	7	493	11	81	0	500	500	500	0	500	500	0	
3.3749908335e+02	80	428	3	497	13	81	0	500	500	500	0	500	500	0	
3.3799799154e+02	81	427	3	497	8	83	0	500	500	500	0	500	500	0	
3.3849985618e+02	82	427	6	494	15	87	0	500	500	500	0	500	500	0	
3.3899992368e+02	84	425	9	491	16	82	0	500	500	500	0	500	500	0	
3.3949812309e+02	89	420	8	492	25	94	0	500	500	500	0	500	500	0	
3.3999986819e+02	88	420	3	497	11	93	0	500	500	500	0	500	500	0	
3.4049862726e+02	76	434	0	500	10	82	0	500	500	500	0	500	500	0	
3.4099891750e+02	67	443	6	494	14	90	0	500	500	500	0	500	500	0	
3.4149969831e+02	70	441	4	496	14	86	0	500	500	500	0	500	500	0	
3.4199990565e+02	76	435	3	497	10	84	0	500	500	500	0	500	500	0	
3.4249910084e+02	81	430	7	493	15	72	0	500	500	500	0	500	500	0	
3.4299745100e+02	86	425	3	497	10	79	0	500	500	500	0	500	500	0	
3.4349965010e+02	73	438	7	493	9	94	0	500	500	500	0	500	500	0	
3.4399796162e+02	75	436	5	495	16	104	0	500	500	500	0	500	500	0	
3.4449935913e+02	73	440	7	493	21	84	0	500	500	500	0	500	500	0	
3.4499993598e+02	67	447	4	496	15	72	0	500	500	500	0	500	500	0	
3.4549913966e+02	70	446	1	499	12	84	0	500	500	500	0	500	500	0	
3.4599764106e+02	64	452	7	493	14	90	0	500	500	500	0	500	500	0	
3.4649982402e+02	70	446	6	494	10	86	0	500	500	500	0	500	500	0	
3.4699935941e+02	69	447	7	493	23	77	0	500	500	500	0	500	500	0	
3.4749969684e+02	73	443	6	494	7	90	0	500	500	500	0	500	500	0	
3.4799996737e+02	75	441	7	493	6	100	0	500	500	500	0	500	500	0	
3.4849729274e+02	80	437	1	499	14	87	0	500	500	500	0	500	500	0	
3.4899984238e+02	85	433	8	492	15	108	0	500	500	500	0	500	500	0	
3.4949873290e+02	82	436	6	494	10	90	0	500	500	500	0	500	500	0	
3.4999957040e+02	80	439	6	494	19	75	0	500	500	500	0	500	500	0	
3.5049948800e+02	76	443	9	491	13	72	0	500	500	500	0	500	500	0	
3.5099904682e+02	75	446	3	497	12	90	0	500	500	500	0	500	500	0	
3.5149947050e+02	78	443	4	496	14	87	0	500	500	500	0	500	500	0	
3.5199981136e+02	70	450	5	495	5	88	0	500	500	500	0	500	500	0	
3.5249856647e+02	69	454	5	495	14	71	0	500	500	500	0	500	500	0	
3.5299982521e+02	64	460	3	497	17	87	0	500	500	500	0	500	500	0	
3.5349967223e+02	67	457	7	493	10	91	0	500	500	500	0	500	500	0	
3.5399908753e+02	66	458	4	496	17	81	0	500	500	500	0	500	500	0	
3.5449967568e+02	71	454	7	493	17	75	0	500	500	500	0	500	500	0	
3.5499996949e+02	80	444	6	494	20	91	0	500	500	500	0	500	500	0	
3.5549961221e+02	79	445	5	495	15	87	0	500	500	500	0	500	500	0	
3.5599977576e+02	72	454	7	493	9	76	0	500	500	500	0	500	500	0	
3.5649700656e+02	65	461	5	495	14	76	0	500	500	500	0	500	500	0	
3.5699869179e+02	65	462	8	492	16	85	0	500	500	500	0	500	500	0	
3.5749975250e+02	71	455	9	491	11	98	0	500	500	500	0	500	500	0	
3.5799964348e+02	78	448	5	495	14	84	0	500	500	500	0	500	500	0	
3.5849950528e+02	76	452	2	498	14	96	0	500	500	500	0	500	500	0	
3.5899952120e+02	83	445	5	495	11	97	0	500	500	500	0	500	500	0	
3.5949980415e+02	82	446	3	497	11	84	0	500	500	500	0	500	500	0	
3.5999981782e+02	85	445	9	491	17	82	0	500	500	500	0	500	500	0	
3.6049699237e+02	80	450	9	491	18	97	0	500	500	500	0	500	500	0	
3.6099967363e+02	81	450	5	495	16	86	0	500	500	500	0	500	500	0	
3.6149915872e+02	85	447	7	493	14	87	0	500	500	500	0	500	500	0	
3.6199611463e+02	82	450	4	496	16	91	0	500	500	500	0	500	500	0	
3.6249999040e+02	81	453	6	494	12	75	0	500	500	500	0	500	500	0	
3.6299890272e+02	79	456	3	497	17	72	0	500	500	500	0	500	500	0	
3.6349940089e+02	79	456	10	490	13	90	0	500	500	500	0	500	500	0	
3.6399912381e+02	68	467	7	493	10	95	0	500	500	500	0	500	500	0	
3.6449939375e+02	63	474	6	494	18	87	0	500	500	500	0	500	500	0	
3.6499684885e+02	62	476	6	494	9	84	0	500	500	500	0	500	500	0	
3.6549962349e+02	62	477	4	496	13	66	0	500	500	500	0	500	500	0	
3.6599990014e+02	81	460	6	494	18	68	0	500	500	500	0	500	500	0	
3.6649800307e+02	87	453	6	494	17	87	0	500	500	500	0	500	500	0	
3.6699946552e+02	83	457	6	494	14	91	0	500	500	500	0	500	500	0	
3.6749994147e+02	82	460	5	495	13	85	0	500	500	500	0	500	500	0	
3.6799978054e+02	68	474	6	494	24	89	0	500	500	500	0	500	500	0	
3.6849936712e+02	73	470	7	493	12	71	0	500	500	500	0	500	500	0	
3.6899820573e+02	67	475	10	490	10	96	0	500	500	500	0	500	500	0	
3.6949966432e+02	74	469	3	497	7	71	0	500	500	500	0	500	500	0	
3.6999854596e+02	72	471	3	497	11	63	0	500	500	500	0	500	500	0	
3.7049998051e+02	69	474	4	496	10	83	0	500	500	500	0	500	500	0	
3.7099872804e+02	67	476	9	491	18	104	0	500	500	500	0	500	500	0	
3.7149956816e+02	69	475	8	492	13	82	0	500	500	500	0	500	500	0	
3.7199989182e+02	72	472	3	497	13	97	0	500	500	500	0	500	500	0	
3.7249997779e+02	78	467	6	494	14	76	0	500	500	500	0	500	500	0	
3.7299833952e+02	72	475	7	493	10	101	0	500	500	500	0	500	500	0	
3.7349870697e+02	68	480	7	493	22	85	0	500	500	500	0	500	500	0	
3.7399970894e+02	64	484	4	496	21	97	0	500	500	500	0	500	500	0	
3.7449979377e+02	68	478	4	496	16	93	0	500	500	500	0	500	500	0	
3.7499839370e+02	70	474	4	496	14	98	0	500	500	500	0	500	500	0	
3.7549919016e+02	69	474	5	495	16	90	0	500	500	500	0	500	500	0	
3.7599942115e+02	79	465	6	494	9	76	0	500	500	500	0	500	500	0	
3.7649959795e+02	68	475	4	496	13	93	0	500	500	500	0	500	500	0	
3.7699755451e+02	92	452	5	495	11	80	0	500	500	500	0	500	500	0	
3.7749711593e+02	82	463	11	489	12	91	0	500	500	500	0	500	500	0	
3.7799981198e+02	78	468	8	492	9	85	0	500	500	500	0	500	500	0	
3.7849952726e+02	76	470	5	495	8	91	0	500	500	500	0	500	500	0	
3.7899862513e+02	75	472	8	492	9	89	0	500	500	500	0	500	500	0	
3.7949885171e+02	73	474	4	496	15	86	0	500	500	500	0	500	500	0	
3.7999980268e+02	76	471	4	496	14	73	0	500	500	500	0	500	500	0	
3.8049804127e+02	78	470	7	493	11	87	0	500	500	500	0	500	500	0	
3.8099850242e+02	87	461	4	496	11	94	0	500	500	500	0	500	500	0	
3.8149948225e+02	83	466	3	497	12	86	0	500	500	500	0	500	500	0	
3.8199755234e+02	81	469	9	491	10	92	0	500	500	500	0	500	500	0	
3.8249984827e+02	92	459	1	499	11	95	0	500	500	500	0	500	500	0	
3.8299910945e+02	104	447	7	493	13	66	0	500	500	500	0	500	500	0	
3.8349964300e+02	105	446	4	496	13	88	0	500	500	500	0	500	500	0	
3.8399891891e+02	101	450	6	494	13	81	0	500	500	500	0	500	500	0	
3.8449919078e+02	94	459	3	497	11	99	0	500	500	500	0	500	500	0	
3.8499890979e+02	94	458	4	496	6	84	0	500	500	500	0	500	500	0	
3.8549814852e+02	94	460	6	494	10	79	0	500	500	500	0	500	500	0	
3.8599945127e+02	95	459	8	492	12	91	0	500	500	500	0	500	500	0	
3.8649844282e+02	95	460	2	498	14	97	0	500	500	500	0	500	500	0	
3.8699996417e+02	80	475	5	495	11	91	0	500	500	500	0	500	500	0	
3.8749934721e+02	70	485	4	496	9	81	0	500	500	500	0	500	500	0	
3.8799944291e+02	84	471	3	497	19	88	0	500	500	500	0	500	500	0	
3.8849972113e+02	88	468	8	492	9	118	0	500	500	500	0	500	500	0	
3.8899930434e+02	79	477	8	492	15	89	0	500	500	500	0	500	500	0	
3.8949911824e+02	77	479	4	496	18	75	0	500	500	500	0	500	500	0	
3.8999844227e+02	71	485	3	497	11	81	0	500	500	500	0	500	500	0	
3.9049936739e+02	73	483	9	491	14	97	0	500	500	500	0	500	500	0	
3.9099863851e+02	76	482	6	494	16	94	0	500	500	500	0	500	500	0	
3.9149845666e+02	76	483	7	493	12	89	0	500	500	500	0	500	500	0	
3.9199884243e+02	71	488	4	496	16	77	0	500	500	500	0	500	500	0	
3.9249993886e+02	74	486	8	492	17	94	0	500	500	500	0	500	500	0	
3.9299955313e+02	85	476	5	495	17	86	0	500	500	500	0	500	500	0	
3.9349962132e+02	87	475	4	496	12	88	0	500	500	500	0	500	500	0	
3.9399918887e+02	80	482	3	497	8	69	0	500	500	500	0	500	500	0	
3.9449914722e+02	71	492	8	492	13	67	0	500	500	500	0	500	500	0	
3.9499830703e+02	72	491	8	492	9	87	0	500	500	500	0	500	500	0	
3.9549890408e+02	83	480	7	493	10	86	0	500	500	500	0	500	500	0	
3.9599987481e+02	77	486	4	496	16	92	0	500	500	500	0	500	500	0	
3.9649920881e+02	89	473	3	497	15	92	0	500	500	500	0	500	500	0	
3.9699919327e+02	86	477	4	496	11	98	0	500	500	500	0	500	500	0	
3.9749962264e+02	93	469	4	496	13	99	0	500	500	500	0	500	500	0	
3.9799983547e+02	93	469	7	493	14	95	0	500	500	500	0	500	500	0	
3.9849883267e+02	95	468	4	496	10	101	0	500	500	500	0	500	500	0	
3.9899962520e+02	97	467	9	491	15	89	0	500	500	500	0	500	500	0	
3.9949932887e+02	81	483	5	495	14	88	0	500	500	500	0	500	500	0	
3.9999901909e+02	72	491	8	492	12	83	0	500	500	500	0	500	500	0	
4.0049860222e+02	68	495	5	495	10	89	0	500	500	500	0	500	500	0	
4.0099883576e+02	66	499	6	494	14	92	0	500	500	500	0	500	500	0	
4.0149961614e+02	63	501	5	495	14	98	0	500	500	500	0	500	500	0	
4.0199930749e+02	65	497	3	497	9	82	0	500	500	500	0	500	500	0	
4.0249967714e+02	61	502	3	497	6	93	0	500	500	500	0	500	500	0	
4.0299939873e+02	58	506	5	495	22	83	0	500	500	500	0	500	500	0	
4.0349992975e+02	66	497	10	490	20	82	0	500	500	500	0	500	500	0	
4.0399965036e+02	64	502	4	496	12	86	0	500	500	500	0	500	500	0	
4.0449855867e+02	61	505	5	495	7	89	0	500	500	500	0	500	500	0	
4.0499932339e+02	64	503	3	497	15	80	0	500	500	500	0	500	500	0	
4.0549944015e+02	67	500	5	495	19	73	0	500	500	500	0	500	500	0	
4.0599988061e+02	69	498	4	496	22	82	0	500	500	500	0	500	500	0	
4.0649915176e+02	68	498	5	495	16	73	0	500	500	500	0	500	500	0	
4.0699749453e+02	75	491	11	489	14	77	0	500	500	500	0	500	500	0	
4.0749955303e+02	68	498	4	496	13	82	0	500	500	500	0	500	500	0	
4.0799921178e+02	72	493	6	494	18	91	0	500	500	500	0	500	500	0	
4.0849984181e+02	72	493	5	495	13	102	0	500	500	500	0	500	500	0	
4.0899859588e+02	79	486	5	495	10	101	0	500	500	500	0	500	500	0	
4.0949909321e+02	75	491	6	494	12	89	0	500	500	500	0	500	500	0	
4.0999986955e+02	71	494	7	493	6	82	0	500	500	500	0	500	500	0	
4.1049688796e+02	64	501	3	497	8	76	0	500	500	500	0	500	500	0	
4.1099872714e+02	67	499	4	496	10	86	0	500	500	500	0	500	500	0	
4.1149965235e+02	70	496	9	491	16	81	0	500	500	500	0	500	500	0	
4.1199916944e+02	85	480	5	495	11	93	0	500	500	500	0	500	500	0	
4.1249964163e+02	83	482	11	489	16	75	0	500	500	500	0	500	500	0	
4.1299864782e+02	80	489	9	491	19	77	0	500	500	500	0	500	500	0	
4.1349863519e+02	77	491	4	496	20	77	0	500	500	500	0	500	500	0	
4.1399929679e+02	75	496	5	495	18	77	0	500	500	500	0	500	500	0	
4.1449984643e+02	78	495	7	493	28	79	0	500	500	500	0	500	500	0	
4.1499936131e+02	80	492	4	496	15	99	0	500	500	500	0	500	500	0	
4.1549893774e+02	66	507	5	495	12	86	0	500	500	500	0	500	500	0	
4.1599619749e+02	69	502	5	495	10	80	0	500	500	500	0	500	500	0	
4.1649840791e+02	63	509	3	497	9	110	0	500	500	500	0	500	500	0	
4.1699893564e+02	63	509	6	494	6	103	0	500	500	500	0	500	500	0	
4.1749942571e+02	61	513	3	497	10	84	0	500	500	500	0	500	500	0	
4.1799952426e+02	59	515	5	495	15	91	0	500	500	500	0	500	500	0	
4.1849850059e+02	63	510	3	497	19	80	0	500	500	500	0	500	500	0	
4.1899726530e+02	81	491	6	494	11	91	0	500	500	500	0	500	500	0	
4.1949918699e+02	91	481	5	495	17	100	0	500	500	500	0	500	500	0	
4.1999572142e+02	88	484	3	497	16	81	0	500	500	500	0	500	500	0	
4.2049991611e+02	84	489	2	498	16	98	0	500	500	500	0	500	500	0	
4.2099753339e+02	78	495	4	496	12	80	0	500	500	500	0	500	500	0	
4.2149796195e+02	76	499	4	496	11	69	0	500	500	500	0	500	500	0	
4.2199746928e+02	70	506	7	493	13	80	0	500	500	500	0	500	500	0	
4.2249979631e+02	71	504	5	495	12	100	0	500	500	500	0	500	500	0	
4.2299973962e+02	82	492	6	494	18	77	0	500	500	500	0	500	500	0	
4.2349948522e+02	84	489	5	495	11	77	0	500	500	500	0	500	500	0	
4.2399784951e+02	76	497	5	495	7	101	0	500	500	500	0	500	500	0	
4.2449945570e+02	71	500	5	495	18	98	0	500	500	500	0	500	500	0	
4.2499888521e+02	72	501	7	493	14	85	0	500	500	500	0	500	500	0	
4.2549983787e+02	75	499	8	492	11	101	0	500	500	500	0	500	500	0	
4.2599975552e+02	74	502	4	496	13	95	0	500	500	500	0	500	500	0	
4.2649884918e+02	73	505	6	494	13	71	0	500	500	500	0	500	500	0	
4.2699927542e+02	89	488	4	496	9	83	0	500	500	500	0	500	500	0	
4.2749884393e+02	87	490	8	492	7	90	0	500	500	500	0	500	500	0	
4.2799635757e+02	88	493	4	496	24	86	0	500	500	500	0	500	500	0	
4.2849972250e+02	84	496	3	497	8	91	0	500	500	500	0	500	500	0	
4.2899933881e+02	84	497	4	496	21	97	0	500	500	500	0	500	500	0	
4.2949890528e+02	81	501	5	495	14	96	0	500	500	500	0	500	500	0	
4.2999970409e+02	88	494	9	491	12	81	0	500	500	500	0	500	500	0	
4.3049845958e+02	87	494	3	497	13	88	0	500	500	500	0	500	500	0	
4.3099808152e+02	84	497	7	493	19	84	0	500	500	500	0	500	500	0	
4.3149939967e+02	85	497	4	496	21	85	0	500	500	500	0	500	500	0	
4.3199986023e+02	84	498	3	497	13	89	0	500	500	500	0	500	500	0	
4.3249982395e+02	91	491	6	494	17	81	0	500	500	500	0	500	500	0	
4.3299992772e+02	89	493	6	494	17	93	0	500	500	500	0	500	500	0	
4.3349986442e+02	85	496	2	498	7	110	0	500	500	500	0	500	500	0	
4.3399984244e+02	81	500	5	495	19	93	0	500	500	500	0	500	500	0	
4.3449930875e+02	91	492	4	496	9	80	0	500	500	500	0	500	500	0	
4.3499999221e+02	87	500	10	490	23	83	0	500	500	500	0	500	500	0	
4.3549852409e+02	80	509	3	497	12	90	0	500	500	500	0	500	500	0	
4.3599992336e+02	72	519	3	497	21	80	0	500	500	500	0	500	500	0	
4.3649915994e+02	76	516	7	493	9	96	0	500	500	500	0	500	500	0	
4.3699999927e+02	79	514	6	494	19	90	0	500	500	500	0	500	500	0	
4.3749869652e+02	87	505	3	497	17	92	0	500	500	500	0	500	500	0	
4.3799972306e+02	87	503	4	496	10	89	0	500	500	500	0	500	500	0	
4.3849852078e+02	90	501	5	495	17	79	0	500	500	500	0	500	500	0	
4.3899988157e+02	85	507	6	494	13	88	0	500	500	500	0	500	500	0	
4.3949885040e+02	77	515	3	497	18	82	0	500	500	500	0	500	500	0	
4.3999973779e+02	70	522	3	497	8	108	0	500	500	500	0	500	500	0	
4.4049994568e+02	74	519	1	499	12	95	0	500	500	500	0	500	500	0	
4.4099695823e+02	73	520	1	499	10	71	0	500	500	500	0	500	500	0	
4.4149922953e+02	69	525	9	491	10	103	0	500	500	500	0	500	500	0	
4.4199883724e+02	73	522	7	493	18	106	0	500	500	500	0	500	500	0	
4.4249994950e+02	77	518	1	499	13	111	0	500	500	500	0	500	500	0	
4.4299955523e+02	88	509	4	496	21	85	0	500	500	500	0	500	500	0	
4.4349742229e+02	90	507	1	499	11	93	0	500	500	500	0	500	500	0	
4.4399948083e+02	76	523	4	496	28	78	0	500	500	500	0	500	500	0	
4.4449976450e+02	81	520	2	498	12	78	0	500	500	500	0	500	500	0	
4.4499958440e+02	83	519	6	494	16	84	0	500	500	500	0	500	500	0	
4.4549847341e+02	84	519	8	492	15	70	0	500	500	500	0	500	500	0	
4.4599957509e+02	72	531	2	498	13	63	0	500	500	500	0	500	500	0	
4.4649771728e+02	72	531	6	494	14	72	0	500	500	500	0	500	500	0	
4.4699687375e+02	77	527	6	494	18	92	0	500	500	500	0	500	500	0	
4.4749819989e+02	81	520	6	494	11	91	0	500	500	500	0	500	500	0	
4.4799785278e+02	88	514	5	495	11	88	0	500	500	500	0	500	500	0	
4.4849892337e+02	77	526	7	493	10	94	0	500	500	500	0	500	500	0	
4.4899970547e+02	67	537	3	497	11	91	0	500	500	500	0	500	500	0	
4.4949976865e+02	65	541	2	498	12	90	0	500	500	500	0	500	500	0	
4.4999862310e+02	75	532	5	495	17	79	0	500	500	500	0	500	500	0	
4.5049876146e+02	81	526	7	493	14	96	0	500	500	500	0	500	500	0	
4.5099777433e+02	85	526	2	498	15	106	0	500	500	500	0	500	500	0	
4.5149820665e+02	84	526	5	495	19	69	0	500	500	500	0	500	500	0	
4.5199995721e+02	82	530	7	493	21	81	0	500	500	500	0	500	500	0	
4.5249959393e+02	79	533	6	494	14	98	0	500	500	500	0	500	500	0	
4.5299813849e+02	77	535	3	497	13	93	0	500	500	500	0	500	500	0	
4.5349949662e+02	87	525	4	496	12	90	0	500	500	500	0	500	500	0	
4.5399946540e+02	93	518	6	494	7	89	0	500	500	500	0	500	500	0	
4.5449921221e+02	91	521	5	495	12	93	0	500	500	500	0	500	500	0	
4.5499638883e+02	94	521	5	495	11	65	0	500	500	500	0	500	500	0	
4.5549769603e+02	93	522	3	497	8	64	0	500	500	500	0	500	500	0	
4.5599935064e+02	81	533	7	493	14	90	0	500	500	500	0	500	500	0	
4.5649988381e+02	69	545	4	496	14	91	0	500	500	500	0	500	500	0	
4.5699730030e+02	84	531	5	495	15	99	0	500	500	500	0	500	500	0	
4.5749972643e+02	82	531	2	498	19	84	0	500	500	500	0	500	500	0	
4.5799897279e+02	82	531	6	494	18	80	0	500	500	500	0	500	500	0	
4.5849897921e+02	76	537	3	497	12	72	0	500	500	500	0	500	500	0	
4.5899975684e+02	82	532	8	492	16	81	0	500	500	500	0	500	500	0	
4.5949991932e+02	80	533	8	492	8	92	0	500	500	500	0	500	500	0	
4.5999792032e+02	75	537	8	492	15	80	0	500	500	500	0	500	500	0	
4.6049992981e+02	83	529	0	500	10	98	0	500	500	500	0	500	500	0	
4.6099860115e+02	86	526	2	498	13	85	0	500	500	500	0	500	500	0	
4.6149765151e+02	81	532	5	495	16	88	0	500	500	500	0	500	500	0	
4.6199994143e+02	84	529	6	494	14	103	0	500	500	500	0	500	500	0	
4.6249994772e+02	73	540	6	494	10	80	0	500	500	500	0	500	500	0	
4.6299862475e+02	74	540	4	496	20	80	0	500	500	500	0	500	500	0	
4.6349841571e+02	76	537	8	492	9	72	0	500	500	500	0	500	500	0	
4.6399996946e+02	77	536	7	493	10	81	0	500	500	500	0	500	500	0	
4.6449746961e+02	78	536	2	498	19	82	0	500	500	500	0	500	500	0	
4.6499952481e+02	74	541	2	498	8	91	0	500	500	500	0	500	500	0	
4.6549945101e+02	76	539	8	492	9	81	0	500	500	500	0	500	500	0	
4.6599782587e+02	78	535	10	490	15	95	0	500	500	500	0	500	500	0	
4.6649959261e+02	82	532	8	492	15	89	0	500	500	500	0	500	500	0	
4.6699970278e+02	84	529	7	493	12	91	0	500	500	500	0	500	500	0	
4.6749912737e+02	84	527	3	497	13	92	0	500	500	500	0	500	500	0	
4.6799838430e+02	80	532	6	494	12	85	0	500	500	500	0	500	500	0	
4.6849547695e+02	88	523	2	498	12	79	0	500	500	500	0	500	500	0	
4.6899901946e+02	86	525	2	498	10	94	0	500	500	500	0	500	500	0	
4.6949947276e+02	77	533	4	496	9	95	0	500	500	500	0	500	500	0	
4.6999988740e+02	76	534	5	495	14	71	0	500	500	500	0	500	500	0	
4.7049902625e+02	76	534	3	497	15	93	0	500	500	500	0	500	500	0	
4.7099939016e+02	70	539	3	497	11	93	0	500	500	500	0	500	500	0	
4.7149967042e+02	75	533	2	498	19	64	0	500	500	500	0	500	500	0	
4.7199991432e+02	77	532	3	497	11	94	0	500	500	500	0	500	500	0	
4.7249915013e+02	78	532	6	494	16	74	0	500	500	500	0	500	500	0	
4.7299958169e+02	76	534	5	495	14	93	0	500	500	500	0	500	500	0	
4.7349786953e+02	84	526	1	499	11	93	0	500	500	500	0	500	500	0	
4.7399943315e+02	86	525	4	496	12	103	0	500	500	500	0	500	500	0	
4.7449934567e+02	82	529	8	492	12	99	0	500	500	500	0	500	500	0	
4.7499978742e+02	91	521	10	490	14	79	0	500	500	500	0	500	500	0	
4.7549953129e+02	87	525	6	494	17	82	0	500	500	500	0	500	500	0	
4.7599986688e+02	85	528	2	498	16	91	0	500	500	500	0	500	500	0	
4.7649968044e+02	89	523	5	495	11	88	0	500	500	500	0	500	500	0	
4.7699983475e+02	94	520	7	493	8	85	0	500	500	500	0	500	500	0	
4.7749932535e+02	91	523	6	494	16	66	0	500	500	500	0	500	500	0	
4.7799748638e+02	93	521	4	496	12	68	0	500	500	500	0	500	500	0	
4.7849876640e+02	91	526	6	494	12	91	0	500	500	500	0	500	500	0	
4.7899564698e+02	89	529	4	496	10	85	0	500	500	500	0	500	500	0	
4.7949838913e+02	80	540	2	498	9	92	0	500	500	500	0	500	500	0	
4.7999966889e+02	80	543	1	499	11	77	0	500	500	500	0	500	500	0	
4.8049801777e+02	78	545	5	495	14	88	0	500	500	500	0	500	500	0	
4.8099906253e+02	80	543	8	492	13	80	0	500	500	500	0	500	500	0	
4.8149708709e+02	73	550	4	496	7	84	0	500	500	500	0	500	500	0	
4.8199922816e+02	81	540	6	494	17	94	0	500	500	500	0	500	500	0	
4.8249839425e+02	81	539	5	495	8	89	0	500	500	500	0	500	500	0	
4.8299891651e+02	87	535	5	495	10	94	0	500	500	500	0	500	500	0	
4.8349995748e+02	87	533	4	496	14	71	0	500	500	500	0	500	500	0	
4.8399871333e+02	85	535	8	492	21	86	0	500	500	500	0	500	500	0	
4.8449783498e+02	88	535	2	498	17	76	0	500	500	500	0	500	500	0	
4.8499954644e+02	93	530	3	497	14	74	0	500	500	500	0	500	500	0	
4.8549893301e+02	96	528	5	495	13	78	0	500	500	500	0	500	500	0	
4.8599914671e+02	100	525	4	496	16	66	0	500	500	500	0	500	500	0	
4.8649996061e+02	97	527	7	493	15	90	0	500	500	500	0	500	500	0	
4.8699880585e+02	94	532	7	493	15	63	0	500	500	500	0	500	500	0	
4.8749965553e+02	96	530	3	497	18	65	0	500	500	500	0	500	500	0	
4.8799950776e+02	85	542	5	495	7	76	0	500	500	500	0	500	500	0	
4.8849999096e+02	78	548	7	493	15	83	0	500	500	500	0	500	500	0	
4.8899965430e+02	73	552	0	500	11	107	0	500	500	500	0	500	500	0	
4.8949683365e+02	74	551	6	494	9	93	0	500	500	500	0	500	500	0	
4.8999960075e+02	84	542	4	496	14	95	0	500	500	500	0	500	500	0	
4.9049945266e+02	90	537	3	497	25	84	0	500	500	500	0	500	500	0	
4.9099953700e+02	97	529	5	495	13	107	0	500	500	500	0	500	500	0	
4.9149916523e+02	96	535	5	495	20	93	0	500	500	500	0	500	500	0	
4.9199971902e+02	92	539	4	496	13	100	0	500	500	500	0	500	500	0	
4.9249987264e+02	88	543	7	493	10	93	0	500	500	500	0	500	500	0	
4.9299940998e+02	86	547	4	496	13	89	0	500	500	500	0	500	500	0	
4.9349895528e+02	79	553	4	496	14	102	0	500	500	500	0	500	500	0	
4.9399993533e+02	74	555	4	496	11	92	0	500	500	500	0	500	500	0	
4.9449667961e+02	77	552	2	498	8	77	0	500	500	500	0	500	500	0	
4.9499300570e+02	79	550	5	495	11	80	0	500	500	500	0	500	500	0	
4.9549642328e+02	75	554	2	498	10	78	0	500	500	500	0	500	500	0	
4.9599970261e+02	83	547	2	498	16	82	0	500	500	500	0	500	500	0	
4.9649990657e+02	89	540	1	499	7	97	0	500	500	500	0	500	500	0	
4.9699977074e+02	100	530	2	498	14	89	0	500	500	500	0	500	500	0	
4.9749671268e+02	103	528	6	494	13	84	0	500	500	500	0	500	500	0	
4.9799952683e+02	101	531	10	490	15	90	0	500	500	500	0	500	500	0	
4.9849901753e+02	88	544	6	494	10	110	0	500	500	500	0	500	500	0	
4.9899894622e+02	87	545	3	497	22	90	0	500	500	500	0	500	500	0	
4.9949938021e+02	87	547	1	499	15	75	0	500	500	500	0	500	500	0	
4.9999995029e+02	92	542	6	494	9	53	0	500	500	500	0	500	500	0	
5.0000017610e+02	92	542	6	494	8	54	0	500	500	500	0	500	500	0	
