0.0000000000e+00	0	0	500	0	0	0	0	500	500	500	500	0	500	40	
4.9992557443e-01	0	0	475	25	9	56	0	500	500	500	500	0	500	40	
9.9990474631e-01	0	2	467	33	21	72	0	500	500	500	500	0	500	40	
1.4995901617e+00	0	3	447	53	13	90	0	500	500	500	500	0	500	40	
1.9998939218e+00	0	5	439	61	18	72	0	500	500	500	500	0	500	40	
2.4986191740e+00	1	6	429	71	14	77	0	500	500	500	500	0	500	40	
2.9986695868e+00	1	7	418	82	15	94	0	500	500	500	500	0	500	40	
3.4981556278e+00	2	7	406	94	24	78	0	500	500	500	500	0	500	40	
3.9996106479e+00	1	9	406	94	16	95	0	500	500	500	500	0	500	40	
4.4994229938e+00	2	8	416	84	10	107	0	500	500	500	500	0	500	40	
4.9998156085e+00	2	9	420	80	22	84	0	500	500	500	500	0	500	40	
5.4974658668e+00	2	12	406	94	24	89	0	500	500	500	500	0	500	40	
5.9942848640e+00	5	9	415	85	17	97	0	500	500	500	500	0	500	40	
6.4985025260e+00	6	9	418	82	22	105	0	500	500	500	500	0	500	40	
6.9986806827e+00	7	11	416	84	18	94	0	500	500	500	500	0	500	40	
7.4995901550e+00	10	10	424	76	20	85	0	500	500	500	500	0	500	40	
7.9998955240e+00	11	11	427	73	15	72	0	500	500	500	500	0	500	40	
8.4985462005e+00	10	14	423	77	12	88	0	500	500	500	500	0	500	40	
8.9964075008e+00	9	19	412	88	17	74	0	500	500	500	500	0	500	40	
9.4996093140e+00	8	20	395	105	19	78	0	500	500	500	500	0	500	40	
9.9990220567e+00	8	22	390	110	29	78	0	500	500	500	500	0	500	40	
1.0499937107e+01	9	23	384	116	19	97	0	500	500	500	500	0	500	40	
1.0999544196e+01	9	24	387	113	18	82	0	500	500	500	500	0	500	40	
1.1499671514e+01	12	22	379	121	24	75	0	500	500	500	500	0	500	40	
1.1999689621e+01	14	21	372	128	15	81	0	500	500	500	500	0	500	40	
1.2498665689e+01	18	17	377	123	18	78	0	500	500	500	500	0	500	40	
1.2996771218e+01	17	19	390	110	18	78	0	500	500	500	500	0	500	40	
1.3498798872e+01	18	18	378	122	13	95	0	500	500	500	500	0	500	40	
1.3998782274e+01	18	20	377	123	18	80	0	500	500	500	500	0	500	40	
1.4497661642e+01	18	22	369	131	19	88	0	500	500	500	500	0	500	40	
1.4998968041e+01	17	24	360	140	26	70	0	500	500	500	500	0	500	40	
1.5499247608e+01	17	24	355	145	13	86	0	500	500	500	500	0	500	40	
1.5999916993e+01	18	23	383	117	19	67	0	500	500	500	500	0	500	40	
1.6499743648e+01	18	25	378	122	15	81	0	500	500	500	500	0	500	40	
1.6996185328e+01	18	26	379	121	20	77	0	500	500	500	500	0	500	40	
1.7499086090e+01	19	26	383	117	17	77	0	500	500	500	500	0	500	40	
1.7999078656e+01	18	28	380	120	25	71	0	500	500	500	500	0	500	40	
1.8497603405e+01	18	29	370	130	14	79	0	500	500	500	500	0	500	40	
1.8998308975e+01	21	28	376	124	16	81	0	500	500	500	500	0	500	40	
1.9497936879e+01	22	26	361	139	16	89	0	500	500	500	500	0	500	40	
1.9999655305e+01	26	24	372	128	17	75	0	500	500	500	500	0	500	40	
2.0499792004e+01	25	26	364	136	21	67	0	500	500	500	500	0	500	40	
2.0999086144e+01	27	26	362	138	20	66	0	500	500	500	500	0	500	40	
2.1496707172e+01	24	29	357	143	21	76	0	500	500	500	500	0	500	40	
2.1997933785e+01	25	27	374	126	14	80	0	500	500	500	500	0	500	40	
2.2499732933e+01	24	28	367	133	17	83	0	500	500	500	500	0	500	40	
2.2999419165e+01	23	30	377	123	14	86	0	500	500	500	500	0	500	40	
2.3499593388e+01	23	30	389	111	29	76	0	500	500	500	500	0	500	40	
2.3999498210e+01	25	28	397	103	17	78	0	500	500	500	500	0	500	40	
2.4499220904e+01	24	31	404	96	22	83	0	500	500	500	500	0	500	40	
2.4999681475e+01	25	30	407	93	23	76	0	500	500	500	500	0	500	40	
2.5499837092e+01	27	28	402	98	26	70	0	500	500	500	500	0	500	40	
2.5998526356e+01	29	27	390	110	22	88	0	500	500	500	500	0	500	40	
2.6498945376e+01	31	26	402	98	18	77	0	500	500	500	500	0	500	40	
2.6999873330e+01	30	29	410	90	27	65	0	500	500	500	500	0	500	40	
2.7499789148e+01	31	30	408	92	18	65	0	500	500	500	500	0	500	40	
2.7999849214e+01	32	29	408	92	16	84	0	500	500	500	500	0	500	40	
2.8499765859e+01	34	27	393	107	19	76	0	500	500	500	500	0	500	40	
2.8992592946e+01	34	28	399	101	20	87	0	500	500	500	500	0	500	40	
2.9499270395e+01	39	24	391	109	22	94	0	500	500	500	500	0	500	40	
2.9999784140e+01	40	24	385	115	27	88	0	500	500	500	500	0	500	40	
3.0499758047e+01	37	28	381	119	20	80	0	500	500	500	500	0	500	40	
3.0999789914e+01	38	29	378	122	22	74	0	500	500	500	500	0	500	40	
3.1499295841e+01	37	30	374	126	19	90	0	500	500	500	500	0	500	40	
3.1998430151e+01	37	30	376	124	21	85	0	500	500	500	500	0	500	40	
3.2499862639e+01	35	34	369	131	20	71	0	500	500	500	500	0	500	40	
3.2999993568e+01	34	37	378	122	30	55	0	500	500	500	500	0	500	40	
3.3498158626e+01	37	35	372	128	14	74	0	500	500	500	500	0	500	40	
3.3999667532e+01	34	38	383	117	17	71	0	500	500	500	500	0	500	40	
3.4499340336e+01	33	40	384	116	15	94	0	500	500	500	500	0	500	40	
3.4999251375e+01	37	37	387	113	19	80	0	500	500	500	500	0	500	40	
3.5499684140e+01	36	39	385	115	25	74	0	500	500	500	500	0	500	40	
3.5999487166e+01	35	42	378	122	19	79	0	500	500	500	500	0	500	40	
3.6499497828e+01	38	40	372	128	17	78	0	500	500	500	500	0	500	40	
3.6999989590e+01	35	43	367	133	13	81	0	500	500	500	500	0	500	40	
3.7499771209e+01	37	41	371	129	21	72	0	500	500	500	500	0	500	40	
3.7999029577e+01	38	40	380	120	15	91	0	500	500	500	500	0	500	40	
3.8498190283e+01	37	42	389	111	19	82	0	500	500	500	500	0	500	40	
3.8999857946e+01	39	41	382	118	24	85	0	500	500	500	500	0	500	40	
3.9499874889e+01	37	44	385	115	18	80	0	500	500	500	500	0	500	40	
3.9999513456e+01	40	42	388	112	25	88	0	500	500	500	500	0	500	40	
4.0499280020e+01	40	41	378	122	24	82	0	500	500	500	500	0	500	40	
4.0999342623e+01	35	48	373	127	18	72	0	500	500	500	500	0	500	40	
4.1498736940e+01	37	46	377	123	24	73	0	500	500	500	500	0	500	40	
4.1999109474e+01	38	46	373	127	17	69	0	500	500	500	500	0	500	40	
4.2499479572e+01	40	46	371	129	17	81	0	500	500	500	500	0	500	40	
4.2999965168e+01	41	45	381	119	16	85	0	500	500	500	500	0	500	40	
4.3498136278e+01	39	48	378	122	22	74	0	500	500	500	500	0	500	40	
4.3999801076e+01	41	50	379	121	26	73	0	500	500	500	500	0	500	40	
4.4499136418e+01	44	47	382	118	18	52	0	500	500	500	500	0	500	40	
4.4999881011e+01	45	47	390	110	20	78	0	500	500	500	500	0	500	40	
4.5498471331e+01	41	54	399	101	16	80	0	500	500	500	500	0	500	40	
4.5999879581e+01	42	53	394	106	26	77	0	500	500	500	500	0	500	40	
4.6499982236e+01	43	53	405	95	35	84	0	500	500	500	500	0	500	40	
4.6999780426e+01	47	51	408	92	21	77	0	500	500	500	500	0	500	40	
4.7499870930e+01	51	48	417	83	16	89	0	500	500	500	500	0	500	40	
4.7999593837e+01	53	47	410	90	26	73	0	500	500	500	500	0	500	40	
4.8499763153e+01	54	46	397	103	26	81	0	500	500	500	500	0	500	40	
4.8998766218e+01	52	49	380	120	23	68	0	500	500	500	500	0	500	40	
4.9497835539e+01	55	46	376	124	27	69	0	500	500	500	500	0	500	40	
4.9999123680e+01	53	49	360	140	18	83	0	500	500	500	500	0	500	40	
5.0499968252e+01	53	50	351	149	24	81	0	500	500	500	500	0	500	40	
5.0998422490e+01	48	58	343	157	23	62	0	500	500	500	500	0	500	40	
5.1499612750e+01	52	54	350	150	27	75	0	500	500	500	500	0	500	40	
5.1999884764e+01	50	56	361	139	28	71	0	500	500	500	500	0	500	40	
5.2499371240e+01	56	51	360	140	18	84	0	500	500	500	500	0	500	40	
5.2999391538e+01	63	44	358	142	15	89	0	500	500	500	500	0	500	40	
5.3499811475e+01	63	45	349	151	19	74	0	500	500	500	500	0	500	40	
5.3999605163e+01	61	48	339	161	23	76	0	500	500	500	500	0	500	40	
5.4498539889e+01	65	45	343	157	26	80	0	500	500	500	500	0	500	40	
5.4999296902e+01	60	51	340	160	27	82	0	500	500	500	500	0	500	40	
5.5499150179e+01	61	50	351	149	21	79	0	500	500	500	500	0	500	40	
5.5999763376e+01	63	48	344	156	28	88	0	500	500	500	500	0	500	40	
5.6499819935e+01	64	47	345	155	25	96	0	500	500	500	500	0	500	40	
5.6998903553e+01	61	51	351	149	21	75	0	500	500	500	500	0	500	40	
5.7499476951e+01	60	55	357	143	17	100	0	500	500	500	500	0	500	40	
5.7999455074e+01	66	51	372	128	24	86	0	500	500	500	500	0	500	40	
5.8499604338e+01	65	53	373	127	21	97	0	500	500	500	500	0	500	40	
5.8998987162e+01	62	56	383	117	39	65	0	500	500	500	500	0	500	40	
5.9499881155e+01	64	54	376	124	16	109	0	500	500	500	500	0	500	40	
5.9998513786e+01	61	57	385	115	14	105	0	500	500	500	500	0	500	40	
6.0499733810e+01	56	64	383	117	18	72	0	500	500	500	500	0	500	40	
6.0999925638e+01	56	64	380	120	23	55	0	500	500	500	500	0	500	40	
6.1499657363e+01	56	65	362	138	20	65	0	500	500	500	500	0	500	40	
6.1999000405e+01	58	63	353	147	21	74	0	500	500	500	500	0	500	40	
6.2499142187e+01	61	60	370	130	25	71	0	500	500	500	500	0	500	40	
6.2998575583e+01	66	55	360	140	20	55	0	500	500	500	500	0	500	40	
6.3499906951e+01	67	54	371	129	21	76	0	500	500	500	500	0	500	40	
6.3996125604e+01	70	51	381	119	24	73	0	500	500	500	500	0	500	40	
6.4499979344e+01	72	48	369	131	22	90	0	500	500	500	500	0	500	40	
6.4999870127e+01	67	54	380	120	24	90	0	500	500	500	500	0	500	40	
6.5499217296e+01	68	53	390	110	24	96	0	500	500	500	500	0	500	40	
6.5997564178e+01	72	50	379	121	20	90	0	500	500	500	500	0	500	40	
6.6499066265e+01	72	50	382	118	17	95	0	500	500	500	500	0	500	40	
6.6999436288e+01	73	50	374	126	20	85	0	500	500	500	500	0	500	40	
6.7499903749e+01	73	50	378	122	18	88	0	500	500	500	500	0	500	40	
6.7998788003e+01	73	51	357	143	20	92	0	500	500	500	500	0	500	40	
6.8499900735e+01	70	55	354	146	17	105	0	500	500	500	500	0	500	40	
6.8999836466e+01	72	53	354	146	20	84	0	500	500	500	500	0	500	40	
6.9499546538e+01	71	56	356	144	19	70	0	500	500	500	500	0	500	40	
6.9998681853e+01	69	59	358	142	21	66	0	500	500	500	500	0	500	40	
7.0498674588e+01	66	63	361	139	28	67	0	500	500	500	500	0	500	40	
7.0998487968e+01	62	67	356	144	26	61	0	500	500	500	500	0	500	40	
7.1499451455e+01	62	68	352	148	18	69	0	500	500	500	500	0	500	40	
7.1998444016e+01	64	66	351	149	21	83	0	500	500	500	500	0	500	40	
7.2498549496e+01	61	70	348	152	21	82	0	500	500	500	500	0	500	40	
7.2995358251e+01	59	73	329	171	20	82	0	500	500	500	500	0	500	40	
7.3499965127e+01	62	72	350	150	31	77	0	500	500	500	500	0	500	40	
7.3999601877e+01	61	76	340	160	21	76	0	500	500	500	500	0	500	40	
7.4498771435e+01	59	78	343	157	24	75	0	500	500	500	500	0	500	40	
7.4998765514e+01	62	75	345	155	15	73	0	500	500	500	500	0	500	40	
7.5499257750e+01	61	77	361	139	17	74	0	500	500	500	500	0	500	40	
7.5999021845e+01	62	76	367	133	25	82	0	500	500	500	500	0	500	40	
7.6499672342e+01	65	75	378	122	16	98	0	500	500	500	500	0	500	40	
7.6999662763e+01	66	76	383	117	17	75	0	500	500	500	500	0	500	40	
7.7498474935e+01	69	75	388	112	12	72	0	500	500	500	500	0	500	40	
7.7999774384e+01	70	74	378	122	22	74	0	500	500	500	500	0	500	40	
7.8498629980e+01	73	72	376	124	26	82	0	500	500	500	500	0	500	40	
7.8999804059e+01	78	70	366	134	27	92	0	500	500	500	500	0	500	40	
7.9498461014e+01	76	74	367	133	18	75	0	500	500	500	500	0	500	40	
7.9997900324e+01	71	79	353	147	18	85	0	500	500	500	500	0	500	40	
8.0498858285e+01	72	80	360	140	25	74	0	500	500	500	500	0	500	40	
8.0994113653e+01	72	80	342	158	25	69	0	500	500	500	500	0	500	40	
8.1499379169e+01	72	80	342	158	24	87	0	500	500	500	500	0	500	40	
8.1997866918e+01	74	79	347	153	23	82	0	500	500	500	500	0	500	40	
8.2499980446e+01	76	77	349	151	29	71	0	500	500	500	500	0	500	40	
8.2998886063e+01	75	78	366	134	27	70	0	500	500	500	500	0	500	40	
8.3498385532e+01	80	73	383	117	23	56	0	500	500	500	500	0	500	40	
8.3998643075e+01	80	73	374	126	23	73	0	500	500	500	500	0	500	40	
8.4499829811e+01	80	73	372	128	19	76	0	500	500	500	500	0	500	40	
8.4999901320e+01	76	78	374	126	21	85	0	500	500	500	500	0	500	40	
8.5497027756e+01	77	78	365	135	17	92	0	500	500	500	500	0	500	40	
8.5999956897e+01	75	80	360	140	22	87	0	500	500	500	500	0	500	40	
8.6496570531e+01	78	78	362	138	11	80	0	500	500	500	500	0	500	40	
8.6999979286e+01	83	74	362	138	16	80	0	500	500	500	500	0	500	40	
8.7499667095e+01	85	74	375	125	22	71	0	500	500	500	500	0	500	40	
8.7998704870e+01	88	71	379	121	15	79	0	500	500	500	500	0	500	40	
8.8499233417e+01	91	70	385	115	19	85	0	500	500	500	500	0	500	40	
8.8999983894e+01	91	70	372	128	20	76	0	500	500	500	500	0	500	40	
8.9499556661e+01	97	67	371	129	20	85	0	500	500	500	500	0	500	40	
8.9999705120e+01	98	66	365	135	17	88	0	500	500	500	500	0	500	40	
9.0498588741e+01	96	68	372	128	26	75	0	500	500	500	500	0	500	40	
9.0998659709e+01	95	70	359	141	28	71	0	500	500	500	500	0	500	40	
9.1497173013e+01	93	74	366	134	28	78	0	500	500	500	500	0	500	40	
9.1998957954e+01	95	72	375	125	21	72	0	500	500	500	500	0	500	40	
9.2499943479e+01	95	73	374	126	22	58	0	500	500	500	500	0	500	40	
9.2997537435e+01	90	78	373	127	21	66	0	500	500	500	500	0	500	40	
9.3499558504e+01	93	75	385	115	18	69	0	500	500	500	500	0	500	40	
9.3998955737e+01	96	72	378	122	19	88	0	500	500	500	500	0	500	40	
9.4499978975e+01	94	74	391	109	17	75	0	500	500	500	500	0	500	40	
9.4998196526e+01	90	79	393	107	30	64	0	500	500	500	500	0	500	40	
9.5499997265e+01	91	78	401	99	24	93	0	500	500	500	500	0	500	40	
9.5999539442e+01	91	77	408	92	30	72	0	500	500	500	500	0	500	40	
9.6498707608e+01	94	75	410	90	31	70	0	500	500	500	500	0	500	40	
9.6999405445e+01	98	71	395	105	24	76	0	500	500	500	500	0	500	40	
9.7498601578e+01	96	75	399	101	26	81	0	500	500	500	500	0	500	40	
9.7996841776e+01	98	74	403	97	18	66	0	500	500	500	500	0	500	40	
9.8499681595e+01	99	73	385	115	25	87	0	500	500	500	500	0	500	40	
9.8999799880e+01	101	72	386	114	19	99	0	500	500	500	500	0	500	40	
9.9499797696e+01	99	74	391	109	25	88	0	500	500	500	500	0	500	40	
9.9998435009e+01	95	78	388	112	20	101	0	500	500	500	500	0	500	40	
1.0049969605e+02	97	77	381	119	23	76	0	500	500	500	500	0	500	40	
1.0099953672e+02	96	79	387	113	27	79	0	500	500	500	500	0	500	40	
1.0149892989e+02	99	77	399	101	15	87	0	500	500	500	500	0	500	40	
1.0199910786e+02	99	77	392	108	13	77	0	500	500	500	500	0	500	40	
1.0249860072e+02	97	81	400	100	27	76	0	500	500	500	500	0	500	40	
1.0299883856e+02	97	83	406	94	14	84	0	500	500	500	500	0	500	40	
1.0349897097e+02	103	77	403	97	23	77	0	500	500	500	500	0	500	40	
1.0399922865e+02	107	75	398	102	27	67	0	500	500	500	500	0	500	40	
1.0449836055e+02	106	76	402	98	23	84	0	500	500	500	500	0	500	40	
1.0499958461e+02	111	71	385	115	26	74	0	500	500	500	500	0	500	40	
1.0549973614e+02	110	73	384	116	16	86	0	500	500	500	500	0	500	40	
1.0599769616e+02	111	75	392	108	28	73	0	500	500	500	500	0	500	40	
1.0649827804e+02	105	80	384	116	28	77	0	500	500	500	500	0	500	40	
1.0699620482e+02	108	78	392	108	13	74	0	500	500	500	500	0	500	40	
1.0749998076e+02	109	76	390	110	22	80	0	500	500	500	500	0	500	40	
1.0799838990e+02	109	77	392	108	28	78	0	500	500	500	500	0	500	40	
1.0849672428e+02	111	75	403	97	23	87	0	500	500	500	500	0	500	40	
1.0899923501e+02	116	70	401	99	24	85	0	500	500	500	500	0	500	40	
1.0949948475e+02	121	68	390	110	21	99	0	500	500	500	500	0	500	40	
1.0999976393e+02	120	70	390	110	13	84	0	500	500	500	500	0	500	40	
1.1049871696e+02	123	68	393	107	18	59	0	500	500	500	500	0	500	40	
1.1099850671e+02	122	69	403	97	18	85	0	500	500	500	500	0	500	40	
1.1149675961e+02	119	72	402	98	23	66	0	500	500	500	500	0	500	40	
1.1199982348e+02	120	72	404	96	19	75	0	500	500	500	500	0	500	40	
1.1249984338e+02	120	72	392	108	21	92	0	500	500	500	500	0	500	40	
1.1299786740e+02	120	72	394	106	25	59	0	500	500	500	500	0	500	40	
1.1349951613e+02	126	66	395	105	15	66	0	500	500	500	500	0	500	40	
1.1399875900e+02	123	69	406	94	20	63	0	500	500	500	500	0	500	40	
1.1449939939e+02	125	68	395	105	24	72	0	500	500	500	500	0	500	40	
1.1499956503e+02	123	73	406	94	16	69	0	500	500	500	500	0	500	40	
1.1549990546e+02	125	72	406	94	16	84	0	500	500	500	500	0	500	40	
1.1599947259e+02	122	75	403	97	23	82	0	500	500	500	500	0	500	40	
1.1649954541e+02	124	72	401	99	22	81	0	500	500	500	500	0	500	40	
1.1699935147e+02	128	68	398	102	27	64	0	500	500	500	500	0	500	40	
1.1749623472e+02	134	63	402	98	23	83	0	500	500	500	500	0	500	40	
1.1799905623e+02	135	63	393	107	38	95	0	500	500	500	500	0	500	40	
1.1849643279e+02	131	68	395	105	15	90	0	500	500	500	500	0	500	40	
1.1899548035e+02	124	76	395	105	22	91	0	500	500	500	500	0	500	40	
1.1949947772e+02	130	71	383	117	28	82	0	500	500	500	500	0	500	40	
1.1999938673e+02	126	75	387	113	22	74	0	500	500	500	500	0	500	40	
1.2049924187e+02	124	78	383	117	28	83	0	500	500	500	500	0	500	40	
1.2099879743e+02	123	80	382	118	35	74	0	500	500	500	500	0	500	40	
1.2149576089e+02	129	73	383	117	21	81	0	500	500	500	500	0	500	40	
1.2199917192e+02	122	82	381	119	25	71	0	500	500	500	500	0	500	40	
1.2249985803e+02	120	84	382	118	14	65	0	500	500	500	500	0	500	40	
1.2299959717e+02	118	87	383	117	29	53	0	500	500	500	500	0	500	40	
1.2349835378e+02	115	91	394	106	15	75	0	500	500	500	500	0	500	40	
1.2399885944e+02	119	89	396	104	30	89	0	500	500	500	500	0	500	40	
1.2449903235e+02	117	91	402	98	31	69	0	500	500	500	500	0	500	40	
1.2499967410e+02	113	95	398	102	24	75	0	500	500	500	500	0	500	40	
1.2549658454e+02	109	100	399	101	14	82	0	500	500	500	500	0	500	40	
1.2599951343e+02	116	93	395	105	18	66	0	500	500	500	500	0	500	40	
1.2649946101e+02	114	95	404	96	21	69	0	500	500	500	500	0	500	40	
1.2699958856e+02	112	96	406	94	19	66	0	500	500	500	500	0	500	40	
1.2749997378e+02	115	94	407	93	23	80	0	500	500	500	500	0	500	40	
1.2799954679e+02	120	91	401	99	28	67	0	500	500	500	500	0	500	40	
1.2849973716e+02	119	93	396	104	19	86	0	500	500	500	500	0	500	40	
1.2899985978e+02	117	98	398	102	21	79	0	500	500	500	500	0	500	40	
1.2949996494e+02	124	92	399	101	31	73	0	500	500	500	500	0	500	40	
1.2999850069e+02	124	93	401	99	37	81	0	500	500	500	500	0	500	40	
1.3049987685e+02	122	96	392	108	21	76	0	500	500	500	500	0	500	40	
1.3099925091e+02	127	92	387	113	26	66	0	500	500	500	500	0	500	40	
1.3149657494e+02	122	98	384	116	23	86	0	500	500	500	500	0	500	40	
1.3199939657e+02	115	106	383	117	24	77	0	500	500	500	500	0	500	40	
1.3249867196e+02	119	103	381	119	22	79	0	500	500	500	500	0	500	40	
1.3299999956e+02	121	101	391	109	34	74	0	500	500	500	500	0	500	40	
1.3349703449e+02	117	106	390	110	30	71	0	500	500	500	500	0	500	40	
1.3399776824e+02	120	102	391	109	27	75	0	500	500	500	500	0	500	40	
1.3449851263e+02	119	103	385	115	36	74	0	500	500	500	500	0	500	40	
1.3499735674e+02	122	101	398	102	18	79	0	500	500	500	500	0	500	40	
1.3549788207e+02	122	102	385	115	25	74	0	500	500	500	500	0	500	40	
1.3599920552e+02	126	97	376	124	28	78	0	500	500	500	500	0	500	40	
1.3649821087e+02	127	97	369	131	28	80	0	500	500	500	500	0	500	40	
1.3699892122e+02	126	99	380	120	22	80	0	500	500	500	500	0	500	40	
1.3749876527e+02	129	98	377	123	25	67	0	500	500	500	500	0	500	40	
1.3799828151e+02	132	96	379	121	32	76	0	500	500	500	500	0	500	40	
1.3849917030e+02	135	95	366	134	31	71	0	500	500	500	500	0	500	40	
1.3899969104e+02	135	95	372	128	25	81	0	500	500	500	500	0	500	40	
1.3949690629e+02	136	95	370	130	22	82	0	500	500	500	500	0	500	40	
1.3999817245e+02	136	93	365	135	23	79	0	500	500	500	500	0	500	40	
1.4049913267e+02	136	96	361	139	32	71	0	500	500	500	500	0	500	40	
1.4099801259e+02	141	92	362	138	21	75	0	500	500	500	500	0	500	40	
1.4149971649e+02	141	92	370	130	21	66	0	500	500	500	500	0	500	40	
1.4199988764e+02	140	93	372	128	22	73	0	500	500	500	500	0	500	40	
1.4249976835e+02	137	97	380	120	21	71	0	500	500	500	500	0	500	40	
1.4299959103e+02	137	97	380	120	25	61	0	500	500	500	500	0	500	40	
1.4349953224e+02	137	97	395	105	27	73	0	500	500	500	500	0	500	40	
1.4399882947e+02	137	99	392	108	27	57	0	500	500	500	500	0	500	40	
1.4449979861e+02	138	98	397	103	21	75	0	500	500	500	500	0	500	40	
1.4499805948e+02	140	98	406	94	18	74	0	500	500	500	500	0	500	40	
1.4549949914e+02	138	101	398	102	18	77	0	500	500	500	500	0	500	40	
1.4599992618e+02	144	95	386	114	27	72	0	500	500	500	500	0	500	40	
1.4649963963e+02	143	97	377	123	17	76	0	500	500	500	500	0	500	40	
1.4699978133e+02	145	95	385	115	31	79	0	500	500	500	500	0	500	40	
1.4749987059e+02	141	102	384	116	26	101	0	500	500	500	500	0	500	40	
1.4799957280e+02	144	100	389	111	23	79	0	500	500	500	500	0	500	40	
1.4849743573e+02	142	103	379	121	26	72	0	500	500	500	500	0	500	40	
1.4899994586e+02	141	103	381	119	24	82	0	500	500	500	500	0	500	40	
1.4949919066e+02	142	104	379	121	21	65	0	500	500	500	500	0	500	40	
1.4999862621e+02	144	102	374	126	19	71	0	500	500	500	500	0	500	40	
1.5049956087e+02	145	101	388	112	16	69	0	500	500	500	500	0	500	40	
1.5099959172e+02	146	100	390	110	20	64	0	500	500	500	500	0	500	40	
1.5149994211e+02	151	97	399	101	14	77	0	500	500	500	500	0	500	40	
1.5199865253e+02	149	99	390	110	27	70	0	500	500	500	500	0	500	40	
1.5249924933e+02	147	102	374	126	27	87	0	500	500	500	500	0	500	40	
1.5299890849e+02	144	104	376	124	31	59	0	500	500	500	500	0	500	40	
1.5349973154e+02	142	107	381	119	27	82	0	500	500	500	500	0	500	40	
1.5399919114e+02	140	109	362	138	32	85	0	500	500	500	500	0	500	40	
1.5449970359e+02	141	108	350	150	33	70	0	500	500	500	500	0	500	40	
1.5499950392e+02	139	111	359	141	27	67	0	500	500	500	500	0	500	40	
1.5549889986e+02	142	110	356	144	21	83	0	500	500	500	500	0	500	40	
1.5599817865e+02	148	106	353	147	30	84	0	500	500	500	500	0	500	40	
1.5649979588e+02	148	106	346	154	24	63	0	500	500	500	500	0	500	40	
1.5699756680e+02	152	104	344	156	21	62	0	500	500	500	500	0	500	40	
1.5749941708e+02	151	107	323	177	28	58	0	500	500	500	500	0	500	40	
1.5799946011e+02	145	115	320	180	34	54	0	500	500	500	500	0	500	40	
1.5849849949e+02	143	119	329	171	22	63	0	500	500	500	500	0	500	40	
1.5899980359e+02	146	118	329	171	27	68	0	500	500	500	500	0	500	40	
1.5949971952e+02	146	119	316	184	29	79	0	500	500	500	500	0	500	40	
1.5999660004e+02	145	122	304	196	18	76	0	500	500	500	500	0	500	40	
1.6049988454e+02	143	127	321	179	29	62	0	500	500	500	500	0	500	40	
1.6099984663e+02	138	133	314	186	26	69	0	500	500	500	500	0	500	40	
1.6149959309e+02	129	145	329	171	31	71	0	500	500	500	500	0	500	40	
1.6199934388e+02	130	145	326	174	27	83	0	500	500	500	500	0	500	40	
1.6249844263e+02	136	141	345	155	28	72	0	500	500	500	500	0	500	40	
1.6299931267e+02	141	139	377	123	24	89	0	500	500	500	500	0	500	40	
1.6349973971e+02	140	141	375	125	23	78	0	500	500	500	500	0	500	40	
1.6399869803e+02	144	137	385	115	31	70	0	500	500	500	500	0	500	40	
1.6449961167e+02	145	138	384	116	36	66	0	500	500	500	500	0	500	40	
1.6499813164e+02	149	135	382	118	32	77	0	500	500	500	500	0	500	40	
1.6549802508e+02	153	131	368	132	33	60	0	500	500	500	500	0	500	40	
1.6599944267e+02	158	126	363	137	27	54	0	500	500	500	500	0	500	40	
1.6649988539e+02	160	125	355	145	36	48	0	500	500	500	500	0	500	40	
1.6699852567e+02	159	126	347	153	25	66	0	500	500	500	500	0	500	40	
1.6749907319e+02	161	123	345	155	24	68	0	500	500	500	500	0	500	40	
1.6799954255e+02	161	124	347	153	19	74	0	500	500	500	500	0	500	40	
1.6849949476e+02	160	125	358	142	25	90	0	500	500	500	500	0	500	40	
1.6899906126e+02	155	131	361	139	36	67	0	500	500	500	500	0	500	40	
1.6949884936e+02	153	132	365	135	36	63	0	500	500	500	500	0	500	40	
1.6999940852e+02	150	134	363	137	31	59	0	500	500	500	500	0	500	40	
1.7049905793e+02	156	131	357	143	31	63	0	500	500	500	500	0	500	40	
1.7099993145e+02	158	132	366	134	23	71	0	500	500	500	500	0	500	40	
1.7149867840e+02	144	147	354	146	27	73	0	500	500	500	500	0	500	40	
1.7199882528e+02	138	153	356	144	36	79	0	500	500	500	500	0	500	40	
1.7249974198e+02	145	149	347	153	18	107	0	500	500	500	500	0	500	40	
1.7299920210e+02	141	153	349	151	39	65	0	500	500	500	500	0	500	40	
1.7349731002e+02	144	150	341	159	26	71	0	500	500	500	500	0	500	40	
1.7399826070e+02	148	147	351	149	25	57	0	500	500	500	500	0	500	40	
1.7449960605e+02	156	140	357	143	34	74	0	500	500	500	500	0	500	40	
1.7499991500e+02	153	144	356	144	24	60	0	500	500	500	500	0	500	40	
1.7549966134e+02	154	143	362	138	34	68	0	500	500	500	500	0	500	40	
1.7599867441e+02	157	140	349	151	24	73	0	500	500	500	500	0	500	40	
1.7649796392e+02	161	136	349	151	29	90	0	500	500	500	500	0	500	40	
1.7699929940e+02	164	134	347	153	21	71	0	500	500	500	500	0	500	40	
1.7749953780e+02	159	140	344	156	21	73	0	500	500	500	500	0	500	40	
1.7799993617e+02	157	141	347	153	22	78	0	500	500	500	500	0	500	40	
1.7849909677e+02	156	144	362	138	21	69	0	500	500	500	500	0	500	40	
1.7899921640e+02	157	145	371	129	32	76	0	500	500	500	500	0	500	40	
1.7949997617e+02	160	145	370	130	28	82	0	500	500	500	500	0	500	40	
1.7999839138e+02	172	134	376	124	36	72	0	500	500	500	500	0	500	40	
1.8049986069e+02	173	134	369	131	29	84	0	500	500	500	500	0	500	40	
1.8099987385e+02	177	129	368	132	30	91	0	500	500	500	500	0	500	40	
1.8149924461e+02	188	117	385	115	34	76	0	500	500	500	500	0	500	40	
1.8199898050e+02	187	119	384	116	27	50	0	500	500	500	500	0	500	40	
1.8249938229e+02	186	121	388	112	26	70	0	500	500	500	500	0	500	40	
1.8299831203e+02	191	117	381	119	27	66	0	500	500	500	500	0	500	40	
1.8349912109e+02	188	120	386	114	11	84	0	500	500	500	500	0	500	40	
1.8399949199e+02	191	118	383	117	25	77	0	500	500	500	500	0	500	40	
1.8449997341e+02	196	114	386	114	23	78	0	500	500	500	500	0	500	40	
1.8499970281e+02	198	114	386	114	22	72	0	500	500	500	500	0	500	40	
1.8549850857e+02	197	115	385	115	22	70	0	500	500	500	500	0	500	40	
1.8599918224e+02	195	117	389	111	30	61	0	500	500	500	500	0	500	40	
1.8649932823e+02	194	118	395	105	21	76	0	500	500	500	500	0	500	40	
1.8699974332e+02	193	120	394	106	31	80	0	500	500	500	500	0	500	40	
1.8749968356e+02	195	118	401	99	26	92	0	500	500	500	500	0	500	40	
1.8799862535e+02	193	121	408	92	30	87	0	500	500	500	500	0	500	40	
1.8849964262e+02	198	117	406	94	32	69	0	500	500	500	500	0	500	40	
1.8899967021e+02	200	114	403	97	27	88	0	500	500	500	500	0	500	40	
1.8949990121e+02	204	110	394	106	32	61	0	500	500	500	500	0	500	40	
1.8999798622e+02	203	112	391	109	25	72	0	500	500	500	500	0	500	40	
1.9049945801e+02	206	110	390	110	23	70	0	500	500	500	500	0	500	40	
1.9099903407e+02	206	110	375	125	28	81	0	500	500	500	500	0	500	40	
1.9149994587e+02	205	111	381	119	37	75	0	500	500	500	500	0	500	40	
1.9199895316e+02	212	104	375	125	22	82	0	500	500	500	500	0	500	40	
1.9249957982e+02	212	104	374	126	34	80	0	500	500	500	500	0	500	40	
1.9299803948e+02	202	116	376	124	21	82	0	500	500	500	500	0	500	40	
1.9349974006e+02	204	117	385	115	30	79	0	500	500	500	500	0	500	40	
1.9399796962e+02	201	119	389	111	18	84	0	500	500	500	500	0	500	40	
1.9449890508e+02	208	111	383	117	23	66	0	500	500	500	500	0	500	40	
1.9499846089e+02	207	112	384	116	33	67	0	500	500	500	500	0	500	40	
1.9549956443e+02	207	112	400	100	20	88	0	500	500	500	500	0	500	40	
1.9599924166e+02	216	106	403	97	33	71	0	500	500	500	500	0	500	40	
1.9649892207e+02	219	103	404	96	24	69	0	500	500	500	500	0	500	40	
1.9699985549e+02	213	110	397	103	26	62	0	500	500	500	500	0	500	40	
1.9749990243e+02	210	113	399	101	30	81	0	500	500	500	500	0	500	40	
1.9799997416e+02	211	115	392	108	18	90	0	500	500	500	500	0	500	40	
1.9849991030e+02	210	117	382	118	19	70	0	500	500	500	500	0	500	40	
1.9899970757e+02	212	116	379	121	19	74	0	500	500	500	500	0	500	40	
1.9949980663e+02	211	117	381	119	21	84	0	500	500	500	500	0	500	40	
1.9999966179e+02	212	117	379	121	23	77	0	500	500	500	500	0	500	40	
2.0049963762e+02	214	114	378	122	31	53	0	500	500	500	500	0	500	40	
2.0099800670e+02	208	120	396	104	34	84	0	500	500	500	500	0	500	40	
2.0149995680e+02	215	114	399	101	27	92	0	500	500	500	500	0	500	40	
2.0199970571e+02	220	109	395	105	26	77	0	500	500	500	500	0	500	40	
2.0249986775e+02	216	113	395	105	21	65	0	500	500	500	500	0	500	40	
2.0299860950e+02	216	115	376	124	21	85	0	500	500	500	500	0	500	40	
2.0349994585e+02	211	120	379	121	24	83	0	500	500	500	500	0	500	40	
2.0399985374e+02	218	115	373	127	27	74	0	500	500	500	500	0	500	40	
2.0449900207e+02	216	118	359	141	21	74	0	500	500	500	500	0	500	40	
2.0499993239e+02	214	119	358	142	34	80	0	500	500	500	500	0	500	40	
2.0549977252e+02	209	126	348	152	36	66	0	500	500	500	500	0	500	40	
2.0599974892e+02	202	133	359	141	29	86	0	500	500	500	500	0	500	40	
2.0649995067e+02	206	130	366	134	33	77	0	500	500	500	500	0	500	40	
2.0699834934e+02	207	132	363	137	19	85	0	500	500	500	500	0	500	40	
2.0749980496e+02	208	130	361	139	22	78	0	500	500	500	500	0	500	40	
2.0799928507e+02	210	128	364	136	20	67	0	500	500	500	500	0	500	40	
2.0849992086e+02	211	128	373	127	25	73	0	500	500	500	500	0	500	40	
2.0899973718e+02	213	127	384	116	16	67	0	500	500	500	500	0	500	40	
2.0949971075e+02	220	120	391	109	29	80	0	500	500	500	500	0	500	40	
2.0999902938e+02	218	123	389	111	25	73	0	500	500	500	500	0	500	40	
2.1049842227e+02	213	131	404	96	22	82	0	500	500	500	500	0	500	40	
2.1099777832e+02	222	122	399	101	26	78	0	500	500	500	500	0	500	40	
2.1149993314e+02	223	122	401	99	32	72	0	500	500	500	500	0	500	40	
2.1199937998e+02	223	122	409	91	25	66	0	500	500	500	500	0	500	40	
2.1249695876e+02	219	126	413	87	27	65	0	500	500	500	500	0	500	40	
2.1299941443e+02	225	122	412	88	26	64	0	500	500	500	500	0	500	40	
2.1349897370e+02	230	117	403	97	22	81	0	500	500	500	500	0	500	40	
2.1399918370e+02	231	115	396	104	24	77	0	500	500	500	500	0	500	40	
2.1449885091e+02	236	111	393	107	26	74	0	500	500	500	500	0	500	40	
2.1499922582e+02	235	113	385	115	23	81	0	500	500	500	500	0	500	40	
2.1549970437e+02	238	111	381	119	20	76	0	500	500	500	500	0	500	40	
2.1599984799e+02	234	114	368	132	19	71	0	500	500	500	500	0	500	40	
2.1649866903e+02	234	114	371	129	22	61	0	500	500	500	500	0	500	40	
2.1699953232e+02	234	114	383	117	32	59	0	500	500	500	500	0	500	40	
2.1749997066e+02	237	111	398	102	26	69	0	500	500	500	500	0	500	40	
2.1799990692e+02	239	111	399	101	31	86	0	500	500	500	500	0	500	40	
2.1849758380e+02	243	108	400	100	22	74	0	500	500	500	500	0	500	40	
2.1899960357e+02	240	112	388	112	14	78	0	500	500	500	500	0	500	40	
2.1949986672e+02	236	116	382	118	26	75	0	500	500	500	500	0	500	40	
2.1999947747e+02	226	127	382	118	16	86	0	500	500	500	500	0	500	40	
2.2049979823e+02	230	124	385	115	29	83	0	500	500	500	500	0	500	40	
2.2099982826e+02	222	131	391	109	24	89	0	500	500	500	500	0	500	40	
2.2149935721e+02	218	135	384	116	29	64	0	500	500	500	500	0	500	40	
2.2199949498e+02	213	139	384	116	22	65	0	500	500	500	500	0	500	40	
2.2249832997e+02	218	134	375	125	24	82	0	500	500	500	500	0	500	40	
2.2299917949e+02	216	137	378	122	15	73	0	500	500	500	500	0	500	40	
2.2349946548e+02	220	135	373	127	25	59	0	500	500	500	500	0	500	40	
2.2399922455e+02	224	130	374	126	26	73	0	500	500	500	500	0	500	40	
2.2449971222e+02	221	134	381	119	28	74	0	500	500	500	500	0	500	40	
2.2499964431e+02	217	138	362	138	31	85	0	500	500	500	500	0	500	40	
2.2549992730e+02	215	140	361	139	31	74	0	500	500	500	500	0	500	40	
2.2599940789e+02	222	134	369	131	28	87	0	500	500	500	500	0	500	40	
2.2649907301e+02	223	133	374	126	35	70	0	500	500	500	500	0	500	40	
2.2699995717e+02	222	134	371	129	21	81	0	500	500	500	500	0	500	40	
2.2749896248e+02	218	140	376	124	25	67	0	500	500	500	500	0	500	40	
2.2799915510e+02	215	142	386	114	39	63	0	500	500	500	500	0	500	40	
2.2849711996e+02	211	145	391	109	35	63	0	500	500	500	500	0	500	40	
2.2899815420e+02	209	149	392	108	30	71	0	500	500	500	500	0	500	40	
2.2949930135e+02	213	147	390	110	27	84	0	500	500	500	500	0	500	40	
2.2999806042e+02	216	146	395	105	23	87	0	500	500	500	500	0	500	40	
2.3049889468e+02	219	143	393	107	33	49	0	500	500	500	500	0	500	40	
2.3099961331e+02	227	137	390	110	21	76	0	500	500	500	500	0	500	40	
2.3149799346e+02	226	139	403	97	27	72	0	500	500	500	500	0	500	40	
2.3199927013e+02	236	130	396	104	22	96	0	500	500	500	500	0	500	40	
2.3249756243e+02	229	137	380	120	25	86	0	500	500	500	500	0	500	40	
2.3299906676e+02	231	137	374	126	35	65	0	500	500	500	500	0	500	40	
2.3349995236e+02	222	148	375	125	24	83	0	500	500	500	500	0	500	40	
2.3399966762e+02	217	154	372	128	31	82	0	500	500	500	500	0	500	40	
2.3449979268e+02	213	159	354	146	31	87	0	500	500	500	500	0	500	40	
2.3499766488e+02	212	159	363	137	25	57	0	500	500	500	500	0	500	40	
2.3549980572e+02	215	158	361	139	19	83	0	500	500	500	500	0	500	40	
2.3599970958e+02	208	166	358	142	30	62	0	500	500	500	500	0	500	40	
2.3649989358e+02	210	165	366	134	30	73	0	500	500	500	500	0	500	40	
2.3699984988e+02	212	165	370	130	27	74	0	500	500	500	500	0	500	40	
2.3749959883e+02	220	157	374	126	27	76	0	500	500	500	500	0	500	40	
2.3799982396e+02	211	168	367	133	26	72	0	500	500	500	500	0	500	40	
2.3849969126e+02	211	167	361	139	30	65	0	500	500	500	500	0	500	40	
2.3899938092e+02	213	165	361	139	25	71	0	500	500	500	500	0	500	40	
2.3949852324e+02	218	162	355	145	32	86	0	500	500	500	500	0	500	40	
2.3999883397e+02	227	155	374	126	22	70	0	500	500	500	500	0	500	40	
2.4049931209e+02	230	153	364	136	29	62	0	500	500	500	500	0	500	40	
2.4099843705e+02	233	149	365	135	22	70	0	500	500	500	500	0	500	40	
2.4149994039e+02	225	159	357	143	34	81	0	500	500	500	500	0	500	40	
2.4199885093e+02	226	159	364	136	39	77	0	500	500	500	500	0	500	40	
2.4249868023e+02	221	166	354	146	22	84	0	500	500	500	500	0	500	40	
2.4299891635e+02	223	163	370	130	22	86	0	500	500	500	500	0	500	40	
2.4349978888e+02	219	167	372	128	42	55	0	500	500	500	500	0	500	40	
2.4399839965e+02	214	172	371	129	19	71	0	500	500	500	500	0	500	40	
2.4449947250e+02	216	171	380	120	28	78	0	500	500	500	500	0	500	40	
2.4499960950e+02	211	179	382	118	26	75	0	500	500	500	500	0	500	40	
2.4549894081e+02	215	174	371	129	24	78	0	500	500	500	500	0	500	40	
2.4599944029e+02	212	178	364	136	34	68	0	500	500	500	500	0	500	40	
2.4649903560e+02	214	179	374	126	17	85	0	500	500	500	500	0	500	40	
2.4699954852e+02	223	173	380	120	43	47	0	500	500	500	500	0	500	40	
2.4749903067e+02	221	175	371	129	25	78	0	500	500	500	500	0	500	40	
2.4799985820e+02	218	179	372	128	31	70	0	500	500	500	500	0	500	40	
2.4849880711e+02	223	176	355	145	36	71	0	500	500	500	500	0	500	40	
2.4899988651e+02	221	177	358	142	28	72	0	500	500	500	500	0	500	40	
2.4949931685e+02	217	181	358	142	27	82	0	500	500	500	500	0	500	40	
2.4999869820e+02	213	183	352	148	29	71	0	500	500	500	500	0	500	40	
2.5049860554e+02	208	188	360	140	32	70	0	500	500	500	500	0	500	40	
2.5099840869e+02	210	189	356	144	26	70	0	500	500	500	500	0	500	40	
2.5149947149e+02	217	181	362	138	31	71	0	500	500	500	500	0	500	40	
2.5199911993e+02	213	187	359	141	26	54	0	500	500	500	500	0	500	40	
2.5249976931e+02	212	188	356	144	28	55	0	500	500	500	500	0	500	40	
2.5299891038e+02	220	181	356	144	40	61	0	500	500	500	500	0	500	40	
2.5349984713e+02	224	178	347	153	37	62	0	500	500	500	500	0	500	40	
2.5399880479e+02	222	179	340	160	33	64	0	500	500	500	500	0	500	40	
2.5449956874e+02	218	185	342	158	31	58	0	500	500	500	500	0	500	40	
2.5499980583e+02	222	181	339	161	27	72	0	500	500	500	500	0	500	40	
2.5549998535e+02	229	174	343	157	31	76	0	500	500	500	500	0	500	40	
2.5599933225e+02	228	176	332	168	39	67	0	500	500	500	500	0	500	40	
2.5649852273e+02	224	181	338	162	31	75	0	500	500	500	500	0	500	40	
2.5699984586e+02	224	183	331	169	32	74	0	500	500	500	500	0	500	40	
2.5749783084e+02	216	190	335	165	40	78	0	500	500	500	500	0	500	40	
2.5799973342e+02	220	189	338	162	30	61	0	500	500	500	500	0	500	40	
2.5849975091e+02	216	193	335	165	32	62	0	500	500	500	500	0	500	40	
2.5899953347e+02	217	191	335	165	38	54	0	500	500	500	500	0	500	40	
2.5949819027e+02	230	178	328	172	31	83	0	500	500	500	500	0	500	40	
2.5999948566e+02	230	180	327	173	29	92	0	500	500	500	500	0	500	40	
2.6049932693e+02	231	180	346	154	31	71	0	500	500	500	500	0	500	40	
2.6099918795e+02	235	176	349	151	29	75	0	500	500	500	500	0	500	40	
2.6149973550e+02	235	177	344	156	39	80	0	500	500	500	500	0	500	40	
2.6199983594e+02	236	178	351	149	24	77	0	500	500	500	500	0	500	40	
2.6249961859e+02	242	173	369	131	43	62	0	500	500	500	500	0	500	40	
2.6299933176e+02	243	173	375	125	30	70	0	500	500	500	500	0	500	40	
2.6349999086e+02	246	170	370	130	34	85	0	500	500	500	500	0	500	40	
2.6399867909e+02	247	169	366	134	36	69	0	500	500	500	500	0	500	40	
2.6449967333e+02	251	164	363	137	42	64	0	500	500	500	500	0	500	40	
2.6499922440e+02	258	158	355	145	23	87	0	500	500	500	500	0	500	40	
2.6549819247e+02	249	166	350	150	26	69	0	500	500	500	500	0	500	40	
2.6599916177e+02	246	171	357	143	18	64	0	500	500	500	500	0	500	40	
2.6649998934e+02	253	165	370	130	37	50	0	500	500	500	500	0	500	40	
2.6699976609e+02	248	172	382	118	36	54	0	500	500	500	500	0	500	40	
2.6749737789e+02	245	175	394	106	18	78	0	500	500	500	500	0	500	40	
2.6799867048e+02	247	171	390	110	21	74	0	500	500	500	500	0	500	40	
2.6849988837e+02	254	163	389	111	25	69	0	500	500	500	500	0	500	40	
2.6899757659e+02	258	159	382	118	26	64	0	500	500	500	500	0	500	40	
2.6949937959e+02	251	167	382	118	21	68	0	500	500	500	500	0	500	40	
2.6999979159e+02	249	171	377	123	18	91	0	500	500	500	500	0	500	40	
2.7049991656e+02	246	175	379	121	45	68	0	500	500	500	500	0	500	40	
2.7099986855e+02	250	170	394	106	28	72	0	500	500	500	500	0	500	40	
2.7149723424e+02	255	165	393	107	28	79	0	500	500	500	500	0	500	40	
2.7199948507e+02	263	156	380	120	30	72	0	500	500	500	500	0	500	40	
2.7249964211e+02	264	156	385	115	24	76	0	500	500	500	500	0	500	40	
2.7299802200e+02	264	156	390	110	32	82	0	500	500	500	500	0	500	40	
2.7349904645e+02	264	156	389	111	24	90	0	500	500	500	500	0	500	40	
2.7399945965e+02	264	156	389	111	35	73	0	500	500	500	500	0	500	40	
2.7449743263e+02	271	149	389	111	25	68	0	500	500	500	500	0	500	40	
2.7499979842e+02	262	159	378	122	22	79	0	500	500	500	500	0	500	40	
2.7549945600e+02	264	158	389	111	24	93	0	500	500	500	500	0	500	40	
2.7599955164e+02	263	158	390	110	27	79	0	500	500	500	500	0	500	40	
2.7649904105e+02	265	155	393	107	22	84	0	500	500	500	500	0	500	40	
2.7699980355e+02	260	161	378	122	29	57	0	500	500	500	500	0	500	40	
2.7749998689e+02	255	167	389	111	33	52	0	500	500	500	500	0	500	40	
2.7799935487e+02	264	158	387	113	28	71	0	500	500	500	500	0	500	40	
2.7849824127e+02	268	154	384	116	29	74	0	500	500	500	500	0	500	40	
2.7899791725e+02	264	159	384	116	37	89	0	500	500	500	500	0	500	40	
2.7949538981e+02	272	152	389	111	30	80	0	500	500	500	500	0	500	40	
2.7999971576e+02	280	144	391	109	34	61	0	500	500	500	500	0	500	40	
2.8049870986e+02	270	154	386	114	27	68	0	500	500	500	500	0	500	40	
2.8099946786e+02	271	153	392	108	28	69	0	500	500	500	500	0	500	40	
2.8149681348e+02	278	145	386	114	26	79	0	500	500	500	500	0	500	40	
2.8199942249e+02	274	150	397	103	26	72	0	500	500	500	500	0	500	40	
2.8249872782e+02	274	151	393	107	32	77	0	500	500	500	500	0	500	40	
2.8299990491e+02	274	154	384	116	27	81	0	500	500	500	500	0	500	40	
2.8349936989e+02	280	149	372	128	21	80	0	500	500	500	500	0	500	40	
2.8399991156e+02	281	149	384	116	24	67	0	500	500	500	500	0	500	40	
2.8449984456e+02	277	153	381	119	27	85	0	500	500	500	500	0	500	40	
2.8499990120e+02	280	151	368	132	32	65	0	500	500	500	500	0	500	40	
2.8549921545e+02	278	155	367	133	17	84	0	500	500	500	500	0	500	40	
2.8599959897e+02	278	155	381	119	31	66	0	500	500	500	500	0	500	40	
2.8649973567e+02	283	149	380	120	25	78	0	500	500	500	500	0	500	40	
2.8699830816e+02	284	151	391	109	31	65	0	500	500	500	500	0	500	40	
2.8749998236e+02	284	150	399	101	26	68	0	500	500	500	500	0	500	40	
2.8799974909e+02	284	150	393	107	28	77	0	500	500	500	500	0	500	40	
2.8849700222e+02	283	151	393	107	30	80	0	500	500	500	500	0	500	40	
2.8899967508e+02	282	153	393	107	30	79	0	500	500	500	500	0	500	40	
2.8949985260e+02	292	143	402	98	23	91	0	500	500	500	500	0	500	40	
2.8999986640e+02	294	141	398	102	35	60	0	500	500	500	500	0	500	40	
2.9049826835e+02	305	131	388	112	16	54	0	500	500	500	500	0	500	40	
2.9099985279e+02	299	138	390	110	27	70	0	500	500	500	500	0	500	40	
2.9149805439e+02	306	130	389	111	41	61	0	500	500	500	500	0	500	40	
2.9199993896e+02	309	125	367	133	24	81	0	500	500	500	500	0	500	40	
2.9249819424e+02	304	130	376	124	22	74	0	500	500	500	500	0	500	40	
2.9299977593e+02	299	135	357	143	24	74	0	500	500	500	500	0	500	40	
2.9349979215e+02	292	142	352	148	36	71	0	500	500	500	500	0	500	40	
2.9399879273e+02	287	148	357	143	21	87	0	500	500	500	500	0	500	40	
2.9449952609e+02	281	154	353	147	38	66	0	500	500	500	500	0	500	40	
2.9499971002e+02	273	165	354	146	32	55	0	500	500	500	500	0	500	40	
2.9549842216e+02	274	165	368	132	30	66	0	500	500	500	500	0	500	40	
2.9599946965e+02	277	162	374	126	26	68	0	500	500	500	500	0	500	40	
2.9649991706e+02	281	159	362	138	22	75	0	500	500	500	500	0	500	40	
2.9699913490e+02	282	159	375	125	20	94	0	500	500	500	500	0	500	40	
2.9749941021e+02	284	159	366	134	25	77	0	500	500	500	500	0	500	40	
2.9799937787e+02	282	161	371	129	31	68	0	500	500	500	500	0	500	40	
2.9849814153e+02	275	169	355	145	30	61	0	500	500	500	500	0	500	40	
2.9899983613e+02	273	170	350	150	25	75	0	500	500	500	500	0	500	40	
2.9949989698e+02	274	169	351	149	20	79	0	500	500	500	500	0	500	40	
2.9999905448e+02	276	168	350	150	25	74	0	500	500	500	500	0	500	40	
3.0049860227e+02	275	169	345	155	19	74	0	500	500	500	500	0	500	40	
3.0099947308e+02	271	174	344	156	29	74	0	500	500	500	500	0	500	40	
3.0149833214e+02	275	170	353	147	26	84	0	500	500	500	500	0	500	40	
3.0199823712e+02	275	170	358	142	38	79	0	500	500	500	500	0	500	40	
3.0249884853e+02	276	168	364	136	31	57	0	500	500	500	500	0	500	40	
3.0299709624e+02	273	170	354	146	34	41	0	500	500	500	500	0	500	40	
3.0349768880e+02	264	180	363	137	37	50	0	500	500	500	500	0	500	40	
3.0399970986e+02	262	182	357	143	31	72	0	500	500	500	500	0	500	40	
3.0449981250e+02	258	187	355	145	28	79	0	500	500	500	500	0	500	40	
3.0499907046e+02	261	184	365	135	24	80	0	500	500	500	500	0	500	40	
3.0549926785e+02	254	192	355	145	22	74	0	500	500	500	500	0	500	40	
3.0599993501e+02	255	191	359	141	33	75	0	500	500	500	500	0	500	40	
3.0649992004e+02	258	189	372	128	28	82	0	500	500	500	500	0	500	40	
3.0699987733e+02	255	192	364	136	32	61	0	500	500	500	500	0	500	40	
3.0749995434e+02	249	198	359	141	33	55	0	500	500	500	500	0	500	40	
3.0799947408e+02	244	204	371	129	18	78	0	500	500	500	500	0	500	40	
3.0849783032e+02	242	206	376	124	20	68	0	500	500	500	500	0	500	40	
3.0899954898e+02	249	201	368	132	27	65	0	500	500	500	500	0	500	40	
3.0949900623e+02	256	195	375	125	21	78	0	500	500	500	500	0	500	40	
3.0999958262e+02	257	193	381	119	35	64	0	500	500	500	500	0	500	40	
3.1049981992e+02	259	190	384	116	30	63	0	500	500	500	500	0	500	40	
3.1099988984e+02	258	193	384	116	24	79	0	500	500	500	500	0	500	40	
3.1149985352e+02	262	189	372	128	29	84	0	500	500	500	500	0	500	40	
3.1199928594e+02	263	187	362	138	55	60	0	500	500	500	500	0	500	40	
3.1249986111e+02	272	179	355	145	27	83	0	500	500	500	500	0	500	40	
3.1299956439e+02	269	182	348	152	29	82	0	500	500	500	500	0	500	40	
3.1349998069e+02	275	177	365	135	39	61	0	500	500	500	500	0	500	40	
3.1399975523e+02	271	183	364	136	30	65	0	500	500	500	500	0	500	40	
3.1449906539e+02	267	187	354	146	21	70	0	500	500	500	500	0	500	40	
3.1499846242e+02	270	183	367	133	24	69	0	500	500	500	500	0	500	40	
3.1549645488e+02	272	181	374	126	30	67	0	500	500	500	500	0	500	40	
3.1599896931e+02	273	181	389	111	28	69	0	500	500	500	500	0	500	40	
3.1649984605e+02	280	174	381	119	32	69	0	500	500	500	500	0	500	40	
3.1699937360e+02	284	168	384	116	21	71	0	500	500	500	500	0	500	40	
3.1749990282e+02	280	173	393	107	28	74	0	500	500	500	500	0	500	40	
3.1799970449e+02	272	181	399	101	20	76	0	500	500	500	500	0	500	40	
3.1849987915e+02	275	178	398	102	29	66	0	500	500	500	500	0	500	40	
3.1899945198e+02	281	174	395	105	36	65	0	500	500	500	500	0	500	40	
3.1949982912e+02	279	177	394	106	30	74	0	500	500	500	500	0	500	40	
3.1999760690e+02	295	161	399	101	38	72	0	500	500	500	500	0	500	40	
3.2049981118e+02	297	160	405	95	22	63	0	500	500	500	500	0	500	40	
3.2099995942e+02	303	154	403	97	24	73	0	500	500	500	500	0	500	40	
3.2149928803e+02	308	148	404	96	31	63	0	500	500	500	500	0	500	40	
3.2199869758e+02	312	144	390	110	39	74	0	500	500	500	500	0	500	40	
3.2249902964e+02	300	154	391	109	28	69	0	500	500	500	500	0	500	40	
3.2299979502e+02	305	149	390	110	37	69	0	500	500	500	500	0	500	40	
3.2349929042e+02	299	156	390	110	26	71	0	500	500	500	500	0	500	40	
3.2399985191e+02	303	153	383	117	28	57	0	500	500	500	500	0	500	40	
3.2449899837e+02	292	167	378	122	20	77	0	500	500	500	500	0	500	40	
3.2499995101e+02	291	169	363	137	41	83	0	500	500	500	500	0	500	40	
3.2549964654e+02	285	176	361	139	31	73	0	500	500	500	500	0	500	40	
3.2599806666e+02	275	186	366	134	30	68	0	500	500	500	500	0	500	40	
3.2649936481e+02	273	188	373	127	31	79	0	500	500	500	500	0	500	40	
3.2699995502e+02	273	190	374	126	29	80	0	500	500	500	500	0	500	40	
3.2749926408e+02	266	196	374	126	31	66	0	500	500	500	500	0	500	40	
3.2799967480e+02	269	194	383	117	24	63	0	500	500	500	500	0	500	40	
3.2849937636e+02	274	191	377	123	28	80	0	500	500	500	500	0	500	40	
3.2899958285e+02	281	183	378	122	29	78	0	500	500	500	500	0	500	40	
3.2949816013e+02	279	186	381	119	27	71	0	500	500	500	500	0	500	40	
3.2999932077e+02	289	176	384	116	32	72	0	500	500	500	500	0	500	40	
3.3049975980e+02	282	182	374	126	34	60	0	500	500	500	500	0	500	40	
3.3099962387e+02	282	184	369	131	36	54	0	500	500	500	500	0	500	40	
3.3149979813e+02	275	192	367	133	21	64	0	500	500	500	500	0	500	40	
3.3199989112e+02	268	198	365	135	30	62	0	500	500	500	500	0	500	40	
3.3249981341e+02	264	201	364	136	29	70	0	500	500	500	500	0	500	40	
3.3299950220e+02	273	195	381	119	32	75	0	500	500	500	500	0	500	40	
3.3349916242e+02	277	193	372	128	44	67	0	500	500	500	500	0	500	40	
3.3399998884e+02	267	205	368	132	29	70	0	500	500	500	500	0	500	40	
3.3449977482e+02	271	202	384	116	25	65	0	500	500	500	500	0	500	40	
3.3499670805e+02	278	195	380	120	34	54	0	500	500	500	500	0	500	40	
3.3549977421e+02	282	192	375	125	26	58	0	500	500	500	500	0	500	40	
3.3599926270e+02	280	198	373	127	22	66	0	500	500	500	500	0	500	40	
3.3649999725e+02	282	195	377	123	37	49	0	500	500	500	500	0	500	40	
3.3699983152e+02	288	189	378	122	19	78	0	500	500	500	500	0	500	40	
3.3749968314e+02	287	189	388	112	36	63	0	500	500	500	500	0	500	40	
3.3799845107e+02	287	191	397	103	26	72	0	500	500	500	500	0	500	40	
3.3849927436e+02	292	188	397	103	33	57	0	500	500	500	500	0	500	40	
3.3899998086e+02	295	185	403	97	30	75	0	500	500	500	500	0	500	40	
3.3949963594e+02	307	174	401	99	47	57	0	500	500	500	500	0	500	40	
3.3999961273e+02	312	169	406	94	33	73	0	500	500	500	500	0	500	40	
3.4049981308e+02	312	170	401	99	24	51	0	500	500	500	500	0	500	40	
3.4099980661e+02	317	164	411	89	34	76	0	500	500	500	500	0	500	40	
3.4149957656e+02	313	170	414	86	19	75	0	500	500	500	500	0	500	40	
3.4199993102e+02	311	172	424	76	24	84	0	500	500	500	500	0	500	40	
3.4249994859e+02	325	160	428	72	30	67	0	500	500	500	500	0	500	40	
3.4299963659e+02	328	158	416	84	31	62	0	500	500	500	500	0	500	40	
3.4349698510e+02	335	151	422	78	35	76	0	500	500	500	500	0	500	40	
3.4399865717e+02	349	137	407	93	27	81	0	500	500	500	500	0	500	40	
3.4449987304e+02	352	136	401	99	34	58	0	500	500	500	500	0	500	40	
3.4499970183e+02	356	134	398	102	30	67	0	500	500	500	500	0	500	40	
3.4549872602e+02	355	135	416	84	28	66	0	500	500	500	500	0	500	40	
3.4599931960e+02	356	135	408	92	17	74	0	500	500	500	500	0	500	40	
3.4649936571e+02	350	140	411	89	13	68	0	500	500	500	500	0	500	40	
3.4699967711e+02	351	139	394	106	28	71	0	500	500	500	500	0	500	40	
3.4749922064e+02	349	145	402	98	27	65	0	500	500	500	500	0	500	40	
3.4799972789e+02	353	142	398	102	33	74	0	500	500	500	500	0	500	40	
3.4849764864e+02	354	141	406	94	32	73	0	500	500	500	500	0	500	40	
3.4899970881e+02	352	146	422	78	31	74	0	500	500	500	500	0	500	40	
3.4949854328e+02	349	150	416	84	32	73	0	500	500	500	500	0	500	40	
3.4999992965e+02	359	140	415	85	27	78	0	500	500	500	500	0	500	40	
3.5049885026e+02	349	149	412	88	18	70	0	500	500	500	500	0	500	40	
3.5099951634e+02	346	154	408	92	31	65	0	500	500	500	500	0	500	40	
3.5149814604e+02	355	147	408	92	34	72	0	500	500	500	500	0	500	40	
3.5199999946e+02	358	144	419	81	39	65	0	500	500	500	500	0	500	40	
3.5249961989e+02	359	143	424	76	21	91	0	500	500	500	500	0	500	40	
3.5299896276e+02	363	139	414	86	23	64	0	500	500	500	500	0	500	40	
3.5349793705e+02	356	146	411	89	16	76	0	500	500	500	500	0	500	40	
3.5399918251e+02	354	148	409	91	17	89	0	500	500	500	500	0	500	40	
3.5449937317e+02	356	146	388	112	28	74	0	500	500	500	500	0	500	40	
3.5499983089e+02	353	152	383	117	25	86	0	500	500	500	500	0	500	40	
3.5549826377e+02	354	151	377	123	22	67	0	500	500	500	500	0	500	40	
3.5599868643e+02	349	156	382	118	27	76	0	500	500	500	500	0	500	40	
3.5649903208e+02	351	155	377	123	31	63	0	500	500	500	500	0	500	40	
3.5699990252e+02	361	145	369	131	25	78	0	500	500	500	500	0	500	40	
3.5749964231e+02	357	149	356	144	20	75	0	500	500	500	500	0	500	40	
3.5799956195e+02	350	156	362	138	23	68	0	500	500	500	500	0	500	40	
3.5849990428e+02	349	158	367	133	30	76	0	500	500	500	500	0	500	40	
3.5899893772e+02	338	168	365	135	31	54	0	500	500	500	500	0	500	40	
3.5949971898e+02	335	172	367	133	20	64	0	500	500	500	500	0	500	40	
3.5999948406e+02	333	174	357	143	31	66	0	500	500	500	500	0	500	40	
3.6049871770e+02	333	176	365	135	16	80	0	500	500	500	500	0	500	40	
3.6099947661e+02	341	168	367	133	27	85	0	500	500	500	500	0	500	40	
3.6149956264e+02	338	172	376	124	28	71	0	500	500	500	500	0	500	40	
3.6199913447e+02	334	176	384	116	25	69	0	500	500	500	500	0	500	40	
3.6249914763e+02	337	175	379	121	26	74	0	500	500	500	500	0	500	40	
3.6299866844e+02	329	184	386	114	30	63	0	500	500	500	500	0	500	40	
3.6349986873e+02	329	184	391	109	29	73	0	500	500	500	500	0	500	40	
3.6399986632e+02	331	181	411	89	26	63	0	500	500	500	500	0	500	40	
3.6449967388e+02	330	184	416	84	31	65	0	500	500	500	500	0	500	40	
3.6499949202e+02	329	182	405	95	23	71	0	500	500	500	500	0	500	40	
3.6549957512e+02	337	174	395	105	26	71	0	500	500	500	500	0	500	40	
3.6599922219e+02	338	173	394	106	33	73	0	500	500	500	500	0	500	40	
3.6649859858e+02	339	173	398	102	23	82	0	500	500	500	500	0	500	40	
3.6699873310e+02	350	163	393	107	25	76	0	500	500	500	500	0	500	40	
3.6749999376e+02	342	170	376	124	30	57	0	500	500	500	500	0	500	40	
3.6799965254e+02	334	178	371	129	26	66	0	500	500	500	500	0	500	40	
3.6849999390e+02	336	176	365	135	31	53	0	500	500	500	500	0	500	40	
3.6899786150e+02	331	182	367	133	37	57	0	500	500	500	500	0	500	40	
3.6949968166e+02	326	187	372	128	33	63	0	500	500	500	500	0	500	40	
3.6999931630e+02	329	186	373	127	28	68	0	500	500	500	500	0	500	40	
3.7049839799e+02	327	187	369	131	28	69	0	500	500	500	500	0	500	40	
3.7099962220e+02	327	189	362	138	32	65	0	500	500	500	500	0	500	40	
3.7149991065e+02	323	194	360	140	26	61	0	500	500	500	500	0	500	40	
3.7199973775e+02	319	199	363	137	20	76	0	500	500	500	500	0	500	40	
3.7249999559e+02	321	197	372	128	24	70	0	500	500	500	500	0	500	40	
3.7299963368e+02	317	203	366	134	19	79	0	500	500	500	500	0	500	40	
3.7349582925e+02	317	203	354	146	22	75	0	500	500	500	500	0	500	40	
3.7399905562e+02	313	207	359	141	33	64	0	500	500	500	500	0	500	40	
3.7449995913e+02	308	213	354	146	20	46	0	500	500	500	500	0	500	40	
3.7499602829e+02	300	222	352	148	24	68	0	500	500	500	500	0	500	40	
3.7549844342e+02	300	221	356	144	28	70	0	500	500	500	500	0	500	40	
3.7599932728e+02	287	235	343	157	29	57	0	500	500	500	500	0	500	40	
3.7649967076e+02	282	240	334	166	24	57	0	500	500	500	500	0	500	40	
3.7699981048e+02	287	235	339	161	37	56	0	500	500	500	500	0	500	40	
3.7749927025e+02	279	244	330	170	31	74	0	500	500	500	500	0	500	40	
3.7799841933e+02	288	237	335	165	39	59	0	500	500	500	500	0	500	40	
3.7849854459e+02	294	233	333	167	35	49	0	500	500	500	500	0	500	40	
3.7899807904e+02	290	238	341	159	27	75	0	500	500	500	500	0	500	40	
3.7949930694e+02	294	234	345	155	36	72	0	500	500	500	500	0	500	40	
3.7999911020e+02	298	229	348	152	30	64	0	500	500	500	500	0	500	40	
3.8049916292e+02	300	227	364	136	33	65	0	500	500	500	500	0	500	40	
3.8099944520e+02	306	221	387	113	28	74	0	500	500	500	500	0	500	40	
3.8149979323e+02	296	230	380	120	29	66	0	500	500	500	500	0	500	40	
3.8199983180e+02	302	224	390	110	31	71	0	500	500	500	500	0	500	40	
3.8249981125e+02	310	213	385	115	24	86	0	500	500	500	500	0	500	40	
3.8299840768e+02	325	201	394	106	32	76	0	500	500	500	500	0	500	40	
3.8349978730e+02	321	205	389	111	25	45	0	500	500	500	500	0	500	40	
3.8399931667e+02	321	205	385	115	25	69	0	500	500	500	500	0	500	40	
3.8449970686e+02	321	205	389	111	27	72	0	500	500	500	500	0	500	40	
3.8499969337e+02	323	202	389	111	30	78	0	500	500	500	500	0	500	40	
3.8549840519e+02	319	204	373	127	26	65	0	500	500	500	500	0	500	40	
3.8599961753e+02	324	200	381	119	33	74	0	500	500	500	500	0	500	40	
3.8649843815e+02	316	208	373	127	22	97	0	500	500	500	500	0	500	40	
3.8699869064e+02	313	211	376	124	26	69	0	500	500	500	500	0	500	40	
3.8749973864e+02	321	203	374	126	34	61	0	500	500	500	500	0	500	40	
3.8799844215e+02	325	199	371	129	25	77	0	500	500	500	500	0	500	40	
3.8849991491e+02	322	202	366	134	28	75	0	500	500	500	500	0	500	40	
3.8899964386e+02	318	205	358	142	34	70	0	500	500	500	500	0	500	40	
3.8949910460e+02	315	208	354	146	36	46	0	500	500	500	500	0	500	40	
3.8999944759e+02	311	212	366	134	31	67	0	500	500	500	500	0	500	40	
3.9049993257e+02	317	205	389	111	26	69	0	500	500	500	500	0	500	40	
3.9099742812e+02	318	203	381	119	32	66	0	500	500	500	500	0	500	40	
3.9149964876e+02	318	203	380	120	29	74	0	500	500	500	500	0	500	40	
3.9199937068e+02	311	209	390	110	29	89	0	500	500	500	500	0	500	40	
3.9249962687e+02	307	213	396	104	37	71	0	500	500	500	500	0	500	40	
3.9299984783e+02	309	212	411	89	37	72	0	500	500	500	500	0	500	40	
3.9349997015e+02	319	202	406	94	26	63	0	500	500	500	500	0	500	40	
3.9399978997e+02	317	204	409	91	20	70	0	500	500	500	500	0	500	40	
3.9449962535e+02	310	214	408	92	31	60	0	500	500	500	500	0	500	40	
3.9499977749e+02	315	208	401	99	39	72	0	500	500	500	500	0	500	40	
3.9549993272e+02	321	202	392	108	19	77	0	500	500	500	500	0	500	40	
3.9599845753e+02	323	200	384	116	30	71	0	500	500	500	500	0	500	40	
3.9649970804e+02	322	202	395	105	33	83	0	500	500	500	500	0	500	40	
3.9699896538e+02	337	187	400	100	22	71	0	500	500	500	500	0	500	40	
3.9749607164e+02	335	189	399	101	32	50	0	500	500	500	500	0	500	40	
3.9799724221e+02	344	180	401	99	20	87	0	500	500	500	500	0	500	40	
3.9849914333e+02	350	176	395	105	28	83	0	500	500	500	500	0	500	40	
3.9899983632e+02	355	171	410	90	40	72	0	500	500	500	500	0	500	40	
3.9949872679e+02	352	176	394	106	37	74	0	500	500	500	500	0	500	40	
3.9999982354e+02	354	173	383	117	34	67	0	500	500	500	500	0	500	40	
4.0049945288e+02	358	170	374	126	31	75	0	500	500	500	500	0	500	40	
4.0099981480e+02	352	175	383	117	48	77	0	500	500	500	500	0	500	40	
4.0149976254e+02	353	175	390	110	27	89	0	500	500	500	500	0	500	40	
4.0199851200e+02	345	183	394	106	32	60	0	500	500	500	500	0	500	40	
4.0249846879e+02	346	183	376	124	32	72	0	500	500	500	500	0	500	40	
4.0299986539e+02	345	183	379	121	36	75	0	500	500	500	500	0	500	40	
4.0349935496e+02	346	182	397	103	35	72	0	500	500	500	500	0	500	40	
4.0399921227e+02	344	184	407	93	37	59	0	500	500	500	500	0	500	40	
4.0449858423e+02	343	183	413	87	39	64	0	500	500	500	500	0	500	40	
4.0499914316e+02	349	177	404	96	28	77	0	500	500	500	500	0	500	40	
4.0549810874e+02	349	178	397	103	24	72	0	500	500	500	500	0	500	40	
4.0599988137e+02	355	174	384	116	30	63	0	500	500	500	500	0	500	40	
4.0649956263e+02	350	181	401	99	25	73	0	500	500	500	500	0	500	40	
4.0699841384e+02	348	184	401	99	24	64	0	500	500	500	500	0	500	40	
4.0749880499e+02	356	174	397	103	35	59	0	500	500	500	500	0	500	40	
4.0799951334e+02	361	172	410	90	30	62	0	500	500	500	500	0	500	40	
4.0849954605e+02	360	172	398	102	35	65	0	500	500	500	500	0	500	40	
4.0899934313e+02	362	171	387	113	24	72	0	500	500	500	500	0	500	40	
4.0949829613e+02	360	173	399	101	34	77	0	500	500	500	500	0	500	40	
4.0999967551e+02	354	179	401	99	22	65	0	500	500	500	500	0	500	40	
4.1049898655e+02	355	180	407	93	23	66	0	500	500	500	500	0	500	40	
4.1099977085e+02	352	183	398	102	27	71	0	500	500	500	500	0	500	40	
4.1149987760e+02	352	184	411	89	20	65	0	500	500	500	500	0	500	40	
4.1199965293e+02	347	188	418	82	25	58	0	500	500	500	500	0	500	40	
4.1249987020e+02	355	180	412	88	19	67	0	500	500	500	500	0	500	40	
4.1299996010e+02	350	185	399	101	20	80	0	500	500	500	500	0	500	40	
4.1349934906e+02	350	185	408	92	36	56	0	500	500	500	500	0	500	40	
4.1399834701e+02	345	191	410	90	28	72	0	500	500	500	500	0	500	40	
4.1449950815e+02	346	190	403	97	31	67	0	500	500	500	500	0	500	40	
4.1499958602e+02	353	183	397	103	31	66	0	500	500	500	500	0	500	40	
4.1549986480e+02	348	188	387	113	37	64	0	500	500	500	500	0	500	40	
4.1599788394e+02	345	191	377	123	20	79	0	500	500	500	500	0	500	40	
4.1649855822e+02	343	191	387	113	32	69	0	500	500	500	500	0	500	40	
4.1699808289e+02	334	200	391	109	39	78	0	500	500	500	500	0	500	40	
4.1749982369e+02	340	194	393	107	36	62	0	500	500	500	500	0	500	40	
4.1799884514e+02	340	194	393	107	35	63	0	500	500	500	500	0	500	40	
4.1849996255e+02	344	192	394	106	28	85	0	500	500	500	500	0	500	40	
4.1899900913e+02	342	194	392	108	26	67	0	500	500	500	500	0	500	40	
4.1949966554e+02	351	186	378	122	32	87	0	500	500	500	500	0	500	40	
4.1999895133e+02	354	184	390	110	37	75	0	500	500	500	500	0	500	40	
4.2049986946e+02	356	182	394	106	33	66	0	500	500	500	500	0	500	40	
4.2099735346e+02	348	193	399	101	31	73	0	500	500	500	500	0	500	40	
4.2149975232e+02	348	194	390	110	34	71	0	500	500	500	500	0	500	40	
4.2199963839e+02	352	190	379	121	26	74	0	500	500	500	500	0	500	40	
4.2249982449e+02	350	192	376	124	30	71	0	500	500	500	500	0	500	40	
4.2299965525e+02	350	193	381	119	29	77	0	500	500	500	500	0	500	40	
4.2349962214e+02	349	194	378	122	22	83	0	500	500	500	500	0	500	40	
4.2399691767e+02	353	190	369	131	24	71	0	500	500	500	500	0	500	40	
4.2449985430e+02	351	191	364	136	21	66	0	500	500	500	500	0	500	40	
4.2499992091e+02	350	192	364	136	33	55	0	500	500	500	500	0	500	40	
4.2549979779e+02	343	199	379	121	25	58	0	500	500	500	500	0	500	40	
4.2599946079e+02	340	205	376	124	31	44	0	500	500	500	500	0	500	40	
4.2649852257e+02	343	202	376	124	26	57	0	500	500	500	500	0	500	40	
4.2699858598e+02	337	208	371	129	22	61	0	500	500	500	500	0	500	40	
4.2749950428e+02	335	210	355	145	34	69	0	500	500	500	500	0	500	40	
4.2799948141e+02	328	215	359	141	26	76	0	500	500	500	500	0	500	40	
4.2849940087e+02	332	213	371	129	27	71	0	500	500	500	500	0	500	40	
4.2899844885e+02	330	217	379	121	22	89	0	500	500	500	500	0	500	40	
4.2949963348e+02	335	214	387	113	12	86	0	500	500	500	500	0	500	40	
4.2999989023e+02	339	212	385	115	30	76	0	500	500	500	500	0	500	40	
4.3049951494e+02	333	218	387	113	24	83	0	500	500	500	500	0	500	40	
4.3099765179e+02	337	214	381	119	24	72	0	500	500	500	500	0	500	40	
4.3149832126e+02	342	212	381	119	26	85	0	500	500	500	500	0	500	40	
4.3199987745e+02	349	205	389	111	31	70	0	500	500	500	500	0	500	40	
4.3249981455e+02	351	205	398	102	29	74	0	500	500	500	500	0	500	40	
4.3299942351e+02	348	208	387	113	28	65	0	500	500	500	500	0	500	40	
4.3349973274e+02	356	200	399	101	27	79	0	500	500	500	500	0	500	40	
4.3399902901e+02	362	194	397	103	38	44	0	500	500	500	500	0	500	40	
4.3449964650e+02	354	200	394	106	31	67	0	500	500	500	500	0	500	40	
4.3499973930e+02	356	200	393	107	39	63	0	500	500	500	500	0	500	40	
4.3549979268e+02	356	200	397	103	21	59	0	500	500	500	500	0	500	40	
4.3599957926e+02	354	202	392	108	24	65	0	500	500	500	500	0	500	40	
4.3649984263e+02	355	201	390	110	26	69	0	500	500	500	500	0	500	40	
4.3699906157e+02	351	204	387	113	32	60	0	500	500	500	500	0	500	40	
4.3749942193e+02	362	192	385	115	37	76	0	500	500	500	500	0	500	40	
4.3799977298e+02	351	203	376	124	27	68	0	500	500	500	500	0	500	40	
4.3849996272e+02	351	203	379	121	29	66	0	500	500	500	500	0	500	40	
4.3899837063e+02	347	206	382	118	29	70	0	500	500	500	500	0	500	40	
4.3949846446e+02	353	200	376	124	35	62	0	500	500	500	500	0	500	40	
4.3999914637e+02	350	203	384	116	34	60	0	500	500	500	500	0	500	40	
4.4049578368e+02	348	206	374	126	29	64	0	500	500	500	500	0	500	40	
4.4099889087e+02	341	214	374	126	20	73	0	500	500	500	500	0	500	40	
4.4149990350e+02	333	222	380	120	27	85	0	500	500	500	500	0	500	40	
4.4199931686e+02	339	216	370	130	37	67	0	500	500	500	500	0	500	40	
4.4249970906e+02	337	218	372	128	25	78	0	500	500	500	500	0	500	40	
4.4299997338e+02	338	219	388	112	41	57	0	500	500	500	500	0	500	40	
4.4349983139e+02	341	216	379	121	45	70	0	500	500	500	500	0	500	40	
4.4399902999e+02	345	213	379	121	33	76	0	500	500	500	500	0	500	40	
4.4449956109e+02	345	213	380	120	31	57	0	500	500	500	500	0	500	40	
4.4499966460e+02	340	220	363	137	28	81	0	500	500	500	500	0	500	40	
4.4549990539e+02	348	213	368	132	31	65	0	500	500	500	500	0	500	40	
4.4599907348e+02	355	205	367	133	32	71	0	500	500	500	500	0	500	40	
4.4649949555e+02	355	204	364	136	24	91	0	500	500	500	500	0	500	40	
4.4699995490e+02	353	207	367	133	35	61	0	500	500	500	500	0	500	40	
4.4749998627e+02	358	204	372	128	30	64	0	500	500	500	500	0	500	40	
4.4799959238e+02	358	205	368	132	24	60	0	500	500	500	500	0	500	40	
4.4849989387e+02	357	209	383	117	29	53	0	500	500	500	500	0	500	40	
4.4899993061e+02	356	212	392	108	26	55	0	500	500	500	500	0	500	40	
4.4949994902e+02	359	211	382	118	29	55	0	500	500	500	500	0	500	40	
4.4999731388e+02	365	208	375	125	22	68	0	500	500	500	500	0	500	40	
4.5049968046e+02	365	207	379	121	34	82	0	500	500	500	500	0	500	40	
4.5099915754e+02	368	205	380	120	36	80	0	500	500	500	500	0	500	40	
4.5149910213e+02	369	204	374	126	27	81	0	500	500	500	500	0	500	40	
4.5199943447e+02	367	208	384	116	24	64	0	500	500	500	500	0	500	40	
4.5249980086e+02	362	214	383	117	29	74	0	500	500	500	500	0	500	40	
4.5299974895e+02	370	206	377	123	26	69	0	500	500	500	500	0	500	40	
4.5349979030e+02	368	205	388	112	35	83	0	500	500	500	500	0	500	40	
4.5399921381e+02	371	201	392	108	25	76	0	500	500	500	500	0	500	40	
4.5449958596e+02	373	200	403	97	31	75	0	500	500	500	500	0	500	40	
4.5499969896e+02	374	200	413	87	33	73	0	500	500	500	500	0	500	40	
4.5549412534e+02	372	202	398	102	22	72	0	500	500	500	500	0	500	40	
4.5599789028e+02	378	196	391	109	27	67	0	500	500	500	500	0	500	40	
4.5649915306e+02	385	191	393	107	37	60	0	500	500	500	500	0	500	40	
4.5699941918e+02	388	188	389	111	34	82	0	500	500	500	500	0	500	40	
4.5749993018e+02	389	188	372	128	31	67	0	500	500	500	500	0	500	40	
4.5799583508e+02	387	190	376	124	14	78	0	500	500	500	500	0	500	40	
4.5849983754e+02	377	201	378	122	32	61	0	500	500	500	500	0	500	40	
4.5899987666e+02	382	197	392	108	27	85	0	500	500	500	500	0	500	40	
4.5949986719e+02	379	199	383	117	21	70	0	500	500	500	500	0	500	40	
4.5999982592e+02	385	195	392	108	31	66	0	500	500	500	500	0	500	40	
4.6049973094e+02	382	199	384	116	34	51	0	500	500	500	500	0	500	40	
4.6099993209e+02	375	206	379	121	30	64	0	500	500	500	500	0	500	40	
4.6149879292e+02	378	201	386	114	30	73	0	500	500	500	500	0	500	40	
4.6199825523e+02	377	202	389	111	33	58	0	500	500	500	500	0	500	40	
4.6249851743e+02	385	198	380	120	47	57	0	500	500	500	500	0	500	40	
4.6299991672e+02	384	197	364	136	30	74	0	500	500	500	500	0	500	40	
4.6349977314e+02	381	201	370	130	36	68	0	500	500	500	500	0	500	40	
4.6399929653e+02	383	199	367	133	29	71	0	500	500	500	500	0	500	40	
4.6449947534e+02	367	213	370	130	22	84	0	500	500	500	500	0	500	40	
4.6499925249e+02	366	214	381	119	21	63	0	500	500	500	500	0	500	40	
4.6549975537e+02	365	215	390	110	28	64	0	500	500	500	500	0	500	40	
4.6599975226e+02	364	217	398	102	29	71	0	500	500	500	500	0	500	40	
4.6649990684e+02	362	219	403	97	25	86	0	500	500	500	500	0	500	40	
4.6699992611e+02	365	217	408	92	38	80	0	500	500	500	500	0	500	40	
4.6749818030e+02	375	207	413	87	19	72	0	500	500	500	500	0	500	40	
4.6799978357e+02	369	213	403	97	29	68	0	500	500	500	500	0	500	40	
4.6849922807e+02	376	206	374	126	32	55	0	500	500	500	500	0	500	40	
4.6899885392e+02	378	205	378	122	22	77	0	500	500	500	500	0	500	40	
4.6949976210e+02	375	208	371	129	35	73	0	500	500	500	500	0	500	40	
4.6999967438e+02	373	211	376	124	29	74	0	500	500	500	500	0	500	40	
4.7049850212e+02	373	210	377	123	35	74	0	500	500	500	500	0	500	40	
4.7099885641e+02	375	209	379	121	26	86	0	500	500	500	500	0	500	40	
4.7149986082e+02	380	203	388	112	28	86	0	500	500	500	500	0	500	40	
4.7199927877e+02	384	199	382	118	30	57	0	500	500	500	500	0	500	40	
4.7249940425e+02	388	197	383	117	22	50	0	500	500	500	500	0	500	40	
4.7299994369e+02	395	194	370	130	21	70	0	500	500	500	500	0	500	40	
4.7349734793e+02	384	205	366	134	24	72	0	500	500	500	500	0	500	40	
4.7399851784e+02	378	213	373	127	22	80	0	500	500	500	500	0	500	40	
4.7449921386e+02	386	206	383	117	39	63	0	500	500	500	500	0	500	40	
4.7499981564e+02	384	210	376	124	24	80	0	500	500	500	500	0	500	40	
4.7549811963e+02	387	206	368	132	33	60	0	500	500	500	500	0	500	40	
4.7599963369e+02	385	210	351	149	22	87	0	500	500	500	500	0	500	40	
4.7649705183e+02	381	214	360	140	21	71	0	500	500	500	500	0	500	40	
4.7699903878e+02	384	211	367	133	30	55	0	500	500	500	500	0	500	40	
4.7749964751e+02	379	216	363	137	17	68	0	500	500	500	500	0	500	40	
4.7799792430e+02	375	220	367	133	37	56	0	500	500	500	500	0	500	40	
4.7849872210e+02	377	217	357	143	36	72	0	500	500	500	500	0	500	40	
4.7899924974e+02	377	218	360	140	27	65	0	500	500	500	500	0	500	40	
4.7949945981e+02	381	214	379	121	24	67	0	500	500	500	500	0	500	40	
4.7999970546e+02	378	218	383	117	26	62	0	500	500	500	500	0	500	40	
4.8049866253e+02	382	214	382	118	35	61	0	500	500	500	500	0	500	40	
4.8099992006e+02	392	205	379	121	23	94	0	500	500	500	500	0	500	40	
4.8149983801e+02	395	202	385	115	37	83	0	500	500	500	500	0	500	40	
4.8199964106e+02	396	201	391	109	43	60	0	500	500	500	500	0	500	40	
4.8249930292e+02	401	197	395	105	19	69	0	500	500	500	500	0	500	40	
4.8299986577e+02	412	187	389	111	26	72	0	500	500	500	500	0	500	40	
4.8349960837e+02	413	186	391	109	28	67	0	500	500	500	500	0	500	40	
4.8399989959e+02	411	191	388	112	35	64	0	500	500	500	500	0	500	40	
4.8449804462e+02	410	191	385	115	27	77	0	500	500	500	500	0	500	40	
4.8499979774e+02	403	198	385	115	23	104	0	500	500	500	500	0	500	40	
4.8549922660e+02	402	198	378	122	28	76	0	500	500	500	500	0	500	40	
4.8599966773e+02	404	198	378	122	36	81	0	500	500	500	500	0	500	40	
4.8649973025e+02	404	197	389	111	23	88	0	500	500	500	500	0	500	40	
4.8699909065e+02	405	196	378	122	40	77	0	500	500	500	500	0	500	40	
4.8749991682e+02	404	198	391	109	21	83	0	500	500	500	500	0	500	40	
4.8799843239e+02	415	188	391	109	24	81	0	500	500	500	500	0	500	40	
4.8849997310e+02	416	188	383	117	26	62	0	500	500	500	500	0	500	40	
4.8899944514e+02	417	191	380	120	29	59	0	500	500	500	500	0	500	40	
4.8949982053e+02	420	189	377	123	19	72	0	500	500	500	500	0	500	40	
4.8999984005e+02	416	194	391	109	19	60	0	500	500	500	500	0	500	40	
4.9049899415e+02	408	204	379	121	25	58	0	500	500	500	500	0	500	40	
4.9099877492e+02	406	206	374	126	28	86	0	500	500	500	500	0	500	40	
4.9149942142e+02	401	212	373	127	35	69	0	500	500	500	500	0	500	40	
4.9199998941e+02	400	214	370	130	35	50	0	500	500	500	500	0	500	40	
4.9249885377e+02	399	215	358	142	38	70	0	500	500	500	500	0	500	40	
4.9299962097e+02	395	220	362	138	21	86	0	500	500	500	500	0	500	40	
4.9349986198e+02	391	225	356	144	36	51	0	500	500	500	500	0	500	40	
4.9399976200e+02	393	224	344	156	22	71	0	500	500	500	500	0	500	40	
4.9449732285e+02	395	223	333	167	32	78	0	500	500	500	500	0	500	40	
4.9499803893e+02	393	225	332	168	33	78	0	500	500	500	500	0	500	40	
4.9549920134e+02	392	224	334	166	35	62	0	500	500	500	500	0	500	40	
4.9599931220e+02	376	240	345	155	35	72	0	500	500	500	500	0	500	40	
4.9649930643e+02	370	244	353	147	41	62	0	500	500	500	500	0	500	40	
4.9699986280e+02	376	240	358	142	33	79	0	500	500	500	500	0	500	40	
4.9749942938e+02	373	242	361	139	33	76	0	500	500	500	500	0	500	40	
4.9799865343e+02	372	244	364	136	39	58	0	500	500	500	500	0	500	40	
4.9849870578e+02	379	239	363	137	30	68	0	500	500	500	500	0	500	40	
4.9899967077e+02	372	247	355	145	28	76	0	500	500	500	500	0	500	40	
4.9949977150e+02	378	242	362	138	31	76	0	500	500	500	500	0	500	40	
4.9999844051e+02	369	251	366	134	35	77	0	500	500	500	500	0	500	40	
5.0000004035e+02	369	251	366	134	36	76	0	500	500	500	500	0	500	40	
