0.0000000000e+00	0	0	0	0	0	500	500	0	500	500	500	0	0	30	
4.5594759542e-01	1	0	2	1	1	499	500	0	500	500	500	0	0	30	
9.9053280898e-01	1	2	3	3	1	499	500	0	500	500	500	0	0	30	
1.4709397927e+00	1	3	6	2	0	500	500	0	500	500	500	0	0	30	
1.9187536777e+00	2	4	7	2	0	500	500	0	500	500	500	0	0	30	
2.4811485281e+00	3	4	14	2	1	499	500	0	500	500	500	0	0	30	
2.9992414220e+00	3	5	17	3	2	498	500	0	500	500	500	0	0	30	
3.4981751093e+00	3	6	20	1	4	496	500	0	500	500	500	0	0	30	
3.9850493735e+00	4	6	22	4	1	499	500	0	500	500	500	0	0	30	
4.4550217622e+00	7	4	24	3	1	499	500	0	500	500	500	0	0	30	
4.9396674343e+00	7	7	25	1	2	498	500	0	500	500	500	0	0	30	
5.4934792203e+00	8	7	26	4	3	497	500	0	500	500	500	0	0	30	
5.9918514050e+00	8	8	20	11	3	497	500	0	500	500	500	0	0	30	
6.4850128433e+00	11	5	28	7	1	499	500	0	500	500	500	0	0	30	
6.9963178567e+00	12	5	30	7	0	500	500	0	500	500	500	0	0	30	
7.4659313337e+00	15	2	34	7	0	500	500	0	500	500	500	0	0	30	
7.9813144194e+00	15	2	32	9	0	500	500	0	500	500	500	0	0	30	
8.4866542203e+00	16	2	35	7	1	499	500	0	500	500	500	0	0	30	
8.9968893410e+00	16	3	37	8	0	500	500	0	500	500	500	0	0	30	
9.4773936124e+00	17	3	36	11	1	499	500	0	500	500	500	0	0	30	
9.9983867960e+00	18	8	39	12	3	497	500	0	500	500	500	0	0	30	
1.0480959935e+01	19	8	44	8	1	499	500	0	500	500	500	0	0	30	
1.0998144776e+01	22	6	41	12	3	497	500	0	500	500	500	0	0	30	
1.1460758452e+01	24	5	43	13	5	495	500	0	500	500	500	0	0	30	
1.1998490781e+01	27	4	50	9	1	499	500	0	500	500	500	0	0	30	
1.2482030495e+01	27	4	55	6	4	496	500	0	500	500	500	0	0	30	
1.2993484413e+01	27	9	51	10	2	498	500	0	500	500	500	0	0	30	
1.3482001516e+01	33	6	51	16	5	495	500	0	500	500	500	0	0	30	
1.3995267002e+01	34	7	48	21	4	496	500	0	500	500	500	0	0	30	
1.4495670567e+01	35	6	56	14	2	498	500	0	500	500	500	0	0	30	
1.4997012663e+01	36	6	58	15	1	499	500	0	500	500	500	0	0	30	
1.5491501084e+01	38	5	69	11	1	499	500	0	500	500	500	0	0	30	
1.5989537500e+01	40	3	64	18	3	497	500	0	500	500	500	0	0	30	
1.6485470423e+01	41	3	70	15	2	498	500	0	500	500	500	0	0	30	
1.6996279415e+01	42	3	73	16	2	498	500	0	500	500	500	0	0	30	
1.7438108655e+01	43	2	77	13	0	500	500	0	500	500	500	0	0	30	
1.7995975979e+01	43	2	82	12	1	499	500	0	500	500	500	0	0	30	
1.8499229321e+01	43	2	87	9	2	498	500	0	500	500	500	0	0	30	
1.8998377248e+01	44	1	85	13	0	500	500	0	500	500	500	0	0	30	
1.9484078910e+01	43	2	80	19	0	500	500	0	500	500	500	0	0	30	
1.9976146364e+01	43	2	83	17	1	499	500	0	500	500	500	0	0	30	
2.0491267949e+01	42	6	93	13	5	495	500	0	500	500	500	0	0	30	
2.0993666258e+01	44	6	95	14	2	498	500	0	500	500	500	0	0	30	
2.1495478607e+01	43	9	101	9	3	497	500	0	500	500	500	0	0	30	
2.1984548365e+01	45	8	101	14	1	499	500	0	500	500	500	0	0	30	
2.2496924486e+01	45	9	101	15	1	499	500	0	500	500	500	0	0	30	
2.2998393330e+01	47	7	101	16	3	497	500	0	500	500	500	0	0	30	
2.3487891783e+01	47	8	100	21	4	496	500	0	500	500	500	0	0	30	
2.3997143515e+01	48	10	105	17	2	498	500	0	500	500	500	0	0	30	
2.4495251958e+01	49	10	101	20	2	498	500	0	500	500	500	0	0	30	
2.4998050157e+01	52	9	100	22	3	497	500	0	500	500	500	0	0	30	
2.5499235063e+01	54	8	100	20	1	499	500	0	500	500	500	0	0	30	
2.5992419176e+01	58	6	100	20	6	494	500	0	500	500	500	0	0	30	
2.6493381015e+01	60	6	103	20	1	499	500	0	500	500	500	0	0	30	
2.6999673182e+01	63	4	100	26	1	499	500	0	500	500	500	0	0	30	
2.7499180835e+01	64	4	104	23	2	498	500	0	500	500	500	0	0	30	
2.7993458602e+01	66	2	112	18	1	499	500	0	500	500	500	0	0	30	
2.8487998388e+01	66	4	115	20	1	499	500	0	500	500	500	0	0	30	
2.8999273598e+01	67	4	116	19	1	499	500	0	500	500	500	0	0	30	
2.9491161558e+01	67	4	125	13	3	497	500	0	500	500	500	0	0	30	
2.9996004486e+01	69	5	125	15	3	497	500	0	500	500	500	0	0	30	
3.0496160677e+01	69	6	123	20	6	494	500	0	500	500	500	0	0	30	
3.0991146427e+01	71	4	133	12	1	499	500	0	500	500	500	0	0	30	
3.1499244935e+01	70	6	125	22	2	498	500	0	500	500	500	0	0	30	
3.1995655400e+01	69	7	130	20	5	495	500	0	500	500	500	0	0	30	
3.2499422055e+01	71	9	137	15	1	499	500	0	500	500	500	0	0	30	
3.2995633034e+01	72	10	143	11	3	497	500	0	500	500	500	0	0	30	
3.3490633635e+01	74	9	140	15	5	495	500	0	500	500	500	0	0	30	
3.3980516087e+01	76	9	134	20	2	498	500	0	500	500	500	0	0	30	
3.4497267742e+01	78	10	126	31	3	497	500	0	500	500	500	0	0	30	
3.4999978532e+01	78	9	130	29	4	496	500	0	500	500	500	0	0	30	
3.5494044352e+01	79	10	139	22	9	491	500	0	500	500	500	0	0	30	
3.5983963390e+01	81	9	136	26	6	494	500	0	500	500	500	0	0	30	
3.6499192588e+01	83	8	133	29	3	497	500	0	500	500	500	0	0	30	
3.6999665374e+01	83	9	146	18	2	498	500	0	500	500	500	0	0	30	
3.7487963762e+01	82	10	138	24	3	497	500	0	500	500	500	0	0	30	
3.7998714774e+01	83	10	144	19	5	495	500	0	500	500	500	0	0	30	
3.8495736193e+01	84	9	136	27	4	496	500	0	500	500	500	0	0	30	
3.8997196286e+01	82	13	136	32	5	495	500	0	500	500	500	0	0	30	
3.9496024735e+01	84	11	142	26	6	494	500	0	500	500	500	0	0	30	
3.9998829641e+01	84	11	139	32	7	493	500	0	500	500	500	0	0	30	
4.0495189955e+01	86	9	146	29	5	495	500	0	500	500	500	0	0	30	
4.0998298861e+01	88	7	145	31	6	494	500	0	500	500	500	0	0	30	
4.1486421498e+01	91	6	151	26	5	495	500	0	500	500	500	0	0	30	
4.1992758976e+01	91	6	145	31	5	495	500	0	500	500	500	0	0	30	
4.2489519077e+01	92	6	146	30	2	498	500	0	500	500	500	0	0	30	
4.2954777743e+01	94	4	158	19	5	495	500	0	500	500	500	0	0	30	
4.3487732671e+01	93	7	156	22	5	495	500	0	500	500	500	0	0	30	
4.3991816053e+01	91	10	159	19	3	497	500	0	500	500	500	0	0	30	
4.4497184122e+01	92	10	164	14	3	497	500	0	500	500	500	0	0	30	
4.4987816899e+01	96	9	156	23	5	495	500	0	500	500	500	0	0	30	
4.5479561021e+01	99	7	154	26	4	496	500	0	500	500	500	0	0	30	
4.5999245475e+01	98	8	161	18	6	494	500	0	500	500	500	0	0	30	
4.6498308964e+01	100	7	163	17	5	495	500	0	500	500	500	0	0	30	
4.6999541458e+01	100	6	160	20	1	499	500	0	500	500	500	0	0	30	
4.7499665175e+01	98	8	160	22	6	494	500	0	500	500	500	0	0	30	
4.7981533459e+01	98	10	171	15	2	498	500	0	500	500	500	0	0	30	
4.8496093140e+01	101	8	164	23	1	499	500	0	500	500	500	0	0	30	
4.8999010291e+01	102	8	166	21	2	498	500	0	500	500	500	0	0	30	
4.9499772514e+01	104	6	173	18	2	498	500	0	500	500	500	0	0	30	
4.9994120397e+01	106	5	170	22	2	498	500	0	500	500	500	0	0	30	
5.0492064154e+01	105	6	175	21	4	496	500	0	500	500	500	0	0	30	
5.0994915647e+01	107	5	172	23	5	495	500	0	500	500	500	0	0	30	
5.1498577538e+01	109	4	171	25	1	499	500	0	500	500	500	0	0	30	
5.1999723131e+01	110	3	173	23	2	498	500	0	500	500	500	0	0	30	
5.2480518102e+01	110	3	170	24	1	499	500	0	500	500	500	0	0	30	
5.2988033655e+01	108	4	180	16	0	500	500	0	500	500	500	0	0	30	
5.3497260190e+01	110	4	184	16	0	500	500	0	500	500	500	0	0	30	
5.3977548114e+01	109	6	188	15	2	498	500	0	500	500	500	0	0	30	
5.4497610270e+01	109	8	184	18	5	495	500	0	500	500	500	0	0	30	
5.4997587614e+01	109	11	171	31	5	495	500	0	500	500	500	0	0	30	
5.5495036069e+01	112	8	178	25	1	499	500	0	500	500	500	0	0	30	
5.5988281202e+01	111	10	184	21	2	498	500	0	500	500	500	0	0	30	
5.6488601418e+01	112	9	190	17	3	497	500	0	500	500	500	0	0	30	
5.6995441439e+01	115	6	187	20	3	497	500	0	500	500	500	0	0	30	
5.7499049832e+01	117	5	196	15	1	499	500	0	500	500	500	0	0	30	
5.7997585005e+01	117	6	189	23	1	499	500	0	500	500	500	0	0	30	
5.8491238232e+01	113	9	180	32	3	497	500	0	500	500	500	0	0	30	
5.8979989065e+01	111	12	193	22	4	496	500	0	500	500	500	0	0	30	
5.9497232927e+01	115	11	197	19	6	494	500	0	500	500	500	0	0	30	
5.9997613555e+01	117	10	200	19	7	493	500	0	500	500	500	0	0	30	
6.0498212639e+01	118	10	195	24	5	495	500	0	500	500	500	0	0	30	
6.0981436876e+01	121	8	203	18	5	495	500	0	500	500	500	0	0	30	
6.1497854794e+01	122	7	210	13	4	496	500	0	500	500	500	0	0	30	
6.1988000748e+01	119	11	211	15	3	497	500	0	500	500	500	0	0	30	
6.2495825286e+01	117	13	207	20	10	490	500	0	500	500	500	0	0	30	
6.2988697550e+01	122	10	197	30	4	496	500	0	500	500	500	0	0	30	
6.3494643360e+01	124	9	193	34	2	498	500	0	500	500	500	0	0	30	
6.3999596059e+01	125	8	191	37	3	497	500	0	500	500	500	0	0	30	
6.4485625034e+01	124	9	204	24	3	497	500	0	500	500	500	0	0	30	
6.4996574882e+01	124	9	211	16	8	492	500	0	500	500	500	0	0	30	
6.5496329490e+01	126	9	217	11	1	499	500	0	500	500	500	0	0	30	
6.5988118896e+01	129	6	213	17	2	498	500	0	500	500	500	0	0	30	
6.6497853879e+01	127	9	207	22	5	495	500	0	500	500	500	0	0	30	
6.6996140341e+01	128	9	209	22	7	493	500	0	500	500	500	0	0	30	
6.7466183677e+01	129	9	213	22	4	496	500	0	500	500	500	0	0	30	
6.7997005242e+01	128	11	206	28	6	494	500	0	500	500	500	0	0	30	
6.8494038450e+01	127	12	211	25	5	495	500	0	500	500	500	0	0	30	
6.8993380883e+01	132	7	213	23	3	497	500	0	500	500	500	0	0	30	
6.9472128258e+01	134	5	210	28	1	499	500	0	500	500	500	0	0	30	
6.9999910993e+01	132	7	222	18	4	496	500	0	500	500	500	0	0	30	
7.0495756182e+01	132	8	211	28	1	499	500	0	500	500	500	0	0	30	
7.0952779088e+01	131	10	222	20	2	498	500	0	500	500	500	0	0	30	
7.1499658376e+01	131	10	219	24	3	497	500	0	500	500	500	0	0	30	
7.1981716798e+01	132	9	215	29	2	498	500	0	500	500	500	0	0	30	
7.2491185799e+01	136	5	231	15	1	499	500	0	500	500	500	0	0	30	
7.2995328304e+01	136	5	229	22	2	498	500	0	500	500	500	0	0	30	
7.3498391236e+01	138	5	231	21	5	495	500	0	500	500	500	0	0	30	
7.3998770306e+01	140	3	228	25	0	500	500	0	500	500	500	0	0	30	
7.4497512432e+01	141	3	221	30	0	500	500	0	500	500	500	0	0	30	
7.4993208264e+01	142	3	224	35	0	500	500	0	500	500	500	0	0	30	
7.5489955690e+01	141	5	225	34	0	500	500	0	500	500	500	0	0	30	
7.5996595045e+01	140	7	227	33	5	495	500	0	500	500	500	0	0	30	
7.6499894348e+01	141	6	236	26	4	496	500	0	500	500	500	0	0	30	
7.6999335482e+01	139	10	242	21	0	500	500	0	500	500	500	0	0	30	
7.7498157777e+01	140	10	246	19	4	496	500	0	500	500	500	0	0	30	
7.7990898805e+01	142	9	242	22	5	495	500	0	500	500	500	0	0	30	
7.8487442832e+01	142	8	244	19	2	498	500	0	500	500	500	0	0	30	
7.8998970394e+01	143	8	242	21	5	495	500	0	500	500	500	0	0	30	
7.9492453810e+01	144	7	245	17	4	496	500	0	500	500	500	0	0	30	
7.9991848387e+01	144	7	251	16	3	497	500	0	500	500	500	0	0	30	
8.0487351297e+01	142	10	240	25	4	496	500	0	500	500	500	0	0	30	
8.0997083923e+01	138	15	245	24	6	494	500	0	500	500	500	0	0	30	
8.1482090519e+01	140	14	257	11	6	494	500	0	500	500	500	0	0	30	
8.1990177063e+01	138	17	245	23	6	494	500	0	500	500	500	0	0	30	
8.2480323465e+01	139	18	247	23	7	493	500	0	500	500	500	0	0	30	
8.2995502685e+01	142	14	244	28	8	492	500	0	500	500	500	0	0	30	
8.3497363822e+01	140	16	248	28	10	490	500	0	500	500	500	0	0	30	
8.3996046473e+01	142	16	249	29	5	495	500	0	500	500	500	0	0	30	
8.4493098700e+01	143	17	247	34	9	491	500	0	500	500	500	0	0	30	
8.4998516860e+01	144	17	246	40	11	489	500	0	500	500	500	0	0	30	
8.5497030529e+01	144	17	253	34	7	493	500	0	500	500	500	0	0	30	
8.5991561390e+01	146	15	263	28	10	490	500	0	500	500	500	0	0	30	
8.6498683991e+01	144	19	268	25	11	489	500	0	500	500	500	0	0	30	
8.6997435003e+01	150	13	271	23	10	490	500	0	500	500	500	0	0	30	
8.7493963995e+01	152	11	284	13	5	495	500	0	500	500	500	0	0	30	
8.7984793685e+01	154	9	270	26	3	497	500	0	500	500	500	0	0	30	
8.8496005833e+01	155	10	275	25	5	495	500	0	500	500	500	0	0	30	
8.8997364981e+01	159	7	278	25	1	499	500	0	500	500	500	0	0	30	
8.9491055775e+01	161	6	273	32	4	496	500	0	500	500	500	0	0	30	
8.9999233276e+01	158	7	269	32	4	496	500	0	500	500	500	0	0	30	
9.0496523405e+01	157	8	268	34	3	497	500	0	500	500	500	0	0	30	
9.0994994264e+01	158	9	280	23	5	495	500	0	500	500	500	0	0	30	
9.1499672113e+01	159	10	287	24	4	496	500	0	500	500	500	0	0	30	
9.1990810525e+01	160	12	291	21	4	496	500	0	500	500	500	0	0	30	
9.2491386234e+01	163	11	288	25	1	499	500	0	500	500	500	0	0	30	
9.2993711363e+01	163	13	282	33	3	497	500	0	500	500	500	0	0	30	
9.3498945980e+01	163	13	282	35	7	493	500	0	500	500	500	0	0	30	
9.3991866504e+01	164	13	283	35	4	496	500	0	500	500	500	0	0	30	
9.4499766629e+01	164	13	290	29	3	497	500	0	500	500	500	0	0	30	
9.4996475700e+01	164	14	296	25	8	492	500	0	500	500	500	0	0	30	
9.5495583085e+01	169	9	303	24	0	500	500	0	500	500	500	0	0	30	
9.5983200135e+01	171	8	290	34	4	496	500	0	500	500	500	0	0	30	
9.6497327614e+01	171	8	296	30	2	498	500	0	500	500	500	0	0	30	
9.6980216114e+01	173	7	300	25	6	494	500	0	500	500	500	0	0	30	
9.7496878700e+01	174	8	307	22	3	497	500	0	500	500	500	0	0	30	
9.7998598447e+01	175	8	302	24	3	497	500	0	500	500	500	0	0	30	
9.8495434026e+01	175	8	307	19	4	496	500	0	500	500	500	0	0	30	
9.8993439548e+01	175	8	293	36	5	495	500	0	500	500	500	0	0	30	
9.9496467216e+01	177	7	302	27	3	497	500	0	500	500	500	0	0	30	
9.9978298302e+01	181	4	301	30	1	499	500	0	500	500	500	0	0	30	
1.0049894914e+02	180	5	301	31	3	497	500	0	500	500	500	0	0	30	
1.0098824516e+02	178	8	310	23	1	499	500	0	500	500	500	0	0	30	
1.0149372346e+02	178	8	308	23	5	495	500	0	500	500	500	0	0	30	
1.0199748890e+02	178	9	310	20	8	492	500	0	500	500	500	0	0	30	
1.0248109539e+02	176	12	312	18	10	490	500	0	500	500	500	0	0	30	
1.0297827760e+02	177	12	304	26	3	497	500	0	500	500	500	0	0	30	
1.0349506516e+02	175	14	306	25	7	493	500	0	500	500	500	0	0	30	
1.0399528474e+02	176	14	297	35	6	494	500	0	500	500	500	0	0	30	
1.0449828353e+02	179	12	310	23	2	498	500	0	500	500	500	0	0	30	
1.0499303254e+02	182	11	322	14	8	492	500	0	500	500	500	0	0	30	
1.0549281071e+02	183	10	316	19	4	496	500	0	500	500	500	0	0	30	
1.0599396374e+02	184	10	317	21	6	494	500	0	500	500	500	0	0	30	
1.0649883604e+02	183	11	316	22	2	498	500	0	500	500	500	0	0	30	
1.0699839904e+02	186	9	317	23	2	498	500	0	500	500	500	0	0	30	
1.0749943227e+02	183	12	307	33	2	498	500	0	500	500	500	0	0	30	
1.0799645858e+02	184	11	320	23	5	495	500	0	500	500	500	0	0	30	
1.0849633460e+02	187	10	327	16	3	497	500	0	500	500	500	0	0	30	
1.0899768140e+02	190	9	322	21	4	496	500	0	500	500	500	0	0	30	
1.0948539955e+02	191	9	318	25	2	498	500	0	500	500	500	0	0	30	
1.0998738975e+02	189	10	325	19	9	491	500	0	500	500	500	0	0	30	
1.1049721463e+02	190	10	315	30	3	497	500	0	500	500	500	0	0	30	
1.1099137476e+02	189	13	321	24	3	497	500	0	500	500	500	0	0	30	
1.1149919612e+02	188	15	324	26	1	499	500	0	500	500	500	0	0	30	
1.1199681738e+02	188	17	328	24	9	491	500	0	500	500	500	0	0	30	
1.1249944545e+02	188	18	328	23	15	485	500	0	500	500	500	0	0	30	
1.1299399236e+02	189	17	323	27	13	487	500	0	500	500	500	0	0	30	
1.1349948972e+02	192	14	332	20	9	491	500	0	500	500	500	0	0	30	
1.1398791384e+02	192	16	333	18	10	490	500	0	500	500	500	0	0	30	
1.1449079995e+02	193	17	337	13	11	489	500	0	500	500	500	0	0	30	
1.1498842692e+02	193	17	333	18	12	488	500	0	500	500	500	0	0	30	
1.1549925283e+02	196	15	326	29	9	491	500	0	500	500	500	0	0	30	
1.1597626553e+02	196	16	327	27	9	491	500	0	500	500	500	0	0	30	
1.1649413132e+02	198	14	317	37	10	490	500	0	500	500	500	0	0	30	
1.1699803295e+02	196	18	324	30	8	492	500	0	500	500	500	0	0	30	
1.1749937219e+02	196	19	323	32	10	490	500	0	500	500	500	0	0	30	
1.1798386247e+02	198	17	325	33	8	492	500	0	500	500	500	0	0	30	
1.1849888752e+02	198	18	334	24	9	491	500	0	500	500	500	0	0	30	
1.1899936538e+02	201	17	334	28	8	492	500	0	500	500	500	0	0	30	
1.1949510162e+02	202	16	340	23	8	492	500	0	500	500	500	0	0	30	
1.1999123688e+02	201	17	345	20	6	494	500	0	500	500	500	0	0	30	
1.2049790410e+02	205	13	355	15	8	492	500	0	500	500	500	0	0	30	
1.2099767025e+02	204	14	356	16	9	491	500	0	500	500	500	0	0	30	
1.2149665385e+02	207	12	345	26	4	496	500	0	500	500	500	0	0	30	
1.2199986052e+02	207	12	350	22	3	497	500	0	500	500	500	0	0	30	
1.2249974372e+02	209	11	348	26	3	497	500	0	500	500	500	0	0	30	
1.2299738124e+02	211	9	356	24	3	497	500	0	500	500	500	0	0	30	
1.2349478608e+02	209	11	350	34	4	496	500	0	500	500	500	0	0	30	
1.2399997746e+02	207	15	357	28	10	490	500	0	500	500	500	0	0	30	
1.2449272114e+02	211	11	354	30	3	497	500	0	500	500	500	0	0	30	
1.2499827440e+02	211	12	351	32	5	495	500	0	500	500	500	0	0	30	
1.2549794962e+02	209	14	348	37	9	491	500	0	500	500	500	0	0	30	
1.2599067786e+02	209	15	349	35	4	496	500	0	500	500	500	0	0	30	
1.2649141822e+02	212	14	353	30	5	495	500	0	500	500	500	0	0	30	
1.2699673872e+02	211	17	367	18	9	491	500	0	500	500	500	0	0	30	
1.2749932597e+02	216	12	369	19	6	494	500	0	500	500	500	0	0	30	
1.2798950675e+02	216	15	368	20	6	494	500	0	500	500	500	0	0	30	
1.2849354436e+02	217	15	359	28	16	484	500	0	500	500	500	0	0	30	
1.2898688983e+02	218	14	360	31	2	498	500	0	500	500	500	0	0	30	
1.2949761196e+02	219	14	360	32	5	495	500	0	500	500	500	0	0	30	
1.2998285861e+02	220	13	359	32	7	493	500	0	500	500	500	0	0	30	
1.3049827508e+02	220	15	360	32	10	490	500	0	500	500	500	0	0	30	
1.3099235405e+02	220	15	351	40	9	491	500	0	500	500	500	0	0	30	
1.3149795769e+02	218	17	357	34	6	494	500	0	500	500	500	0	0	30	
1.3199507061e+02	217	18	353	39	7	493	500	0	500	500	500	0	0	30	
1.3249802281e+02	218	19	362	31	6	494	500	0	500	500	500	0	0	30	
1.3299927666e+02	217	22	364	29	8	492	500	0	500	500	500	0	0	30	
1.3349226627e+02	222	20	370	20	8	492	500	0	500	500	500	0	0	30	
1.3398927501e+02	224	18	366	21	12	488	500	0	500	500	500	0	0	30	
1.3449919297e+02	225	15	363	27	5	495	500	0	500	500	500	0	0	30	
1.3499451491e+02	222	17	372	20	6	494	500	0	500	500	500	0	0	30	
1.3549783175e+02	226	13	373	18	4	496	500	0	500	500	500	0	0	30	
1.3599966187e+02	229	10	375	15	5	495	500	0	500	500	500	0	0	30	
1.3649835190e+02	231	10	374	16	3	497	500	0	500	500	500	0	0	30	
1.3699853820e+02	231	11	372	21	5	495	500	0	500	500	500	0	0	30	
1.3749748129e+02	232	12	374	20	4	496	500	0	500	500	500	0	0	30	
1.3798466383e+02	234	10	370	24	3	497	500	0	500	500	500	0	0	30	
1.3847731543e+02	236	10	358	35	9	491	500	0	500	500	500	0	0	30	
1.3898690336e+02	238	8	370	26	3	497	500	0	500	500	500	0	0	30	
1.3949024718e+02	238	10	366	31	5	495	500	0	500	500	500	0	0	30	
1.3999795197e+02	243	6	365	30	0	500	500	0	500	500	500	0	0	30	
1.4049982520e+02	241	10	372	24	6	494	500	0	500	500	500	0	0	30	
1.4099608679e+02	243	10	374	26	6	494	500	0	500	500	500	0	0	30	
1.4149799101e+02	243	13	371	28	10	490	500	0	500	500	500	0	0	30	
1.4199982139e+02	242	15	378	22	1	499	500	0	500	500	500	0	0	30	
1.4249582041e+02	245	12	382	20	10	490	500	0	500	500	500	0	0	30	
1.4298301411e+02	242	15	384	16	12	488	500	0	500	500	500	0	0	30	
1.4349614138e+02	243	16	375	26	8	492	500	0	500	500	500	0	0	30	
1.4398202116e+02	243	18	381	20	6	494	500	0	500	500	500	0	0	30	
1.4449573711e+02	246	15	389	11	10	490	500	0	500	500	500	0	0	30	
1.4499922383e+02	250	11	376	22	8	492	500	0	500	500	500	0	0	30	
1.4549720046e+02	247	14	376	24	6	494	500	0	500	500	500	0	0	30	
1.4599343178e+02	248	12	378	24	4	496	500	0	500	500	500	0	0	30	
1.4649757349e+02	250	10	364	36	3	497	500	0	500	500	500	0	0	30	
1.4699883908e+02	248	13	358	38	5	495	500	0	500	500	500	0	0	30	
1.4749297409e+02	248	14	370	29	5	495	500	0	500	500	500	0	0	30	
1.4799525169e+02	246	15	366	35	5	495	500	0	500	500	500	0	0	30	
1.4849603697e+02	249	14	366	35	10	490	500	0	500	500	500	0	0	30	
1.4899851918e+02	251	14	371	28	6	494	500	0	500	500	500	0	0	30	
1.4949974746e+02	249	16	385	20	8	492	500	0	500	500	500	0	0	30	
1.4999872668e+02	252	13	376	29	5	495	500	0	500	500	500	0	0	30	
1.5048963849e+02	254	12	383	19	6	494	500	0	500	500	500	0	0	30	
1.5099734200e+02	257	12	371	28	4	496	500	0	500	500	500	0	0	30	
1.5149288627e+02	255	13	368	35	4	496	500	0	500	500	500	0	0	30	
1.5199833305e+02	256	11	359	44	5	495	500	0	500	500	500	0	0	30	
1.5249410783e+02	257	10	377	27	5	495	500	0	500	500	500	0	0	30	
1.5299408242e+02	258	10	380	23	2	498	500	0	500	500	500	0	0	30	
1.5349266858e+02	261	11	368	30	4	496	500	0	500	500	500	0	0	30	
1.5399721784e+02	257	15	378	19	3	497	500	0	500	500	500	0	0	30	
1.5449735369e+02	257	18	375	21	8	492	500	0	500	500	500	0	0	30	
1.5499813153e+02	260	17	372	23	5	495	500	0	500	500	500	0	0	30	
1.5549971137e+02	260	16	375	23	7	493	500	0	500	500	500	0	0	30	
1.5598807570e+02	264	13	376	22	9	491	500	0	500	500	500	0	0	30	
1.5649842517e+02	264	12	378	22	2	498	500	0	500	500	500	0	0	30	
1.5699926267e+02	265	11	380	20	12	488	500	0	500	500	500	0	0	30	
1.5748027220e+02	264	13	371	29	6	494	500	0	500	500	500	0	0	30	
1.5799738211e+02	265	12	383	17	9	491	500	0	500	500	500	0	0	30	
1.5849917750e+02	267	11	377	21	4	496	500	0	500	500	500	0	0	30	
1.5899817280e+02	267	11	375	21	6	494	500	0	500	500	500	0	0	30	
1.5948863233e+02	268	10	377	18	3	497	500	0	500	500	500	0	0	30	
1.5999205012e+02	269	11	376	20	4	496	500	0	500	500	500	0	0	30	
1.6048982969e+02	269	12	380	19	1	499	500	0	500	500	500	0	0	30	
1.6098481626e+02	268	14	369	28	2	498	500	0	500	500	500	0	0	30	
1.6149294202e+02	268	14	379	19	3	497	500	0	500	500	500	0	0	30	
1.6199733147e+02	271	13	379	19	8	492	500	0	500	500	500	0	0	30	
1.6248778851e+02	271	13	383	18	11	489	500	0	500	500	500	0	0	30	
1.6298615585e+02	274	12	378	23	6	494	500	0	500	500	500	0	0	30	
1.6348158657e+02	275	11	377	27	7	493	500	0	500	500	500	0	0	30	
1.6399908474e+02	275	12	379	25	7	493	500	0	500	500	500	0	0	30	
1.6449971676e+02	277	10	386	20	2	498	500	0	500	500	500	0	0	30	
1.6499615756e+02	277	11	395	10	2	498	500	0	500	500	500	0	0	30	
1.6549555607e+02	280	8	382	23	2	498	500	0	500	500	500	0	0	30	
1.6599833620e+02	281	7	386	17	6	494	500	0	500	500	500	0	0	30	
1.6649489293e+02	281	9	384	23	6	494	500	0	500	500	500	0	0	30	
1.6697609981e+02	280	11	386	19	8	492	500	0	500	500	500	0	0	30	
1.6747159807e+02	280	13	389	17	10	490	500	0	500	500	500	0	0	30	
1.6799687681e+02	281	15	382	24	8	492	500	0	500	500	500	0	0	30	
1.6849890622e+02	280	21	372	33	9	491	500	0	500	500	500	0	0	30	
1.6899577221e+02	285	18	378	29	11	489	500	0	500	500	500	0	0	30	
1.6949767227e+02	283	21	379	28	7	493	500	0	500	500	500	0	0	30	
1.6999380004e+02	287	18	385	22	7	493	500	0	500	500	500	0	0	30	
1.7049959202e+02	289	16	384	26	17	483	500	0	500	500	500	0	0	30	
1.7099552144e+02	289	16	379	33	10	490	500	0	500	500	500	0	0	30	
1.7149953297e+02	290	16	388	25	11	489	500	0	500	500	500	0	0	30	
1.7199864714e+02	290	16	381	31	4	496	500	0	500	500	500	0	0	30	
1.7248433251e+02	293	14	384	30	7	493	500	0	500	500	500	0	0	30	
1.7297897172e+02	291	17	383	35	12	488	500	0	500	500	500	0	0	30	
1.7349836164e+02	293	15	377	36	4	496	500	0	500	500	500	0	0	30	
1.7399782445e+02	294	18	383	28	3	497	500	0	500	500	500	0	0	30	
1.7448800221e+02	295	18	386	29	8	492	500	0	500	500	500	0	0	30	
1.7499640153e+02	295	19	385	31	4	496	500	0	500	500	500	0	0	30	
1.7549124940e+02	298	17	398	20	7	493	500	0	500	500	500	0	0	30	
1.7596721894e+02	299	16	396	24	1	499	500	0	500	500	500	0	0	30	
1.7649760533e+02	302	14	394	26	5	495	500	0	500	500	500	0	0	30	
1.7699938363e+02	301	16	400	20	9	491	500	0	500	500	500	0	0	30	
1.7749764240e+02	302	14	397	24	10	490	500	0	500	500	500	0	0	30	
1.7798950186e+02	302	14	403	21	10	490	500	0	500	500	500	0	0	30	
1.7849821760e+02	305	11	398	27	3	497	500	0	500	500	500	0	0	30	
1.7899583102e+02	306	13	405	22	9	491	500	0	500	500	500	0	0	30	
1.7948095151e+02	304	15	395	32	12	488	500	0	500	500	500	0	0	30	
1.7998962106e+02	303	17	399	33	7	493	500	0	500	500	500	0	0	30	
1.8049892186e+02	305	15	398	33	7	493	500	0	500	500	500	0	0	30	
1.8099752856e+02	305	16	395	33	6	494	500	0	500	500	500	0	0	30	
1.8149979069e+02	305	19	390	38	8	492	500	0	500	500	500	0	0	30	
1.8199924017e+02	306	18	392	32	8	492	500	0	500	500	500	0	0	30	
1.8249946207e+02	308	16	388	33	11	489	500	0	500	500	500	0	0	30	
1.8299846980e+02	308	18	387	31	10	490	500	0	500	500	500	0	0	30	
1.8348988175e+02	313	14	385	33	4	496	500	0	500	500	500	0	0	30	
1.8399940799e+02	319	11	391	27	4	496	500	0	500	500	500	0	0	30	
1.8447182978e+02	317	13	394	26	3	497	500	0	500	500	500	0	0	30	
1.8499347287e+02	318	12	393	29	8	492	500	0	500	500	500	0	0	30	
1.8549977768e+02	321	10	401	21	8	492	500	0	500	500	500	0	0	30	
1.8598851133e+02	320	9	403	20	5	495	500	0	500	500	500	0	0	30	
1.8649875688e+02	318	10	395	25	7	493	500	0	500	500	500	0	0	30	
1.8698640356e+02	316	12	401	21	8	492	500	0	500	500	500	0	0	30	
1.8749944109e+02	319	11	407	15	4	496	500	0	500	500	500	0	0	30	
1.8799766832e+02	318	12	396	27	9	491	500	0	500	500	500	0	0	30	
1.8849785432e+02	320	9	394	29	9	491	500	0	500	500	500	0	0	30	
1.8899835480e+02	319	11	391	33	8	492	500	0	500	500	500	0	0	30	
1.8949963774e+02	319	11	389	38	6	494	500	0	500	500	500	0	0	30	
1.8999726724e+02	319	14	388	38	5	495	500	0	500	500	500	0	0	30	
1.9048604067e+02	319	14	401	28	4	496	500	0	500	500	500	0	0	30	
1.9099766329e+02	317	15	401	28	9	491	500	0	500	500	500	0	0	30	
1.9149996605e+02	318	15	402	28	10	490	500	0	500	500	500	0	0	30	
1.9199857493e+02	319	15	403	32	11	489	500	0	500	500	500	0	0	30	
1.9249864729e+02	321	14	409	28	11	489	500	0	500	500	500	0	0	30	
1.9299724204e+02	323	12	415	21	8	492	500	0	500	500	500	0	0	30	
1.9349897537e+02	323	13	418	20	10	490	500	0	500	500	500	0	0	30	
1.9399569008e+02	326	10	422	19	6	494	500	0	500	500	500	0	0	30	
1.9448542435e+02	324	12	418	25	7	493	500	0	500	500	500	0	0	30	
1.9499436154e+02	325	11	417	29	4	496	500	0	500	500	500	0	0	30	
1.9549766339e+02	327	8	420	25	1	499	500	0	500	500	500	0	0	30	
1.9597692517e+02	329	6	426	20	3	497	500	0	500	500	500	0	0	30	
1.9649888585e+02	329	8	422	24	4	496	500	0	500	500	500	0	0	30	
1.9699564777e+02	327	10	411	33	0	500	500	0	500	500	500	0	0	30	
1.9749922507e+02	329	8	425	19	1	499	500	0	500	500	500	0	0	30	
1.9798357138e+02	328	9	418	26	5	495	500	0	500	500	500	0	0	30	
1.9847815525e+02	329	7	415	30	4	496	500	0	500	500	500	0	0	30	
1.9897937979e+02	329	6	409	32	5	495	500	0	500	500	500	0	0	30	
1.9949742160e+02	326	11	409	30	6	494	500	0	500	500	500	0	0	30	
1.9999988932e+02	324	13	397	42	7	493	500	0	500	500	500	0	0	30	
2.0048329193e+02	323	14	397	41	6	494	500	0	500	500	500	0	0	30	
2.0098744570e+02	322	14	406	29	7	493	500	0	500	500	500	0	0	30	
2.0149939197e+02	322	14	410	25	4	496	500	0	500	500	500	0	0	30	
2.0199453929e+02	321	20	413	24	6	494	500	0	500	500	500	0	0	30	
2.0249798660e+02	323	18	415	25	8	492	500	0	500	500	500	0	0	30	
2.0298295562e+02	322	20	421	21	10	490	500	0	500	500	500	0	0	30	
2.0349993373e+02	322	21	423	20	8	492	500	0	500	500	500	0	0	30	
2.0397971657e+02	329	15	423	24	6	494	500	0	500	500	500	0	0	30	
2.0449687372e+02	325	20	426	19	14	486	500	0	500	500	500	0	0	30	
2.0499974829e+02	326	21	411	32	10	490	500	0	500	500	500	0	0	30	
2.0549662035e+02	322	27	415	24	12	488	500	0	500	500	500	0	0	30	
2.0598860255e+02	322	28	416	27	11	489	500	0	500	500	500	0	0	30	
2.0649380481e+02	322	27	419	25	9	491	500	0	500	500	500	0	0	30	
2.0699952920e+02	327	24	418	27	16	484	500	0	500	500	500	0	0	30	
2.0749735932e+02	329	23	430	15	17	483	500	0	500	500	500	0	0	30	
2.0799937062e+02	334	19	427	20	10	490	500	0	500	500	500	0	0	30	
2.0849432667e+02	336	18	426	23	13	487	500	0	500	500	500	0	0	30	
2.0899970678e+02	338	16	423	24	13	487	500	0	500	500	500	0	0	30	
2.0949175540e+02	336	19	430	21	10	490	500	0	500	500	500	0	0	30	
2.0999844682e+02	338	20	431	20	15	485	500	0	500	500	500	0	0	30	
2.1047877813e+02	344	14	431	22	12	488	500	0	500	500	500	0	0	30	
2.1099996183e+02	344	16	432	22	5	495	500	0	500	500	500	0	0	30	
2.1149342285e+02	347	15	435	20	3	497	500	0	500	500	500	0	0	30	
2.1198340946e+02	352	11	439	18	3	497	500	0	500	500	500	0	0	30	
2.1249664968e+02	351	12	435	22	5	495	500	0	500	500	500	0	0	30	
2.1299772122e+02	350	13	427	29	12	488	500	0	500	500	500	0	0	30	
2.1349911934e+02	350	13	431	25	6	494	500	0	500	500	500	0	0	30	
2.1399621830e+02	350	14	422	32	10	490	500	0	500	500	500	0	0	30	
2.1449933310e+02	350	15	426	30	10	490	500	0	500	500	500	0	0	30	
2.1497601209e+02	349	16	426	29	12	488	500	0	500	500	500	0	0	30	
2.1549628264e+02	347	20	423	27	8	492	500	0	500	500	500	0	0	30	
2.1599803783e+02	345	24	419	31	5	495	500	0	500	500	500	0	0	30	
2.1648566822e+02	349	20	425	26	10	490	500	0	500	500	500	0	0	30	
2.1699561850e+02	355	14	424	30	4	496	500	0	500	500	500	0	0	30	
2.1749382191e+02	354	16	421	33	10	490	500	0	500	500	500	0	0	30	
2.1799936289e+02	353	17	423	30	5	495	500	0	500	500	500	0	0	30	
2.1849986323e+02	350	19	417	36	7	493	500	0	500	500	500	0	0	30	
2.1899105994e+02	356	14	433	24	7	493	500	0	500	500	500	0	0	30	
2.1949974992e+02	358	12	431	29	1	499	500	0	500	500	500	0	0	30	
2.1999884167e+02	357	14	429	30	8	492	500	0	500	500	500	0	0	30	
2.2049971069e+02	358	14	438	23	5	495	500	0	500	500	500	0	0	30	
2.2099771871e+02	357	15	435	24	10	490	500	0	500	500	500	0	0	30	
2.2149816312e+02	355	16	441	19	14	486	500	0	500	500	500	0	0	30	
2.2199768347e+02	356	18	434	24	13	487	500	0	500	500	500	0	0	30	
2.2247848915e+02	356	19	430	26	9	491	500	0	500	500	500	0	0	30	
2.2299355835e+02	352	21	430	26	9	491	500	0	500	500	500	0	0	30	
2.2349547425e+02	359	14	422	34	6	494	500	0	500	500	500	0	0	30	
2.2399017574e+02	360	14	422	32	7	493	500	0	500	500	500	0	0	30	
2.2449216112e+02	362	12	429	27	5	495	500	0	500	500	500	0	0	30	
2.2499730440e+02	361	14	431	23	8	492	500	0	500	500	500	0	0	30	
2.2549783820e+02	360	15	429	27	6	494	500	0	500	500	500	0	0	30	
2.2599789030e+02	359	16	438	19	13	487	500	0	500	500	500	0	0	30	
2.2649694141e+02	359	15	438	20	9	491	500	0	500	500	500	0	0	30	
2.2699250989e+02	361	13	434	26	7	493	500	0	500	500	500	0	0	30	
2.2749951620e+02	362	14	428	32	13	487	500	0	500	500	500	0	0	30	
2.2799838424e+02	362	16	424	39	6	494	500	0	500	500	500	0	0	30	
2.2849692190e+02	365	13	434	29	9	491	500	0	500	500	500	0	0	30	
2.2898265807e+02	363	15	426	34	6	494	500	0	500	500	500	0	0	30	
2.2949587529e+02	364	15	432	26	11	489	500	0	500	500	500	0	0	30	
2.2995933623e+02	367	12	428	28	7	493	500	0	500	500	500	0	0	30	
2.3048590128e+02	366	12	429	26	5	495	500	0	500	500	500	0	0	30	
2.3099724055e+02	366	13	421	34	8	492	500	0	500	500	500	0	0	30	
2.3149740166e+02	366	14	432	22	5	495	500	0	500	500	500	0	0	30	
2.3199953391e+02	368	14	430	28	4	496	500	0	500	500	500	0	0	30	
2.3249583852e+02	370	14	427	33	9	491	500	0	500	500	500	0	0	30	
2.3299962231e+02	371	13	424	36	5	495	500	0	500	500	500	0	0	30	
2.3349888716e+02	368	16	434	23	8	492	500	0	500	500	500	0	0	30	
2.3399779682e+02	369	15	426	29	12	488	500	0	500	500	500	0	0	30	
2.3449913017e+02	368	16	423	32	14	486	500	0	500	500	500	0	0	30	
2.3498720427e+02	369	17	427	30	10	490	500	0	500	500	500	0	0	30	
2.3549097877e+02	370	15	430	30	8	492	500	0	500	500	500	0	0	30	
2.3599386230e+02	371	14	424	37	3	497	500	0	500	500	500	0	0	30	
2.3649806546e+02	367	16	432	28	9	491	500	0	500	500	500	0	0	30	
2.3699902049e+02	365	17	423	35	4	496	500	0	500	500	500	0	0	30	
2.3749928365e+02	367	15	430	29	2	498	500	0	500	500	500	0	0	30	
2.3799910767e+02	368	14	436	21	8	492	500	0	500	500	500	0	0	30	
2.3847896644e+02	368	14	430	27	4	496	500	0	500	500	500	0	0	30	
2.3899828855e+02	369	13	425	29	4	496	500	0	500	500	500	0	0	30	
2.3949882845e+02	370	12	426	27	4	496	500	0	500	500	500	0	0	30	
2.3999672415e+02	374	8	426	28	4	496	500	0	500	500	500	0	0	30	
2.4049898673e+02	375	7	423	28	10	490	500	0	500	500	500	0	0	30	
2.4099285820e+02	374	10	420	31	7	493	500	0	500	500	500	0	0	30	
2.4149841519e+02	370	14	419	33	6	494	500	0	500	500	500	0	0	30	
2.4199795668e+02	373	12	423	26	10	490	500	0	500	500	500	0	0	30	
2.4248498100e+02	369	18	428	21	7	493	500	0	500	500	500	0	0	30	
2.4299264651e+02	371	16	425	24	4	496	500	0	500	500	500	0	0	30	
2.4349550771e+02	377	12	425	24	1	499	500	0	500	500	500	0	0	30	
2.4399730726e+02	379	11	422	29	7	493	500	0	500	500	500	0	0	30	
2.4449553098e+02	380	11	413	34	6	494	500	0	500	500	500	0	0	30	
2.4499900102e+02	376	16	409	40	8	492	500	0	500	500	500	0	0	30	
2.4548891733e+02	376	18	420	31	5	495	500	0	500	500	500	0	0	30	
2.4599848778e+02	375	19	423	30	11	489	500	0	500	500	500	0	0	30	
2.4648805481e+02	379	16	431	23	13	487	500	0	500	500	500	0	0	30	
2.4699903050e+02	379	16	433	19	10	490	500	0	500	500	500	0	0	30	
2.4749424511e+02	380	17	428	25	9	491	500	0	500	500	500	0	0	30	
2.4799671171e+02	377	20	424	32	10	490	500	0	500	500	500	0	0	30	
2.4849861983e+02	376	21	426	33	11	489	500	0	500	500	500	0	0	30	
2.4899272847e+02	380	18	425	32	8	492	500	0	500	500	500	0	0	30	
2.4949839449e+02	378	20	423	36	10	490	500	0	500	500	500	0	0	30	
2.4999789332e+02	378	24	436	26	12	488	500	0	500	500	500	0	0	30	
2.5049972611e+02	381	24	439	22	14	486	500	0	500	500	500	0	0	30	
2.5099938021e+02	381	24	432	29	15	485	500	0	500	500	500	0	0	30	
2.5149507681e+02	382	24	434	27	10	490	500	0	500	500	500	0	0	30	
2.5199739271e+02	385	23	433	29	10	490	500	0	500	500	500	0	0	30	
2.5249443349e+02	383	25	430	33	13	487	500	0	500	500	500	0	0	30	
2.5299879701e+02	386	23	432	32	11	489	500	0	500	500	500	0	0	30	
2.5349984108e+02	382	28	416	47	15	485	500	0	500	500	500	0	0	30	
2.5399682583e+02	382	31	431	32	14	486	500	0	500	500	500	0	0	30	
2.5449349574e+02	391	23	435	30	19	481	500	0	500	500	500	0	0	30	
2.5499922760e+02	396	18	446	24	16	484	500	0	500	500	500	0	0	30	
2.5549930933e+02	401	14	458	14	8	492	500	0	500	500	500	0	0	30	
2.5599401161e+02	404	11	448	22	6	494	500	0	500	500	500	0	0	30	
2.5649411684e+02	402	14	446	24	2	498	500	0	500	500	500	0	0	30	
2.5698587098e+02	404	15	455	16	3	497	500	0	500	500	500	0	0	30	
2.5749980935e+02	406	13	446	23	2	498	500	0	500	500	500	0	0	30	
2.5799769559e+02	406	14	451	19	2	498	500	0	500	500	500	0	0	30	
2.5848004894e+02	407	14	445	25	4	496	500	0	500	500	500	0	0	30	
2.5899693644e+02	409	12	442	28	4	496	500	0	500	500	500	0	0	30	
2.5949822527e+02	410	12	450	23	10	490	500	0	500	500	500	0	0	30	
2.5999209863e+02	413	12	446	26	5	495	500	0	500	500	500	0	0	30	
2.6048468929e+02	415	11	444	28	4	496	500	0	500	500	500	0	0	30	
2.6099898201e+02	416	11	448	21	3	497	500	0	500	500	500	0	0	30	
2.6149946418e+02	419	8	449	20	9	491	500	0	500	500	500	0	0	30	
2.6199098155e+02	416	13	448	23	10	490	500	0	500	500	500	0	0	30	
2.6249990286e+02	417	12	464	11	18	482	500	0	500	500	500	0	0	30	
2.6299522040e+02	419	11	457	19	8	492	500	0	500	500	500	0	0	30	
2.6349986178e+02	417	13	454	23	8	492	500	0	500	500	500	0	0	30	
2.6399963228e+02	420	11	452	26	12	488	500	0	500	500	500	0	0	30	
2.6449594506e+02	420	12	453	22	7	493	500	0	500	500	500	0	0	30	
2.6499641552e+02	422	10	428	43	6	494	500	0	500	500	500	0	0	30	
2.6549731686e+02	423	10	444	30	4	496	500	0	500	500	500	0	0	30	
2.6599708039e+02	422	10	447	25	11	489	500	0	500	500	500	0	0	30	
2.6649362045e+02	422	11	451	26	9	491	500	0	500	500	500	0	0	30	
2.6699583266e+02	421	14	451	24	6	494	500	0	500	500	500	0	0	30	
2.6749992389e+02	424	11	438	36	6	494	500	0	500	500	500	0	0	30	
2.6799345379e+02	424	13	446	30	3	497	500	0	500	500	500	0	0	30	
2.6849870398e+02	418	21	440	36	13	487	500	0	500	500	500	0	0	30	
2.6899598489e+02	417	23	451	29	6	494	500	0	500	500	500	0	0	30	
2.6949879056e+02	419	23	453	28	6	494	500	0	500	500	500	0	0	30	
2.6999599938e+02	423	20	449	32	11	489	500	0	500	500	500	0	0	30	
2.7049927103e+02	427	19	458	25	9	491	500	0	500	500	500	0	0	30	
2.7099488981e+02	428	19	461	24	9	491	500	0	500	500	500	0	0	30	
2.7149999772e+02	431	17	453	31	5	495	500	0	500	500	500	0	0	30	
2.7199533220e+02	434	16	457	26	9	491	500	0	500	500	500	0	0	30	
2.7249994818e+02	430	21	455	27	11	489	500	0	500	500	500	0	0	30	
2.7299224691e+02	430	22	459	21	12	488	500	0	500	500	500	0	0	30	
2.7349770822e+02	429	24	460	18	13	487	500	0	500	500	500	0	0	30	
2.7399415251e+02	429	23	456	20	16	484	500	0	500	500	500	0	0	30	
2.7449923899e+02	427	25	449	27	9	491	500	0	500	500	500	0	0	30	
2.7499872335e+02	432	22	438	35	3	497	500	0	500	500	500	0	0	30	
2.7549931368e+02	433	21	442	31	18	482	500	0	500	500	500	0	0	30	
2.7599731160e+02	432	23	437	36	10	490	500	0	500	500	500	0	0	30	
2.7649708964e+02	434	26	436	38	7	493	500	0	500	500	500	0	0	30	
2.7699771954e+02	440	21	450	25	10	490	500	0	500	500	500	0	0	30	
2.7749718642e+02	443	18	444	29	5	495	500	0	500	500	500	0	0	30	
2.7799980178e+02	446	15	447	22	7	493	500	0	500	500	500	0	0	30	
2.7849607674e+02	447	15	443	26	5	495	500	0	500	500	500	0	0	30	
2.7899981911e+02	452	13	442	27	9	491	500	0	500	500	500	0	0	30	
2.7949969285e+02	449	17	436	32	3	497	500	0	500	500	500	0	0	30	
2.7999646961e+02	449	17	436	32	14	486	500	0	500	500	500	0	0	30	
2.8049860142e+02	452	16	448	20	11	489	500	0	500	500	500	0	0	30	
2.8098795146e+02	451	18	450	18	18	482	500	0	500	500	500	0	0	30	
2.8149237968e+02	453	17	452	16	8	492	500	0	500	500	500	0	0	30	
2.8199915074e+02	454	14	446	22	13	487	500	0	500	500	500	0	0	30	
2.8249089374e+02	455	14	451	18	9	491	500	0	500	500	500	0	0	30	
2.8299459947e+02	454	16	455	17	8	492	500	0	500	500	500	0	0	30	
2.8349555580e+02	456	14	444	29	10	490	500	0	500	500	500	0	0	30	
2.8399894295e+02	456	16	452	22	6	494	500	0	500	500	500	0	0	30	
2.8449168070e+02	456	18	457	21	3	497	500	0	500	500	500	0	0	30	
2.8499336414e+02	459	15	459	18	10	490	500	0	500	500	500	0	0	30	
2.8549940911e+02	459	16	443	32	1	499	500	0	500	500	500	0	0	30	
2.8599604364e+02	462	14	458	15	12	488	500	0	500	500	500	0	0	30	
2.8646513957e+02	461	15	451	26	6	494	500	0	500	500	500	0	0	30	
2.8699253604e+02	456	18	455	23	8	492	500	0	500	500	500	0	0	30	
2.8749882061e+02	455	19	454	24	6	494	500	0	500	500	500	0	0	30	
2.8799507222e+02	454	21	457	21	9	491	500	0	500	500	500	0	0	30	
2.8849979668e+02	458	17	445	34	17	483	500	0	500	500	500	0	0	30	
2.8899458359e+02	452	24	455	26	11	489	500	0	500	500	500	0	0	30	
2.8949474858e+02	455	22	453	27	6	494	500	0	500	500	500	0	0	30	
2.8999277457e+02	459	17	447	32	9	491	500	0	500	500	500	0	0	30	
2.9049600286e+02	459	18	450	31	9	491	500	0	500	500	500	0	0	30	
2.9099437486e+02	460	17	459	25	8	492	500	0	500	500	500	0	0	30	
2.9149811006e+02	464	15	462	19	15	485	500	0	500	500	500	0	0	30	
2.9199680490e+02	466	13	462	18	8	492	500	0	500	500	500	0	0	30	
2.9249991577e+02	465	14	446	29	11	489	500	0	500	500	500	0	0	30	
2.9299987147e+02	463	16	447	27	7	493	500	0	500	500	500	0	0	30	
2.9348642720e+02	464	17	455	20	9	491	500	0	500	500	500	0	0	30	
2.9399044098e+02	464	16	445	27	11	489	500	0	500	500	500	0	0	30	
2.9449282598e+02	462	19	445	27	12	488	500	0	500	500	500	0	0	30	
2.9499774478e+02	465	16	444	27	6	494	500	0	500	500	500	0	0	30	
2.9549485375e+02	467	13	448	23	5	495	500	0	500	500	500	0	0	30	
2.9599957331e+02	471	9	447	26	7	493	500	0	500	500	500	0	0	30	
2.9649235195e+02	471	9	443	31	7	493	500	0	500	500	500	0	0	30	
2.9699592397e+02	466	17	454	21	7	493	500	0	500	500	500	0	0	30	
2.9749882404e+02	466	16	453	21	8	492	500	0	500	500	500	0	0	30	
2.9799736439e+02	466	16	446	31	8	492	500	0	500	500	500	0	0	30	
2.9849671102e+02	468	16	451	25	8	492	500	0	500	500	500	0	0	30	
2.9899449814e+02	471	11	448	28	7	493	500	0	500	500	500	0	0	30	
2.9949666895e+02	468	13	446	29	9	491	500	0	500	500	500	0	0	30	
2.9999818974e+02	467	14	448	26	8	492	500	0	500	500	500	0	0	30	
3.0049905641e+02	465	18	450	25	6	494	500	0	500	500	500	0	0	30	
3.0098800450e+02	470	15	444	32	8	492	500	0	500	500	500	0	0	30	
3.0149224938e+02	466	18	442	32	10	490	500	0	500	500	500	0	0	30	
3.0199481663e+02	464	19	451	23	11	489	500	0	500	500	500	0	0	30	
3.0249638084e+02	463	21	453	22	6	494	500	0	500	500	500	0	0	30	
3.0298865672e+02	468	17	453	22	12	488	500	0	500	500	500	0	0	30	
3.0349672539e+02	469	15	459	16	6	494	500	0	500	500	500	0	0	30	
3.0399141377e+02	468	16	443	33	10	490	500	0	500	500	500	0	0	30	
3.0449952492e+02	470	16	446	30	6	494	500	0	500	500	500	0	0	30	
3.0499277822e+02	466	20	441	35	6	494	500	0	500	500	500	0	0	30	
3.0549868965e+02	465	22	444	33	11	489	500	0	500	500	500	0	0	30	
3.0599538834e+02	465	23	447	28	11	489	500	0	500	500	500	0	0	30	
3.0649897211e+02	464	24	435	38	10	490	500	0	500	500	500	0	0	30	
3.0699983599e+02	467	23	433	40	12	488	500	0	500	500	500	0	0	30	
3.0749776233e+02	470	20	429	45	14	486	500	0	500	500	500	0	0	30	
3.0799251393e+02	470	23	433	42	17	483	500	0	500	500	500	0	0	30	
3.0849134286e+02	473	18	449	27	13	487	500	0	500	500	500	0	0	30	
3.0899886285e+02	474	18	457	20	10	490	500	0	500	500	500	0	0	30	
3.0949950345e+02	472	22	460	17	10	490	500	0	500	500	500	0	0	30	
3.0999613447e+02	472	23	462	16	17	483	500	0	500	500	500	0	0	30	
3.1049972627e+02	476	18	463	16	10	490	500	0	500	500	500	0	0	30	
3.1099604484e+02	477	17	458	20	18	482	500	0	500	500	500	0	0	30	
3.1149400047e+02	480	14	456	22	12	488	500	0	500	500	500	0	0	30	
3.1199894225e+02	482	12	456	25	2	498	500	0	500	500	500	0	0	30	
3.1249621978e+02	484	10	453	26	7	493	500	0	500	500	500	0	0	30	
3.1299935151e+02	484	10	459	20	4	496	500	0	500	500	500	0	0	30	
3.1349830052e+02	484	11	458	21	9	491	500	0	500	500	500	0	0	30	
3.1399806812e+02	485	12	453	25	10	490	500	0	500	500	500	0	0	30	
3.1449375088e+02	485	12	452	24	16	484	500	0	500	500	500	0	0	30	
3.1499608219e+02	481	18	450	29	9	491	500	0	500	500	500	0	0	30	
3.1549890594e+02	480	21	442	38	8	492	500	0	500	500	500	0	0	30	
3.1599298921e+02	479	22	439	39	4	496	500	0	500	500	500	0	0	30	
3.1649602804e+02	476	26	440	36	15	485	500	0	500	500	500	0	0	30	
3.1699510013e+02	478	24	448	27	24	476	500	0	500	500	500	0	0	30	
3.1749949313e+02	474	28	442	30	16	484	500	0	500	500	500	0	0	30	
3.1799567281e+02	478	25	439	30	20	480	500	0	500	500	500	0	0	30	
3.1849855125e+02	476	27	443	24	17	483	500	0	500	500	500	0	0	30	
3.1899217813e+02	480	25	440	24	11	489	500	0	500	500	500	0	0	30	
3.1949935309e+02	486	19	445	19	7	493	500	0	500	500	500	0	0	30	
3.1999892629e+02	487	16	446	19	9	491	500	0	500	500	500	0	0	30	
3.2049416807e+02	486	19	442	21	12	488	500	0	500	500	500	0	0	30	
3.2098097250e+02	485	20	442	24	8	492	500	0	500	500	500	0	0	30	
3.2149130436e+02	485	21	439	26	8	492	500	0	500	500	500	0	0	30	
3.2198825898e+02	483	24	422	38	12	488	500	0	500	500	500	0	0	30	
3.2249922341e+02	482	27	430	30	14	486	500	0	500	500	500	0	0	30	
3.2299805961e+02	484	25	432	29	10	490	500	0	500	500	500	0	0	30	
3.2349823111e+02	487	20	442	23	14	486	500	0	500	500	500	0	0	30	
3.2399760211e+02	491	18	436	27	14	486	500	0	500	500	500	0	0	30	
3.2449862957e+02	495	15	442	20	8	492	500	0	500	500	500	0	0	30	
3.2499841182e+02	494	15	426	36	11	489	500	0	500	500	500	0	0	30	
3.2549694247e+02	495	14	420	41	14	486	500	0	500	500	500	0	0	30	
3.2599798214e+02	495	16	432	29	9	491	500	0	500	500	500	0	0	30	
3.2649972454e+02	496	14	421	38	7	493	500	0	500	500	500	0	0	30	
3.2699658348e+02	492	18	425	36	6	494	500	0	500	500	500	0	0	30	
3.2749554495e+02	497	13	436	30	7	493	500	0	500	500	500	0	0	30	
3.2799791924e+02	498	13	439	26	5	495	500	0	500	500	500	0	0	30	
3.2849841126e+02	497	14	439	28	3	497	500	0	500	500	500	0	0	30	
3.2899872360e+02	499	12	437	31	3	497	500	0	500	500	500	0	0	30	
3.2949866278e+02	495	17	439	28	7	493	500	0	500	500	500	0	0	30	
3.2999865254e+02	496	17	443	25	8	492	500	0	500	500	500	0	0	30	
3.3049852741e+02	495	19	450	21	11	489	500	0	500	500	500	0	0	30	
3.3098953351e+02	496	20	454	19	9	491	500	0	500	500	500	0	0	30	
3.3149454476e+02	497	19	449	24	8	492	500	0	500	500	500	0	0	30	
3.3198657160e+02	499	20	444	31	17	483	500	0	500	500	500	0	0	30	
3.3249526315e+02	501	18	450	19	14	486	500	0	500	500	500	0	0	30	
3.3299132833e+02	500	19	446	26	14	486	500	0	500	500	500	0	0	30	
3.3349972715e+02	502	17	446	22	9	491	500	0	500	500	500	0	0	30	
3.3399970561e+02	505	16	441	28	7	493	500	0	500	500	500	0	0	30	
3.3449965343e+02	505	18	433	35	12	488	500	0	500	500	500	0	0	30	
3.3499511420e+02	503	22	438	28	15	485	500	0	500	500	500	0	0	30	
3.3549720665e+02	505	22	433	31	16	484	500	0	500	500	500	0	0	30	
3.3599691499e+02	507	23	421	41	10	490	500	0	500	500	500	0	0	30	
3.3649687374e+02	509	21	422	39	11	489	500	0	500	500	500	0	0	30	
3.3699647104e+02	512	20	424	36	11	489	500	0	500	500	500	0	0	30	
3.3749554997e+02	510	23	433	26	11	489	500	0	500	500	500	0	0	30	
3.3799913148e+02	513	20	427	31	8	492	500	0	500	500	500	0	0	30	
3.3849896677e+02	514	21	425	33	8	492	500	0	500	500	500	0	0	30	
3.3898907826e+02	515	19	430	25	5	495	500	0	500	500	500	0	0	30	
3.3949117180e+02	518	17	429	28	12	488	500	0	500	500	500	0	0	30	
3.3998904648e+02	517	18	431	24	7	493	500	0	500	500	500	0	0	30	
3.4048945724e+02	516	19	427	30	5	495	500	0	500	500	500	0	0	30	
3.4099843268e+02	515	19	432	25	13	487	500	0	500	500	500	0	0	30	
3.4149086660e+02	518	16	429	25	4	496	500	0	500	500	500	0	0	30	
3.4199327546e+02	517	17	424	30	5	495	500	0	500	500	500	0	0	30	
3.4248742951e+02	517	16	432	27	7	493	500	0	500	500	500	0	0	30	
3.4299662206e+02	517	15	429	29	9	491	500	0	500	500	500	0	0	30	
3.4349914779e+02	520	11	422	34	12	488	500	0	500	500	500	0	0	30	
3.4398561526e+02	517	15	429	30	11	489	500	0	500	500	500	0	0	30	
3.4448270575e+02	516	17	437	22	4	496	500	0	500	500	500	0	0	30	
3.4499932601e+02	518	15	428	32	7	493	500	0	500	500	500	0	0	30	
3.4549456674e+02	518	14	428	31	9	491	500	0	500	500	500	0	0	30	
3.4598551959e+02	516	15	433	23	12	488	500	0	500	500	500	0	0	30	
3.4647230678e+02	521	11	440	14	1	499	500	0	500	500	500	0	0	30	
3.4699844271e+02	521	12	428	25	9	491	500	0	500	500	500	0	0	30	
3.4749069794e+02	520	14	426	23	4	496	500	0	500	500	500	0	0	30	
3.4799914421e+02	519	15	437	14	14	486	500	0	500	500	500	0	0	30	
3.4849780879e+02	516	18	427	26	21	479	500	0	500	500	500	0	0	30	
3.4898208442e+02	522	11	432	20	4	496	500	0	500	500	500	0	0	30	
3.4949942358e+02	520	15	432	20	11	489	500	0	500	500	500	0	0	30	
3.4999856630e+02	519	19	431	23	14	486	500	0	500	500	500	0	0	30	
3.5049519980e+02	519	21	439	18	6	494	500	0	500	500	500	0	0	30	
3.5099464755e+02	516	24	431	25	11	489	500	0	500	500	500	0	0	30	
3.5149731055e+02	519	20	420	34	11	489	500	0	500	500	500	0	0	30	
3.5199837527e+02	521	19	422	31	13	487	500	0	500	500	500	0	0	30	
3.5249983596e+02	520	20	424	29	12	488	500	0	500	500	500	0	0	30	
3.5298465850e+02	524	17	419	33	11	489	500	0	500	500	500	0	0	30	
3.5349785810e+02	523	18	419	37	16	484	500	0	500	500	500	0	0	30	
3.5399889513e+02	522	18	441	16	16	484	500	0	500	500	500	0	0	30	
3.5449993012e+02	523	17	442	20	10	490	500	0	500	500	500	0	0	30	
3.5499882585e+02	522	18	442	18	8	492	500	0	500	500	500	0	0	30	
3.5549952796e+02	525	16	441	18	12	488	500	0	500	500	500	0	0	30	
3.5599958516e+02	526	17	430	31	22	478	500	0	500	500	500	0	0	30	
3.5648828709e+02	524	19	431	29	14	486	500	0	500	500	500	0	0	30	
3.5699591012e+02	525	20	433	27	16	484	500	0	500	500	500	0	0	30	
3.5749860390e+02	526	19	438	23	18	482	500	0	500	500	500	0	0	30	
3.5799990422e+02	530	17	433	27	13	487	500	0	500	500	500	0	0	30	
3.5849612135e+02	529	18	425	36	9	491	500	0	500	500	500	0	0	30	
3.5899563619e+02	527	20	432	32	9	491	500	0	500	500	500	0	0	30	
3.5949163703e+02	523	24	441	24	9	491	500	0	500	500	500	0	0	30	
3.5998964812e+02	524	20	435	29	19	481	500	0	500	500	500	0	0	30	
3.6049394549e+02	523	21	437	28	12	488	500	0	500	500	500	0	0	30	
3.6099706985e+02	527	16	436	25	9	491	500	0	500	500	500	0	0	30	
3.6149132541e+02	528	15	427	34	6	494	500	0	500	500	500	0	0	30	
3.6199925672e+02	525	17	430	29	9	491	500	0	500	500	500	0	0	30	
3.6249748177e+02	526	18	425	31	8	492	500	0	500	500	500	0	0	30	
3.6299880362e+02	524	22	427	31	9	491	500	0	500	500	500	0	0	30	
3.6349650724e+02	532	16	430	28	14	486	500	0	500	500	500	0	0	30	
3.6398914645e+02	531	17	430	27	11	489	500	0	500	500	500	0	0	30	
3.6449848988e+02	532	17	430	25	9	491	500	0	500	500	500	0	0	30	
3.6499931639e+02	529	19	428	25	9	491	500	0	500	500	500	0	0	30	
3.6548897919e+02	531	20	415	37	8	492	500	0	500	500	500	0	0	30	
3.6599500526e+02	533	18	419	33	8	492	500	0	500	500	500	0	0	30	
3.6649806249e+02	533	19	426	29	14	486	500	0	500	500	500	0	0	30	
3.6699270843e+02	528	25	426	28	15	485	500	0	500	500	500	0	0	30	
3.6749835025e+02	530	23	424	30	14	486	500	0	500	500	500	0	0	30	
3.6799107753e+02	533	21	423	28	13	487	500	0	500	500	500	0	0	30	
3.6849540356e+02	531	24	423	26	17	483	500	0	500	500	500	0	0	30	
3.6899591724e+02	530	26	427	22	18	482	500	0	500	500	500	0	0	30	
3.6949753571e+02	535	23	423	25	11	489	500	0	500	500	500	0	0	30	
3.6999736063e+02	536	24	417	32	12	488	500	0	500	500	500	0	0	30	
3.7049741937e+02	537	22	417	34	11	489	500	0	500	500	500	0	0	30	
3.7099704493e+02	539	20	424	27	9	491	500	0	500	500	500	0	0	30	
3.7149448536e+02	537	23	421	27	11	489	500	0	500	500	500	0	0	30	
3.7199621113e+02	540	23	413	35	24	476	500	0	500	500	500	0	0	30	
3.7249899135e+02	539	27	413	37	30	470	500	0	500	500	500	0	0	30	
3.7299993930e+02	537	31	417	34	28	472	500	0	500	500	500	0	0	30	
3.7349991159e+02	536	33	417	34	18	482	500	0	500	500	500	0	0	30	
3.7399867731e+02	538	30	417	35	13	487	500	0	500	500	500	0	0	30	
3.7449693481e+02	542	26	423	30	16	484	500	0	500	500	500	0	0	30	
3.7499840795e+02	541	27	428	23	21	479	500	0	500	500	500	0	0	30	
3.7549729245e+02	543	26	421	29	13	487	500	0	500	500	500	0	0	30	
3.7599282434e+02	543	25	426	24	15	485	500	0	500	500	500	0	0	30	
3.7649591869e+02	541	28	423	27	17	483	500	0	500	500	500	0	0	30	
3.7699815422e+02	545	25	420	30	12	488	500	0	500	500	500	0	0	30	
3.7749659786e+02	547	25	429	23	13	487	500	0	500	500	500	0	0	30	
3.7799527937e+02	546	27	419	31	16	484	500	0	500	500	500	0	0	30	
3.7849735191e+02	543	31	410	38	20	480	500	0	500	500	500	0	0	30	
3.7899794889e+02	545	29	416	31	10	490	500	0	500	500	500	0	0	30	
3.7949763702e+02	548	26	415	34	6	494	500	0	500	500	500	0	0	30	
3.7999817485e+02	551	22	423	26	10	490	500	0	500	500	500	0	0	30	
3.8049476383e+02	553	19	422	28	15	485	500	0	500	500	500	0	0	30	
3.8099648419e+02	551	22	413	33	6	494	500	0	500	500	500	0	0	30	
3.8149968120e+02	554	20	431	17	10	490	500	0	500	500	500	0	0	30	
3.8199873085e+02	559	15	424	23	13	487	500	0	500	500	500	0	0	30	
3.8249011854e+02	560	15	422	24	7	493	500	0	500	500	500	0	0	30	
3.8299541428e+02	560	16	424	23	11	489	500	0	500	500	500	0	0	30	
3.8349242070e+02	561	15	424	25	16	484	500	0	500	500	500	0	0	30	
3.8399624096e+02	564	12	420	27	13	487	500	0	500	500	500	0	0	30	
3.8449834759e+02	565	11	406	41	5	495	500	0	500	500	500	0	0	30	
3.8499151883e+02	565	10	404	45	4	496	500	0	500	500	500	0	0	30	
3.8548884084e+02	563	12	403	47	4	496	500	0	500	500	500	0	0	30	
3.8599820625e+02	562	14	413	35	7	493	500	0	500	500	500	0	0	30	
3.8649816745e+02	560	14	412	36	8	492	500	0	500	500	500	0	0	30	
3.8699981479e+02	559	15	407	38	11	489	500	0	500	500	500	0	0	30	
3.8749486727e+02	553	22	410	37	16	484	500	0	500	500	500	0	0	30	
3.8799818941e+02	552	24	405	39	21	479	500	0	500	500	500	0	0	30	
3.8849808092e+02	556	21	415	31	12	488	500	0	500	500	500	0	0	30	
3.8899257884e+02	559	21	419	27	5	495	500	0	500	500	500	0	0	30	
3.8949870307e+02	561	19	418	27	10	490	500	0	500	500	500	0	0	30	
3.8999845167e+02	560	22	423	25	12	488	500	0	500	500	500	0	0	30	
3.9049504920e+02	562	22	432	18	10	490	500	0	500	500	500	0	0	30	
3.9099987534e+02	565	20	422	26	17	483	500	0	500	500	500	0	0	30	
3.9149912921e+02	567	20	425	24	16	484	500	0	500	500	500	0	0	30	
3.9199868582e+02	568	21	420	29	13	487	500	0	500	500	500	0	0	30	
3.9249009571e+02	565	23	418	35	13	487	500	0	500	500	500	0	0	30	
3.9299704949e+02	562	24	432	20	13	487	500	0	500	500	500	0	0	30	
3.9349669652e+02	567	21	436	16	16	484	500	0	500	500	500	0	0	30	
3.9399557452e+02	567	21	432	21	15	485	500	0	500	500	500	0	0	30	
3.9449890101e+02	571	18	432	21	10	490	500	0	500	500	500	0	0	30	
3.9499856858e+02	572	17	437	17	12	488	500	0	500	500	500	0	0	30	
3.9549997542e+02	574	15	440	17	13	487	500	0	500	500	500	0	0	30	
3.9598780234e+02	574	16	436	16	8	492	500	0	500	500	500	0	0	30	
3.9649768260e+02	574	17	425	25	13	487	500	0	500	500	500	0	0	30	
3.9699952062e+02	573	23	422	29	14	486	500	0	500	500	500	0	0	30	
3.9748761315e+02	574	23	421	27	14	486	500	0	500	500	500	0	0	30	
3.9799599015e+02	570	27	413	33	14	486	500	0	500	500	500	0	0	30	
3.9849772399e+02	570	25	424	25	15	485	500	0	500	500	500	0	0	30	
3.9899729984e+02	574	21	428	24	16	484	500	0	500	500	500	0	0	30	
3.9949989063e+02	575	20	427	27	17	483	500	0	500	500	500	0	0	30	
3.9999797001e+02	568	27	417	40	14	486	500	0	500	500	500	0	0	30	
4.0049788335e+02	570	26	408	44	17	483	500	0	500	500	500	0	0	30	
4.0099922514e+02	568	27	413	39	13	487	500	0	500	500	500	0	0	30	
4.0149995334e+02	568	29	420	34	21	479	500	0	500	500	500	0	0	30	
4.0199400820e+02	572	26	423	31	16	484	500	0	500	500	500	0	0	30	
4.0249873566e+02	578	20	426	25	19	481	500	0	500	500	500	0	0	30	
4.0299527779e+02	579	21	426	28	14	486	500	0	500	500	500	0	0	30	
4.0349420086e+02	576	24	415	38	13	487	500	0	500	500	500	0	0	30	
4.0399806491e+02	573	26	418	36	12	488	500	0	500	500	500	0	0	30	
4.0449651735e+02	575	24	419	36	12	488	500	0	500	500	500	0	0	30	
4.0499835612e+02	575	23	426	32	17	483	500	0	500	500	500	0	0	30	
4.0549944019e+02	574	23	424	31	13	487	500	0	500	500	500	0	0	30	
4.0599800055e+02	576	22	421	36	9	491	500	0	500	500	500	0	0	30	
4.0649478748e+02	577	21	423	32	17	483	500	0	500	500	500	0	0	30	
4.0699761419e+02	577	24	431	24	8	492	500	0	500	500	500	0	0	30	
4.0749856094e+02	578	24	425	27	10	490	500	0	500	500	500	0	0	30	
4.0799771965e+02	583	21	431	23	10	490	500	0	500	500	500	0	0	30	
4.0849931961e+02	584	22	425	30	14	486	500	0	500	500	500	0	0	30	
4.0899782396e+02	588	18	427	26	11	489	500	0	500	500	500	0	0	30	
4.0949937337e+02	588	19	423	27	9	491	500	0	500	500	500	0	0	30	
4.0999938080e+02	590	18	421	29	7	493	500	0	500	500	500	0	0	30	
4.1049876770e+02	588	22	420	29	13	487	500	0	500	500	500	0	0	30	
4.1099718077e+02	587	23	426	22	16	484	500	0	500	500	500	0	0	30	
4.1149485168e+02	589	22	420	26	11	489	500	0	500	500	500	0	0	30	
4.1199917941e+02	588	24	418	28	7	493	500	0	500	500	500	0	0	30	
4.1249854042e+02	590	22	421	25	15	485	500	0	500	500	500	0	0	30	
4.1299488379e+02	597	16	427	22	10	490	500	0	500	500	500	0	0	30	
4.1349756461e+02	596	17	429	24	7	493	500	0	500	500	500	0	0	30	
4.1399627249e+02	594	18	420	30	14	486	500	0	500	500	500	0	0	30	
4.1449505886e+02	594	19	420	30	6	494	500	0	500	500	500	0	0	30	
4.1499824647e+02	594	18	413	34	7	493	500	0	500	500	500	0	0	30	
4.1549210610e+02	594	18	422	25	9	491	500	0	500	500	500	0	0	30	
4.1599586858e+02	597	16	414	31	4	496	500	0	500	500	500	0	0	30	
4.1649786170e+02	597	15	403	40	11	489	500	0	500	500	500	0	0	30	
4.1699784349e+02	598	14	405	37	9	491	500	0	500	500	500	0	0	30	
4.1749359688e+02	593	20	390	48	15	485	500	0	500	500	500	0	0	30	
4.1799802457e+02	591	23	395	42	14	486	500	0	500	500	500	0	0	30	
4.1849908433e+02	590	24	405	33	19	481	500	0	500	500	500	0	0	30	
4.1899849867e+02	586	29	402	37	21	479	500	0	500	500	500	0	0	30	
4.1949852853e+02	590	28	408	32	19	481	500	0	500	500	500	0	0	30	
4.1999946924e+02	590	28	418	23	18	482	500	0	500	500	500	0	0	30	
4.2048654424e+02	590	27	420	22	14	486	500	0	500	500	500	0	0	30	
4.2099939783e+02	591	26	408	29	7	493	500	0	500	500	500	0	0	30	
4.2149588921e+02	593	27	401	36	12	488	500	0	500	500	500	0	0	30	
4.2199999910e+02	593	27	401	37	12	488	500	0	500	500	500	0	0	30	
4.2249977463e+02	599	21	406	32	11	489	500	0	500	500	500	0	0	30	
4.2299940675e+02	597	24	405	33	9	491	500	0	500	500	500	0	0	30	
4.2349975756e+02	602	24	410	27	11	489	500	0	500	500	500	0	0	30	
4.2399859690e+02	599	27	414	25	16	484	500	0	500	500	500	0	0	30	
4.2449847990e+02	601	27	418	21	10	490	500	0	500	500	500	0	0	30	
4.2499231270e+02	600	27	411	28	12	488	500	0	500	500	500	0	0	30	
4.2549568404e+02	605	23	413	27	20	480	500	0	500	500	500	0	0	30	
4.2599848296e+02	607	21	401	36	12	488	500	0	500	500	500	0	0	30	
4.2649358809e+02	609	20	407	29	10	490	500	0	500	500	500	0	0	30	
4.2699611949e+02	611	21	402	32	9	491	500	0	500	500	500	0	0	30	
4.2749482605e+02	608	24	406	28	14	486	500	0	500	500	500	0	0	30	
4.2798973090e+02	609	23	414	19	25	475	500	0	500	500	500	0	0	30	
4.2849871847e+02	608	24	410	21	12	488	500	0	500	500	500	0	0	30	
4.2899768314e+02	609	23	397	34	8	492	500	0	500	500	500	0	0	30	
4.2949771004e+02	611	22	398	38	16	484	500	0	500	500	500	0	0	30	
4.2999991266e+02	612	18	401	36	12	488	500	0	500	500	500	0	0	30	
4.3049458061e+02	612	18	408	31	7	493	500	0	500	500	500	0	0	30	
4.3099639748e+02	612	20	413	28	15	485	500	0	500	500	500	0	0	30	
4.3149997779e+02	611	20	419	25	21	479	500	0	500	500	500	0	0	30	
4.3199802444e+02	608	22	417	27	20	480	500	0	500	500	500	0	0	30	
4.3248306534e+02	607	25	415	28	11	489	500	0	500	500	500	0	0	30	
4.3299634001e+02	614	18	407	35	10	490	500	0	500	500	500	0	0	30	
4.3349955926e+02	612	21	409	35	11	489	500	0	500	500	500	0	0	30	
4.3399516637e+02	611	21	421	24	10	490	500	0	500	500	500	0	0	30	
4.3449786936e+02	612	20	423	22	10	490	500	0	500	500	500	0	0	30	
4.3499393394e+02	608	24	419	23	8	492	500	0	500	500	500	0	0	30	
4.3549400771e+02	610	23	424	22	11	489	500	0	500	500	500	0	0	30	
4.3599886222e+02	612	21	422	25	14	486	500	0	500	500	500	0	0	30	
4.3649731069e+02	611	23	424	22	15	485	500	0	500	500	500	0	0	30	
4.3699879860e+02	614	21	426	22	13	487	500	0	500	500	500	0	0	30	
4.3749962778e+02	615	19	413	32	15	485	500	0	500	500	500	0	0	30	
4.3799606963e+02	618	17	428	20	14	486	500	0	500	500	500	0	0	30	
4.3849889122e+02	617	19	421	29	17	483	500	0	500	500	500	0	0	30	
4.3899869618e+02	611	25	418	31	13	487	500	0	500	500	500	0	0	30	
4.3949804573e+02	616	20	426	25	15	485	500	0	500	500	500	0	0	30	
4.3999010978e+02	616	24	427	21	25	475	500	0	500	500	500	0	0	30	
4.4049475042e+02	622	19	421	23	13	487	500	0	500	500	500	0	0	30	
4.4099928308e+02	619	21	427	19	12	488	500	0	500	500	500	0	0	30	
4.4149361839e+02	617	21	430	12	11	489	500	0	500	500	500	0	0	30	
4.4199820440e+02	615	20	429	11	18	482	500	0	500	500	500	0	0	30	
4.4249462915e+02	616	18	418	19	11	489	500	0	500	500	500	0	0	30	
4.4299018334e+02	618	15	409	27	7	493	500	0	500	500	500	0	0	30	
4.4349843217e+02	624	10	412	24	6	494	500	0	500	500	500	0	0	30	
4.4399687571e+02	624	11	411	25	11	489	500	0	500	500	500	0	0	30	
4.4448276051e+02	622	14	412	27	3	497	500	0	500	500	500	0	0	30	
4.4499807986e+02	622	13	408	29	2	498	500	0	500	500	500	0	0	30	
4.4549293394e+02	628	8	403	34	3	497	500	0	500	500	500	0	0	30	
4.4599754296e+02	623	16	403	35	9	491	500	0	500	500	500	0	0	30	
4.4649940856e+02	622	17	409	31	15	485	500	0	500	500	500	0	0	30	
4.4699551985e+02	619	21	405	32	6	494	500	0	500	500	500	0	0	30	
4.4749716827e+02	617	23	398	39	10	490	500	0	500	500	500	0	0	30	
4.4799872767e+02	624	17	415	25	8	492	500	0	500	500	500	0	0	30	
4.4849769020e+02	624	19	417	22	11	489	500	0	500	500	500	0	0	30	
4.4899635559e+02	627	17	414	24	7	493	500	0	500	500	500	0	0	30	
4.4949712563e+02	624	22	396	38	13	487	500	0	500	500	500	0	0	30	
4.4999682964e+02	627	20	402	31	16	484	500	0	500	500	500	0	0	30	
4.5049989778e+02	624	23	407	27	17	483	500	0	500	500	500	0	0	30	
4.5099919925e+02	625	23	413	26	16	484	500	0	500	500	500	0	0	30	
4.5149967537e+02	623	24	412	30	14	486	500	0	500	500	500	0	0	30	
4.5199463466e+02	624	24	415	24	16	484	500	0	500	500	500	0	0	30	
4.5249345863e+02	626	23	418	23	13	487	500	0	500	500	500	0	0	30	
4.5299924031e+02	628	22	409	32	12	488	500	0	500	500	500	0	0	30	
4.5349728173e+02	626	24	411	29	13	487	500	0	500	500	500	0	0	30	
4.5399416991e+02	629	22	407	34	11	489	500	0	500	500	500	0	0	30	
4.5448747950e+02	622	27	409	31	9	491	500	0	500	500	500	0	0	30	
4.5499991286e+02	623	27	397	44	12	488	500	0	500	500	500	0	0	30	
4.5549929194e+02	624	26	400	41	7	493	500	0	500	500	500	0	0	30	
4.5599507115e+02	621	28	405	36	13	487	500	0	500	500	500	0	0	30	
4.5649932430e+02	622	28	411	33	9	491	500	0	500	500	500	0	0	30	
4.5699855833e+02	620	29	416	31	13	487	500	0	500	500	500	0	0	30	
4.5748677223e+02	629	20	421	23	9	491	500	0	500	500	500	0	0	30	
4.5799965969e+02	631	19	418	25	9	491	500	0	500	500	500	0	0	30	
4.5849919045e+02	627	24	413	31	15	485	500	0	500	500	500	0	0	30	
4.5899068882e+02	623	25	412	31	17	483	500	0	500	500	500	0	0	30	
4.5949855913e+02	617	32	417	23	19	481	500	0	500	500	500	0	0	30	
4.5999303509e+02	621	28	416	22	12	488	500	0	500	500	500	0	0	30	
4.6049410890e+02	626	22	418	21	12	488	500	0	500	500	500	0	0	30	
4.6099788454e+02	631	20	413	25	19	481	500	0	500	500	500	0	0	30	
4.6149963147e+02	635	17	412	26	9	491	500	0	500	500	500	0	0	30	
4.6199414695e+02	636	15	403	30	11	489	500	0	500	500	500	0	0	30	
4.6249672255e+02	631	20	400	33	10	490	500	0	500	500	500	0	0	30	
4.6299704861e+02	631	20	389	43	4	496	500	0	500	500	500	0	0	30	
4.6349986102e+02	627	24	406	23	15	485	500	0	500	500	500	0	0	30	
4.6399859454e+02	631	19	398	30	18	482	500	0	500	500	500	0	0	30	
4.6449580822e+02	634	18	390	42	14	486	500	0	500	500	500	0	0	30	
4.6499043943e+02	635	17	405	26	14	486	500	0	500	500	500	0	0	30	
4.6549990928e+02	632	20	391	39	17	483	500	0	500	500	500	0	0	30	
4.6599606309e+02	635	18	386	43	14	486	500	0	500	500	500	0	0	30	
4.6649789063e+02	632	21	388	42	13	487	500	0	500	500	500	0	0	30	
4.6699820670e+02	627	27	395	39	16	484	500	0	500	500	500	0	0	30	
4.6749664762e+02	629	26	394	39	18	482	500	0	500	500	500	0	0	30	
4.6799748604e+02	634	23	396	38	21	479	500	0	500	500	500	0	0	30	
4.6849688083e+02	637	20	402	32	18	482	500	0	500	500	500	0	0	30	
4.6899666621e+02	638	19	396	38	10	490	500	0	500	500	500	0	0	30	
4.6949992162e+02	638	19	405	27	10	490	500	0	500	500	500	0	0	30	
4.6999486114e+02	638	20	408	26	11	489	500	0	500	500	500	0	0	30	
4.7049781754e+02	637	21	411	19	8	492	500	0	500	500	500	0	0	30	
4.7099845060e+02	637	21	408	24	14	486	500	0	500	500	500	0	0	30	
4.7149757075e+02	637	21	399	34	8	492	500	0	500	500	500	0	0	30	
4.7199810496e+02	634	24	400	32	17	483	500	0	500	500	500	0	0	30	
4.7249922516e+02	634	24	401	31	10	490	500	0	500	500	500	0	0	30	
4.7299957690e+02	634	23	406	25	14	486	500	0	500	500	500	0	0	30	
4.7349437450e+02	635	22	400	28	15	485	500	0	500	500	500	0	0	30	
4.7399708424e+02	636	20	399	28	14	486	500	0	500	500	500	0	0	30	
4.7449543317e+02	635	23	401	28	15	485	500	0	500	500	500	0	0	30	
4.7499925600e+02	630	27	399	28	12	488	500	0	500	500	500	0	0	30	
4.7549574859e+02	631	27	401	25	10	490	500	0	500	500	500	0	0	30	
4.7599520027e+02	633	24	400	26	12	488	500	0	500	500	500	0	0	30	
4.7649232401e+02	637	21	396	31	10	490	500	0	500	500	500	0	0	30	
4.7699855860e+02	638	19	407	20	12	488	500	0	500	500	500	0	0	30	
4.7749170433e+02	633	24	403	22	6	494	500	0	500	500	500	0	0	30	
4.7799913588e+02	637	21	399	27	9	491	500	0	500	500	500	0	0	30	
4.7849936739e+02	636	21	397	30	13	487	500	0	500	500	500	0	0	30	
4.7899344129e+02	636	21	392	35	16	484	500	0	500	500	500	0	0	30	
4.7949826862e+02	636	25	406	29	18	482	500	0	500	500	500	0	0	30	
4.7998943517e+02	639	20	404	28	19	481	500	0	500	500	500	0	0	30	
4.8049839064e+02	641	18	405	28	11	489	500	0	500	500	500	0	0	30	
4.8099416946e+02	643	19	404	28	8	492	500	0	500	500	500	0	0	30	
4.8148987422e+02	642	20	403	28	7	493	500	0	500	500	500	0	0	30	
4.8198217029e+02	644	20	401	30	25	475	500	0	500	500	500	0	0	30	
4.8249830878e+02	639	23	406	26	14	486	500	0	500	500	500	0	0	30	
4.8299508445e+02	641	21	397	36	12	488	500	0	500	500	500	0	0	30	
4.8349423361e+02	642	21	403	30	14	486	500	0	500	500	500	0	0	30	
4.8399932891e+02	641	24	414	22	16	484	500	0	500	500	500	0	0	30	
4.8449989539e+02	644	22	414	22	14	486	500	0	500	500	500	0	0	30	
4.8499935053e+02	645	21	409	28	12	488	500	0	500	500	500	0	0	30	
4.8549867629e+02	639	26	407	28	14	486	500	0	500	500	500	0	0	30	
4.8599596070e+02	638	27	410	24	18	482	500	0	500	500	500	0	0	30	
4.8649672592e+02	643	23	408	27	14	486	500	0	500	500	500	0	0	30	
4.8699940069e+02	643	22	410	27	12	488	500	0	500	500	500	0	0	30	
4.8749185595e+02	643	23	408	29	20	480	500	0	500	500	500	0	0	30	
4.8799937774e+02	644	23	408	29	17	483	500	0	500	500	500	0	0	30	
4.8849931536e+02	642	25	409	26	22	478	500	0	500	500	500	0	0	30	
4.8899932822e+02	642	23	413	25	16	484	500	0	500	500	500	0	0	30	
4.8949574563e+02	643	23	423	20	15	485	500	0	500	500	500	0	0	30	
4.8999971256e+02	644	22	412	29	11	489	500	0	500	500	500	0	0	30	
4.9049931583e+02	647	17	419	24	11	489	500	0	500	500	500	0	0	30	
4.9099403546e+02	645	20	423	25	17	483	500	0	500	500	500	0	0	30	
4.9149942949e+02	648	17	419	33	9	491	500	0	500	500	500	0	0	30	
4.9197805238e+02	647	20	416	35	11	489	500	0	500	500	500	0	0	30	
4.9249704962e+02	648	18	415	36	15	485	500	0	500	500	500	0	0	30	
4.9299506919e+02	643	24	411	40	8	492	500	0	500	500	500	0	0	30	
4.9349570110e+02	642	27	420	32	17	483	500	0	500	500	500	0	0	30	
4.9399895192e+02	644	23	431	22	14	486	500	0	500	500	500	0	0	30	
4.9448783484e+02	646	20	429	25	13	487	500	0	500	500	500	0	0	30	
4.9499935095e+02	648	16	421	33	15	485	500	0	500	500	500	0	0	30	
4.9549650032e+02	647	17	423	30	12	488	500	0	500	500	500	0	0	30	
4.9599907934e+02	645	19	433	23	14	486	500	0	500	500	500	0	0	30	
4.9649820176e+02	644	20	431	24	15	485	500	0	500	500	500	0	0	30	
4.9699919877e+02	642	24	429	26	12	488	500	0	500	500	500	0	0	30	
4.9749954410e+02	643	24	423	32	14	486	500	0	500	500	500	0	0	30	
4.9799869214e+02	645	24	428	28	15	485	500	0	500	500	500	0	0	30	
4.9849711935e+02	644	26	434	20	15	485	500	0	500	500	500	0	0	30	
4.9899860103e+02	647	24	437	16	21	479	500	0	500	500	500	0	0	30	
4.9949187753e+02	652	19	435	16	7	493	500	0	500	500	500	0	0	30	
4.9999653345e+02	657	15	436	17	9	491	500	0	500	500	500	0	0	30	
5.0000781136e+02	657	15	435	18	9	491	500	0	500	500	500	0	0	30	
