0.0000000000e+00	0	0	500	0	0	0	0	50	500	500	0	500	500	0	
4.9089230935e-01	0	1	500	0	2	9	0	50	500	500	0	500	500	0	
9.8633457228e-01	0	2	499	1	2	7	0	50	500	500	0	500	500	0	
1.4863597707e+00	0	2	499	1	1	4	0	50	500	500	0	500	500	0	
1.9944217399e+00	0	3	499	1	3	12	0	50	500	500	0	500	500	0	
2.4948368991e+00	0	3	500	0	2	6	0	50	500	500	0	500	500	0	
2.9777996994e+00	0	4	499	1	2	8	0	50	500	500	0	500	500	0	
3.4735239666e+00	0	4	500	0	2	5	0	50	500	500	0	500	500	0	
3.9662349505e+00	0	4	499	1	3	6	0	50	500	500	0	500	500	0	
4.4989268813e+00	0	6	500	0	5	9	0	50	500	500	0	500	500	0	
4.9818563904e+00	0	8	494	6	5	8	0	50	500	500	0	500	500	0	
5.4915457903e+00	0	9	497	3	1	6	0	50	500	500	0	500	500	0	
5.9895232516e+00	0	9	494	6	2	4	0	50	500	500	0	500	500	0	
6.4727776656e+00	0	9	491	9	0	3	0	50	500	500	0	500	500	0	
6.9886676529e+00	0	10	483	17	4	9	0	50	500	500	0	500	500	0	
7.4959321524e+00	0	11	484	16	2	10	0	50	500	500	0	500	500	0	
7.9996635853e+00	0	11	493	7	0	11	0	50	500	500	0	500	500	0	
8.4840266022e+00	0	12	491	9	3	2	0	50	500	500	0	500	500	0	
8.9955944045e+00	0	15	488	12	2	7	0	50	500	500	0	500	500	0	
9.4969335696e+00	0	15	490	10	3	13	0	50	500	500	0	500	500	0	
9.9929270518e+00	0	17	490	10	1	13	0	50	500	500	0	500	500	0	
1.0498357085e+01	0	19	486	14	2	3	0	50	500	500	0	500	500	0	
1.0983865972e+01	0	19	482	18	3	4	0	50	500	500	0	500	500	0	
1.1491710698e+01	0	20	479	21	2	11	0	50	500	500	0	500	500	0	
1.1985672684e+01	0	20	479	21	0	8	0	50	500	500	0	500	500	0	
1.2462504585e+01	0	20	472	28	0	9	0	50	500	500	0	500	500	0	
1.2999494038e+01	0	21	461	39	6	5	0	50	500	500	0	500	500	0	
1.3498369784e+01	1	20	467	33	6	6	0	50	500	500	0	500	500	0	
1.3997243051e+01	2	20	473	27	2	9	0	50	500	500	0	500	500	0	
1.4498466345e+01	2	23	476	24	6	1	0	50	500	500	0	500	500	0	
1.4993188397e+01	2	25	469	31	1	9	0	50	500	500	0	500	500	0	
1.5496980287e+01	3	24	467	33	3	8	0	50	500	500	0	500	500	0	
1.5998243941e+01	4	23	462	38	3	9	0	50	500	500	0	500	500	0	
1.6491515890e+01	4	24	466	34	3	6	0	50	500	500	0	500	500	0	
1.6997119211e+01	4	24	465	35	2	8	0	50	500	500	0	500	500	0	
1.7497606783e+01	4	24	465	35	4	8	0	50	500	500	0	500	500	0	
1.7997914344e+01	4	25	465	35	2	9	0	50	500	500	0	500	500	0	
1.8497730441e+01	4	25	459	41	3	6	0	50	500	500	0	500	500	0	
1.8983001609e+01	4	25	466	34	2	7	0	50	500	500	0	500	500	0	
1.9495248576e+01	4	27	460	40	5	10	0	50	500	500	0	500	500	0	
1.9996221941e+01	4	28	459	41	0	9	0	50	500	500	0	500	500	0	
2.0492544523e+01	4	30	462	38	4	10	0	50	500	500	0	500	500	0	
2.0994169553e+01	3	32	450	50	5	12	0	50	500	500	0	500	500	0	
2.1498826004e+01	3	33	455	45	4	7	0	50	500	500	0	500	500	0	
2.1992360643e+01	3	33	448	52	1	6	0	50	500	500	0	500	500	0	
2.2499384996e+01	2	35	452	48	2	6	0	50	500	500	0	500	500	0	
2.2997652661e+01	2	37	446	54	2	10	0	50	500	500	0	500	500	0	
2.3499135951e+01	4	36	439	61	3	10	0	50	500	500	0	500	500	0	
2.3994019653e+01	4	38	445	55	1	8	0	50	500	500	0	500	500	0	
2.4496020164e+01	4	40	427	73	4	3	0	50	500	500	0	500	500	0	
2.4997887621e+01	4	41	425	75	3	5	0	50	500	500	0	500	500	0	
2.5492836407e+01	5	40	424	76	4	6	0	50	500	500	0	500	500	0	
2.5993964158e+01	5	41	421	79	2	8	0	50	500	500	0	500	500	0	
2.6498506976e+01	5	42	417	83	3	12	0	50	500	500	0	500	500	0	
2.6999175141e+01	5	44	397	103	4	11	0	50	500	500	0	500	500	0	
2.7497476474e+01	7	42	379	121	5	8	0	50	500	500	0	500	500	0	
2.7997335673e+01	6	44	372	128	2	8	0	50	500	500	0	500	500	0	
2.8497190082e+01	5	45	358	142	5	7	0	50	500	500	0	500	500	0	
2.8997048632e+01	4	49	338	162	4	7	0	50	500	500	0	500	500	0	
2.9499644836e+01	6	48	325	175	3	10	0	50	500	500	0	500	500	0	
2.9999987262e+01	5	52	316	184	3	11	0	50	500	500	0	500	500	0	
3.0498997703e+01	4	54	307	193	4	3	0	50	500	500	0	500	500	0	
3.0999091538e+01	5	55	313	187	1	10	0	50	500	500	0	500	500	0	
3.1496892104e+01	4	57	322	178	2	4	0	50	500	500	0	500	500	0	
3.1997666364e+01	4	58	298	202	1	2	0	50	500	500	0	500	500	0	
3.2499684924e+01	5	57	275	225	4	7	0	50	500	500	0	500	500	0	
3.2999664438e+01	6	56	267	233	4	4	0	50	500	500	0	500	500	0	
3.3496152774e+01	5	57	267	233	4	12	0	50	500	500	0	500	500	0	
3.3998931846e+01	3	61	270	230	2	6	0	50	500	500	0	500	500	0	
3.4497005116e+01	3	62	275	225	2	2	0	50	500	500	0	500	500	0	
3.4996248650e+01	3	65	258	242	4	4	0	50	500	500	0	500	500	0	
3.5484180809e+01	3	68	242	258	3	7	0	50	500	500	0	500	500	0	
3.5998664898e+01	5	68	240	260	4	5	0	50	500	500	0	500	500	0	
3.6494491344e+01	6	67	217	283	1	6	0	50	500	500	0	500	500	0	
3.6997898585e+01	8	65	224	276	1	7	0	50	500	500	0	500	500	0	
3.7498754817e+01	7	68	212	288	4	9	0	50	500	500	0	500	500	0	
3.7999881724e+01	7	71	196	304	6	6	0	50	500	500	0	500	500	0	
3.8497554085e+01	6	72	194	306	4	6	0	50	500	500	0	500	500	0	
3.8993782923e+01	5	73	184	316	0	9	0	50	500	500	0	500	500	0	
3.9497458245e+01	5	75	168	332	5	2	0	50	500	500	0	500	500	0	
3.9996780577e+01	5	76	165	335	1	9	0	50	500	500	0	500	500	0	
4.0497359021e+01	5	76	163	337	5	9	0	50	500	500	0	500	500	0	
4.0998484048e+01	6	76	145	355	1	5	0	50	500	500	0	500	500	0	
4.1498465103e+01	6	77	122	378	2	3	0	50	500	500	0	500	500	0	
4.1994588762e+01	5	78	113	387	4	3	0	50	500	500	0	500	500	0	
4.2490819063e+01	5	79	117	383	3	4	0	50	500	500	0	500	500	0	
4.2996928817e+01	4	82	111	389	4	9	0	50	500	500	0	500	500	0	
4.3498574063e+01	6	80	91	409	6	2	0	50	500	500	0	500	500	0	
4.3997228398e+01	6	80	82	418	4	11	0	50	500	500	0	500	500	0	
4.4498456914e+01	5	81	76	424	8	11	0	50	500	500	0	500	500	0	
4.4999468911e+01	4	83	80	420	4	12	0	50	500	500	0	500	500	0	
4.5496560458e+01	5	84	60	440	1	16	0	50	500	500	0	500	500	0	
4.5998571961e+01	5	85	58	442	5	9	0	50	500	500	0	500	500	0	
4.6499309850e+01	5	89	56	444	0	13	0	50	500	500	0	500	500	0	
4.6999969458e+01	5	89	58	442	5	6	0	50	500	500	0	500	500	0	
4.7499527826e+01	6	88	61	439	5	9	0	50	500	500	0	500	500	0	
4.7998878799e+01	10	86	66	434	1	7	0	50	500	500	0	500	500	0	
4.8499389591e+01	8	88	69	431	1	4	0	50	500	500	0	500	500	0	
4.8996969832e+01	8	90	71	429	3	9	0	50	500	500	0	500	500	0	
4.9489374674e+01	7	91	62	438	1	7	0	50	500	500	0	500	500	0	
4.9992959103e+01	6	92	62	438	3	5	0	50	500	500	0	500	500	0	
5.0493348649e+01	7	91	62	438	5	7	0	50	500	500	0	500	500	0	
5.0997818910e+01	7	92	66	434	7	11	0	50	500	500	0	500	500	0	
5.1499364824e+01	7	92	55	445	4	9	0	50	500	500	0	500	500	0	
5.1997466164e+01	9	90	55	445	3	10	0	50	500	500	0	500	500	0	
5.2498755796e+01	7	93	57	443	5	6	0	50	500	500	0	500	500	0	
5.2989473363e+01	5	95	51	449	4	6	0	50	500	500	0	500	500	0	
5.3499559290e+01	5	97	41	459	2	10	0	50	500	500	0	500	500	0	
5.3994266396e+01	7	96	50	450	6	7	0	50	500	500	0	500	500	0	
5.4494951547e+01	8	95	52	448	5	9	0	50	500	500	0	500	500	0	
5.4999591515e+01	7	96	53	447	3	5	0	50	500	500	0	500	500	0	
5.5493116053e+01	7	96	46	454	4	5	0	50	500	500	0	500	500	0	
5.5998020174e+01	5	99	31	469	1	8	0	50	500	500	0	500	500	0	
5.6495832134e+01	4	101	33	467	4	4	0	50	500	500	0	500	500	0	
5.6999942861e+01	5	100	30	470	2	3	0	50	500	500	0	500	500	0	
5.7490221300e+01	4	103	33	467	6	2	0	50	500	500	0	500	500	0	
5.7996319950e+01	2	106	46	454	3	5	0	50	500	500	0	500	500	0	
5.8497594903e+01	2	106	44	456	2	6	0	50	500	500	0	500	500	0	
5.8995951396e+01	2	107	35	465	8	7	0	50	500	500	0	500	500	0	
5.9497964017e+01	5	107	26	474	3	7	0	50	500	500	0	500	500	0	
5.9999900216e+01	7	107	31	469	8	7	0	50	500	500	0	500	500	0	
6.0487132475e+01	5	109	31	469	6	15	0	50	500	500	0	500	500	0	
6.0998685037e+01	6	108	42	458	7	6	0	50	500	500	0	500	500	0	
6.1499756781e+01	4	112	33	467	1	10	0	50	500	500	0	500	500	0	
6.1996328576e+01	4	113	28	472	4	4	0	50	500	500	0	500	500	0	
6.2498697511e+01	5	113	28	472	6	11	0	50	500	500	0	500	500	0	
6.2999543295e+01	3	116	29	471	5	7	0	50	500	500	0	500	500	0	
6.3496027915e+01	2	117	34	466	2	10	0	50	500	500	0	500	500	0	
6.3998085405e+01	2	120	24	476	10	4	0	50	500	500	0	500	500	0	
6.4499368903e+01	3	121	30	470	7	8	0	50	500	500	0	500	500	0	
6.4998435268e+01	2	123	22	478	5	5	0	50	500	500	0	500	500	0	
6.5499180730e+01	2	125	28	472	2	5	0	50	500	500	0	500	500	0	
6.5997951854e+01	3	124	21	479	4	12	0	50	500	500	0	500	500	0	
6.6499919455e+01	6	122	28	472	3	11	0	50	500	500	0	500	500	0	
6.6992076610e+01	6	122	32	468	1	8	0	50	500	500	0	500	500	0	
6.7498940504e+01	4	124	31	469	1	9	0	50	500	500	0	500	500	0	
6.7998649088e+01	5	123	40	460	5	8	0	50	500	500	0	500	500	0	
6.8498006599e+01	6	123	38	462	4	9	0	50	500	500	0	500	500	0	
6.8997552648e+01	5	124	31	469	3	7	0	50	500	500	0	500	500	0	
6.9498673598e+01	3	126	25	475	1	9	0	50	500	500	0	500	500	0	
6.9997830611e+01	2	129	31	469	2	5	0	50	500	500	0	500	500	0	
7.0498548219e+01	4	127	16	484	1	4	0	50	500	500	0	500	500	0	
7.0996469024e+01	4	127	25	475	3	3	0	50	500	500	0	500	500	0	
7.1484826736e+01	3	130	21	479	1	4	0	50	500	500	0	500	500	0	
7.1987735958e+01	3	131	29	471	0	6	0	50	500	500	0	500	500	0	
7.2495835002e+01	4	130	34	466	1	6	0	50	500	500	0	500	500	0	
7.2999190088e+01	4	131	36	464	3	7	0	50	500	500	0	500	500	0	
7.3494080741e+01	3	132	31	469	5	10	0	50	500	500	0	500	500	0	
7.3997853044e+01	3	133	30	470	7	11	0	50	500	500	0	500	500	0	
7.4498854957e+01	3	134	24	476	7	9	0	50	500	500	0	500	500	0	
7.4997373295e+01	5	132	22	478	4	10	0	50	500	500	0	500	500	0	
7.5493584008e+01	3	135	32	468	1	6	0	50	500	500	0	500	500	0	
7.5992881705e+01	2	138	23	477	2	4	0	50	500	500	0	500	500	0	
7.6497611251e+01	1	140	39	461	5	10	0	50	500	500	0	500	500	0	
7.6995700180e+01	2	140	22	478	4	9	0	50	500	500	0	500	500	0	
7.7496644649e+01	3	139	32	468	5	7	0	50	500	500	0	500	500	0	
7.7999838345e+01	2	142	23	477	4	8	0	50	500	500	0	500	500	0	
7.8495177784e+01	5	142	15	485	5	9	0	50	500	500	0	500	500	0	
7.8994030061e+01	4	143	20	480	2	4	0	50	500	500	0	500	500	0	
7.9496445928e+01	4	143	33	467	4	8	0	50	500	500	0	500	500	0	
7.9998273317e+01	5	143	20	480	5	11	0	50	500	500	0	500	500	0	
8.0497273947e+01	5	144	21	479	1	7	0	50	500	500	0	500	500	0	
8.0999777699e+01	5	145	13	487	2	8	0	50	500	500	0	500	500	0	
8.1499071900e+01	5	148	19	481	6	9	0	50	500	500	0	500	500	0	
8.1997329636e+01	3	150	20	480	6	4	0	50	500	500	0	500	500	0	
8.2498020499e+01	2	152	21	479	5	6	0	50	500	500	0	500	500	0	
8.2997064153e+01	3	151	15	485	4	6	0	50	500	500	0	500	500	0	
8.3494740379e+01	3	153	18	482	3	6	0	50	500	500	0	500	500	0	
8.3998735790e+01	3	154	14	486	7	5	0	50	500	500	0	500	500	0	
8.4499852867e+01	3	155	25	475	5	5	0	50	500	500	0	500	500	0	
8.4996542334e+01	2	157	18	482	4	5	0	50	500	500	0	500	500	0	
8.5499620130e+01	3	157	23	477	4	6	0	50	500	500	0	500	500	0	
8.5998044947e+01	3	158	19	481	2	5	0	50	500	500	0	500	500	0	
8.6495177904e+01	3	159	22	478	4	5	0	50	500	500	0	500	500	0	
8.6999329577e+01	2	162	24	476	4	7	0	50	500	500	0	500	500	0	
8.7497048087e+01	4	161	30	470	4	7	0	50	500	500	0	500	500	0	
8.7994368970e+01	5	161	34	466	7	4	0	50	500	500	0	500	500	0	
8.8499872321e+01	5	161	16	484	4	9	0	50	500	500	0	500	500	0	
8.8993340037e+01	6	162	18	482	6	6	0	50	500	500	0	500	500	0	
8.9499368297e+01	5	164	15	485	3	2	0	50	500	500	0	500	500	0	
8.9999341698e+01	4	168	18	482	3	4	0	50	500	500	0	500	500	0	
9.0497992487e+01	6	168	19	481	5	11	0	50	500	500	0	500	500	0	
9.0984892371e+01	6	169	18	482	2	7	0	50	500	500	0	500	500	0	
9.1498718422e+01	5	171	16	484	3	5	0	50	500	500	0	500	500	0	
9.1998256576e+01	5	172	14	486	2	4	0	50	500	500	0	500	500	0	
9.2492044471e+01	7	171	26	474	5	5	0	50	500	500	0	500	500	0	
9.2989154844e+01	8	171	22	478	2	7	0	50	500	500	0	500	500	0	
9.3497594143e+01	8	171	14	486	4	5	0	50	500	500	0	500	500	0	
9.3999637929e+01	9	170	15	485	6	8	0	50	500	500	0	500	500	0	
9.4499376068e+01	9	172	28	472	6	6	0	50	500	500	0	500	500	0	
9.4999098651e+01	11	170	18	482	4	7	0	50	500	500	0	500	500	0	
9.5499774352e+01	11	174	16	484	1	4	0	50	500	500	0	500	500	0	
9.5999608186e+01	10	175	9	491	2	9	0	50	500	500	0	500	500	0	
9.6493658845e+01	9	177	18	482	3	16	0	50	500	500	0	500	500	0	
9.6996269589e+01	8	179	21	479	4	4	0	50	500	500	0	500	500	0	
9.7497993802e+01	7	179	18	482	2	7	0	50	500	500	0	500	500	0	
9.7998810734e+01	6	181	19	481	1	6	0	50	500	500	0	500	500	0	
9.8489698542e+01	6	181	23	477	0	4	0	50	500	500	0	500	500	0	
9.8995847453e+01	5	181	23	477	5	4	0	50	500	500	0	500	500	0	
9.9497135481e+01	6	181	16	484	5	6	0	50	500	500	0	500	500	0	
9.9993865679e+01	5	183	18	482	4	8	0	50	500	500	0	500	500	0	
1.0049258786e+02	5	185	24	476	2	6	0	50	500	500	0	500	500	0	
1.0099723709e+02	9	181	18	482	3	6	0	50	500	500	0	500	500	0	
1.0149634059e+02	6	185	19	481	3	9	0	50	500	500	0	500	500	0	
1.0199994132e+02	4	187	17	483	2	6	0	50	500	500	0	500	500	0	
1.0249733787e+02	6	186	9	491	5	2	0	50	500	500	0	500	500	0	
1.0299815603e+02	8	185	13	487	2	8	0	50	500	500	0	500	500	0	
1.0349389998e+02	8	185	15	485	2	1	0	50	500	500	0	500	500	0	
1.0399748363e+02	6	188	17	483	1	2	0	50	500	500	0	500	500	0	
1.0449943844e+02	7	186	19	481	2	7	0	50	500	500	0	500	500	0	
1.0499648973e+02	6	189	16	484	5	8	0	50	500	500	0	500	500	0	
1.0549911784e+02	8	187	14	486	3	6	0	50	500	500	0	500	500	0	
1.0599821881e+02	7	190	12	488	3	8	0	50	500	500	0	500	500	0	
1.0649386067e+02	5	193	18	482	1	6	0	50	500	500	0	500	500	0	
1.0699722957e+02	4	196	17	483	2	8	0	50	500	500	0	500	500	0	
1.0749529621e+02	3	197	17	483	4	7	0	50	500	500	0	500	500	0	
1.0799943289e+02	4	195	10	490	1	5	0	50	500	500	0	500	500	0	
1.0849844716e+02	3	198	20	480	1	5	0	50	500	500	0	500	500	0	
1.0899933790e+02	4	198	18	482	4	5	0	50	500	500	0	500	500	0	
1.0949243892e+02	4	199	16	484	1	3	0	50	500	500	0	500	500	0	
1.0999747004e+02	5	197	13	487	6	2	0	50	500	500	0	500	500	0	
1.1049296122e+02	7	195	15	485	5	4	0	50	500	500	0	500	500	0	
1.1099182599e+02	7	198	14	486	3	7	0	50	500	500	0	500	500	0	
1.1149789220e+02	6	198	22	478	6	4	0	50	500	500	0	500	500	0	
1.1199876700e+02	5	201	16	484	4	5	0	50	500	500	0	500	500	0	
1.1249922392e+02	4	202	2	498	3	9	0	50	500	500	0	500	500	0	
1.1299883699e+02	5	201	9	491	3	8	0	50	500	500	0	500	500	0	
1.1349467127e+02	5	201	16	484	3	6	0	50	500	500	0	500	500	0	
1.1399687586e+02	6	200	12	488	3	6	0	50	500	500	0	500	500	0	
1.1449651673e+02	5	203	19	481	3	7	0	50	500	500	0	500	500	0	
1.1499842508e+02	8	203	17	483	2	12	0	50	500	500	0	500	500	0	
1.1549528843e+02	5	206	9	491	4	4	0	50	500	500	0	500	500	0	
1.1599541153e+02	4	208	9	491	0	5	0	50	500	500	0	500	500	0	
1.1649522038e+02	6	207	13	487	4	4	0	50	500	500	0	500	500	0	
1.1699772058e+02	8	205	9	491	7	10	0	50	500	500	0	500	500	0	
1.1749153655e+02	9	204	15	485	5	9	0	50	500	500	0	500	500	0	
1.1799781320e+02	10	205	10	490	1	9	0	50	500	500	0	500	500	0	
1.1849833377e+02	15	201	14	486	5	5	0	50	500	500	0	500	500	0	
1.1899914589e+02	14	202	22	478	0	9	0	50	500	500	0	500	500	0	
1.1949748459e+02	11	205	20	480	3	5	0	50	500	500	0	500	500	0	
1.1999874796e+02	11	206	16	484	3	8	0	50	500	500	0	500	500	0	
1.2049490702e+02	10	208	17	483	2	2	0	50	500	500	0	500	500	0	
1.2099966393e+02	13	206	8	492	6	1	0	50	500	500	0	500	500	0	
1.2149898185e+02	10	211	16	484	2	5	0	50	500	500	0	500	500	0	
1.2198818737e+02	11	210	11	489	2	1	0	50	500	500	0	500	500	0	
1.2249922220e+02	11	211	14	486	3	5	0	50	500	500	0	500	500	0	
1.2299850807e+02	8	214	5	495	7	12	0	50	500	500	0	500	500	0	
1.2349821263e+02	8	215	11	489	2	3	0	50	500	500	0	500	500	0	
1.2399997845e+02	8	217	21	479	1	3	0	50	500	500	0	500	500	0	
1.2449943343e+02	9	217	18	482	3	10	0	50	500	500	0	500	500	0	
1.2499988335e+02	10	216	9	491	4	5	0	50	500	500	0	500	500	0	
1.2549942413e+02	7	220	16	484	3	6	0	50	500	500	0	500	500	0	
1.2599733069e+02	8	221	12	488	6	3	0	50	500	500	0	500	500	0	
1.2649895069e+02	5	223	16	484	3	10	0	50	500	500	0	500	500	0	
1.2699777370e+02	4	225	13	487	1	6	0	50	500	500	0	500	500	0	
1.2749913851e+02	6	222	7	493	4	6	0	50	500	500	0	500	500	0	
1.2799996025e+02	4	225	9	491	3	6	0	50	500	500	0	500	500	0	
1.2849684682e+02	4	227	11	489	10	4	0	50	500	500	0	500	500	0	
1.2899640930e+02	5	226	16	484	3	7	0	50	500	500	0	500	500	0	
1.2949731673e+02	5	228	19	481	9	7	0	50	500	500	0	500	500	0	
1.2999971331e+02	7	225	7	493	8	10	0	50	500	500	0	500	500	0	
1.3049426551e+02	7	226	14	486	5	2	0	50	500	500	0	500	500	0	
1.3099594831e+02	5	228	15	485	2	7	0	50	500	500	0	500	500	0	
1.3149689940e+02	6	228	14	486	4	4	0	50	500	500	0	500	500	0	
1.3199849582e+02	4	232	13	487	3	1	0	50	500	500	0	500	500	0	
1.3249912882e+02	6	231	12	488	2	8	0	50	500	500	0	500	500	0	
1.3299936486e+02	6	232	13	487	6	4	0	50	500	500	0	500	500	0	
1.3349996022e+02	6	233	8	492	6	4	0	50	500	500	0	500	500	0	
1.3399870384e+02	6	234	6	494	7	6	0	50	500	500	0	500	500	0	
1.3449703008e+02	6	233	18	482	4	8	0	50	500	500	0	500	500	0	
1.3499883973e+02	5	235	7	493	4	8	0	50	500	500	0	500	500	0	
1.3549662834e+02	6	234	8	492	1	12	0	50	500	500	0	500	500	0	
1.3599347888e+02	7	232	11	489	3	2	0	50	500	500	0	500	500	0	
1.3649836006e+02	5	236	12	488	4	4	0	50	500	500	0	500	500	0	
1.3699560411e+02	5	236	18	482	2	9	0	50	500	500	0	500	500	0	
1.3749393486e+02	5	237	16	484	2	5	0	50	500	500	0	500	500	0	
1.3799855555e+02	8	235	14	486	4	5	0	50	500	500	0	500	500	0	
1.3849578049e+02	5	240	12	488	3	5	0	50	500	500	0	500	500	0	
1.3899835838e+02	6	239	13	487	4	6	0	50	500	500	0	500	500	0	
1.3949781381e+02	3	242	8	492	2	4	0	50	500	500	0	500	500	0	
1.3998649210e+02	3	244	5	495	2	7	0	50	500	500	0	500	500	0	
1.4049295633e+02	4	242	5	495	3	5	0	50	500	500	0	500	500	0	
1.4099426671e+02	6	240	14	486	2	0	0	50	500	500	0	500	500	0	
1.4149563801e+02	6	239	13	487	3	10	0	50	500	500	0	500	500	0	
1.4199744446e+02	8	236	11	489	3	2	0	50	500	500	0	500	500	0	
1.4249995845e+02	11	233	6	494	3	8	0	50	500	500	0	500	500	0	
1.4299740583e+02	9	236	12	488	2	8	0	50	500	500	0	500	500	0	
1.4349689306e+02	8	237	10	490	5	6	0	50	500	500	0	500	500	0	
1.4399809664e+02	8	239	11	489	6	7	0	50	500	500	0	500	500	0	
1.4449576074e+02	9	237	14	486	2	10	0	50	500	500	0	500	500	0	
1.4499923288e+02	10	237	19	481	2	6	0	50	500	500	0	500	500	0	
1.4549382819e+02	8	241	10	490	5	5	0	50	500	500	0	500	500	0	
1.4599761691e+02	7	242	16	484	3	10	0	50	500	500	0	500	500	0	
1.4649979650e+02	10	240	13	487	5	3	0	50	500	500	0	500	500	0	
1.4699909962e+02	6	245	5	495	1	4	0	50	500	500	0	500	500	0	
1.4749741286e+02	4	246	10	490	2	7	0	50	500	500	0	500	500	0	
1.4799649412e+02	2	250	9	491	1	3	0	50	500	500	0	500	500	0	
1.4849732870e+02	2	250	15	485	2	8	0	50	500	500	0	500	500	0	
1.4899944902e+02	4	248	15	485	3	5	0	50	500	500	0	500	500	0	
1.4949892363e+02	6	246	14	486	5	8	0	50	500	500	0	500	500	0	
1.4999553211e+02	5	248	12	488	3	6	0	50	500	500	0	500	500	0	
1.5049999032e+02	5	249	8	492	3	2	0	50	500	500	0	500	500	0	
1.5099705301e+02	6	248	13	487	3	5	0	50	500	500	0	500	500	0	
1.5149856335e+02	5	249	16	484	1	7	0	50	500	500	0	500	500	0	
1.5199977128e+02	8	246	12	488	3	7	0	50	500	500	0	500	500	0	
1.5249920572e+02	9	245	10	490	3	2	0	50	500	500	0	500	500	0	
1.5299471877e+02	6	248	14	486	3	6	0	50	500	500	0	500	500	0	
1.5349003448e+02	3	252	8	492	2	3	0	50	500	500	0	500	500	0	
1.5399949386e+02	4	251	7	493	2	4	0	50	500	500	0	500	500	0	
1.5449963057e+02	3	252	9	491	3	2	0	50	500	500	0	500	500	0	
1.5499669450e+02	4	253	7	493	4	6	0	50	500	500	0	500	500	0	
1.5549595077e+02	3	255	14	486	3	9	0	50	500	500	0	500	500	0	
1.5599915007e+02	5	256	14	486	3	4	0	50	500	500	0	500	500	0	
1.5649668838e+02	3	260	10	490	5	5	0	50	500	500	0	500	500	0	
1.5699856941e+02	3	260	17	483	3	3	0	50	500	500	0	500	500	0	
1.5749479437e+02	2	261	11	489	6	3	0	50	500	500	0	500	500	0	
1.5799480156e+02	4	259	12	488	2	3	0	50	500	500	0	500	500	0	
1.5849612027e+02	4	257	7	493	7	2	0	50	500	500	0	500	500	0	
1.5899616615e+02	6	255	10	490	1	8	0	50	500	500	0	500	500	0	
1.5948015692e+02	6	255	10	490	2	6	0	50	500	500	0	500	500	0	
1.5999911172e+02	4	259	9	491	4	8	0	50	500	500	0	500	500	0	
1.6049965664e+02	4	261	16	484	7	5	0	50	500	500	0	500	500	0	
1.6099021330e+02	4	262	5	495	6	3	0	50	500	500	0	500	500	0	
1.6149705271e+02	5	262	11	489	3	4	0	50	500	500	0	500	500	0	
1.6199428532e+02	5	262	17	483	4	7	0	50	500	500	0	500	500	0	
1.6249405945e+02	7	262	8	492	4	8	0	50	500	500	0	500	500	0	
1.6299657772e+02	8	262	12	488	7	8	0	50	500	500	0	500	500	0	
1.6349801424e+02	8	262	9	491	6	7	0	50	500	500	0	500	500	0	
1.6399845272e+02	7	262	12	488	2	7	0	50	500	500	0	500	500	0	
1.6449864217e+02	8	262	9	491	5	2	0	50	500	500	0	500	500	0	
1.6499993198e+02	7	261	9	491	4	6	0	50	500	500	0	500	500	0	
1.6549789286e+02	7	261	13	487	4	9	0	50	500	500	0	500	500	0	
1.6599787421e+02	7	262	9	491	4	8	0	50	500	500	0	500	500	0	
1.6649894261e+02	8	261	8	492	4	11	0	50	500	500	0	500	500	0	
1.6699556692e+02	12	257	7	493	6	2	0	50	500	500	0	500	500	0	
1.6749778281e+02	10	260	4	496	4	3	0	50	500	500	0	500	500	0	
1.6799088585e+02	10	260	11	489	4	3	0	50	500	500	0	500	500	0	
1.6849703164e+02	9	261	8	492	2	7	0	50	500	500	0	500	500	0	
1.6899925191e+02	9	261	11	489	6	9	0	50	500	500	0	500	500	0	
1.6949686348e+02	13	257	5	495	2	8	0	50	500	500	0	500	500	0	
1.6999861878e+02	11	262	10	490	3	9	0	50	500	500	0	500	500	0	
1.7049884122e+02	12	262	4	496	3	8	0	50	500	500	0	500	500	0	
1.7099620247e+02	11	263	7	493	9	8	0	50	500	500	0	500	500	0	
1.7149293378e+02	13	263	12	488	8	7	0	50	500	500	0	500	500	0	
1.7199978490e+02	12	264	7	493	6	4	0	50	500	500	0	500	500	0	
1.7249380281e+02	8	269	12	488	4	3	0	50	500	500	0	500	500	0	
1.7299794596e+02	7	270	13	487	5	8	0	50	500	500	0	500	500	0	
1.7349959773e+02	9	268	14	486	5	6	0	50	500	500	0	500	500	0	
1.7399832772e+02	6	274	18	482	8	7	0	50	500	500	0	500	500	0	
1.7449579565e+02	9	272	11	489	6	4	0	50	500	500	0	500	500	0	
1.7499923790e+02	11	270	21	479	3	11	0	50	500	500	0	500	500	0	
1.7549777581e+02	9	272	9	491	3	9	0	50	500	500	0	500	500	0	
1.7599970833e+02	10	272	12	488	4	7	0	50	500	500	0	500	500	0	
1.7649803403e+02	8	274	2	498	2	7	0	50	500	500	0	500	500	0	
1.7699928115e+02	8	273	14	486	3	8	0	50	500	500	0	500	500	0	
1.7749884102e+02	6	277	11	489	4	3	0	50	500	500	0	500	500	0	
1.7799196263e+02	5	279	16	484	4	6	0	50	500	500	0	500	500	0	
1.7849007396e+02	7	276	11	489	0	3	0	50	500	500	0	500	500	0	
1.7899574299e+02	4	278	3	497	4	2	0	50	500	500	0	500	500	0	
1.7949746286e+02	4	278	4	496	6	5	0	50	500	500	0	500	500	0	
1.7999911907e+02	6	277	7	493	5	5	0	50	500	500	0	500	500	0	
1.8049765311e+02	9	274	9	491	6	8	0	50	500	500	0	500	500	0	
1.8099792970e+02	13	272	4	496	3	12	0	50	500	500	0	500	500	0	
1.8149872534e+02	12	273	9	491	3	5	0	50	500	500	0	500	500	0	
1.8199885445e+02	11	276	7	493	2	4	0	50	500	500	0	500	500	0	
1.8249992131e+02	7	281	10	490	2	3	0	50	500	500	0	500	500	0	
1.8299664228e+02	6	283	10	490	3	5	0	50	500	500	0	500	500	0	
1.8349982340e+02	6	285	6	494	2	6	0	50	500	500	0	500	500	0	
1.8399702514e+02	5	286	13	487	4	11	0	50	500	500	0	500	500	0	
1.8449929769e+02	5	287	11	489	6	4	0	50	500	500	0	500	500	0	
1.8499821491e+02	8	285	12	488	0	10	0	50	500	500	0	500	500	0	
1.8549724022e+02	9	283	5	495	3	8	0	50	500	500	0	500	500	0	
1.8599951957e+02	10	282	14	486	4	5	0	50	500	500	0	500	500	0	
1.8649942210e+02	12	281	10	490	3	5	0	50	500	500	0	500	500	0	
1.8699530778e+02	10	282	13	487	4	4	0	50	500	500	0	500	500	0	
1.8749810210e+02	12	280	10	490	1	8	0	50	500	500	0	500	500	0	
1.8799624958e+02	11	283	16	484	2	2	0	50	500	500	0	500	500	0	
1.8849442876e+02	10	283	12	488	3	6	0	50	500	500	0	500	500	0	
1.8899692855e+02	12	283	6	494	3	13	0	50	500	500	0	500	500	0	
1.8949631156e+02	10	286	10	490	7	3	0	50	500	500	0	500	500	0	
1.8999769915e+02	8	287	4	496	4	6	0	50	500	500	0	500	500	0	
1.9049378407e+02	10	286	10	490	3	6	0	50	500	500	0	500	500	0	
1.9099458268e+02	8	289	12	488	9	2	0	50	500	500	0	500	500	0	
1.9149679414e+02	7	292	17	483	6	8	0	50	500	500	0	500	500	0	
1.9199517802e+02	4	297	13	487	7	6	0	50	500	500	0	500	500	0	
1.9249887173e+02	5	297	9	491	7	3	0	50	500	500	0	500	500	0	
1.9299972976e+02	5	300	6	494	6	5	0	50	500	500	0	500	500	0	
1.9349971792e+02	6	301	6	494	4	5	0	50	500	500	0	500	500	0	
1.9399700944e+02	4	303	10	490	2	8	0	50	500	500	0	500	500	0	
1.9449923128e+02	6	302	11	489	6	10	0	50	500	500	0	500	500	0	
1.9499685753e+02	6	300	3	497	1	10	0	50	500	500	0	500	500	0	
1.9549925570e+02	8	298	10	490	6	8	0	50	500	500	0	500	500	0	
1.9599883216e+02	8	298	10	490	7	9	0	50	500	500	0	500	500	0	
1.9649932359e+02	8	299	12	488	6	6	0	50	500	500	0	500	500	0	
1.9699898874e+02	8	298	7	493	5	6	0	50	500	500	0	500	500	0	
1.9749679865e+02	7	300	7	493	0	3	0	50	500	500	0	500	500	0	
1.9799110431e+02	4	305	10	490	1	5	0	50	500	500	0	500	500	0	
1.9849625153e+02	5	305	9	491	3	3	0	50	500	500	0	500	500	0	
1.9899785029e+02	4	306	8	492	1	3	0	50	500	500	0	500	500	0	
1.9949389683e+02	3	308	9	491	1	5	0	50	500	500	0	500	500	0	
1.9999990713e+02	6	305	12	488	5	9	0	50	500	500	0	500	500	0	
2.0049912951e+02	6	306	12	488	4	11	0	50	500	500	0	500	500	0	
2.0099846816e+02	9	304	7	493	7	2	0	50	500	500	0	500	500	0	
2.0149924163e+02	7	305	7	493	4	3	0	50	500	500	0	500	500	0	
2.0199905968e+02	7	306	2	498	2	6	0	50	500	500	0	500	500	0	
2.0249848000e+02	11	305	11	489	6	8	0	50	500	500	0	500	500	0	
2.0299773569e+02	12	305	6	494	7	6	0	50	500	500	0	500	500	0	
2.0349721230e+02	10	308	10	490	5	5	0	50	500	500	0	500	500	0	
2.0399848853e+02	9	311	7	493	4	10	0	50	500	500	0	500	500	0	
2.0449924052e+02	9	313	7	493	3	12	0	50	500	500	0	500	500	0	
2.0499995608e+02	7	317	6	494	5	6	0	50	500	500	0	500	500	0	
2.0549838404e+02	7	315	9	491	5	12	0	50	500	500	0	500	500	0	
2.0599984471e+02	13	308	7	493	4	9	0	50	500	500	0	500	500	0	
2.0649955974e+02	10	313	10	490	3	6	0	50	500	500	0	500	500	0	
2.0699830751e+02	11	312	10	490	5	7	0	50	500	500	0	500	500	0	
2.0748999268e+02	11	314	8	492	4	9	0	50	500	500	0	500	500	0	
2.0799878992e+02	12	315	6	494	6	7	0	50	500	500	0	500	500	0	
2.0849974487e+02	17	310	11	489	6	12	0	50	500	500	0	500	500	0	
2.0899912356e+02	17	309	9	491	7	11	0	50	500	500	0	500	500	0	
2.0949782148e+02	18	310	6	494	5	11	0	50	500	500	0	500	500	0	
2.0999913947e+02	19	308	8	492	4	5	0	50	500	500	0	500	500	0	
2.1049762676e+02	22	305	15	485	6	5	0	50	500	500	0	500	500	0	
2.1099907648e+02	19	308	3	497	5	8	0	50	500	500	0	500	500	0	
2.1149450731e+02	17	310	3	497	8	4	0	50	500	500	0	500	500	0	
2.1199946902e+02	14	315	10	490	3	7	0	50	500	500	0	500	500	0	
2.1249425017e+02	12	319	6	494	8	4	0	50	500	500	0	500	500	0	
2.1299778761e+02	12	320	6	494	2	3	0	50	500	500	0	500	500	0	
2.1349923382e+02	12	320	9	491	3	7	0	50	500	500	0	500	500	0	
2.1399864024e+02	10	322	11	489	3	8	0	50	500	500	0	500	500	0	
2.1449658389e+02	10	323	6	494	5	5	0	50	500	500	0	500	500	0	
2.1499843811e+02	10	324	8	492	6	9	0	50	500	500	0	500	500	0	
2.1549860609e+02	10	325	7	493	2	10	0	50	500	500	0	500	500	0	
2.1599810129e+02	11	325	11	489	3	9	0	50	500	500	0	500	500	0	
2.1649926578e+02	13	322	12	488	7	8	0	50	500	500	0	500	500	0	
2.1699914322e+02	13	322	11	489	6	7	0	50	500	500	0	500	500	0	
2.1749233725e+02	11	321	7	493	2	4	0	50	500	500	0	500	500	0	
2.1799997254e+02	9	323	8	492	1	8	0	50	500	500	0	500	500	0	
2.1849367202e+02	11	321	9	491	2	5	0	50	500	500	0	500	500	0	
2.1899834610e+02	10	324	7	493	2	13	0	50	500	500	0	500	500	0	
2.1949956912e+02	7	327	12	488	5	4	0	50	500	500	0	500	500	0	
2.1998937422e+02	11	323	6	494	2	10	0	50	500	500	0	500	500	0	
2.2049140236e+02	8	327	6	494	1	3	0	50	500	500	0	500	500	0	
2.2099124743e+02	9	326	11	489	5	4	0	50	500	500	0	500	500	0	
2.2149985456e+02	11	325	12	488	4	10	0	50	500	500	0	500	500	0	
2.2199401756e+02	9	327	14	486	5	9	0	50	500	500	0	500	500	0	
2.2249774959e+02	8	328	10	490	5	7	0	50	500	500	0	500	500	0	
2.2299487143e+02	9	327	9	491	6	8	0	50	500	500	0	500	500	0	
2.2349431288e+02	8	327	11	489	9	5	0	50	500	500	0	500	500	0	
2.2399985738e+02	9	327	4	496	5	5	0	50	500	500	0	500	500	0	
2.2449957968e+02	11	327	2	498	4	6	0	50	500	500	0	500	500	0	
2.2499354074e+02	10	331	9	491	2	8	0	50	500	500	0	500	500	0	
2.2549761708e+02	15	327	8	492	6	5	0	50	500	500	0	500	500	0	
2.2599778340e+02	13	330	7	493	8	5	0	50	500	500	0	500	500	0	
2.2649975554e+02	13	330	8	492	5	11	0	50	500	500	0	500	500	0	
2.2699905722e+02	12	331	7	493	7	5	0	50	500	500	0	500	500	0	
2.2749247478e+02	10	333	5	495	3	7	0	50	500	500	0	500	500	0	
2.2799954913e+02	9	334	9	491	2	5	0	50	500	500	0	500	500	0	
2.2849947741e+02	9	333	5	495	5	4	0	50	500	500	0	500	500	0	
2.2899942215e+02	8	334	11	489	13	5	0	50	500	500	0	500	500	0	
2.2949868271e+02	9	335	8	492	5	9	0	50	500	500	0	500	500	0	
2.2999911080e+02	10	334	6	494	4	7	0	50	500	500	0	500	500	0	
2.3049726516e+02	13	331	10	490	3	6	0	50	500	500	0	500	500	0	
2.3099866910e+02	14	331	5	495	7	16	0	50	500	500	0	500	500	0	
2.3149991942e+02	17	330	10	490	4	11	0	50	500	500	0	500	500	0	
2.3199579382e+02	13	334	8	492	6	7	0	50	500	500	0	500	500	0	
2.3249979744e+02	13	334	9	491	3	13	0	50	500	500	0	500	500	0	
2.3299935438e+02	16	331	5	495	5	4	0	50	500	500	0	500	500	0	
2.3349965757e+02	14	334	9	491	3	6	0	50	500	500	0	500	500	0	
2.3399366429e+02	13	335	5	495	3	5	0	50	500	500	0	500	500	0	
2.3449010635e+02	10	340	6	494	0	7	0	50	500	500	0	500	500	0	
2.3499951971e+02	6	344	5	495	2	6	0	50	500	500	0	500	500	0	
2.3549647630e+02	9	343	7	493	5	5	0	50	500	500	0	500	500	0	
2.3599710258e+02	7	347	2	498	3	8	0	50	500	500	0	500	500	0	
2.3649864586e+02	8	348	11	489	6	14	0	50	500	500	0	500	500	0	
2.3699956465e+02	10	347	4	496	3	8	0	50	500	500	0	500	500	0	
2.3749595852e+02	9	349	7	493	2	7	0	50	500	500	0	500	500	0	
2.3799837731e+02	9	350	4	496	5	12	0	50	500	500	0	500	500	0	
2.3849636572e+02	12	348	18	482	6	4	0	50	500	500	0	500	500	0	
2.3899970985e+02	13	346	7	493	9	6	0	50	500	500	0	500	500	0	
2.3949551531e+02	16	346	13	487	8	4	0	50	500	500	0	500	500	0	
2.3999895903e+02	20	343	12	488	6	9	0	50	500	500	0	500	500	0	
2.4049978250e+02	17	348	6	494	4	8	0	50	500	500	0	500	500	0	
2.4099987144e+02	18	347	13	487	5	4	0	50	500	500	0	500	500	0	
2.4149922917e+02	14	353	11	489	0	5	0	50	500	500	0	500	500	0	
2.4199946596e+02	14	352	15	485	3	5	0	50	500	500	0	500	500	0	
2.4249924691e+02	14	353	8	492	7	5	0	50	500	500	0	500	500	0	
2.4299872858e+02	13	354	7	493	0	9	0	50	500	500	0	500	500	0	
2.4349863897e+02	13	357	7	493	3	5	0	50	500	500	0	500	500	0	
2.4399440142e+02	10	359	8	492	4	4	0	50	500	500	0	500	500	0	
2.4449982622e+02	7	363	16	484	3	1	0	50	500	500	0	500	500	0	
2.4499834600e+02	8	362	9	491	3	7	0	50	500	500	0	500	500	0	
2.4549798476e+02	8	364	8	492	5	9	0	50	500	500	0	500	500	0	
2.4599795446e+02	9	362	9	491	3	8	0	50	500	500	0	500	500	0	
2.4649911257e+02	12	360	8	492	6	6	0	50	500	500	0	500	500	0	
2.4699994866e+02	12	362	9	491	6	7	0	50	500	500	0	500	500	0	
2.4749649955e+02	12	364	6	494	10	7	0	50	500	500	0	500	500	0	
2.4799948477e+02	11	366	8	492	5	9	0	50	500	500	0	500	500	0	
2.4849442159e+02	12	367	4	496	5	6	0	50	500	500	0	500	500	0	
2.4899496980e+02	13	368	8	492	5	7	0	50	500	500	0	500	500	0	
2.4949889006e+02	14	367	2	498	4	4	0	50	500	500	0	500	500	0	
2.4999531379e+02	12	370	5	495	4	3	0	50	500	500	0	500	500	0	
2.5049936152e+02	10	373	3	497	4	3	0	50	500	500	0	500	500	0	
2.5099934055e+02	9	373	3	497	4	5	0	50	500	500	0	500	500	0	
2.5149769059e+02	10	373	5	495	2	6	0	50	500	500	0	500	500	0	
2.5199917943e+02	8	376	4	496	3	5	0	50	500	500	0	500	500	0	
2.5249707859e+02	7	378	8	492	1	5	0	50	500	500	0	500	500	0	
2.5299923893e+02	6	380	8	492	1	6	0	50	500	500	0	500	500	0	
2.5349503178e+02	8	376	8	492	5	7	0	50	500	500	0	500	500	0	
2.5399855588e+02	14	370	8	492	6	3	0	50	500	500	0	500	500	0	
2.5449509781e+02	17	367	7	493	5	4	0	50	500	500	0	500	500	0	
2.5499984083e+02	16	370	10	490	1	7	0	50	500	500	0	500	500	0	
2.5549843220e+02	14	375	8	492	4	5	0	50	500	500	0	500	500	0	
2.5599616473e+02	12	378	9	491	6	4	0	50	500	500	0	500	500	0	
2.5649895973e+02	12	377	4	496	3	11	0	50	500	500	0	500	500	0	
2.5699967697e+02	9	383	7	493	4	2	0	50	500	500	0	500	500	0	
2.5749829177e+02	7	384	10	490	5	7	0	50	500	500	0	500	500	0	
2.5799972736e+02	9	383	6	494	3	8	0	50	500	500	0	500	500	0	
2.5849883701e+02	10	384	4	496	4	6	0	50	500	500	0	500	500	0	
2.5899898206e+02	15	379	5	495	5	5	0	50	500	500	0	500	500	0	
2.5949895600e+02	17	379	7	493	5	10	0	50	500	500	0	500	500	0	
2.5999982174e+02	17	379	4	496	4	8	0	50	500	500	0	500	500	0	
2.6049875947e+02	14	382	8	492	9	5	0	50	500	500	0	500	500	0	
2.6099950683e+02	15	383	8	492	3	7	0	50	500	500	0	500	500	0	
2.6149526856e+02	12	386	6	494	3	5	0	50	500	500	0	500	500	0	
2.6199981994e+02	15	385	8	492	6	6	0	50	500	500	0	500	500	0	
2.6249972503e+02	14	387	8	492	6	8	0	50	500	500	0	500	500	0	
2.6299616865e+02	11	390	6	494	1	3	0	50	500	500	0	500	500	0	
2.6349981173e+02	10	391	7	493	5	4	0	50	500	500	0	500	500	0	
2.6399841258e+02	12	386	8	492	9	7	0	50	500	500	0	500	500	0	
2.6449941231e+02	8	390	10	490	4	12	0	50	500	500	0	500	500	0	
2.6499991761e+02	11	388	5	495	2	10	0	50	500	500	0	500	500	0	
2.6549697180e+02	11	389	6	494	4	5	0	50	500	500	0	500	500	0	
2.6599918992e+02	8	392	10	490	9	2	0	50	500	500	0	500	500	0	
2.6649891277e+02	4	397	6	494	5	7	0	50	500	500	0	500	500	0	
2.6699926220e+02	4	399	7	493	2	2	0	50	500	500	0	500	500	0	
2.6749691713e+02	6	397	10	490	3	5	0	50	500	500	0	500	500	0	
2.6799576179e+02	9	395	3	497	5	7	0	50	500	500	0	500	500	0	
2.6849885861e+02	8	396	5	495	5	9	0	50	500	500	0	500	500	0	
2.6899983890e+02	12	393	5	495	8	7	0	50	500	500	0	500	500	0	
2.6949699490e+02	13	392	4	496	2	9	0	50	500	500	0	500	500	0	
2.6999542318e+02	9	396	8	492	6	9	0	50	500	500	0	500	500	0	
2.7049757315e+02	12	393	5	495	7	6	0	50	500	500	0	500	500	0	
2.7099858074e+02	14	391	12	488	6	7	0	50	500	500	0	500	500	0	
2.7149887230e+02	16	391	6	494	7	5	0	50	500	500	0	500	500	0	
2.7199961430e+02	13	396	4	496	6	7	0	50	500	500	0	500	500	0	
2.7249845392e+02	12	396	6	494	2	5	0	50	500	500	0	500	500	0	
2.7299673582e+02	11	398	6	494	4	4	0	50	500	500	0	500	500	0	
2.7349927194e+02	9	402	2	498	2	5	0	50	500	500	0	500	500	0	
2.7399387520e+02	11	402	7	493	5	6	0	50	500	500	0	500	500	0	
2.7449540436e+02	16	398	4	496	3	7	0	50	500	500	0	500	500	0	
2.7499795048e+02	11	403	5	495	1	7	0	50	500	500	0	500	500	0	
2.7549655624e+02	10	405	8	492	2	3	0	50	500	500	0	500	500	0	
2.7599882218e+02	8	406	5	495	2	12	0	50	500	500	0	500	500	0	
2.7649808380e+02	7	406	8	492	2	11	0	50	500	500	0	500	500	0	
2.7699932611e+02	8	404	9	491	6	8	0	50	500	500	0	500	500	0	
2.7749581978e+02	10	403	4	496	5	6	0	50	500	500	0	500	500	0	
2.7799973738e+02	9	402	3	497	1	2	0	50	500	500	0	500	500	0	
2.7849751312e+02	7	406	11	489	2	4	0	50	500	500	0	500	500	0	
2.7899168296e+02	4	408	7	493	1	0	0	50	500	500	0	500	500	0	
2.7949909270e+02	1	412	8	492	3	2	0	50	500	500	0	500	500	0	
2.7999706358e+02	3	412	5	495	6	6	0	50	500	500	0	500	500	0	
2.8049660861e+02	4	412	8	492	4	2	0	50	500	500	0	500	500	0	
2.8099918872e+02	4	413	4	496	1	6	0	50	500	500	0	500	500	0	
2.8149853275e+02	4	413	3	497	6	3	0	50	500	500	0	500	500	0	
2.8199856373e+02	9	411	15	485	5	5	0	50	500	500	0	500	500	0	
2.8249592241e+02	8	412	7	493	1	8	0	50	500	500	0	500	500	0	
2.8299190688e+02	7	413	6	494	0	7	0	50	500	500	0	500	500	0	
2.8349593321e+02	10	410	6	494	3	7	0	50	500	500	0	500	500	0	
2.8399874267e+02	12	408	6	494	3	5	0	50	500	500	0	500	500	0	
2.8449855178e+02	11	411	8	492	2	9	0	50	500	500	0	500	500	0	
2.8499863464e+02	8	417	9	491	2	8	0	50	500	500	0	500	500	0	
2.8549926265e+02	10	419	3	497	2	5	0	50	500	500	0	500	500	0	
2.8599792086e+02	7	422	6	494	3	8	0	50	500	500	0	500	500	0	
2.8649964188e+02	9	419	6	494	9	3	0	50	500	500	0	500	500	0	
2.8699674294e+02	12	416	7	493	4	5	0	50	500	500	0	500	500	0	
2.8749984015e+02	16	411	7	493	5	11	0	50	500	500	0	500	500	0	
2.8799953409e+02	12	415	9	491	3	8	0	50	500	500	0	500	500	0	
2.8849806261e+02	14	416	7	493	1	3	0	50	500	500	0	500	500	0	
2.8899987257e+02	12	419	9	491	3	4	0	50	500	500	0	500	500	0	
2.8949913279e+02	9	423	4	496	4	9	0	50	500	500	0	500	500	0	
2.8999871900e+02	10	424	6	494	5	6	0	50	500	500	0	500	500	0	
2.9049978144e+02	11	422	6	494	8	4	0	50	500	500	0	500	500	0	
2.9099844022e+02	9	424	7	493	2	6	0	50	500	500	0	500	500	0	
2.9149946428e+02	10	423	10	490	2	2	0	50	500	500	0	500	500	0	
2.9199948241e+02	8	427	2	498	4	4	0	50	500	500	0	500	500	0	
2.9249845460e+02	8	429	3	497	3	5	0	50	500	500	0	500	500	0	
2.9299939277e+02	8	429	15	485	4	6	0	50	500	500	0	500	500	0	
2.9349962170e+02	14	424	2	498	4	4	0	50	500	500	0	500	500	0	
2.9399897536e+02	15	421	5	495	1	5	0	50	500	500	0	500	500	0	
2.9449864364e+02	14	425	6	494	5	6	0	50	500	500	0	500	500	0	
2.9499575554e+02	12	429	7	493	3	4	0	50	500	500	0	500	500	0	
2.9549884579e+02	13	428	3	497	1	6	0	50	500	500	0	500	500	0	
2.9599341404e+02	12	429	6	494	6	3	0	50	500	500	0	500	500	0	
2.9649992658e+02	12	429	10	490	7	5	0	50	500	500	0	500	500	0	
2.9698888757e+02	14	427	2	498	6	8	0	50	500	500	0	500	500	0	
2.9749426524e+02	12	429	5	495	4	6	0	50	500	500	0	500	500	0	
2.9799932379e+02	11	431	7	493	4	7	0	50	500	500	0	500	500	0	
2.9849825000e+02	11	430	5	495	6	6	0	50	500	500	0	500	500	0	
2.9899995231e+02	10	431	4	496	4	7	0	50	500	500	0	500	500	0	
2.9949963908e+02	11	431	11	489	2	6	0	50	500	500	0	500	500	0	
2.9999660134e+02	12	429	7	493	1	4	0	50	500	500	0	500	500	0	
3.0049585374e+02	14	427	6	494	4	6	0	50	500	500	0	500	500	0	
3.0099857424e+02	14	428	4	496	4	9	0	50	500	500	0	500	500	0	
3.0149976978e+02	17	424	6	494	3	10	0	50	500	500	0	500	500	0	
3.0199999833e+02	21	421	9	491	5	4	0	50	500	500	0	500	500	0	
3.0249765820e+02	15	427	7	493	5	7	0	50	500	500	0	500	500	0	
3.0299977658e+02	15	427	5	495	8	6	0	50	500	500	0	500	500	0	
3.0349869758e+02	13	432	6	494	3	8	0	50	500	500	0	500	500	0	
3.0399898327e+02	12	431	6	494	6	4	0	50	500	500	0	500	500	0	
3.0449971469e+02	10	433	8	492	9	5	0	50	500	500	0	500	500	0	
3.0499943702e+02	10	431	3	497	2	8	0	50	500	500	0	500	500	0	
3.0549767820e+02	11	432	8	492	4	7	0	50	500	500	0	500	500	0	
3.0599762292e+02	10	433	3	497	10	6	0	50	500	500	0	500	500	0	
3.0649582754e+02	10	434	2	498	4	8	0	50	500	500	0	500	500	0	
3.0699779492e+02	12	432	4	496	5	6	0	50	500	500	0	500	500	0	
3.0749995426e+02	14	431	6	494	13	5	0	50	500	500	0	500	500	0	
3.0799972685e+02	13	433	8	492	6	7	0	50	500	500	0	500	500	0	
3.0849903145e+02	12	432	6	494	1	8	0	50	500	500	0	500	500	0	
3.0899977507e+02	12	432	5	495	9	11	0	50	500	500	0	500	500	0	
3.0949968508e+02	16	427	9	491	2	8	0	50	500	500	0	500	500	0	
3.0999769109e+02	15	429	4	496	2	6	0	50	500	500	0	500	500	0	
3.1049914995e+02	12	432	11	489	8	3	0	50	500	500	0	500	500	0	
3.1099951385e+02	12	434	2	498	8	5	0	50	500	500	0	500	500	0	
3.1149995459e+02	10	436	2	498	1	5	0	50	500	500	0	500	500	0	
3.1199794646e+02	14	433	6	494	1	5	0	50	500	500	0	500	500	0	
3.1249692646e+02	11	437	5	495	3	5	0	50	500	500	0	500	500	0	
3.1299690505e+02	10	439	6	494	2	3	0	50	500	500	0	500	500	0	
3.1349793007e+02	8	441	7	493	4	10	0	50	500	500	0	500	500	0	
3.1399739250e+02	10	442	9	491	2	6	0	50	500	500	0	500	500	0	
3.1449881291e+02	9	444	10	490	6	5	0	50	500	500	0	500	500	0	
3.1499919677e+02	7	446	4	496	8	4	0	50	500	500	0	500	500	0	
3.1549411599e+02	10	446	5	495	5	7	0	50	500	500	0	500	500	0	
3.1599853199e+02	15	440	6	494	6	3	0	50	500	500	0	500	500	0	
3.1649810197e+02	13	442	6	494	5	7	0	50	500	500	0	500	500	0	
3.1699916392e+02	12	443	2	498	10	6	0	50	500	500	0	500	500	0	
3.1749990071e+02	9	444	4	496	1	6	0	50	500	500	0	500	500	0	
3.1799857874e+02	12	441	5	495	2	10	0	50	500	500	0	500	500	0	
3.1849860711e+02	12	441	4	496	4	6	0	50	500	500	0	500	500	0	
3.1899921881e+02	12	441	5	495	4	3	0	50	500	500	0	500	500	0	
3.1949447651e+02	10	444	4	496	0	3	0	50	500	500	0	500	500	0	
3.1999762091e+02	8	445	7	493	2	4	0	50	500	500	0	500	500	0	
3.2049989696e+02	6	448	6	494	6	4	0	50	500	500	0	500	500	0	
3.2099168812e+02	9	445	6	494	5	7	0	50	500	500	0	500	500	0	
3.2149420614e+02	14	440	3	497	3	7	0	50	500	500	0	500	500	0	
3.2199941207e+02	13	443	6	494	8	6	0	50	500	500	0	500	500	0	
3.2249973215e+02	14	443	6	494	5	4	0	50	500	500	0	500	500	0	
3.2299967542e+02	13	445	5	495	6	9	0	50	500	500	0	500	500	0	
3.2349532956e+02	16	443	7	493	6	6	0	50	500	500	0	500	500	0	
3.2399783136e+02	14	445	4	496	3	4	0	50	500	500	0	500	500	0	
3.2449915508e+02	15	443	3	497	0	5	0	50	500	500	0	500	500	0	
3.2499769283e+02	12	449	6	494	1	5	0	50	500	500	0	500	500	0	
3.2549979590e+02	12	449	9	491	6	6	0	50	500	500	0	500	500	0	
3.2599862371e+02	11	451	7	493	2	6	0	50	500	500	0	500	500	0	
3.2649831949e+02	11	452	7	493	5	5	0	50	500	500	0	500	500	0	
3.2699909900e+02	10	455	5	495	3	6	0	50	500	500	0	500	500	0	
3.2749578362e+02	10	456	5	495	4	4	0	50	500	500	0	500	500	0	
3.2799902645e+02	8	459	11	489	5	6	0	50	500	500	0	500	500	0	
3.2849163967e+02	9	458	6	494	3	4	0	50	500	500	0	500	500	0	
3.2899889266e+02	12	457	4	496	5	8	0	50	500	500	0	500	500	0	
3.2949858132e+02	13	456	8	492	5	8	0	50	500	500	0	500	500	0	
3.2999999916e+02	18	453	8	492	2	9	0	50	500	500	0	500	500	0	
3.3049859378e+02	20	451	7	493	9	3	0	50	500	500	0	500	500	0	
3.3099465116e+02	23	447	10	490	5	7	0	50	500	500	0	500	500	0	
3.3149615987e+02	22	448	6	494	6	6	0	50	500	500	0	500	500	0	
3.3199944343e+02	16	453	7	493	1	2	0	50	500	500	0	500	500	0	
3.3249844951e+02	12	458	1	499	3	7	0	50	500	500	0	500	500	0	
3.3299710614e+02	7	466	6	494	2	3	0	50	500	500	0	500	500	0	
3.3349940726e+02	6	467	6	494	4	2	0	50	500	500	0	500	500	0	
3.3399986590e+02	8	463	10	490	5	8	0	50	500	500	0	500	500	0	
3.3449959708e+02	8	462	4	496	3	7	0	50	500	500	0	500	500	0	
3.3499475467e+02	8	461	5	495	4	8	0	50	500	500	0	500	500	0	
3.3549981081e+02	9	460	6	494	5	6	0	50	500	500	0	500	500	0	
3.3599494018e+02	10	459	10	490	4	9	0	50	500	500	0	500	500	0	
3.3649594781e+02	10	459	7	493	7	5	0	50	500	500	0	500	500	0	
3.3699872885e+02	12	460	6	494	4	9	0	50	500	500	0	500	500	0	
3.3749836114e+02	13	463	1	499	5	6	0	50	500	500	0	500	500	0	
3.3799956345e+02	16	460	0	500	6	10	0	50	500	500	0	500	500	0	
3.3849996676e+02	16	460	9	491	8	5	0	50	500	500	0	500	500	0	
3.3899682067e+02	19	458	4	496	7	3	0	50	500	500	0	500	500	0	
3.3949552807e+02	13	464	3	497	7	7	0	50	500	500	0	500	500	0	
3.3999996113e+02	15	462	3	497	5	10	0	50	500	500	0	500	500	0	
3.4049789253e+02	15	464	8	492	3	8	0	50	500	500	0	500	500	0	
3.4099968040e+02	17	462	5	495	7	6	0	50	500	500	0	500	500	0	
3.4149892281e+02	15	466	9	491	7	10	0	50	500	500	0	500	500	0	
3.4199715503e+02	15	466	4	496	4	6	0	50	500	500	0	500	500	0	
3.4249909388e+02	11	471	9	491	9	6	0	50	500	500	0	500	500	0	
3.4299938624e+02	9	473	6	494	5	5	0	50	500	500	0	500	500	0	
3.4349712614e+02	9	474	9	491	4	7	0	50	500	500	0	500	500	0	
3.4399995342e+02	8	475	4	496	2	15	0	50	500	500	0	500	500	0	
3.4449993860e+02	8	477	7	493	6	6	0	50	500	500	0	500	500	0	
3.4499999923e+02	8	479	11	489	4	6	0	50	500	500	0	500	500	0	
3.4549954965e+02	8	480	8	492	1	3	0	50	500	500	0	500	500	0	
3.4599868851e+02	8	479	1	499	5	8	0	50	500	500	0	500	500	0	
3.4649974265e+02	7	482	6	494	5	5	0	50	500	500	0	500	500	0	
3.4699920636e+02	7	483	7	493	5	8	0	50	500	500	0	500	500	0	
3.4749974247e+02	7	484	2	498	6	3	0	50	500	500	0	500	500	0	
3.4799886556e+02	9	487	4	496	4	6	0	50	500	500	0	500	500	0	
3.4849641167e+02	9	486	5	495	2	6	0	50	500	500	0	500	500	0	
3.4899947440e+02	14	483	6	494	3	5	0	50	500	500	0	500	500	0	
3.4949974095e+02	15	482	6	494	2	11	0	50	500	500	0	500	500	0	
3.4999701176e+02	13	485	2	498	3	6	0	50	500	500	0	500	500	0	
3.5049975748e+02	16	482	9	491	3	11	0	50	500	500	0	500	500	0	
3.5099843703e+02	12	486	7	493	6	8	0	50	500	500	0	500	500	0	
3.5149899314e+02	13	484	3	497	6	11	0	50	500	500	0	500	500	0	
3.5199419026e+02	8	491	1	499	4	11	0	50	500	500	0	500	500	0	
3.5249877939e+02	10	490	2	498	5	2	0	50	500	500	0	500	500	0	
3.5299989395e+02	13	485	4	496	3	5	0	50	500	500	0	500	500	0	
3.5349756246e+02	13	485	4	496	4	5	0	50	500	500	0	500	500	0	
3.5399824762e+02	16	481	8	492	1	8	0	50	500	500	0	500	500	0	
3.5449957047e+02	15	484	2	498	2	6	0	50	500	500	0	500	500	0	
3.5499994034e+02	11	489	8	492	5	7	0	50	500	500	0	500	500	0	
3.5549122677e+02	11	491	7	493	4	5	0	50	500	500	0	500	500	0	
3.5599751664e+02	13	490	3	497	4	6	0	50	500	500	0	500	500	0	
3.5649705941e+02	17	486	3	497	5	8	0	50	500	500	0	500	500	0	
3.5699986774e+02	20	484	7	493	6	12	0	50	500	500	0	500	500	0	
3.5749450842e+02	19	486	4	496	6	8	0	50	500	500	0	500	500	0	
3.5799764498e+02	17	487	6	494	3	7	0	50	500	500	0	500	500	0	
3.5849590661e+02	13	490	6	494	3	4	0	50	500	500	0	500	500	0	
3.5899445928e+02	9	495	3	497	3	9	0	50	500	500	0	500	500	0	
3.5949984308e+02	9	496	6	494	3	7	0	50	500	500	0	500	500	0	
3.5999824028e+02	10	499	10	490	3	6	0	50	500	500	0	500	500	0	
3.6049746692e+02	14	495	1	499	5	8	0	50	500	500	0	500	500	0	
3.6099858282e+02	15	496	7	493	7	7	0	50	500	500	0	500	500	0	
3.6149822264e+02	13	499	4	496	4	6	0	50	500	500	0	500	500	0	
3.6199878820e+02	13	502	3	497	3	8	0	50	500	500	0	500	500	0	
3.6249153070e+02	9	506	2	498	6	7	0	50	500	500	0	500	500	0	
3.6299950059e+02	11	504	6	494	5	6	0	50	500	500	0	500	500	0	
3.6349624522e+02	9	510	4	496	3	10	0	50	500	500	0	500	500	0	
3.6399872485e+02	10	509	10	490	7	2	0	50	500	500	0	500	500	0	
3.6449550254e+02	15	505	5	495	7	8	0	50	500	500	0	500	500	0	
3.6499691346e+02	14	507	0	500	6	9	0	50	500	500	0	500	500	0	
3.6549690850e+02	17	504	5	495	2	11	0	50	500	500	0	500	500	0	
3.6599997828e+02	18	503	9	491	8	8	0	50	500	500	0	500	500	0	
3.6649909567e+02	18	503	4	496	5	7	0	50	500	500	0	500	500	0	
3.6699585207e+02	16	506	7	493	3	6	0	50	500	500	0	500	500	0	
3.6749579057e+02	13	510	2	498	3	7	0	50	500	500	0	500	500	0	
3.6799632367e+02	13	510	4	496	3	5	0	50	500	500	0	500	500	0	
3.6849844967e+02	12	510	6	494	5	5	0	50	500	500	0	500	500	0	
3.6899864757e+02	10	511	10	490	4	7	0	50	500	500	0	500	500	0	
3.6949733926e+02	13	509	2	498	3	6	0	50	500	500	0	500	500	0	
3.6999771088e+02	8	515	4	496	4	6	0	50	500	500	0	500	500	0	
3.7049940494e+02	9	514	5	495	6	8	0	50	500	500	0	500	500	0	
3.7099853167e+02	11	512	7	493	6	8	0	50	500	500	0	500	500	0	
3.7149912262e+02	13	511	8	492	8	3	0	50	500	500	0	500	500	0	
3.7199803956e+02	12	511	7	493	7	5	0	50	500	500	0	500	500	0	
3.7249954126e+02	15	507	3	497	3	6	0	50	500	500	0	500	500	0	
3.7299852107e+02	16	507	5	495	6	5	0	50	500	500	0	500	500	0	
3.7349618813e+02	15	508	3	497	3	5	0	50	500	500	0	500	500	0	
3.7399728126e+02	14	512	8	492	1	5	0	50	500	500	0	500	500	0	
3.7449926611e+02	12	514	2	498	2	6	0	50	500	500	0	500	500	0	
3.7499993667e+02	9	519	1	499	4	4	0	50	500	500	0	500	500	0	
3.7549538981e+02	8	522	5	495	3	3	0	50	500	500	0	500	500	0	
3.7599921129e+02	6	524	3	497	3	6	0	50	500	500	0	500	500	0	
3.7649731512e+02	9	523	7	493	5	5	0	50	500	500	0	500	500	0	
3.7699758122e+02	11	519	7	493	3	4	0	50	500	500	0	500	500	0	
3.7749977102e+02	11	523	9	491	3	5	0	50	500	500	0	500	500	0	
3.7799814564e+02	10	524	5	495	3	3	0	50	500	500	0	500	500	0	
3.7849902406e+02	13	521	5	495	2	3	0	50	500	500	0	500	500	0	
3.7899793293e+02	11	523	2	498	4	5	0	50	500	500	0	500	500	0	
3.7949672847e+02	10	526	7	493	3	7	0	50	500	500	0	500	500	0	
3.7999806802e+02	8	529	4	496	5	3	0	50	500	500	0	500	500	0	
3.8049997274e+02	12	527	4	496	8	3	0	50	500	500	0	500	500	0	
3.8099857030e+02	16	524	8	492	4	5	0	50	500	500	0	500	500	0	
3.8149980271e+02	17	523	4	496	10	6	0	50	500	500	0	500	500	0	
3.8199873188e+02	16	524	4	496	6	7	0	50	500	500	0	500	500	0	
3.8249960048e+02	16	524	7	493	7	6	0	50	500	500	0	500	500	0	
3.8298547641e+02	17	524	4	496	2	6	0	50	500	500	0	500	500	0	
3.8348985097e+02	15	525	7	493	6	6	0	50	500	500	0	500	500	0	
3.8399887223e+02	18	521	3	497	5	9	0	50	500	500	0	500	500	0	
3.8449975790e+02	17	523	6	494	7	2	0	50	500	500	0	500	500	0	
3.8499894941e+02	15	526	3	497	6	5	0	50	500	500	0	500	500	0	
3.8549864964e+02	18	522	5	495	3	6	0	50	500	500	0	500	500	0	
3.8599854869e+02	13	530	3	497	1	4	0	50	500	500	0	500	500	0	
3.8649883568e+02	13	530	5	495	0	9	0	50	500	500	0	500	500	0	
3.8699737890e+02	12	530	2	498	2	5	0	50	500	500	0	500	500	0	
3.8749236760e+02	12	530	2	498	2	4	0	50	500	500	0	500	500	0	
3.8799450772e+02	12	532	7	493	4	2	0	50	500	500	0	500	500	0	
3.8849861351e+02	9	534	4	496	6	1	0	50	500	500	0	500	500	0	
3.8899907745e+02	13	530	3	497	5	6	0	50	500	500	0	500	500	0	
3.8949948899e+02	9	535	6	494	6	6	0	50	500	500	0	500	500	0	
3.8999954025e+02	9	535	6	494	1	3	0	50	500	500	0	500	500	0	
3.9049908578e+02	8	537	4	496	3	4	0	50	500	500	0	500	500	0	
3.9099911514e+02	7	538	7	493	1	2	0	50	500	500	0	500	500	0	
3.9149967238e+02	5	541	5	495	2	4	0	50	500	500	0	500	500	0	
3.9199475881e+02	8	538	9	491	3	6	0	50	500	500	0	500	500	0	
3.9249989066e+02	7	544	1	499	4	5	0	50	500	500	0	500	500	0	
3.9299975899e+02	10	543	6	494	5	4	0	50	500	500	0	500	500	0	
3.9349841164e+02	7	548	1	499	1	7	0	50	500	500	0	500	500	0	
3.9399573442e+02	9	547	8	492	1	6	0	50	500	500	0	500	500	0	
3.9449699924e+02	11	545	7	493	2	3	0	50	500	500	0	500	500	0	
3.9499335796e+02	14	541	7	493	3	5	0	50	500	500	0	500	500	0	
3.9549911731e+02	12	543	5	495	5	5	0	50	500	500	0	500	500	0	
3.9599863737e+02	14	542	5	495	5	9	0	50	500	500	0	500	500	0	
3.9649970459e+02	13	545	7	493	8	6	0	50	500	500	0	500	500	0	
3.9699862196e+02	16	542	4	496	10	7	0	50	500	500	0	500	500	0	
3.9749519487e+02	18	540	2	498	4	5	0	50	500	500	0	500	500	0	
3.9799934039e+02	19	538	6	494	5	7	0	50	500	500	0	500	500	0	
3.9849918893e+02	17	540	6	494	3	11	0	50	500	500	0	500	500	0	
3.9899691755e+02	12	547	2	498	5	12	0	50	500	500	0	500	500	0	
3.9949876210e+02	14	545	4	496	6	9	0	50	500	500	0	500	500	0	
3.9999833990e+02	13	546	3	497	7	5	0	50	500	500	0	500	500	0	
4.0049916275e+02	14	549	7	493	4	6	0	50	500	500	0	500	500	0	
4.0099949329e+02	11	552	4	496	6	6	0	50	500	500	0	500	500	0	
4.0149986853e+02	8	554	7	493	4	5	0	50	500	500	0	500	500	0	
4.0199653187e+02	7	557	3	497	6	1	0	50	500	500	0	500	500	0	
4.0249965859e+02	9	554	5	495	3	5	0	50	500	500	0	500	500	0	
4.0299854862e+02	7	558	4	496	7	5	0	50	500	500	0	500	500	0	
4.0349735156e+02	6	562	9	491	10	4	0	50	500	500	0	500	500	0	
4.0399860612e+02	8	560	4	496	5	10	0	50	500	500	0	500	500	0	
4.0449843896e+02	8	558	3	497	3	7	0	50	500	500	0	500	500	0	
4.0499933696e+02	9	557	6	494	4	5	0	50	500	500	0	500	500	0	
4.0549772860e+02	11	555	7	493	4	5	0	50	500	500	0	500	500	0	
4.0599884823e+02	12	554	2	498	4	6	0	50	500	500	0	500	500	0	
4.0649789919e+02	13	553	2	498	2	4	0	50	500	500	0	500	500	0	
4.0699652214e+02	8	558	8	492	2	0	0	50	500	500	0	500	500	0	
4.0749554132e+02	6	561	3	497	3	4	0	50	500	500	0	500	500	0	
4.0799977338e+02	5	562	5	495	5	3	0	50	500	500	0	500	500	0	
4.0849840700e+02	5	565	3	497	8	7	0	50	500	500	0	500	500	0	
4.0899926601e+02	9	561	5	495	4	4	0	50	500	500	0	500	500	0	
4.0949995745e+02	9	560	6	494	3	3	0	50	500	500	0	500	500	0	
4.0999921390e+02	12	557	2	498	6	9	0	50	500	500	0	500	500	0	
4.1049986831e+02	14	555	3	497	7	5	0	50	500	500	0	500	500	0	
4.1099613056e+02	17	553	5	495	3	9	0	50	500	500	0	500	500	0	
4.1149924303e+02	16	553	5	495	8	2	0	50	500	500	0	500	500	0	
4.1199994739e+02	16	554	1	499	3	4	0	50	500	500	0	500	500	0	
4.1249951942e+02	15	556	7	493	4	4	0	50	500	500	0	500	500	0	
4.1299816553e+02	12	559	2	498	1	8	0	50	500	500	0	500	500	0	
4.1349826368e+02	13	558	8	492	4	6	0	50	500	500	0	500	500	0	
4.1399395305e+02	13	558	2	498	5	2	0	50	500	500	0	500	500	0	
4.1449954137e+02	12	559	6	494	3	5	0	50	500	500	0	500	500	0	
4.1499744218e+02	7	563	3	497	3	6	0	50	500	500	0	500	500	0	
4.1549921041e+02	7	561	6	494	5	6	0	50	500	500	0	500	500	0	
4.1599986106e+02	9	558	7	493	6	5	0	50	500	500	0	500	500	0	
4.1649975782e+02	11	555	5	495	5	11	0	50	500	500	0	500	500	0	
4.1699937969e+02	16	550	4	496	3	10	0	50	500	500	0	500	500	0	
4.1749782824e+02	17	550	4	496	4	4	0	50	500	500	0	500	500	0	
4.1799390949e+02	16	551	8	492	7	4	0	50	500	500	0	500	500	0	
4.1849999094e+02	11	556	7	493	4	9	0	50	500	500	0	500	500	0	
4.1899938723e+02	11	558	3	497	5	6	0	50	500	500	0	500	500	0	
4.1949848879e+02	12	557	2	498	9	5	0	50	500	500	0	500	500	0	
4.1999923721e+02	15	555	3	497	3	9	0	50	500	500	0	500	500	0	
4.2049845702e+02	14	554	4	496	4	5	0	50	500	500	0	500	500	0	
4.2099947810e+02	11	557	6	494	3	5	0	50	500	500	0	500	500	0	
4.2149749556e+02	12	556	3	497	5	10	0	50	500	500	0	500	500	0	
4.2199969740e+02	12	557	1	499	10	6	0	50	500	500	0	500	500	0	
4.2249789388e+02	14	556	6	494	8	6	0	50	500	500	0	500	500	0	
4.2299695036e+02	18	552	1	499	4	4	0	50	500	500	0	500	500	0	
4.2349977087e+02	20	550	2	498	6	4	0	50	500	500	0	500	500	0	
4.2399865120e+02	18	553	5	495	3	9	0	50	500	500	0	500	500	0	
4.2449312074e+02	18	555	4	496	3	4	0	50	500	500	0	500	500	0	
4.2499255099e+02	19	556	10	490	2	3	0	50	500	500	0	500	500	0	
4.2549813168e+02	18	555	0	500	1	5	0	50	500	500	0	500	500	0	
4.2599505531e+02	18	554	1	499	3	4	0	50	500	500	0	500	500	0	
4.2649927365e+02	16	556	6	494	7	2	0	50	500	500	0	500	500	0	
4.2699817514e+02	11	562	7	493	5	6	0	50	500	500	0	500	500	0	
4.2749982797e+02	14	562	4	496	7	7	0	50	500	500	0	500	500	0	
4.2799522061e+02	15	561	6	494	8	8	0	50	500	500	0	500	500	0	
4.2849892912e+02	13	567	10	490	4	4	0	50	500	500	0	500	500	0	
4.2899933070e+02	11	569	9	491	2	7	0	50	500	500	0	500	500	0	
4.2949811385e+02	11	569	4	496	7	2	0	50	500	500	0	500	500	0	
4.2999747735e+02	8	572	4	496	7	8	0	50	500	500	0	500	500	0	
4.3049668507e+02	12	567	4	496	8	6	0	50	500	500	0	500	500	0	
4.3099926563e+02	12	566	2	498	4	5	0	50	500	500	0	500	500	0	
4.3149778841e+02	10	572	4	496	3	5	0	50	500	500	0	500	500	0	
4.3199940312e+02	8	575	7	493	4	6	0	50	500	500	0	500	500	0	
4.3249521494e+02	8	574	7	493	4	6	0	50	500	500	0	500	500	0	
4.3299985907e+02	7	575	3	497	4	3	0	50	500	500	0	500	500	0	
4.3349631652e+02	9	572	4	496	4	3	0	50	500	500	0	500	500	0	
4.3399882882e+02	11	571	2	498	4	5	0	50	500	500	0	500	500	0	
4.3449956705e+02	13	571	3	497	9	4	0	50	500	500	0	500	500	0	
4.3499994091e+02	14	571	2	498	3	5	0	50	500	500	0	500	500	0	
4.3549554670e+02	16	567	6	494	5	1	0	50	500	500	0	500	500	0	
4.3599993357e+02	14	569	4	496	2	3	0	50	500	500	0	500	500	0	
4.3649747371e+02	12	573	4	496	2	6	0	50	500	500	0	500	500	0	
4.3699741038e+02	14	571	7	493	3	9	0	50	500	500	0	500	500	0	
4.3749912018e+02	12	572	4	496	5	5	0	50	500	500	0	500	500	0	
4.3799765399e+02	10	575	8	492	5	3	0	50	500	500	0	500	500	0	
4.3849926685e+02	15	572	3	497	3	8	0	50	500	500	0	500	500	0	
4.3899730912e+02	17	569	1	499	4	11	0	50	500	500	0	500	500	0	
4.3949972324e+02	15	571	5	495	1	5	0	50	500	500	0	500	500	0	
4.3999593696e+02	17	569	5	495	4	7	0	50	500	500	0	500	500	0	
4.4049815951e+02	17	570	5	495	3	7	0	50	500	500	0	500	500	0	
4.4098292108e+02	18	568	2	498	2	5	0	50	500	500	0	500	500	0	
4.4149272179e+02	19	566	1	499	2	10	0	50	500	500	0	500	500	0	
4.4199768191e+02	19	566	3	497	3	12	0	50	500	500	0	500	500	0	
4.4249839937e+02	16	567	4	496	5	6	0	50	500	500	0	500	500	0	
4.4299917572e+02	15	569	3	497	3	4	0	50	500	500	0	500	500	0	
4.4349884230e+02	12	573	3	497	4	5	0	50	500	500	0	500	500	0	
4.4399691982e+02	13	573	5	495	3	6	0	50	500	500	0	500	500	0	
4.4449913270e+02	11	573	5	495	7	1	0	50	500	500	0	500	500	0	
4.4499827956e+02	11	573	3	497	3	9	0	50	500	500	0	500	500	0	
4.4549997429e+02	8	578	4	496	8	9	0	50	500	500	0	500	500	0	
4.4599849272e+02	13	575	0	500	5	8	0	50	500	500	0	500	500	0	
4.4649405579e+02	15	577	0	500	6	1	0	50	500	500	0	500	500	0	
4.4699872674e+02	18	574	7	493	1	8	0	50	500	500	0	500	500	0	
4.4749998154e+02	13	579	6	494	3	5	0	50	500	500	0	500	500	0	
4.4799817803e+02	16	576	0	500	6	10	0	50	500	500	0	500	500	0	
4.4849941618e+02	21	571	5	495	5	6	0	50	500	500	0	500	500	0	
4.4899948542e+02	23	568	1	499	8	4	0	50	500	500	0	500	500	0	
4.4949896319e+02	21	571	4	496	3	6	0	50	500	500	0	500	500	0	
4.4999994192e+02	16	576	3	497	4	6	0	50	500	500	0	500	500	0	
4.5049939261e+02	16	575	5	495	3	9	0	50	500	500	0	500	500	0	
4.5099780086e+02	17	574	6	494	4	9	0	50	500	500	0	500	500	0	
4.5149986670e+02	16	576	1	499	8	6	0	50	500	500	0	500	500	0	
4.5199989798e+02	14	580	1	499	6	6	0	50	500	500	0	500	500	0	
4.5249887146e+02	13	581	2	498	6	2	0	50	500	500	0	500	500	0	
4.5299570840e+02	12	581	6	494	3	5	0	50	500	500	0	500	500	0	
4.5349826974e+02	8	586	3	497	6	4	0	50	500	500	0	500	500	0	
4.5399987783e+02	12	582	5	495	5	7	0	50	500	500	0	500	500	0	
4.5449298912e+02	15	581	2	498	6	8	0	50	500	500	0	500	500	0	
4.5499976486e+02	17	581	10	490	3	8	0	50	500	500	0	500	500	0	
4.5549572473e+02	14	586	5	495	2	5	0	50	500	500	0	500	500	0	
4.5599873326e+02	12	587	5	495	4	3	0	50	500	500	0	500	500	0	
4.5649948657e+02	14	587	8	492	4	2	0	50	500	500	0	500	500	0	
4.5699804772e+02	17	585	3	497	1	6	0	50	500	500	0	500	500	0	
4.5749806518e+02	15	587	7	493	7	3	0	50	500	500	0	500	500	0	
4.5799948007e+02	12	592	5	495	6	14	0	50	500	500	0	500	500	0	
4.5849768021e+02	10	594	5	495	5	5	0	50	500	500	0	500	500	0	
4.5899670919e+02	11	593	7	493	6	1	0	50	500	500	0	500	500	0	
4.5949937305e+02	12	592	5	495	8	6	0	50	500	500	0	500	500	0	
4.5999626913e+02	13	593	9	491	5	3	0	50	500	500	0	500	500	0	
4.6049717258e+02	12	595	2	498	4	4	0	50	500	500	0	500	500	0	
4.6099523577e+02	12	596	2	498	2	3	0	50	500	500	0	500	500	0	
4.6149706981e+02	12	595	5	495	2	4	0	50	500	500	0	500	500	0	
4.6199994428e+02	13	594	5	495	3	7	0	50	500	500	0	500	500	0	
4.6249744774e+02	13	593	7	493	6	5	0	50	500	500	0	500	500	0	
4.6299988471e+02	11	596	11	489	4	6	0	50	500	500	0	500	500	0	
4.6349823096e+02	11	595	1	499	4	6	0	50	500	500	0	500	500	0	
4.6399793954e+02	10	596	4	496	7	9	0	50	500	500	0	500	500	0	
4.6449766547e+02	15	590	4	496	13	6	0	50	500	500	0	500	500	0	
4.6499815684e+02	14	591	5	495	5	3	0	50	500	500	0	500	500	0	
4.6549831710e+02	12	593	4	496	0	4	0	50	500	500	0	500	500	0	
4.6599756608e+02	11	593	3	497	5	4	0	50	500	500	0	500	500	0	
4.6649647775e+02	15	591	4	496	3	7	0	50	500	500	0	500	500	0	
4.6699890962e+02	10	596	5	495	4	5	0	50	500	500	0	500	500	0	
4.6749205289e+02	8	599	4	496	4	6	0	50	500	500	0	500	500	0	
4.6799694915e+02	13	595	3	497	7	4	0	50	500	500	0	500	500	0	
4.6849921221e+02	12	597	9	491	3	11	0	50	500	500	0	500	500	0	
4.6899754694e+02	10	599	2	498	3	7	0	50	500	500	0	500	500	0	
4.6949938903e+02	11	599	2	498	3	7	0	50	500	500	0	500	500	0	
4.6999960706e+02	10	602	3	497	4	3	0	50	500	500	0	500	500	0	
4.7049865484e+02	10	602	7	493	6	4	0	50	500	500	0	500	500	0	
4.7099655205e+02	8	605	4	496	4	4	0	50	500	500	0	500	500	0	
4.7149866661e+02	10	605	5	495	7	7	0	50	500	500	0	500	500	0	
4.7199865682e+02	9	607	7	493	4	5	0	50	500	500	0	500	500	0	
4.7249417225e+02	8	609	5	495	5	5	0	50	500	500	0	500	500	0	
4.7299937594e+02	11	606	5	495	6	6	0	50	500	500	0	500	500	0	
4.7349968592e+02	10	607	3	497	1	10	0	50	500	500	0	500	500	0	
4.7399978907e+02	9	609	7	493	6	6	0	50	500	500	0	500	500	0	
4.7449852486e+02	9	610	1	499	4	5	0	50	500	500	0	500	500	0	
4.7499969020e+02	8	611	3	497	2	4	0	50	500	500	0	500	500	0	
4.7549654458e+02	8	613	3	497	4	6	0	50	500	500	0	500	500	0	
4.7599827248e+02	9	613	2	498	3	4	0	50	500	500	0	500	500	0	
4.7649733927e+02	9	609	2	498	3	6	0	50	500	500	0	500	500	0	
4.7699558011e+02	12	607	4	496	5	5	0	50	500	500	0	500	500	0	
4.7749705034e+02	13	608	2	498	5	5	0	50	500	500	0	500	500	0	
4.7799976432e+02	10	611	2	498	4	4	0	50	500	500	0	500	500	0	
4.7849696413e+02	15	604	6	494	6	4	0	50	500	500	0	500	500	0	
4.7899888595e+02	13	609	3	497	5	6	0	50	500	500	0	500	500	0	
4.7949786148e+02	14	609	7	493	4	3	0	50	500	500	0	500	500	0	
4.7999268938e+02	10	613	7	493	2	8	0	50	500	500	0	500	500	0	
4.8049724402e+02	17	605	3	497	7	3	0	50	500	500	0	500	500	0	
4.8099901074e+02	21	602	5	495	4	3	0	50	500	500	0	500	500	0	
4.8149935221e+02	12	613	2	498	8	4	0	50	500	500	0	500	500	0	
4.8199909833e+02	10	617	4	496	3	7	0	50	500	500	0	500	500	0	
4.8249568933e+02	13	615	6	494	4	5	0	50	500	500	0	500	500	0	
4.8299697146e+02	10	618	3	497	4	4	0	50	500	500	0	500	500	0	
4.8349922450e+02	11	618	5	495	2	7	0	50	500	500	0	500	500	0	
4.8399440077e+02	9	623	4	496	8	6	0	50	500	500	0	500	500	0	
4.8449449519e+02	14	619	3	497	2	6	0	50	500	500	0	500	500	0	
4.8499397629e+02	13	622	6	494	2	5	0	50	500	500	0	500	500	0	
4.8549991540e+02	14	620	5	495	5	8	0	50	500	500	0	500	500	0	
4.8599994189e+02	17	616	3	497	2	4	0	50	500	500	0	500	500	0	
4.8649555132e+02	15	618	2	498	2	2	0	50	500	500	0	500	500	0	
4.8699979595e+02	14	618	2	498	1	9	0	50	500	500	0	500	500	0	
4.8749758833e+02	13	617	3	497	5	5	0	50	500	500	0	500	500	0	
4.8799537052e+02	13	616	1	499	4	5	0	50	500	500	0	500	500	0	
4.8849985893e+02	13	617	6	494	2	9	0	50	500	500	0	500	500	0	
4.8899849982e+02	11	620	4	496	3	5	0	50	500	500	0	500	500	0	
4.8949980792e+02	7	626	5	495	2	4	0	50	500	500	0	500	500	0	
4.8999935599e+02	8	628	6	494	2	2	0	50	500	500	0	500	500	0	
4.9049766212e+02	10	626	1	499	5	1	0	50	500	500	0	500	500	0	
4.9099786208e+02	7	630	6	494	3	4	0	50	500	500	0	500	500	0	
4.9149614566e+02	8	629	2	498	1	2	0	50	500	500	0	500	500	0	
4.9199990606e+02	7	632	4	496	4	8	0	50	500	500	0	500	500	0	
4.9249880677e+02	13	626	7	493	7	5	0	50	500	500	0	500	500	0	
4.9299675169e+02	12	628	2	498	9	7	0	50	500	500	0	500	500	0	
4.9349893839e+02	11	628	2	498	5	5	0	50	500	500	0	500	500	0	
4.9399756965e+02	6	634	5	495	4	4	0	50	500	500	0	500	500	0	
4.9449960404e+02	7	633	3	497	2	1	0	50	500	500	0	500	500	0	
4.9499884323e+02	9	630	4	496	3	1	0	50	500	500	0	500	500	0	
4.9549981408e+02	14	627	11	489	5	2	0	50	500	500	0	500	500	0	
4.9599990509e+02	14	629	1	499	3	2	0	50	500	500	0	500	500	0	
4.9649820483e+02	10	636	5	495	5	4	0	50	500	500	0	500	500	0	
4.9699683736e+02	10	637	4	496	3	5	0	50	500	500	0	500	500	0	
4.9749869899e+02	13	635	4	496	6	7	0	50	500	500	0	500	500	0	
4.9799850673e+02	14	632	6	494	8	6	0	50	500	500	0	500	500	0	
4.9849804647e+02	16	629	3	497	10	7	0	50	500	500	0	500	500	0	
4.9899675355e+02	18	628	4	496	5	7	0	50	500	500	0	500	500	0	
4.9949638378e+02	19	627	0	500	3	7	0	50	500	500	0	500	500	0	
4.9999952543e+02	20	626	8	492	3	9	0	50	500	500	0	500	500	0	
5.0000135473e+02	20	626	7	493	3	9	0	50	500	500	0	500	500	0	
