0.0000000000e+00	0	0	500	0	0	0	0	500	500	500	500	0	0	0	
4.9857856109e-01	0	2	499	1	0	120	0	500	500	500	500	0	0	0	
9.9611678443e-01	0	3	496	4	1	217	0	500	500	500	500	0	0	0	
1.4916931094e+00	0	3	500	0	0	300	0	500	500	500	500	0	0	0	
1.9973480905e+00	0	4	498	2	0	338	0	500	500	500	500	0	0	0	
2.4993158489e+00	1	4	497	3	2	353	0	500	500	500	500	0	0	0	
2.9979202998e+00	3	3	497	3	0	399	0	500	500	500	500	0	0	0	
3.4975982336e+00	4	2	495	5	3	409	0	500	500	500	500	0	0	0	
3.9972123493e+00	4	2	497	3	1	451	0	500	500	500	500	0	0	0	
4.4999595815e+00	5	2	497	3	0	484	0	500	500	500	500	0	0	0	
4.9998288370e+00	5	3	497	3	2	472	0	500	500	500	500	0	0	0	
5.4999531171e+00	5	4	497	3	1	475	0	500	500	500	500	0	0	0	
5.9967116418e+00	6	4	498	2	1	470	0	500	500	500	500	0	0	0	
6.4965331371e+00	9	2	497	3	2	451	0	500	500	500	500	0	0	0	
6.9989028100e+00	9	2	498	2	0	454	0	500	500	500	500	0	0	0	
7.4984953738e+00	10	2	498	2	0	487	0	500	500	500	500	0	0	0	
7.9997455511e+00	11	2	499	1	0	498	0	500	500	500	500	0	0	0	
8.4944076304e+00	11	5	500	0	0	488	0	500	500	500	500	0	0	0	
8.9985294320e+00	12	5	497	3	3	489	0	500	500	500	500	0	0	0	
9.4951213797e+00	14	5	500	0	1	468	0	500	500	500	500	0	0	0	
9.9998752771e+00	15	5	498	2	1	495	0	500	500	500	500	0	0	0	
1.0499316481e+01	15	6	498	2	0	500	0	500	500	500	500	0	0	0	
1.0999861933e+01	17	5	499	1	1	502	0	500	500	500	500	0	0	0	
1.1499193267e+01	18	4	497	3	2	527	0	500	500	500	500	0	0	0	
1.1999977087e+01	17	5	496	4	2	538	0	500	500	500	500	0	0	0	
1.2498990370e+01	19	5	496	4	2	533	0	500	500	500	500	0	0	0	
1.2999551588e+01	20	4	497	3	2	510	0	500	500	500	500	0	0	0	
1.3499597441e+01	22	3	497	3	1	504	0	500	500	500	500	0	0	0	
1.3997824103e+01	24	3	499	1	2	503	0	500	500	500	500	0	0	0	
1.4498672894e+01	24	4	497	3	1	523	0	500	500	500	500	0	0	0	
1.4998653775e+01	27	2	499	1	3	508	0	500	500	500	500	0	0	0	
1.5498837276e+01	27	3	498	2	2	485	0	500	500	500	500	0	0	0	
1.5998050617e+01	28	3	497	3	0	486	0	500	500	500	500	0	0	0	
1.6499119851e+01	29	4	499	1	0	501	0	500	500	500	500	0	0	0	
1.6997479110e+01	30	7	498	2	3	491	0	500	500	500	500	0	0	0	
1.7499561679e+01	32	7	498	2	2	508	0	500	500	500	500	0	0	0	
1.7997848721e+01	32	8	497	3	1	500	0	500	500	500	500	0	0	0	
1.8498136201e+01	34	8	496	4	4	479	0	500	500	500	500	0	0	0	
1.8999604988e+01	36	6	497	3	3	498	0	500	500	500	500	0	0	0	
1.9499885593e+01	39	5	495	5	4	498	0	500	500	500	500	0	0	0	
1.9999971108e+01	42	3	499	1	0	527	0	500	500	500	500	0	0	0	
2.0497594644e+01	43	3	499	1	1	531	0	500	500	500	500	0	0	0	
2.0998745766e+01	44	3	498	2	1	517	0	500	500	500	500	0	0	0	
2.1498921041e+01	45	3	499	1	0	518	0	500	500	500	500	0	0	0	
2.1998565503e+01	45	3	498	2	0	497	0	500	500	500	500	0	0	0	
2.2497262454e+01	45	4	499	1	0	507	0	500	500	500	500	0	0	0	
2.2999515243e+01	45	4	498	2	3	515	0	500	500	500	500	0	0	0	
2.3499337749e+01	46	4	498	2	1	519	0	500	500	500	500	0	0	0	
2.3993864544e+01	47	4	497	3	0	536	0	500	500	500	500	0	0	0	
2.4497696177e+01	48	4	496	4	1	522	0	500	500	500	500	0	0	0	
2.4999288191e+01	48	5	496	4	0	520	0	500	500	500	500	0	0	0	
2.5499999751e+01	49	4	496	4	3	522	0	500	500	500	500	0	0	0	
2.5999388041e+01	49	5	498	2	2	487	0	500	500	500	500	0	0	0	
2.6496341186e+01	49	6	495	5	2	503	0	500	500	500	500	0	0	0	
2.6998186931e+01	51	5	491	9	3	488	0	500	500	500	500	0	0	0	
2.7499368008e+01	51	6	496	4	1	465	0	500	500	500	500	0	0	0	
2.7999540945e+01	53	5	496	4	0	486	0	500	500	500	500	0	0	0	
2.8497096896e+01	55	3	496	4	1	480	0	500	500	500	500	0	0	0	
2.8996700950e+01	57	4	497	3	1	497	0	500	500	500	500	0	0	0	
2.9497250221e+01	61	2	498	2	0	484	0	500	500	500	500	0	0	0	
2.9999966725e+01	61	2	498	2	1	477	0	500	500	500	500	0	0	0	
3.0495914423e+01	61	2	497	3	1	480	0	500	500	500	500	0	0	0	
3.0996680698e+01	61	2	496	4	0	488	0	500	500	500	500	0	0	0	
3.1498334200e+01	62	3	497	3	0	476	0	500	500	500	500	0	0	0	
3.1997719811e+01	62	3	495	5	2	478	0	500	500	500	500	0	0	0	
3.2490494195e+01	62	5	498	2	2	469	0	500	500	500	500	0	0	0	
3.2999737924e+01	63	4	499	1	0	481	0	500	500	500	500	0	0	0	
3.3499904731e+01	64	4	497	3	1	497	0	500	500	500	500	0	0	0	
3.3998425966e+01	65	6	496	4	1	504	0	500	500	500	500	0	0	0	
3.4497913945e+01	69	3	496	4	2	501	0	500	500	500	500	0	0	0	
3.4999147498e+01	71	1	499	1	0	491	0	500	500	500	500	0	0	0	
3.5498661303e+01	72	1	499	1	1	504	0	500	500	500	500	0	0	0	
3.5999275404e+01	74	1	499	1	0	491	0	500	500	500	500	0	0	0	
3.6495499077e+01	75	2	498	2	0	502	0	500	500	500	500	0	0	0	
3.6999008021e+01	76	2	500	0	0	497	0	500	500	500	500	0	0	0	
3.7498598678e+01	77	1	499	1	0	524	0	500	500	500	500	0	0	0	
3.7997885974e+01	78	0	500	0	1	526	0	500	500	500	500	0	0	0	
3.8499933867e+01	78	0	500	0	0	490	0	500	500	500	500	0	0	0	
3.8998717706e+01	78	3	499	1	3	478	0	500	500	500	500	0	0	0	
3.9496612241e+01	80	1	498	2	1	490	0	500	500	500	500	0	0	0	
3.9999597782e+01	80	2	500	0	0	475	0	500	500	500	500	0	0	0	
4.0499938100e+01	82	2	499	1	0	482	0	500	500	500	500	0	0	0	
4.0995609306e+01	82	4	497	3	0	463	0	500	500	500	500	0	0	0	
4.1499841338e+01	82	6	495	5	1	465	0	500	500	500	500	0	0	0	
4.1995358510e+01	83	6	495	5	0	481	0	500	500	500	500	0	0	0	
4.2497011744e+01	84	7	495	5	2	505	0	500	500	500	500	0	0	0	
4.2999521099e+01	84	8	497	3	2	502	0	500	500	500	500	0	0	0	
4.3496101018e+01	84	9	496	4	4	509	0	500	500	500	500	0	0	0	
4.3996876637e+01	86	6	494	6	3	492	0	500	500	500	500	0	0	0	
4.4499489255e+01	86	6	498	2	4	474	0	500	500	500	500	0	0	0	
4.4999800343e+01	86	7	498	2	2	494	0	500	500	500	500	0	0	0	
4.5498091027e+01	87	6	495	5	4	495	0	500	500	500	500	0	0	0	
4.5999138647e+01	87	9	495	5	3	505	0	500	500	500	500	0	0	0	
4.6498335042e+01	88	8	496	4	2	507	0	500	500	500	500	0	0	0	
4.6999008075e+01	89	7	497	3	2	495	0	500	500	500	500	0	0	0	
4.7498998268e+01	92	4	491	9	1	503	0	500	500	500	500	0	0	0	
4.7998912678e+01	94	2	497	3	0	528	0	500	500	500	500	0	0	0	
4.8496459451e+01	94	4	497	3	1	512	0	500	500	500	500	0	0	0	
4.8999599747e+01	95	4	494	6	3	506	0	500	500	500	500	0	0	0	
4.9497622867e+01	95	6	497	3	3	513	0	500	500	500	500	0	0	0	
4.9998384752e+01	96	7	496	4	2	499	0	500	500	500	500	0	0	0	
5.0499948626e+01	97	7	497	3	2	501	0	500	500	500	500	0	0	0	
5.0999213103e+01	98	7	495	5	2	482	0	500	500	500	500	0	0	0	
5.1498518488e+01	99	7	493	7	1	512	0	500	500	500	500	0	0	0	
5.1999935638e+01	100	7	491	9	0	520	0	500	500	500	500	0	0	0	
5.2499918846e+01	103	4	498	2	2	538	0	500	500	500	500	0	0	0	
5.2999254335e+01	103	4	494	6	4	511	0	500	500	500	500	0	0	0	
5.3498562073e+01	104	3	497	3	2	525	0	500	500	500	500	0	0	0	
5.3999534960e+01	105	2	496	4	0	554	0	500	500	500	500	0	0	0	
5.4496759929e+01	106	0	498	2	0	528	0	500	500	500	500	0	0	0	
5.4998824309e+01	106	1	499	1	0	530	0	500	500	500	500	0	0	0	
5.5497954506e+01	107	1	499	1	2	535	0	500	500	500	500	0	0	0	
5.5999777595e+01	107	1	499	1	0	534	0	500	500	500	500	0	0	0	
5.6497086574e+01	107	4	499	1	2	531	0	500	500	500	500	0	0	0	
5.6999909609e+01	110	1	499	1	2	528	0	500	500	500	500	0	0	0	
5.7492418858e+01	110	3	498	2	0	487	0	500	500	500	500	0	0	0	
5.7999507755e+01	110	4	498	2	1	466	0	500	500	500	500	0	0	0	
5.8497102039e+01	112	4	498	2	2	448	0	500	500	500	500	0	0	0	
5.8999721307e+01	112	5	497	3	2	483	0	500	500	500	500	0	0	0	
5.9499776786e+01	113	4	497	3	0	480	0	500	500	500	500	0	0	0	
5.9999469560e+01	114	4	496	4	5	498	0	500	500	500	500	0	0	0	
6.0499497720e+01	115	3	498	2	1	498	0	500	500	500	500	0	0	0	
6.0996997807e+01	116	5	495	5	2	495	0	500	500	500	500	0	0	0	
6.1497135211e+01	116	5	494	6	0	470	0	500	500	500	500	0	0	0	
6.1997826290e+01	117	4	494	6	3	471	0	500	500	500	500	0	0	0	
6.2498397522e+01	117	3	497	3	0	483	0	500	500	500	500	0	0	0	
6.2999890458e+01	118	3	495	5	1	464	0	500	500	500	500	0	0	0	
6.3499461424e+01	118	3	497	3	0	479	0	500	500	500	500	0	0	0	
6.3993476998e+01	121	2	498	2	0	435	0	500	500	500	500	0	0	0	
6.4499084789e+01	121	3	500	0	2	424	0	500	500	500	500	0	0	0	
6.4998928457e+01	121	4	499	1	0	430	0	500	500	500	500	0	0	0	
6.5498794857e+01	123	4	497	3	4	455	0	500	500	500	500	0	0	0	
6.5999404653e+01	126	1	496	4	0	453	0	500	500	500	500	0	0	0	
6.6485998855e+01	126	1	496	4	1	468	0	500	500	500	500	0	0	0	
6.6998461830e+01	126	1	497	3	0	475	0	500	500	500	500	0	0	0	
6.7493535074e+01	126	4	496	4	1	469	0	500	500	500	500	0	0	0	
6.7996965508e+01	128	4	495	5	4	465	0	500	500	500	500	0	0	0	
6.8498937107e+01	130	2	498	2	0	476	0	500	500	500	500	0	0	0	
6.8997113785e+01	129	3	495	5	0	495	0	500	500	500	500	0	0	0	
6.9499577429e+01	130	3	497	3	3	470	0	500	500	500	500	0	0	0	
6.9996259004e+01	130	4	498	2	2	467	0	500	500	500	500	0	0	0	
7.0498725201e+01	131	5	494	6	1	458	0	500	500	500	500	0	0	0	
7.0999308790e+01	131	6	493	7	2	451	0	500	500	500	500	0	0	0	
7.1498085548e+01	131	6	493	7	1	459	0	500	500	500	500	0	0	0	
7.1996914179e+01	133	4	491	9	1	452	0	500	500	500	500	0	0	0	
7.2499700521e+01	134	3	495	5	0	438	0	500	500	500	500	0	0	0	
7.2998869030e+01	135	4	498	2	2	463	0	500	500	500	500	0	0	0	
7.3497008403e+01	136	4	498	2	1	471	0	500	500	500	500	0	0	0	
7.3997079368e+01	135	3	498	2	0	484	0	500	500	500	500	0	0	0	
7.4498816105e+01	135	3	496	4	0	495	0	500	500	500	500	0	0	0	
7.4999396029e+01	136	2	497	3	1	461	0	500	500	500	500	0	0	0	
7.5499340349e+01	136	2	497	3	0	466	0	500	500	500	500	0	0	0	
7.5998526842e+01	136	2	496	4	0	464	0	500	500	500	500	0	0	0	
7.6497748946e+01	136	2	496	4	1	464	0	500	500	500	500	0	0	0	
7.6995213407e+01	137	4	497	3	0	450	0	500	500	500	500	0	0	0	
7.7499114743e+01	138	3	498	2	1	513	0	500	500	500	500	0	0	0	
7.7996239994e+01	137	5	499	1	1	502	0	500	500	500	500	0	0	0	
7.8497928129e+01	138	5	497	3	0	501	0	500	500	500	500	0	0	0	
7.8999357944e+01	139	5	498	2	5	494	0	500	500	500	500	0	0	0	
7.9499455998e+01	141	3	499	1	1	500	0	500	500	500	500	0	0	0	
7.9997552145e+01	142	3	500	0	1	484	0	500	500	500	500	0	0	0	
8.0497580551e+01	142	3	500	0	0	506	0	500	500	500	500	0	0	0	
8.0998862302e+01	143	2	497	3	0	501	0	500	500	500	500	0	0	0	
8.1498670205e+01	143	1	498	2	1	488	0	500	500	500	500	0	0	0	
8.1998804662e+01	143	1	499	1	2	510	0	500	500	500	500	0	0	0	
8.2497658971e+01	143	2	499	1	1	494	0	500	500	500	500	0	0	0	
8.2999747158e+01	144	2	500	0	0	499	0	500	500	500	500	0	0	0	
8.3499592424e+01	145	1	499	1	0	493	0	500	500	500	500	0	0	0	
8.3998154186e+01	145	2	498	2	1	494	0	500	500	500	500	0	0	0	
8.4499783287e+01	145	4	499	1	3	498	0	500	500	500	500	0	0	0	
8.4999420651e+01	147	4	495	5	0	516	0	500	500	500	500	0	0	0	
8.5499216786e+01	149	3	499	1	0	516	0	500	500	500	500	0	0	0	
8.5998566537e+01	149	4	495	5	1	508	0	500	500	500	500	0	0	0	
8.6495676789e+01	149	4	497	3	0	502	0	500	500	500	500	0	0	0	
8.6999099294e+01	148	4	497	3	1	490	0	500	500	500	500	0	0	0	
8.7499293641e+01	148	4	497	3	1	478	0	500	500	500	500	0	0	0	
8.7995938109e+01	149	3	496	4	2	470	0	500	500	500	500	0	0	0	
8.8499917210e+01	148	3	499	1	1	493	0	500	500	500	500	0	0	0	
8.8999024116e+01	148	4	499	1	2	506	0	500	500	500	500	0	0	0	
8.9496433362e+01	147	5	495	5	2	503	0	500	500	500	500	0	0	0	
8.9999157160e+01	147	6	496	4	2	493	0	500	500	500	500	0	0	0	
9.0499051433e+01	147	6	493	7	1	498	0	500	500	500	500	0	0	0	
9.0997942450e+01	148	5	491	9	5	500	0	500	500	500	500	0	0	0	
9.1498796348e+01	150	3	495	5	1	479	0	500	500	500	500	0	0	0	
9.1999592365e+01	151	5	493	7	3	475	0	500	500	500	500	0	0	0	
9.2499168359e+01	153	4	500	0	0	483	0	500	500	500	500	0	0	0	
9.2999930808e+01	153	4	499	1	2	444	0	500	500	500	500	0	0	0	
9.3497596569e+01	153	4	500	0	0	452	0	500	500	500	500	0	0	0	
9.3998252145e+01	154	4	500	0	1	439	0	500	500	500	500	0	0	0	
9.4499247826e+01	152	8	497	3	2	446	0	500	500	500	500	0	0	0	
9.4993046239e+01	151	8	493	7	1	430	0	500	500	500	500	0	0	0	
9.5499858692e+01	150	9	497	3	1	438	0	500	500	500	500	0	0	0	
9.5999123049e+01	153	7	496	4	0	455	0	500	500	500	500	0	0	0	
9.6496541706e+01	154	6	494	6	2	479	0	500	500	500	500	0	0	0	
9.6998332189e+01	155	5	493	7	1	480	0	500	500	500	500	0	0	0	
9.7498506325e+01	155	9	494	6	4	482	0	500	500	500	500	0	0	0	
9.7999388084e+01	158	7	492	8	0	515	0	500	500	500	500	0	0	0	
9.8497862959e+01	158	7	491	9	0	516	0	500	500	500	500	0	0	0	
9.8998963359e+01	161	5	496	4	4	523	0	500	500	500	500	0	0	0	
9.9492821348e+01	161	5	498	2	1	489	0	500	500	500	500	0	0	0	
9.9998907426e+01	162	7	499	1	4	490	0	500	500	500	500	0	0	0	
1.0049834414e+02	165	6	497	3	2	470	0	500	500	500	500	0	0	0	
1.0099639502e+02	167	5	497	3	2	465	0	500	500	500	500	0	0	0	
1.0149987263e+02	167	8	496	4	2	491	0	500	500	500	500	0	0	0	
1.0199620845e+02	169	7	497	3	6	475	0	500	500	500	500	0	0	0	
1.0249985431e+02	171	5	498	2	2	478	0	500	500	500	500	0	0	0	
1.0299942526e+02	169	6	499	1	1	481	0	500	500	500	500	0	0	0	
1.0349965335e+02	170	8	497	3	1	496	0	500	500	500	500	0	0	0	
1.0399876977e+02	173	6	499	1	3	481	0	500	500	500	500	0	0	0	
1.0449936963e+02	173	6	494	6	2	496	0	500	500	500	500	0	0	0	
1.0499732492e+02	174	6	493	7	2	514	0	500	500	500	500	0	0	0	
1.0549916584e+02	175	5	496	4	1	497	0	500	500	500	500	0	0	0	
1.0599737033e+02	175	5	495	5	1	512	0	500	500	500	500	0	0	0	
1.0649437001e+02	175	8	496	4	1	480	0	500	500	500	500	0	0	0	
1.0699629792e+02	177	6	490	10	3	476	0	500	500	500	500	0	0	0	
1.0749942136e+02	178	7	490	10	1	496	0	500	500	500	500	0	0	0	
1.0799698185e+02	183	3	494	6	2	477	0	500	500	500	500	0	0	0	
1.0849706385e+02	183	4	491	9	2	475	0	500	500	500	500	0	0	0	
1.0899872797e+02	184	3	493	7	0	493	0	500	500	500	500	0	0	0	
1.0949974043e+02	186	2	495	5	1	493	0	500	500	500	500	0	0	0	
1.0999680070e+02	187	3	497	3	1	505	0	500	500	500	500	0	0	0	
1.1049985334e+02	187	4	498	2	1	499	0	500	500	500	500	0	0	0	
1.1099260985e+02	188	3	498	2	0	511	0	500	500	500	500	0	0	0	
1.1149939436e+02	189	4	497	3	0	509	0	500	500	500	500	0	0	0	
1.1199774924e+02	189	5	494	6	3	534	0	500	500	500	500	0	0	0	
1.1249939541e+02	189	7	496	4	1	499	0	500	500	500	500	0	0	0	
1.1299914099e+02	190	6	497	3	0	491	0	500	500	500	500	0	0	0	
1.1349914002e+02	191	7	493	7	5	481	0	500	500	500	500	0	0	0	
1.1399663141e+02	190	8	496	4	5	499	0	500	500	500	500	0	0	0	
1.1449984375e+02	192	6	495	5	6	481	0	500	500	500	500	0	0	0	
1.1499984655e+02	193	5	496	4	2	478	0	500	500	500	500	0	0	0	
1.1549965957e+02	194	4	491	9	4	476	0	500	500	500	500	0	0	0	
1.1599953104e+02	195	5	494	6	1	490	0	500	500	500	500	0	0	0	
1.1649722442e+02	196	5	497	3	0	488	0	500	500	500	500	0	0	0	
1.1699799172e+02	197	7	495	5	2	501	0	500	500	500	500	0	0	0	
1.1749967569e+02	197	8	496	4	2	500	0	500	500	500	500	0	0	0	
1.1799933589e+02	200	6	495	5	2	494	0	500	500	500	500	0	0	0	
1.1849973622e+02	203	4	493	7	4	486	0	500	500	500	500	0	0	0	
1.1899792290e+02	204	2	497	3	1	502	0	500	500	500	500	0	0	0	
1.1949500140e+02	202	3	495	5	1	510	0	500	500	500	500	0	0	0	
1.1999928000e+02	202	2	497	3	2	511	0	500	500	500	500	0	0	0	
1.2049917879e+02	203	2	499	1	2	509	0	500	500	500	500	0	0	0	
1.2099865172e+02	202	2	500	0	1	512	0	500	500	500	500	0	0	0	
1.2149819024e+02	201	2	499	1	2	512	0	500	500	500	500	0	0	0	
1.2199810690e+02	201	3	496	4	3	506	0	500	500	500	500	0	0	0	
1.2249864511e+02	201	7	493	7	3	499	0	500	500	500	500	0	0	0	
1.2299543001e+02	205	8	493	7	1	481	0	500	500	500	500	0	0	0	
1.2349917731e+02	206	7	493	7	1	458	0	500	500	500	500	0	0	0	
1.2399802726e+02	206	7	490	10	2	449	0	500	500	500	500	0	0	0	
1.2449650037e+02	208	9	490	10	2	483	0	500	500	500	500	0	0	0	
1.2499796284e+02	210	7	492	8	4	493	0	500	500	500	500	0	0	0	
1.2549900127e+02	210	9	494	6	1	517	0	500	500	500	500	0	0	0	
1.2599764321e+02	212	7	498	2	0	506	0	500	500	500	500	0	0	0	
1.2649689700e+02	210	11	489	11	3	500	0	500	500	500	500	0	0	0	
1.2699946732e+02	212	9	490	10	3	493	0	500	500	500	500	0	0	0	
1.2749559381e+02	213	8	498	2	1	504	0	500	500	500	500	0	0	0	
1.2799964615e+02	216	6	496	4	4	495	0	500	500	500	500	0	0	0	
1.2849776409e+02	213	6	493	7	3	477	0	500	500	500	500	0	0	0	
1.2899972226e+02	213	6	496	4	3	469	0	500	500	500	500	0	0	0	
1.2949847286e+02	211	10	490	10	5	469	0	500	500	500	500	0	0	0	
1.2999885258e+02	211	10	487	13	3	492	0	500	500	500	500	0	0	0	
1.3049832452e+02	211	10	487	13	3	469	0	500	500	500	500	0	0	0	
1.3099915230e+02	213	8	487	13	2	467	0	500	500	500	500	0	0	0	
1.3149509123e+02	216	8	496	4	0	482	0	500	500	500	500	0	0	0	
1.3199740293e+02	214	10	496	4	1	476	0	500	500	500	500	0	0	0	
1.3249776819e+02	216	8	496	4	1	505	0	500	500	500	500	0	0	0	
1.3299481226e+02	217	7	497	3	4	504	0	500	500	500	500	0	0	0	
1.3349982089e+02	220	6	492	8	3	502	0	500	500	500	500	0	0	0	
1.3399555322e+02	220	8	495	5	3	517	0	500	500	500	500	0	0	0	
1.3449509875e+02	221	8	497	3	1	522	0	500	500	500	500	0	0	0	
1.3499774353e+02	224	5	495	5	2	497	0	500	500	500	500	0	0	0	
1.3549974415e+02	224	5	494	6	2	482	0	500	500	500	500	0	0	0	
1.3598837666e+02	224	8	492	8	3	480	0	500	500	500	500	0	0	0	
1.3649884235e+02	224	8	494	6	2	479	0	500	500	500	500	0	0	0	
1.3699951311e+02	226	6	491	9	0	486	0	500	500	500	500	0	0	0	
1.3749577597e+02	228	5	496	4	2	476	0	500	500	500	500	0	0	0	
1.3799994248e+02	228	7	492	8	1	468	0	500	500	500	500	0	0	0	
1.3849630955e+02	227	9	493	7	4	465	0	500	500	500	500	0	0	0	
1.3899863926e+02	229	8	495	5	6	475	0	500	500	500	500	0	0	0	
1.3949870720e+02	231	8	496	4	3	491	0	500	500	500	500	0	0	0	
1.3999536382e+02	234	6	491	9	2	487	0	500	500	500	500	0	0	0	
1.4049936120e+02	236	4	492	8	1	476	0	500	500	500	500	0	0	0	
1.4099935849e+02	235	5	492	8	1	478	0	500	500	500	500	0	0	0	
1.4149942351e+02	236	5	494	6	1	483	0	500	500	500	500	0	0	0	
1.4199751884e+02	237	5	496	4	1	470	0	500	500	500	500	0	0	0	
1.4249943735e+02	239	3	496	4	0	483	0	500	500	500	500	0	0	0	
1.4299796594e+02	239	3	496	4	3	483	0	500	500	500	500	0	0	0	
1.4349917376e+02	241	2	494	6	2	478	0	500	500	500	500	0	0	0	
1.4399790116e+02	240	6	496	4	2	470	0	500	500	500	500	0	0	0	
1.4449990940e+02	238	7	495	5	4	468	0	500	500	500	500	0	0	0	
1.4499928238e+02	238	8	494	6	6	461	0	500	500	500	500	0	0	0	
1.4549984997e+02	239	8	493	7	5	463	0	500	500	500	500	0	0	0	
1.4599984936e+02	244	5	491	9	2	461	0	500	500	500	500	0	0	0	
1.4649643148e+02	244	8	492	8	2	444	0	500	500	500	500	0	0	0	
1.4699747731e+02	241	10	488	12	3	444	0	500	500	500	500	0	0	0	
1.4749994722e+02	245	7	491	9	1	438	0	500	500	500	500	0	0	0	
1.4799796662e+02	246	6	494	6	2	456	0	500	500	500	500	0	0	0	
1.4849996135e+02	250	3	496	4	1	453	0	500	500	500	500	0	0	0	
1.4899719374e+02	249	4	498	2	4	462	0	500	500	500	500	0	0	0	
1.4949977872e+02	250	2	494	6	2	486	0	500	500	500	500	0	0	0	
1.4999949311e+02	249	3	495	5	1	480	0	500	500	500	500	0	0	0	
1.5049501019e+02	250	2	494	6	3	489	0	500	500	500	500	0	0	0	
1.5099860931e+02	251	3	496	4	2	489	0	500	500	500	500	0	0	0	
1.5149897368e+02	250	5	495	5	1	489	0	500	500	500	500	0	0	0	
1.5199989102e+02	250	5	499	1	5	493	0	500	500	500	500	0	0	0	
1.5249824924e+02	250	4	497	3	2	492	0	500	500	500	500	0	0	0	
1.5299948468e+02	250	4	498	2	5	507	0	500	500	500	500	0	0	0	
1.5349649037e+02	251	2	497	3	2	520	0	500	500	500	500	0	0	0	
1.5399514849e+02	251	4	496	4	2	510	0	500	500	500	500	0	0	0	
1.5449862888e+02	253	2	495	5	1	495	0	500	500	500	500	0	0	0	
1.5499937412e+02	254	1	497	3	1	480	0	500	500	500	500	0	0	0	
1.5549157800e+02	255	0	497	3	1	502	0	500	500	500	500	0	0	0	
1.5599836211e+02	255	1	495	5	0	512	0	500	500	500	500	0	0	0	
1.5649641627e+02	255	3	495	5	2	496	0	500	500	500	500	0	0	0	
1.5699933855e+02	254	6	498	2	1	483	0	500	500	500	500	0	0	0	
1.5749685595e+02	256	4	495	5	0	467	0	500	500	500	500	0	0	0	
1.5799982090e+02	255	4	496	4	3	478	0	500	500	500	500	0	0	0	
1.5849835511e+02	256	4	496	4	0	484	0	500	500	500	500	0	0	0	
1.5899954721e+02	257	4	496	4	3	459	0	500	500	500	500	0	0	0	
1.5949943342e+02	257	3	499	1	1	488	0	500	500	500	500	0	0	0	
1.5999951392e+02	258	2	495	5	3	485	0	500	500	500	500	0	0	0	
1.6049934114e+02	260	6	495	5	0	492	0	500	500	500	500	0	0	0	
1.6099959835e+02	260	7	494	6	4	476	0	500	500	500	500	0	0	0	
1.6149701880e+02	260	8	488	12	4	496	0	500	500	500	500	0	0	0	
1.6199283096e+02	258	10	487	13	3	520	0	500	500	500	500	0	0	0	
1.6249855666e+02	262	6	492	8	1	523	0	500	500	500	500	0	0	0	
1.6299952620e+02	261	8	485	15	0	497	0	500	500	500	500	0	0	0	
1.6349970988e+02	260	8	492	8	2	503	0	500	500	500	500	0	0	0	
1.6399978642e+02	264	4	496	4	4	506	0	500	500	500	500	0	0	0	
1.6449752398e+02	263	5	497	3	3	485	0	500	500	500	500	0	0	0	
1.6499810298e+02	263	5	493	7	2	504	0	500	500	500	500	0	0	0	
1.6549818521e+02	264	6	492	8	2	517	0	500	500	500	500	0	0	0	
1.6599909541e+02	266	6	496	4	5	514	0	500	500	500	500	0	0	0	
1.6649947922e+02	264	8	491	9	4	505	0	500	500	500	500	0	0	0	
1.6699830216e+02	264	8	492	8	1	506	0	500	500	500	500	0	0	0	
1.6749857849e+02	265	7	492	8	0	490	0	500	500	500	500	0	0	0	
1.6799827705e+02	264	7	491	9	3	487	0	500	500	500	500	0	0	0	
1.6849887731e+02	263	10	491	9	3	473	0	500	500	500	500	0	0	0	
1.6899971937e+02	264	9	494	6	0	510	0	500	500	500	500	0	0	0	
1.6949251801e+02	264	11	492	8	3	521	0	500	500	500	500	0	0	0	
1.6999885562e+02	266	11	487	13	3	495	0	500	500	500	500	0	0	0	
1.7049837545e+02	270	8	495	5	2	491	0	500	500	500	500	0	0	0	
1.7099754195e+02	274	6	495	5	0	478	0	500	500	500	500	0	0	0	
1.7149980277e+02	276	4	495	5	0	461	0	500	500	500	500	0	0	0	
1.7199912844e+02	276	5	490	10	3	461	0	500	500	500	500	0	0	0	
1.7249735462e+02	275	5	492	8	5	459	0	500	500	500	500	0	0	0	
1.7299888505e+02	272	10	497	3	2	469	0	500	500	500	500	0	0	0	
1.7349890228e+02	274	8	494	6	3	458	0	500	500	500	500	0	0	0	
1.7399947080e+02	276	6	497	3	0	457	0	500	500	500	500	0	0	0	
1.7449826337e+02	277	5	497	3	3	457	0	500	500	500	500	0	0	0	
1.7499999840e+02	278	4	496	4	3	447	0	500	500	500	500	0	0	0	
1.7549906431e+02	278	7	496	4	1	473	0	500	500	500	500	0	0	0	
1.7599897703e+02	278	8	494	6	3	472	0	500	500	500	500	0	0	0	
1.7649842689e+02	280	8	494	6	4	489	0	500	500	500	500	0	0	0	
1.7699853981e+02	281	8	496	4	4	497	0	500	500	500	500	0	0	0	
1.7749556740e+02	284	9	494	6	1	488	0	500	500	500	500	0	0	0	
1.7799977022e+02	286	9	491	9	6	475	0	500	500	500	500	0	0	0	
1.7849829681e+02	282	15	487	13	4	486	0	500	500	500	500	0	0	0	
1.7899890503e+02	283	16	483	17	4	504	0	500	500	500	500	0	0	0	
1.7949903273e+02	282	19	485	15	6	484	0	500	500	500	500	0	0	0	
1.7999533251e+02	289	12	484	16	6	502	0	500	500	500	500	0	0	0	
1.8049841219e+02	287	13	478	22	5	495	0	500	500	500	500	0	0	0	
1.8099889917e+02	287	14	484	16	5	492	0	500	500	500	500	0	0	0	
1.8149912139e+02	285	17	489	11	4	505	0	500	500	500	500	0	0	0	
1.8199995628e+02	288	14	483	17	4	483	0	500	500	500	500	0	0	0	
1.8249893521e+02	287	15	485	15	4	458	0	500	500	500	500	0	0	0	
1.8299847979e+02	289	14	487	13	6	459	0	500	500	500	500	0	0	0	
1.8349734491e+02	293	10	490	10	6	450	0	500	500	500	500	0	0	0	
1.8399957327e+02	293	10	490	10	5	442	0	500	500	500	500	0	0	0	
1.8449758888e+02	294	11	483	17	7	446	0	500	500	500	500	0	0	0	
1.8499678214e+02	297	8	493	7	5	455	0	500	500	500	500	0	0	0	
1.8549804322e+02	297	10	491	9	4	460	0	500	500	500	500	0	0	0	
1.8599928744e+02	297	9	488	12	3	469	0	500	500	500	500	0	0	0	
1.8649522290e+02	299	8	484	16	9	492	0	500	500	500	500	0	0	0	
1.8699902370e+02	297	9	486	14	4	491	0	500	500	500	500	0	0	0	
1.8749824646e+02	297	8	488	12	5	481	0	500	500	500	500	0	0	0	
1.8799355403e+02	297	8	492	8	2	484	0	500	500	500	500	0	0	0	
1.8849938260e+02	298	7	490	10	2	468	0	500	500	500	500	0	0	0	
1.8899997372e+02	300	6	497	3	4	479	0	500	500	500	500	0	0	0	
1.8949789423e+02	299	9	493	7	1	483	0	500	500	500	500	0	0	0	
1.8999966248e+02	298	9	495	5	4	472	0	500	500	500	500	0	0	0	
1.9049900187e+02	299	8	493	7	4	483	0	500	500	500	500	0	0	0	
1.9099947567e+02	299	9	494	6	4	482	0	500	500	500	500	0	0	0	
1.9149417760e+02	301	9	491	9	3	486	0	500	500	500	500	0	0	0	
1.9199584297e+02	299	11	491	9	0	492	0	500	500	500	500	0	0	0	
1.9249831137e+02	297	13	489	11	6	464	0	500	500	500	500	0	0	0	
1.9299872222e+02	298	12	493	7	6	450	0	500	500	500	500	0	0	0	
1.9349589148e+02	298	14	486	14	9	429	0	500	500	500	500	0	0	0	
1.9399955024e+02	298	14	483	17	8	455	0	500	500	500	500	0	0	0	
1.9449928828e+02	296	17	483	17	4	453	0	500	500	500	500	0	0	0	
1.9499934747e+02	300	14	488	12	5	468	0	500	500	500	500	0	0	0	
1.9549904421e+02	303	12	490	10	6	474	0	500	500	500	500	0	0	0	
1.9599850277e+02	305	10	496	4	5	492	0	500	500	500	500	0	0	0	
1.9649814769e+02	306	10	495	5	3	483	0	500	500	500	500	0	0	0	
1.9699621648e+02	309	9	495	5	1	512	0	500	500	500	500	0	0	0	
1.9749654633e+02	310	9	496	4	2	488	0	500	500	500	500	0	0	0	
1.9799519877e+02	310	10	491	9	3	491	0	500	500	500	500	0	0	0	
1.9849951311e+02	309	11	493	7	3	486	0	500	500	500	500	0	0	0	
1.9899826956e+02	311	10	492	8	3	500	0	500	500	500	500	0	0	0	
1.9949939332e+02	313	9	493	7	3	488	0	500	500	500	500	0	0	0	
1.9999928075e+02	315	8	494	6	4	473	0	500	500	500	500	0	0	0	
2.0049957453e+02	318	5	497	3	5	465	0	500	500	500	500	0	0	0	
2.0099999663e+02	320	8	496	4	3	471	0	500	500	500	500	0	0	0	
2.0149944123e+02	322	6	490	10	3	496	0	500	500	500	500	0	0	0	
2.0199991087e+02	320	9	490	10	3	488	0	500	500	500	500	0	0	0	
2.0249967226e+02	320	10	495	5	6	464	0	500	500	500	500	0	0	0	
2.0299911551e+02	321	9	489	11	3	500	0	500	500	500	500	0	0	0	
2.0349901856e+02	323	7	494	6	3	479	0	500	500	500	500	0	0	0	
2.0399916090e+02	323	7	495	5	4	504	0	500	500	500	500	0	0	0	
2.0449889151e+02	324	6	498	2	4	506	0	500	500	500	500	0	0	0	
2.0499699312e+02	327	5	496	4	2	471	0	500	500	500	500	0	0	0	
2.0549349223e+02	328	4	494	6	2	492	0	500	500	500	500	0	0	0	
2.0599865777e+02	330	2	494	6	1	485	0	500	500	500	500	0	0	0	
2.0649925622e+02	331	2	496	4	1	479	0	500	500	500	500	0	0	0	
2.0699967386e+02	327	4	492	8	2	488	0	500	500	500	500	0	0	0	
2.0749940500e+02	326	5	492	8	0	490	0	500	500	500	500	0	0	0	
2.0799916044e+02	326	6	490	10	0	501	0	500	500	500	500	0	0	0	
2.0849898450e+02	326	8	492	8	3	520	0	500	500	500	500	0	0	0	
2.0899992978e+02	329	4	494	6	4	509	0	500	500	500	500	0	0	0	
2.0949870953e+02	330	2	495	5	3	503	0	500	500	500	500	0	0	0	
2.0999887059e+02	330	2	497	3	3	487	0	500	500	500	500	0	0	0	
2.1049879644e+02	330	2	496	4	2	496	0	500	500	500	500	0	0	0	
2.1099807149e+02	329	2	498	2	0	499	0	500	500	500	500	0	0	0	
2.1149643955e+02	330	1	497	3	1	505	0	500	500	500	500	0	0	0	
2.1199869922e+02	332	2	498	2	0	515	0	500	500	500	500	0	0	0	
2.1249744880e+02	335	2	498	2	2	503	0	500	500	500	500	0	0	0	
2.1299951910e+02	334	2	499	1	1	504	0	500	500	500	500	0	0	0	
2.1349861354e+02	334	5	491	9	0	501	0	500	500	500	500	0	0	0	
2.1399973095e+02	335	5	496	4	1	515	0	500	500	500	500	0	0	0	
2.1449838498e+02	336	5	492	8	3	517	0	500	500	500	500	0	0	0	
2.1499896410e+02	337	5	494	6	3	490	0	500	500	500	500	0	0	0	
2.1549916221e+02	338	4	494	6	3	474	0	500	500	500	500	0	0	0	
2.1599790487e+02	335	7	496	4	4	465	0	500	500	500	500	0	0	0	
2.1649961857e+02	336	7	495	5	1	489	0	500	500	500	500	0	0	0	
2.1699471975e+02	339	5	490	10	2	498	0	500	500	500	500	0	0	0	
2.1749811288e+02	338	6	495	5	5	491	0	500	500	500	500	0	0	0	
2.1799802024e+02	339	6	488	12	2	484	0	500	500	500	500	0	0	0	
2.1849872334e+02	339	8	494	6	4	461	0	500	500	500	500	0	0	0	
2.1899977613e+02	340	8	494	6	3	494	0	500	500	500	500	0	0	0	
2.1949985776e+02	341	8	493	7	3	480	0	500	500	500	500	0	0	0	
2.1999787460e+02	339	8	491	9	5	487	0	500	500	500	500	0	0	0	
2.2049997952e+02	341	6	496	4	3	507	0	500	500	500	500	0	0	0	
2.2099894995e+02	339	7	492	8	3	500	0	500	500	500	500	0	0	0	
2.2149960904e+02	338	8	491	9	2	515	0	500	500	500	500	0	0	0	
2.2199867940e+02	337	9	489	11	4	505	0	500	500	500	500	0	0	0	
2.2249345220e+02	338	11	490	10	2	507	0	500	500	500	500	0	0	0	
2.2299753507e+02	338	13	486	14	4	502	0	500	500	500	500	0	0	0	
2.2349607872e+02	340	12	482	18	3	533	0	500	500	500	500	0	0	0	
2.2399947197e+02	341	11	484	16	5	519	0	500	500	500	500	0	0	0	
2.2449451758e+02	342	10	490	10	4	519	0	500	500	500	500	0	0	0	
2.2499924346e+02	342	10	491	9	1	493	0	500	500	500	500	0	0	0	
2.2549943117e+02	346	6	493	7	2	505	0	500	500	500	500	0	0	0	
2.2599760671e+02	344	11	488	12	2	507	0	500	500	500	500	0	0	0	
2.2649966836e+02	347	9	491	9	2	505	0	500	500	500	500	0	0	0	
2.2699958363e+02	346	10	491	9	4	494	0	500	500	500	500	0	0	0	
2.2749884498e+02	347	8	494	6	1	482	0	500	500	500	500	0	0	0	
2.2799892425e+02	350	5	495	5	3	458	0	500	500	500	500	0	0	0	
2.2849885318e+02	353	2	496	4	2	474	0	500	500	500	500	0	0	0	
2.2899893541e+02	353	4	495	5	7	462	0	500	500	500	500	0	0	0	
2.2949657508e+02	352	5	494	6	2	448	0	500	500	500	500	0	0	0	
2.2999852177e+02	353	4	498	2	2	466	0	500	500	500	500	0	0	0	
2.3049815386e+02	354	4	495	5	0	478	0	500	500	500	500	0	0	0	
2.3099959307e+02	354	5	492	8	5	473	0	500	500	500	500	0	0	0	
2.3149779437e+02	354	6	488	12	4	475	0	500	500	500	500	0	0	0	
2.3199822126e+02	352	8	486	14	6	457	0	500	500	500	500	0	0	0	
2.3249532618e+02	348	13	488	12	5	462	0	500	500	500	500	0	0	0	
2.3299883853e+02	351	12	481	19	4	488	0	500	500	500	500	0	0	0	
2.3349903895e+02	351	12	486	14	3	474	0	500	500	500	500	0	0	0	
2.3399797886e+02	354	10	487	13	1	435	0	500	500	500	500	0	0	0	
2.3449998482e+02	354	10	493	7	6	450	0	500	500	500	500	0	0	0	
2.3499857718e+02	354	11	494	6	2	468	0	500	500	500	500	0	0	0	
2.3549966140e+02	357	11	493	7	3	462	0	500	500	500	500	0	0	0	
2.3599514629e+02	359	8	496	4	6	460	0	500	500	500	500	0	0	0	
2.3649992279e+02	357	8	495	5	5	475	0	500	500	500	500	0	0	0	
2.3699895651e+02	359	6	497	3	1	460	0	500	500	500	500	0	0	0	
2.3749839024e+02	359	6	494	6	3	454	0	500	500	500	500	0	0	0	
2.3799983469e+02	358	6	493	7	0	455	0	500	500	500	500	0	0	0	
2.3849586838e+02	359	7	494	6	1	457	0	500	500	500	500	0	0	0	
2.3899529416e+02	359	9	483	17	3	461	0	500	500	500	500	0	0	0	
2.3949712795e+02	360	9	490	10	5	473	0	500	500	500	500	0	0	0	
2.3999826788e+02	360	8	491	9	2	479	0	500	500	500	500	0	0	0	
2.4049991761e+02	360	9	493	7	3	487	0	500	500	500	500	0	0	0	
2.4099832935e+02	363	6	493	7	1	508	0	500	500	500	500	0	0	0	
2.4149740434e+02	362	6	492	8	1	497	0	500	500	500	500	0	0	0	
2.4199816215e+02	363	5	494	6	1	479	0	500	500	500	500	0	0	0	
2.4249995323e+02	364	4	497	3	2	489	0	500	500	500	500	0	0	0	
2.4299852923e+02	364	6	497	3	1	477	0	500	500	500	500	0	0	0	
2.4349811767e+02	365	5	496	4	2	487	0	500	500	500	500	0	0	0	
2.4399482889e+02	365	4	497	3	2	489	0	500	500	500	500	0	0	0	
2.4449792022e+02	364	5	492	8	1	481	0	500	500	500	500	0	0	0	
2.4499961269e+02	364	6	498	2	1	487	0	500	500	500	500	0	0	0	
2.4549418611e+02	366	5	496	4	5	491	0	500	500	500	500	0	0	0	
2.4599704067e+02	365	6	495	5	2	474	0	500	500	500	500	0	0	0	
2.4649773687e+02	365	5	490	10	3	482	0	500	500	500	500	0	0	0	
2.4699836803e+02	367	6	494	6	4	487	0	500	500	500	500	0	0	0	
2.4749938164e+02	367	6	496	4	3	478	0	500	500	500	500	0	0	0	
2.4799897987e+02	370	4	496	4	3	501	0	500	500	500	500	0	0	0	
2.4849455309e+02	371	6	492	8	3	489	0	500	500	500	500	0	0	0	
2.4899713995e+02	375	4	494	6	1	494	0	500	500	500	500	0	0	0	
2.4949981005e+02	375	4	498	2	3	488	0	500	500	500	500	0	0	0	
2.4999892963e+02	374	6	488	12	1	475	0	500	500	500	500	0	0	0	
2.5049702588e+02	372	9	482	18	3	490	0	500	500	500	500	0	0	0	
2.5099975358e+02	370	11	487	13	2	473	0	500	500	500	500	0	0	0	
2.5149994318e+02	373	10	492	8	3	481	0	500	500	500	500	0	0	0	
2.5199746468e+02	376	12	490	10	6	487	0	500	500	500	500	0	0	0	
2.5249545476e+02	375	11	488	12	4	505	0	500	500	500	500	0	0	0	
2.5299929605e+02	376	11	490	10	3	491	0	500	500	500	500	0	0	0	
2.5349737699e+02	374	12	485	15	5	486	0	500	500	500	500	0	0	0	
2.5399785304e+02	377	9	489	11	3	482	0	500	500	500	500	0	0	0	
2.5449970610e+02	379	7	493	7	0	481	0	500	500	500	500	0	0	0	
2.5499614965e+02	382	5	497	3	4	495	0	500	500	500	500	0	0	0	
2.5549992674e+02	381	6	491	9	2	479	0	500	500	500	500	0	0	0	
2.5599979437e+02	382	5	495	5	4	492	0	500	500	500	500	0	0	0	
2.5649988066e+02	380	8	496	4	4	478	0	500	500	500	500	0	0	0	
2.5699970337e+02	381	9	495	5	4	452	0	500	500	500	500	0	0	0	
2.5749903171e+02	382	9	491	9	4	448	0	500	500	500	500	0	0	0	
2.5799908828e+02	382	10	496	4	5	463	0	500	500	500	500	0	0	0	
2.5849855417e+02	385	7	490	10	9	465	0	500	500	500	500	0	0	0	
2.5899923165e+02	387	4	494	6	3	464	0	500	500	500	500	0	0	0	
2.5949978483e+02	386	8	493	7	1	489	0	500	500	500	500	0	0	0	
2.5999835562e+02	388	6	489	11	0	495	0	500	500	500	500	0	0	0	
2.6049963600e+02	388	7	496	4	3	504	0	500	500	500	500	0	0	0	
2.6099842543e+02	389	7	494	6	4	484	0	500	500	500	500	0	0	0	
2.6149908961e+02	390	6	494	6	6	482	0	500	500	500	500	0	0	0	
2.6199842441e+02	388	10	495	5	5	486	0	500	500	500	500	0	0	0	
2.6249957724e+02	388	11	492	8	2	524	0	500	500	500	500	0	0	0	
2.6299989229e+02	389	9	493	7	3	506	0	500	500	500	500	0	0	0	
2.6349903306e+02	390	10	488	12	2	516	0	500	500	500	500	0	0	0	
2.6399964005e+02	394	6	487	13	7	504	0	500	500	500	500	0	0	0	
2.6449713914e+02	396	4	491	9	5	505	0	500	500	500	500	0	0	0	
2.6499511050e+02	393	5	495	5	0	506	0	500	500	500	500	0	0	0	
2.6549901996e+02	393	5	496	4	2	483	0	500	500	500	500	0	0	0	
2.6599999701e+02	393	4	495	5	3	490	0	500	500	500	500	0	0	0	
2.6649683555e+02	393	6	488	12	0	483	0	500	500	500	500	0	0	0	
2.6699873356e+02	394	4	491	9	0	493	0	500	500	500	500	0	0	0	
2.6749911184e+02	391	8	490	10	8	519	0	500	500	500	500	0	0	0	
2.6799989435e+02	392	7	488	12	3	500	0	500	500	500	500	0	0	0	
2.6849863588e+02	395	4	494	6	1	518	0	500	500	500	500	0	0	0	
2.6899913276e+02	396	3	496	4	2	505	0	500	500	500	500	0	0	0	
2.6949754431e+02	395	6	493	7	1	486	0	500	500	500	500	0	0	0	
2.6999949208e+02	395	6	495	5	2	498	0	500	500	500	500	0	0	0	
2.7049997779e+02	396	5	492	8	5	501	0	500	500	500	500	0	0	0	
2.7099926276e+02	398	3	497	3	3	502	0	500	500	500	500	0	0	0	
2.7149969715e+02	398	2	495	5	3	493	0	500	500	500	500	0	0	0	
2.7199797097e+02	399	3	496	4	6	504	0	500	500	500	500	0	0	0	
2.7249689128e+02	399	4	491	9	3	509	0	500	500	500	500	0	0	0	
2.7299952162e+02	395	6	488	12	3	487	0	500	500	500	500	0	0	0	
2.7349923355e+02	395	6	489	11	0	508	0	500	500	500	500	0	0	0	
2.7399485417e+02	395	7	488	12	5	513	0	500	500	500	500	0	0	0	
2.7449905814e+02	395	11	490	10	7	488	0	500	500	500	500	0	0	0	
2.7499936523e+02	398	10	490	10	8	483	0	500	500	500	500	0	0	0	
2.7549871154e+02	398	10	488	12	8	495	0	500	500	500	500	0	0	0	
2.7599982529e+02	398	10	490	10	4	493	0	500	500	500	500	0	0	0	
2.7649957244e+02	399	10	489	11	2	481	0	500	500	500	500	0	0	0	
2.7699620462e+02	398	11	493	7	6	483	0	500	500	500	500	0	0	0	
2.7749845410e+02	400	10	490	10	3	489	0	500	500	500	500	0	0	0	
2.7799958706e+02	402	9	489	11	5	481	0	500	500	500	500	0	0	0	
2.7849958503e+02	405	8	487	13	4	488	0	500	500	500	500	0	0	0	
2.7899914358e+02	406	9	491	9	3	508	0	500	500	500	500	0	0	0	
2.7949358386e+02	409	8	491	9	5	497	0	500	500	500	500	0	0	0	
2.7999900805e+02	408	9	491	9	7	483	0	500	500	500	500	0	0	0	
2.8049841439e+02	409	9	492	8	5	498	0	500	500	500	500	0	0	0	
2.8099800180e+02	412	6	491	9	4	515	0	500	500	500	500	0	0	0	
2.8149735748e+02	413	6	496	4	3	490	0	500	500	500	500	0	0	0	
2.8199997544e+02	412	9	490	10	4	486	0	500	500	500	500	0	0	0	
2.8249941289e+02	414	7	495	5	4	488	0	500	500	500	500	0	0	0	
2.8299983696e+02	414	8	494	6	5	460	0	500	500	500	500	0	0	0	
2.8349890939e+02	417	9	497	3	5	454	0	500	500	500	500	0	0	0	
2.8399801171e+02	416	11	493	7	4	452	0	500	500	500	500	0	0	0	
2.8449757540e+02	419	10	488	12	2	472	0	500	500	500	500	0	0	0	
2.8499894993e+02	418	12	486	14	2	482	0	500	500	500	500	0	0	0	
2.8549819450e+02	421	10	495	5	2	492	0	500	500	500	500	0	0	0	
2.8599999277e+02	421	9	490	10	3	483	0	500	500	500	500	0	0	0	
2.8649742355e+02	422	9	495	5	2	485	0	500	500	500	500	0	0	0	
2.8699786819e+02	420	11	495	5	8	494	0	500	500	500	500	0	0	0	
2.8749949013e+02	422	11	487	13	3	487	0	500	500	500	500	0	0	0	
2.8799991473e+02	423	12	487	13	9	487	0	500	500	500	500	0	0	0	
2.8849954067e+02	425	11	492	8	6	488	0	500	500	500	500	0	0	0	
2.8899926947e+02	426	11	488	12	8	478	0	500	500	500	500	0	0	0	
2.8949871856e+02	428	9	484	16	4	454	0	500	500	500	500	0	0	0	
2.8999959227e+02	428	10	485	15	4	437	0	500	500	500	500	0	0	0	
2.9049951296e+02	429	9	488	12	2	464	0	500	500	500	500	0	0	0	
2.9099973205e+02	429	12	486	14	10	478	0	500	500	500	500	0	0	0	
2.9149919759e+02	428	12	490	10	5	473	0	500	500	500	500	0	0	0	
2.9199924076e+02	431	11	492	8	9	481	0	500	500	500	500	0	0	0	
2.9249394130e+02	434	9	495	5	9	486	0	500	500	500	500	0	0	0	
2.9299905803e+02	435	8	492	8	2	496	0	500	500	500	500	0	0	0	
2.9349679138e+02	434	10	492	8	3	488	0	500	500	500	500	0	0	0	
2.9399253153e+02	433	11	489	11	5	509	0	500	500	500	500	0	0	0	
2.9449813383e+02	435	8	487	13	3	516	0	500	500	500	500	0	0	0	
2.9499929138e+02	434	10	486	14	4	512	0	500	500	500	500	0	0	0	
2.9549859752e+02	434	11	487	13	4	507	0	500	500	500	500	0	0	0	
2.9599688621e+02	439	6	490	10	1	525	0	500	500	500	500	0	0	0	
2.9649910484e+02	441	4	495	5	0	490	0	500	500	500	500	0	0	0	
2.9699938875e+02	440	5	496	4	1	508	0	500	500	500	500	0	0	0	
2.9749843940e+02	439	6	494	6	5	506	0	500	500	500	500	0	0	0	
2.9799718503e+02	440	6	494	6	3	519	0	500	500	500	500	0	0	0	
2.9849928189e+02	441	5	490	10	4	530	0	500	500	500	500	0	0	0	
2.9899959479e+02	440	5	491	9	1	498	0	500	500	500	500	0	0	0	
2.9949956697e+02	440	6	495	5	2	497	0	500	500	500	500	0	0	0	
2.9999904279e+02	439	8	492	8	1	496	0	500	500	500	500	0	0	0	
3.0049969668e+02	441	6	489	11	4	489	0	500	500	500	500	0	0	0	
3.0099910891e+02	443	6	495	5	2	506	0	500	500	500	500	0	0	0	
3.0149774530e+02	443	6	498	2	1	501	0	500	500	500	500	0	0	0	
3.0199955927e+02	445	6	495	5	1	499	0	500	500	500	500	0	0	0	
3.0249986151e+02	445	7	494	6	7	479	0	500	500	500	500	0	0	0	
3.0299839824e+02	446	7	491	9	2	495	0	500	500	500	500	0	0	0	
3.0349788068e+02	447	5	493	7	1	459	0	500	500	500	500	0	0	0	
3.0399833197e+02	448	4	497	3	2	466	0	500	500	500	500	0	0	0	
3.0449960028e+02	446	6	492	8	4	455	0	500	500	500	500	0	0	0	
3.0499628639e+02	448	7	493	7	6	468	0	500	500	500	500	0	0	0	
3.0549892645e+02	447	9	492	8	2	480	0	500	500	500	500	0	0	0	
3.0599951624e+02	447	10	491	9	4	492	0	500	500	500	500	0	0	0	
3.0649897984e+02	450	8	495	5	4	483	0	500	500	500	500	0	0	0	
3.0699852509e+02	449	10	496	4	4	490	0	500	500	500	500	0	0	0	
3.0749790415e+02	452	7	494	6	5	490	0	500	500	500	500	0	0	0	
3.0799634071e+02	451	7	490	10	4	517	0	500	500	500	500	0	0	0	
3.0849940939e+02	452	5	493	7	3	493	0	500	500	500	500	0	0	0	
3.0899761748e+02	451	8	488	12	3	483	0	500	500	500	500	0	0	0	
3.0949990136e+02	448	10	487	13	6	517	0	500	500	500	500	0	0	0	
3.0999750050e+02	449	9	484	16	5	513	0	500	500	500	500	0	0	0	
3.1049744041e+02	453	6	493	7	2	492	0	500	500	500	500	0	0	0	
3.1099926050e+02	454	5	493	7	1	492	0	500	500	500	500	0	0	0	
3.1149630130e+02	452	8	490	10	3	508	0	500	500	500	500	0	0	0	
3.1199963860e+02	457	3	495	5	1	519	0	500	500	500	500	0	0	0	
3.1249923131e+02	457	4	496	4	0	506	0	500	500	500	500	0	0	0	
3.1299877676e+02	458	5	497	3	2	497	0	500	500	500	500	0	0	0	
3.1349926124e+02	457	6	491	9	5	471	0	500	500	500	500	0	0	0	
3.1399959319e+02	458	7	496	4	5	487	0	500	500	500	500	0	0	0	
3.1449827961e+02	460	8	490	10	1	499	0	500	500	500	500	0	0	0	
3.1499989030e+02	464	8	492	8	4	493	0	500	500	500	500	0	0	0	
3.1549958366e+02	466	6	490	10	6	503	0	500	500	500	500	0	0	0	
3.1599632915e+02	466	5	493	7	2	489	0	500	500	500	500	0	0	0	
3.1649846191e+02	467	4	492	8	2	473	0	500	500	500	500	0	0	0	
3.1699923959e+02	466	6	493	7	8	474	0	500	500	500	500	0	0	0	
3.1749850722e+02	467	3	496	4	4	489	0	500	500	500	500	0	0	0	
3.1799805209e+02	465	6	497	3	2	503	0	500	500	500	500	0	0	0	
3.1849947276e+02	465	7	492	8	4	518	0	500	500	500	500	0	0	0	
3.1899826093e+02	464	9	498	2	2	509	0	500	500	500	500	0	0	0	
3.1949950030e+02	464	9	493	7	3	524	0	500	500	500	500	0	0	0	
3.1999828243e+02	463	9	489	11	5	514	0	500	500	500	500	0	0	0	
3.2049667852e+02	466	8	492	8	6	539	0	500	500	500	500	0	0	0	
3.2099899852e+02	467	7	493	7	7	551	0	500	500	500	500	0	0	0	
3.2149851151e+02	468	6	495	5	3	524	0	500	500	500	500	0	0	0	
3.2199910328e+02	468	7	495	5	3	501	0	500	500	500	500	0	0	0	
3.2249987575e+02	468	8	498	2	3	499	0	500	500	500	500	0	0	0	
3.2299803035e+02	469	7	494	6	5	488	0	500	500	500	500	0	0	0	
3.2349967874e+02	468	10	494	6	3	510	0	500	500	500	500	0	0	0	
3.2399891158e+02	469	12	488	12	4	524	0	500	500	500	500	0	0	0	
3.2449434387e+02	468	14	481	19	10	510	0	500	500	500	500	0	0	0	
3.2499749385e+02	471	11	487	13	4	507	0	500	500	500	500	0	0	0	
3.2549977837e+02	470	12	488	12	6	500	0	500	500	500	500	0	0	0	
3.2599848821e+02	473	8	494	6	4	505	0	500	500	500	500	0	0	0	
3.2649949860e+02	472	15	489	11	4	502	0	500	500	500	500	0	0	0	
3.2699967445e+02	477	11	488	12	3	474	0	500	500	500	500	0	0	0	
3.2749377324e+02	477	12	485	15	4	464	0	500	500	500	500	0	0	0	
3.2799980685e+02	476	14	488	12	5	472	0	500	500	500	500	0	0	0	
3.2849697609e+02	476	14	491	9	10	482	0	500	500	500	500	0	0	0	
3.2899915216e+02	477	14	488	12	6	489	0	500	500	500	500	0	0	0	
3.2949851482e+02	479	12	494	6	1	520	0	500	500	500	500	0	0	0	
3.2999669274e+02	480	13	496	4	6	521	0	500	500	500	500	0	0	0	
3.3049834224e+02	480	14	489	11	4	512	0	500	500	500	500	0	0	0	
3.3099949891e+02	483	13	476	24	6	481	0	500	500	500	500	0	0	0	
3.3149703571e+02	482	15	480	20	8	490	0	500	500	500	500	0	0	0	
3.3199355250e+02	485	15	482	18	10	519	0	500	500	500	500	0	0	0	
3.3249934566e+02	483	18	490	10	7	514	0	500	500	500	500	0	0	0	
3.3299824794e+02	484	18	484	16	5	499	0	500	500	500	500	0	0	0	
3.3349910714e+02	482	19	476	24	8	480	0	500	500	500	500	0	0	0	
3.3399915968e+02	482	18	482	18	8	461	0	500	500	500	500	0	0	0	
3.3449873716e+02	483	15	482	18	4	475	0	500	500	500	500	0	0	0	
3.3499765320e+02	485	16	486	14	5	486	0	500	500	500	500	0	0	0	
3.3549938540e+02	486	16	484	16	5	480	0	500	500	500	500	0	0	0	
3.3599950175e+02	484	18	482	18	4	476	0	500	500	500	500	0	0	0	
3.3649884699e+02	483	19	480	20	8	462	0	500	500	500	500	0	0	0	
3.3699830886e+02	484	18	476	24	8	470	0	500	500	500	500	0	0	0	
3.3749049750e+02	488	13	482	18	4	475	0	500	500	500	500	0	0	0	
3.3799913071e+02	490	11	487	13	4	449	0	500	500	500	500	0	0	0	
3.3849888662e+02	490	11	485	15	1	440	0	500	500	500	500	0	0	0	
3.3899897951e+02	493	8	489	11	2	454	0	500	500	500	500	0	0	0	
3.3949934345e+02	493	9	487	13	2	465	0	500	500	500	500	0	0	0	
3.3999889053e+02	496	6	490	10	1	485	0	500	500	500	500	0	0	0	
3.4049688722e+02	495	7	491	9	4	488	0	500	500	500	500	0	0	0	
3.4099707715e+02	496	6	493	7	9	463	0	500	500	500	500	0	0	0	
3.4149461122e+02	496	9	487	13	2	480	0	500	500	500	500	0	0	0	
3.4199891557e+02	497	8	483	17	6	463	0	500	500	500	500	0	0	0	
3.4249843113e+02	493	13	483	17	2	457	0	500	500	500	500	0	0	0	
3.4299986625e+02	494	12	472	28	5	462	0	500	500	500	500	0	0	0	
3.4349521500e+02	493	14	481	19	3	461	0	500	500	500	500	0	0	0	
3.4399647590e+02	494	15	486	14	5	478	0	500	500	500	500	0	0	0	
3.4449694922e+02	496	14	485	15	5	483	0	500	500	500	500	0	0	0	
3.4499981228e+02	497	13	485	15	7	453	0	500	500	500	500	0	0	0	
3.4549947734e+02	493	19	481	19	2	472	0	500	500	500	500	0	0	0	
3.4599999835e+02	495	18	478	22	2	473	0	500	500	500	500	0	0	0	
3.4649976110e+02	495	20	473	27	6	477	0	500	500	500	500	0	0	0	
3.4699755673e+02	495	22	465	35	6	515	0	500	500	500	500	0	0	0	
3.4749835758e+02	497	19	472	28	6	497	0	500	500	500	500	0	0	0	
3.4799996965e+02	499	20	476	24	8	492	0	500	500	500	500	0	0	0	
3.4849947314e+02	500	19	482	18	0	483	0	500	500	500	500	0	0	0	
3.4899940628e+02	503	16	480	20	5	495	0	500	500	500	500	0	0	0	
3.4949925330e+02	502	16	483	17	7	479	0	500	500	500	500	0	0	0	
3.4999881365e+02	497	19	479	21	7	467	0	500	500	500	500	0	0	0	
3.5049660940e+02	498	19	486	14	9	492	0	500	500	500	500	0	0	0	
3.5099999595e+02	500	17	487	13	4	479	0	500	500	500	500	0	0	0	
3.5149603030e+02	503	15	488	12	3	487	0	500	500	500	500	0	0	0	
3.5199589191e+02	504	14	485	15	5	500	0	500	500	500	500	0	0	0	
3.5249972494e+02	508	10	490	10	6	487	0	500	500	500	500	0	0	0	
3.5299054713e+02	512	6	488	12	2	513	0	500	500	500	500	0	0	0	
3.5349956127e+02	511	7	485	15	3	516	0	500	500	500	500	0	0	0	
3.5399808632e+02	510	8	492	8	6	502	0	500	500	500	500	0	0	0	
3.5449779296e+02	509	10	495	5	7	511	0	500	500	500	500	0	0	0	
3.5499991964e+02	509	10	492	8	5	514	0	500	500	500	500	0	0	0	
3.5549789766e+02	510	9	492	8	4	509	0	500	500	500	500	0	0	0	
3.5599886997e+02	512	8	496	4	5	498	0	500	500	500	500	0	0	0	
3.5649955311e+02	514	7	489	11	1	498	0	500	500	500	500	0	0	0	
3.5699734532e+02	511	10	492	8	6	483	0	500	500	500	500	0	0	0	
3.5749965555e+02	510	9	492	8	1	477	0	500	500	500	500	0	0	0	
3.5799968384e+02	509	10	489	11	1	463	0	500	500	500	500	0	0	0	
3.5849944081e+02	510	8	496	4	4	462	0	500	500	500	500	0	0	0	
3.5899942438e+02	510	9	494	6	5	474	0	500	500	500	500	0	0	0	
3.5949550023e+02	509	12	491	9	2	486	0	500	500	500	500	0	0	0	
3.5999977381e+02	512	8	491	9	4	471	0	500	500	500	500	0	0	0	
3.6049929191e+02	515	10	493	7	5	488	0	500	500	500	500	0	0	0	
3.6099301572e+02	516	10	490	10	5	488	0	500	500	500	500	0	0	0	
3.6149998333e+02	519	9	488	12	3	493	0	500	500	500	500	0	0	0	
3.6199513565e+02	519	9	494	6	4	497	0	500	500	500	500	0	0	0	
3.6249782468e+02	517	11	487	13	5	493	0	500	500	500	500	0	0	0	
3.6299855307e+02	521	8	486	14	4	479	0	500	500	500	500	0	0	0	
3.6349875917e+02	523	6	488	12	5	483	0	500	500	500	500	0	0	0	
3.6399928913e+02	523	7	493	7	5	498	0	500	500	500	500	0	0	0	
3.6449924279e+02	525	7	494	6	2	484	0	500	500	500	500	0	0	0	
3.6499771734e+02	525	7	491	9	8	480	0	500	500	500	500	0	0	0	
3.6549883892e+02	524	7	493	7	3	488	0	500	500	500	500	0	0	0	
3.6599972975e+02	525	5	495	5	2	509	0	500	500	500	500	0	0	0	
3.6649788747e+02	526	5	498	2	4	485	0	500	500	500	500	0	0	0	
3.6699754132e+02	527	5	493	7	6	472	0	500	500	500	500	0	0	0	
3.6749846151e+02	526	5	491	9	2	488	0	500	500	500	500	0	0	0	
3.6799856527e+02	525	8	495	5	1	493	0	500	500	500	500	0	0	0	
3.6849694999e+02	526	6	497	3	3	465	0	500	500	500	500	0	0	0	
3.6899985366e+02	526	7	490	10	3	459	0	500	500	500	500	0	0	0	
3.6949845597e+02	526	7	493	7	3	499	0	500	500	500	500	0	0	0	
3.6999846846e+02	524	9	495	5	3	492	0	500	500	500	500	0	0	0	
3.7049567538e+02	525	9	497	3	3	486	0	500	500	500	500	0	0	0	
3.7099959131e+02	527	8	493	7	4	495	0	500	500	500	500	0	0	0	
3.7149982762e+02	526	9	493	7	9	487	0	500	500	500	500	0	0	0	
3.7199649552e+02	524	9	488	12	7	497	0	500	500	500	500	0	0	0	
3.7249857240e+02	525	8	489	11	1	492	0	500	500	500	500	0	0	0	
3.7299901411e+02	523	8	489	11	5	481	0	500	500	500	500	0	0	0	
3.7349858375e+02	521	11	487	13	6	486	0	500	500	500	500	0	0	0	
3.7399796283e+02	523	12	491	9	8	490	0	500	500	500	500	0	0	0	
3.7449519303e+02	527	7	492	8	1	505	0	500	500	500	500	0	0	0	
3.7499832118e+02	530	6	488	12	3	491	0	500	500	500	500	0	0	0	
3.7549995771e+02	530	6	495	5	3	478	0	500	500	500	500	0	0	0	
3.7599955488e+02	530	8	492	8	5	481	0	500	500	500	500	0	0	0	
3.7649828671e+02	531	10	488	12	5	486	0	500	500	500	500	0	0	0	
3.7699813557e+02	533	9	491	9	3	495	0	500	500	500	500	0	0	0	
3.7749971434e+02	534	8	492	8	2	523	0	500	500	500	500	0	0	0	
3.7799927600e+02	534	7	491	9	1	522	0	500	500	500	500	0	0	0	
3.7849791702e+02	529	9	492	8	1	510	0	500	500	500	500	0	0	0	
3.7899935213e+02	527	12	487	13	6	481	0	500	500	500	500	0	0	0	
3.7949887775e+02	529	10	481	19	5	460	0	500	500	500	500	0	0	0	
3.7999991997e+02	530	11	482	18	8	462	0	500	500	500	500	0	0	0	
3.8049950150e+02	531	10	488	12	3	459	0	500	500	500	500	0	0	0	
3.8099866529e+02	532	9	493	7	6	463	0	500	500	500	500	0	0	0	
3.8149705771e+02	532	10	491	9	0	474	0	500	500	500	500	0	0	0	
3.8199862440e+02	537	6	492	8	2	478	0	500	500	500	500	0	0	0	
3.8249897079e+02	535	8	490	10	0	451	0	500	500	500	500	0	0	0	
3.8299960403e+02	536	7	491	9	4	450	0	500	500	500	500	0	0	0	
3.8349762499e+02	536	8	493	7	2	465	0	500	500	500	500	0	0	0	
3.8399460919e+02	532	10	491	9	4	478	0	500	500	500	500	0	0	0	
3.8449966344e+02	532	10	495	5	3	499	0	500	500	500	500	0	0	0	
3.8499810044e+02	532	11	486	14	2	500	0	500	500	500	500	0	0	0	
3.8549899696e+02	534	9	488	12	3	495	0	500	500	500	500	0	0	0	
3.8599763317e+02	533	8	491	9	6	484	0	500	500	500	500	0	0	0	
3.8649987027e+02	533	9	487	13	3	495	0	500	500	500	500	0	0	0	
3.8699907433e+02	532	9	494	6	5	513	0	500	500	500	500	0	0	0	
3.8749856158e+02	534	8	493	7	2	533	0	500	500	500	500	0	0	0	
3.8799883359e+02	535	9	490	10	5	541	0	500	500	500	500	0	0	0	
3.8849982552e+02	534	8	491	9	8	508	0	500	500	500	500	0	0	0	
3.8899911506e+02	530	10	493	7	3	470	0	500	500	500	500	0	0	0	
3.8949076375e+02	530	10	488	12	3	467	0	500	500	500	500	0	0	0	
3.8999938069e+02	535	7	488	12	2	457	0	500	500	500	500	0	0	0	
3.9049959210e+02	534	8	490	10	4	500	0	500	500	500	500	0	0	0	
3.9099669349e+02	535	8	491	9	1	459	0	500	500	500	500	0	0	0	
3.9149901962e+02	532	11	480	20	3	466	0	500	500	500	500	0	0	0	
3.9199952201e+02	535	10	489	11	6	474	0	500	500	500	500	0	0	0	
3.9249878932e+02	534	13	486	14	3	494	0	500	500	500	500	0	0	0	
3.9299898470e+02	539	11	489	11	3	475	0	500	500	500	500	0	0	0	
3.9349985607e+02	539	11	489	11	4	459	0	500	500	500	500	0	0	0	
3.9399808966e+02	537	14	488	12	3	470	0	500	500	500	500	0	0	0	
3.9449746376e+02	537	14	483	17	1	481	0	500	500	500	500	0	0	0	
3.9499983279e+02	538	15	484	16	6	469	0	500	500	500	500	0	0	0	
3.9549964754e+02	540	13	486	14	5	458	0	500	500	500	500	0	0	0	
3.9599916815e+02	541	13	486	14	3	465	0	500	500	500	500	0	0	0	
3.9649891617e+02	543	12	490	10	3	455	0	500	500	500	500	0	0	0	
3.9699973652e+02	547	9	490	10	8	454	0	500	500	500	500	0	0	0	
3.9749988594e+02	545	11	492	8	6	450	0	500	500	500	500	0	0	0	
3.9799607048e+02	544	12	494	6	4	470	0	500	500	500	500	0	0	0	
3.9849943401e+02	545	13	488	12	3	462	0	500	500	500	500	0	0	0	
3.9899862689e+02	544	15	487	13	7	456	0	500	500	500	500	0	0	0	
3.9949779718e+02	550	9	484	16	5	465	0	500	500	500	500	0	0	0	
3.9999919017e+02	545	16	479	21	7	474	0	500	500	500	500	0	0	0	
4.0049861108e+02	544	15	479	21	5	471	0	500	500	500	500	0	0	0	
4.0099994283e+02	544	16	477	23	8	468	0	500	500	500	500	0	0	0	
4.0149732459e+02	538	22	476	24	10	451	0	500	500	500	500	0	0	0	
4.0199663769e+02	539	21	479	21	10	436	0	500	500	500	500	0	0	0	
4.0249984559e+02	539	20	478	22	9	431	0	500	500	500	500	0	0	0	
4.0299784316e+02	541	18	483	17	10	428	0	500	500	500	500	0	0	0	
4.0349728868e+02	536	23	484	16	7	418	0	500	500	500	500	0	0	0	
4.0399990529e+02	535	25	478	22	9	414	0	500	500	500	500	0	0	0	
4.0449993673e+02	538	22	474	26	4	428	0	500	500	500	500	0	0	0	
4.0499982293e+02	539	22	469	31	6	454	0	500	500	500	500	0	0	0	
4.0549958898e+02	537	22	470	30	9	468	0	500	500	500	500	0	0	0	
4.0599377187e+02	539	20	470	30	6	460	0	500	500	500	500	0	0	0	
4.0649566626e+02	539	21	461	39	9	438	0	500	500	500	500	0	0	0	
4.0699993025e+02	538	22	467	33	12	444	0	500	500	500	500	0	0	0	
4.0749946135e+02	541	18	473	27	6	449	0	500	500	500	500	0	0	0	
4.0799750199e+02	545	14	478	22	5	478	0	500	500	500	500	0	0	0	
4.0849972428e+02	547	14	483	17	6	483	0	500	500	500	500	0	0	0	
4.0899942252e+02	551	12	492	8	7	505	0	500	500	500	500	0	0	0	
4.0949947822e+02	555	9	485	15	4	503	0	500	500	500	500	0	0	0	
4.0999848351e+02	552	9	482	18	1	471	0	500	500	500	500	0	0	0	
4.1049840223e+02	551	9	480	20	7	466	0	500	500	500	500	0	0	0	
4.1099752547e+02	554	7	489	11	3	467	0	500	500	500	500	0	0	0	
4.1149684316e+02	554	8	494	6	0	474	0	500	500	500	500	0	0	0	
4.1199767263e+02	556	6	495	5	4	470	0	500	500	500	500	0	0	0	
4.1249951503e+02	559	3	496	4	2	464	0	500	500	500	500	0	0	0	
4.1299493944e+02	561	3	498	2	1	497	0	500	500	500	500	0	0	0	
4.1349459155e+02	559	5	494	6	4	467	0	500	500	500	500	0	0	0	
4.1399991169e+02	558	7	490	10	5	492	0	500	500	500	500	0	0	0	
4.1449839145e+02	555	7	493	7	3	460	0	500	500	500	500	0	0	0	
4.1499974147e+02	554	8	492	8	3	468	0	500	500	500	500	0	0	0	
4.1549930984e+02	555	8	495	5	9	454	0	500	500	500	500	0	0	0	
4.1599751387e+02	553	8	494	6	1	465	0	500	500	500	500	0	0	0	
4.1649891488e+02	555	6	492	8	2	469	0	500	500	500	500	0	0	0	
4.1699954934e+02	555	7	486	14	7	464	0	500	500	500	500	0	0	0	
4.1749808797e+02	556	6	494	6	2	491	0	500	500	500	500	0	0	0	
4.1799745437e+02	559	4	493	7	1	503	0	500	500	500	500	0	0	0	
4.1849992483e+02	560	3	496	4	3	495	0	500	500	500	500	0	0	0	
4.1899783950e+02	560	3	495	5	2	495	0	500	500	500	500	0	0	0	
4.1949880984e+02	561	4	495	5	3	517	0	500	500	500	500	0	0	0	
4.1999843904e+02	560	4	497	3	0	524	0	500	500	500	500	0	0	0	
4.2049287938e+02	558	4	495	5	2	518	0	500	500	500	500	0	0	0	
4.2099800790e+02	555	7	491	9	0	518	0	500	500	500	500	0	0	0	
4.2149998875e+02	551	12	486	14	7	502	0	500	500	500	500	0	0	0	
4.2199564480e+02	553	11	491	9	5	501	0	500	500	500	500	0	0	0	
4.2249561251e+02	553	12	494	6	3	532	0	500	500	500	500	0	0	0	
4.2299947336e+02	554	10	492	8	4	512	0	500	500	500	500	0	0	0	
4.2349594685e+02	554	9	489	11	3	514	0	500	500	500	500	0	0	0	
4.2399793061e+02	554	11	493	7	6	506	0	500	500	500	500	0	0	0	
4.2449757786e+02	554	11	487	13	7	475	0	500	500	500	500	0	0	0	
4.2499705890e+02	556	13	489	11	4	471	0	500	500	500	500	0	0	0	
4.2549823992e+02	557	14	482	18	4	480	0	500	500	500	500	0	0	0	
4.2599937056e+02	556	14	485	15	7	480	0	500	500	500	500	0	0	0	
4.2649705486e+02	557	13	490	10	6	495	0	500	500	500	500	0	0	0	
4.2699828347e+02	558	14	490	10	4	506	0	500	500	500	500	0	0	0	
4.2749831958e+02	556	16	491	9	4	510	0	500	500	500	500	0	0	0	
4.2799979536e+02	558	15	487	13	5	503	0	500	500	500	500	0	0	0	
4.2849906080e+02	560	14	482	18	6	489	0	500	500	500	500	0	0	0	
4.2899933950e+02	563	13	481	19	11	473	0	500	500	500	500	0	0	0	
4.2949696261e+02	566	13	488	12	4	494	0	500	500	500	500	0	0	0	
4.2999983037e+02	565	15	486	14	2	521	0	500	500	500	500	0	0	0	
4.3049942515e+02	570	10	489	11	6	504	0	500	500	500	500	0	0	0	
4.3099708072e+02	570	10	489	11	3	502	0	500	500	500	500	0	0	0	
4.3149967129e+02	569	10	485	15	4	530	0	500	500	500	500	0	0	0	
4.3199623636e+02	574	5	488	12	3	497	0	500	500	500	500	0	0	0	
4.3249989160e+02	574	5	488	12	0	521	0	500	500	500	500	0	0	0	
4.3299470884e+02	574	5	487	13	5	542	0	500	500	500	500	0	0	0	
4.3349944847e+02	574	5	492	8	3	525	0	500	500	500	500	0	0	0	
4.3399409485e+02	572	7	486	14	2	542	0	500	500	500	500	0	0	0	
4.3449915554e+02	569	9	486	14	5	542	0	500	500	500	500	0	0	0	
4.3499231728e+02	567	10	493	7	7	514	0	500	500	500	500	0	0	0	
4.3549827858e+02	571	5	491	9	5	492	0	500	500	500	500	0	0	0	
4.3599946967e+02	571	5	496	4	4	515	0	500	500	500	500	0	0	0	
4.3649613986e+02	571	6	493	7	5	512	0	500	500	500	500	0	0	0	
4.3699927124e+02	571	8	495	5	5	498	0	500	500	500	500	0	0	0	
4.3749691939e+02	572	9	492	8	4	496	0	500	500	500	500	0	0	0	
4.3799987512e+02	572	11	488	12	3	513	0	500	500	500	500	0	0	0	
4.3849769617e+02	567	14	493	7	7	497	0	500	500	500	500	0	0	0	
4.3899981162e+02	568	13	486	14	4	509	0	500	500	500	500	0	0	0	
4.3949977987e+02	571	12	490	10	3	509	0	500	500	500	500	0	0	0	
4.3999503897e+02	570	13	489	11	2	503	0	500	500	500	500	0	0	0	
4.4049622339e+02	572	12	488	12	2	490	0	500	500	500	500	0	0	0	
4.4099767031e+02	572	12	486	14	3	487	0	500	500	500	500	0	0	0	
4.4149857771e+02	572	14	485	15	6	492	0	500	500	500	500	0	0	0	
4.4199909728e+02	572	15	484	16	12	477	0	500	500	500	500	0	0	0	
4.4249800784e+02	571	17	482	18	9	487	0	500	500	500	500	0	0	0	
4.4299482330e+02	570	19	480	20	6	480	0	500	500	500	500	0	0	0	
4.4349970385e+02	566	22	484	16	9	458	0	500	500	500	500	0	0	0	
4.4399993848e+02	572	17	480	20	4	471	0	500	500	500	500	0	0	0	
4.4449897155e+02	573	18	486	14	7	458	0	500	500	500	500	0	0	0	
4.4499844668e+02	577	15	482	18	3	477	0	500	500	500	500	0	0	0	
4.4549645686e+02	579	14	486	14	5	479	0	500	500	500	500	0	0	0	
4.4599803526e+02	580	13	484	16	10	478	0	500	500	500	500	0	0	0	
4.4649850697e+02	576	16	480	20	8	468	0	500	500	500	500	0	0	0	
4.4699976440e+02	581	10	485	15	5	479	0	500	500	500	500	0	0	0	
4.4749783251e+02	581	11	487	13	6	495	0	500	500	500	500	0	0	0	
4.4799938626e+02	582	10	490	10	6	481	0	500	500	500	500	0	0	0	
4.4849985156e+02	584	8	491	9	4	494	0	500	500	500	500	0	0	0	
4.4899868093e+02	584	8	494	6	4	484	0	500	500	500	500	0	0	0	
4.4949728048e+02	583	9	488	12	3	481	0	500	500	500	500	0	0	0	
4.4999988943e+02	584	8	490	10	11	499	0	500	500	500	500	0	0	0	
4.5049941158e+02	582	9	484	16	5	496	0	500	500	500	500	0	0	0	
4.5099927587e+02	579	13	486	14	6	512	0	500	500	500	500	0	0	0	
4.5149803152e+02	581	12	489	11	8	498	0	500	500	500	500	0	0	0	
4.5199917225e+02	581	14	483	17	5	492	0	500	500	500	500	0	0	0	
4.5249858869e+02	577	20	481	19	6	453	0	500	500	500	500	0	0	0	
4.5299919366e+02	575	22	480	20	4	476	0	500	500	500	500	0	0	0	
4.5349887442e+02	582	15	485	15	6	473	0	500	500	500	500	0	0	0	
4.5399915842e+02	584	14	484	16	1	482	0	500	500	500	500	0	0	0	
4.5449764782e+02	585	16	474	26	9	456	0	500	500	500	500	0	0	0	
4.5499939446e+02	590	12	486	14	7	475	0	500	500	500	500	0	0	0	
4.5549216683e+02	593	11	489	11	5	482	0	500	500	500	500	0	0	0	
4.5599889910e+02	593	11	490	10	7	496	0	500	500	500	500	0	0	0	
4.5649923685e+02	596	10	488	12	5	491	0	500	500	500	500	0	0	0	
4.5699949558e+02	596	9	485	15	7	489	0	500	500	500	500	0	0	0	
4.5749741905e+02	596	9	493	7	4	492	0	500	500	500	500	0	0	0	
4.5799955875e+02	596	12	487	13	0	477	0	500	500	500	500	0	0	0	
4.5849908103e+02	597	13	479	21	2	480	0	500	500	500	500	0	0	0	
4.5899778313e+02	600	10	476	24	2	476	0	500	500	500	500	0	0	0	
4.5949772555e+02	598	9	485	15	1	477	0	500	500	500	500	0	0	0	
4.5999786454e+02	598	9	493	7	9	467	0	500	500	500	500	0	0	0	
4.6049969335e+02	602	7	493	7	1	488	0	500	500	500	500	0	0	0	
4.6099876575e+02	603	6	496	4	2	493	0	500	500	500	500	0	0	0	
4.6149896556e+02	603	6	488	12	4	510	0	500	500	500	500	0	0	0	
4.6199736882e+02	605	5	490	10	7	517	0	500	500	500	500	0	0	0	
4.6249781776e+02	607	5	495	5	3	525	0	500	500	500	500	0	0	0	
4.6299988556e+02	609	4	496	4	4	516	0	500	500	500	500	0	0	0	
4.6349970698e+02	608	3	496	4	7	497	0	500	500	500	500	0	0	0	
4.6399770588e+02	607	5	494	6	2	480	0	500	500	500	500	0	0	0	
4.6449737094e+02	607	4	490	10	0	455	0	500	500	500	500	0	0	0	
4.6499879844e+02	607	8	485	15	5	446	0	500	500	500	500	0	0	0	
4.6549796413e+02	606	7	491	9	0	443	0	500	500	500	500	0	0	0	
4.6599452536e+02	606	6	488	12	6	463	0	500	500	500	500	0	0	0	
4.6649881845e+02	606	6	495	5	1	470	0	500	500	500	500	0	0	0	
4.6699848442e+02	605	8	490	10	3	482	0	500	500	500	500	0	0	0	
4.6749993287e+02	605	7	491	9	6	474	0	500	500	500	500	0	0	0	
4.6799941813e+02	604	6	492	8	2	495	0	500	500	500	500	0	0	0	
4.6849819620e+02	600	11	489	11	5	506	0	500	500	500	500	0	0	0	
4.6899987286e+02	599	12	495	5	4	490	0	500	500	500	500	0	0	0	
4.6949743126e+02	599	11	488	12	10	472	0	500	500	500	500	0	0	0	
4.6999849744e+02	601	10	488	12	3	498	0	500	500	500	500	0	0	0	
4.7049907829e+02	602	9	491	9	4	500	0	500	500	500	500	0	0	0	
4.7099808184e+02	604	8	491	9	3	524	0	500	500	500	500	0	0	0	
4.7149946657e+02	608	5	494	6	3	529	0	500	500	500	500	0	0	0	
4.7199711085e+02	609	5	491	9	2	518	0	500	500	500	500	0	0	0	
4.7249940122e+02	608	6	491	9	5	507	0	500	500	500	500	0	0	0	
4.7299944362e+02	605	9	489	11	3	503	0	500	500	500	500	0	0	0	
4.7349737925e+02	606	8	489	11	2	500	0	500	500	500	500	0	0	0	
4.7399838921e+02	605	8	495	5	9	490	0	500	500	500	500	0	0	0	
4.7449901464e+02	603	11	491	9	3	483	0	500	500	500	500	0	0	0	
4.7499892173e+02	599	15	484	16	6	470	0	500	500	500	500	0	0	0	
4.7549998450e+02	599	13	488	12	5	481	0	500	500	500	500	0	0	0	
4.7599611249e+02	602	12	491	9	1	500	0	500	500	500	500	0	0	0	
4.7649685707e+02	603	11	490	10	3	507	0	500	500	500	500	0	0	0	
4.7699960335e+02	602	14	490	10	7	505	0	500	500	500	500	0	0	0	
4.7749849997e+02	605	10	492	8	4	532	0	500	500	500	500	0	0	0	
4.7799939448e+02	606	10	491	9	5	541	0	500	500	500	500	0	0	0	
4.7849993771e+02	603	14	489	11	1	523	0	500	500	500	500	0	0	0	
4.7899583454e+02	604	14	488	12	4	510	0	500	500	500	500	0	0	0	
4.7949984345e+02	605	14	484	16	5	465	0	500	500	500	500	0	0	0	
4.7999930654e+02	606	13	488	12	4	459	0	500	500	500	500	0	0	0	
4.8049926018e+02	609	11	490	10	4	456	0	500	500	500	500	0	0	0	
4.8099937223e+02	611	10	491	9	2	486	0	500	500	500	500	0	0	0	
4.8149985984e+02	612	11	489	11	0	478	0	500	500	500	500	0	0	0	
4.8199639152e+02	608	13	490	10	3	482	0	500	500	500	500	0	0	0	
4.8249591898e+02	608	13	480	20	3	475	0	500	500	500	500	0	0	0	
4.8299958005e+02	609	13	485	15	9	476	0	500	500	500	500	0	0	0	
4.8349960531e+02	610	10	479	21	3	498	0	500	500	500	500	0	0	0	
4.8399601952e+02	607	15	479	21	5	509	0	500	500	500	500	0	0	0	
4.8449923321e+02	606	16	488	12	11	511	0	500	500	500	500	0	0	0	
4.8499932920e+02	610	15	485	15	3	511	0	500	500	500	500	0	0	0	
4.8549574629e+02	610	15	484	16	3	475	0	500	500	500	500	0	0	0	
4.8599841078e+02	610	14	481	19	5	477	0	500	500	500	500	0	0	0	
4.8649644589e+02	605	18	471	29	11	476	0	500	500	500	500	0	0	0	
4.8699783088e+02	606	15	477	23	6	468	0	500	500	500	500	0	0	0	
4.8749603869e+02	605	16	479	21	6	481	0	500	500	500	500	0	0	0	
4.8799985203e+02	606	15	480	20	10	486	0	500	500	500	500	0	0	0	
4.8849802386e+02	607	14	481	19	8	493	0	500	500	500	500	0	0	0	
4.8899557540e+02	609	14	489	11	3	504	0	500	500	500	500	0	0	0	
4.8949917898e+02	611	12	491	9	3	501	0	500	500	500	500	0	0	0	
4.8999963062e+02	610	11	485	15	8	459	0	500	500	500	500	0	0	0	
4.9049744859e+02	613	10	487	13	5	457	0	500	500	500	500	0	0	0	
4.9099596734e+02	613	12	482	18	5	447	0	500	500	500	500	0	0	0	
4.9149855876e+02	618	7	487	13	7	440	0	500	500	500	500	0	0	0	
4.9199990600e+02	620	5	492	8	1	476	0	500	500	500	500	0	0	0	
4.9249952136e+02	618	13	490	10	8	486	0	500	500	500	500	0	0	0	
4.9299990015e+02	618	14	484	16	0	480	0	500	500	500	500	0	0	0	
4.9349982668e+02	618	14	485	15	6	490	0	500	500	500	500	0	0	0	
4.9399951471e+02	617	15	486	14	5	474	0	500	500	500	500	0	0	0	
4.9449912632e+02	619	12	484	16	5	498	0	500	500	500	500	0	0	0	
4.9499954991e+02	621	10	488	12	10	497	0	500	500	500	500	0	0	0	
4.9549989543e+02	622	8	488	12	5	514	0	500	500	500	500	0	0	0	
4.9599566089e+02	624	7	488	12	7	492	0	500	500	500	500	0	0	0	
4.9649874878e+02	619	12	485	15	6	512	0	500	500	500	500	0	0	0	
4.9699821568e+02	619	10	485	15	3	521	0	500	500	500	500	0	0	0	
4.9749737496e+02	618	12	482	18	4	492	0	500	500	500	500	0	0	0	
4.9799671149e+02	615	15	481	19	7	474	0	500	500	500	500	0	0	0	
4.9849964838e+02	616	17	481	19	7	459	0	500	500	500	500	0	0	0	
4.9899718257e+02	619	16	483	17	2	464	0	500	500	500	500	0	0	0	
4.9949841006e+02	621	17	490	10	11	437	0	500	500	500	500	0	0	0	
4.9999904263e+02	625	13	487	13	7	455	0	500	500	500	500	0	0	0	
5.0000222342e+02	625	13	487	13	7	456	0	500	500	500	500	0	0	0	
