0.0000000000e+00	0	0	500	0	0	0	0	500	500	500	0	0	0	0	
4.9969653347e-01	0	1	500	0	1	118	0	500	500	500	0	0	0	0	
9.9899444101e-01	1	0	500	0	0	188	0	500	500	500	0	0	0	0	
1.4980019714e+00	2	3	499	1	0	271	0	500	500	500	0	0	0	0	
1.9963965260e+00	2	3	500	0	0	344	0	500	500	500	0	0	0	0	
2.4982800926e+00	2	4	500	0	1	378	0	500	500	500	0	0	0	0	
2.9881711704e+00	3	5	498	2	4	400	0	500	500	500	0	0	0	0	
3.4986600133e+00	5	4	496	4	0	419	0	500	500	500	0	0	0	0	
3.9991757340e+00	5	4	497	3	1	445	0	500	500	500	0	0	0	0	
4.4992003444e+00	5	4	499	1	0	456	0	500	500	500	0	0	0	0	
4.9972524330e+00	8	2	499	1	1	446	0	500	500	500	0	0	0	0	
5.4996117993e+00	8	2	498	2	0	461	0	500	500	500	0	0	0	0	
5.9992094996e+00	8	2	498	2	0	484	0	500	500	500	0	0	0	0	
6.4957253502e+00	8	2	498	2	1	498	0	500	500	500	0	0	0	0	
6.9998498510e+00	8	4	496	4	1	521	0	500	500	500	0	0	0	0	
7.4989441495e+00	8	4	495	5	1	507	0	500	500	500	0	0	0	0	
7.9998628366e+00	8	4	495	5	4	499	0	500	500	500	0	0	0	0	
8.4995603731e+00	8	4	495	5	1	499	0	500	500	500	0	0	0	0	
8.9969761136e+00	9	4	498	2	3	504	0	500	500	500	0	0	0	0	
9.4970289364e+00	10	5	494	6	3	490	0	500	500	500	0	0	0	0	
9.9983288002e+00	11	9	494	6	1	476	0	500	500	500	0	0	0	0	
1.0499568001e+01	12	9	491	9	1	471	0	500	500	500	0	0	0	0	
1.0999088956e+01	14	6	493	7	0	466	0	500	500	500	0	0	0	0	
1.1498801352e+01	15	5	486	14	3	492	0	500	500	500	0	0	0	0	
1.1998874026e+01	17	4	488	12	0	510	0	500	500	500	0	0	0	0	
1.2499526412e+01	18	3	491	9	1	505	0	500	500	500	0	0	0	0	
1.2999460379e+01	18	4	492	8	1	515	0	500	500	500	0	0	0	0	
1.3497886466e+01	20	3	492	8	0	494	0	500	500	500	0	0	0	0	
1.3994107576e+01	22	4	496	4	1	514	0	500	500	500	0	0	0	0	
1.4499497278e+01	23	4	496	4	2	520	0	500	500	500	0	0	0	0	
1.4998793314e+01	23	6	494	6	1	515	0	500	500	500	0	0	0	0	
1.5499555595e+01	24	5	497	3	2	498	0	500	500	500	0	0	0	0	
1.5994275244e+01	26	4	498	2	0	494	0	500	500	500	0	0	0	0	
1.6498751890e+01	28	3	495	5	0	496	0	500	500	500	0	0	0	0	
1.6998597354e+01	29	3	496	4	1	485	0	500	500	500	0	0	0	0	
1.7499635249e+01	30	5	495	5	3	481	0	500	500	500	0	0	0	0	
1.7997859956e+01	32	7	492	8	4	471	0	500	500	500	0	0	0	0	
1.8497784388e+01	32	7	495	5	2	498	0	500	500	500	0	0	0	0	
1.8998761138e+01	34	5	492	8	1	475	0	500	500	500	0	0	0	0	
1.9498925847e+01	35	6	495	5	1	466	0	500	500	500	0	0	0	0	
1.9998861279e+01	39	3	495	5	1	477	0	500	500	500	0	0	0	0	
2.0497088557e+01	40	2	497	3	0	479	0	500	500	500	0	0	0	0	
2.0998815448e+01	41	1	496	4	0	499	0	500	500	500	0	0	0	0	
2.1498859218e+01	41	4	499	1	1	521	0	500	500	500	0	0	0	0	
2.1997772865e+01	42	4	497	3	0	508	0	500	500	500	0	0	0	0	
2.2498482250e+01	43	3	499	1	1	520	0	500	500	500	0	0	0	0	
2.2999279892e+01	43	5	498	2	3	493	0	500	500	500	0	0	0	0	
2.3499933772e+01	44	4	490	10	0	488	0	500	500	500	0	0	0	0	
2.3999256578e+01	45	3	494	6	1	493	0	500	500	500	0	0	0	0	
2.4498451791e+01	45	4	491	9	3	499	0	500	500	500	0	0	0	0	
2.4999326979e+01	45	4	492	8	2	499	0	500	500	500	0	0	0	0	
2.5497736967e+01	47	2	495	5	0	518	0	500	500	500	0	0	0	0	
2.5999522946e+01	48	3	495	5	0	512	0	500	500	500	0	0	0	0	
2.6499351881e+01	49	4	494	6	0	520	0	500	500	500	0	0	0	0	
2.6998764130e+01	50	3	495	5	1	506	0	500	500	500	0	0	0	0	
2.7499341984e+01	51	5	493	7	2	492	0	500	500	500	0	0	0	0	
2.7999791552e+01	52	4	495	5	0	504	0	500	500	500	0	0	0	0	
2.8498366811e+01	54	3	494	6	1	486	0	500	500	500	0	0	0	0	
2.8999206114e+01	54	7	495	5	2	484	0	500	500	500	0	0	0	0	
2.9498777299e+01	55	6	494	6	4	491	0	500	500	500	0	0	0	0	
2.9997705878e+01	56	5	494	6	4	498	0	500	500	500	0	0	0	0	
3.0499320265e+01	56	6	495	5	1	488	0	500	500	500	0	0	0	0	
3.0999604206e+01	57	6	495	5	3	482	0	500	500	500	0	0	0	0	
3.1499682597e+01	59	5	496	4	2	502	0	500	500	500	0	0	0	0	
3.1996768864e+01	59	6	494	6	0	500	0	500	500	500	0	0	0	0	
3.2495778404e+01	61	5	495	5	1	505	0	500	500	500	0	0	0	0	
3.2999264705e+01	65	3	495	5	3	519	0	500	500	500	0	0	0	0	
3.3495034807e+01	66	2	498	2	3	511	0	500	500	500	0	0	0	0	
3.3996518906e+01	66	3	499	1	2	485	0	500	500	500	0	0	0	0	
3.4498404607e+01	66	4	497	3	1	502	0	500	500	500	0	0	0	0	
3.4999044161e+01	68	2	497	3	1	517	0	500	500	500	0	0	0	0	
3.5498499520e+01	68	3	496	4	1	509	0	500	500	500	0	0	0	0	
3.5999867375e+01	68	3	489	11	2	510	0	500	500	500	0	0	0	0	
3.6499921435e+01	69	2	494	6	1	522	0	500	500	500	0	0	0	0	
3.6998850033e+01	70	1	495	5	1	515	0	500	500	500	0	0	0	0	
3.7498404245e+01	70	2	498	2	1	520	0	500	500	500	0	0	0	0	
3.7999999817e+01	70	3	500	0	1	535	0	500	500	500	0	0	0	0	
3.8498494252e+01	70	5	499	1	2	536	0	500	500	500	0	0	0	0	
3.8996938412e+01	71	4	492	8	0	537	0	500	500	500	0	0	0	0	
3.9497190517e+01	72	4	489	11	0	546	0	500	500	500	0	0	0	0	
3.9995527566e+01	73	3	492	8	0	517	0	500	500	500	0	0	0	0	
4.0499363874e+01	75	4	491	9	1	483	0	500	500	500	0	0	0	0	
4.0999202188e+01	74	7	495	5	2	475	0	500	500	500	0	0	0	0	
4.1497456288e+01	74	8	493	7	3	482	0	500	500	500	0	0	0	0	
4.1999357133e+01	75	7	491	9	1	490	0	500	500	500	0	0	0	0	
4.2498511821e+01	77	5	493	7	2	460	0	500	500	500	0	0	0	0	
4.2999148621e+01	79	3	495	5	1	454	0	500	500	500	0	0	0	0	
4.3498540002e+01	80	2	494	6	2	479	0	500	500	500	0	0	0	0	
4.3994870484e+01	78	4	495	5	0	498	0	500	500	500	0	0	0	0	
4.4499648106e+01	77	4	496	4	1	494	0	500	500	500	0	0	0	0	
4.4997995098e+01	76	4	497	3	1	494	0	500	500	500	0	0	0	0	
4.5498598342e+01	78	4	497	3	0	486	0	500	500	500	0	0	0	0	
4.5999159323e+01	78	5	496	4	1	479	0	500	500	500	0	0	0	0	
4.6496706372e+01	80	5	498	2	3	490	0	500	500	500	0	0	0	0	
4.6999460490e+01	82	6	493	7	1	483	0	500	500	500	0	0	0	0	
4.7497796967e+01	83	8	494	6	1	484	0	500	500	500	0	0	0	0	
4.7998161738e+01	85	6	492	8	3	479	0	500	500	500	0	0	0	0	
4.8499578390e+01	86	5	494	6	0	451	0	500	500	500	0	0	0	0	
4.8999899500e+01	86	8	493	7	1	448	0	500	500	500	0	0	0	0	
4.9498269416e+01	86	9	494	6	1	445	0	500	500	500	0	0	0	0	
4.9993039471e+01	86	11	494	6	6	455	0	500	500	500	0	0	0	0	
5.0499520268e+01	86	12	494	6	7	470	0	500	500	500	0	0	0	0	
5.0999735518e+01	87	13	485	15	1	459	0	500	500	500	0	0	0	0	
5.1498793689e+01	87	14	480	20	6	428	0	500	500	500	0	0	0	0	
5.1997484777e+01	89	12	480	20	1	421	0	500	500	500	0	0	0	0	
5.2499114320e+01	91	10	481	19	2	458	0	500	500	500	0	0	0	0	
5.2998845890e+01	92	9	490	10	4	453	0	500	500	500	0	0	0	0	
5.3499248361e+01	96	7	487	13	4	455	0	500	500	500	0	0	0	0	
5.3998146186e+01	97	6	492	8	0	455	0	500	500	500	0	0	0	0	
5.4499500782e+01	97	6	488	12	1	481	0	500	500	500	0	0	0	0	
5.4996442925e+01	96	8	490	10	1	511	0	500	500	500	0	0	0	0	
5.5498631285e+01	98	7	491	9	4	508	0	500	500	500	0	0	0	0	
5.5998619595e+01	99	7	491	9	2	510	0	500	500	500	0	0	0	0	
5.6499080352e+01	101	9	490	10	4	506	0	500	500	500	0	0	0	0	
5.6994616103e+01	102	8	496	4	4	509	0	500	500	500	0	0	0	0	
5.7498689351e+01	104	6	494	6	1	504	0	500	500	500	0	0	0	0	
5.7999592593e+01	104	6	491	9	3	478	0	500	500	500	0	0	0	0	
5.8499880645e+01	104	7	488	12	3	479	0	500	500	500	0	0	0	0	
5.8995820811e+01	105	6	491	9	2	481	0	500	500	500	0	0	0	0	
5.9492772465e+01	105	8	490	10	3	507	0	500	500	500	0	0	0	0	
5.9999149880e+01	104	10	487	13	5	487	0	500	500	500	0	0	0	0	
6.0497584092e+01	104	10	482	18	3	473	0	500	500	500	0	0	0	0	
6.0998433876e+01	103	14	486	14	3	480	0	500	500	500	0	0	0	0	
6.1499469723e+01	103	17	487	13	8	464	0	500	500	500	0	0	0	0	
6.1993456229e+01	105	15	492	8	5	499	0	500	500	500	0	0	0	0	
6.2499436490e+01	108	13	488	12	7	465	0	500	500	500	0	0	0	0	
6.2999795088e+01	112	9	484	16	6	460	0	500	500	500	0	0	0	0	
6.3497887900e+01	114	8	485	15	4	473	0	500	500	500	0	0	0	0	
6.3998201795e+01	114	8	487	13	3	478	0	500	500	500	0	0	0	0	
6.4498946111e+01	115	6	489	11	5	489	0	500	500	500	0	0	0	0	
6.4998078767e+01	116	4	496	4	2	513	0	500	500	500	0	0	0	0	
6.5499769092e+01	116	5	493	7	1	521	0	500	500	500	0	0	0	0	
6.5999956143e+01	116	7	493	7	3	530	0	500	500	500	0	0	0	0	
6.6495533687e+01	116	9	494	6	6	519	0	500	500	500	0	0	0	0	
6.6994980177e+01	118	7	489	11	0	515	0	500	500	500	0	0	0	0	
6.7497563187e+01	118	8	490	10	2	516	0	500	500	500	0	0	0	0	
6.7999139817e+01	118	7	494	6	3	536	0	500	500	500	0	0	0	0	
6.8499130857e+01	119	8	491	9	6	565	0	500	500	500	0	0	0	0	
6.8995687091e+01	121	6	497	3	2	554	0	500	500	500	0	0	0	0	
6.9498540243e+01	124	3	497	3	1	541	0	500	500	500	0	0	0	0	
6.9996785678e+01	123	6	494	6	1	541	0	500	500	500	0	0	0	0	
7.0497622326e+01	125	4	493	7	2	518	0	500	500	500	0	0	0	0	
7.0999162805e+01	125	5	496	4	3	531	0	500	500	500	0	0	0	0	
7.1499880576e+01	127	4	499	1	2	514	0	500	500	500	0	0	0	0	
7.1997822233e+01	128	4	499	1	0	528	0	500	500	500	0	0	0	0	
7.2497584603e+01	129	4	499	1	2	489	0	500	500	500	0	0	0	0	
7.2999452090e+01	131	4	495	5	2	483	0	500	500	500	0	0	0	0	
7.3498843795e+01	133	6	497	3	2	496	0	500	500	500	0	0	0	0	
7.3997302043e+01	134	5	496	4	3	493	0	500	500	500	0	0	0	0	
7.4498817087e+01	136	4	498	2	0	482	0	500	500	500	0	0	0	0	
7.4999397787e+01	135	4	497	3	2	514	0	500	500	500	0	0	0	0	
7.5493510956e+01	137	2	497	3	1	520	0	500	500	500	0	0	0	0	
7.5999607634e+01	138	2	499	1	2	523	0	500	500	500	0	0	0	0	
7.6496698492e+01	139	1	499	1	2	518	0	500	500	500	0	0	0	0	
7.6998837119e+01	139	2	500	0	0	506	0	500	500	500	0	0	0	0	
7.7499168808e+01	140	2	499	1	0	502	0	500	500	500	0	0	0	0	
7.7999430879e+01	140	4	498	2	2	497	0	500	500	500	0	0	0	0	
7.8497759434e+01	142	4	500	0	1	511	0	500	500	500	0	0	0	0	
7.8992748689e+01	142	5	498	2	0	541	0	500	500	500	0	0	0	0	
7.9499259039e+01	143	4	498	2	0	559	0	500	500	500	0	0	0	0	
7.9999938010e+01	144	5	497	3	1	518	0	500	500	500	0	0	0	0	
8.0498246486e+01	146	3	494	6	3	499	0	500	500	500	0	0	0	0	
8.0999459649e+01	146	3	493	7	1	534	0	500	500	500	0	0	0	0	
8.1497883989e+01	146	4	494	6	1	517	0	500	500	500	0	0	0	0	
8.1993328980e+01	147	5	492	8	2	494	0	500	500	500	0	0	0	0	
8.2496618475e+01	147	5	493	7	1	490	0	500	500	500	0	0	0	0	
8.2998651815e+01	146	6	492	8	4	494	0	500	500	500	0	0	0	0	
8.3499971984e+01	147	6	497	3	3	509	0	500	500	500	0	0	0	0	
8.3999510406e+01	148	6	494	6	1	495	0	500	500	500	0	0	0	0	
8.4497524608e+01	150	6	495	5	2	511	0	500	500	500	0	0	0	0	
8.4999789328e+01	151	5	495	5	1	503	0	500	500	500	0	0	0	0	
8.5497927128e+01	154	5	490	10	2	488	0	500	500	500	0	0	0	0	
8.5998710475e+01	154	5	495	5	3	487	0	500	500	500	0	0	0	0	
8.6498189359e+01	154	7	492	8	2	496	0	500	500	500	0	0	0	0	
8.6996386703e+01	156	4	490	10	1	495	0	500	500	500	0	0	0	0	
8.7498938009e+01	153	8	489	11	4	488	0	500	500	500	0	0	0	0	
8.7993733497e+01	152	10	486	14	5	474	0	500	500	500	0	0	0	0	
8.8498912854e+01	156	6	491	9	2	490	0	500	500	500	0	0	0	0	
8.8999788779e+01	158	4	493	7	1	471	0	500	500	500	0	0	0	0	
8.9499381237e+01	159	3	495	5	1	492	0	500	500	500	0	0	0	0	
8.9995791082e+01	159	3	497	3	1	458	0	500	500	500	0	0	0	0	
9.0499984103e+01	159	3	498	2	0	498	0	500	500	500	0	0	0	0	
9.0997883212e+01	159	4	496	4	0	512	0	500	500	500	0	0	0	0	
9.1499768570e+01	159	5	494	6	1	518	0	500	500	500	0	0	0	0	
9.1999104903e+01	158	7	493	7	2	501	0	500	500	500	0	0	0	0	
9.2499125276e+01	158	8	494	6	5	505	0	500	500	500	0	0	0	0	
9.2999977419e+01	158	8	496	4	4	501	0	500	500	500	0	0	0	0	
9.3496699509e+01	161	5	495	5	3	509	0	500	500	500	0	0	0	0	
9.3997532141e+01	164	5	498	2	4	496	0	500	500	500	0	0	0	0	
9.4497459649e+01	165	5	496	4	1	482	0	500	500	500	0	0	0	0	
9.4999593704e+01	165	5	495	5	1	490	0	500	500	500	0	0	0	0	
9.5498931913e+01	165	5	496	4	3	477	0	500	500	500	0	0	0	0	
9.5998121912e+01	166	5	491	9	3	467	0	500	500	500	0	0	0	0	
9.6499716232e+01	167	5	493	7	2	447	0	500	500	500	0	0	0	0	
9.6998305375e+01	170	4	497	3	2	432	0	500	500	500	0	0	0	0	
9.7499187208e+01	169	6	493	7	0	436	0	500	500	500	0	0	0	0	
9.7999858024e+01	171	6	489	11	2	439	0	500	500	500	0	0	0	0	
9.8496452876e+01	172	5	489	11	8	468	0	500	500	500	0	0	0	0	
9.8997836776e+01	173	6	487	13	4	486	0	500	500	500	0	0	0	0	
9.9498279383e+01	175	4	493	7	1	488	0	500	500	500	0	0	0	0	
9.9998746958e+01	174	6	495	5	0	500	0	500	500	500	0	0	0	0	
1.0049941196e+02	176	6	494	6	1	503	0	500	500	500	0	0	0	0	
1.0099878410e+02	179	6	489	11	4	490	0	500	500	500	0	0	0	0	
1.0149682329e+02	180	6	490	10	3	498	0	500	500	500	0	0	0	0	
1.0199893668e+02	181	5	491	9	4	492	0	500	500	500	0	0	0	0	
1.0249929507e+02	180	7	491	9	3	493	0	500	500	500	0	0	0	0	
1.0299471269e+02	180	7	487	13	2	480	0	500	500	500	0	0	0	0	
1.0349999997e+02	180	10	490	10	2	488	0	500	500	500	0	0	0	0	
1.0399848100e+02	181	10	491	9	0	485	0	500	500	500	0	0	0	0	
1.0449783040e+02	184	7	494	6	4	481	0	500	500	500	0	0	0	0	
1.0499926813e+02	184	7	492	8	5	497	0	500	500	500	0	0	0	0	
1.0549578942e+02	184	8	494	6	2	508	0	500	500	500	0	0	0	0	
1.0599987089e+02	183	9	491	9	1	491	0	500	500	500	0	0	0	0	
1.0649858973e+02	184	10	491	9	8	475	0	500	500	500	0	0	0	0	
1.0699921169e+02	184	11	488	12	1	476	0	500	500	500	0	0	0	0	
1.0749967854e+02	183	14	486	14	6	472	0	500	500	500	0	0	0	0	
1.0799987952e+02	185	12	487	13	2	501	0	500	500	500	0	0	0	0	
1.0849848508e+02	186	12	485	15	5	514	0	500	500	500	0	0	0	0	
1.0899846611e+02	189	9	486	14	5	529	0	500	500	500	0	0	0	0	
1.0949868539e+02	188	11	482	18	0	511	0	500	500	500	0	0	0	0	
1.0999731910e+02	190	10	486	14	3	496	0	500	500	500	0	0	0	0	
1.1049972877e+02	188	13	483	17	2	525	0	500	500	500	0	0	0	0	
1.1099901625e+02	188	14	483	17	4	491	0	500	500	500	0	0	0	0	
1.1149867804e+02	191	14	477	23	0	501	0	500	500	500	0	0	0	0	
1.1199943386e+02	196	9	477	23	4	513	0	500	500	500	0	0	0	0	
1.1249704837e+02	199	9	483	17	0	532	0	500	500	500	0	0	0	0	
1.1299798216e+02	199	10	484	16	4	523	0	500	500	500	0	0	0	0	
1.1349911612e+02	203	7	486	14	2	525	0	500	500	500	0	0	0	0	
1.1399956483e+02	204	6	486	14	1	516	0	500	500	500	0	0	0	0	
1.1449677582e+02	203	6	492	8	2	501	0	500	500	500	0	0	0	0	
1.1499922556e+02	203	5	487	13	2	524	0	500	500	500	0	0	0	0	
1.1549965186e+02	203	6	495	5	2	511	0	500	500	500	0	0	0	0	
1.1599683558e+02	205	4	494	6	1	508	0	500	500	500	0	0	0	0	
1.1649751598e+02	207	5	496	4	3	513	0	500	500	500	0	0	0	0	
1.1699224642e+02	207	5	494	6	1	508	0	500	500	500	0	0	0	0	
1.1749870072e+02	209	6	491	9	1	530	0	500	500	500	0	0	0	0	
1.1799978927e+02	208	8	490	10	2	533	0	500	500	500	0	0	0	0	
1.1849975975e+02	209	9	486	14	2	538	0	500	500	500	0	0	0	0	
1.1899840349e+02	211	8	493	7	4	499	0	500	500	500	0	0	0	0	
1.1949551470e+02	214	7	488	12	5	516	0	500	500	500	0	0	0	0	
1.1999799537e+02	214	9	488	12	3	551	0	500	500	500	0	0	0	0	
1.2049988109e+02	214	8	485	15	3	546	0	500	500	500	0	0	0	0	
1.2099661977e+02	216	7	486	14	3	533	0	500	500	500	0	0	0	0	
1.2149846643e+02	216	8	488	12	3	528	0	500	500	500	0	0	0	0	
1.2199967648e+02	216	8	485	15	0	534	0	500	500	500	0	0	0	0	
1.2249675851e+02	215	11	489	11	4	502	0	500	500	500	0	0	0	0	
1.2299961903e+02	215	10	486	14	9	473	0	500	500	500	0	0	0	0	
1.2349918296e+02	219	6	486	14	3	482	0	500	500	500	0	0	0	0	
1.2399770152e+02	218	7	485	15	2	495	0	500	500	500	0	0	0	0	
1.2449882465e+02	219	6	483	17	1	505	0	500	500	500	0	0	0	0	
1.2499925779e+02	221	5	489	11	1	510	0	500	500	500	0	0	0	0	
1.2549824376e+02	222	4	488	12	3	514	0	500	500	500	0	0	0	0	
1.2599911867e+02	222	6	486	14	1	492	0	500	500	500	0	0	0	0	
1.2649886440e+02	222	6	487	13	1	491	0	500	500	500	0	0	0	0	
1.2699834953e+02	223	6	488	12	1	501	0	500	500	500	0	0	0	0	
1.2749939941e+02	223	7	485	15	3	515	0	500	500	500	0	0	0	0	
1.2799889708e+02	226	5	488	12	1	506	0	500	500	500	0	0	0	0	
1.2849875036e+02	225	6	487	13	0	521	0	500	500	500	0	0	0	0	
1.2899629510e+02	224	8	489	11	0	520	0	500	500	500	0	0	0	0	
1.2949985649e+02	224	8	483	17	6	501	0	500	500	500	0	0	0	0	
1.2999764804e+02	225	7	487	13	1	503	0	500	500	500	0	0	0	0	
1.3049974139e+02	227	7	487	13	3	470	0	500	500	500	0	0	0	0	
1.3099918660e+02	227	10	488	12	4	479	0	500	500	500	0	0	0	0	
1.3149881782e+02	229	7	488	12	2	476	0	500	500	500	0	0	0	0	
1.3199804931e+02	230	7	493	7	5	481	0	500	500	500	0	0	0	0	
1.3249984540e+02	229	8	488	12	4	485	0	500	500	500	0	0	0	0	
1.3299870385e+02	230	9	482	18	3	480	0	500	500	500	0	0	0	0	
1.3349781336e+02	229	12	492	8	2	487	0	500	500	500	0	0	0	0	
1.3399953613e+02	234	8	489	11	3	477	0	500	500	500	0	0	0	0	
1.3449675602e+02	233	9	489	11	3	496	0	500	500	500	0	0	0	0	
1.3499959713e+02	234	9	488	12	3	498	0	500	500	500	0	0	0	0	
1.3549811326e+02	231	12	484	16	2	464	0	500	500	500	0	0	0	0	
1.3599905888e+02	231	12	479	21	5	467	0	500	500	500	0	0	0	0	
1.3649872363e+02	233	11	486	14	4	470	0	500	500	500	0	0	0	0	
1.3699903409e+02	233	14	479	21	4	489	0	500	500	500	0	0	0	0	
1.3749912616e+02	237	11	481	19	6	478	0	500	500	500	0	0	0	0	
1.3799682332e+02	235	14	485	15	6	473	0	500	500	500	0	0	0	0	
1.3849710249e+02	238	11	486	14	5	484	0	500	500	500	0	0	0	0	
1.3899595612e+02	237	14	484	16	3	479	0	500	500	500	0	0	0	0	
1.3949860203e+02	239	12	481	19	5	480	0	500	500	500	0	0	0	0	
1.3999863246e+02	242	11	485	15	2	477	0	500	500	500	0	0	0	0	
1.4049941478e+02	241	13	476	24	4	482	0	500	500	500	0	0	0	0	
1.4099630934e+02	242	11	479	21	4	486	0	500	500	500	0	0	0	0	
1.4149899246e+02	243	11	480	20	1	505	0	500	500	500	0	0	0	0	
1.4199800961e+02	247	7	487	13	2	496	0	500	500	500	0	0	0	0	
1.4249667952e+02	249	6	490	10	1	477	0	500	500	500	0	0	0	0	
1.4299818766e+02	249	8	488	12	0	488	0	500	500	500	0	0	0	0	
1.4349931460e+02	253	4	492	8	0	471	0	500	500	500	0	0	0	0	
1.4399735630e+02	252	6	490	10	4	457	0	500	500	500	0	0	0	0	
1.4449686710e+02	254	5	492	8	0	461	0	500	500	500	0	0	0	0	
1.4499757706e+02	254	5	491	9	0	476	0	500	500	500	0	0	0	0	
1.4549990637e+02	254	6	488	12	3	485	0	500	500	500	0	0	0	0	
1.4599988112e+02	257	4	489	11	3	476	0	500	500	500	0	0	0	0	
1.4649938677e+02	252	9	491	9	5	459	0	500	500	500	0	0	0	0	
1.4699931864e+02	252	7	489	11	0	456	0	500	500	500	0	0	0	0	
1.4749809248e+02	248	12	490	10	4	467	0	500	500	500	0	0	0	0	
1.4799957616e+02	249	11	481	19	4	488	0	500	500	500	0	0	0	0	
1.4849902534e+02	252	8	478	22	2	471	0	500	500	500	0	0	0	0	
1.4899703331e+02	252	8	481	19	1	496	0	500	500	500	0	0	0	0	
1.4949980634e+02	256	5	481	19	0	497	0	500	500	500	0	0	0	0	
1.4999977088e+02	256	5	490	10	1	513	0	500	500	500	0	0	0	0	
1.5049995990e+02	259	3	492	8	0	494	0	500	500	500	0	0	0	0	
1.5099933310e+02	260	2	493	7	5	489	0	500	500	500	0	0	0	0	
1.5149899936e+02	259	2	495	5	3	486	0	500	500	500	0	0	0	0	
1.5199733161e+02	258	4	494	6	1	486	0	500	500	500	0	0	0	0	
1.5249794333e+02	259	4	497	3	1	493	0	500	500	500	0	0	0	0	
1.5299663307e+02	259	5	495	5	3	495	0	500	500	500	0	0	0	0	
1.5349524325e+02	259	6	497	3	3	503	0	500	500	500	0	0	0	0	
1.5399875585e+02	259	8	496	4	4	484	0	500	500	500	0	0	0	0	
1.5449925865e+02	262	5	494	6	3	481	0	500	500	500	0	0	0	0	
1.5499906577e+02	263	4	492	8	3	481	0	500	500	500	0	0	0	0	
1.5549950826e+02	262	4	497	3	0	490	0	500	500	500	0	0	0	0	
1.5599932533e+02	262	5	497	3	1	494	0	500	500	500	0	0	0	0	
1.5649692810e+02	262	5	495	5	5	488	0	500	500	500	0	0	0	0	
1.5699600755e+02	261	8	495	5	4	482	0	500	500	500	0	0	0	0	
1.5749863464e+02	263	8	493	7	2	491	0	500	500	500	0	0	0	0	
1.5799982261e+02	264	6	488	12	5	488	0	500	500	500	0	0	0	0	
1.5849376272e+02	261	11	484	16	3	489	0	500	500	500	0	0	0	0	
1.5899948652e+02	262	11	480	20	6	491	0	500	500	500	0	0	0	0	
1.5949926245e+02	262	12	482	18	4	466	0	500	500	500	0	0	0	0	
1.5999738243e+02	262	12	480	20	4	484	0	500	500	500	0	0	0	0	
1.6049969437e+02	265	11	481	19	2	485	0	500	500	500	0	0	0	0	
1.6099859445e+02	265	11	480	20	5	459	0	500	500	500	0	0	0	0	
1.6149952870e+02	266	10	490	10	7	426	0	500	500	500	0	0	0	0	
1.6199979955e+02	265	13	483	17	3	427	0	500	500	500	0	0	0	0	
1.6249729467e+02	265	12	485	15	4	417	0	500	500	500	0	0	0	0	
1.6299055736e+02	267	12	484	16	5	403	0	500	500	500	0	0	0	0	
1.6349886031e+02	267	11	485	15	4	417	0	500	500	500	0	0	0	0	
1.6399907413e+02	269	10	484	16	2	426	0	500	500	500	0	0	0	0	
1.6449955157e+02	269	12	484	16	6	418	0	500	500	500	0	0	0	0	
1.6499992647e+02	270	12	480	20	8	451	0	500	500	500	0	0	0	0	
1.6549994259e+02	270	13	483	17	2	451	0	500	500	500	0	0	0	0	
1.6599534688e+02	272	10	485	15	3	479	0	500	500	500	0	0	0	0	
1.6649892326e+02	271	11	483	17	4	484	0	500	500	500	0	0	0	0	
1.6699754218e+02	271	11	485	15	3	464	0	500	500	500	0	0	0	0	
1.6749953242e+02	274	8	486	14	2	454	0	500	500	500	0	0	0	0	
1.6799882142e+02	274	8	484	16	2	444	0	500	500	500	0	0	0	0	
1.6849981938e+02	274	9	488	12	6	440	0	500	500	500	0	0	0	0	
1.6899945143e+02	271	12	486	14	5	431	0	500	500	500	0	0	0	0	
1.6949793286e+02	272	11	485	15	4	460	0	500	500	500	0	0	0	0	
1.6999785493e+02	273	11	478	22	3	461	0	500	500	500	0	0	0	0	
1.7049868205e+02	276	9	476	24	3	462	0	500	500	500	0	0	0	0	
1.7099941321e+02	279	8	486	14	2	482	0	500	500	500	0	0	0	0	
1.7149956758e+02	279	11	487	13	3	486	0	500	500	500	0	0	0	0	
1.7199957304e+02	279	14	485	15	8	460	0	500	500	500	0	0	0	0	
1.7249803405e+02	278	16	488	12	2	474	0	500	500	500	0	0	0	0	
1.7299861083e+02	279	14	482	18	2	483	0	500	500	500	0	0	0	0	
1.7349581460e+02	281	12	488	12	1	481	0	500	500	500	0	0	0	0	
1.7399978478e+02	283	11	487	13	3	478	0	500	500	500	0	0	0	0	
1.7449956302e+02	283	10	483	17	4	470	0	500	500	500	0	0	0	0	
1.7499766790e+02	283	9	484	16	5	467	0	500	500	500	0	0	0	0	
1.7549885700e+02	284	8	484	16	2	467	0	500	500	500	0	0	0	0	
1.7599722910e+02	284	6	491	9	0	447	0	500	500	500	0	0	0	0	
1.7649988475e+02	282	8	491	9	4	452	0	500	500	500	0	0	0	0	
1.7699993676e+02	283	9	492	8	0	431	0	500	500	500	0	0	0	0	
1.7749833925e+02	283	9	487	13	2	434	0	500	500	500	0	0	0	0	
1.7799781739e+02	282	11	487	13	4	446	0	500	500	500	0	0	0	0	
1.7849487692e+02	283	12	473	27	4	459	0	500	500	500	0	0	0	0	
1.7899855846e+02	281	14	479	21	7	436	0	500	500	500	0	0	0	0	
1.7949767313e+02	282	14	475	25	3	464	0	500	500	500	0	0	0	0	
1.7999898918e+02	284	13	478	22	6	497	0	500	500	500	0	0	0	0	
1.8049884012e+02	285	13	478	22	3	479	0	500	500	500	0	0	0	0	
1.8099836869e+02	284	13	477	23	3	485	0	500	500	500	0	0	0	0	
1.8149996039e+02	287	11	474	26	2	507	0	500	500	500	0	0	0	0	
1.8199964234e+02	291	8	492	8	2	520	0	500	500	500	0	0	0	0	
1.8249945933e+02	293	6	491	9	1	516	0	500	500	500	0	0	0	0	
1.8299358580e+02	293	7	493	7	1	498	0	500	500	500	0	0	0	0	
1.8349832399e+02	294	9	487	13	3	498	0	500	500	500	0	0	0	0	
1.8399950365e+02	294	9	492	8	5	490	0	500	500	500	0	0	0	0	
1.8449356654e+02	296	8	488	12	0	528	0	500	500	500	0	0	0	0	
1.8499981583e+02	296	9	478	22	3	538	0	500	500	500	0	0	0	0	
1.8549908136e+02	297	9	484	16	3	527	0	500	500	500	0	0	0	0	
1.8599774843e+02	297	11	485	15	4	519	0	500	500	500	0	0	0	0	
1.8649973942e+02	296	13	487	13	5	520	0	500	500	500	0	0	0	0	
1.8699987098e+02	297	14	483	17	8	513	0	500	500	500	0	0	0	0	
1.8749739511e+02	301	11	484	16	4	511	0	500	500	500	0	0	0	0	
1.8799879172e+02	299	12	483	17	5	505	0	500	500	500	0	0	0	0	
1.8849771039e+02	295	17	483	17	4	498	0	500	500	500	0	0	0	0	
1.8899763549e+02	296	17	481	19	8	489	0	500	500	500	0	0	0	0	
1.8949951177e+02	301	12	484	16	3	497	0	500	500	500	0	0	0	0	
1.8999891358e+02	302	11	489	11	2	524	0	500	500	500	0	0	0	0	
1.9049797710e+02	304	9	481	19	2	529	0	500	500	500	0	0	0	0	
1.9099944516e+02	305	9	486	14	3	519	0	500	500	500	0	0	0	0	
1.9149920980e+02	301	11	489	11	1	521	0	500	500	500	0	0	0	0	
1.9199699287e+02	303	11	489	11	6	497	0	500	500	500	0	0	0	0	
1.9249420561e+02	304	10	489	11	3	499	0	500	500	500	0	0	0	0	
1.9299828064e+02	306	8	493	7	3	495	0	500	500	500	0	0	0	0	
1.9349752316e+02	306	8	488	12	3	502	0	500	500	500	0	0	0	0	
1.9399927737e+02	307	8	486	14	7	493	0	500	500	500	0	0	0	0	
1.9449850335e+02	304	10	488	12	2	488	0	500	500	500	0	0	0	0	
1.9499642167e+02	306	10	483	17	1	460	0	500	500	500	0	0	0	0	
1.9549980081e+02	308	9	487	13	2	472	0	500	500	500	0	0	0	0	
1.9599855777e+02	308	10	481	19	3	458	0	500	500	500	0	0	0	0	
1.9649957542e+02	308	11	480	20	4	475	0	500	500	500	0	0	0	0	
1.9699835040e+02	308	9	482	18	2	468	0	500	500	500	0	0	0	0	
1.9749633324e+02	304	14	478	22	5	466	0	500	500	500	0	0	0	0	
1.9799986117e+02	311	7	478	22	7	475	0	500	500	500	0	0	0	0	
1.9849893591e+02	309	11	491	9	4	488	0	500	500	500	0	0	0	0	
1.9899955755e+02	309	14	489	11	4	494	0	500	500	500	0	0	0	0	
1.9949906991e+02	311	15	484	16	6	484	0	500	500	500	0	0	0	0	
1.9999832430e+02	307	20	470	30	6	481	0	500	500	500	0	0	0	0	
2.0049804627e+02	310	17	465	35	5	473	0	500	500	500	0	0	0	0	
2.0099970727e+02	311	17	460	40	4	456	0	500	500	500	0	0	0	0	
2.0149918895e+02	311	17	454	46	4	469	0	500	500	500	0	0	0	0	
2.0199627515e+02	308	20	443	57	5	469	0	500	500	500	0	0	0	0	
2.0249894227e+02	307	22	439	61	5	497	0	500	500	500	0	0	0	0	
2.0299762567e+02	305	25	445	55	6	496	0	500	500	500	0	0	0	0	
2.0349876535e+02	306	25	444	56	9	469	0	500	500	500	0	0	0	0	
2.0399806311e+02	309	22	443	57	5	482	0	500	500	500	0	0	0	0	
2.0449871541e+02	306	27	440	60	8	485	0	500	500	500	0	0	0	0	
2.0499815766e+02	306	28	433	67	11	467	0	500	500	500	0	0	0	0	
2.0549996069e+02	305	27	433	67	11	498	0	500	500	500	0	0	0	0	
2.0599947554e+02	312	21	449	51	8	495	0	500	500	500	0	0	0	0	
2.0649895064e+02	311	23	453	47	11	497	0	500	500	500	0	0	0	0	
2.0699810172e+02	313	22	461	39	7	460	0	500	500	500	0	0	0	0	
2.0749745660e+02	314	22	451	49	7	460	0	500	500	500	0	0	0	0	
2.0799989969e+02	318	18	455	45	13	450	0	500	500	500	0	0	0	0	
2.0849492228e+02	319	17	473	27	5	471	0	500	500	500	0	0	0	0	
2.0899920145e+02	324	16	470	30	4	488	0	500	500	500	0	0	0	0	
2.0949512943e+02	333	7	478	22	4	466	0	500	500	500	0	0	0	0	
2.0999535013e+02	330	11	480	20	4	460	0	500	500	500	0	0	0	0	
2.1049951797e+02	331	12	478	22	2	463	0	500	500	500	0	0	0	0	
2.1099962249e+02	335	9	482	18	2	491	0	500	500	500	0	0	0	0	
2.1149451162e+02	336	9	482	18	4	482	0	500	500	500	0	0	0	0	
2.1199368830e+02	337	8	486	14	6	487	0	500	500	500	0	0	0	0	
2.1249950770e+02	335	9	483	17	4	470	0	500	500	500	0	0	0	0	
2.1299751403e+02	331	13	480	20	2	451	0	500	500	500	0	0	0	0	
2.1349993428e+02	328	15	475	25	0	452	0	500	500	500	0	0	0	0	
2.1399771106e+02	332	11	472	28	4	481	0	500	500	500	0	0	0	0	
2.1449896357e+02	332	11	473	27	3	510	0	500	500	500	0	0	0	0	
2.1499689875e+02	332	12	475	25	4	510	0	500	500	500	0	0	0	0	
2.1549939473e+02	331	14	476	24	3	507	0	500	500	500	0	0	0	0	
2.1599949103e+02	336	10	485	15	2	514	0	500	500	500	0	0	0	0	
2.1649703355e+02	337	8	490	10	10	502	0	500	500	500	0	0	0	0	
2.1699822538e+02	337	10	487	13	4	500	0	500	500	500	0	0	0	0	
2.1749826349e+02	338	11	485	15	2	478	0	500	500	500	0	0	0	0	
2.1799987748e+02	337	11	479	21	5	474	0	500	500	500	0	0	0	0	
2.1849941108e+02	338	11	478	22	5	465	0	500	500	500	0	0	0	0	
2.1899983584e+02	334	15	478	22	7	470	0	500	500	500	0	0	0	0	
2.1949820994e+02	331	19	479	21	5	491	0	500	500	500	0	0	0	0	
2.1999121785e+02	330	18	474	26	5	505	0	500	500	500	0	0	0	0	
2.2049699623e+02	330	20	467	33	8	516	0	500	500	500	0	0	0	0	
2.2099991987e+02	331	19	479	21	1	515	0	500	500	500	0	0	0	0	
2.2149785183e+02	333	16	477	23	4	504	0	500	500	500	0	0	0	0	
2.2199746067e+02	336	18	479	21	8	493	0	500	500	500	0	0	0	0	
2.2249926140e+02	338	16	478	22	4	506	0	500	500	500	0	0	0	0	
2.2299741212e+02	340	16	477	23	4	497	0	500	500	500	0	0	0	0	
2.2349863647e+02	343	13	486	14	3	489	0	500	500	500	0	0	0	0	
2.2399855840e+02	345	12	482	18	3	477	0	500	500	500	0	0	0	0	
2.2449913261e+02	345	15	484	16	3	493	0	500	500	500	0	0	0	0	
2.2499818326e+02	348	12	481	19	8	472	0	500	500	500	0	0	0	0	
2.2549925286e+02	353	8	476	24	1	481	0	500	500	500	0	0	0	0	
2.2599975973e+02	357	4	484	16	2	474	0	500	500	500	0	0	0	0	
2.2649971108e+02	358	3	492	8	0	490	0	500	500	500	0	0	0	0	
2.2699965451e+02	360	3	492	8	3	475	0	500	500	500	0	0	0	0	
2.2749982402e+02	359	4	490	10	7	482	0	500	500	500	0	0	0	0	
2.2799991359e+02	358	7	487	13	3	483	0	500	500	500	0	0	0	0	
2.2849972145e+02	355	9	489	11	1	498	0	500	500	500	0	0	0	0	
2.2899894101e+02	355	11	487	13	2	508	0	500	500	500	0	0	0	0	
2.2949806750e+02	356	10	484	16	3	482	0	500	500	500	0	0	0	0	
2.2999996528e+02	355	11	483	17	4	507	0	500	500	500	0	0	0	0	
2.3049761275e+02	357	9	479	21	3	488	0	500	500	500	0	0	0	0	
2.3099862608e+02	355	12	478	22	4	481	0	500	500	500	0	0	0	0	
2.3149947890e+02	352	14	481	19	8	502	0	500	500	500	0	0	0	0	
2.3199889297e+02	355	12	475	25	9	502	0	500	500	500	0	0	0	0	
2.3249960823e+02	357	12	475	25	11	504	0	500	500	500	0	0	0	0	
2.3299806451e+02	357	12	476	24	5	520	0	500	500	500	0	0	0	0	
2.3349564838e+02	358	13	476	24	3	502	0	500	500	500	0	0	0	0	
2.3399912914e+02	357	14	480	20	6	478	0	500	500	500	0	0	0	0	
2.3449887358e+02	359	13	484	16	3	499	0	500	500	500	0	0	0	0	
2.3499867639e+02	360	12	484	16	6	503	0	500	500	500	0	0	0	0	
2.3549781232e+02	363	14	486	14	5	487	0	500	500	500	0	0	0	0	
2.3599810616e+02	362	16	475	25	2	488	0	500	500	500	0	0	0	0	
2.3649787670e+02	363	16	477	23	8	514	0	500	500	500	0	0	0	0	
2.3699599940e+02	364	14	482	18	3	512	0	500	500	500	0	0	0	0	
2.3749981931e+02	366	13	479	21	7	509	0	500	500	500	0	0	0	0	
2.3799943772e+02	367	12	478	22	4	499	0	500	500	500	0	0	0	0	
2.3849973091e+02	369	9	480	20	3	481	0	500	500	500	0	0	0	0	
2.3899738491e+02	368	10	480	20	3	485	0	500	500	500	0	0	0	0	
2.3949806942e+02	368	9	492	8	3	479	0	500	500	500	0	0	0	0	
2.3999758888e+02	368	9	490	10	0	493	0	500	500	500	0	0	0	0	
2.4049458212e+02	373	5	490	10	5	490	0	500	500	500	0	0	0	0	
2.4099954868e+02	373	5	485	15	0	502	0	500	500	500	0	0	0	0	
2.4149949155e+02	370	8	487	13	7	489	0	500	500	500	0	0	0	0	
2.4199860214e+02	370	9	488	12	4	511	0	500	500	500	0	0	0	0	
2.4249913289e+02	372	7	487	13	3	499	0	500	500	500	0	0	0	0	
2.4299974410e+02	369	7	490	10	3	464	0	500	500	500	0	0	0	0	
2.4349595147e+02	369	8	493	7	6	459	0	500	500	500	0	0	0	0	
2.4399838851e+02	370	9	489	11	4	430	0	500	500	500	0	0	0	0	
2.4449900662e+02	370	10	489	11	4	449	0	500	500	500	0	0	0	0	
2.4499959135e+02	373	7	490	10	3	470	0	500	500	500	0	0	0	0	
2.4549630402e+02	375	5	487	13	5	464	0	500	500	500	0	0	0	0	
2.4599968969e+02	377	5	486	14	3	457	0	500	500	500	0	0	0	0	
2.4649731787e+02	378	4	489	11	4	465	0	500	500	500	0	0	0	0	
2.4699988467e+02	378	5	490	10	4	469	0	500	500	500	0	0	0	0	
2.4749967432e+02	380	4	494	6	2	479	0	500	500	500	0	0	0	0	
2.4799871513e+02	381	3	494	6	2	467	0	500	500	500	0	0	0	0	
2.4849912583e+02	380	4	495	5	1	465	0	500	500	500	0	0	0	0	
2.4899998414e+02	381	4	488	12	2	478	0	500	500	500	0	0	0	0	
2.4949987451e+02	381	5	489	11	2	464	0	500	500	500	0	0	0	0	
2.4999804231e+02	380	7	493	7	5	474	0	500	500	500	0	0	0	0	
2.5049382885e+02	380	8	495	5	2	466	0	500	500	500	0	0	0	0	
2.5099967603e+02	380	9	496	4	1	461	0	500	500	500	0	0	0	0	
2.5149336891e+02	384	8	492	8	3	450	0	500	500	500	0	0	0	0	
2.5199816969e+02	383	10	492	8	1	455	0	500	500	500	0	0	0	0	
2.5249545806e+02	386	7	489	11	7	474	0	500	500	500	0	0	0	0	
2.5299936078e+02	386	7	492	8	1	482	0	500	500	500	0	0	0	0	
2.5349804901e+02	387	7	492	8	2	458	0	500	500	500	0	0	0	0	
2.5399952628e+02	386	9	491	9	3	482	0	500	500	500	0	0	0	0	
2.5449980210e+02	385	11	487	13	4	486	0	500	500	500	0	0	0	0	
2.5499981815e+02	390	7	488	12	5	482	0	500	500	500	0	0	0	0	
2.5549862788e+02	389	8	487	13	3	486	0	500	500	500	0	0	0	0	
2.5599962316e+02	389	7	489	11	5	469	0	500	500	500	0	0	0	0	
2.5649912742e+02	391	5	495	5	2	500	0	500	500	500	0	0	0	0	
2.5699762470e+02	391	6	497	3	4	500	0	500	500	500	0	0	0	0	
2.5749988686e+02	391	7	491	9	1	518	0	500	500	500	0	0	0	0	
2.5799691675e+02	392	7	484	16	4	518	0	500	500	500	0	0	0	0	
2.5849755242e+02	392	8	483	17	5	530	0	500	500	500	0	0	0	0	
2.5899960270e+02	395	6	489	11	6	513	0	500	500	500	0	0	0	0	
2.5949978145e+02	396	6	487	13	2	498	0	500	500	500	0	0	0	0	
2.5999774433e+02	395	7	486	14	2	506	0	500	500	500	0	0	0	0	
2.6049905840e+02	396	7	490	10	2	508	0	500	500	500	0	0	0	0	
2.6099860757e+02	395	8	487	13	1	488	0	500	500	500	0	0	0	0	
2.6149645964e+02	399	4	487	13	1	491	0	500	500	500	0	0	0	0	
2.6199798407e+02	400	5	494	6	0	506	0	500	500	500	0	0	0	0	
2.6249650394e+02	402	4	493	7	1	485	0	500	500	500	0	0	0	0	
2.6299859472e+02	399	8	488	12	2	499	0	500	500	500	0	0	0	0	
2.6349904294e+02	399	9	483	17	4	494	0	500	500	500	0	0	0	0	
2.6399729441e+02	402	7	494	6	1	506	0	500	500	500	0	0	0	0	
2.6449880965e+02	401	8	490	10	4	528	0	500	500	500	0	0	0	0	
2.6499887859e+02	404	5	488	12	2	533	0	500	500	500	0	0	0	0	
2.6549634577e+02	405	6	487	13	2	514	0	500	500	500	0	0	0	0	
2.6599808753e+02	406	7	488	12	2	510	0	500	500	500	0	0	0	0	
2.6649890695e+02	407	6	483	17	2	489	0	500	500	500	0	0	0	0	
2.6699853712e+02	406	8	487	13	7	493	0	500	500	500	0	0	0	0	
2.6749851005e+02	405	10	485	15	3	487	0	500	500	500	0	0	0	0	
2.6799998940e+02	407	11	480	20	2	476	0	500	500	500	0	0	0	0	
2.6849957857e+02	405	13	481	19	5	492	0	500	500	500	0	0	0	0	
2.6899691210e+02	404	13	484	16	7	470	0	500	500	500	0	0	0	0	
2.6949769600e+02	406	12	483	17	6	472	0	500	500	500	0	0	0	0	
2.6999871346e+02	410	8	485	15	2	484	0	500	500	500	0	0	0	0	
2.7049957493e+02	412	7	482	18	1	465	0	500	500	500	0	0	0	0	
2.7099699982e+02	409	13	482	18	2	460	0	500	500	500	0	0	0	0	
2.7149884015e+02	411	11	488	12	3	469	0	500	500	500	0	0	0	0	
2.7199890639e+02	413	11	486	14	5	501	0	500	500	500	0	0	0	0	
2.7249958194e+02	414	11	485	15	7	495	0	500	500	500	0	0	0	0	
2.7299632090e+02	417	9	486	14	4	510	0	500	500	500	0	0	0	0	
2.7349950620e+02	418	8	488	12	2	522	0	500	500	500	0	0	0	0	
2.7399481703e+02	417	9	485	15	2	535	0	500	500	500	0	0	0	0	
2.7449976657e+02	416	9	482	18	3	533	0	500	500	500	0	0	0	0	
2.7499618557e+02	419	5	482	18	2	534	0	500	500	500	0	0	0	0	
2.7549883429e+02	419	5	485	15	8	520	0	500	500	500	0	0	0	0	
2.7599842696e+02	418	7	486	14	5	524	0	500	500	500	0	0	0	0	
2.7649990018e+02	417	9	490	10	1	541	0	500	500	500	0	0	0	0	
2.7699981307e+02	419	10	492	8	2	518	0	500	500	500	0	0	0	0	
2.7749847205e+02	420	9	493	7	3	512	0	500	500	500	0	0	0	0	
2.7799750060e+02	421	11	482	18	10	519	0	500	500	500	0	0	0	0	
2.7849457581e+02	421	11	490	10	12	502	0	500	500	500	0	0	0	0	
2.7899944473e+02	420	12	490	10	4	511	0	500	500	500	0	0	0	0	
2.7949739894e+02	422	11	486	14	4	511	0	500	500	500	0	0	0	0	
2.7999878398e+02	422	9	485	15	1	527	0	500	500	500	0	0	0	0	
2.8049807927e+02	424	8	488	12	3	531	0	500	500	500	0	0	0	0	
2.8099836973e+02	423	9	484	16	2	498	0	500	500	500	0	0	0	0	
2.8149793725e+02	425	10	478	22	3	481	0	500	500	500	0	0	0	0	
2.8199929432e+02	426	10	482	18	2	473	0	500	500	500	0	0	0	0	
2.8249832563e+02	427	11	481	19	2	470	0	500	500	500	0	0	0	0	
2.8299709426e+02	428	11	482	18	8	463	0	500	500	500	0	0	0	0	
2.8349974971e+02	429	10	482	18	7	493	0	500	500	500	0	0	0	0	
2.8399888302e+02	429	10	479	21	3	481	0	500	500	500	0	0	0	0	
2.8449954964e+02	428	12	483	17	4	491	0	500	500	500	0	0	0	0	
2.8499895167e+02	429	14	486	14	4	491	0	500	500	500	0	0	0	0	
2.8549785419e+02	427	17	482	18	6	480	0	500	500	500	0	0	0	0	
2.8599464433e+02	427	15	473	27	1	476	0	500	500	500	0	0	0	0	
2.8649923421e+02	428	14	474	26	10	503	0	500	500	500	0	0	0	0	
2.8699972157e+02	428	14	481	19	5	501	0	500	500	500	0	0	0	0	
2.8749979517e+02	427	16	486	14	5	524	0	500	500	500	0	0	0	0	
2.8799955504e+02	429	15	488	12	5	514	0	500	500	500	0	0	0	0	
2.8849972978e+02	430	16	483	17	3	512	0	500	500	500	0	0	0	0	
2.8899916439e+02	428	16	483	17	3	496	0	500	500	500	0	0	0	0	
2.8949849134e+02	428	16	479	21	7	481	0	500	500	500	0	0	0	0	
2.8999932675e+02	429	16	475	25	8	492	0	500	500	500	0	0	0	0	
2.9049523339e+02	429	16	473	27	7	488	0	500	500	500	0	0	0	0	
2.9099976091e+02	434	14	476	24	9	472	0	500	500	500	0	0	0	0	
2.9149961324e+02	434	12	485	15	5	488	0	500	500	500	0	0	0	0	
2.9199722030e+02	437	9	489	11	4	530	0	500	500	500	0	0	0	0	
2.9249887674e+02	437	9	484	16	5	500	0	500	500	500	0	0	0	0	
2.9299873143e+02	440	7	493	7	7	487	0	500	500	500	0	0	0	0	
2.9349868233e+02	443	5	492	8	6	487	0	500	500	500	0	0	0	0	
2.9399783223e+02	441	6	489	11	2	466	0	500	500	500	0	0	0	0	
2.9449851996e+02	443	4	492	8	1	456	0	500	500	500	0	0	0	0	
2.9499997745e+02	443	3	494	6	3	440	0	500	500	500	0	0	0	0	
2.9549596769e+02	444	3	495	5	1	447	0	500	500	500	0	0	0	0	
2.9599971290e+02	443	4	498	2	3	466	0	500	500	500	0	0	0	0	
2.9649754260e+02	444	4	497	3	1	478	0	500	500	500	0	0	0	0	
2.9699997695e+02	443	4	494	6	1	467	0	500	500	500	0	0	0	0	
2.9749661964e+02	446	1	490	10	2	487	0	500	500	500	0	0	0	0	
2.9799960493e+02	445	3	487	13	2	488	0	500	500	500	0	0	0	0	
2.9849447373e+02	443	5	489	11	1	477	0	500	500	500	0	0	0	0	
2.9899943641e+02	439	8	489	11	3	471	0	500	500	500	0	0	0	0	
2.9949665142e+02	437	11	484	16	0	463	0	500	500	500	0	0	0	0	
2.9999761783e+02	440	9	484	16	0	467	0	500	500	500	0	0	0	0	
3.0049912711e+02	440	8	481	19	1	464	0	500	500	500	0	0	0	0	
3.0099853911e+02	439	11	479	21	4	428	0	500	500	500	0	0	0	0	
3.0149943627e+02	435	14	480	20	6	443	0	500	500	500	0	0	0	0	
3.0199284816e+02	436	14	485	15	1	434	0	500	500	500	0	0	0	0	
3.0249957863e+02	430	21	478	22	8	463	0	500	500	500	0	0	0	0	
3.0299793320e+02	422	29	468	32	7	454	0	500	500	500	0	0	0	0	
3.0349911507e+02	419	33	451	49	11	442	0	500	500	500	0	0	0	0	
3.0399972553e+02	425	27	437	63	8	445	0	500	500	500	0	0	0	0	
3.0449862166e+02	425	27	434	66	9	438	0	500	500	500	0	0	0	0	
3.0499986344e+02	428	24	430	70	2	435	0	500	500	500	0	0	0	0	
3.0549960500e+02	422	31	428	72	9	428	0	500	500	500	0	0	0	0	
3.0599983439e+02	419	33	435	65	9	417	0	500	500	500	0	0	0	0	
3.0649994788e+02	422	29	443	57	7	417	0	500	500	500	0	0	0	0	
3.0699999423e+02	426	26	440	60	8	404	0	500	500	500	0	0	0	0	
3.0749682214e+02	423	29	434	66	10	424	0	500	500	500	0	0	0	0	
3.0799948591e+02	419	31	429	71	11	418	0	500	500	500	0	0	0	0	
3.0849739809e+02	410	41	430	70	15	433	0	500	500	500	0	0	0	0	
3.0899869257e+02	413	40	426	74	9	434	0	500	500	500	0	0	0	0	
3.0949627528e+02	412	43	422	78	16	433	0	500	500	500	0	0	0	0	
3.0999854915e+02	412	44	400	100	20	434	0	500	500	500	0	0	0	0	
3.1049955496e+02	409	48	390	110	11	434	0	500	500	500	0	0	0	0	
3.1099728665e+02	405	52	375	125	14	419	0	500	500	500	0	0	0	0	
3.1149951296e+02	390	67	346	154	17	422	0	500	500	500	0	0	0	0	
3.1199910978e+02	393	64	326	174	27	382	0	500	500	500	0	0	0	0	
3.1249992867e+02	374	84	300	200	30	403	0	500	500	500	0	0	0	0	
3.1299869805e+02	372	86	249	251	33	382	0	500	500	500	0	0	0	0	
3.1349988962e+02	358	101	216	284	29	370	0	500	500	500	0	0	0	0	
3.1399863432e+02	350	109	153	347	38	351	0	500	500	500	0	0	0	0	
3.1449993158e+02	321	139	105	395	44	314	0	500	500	500	0	0	0	0	
3.1499937143e+02	307	154	52	448	56	287	0	500	500	500	0	0	0	0	
3.1549968656e+02	280	181	33	467	62	264	0	500	500	500	0	0	0	0	
3.1599891111e+02	258	205	15	485	65	236	0	500	500	500	0	0	0	0	
3.1649935554e+02	225	236	11	489	90	186	0	500	500	500	0	0	0	0	
3.1699727690e+02	214	250	12	488	93	165	0	500	500	500	0	0	0	0	
3.1749952745e+02	191	273	9	491	99	147	0	500	500	500	0	0	0	0	
3.1799982236e+02	155	309	8	492	127	140	0	500	500	500	0	0	0	0	
3.1849886349e+02	132	332	10	490	134	85	0	500	500	500	0	0	0	0	
3.1899852962e+02	120	347	6	494	107	69	0	500	500	500	0	0	0	0	
3.1949930946e+02	104	361	10	490	121	51	0	500	500	500	0	0	0	0	
3.1999991128e+02	85	378	6	494	120	55	0	500	500	500	0	0	0	0	
3.2049940667e+02	78	386	5	495	114	58	0	500	500	500	0	0	0	0	
3.2099882684e+02	75	389	9	491	120	55	0	500	500	500	0	0	0	0	
3.2149983476e+02	72	392	2	498	132	44	0	500	500	500	0	0	0	0	
3.2199881481e+02	62	403	6	494	132	55	0	500	500	500	0	0	0	0	
3.2249969382e+02	54	411	6	494	130	48	0	500	500	500	0	0	0	0	
3.2299892396e+02	46	420	3	497	109	41	0	500	500	500	0	0	0	0	
3.2349948304e+02	39	427	8	492	101	37	0	500	500	500	0	0	0	0	
3.2399990348e+02	30	436	4	496	111	54	0	500	500	500	0	0	0	0	
3.2449936058e+02	24	442	8	492	128	48	0	500	500	500	0	0	0	0	
3.2499698006e+02	21	445	6	494	132	48	0	500	500	500	0	0	0	0	
3.2549949903e+02	27	439	3	497	116	41	0	500	500	500	0	0	0	0	
3.2599643003e+02	29	438	7	493	107	42	0	500	500	500	0	0	0	0	
3.2649853631e+02	29	438	7	493	126	35	0	500	500	500	0	0	0	0	
3.2699906882e+02	26	441	7	493	94	65	0	500	500	500	0	0	0	0	
3.2749795294e+02	19	448	3	497	134	41	0	500	500	500	0	0	0	0	
3.2799964245e+02	20	446	4	496	114	44	0	500	500	500	0	0	0	0	
3.2849999023e+02	23	442	4	496	112	26	0	500	500	500	0	0	0	0	
3.2899983108e+02	22	443	4	496	99	45	0	500	500	500	0	0	0	0	
3.2949877482e+02	24	442	11	489	105	28	0	500	500	500	0	0	0	0	
3.2999989862e+02	18	448	10	490	108	30	0	500	500	500	0	0	0	0	
3.3049936060e+02	19	449	7	493	108	41	0	500	500	500	0	0	0	0	
3.3099987522e+02	22	446	11	489	90	41	0	500	500	500	0	0	0	0	
3.3149991649e+02	25	444	7	493	105	44	0	500	500	500	0	0	0	0	
3.3199824768e+02	23	446	5	495	111	31	0	500	500	500	0	0	0	0	
3.3249927414e+02	22	448	4	496	112	29	0	500	500	500	0	0	0	0	
3.3299896250e+02	19	451	6	494	107	52	0	500	500	500	0	0	0	0	
3.3349943278e+02	22	449	2	498	104	44	0	500	500	500	0	0	0	0	
3.3399911077e+02	30	442	10	490	99	29	0	500	500	500	0	0	0	0	
3.3449506096e+02	29	443	5	495	122	42	0	500	500	500	0	0	0	0	
3.3499900606e+02	31	441	6	494	115	50	0	500	500	500	0	0	0	0	
3.3549919819e+02	28	444	4	496	131	28	0	500	500	500	0	0	0	0	
3.3599999762e+02	26	447	3	497	116	31	0	500	500	500	0	0	0	0	
3.3649834660e+02	24	449	4	496	114	41	0	500	500	500	0	0	0	0	
3.3699955176e+02	24	450	2	498	87	46	0	500	500	500	0	0	0	0	
3.3749971347e+02	20	457	4	496	118	38	0	500	500	500	0	0	0	0	
3.3799964888e+02	19	460	5	495	99	40	0	500	500	500	0	0	0	0	
3.3849938749e+02	16	463	6	494	115	33	0	500	500	500	0	0	0	0	
3.3899927076e+02	16	465	1	499	105	57	0	500	500	500	0	0	0	0	
3.3949818825e+02	23	459	7	493	115	47	0	500	500	500	0	0	0	0	
3.3999997380e+02	24	457	9	491	129	42	0	500	500	500	0	0	0	0	
3.4049948071e+02	22	457	7	493	101	28	0	500	500	500	0	0	0	0	
3.4099920350e+02	20	461	6	494	104	39	0	500	500	500	0	0	0	0	
3.4149963703e+02	23	460	5	495	133	38	0	500	500	500	0	0	0	0	
3.4199934100e+02	26	458	5	495	127	47	0	500	500	500	0	0	0	0	
3.4249829731e+02	24	465	1	499	119	41	0	500	500	500	0	0	0	0	
3.4299981053e+02	22	468	4	496	121	30	0	500	500	500	0	0	0	0	
3.4349990401e+02	22	470	3	497	114	47	0	500	500	500	0	0	0	0	
3.4399905093e+02	26	466	9	491	117	43	0	500	500	500	0	0	0	0	
3.4449983449e+02	20	473	5	495	128	39	0	500	500	500	0	0	0	0	
3.4499950889e+02	15	479	1	499	119	36	0	500	500	500	0	0	0	0	
3.4549988831e+02	16	480	4	496	95	43	0	500	500	500	0	0	0	0	
3.4599956767e+02	19	478	6	494	111	59	0	500	500	500	0	0	0	0	
3.4649996934e+02	16	483	8	492	120	46	0	500	500	500	0	0	0	0	
3.4699876184e+02	20	478	9	491	112	42	0	500	500	500	0	0	0	0	
3.4749999957e+02	23	475	5	495	125	32	0	500	500	500	0	0	0	0	
3.4799999983e+02	22	476	3	497	125	28	0	500	500	500	0	0	0	0	
3.4849984637e+02	19	479	5	495	102	32	0	500	500	500	0	0	0	0	
3.4899873426e+02	23	477	7	493	117	44	0	500	500	500	0	0	0	0	
3.4949938931e+02	23	477	7	493	113	34	0	500	500	500	0	0	0	0	
3.4999891269e+02	22	478	9	491	123	33	0	500	500	500	0	0	0	0	
3.5049971578e+02	23	476	7	493	108	35	0	500	500	500	0	0	0	0	
3.5099931576e+02	31	468	6	494	109	30	0	500	500	500	0	0	0	0	
3.5149953170e+02	29	472	8	492	117	40	0	500	500	500	0	0	0	0	
3.5199959337e+02	25	475	2	498	105	43	0	500	500	500	0	0	0	0	
3.5249999043e+02	23	479	4	496	121	24	0	500	500	500	0	0	0	0	
3.5299849029e+02	25	477	5	495	105	45	0	500	500	500	0	0	0	0	
3.5349831009e+02	25	477	8	492	105	35	0	500	500	500	0	0	0	0	
3.5399920849e+02	19	484	6	494	101	36	0	500	500	500	0	0	0	0	
3.5449986974e+02	16	490	3	497	112	32	0	500	500	500	0	0	0	0	
3.5499859914e+02	16	493	9	491	101	51	0	500	500	500	0	0	0	0	
3.5549943612e+02	18	491	5	495	114	49	0	500	500	500	0	0	0	0	
3.5599979363e+02	19	490	8	492	131	29	0	500	500	500	0	0	0	0	
3.5649909000e+02	24	484	7	493	124	29	0	500	500	500	0	0	0	0	
3.5699969777e+02	29	479	6	494	127	40	0	500	500	500	0	0	0	0	
3.5749995601e+02	27	481	3	497	99	51	0	500	500	500	0	0	0	0	
3.5799945027e+02	25	483	5	495	114	35	0	500	500	500	0	0	0	0	
3.5849943688e+02	25	483	4	496	114	35	0	500	500	500	0	0	0	0	
3.5899932718e+02	22	486	6	494	114	33	0	500	500	500	0	0	0	0	
3.5949957162e+02	20	489	4	496	120	28	0	500	500	500	0	0	0	0	
3.5999973003e+02	15	494	4	496	109	41	0	500	500	500	0	0	0	0	
3.6049817815e+02	14	496	6	494	107	32	0	500	500	500	0	0	0	0	
3.6099794900e+02	22	489	1	499	123	37	0	500	500	500	0	0	0	0	
3.6149765100e+02	21	489	4	496	97	37	0	500	500	500	0	0	0	0	
3.6199845177e+02	18	491	3	497	107	34	0	500	500	500	0	0	0	0	
3.6249988628e+02	18	492	5	495	102	45	0	500	500	500	0	0	0	0	
3.6299980865e+02	23	487	7	493	103	37	0	500	500	500	0	0	0	0	
3.6349930739e+02	27	483	11	489	117	48	0	500	500	500	0	0	0	0	
3.6399928087e+02	29	481	4	496	112	48	0	500	500	500	0	0	0	0	
3.6449999972e+02	26	485	6	494	117	41	0	500	500	500	0	0	0	0	
3.6499755695e+02	27	488	10	490	112	37	0	500	500	500	0	0	0	0	
3.6549971643e+02	24	490	6	494	138	28	0	500	500	500	0	0	0	0	
3.6599977775e+02	24	491	8	492	125	29	0	500	500	500	0	0	0	0	
3.6649987866e+02	26	490	5	495	121	36	0	500	500	500	0	0	0	0	
3.6699982418e+02	28	488	3	497	118	29	0	500	500	500	0	0	0	0	
3.6749957706e+02	25	492	4	496	110	31	0	500	500	500	0	0	0	0	
3.6799981157e+02	24	494	7	493	117	31	0	500	500	500	0	0	0	0	
3.6849971704e+02	21	498	5	495	116	29	0	500	500	500	0	0	0	0	
3.6899977205e+02	23	496	10	490	113	39	0	500	500	500	0	0	0	0	
3.6949950413e+02	21	498	6	494	112	39	0	500	500	500	0	0	0	0	
3.6999911248e+02	19	502	6	494	111	35	0	500	500	500	0	0	0	0	
3.7049987238e+02	15	505	6	494	122	36	0	500	500	500	0	0	0	0	
3.7099944858e+02	15	506	5	495	116	34	0	500	500	500	0	0	0	0	
3.7149989133e+02	14	507	8	492	112	28	0	500	500	500	0	0	0	0	
3.7199999926e+02	12	510	8	492	108	37	0	500	500	500	0	0	0	0	
3.7249995650e+02	14	510	5	495	130	18	0	500	500	500	0	0	0	0	
3.7299981226e+02	11	513	7	493	120	33	0	500	500	500	0	0	0	0	
3.7349993975e+02	12	516	4	496	121	30	0	500	500	500	0	0	0	0	
3.7399925354e+02	15	513	2	498	137	51	0	500	500	500	0	0	0	0	
3.7449996436e+02	19	509	0	500	109	27	0	500	500	500	0	0	0	0	
3.7499984524e+02	14	514	6	494	117	28	0	500	500	500	0	0	0	0	
3.7549727853e+02	12	516	6	494	122	27	0	500	500	500	0	0	0	0	
3.7599982400e+02	14	512	1	499	99	40	0	500	500	500	0	0	0	0	
3.7649995033e+02	14	513	4	496	116	20	0	500	500	500	0	0	0	0	
3.7699862819e+02	10	517	3	497	109	28	0	500	500	500	0	0	0	0	
3.7749955238e+02	13	512	2	498	122	34	0	500	500	500	0	0	0	0	
3.7799837253e+02	15	510	3	497	124	34	0	500	500	500	0	0	0	0	
3.7849935827e+02	14	513	9	491	109	35	0	500	500	500	0	0	0	0	
3.7899990682e+02	19	508	3	497	120	30	0	500	500	500	0	0	0	0	
3.7949976895e+02	19	509	5	495	102	41	0	500	500	500	0	0	0	0	
3.7999633882e+02	21	507	6	494	105	31	0	500	500	500	0	0	0	0	
3.8049891436e+02	19	510	8	492	112	37	0	500	500	500	0	0	0	0	
3.8099959550e+02	16	515	6	494	125	27	0	500	500	500	0	0	0	0	
3.8149911422e+02	14	517	5	495	125	27	0	500	500	500	0	0	0	0	
3.8199974906e+02	17	518	6	494	138	34	0	500	500	500	0	0	0	0	
3.8249946681e+02	17	519	7	493	114	34	0	500	500	500	0	0	0	0	
3.8299757893e+02	17	519	3	497	117	22	0	500	500	500	0	0	0	0	
3.8349972216e+02	18	518	3	497	114	42	0	500	500	500	0	0	0	0	
3.8399983897e+02	17	520	7	493	131	34	0	500	500	500	0	0	0	0	
3.8449895033e+02	17	519	6	494	127	37	0	500	500	500	0	0	0	0	
3.8499954360e+02	18	519	8	492	127	37	0	500	500	500	0	0	0	0	
3.8549971486e+02	18	520	7	493	116	32	0	500	500	500	0	0	0	0	
3.8599831472e+02	16	521	3	497	129	26	0	500	500	500	0	0	0	0	
3.8649998900e+02	15	520	5	495	121	33	0	500	500	500	0	0	0	0	
3.8699820708e+02	17	519	0	500	111	23	0	500	500	500	0	0	0	0	
3.8749980435e+02	18	518	3	497	99	32	0	500	500	500	0	0	0	0	
3.8799987916e+02	17	520	4	496	126	28	0	500	500	500	0	0	0	0	
3.8849979280e+02	14	523	6	494	106	39	0	500	500	500	0	0	0	0	
3.8899967632e+02	15	523	2	498	105	30	0	500	500	500	0	0	0	0	
3.8949920356e+02	15	522	7	493	117	46	0	500	500	500	0	0	0	0	
3.8999983614e+02	18	518	6	494	128	37	0	500	500	500	0	0	0	0	
3.9049926392e+02	16	518	6	494	116	39	0	500	500	500	0	0	0	0	
3.9099994919e+02	19	515	4	496	105	33	0	500	500	500	0	0	0	0	
3.9149924750e+02	19	514	4	496	116	31	0	500	500	500	0	0	0	0	
3.9199986829e+02	21	511	2	498	105	35	0	500	500	500	0	0	0	0	
3.9249932635e+02	25	508	7	493	118	42	0	500	500	500	0	0	0	0	
3.9299898134e+02	24	512	3	497	112	27	0	500	500	500	0	0	0	0	
3.9349926525e+02	24	513	9	491	103	27	0	500	500	500	0	0	0	0	
3.9399997597e+02	25	512	6	494	104	45	0	500	500	500	0	0	0	0	
3.9449879234e+02	29	509	8	492	106	36	0	500	500	500	0	0	0	0	
3.9499993804e+02	27	510	2	498	113	40	0	500	500	500	0	0	0	0	
3.9549964670e+02	27	511	6	494	131	29	0	500	500	500	0	0	0	0	
3.9599906655e+02	27	510	2	498	125	27	0	500	500	500	0	0	0	0	
3.9649964912e+02	27	510	3	497	105	37	0	500	500	500	0	0	0	0	
3.9699989604e+02	23	515	3	497	124	38	0	500	500	500	0	0	0	0	
3.9749927168e+02	23	515	7	493	131	35	0	500	500	500	0	0	0	0	
3.9799897716e+02	21	519	9	491	110	35	0	500	500	500	0	0	0	0	
3.9849998077e+02	22	518	6	494	118	33	0	500	500	500	0	0	0	0	
3.9899799779e+02	24	520	4	496	120	25	0	500	500	500	0	0	0	0	
3.9949981372e+02	22	522	6	494	117	30	0	500	500	500	0	0	0	0	
3.9999851682e+02	20	524	7	493	108	20	0	500	500	500	0	0	0	0	
4.0049922113e+02	16	532	8	492	113	31	0	500	500	500	0	0	0	0	
4.0099953521e+02	21	527	7	493	135	22	0	500	500	500	0	0	0	0	
4.0149676367e+02	23	526	4	496	112	34	0	500	500	500	0	0	0	0	
4.0199941717e+02	23	528	4	496	117	29	0	500	500	500	0	0	0	0	
4.0249974407e+02	24	527	7	493	101	49	0	500	500	500	0	0	0	0	
4.0299980911e+02	22	529	11	489	129	30	0	500	500	500	0	0	0	0	
4.0349896102e+02	27	524	6	494	127	52	0	500	500	500	0	0	0	0	
4.0399953407e+02	25	527	6	494	141	33	0	500	500	500	0	0	0	0	
4.0449976004e+02	24	529	2	498	112	19	0	500	500	500	0	0	0	0	
4.0499995230e+02	14	542	5	495	129	25	0	500	500	500	0	0	0	0	
4.0549915421e+02	15	542	7	493	132	30	0	500	500	500	0	0	0	0	
4.0599941852e+02	13	544	5	495	110	22	0	500	500	500	0	0	0	0	
4.0649720606e+02	16	541	5	495	109	29	0	500	500	500	0	0	0	0	
4.0699898789e+02	20	540	4	496	109	42	0	500	500	500	0	0	0	0	
4.0749988296e+02	17	544	3	497	118	28	0	500	500	500	0	0	0	0	
4.0799919669e+02	12	549	5	495	106	29	0	500	500	500	0	0	0	0	
4.0849992942e+02	14	547	8	492	130	38	0	500	500	500	0	0	0	0	
4.0899894864e+02	13	547	3	497	120	48	0	500	500	500	0	0	0	0	
4.0949909610e+02	19	543	3	497	118	33	0	500	500	500	0	0	0	0	
4.0999928583e+02	16	548	6	494	152	23	0	500	500	500	0	0	0	0	
4.1049957620e+02	12	553	7	493	116	30	0	500	500	500	0	0	0	0	
4.1099825996e+02	9	555	5	495	100	26	0	500	500	500	0	0	0	0	
4.1149956503e+02	8	556	9	491	114	23	0	500	500	500	0	0	0	0	
4.1199860322e+02	9	554	4	496	102	27	0	500	500	500	0	0	0	0	
4.1249991111e+02	11	553	3	497	101	33	0	500	500	500	0	0	0	0	
4.1299926038e+02	10	555	6	494	118	33	0	500	500	500	0	0	0	0	
4.1349969549e+02	10	555	5	495	114	31	0	500	500	500	0	0	0	0	
4.1399985226e+02	9	557	2	498	125	23	0	500	500	500	0	0	0	0	
4.1449845570e+02	9	558	6	494	115	16	0	500	500	500	0	0	0	0	
4.1499906333e+02	11	558	4	496	112	34	0	500	500	500	0	0	0	0	
4.1549914111e+02	13	556	4	496	118	26	0	500	500	500	0	0	0	0	
4.1599999436e+02	16	553	2	498	137	39	0	500	500	500	0	0	0	0	
4.1649935085e+02	21	550	3	497	134	51	0	500	500	500	0	0	0	0	
4.1699994648e+02	19	554	6	494	126	25	0	500	500	500	0	0	0	0	
4.1749831818e+02	17	556	6	494	108	32	0	500	500	500	0	0	0	0	
4.1799845097e+02	18	554	2	498	98	25	0	500	500	500	0	0	0	0	
4.1849769610e+02	15	560	4	496	115	19	0	500	500	500	0	0	0	0	
4.1899884273e+02	15	560	7	493	115	24	0	500	500	500	0	0	0	0	
4.1949915765e+02	17	558	2	498	111	32	0	500	500	500	0	0	0	0	
4.1999979310e+02	19	556	5	495	140	21	0	500	500	500	0	0	0	0	
4.2049886623e+02	17	557	2	498	124	32	0	500	500	500	0	0	0	0	
4.2099801238e+02	16	558	6	494	126	35	0	500	500	500	0	0	0	0	
4.2149998461e+02	18	557	7	493	129	27	0	500	500	500	0	0	0	0	
4.2199956229e+02	13	562	2	498	123	25	0	500	500	500	0	0	0	0	
4.2249939503e+02	15	560	5	495	108	26	0	500	500	500	0	0	0	0	
4.2299686140e+02	18	556	9	491	104	32	0	500	500	500	0	0	0	0	
4.2349999989e+02	17	559	7	493	128	33	0	500	500	500	0	0	0	0	
4.2399835645e+02	16	561	5	495	116	44	0	500	500	500	0	0	0	0	
4.2449985722e+02	12	565	3	497	121	30	0	500	500	500	0	0	0	0	
4.2499939095e+02	8	568	3	497	114	24	0	500	500	500	0	0	0	0	
4.2549969763e+02	11	567	0	500	104	33	0	500	500	500	0	0	0	0	
4.2599989926e+02	15	566	4	496	107	36	0	500	500	500	0	0	0	0	
4.2649943491e+02	19	563	1	499	118	39	0	500	500	500	0	0	0	0	
4.2699924065e+02	21	560	0	500	130	21	0	500	500	500	0	0	0	0	
4.2749994935e+02	20	561	4	496	125	26	0	500	500	500	0	0	0	0	
4.2799842619e+02	22	560	3	497	112	38	0	500	500	500	0	0	0	0	
4.2849993905e+02	18	565	5	495	120	30	0	500	500	500	0	0	0	0	
4.2899899981e+02	19	565	4	496	112	25	0	500	500	500	0	0	0	0	
4.2949934974e+02	15	571	6	494	119	27	0	500	500	500	0	0	0	0	
4.2999887604e+02	15	573	3	497	127	25	0	500	500	500	0	0	0	0	
4.3049845742e+02	18	571	6	494	127	31	0	500	500	500	0	0	0	0	
4.3099999803e+02	16	572	2	498	137	30	0	500	500	500	0	0	0	0	
4.3149989117e+02	13	575	4	496	122	25	0	500	500	500	0	0	0	0	
4.3199998954e+02	12	579	7	493	97	33	0	500	500	500	0	0	0	0	
4.3249951431e+02	12	581	5	495	118	13	0	500	500	500	0	0	0	0	
4.3299924797e+02	8	586	8	492	107	24	0	500	500	500	0	0	0	0	
4.3349901866e+02	6	589	10	490	115	28	0	500	500	500	0	0	0	0	
4.3399772170e+02	9	588	5	495	112	39	0	500	500	500	0	0	0	0	
4.3449889952e+02	11	586	6	494	115	21	0	500	500	500	0	0	0	0	
4.3499981007e+02	9	589	4	496	91	28	0	500	500	500	0	0	0	0	
4.3549872746e+02	4	594	4	496	117	40	0	500	500	500	0	0	0	0	
4.3599893650e+02	4	593	4	496	126	25	0	500	500	500	0	0	0	0	
4.3649947830e+02	4	592	5	495	117	24	0	500	500	500	0	0	0	0	
4.3699948158e+02	6	590	2	498	112	36	0	500	500	500	0	0	0	0	
4.3749898459e+02	9	588	7	493	126	30	0	500	500	500	0	0	0	0	
4.3799997990e+02	12	584	10	490	116	35	0	500	500	500	0	0	0	0	
4.3849961136e+02	11	585	2	498	115	38	0	500	500	500	0	0	0	0	
4.3899895852e+02	14	583	4	496	105	30	0	500	500	500	0	0	0	0	
4.3949914481e+02	9	589	1	499	122	35	0	500	500	500	0	0	0	0	
4.3999927337e+02	14	584	6	494	111	30	0	500	500	500	0	0	0	0	
4.4049817273e+02	14	585	2	498	137	14	0	500	500	500	0	0	0	0	
4.4099961530e+02	18	581	2	498	120	24	0	500	500	500	0	0	0	0	
4.4149733530e+02	15	584	7	493	110	30	0	500	500	500	0	0	0	0	
4.4199865792e+02	16	584	5	495	108	36	0	500	500	500	0	0	0	0	
4.4249997873e+02	12	589	6	494	106	33	0	500	500	500	0	0	0	0	
4.4299836332e+02	13	588	5	495	111	28	0	500	500	500	0	0	0	0	
4.4349936836e+02	17	585	1	499	101	23	0	500	500	500	0	0	0	0	
4.4399937675e+02	14	588	3	497	106	29	0	500	500	500	0	0	0	0	
4.4449748724e+02	8	595	5	495	102	30	0	500	500	500	0	0	0	0	
4.4499731243e+02	10	594	2	498	117	33	0	500	500	500	0	0	0	0	
4.4549975657e+02	10	593	8	492	123	21	0	500	500	500	0	0	0	0	
4.4599885591e+02	13	588	5	495	102	29	0	500	500	500	0	0	0	0	
4.4649967099e+02	13	588	3	497	104	22	0	500	500	500	0	0	0	0	
4.4699916263e+02	9	591	2	498	103	33	0	500	500	500	0	0	0	0	
4.4749877263e+02	9	594	3	497	124	20	0	500	500	500	0	0	0	0	
4.4799999889e+02	10	593	2	498	129	13	0	500	500	500	0	0	0	0	
4.4849864616e+02	10	593	5	495	123	22	0	500	500	500	0	0	0	0	
4.4899982980e+02	14	589	7	493	123	32	0	500	500	500	0	0	0	0	
4.4949788194e+02	11	591	3	497	123	27	0	500	500	500	0	0	0	0	
4.4999905007e+02	16	586	0	500	114	35	0	500	500	500	0	0	0	0	
4.5049964785e+02	15	588	1	499	114	23	0	500	500	500	0	0	0	0	
4.5099965305e+02	17	587	6	494	106	28	0	500	500	500	0	0	0	0	
4.5149968363e+02	18	587	2	498	116	22	0	500	500	500	0	0	0	0	
4.5199974480e+02	17	588	9	491	130	27	0	500	500	500	0	0	0	0	
4.5249978149e+02	18	586	1	499	127	33	0	500	500	500	0	0	0	0	
4.5299917657e+02	19	586	3	497	141	35	0	500	500	500	0	0	0	0	
4.5349919204e+02	20	584	2	498	129	35	0	500	500	500	0	0	0	0	
4.5399919975e+02	20	584	5	495	138	24	0	500	500	500	0	0	0	0	
4.5449935184e+02	22	584	3	497	126	16	0	500	500	500	0	0	0	0	
4.5499937495e+02	22	584	1	499	114	29	0	500	500	500	0	0	0	0	
4.5549887348e+02	21	586	5	495	118	18	0	500	500	500	0	0	0	0	
4.5599938048e+02	22	585	5	495	120	38	0	500	500	500	0	0	0	0	
4.5649927464e+02	21	586	4	496	133	24	0	500	500	500	0	0	0	0	
4.5699956408e+02	20	592	0	500	141	28	0	500	500	500	0	0	0	0	
4.5749929085e+02	19	592	7	493	137	22	0	500	500	500	0	0	0	0	
4.5799960069e+02	18	592	6	494	138	26	0	500	500	500	0	0	0	0	
4.5849979988e+02	17	594	2	498	110	17	0	500	500	500	0	0	0	0	
4.5899993456e+02	20	591	2	498	131	21	0	500	500	500	0	0	0	0	
4.5949830124e+02	18	593	3	497	107	45	0	500	500	500	0	0	0	0	
4.5999835189e+02	15	593	4	496	91	17	0	500	500	500	0	0	0	0	
4.6049973701e+02	16	594	6	494	131	29	0	500	500	500	0	0	0	0	
4.6099974161e+02	14	596	6	494	129	21	0	500	500	500	0	0	0	0	
4.6149939371e+02	17	592	6	494	106	29	0	500	500	500	0	0	0	0	
4.6199872309e+02	14	594	6	494	117	28	0	500	500	500	0	0	0	0	
4.6249892257e+02	12	596	4	496	125	19	0	500	500	500	0	0	0	0	
4.6299986514e+02	16	591	2	498	134	21	0	500	500	500	0	0	0	0	
4.6349965568e+02	15	593	4	496	116	30	0	500	500	500	0	0	0	0	
4.6399951843e+02	17	592	2	498	120	27	0	500	500	500	0	0	0	0	
4.6449913042e+02	19	591	3	497	115	34	0	500	500	500	0	0	0	0	
4.6499992105e+02	23	589	4	496	127	39	0	500	500	500	0	0	0	0	
4.6549971218e+02	20	592	5	495	103	28	0	500	500	500	0	0	0	0	
4.6599964292e+02	21	592	7	493	116	40	0	500	500	500	0	0	0	0	
4.6649996337e+02	24	588	1	499	123	27	0	500	500	500	0	0	0	0	
4.6699792808e+02	22	592	4	496	116	24	0	500	500	500	0	0	0	0	
4.6749877796e+02	18	597	5	495	112	28	0	500	500	500	0	0	0	0	
4.6799958185e+02	13	605	2	498	108	22	0	500	500	500	0	0	0	0	
4.6849996042e+02	15	603	3	497	110	17	0	500	500	500	0	0	0	0	
4.6899921145e+02	15	601	2	498	113	34	0	500	500	500	0	0	0	0	
4.6949964776e+02	12	603	3	497	107	29	0	500	500	500	0	0	0	0	
4.6999900830e+02	13	603	4	496	120	25	0	500	500	500	0	0	0	0	
4.7049980842e+02	12	605	7	493	113	28	0	500	500	500	0	0	0	0	
4.7099944491e+02	12	604	4	496	109	18	0	500	500	500	0	0	0	0	
4.7149985095e+02	14	603	2	498	113	28	0	500	500	500	0	0	0	0	
4.7199999872e+02	15	600	4	496	114	27	0	500	500	500	0	0	0	0	
4.7249982950e+02	11	605	1	499	114	20	0	500	500	500	0	0	0	0	
4.7299945006e+02	10	607	3	497	106	26	0	500	500	500	0	0	0	0	
4.7349977528e+02	13	604	4	496	122	23	0	500	500	500	0	0	0	0	
4.7399977052e+02	14	604	5	495	106	22	0	500	500	500	0	0	0	0	
4.7449953555e+02	12	606	8	492	104	27	0	500	500	500	0	0	0	0	
4.7499962640e+02	8	609	6	494	121	29	0	500	500	500	0	0	0	0	
4.7549910388e+02	9	607	4	496	116	22	0	500	500	500	0	0	0	0	
4.7599845603e+02	11	606	4	496	115	18	0	500	500	500	0	0	0	0	
4.7649799757e+02	13	604	3	497	126	28	0	500	500	500	0	0	0	0	
4.7699923584e+02	13	603	4	496	113	32	0	500	500	500	0	0	0	0	
4.7749994604e+02	15	600	4	496	112	26	0	500	500	500	0	0	0	0	
4.7799910596e+02	14	600	4	496	133	26	0	500	500	500	0	0	0	0	
4.7849781540e+02	14	600	6	494	124	23	0	500	500	500	0	0	0	0	
4.7899698952e+02	12	603	3	497	109	22	0	500	500	500	0	0	0	0	
4.7949982606e+02	13	602	2	498	111	29	0	500	500	500	0	0	0	0	
4.7999851351e+02	13	602	5	495	132	27	0	500	500	500	0	0	0	0	
4.8049970959e+02	11	603	2	498	115	26	0	500	500	500	0	0	0	0	
4.8099968599e+02	13	602	6	494	139	19	0	500	500	500	0	0	0	0	
4.8149705472e+02	19	598	5	495	123	26	0	500	500	500	0	0	0	0	
4.8199906061e+02	17	600	7	493	93	29	0	500	500	500	0	0	0	0	
4.8249995306e+02	15	602	5	495	112	27	0	500	500	500	0	0	0	0	
4.8299815336e+02	16	601	4	496	129	35	0	500	500	500	0	0	0	0	
4.8349918652e+02	15	602	8	492	134	26	0	500	500	500	0	0	0	0	
4.8399955180e+02	11	606	3	497	121	32	0	500	500	500	0	0	0	0	
4.8449766466e+02	14	603	1	499	133	37	0	500	500	500	0	0	0	0	
4.8499971169e+02	17	600	5	495	129	39	0	500	500	500	0	0	0	0	
4.8549999580e+02	19	599	3	497	134	28	0	500	500	500	0	0	0	0	
4.8599991493e+02	17	601	10	490	123	26	0	500	500	500	0	0	0	0	
4.8649933982e+02	20	599	1	499	118	25	0	500	500	500	0	0	0	0	
4.8699982998e+02	24	595	3	497	103	33	0	500	500	500	0	0	0	0	
4.8749983038e+02	20	598	0	500	112	20	0	500	500	500	0	0	0	0	
4.8799915600e+02	15	604	3	497	126	27	0	500	500	500	0	0	0	0	
4.8849823749e+02	19	601	5	495	129	24	0	500	500	500	0	0	0	0	
4.8899850558e+02	16	604	7	493	130	34	0	500	500	500	0	0	0	0	
4.8949973690e+02	15	604	3	497	110	23	0	500	500	500	0	0	0	0	
4.8999949089e+02	14	607	6	494	110	31	0	500	500	500	0	0	0	0	
4.9049992667e+02	10	614	0	500	135	15	0	500	500	500	0	0	0	0	
4.9099987265e+02	13	611	6	494	101	21	0	500	500	500	0	0	0	0	
4.9149957093e+02	11	613	7	493	120	28	0	500	500	500	0	0	0	0	
4.9199928617e+02	10	614	9	491	112	30	0	500	500	500	0	0	0	0	
4.9249791480e+02	7	617	4	496	113	28	0	500	500	500	0	0	0	0	
4.9299902937e+02	13	612	4	496	113	28	0	500	500	500	0	0	0	0	
4.9349992648e+02	11	614	3	497	107	25	0	500	500	500	0	0	0	0	
4.9399972086e+02	11	615	7	493	111	25	0	500	500	500	0	0	0	0	
4.9449965389e+02	10	618	4	496	116	22	0	500	500	500	0	0	0	0	
4.9499746218e+02	9	623	3	497	102	27	0	500	500	500	0	0	0	0	
4.9549960252e+02	11	624	3	497	126	21	0	500	500	500	0	0	0	0	
4.9599934625e+02	11	628	4	496	124	23	0	500	500	500	0	0	0	0	
4.9649763825e+02	7	633	6	494	147	15	0	500	500	500	0	0	0	0	
4.9699955215e+02	7	636	2	498	136	24	0	500	500	500	0	0	0	0	
4.9749827833e+02	7	636	4	496	141	23	0	500	500	500	0	0	0	0	
4.9799895737e+02	15	631	7	493	139	35	0	500	500	500	0	0	0	0	
4.9849727320e+02	10	639	6	494	124	21	0	500	500	500	0	0	0	0	
4.9899907784e+02	12	638	2	498	129	17	0	500	500	500	0	0	0	0	
4.9949992611e+02	15	636	4	496	129	26	0	500	500	500	0	0	0	0	
4.9999984767e+02	13	638	2	498	112	16	0	500	500	500	0	0	0	0	
5.0000025149e+02	13	638	2	498	112	17	0	500	500	500	0	0	0	0	
