0.0000000000e+00	0	0	0	0	0	500	500	0	500	500	500	0	0	0	
1.8672736161e-01	0	0	1	0	0	500	500	0	500	500	500	0	0	0	
9.7326223928e-01	0	1	7	0	0	500	500	0	500	500	500	0	0	0	
1.1208020673e+00	1	0	7	0	0	500	500	0	500	500	500	0	0	0	
1.9563521560e+00	1	1	11	0	2	498	500	0	500	500	500	0	0	0	
2.4815256560e+00	1	2	11	0	1	499	500	0	500	500	500	0	0	0	
2.9982095162e+00	1	3	12	0	4	496	500	0	500	500	500	0	0	0	
3.4999598649e+00	1	3	14	0	2	498	500	0	500	500	500	0	0	0	
3.8975707912e+00	1	3	17	0	1	499	500	0	500	500	500	0	0	0	
4.3709201891e+00	1	3	18	0	1	499	500	0	500	500	500	0	0	0	
4.9452162414e+00	1	4	20	0	2	498	500	0	500	500	500	0	0	0	
5.4468098458e+00	1	5	23	1	0	500	500	0	500	500	500	0	0	0	
5.9530150635e+00	3	3	24	1	3	497	500	0	500	500	500	0	0	0	
6.4715485940e+00	4	3	28	0	0	500	500	0	500	500	500	0	0	0	
6.8622988508e+00	4	4	30	0	0	500	500	0	500	500	500	0	0	0	
7.4958487449e+00	5	5	29	4	2	498	500	0	500	500	500	0	0	0	
7.9446574211e+00	8	2	34	2	2	498	500	0	500	500	500	0	0	0	
8.3171511523e+00	9	1	39	0	0	500	500	0	500	500	500	0	0	0	
8.9801076053e+00	9	3	37	2	2	498	500	0	500	500	500	0	0	0	
9.3919264450e+00	9	4	41	0	1	499	500	0	500	500	500	0	0	0	
9.9615988280e+00	10	3	43	0	0	500	500	0	500	500	500	0	0	0	
1.0402589719e+01	12	1	44	0	0	500	500	0	500	500	500	0	0	0	
1.0936837421e+01	12	1	46	0	1	499	500	0	500	500	500	0	0	0	
1.1430162404e+01	13	3	45	1	1	499	500	0	500	500	500	0	0	0	
1.1992223645e+01	15	3	49	0	0	500	500	0	500	500	500	0	0	0	
1.2472558928e+01	17	2	51	0	0	500	500	0	500	500	500	0	0	0	
1.2972042086e+01	18	3	52	2	2	498	500	0	500	500	500	0	0	0	
1.3492767620e+01	19	5	49	5	2	498	500	0	500	500	500	0	0	0	
1.3989951257e+01	20	4	51	4	2	498	500	0	500	500	500	0	0	0	
1.4444582884e+01	20	4	56	1	0	500	500	0	500	500	500	0	0	0	
1.4997292653e+01	21	4	54	3	2	498	500	0	500	500	500	0	0	0	
1.5463199163e+01	21	5	58	0	1	499	500	0	500	500	500	0	0	0	
1.5977959121e+01	22	4	62	1	3	497	500	0	500	500	500	0	0	0	
1.6461786292e+01	23	3	63	4	3	497	500	0	500	500	500	0	0	0	
1.6989844195e+01	23	4	65	3	3	497	500	0	500	500	500	0	0	0	
1.7492809247e+01	25	3	72	4	3	497	500	0	500	500	500	0	0	0	
1.7939586674e+01	25	3	77	1	1	499	500	0	500	500	500	0	0	0	
1.8483424590e+01	25	3	79	3	0	500	500	0	500	500	500	0	0	0	
1.8966202940e+01	25	7	81	3	4	496	500	0	500	500	500	0	0	0	
1.9485305929e+01	27	6	86	1	4	496	500	0	500	500	500	0	0	0	
1.9999273560e+01	28	5	89	1	1	499	500	0	500	500	500	0	0	0	
2.0480690762e+01	28	7	90	2	1	499	500	0	500	500	500	0	0	0	
2.0945656185e+01	30	6	92	2	2	498	500	0	500	500	500	0	0	0	
2.1494897317e+01	30	7	93	2	4	496	500	0	500	500	500	0	0	0	
2.1973907992e+01	30	7	98	2	3	497	500	0	500	500	500	0	0	0	
2.2479835755e+01	32	6	98	4	4	496	500	0	500	500	500	0	0	0	
2.2998567697e+01	33	5	103	3	3	497	500	0	500	500	500	0	0	0	
2.3487493047e+01	35	3	104	3	1	499	500	0	500	500	500	0	0	0	
2.3952476630e+01	37	1	105	2	0	500	500	0	500	500	500	0	0	0	
2.4444349956e+01	37	1	105	1	1	499	500	0	500	500	500	0	0	0	
2.4994388832e+01	37	2	106	1	0	500	500	0	500	500	500	0	0	0	
2.5479519369e+01	39	1	108	1	2	498	500	0	500	500	500	0	0	0	
2.5929155083e+01	40	0	109	0	0	500	500	0	500	500	500	0	0	0	
2.6457324030e+01	40	1	113	1	0	500	500	0	500	500	500	0	0	0	
2.6998099717e+01	40	1	118	0	0	500	500	0	500	500	500	0	0	0	
2.7463221601e+01	40	2	120	0	0	500	500	0	500	500	500	0	0	0	
2.7980847429e+01	40	3	127	0	2	498	500	0	500	500	500	0	0	0	
2.8454894484e+01	40	3	125	2	1	499	500	0	500	500	500	0	0	0	
2.8994082257e+01	41	3	126	2	3	497	500	0	500	500	500	0	0	0	
2.9463332865e+01	42	2	128	2	1	499	500	0	500	500	500	0	0	0	
2.9987970157e+01	42	2	131	3	0	500	500	0	500	500	500	0	0	0	
3.0493506723e+01	42	3	138	2	1	499	500	0	500	500	500	0	0	0	
3.0907666757e+01	42	4	137	4	4	496	500	0	500	500	500	0	0	0	
3.1497441096e+01	42	6	145	2	5	495	500	0	500	500	500	0	0	0	
3.1994087389e+01	42	6	146	4	6	494	500	0	500	500	500	0	0	0	
3.2466491342e+01	42	7	149	3	4	496	500	0	500	500	500	0	0	0	
3.2985060706e+01	43	8	147	6	5	495	500	0	500	500	500	0	0	0	
3.3458840320e+01	45	7	151	4	1	499	500	0	500	500	500	0	0	0	
3.3997303256e+01	47	8	155	2	1	499	500	0	500	500	500	0	0	0	
3.4492224461e+01	51	5	153	7	1	499	500	0	500	500	500	0	0	0	
3.4938640115e+01	53	4	164	4	4	496	500	0	500	500	500	0	0	0	
3.5467720819e+01	54	3	167	3	1	499	500	0	500	500	500	0	0	0	
3.5909347110e+01	54	4	165	4	2	498	500	0	500	500	500	0	0	0	
3.6453852616e+01	55	4	171	3	0	500	500	0	500	500	500	0	0	0	
3.6976966174e+01	54	5	172	2	3	497	500	0	500	500	500	0	0	0	
3.7463679469e+01	55	5	167	5	1	499	500	0	500	500	500	0	0	0	
3.7958267828e+01	56	6	168	5	1	499	500	0	500	500	500	0	0	0	
3.8463545992e+01	56	6	176	0	4	496	500	0	500	500	500	0	0	0	
3.8966277539e+01	57	8	175	2	1	499	500	0	500	500	500	0	0	0	
3.9493959371e+01	58	8	176	3	2	498	500	0	500	500	500	0	0	0	
3.9999005671e+01	59	8	178	3	2	498	500	0	500	500	500	0	0	0	
4.0498584087e+01	61	6	176	3	5	495	500	0	500	500	500	0	0	0	
4.0997322642e+01	63	5	176	3	3	497	500	0	500	500	500	0	0	0	
4.1449281529e+01	64	4	177	2	3	497	500	0	500	500	500	0	0	0	
4.1988792854e+01	63	6	179	2	6	494	500	0	500	500	500	0	0	0	
4.2486361888e+01	64	8	178	4	2	498	500	0	500	500	500	0	0	0	
4.2987999831e+01	66	6	180	3	3	497	500	0	500	500	500	0	0	0	
4.3474609510e+01	66	7	183	0	4	496	500	0	500	500	500	0	0	0	
4.3997877251e+01	67	7	181	4	6	494	500	0	500	500	500	0	0	0	
4.4494945455e+01	69	5	186	1	6	494	500	0	500	500	500	0	0	0	
4.4984025539e+01	69	6	184	4	3	497	500	0	500	500	500	0	0	0	
4.5476642067e+01	69	7	183	6	3	497	500	0	500	500	500	0	0	0	
4.5966126148e+01	72	4	188	3	5	495	500	0	500	500	500	0	0	0	
4.6473440683e+01	72	6	194	2	1	499	500	0	500	500	500	0	0	0	
4.6939034015e+01	76	2	197	3	0	500	500	0	500	500	500	0	0	0	
4.7458832140e+01	77	2	202	1	0	500	500	0	500	500	500	0	0	0	
4.7946224828e+01	78	1	205	1	0	500	500	0	500	500	500	0	0	0	
4.8487849278e+01	78	3	212	1	0	500	500	0	500	500	500	0	0	0	
4.8853371883e+01	78	4	212	3	0	500	500	0	500	500	500	0	0	0	
4.9495284320e+01	80	4	217	3	0	500	500	0	500	500	500	0	0	0	
4.9976264088e+01	80	3	218	3	0	500	500	0	500	500	500	0	0	0	
5.0476109847e+01	82	1	221	1	2	498	500	0	500	500	500	0	0	0	
5.0946766669e+01	82	3	223	0	4	496	500	0	500	500	500	0	0	0	
5.1469623158e+01	82	3	226	2	2	498	500	0	500	500	500	0	0	0	
5.1995972104e+01	83	3	223	1	1	499	500	0	500	500	500	0	0	0	
5.2484969877e+01	85	3	226	2	1	499	500	0	500	500	500	0	0	0	
5.2997065128e+01	85	5	228	1	2	498	500	0	500	500	500	0	0	0	
5.3499728063e+01	87	3	229	2	4	496	500	0	500	500	500	0	0	0	
5.3999740033e+01	86	7	228	4	4	496	500	0	500	500	500	0	0	0	
5.4490336935e+01	87	7	233	3	1	499	500	0	500	500	500	0	0	0	
5.4988369778e+01	90	4	235	4	3	497	500	0	500	500	500	0	0	0	
5.5454764138e+01	91	3	238	1	4	496	500	0	500	500	500	0	0	0	
5.5982460549e+01	91	3	237	1	0	500	500	0	500	500	500	0	0	0	
5.6488368149e+01	91	3	236	3	1	499	500	0	500	500	500	0	0	0	
5.6984123790e+01	92	2	241	1	2	498	500	0	500	500	500	0	0	0	
5.7487134433e+01	92	2	242	0	2	498	500	0	500	500	500	0	0	0	
5.7964243310e+01	91	4	243	3	2	498	500	0	500	500	500	0	0	0	
5.8498815408e+01	92	4	244	4	3	497	500	0	500	500	500	0	0	0	
5.8991106702e+01	93	4	249	4	3	497	500	0	500	500	500	0	0	0	
5.9478585613e+01	94	4	253	1	3	497	500	0	500	500	500	0	0	0	
5.9990693281e+01	94	5	253	3	4	496	500	0	500	500	500	0	0	0	
6.0489768531e+01	95	4	251	6	4	496	500	0	500	500	500	0	0	0	
6.0981022269e+01	95	4	254	4	3	497	500	0	500	500	500	0	0	0	
6.1481227359e+01	94	7	249	7	2	498	500	0	500	500	500	0	0	0	
6.1996961006e+01	94	9	255	4	5	495	500	0	500	500	500	0	0	0	
6.2477525329e+01	95	8	254	6	5	495	500	0	500	500	500	0	0	0	
6.2992958482e+01	96	7	251	8	3	497	500	0	500	500	500	0	0	0	
6.3496199242e+01	97	6	258	4	4	496	500	0	500	500	500	0	0	0	
6.3926825894e+01	98	8	263	1	5	495	500	0	500	500	500	0	0	0	
6.4450297568e+01	99	8	260	6	3	497	500	0	500	500	500	0	0	0	
6.4951975878e+01	104	4	260	6	2	498	500	0	500	500	500	0	0	0	
6.5496217692e+01	104	6	263	3	1	499	500	0	500	500	500	0	0	0	
6.5983204208e+01	104	6	266	5	2	498	500	0	500	500	500	0	0	0	
6.6493829827e+01	105	5	265	9	1	499	500	0	500	500	500	0	0	0	
6.6986377432e+01	107	4	271	3	0	500	500	0	500	500	500	0	0	0	
6.7451020350e+01	108	4	269	5	0	500	500	0	500	500	500	0	0	0	
6.7963206394e+01	107	4	273	4	2	498	500	0	500	500	500	0	0	0	
6.8499260338e+01	109	3	279	1	1	499	500	0	500	500	500	0	0	0	
6.8996455094e+01	110	4	276	4	3	497	500	0	500	500	500	0	0	0	
6.9495922096e+01	110	7	280	2	3	497	500	0	500	500	500	0	0	0	
6.9994204146e+01	111	6	277	6	3	497	500	0	500	500	500	0	0	0	
7.0495568918e+01	112	7	284	2	3	497	500	0	500	500	500	0	0	0	
7.0968451821e+01	112	7	285	1	3	497	500	0	500	500	500	0	0	0	
7.1497874780e+01	114	6	280	5	7	493	500	0	500	500	500	0	0	0	
7.1982543323e+01	116	4	283	3	3	497	500	0	500	500	500	0	0	0	
7.2458745634e+01	117	3	282	6	1	499	500	0	500	500	500	0	0	0	
7.2966002256e+01	118	6	283	8	2	498	500	0	500	500	500	0	0	0	
7.3479603265e+01	119	6	291	3	4	496	500	0	500	500	500	0	0	0	
7.3995954163e+01	120	7	286	4	5	495	500	0	500	500	500	0	0	0	
7.4498832574e+01	120	9	283	9	3	497	500	0	500	500	500	0	0	0	
7.4999457529e+01	123	7	282	9	3	497	500	0	500	500	500	0	0	0	
7.5497740990e+01	126	6	288	2	2	498	500	0	500	500	500	0	0	0	
7.5989398280e+01	128	4	288	3	3	497	500	0	500	500	500	0	0	0	
7.6460942318e+01	129	4	290	2	2	498	500	0	500	500	500	0	0	0	
7.6969875897e+01	129	5	288	7	0	500	500	0	500	500	500	0	0	0	
7.7489372195e+01	130	6	292	1	2	498	500	0	500	500	500	0	0	0	
7.7979806841e+01	133	3	285	6	1	499	500	0	500	500	500	0	0	0	
7.8456393499e+01	133	3	284	6	2	498	500	0	500	500	500	0	0	0	
7.8989871541e+01	135	3	289	2	2	498	500	0	500	500	500	0	0	0	
7.9488224118e+01	136	4	286	5	2	498	500	0	500	500	500	0	0	0	
7.9991941136e+01	137	4	288	3	2	498	500	0	500	500	500	0	0	0	
8.0499307154e+01	138	3	290	1	1	499	500	0	500	500	500	0	0	0	
8.0981247143e+01	139	3	290	2	2	498	500	0	500	500	500	0	0	0	
8.1457138654e+01	140	2	294	2	1	499	500	0	500	500	500	0	0	0	
8.1991168473e+01	141	2	294	2	3	497	500	0	500	500	500	0	0	0	
8.2473960370e+01	141	2	298	0	0	500	500	0	500	500	500	0	0	0	
8.2975109931e+01	141	3	297	3	5	495	500	0	500	500	500	0	0	0	
8.3468934821e+01	141	4	299	1	1	499	500	0	500	500	500	0	0	0	
8.3993334747e+01	143	2	301	2	3	497	500	0	500	500	500	0	0	0	
8.4481907575e+01	143	2	303	4	1	499	500	0	500	500	500	0	0	0	
8.4980504483e+01	144	4	307	2	3	497	500	0	500	500	500	0	0	0	
8.5491423139e+01	144	4	305	6	5	495	500	0	500	500	500	0	0	0	
8.5983500545e+01	146	6	308	6	4	496	500	0	500	500	500	0	0	0	
8.6480429104e+01	146	8	308	5	4	496	500	0	500	500	500	0	0	0	
8.6971672471e+01	147	9	311	3	3	497	500	0	500	500	500	0	0	0	
8.7494344056e+01	149	8	309	7	5	495	500	0	500	500	500	0	0	0	
8.7997363666e+01	149	11	308	9	4	496	500	0	500	500	500	0	0	0	
8.8498792326e+01	151	9	303	15	4	496	500	0	500	500	500	0	0	0	
8.8967107003e+01	152	11	308	11	4	496	500	0	500	500	500	0	0	0	
8.9495218978e+01	157	7	310	10	0	500	500	0	500	500	500	0	0	0	
8.9987742830e+01	158	5	315	8	3	497	500	0	500	500	500	0	0	0	
9.0497941218e+01	159	5	317	5	1	499	500	0	500	500	500	0	0	0	
9.0984612239e+01	160	5	316	4	5	495	500	0	500	500	500	0	0	0	
9.1480152575e+01	163	2	317	2	2	498	500	0	500	500	500	0	0	0	
9.1992155441e+01	163	3	317	3	1	499	500	0	500	500	500	0	0	0	
9.2493220978e+01	164	5	316	5	2	498	500	0	500	500	500	0	0	0	
9.2997221886e+01	164	5	319	5	3	497	500	0	500	500	500	0	0	0	
9.3454364288e+01	166	4	322	5	2	498	500	0	500	500	500	0	0	0	
9.3986763726e+01	165	4	327	1	3	497	500	0	500	500	500	0	0	0	
9.4494493140e+01	165	4	325	3	2	498	500	0	500	500	500	0	0	0	
9.4974938802e+01	165	5	322	5	2	498	500	0	500	500	500	0	0	0	
9.5498496873e+01	164	8	321	8	5	495	500	0	500	500	500	0	0	0	
9.5992899027e+01	168	7	320	11	3	497	500	0	500	500	500	0	0	0	
9.6495524866e+01	167	8	328	9	4	496	500	0	500	500	500	0	0	0	
9.6995245786e+01	168	7	330	7	1	499	500	0	500	500	500	0	0	0	
9.7497003647e+01	168	8	335	5	3	497	500	0	500	500	500	0	0	0	
9.7999401257e+01	169	8	333	8	5	495	500	0	500	500	500	0	0	0	
9.8499399642e+01	172	6	334	5	5	495	500	0	500	500	500	0	0	0	
9.8995480078e+01	171	9	337	4	5	495	500	0	500	500	500	0	0	0	
9.9486060592e+01	172	11	334	12	5	495	500	0	500	500	500	0	0	0	
9.9988183014e+01	174	9	339	9	2	498	500	0	500	500	500	0	0	0	
1.0049910231e+02	176	7	339	10	7	493	500	0	500	500	500	0	0	0	
1.0093733291e+02	176	7	340	6	3	497	500	0	500	500	500	0	0	0	
1.0149808469e+02	178	6	341	5	3	497	500	0	500	500	500	0	0	0	
1.0199343484e+02	179	8	342	5	2	498	500	0	500	500	500	0	0	0	
1.0247562080e+02	180	8	342	7	2	498	500	0	500	500	500	0	0	0	
1.0299634417e+02	181	8	341	7	3	497	500	0	500	500	500	0	0	0	
1.0349313213e+02	182	10	344	5	5	495	500	0	500	500	500	0	0	0	
1.0399853152e+02	183	9	342	10	6	494	500	0	500	500	500	0	0	0	
1.0449735664e+02	185	5	345	7	5	495	500	0	500	500	500	0	0	0	
1.0497883920e+02	188	2	347	7	4	496	500	0	500	500	500	0	0	0	
1.0548999700e+02	187	3	352	6	4	496	500	0	500	500	500	0	0	0	
1.0599820049e+02	188	4	349	10	0	500	500	0	500	500	500	0	0	0	
1.0643143689e+02	188	5	348	8	0	500	500	0	500	500	500	0	0	0	
1.0699742856e+02	187	5	351	4	2	498	500	0	500	500	500	0	0	0	
1.0749429355e+02	187	6	351	3	4	496	500	0	500	500	500	0	0	0	
1.0799586292e+02	188	8	347	8	4	496	500	0	500	500	500	0	0	0	
1.0849994525e+02	190	7	353	7	2	498	500	0	500	500	500	0	0	0	
1.0898817160e+02	191	6	356	6	2	498	500	0	500	500	500	0	0	0	
1.0949309857e+02	192	5	358	5	4	496	500	0	500	500	500	0	0	0	
1.0999249613e+02	192	6	358	5	4	496	500	0	500	500	500	0	0	0	
1.1049534033e+02	193	5	358	5	3	497	500	0	500	500	500	0	0	0	
1.1098541639e+02	194	5	362	2	2	498	500	0	500	500	500	0	0	0	
1.1149249746e+02	196	5	362	1	1	499	500	0	500	500	500	0	0	0	
1.1199644791e+02	195	7	356	5	2	498	500	0	500	500	500	0	0	0	
1.1248490003e+02	197	7	358	4	4	496	500	0	500	500	500	0	0	0	
1.1299532029e+02	200	5	364	1	3	497	500	0	500	500	500	0	0	0	
1.1349278391e+02	199	8	360	6	1	499	500	0	500	500	500	0	0	0	
1.1399560577e+02	199	7	360	6	0	500	500	0	500	500	500	0	0	0	
1.1446669430e+02	200	7	358	6	3	497	500	0	500	500	500	0	0	0	
1.1492335736e+02	199	8	358	6	1	499	500	0	500	500	500	0	0	0	
1.1548940823e+02	202	5	357	7	5	495	500	0	500	500	500	0	0	0	
1.1599961726e+02	205	7	356	5	5	495	500	0	500	500	500	0	0	0	
1.1649674941e+02	205	7	353	5	3	497	500	0	500	500	500	0	0	0	
1.1699773977e+02	208	5	356	5	7	493	500	0	500	500	500	0	0	0	
1.1748967652e+02	209	4	355	6	0	500	500	0	500	500	500	0	0	0	
1.1799051752e+02	208	5	355	8	3	497	500	0	500	500	500	0	0	0	
1.1848799946e+02	208	5	359	3	2	498	500	0	500	500	500	0	0	0	
1.1898951704e+02	208	7	358	6	0	500	500	0	500	500	500	0	0	0	
1.1948471369e+02	209	6	362	4	6	494	500	0	500	500	500	0	0	0	
1.1997803202e+02	211	5	364	5	4	496	500	0	500	500	500	0	0	0	
1.2048829179e+02	209	7	358	8	1	499	500	0	500	500	500	0	0	0	
1.2099520550e+02	210	8	361	6	8	492	500	0	500	500	500	0	0	0	
1.2149873295e+02	210	10	359	12	3	497	500	0	500	500	500	0	0	0	
1.2199083333e+02	211	9	368	6	11	489	500	0	500	500	500	0	0	0	
1.2248962468e+02	213	8	364	15	6	494	500	0	500	500	500	0	0	0	
1.2296942894e+02	214	7	360	15	2	498	500	0	500	500	500	0	0	0	
1.2349884994e+02	214	8	368	8	1	499	500	0	500	500	500	0	0	0	
1.2398300011e+02	216	6	365	11	2	498	500	0	500	500	500	0	0	0	
1.2446893886e+02	220	4	371	6	1	499	500	0	500	500	500	0	0	0	
1.2494898069e+02	220	4	376	3	2	498	500	0	500	500	500	0	0	0	
1.2547542520e+02	219	7	379	6	4	496	500	0	500	500	500	0	0	0	
1.2599751712e+02	220	6	380	6	5	495	500	0	500	500	500	0	0	0	
1.2646363919e+02	225	2	385	4	3	497	500	0	500	500	500	0	0	0	
1.2696735112e+02	227	1	389	0	2	498	500	0	500	500	500	0	0	0	
1.2749348729e+02	227	2	391	0	4	496	500	0	500	500	500	0	0	0	
1.2798136135e+02	226	3	387	3	0	500	500	0	500	500	500	0	0	0	
1.2849904551e+02	227	2	390	3	3	497	500	0	500	500	500	0	0	0	
1.2899832045e+02	227	2	389	3	1	499	500	0	500	500	500	0	0	0	
1.2946084314e+02	228	1	391	1	3	497	500	0	500	500	500	0	0	0	
1.2991012602e+02	228	2	395	1	1	499	500	0	500	500	500	0	0	0	
1.3048869110e+02	229	2	394	2	3	497	500	0	500	500	500	0	0	0	
1.3099782985e+02	229	4	398	1	1	499	500	0	500	500	500	0	0	0	
1.3149002072e+02	230	3	397	2	0	500	500	0	500	500	500	0	0	0	
1.3198725988e+02	230	3	397	2	2	498	500	0	500	500	500	0	0	0	
1.3249856892e+02	230	1	393	3	1	499	500	0	500	500	500	0	0	0	
1.3295341622e+02	230	2	393	3	1	499	500	0	500	500	500	0	0	0	
1.3349605587e+02	229	3	390	6	3	497	500	0	500	500	500	0	0	0	
1.3398417167e+02	231	4	392	3	4	496	500	0	500	500	500	0	0	0	
1.3448287651e+02	233	3	393	2	0	500	500	0	500	500	500	0	0	0	
1.3497061627e+02	233	5	390	4	0	500	500	0	500	500	500	0	0	0	
1.3546566539e+02	235	4	392	5	0	500	500	0	500	500	500	0	0	0	
1.3599603133e+02	235	4	393	3	4	496	500	0	500	500	500	0	0	0	
1.3648982522e+02	234	6	397	3	2	498	500	0	500	500	500	0	0	0	
1.3697894590e+02	233	8	400	5	3	497	500	0	500	500	500	0	0	0	
1.3749911045e+02	234	9	398	6	4	496	500	0	500	500	500	0	0	0	
1.3798413262e+02	237	7	396	6	4	496	500	0	500	500	500	0	0	0	
1.3848729466e+02	238	7	392	11	1	499	500	0	500	500	500	0	0	0	
1.3899561150e+02	242	4	391	10	3	497	500	0	500	500	500	0	0	0	
1.3948266972e+02	244	1	398	4	2	498	500	0	500	500	500	0	0	0	
1.3999613798e+02	244	2	397	7	3	497	500	0	500	500	500	0	0	0	
1.4049174181e+02	245	3	397	8	0	500	500	0	500	500	500	0	0	0	
1.4097583907e+02	245	4	403	2	4	496	500	0	500	500	500	0	0	0	
1.4145464487e+02	245	5	404	2	2	498	500	0	500	500	500	0	0	0	
1.4199782122e+02	244	7	401	8	4	496	500	0	500	500	500	0	0	0	
1.4249306037e+02	246	5	402	4	0	500	500	0	500	500	500	0	0	0	
1.4299445081e+02	248	4	399	8	1	499	500	0	500	500	500	0	0	0	
1.4343986344e+02	247	5	401	8	0	500	500	0	500	500	500	0	0	0	
1.4399925026e+02	248	4	404	6	0	500	500	0	500	500	500	0	0	0	
1.4447901224e+02	248	4	411	2	3	497	500	0	500	500	500	0	0	0	
1.4499696261e+02	248	4	414	3	0	500	500	0	500	500	500	0	0	0	
1.4549990980e+02	249	4	413	7	0	500	500	0	500	500	500	0	0	0	
1.4598591015e+02	249	3	414	4	1	499	500	0	500	500	500	0	0	0	
1.4647727864e+02	249	3	409	6	3	497	500	0	500	500	500	0	0	0	
1.4698733205e+02	249	4	409	7	2	498	500	0	500	500	500	0	0	0	
1.4747632700e+02	250	3	411	6	3	497	500	0	500	500	500	0	0	0	
1.4799068002e+02	252	1	414	2	4	496	500	0	500	500	500	0	0	0	
1.4849943166e+02	251	2	417	0	2	498	500	0	500	500	500	0	0	0	
1.4899866961e+02	252	1	414	1	1	499	500	0	500	500	500	0	0	0	
1.4948353584e+02	253	1	412	1	3	497	500	0	500	500	500	0	0	0	
1.4990980909e+02	253	3	412	4	1	499	500	0	500	500	500	0	0	0	
1.5048990963e+02	253	4	411	4	4	496	500	0	500	500	500	0	0	0	
1.5098409836e+02	252	7	411	5	1	499	500	0	500	500	500	0	0	0	
1.5148672056e+02	254	5	415	2	3	497	500	0	500	500	500	0	0	0	
1.5198425816e+02	254	6	411	2	6	494	500	0	500	500	500	0	0	0	
1.5247171730e+02	257	3	412	5	3	497	500	0	500	500	500	0	0	0	
1.5299970050e+02	258	2	412	5	1	499	500	0	500	500	500	0	0	0	
1.5347342718e+02	258	2	420	2	2	498	500	0	500	500	500	0	0	0	
1.5396132512e+02	258	4	423	1	0	500	500	0	500	500	500	0	0	0	
1.5449677834e+02	259	3	421	3	2	498	500	0	500	500	500	0	0	0	
1.5496268012e+02	259	5	423	2	0	500	500	0	500	500	500	0	0	0	
1.5548659220e+02	260	5	421	4	2	498	500	0	500	500	500	0	0	0	
1.5596271756e+02	260	7	422	5	4	496	500	0	500	500	500	0	0	0	
1.5648218256e+02	259	9	413	14	6	494	500	0	500	500	500	0	0	0	
1.5698554133e+02	258	10	406	16	3	497	500	0	500	500	500	0	0	0	
1.5749870646e+02	260	9	405	16	10	490	500	0	500	500	500	0	0	0	
1.5799789921e+02	262	7	412	10	1	499	500	0	500	500	500	0	0	0	
1.5849074376e+02	262	7	410	9	3	497	500	0	500	500	500	0	0	0	
1.5897422244e+02	265	5	415	5	4	496	500	0	500	500	500	0	0	0	
1.5949880450e+02	265	5	417	2	6	494	500	0	500	500	500	0	0	0	
1.5999174723e+02	266	4	413	7	2	498	500	0	500	500	500	0	0	0	
1.6047445730e+02	266	5	416	6	5	495	500	0	500	500	500	0	0	0	
1.6098391665e+02	268	3	416	3	1	499	500	0	500	500	500	0	0	0	
1.6149912340e+02	267	4	418	2	1	499	500	0	500	500	500	0	0	0	
1.6197734446e+02	268	3	417	3	4	496	500	0	500	500	500	0	0	0	
1.6247688938e+02	269	2	419	2	3	497	500	0	500	500	500	0	0	0	
1.6295153683e+02	271	1	421	1	0	500	500	0	500	500	500	0	0	0	
1.6347896700e+02	271	2	420	3	0	500	500	0	500	500	500	0	0	0	
1.6398846987e+02	272	2	418	6	2	498	500	0	500	500	500	0	0	0	
1.6449991986e+02	272	4	421	4	4	496	500	0	500	500	500	0	0	0	
1.6498875478e+02	273	4	424	3	0	500	500	0	500	500	500	0	0	0	
1.6549909435e+02	274	4	419	6	2	498	500	0	500	500	500	0	0	0	
1.6599890762e+02	274	4	421	6	1	499	500	0	500	500	500	0	0	0	
1.6647949288e+02	275	6	424	7	4	496	500	0	500	500	500	0	0	0	
1.6699625411e+02	276	7	429	4	2	498	500	0	500	500	500	0	0	0	
1.6748830861e+02	278	7	423	10	7	493	500	0	500	500	500	0	0	0	
1.6799595787e+02	278	6	419	14	3	497	500	0	500	500	500	0	0	0	
1.6847331251e+02	280	4	430	6	5	495	500	0	500	500	500	0	0	0	
1.6896718380e+02	280	4	429	3	3	497	500	0	500	500	500	0	0	0	
1.6948505267e+02	281	3	431	1	2	498	500	0	500	500	500	0	0	0	
1.6994360816e+02	280	3	432	1	2	498	500	0	500	500	500	0	0	0	
1.7049629437e+02	279	3	423	12	4	496	500	0	500	500	500	0	0	0	
1.7099626479e+02	279	3	435	3	7	493	500	0	500	500	500	0	0	0	
1.7148393223e+02	279	3	432	4	6	494	500	0	500	500	500	0	0	0	
1.7199531234e+02	279	4	434	6	5	495	500	0	500	500	500	0	0	0	
1.7249731464e+02	280	8	435	8	4	496	500	0	500	500	500	0	0	0	
1.7298429961e+02	281	8	431	11	8	492	500	0	500	500	500	0	0	0	
1.7349999296e+02	281	9	428	12	6	494	500	0	500	500	500	0	0	0	
1.7398687103e+02	283	7	437	6	5	495	500	0	500	500	500	0	0	0	
1.7449126843e+02	283	9	434	5	6	494	500	0	500	500	500	0	0	0	
1.7499611245e+02	285	7	431	7	3	497	500	0	500	500	500	0	0	0	
1.7549453396e+02	287	5	434	4	2	498	500	0	500	500	500	0	0	0	
1.7595967841e+02	286	7	432	10	4	496	500	0	500	500	500	0	0	0	
1.7649666879e+02	287	5	439	7	6	494	500	0	500	500	500	0	0	0	
1.7699596300e+02	288	4	443	4	3	497	500	0	500	500	500	0	0	0	
1.7744588173e+02	289	3	446	4	2	498	500	0	500	500	500	0	0	0	
1.7799111524e+02	290	3	450	1	4	496	500	0	500	500	500	0	0	0	
1.7848464284e+02	290	5	451	4	4	496	500	0	500	500	500	0	0	0	
1.7898329544e+02	291	5	447	6	2	498	500	0	500	500	500	0	0	0	
1.7948132970e+02	292	6	446	8	4	496	500	0	500	500	500	0	0	0	
1.7999895435e+02	294	4	454	5	2	498	500	0	500	500	500	0	0	0	
1.8049823497e+02	295	3	453	6	4	496	500	0	500	500	500	0	0	0	
1.8098113392e+02	295	3	459	5	2	498	500	0	500	500	500	0	0	0	
1.8147220876e+02	293	5	456	8	1	499	500	0	500	500	500	0	0	0	
1.8199501465e+02	294	4	459	6	4	496	500	0	500	500	500	0	0	0	
1.8249688725e+02	296	2	464	2	3	497	500	0	500	500	500	0	0	0	
1.8298590273e+02	296	5	465	1	3	497	500	0	500	500	500	0	0	0	
1.8349887721e+02	298	3	464	5	2	498	500	0	500	500	500	0	0	0	
1.8399577892e+02	298	4	467	3	2	498	500	0	500	500	500	0	0	0	
1.8449688000e+02	298	4	469	3	3	497	500	0	500	500	500	0	0	0	
1.8498710038e+02	298	4	467	5	4	496	500	0	500	500	500	0	0	0	
1.8547675442e+02	295	7	467	4	1	499	500	0	500	500	500	0	0	0	
1.8598734482e+02	295	9	465	8	4	496	500	0	500	500	500	0	0	0	
1.8649778680e+02	299	5	468	6	1	499	500	0	500	500	500	0	0	0	
1.8698052276e+02	299	5	468	8	0	500	500	0	500	500	500	0	0	0	
1.8749301276e+02	303	3	473	4	2	498	500	0	500	500	500	0	0	0	
1.8799513978e+02	303	3	477	4	1	499	500	0	500	500	500	0	0	0	
1.8849726060e+02	303	3	473	3	1	499	500	0	500	500	500	0	0	0	
1.8898838369e+02	301	4	470	4	3	497	500	0	500	500	500	0	0	0	
1.8949801659e+02	301	8	475	2	5	495	500	0	500	500	500	0	0	0	
1.8997441551e+02	303	6	475	4	1	499	500	0	500	500	500	0	0	0	
1.9048515859e+02	304	5	476	3	3	497	500	0	500	500	500	0	0	0	
1.9098360432e+02	305	4	476	4	1	499	500	0	500	500	500	0	0	0	
1.9148839724e+02	306	4	476	5	2	498	500	0	500	500	500	0	0	0	
1.9197999666e+02	306	6	482	4	3	497	500	0	500	500	500	0	0	0	
1.9249452549e+02	305	8	475	11	4	496	500	0	500	500	500	0	0	0	
1.9299851847e+02	304	9	466	17	7	493	500	0	500	500	500	0	0	0	
1.9349561469e+02	304	10	468	12	6	494	500	0	500	500	500	0	0	0	
1.9399846471e+02	306	7	469	6	9	491	500	0	500	500	500	0	0	0	
1.9449827895e+02	306	8	470	7	3	497	500	0	500	500	500	0	0	0	
1.9499356746e+02	307	9	476	4	3	497	500	0	500	500	500	0	0	0	
1.9549485582e+02	307	8	473	8	5	495	500	0	500	500	500	0	0	0	
1.9598194626e+02	309	6	479	3	5	495	500	0	500	500	500	0	0	0	
1.9646431616e+02	310	6	475	7	4	496	500	0	500	500	500	0	0	0	
1.9699880549e+02	310	7	478	7	4	496	500	0	500	500	500	0	0	0	
1.9745341893e+02	310	7	480	5	2	498	500	0	500	500	500	0	0	0	
1.9797799793e+02	312	5	483	4	2	498	500	0	500	500	500	0	0	0	
1.9849314934e+02	313	4	486	4	1	499	500	0	500	500	500	0	0	0	
1.9899983969e+02	313	7	486	4	6	494	500	0	500	500	500	0	0	0	
1.9949788188e+02	314	7	484	6	2	498	500	0	500	500	500	0	0	0	
1.9999827589e+02	316	5	487	5	5	495	500	0	500	500	500	0	0	0	
2.0049957514e+02	315	9	488	8	7	493	500	0	500	500	500	0	0	0	
2.0098831992e+02	315	11	487	10	4	496	500	0	500	500	500	0	0	0	
2.0147815948e+02	316	12	493	5	5	495	500	0	500	500	500	0	0	0	
2.0199416688e+02	319	10	491	10	4	496	500	0	500	500	500	0	0	0	
2.0249747931e+02	321	8	497	6	6	494	500	0	500	500	500	0	0	0	
2.0298842253e+02	323	6	493	6	3	497	500	0	500	500	500	0	0	0	
2.0349862006e+02	324	7	495	3	1	499	500	0	500	500	500	0	0	0	
2.0398635212e+02	325	7	498	2	4	496	500	0	500	500	500	0	0	0	
2.0443587373e+02	327	5	500	4	5	495	500	0	500	500	500	0	0	0	
2.0497906450e+02	327	6	493	7	2	498	500	0	500	500	500	0	0	0	
2.0544885396e+02	326	6	495	6	2	498	500	0	500	500	500	0	0	0	
2.0599844419e+02	327	6	493	9	3	497	500	0	500	500	500	0	0	0	
2.0649970599e+02	330	6	494	7	2	498	500	0	500	500	500	0	0	0	
2.0695940498e+02	334	5	493	7	8	492	500	0	500	500	500	0	0	0	
2.0748236303e+02	335	7	500	2	4	496	500	0	500	500	500	0	0	0	
2.0796449827e+02	335	6	496	4	4	496	500	0	500	500	500	0	0	0	
2.0848880805e+02	337	4	495	5	2	498	500	0	500	500	500	0	0	0	
2.0897624776e+02	338	4	500	1	3	497	500	0	500	500	500	0	0	0	
2.0946731345e+02	337	4	495	2	2	498	500	0	500	500	500	0	0	0	
2.0999061792e+02	336	4	492	6	1	499	500	0	500	500	500	0	0	0	
2.1049768318e+02	336	4	488	7	3	497	500	0	500	500	500	0	0	0	
2.1098841382e+02	332	7	487	7	2	498	500	0	500	500	500	0	0	0	
2.1148380772e+02	336	5	487	5	1	499	500	0	500	500	500	0	0	0	
2.1198670555e+02	338	5	489	5	3	497	500	0	500	500	500	0	0	0	
2.1247169545e+02	339	4	494	2	3	497	500	0	500	500	500	0	0	0	
2.1298018241e+02	338	7	498	2	3	497	500	0	500	500	500	0	0	0	
2.1347039963e+02	340	7	501	1	0	500	500	0	500	500	500	0	0	0	
2.1398980038e+02	340	7	500	6	2	498	500	0	500	500	500	0	0	0	
2.1448904960e+02	339	9	498	8	7	493	500	0	500	500	500	0	0	0	
2.1499895674e+02	339	10	498	9	7	493	500	0	500	500	500	0	0	0	
2.1548623286e+02	343	8	497	9	5	495	500	0	500	500	500	0	0	0	
2.1599936107e+02	342	8	502	8	4	496	500	0	500	500	500	0	0	0	
2.1649558058e+02	342	9	502	9	2	498	500	0	500	500	500	0	0	0	
2.1699822262e+02	344	8	506	4	2	498	500	0	500	500	500	0	0	0	
2.1749626346e+02	345	7	503	7	2	498	500	0	500	500	500	0	0	0	
2.1799862090e+02	348	5	498	8	6	494	500	0	500	500	500	0	0	0	
2.1848177334e+02	346	8	502	5	1	499	500	0	500	500	500	0	0	0	
2.1897837346e+02	347	9	502	4	2	498	500	0	500	500	500	0	0	0	
2.1949780619e+02	346	11	496	10	2	498	500	0	500	500	500	0	0	0	
2.1996848971e+02	345	12	491	13	7	493	500	0	500	500	500	0	0	0	
2.2049744831e+02	346	12	496	6	3	497	500	0	500	500	500	0	0	0	
2.2095853957e+02	348	12	503	4	1	499	500	0	500	500	500	0	0	0	
2.2149522500e+02	349	10	501	7	6	494	500	0	500	500	500	0	0	0	
2.2196899126e+02	350	8	498	9	5	495	500	0	500	500	500	0	0	0	
2.2249566313e+02	353	5	502	6	7	493	500	0	500	500	500	0	0	0	
2.2299813026e+02	353	4	494	9	4	496	500	0	500	500	500	0	0	0	
2.2349699884e+02	351	5	492	8	3	497	500	0	500	500	500	0	0	0	
2.2398005057e+02	350	5	493	3	3	497	500	0	500	500	500	0	0	0	
2.2446212331e+02	349	6	493	1	3	497	500	0	500	500	500	0	0	0	
2.2498602402e+02	351	5	490	3	2	498	500	0	500	500	500	0	0	0	
2.2549408077e+02	352	5	492	3	1	499	500	0	500	500	500	0	0	0	
2.2594894995e+02	352	5	493	3	1	499	500	0	500	500	500	0	0	0	
2.2646665809e+02	351	6	492	3	2	498	500	0	500	500	500	0	0	0	
2.2699893295e+02	352	5	492	4	7	493	500	0	500	500	500	0	0	0	
2.2748331532e+02	354	4	494	3	4	496	500	0	500	500	500	0	0	0	
2.2799010541e+02	352	4	490	7	3	497	500	0	500	500	500	0	0	0	
2.2849367843e+02	352	3	491	7	2	498	500	0	500	500	500	0	0	0	
2.2896226340e+02	351	4	494	5	1	499	500	0	500	500	500	0	0	0	
2.2948411618e+02	350	7	495	4	1	499	500	0	500	500	500	0	0	0	
2.2999634736e+02	348	9	490	9	4	496	500	0	500	500	500	0	0	0	
2.3049828539e+02	351	9	485	14	7	493	500	0	500	500	500	0	0	0	
2.3099987607e+02	351	10	489	9	5	495	500	0	500	500	500	0	0	0	
2.3149979980e+02	352	10	489	8	3	497	500	0	500	500	500	0	0	0	
2.3197446871e+02	356	6	489	7	6	494	500	0	500	500	500	0	0	0	
2.3248792469e+02	359	3	492	4	2	498	500	0	500	500	500	0	0	0	
2.3299792182e+02	356	8	485	10	2	498	500	0	500	500	500	0	0	0	
2.3349943485e+02	359	6	489	5	1	499	500	0	500	500	500	0	0	0	
2.3399181840e+02	362	4	484	5	2	498	500	0	500	500	500	0	0	0	
2.3449273975e+02	364	2	485	3	2	498	500	0	500	500	500	0	0	0	
2.3499930563e+02	365	3	484	3	1	499	500	0	500	500	500	0	0	0	
2.3549779145e+02	366	3	477	6	3	497	500	0	500	500	500	0	0	0	
2.3598450394e+02	366	4	479	4	3	497	500	0	500	500	500	0	0	0	
2.3649617386e+02	367	4	477	6	3	497	500	0	500	500	500	0	0	0	
2.3697751029e+02	368	5	480	5	3	497	500	0	500	500	500	0	0	0	
2.3749345495e+02	367	6	477	10	3	497	500	0	500	500	500	0	0	0	
2.3799326120e+02	368	8	480	8	5	495	500	0	500	500	500	0	0	0	
2.3849281221e+02	367	10	488	3	5	495	500	0	500	500	500	0	0	0	
2.3899924676e+02	368	11	481	6	5	495	500	0	500	500	500	0	0	0	
2.3949910537e+02	371	8	481	7	7	493	500	0	500	500	500	0	0	0	
2.3998992582e+02	370	8	478	12	2	498	500	0	500	500	500	0	0	0	
2.4049721797e+02	371	8	482	7	7	493	500	0	500	500	500	0	0	0	
2.4098296494e+02	374	8	486	6	2	498	500	0	500	500	500	0	0	0	
2.4149781744e+02	375	7	485	8	2	498	500	0	500	500	500	0	0	0	
2.4199331995e+02	373	7	479	13	4	496	500	0	500	500	500	0	0	0	
2.4247753396e+02	375	7	487	5	3	497	500	0	500	500	500	0	0	0	
2.4299790032e+02	375	7	486	6	4	496	500	0	500	500	500	0	0	0	
2.4349954722e+02	374	10	481	10	7	493	500	0	500	500	500	0	0	0	
2.4399658688e+02	374	12	479	12	14	486	500	0	500	500	500	0	0	0	
2.4449312053e+02	376	10	481	11	4	496	500	0	500	500	500	0	0	0	
2.4497458999e+02	375	11	475	14	3	497	500	0	500	500	500	0	0	0	
2.4547988033e+02	379	7	477	10	5	495	500	0	500	500	500	0	0	0	
2.4598893881e+02	379	10	479	8	9	491	500	0	500	500	500	0	0	0	
2.4648584995e+02	380	11	479	10	7	493	500	0	500	500	500	0	0	0	
2.4699947288e+02	377	13	480	10	6	494	500	0	500	500	500	0	0	0	
2.4746111846e+02	378	12	477	14	4	496	500	0	500	500	500	0	0	0	
2.4799784421e+02	381	9	482	10	5	495	500	0	500	500	500	0	0	0	
2.4848833345e+02	381	10	477	18	8	492	500	0	500	500	500	0	0	0	
2.4898440747e+02	381	12	481	13	8	492	500	0	500	500	500	0	0	0	
2.4949442982e+02	383	10	486	11	6	494	500	0	500	500	500	0	0	0	
2.4999013649e+02	386	8	489	6	2	498	500	0	500	500	500	0	0	0	
2.5046320830e+02	387	8	490	6	2	498	500	0	500	500	500	0	0	0	
2.5098233670e+02	388	11	489	6	2	498	500	0	500	500	500	0	0	0	
2.5149653758e+02	391	9	486	11	6	494	500	0	500	500	500	0	0	0	
2.5194794401e+02	391	8	485	12	5	495	500	0	500	500	500	0	0	0	
2.5249230606e+02	393	7	499	2	4	496	500	0	500	500	500	0	0	0	
2.5299350050e+02	395	6	495	7	4	496	500	0	500	500	500	0	0	0	
2.5349457387e+02	394	9	497	5	8	492	500	0	500	500	500	0	0	0	
2.5399796181e+02	395	7	487	11	5	495	500	0	500	500	500	0	0	0	
2.5447702046e+02	396	6	494	6	1	499	500	0	500	500	500	0	0	0	
2.5499489672e+02	397	6	492	8	5	495	500	0	500	500	500	0	0	0	
2.5547048262e+02	394	10	489	10	4	496	500	0	500	500	500	0	0	0	
2.5599792755e+02	397	8	491	9	6	494	500	0	500	500	500	0	0	0	
2.5646966790e+02	395	11	492	8	6	494	500	0	500	500	500	0	0	0	
2.5699854613e+02	396	10	488	11	9	491	500	0	500	500	500	0	0	0	
2.5749193894e+02	396	12	486	13	4	496	500	0	500	500	500	0	0	0	
2.5799124047e+02	397	12	490	10	4	496	500	0	500	500	500	0	0	0	
2.5848512971e+02	400	11	488	6	6	494	500	0	500	500	500	0	0	0	
2.5899888018e+02	401	10	487	8	10	490	500	0	500	500	500	0	0	0	
2.5949897861e+02	401	11	487	8	6	494	500	0	500	500	500	0	0	0	
2.5999642956e+02	400	13	488	7	4	496	500	0	500	500	500	0	0	0	
2.6047905199e+02	401	11	483	12	7	493	500	0	500	500	500	0	0	0	
2.6099203066e+02	401	12	482	12	5	495	500	0	500	500	500	0	0	0	
2.6148539086e+02	402	11	487	10	9	491	500	0	500	500	500	0	0	0	
2.6199856971e+02	399	15	480	15	9	491	500	0	500	500	500	0	0	0	
2.6249931615e+02	402	14	480	14	5	495	500	0	500	500	500	0	0	0	
2.6298702764e+02	404	12	480	11	11	489	500	0	500	500	500	0	0	0	
2.6347911801e+02	406	12	475	16	4	496	500	0	500	500	500	0	0	0	
2.6399347127e+02	406	12	479	12	8	492	500	0	500	500	500	0	0	0	
2.6449244324e+02	410	7	475	18	4	496	500	0	500	500	500	0	0	0	
2.6498593978e+02	411	8	473	22	3	497	500	0	500	500	500	0	0	0	
2.6548673542e+02	414	6	479	14	4	496	500	0	500	500	500	0	0	0	
2.6598916269e+02	414	7	484	9	6	494	500	0	500	500	500	0	0	0	
2.6647845007e+02	415	7	488	4	5	495	500	0	500	500	500	0	0	0	
2.6697612624e+02	416	8	487	3	7	493	500	0	500	500	500	0	0	0	
2.6748238295e+02	418	7	489	3	5	495	500	0	500	500	500	0	0	0	
2.6798679088e+02	418	7	490	5	2	498	500	0	500	500	500	0	0	0	
2.6845660685e+02	420	6	485	9	1	499	500	0	500	500	500	0	0	0	
2.6899664579e+02	420	6	488	9	6	494	500	0	500	500	500	0	0	0	
2.6949911535e+02	420	7	486	7	2	498	500	0	500	500	500	0	0	0	
2.6995526169e+02	419	7	486	7	1	499	500	0	500	500	500	0	0	0	
2.7048198912e+02	421	9	487	5	4	496	500	0	500	500	500	0	0	0	
2.7099786067e+02	422	8	487	4	10	490	500	0	500	500	500	0	0	0	
2.7149309802e+02	423	8	488	5	4	496	500	0	500	500	500	0	0	0	
2.7199564102e+02	423	8	491	4	2	498	500	0	500	500	500	0	0	0	
2.7249219779e+02	425	7	490	5	3	497	500	0	500	500	500	0	0	0	
2.7298498088e+02	430	3	493	3	2	498	500	0	500	500	500	0	0	0	
2.7349319421e+02	430	5	487	7	3	497	500	0	500	500	500	0	0	0	
2.7399621873e+02	433	3	486	11	6	494	500	0	500	500	500	0	0	0	
2.7449606105e+02	431	6	485	10	2	498	500	0	500	500	500	0	0	0	
2.7499049015e+02	431	7	484	14	4	496	500	0	500	500	500	0	0	0	
2.7549271388e+02	432	5	488	8	4	496	500	0	500	500	500	0	0	0	
2.7597607296e+02	433	6	489	5	6	494	500	0	500	500	500	0	0	0	
2.7649848219e+02	432	7	487	9	3	497	500	0	500	500	500	0	0	0	
2.7698666706e+02	432	6	491	8	6	494	500	0	500	500	500	0	0	0	
2.7749247741e+02	429	9	491	10	3	497	500	0	500	500	500	0	0	0	
2.7798588096e+02	431	8	488	12	5	495	500	0	500	500	500	0	0	0	
2.7849163883e+02	430	9	489	13	3	497	500	0	500	500	500	0	0	0	
2.7897515150e+02	434	6	495	6	4	496	500	0	500	500	500	0	0	0	
2.7947395721e+02	433	7	495	7	7	493	500	0	500	500	500	0	0	0	
2.7998590625e+02	432	8	496	9	2	498	500	0	500	500	500	0	0	0	
2.8047457954e+02	428	11	496	8	4	496	500	0	500	500	500	0	0	0	
2.8099971986e+02	430	11	488	14	7	493	500	0	500	500	500	0	0	0	
2.8149066476e+02	428	12	492	10	4	496	500	0	500	500	500	0	0	0	
2.8199772144e+02	428	12	493	10	4	496	500	0	500	500	500	0	0	0	
2.8249169082e+02	429	11	491	13	10	490	500	0	500	500	500	0	0	0	
2.8299868685e+02	431	9	497	6	6	494	500	0	500	500	500	0	0	0	
2.8348862313e+02	431	9	490	14	9	491	500	0	500	500	500	0	0	0	
2.8399709929e+02	433	8	497	8	4	496	500	0	500	500	500	0	0	0	
2.8449822230e+02	432	8	498	9	6	494	500	0	500	500	500	0	0	0	
2.8499217454e+02	432	11	497	11	4	496	500	0	500	500	500	0	0	0	
2.8549059103e+02	432	10	494	15	4	496	500	0	500	500	500	0	0	0	
2.8599384375e+02	431	11	493	16	5	495	500	0	500	500	500	0	0	0	
2.8649393429e+02	434	7	502	9	1	499	500	0	500	500	500	0	0	0	
2.8699575704e+02	432	11	501	11	4	496	500	0	500	500	500	0	0	0	
2.8748063772e+02	435	9	501	10	4	496	500	0	500	500	500	0	0	0	
2.8798488001e+02	436	9	498	9	6	494	500	0	500	500	500	0	0	0	
2.8849653147e+02	438	9	498	8	7	493	500	0	500	500	500	0	0	0	
2.8898609046e+02	437	10	500	6	6	494	500	0	500	500	500	0	0	0	
2.8949789071e+02	437	7	497	7	4	496	500	0	500	500	500	0	0	0	
2.8999305261e+02	439	6	502	5	5	495	500	0	500	500	500	0	0	0	
2.9048679595e+02	440	5	501	7	2	498	500	0	500	500	500	0	0	0	
2.9098517812e+02	440	5	498	7	2	498	500	0	500	500	500	0	0	0	
2.9147451205e+02	440	4	495	11	3	497	500	0	500	500	500	0	0	0	
2.9199032775e+02	440	7	492	9	1	499	500	0	500	500	500	0	0	0	
2.9249623529e+02	441	7	490	5	4	496	500	0	500	500	500	0	0	0	
2.9299507818e+02	443	7	485	8	5	495	500	0	500	500	500	0	0	0	
2.9347161955e+02	441	9	486	7	2	498	500	0	500	500	500	0	0	0	
2.9399732387e+02	442	8	482	12	4	496	500	0	500	500	500	0	0	0	
2.9449631765e+02	444	6	487	3	4	496	500	0	500	500	500	0	0	0	
2.9499825951e+02	443	7	478	13	5	495	500	0	500	500	500	0	0	0	
2.9548125483e+02	445	5	482	12	6	494	500	0	500	500	500	0	0	0	
2.9599568399e+02	447	4	491	5	4	496	500	0	500	500	500	0	0	0	
2.9649193918e+02	450	2	495	5	4	496	500	0	500	500	500	0	0	0	
2.9698976223e+02	450	1	493	7	0	500	500	0	500	500	500	0	0	0	
2.9749204469e+02	447	5	493	8	1	499	500	0	500	500	500	0	0	0	
2.9797717401e+02	447	5	493	7	2	498	500	0	500	500	500	0	0	0	
2.9849768463e+02	447	7	494	6	3	497	500	0	500	500	500	0	0	0	
2.9897804791e+02	450	6	488	7	3	497	500	0	500	500	500	0	0	0	
2.9949842041e+02	451	7	483	12	4	496	500	0	500	500	500	0	0	0	
2.9999969498e+02	451	6	484	12	7	493	500	0	500	500	500	0	0	0	
3.0047899377e+02	452	5	492	4	3	497	500	0	500	500	500	0	0	0	
3.0098819647e+02	451	6	492	7	6	494	500	0	500	500	500	0	0	0	
3.0149047575e+02	453	5	493	7	2	498	500	0	500	500	500	0	0	0	
3.0199937515e+02	454	5	496	4	6	494	500	0	500	500	500	0	0	0	
3.0248960599e+02	455	5	498	5	7	493	500	0	500	500	500	0	0	0	
3.0299725839e+02	454	7	491	9	6	494	500	0	500	500	500	0	0	0	
3.0349932433e+02	456	7	489	12	1	499	500	0	500	500	500	0	0	0	
3.0399974234e+02	456	6	492	8	5	495	500	0	500	500	500	0	0	0	
3.0446682158e+02	457	7	491	8	3	497	500	0	500	500	500	0	0	0	
3.0498609968e+02	458	7	491	9	2	498	500	0	500	500	500	0	0	0	
3.0549479908e+02	459	6	490	11	6	494	500	0	500	500	500	0	0	0	
3.0598101811e+02	459	7	491	11	4	496	500	0	500	500	500	0	0	0	
3.0649614899e+02	458	9	490	10	6	494	500	0	500	500	500	0	0	0	
3.0699850710e+02	455	13	487	11	3	497	500	0	500	500	500	0	0	0	
3.0748300491e+02	457	10	489	9	8	492	500	0	500	500	500	0	0	0	
3.0797852047e+02	461	7	492	8	5	495	500	0	500	500	500	0	0	0	
3.0848683491e+02	460	7	491	9	6	494	500	0	500	500	500	0	0	0	
3.0895806820e+02	460	10	495	6	1	499	500	0	500	500	500	0	0	0	
3.0949281053e+02	456	15	488	9	7	493	500	0	500	500	500	0	0	0	
3.0999764101e+02	459	12	487	10	6	494	500	0	500	500	500	0	0	0	
3.1049400837e+02	460	10	484	11	9	491	500	0	500	500	500	0	0	0	
3.1098816995e+02	463	9	491	4	2	498	500	0	500	500	500	0	0	0	
3.1149233127e+02	464	8	491	8	6	494	500	0	500	500	500	0	0	0	
3.1198980899e+02	466	4	491	10	5	495	500	0	500	500	500	0	0	0	
3.1249262332e+02	465	5	492	8	3	497	500	0	500	500	500	0	0	0	
3.1299547121e+02	464	6	492	7	7	493	500	0	500	500	500	0	0	0	
3.1349898843e+02	464	7	494	10	4	496	500	0	500	500	500	0	0	0	
3.1399880504e+02	466	6	494	9	10	490	500	0	500	500	500	0	0	0	
3.1447900209e+02	465	7	500	6	5	495	500	0	500	500	500	0	0	0	
3.1498984611e+02	463	10	500	6	7	493	500	0	500	500	500	0	0	0	
3.1548667022e+02	462	13	493	11	6	494	500	0	500	500	500	0	0	0	
3.1598998229e+02	462	13	492	11	8	492	500	0	500	500	500	0	0	0	
3.1649656847e+02	459	18	494	12	8	492	500	0	500	500	500	0	0	0	
3.1699284738e+02	460	17	495	10	7	493	500	0	500	500	500	0	0	0	
3.1749793682e+02	463	14	492	13	6	494	500	0	500	500	500	0	0	0	
3.1799511433e+02	465	12	494	11	5	495	500	0	500	500	500	0	0	0	
3.1848600680e+02	466	13	494	10	11	489	500	0	500	500	500	0	0	0	
3.1899973728e+02	468	12	489	17	7	493	500	0	500	500	500	0	0	0	
3.1948878453e+02	467	13	488	15	4	496	500	0	500	500	500	0	0	0	
3.1999941248e+02	467	14	493	12	7	493	500	0	500	500	500	0	0	0	
3.2048060228e+02	468	13	485	19	10	490	500	0	500	500	500	0	0	0	
3.2099910495e+02	465	19	483	23	9	491	500	0	500	500	500	0	0	0	
3.2149961257e+02	470	14	492	15	5	495	500	0	500	500	500	0	0	0	
3.2199987792e+02	470	17	487	21	11	489	500	0	500	500	500	0	0	0	
3.2249534603e+02	470	15	491	17	8	492	500	0	500	500	500	0	0	0	
3.2299769041e+02	470	14	490	19	5	495	500	0	500	500	500	0	0	0	
3.2349918069e+02	469	15	494	15	16	484	500	0	500	500	500	0	0	0	
3.2399299672e+02	468	16	488	19	12	488	500	0	500	500	500	0	0	0	
3.2449730190e+02	469	16	489	20	14	486	500	0	500	500	500	0	0	0	
3.2498188985e+02	472	14	492	17	6	494	500	0	500	500	500	0	0	0	
3.2549738644e+02	473	13	496	13	9	491	500	0	500	500	500	0	0	0	
3.2599813564e+02	473	12	497	12	15	485	500	0	500	500	500	0	0	0	
3.2649397693e+02	472	12	496	13	2	498	500	0	500	500	500	0	0	0	
3.2699173539e+02	473	12	501	9	6	494	500	0	500	500	500	0	0	0	
3.2749922421e+02	476	10	503	8	8	492	500	0	500	500	500	0	0	0	
3.2799770748e+02	476	11	499	16	7	493	500	0	500	500	500	0	0	0	
3.2849763642e+02	473	13	500	19	7	493	500	0	500	500	500	0	0	0	
3.2898916556e+02	474	13	504	16	5	495	500	0	500	500	500	0	0	0	
3.2948783441e+02	474	12	501	20	5	495	500	0	500	500	500	0	0	0	
3.2998072296e+02	476	12	497	22	9	491	500	0	500	500	500	0	0	0	
3.3049816171e+02	476	13	501	21	9	491	500	0	500	500	500	0	0	0	
3.3099861781e+02	478	13	507	13	4	496	500	0	500	500	500	0	0	0	
3.3149610502e+02	480	11	508	13	6	494	500	0	500	500	500	0	0	0	
3.3199967174e+02	483	9	510	8	6	494	500	0	500	500	500	0	0	0	
3.3248541792e+02	485	7	511	4	5	495	500	0	500	500	500	0	0	0	
3.3299114719e+02	487	4	504	10	6	494	500	0	500	500	500	0	0	0	
3.3349834397e+02	489	3	507	5	1	499	500	0	500	500	500	0	0	0	
3.3399909141e+02	489	3	509	3	3	497	500	0	500	500	500	0	0	0	
3.3449457427e+02	490	3	504	3	5	495	500	0	500	500	500	0	0	0	
3.3499868019e+02	489	5	499	9	4	496	500	0	500	500	500	0	0	0	
3.3549665619e+02	490	7	494	12	5	495	500	0	500	500	500	0	0	0	
3.3599137355e+02	488	9	499	10	5	495	500	0	500	500	500	0	0	0	
3.3648206970e+02	489	9	493	17	9	491	500	0	500	500	500	0	0	0	
3.3698826539e+02	493	8	497	13	4	496	500	0	500	500	500	0	0	0	
3.3748589498e+02	498	4	503	8	1	499	500	0	500	500	500	0	0	0	
3.3799540353e+02	498	4	500	10	8	492	500	0	500	500	500	0	0	0	
3.3849310628e+02	493	10	498	12	8	492	500	0	500	500	500	0	0	0	
3.3899994421e+02	496	8	501	12	11	489	500	0	500	500	500	0	0	0	
3.3949264448e+02	497	7	493	19	4	496	500	0	500	500	500	0	0	0	
3.3999569043e+02	498	10	502	10	4	496	500	0	500	500	500	0	0	0	
3.4049333829e+02	498	12	495	17	6	494	500	0	500	500	500	0	0	0	
3.4099418369e+02	497	14	494	20	13	487	500	0	500	500	500	0	0	0	
3.4148873537e+02	497	15	501	13	7	493	500	0	500	500	500	0	0	0	
3.4199432630e+02	501	11	499	12	5	495	500	0	500	500	500	0	0	0	
3.4249918287e+02	501	13	501	11	6	494	500	0	500	500	500	0	0	0	
3.4299693572e+02	503	12	505	7	7	493	500	0	500	500	500	0	0	0	
3.4349950788e+02	504	12	498	10	5	495	500	0	500	500	500	0	0	0	
3.4399903283e+02	505	10	496	10	4	496	500	0	500	500	500	0	0	0	
3.4449009556e+02	507	10	492	12	7	493	500	0	500	500	500	0	0	0	
3.4499116663e+02	509	9	500	6	4	496	500	0	500	500	500	0	0	0	
3.4549466517e+02	507	11	491	15	3	497	500	0	500	500	500	0	0	0	
3.4599671536e+02	504	13	494	13	9	491	500	0	500	500	500	0	0	0	
3.4649507871e+02	505	12	492	17	7	493	500	0	500	500	500	0	0	0	
3.4699115805e+02	506	12	492	17	9	491	500	0	500	500	500	0	0	0	
3.4749911177e+02	507	12	491	18	4	496	500	0	500	500	500	0	0	0	
3.4799854574e+02	505	14	493	17	7	493	500	0	500	500	500	0	0	0	
3.4849648658e+02	508	12	495	16	5	495	500	0	500	500	500	0	0	0	
3.4899846758e+02	507	12	492	18	8	492	500	0	500	500	500	0	0	0	
3.4949806899e+02	508	10	498	12	11	489	500	0	500	500	500	0	0	0	
3.4999678003e+02	505	14	498	11	7	493	500	0	500	500	500	0	0	0	
3.5048753953e+02	504	15	496	13	13	487	500	0	500	500	500	0	0	0	
3.5099958835e+02	505	14	490	17	12	488	500	0	500	500	500	0	0	0	
3.5147211320e+02	504	15	488	20	13	487	500	0	500	500	500	0	0	0	
3.5198409800e+02	506	13	492	17	14	486	500	0	500	500	500	0	0	0	
3.5249487703e+02	509	10	496	19	8	492	500	0	500	500	500	0	0	0	
3.5296273706e+02	511	9	498	18	9	491	500	0	500	500	500	0	0	0	
3.5349402953e+02	507	14	505	13	7	493	500	0	500	500	500	0	0	0	
3.5399304521e+02	514	8	510	12	9	491	500	0	500	500	500	0	0	0	
3.5449830619e+02	516	6	509	14	6	494	500	0	500	500	500	0	0	0	
3.5498204885e+02	516	7	512	8	5	495	500	0	500	500	500	0	0	0	
3.5549417705e+02	518	8	515	6	6	494	500	0	500	500	500	0	0	0	
3.5598048746e+02	519	6	510	9	4	496	500	0	500	500	500	0	0	0	
3.5649653771e+02	520	7	511	7	3	497	500	0	500	500	500	0	0	0	
3.5698439359e+02	521	7	513	4	5	495	500	0	500	500	500	0	0	0	
3.5749889344e+02	522	3	517	1	6	494	500	0	500	500	500	0	0	0	
3.5798566928e+02	523	7	513	5	2	498	500	0	500	500	500	0	0	0	
3.5849924685e+02	522	9	504	12	11	489	500	0	500	500	500	0	0	0	
3.5898874554e+02	521	12	503	11	7	493	500	0	500	500	500	0	0	0	
3.5949394478e+02	521	11	500	15	6	494	500	0	500	500	500	0	0	0	
3.5999597755e+02	521	12	499	18	11	489	500	0	500	500	500	0	0	0	
3.6049154237e+02	520	12	508	14	15	485	500	0	500	500	500	0	0	0	
3.6098589340e+02	521	11	503	20	5	495	500	0	500	500	500	0	0	0	
3.6149665493e+02	519	13	515	7	11	489	500	0	500	500	500	0	0	0	
3.6199416577e+02	521	11	509	10	10	490	500	0	500	500	500	0	0	0	
3.6248118741e+02	521	11	513	7	5	495	500	0	500	500	500	0	0	0	
3.6298910767e+02	522	10	507	13	6	494	500	0	500	500	500	0	0	0	
3.6348924632e+02	525	7	518	6	6	494	500	0	500	500	500	0	0	0	
3.6399551369e+02	522	13	512	14	10	490	500	0	500	500	500	0	0	0	
3.6449770582e+02	521	14	510	16	5	495	500	0	500	500	500	0	0	0	
3.6499933840e+02	524	12	513	14	10	490	500	0	500	500	500	0	0	0	
3.6549356192e+02	527	10	507	18	8	492	500	0	500	500	500	0	0	0	
3.6599236856e+02	527	11	506	21	8	492	500	0	500	500	500	0	0	0	
3.6649978884e+02	529	10	511	16	9	491	500	0	500	500	500	0	0	0	
3.6699536181e+02	531	9	518	9	5	495	500	0	500	500	500	0	0	0	
3.6749889495e+02	534	7	517	7	4	496	500	0	500	500	500	0	0	0	
3.6799704077e+02	535	7	523	3	4	496	500	0	500	500	500	0	0	0	
3.6847078248e+02	536	6	519	8	4	496	500	0	500	500	500	0	0	0	
3.6899720941e+02	540	4	521	4	3	497	500	0	500	500	500	0	0	0	
3.6949231552e+02	541	3	512	7	3	497	500	0	500	500	500	0	0	0	
3.6998723199e+02	541	2	510	10	6	494	500	0	500	500	500	0	0	0	
3.7049233498e+02	542	1	508	7	3	497	500	0	500	500	500	0	0	0	
3.7099818532e+02	541	1	512	5	2	498	500	0	500	500	500	0	0	0	
3.7147181187e+02	541	1	508	3	2	498	500	0	500	500	500	0	0	0	
3.7199361407e+02	541	1	507	2	0	500	500	0	500	500	500	0	0	0	
3.7248839487e+02	540	3	505	4	1	499	500	0	500	500	500	0	0	0	
3.7298528602e+02	540	4	501	8	5	495	500	0	500	500	500	0	0	0	
3.7349785455e+02	542	4	504	6	3	497	500	0	500	500	500	0	0	0	
3.7399682351e+02	541	7	502	6	8	492	500	0	500	500	500	0	0	0	
3.7449542737e+02	541	8	500	8	6	494	500	0	500	500	500	0	0	0	
3.7499407166e+02	539	9	505	4	4	496	500	0	500	500	500	0	0	0	
3.7549715542e+02	536	11	501	8	6	494	500	0	500	500	500	0	0	0	
3.7598058194e+02	538	10	507	5	6	494	500	0	500	500	500	0	0	0	
3.7649715173e+02	535	17	491	19	8	492	500	0	500	500	500	0	0	0	
3.7699450882e+02	535	17	487	22	12	488	500	0	500	500	500	0	0	0	
3.7749550724e+02	533	20	484	22	12	488	500	0	500	500	500	0	0	0	
3.7799607853e+02	533	21	489	18	8	492	500	0	500	500	500	0	0	0	
3.7849138929e+02	536	21	492	17	9	491	500	0	500	500	500	0	0	0	
3.7898728407e+02	540	18	492	13	7	493	500	0	500	500	500	0	0	0	
3.7949909632e+02	542	17	488	19	10	490	500	0	500	500	500	0	0	0	
3.7999533269e+02	540	20	483	24	17	483	500	0	500	500	500	0	0	0	
3.8049609329e+02	543	18	494	14	12	488	500	0	500	500	500	0	0	0	
3.8099465727e+02	545	18	492	16	4	496	500	0	500	500	500	0	0	0	
3.8149623702e+02	546	19	484	23	8	492	500	0	500	500	500	0	0	0	
3.8199688474e+02	547	18	487	21	8	492	500	0	500	500	500	0	0	0	
3.8249781486e+02	547	20	497	12	10	490	500	0	500	500	500	0	0	0	
3.8299810958e+02	549	19	489	21	14	486	500	0	500	500	500	0	0	0	
3.8349931256e+02	557	11	493	21	8	492	500	0	500	500	500	0	0	0	
3.8399485956e+02	557	11	495	19	5	495	500	0	500	500	500	0	0	0	
3.8449937361e+02	554	14	496	18	7	493	500	0	500	500	500	0	0	0	
3.8499390565e+02	555	13	501	15	10	490	500	0	500	500	500	0	0	0	
3.8548922120e+02	556	11	498	18	9	491	500	0	500	500	500	0	0	0	
3.8599776211e+02	555	11	501	12	11	489	500	0	500	500	500	0	0	0	
3.8649771034e+02	556	14	504	10	13	487	500	0	500	500	500	0	0	0	
3.8698281543e+02	557	13	501	15	6	494	500	0	500	500	500	0	0	0	
3.8749333611e+02	558	11	502	13	7	493	500	0	500	500	500	0	0	0	
3.8799494081e+02	557	11	503	11	7	493	500	0	500	500	500	0	0	0	
3.8849579768e+02	556	12	496	19	6	494	500	0	500	500	500	0	0	0	
3.8899809474e+02	555	16	497	18	10	490	500	0	500	500	500	0	0	0	
3.8949493679e+02	558	14	503	14	12	488	500	0	500	500	500	0	0	0	
3.8999583684e+02	560	13	500	16	5	495	500	0	500	500	500	0	0	0	
3.9049458072e+02	562	11	509	10	6	494	500	0	500	500	500	0	0	0	
3.9096939742e+02	561	10	510	4	5	495	500	0	500	500	500	0	0	0	
3.9149653625e+02	562	11	512	5	10	490	500	0	500	500	500	0	0	0	
3.9199968316e+02	563	10	512	5	7	493	500	0	500	500	500	0	0	0	
3.9249180664e+02	565	10	509	11	8	492	500	0	500	500	500	0	0	0	
3.9299210493e+02	567	10	503	16	6	494	500	0	500	500	500	0	0	0	
3.9349176017e+02	566	12	504	12	10	490	500	0	500	500	500	0	0	0	
3.9399638823e+02	562	15	498	17	8	492	500	0	500	500	500	0	0	0	
3.9449477500e+02	563	13	498	15	7	493	500	0	500	500	500	0	0	0	
3.9499720137e+02	568	9	493	16	6	494	500	0	500	500	500	0	0	0	
3.9549831050e+02	566	9	495	14	2	498	500	0	500	500	500	0	0	0	
3.9599788977e+02	563	12	501	9	6	494	500	0	500	500	500	0	0	0	
3.9649307152e+02	562	13	499	18	7	493	500	0	500	500	500	0	0	0	
3.9699246561e+02	557	16	498	18	4	496	500	0	500	500	500	0	0	0	
3.9749877556e+02	560	12	508	9	10	490	500	0	500	500	500	0	0	0	
3.9799612626e+02	561	15	497	20	6	494	500	0	500	500	500	0	0	0	
3.9849092317e+02	564	12	508	12	5	495	500	0	500	500	500	0	0	0	
3.9899938497e+02	561	15	504	14	8	492	500	0	500	500	500	0	0	0	
3.9949833441e+02	563	13	506	13	10	490	500	0	500	500	500	0	0	0	
3.9998032437e+02	562	15	499	18	3	497	500	0	500	500	500	0	0	0	
4.0049251899e+02	562	14	504	11	11	489	500	0	500	500	500	0	0	0	
4.0099903373e+02	560	17	496	16	7	493	500	0	500	500	500	0	0	0	
4.0149137465e+02	559	20	497	18	11	489	500	0	500	500	500	0	0	0	
4.0199785142e+02	565	15	492	22	9	491	500	0	500	500	500	0	0	0	
4.0249879456e+02	567	16	493	16	11	489	500	0	500	500	500	0	0	0	
4.0299347442e+02	564	19	492	20	6	494	500	0	500	500	500	0	0	0	
4.0349909840e+02	562	20	495	18	17	483	500	0	500	500	500	0	0	0	
4.0399779220e+02	563	20	488	21	14	486	500	0	500	500	500	0	0	0	
4.0449536067e+02	560	21	488	20	15	485	500	0	500	500	500	0	0	0	
4.0499374817e+02	567	16	495	13	6	494	500	0	500	500	500	0	0	0	
4.0549492444e+02	567	16	497	10	10	490	500	0	500	500	500	0	0	0	
4.0599876938e+02	570	14	489	18	9	491	500	0	500	500	500	0	0	0	
4.0649762440e+02	572	12	486	20	9	491	500	0	500	500	500	0	0	0	
4.0697653880e+02	571	12	488	19	10	490	500	0	500	500	500	0	0	0	
4.0749639339e+02	569	15	490	13	12	488	500	0	500	500	500	0	0	0	
4.0799662209e+02	571	14	487	16	6	494	500	0	500	500	500	0	0	0	
4.0848415569e+02	574	12	481	21	8	492	500	0	500	500	500	0	0	0	
4.0899732199e+02	572	14	485	16	7	493	500	0	500	500	500	0	0	0	
4.0949065581e+02	576	12	491	13	3	497	500	0	500	500	500	0	0	0	
4.0998874980e+02	576	12	495	12	3	497	500	0	500	500	500	0	0	0	
4.1049038907e+02	579	11	495	9	11	489	500	0	500	500	500	0	0	0	
4.1099130095e+02	575	15	488	15	5	495	500	0	500	500	500	0	0	0	
4.1149903320e+02	578	13	487	16	10	490	500	0	500	500	500	0	0	0	
4.1199878750e+02	577	15	484	19	5	495	500	0	500	500	500	0	0	0	
4.1249118216e+02	577	14	479	26	7	493	500	0	500	500	500	0	0	0	
4.1299971093e+02	577	15	483	18	6	494	500	0	500	500	500	0	0	0	
4.1349668882e+02	576	20	478	25	24	476	500	0	500	500	500	0	0	0	
4.1398276227e+02	579	18	491	13	11	489	500	0	500	500	500	0	0	0	
4.1449447337e+02	581	16	494	12	8	492	500	0	500	500	500	0	0	0	
4.1499435911e+02	580	18	495	12	11	489	500	0	500	500	500	0	0	0	
4.1548039506e+02	579	19	496	10	9	491	500	0	500	500	500	0	0	0	
4.1599784334e+02	579	18	488	12	7	493	500	0	500	500	500	0	0	0	
4.1649986223e+02	575	22	483	18	3	497	500	0	500	500	500	0	0	0	
4.1699144465e+02	573	23	474	30	11	489	500	0	500	500	500	0	0	0	
4.1749851164e+02	576	20	474	29	9	491	500	0	500	500	500	0	0	0	
4.1799715345e+02	578	19	476	25	11	489	500	0	500	500	500	0	0	0	
4.1848801116e+02	574	22	480	19	7	493	500	0	500	500	500	0	0	0	
4.1897467811e+02	577	20	482	16	11	489	500	0	500	500	500	0	0	0	
4.1949932196e+02	579	21	475	24	13	487	500	0	500	500	500	0	0	0	
4.1999838493e+02	577	23	474	23	17	483	500	0	500	500	500	0	0	0	
4.2049730847e+02	574	27	472	27	8	492	500	0	500	500	500	0	0	0	
4.2099919440e+02	574	25	467	29	13	487	500	0	500	500	500	0	0	0	
4.2149791665e+02	571	27	473	24	16	484	500	0	500	500	500	0	0	0	
4.2199234170e+02	575	24	475	25	16	484	500	0	500	500	500	0	0	0	
4.2249062514e+02	571	26	473	29	12	488	500	0	500	500	500	0	0	0	
4.2299454254e+02	573	25	472	30	12	488	500	0	500	500	500	0	0	0	
4.2349310383e+02	570	28	482	18	19	481	500	0	500	500	500	0	0	0	
4.2399337013e+02	576	21	483	16	10	490	500	0	500	500	500	0	0	0	
4.2449618173e+02	580	16	472	28	9	491	500	0	500	500	500	0	0	0	
4.2499414206e+02	581	13	476	25	10	490	500	0	500	500	500	0	0	0	
4.2549822563e+02	580	14	487	13	8	492	500	0	500	500	500	0	0	0	
4.2597854599e+02	584	10	484	14	7	493	500	0	500	500	500	0	0	0	
4.2649940579e+02	585	10	489	9	8	492	500	0	500	500	500	0	0	0	
4.2699656762e+02	588	8	493	9	9	491	500	0	500	500	500	0	0	0	
4.2749651875e+02	591	8	491	13	4	496	500	0	500	500	500	0	0	0	
4.2798614607e+02	590	8	493	10	5	495	500	0	500	500	500	0	0	0	
4.2849977940e+02	591	7	492	11	5	495	500	0	500	500	500	0	0	0	
4.2899842820e+02	592	6	495	9	1	499	500	0	500	500	500	0	0	0	
4.2949522713e+02	591	5	491	12	0	500	500	0	500	500	500	0	0	0	
4.2999643819e+02	589	7	492	9	4	496	500	0	500	500	500	0	0	0	
4.3049974659e+02	590	7	495	7	7	493	500	0	500	500	500	0	0	0	
4.3098768242e+02	590	8	491	14	1	499	500	0	500	500	500	0	0	0	
4.3148575928e+02	589	8	499	13	3	497	500	0	500	500	500	0	0	0	
4.3199729252e+02	586	11	501	12	4	496	500	0	500	500	500	0	0	0	
4.3247410068e+02	586	11	503	11	5	495	500	0	500	500	500	0	0	0	
4.3299997573e+02	585	12	501	13	11	489	500	0	500	500	500	0	0	0	
4.3349946471e+02	588	10	490	21	8	492	500	0	500	500	500	0	0	0	
4.3399401684e+02	589	10	492	20	3	497	500	0	500	500	500	0	0	0	
4.3448758729e+02	590	9	493	16	6	494	500	0	500	500	500	0	0	0	
4.3499188099e+02	587	13	492	15	11	489	500	0	500	500	500	0	0	0	
4.3548216572e+02	585	13	493	16	6	494	500	0	500	500	500	0	0	0	
4.3599944797e+02	586	13	489	21	7	493	500	0	500	500	500	0	0	0	
4.3649893254e+02	586	12	502	12	7	493	500	0	500	500	500	0	0	0	
4.3699976500e+02	585	12	502	13	12	488	500	0	500	500	500	0	0	0	
4.3749857520e+02	582	15	496	18	4	496	500	0	500	500	500	0	0	0	
4.3799729123e+02	581	14	497	14	10	490	500	0	500	500	500	0	0	0	
4.3849222035e+02	585	9	504	10	6	494	500	0	500	500	500	0	0	0	
4.3898666087e+02	587	8	512	6	6	494	500	0	500	500	500	0	0	0	
4.3949394986e+02	588	8	505	13	7	493	500	0	500	500	500	0	0	0	
4.3999373876e+02	587	9	504	15	7	493	500	0	500	500	500	0	0	0	
4.4048825928e+02	585	12	503	15	6	494	500	0	500	500	500	0	0	0	
4.4099518598e+02	586	12	505	14	9	491	500	0	500	500	500	0	0	0	
4.4149075055e+02	585	13	494	23	10	490	500	0	500	500	500	0	0	0	
4.4199779340e+02	585	13	492	25	10	490	500	0	500	500	500	0	0	0	
4.4249240467e+02	580	17	503	14	5	495	500	0	500	500	500	0	0	0	
4.4298459682e+02	580	17	501	14	10	490	500	0	500	500	500	0	0	0	
4.4349943099e+02	582	16	499	15	6	494	500	0	500	500	500	0	0	0	
4.4399502734e+02	584	15	500	14	12	488	500	0	500	500	500	0	0	0	
4.4449716238e+02	585	13	498	19	8	492	500	0	500	500	500	0	0	0	
4.4499949296e+02	584	14	494	23	3	497	500	0	500	500	500	0	0	0	
4.4549811794e+02	586	12	509	8	9	491	500	0	500	500	500	0	0	0	
4.4598892998e+02	586	11	503	13	4	496	500	0	500	500	500	0	0	0	
4.4648991794e+02	586	12	505	14	3	497	500	0	500	500	500	0	0	0	
4.4699833975e+02	588	12	502	15	9	491	500	0	500	500	500	0	0	0	
4.4749366997e+02	586	16	502	14	11	489	500	0	500	500	500	0	0	0	
4.4799618558e+02	584	18	496	20	14	486	500	0	500	500	500	0	0	0	
4.4849671662e+02	584	19	494	21	13	487	500	0	500	500	500	0	0	0	
4.4898040741e+02	583	18	499	18	9	491	500	0	500	500	500	0	0	0	
4.4949819026e+02	588	13	501	16	15	485	500	0	500	500	500	0	0	0	
4.4999991108e+02	591	9	505	12	8	492	500	0	500	500	500	0	0	0	
4.5049685342e+02	592	9	510	8	7	493	500	0	500	500	500	0	0	0	
4.5099230892e+02	591	9	504	12	5	495	500	0	500	500	500	0	0	0	
4.5149694474e+02	591	8	510	8	3	497	500	0	500	500	500	0	0	0	
4.5199056531e+02	589	11	506	12	5	495	500	0	500	500	500	0	0	0	
4.5249573948e+02	590	10	511	12	7	493	500	0	500	500	500	0	0	0	
4.5299987848e+02	590	10	511	9	6	494	500	0	500	500	500	0	0	0	
4.5348834744e+02	590	11	506	13	3	497	500	0	500	500	500	0	0	0	
4.5399734365e+02	589	12	504	14	4	496	500	0	500	500	500	0	0	0	
4.5449668633e+02	591	11	504	12	8	492	500	0	500	500	500	0	0	0	
4.5498293874e+02	593	10	509	5	6	494	500	0	500	500	500	0	0	0	
4.5548159466e+02	595	8	504	9	3	497	500	0	500	500	500	0	0	0	
4.5599471449e+02	595	7	500	13	6	494	500	0	500	500	500	0	0	0	
4.5649098987e+02	595	9	500	16	2	498	500	0	500	500	500	0	0	0	
4.5699406615e+02	595	10	504	12	8	492	500	0	500	500	500	0	0	0	
4.5749271384e+02	593	11	501	16	8	492	500	0	500	500	500	0	0	0	
4.5799854743e+02	590	14	498	15	11	489	500	0	500	500	500	0	0	0	
4.5849945990e+02	590	13	490	24	10	490	500	0	500	500	500	0	0	0	
4.5899057646e+02	590	11	495	19	14	486	500	0	500	500	500	0	0	0	
4.5949641998e+02	589	13	502	17	6	494	500	0	500	500	500	0	0	0	
4.5998989638e+02	590	13	503	16	6	494	500	0	500	500	500	0	0	0	
4.6049763162e+02	590	14	504	17	9	491	500	0	500	500	500	0	0	0	
4.6097651320e+02	591	13	507	14	10	490	500	0	500	500	500	0	0	0	
4.6148115401e+02	593	9	506	11	6	494	500	0	500	500	500	0	0	0	
4.6199345283e+02	594	8	511	8	4	496	500	0	500	500	500	0	0	0	
4.6249419152e+02	594	9	517	3	7	493	500	0	500	500	500	0	0	0	
4.6298949276e+02	594	9	517	5	6	494	500	0	500	500	500	0	0	0	
4.6347439182e+02	592	10	514	4	8	492	500	0	500	500	500	0	0	0	
4.6397532631e+02	589	14	505	13	7	493	500	0	500	500	500	0	0	0	
4.6449370837e+02	591	14	505	14	4	496	500	0	500	500	500	0	0	0	
4.6499094307e+02	595	12	512	7	9	491	500	0	500	500	500	0	0	0	
4.6548740019e+02	597	11	510	9	12	488	500	0	500	500	500	0	0	0	
4.6599857227e+02	598	10	514	10	8	492	500	0	500	500	500	0	0	0	
4.6649539957e+02	600	8	513	7	5	495	500	0	500	500	500	0	0	0	
4.6699916124e+02	600	8	510	10	4	496	500	0	500	500	500	0	0	0	
4.6749420588e+02	598	10	508	14	5	495	500	0	500	500	500	0	0	0	
4.6799932387e+02	600	9	508	15	4	496	500	0	500	500	500	0	0	0	
4.6849773035e+02	601	9	507	14	7	493	500	0	500	500	500	0	0	0	
4.6899790673e+02	600	11	506	17	7	493	500	0	500	500	500	0	0	0	
4.6948729747e+02	602	10	514	8	6	494	500	0	500	500	500	0	0	0	
4.6999966529e+02	603	8	523	2	6	494	500	0	500	500	500	0	0	0	
4.7048826257e+02	605	7	510	11	6	494	500	0	500	500	500	0	0	0	
4.7099782610e+02	603	11	513	10	7	493	500	0	500	500	500	0	0	0	
4.7148681679e+02	606	8	504	16	6	494	500	0	500	500	500	0	0	0	
4.7199485898e+02	607	6	514	7	5	495	500	0	500	500	500	0	0	0	
4.7249859269e+02	605	6	518	5	8	492	500	0	500	500	500	0	0	0	
4.7298135057e+02	606	5	521	3	5	495	500	0	500	500	500	0	0	0	
4.7349957666e+02	604	6	519	6	4	496	500	0	500	500	500	0	0	0	
4.7398975268e+02	604	6	521	6	4	496	500	0	500	500	500	0	0	0	
4.7449548085e+02	600	9	511	15	5	495	500	0	500	500	500	0	0	0	
4.7499859817e+02	596	11	513	12	4	496	500	0	500	500	500	0	0	0	
4.7549157086e+02	599	9	513	8	5	495	500	0	500	500	500	0	0	0	
4.7599522531e+02	600	10	509	10	9	491	500	0	500	500	500	0	0	0	
4.7649512627e+02	601	9	512	7	6	494	500	0	500	500	500	0	0	0	
4.7699645257e+02	602	9	504	15	8	492	500	0	500	500	500	0	0	0	
4.7749157556e+02	602	10	511	14	6	494	500	0	500	500	500	0	0	0	
4.7799701243e+02	602	10	511	13	2	498	500	0	500	500	500	0	0	0	
4.7849955362e+02	601	12	506	16	8	492	500	0	500	500	500	0	0	0	
4.7899454741e+02	602	9	505	18	5	495	500	0	500	500	500	0	0	0	
4.7949099454e+02	599	14	512	7	10	490	500	0	500	500	500	0	0	0	
4.7998917992e+02	601	12	512	6	5	495	500	0	500	500	500	0	0	0	
4.8049300271e+02	599	15	506	11	10	490	500	0	500	500	500	0	0	0	
4.8099775486e+02	600	13	507	7	6	494	500	0	500	500	500	0	0	0	
4.8149650733e+02	598	14	499	16	3	497	500	0	500	500	500	0	0	0	
4.8199676689e+02	601	13	502	16	12	488	500	0	500	500	500	0	0	0	
4.8249528455e+02	596	18	492	23	8	492	500	0	500	500	500	0	0	0	
4.8299785194e+02	596	19	487	30	15	485	500	0	500	500	500	0	0	0	
4.8349645649e+02	597	17	493	26	7	493	500	0	500	500	500	0	0	0	
4.8399994947e+02	599	16	498	21	8	492	500	0	500	500	500	0	0	0	
4.8449673867e+02	595	19	500	18	13	487	500	0	500	500	500	0	0	0	
4.8499500186e+02	596	20	504	15	7	493	500	0	500	500	500	0	0	0	
4.8549385642e+02	599	17	499	22	9	491	500	0	500	500	500	0	0	0	
4.8598915223e+02	599	20	495	23	12	488	500	0	500	500	500	0	0	0	
4.8648174848e+02	599	19	499	22	10	490	500	0	500	500	500	0	0	0	
4.8699578923e+02	600	18	506	12	10	490	500	0	500	500	500	0	0	0	
4.8749983313e+02	601	17	498	20	9	491	500	0	500	500	500	0	0	0	
4.8799031016e+02	599	19	498	16	7	493	500	0	500	500	500	0	0	0	
4.8849673051e+02	599	19	490	23	9	491	500	0	500	500	500	0	0	0	
4.8899842026e+02	598	20	482	33	17	483	500	0	500	500	500	0	0	0	
4.8949041104e+02	597	22	490	24	11	489	500	0	500	500	500	0	0	0	
4.8999765447e+02	601	19	481	30	9	491	500	0	500	500	500	0	0	0	
4.9049254160e+02	604	16	490	23	4	496	500	0	500	500	500	0	0	0	
4.9099722029e+02	600	23	487	27	10	490	500	0	500	500	500	0	0	0	
4.9149821079e+02	603	21	485	30	12	488	500	0	500	500	500	0	0	0	
4.9199920848e+02	603	24	493	24	10	490	500	0	500	500	500	0	0	0	
4.9249931180e+02	609	20	496	24	5	495	500	0	500	500	500	0	0	0	
4.9299715628e+02	615	19	505	16	9	491	500	0	500	500	500	0	0	0	
4.9349365464e+02	619	16	505	19	8	492	500	0	500	500	500	0	0	0	
4.9399013040e+02	619	16	499	23	12	488	500	0	500	500	500	0	0	0	
4.9449973375e+02	617	19	500	21	14	486	500	0	500	500	500	0	0	0	
4.9499895822e+02	614	24	497	26	10	490	500	0	500	500	500	0	0	0	
4.9549399763e+02	613	23	485	41	15	485	500	0	500	500	500	0	0	0	
4.9599912688e+02	609	28	488	38	17	483	500	0	500	500	500	0	0	0	
4.9649958861e+02	604	33	478	45	13	487	500	0	500	500	500	0	0	0	
4.9699759890e+02	608	30	468	57	15	485	500	0	500	500	500	0	0	0	
4.9748619171e+02	606	32	478	46	20	480	500	0	500	500	500	0	0	0	
4.9799950237e+02	611	30	470	49	18	482	500	0	500	500	500	0	0	0	
4.9849880782e+02	607	34	476	41	19	481	500	0	500	500	500	0	0	0	
4.9899159102e+02	609	34	484	36	24	476	500	0	500	500	500	0	0	0	
4.9949840652e+02	609	35	486	35	18	482	500	0	500	500	500	0	0	0	
4.9998988493e+02	610	34	483	40	14	486	500	0	500	500	500	0	0	0	
5.0000070216e+02	610	34	482	41	14	486	500	0	500	500	500	0	0	0	
