0.0000000000e+00	0	0	0	0	0	500	500	0	500	500	500	0	0	0	
4.3202206170e-01	0	1	1	0	0	500	500	0	500	500	500	0	0	0	
9.9829990566e-01	0	1	4	0	0	500	500	0	500	500	500	0	0	0	
1.4461334365e+00	0	2	6	0	1	499	500	0	500	500	500	0	0	0	
1.9829044205e+00	1	2	11	0	1	499	500	0	500	500	500	0	0	0	
2.2491772198e+00	1	2	13	0	0	500	500	0	500	500	500	0	0	0	
2.9674949227e+00	1	2	14	1	1	499	500	0	500	500	500	0	0	0	
3.3992673008e+00	2	1	16	0	1	499	500	0	500	500	500	0	0	0	
3.7897361795e+00	2	2	18	0	0	500	500	0	500	500	500	0	0	0	
4.4780384409e+00	2	3	19	0	0	500	500	0	500	500	500	0	0	0	
4.9875983621e+00	2	4	20	0	0	500	500	0	500	500	500	0	0	0	
5.4537015592e+00	2	5	22	1	0	500	500	0	500	500	500	0	0	0	
5.9672245571e+00	2	6	25	1	0	500	500	0	500	500	500	0	0	0	
6.4855035669e+00	1	7	25	3	2	498	500	0	500	500	500	0	0	0	
6.9913336903e+00	3	5	25	3	2	498	500	0	500	500	500	0	0	0	
7.4941908786e+00	3	7	29	2	1	499	500	0	500	500	500	0	0	0	
7.9951804415e+00	4	6	30	3	2	498	500	0	500	500	500	0	0	0	
8.4962831502e+00	7	3	33	1	3	497	500	0	500	500	500	0	0	0	
8.8763004151e+00	8	2	35	0	0	500	500	0	500	500	500	0	0	0	
9.4484736608e+00	8	2	33	0	0	500	500	0	500	500	500	0	0	0	
9.9545679000e+00	8	3	34	3	0	500	500	0	500	500	500	0	0	0	
1.0471121351e+01	9	3	38	0	2	498	500	0	500	500	500	0	0	0	
1.0971290211e+01	9	6	41	2	3	497	500	0	500	500	500	0	0	0	
1.1496414020e+01	10	6	46	1	5	495	500	0	500	500	500	0	0	0	
1.1976739019e+01	14	2	50	0	4	496	500	0	500	500	500	0	0	0	
1.2470557523e+01	14	3	52	0	2	498	500	0	500	500	500	0	0	0	
1.2992571376e+01	16	2	53	0	1	499	500	0	500	500	500	0	0	0	
1.3462407960e+01	17	1	55	1	2	498	500	0	500	500	500	0	0	0	
1.3785957859e+01	17	1	57	0	0	500	500	0	500	500	500	0	0	0	
1.4473154579e+01	18	1	59	1	0	500	500	0	500	500	500	0	0	0	
1.4991997199e+01	18	3	60	0	0	500	500	0	500	500	500	0	0	0	
1.5499064601e+01	19	2	60	1	2	498	500	0	500	500	500	0	0	0	
1.5978581955e+01	20	1	63	1	1	499	500	0	500	500	500	0	0	0	
1.6472444390e+01	20	3	65	3	1	499	500	0	500	500	500	0	0	0	
1.6950797495e+01	22	4	71	1	1	499	500	0	500	500	500	0	0	0	
1.7499594673e+01	22	5	73	1	1	499	500	0	500	500	500	0	0	0	
1.7972576565e+01	23	4	74	1	1	499	500	0	500	500	500	0	0	0	
1.8466222319e+01	23	4	76	1	0	500	500	0	500	500	500	0	0	0	
1.8903353317e+01	23	4	77	2	0	500	500	0	500	500	500	0	0	0	
1.9495724941e+01	25	5	79	4	1	499	500	0	500	500	500	0	0	0	
1.9964035572e+01	26	4	84	2	1	499	500	0	500	500	500	0	0	0	
2.0418573901e+01	27	4	85	2	2	498	500	0	500	500	500	0	0	0	
2.0921642589e+01	27	4	87	0	3	497	500	0	500	500	500	0	0	0	
2.1484908071e+01	27	5	89	1	2	498	500	0	500	500	500	0	0	0	
2.1989638781e+01	27	7	88	1	1	499	500	0	500	500	500	0	0	0	
2.2446125928e+01	29	6	86	3	2	498	500	0	500	500	500	0	0	0	
2.2994564206e+01	30	5	90	1	7	493	500	0	500	500	500	0	0	0	
2.3494547771e+01	31	4	92	3	3	497	500	0	500	500	500	0	0	0	
2.3958535066e+01	32	3	92	3	1	499	500	0	500	500	500	0	0	0	
2.4412215652e+01	33	3	96	2	1	499	500	0	500	500	500	0	0	0	
2.4988595441e+01	34	4	96	2	0	500	500	0	500	500	500	0	0	0	
2.5447960358e+01	37	2	98	0	2	498	500	0	500	500	500	0	0	0	
2.5945622834e+01	38	3	100	0	2	498	500	0	500	500	500	0	0	0	
2.6431755868e+01	38	3	99	1	2	498	500	0	500	500	500	0	0	0	
2.6889396252e+01	39	3	101	0	1	499	500	0	500	500	500	0	0	0	
2.7499256899e+01	41	3	103	1	4	496	500	0	500	500	500	0	0	0	
2.7954638433e+01	41	3	107	1	1	499	500	0	500	500	500	0	0	0	
2.8497401823e+01	41	3	105	3	0	500	500	0	500	500	500	0	0	0	
2.8984208104e+01	41	4	106	5	1	499	500	0	500	500	500	0	0	0	
2.9491580443e+01	43	2	107	5	2	498	500	0	500	500	500	0	0	0	
2.9999632470e+01	45	1	109	5	2	498	500	0	500	500	500	0	0	0	
3.0499464511e+01	45	2	117	1	0	500	500	0	500	500	500	0	0	0	
3.0997157156e+01	46	2	118	1	1	499	500	0	500	500	500	0	0	0	
3.1387714143e+01	46	2	122	0	2	498	500	0	500	500	500	0	0	0	
3.1967356639e+01	47	2	124	1	1	499	500	0	500	500	500	0	0	0	
3.2493066623e+01	47	4	127	1	0	500	500	0	500	500	500	0	0	0	
3.2993124576e+01	48	3	125	4	0	500	500	0	500	500	500	0	0	0	
3.3479037059e+01	49	4	128	3	0	500	500	0	500	500	500	0	0	0	
3.3965894828e+01	49	6	131	3	2	498	500	0	500	500	500	0	0	0	
3.4477967524e+01	50	6	130	7	1	499	500	0	500	500	500	0	0	0	
3.4998097462e+01	52	5	139	1	5	495	500	0	500	500	500	0	0	0	
3.5462046972e+01	55	2	140	1	2	498	500	0	500	500	500	0	0	0	
3.5989853132e+01	56	2	140	1	2	498	500	0	500	500	500	0	0	0	
3.6449120777e+01	56	4	139	6	0	500	500	0	500	500	500	0	0	0	
3.6993466666e+01	57	4	140	5	4	496	500	0	500	500	500	0	0	0	
3.7485585689e+01	58	3	144	4	2	498	500	0	500	500	500	0	0	0	
3.7987378776e+01	58	4	143	5	3	497	500	0	500	500	500	0	0	0	
3.8470165844e+01	59	4	145	4	3	497	500	0	500	500	500	0	0	0	
3.8985109330e+01	62	1	146	3	0	500	500	0	500	500	500	0	0	0	
3.9452432192e+01	63	1	153	0	1	499	500	0	500	500	500	0	0	0	
3.9968530326e+01	63	4	149	4	1	499	500	0	500	500	500	0	0	0	
4.0469003062e+01	63	4	152	1	2	498	500	0	500	500	500	0	0	0	
4.0992602595e+01	64	3	155	3	2	498	500	0	500	500	500	0	0	0	
4.1498021608e+01	64	3	154	3	1	499	500	0	500	500	500	0	0	0	
4.1837889329e+01	65	4	157	1	0	500	500	0	500	500	500	0	0	0	
4.2434870590e+01	67	3	162	0	0	500	500	0	500	500	500	0	0	0	
4.2993552739e+01	67	5	164	1	1	499	500	0	500	500	500	0	0	0	
4.3488800802e+01	68	5	161	6	2	498	500	0	500	500	500	0	0	0	
4.3987175751e+01	68	6	166	2	1	499	500	0	500	500	500	0	0	0	
4.4492408109e+01	67	8	164	5	1	499	500	0	500	500	500	0	0	0	
4.4996928669e+01	68	7	162	8	3	497	500	0	500	500	500	0	0	0	
4.5494713020e+01	71	4	169	2	3	497	500	0	500	500	500	0	0	0	
4.5960933822e+01	74	1	167	3	0	500	500	0	500	500	500	0	0	0	
4.6470995044e+01	75	0	169	1	0	500	500	0	500	500	500	0	0	0	
4.6994901763e+01	75	1	171	0	2	498	500	0	500	500	500	0	0	0	
4.7446839501e+01	76	1	175	0	1	499	500	0	500	500	500	0	0	0	
4.7990475373e+01	77	0	177	0	0	500	500	0	500	500	500	0	0	0	
4.8467587579e+01	77	2	180	3	0	500	500	0	500	500	500	0	0	0	
4.8909561536e+01	77	2	182	1	0	500	500	0	500	500	500	0	0	0	
4.9480695030e+01	77	4	183	1	0	500	500	0	500	500	500	0	0	0	
4.9993033112e+01	77	3	182	4	3	497	500	0	500	500	500	0	0	0	
5.0494284026e+01	78	3	184	2	1	499	500	0	500	500	500	0	0	0	
5.0924716737e+01	78	3	184	4	2	498	500	0	500	500	500	0	0	0	
5.1495340067e+01	78	5	187	3	2	498	500	0	500	500	500	0	0	0	
5.1959771290e+01	80	2	184	4	1	499	500	0	500	500	500	0	0	0	
5.2446918996e+01	80	3	189	2	0	500	500	0	500	500	500	0	0	0	
5.2941398221e+01	82	1	192	1	0	500	500	0	500	500	500	0	0	0	
5.3499057967e+01	82	1	197	1	1	499	500	0	500	500	500	0	0	0	
5.3853814889e+01	82	1	197	1	1	499	500	0	500	500	500	0	0	0	
5.4495900664e+01	82	3	199	0	1	499	500	0	500	500	500	0	0	0	
5.4931649757e+01	83	3	195	3	3	497	500	0	500	500	500	0	0	0	
5.5491258176e+01	83	6	202	3	2	498	500	0	500	500	500	0	0	0	
5.5980587450e+01	86	3	203	4	3	497	500	0	500	500	500	0	0	0	
5.6484745549e+01	86	4	201	3	3	497	500	0	500	500	500	0	0	0	
5.6912340426e+01	89	3	204	0	1	499	500	0	500	500	500	0	0	0	
5.7495693783e+01	90	5	200	4	2	498	500	0	500	500	500	0	0	0	
5.7944084520e+01	90	5	202	3	1	499	500	0	500	500	500	0	0	0	
5.8498498547e+01	92	5	207	1	1	499	500	0	500	500	500	0	0	0	
5.8997765622e+01	93	6	203	6	3	497	500	0	500	500	500	0	0	0	
5.9495554635e+01	96	4	212	2	2	498	500	0	500	500	500	0	0	0	
5.9968822480e+01	97	4	211	0	0	500	500	0	500	500	500	0	0	0	
6.0489858327e+01	98	5	205	5	3	497	500	0	500	500	500	0	0	0	
6.0983172712e+01	99	5	203	5	2	498	500	0	500	500	500	0	0	0	
6.1495171526e+01	101	3	204	5	1	499	500	0	500	500	500	0	0	0	
6.1988174308e+01	102	4	207	3	2	498	500	0	500	500	500	0	0	0	
6.2497007310e+01	102	4	208	4	1	499	500	0	500	500	500	0	0	0	
6.2997134580e+01	102	5	211	6	1	499	500	0	500	500	500	0	0	0	
6.3481386749e+01	102	6	212	6	2	498	500	0	500	500	500	0	0	0	
6.3950306531e+01	104	4	218	4	2	498	500	0	500	500	500	0	0	0	
6.4480228049e+01	106	5	223	1	2	498	500	0	500	500	500	0	0	0	
6.4971951413e+01	110	1	225	1	1	499	500	0	500	500	500	0	0	0	
6.5467838525e+01	110	2	225	2	1	499	500	0	500	500	500	0	0	0	
6.5993728173e+01	111	2	230	1	1	499	500	0	500	500	500	0	0	0	
6.6465152509e+01	110	3	231	2	1	499	500	0	500	500	500	0	0	0	
6.6982063178e+01	111	3	231	3	1	499	500	0	500	500	500	0	0	0	
6.7469519071e+01	111	3	233	3	1	499	500	0	500	500	500	0	0	0	
6.7982167573e+01	112	3	232	4	1	499	500	0	500	500	500	0	0	0	
6.8454277922e+01	114	2	235	1	1	499	500	0	500	500	500	0	0	0	
6.8986271356e+01	115	2	233	3	0	500	500	0	500	500	500	0	0	0	
6.9494503579e+01	115	2	235	2	1	499	500	0	500	500	500	0	0	0	
6.9992642210e+01	116	2	237	1	1	499	500	0	500	500	500	0	0	0	
7.0435634147e+01	116	3	236	2	0	500	500	0	500	500	500	0	0	0	
7.0987582011e+01	118	2	238	2	2	498	500	0	500	500	500	0	0	0	
7.1461879875e+01	118	2	243	0	1	499	500	0	500	500	500	0	0	0	
7.1985213827e+01	117	3	241	3	0	500	500	0	500	500	500	0	0	0	
7.2494326543e+01	117	4	238	4	1	499	500	0	500	500	500	0	0	0	
7.2941081043e+01	120	2	240	4	1	499	500	0	500	500	500	0	0	0	
7.3455534853e+01	119	4	242	4	1	499	500	0	500	500	500	0	0	0	
7.3981991117e+01	120	3	246	4	2	498	500	0	500	500	500	0	0	0	
7.4490023006e+01	120	4	247	4	0	500	500	0	500	500	500	0	0	0	
7.4979093808e+01	122	3	247	1	3	497	500	0	500	500	500	0	0	0	
7.5481866749e+01	122	4	250	1	2	498	500	0	500	500	500	0	0	0	
7.5999909130e+01	122	4	250	3	2	498	500	0	500	500	500	0	0	0	
7.6494082969e+01	124	3	253	0	1	499	500	0	500	500	500	0	0	0	
7.6986486164e+01	125	5	253	2	0	500	500	0	500	500	500	0	0	0	
7.7472113257e+01	127	5	255	1	0	500	500	0	500	500	500	0	0	0	
7.7988212504e+01	128	5	254	4	0	500	500	0	500	500	500	0	0	0	
7.8495836610e+01	128	5	255	2	3	497	500	0	500	500	500	0	0	0	
7.8990832921e+01	129	5	257	1	5	495	500	0	500	500	500	0	0	0	
7.9486664714e+01	130	3	254	4	4	496	500	0	500	500	500	0	0	0	
7.9967580992e+01	130	4	256	1	1	499	500	0	500	500	500	0	0	0	
8.0492108839e+01	131	4	255	2	3	497	500	0	500	500	500	0	0	0	
8.0945237176e+01	131	7	256	2	4	496	500	0	500	500	500	0	0	0	
8.1497459950e+01	131	8	250	6	7	493	500	0	500	500	500	0	0	0	
8.1995904027e+01	134	5	253	5	2	498	500	0	500	500	500	0	0	0	
8.2435092877e+01	136	4	255	3	3	497	500	0	500	500	500	0	0	0	
8.2986366385e+01	136	5	257	5	4	496	500	0	500	500	500	0	0	0	
8.3476752779e+01	138	4	261	4	1	499	500	0	500	500	500	0	0	0	
8.3973644335e+01	138	5	266	2	3	497	500	0	500	500	500	0	0	0	
8.4488780884e+01	138	4	262	4	4	496	500	0	500	500	500	0	0	0	
8.4971163453e+01	138	4	266	1	2	498	500	0	500	500	500	0	0	0	
8.5479993432e+01	137	6	260	6	8	492	500	0	500	500	500	0	0	0	
8.5983334545e+01	140	4	260	5	5	495	500	0	500	500	500	0	0	0	
8.6492967053e+01	142	2	260	3	1	499	500	0	500	500	500	0	0	0	
8.6998702153e+01	142	2	260	4	2	498	500	0	500	500	500	0	0	0	
8.7497905218e+01	142	4	260	3	1	499	500	0	500	500	500	0	0	0	
8.7973636642e+01	144	3	261	2	1	499	500	0	500	500	500	0	0	0	
8.8492797033e+01	144	6	259	6	5	495	500	0	500	500	500	0	0	0	
8.8920738837e+01	144	7	262	2	4	496	500	0	500	500	500	0	0	0	
8.9496448259e+01	147	5	254	8	3	497	500	0	500	500	500	0	0	0	
8.9955973838e+01	148	4	263	2	1	499	500	0	500	500	500	0	0	0	
9.0484355593e+01	148	6	261	3	2	498	500	0	500	500	500	0	0	0	
9.0969233056e+01	151	5	261	4	3	497	500	0	500	500	500	0	0	0	
9.1481279384e+01	151	5	264	3	1	499	500	0	500	500	500	0	0	0	
9.1991883310e+01	153	3	262	4	5	495	500	0	500	500	500	0	0	0	
9.2488692674e+01	153	3	264	3	4	496	500	0	500	500	500	0	0	0	
9.2938857853e+01	153	4	265	1	4	496	500	0	500	500	500	0	0	0	
9.3473184284e+01	154	4	262	4	1	499	500	0	500	500	500	0	0	0	
9.3995079651e+01	154	5	257	6	2	498	500	0	500	500	500	0	0	0	
9.4481461765e+01	155	4	260	4	3	497	500	0	500	500	500	0	0	0	
9.4981537751e+01	155	6	259	9	4	496	500	0	500	500	500	0	0	0	
9.5490607148e+01	155	6	265	4	3	497	500	0	500	500	500	0	0	0	
9.5983446768e+01	154	5	264	5	1	499	500	0	500	500	500	0	0	0	
9.6498561537e+01	155	6	264	5	1	499	500	0	500	500	500	0	0	0	
9.6996420030e+01	155	7	267	5	2	498	500	0	500	500	500	0	0	0	
9.7493375002e+01	155	7	270	7	5	495	500	0	500	500	500	0	0	0	
9.7998584365e+01	158	6	276	3	5	495	500	0	500	500	500	0	0	0	
9.8497844111e+01	159	5	274	3	7	493	500	0	500	500	500	0	0	0	
9.8989186830e+01	160	5	275	4	1	499	500	0	500	500	500	0	0	0	
9.9482741229e+01	163	2	272	3	0	500	500	0	500	500	500	0	0	0	
9.9968511057e+01	163	4	272	0	1	499	500	0	500	500	500	0	0	0	
1.0049439955e+02	164	5	271	2	2	498	500	0	500	500	500	0	0	0	
1.0099434688e+02	164	4	271	3	6	494	500	0	500	500	500	0	0	0	
1.0149524768e+02	165	3	270	6	3	497	500	0	500	500	500	0	0	0	
1.0199037539e+02	166	2	275	3	1	499	500	0	500	500	500	0	0	0	
1.0249601899e+02	165	3	276	3	2	498	500	0	500	500	500	0	0	0	
1.0298549875e+02	166	4	277	4	0	500	500	0	500	500	500	0	0	0	
1.0349782881e+02	167	2	279	1	1	499	500	0	500	500	500	0	0	0	
1.0393439502e+02	167	2	277	3	1	499	500	0	500	500	500	0	0	0	
1.0449913291e+02	167	3	278	2	2	498	500	0	500	500	500	0	0	0	
1.0499985126e+02	166	2	276	5	2	498	500	0	500	500	500	0	0	0	
1.0548272905e+02	167	2	280	6	0	500	500	0	500	500	500	0	0	0	
1.0599063212e+02	168	2	284	6	2	498	500	0	500	500	500	0	0	0	
1.0642159673e+02	168	2	289	3	1	499	500	0	500	500	500	0	0	0	
1.0695492276e+02	166	4	287	6	1	499	500	0	500	500	500	0	0	0	
1.0749486573e+02	165	4	290	4	1	499	500	0	500	500	500	0	0	0	
1.0799798677e+02	166	3	290	5	2	498	500	0	500	500	500	0	0	0	
1.0847099986e+02	166	3	292	8	1	499	500	0	500	500	500	0	0	0	
1.0896737468e+02	168	3	296	6	2	498	500	0	500	500	500	0	0	0	
1.0948133511e+02	169	3	301	7	1	499	500	0	500	500	500	0	0	0	
1.0996250553e+02	170	2	308	0	1	499	500	0	500	500	500	0	0	0	
1.1049684244e+02	172	2	310	0	1	499	500	0	500	500	500	0	0	0	
1.1097655300e+02	171	4	307	3	4	496	500	0	500	500	500	0	0	0	
1.1149402302e+02	171	4	304	3	5	495	500	0	500	500	500	0	0	0	
1.1199595156e+02	171	6	306	2	8	492	500	0	500	500	500	0	0	0	
1.1249548261e+02	172	7	306	3	1	499	500	0	500	500	500	0	0	0	
1.1299869408e+02	173	6	309	3	4	496	500	0	500	500	500	0	0	0	
1.1349069877e+02	174	5	307	8	2	498	500	0	500	500	500	0	0	0	
1.1399158257e+02	176	7	311	9	3	497	500	0	500	500	500	0	0	0	
1.1445651455e+02	179	4	317	3	4	496	500	0	500	500	500	0	0	0	
1.1497313273e+02	179	6	314	5	2	498	500	0	500	500	500	0	0	0	
1.1549962687e+02	181	6	315	8	3	497	500	0	500	500	500	0	0	0	
1.1599043807e+02	183	6	317	7	4	496	500	0	500	500	500	0	0	0	
1.1646792959e+02	185	4	317	3	2	498	500	0	500	500	500	0	0	0	
1.1698867676e+02	185	4	321	3	2	498	500	0	500	500	500	0	0	0	
1.1749158783e+02	186	6	315	10	5	495	500	0	500	500	500	0	0	0	
1.1799884535e+02	185	8	320	7	4	496	500	0	500	500	500	0	0	0	
1.1849098809e+02	188	6	323	3	5	495	500	0	500	500	500	0	0	0	
1.1898270467e+02	191	4	322	3	3	497	500	0	500	500	500	0	0	0	
1.1949987926e+02	193	3	321	2	2	498	500	0	500	500	500	0	0	0	
1.1997317545e+02	193	6	321	1	2	498	500	0	500	500	500	0	0	0	
1.2049544637e+02	194	8	315	9	4	496	500	0	500	500	500	0	0	0	
1.2098578080e+02	197	7	316	10	10	490	500	0	500	500	500	0	0	0	
1.2148929765e+02	198	7	323	7	7	493	500	0	500	500	500	0	0	0	
1.2199996493e+02	198	6	319	11	3	497	500	0	500	500	500	0	0	0	
1.2249664258e+02	198	7	324	6	1	499	500	0	500	500	500	0	0	0	
1.2298675574e+02	198	8	324	3	4	496	500	0	500	500	500	0	0	0	
1.2346818180e+02	200	6	322	4	0	500	500	0	500	500	500	0	0	0	
1.2398889889e+02	201	5	324	3	2	498	500	0	500	500	500	0	0	0	
1.2447976924e+02	205	2	326	4	2	498	500	0	500	500	500	0	0	0	
1.2493119946e+02	206	2	327	1	0	500	500	0	500	500	500	0	0	0	
1.2548998142e+02	206	6	324	1	2	498	500	0	500	500	500	0	0	0	
1.2599498062e+02	208	5	319	6	3	497	500	0	500	500	500	0	0	0	
1.2648128760e+02	207	6	324	2	1	499	500	0	500	500	500	0	0	0	
1.2699759961e+02	208	5	318	8	3	497	500	0	500	500	500	0	0	0	
1.2749597971e+02	209	4	324	3	6	494	500	0	500	500	500	0	0	0	
1.2799168266e+02	210	4	324	2	4	496	500	0	500	500	500	0	0	0	
1.2846023637e+02	211	3	328	4	5	495	500	0	500	500	500	0	0	0	
1.2899983693e+02	212	3	330	3	3	497	500	0	500	500	500	0	0	0	
1.2946305476e+02	212	3	328	5	4	496	500	0	500	500	500	0	0	0	
1.2999762021e+02	213	3	336	0	3	497	500	0	500	500	500	0	0	0	
1.3041334336e+02	214	3	335	0	1	499	500	0	500	500	500	0	0	0	
1.3098088179e+02	216	4	331	3	0	500	500	0	500	500	500	0	0	0	
1.3149813232e+02	217	3	334	3	2	498	500	0	500	500	500	0	0	0	
1.3193109425e+02	218	2	337	2	0	500	500	0	500	500	500	0	0	0	
1.3247375087e+02	218	6	339	0	0	500	500	0	500	500	500	0	0	0	
1.3299981752e+02	221	8	331	6	2	498	500	0	500	500	500	0	0	0	
1.3347682905e+02	221	7	334	5	5	495	500	0	500	500	500	0	0	0	
1.3399533963e+02	221	8	330	10	6	494	500	0	500	500	500	0	0	0	
1.3449835031e+02	222	9	336	5	3	497	500	0	500	500	500	0	0	0	
1.3497922685e+02	224	8	337	7	1	499	500	0	500	500	500	0	0	0	
1.3549570301e+02	225	9	336	7	3	497	500	0	500	500	500	0	0	0	
1.3599638616e+02	226	8	337	8	4	496	500	0	500	500	500	0	0	0	
1.3649764974e+02	228	5	343	5	3	497	500	0	500	500	500	0	0	0	
1.3698090434e+02	229	4	347	2	3	497	500	0	500	500	500	0	0	0	
1.3749053571e+02	231	4	351	2	1	499	500	0	500	500	500	0	0	0	
1.3799145519e+02	230	5	346	8	1	499	500	0	500	500	500	0	0	0	
1.3848324447e+02	230	5	348	6	0	500	500	0	500	500	500	0	0	0	
1.3898189728e+02	229	7	350	5	3	497	500	0	500	500	500	0	0	0	
1.3949254397e+02	233	4	354	1	3	497	500	0	500	500	500	0	0	0	
1.3999007490e+02	233	6	351	5	2	498	500	0	500	500	500	0	0	0	
1.4049771068e+02	235	7	350	5	8	492	500	0	500	500	500	0	0	0	
1.4099876436e+02	237	5	351	4	2	498	500	0	500	500	500	0	0	0	
1.4144602098e+02	239	4	344	8	3	497	500	0	500	500	500	0	0	0	
1.4197376485e+02	240	6	341	12	6	494	500	0	500	500	500	0	0	0	
1.4248565888e+02	240	6	341	9	4	496	500	0	500	500	500	0	0	0	
1.4299730471e+02	241	5	344	5	1	499	500	0	500	500	500	0	0	0	
1.4349526113e+02	240	5	349	3	3	497	500	0	500	500	500	0	0	0	
1.4399947972e+02	238	6	349	3	6	494	500	0	500	500	500	0	0	0	
1.4449429552e+02	239	7	349	4	6	494	500	0	500	500	500	0	0	0	
1.4499989853e+02	238	9	347	9	4	496	500	0	500	500	500	0	0	0	
1.4549154452e+02	239	9	348	10	7	493	500	0	500	500	500	0	0	0	
1.4598895939e+02	237	12	352	5	6	494	500	0	500	500	500	0	0	0	
1.4649807283e+02	238	11	351	11	4	496	500	0	500	500	500	0	0	0	
1.4699878737e+02	238	13	353	8	7	493	500	0	500	500	500	0	0	0	
1.4748915804e+02	243	9	350	9	5	495	500	0	500	500	500	0	0	0	
1.4798489283e+02	243	9	356	5	8	492	500	0	500	500	500	0	0	0	
1.4849434488e+02	241	11	357	8	6	494	500	0	500	500	500	0	0	0	
1.4898474319e+02	242	13	354	12	7	493	500	0	500	500	500	0	0	0	
1.4948395375e+02	244	12	356	10	11	489	500	0	500	500	500	0	0	0	
1.4998664332e+02	249	8	355	11	4	496	500	0	500	500	500	0	0	0	
1.5048692871e+02	249	8	364	6	8	492	500	0	500	500	500	0	0	0	
1.5098726343e+02	249	10	363	6	5	495	500	0	500	500	500	0	0	0	
1.5149666886e+02	248	11	362	5	7	493	500	0	500	500	500	0	0	0	
1.5199650038e+02	247	13	352	12	6	494	500	0	500	500	500	0	0	0	
1.5248721219e+02	246	16	351	13	7	493	500	0	500	500	500	0	0	0	
1.5298515543e+02	252	10	354	9	6	494	500	0	500	500	500	0	0	0	
1.5348810189e+02	251	13	360	4	0	500	500	0	500	500	500	0	0	0	
1.5398290044e+02	256	8	358	4	5	495	500	0	500	500	500	0	0	0	
1.5448818004e+02	256	9	353	9	5	495	500	0	500	500	500	0	0	0	
1.5499632288e+02	258	8	357	4	7	493	500	0	500	500	500	0	0	0	
1.5547581834e+02	260	8	353	6	4	496	500	0	500	500	500	0	0	0	
1.5599531289e+02	262	6	357	4	9	491	500	0	500	500	500	0	0	0	
1.5647969502e+02	263	6	354	5	6	494	500	0	500	500	500	0	0	0	
1.5698979834e+02	263	6	350	8	0	500	500	0	500	500	500	0	0	0	
1.5748522940e+02	263	7	349	12	0	500	500	0	500	500	500	0	0	0	
1.5797497893e+02	264	7	351	10	4	496	500	0	500	500	500	0	0	0	
1.5848661512e+02	264	8	356	6	2	498	500	0	500	500	500	0	0	0	
1.5897618586e+02	264	8	357	6	2	498	500	0	500	500	500	0	0	0	
1.5949931508e+02	263	10	357	5	6	494	500	0	500	500	500	0	0	0	
1.5999583890e+02	264	9	354	7	1	499	500	0	500	500	500	0	0	0	
1.6047828036e+02	264	11	353	9	10	490	500	0	500	500	500	0	0	0	
1.6099854176e+02	265	12	351	8	4	496	500	0	500	500	500	0	0	0	
1.6149977974e+02	267	10	350	7	4	496	500	0	500	500	500	0	0	0	
1.6197923292e+02	271	6	350	8	3	497	500	0	500	500	500	0	0	0	
1.6249960920e+02	271	9	345	9	3	497	500	0	500	500	500	0	0	0	
1.6299811981e+02	275	5	347	9	0	500	500	0	500	500	500	0	0	0	
1.6344712005e+02	275	5	352	4	2	498	500	0	500	500	500	0	0	0	
1.6398801891e+02	276	5	355	2	4	496	500	0	500	500	500	0	0	0	
1.6449719305e+02	277	5	349	6	0	500	500	0	500	500	500	0	0	0	
1.6497782587e+02	278	2	347	8	0	500	500	0	500	500	500	0	0	0	
1.6549849978e+02	278	1	353	5	1	499	500	0	500	500	500	0	0	0	
1.6598794236e+02	277	1	351	4	1	499	500	0	500	500	500	0	0	0	
1.6649634747e+02	277	1	356	2	0	500	500	0	500	500	500	0	0	0	
1.6693900434e+02	278	0	356	3	0	500	500	0	500	500	500	0	0	0	
1.6746150589e+02	278	1	352	7	2	498	500	0	500	500	500	0	0	0	
1.6798916680e+02	276	4	359	4	1	499	500	0	500	500	500	0	0	0	
1.6849925682e+02	276	7	359	3	7	493	500	0	500	500	500	0	0	0	
1.6899288368e+02	278	5	360	4	3	497	500	0	500	500	500	0	0	0	
1.6948877329e+02	278	5	361	3	2	498	500	0	500	500	500	0	0	0	
1.6998802401e+02	278	7	362	2	6	494	500	0	500	500	500	0	0	0	
1.7049742934e+02	278	8	355	6	4	496	500	0	500	500	500	0	0	0	
1.7099625296e+02	278	8	354	10	0	500	500	0	500	500	500	0	0	0	
1.7149522879e+02	276	11	361	7	6	494	500	0	500	500	500	0	0	0	
1.7199442183e+02	279	8	365	4	8	492	500	0	500	500	500	0	0	0	
1.7249525007e+02	278	9	363	4	5	495	500	0	500	500	500	0	0	0	
1.7297501045e+02	279	8	363	5	4	496	500	0	500	500	500	0	0	0	
1.7348407903e+02	281	6	365	3	6	494	500	0	500	500	500	0	0	0	
1.7395241373e+02	283	4	364	6	1	499	500	0	500	500	500	0	0	0	
1.7449350772e+02	283	5	369	1	2	498	500	0	500	500	500	0	0	0	
1.7498562204e+02	284	4	369	2	1	499	500	0	500	500	500	0	0	0	
1.7547874494e+02	284	4	368	4	1	499	500	0	500	500	500	0	0	0	
1.7597876704e+02	284	7	370	2	3	497	500	0	500	500	500	0	0	0	
1.7649783760e+02	285	10	363	10	7	493	500	0	500	500	500	0	0	0	
1.7699759002e+02	286	9	367	8	4	496	500	0	500	500	500	0	0	0	
1.7749502260e+02	287	9	367	7	3	497	500	0	500	500	500	0	0	0	
1.7798652630e+02	288	8	371	6	7	493	500	0	500	500	500	0	0	0	
1.7847719327e+02	289	7	364	12	3	497	500	0	500	500	500	0	0	0	
1.7899826938e+02	288	8	368	10	5	495	500	0	500	500	500	0	0	0	
1.7947165413e+02	289	8	371	9	5	495	500	0	500	500	500	0	0	0	
1.7999954561e+02	290	7	375	5	2	498	500	0	500	500	500	0	0	0	
1.8047669052e+02	292	6	376	6	1	499	500	0	500	500	500	0	0	0	
1.8099567783e+02	292	9	371	10	2	498	500	0	500	500	500	0	0	0	
1.8145885390e+02	293	8	369	11	4	496	500	0	500	500	500	0	0	0	
1.8198493592e+02	294	9	373	9	8	492	500	0	500	500	500	0	0	0	
1.8249138777e+02	296	7	366	17	8	492	500	0	500	500	500	0	0	0	
1.8296237115e+02	297	6	374	10	10	490	500	0	500	500	500	0	0	0	
1.8348122636e+02	295	8	369	14	4	496	500	0	500	500	500	0	0	0	
1.8399620100e+02	295	9	371	16	4	496	500	0	500	500	500	0	0	0	
1.8449745556e+02	295	11	369	15	6	494	500	0	500	500	500	0	0	0	
1.8498985490e+02	295	11	374	14	4	496	500	0	500	500	500	0	0	0	
1.8549844880e+02	295	11	373	13	7	493	500	0	500	500	500	0	0	0	
1.8598342979e+02	298	8	375	9	5	495	500	0	500	500	500	0	0	0	
1.8649183281e+02	300	7	377	8	5	495	500	0	500	500	500	0	0	0	
1.8699832073e+02	300	9	378	11	9	491	500	0	500	500	500	0	0	0	
1.8748822283e+02	302	7	382	5	5	495	500	0	500	500	500	0	0	0	
1.8798869913e+02	301	8	377	11	6	494	500	0	500	500	500	0	0	0	
1.8848390448e+02	301	9	378	11	3	497	500	0	500	500	500	0	0	0	
1.8897046379e+02	302	11	378	11	5	495	500	0	500	500	500	0	0	0	
1.8948686830e+02	304	9	378	11	5	495	500	0	500	500	500	0	0	0	
1.8999559889e+02	308	6	382	8	2	498	500	0	500	500	500	0	0	0	
1.9049636392e+02	308	7	382	9	7	493	500	0	500	500	500	0	0	0	
1.9098949899e+02	307	8	385	7	6	494	500	0	500	500	500	0	0	0	
1.9147136093e+02	307	8	386	10	2	498	500	0	500	500	500	0	0	0	
1.9199799465e+02	311	5	391	7	8	492	500	0	500	500	500	0	0	0	
1.9248474954e+02	311	5	393	7	2	498	500	0	500	500	500	0	0	0	
1.9298206666e+02	310	7	392	6	2	498	500	0	500	500	500	0	0	0	
1.9346993864e+02	310	7	395	3	2	498	500	0	500	500	500	0	0	0	
1.9399703042e+02	310	7	397	2	6	494	500	0	500	500	500	0	0	0	
1.9449948867e+02	310	9	394	6	7	493	500	0	500	500	500	0	0	0	
1.9499366174e+02	317	3	392	8	4	496	500	0	500	500	500	0	0	0	
1.9549447465e+02	317	5	393	5	2	498	500	0	500	500	500	0	0	0	
1.9597881162e+02	316	8	396	4	3	497	500	0	500	500	500	0	0	0	
1.9649492111e+02	315	9	392	9	2	498	500	0	500	500	500	0	0	0	
1.9699156850e+02	315	8	394	11	2	498	500	0	500	500	500	0	0	0	
1.9748926792e+02	317	7	393	13	4	496	500	0	500	500	500	0	0	0	
1.9799762554e+02	319	5	397	7	3	497	500	0	500	500	500	0	0	0	
1.9848691976e+02	319	4	396	3	6	494	500	0	500	500	500	0	0	0	
1.9899918423e+02	319	4	397	3	2	498	500	0	500	500	500	0	0	0	
1.9945888660e+02	319	4	401	2	4	496	500	0	500	500	500	0	0	0	
1.9998897959e+02	319	3	395	7	8	492	500	0	500	500	500	0	0	0	
2.0041159490e+02	320	1	398	4	2	498	500	0	500	500	500	0	0	0	
2.0097150918e+02	318	1	399	2	1	499	500	0	500	500	500	0	0	0	
2.0147341174e+02	318	1	396	3	0	500	500	0	500	500	500	0	0	0	
2.0195436788e+02	318	1	397	3	2	498	500	0	500	500	500	0	0	0	
2.0249738840e+02	319	0	400	4	2	498	500	0	500	500	500	0	0	0	
2.0297585588e+02	319	1	402	1	2	498	500	0	500	500	500	0	0	0	
2.0349316172e+02	319	1	400	4	2	498	500	0	500	500	500	0	0	0	
2.0392670738e+02	319	1	401	1	1	499	500	0	500	500	500	0	0	0	
2.0449661289e+02	319	0	398	3	2	498	500	0	500	500	500	0	0	0	
2.0498756821e+02	317	1	394	7	2	498	500	0	500	500	500	0	0	0	
2.0548379388e+02	317	2	393	3	1	499	500	0	500	500	500	0	0	0	
2.0599960294e+02	318	1	390	6	3	497	500	0	500	500	500	0	0	0	
2.0647381048e+02	318	2	393	3	3	497	500	0	500	500	500	0	0	0	
2.0698509580e+02	318	3	393	2	0	500	500	0	500	500	500	0	0	0	
2.0746951662e+02	319	3	388	5	3	497	500	0	500	500	500	0	0	0	
2.0798482337e+02	318	4	391	3	2	498	500	0	500	500	500	0	0	0	
2.0849619080e+02	317	6	386	7	1	499	500	0	500	500	500	0	0	0	
2.0899645631e+02	316	7	388	7	5	495	500	0	500	500	500	0	0	0	
2.0949829898e+02	316	7	384	10	1	499	500	0	500	500	500	0	0	0	
2.0998533874e+02	317	6	389	5	9	491	500	0	500	500	500	0	0	0	
2.1046584043e+02	317	5	388	5	4	496	500	0	500	500	500	0	0	0	
2.1098295576e+02	317	6	387	4	1	499	500	0	500	500	500	0	0	0	
2.1149196383e+02	317	8	387	4	1	499	500	0	500	500	500	0	0	0	
2.1196938913e+02	317	9	384	5	4	496	500	0	500	500	500	0	0	0	
2.1249329943e+02	319	9	379	9	4	496	500	0	500	500	500	0	0	0	
2.1299987111e+02	319	10	381	9	2	498	500	0	500	500	500	0	0	0	
2.1348809475e+02	319	11	380	10	8	492	500	0	500	500	500	0	0	0	
2.1398761397e+02	321	9	382	9	8	492	500	0	500	500	500	0	0	0	
2.1449781978e+02	323	8	387	4	7	493	500	0	500	500	500	0	0	0	
2.1499758603e+02	323	9	388	4	5	495	500	0	500	500	500	0	0	0	
2.1549734080e+02	324	8	387	5	5	495	500	0	500	500	500	0	0	0	
2.1599979485e+02	323	8	388	7	5	495	500	0	500	500	500	0	0	0	
2.1649737867e+02	324	8	389	5	5	495	500	0	500	500	500	0	0	0	
2.1699858501e+02	326	6	385	6	2	498	500	0	500	500	500	0	0	0	
2.1749459147e+02	330	2	389	3	6	494	500	0	500	500	500	0	0	0	
2.1799954042e+02	331	1	386	6	3	497	500	0	500	500	500	0	0	0	
2.1847455968e+02	331	2	392	4	5	495	500	0	500	500	500	0	0	0	
2.1899874314e+02	331	5	388	6	5	495	500	0	500	500	500	0	0	0	
2.1949007582e+02	332	5	392	2	4	496	500	0	500	500	500	0	0	0	
2.1998931248e+02	337	0	389	6	1	499	500	0	500	500	500	0	0	0	
2.2048545553e+02	338	1	392	4	2	498	500	0	500	500	500	0	0	0	
2.2098640862e+02	338	1	396	4	2	498	500	0	500	500	500	0	0	0	
2.2148853351e+02	338	2	399	2	2	498	500	0	500	500	500	0	0	0	
2.2196478043e+02	337	2	398	5	1	499	500	0	500	500	500	0	0	0	
2.2248062207e+02	337	3	398	3	0	500	500	0	500	500	500	0	0	0	
2.2299770764e+02	336	4	395	4	5	495	500	0	500	500	500	0	0	0	
2.2348306787e+02	337	3	393	6	2	498	500	0	500	500	500	0	0	0	
2.2396972846e+02	338	3	393	7	3	497	500	0	500	500	500	0	0	0	
2.2449240182e+02	338	4	394	7	2	498	500	0	500	500	500	0	0	0	
2.2499885947e+02	337	7	398	5	3	497	500	0	500	500	500	0	0	0	
2.2547793679e+02	338	6	390	9	0	500	500	0	500	500	500	0	0	0	
2.2598834836e+02	338	6	394	5	3	497	500	0	500	500	500	0	0	0	
2.2649772737e+02	336	8	397	7	6	494	500	0	500	500	500	0	0	0	
2.2699252559e+02	335	8	396	9	2	498	500	0	500	500	500	0	0	0	
2.2749767564e+02	334	9	399	7	6	494	500	0	500	500	500	0	0	0	
2.2799641359e+02	336	7	401	7	1	499	500	0	500	500	500	0	0	0	
2.2849871189e+02	336	7	403	5	5	495	500	0	500	500	500	0	0	0	
2.2899355280e+02	339	6	409	2	3	497	500	0	500	500	500	0	0	0	
2.2949111980e+02	337	9	409	4	6	494	500	0	500	500	500	0	0	0	
2.2999591544e+02	334	11	407	4	8	492	500	0	500	500	500	0	0	0	
2.3049202755e+02	337	9	407	5	11	489	500	0	500	500	500	0	0	0	
2.3099842649e+02	336	13	395	15	5	495	500	0	500	500	500	0	0	0	
2.3148406709e+02	338	12	391	18	5	495	500	0	500	500	500	0	0	0	
2.3199919264e+02	342	9	403	6	4	496	500	0	500	500	500	0	0	0	
2.3249719194e+02	344	7	406	5	6	494	500	0	500	500	500	0	0	0	
2.3299683816e+02	345	5	407	5	2	498	500	0	500	500	500	0	0	0	
2.3348939490e+02	346	6	407	6	4	496	500	0	500	500	500	0	0	0	
2.3398999446e+02	345	10	396	17	3	497	500	0	500	500	500	0	0	0	
2.3449199980e+02	349	7	399	12	2	498	500	0	500	500	500	0	0	0	
2.3499755982e+02	351	6	399	13	4	496	500	0	500	500	500	0	0	0	
2.3549437467e+02	351	6	404	9	4	496	500	0	500	500	500	0	0	0	
2.3599641880e+02	352	8	400	13	2	498	500	0	500	500	500	0	0	0	
2.3648943153e+02	352	9	406	8	3	497	500	0	500	500	500	0	0	0	
2.3699943280e+02	355	7	404	11	4	496	500	0	500	500	500	0	0	0	
2.3749932928e+02	357	5	407	10	2	498	500	0	500	500	500	0	0	0	
2.3797083556e+02	355	6	414	4	1	499	500	0	500	500	500	0	0	0	
2.3848158674e+02	352	9	408	10	3	497	500	0	500	500	500	0	0	0	
2.3899811983e+02	353	9	418	3	11	489	500	0	500	500	500	0	0	0	
2.3949665852e+02	355	8	409	12	7	493	500	0	500	500	500	0	0	0	
2.3994197573e+02	357	6	416	6	2	498	500	0	500	500	500	0	0	0	
2.4049228752e+02	358	5	420	4	3	497	500	0	500	500	500	0	0	0	
2.4099256590e+02	358	7	415	8	1	499	500	0	500	500	500	0	0	0	
2.4149214074e+02	361	7	416	7	5	495	500	0	500	500	500	0	0	0	
2.4197110305e+02	362	6	417	9	2	498	500	0	500	500	500	0	0	0	
2.4249911829e+02	360	9	422	5	10	490	500	0	500	500	500	0	0	0	
2.4298624948e+02	360	8	422	4	2	498	500	0	500	500	500	0	0	0	
2.4347318504e+02	362	8	419	5	4	496	500	0	500	500	500	0	0	0	
2.4399905250e+02	363	7	412	12	4	496	500	0	500	500	500	0	0	0	
2.4449874425e+02	365	5	416	10	3	497	500	0	500	500	500	0	0	0	
2.4497386649e+02	366	4	417	7	2	498	500	0	500	500	500	0	0	0	
2.4548335683e+02	365	5	419	5	1	499	500	0	500	500	500	0	0	0	
2.4599760932e+02	364	8	416	6	5	495	500	0	500	500	500	0	0	0	
2.4649832715e+02	363	12	415	7	2	498	500	0	500	500	500	0	0	0	
2.4699752852e+02	365	10	417	4	4	496	500	0	500	500	500	0	0	0	
2.4749896874e+02	367	9	415	7	5	495	500	0	500	500	500	0	0	0	
2.4799771319e+02	365	11	411	11	3	497	500	0	500	500	500	0	0	0	
2.4849444769e+02	371	6	412	11	5	495	500	0	500	500	500	0	0	0	
2.4898343431e+02	370	6	417	10	6	494	500	0	500	500	500	0	0	0	
2.4943082290e+02	370	6	417	10	3	497	500	0	500	500	500	0	0	0	
2.4999462740e+02	372	5	422	6	5	495	500	0	500	500	500	0	0	0	
2.5048245843e+02	371	9	417	10	6	494	500	0	500	500	500	0	0	0	
2.5099430310e+02	368	10	416	9	4	496	500	0	500	500	500	0	0	0	
2.5149695912e+02	367	11	416	9	2	498	500	0	500	500	500	0	0	0	
2.5199101254e+02	364	15	415	10	13	487	500	0	500	500	500	0	0	0	
2.5249597489e+02	365	16	413	12	3	497	500	0	500	500	500	0	0	0	
2.5299672997e+02	367	13	412	12	7	493	500	0	500	500	500	0	0	0	
2.5349762917e+02	371	10	410	14	5	495	500	0	500	500	500	0	0	0	
2.5399434103e+02	368	13	414	11	8	492	500	0	500	500	500	0	0	0	
2.5449693305e+02	370	11	415	11	2	498	500	0	500	500	500	0	0	0	
2.5496284929e+02	370	11	417	10	4	496	500	0	500	500	500	0	0	0	
2.5549631576e+02	370	10	420	8	1	499	500	0	500	500	500	0	0	0	
2.5599293290e+02	373	7	419	10	1	499	500	0	500	500	500	0	0	0	
2.5649689175e+02	371	11	423	10	3	497	500	0	500	500	500	0	0	0	
2.5699357782e+02	369	14	419	14	2	498	500	0	500	500	500	0	0	0	
2.5748352343e+02	369	13	416	18	6	494	500	0	500	500	500	0	0	0	
2.5798457425e+02	370	11	426	6	3	497	500	0	500	500	500	0	0	0	
2.5849477396e+02	371	12	425	7	7	493	500	0	500	500	500	0	0	0	
2.5899580857e+02	371	12	419	13	5	495	500	0	500	500	500	0	0	0	
2.5949950149e+02	373	12	420	12	10	490	500	0	500	500	500	0	0	0	
2.5999248803e+02	375	9	425	8	6	494	500	0	500	500	500	0	0	0	
2.6048367116e+02	376	8	425	7	5	495	500	0	500	500	500	0	0	0	
2.6099433132e+02	376	9	428	7	7	493	500	0	500	500	500	0	0	0	
2.6147606098e+02	379	6	425	11	4	496	500	0	500	500	500	0	0	0	
2.6196064942e+02	380	6	432	6	2	498	500	0	500	500	500	0	0	0	
2.6249902942e+02	384	5	431	5	5	495	500	0	500	500	500	0	0	0	
2.6297729516e+02	385	6	434	4	6	494	500	0	500	500	500	0	0	0	
2.6349904778e+02	386	8	437	5	5	495	500	0	500	500	500	0	0	0	
2.6398975719e+02	388	10	433	9	9	491	500	0	500	500	500	0	0	0	
2.6446135919e+02	392	8	431	9	5	495	500	0	500	500	500	0	0	0	
2.6498455173e+02	394	6	436	6	4	496	500	0	500	500	500	0	0	0	
2.6546645475e+02	393	9	437	5	2	498	500	0	500	500	500	0	0	0	
2.6597555916e+02	393	10	434	8	1	499	500	0	500	500	500	0	0	0	
2.6649832753e+02	393	11	434	12	6	494	500	0	500	500	500	0	0	0	
2.6698430658e+02	397	7	438	12	5	495	500	0	500	500	500	0	0	0	
2.6749946214e+02	397	8	438	12	4	496	500	0	500	500	500	0	0	0	
2.6799761328e+02	397	10	446	5	4	496	500	0	500	500	500	0	0	0	
2.6845067436e+02	399	9	450	7	1	499	500	0	500	500	500	0	0	0	
2.6899913711e+02	400	10	441	16	9	491	500	0	500	500	500	0	0	0	
2.6949462989e+02	401	9	448	10	4	496	500	0	500	500	500	0	0	0	
2.6999698926e+02	401	8	447	13	4	496	500	0	500	500	500	0	0	0	
2.7049408955e+02	399	12	447	13	9	491	500	0	500	500	500	0	0	0	
2.7099686764e+02	397	13	447	12	10	490	500	0	500	500	500	0	0	0	
2.7148582085e+02	403	10	449	13	4	496	500	0	500	500	500	0	0	0	
2.7199411929e+02	402	10	447	13	6	494	500	0	500	500	500	0	0	0	
2.7248949743e+02	401	11	456	11	9	491	500	0	500	500	500	0	0	0	
2.7299199752e+02	399	13	454	13	4	496	500	0	500	500	500	0	0	0	
2.7349321367e+02	401	13	460	8	5	495	500	0	500	500	500	0	0	0	
2.7399802679e+02	400	14	456	11	6	494	500	0	500	500	500	0	0	0	
2.7449662594e+02	403	13	464	6	5	495	500	0	500	500	500	0	0	0	
2.7499063960e+02	404	14	463	8	8	492	500	0	500	500	500	0	0	0	
2.7549962790e+02	402	15	455	14	6	494	500	0	500	500	500	0	0	0	
2.7599818121e+02	402	16	450	23	6	494	500	0	500	500	500	0	0	0	
2.7649359627e+02	405	13	453	21	9	491	500	0	500	500	500	0	0	0	
2.7698686461e+02	406	14	458	17	10	490	500	0	500	500	500	0	0	0	
2.7748953402e+02	411	9	458	14	4	496	500	0	500	500	500	0	0	0	
2.7799540873e+02	409	11	464	11	6	494	500	0	500	500	500	0	0	0	
2.7849007478e+02	410	10	463	10	2	498	500	0	500	500	500	0	0	0	
2.7899851681e+02	409	11	464	9	6	494	500	0	500	500	500	0	0	0	
2.7949306040e+02	407	14	464	9	10	490	500	0	500	500	500	0	0	0	
2.7998707776e+02	413	11	464	8	3	497	500	0	500	500	500	0	0	0	
2.8049796472e+02	414	10	466	8	3	497	500	0	500	500	500	0	0	0	
2.8099233161e+02	414	8	469	6	6	494	500	0	500	500	500	0	0	0	
2.8149609878e+02	419	5	472	5	4	496	500	0	500	500	500	0	0	0	
2.8198973835e+02	418	9	466	8	6	494	500	0	500	500	500	0	0	0	
2.8247055454e+02	417	11	465	10	4	496	500	0	500	500	500	0	0	0	
2.8299296280e+02	415	12	462	13	2	498	500	0	500	500	500	0	0	0	
2.8348789230e+02	421	6	460	16	5	495	500	0	500	500	500	0	0	0	
2.8399492069e+02	422	5	463	13	3	497	500	0	500	500	500	0	0	0	
2.8449348278e+02	424	4	473	3	1	499	500	0	500	500	500	0	0	0	
2.8495885517e+02	424	6	466	10	6	494	500	0	500	500	500	0	0	0	
2.8549634628e+02	425	6	469	6	5	495	500	0	500	500	500	0	0	0	
2.8599853335e+02	425	8	461	11	3	497	500	0	500	500	500	0	0	0	
2.8647581854e+02	425	8	461	11	5	495	500	0	500	500	500	0	0	0	
2.8698563371e+02	428	5	462	8	8	492	500	0	500	500	500	0	0	0	
2.8747780908e+02	428	8	466	3	1	499	500	0	500	500	500	0	0	0	
2.8799349246e+02	427	9	459	8	8	492	500	0	500	500	500	0	0	0	
2.8849864406e+02	427	13	451	15	8	492	500	0	500	500	500	0	0	0	
2.8899662314e+02	431	11	455	8	6	494	500	0	500	500	500	0	0	0	
2.8948355087e+02	435	7	457	7	4	496	500	0	500	500	500	0	0	0	
2.8999575787e+02	437	6	453	10	4	496	500	0	500	500	500	0	0	0	
2.9049417394e+02	437	8	455	8	2	498	500	0	500	500	500	0	0	0	
2.9099153520e+02	437	8	456	7	5	495	500	0	500	500	500	0	0	0	
2.9149254068e+02	435	9	454	6	6	494	500	0	500	500	500	0	0	0	
2.9199299567e+02	433	11	453	9	4	496	500	0	500	500	500	0	0	0	
2.9249714791e+02	437	7	453	10	6	494	500	0	500	500	500	0	0	0	
2.9299811671e+02	440	5	460	4	2	498	500	0	500	500	500	0	0	0	
2.9348026654e+02	439	6	459	4	2	498	500	0	500	500	500	0	0	0	
2.9397922596e+02	439	5	458	5	1	499	500	0	500	500	500	0	0	0	
2.9449574518e+02	439	6	460	4	3	497	500	0	500	500	500	0	0	0	
2.9499848506e+02	440	6	459	7	11	489	500	0	500	500	500	0	0	0	
2.9547265422e+02	441	4	459	6	2	498	500	0	500	500	500	0	0	0	
2.9599048213e+02	441	4	465	3	0	500	500	0	500	500	500	0	0	0	
2.9649643347e+02	441	3	466	2	7	493	500	0	500	500	500	0	0	0	
2.9699605128e+02	441	5	464	5	6	494	500	0	500	500	500	0	0	0	
2.9749890597e+02	443	3	466	2	2	498	500	0	500	500	500	0	0	0	
2.9799898841e+02	442	4	462	4	1	499	500	0	500	500	500	0	0	0	
2.9847274140e+02	442	5	461	5	0	500	500	0	500	500	500	0	0	0	
2.9898743675e+02	445	8	459	7	7	493	500	0	500	500	500	0	0	0	
2.9949024582e+02	446	7	453	14	10	490	500	0	500	500	500	0	0	0	
2.9999370936e+02	444	8	460	10	7	493	500	0	500	500	500	0	0	0	
3.0046230574e+02	448	5	461	9	5	495	500	0	500	500	500	0	0	0	
3.0098383096e+02	449	6	459	8	3	497	500	0	500	500	500	0	0	0	
3.0148291917e+02	447	8	455	10	1	499	500	0	500	500	500	0	0	0	
3.0199783204e+02	447	9	461	8	6	494	500	0	500	500	500	0	0	0	
3.0248821315e+02	448	10	462	9	3	497	500	0	500	500	500	0	0	0	
3.0299779960e+02	450	8	455	17	4	496	500	0	500	500	500	0	0	0	
3.0349118614e+02	451	8	463	10	5	495	500	0	500	500	500	0	0	0	
3.0399059220e+02	453	6	459	13	1	499	500	0	500	500	500	0	0	0	
3.0449620695e+02	452	9	463	8	4	496	500	0	500	500	500	0	0	0	
3.0499174820e+02	453	7	457	12	3	497	500	0	500	500	500	0	0	0	
3.0549589667e+02	452	10	456	14	5	495	500	0	500	500	500	0	0	0	
3.0599879928e+02	451	10	461	8	4	496	500	0	500	500	500	0	0	0	
3.0647569571e+02	453	9	466	7	3	497	500	0	500	500	500	0	0	0	
3.0699825623e+02	449	10	469	6	3	497	500	0	500	500	500	0	0	0	
3.0749400758e+02	450	6	473	5	4	496	500	0	500	500	500	0	0	0	
3.0799514687e+02	449	8	471	9	5	495	500	0	500	500	500	0	0	0	
3.0847718805e+02	451	6	476	7	8	492	500	0	500	500	500	0	0	0	
3.0898476920e+02	453	5	478	5	4	496	500	0	500	500	500	0	0	0	
3.0949602030e+02	453	5	480	4	2	498	500	0	500	500	500	0	0	0	
3.0999968872e+02	454	4	479	8	6	494	500	0	500	500	500	0	0	0	
3.1047398758e+02	454	5	478	7	3	497	500	0	500	500	500	0	0	0	
3.1099654069e+02	456	6	481	5	5	495	500	0	500	500	500	0	0	0	
3.1146855104e+02	456	7	475	7	3	497	500	0	500	500	500	0	0	0	
3.1198193665e+02	455	8	477	7	0	500	500	0	500	500	500	0	0	0	
3.1249404445e+02	456	8	469	12	3	497	500	0	500	500	500	0	0	0	
3.1298633910e+02	453	12	475	10	7	493	500	0	500	500	500	0	0	0	
3.1349712052e+02	453	12	470	14	9	491	500	0	500	500	500	0	0	0	
3.1398400524e+02	452	13	474	7	12	488	500	0	500	500	500	0	0	0	
3.1446382057e+02	455	13	475	6	6	494	500	0	500	500	500	0	0	0	
3.1498969352e+02	455	13	464	15	7	493	500	0	500	500	500	0	0	0	
3.1548355849e+02	455	13	462	17	4	496	500	0	500	500	500	0	0	0	
3.1598466806e+02	455	14	466	9	5	495	500	0	500	500	500	0	0	0	
3.1649732823e+02	456	12	461	12	12	488	500	0	500	500	500	0	0	0	
3.1699743490e+02	459	10	463	10	1	499	500	0	500	500	500	0	0	0	
3.1749667584e+02	460	9	467	9	7	493	500	0	500	500	500	0	0	0	
3.1799900691e+02	459	9	466	8	4	496	500	0	500	500	500	0	0	0	
3.1849729491e+02	456	13	465	8	9	491	500	0	500	500	500	0	0	0	
3.1898295776e+02	458	12	452	17	9	491	500	0	500	500	500	0	0	0	
3.1948382822e+02	460	12	454	18	4	496	500	0	500	500	500	0	0	0	
3.1999791737e+02	462	11	464	11	7	493	500	0	500	500	500	0	0	0	
3.2049364615e+02	464	11	468	7	4	496	500	0	500	500	500	0	0	0	
3.2098164265e+02	465	10	472	4	3	497	500	0	500	500	500	0	0	0	
3.2147694457e+02	466	10	465	13	4	496	500	0	500	500	500	0	0	0	
3.2199881393e+02	464	15	467	11	2	498	500	0	500	500	500	0	0	0	
3.2248755227e+02	466	14	461	17	5	495	500	0	500	500	500	0	0	0	
3.2299705867e+02	471	12	468	11	8	492	500	0	500	500	500	0	0	0	
3.2349824459e+02	475	11	466	13	6	494	500	0	500	500	500	0	0	0	
3.2397979812e+02	477	9	471	9	10	490	500	0	500	500	500	0	0	0	
3.2448720101e+02	478	10	469	10	4	496	500	0	500	500	500	0	0	0	
3.2498404000e+02	480	8	475	5	11	489	500	0	500	500	500	0	0	0	
3.2549140406e+02	479	11	466	11	2	498	500	0	500	500	500	0	0	0	
3.2598879143e+02	480	11	471	8	6	494	500	0	500	500	500	0	0	0	
3.2649171368e+02	480	11	469	8	10	490	500	0	500	500	500	0	0	0	
3.2699933235e+02	482	11	470	8	4	496	500	0	500	500	500	0	0	0	
3.2748832690e+02	485	10	471	5	5	495	500	0	500	500	500	0	0	0	
3.2799874716e+02	482	14	468	8	8	492	500	0	500	500	500	0	0	0	
3.2848726153e+02	484	12	460	16	4	496	500	0	500	500	500	0	0	0	
3.2899659596e+02	482	15	454	17	5	495	500	0	500	500	500	0	0	0	
3.2948284167e+02	484	13	459	15	6	494	500	0	500	500	500	0	0	0	
3.2999552375e+02	485	11	460	14	7	493	500	0	500	500	500	0	0	0	
3.3049802982e+02	486	11	458	11	4	496	500	0	500	500	500	0	0	0	
3.3098498111e+02	488	10	458	9	5	495	500	0	500	500	500	0	0	0	
3.3147490438e+02	490	9	456	14	5	495	500	0	500	500	500	0	0	0	
3.3199156625e+02	489	9	458	12	9	491	500	0	500	500	500	0	0	0	
3.3249168540e+02	493	8	457	14	8	492	500	0	500	500	500	0	0	0	
3.3299996650e+02	486	14	459	13	5	495	500	0	500	500	500	0	0	0	
3.3349827083e+02	487	13	460	8	14	486	500	0	500	500	500	0	0	0	
3.3399379455e+02	485	14	463	6	7	493	500	0	500	500	500	0	0	0	
3.3449948931e+02	488	12	460	5	8	492	500	0	500	500	500	0	0	0	
3.3498855357e+02	492	9	461	4	8	492	500	0	500	500	500	0	0	0	
3.3549892593e+02	492	12	462	1	6	494	500	0	500	500	500	0	0	0	
3.3599662587e+02	493	10	455	9	6	494	500	0	500	500	500	0	0	0	
3.3649800070e+02	495	8	457	5	12	488	500	0	500	500	500	0	0	0	
3.3699685947e+02	497	6	452	6	5	495	500	0	500	500	500	0	0	0	
3.3749917141e+02	496	9	454	4	10	490	500	0	500	500	500	0	0	0	
3.3799619104e+02	496	12	447	10	11	489	500	0	500	500	500	0	0	0	
3.3849560867e+02	497	12	447	12	5	495	500	0	500	500	500	0	0	0	
3.3896331814e+02	500	11	451	10	2	498	500	0	500	500	500	0	0	0	
3.3949914424e+02	501	11	451	12	2	498	500	0	500	500	500	0	0	0	
3.3999144640e+02	504	9	455	12	6	494	500	0	500	500	500	0	0	0	
3.4048782804e+02	505	8	453	11	4	496	500	0	500	500	500	0	0	0	
3.4099492942e+02	507	8	449	11	6	494	500	0	500	500	500	0	0	0	
3.4149719486e+02	508	8	458	4	3	497	500	0	500	500	500	0	0	0	
3.4199838046e+02	508	7	451	7	11	489	500	0	500	500	500	0	0	0	
3.4246696594e+02	510	6	445	12	2	498	500	0	500	500	500	0	0	0	
3.4296548421e+02	509	8	450	6	5	495	500	0	500	500	500	0	0	0	
3.4349582700e+02	511	4	445	11	10	490	500	0	500	500	500	0	0	0	
3.4399403906e+02	509	8	445	8	4	496	500	0	500	500	500	0	0	0	
3.4449125792e+02	512	4	441	12	4	496	500	0	500	500	500	0	0	0	
3.4499266716e+02	509	8	438	14	9	491	500	0	500	500	500	0	0	0	
3.4549649985e+02	509	8	436	11	8	492	500	0	500	500	500	0	0	0	
3.4597122208e+02	512	6	442	4	3	497	500	0	500	500	500	0	0	0	
3.4646327587e+02	511	9	438	11	3	497	500	0	500	500	500	0	0	0	
3.4698751081e+02	517	4	439	9	3	497	500	0	500	500	500	0	0	0	
3.4749467266e+02	518	3	444	5	3	497	500	0	500	500	500	0	0	0	
3.4798949995e+02	516	4	444	5	3	497	500	0	500	500	500	0	0	0	
3.4846513164e+02	519	3	444	5	4	496	500	0	500	500	500	0	0	0	
3.4897016428e+02	519	2	447	4	3	497	500	0	500	500	500	0	0	0	
3.4946932451e+02	517	4	447	5	5	495	500	0	500	500	500	0	0	0	
3.4999267145e+02	519	2	447	6	5	495	500	0	500	500	500	0	0	0	
3.5048852218e+02	520	2	448	6	2	498	500	0	500	500	500	0	0	0	
3.5098428811e+02	520	3	451	5	3	497	500	0	500	500	500	0	0	0	
3.5148673127e+02	519	4	452	3	2	498	500	0	500	500	500	0	0	0	
3.5198063897e+02	519	6	446	8	3	497	500	0	500	500	500	0	0	0	
3.5249974323e+02	519	7	448	3	4	496	500	0	500	500	500	0	0	0	
3.5298742338e+02	518	7	440	9	6	494	500	0	500	500	500	0	0	0	
3.5348838812e+02	520	7	439	11	1	499	500	0	500	500	500	0	0	0	
3.5399955468e+02	520	8	445	6	2	498	500	0	500	500	500	0	0	0	
3.5448246343e+02	520	13	446	5	6	494	500	0	500	500	500	0	0	0	
3.5499659627e+02	524	11	445	7	7	493	500	0	500	500	500	0	0	0	
3.5548979518e+02	528	7	446	4	8	492	500	0	500	500	500	0	0	0	
3.5599948320e+02	527	8	439	9	6	494	500	0	500	500	500	0	0	0	
3.5649989017e+02	529	7	437	11	8	492	500	0	500	500	500	0	0	0	
3.5698437057e+02	526	10	438	8	8	492	500	0	500	500	500	0	0	0	
3.5749415057e+02	527	8	433	11	4	496	500	0	500	500	500	0	0	0	
3.5798806964e+02	525	8	440	5	5	495	500	0	500	500	500	0	0	0	
3.5849203048e+02	523	13	429	14	12	488	500	0	500	500	500	0	0	0	
3.5899911457e+02	521	15	423	21	8	492	500	0	500	500	500	0	0	0	
3.5949604218e+02	522	14	419	21	9	491	500	0	500	500	500	0	0	0	
3.5999607886e+02	520	17	426	17	9	491	500	0	500	500	500	0	0	0	
3.6049629629e+02	521	17	415	26	7	493	500	0	500	500	500	0	0	0	
3.6099988196e+02	520	18	418	21	11	489	500	0	500	500	500	0	0	0	
3.6149004310e+02	521	17	421	17	5	495	500	0	500	500	500	0	0	0	
3.6198975738e+02	524	15	427	13	4	496	500	0	500	500	500	0	0	0	
3.6248805457e+02	527	13	425	13	3	497	500	0	500	500	500	0	0	0	
3.6299355623e+02	526	14	417	19	5	495	500	0	500	500	500	0	0	0	
3.6349799560e+02	525	17	424	13	8	492	500	0	500	500	500	0	0	0	
3.6398190226e+02	523	19	427	11	11	489	500	0	500	500	500	0	0	0	
3.6449993758e+02	524	18	428	12	13	487	500	0	500	500	500	0	0	0	
3.6499901089e+02	528	17	422	18	7	493	500	0	500	500	500	0	0	0	
3.6549036220e+02	527	19	424	16	9	491	500	0	500	500	500	0	0	0	
3.6599966209e+02	525	21	422	21	8	492	500	0	500	500	500	0	0	0	
3.6649797609e+02	532	15	417	26	11	489	500	0	500	500	500	0	0	0	
3.6699633384e+02	531	18	411	30	6	494	500	0	500	500	500	0	0	0	
3.6749735592e+02	534	17	425	16	6	494	500	0	500	500	500	0	0	0	
3.6799550259e+02	534	16	424	17	6	494	500	0	500	500	500	0	0	0	
3.6848693801e+02	537	14	424	19	8	492	500	0	500	500	500	0	0	0	
3.6899883397e+02	536	17	431	13	8	492	500	0	500	500	500	0	0	0	
3.6947023516e+02	539	15	437	9	12	488	500	0	500	500	500	0	0	0	
3.6999793961e+02	540	14	427	18	7	493	500	0	500	500	500	0	0	0	
3.7049630587e+02	543	14	434	12	9	491	500	0	500	500	500	0	0	0	
3.7099451806e+02	544	16	438	8	11	489	500	0	500	500	500	0	0	0	
3.7149984574e+02	543	15	431	14	11	489	500	0	500	500	500	0	0	0	
3.7196067240e+02	544	14	432	13	4	496	500	0	500	500	500	0	0	0	
3.7248825677e+02	544	14	430	13	4	496	500	0	500	500	500	0	0	0	
3.7299551203e+02	540	20	430	14	10	490	500	0	500	500	500	0	0	0	
3.7349736635e+02	543	19	425	17	11	489	500	0	500	500	500	0	0	0	
3.7399118897e+02	539	23	428	18	7	493	500	0	500	500	500	0	0	0	
3.7449767216e+02	551	12	432	16	8	492	500	0	500	500	500	0	0	0	
3.7499136543e+02	551	12	434	14	5	495	500	0	500	500	500	0	0	0	
3.7548975549e+02	551	13	429	19	3	497	500	0	500	500	500	0	0	0	
3.7596291149e+02	552	11	435	15	5	495	500	0	500	500	500	0	0	0	
3.7649019929e+02	557	7	434	13	7	493	500	0	500	500	500	0	0	0	
3.7698986478e+02	560	5	439	7	6	494	500	0	500	500	500	0	0	0	
3.7749523373e+02	562	3	438	8	4	496	500	0	500	500	500	0	0	0	
3.7799900402e+02	564	5	438	6	5	495	500	0	500	500	500	0	0	0	
3.7849736555e+02	564	6	435	8	5	495	500	0	500	500	500	0	0	0	
3.7898344888e+02	564	6	431	9	2	498	500	0	500	500	500	0	0	0	
3.7948816196e+02	565	7	432	5	4	496	500	0	500	500	500	0	0	0	
3.7999792664e+02	566	7	431	7	4	496	500	0	500	500	500	0	0	0	
3.8049543780e+02	566	9	433	4	5	495	500	0	500	500	500	0	0	0	
3.8099594787e+02	567	7	431	6	6	494	500	0	500	500	500	0	0	0	
3.8149699544e+02	570	4	431	7	5	495	500	0	500	500	500	0	0	0	
3.8197150590e+02	569	5	438	3	1	499	500	0	500	500	500	0	0	0	
3.8248889664e+02	569	5	435	7	4	496	500	0	500	500	500	0	0	0	
3.8299985541e+02	569	7	434	9	11	489	500	0	500	500	500	0	0	0	
3.8349972779e+02	568	9	431	13	8	492	500	0	500	500	500	0	0	0	
3.8399608830e+02	569	10	433	10	6	494	500	0	500	500	500	0	0	0	
3.8448571379e+02	571	9	431	10	11	489	500	0	500	500	500	0	0	0	
3.8498179542e+02	571	12	431	11	9	491	500	0	500	500	500	0	0	0	
3.8549478069e+02	573	8	427	16	15	485	500	0	500	500	500	0	0	0	
3.8599552624e+02	572	10	426	17	8	492	500	0	500	500	500	0	0	0	
3.8649199455e+02	571	14	420	24	11	489	500	0	500	500	500	0	0	0	
3.8699457203e+02	570	16	421	21	7	493	500	0	500	500	500	0	0	0	
3.8749436656e+02	569	16	429	13	3	497	500	0	500	500	500	0	0	0	
3.8799818074e+02	571	13	430	14	5	495	500	0	500	500	500	0	0	0	
3.8847624431e+02	573	12	424	19	6	494	500	0	500	500	500	0	0	0	
3.8899671596e+02	571	15	421	19	8	492	500	0	500	500	500	0	0	0	
3.8949445692e+02	571	16	416	24	6	494	500	0	500	500	500	0	0	0	
3.8999512027e+02	571	16	412	27	6	494	500	0	500	500	500	0	0	0	
3.9049988572e+02	571	17	413	25	13	487	500	0	500	500	500	0	0	0	
3.9099537704e+02	573	16	422	18	15	485	500	0	500	500	500	0	0	0	
3.9148549885e+02	574	17	415	24	13	487	500	0	500	500	500	0	0	0	
3.9199714028e+02	575	16	414	24	6	494	500	0	500	500	500	0	0	0	
3.9248970428e+02	573	18	423	16	12	488	500	0	500	500	500	0	0	0	
3.9298599532e+02	572	19	426	16	15	485	500	0	500	500	500	0	0	0	
3.9349231602e+02	579	12	426	14	15	485	500	0	500	500	500	0	0	0	
3.9399749197e+02	582	8	426	14	8	492	500	0	500	500	500	0	0	0	
3.9449458091e+02	582	7	434	12	8	492	500	0	500	500	500	0	0	0	
3.9499912370e+02	582	7	436	10	6	494	500	0	500	500	500	0	0	0	
3.9547467093e+02	582	8	441	5	6	494	500	0	500	500	500	0	0	0	
3.9599620337e+02	582	9	438	7	7	493	500	0	500	500	500	0	0	0	
3.9647353214e+02	583	8	446	2	7	493	500	0	500	500	500	0	0	0	
3.9699337187e+02	585	7	442	7	3	497	500	0	500	500	500	0	0	0	
3.9749624197e+02	588	4	444	4	6	494	500	0	500	500	500	0	0	0	
3.9799817382e+02	587	8	436	13	5	495	500	0	500	500	500	0	0	0	
3.9849992337e+02	582	13	427	20	8	492	500	0	500	500	500	0	0	0	
3.9898998898e+02	585	10	432	17	6	494	500	0	500	500	500	0	0	0	
3.9949419414e+02	583	14	435	15	4	496	500	0	500	500	500	0	0	0	
3.9999771128e+02	585	14	435	15	9	491	500	0	500	500	500	0	0	0	
4.0048884999e+02	586	14	438	11	10	490	500	0	500	500	500	0	0	0	
4.0099690807e+02	586	16	442	7	8	492	500	0	500	500	500	0	0	0	
4.0149248696e+02	587	15	438	9	14	486	500	0	500	500	500	0	0	0	
4.0199866779e+02	586	16	428	21	11	489	500	0	500	500	500	0	0	0	
4.0248883770e+02	587	16	429	18	11	489	500	0	500	500	500	0	0	0	
4.0299797214e+02	587	16	425	21	10	490	500	0	500	500	500	0	0	0	
4.0349547459e+02	585	18	423	22	11	489	500	0	500	500	500	0	0	0	
4.0399964533e+02	586	16	421	25	9	491	500	0	500	500	500	0	0	0	
4.0449886449e+02	587	14	428	17	8	492	500	0	500	500	500	0	0	0	
4.0499977014e+02	585	18	428	20	10	490	500	0	500	500	500	0	0	0	
4.0549897195e+02	584	21	428	18	15	485	500	0	500	500	500	0	0	0	
4.0599270235e+02	587	17	432	11	10	490	500	0	500	500	500	0	0	0	
4.0649722689e+02	585	20	427	17	8	492	500	0	500	500	500	0	0	0	
4.0699837224e+02	586	18	422	20	18	482	500	0	500	500	500	0	0	0	
4.0749929028e+02	585	21	431	13	7	493	500	0	500	500	500	0	0	0	
4.0799836756e+02	589	16	431	12	2	498	500	0	500	500	500	0	0	0	
4.0849922172e+02	591	15	433	11	6	494	500	0	500	500	500	0	0	0	
4.0899396583e+02	592	17	433	8	14	486	500	0	500	500	500	0	0	0	
4.0948241416e+02	592	18	425	12	14	486	500	0	500	500	500	0	0	0	
4.0999946779e+02	590	20	424	14	18	482	500	0	500	500	500	0	0	0	
4.1049350790e+02	595	15	427	10	13	487	500	0	500	500	500	0	0	0	
4.1098810603e+02	597	12	414	20	7	493	500	0	500	500	500	0	0	0	
4.1149892534e+02	595	15	420	14	9	491	500	0	500	500	500	0	0	0	
4.1197925797e+02	594	16	424	11	9	491	500	0	500	500	500	0	0	0	
4.1249995251e+02	595	14	420	17	8	492	500	0	500	500	500	0	0	0	
4.1299890734e+02	595	14	422	20	13	487	500	0	500	500	500	0	0	0	
4.1346394340e+02	601	8	423	17	9	491	500	0	500	500	500	0	0	0	
4.1399064567e+02	598	10	419	18	6	494	500	0	500	500	500	0	0	0	
4.1448864651e+02	601	8	426	12	4	496	500	0	500	500	500	0	0	0	
4.1499071523e+02	599	12	429	9	8	492	500	0	500	500	500	0	0	0	
4.1549474821e+02	600	12	427	16	4	496	500	0	500	500	500	0	0	0	
4.1599117015e+02	601	12	436	11	3	497	500	0	500	500	500	0	0	0	
4.1649103799e+02	599	14	429	19	7	493	500	0	500	500	500	0	0	0	
4.1699467793e+02	602	14	429	19	6	494	500	0	500	500	500	0	0	0	
4.1749526128e+02	604	13	433	13	6	494	500	0	500	500	500	0	0	0	
4.1799805411e+02	604	13	435	14	13	487	500	0	500	500	500	0	0	0	
4.1849038134e+02	605	12	433	14	8	492	500	0	500	500	500	0	0	0	
4.1899863503e+02	604	13	431	17	3	497	500	0	500	500	500	0	0	0	
4.1949933771e+02	604	15	438	11	6	494	500	0	500	500	500	0	0	0	
4.1999607440e+02	607	13	436	14	15	485	500	0	500	500	500	0	0	0	
4.2049793454e+02	608	13	434	16	8	492	500	0	500	500	500	0	0	0	
4.2099942006e+02	609	12	431	16	12	488	500	0	500	500	500	0	0	0	
4.2149574830e+02	613	10	432	13	4	496	500	0	500	500	500	0	0	0	
4.2199529856e+02	613	12	434	12	6	494	500	0	500	500	500	0	0	0	
4.2249600680e+02	610	16	436	10	5	495	500	0	500	500	500	0	0	0	
4.2299176172e+02	610	17	432	15	5	495	500	0	500	500	500	0	0	0	
4.2349775322e+02	614	14	421	25	4	496	500	0	500	500	500	0	0	0	
4.2399949257e+02	615	14	427	18	4	496	500	0	500	500	500	0	0	0	
4.2449576915e+02	611	19	430	17	16	484	500	0	500	500	500	0	0	0	
4.2499784858e+02	613	17	418	29	8	492	500	0	500	500	500	0	0	0	
4.2549216966e+02	614	17	412	33	10	490	500	0	500	500	500	0	0	0	
4.2599847913e+02	615	17	424	27	12	488	500	0	500	500	500	0	0	0	
4.2649857136e+02	616	16	425	25	13	487	500	0	500	500	500	0	0	0	
4.2699438860e+02	619	12	444	9	15	485	500	0	500	500	500	0	0	0	
4.2748765102e+02	622	9	445	9	7	493	500	0	500	500	500	0	0	0	
4.2799255266e+02	623	9	450	6	6	494	500	0	500	500	500	0	0	0	
4.2849702033e+02	622	12	446	8	4	496	500	0	500	500	500	0	0	0	
4.2899618211e+02	623	11	439	17	7	493	500	0	500	500	500	0	0	0	
4.2949884919e+02	619	15	436	19	7	493	500	0	500	500	500	0	0	0	
4.2999217863e+02	619	16	433	19	14	486	500	0	500	500	500	0	0	0	
4.3049212885e+02	625	12	436	17	15	485	500	0	500	500	500	0	0	0	
4.3097385463e+02	622	15	437	12	16	484	500	0	500	500	500	0	0	0	
4.3149813541e+02	621	15	439	14	7	493	500	0	500	500	500	0	0	0	
4.3197513330e+02	623	16	434	20	3	497	500	0	500	500	500	0	0	0	
4.3249470253e+02	623	15	425	25	6	494	500	0	500	500	500	0	0	0	
4.3299817175e+02	624	13	432	16	10	490	500	0	500	500	500	0	0	0	
4.3348655351e+02	624	13	439	12	7	493	500	0	500	500	500	0	0	0	
4.3399947946e+02	625	13	431	20	11	489	500	0	500	500	500	0	0	0	
4.3449814019e+02	629	9	436	11	9	491	500	0	500	500	500	0	0	0	
4.3497772774e+02	630	8	435	13	6	494	500	0	500	500	500	0	0	0	
4.3549319303e+02	630	7	441	8	15	485	500	0	500	500	500	0	0	0	
4.3598550600e+02	632	7	440	10	5	495	500	0	500	500	500	0	0	0	
4.3649762434e+02	633	6	444	9	7	493	500	0	500	500	500	0	0	0	
4.3699832958e+02	635	4	450	3	7	493	500	0	500	500	500	0	0	0	
4.3749395224e+02	633	5	449	5	2	498	500	0	500	500	500	0	0	0	
4.3799684897e+02	631	9	446	6	6	494	500	0	500	500	500	0	0	0	
4.3849977718e+02	631	11	441	12	14	486	500	0	500	500	500	0	0	0	
4.3898198004e+02	633	10	441	15	11	489	500	0	500	500	500	0	0	0	
4.3949605923e+02	635	8	439	15	5	495	500	0	500	500	500	0	0	0	
4.3999443183e+02	638	6	443	11	6	494	500	0	500	500	500	0	0	0	
4.4048740436e+02	638	4	444	10	6	494	500	0	500	500	500	0	0	0	
4.4099615814e+02	638	5	448	5	4	496	500	0	500	500	500	0	0	0	
4.4149511668e+02	638	5	442	10	6	494	500	0	500	500	500	0	0	0	
4.4199658836e+02	636	8	444	8	7	493	500	0	500	500	500	0	0	0	
4.4249501399e+02	637	9	437	13	9	491	500	0	500	500	500	0	0	0	
4.4298712980e+02	642	5	445	9	10	490	500	0	500	500	500	0	0	0	
4.4349282709e+02	640	7	449	5	8	492	500	0	500	500	500	0	0	0	
4.4399183494e+02	638	8	445	10	4	496	500	0	500	500	500	0	0	0	
4.4448870844e+02	637	10	446	9	7	493	500	0	500	500	500	0	0	0	
4.4499800582e+02	635	10	446	9	10	490	500	0	500	500	500	0	0	0	
4.4548384252e+02	635	9	441	13	4	496	500	0	500	500	500	0	0	0	
4.4599931461e+02	635	9	431	17	7	493	500	0	500	500	500	0	0	0	
4.4649584400e+02	638	7	436	11	7	493	500	0	500	500	500	0	0	0	
4.4699289560e+02	637	9	435	12	8	492	500	0	500	500	500	0	0	0	
4.4749996833e+02	637	7	434	15	7	493	500	0	500	500	500	0	0	0	
4.4799168207e+02	636	8	434	16	6	494	500	0	500	500	500	0	0	0	
4.4849776619e+02	632	15	432	17	6	494	500	0	500	500	500	0	0	0	
4.4899567586e+02	634	14	430	19	10	490	500	0	500	500	500	0	0	0	
4.4949771598e+02	637	11	436	17	5	495	500	0	500	500	500	0	0	0	
4.4999480771e+02	636	11	440	14	3	497	500	0	500	500	500	0	0	0	
4.5049451710e+02	638	11	443	12	3	497	500	0	500	500	500	0	0	0	
4.5098684920e+02	638	12	443	13	7	493	500	0	500	500	500	0	0	0	
4.5149409380e+02	639	12	449	10	8	492	500	0	500	500	500	0	0	0	
4.5199715882e+02	642	11	448	11	5	495	500	0	500	500	500	0	0	0	
4.5249718772e+02	641	14	454	6	8	492	500	0	500	500	500	0	0	0	
4.5298675077e+02	642	14	446	10	11	489	500	0	500	500	500	0	0	0	
4.5349192103e+02	643	13	452	8	7	493	500	0	500	500	500	0	0	0	
4.5398677620e+02	646	10	439	21	7	493	500	0	500	500	500	0	0	0	
4.5446941548e+02	649	8	443	16	7	493	500	0	500	500	500	0	0	0	
4.5499318891e+02	648	9	447	13	8	492	500	0	500	500	500	0	0	0	
4.5549721339e+02	648	8	456	6	7	493	500	0	500	500	500	0	0	0	
4.5598521425e+02	650	7	446	14	7	493	500	0	500	500	500	0	0	0	
4.5649094640e+02	651	7	451	10	8	492	500	0	500	500	500	0	0	0	
4.5699551246e+02	649	7	449	11	4	496	500	0	500	500	500	0	0	0	
4.5749228170e+02	649	8	446	14	10	490	500	0	500	500	500	0	0	0	
4.5797841006e+02	652	5	448	12	4	496	500	0	500	500	500	0	0	0	
4.5849791827e+02	650	8	450	13	1	499	500	0	500	500	500	0	0	0	
4.5899639346e+02	649	9	451	12	8	492	500	0	500	500	500	0	0	0	
4.5949971238e+02	646	10	457	10	1	499	500	0	500	500	500	0	0	0	
4.5999883514e+02	648	9	462	7	4	496	500	0	500	500	500	0	0	0	
4.6048386040e+02	652	5	458	8	6	494	500	0	500	500	500	0	0	0	
4.6098864791e+02	647	8	464	4	4	496	500	0	500	500	500	0	0	0	
4.6147285299e+02	648	6	468	2	7	493	500	0	500	500	500	0	0	0	
4.6199325226e+02	649	4	467	4	2	498	500	0	500	500	500	0	0	0	
4.6249552827e+02	644	6	468	5	5	495	500	0	500	500	500	0	0	0	
4.6299977979e+02	647	6	467	5	7	493	500	0	500	500	500	0	0	0	
4.6349717189e+02	646	6	461	11	8	492	500	0	500	500	500	0	0	0	
4.6399642021e+02	645	9	462	9	14	486	500	0	500	500	500	0	0	0	
4.6449747033e+02	647	8	463	10	11	489	500	0	500	500	500	0	0	0	
4.6499413332e+02	647	8	463	9	3	497	500	0	500	500	500	0	0	0	
4.6549330326e+02	648	7	463	11	9	491	500	0	500	500	500	0	0	0	
4.6599986733e+02	649	6	463	7	4	496	500	0	500	500	500	0	0	0	
4.6649023200e+02	653	3	470	2	7	493	500	0	500	500	500	0	0	0	
4.6699933696e+02	653	3	463	11	8	492	500	0	500	500	500	0	0	0	
4.6749907838e+02	651	6	467	9	7	493	500	0	500	500	500	0	0	0	
4.6798361913e+02	649	9	466	8	7	493	500	0	500	500	500	0	0	0	
4.6846751963e+02	645	10	465	10	3	497	500	0	500	500	500	0	0	0	
4.6899615658e+02	645	12	464	11	4	496	500	0	500	500	500	0	0	0	
4.6949828927e+02	642	12	464	13	6	494	500	0	500	500	500	0	0	0	
4.6999483615e+02	644	12	463	15	6	494	500	0	500	500	500	0	0	0	
4.7048613575e+02	644	10	464	12	1	499	500	0	500	500	500	0	0	0	
4.7097853079e+02	647	8	463	12	5	495	500	0	500	500	500	0	0	0	
4.7149182427e+02	646	8	462	9	6	494	500	0	500	500	500	0	0	0	
4.7197649801e+02	643	9	463	11	7	493	500	0	500	500	500	0	0	0	
4.7248893937e+02	645	8	465	9	5	495	500	0	500	500	500	0	0	0	
4.7299632175e+02	643	7	465	10	4	496	500	0	500	500	500	0	0	0	
4.7349512643e+02	643	7	457	15	1	499	500	0	500	500	500	0	0	0	
4.7398941519e+02	642	7	457	12	4	496	500	0	500	500	500	0	0	0	
4.7449348805e+02	639	8	453	20	6	494	500	0	500	500	500	0	0	0	
4.7499974360e+02	639	11	456	16	12	488	500	0	500	500	500	0	0	0	
4.7548523486e+02	639	14	460	14	5	495	500	0	500	500	500	0	0	0	
4.7599627884e+02	636	17	447	25	8	492	500	0	500	500	500	0	0	0	
4.7648776791e+02	634	20	455	19	5	495	500	0	500	500	500	0	0	0	
4.7699814231e+02	635	19	451	24	5	495	500	0	500	500	500	0	0	0	
4.7749439700e+02	637	17	458	19	8	492	500	0	500	500	500	0	0	0	
4.7798847970e+02	640	13	466	12	4	496	500	0	500	500	500	0	0	0	
4.7849943386e+02	640	11	470	7	13	487	500	0	500	500	500	0	0	0	
4.7899712738e+02	637	15	466	10	5	495	500	0	500	500	500	0	0	0	
4.7949740266e+02	637	15	460	14	4	496	500	0	500	500	500	0	0	0	
4.7999883924e+02	638	16	458	15	12	488	500	0	500	500	500	0	0	0	
4.8049747975e+02	641	14	453	22	13	487	500	0	500	500	500	0	0	0	
4.8099781203e+02	644	10	462	13	11	489	500	0	500	500	500	0	0	0	
4.8149655892e+02	641	13	458	16	13	487	500	0	500	500	500	0	0	0	
4.8199976644e+02	636	19	461	14	14	486	500	0	500	500	500	0	0	0	
4.8249493301e+02	639	15	452	20	10	490	500	0	500	500	500	0	0	0	
4.8299660293e+02	641	13	462	13	10	490	500	0	500	500	500	0	0	0	
4.8349826010e+02	641	13	465	9	7	493	500	0	500	500	500	0	0	0	
4.8399141826e+02	642	11	462	14	9	491	500	0	500	500	500	0	0	0	
4.8446655962e+02	641	12	468	9	5	495	500	0	500	500	500	0	0	0	
4.8499121267e+02	640	11	469	8	6	494	500	0	500	500	500	0	0	0	
4.8549702300e+02	639	12	464	9	5	495	500	0	500	500	500	0	0	0	
4.8599733432e+02	640	9	466	4	7	493	500	0	500	500	500	0	0	0	
4.8649203363e+02	641	9	453	18	11	489	500	0	500	500	500	0	0	0	
4.8699671527e+02	640	11	454	16	5	495	500	0	500	500	500	0	0	0	
4.8749831870e+02	643	9	456	13	10	490	500	0	500	500	500	0	0	0	
4.8799790596e+02	638	15	452	17	9	491	500	0	500	500	500	0	0	0	
4.8849534752e+02	639	14	456	12	11	489	500	0	500	500	500	0	0	0	
4.8898791504e+02	642	13	451	16	8	492	500	0	500	500	500	0	0	0	
4.8949532423e+02	641	13	459	7	11	489	500	0	500	500	500	0	0	0	
4.8999647432e+02	642	10	457	10	7	493	500	0	500	500	500	0	0	0	
4.9049596998e+02	645	7	459	11	3	497	500	0	500	500	500	0	0	0	
4.9099985219e+02	645	7	464	8	8	492	500	0	500	500	500	0	0	0	
4.9147242716e+02	645	7	465	7	6	494	500	0	500	500	500	0	0	0	
4.9199715766e+02	646	7	467	7	7	493	500	0	500	500	500	0	0	0	
4.9249855348e+02	646	7	467	8	11	489	500	0	500	500	500	0	0	0	
4.9299848622e+02	646	7	457	18	4	496	500	0	500	500	500	0	0	0	
4.9348968834e+02	646	7	460	15	4	496	500	0	500	500	500	0	0	0	
4.9399613155e+02	644	9	472	5	6	494	500	0	500	500	500	0	0	0	
4.9449562723e+02	647	5	473	3	8	492	500	0	500	500	500	0	0	0	
4.9499203286e+02	648	6	468	8	5	495	500	0	500	500	500	0	0	0	
4.9549803298e+02	651	3	470	10	7	493	500	0	500	500	500	0	0	0	
4.9598902006e+02	652	2	472	9	2	498	500	0	500	500	500	0	0	0	
4.9649755107e+02	652	4	471	8	7	493	500	0	500	500	500	0	0	0	
4.9699601431e+02	649	6	472	8	8	492	500	0	500	500	500	0	0	0	
4.9748552155e+02	652	3	467	9	2	498	500	0	500	500	500	0	0	0	
4.9798559718e+02	652	7	469	6	5	495	500	0	500	500	500	0	0	0	
4.9849013715e+02	651	8	467	6	9	491	500	0	500	500	500	0	0	0	
4.9898767895e+02	651	8	462	11	8	492	500	0	500	500	500	0	0	0	
4.9949367860e+02	653	6	461	11	9	491	500	0	500	500	500	0	0	0	
4.9999710502e+02	650	9	462	13	5	495	500	0	500	500	500	0	0	0	
5.0000191927e+02	650	9	463	13	5	495	500	0	500	500	500	0	0	0	
